status file for recon-all
Thu Mar 12 05:37:11 CET 2026
#@# MotionCor Thu Mar 12 05:37:12 CET 2026
#@# Talairach Thu Mar 12 05:37:21 CET 2026
#@# Talairach Failure Detection Thu Mar 12 05:41:44 CET 2026
#@# Nu Intensity Correction Thu Mar 12 05:41:44 CET 2026
#@# Intensity Normalization Thu Mar 12 05:44:57 CET 2026
recon-all -s sub-v1s10x0051057_ses-1 finished without error at Thu Mar 12 05:46:21 CET 2026



#New# invocation of recon-all 



status file for recon-all
Thu Mar 12 05:53:09 CET 2026
#@# EM Registration Thu Mar 12 05:53:09 CET 2026
recon-all -s sub-v1s10x0051057_ses-1 finished without error at Thu Mar 12 05:54:31 CET 2026



#New# invocation of recon-all 



status file for recon-all
Thu Mar 12 05:54:33 CET 2026
#@# CA Normalize Thu Mar 12 05:54:33 CET 2026
#@# CA Reg Thu Mar 12 05:55:52 CET 2026
#@# SubCort Seg Thu Mar 12 06:38:40 CET 2026
#@# CC Seg Thu Mar 12 07:04:18 CET 2026
#@# Merge ASeg Thu Mar 12 07:04:59 CET 2026
#@# Intensity Normalization2 Thu Mar 12 07:04:59 CET 2026
#@# Mask BFS Thu Mar 12 07:07:08 CET 2026
#@# WM Segmentation Thu Mar 12 07:07:09 CET 2026
#@# Fill Thu Mar 12 07:09:01 CET 2026
recon-all -s sub-v1s10x0051057_ses-1 finished without error at Thu Mar 12 07:10:02 CET 2026



#New# invocation of recon-all 



status file for recon-all
Thu Mar 12 07:54:33 CET 2026
#@# white curv lh Thu Mar 12 07:54:33 CET 2026
#@# white area lh Thu Mar 12 07:54:33 CET 2026
#@# pial curv lh Thu Mar 12 07:54:33 CET 2026
#@# pial area lh Thu Mar 12 07:54:33 CET 2026
#@# thickness lh Thu Mar 12 07:54:33 CET 2026
#@# area and vertex vol lh Thu Mar 12 07:54:33 CET 2026
#@# white curv rh Thu Mar 12 07:54:33 CET 2026
#@# white area rh Thu Mar 12 07:54:33 CET 2026
#@# pial curv rh Thu Mar 12 07:54:33 CET 2026
#@# pial area rh Thu Mar 12 07:54:33 CET 2026
#@# thickness rh Thu Mar 12 07:54:33 CET 2026
#@# area and vertex vol rh Thu Mar 12 07:54:33 CET 2026
#@# Cortical ribbon mask Thu Mar 12 07:54:33 CET 2026
recon-all -s sub-v1s10x0051057_ses-1 finished without error at Thu Mar 12 08:01:29 CET 2026



#New# invocation of recon-all 



status file for recon-all
Thu Mar 12 08:07:29 CET 2026
#@# white curv lh Thu Mar 12 08:07:30 CET 2026
#@# white area lh Thu Mar 12 08:07:30 CET 2026
#@# pial curv lh Thu Mar 12 08:07:30 CET 2026
#@# pial area lh Thu Mar 12 08:07:30 CET 2026
#@# thickness lh Thu Mar 12 08:07:30 CET 2026
#@# area and vertex vol lh Thu Mar 12 08:07:30 CET 2026
#@# white curv rh Thu Mar 12 08:07:30 CET 2026
#@# white area rh Thu Mar 12 08:07:30 CET 2026
#@# pial curv rh Thu Mar 12 08:07:30 CET 2026
#@# pial area rh Thu Mar 12 08:07:30 CET 2026
#@# thickness rh Thu Mar 12 08:07:30 CET 2026
#@# area and vertex vol rh Thu Mar 12 08:07:30 CET 2026
#@# Curvature Stats lh Thu Mar 12 08:07:30 CET 2026
#@# Curvature Stats rh Thu Mar 12 08:07:32 CET 2026
#@# Relabel Hypointensities Thu Mar 12 08:07:34 CET 2026
#@# APas-to-ASeg Thu Mar 12 08:07:48 CET 2026
#@# AParc-to-ASeg aparc Thu Mar 12 08:07:55 CET 2026
#@# AParc-to-ASeg aparc.a2009s Thu Mar 12 08:08:28 CET 2026
#@# AParc-to-ASeg aparc.DKTatlas Thu Mar 12 08:09:00 CET 2026
#@# WMParc Thu Mar 12 08:09:32 CET 2026
#@# ASeg Stats Thu Mar 12 08:13:05 CET 2026
recon-all -s sub-v1s10x0051057_ses-1 finished without error at Thu Mar 12 08:13:36 CET 2026
