/out/sourcedata/freesurfer/sub-v1s10x0050955_ses-1/mri
/opt/freesurfer/bin/talairach_avi
--i orig_nu.mgz --xfm transforms/talairach.auto.xfm --atlas 3T18yoSchwartzReactN32_as_orig
talairach_avi 7.3.2
Linux dna050 5.14.0-427.37.1.el9_4.x86_64 #1 SMP PREEMPT_DYNAMIC Fri Sep 13 12:41:50 EDT 2024 x86_64 x86_64 x86_64 GNU/Linux
Wed Mar 11 22:46:23 CET 2026
mri_convert orig_nu.mgz talsrcimg.img 
reading from orig_nu.mgz...
TR=0.00, TE=0.00, TI=0.00, flip angle=0.00
i_ras = (-1, 0, 0)
j_ras = (0, 0, -1)
k_ras = (0, 1, 0)
writing to talsrcimg.img...
Analyze Output Matrix
-1.00000   0.00000   0.00000   128.94223;
 0.00000   0.00000   1.00000  -128.00000;
 0.00000  -1.00000   0.00000   106.14458;
 0.00000   0.00000   0.00000   1.00000;
--------------------
INFO: set hdr.hist.orient to -1
mpr2mni305 talsrcimg
Wed Mar 11 22:46:23 CET 2026
/opt/freesurfer/bin/mpr2mni305 talsrcimg
mpr2mni305 7.3.2
target=3T18yoSchwartzReactN32_as_orig

---------------------------------------------------------------------
analyzeto4dfp talsrcimg -O0 -y
---------------------------------------------------------------------

freesurfer ifh2hdr.c
Wed Mar 11 22:46:23 2026
Writing: talsrcimg.4dfp.hdr
freesurfer analyzeto4dfp.c
Reading: talsrcimg.hdr
header size 348 bytes
hdr.dime.datatype	offset=70	value=2
hdr.dime.bitpix		offset=72	value=8
hdr.hist.orient		offset=252	value=-1
dimensionality     4
dimensions       256       256       256         1
Reading: talsrcimg.img
Writing: talsrcimg.4dfp.img
Writing: talsrcimg.4dfp.ifh
ifh2hdr talsrcimg -r0to218
ori=2

---------------------------------------------------------------------
gauss_4dfp talsrcimg 1.1
---------------------------------------------------------------------

freesurfer gauss_4dfp.c
Reading: talsrcimg.4dfp.img
Writing: talsrcimg_g11.4dfp.img
image dimensions 256 256 256 padded to 288 288 288
processing volume 1freesurfer ifh2hdr.c
Wed Mar 11 22:46:25 2026
Writing: talsrcimg_g11.4dfp.hdr

Writing: talsrcimg_g11.4dfp.ifh
including: talsrcimg.4dfp.img.rec in talsrcimg_g11.4dfp.img.rec

---------------------------------------------------------------------
imgreg_4dfp /opt/freesurfer/average/3T18yoSchwartzReactN32_as_orig none talsrcimg_g11 none talsrcimg_to_3T18yoSchwartzReactN32_as_orig_t4 4355
---------------------------------------------------------------------

freesurfer imgreg_4dfp.c
/opt/freesurfer/average/3T18yoSchwartzReactN32_as_orig.4dfp.img
       256       256       256         1
  1.000000  1.000000  1.000000
orientation T byte_order littleendian
Reading image: /opt/freesurfer/average/3T18yoSchwartzReactN32_as_orig.4dfp.img
dimensions:      256       256       256
mmppix:       1.0000   -1.0000   -1.0000
center:     128.0000 -129.0000 -129.0000
talsrcimg_g11.4dfp.img
       256       256       256         1
  1.000000  1.000000  1.000000
orientation T byte_order littleendian
Reading image: talsrcimg_g11.4dfp.img
dimensions:      256       256       256
mmppix:       1.0000   -1.0000   -1.0000
center:     128.0000 -129.0000 -129.0000
t4_read: open error in t4_sub.f l:  46 t4_file(1:l)talsrcimg_to_3T18yoSchwartzReactN32_as_orig_t4 
t4_read: transform initialized to I4
rotation matrix determinant  1.000000
image alignment mode   4355 decimal     1103 hex
   -7.5000  -45.0000  -45.0000 8223.8965   16.0591
    0.0000  -45.0000  -45.0000 8508.6611   16.0365
    7.5000  -45.0000  -45.0000 7995.0190   16.0220
   -7.5000  -37.5000  -45.0000 8753.5332   16.0516
    0.0000  -37.5000  -45.0000 9065.7471   16.0419
    7.5000  -37.5000  -45.0000 8520.9893   16.0507
   -7.5000  -30.0000  -45.0000 9318.7012   16.9021
    0.0000  -30.0000  -45.0000 9644.7295   16.9021
    7.5000  -30.0000  -45.0000 9066.2637   16.9232
   -7.5000  -22.5000  -45.0000 9776.8066   17.7209
    0.0000  -22.5000  -45.000010122.6934   17.7151
    7.5000  -22.5000  -45.0000 9517.6250   17.7223
   -7.5000  -15.0000  -45.000010105.0400   18.4626
    0.0000  -15.0000  -45.000010466.8662   18.4394
    7.5000  -15.0000  -45.0000 9820.9678   18.4198
   -7.5000   -7.5000  -45.000010331.2852   19.0930
    0.0000   -7.5000  -45.000010680.4844   19.0598
    7.5000   -7.5000  -45.000010051.7920   19.0280
   -7.5000    0.0000  -45.000010449.9160   19.6587
    0.0000    0.0000  -45.000010806.6270   19.6311
    7.5000    0.0000  -45.000010166.6475   19.6133
   -7.5000    7.5000  -45.0000 9858.2344   19.5825
    0.0000    7.5000  -45.000010196.9834   19.5707
    7.5000    7.5000  -45.0000 9626.7188   19.5813
   -7.5000   15.0000  -45.0000 9221.4102   19.5703
    0.0000   15.0000  -45.0000 9540.2285   19.5703
    7.5000   15.0000  -45.0000 8984.0996   19.5948
   -7.5000   22.5000  -45.0000 8549.0410   19.5569
    0.0000   22.5000  -45.0000 8825.7451   19.5505
    7.5000   22.5000  -45.0000 8329.8281   19.5585
   -7.5000   30.0000  -45.0000 7896.3560   19.4630
    0.0000   30.0000  -45.0000 8163.4165   19.4385
    7.5000   30.0000  -45.0000 7719.8584   19.4179
   -7.5000   37.5000  -45.0000 7646.7485   19.4013
    0.0000   37.5000  -45.0000 7907.8218   19.3677
    7.5000   37.5000  -45.0000 7483.3794   19.3353
   -7.5000   45.0000  -45.0000 7139.5479   19.1203
    0.0000   45.0000  -45.0000 7383.7964   19.0934
    7.5000   45.0000  -45.0000 6960.7280   19.0761
   -7.5000  -45.0000  -37.5000 8851.9932   15.9165
    0.0000  -45.0000  -37.5000 9162.1826   15.8956
    7.5000  -45.0000  -37.5000 8598.2734   15.8845
   -7.5000  -37.5000  -37.5000 9418.1230   15.9110
    0.0000  -37.5000  -37.5000 9756.5430   15.9018
    7.5000  -37.5000  -37.5000 9156.4170   15.9137
   -7.5000  -30.0000  -37.500010037.1094   16.7518
    0.0000  -30.0000  -37.500010386.7363   16.7480
    7.5000  -30.0000  -37.5000 9752.6270   16.7724
   -7.5000  -22.5000  -37.500010548.2598   17.5590
    0.0000  -22.5000  -37.500010909.2715   17.5463
    7.5000  -22.5000  -37.500010234.8965   17.5569
   -7.5000  -15.0000  -37.500010921.1123   18.2933
    0.0000  -15.0000  -37.500011299.8057   18.2636
    7.5000  -15.0000  -37.500010574.3027   18.2471
   -7.5000   -7.5000  -37.500011171.6582   18.9201
    0.0000   -7.5000  -37.500011543.3730   18.8851
    7.5000   -7.5000  -37.500010831.8984   18.8567
   -7.5000    0.0000  -37.500011275.0713   19.4842
    0.0000    0.0000  -37.500011665.1133   19.4586
    7.5000    0.0000  -37.500010949.8555   19.4450
   -7.5000    7.5000  -37.500010641.3760   19.4109
    0.0000    7.5000  -37.500011021.0186   19.3997
    7.5000    7.5000  -37.500010352.7607   19.4142
   -7.5000   15.0000  -37.5000 9950.8379   19.3963
    0.0000   15.0000  -37.500010294.6377   19.3918
    7.5000   15.0000  -37.5000 9677.8682   19.4202
   -7.5000   22.5000  -37.5000 9234.2021   19.3783
    0.0000   22.5000  -37.5000 9556.9736   19.3642
    7.5000   22.5000  -37.5000 9001.6758   19.3760
   -7.5000   30.0000  -37.5000 8521.1162   19.2844
    0.0000   30.0000  -37.5000 8824.9883   19.2532
    7.5000   30.0000  -37.5000 8347.3721   19.2357
   -7.5000   37.5000  -37.5000 8227.7461   19.2257
    0.0000   37.5000  -37.5000 8522.7715   19.1900
    7.5000   37.5000  -37.5000 8052.9263   19.1612
   -7.5000   45.0000  -37.5000 7657.1699   18.9505
    0.0000   45.0000  -37.5000 7932.2998   18.9256
    7.5000   45.0000  -37.5000 7483.2588   18.9124
   -7.5000  -45.0000  -30.0000 9645.2324   16.5480
    0.0000  -45.0000  -30.0000 9970.9141   16.5261
    7.5000  -45.0000  -30.0000 9389.0195   16.5164
   -7.5000  -37.5000  -30.000010286.3799   16.5500
    0.0000  -37.5000  -30.000010643.4834   16.5397
    7.5000  -37.5000  -30.000010005.2061   16.5529
   -7.5000  -30.0000  -30.000010970.1172   17.4458
    0.0000  -30.0000  -30.000011351.3926   17.4366
    7.5000  -30.0000  -30.000010666.7490   17.4600
   -7.5000  -22.5000  -30.000011516.5938   18.3003
    0.0000  -22.5000  -30.000011913.4121   18.2775
    7.5000  -22.5000  -30.000011191.1592   18.2838
   -7.5000  -15.0000  -30.000011929.3311   19.0756
    0.0000  -15.0000  -30.000012318.4219   19.0352
    7.5000  -15.0000  -30.000011559.7822   19.0135
   -7.5000   -7.5000  -30.000012169.9756   19.7417
    0.0000   -7.5000  -30.000012587.3516   19.7004
    7.5000   -7.5000  -30.000011804.8555   19.6701
   -7.5000    0.0000  -30.000012275.6904   20.3552
    0.0000    0.0000  -30.000012707.0469   20.3283
    7.5000    0.0000  -30.000011941.3574   20.3163
   -7.5000    7.5000  -30.000011575.1748   20.2880
    0.0000    7.5000  -30.000011999.4072   20.2753
    7.5000    7.5000  -30.000011279.9561   20.2915
   -7.5000   15.0000  -30.000010815.1973   20.2780
    0.0000   15.0000  -30.000011179.0254   20.2673
    7.5000   15.0000  -30.000010541.3057   20.2945
   -7.5000   22.5000  -30.000010052.7881   20.2554
    0.0000   22.5000  -30.000010410.2168   20.2302
    7.5000   22.5000  -30.0000 9804.3203   20.2372
   -7.5000   30.0000  -30.0000 9290.6846   20.1497
    0.0000   30.0000  -30.0000 9616.7705   20.1070
    7.5000   30.0000  -30.0000 9090.5469   20.0841
   -7.5000   37.5000  -30.0000 8979.2178   20.0828
    0.0000   37.5000  -30.0000 9298.1318   20.0408
    7.5000   37.5000  -30.0000 8789.1465   20.0099
   -7.5000   45.0000  -30.0000 8340.0557   19.8032
    0.0000   45.0000  -30.0000 8642.2100   19.7770
    7.5000   45.0000  -30.0000 8175.2969   19.7654
   -7.5000  -45.0000  -22.500010454.1055   17.0614
    0.0000  -45.0000  -22.500010791.6953   17.0375
    7.5000  -45.0000  -22.500010193.9951   17.0255
   -7.5000  -37.5000  -22.500011178.2734   17.0689
    0.0000  -37.5000  -22.500011552.0430   17.0575
    7.5000  -37.5000  -22.500010881.6582   17.0680
   -7.5000  -30.0000  -22.500011932.1758   18.0091
    0.0000  -30.0000  -22.500012330.4590   17.9994
    7.5000  -30.0000  -22.500011601.4707   18.0167
   -7.5000  -22.5000  -22.500012542.4404   18.9040
    0.0000  -22.5000  -22.500012944.1094   18.8791
    7.5000  -22.5000  -22.500012174.9277   18.8763
   -7.5000  -15.0000  -22.500012946.5068   19.7115
    0.0000  -15.0000  -22.500013369.9980   19.6673
    7.5000  -15.0000  -22.500012588.0186   19.6369
   -7.5000   -7.5000  -22.500013195.5547   20.4101
    0.0000   -7.5000  -22.500013646.3633   20.3651
    7.5000   -7.5000  -22.500012859.9336   20.3295
   -7.5000    0.0000  -22.500013300.9912   21.0653
    0.0000    0.0000  -22.500013771.3184   21.0358
    7.5000    0.0000  -22.500012988.0176   21.0211
   -7.5000    7.5000  -22.500012582.3184   21.0019
    0.0000    7.5000  -22.500013024.2266   20.9879
    7.5000    7.5000  -22.500012266.5488   21.0009
   -7.5000   15.0000  -22.500011721.0156   20.9974
    0.0000   15.0000  -22.500012133.9365   20.9860
    7.5000   15.0000  -22.500011439.4863   21.0063
   -7.5000   22.5000  -22.500010899.3818   20.9736
    0.0000   22.5000  -22.500011285.7607   20.9459
    7.5000   22.5000  -22.500010625.3691   20.9428
   -7.5000   30.0000  -22.500010073.3574   20.8566
    0.0000   30.0000  -22.500010434.2109   20.8099
    7.5000   30.0000  -22.5000 9865.4053   20.7777
   -7.5000   37.5000  -22.5000 9752.5859   20.7808
    0.0000   37.5000  -22.500010104.1045   20.7350
    7.5000   37.5000  -22.5000 9561.6670   20.6988
   -7.5000   45.0000  -22.5000 9088.5869   20.4955
    0.0000   45.0000  -22.5000 9409.1572   20.4667
    7.5000   45.0000  -22.5000 8902.7305   20.4524
   -7.5000  -45.0000  -15.000011274.5879   17.3948
    0.0000  -45.0000  -15.000011627.1328   17.3695
    7.5000  -45.0000  -15.000010971.2070   17.3530
   -7.5000  -37.5000  -15.000012045.2041   17.4009
    0.0000  -37.5000  -15.000012430.3213   17.3896
    7.5000  -37.5000  -15.000011733.2627   17.3959
   -7.5000  -30.0000  -15.000012888.0723   18.3655
    0.0000  -30.0000  -15.000013302.1348   18.3597
    7.5000  -30.0000  -15.000012519.2090   18.3728
   -7.5000  -22.5000  -15.000013567.6445   19.2893
    0.0000  -22.5000  -15.000013980.7109   19.2706
    7.5000  -22.5000  -15.000013166.9297   19.2630
   -7.5000  -15.0000  -15.000014011.6504   20.1232
    0.0000  -15.0000  -15.000014463.0889   20.0840
    7.5000  -15.0000  -15.000013636.1807   20.0489
   -7.5000   -7.5000  -15.000014270.2021   20.8489
    0.0000   -7.5000  -15.000014758.9092   20.8051
    7.5000   -7.5000  -15.000013939.6553   20.7646
   -7.5000    0.0000  -15.000014398.2129   21.5330
    0.0000    0.0000  -15.000014886.2305   21.5017
    7.5000    0.0000  -15.000014057.4102   21.4813
   -7.5000    7.5000  -15.000013614.2432   21.4651
    0.0000    7.5000  -15.000014097.2246   21.4512
    7.5000    7.5000  -15.000013273.8516   21.4589
   -7.5000   15.0000  -15.000012722.5459   21.4612
    0.0000   15.0000  -15.000013166.6162   21.4545
    7.5000   15.0000  -15.000012394.2061   21.4698
   -7.5000   22.5000  -15.000011802.0850   21.4396
    0.0000   22.5000  -15.000012205.8887   21.4188
    7.5000   22.5000  -15.000011511.1719   21.4103
   -7.5000   30.0000  -15.000010925.5713   21.3192
    0.0000   30.0000  -15.000011303.3320   21.2775
    7.5000   30.0000  -15.000010677.0410   21.2404
   -7.5000   37.5000  -15.000010579.5010   21.2397
    0.0000   37.5000  -15.000010947.6211   21.1951
    7.5000   37.5000  -15.000010358.1699   21.1538
   -7.5000   45.0000  -15.0000 9868.4902   20.9469
    0.0000   45.0000  -15.000010212.0225   20.9164
    7.5000   45.0000  -15.0000 9661.0557   20.8965
   -7.5000  -45.0000   -7.500012087.4160   17.5419
    0.0000  -45.0000   -7.500012465.7832   17.5162
    7.5000  -45.0000   -7.500011753.7314   17.4976
   -7.5000  -37.5000   -7.500012900.5820   17.5402
    0.0000  -37.5000   -7.500013305.3955   17.5289
    7.5000  -37.5000   -7.500012573.4580   17.5343
   -7.5000  -30.0000   -7.500013825.1797   18.5136
    0.0000  -30.0000   -7.500014264.5820   18.5120
    7.5000  -30.0000   -7.500013451.9590   18.5276
   -7.5000  -22.5000   -7.500014572.7783   19.4563
    0.0000  -22.5000   -7.500015052.6240   19.4464
    7.5000  -22.5000   -7.500014184.2334   19.4439
   -7.5000  -15.0000   -7.500015061.2832   20.3150
    0.0000  -15.0000   -7.500015559.5029   20.2850
    7.5000  -15.0000   -7.500014690.0732   20.2545
   -7.5000   -7.5000   -7.500015373.2559   21.0633
    0.0000   -7.5000   -7.500015906.3691   21.0239
    7.5000   -7.5000   -7.500015016.8467   20.9837
   -7.5000    0.0000   -7.500015528.0518   21.7636
    0.0000    0.0000   -7.500016053.8447   21.7317
    7.5000    0.0000   -7.500015158.6113   21.7086
   -7.5000    7.5000   -7.500014716.7256   21.6838
    0.0000    7.5000   -7.500015207.1738   21.6699
    7.5000    7.5000   -7.500014302.1270   21.6766
   -7.5000   15.0000   -7.500013760.6777   21.6747
    0.0000   15.0000   -7.500014211.4199   21.6728
    7.5000   15.0000   -7.500013351.7637   21.6911
   -7.5000   22.5000   -7.500012783.1475   21.6563
    0.0000   22.5000   -7.500013204.9697   21.6453
    7.5000   22.5000   -7.500012405.6699   21.6426
   -7.5000   30.0000   -7.500011832.4160   21.5418
    0.0000   30.0000   -7.500012215.8945   21.5100
    7.5000   30.0000   -7.500011490.4541   21.4777
   -7.5000   37.5000   -7.500011444.0830   21.4657
    0.0000   37.5000   -7.500011830.3467   21.4255
    7.5000   37.5000   -7.500011170.3916   21.3845
   -7.5000   45.0000   -7.500010671.6465   21.1636
    0.0000   45.0000   -7.500011023.3525   21.1326
    7.5000   45.0000   -7.500010422.6582   21.1102
   -7.5000  -45.0000    0.000012879.3232   17.6336
    0.0000  -45.0000    0.000013279.9961   17.6089
    7.5000  -45.0000    0.000012446.8311   17.5928
   -7.5000  -37.5000    0.000013734.6924   17.6255
    0.0000  -37.5000    0.000014145.8174   17.6149
    7.5000  -37.5000    0.000013318.6826   17.6239
   -7.5000  -30.0000    0.000014653.7598   18.6034
    0.0000  -30.0000    0.000015123.7607   18.6031
    7.5000  -30.0000    0.000014248.1250   18.6257
   -7.5000  -22.5000    0.000015453.1172   19.5578
    0.0000  -22.5000    0.000015972.1387   19.5510
    7.5000  -22.5000    0.000015043.0127   19.5585
   -7.5000  -15.0000    0.000016023.7812   20.4382
    0.0000  -15.0000    0.000016556.9492   20.4124
    7.5000  -15.0000    0.000015585.9727   20.3907
   -7.5000   -7.5000    0.000016402.1582   21.2107
    0.0000   -7.5000    0.000016946.8359   21.1741
    7.5000   -7.5000    0.000015940.7744   21.1387
   -7.5000    0.0000    0.000016598.0020   21.9288
    0.0000    0.0000    0.000017142.1309   21.8981
    7.5000    0.0000    0.000016103.5117   21.8780
   -7.5000    7.5000    0.000015776.6758   21.8412
    0.0000    7.5000    0.000016290.7002   21.8280
    7.5000    7.5000    0.000015245.2451   21.8392
   -7.5000   15.0000    0.000014763.8174   21.8256
    0.0000   15.0000    0.000015226.8203   21.8253
    7.5000   15.0000    0.000014258.3555   21.8517
   -7.5000   22.5000    0.000013727.3750   21.8054
    0.0000   22.5000    0.000014155.2412   21.7979
    7.5000   22.5000    0.000013254.7334   21.8062
   -7.5000   30.0000    0.000012691.5176   21.6968
    0.0000   30.0000    0.000013084.6113   21.6693
    7.5000   30.0000    0.000012283.3867   21.6463
   -7.5000   37.5000    0.000012262.7324   21.6273
    0.0000   37.5000    0.000012651.9844   21.5899
    7.5000   37.5000    0.000011939.2305   21.5539
   -7.5000   45.0000    0.000011411.0918   21.3203
    0.0000   45.0000    0.000011770.7852   21.2905
    7.5000   45.0000    0.000011142.0264   21.2709
   -7.5000  -45.0000    7.500012749.3018   17.5749
    0.0000  -45.0000    7.500013202.7617   17.5520
    7.5000  -45.0000    7.500012180.6318   17.5398
   -7.5000  -37.5000    7.500013625.6240   17.5691
    0.0000  -37.5000    7.500014059.4463   17.5590
    7.5000  -37.5000    7.500013085.4355   17.5723
   -7.5000  -30.0000    7.500014380.3838   18.5442
    0.0000  -30.0000    7.500014811.3730   18.5400
    7.5000  -30.0000    7.500013936.7188   18.5672
   -7.5000  -22.5000    7.500015093.5215   19.4931
    0.0000  -22.5000    7.500015548.1104   19.4790
    7.5000  -22.5000    7.500014680.7402   19.4909
   -7.5000  -15.0000    7.500015750.9697   20.3721
    0.0000  -15.0000    7.500016227.2314   20.3392
    7.5000  -15.0000    7.500015260.8447   20.3208
   -7.5000   -7.5000    7.500016170.4189   21.1471
    0.0000   -7.5000    7.500016655.6602   21.1080
    7.5000   -7.5000    7.500015637.1191   21.0765
   -7.5000    0.0000    7.500016366.0615   21.8692
    0.0000    0.0000    7.500016855.4023   21.8407
    7.5000    0.0000    7.500015816.9941   21.8256
   -7.5000    7.5000    7.500015531.5059   21.7845
    0.0000    7.5000    7.500016005.5039   21.7720
    7.5000    7.5000    7.500014960.0137   21.7885
   -7.5000   15.0000    7.500014536.6865   21.7676
    0.0000   15.0000    7.500015008.4414   21.7627
    7.5000   15.0000    7.500013997.9434   21.7946
   -7.5000   22.5000    7.500013532.9648   21.7434
    0.0000   22.5000    7.500013995.4805   21.7278
    7.5000   22.5000    7.500013032.5381   21.7410
   -7.5000   30.0000    7.500012530.2100   21.6360
    0.0000   30.0000    7.500012939.0234   21.6010
    7.5000   30.0000    7.500012104.1826   21.5816
   -7.5000   37.5000    7.500012123.9219   21.5695
    0.0000   37.5000    7.500012529.6504   21.5297
    7.5000   37.5000    7.500011802.6514   21.4975
   -7.5000   45.0000    7.500011274.8213   21.2692
    0.0000   45.0000    7.500011651.7012   21.2415
    7.5000   45.0000    7.500011029.5957   21.2267
   -7.5000  -45.0000   15.000012239.9873   17.5287
    0.0000  -45.0000   15.000012715.1924   17.5055
    7.5000  -45.0000   15.000011670.5479   17.4952
   -7.5000  -37.5000   15.000013146.4492   17.5308
    0.0000  -37.5000   15.000013609.2148   17.5199
    7.5000  -37.5000   15.000012590.9717   17.5339
   -7.5000  -30.0000   15.000013930.4736   18.5080
    0.0000  -30.0000   15.000014388.8291   18.4982
    7.5000  -30.0000   15.000013417.1484   18.5230
   -7.5000  -22.5000   15.000014645.0088   19.4521
    0.0000  -22.5000   15.000015108.4023   19.4279
    7.5000  -22.5000   15.000014089.6924   19.4346
   -7.5000  -15.0000   15.000015212.7256   20.3242
    0.0000  -15.0000   15.000015699.8203   20.2811
    7.5000  -15.0000   15.000014619.6494   20.2580
   -7.5000   -7.5000   15.000015577.4473   21.0952
    0.0000   -7.5000   15.000016076.1094   21.0510
    7.5000   -7.5000   15.000015009.8438   21.0187
   -7.5000    0.0000   15.000015767.7910   21.8222
    0.0000    0.0000   15.000016277.9473   21.7933
    7.5000    0.0000   15.000015213.2373   21.7805
   -7.5000    7.5000   15.000014985.2637   21.7491
    0.0000    7.5000   15.000015469.5078   21.7355
    7.5000    7.5000   15.000014422.6221   21.7529
   -7.5000   15.0000   15.000014051.7305   21.7389
    0.0000   15.0000   15.000014518.2637   21.7274
    7.5000   15.0000   15.000013542.6104   21.7566
   -7.5000   22.5000   15.000013070.5156   21.7120
    0.0000   22.5000   15.000013541.8721   21.6850
    7.5000   22.5000   15.000012633.0029   21.6925
   -7.5000   30.0000   15.000012095.5146   21.5981
    0.0000   30.0000   15.000012505.5010   21.5523
    7.5000   30.0000   15.000011736.4951   21.5277
   -7.5000   37.5000   15.000011740.4170   21.5264
    0.0000   37.5000   15.000012118.5791   21.4813
    7.5000   37.5000   15.000011425.8311   21.4483
   -7.5000   45.0000   15.000010942.6064   21.2322
    0.0000   45.0000   15.000011291.6201   21.2041
    7.5000   45.0000   15.000010691.5527   21.1917
   -7.5000  -45.0000   22.500011443.9238   17.4789
    0.0000  -45.0000   22.500011911.1016   17.4544
    7.5000  -45.0000   22.500011073.3174   17.4422
   -7.5000  -37.5000   22.500012278.5557   17.4866
    0.0000  -37.5000   22.500012732.2041   17.4750
    7.5000  -37.5000   22.500011942.9307   17.4857
   -7.5000  -30.0000   22.500013143.2275   18.4675
    0.0000  -30.0000   22.500013608.2412   18.4575
    7.5000  -30.0000   22.500012757.7256   18.4753
   -7.5000  -22.5000   22.500013957.7383   19.4102
    0.0000  -22.5000   22.500014442.8857   19.3845
    7.5000  -22.5000   22.500013469.0332   19.3817
   -7.5000  -15.0000   22.500014468.9482   20.2736
    0.0000  -15.0000   22.500015001.8906   20.2282
    7.5000  -15.0000   22.500014001.4863   20.1969
   -7.5000   -7.5000   22.500014783.1191   21.0364
    0.0000   -7.5000   22.500015333.4580   20.9901
    7.5000   -7.5000   22.500014339.1680   20.9534
   -7.5000    0.0000   22.500014969.0303   21.7618
    0.0000    0.0000   22.500015499.3984   21.7313
    7.5000    0.0000   22.500014498.5635   21.7161
   -7.5000    7.5000   22.500014227.4883   21.6973
    0.0000    7.5000   22.500014700.1260   21.6828
    7.5000    7.5000   22.500013746.0713   21.6962
   -7.5000   15.0000   22.500013317.4121   21.6950
    0.0000   15.0000   22.500013762.5293   21.6833
    7.5000   15.0000   22.500012897.2607   21.7042
   -7.5000   22.5000   22.500012396.2725   21.6705
    0.0000   22.5000   22.500012812.7314   21.6418
    7.5000   22.5000   22.500012041.1924   21.6386
   -7.5000   30.0000   22.500011525.9180   21.5510
    0.0000   30.0000   22.500011880.1416   21.5027
    7.5000   30.0000   22.500011212.4414   21.4694
   -7.5000   37.5000   22.500011235.4150   21.4726
    0.0000   37.5000   22.500011571.3574   21.4253
    7.5000   37.5000   22.500010937.7012   21.3879
   -7.5000   45.0000   22.500010520.8779   21.1822
    0.0000   45.0000   22.500010820.9336   21.1525
    7.5000   45.0000   22.500010240.1299   21.1377
   -7.5000  -45.0000   30.000010682.5137   17.4284
    0.0000  -45.0000   30.000011077.3867   17.4030
    7.5000  -45.0000   30.000010447.3125   17.3865
   -7.5000  -37.5000   30.000011416.6758   17.4345
    0.0000  -37.5000   30.000011814.9668   17.4232
    7.5000  -37.5000   30.000011219.8135   17.4296
   -7.5000  -30.0000   30.000012218.2188   18.4141
    0.0000  -30.0000   30.000012640.5859   18.4083
    7.5000  -30.0000   30.000011983.6855   18.4215
   -7.5000  -22.5000   30.000012950.8379   19.3578
    0.0000  -22.5000   30.000013372.5527   19.3389
    7.5000  -22.5000   30.000012654.0186   19.3312
   -7.5000  -15.0000   30.000013470.0479   20.2196
    0.0000  -15.0000   30.000013920.3838   20.1797
    7.5000  -15.0000   30.000013174.1836   20.1445
   -7.5000   -7.5000   30.000013835.6816   20.9785
    0.0000   -7.5000   30.000014308.0029   20.9341
    7.5000   -7.5000   30.000013530.0869   20.8934
   -7.5000    0.0000   30.000014056.1797   21.6995
    0.0000    0.0000   30.000014534.5303   21.6678
    7.5000    0.0000   30.000013672.3271   21.6473
   -7.5000    7.5000   30.000013370.7920   21.6347
    0.0000    7.5000   30.000013825.0557   21.6207
    7.5000    7.5000   30.000012945.9297   21.6286
   -7.5000   15.0000   30.000012558.7607   21.6360
    0.0000   15.0000   30.000012951.0674   21.6292
    7.5000   15.0000   30.000012163.0508   21.6447
   -7.5000   22.5000   30.000011695.4189   21.6176
    0.0000   22.5000   30.000012057.4102   21.5964
    7.5000   22.5000   30.000011342.6631   21.5878
   -7.5000   30.0000   30.000010900.0713   21.5009
    0.0000   30.0000   30.000011237.8320   21.4585
    7.5000   30.0000   30.000010600.7432   21.4210
   -7.5000   37.5000   30.000010636.8623   21.4207
    0.0000   37.5000   30.000010963.1953   21.3754
    7.5000   37.5000   30.000010337.4902   21.3338
   -7.5000   45.0000   30.0000 9975.4121   21.1308
    0.0000   45.0000   30.000010261.9668   21.1000
    7.5000   45.0000   30.0000 9672.6240   21.0800
   -7.5000  -45.0000   37.500010411.7578   17.7178
    0.0000  -45.0000   37.500010777.8125   17.6913
    7.5000  -45.0000   37.500010197.4629   17.6732
   -7.5000  -37.5000   37.500011126.1855   17.7167
    0.0000  -37.5000   37.500011517.3428   17.7050
    7.5000  -37.5000   37.500010926.8799   17.7114
   -7.5000  -30.0000   37.500011915.0635   18.7099
    0.0000  -30.0000   37.500012331.6738   18.7080
    7.5000  -30.0000   37.500011698.6211   18.7249
   -7.5000  -22.5000   37.500012604.2725   19.6739
    0.0000  -22.5000   37.500013018.1162   19.6633
    7.5000  -22.5000   37.500012344.2021   19.6619
   -7.5000  -15.0000   37.500013091.8525   20.5575
    0.0000  -15.0000   37.500013525.6982   20.5263
    7.5000  -15.0000   37.500012824.3477   20.4961
   -7.5000   -7.5000   37.500013461.3818   21.3323
    0.0000   -7.5000   37.500013913.0674   21.2916
    7.5000   -7.5000   37.500013150.0029   21.2514
   -7.5000    0.0000   37.500013702.8594   22.0597
    0.0000    0.0000   37.500014169.1592   22.0268
    7.5000    0.0000   37.500013346.8408   22.0042
   -7.5000    7.5000   37.500013065.3506   21.9849
    0.0000    7.5000   37.500013496.1982   21.9704
    7.5000    7.5000   37.500012684.0869   21.9783
   -7.5000   15.0000   37.500012269.5469   21.9835
    0.0000   15.0000   37.500012656.1221   21.9814
    7.5000   15.0000   37.500011903.3496   22.0012
   -7.5000   22.5000   37.500011460.2109   21.9705
    0.0000   22.5000   37.500011826.1016   21.9588
    7.5000   22.5000   37.500011123.8369   21.9572
   -7.5000   30.0000   37.500010685.3486   21.8602
    0.0000   30.0000   37.500011040.4404   21.8270
    7.5000   30.0000   37.500010417.5107   21.7949
   -7.5000   37.5000   37.500010418.5469   21.7819
    0.0000   37.5000   37.500010760.4502   21.7403
    7.5000   37.5000   37.500010142.6104   21.6994
   -7.5000   45.0000   37.5000 9771.9688   21.4816
    0.0000   45.0000   37.500010059.1152   21.4496
    7.5000   45.0000   37.5000 9499.1875   21.4276
   -7.5000  -45.0000   45.0000 9682.2979   18.0488
    0.0000  -45.0000   45.000010026.8379   18.0236
    7.5000  -45.0000   45.0000 9490.6963   18.0060
   -7.5000  -37.5000   45.000010363.0342   18.0427
    0.0000  -37.5000   45.000010731.9834   18.0322
    7.5000  -37.5000   45.000010158.3721   18.0420
   -7.5000  -30.0000   45.000011092.0273   19.0508
    0.0000  -30.0000   45.000011488.9795   19.0513
    7.5000  -30.0000   45.000010875.2383   19.0755
   -7.5000  -22.5000   45.000011720.9385   20.0349
    0.0000  -22.5000   45.000012118.4551   20.0287
    7.5000  -22.5000   45.000011495.1406   20.0363
   -7.5000  -15.0000   45.000012193.3682   20.9420
    0.0000  -15.0000   45.000012616.3555   20.9157
    7.5000  -15.0000   45.000011934.9697   20.8916
   -7.5000   -7.5000   45.000012560.0781   21.7356
    0.0000   -7.5000   45.000012994.1748   21.6980
    7.5000   -7.5000   45.000012253.5234   21.6593
   -7.5000    0.0000   45.000012781.5303   22.4734
    0.0000    0.0000   45.000013227.1094   22.4420
    7.5000    0.0000   45.000012447.3008   22.4201
   -7.5000    7.5000   45.000012163.0156   22.3927
    0.0000    7.5000   45.000012590.1973   22.3797
    7.5000    7.5000   45.000011837.9395   22.3918
   -7.5000   15.0000   45.000011430.6895   22.3898
    0.0000   15.0000   45.000011820.1729   22.3905
    7.5000   15.0000   45.000011115.1338   22.4190
   -7.5000   22.5000   45.000010714.3682   22.3813
    0.0000   22.5000   45.000011052.9590   22.3743
    7.5000   22.5000   45.000010426.2373   22.3829
   -7.5000   30.0000   45.000010034.3213   22.2784
    0.0000   30.0000   45.000010336.1562   22.2503
    7.5000   30.0000   45.0000 9793.2734   22.2247
   -7.5000   37.5000   45.0000 9799.8740   22.2024
    0.0000   37.5000   45.000010091.7324   22.1639
    7.5000   37.5000   45.0000 9551.4961   22.1245
   -7.5000   45.0000   45.0000 9183.2920   21.8944
    0.0000   45.0000   45.0000 9460.2705   21.8639
    7.5000   45.0000   45.0000 8921.0127   21.8425

---------------------------------------------------------------------
imgreg_4dfp /opt/freesurfer/average/3T18yoSchwartzReactN32_as_orig /opt/freesurfer/average/711-2B_as_mni_average_305_mask talsrcimg_g11 none talsrcimg_to_3T18yoSchwartzReactN32_as_orig_t4 4355
---------------------------------------------------------------------

freesurfer imgreg_4dfp.c
/opt/freesurfer/average/3T18yoSchwartzReactN32_as_orig.4dfp.img
       256       256       256         1
  1.000000  1.000000  1.000000
orientation T byte_order littleendian
Reading image: /opt/freesurfer/average/3T18yoSchwartzReactN32_as_orig.4dfp.img
dimensions:      256       256       256
mmppix:       1.0000   -1.0000   -1.0000
center:     128.0000 -129.0000 -129.0000
/opt/freesurfer/average/711-2B_as_mni_average_305_mask.4dfp.img
       256       256       256         1
  1.000000  1.000000  1.000000
orientation T byte_order littleendian
Reading mask: /opt/freesurfer/average/711-2B_as_mni_average_305_mask.4dfp.img (2306576 pixels)
talsrcimg_g11.4dfp.img
       256       256       256         1
  1.000000  1.000000  1.000000
orientation T byte_order littleendian
Reading image: talsrcimg_g11.4dfp.img
dimensions:      256       256       256
mmppix:       1.0000   -1.0000   -1.0000
center:     128.0000 -129.0000 -129.0000
rotation matrix determinant  1.000000
image alignment mode   4355 decimal     1103 hex
   -7.5000  -45.0000  -45.0000 2039.0366   19.1022
    0.0000  -45.0000  -45.0000 2034.1769   19.1803
    7.5000  -45.0000  -45.0000 2001.7426   19.4544
   -7.5000  -37.5000  -45.0000 2118.0190   17.8972
    0.0000  -37.5000  -45.0000 2113.5112   17.9571
    7.5000  -37.5000  -45.0000 2078.2700   18.2264
   -7.5000  -30.0000  -45.0000 2164.4871   17.1399
    0.0000  -30.0000  -45.0000 2161.6885   17.2173
    7.5000  -30.0000  -45.0000 2124.1907   17.4805
   -7.5000  -22.5000  -45.0000 2191.6577   16.8617
    0.0000  -22.5000  -45.0000 2188.5959   16.9263
    7.5000  -22.5000  -45.0000 2151.3071   17.2078
   -7.5000  -15.0000  -45.0000 2182.8379   16.8937
    0.0000  -15.0000  -45.0000 2179.1985   16.9188
    7.5000  -15.0000  -45.0000 2136.6438   17.1910
   -7.5000   -7.5000  -45.0000 2141.6028   17.1602
    0.0000   -7.5000  -45.0000 2133.8335   17.1701
    7.5000   -7.5000  -45.0000 2098.3196   17.4486
   -7.5000    0.0000  -45.0000 2076.0479   17.7692
    0.0000    0.0000  -45.0000 2067.5715   17.7617
    7.5000    0.0000  -45.0000 2035.9310   18.1291
   -7.5000    7.5000  -45.0000 1984.1030   18.9109
    0.0000    7.5000  -45.0000 1977.6857   18.9526
    7.5000    7.5000  -45.0000 1955.8176   19.4248
   -7.5000   15.0000  -45.0000 1880.7540   20.8225
    0.0000   15.0000  -45.0000 1874.8153   20.8396
    7.5000   15.0000  -45.0000 1845.8146   21.3698
   -7.5000   22.5000  -45.0000 1749.0966   23.4466
    0.0000   22.5000  -45.0000 1740.4811   23.4513
    7.5000   22.5000  -45.0000 1713.7334   23.9557
   -7.5000   30.0000  -45.0000 1607.4203   26.9499
    0.0000   30.0000  -45.0000 1598.6942   26.9073
    7.5000   30.0000  -45.0000 1582.2074   27.5140
   -7.5000   37.5000  -45.0000 1472.1331   31.5887
    0.0000   37.5000  -45.0000 1465.0980   31.4823
    7.5000   37.5000  -45.0000 1454.3398   32.2109
   -7.5000   45.0000  -45.0000 1334.8890   37.8855
    0.0000   45.0000  -45.0000 1334.8536   37.8569
    7.5000   45.0000  -45.0000 1316.3118   38.7590
   -7.5000  -45.0000  -37.5000 2135.2104   17.6322
    0.0000  -45.0000  -37.5000 2131.2107   17.6962
    7.5000  -45.0000  -37.5000 2091.4360   17.9978
   -7.5000  -37.5000  -37.5000 2220.7373   16.4910
    0.0000  -37.5000  -37.5000 2216.6924   16.5545
    7.5000  -37.5000  -37.5000 2173.1570   16.8395
   -7.5000  -30.0000  -37.5000 2278.6150   15.8102
    0.0000  -30.0000  -37.5000 2275.5051   15.8626
    7.5000  -30.0000  -37.5000 2230.0935   16.1262
   -7.5000  -22.5000  -37.5000 2313.2493   15.5261
    0.0000  -22.5000  -37.5000 2308.3245   15.5650
    7.5000  -22.5000  -37.5000 2259.5581   15.8410
   -7.5000  -15.0000  -37.5000 2311.7285   15.5517
    0.0000  -15.0000  -37.5000 2306.8125   15.5664
    7.5000  -15.0000  -37.5000 2251.8894   15.8063
   -7.5000   -7.5000  -37.5000 2275.7195   15.8254
    0.0000   -7.5000  -37.5000 2265.7300   15.8187
    7.5000   -7.5000  -37.5000 2220.0386   16.0401
   -7.5000    0.0000  -37.5000 2208.0759   16.4113
    0.0000    0.0000  -37.5000 2200.7388   16.4013
    7.5000    0.0000  -37.5000 2159.9775   16.6842
   -7.5000    7.5000  -37.5000 2120.5166   17.4947
    0.0000    7.5000  -37.5000 2115.1704   17.5032
    7.5000    7.5000  -37.5000 2075.6262   17.8538
   -7.5000   15.0000  -37.5000 2009.0759   19.1547
    0.0000   15.0000  -37.5000 2003.8701   19.1771
    7.5000   15.0000  -37.5000 1962.9851   19.5549
   -7.5000   22.5000  -37.5000 1870.9557   21.4614
    0.0000   22.5000  -37.5000 1868.3961   21.4585
    7.5000   22.5000  -37.5000 1836.2307   21.8662
   -7.5000   30.0000  -37.5000 1716.4222   24.5125
    0.0000   30.0000  -37.5000 1713.2047   24.5354
    7.5000   30.0000  -37.5000 1700.1577   25.0478
   -7.5000   37.5000  -37.5000 1571.0850   28.6973
    0.0000   37.5000  -37.5000 1568.1484   28.6825
    7.5000   37.5000  -37.5000 1556.1819   29.2962
   -7.5000   45.0000  -37.5000 1418.6575   34.2894
    0.0000   45.0000  -37.5000 1420.3014   34.3260
    7.5000   45.0000  -37.5000 1409.1842   35.2086
   -7.5000  -45.0000  -30.0000 2259.2424   16.9033
    0.0000  -45.0000  -30.0000 2255.6716   16.9681
    7.5000  -45.0000  -30.0000 2218.2656   17.2733
   -7.5000  -37.5000  -30.0000 2360.5459   15.8027
    0.0000  -37.5000  -30.0000 2352.4827   15.8425
    7.5000  -37.5000  -30.0000 2311.1746   16.1354
   -7.5000  -30.0000  -30.0000 2431.8679   15.1346
    0.0000  -30.0000  -30.0000 2427.3208   15.1784
    7.5000  -30.0000  -30.0000 2380.3494   15.4545
   -7.5000  -22.5000  -30.0000 2472.3669   14.8473
    0.0000  -22.5000  -30.0000 2466.8162   14.8654
    7.5000  -22.5000  -30.0000 2416.9421   15.1386
   -7.5000  -15.0000  -30.0000 2480.4478   14.8621
    0.0000  -15.0000  -30.0000 2468.4148   14.8495
    7.5000  -15.0000  -30.0000 2414.5107   15.0792
   -7.5000   -7.5000  -30.0000 2443.4116   15.1249
    0.0000   -7.5000  -30.0000 2434.1045   15.1068
    7.5000   -7.5000  -30.0000 2378.6973   15.3090
   -7.5000    0.0000  -30.0000 2375.5962   15.6995
    0.0000    0.0000  -30.0000 2368.5081   15.7051
    7.5000    0.0000  -30.0000 2320.0703   15.9315
   -7.5000    7.5000  -30.0000 2278.4705   16.7257
    0.0000    7.5000  -30.0000 2275.2476   16.7426
    7.5000    7.5000  -30.0000 2230.0298   17.0284
   -7.5000   15.0000  -30.0000 2157.2280   18.2670
    0.0000   15.0000  -30.0000 2149.8599   18.2875
    7.5000   15.0000  -30.0000 2109.8835   18.6140
   -7.5000   22.5000  -30.0000 2017.9463   20.4055
    0.0000   22.5000  -30.0000 2016.1350   20.4163
    7.5000   22.5000  -30.0000 1974.7874   20.7464
   -7.5000   30.0000  -30.0000 1856.4821   23.2841
    0.0000   30.0000  -30.0000 1851.6832   23.2774
    7.5000   30.0000  -30.0000 1825.7373   23.6629
   -7.5000   37.5000  -30.0000 1699.1973   27.1073
    0.0000   37.5000  -30.0000 1697.2477   27.0620
    7.5000   37.5000  -30.0000 1678.9365   27.6140
   -7.5000   45.0000  -30.0000 1533.8883   32.2081
    0.0000   45.0000  -30.0000 1537.4890   32.2541
    7.5000   45.0000  -30.0000 1525.8457   33.0921
   -7.5000  -45.0000  -22.5000 2351.1064   16.1173
    0.0000  -45.0000  -22.5000 2346.0642   16.1382
    7.5000  -45.0000  -22.5000 2314.6853   16.4685
   -7.5000  -37.5000  -22.5000 2468.5168   15.0338
    0.0000  -37.5000  -22.5000 2459.4546   15.0749
    7.5000  -37.5000  -22.5000 2421.2417   15.3704
   -7.5000  -30.0000  -22.5000 2552.8892   14.4027
    0.0000  -30.0000  -22.5000 2546.8647   14.4542
    7.5000  -30.0000  -22.5000 2501.0857   14.7352
   -7.5000  -22.5000  -22.5000 2607.4819   14.1524
    0.0000  -22.5000  -22.5000 2595.9946   14.1572
    7.5000  -22.5000  -22.5000 2545.7527   14.4129
   -7.5000  -15.0000  -22.5000 2611.8074   14.1342
    0.0000  -15.0000  -22.5000 2601.6460   14.1151
    7.5000  -15.0000  -22.5000 2549.2004   14.3224
   -7.5000   -7.5000  -22.5000 2577.9360   14.3806
    0.0000   -7.5000  -22.5000 2567.5554   14.3454
    7.5000   -7.5000  -22.5000 2516.3276   14.5504
   -7.5000    0.0000  -22.5000 2505.3052   14.9182
    0.0000    0.0000  -22.5000 2499.7661   14.9068
    7.5000    0.0000  -22.5000 2452.5874   15.1408
   -7.5000    7.5000  -22.5000 2410.3967   15.8819
    0.0000    7.5000  -22.5000 2403.7786   15.8687
    7.5000    7.5000  -22.5000 2357.0627   16.1605
   -7.5000   15.0000  -22.5000 2271.5181   17.3237
    0.0000   15.0000  -22.5000 2267.5835   17.3249
    7.5000   15.0000  -22.5000 2229.6169   17.6568
   -7.5000   22.5000  -22.5000 2126.3943   19.3256
    0.0000   22.5000  -22.5000 2124.4485   19.3273
    7.5000   22.5000  -22.5000 2085.9934   19.6945
   -7.5000   30.0000  -22.5000 1959.2313   22.0530
    0.0000   30.0000  -22.5000 1956.3447   21.9823
    7.5000   30.0000  -22.5000 1933.2921   22.4058
   -7.5000   37.5000  -22.5000 1805.2585   25.6973
    0.0000   37.5000  -22.5000 1802.8077   25.5765
    7.5000   37.5000  -22.5000 1780.4388   26.0400
   -7.5000   45.0000  -22.5000 1640.4792   30.4655
    0.0000   45.0000  -22.5000 1641.9414   30.4031
    7.5000   45.0000  -22.5000 1620.5662   31.0602
   -7.5000  -45.0000  -15.0000 2412.8069   15.4354
    0.0000  -45.0000  -15.0000 2404.7727   15.4326
    7.5000  -45.0000  -15.0000 2374.7917   15.7733
   -7.5000  -37.5000  -15.0000 2534.8989   14.2847
    0.0000  -37.5000  -15.0000 2526.3098   14.3201
    7.5000  -37.5000  -15.0000 2493.2979   14.6715
   -7.5000  -30.0000  -15.0000 2638.4514   13.6771
    0.0000  -30.0000  -15.0000 2629.4590   13.7250
    7.5000  -30.0000  -15.0000 2583.1255   14.0462
   -7.5000  -22.5000  -15.0000 2705.4900   13.4445
    0.0000  -22.5000  -15.0000 2690.2305   13.4433
    7.5000  -22.5000  -15.0000 2639.4333   13.7132
   -7.5000  -15.0000  -15.0000 2715.2974   13.4380
    0.0000  -15.0000  -15.0000 2703.1931   13.4096
    7.5000  -15.0000  -15.0000 2650.3420   13.6219
   -7.5000   -7.5000  -15.0000 2679.1052   13.6589
    0.0000   -7.5000  -15.0000 2671.2708   13.6290
    7.5000   -7.5000  -15.0000 2621.3718   13.8347
   -7.5000    0.0000  -15.0000 2609.4856   14.1880
    0.0000    0.0000  -15.0000 2599.9109   14.1640
    7.5000    0.0000  -15.0000 2553.2573   14.3978
   -7.5000    7.5000  -15.0000 2507.6851   15.0991
    0.0000    7.5000  -15.0000 2504.3757   15.0848
    7.5000    7.5000  -15.0000 2452.2253   15.3450
   -7.5000   15.0000  -15.0000 2373.2043   16.4859
    0.0000   15.0000  -15.0000 2366.5803   16.4937
    7.5000   15.0000  -15.0000 2321.9175   16.7911
   -7.5000   22.5000  -15.0000 2213.3528   18.4019
    0.0000   22.5000  -15.0000 2203.9043   18.3839
    7.5000   22.5000  -15.0000 2171.1826   18.7348
   -7.5000   30.0000  -15.0000 2040.8413   20.9852
    0.0000   30.0000  -15.0000 2034.9614   20.8987
    7.5000   30.0000  -15.0000 2008.7998   21.2779
   -7.5000   37.5000  -15.0000 1881.4812   24.3775
    0.0000   37.5000  -15.0000 1873.9269   24.2103
    7.5000   37.5000  -15.0000 1853.3824   24.6541
   -7.5000   45.0000  -15.0000 1713.4263   28.8497
    0.0000   45.0000  -15.0000 1712.4249   28.6868
    7.5000   45.0000  -15.0000 1692.4016   29.2369
   -7.5000  -45.0000   -7.5000 2446.2927   14.9998
    0.0000  -45.0000   -7.5000 2439.1377   14.9669
    7.5000  -45.0000   -7.5000 2418.8816   15.3096
   -7.5000  -37.5000   -7.5000 2566.2310   13.6799
    0.0000  -37.5000   -7.5000 2560.8455   13.7060
    7.5000  -37.5000   -7.5000 2541.8237   14.1305
   -7.5000  -30.0000   -7.5000 2687.6284   13.0092
    0.0000  -30.0000   -7.5000 2680.1489   13.0697
    7.5000  -30.0000   -7.5000 2643.2390   13.4644
   -7.5000  -22.5000   -7.5000 2766.6494   12.8340
    0.0000  -22.5000   -7.5000 2755.3123   12.8105
    7.5000  -22.5000   -7.5000 2709.3308   13.1294
   -7.5000  -15.0000   -7.5000 2780.2563   12.8374
    0.0000  -15.0000   -7.5000 2769.2319   12.7992
    7.5000  -15.0000   -7.5000 2723.7402   13.0614
   -7.5000   -7.5000   -7.5000 2746.1482   13.0259
    0.0000   -7.5000   -7.5000 2741.7769   12.9970
    7.5000   -7.5000   -7.5000 2699.3284   13.2543
   -7.5000    0.0000   -7.5000 2675.0715   13.5235
    0.0000    0.0000   -7.5000 2667.8713   13.4912
    7.5000    0.0000   -7.5000 2630.8438   13.7911
   -7.5000    7.5000   -7.5000 2578.5542   14.4304
    0.0000    7.5000   -7.5000 2571.0676   14.4178
    7.5000    7.5000   -7.5000 2525.7219   14.7287
   -7.5000   15.0000   -7.5000 2442.3669   15.7879
    0.0000   15.0000   -7.5000 2431.9607   15.7841
    7.5000   15.0000   -7.5000 2387.5068   16.0953
   -7.5000   22.5000   -7.5000 2276.6887   17.6134
    0.0000   22.5000   -7.5000 2271.4832   17.6312
    7.5000   22.5000   -7.5000 2229.8762   17.9345
   -7.5000   30.0000   -7.5000 2095.3650   20.0064
    0.0000   30.0000   -7.5000 2091.3359   19.9948
    7.5000   30.0000   -7.5000 2055.9023   20.3409
   -7.5000   37.5000   -7.5000 1927.5829   23.1529
    0.0000   37.5000   -7.5000 1926.1624   23.0584
    7.5000   37.5000   -7.5000 1903.2483   23.5467
   -7.5000   45.0000   -7.5000 1756.4650   27.3247
    0.0000   45.0000   -7.5000 1752.7347   27.2553
    7.5000   45.0000   -7.5000 1737.8973   27.9478
   -7.5000  -45.0000    0.0000 2480.5317   14.9207
    0.0000  -45.0000    0.0000 2472.7947   14.8673
    7.5000  -45.0000    0.0000 2445.0356   15.0484
   -7.5000  -37.5000    0.0000 2582.6311   13.4614
    0.0000  -37.5000    0.0000 2578.4424   13.4742
    7.5000  -37.5000    0.0000 2567.7949   13.8219
   -7.5000  -30.0000    0.0000 2699.8201   12.6230
    0.0000  -30.0000    0.0000 2694.7688   12.6392
    7.5000  -30.0000    0.0000 2676.8838   13.0809
   -7.5000  -22.5000    0.0000 2790.1643   12.4038
    0.0000  -22.5000    0.0000 2782.0100   12.3643
    7.5000  -22.5000    0.0000 2748.2207   12.7096
   -7.5000  -15.0000    0.0000 2813.3992   12.4042
    0.0000  -15.0000    0.0000 2806.9319   12.3545
    7.5000  -15.0000    0.0000 2768.9478   12.6417
   -7.5000   -7.5000    0.0000 2786.2864   12.6022
    0.0000   -7.5000    0.0000 2780.8774   12.5488
    7.5000   -7.5000    0.0000 2747.7236   12.8416
   -7.5000    0.0000    0.0000 2718.0803   13.1272
    0.0000    0.0000    0.0000 2714.4736   13.0910
    7.5000    0.0000    0.0000 2678.1333   13.3790
   -7.5000    7.5000    0.0000 2625.7322   14.0281
    0.0000    7.5000    0.0000 2622.5198   14.0163
    7.5000    7.5000    0.0000 2578.6506   14.3005
   -7.5000   15.0000    0.0000 2484.0276   15.3025
    0.0000   15.0000    0.0000 2480.6462   15.3068
    7.5000   15.0000    0.0000 2441.8633   15.6316
   -7.5000   22.5000    0.0000 2318.9688   17.0835
    0.0000   22.5000    0.0000 2315.6055   17.0988
    7.5000   22.5000    0.0000 2279.9482   17.4271
   -7.5000   30.0000    0.0000 2129.7471   19.3808
    0.0000   30.0000    0.0000 2122.0210   19.3231
    7.5000   30.0000    0.0000 2095.9526   19.7056
   -7.5000   37.5000    0.0000 1955.0858   22.3404
    0.0000   37.5000    0.0000 1950.0439   22.2651
    7.5000   37.5000    0.0000 1935.8766   22.7596
   -7.5000   45.0000    0.0000 1782.2069   26.3300
    0.0000   45.0000    0.0000 1781.7050   26.3718
    7.5000   45.0000    0.0000 1766.6813   27.0160
   -7.5000  -45.0000    7.5000 2526.2231   15.1322
    0.0000  -45.0000    7.5000 2514.8760   15.0466
    7.5000  -45.0000    7.5000 2471.7031   14.9870
   -7.5000  -37.5000    7.5000 2631.6023   13.7262
    0.0000  -37.5000    7.5000 2627.3025   13.7011
    7.5000  -37.5000    7.5000 2603.5549   13.8073
   -7.5000  -30.0000    7.5000 2707.7002   12.6661
    0.0000  -30.0000    7.5000 2697.3901   12.6315
    7.5000  -30.0000    7.5000 2691.1743   12.9500
   -7.5000  -22.5000    7.5000 2773.9739   12.2025
    0.0000  -22.5000    7.5000 2763.5303   12.1387
    7.5000  -22.5000    7.5000 2760.9778   12.5189
   -7.5000  -15.0000    7.5000 2816.2012   12.1838
    0.0000  -15.0000    7.5000 2805.2412   12.1058
    7.5000  -15.0000    7.5000 2795.8420   12.4450
   -7.5000   -7.5000    7.5000 2804.4114   12.4598
    0.0000   -7.5000    7.5000 2795.3352   12.3726
    7.5000   -7.5000    7.5000 2775.9326   12.6328
   -7.5000    0.0000    7.5000 2740.4165   12.9913
    0.0000    0.0000    7.5000 2733.0408   12.9268
    7.5000    0.0000    7.5000 2708.8022   13.1524
   -7.5000    7.5000    7.5000 2646.0940   13.8740
    0.0000    7.5000    7.5000 2641.4421   13.8414
    7.5000    7.5000    7.5000 2602.8440   14.0523
   -7.5000   15.0000    7.5000 2511.7014   15.1758
    0.0000   15.0000    7.5000 2512.5244   15.1783
    7.5000   15.0000    7.5000 2468.3784   15.3902
   -7.5000   22.5000    7.5000 2350.0281   16.9465
    0.0000   22.5000    7.5000 2351.9412   16.9421
    7.5000   22.5000    7.5000 2307.3328   17.1425
   -7.5000   30.0000    7.5000 2167.4875   19.2478
    0.0000   30.0000    7.5000 2158.5925   19.1504
    7.5000   30.0000    7.5000 2127.7678   19.3831
   -7.5000   37.5000    7.5000 1993.7708   22.1352
    0.0000   37.5000    7.5000 1989.2776   22.0695
    7.5000   37.5000    7.5000 1970.6007   22.4000
   -7.5000   45.0000    7.5000 1810.1356   25.8918
    0.0000   45.0000    7.5000 1805.5229   25.8640
    7.5000   45.0000    7.5000 1790.6356   26.4523
   -7.5000  -45.0000   15.0000 2533.7810   15.2792
    0.0000  -45.0000   15.0000 2525.5930   15.2195
    7.5000  -45.0000   15.0000 2479.5203   15.0675
   -7.5000  -37.5000   15.0000 2659.9653   13.9604
    0.0000  -37.5000   15.0000 2649.0857   13.9076
    7.5000  -37.5000   15.0000 2617.0522   13.9220
   -7.5000  -30.0000   15.0000 2734.9453   12.8762
    0.0000  -30.0000   15.0000 2723.6086   12.8201
    7.5000  -30.0000   15.0000 2710.8679   13.1105
   -7.5000  -22.5000   15.0000 2787.1677   12.3540
    0.0000  -22.5000   15.0000 2778.2073   12.2865
    7.5000  -22.5000   15.0000 2765.4070   12.6113
   -7.5000  -15.0000   15.0000 2817.3240   12.3233
    0.0000  -15.0000   15.0000 2808.0764   12.2551
    7.5000  -15.0000   15.0000 2783.9099   12.4593
   -7.5000   -7.5000   15.0000 2802.3784   12.5794
    0.0000   -7.5000   15.0000 2793.0354   12.5046
    7.5000   -7.5000   15.0000 2770.9478   12.6383
   -7.5000    0.0000   15.0000 2745.1216   13.0867
    0.0000    0.0000   15.0000 2736.3999   13.0258
    7.5000    0.0000   15.0000 2712.0339   13.1837
   -7.5000    7.5000   15.0000 2657.0701   13.9549
    0.0000    7.5000   15.0000 2650.8054   13.9283
    7.5000    7.5000   15.0000 2610.9824   14.0902
   -7.5000   15.0000   15.0000 2525.7495   15.2365
    0.0000   15.0000   15.0000 2522.6965   15.2422
    7.5000   15.0000   15.0000 2477.9248   15.4103
   -7.5000   22.5000   15.0000 2360.5596   16.9768
    0.0000   22.5000   15.0000 2363.3586   16.9847
    7.5000   22.5000   15.0000 2313.9692   17.1162
   -7.5000   30.0000   15.0000 2172.9641   19.2233
    0.0000   30.0000   15.0000 2168.6804   19.1663
    7.5000   30.0000   15.0000 2133.9602   19.2952
   -7.5000   37.5000   15.0000 2010.1891   22.1584
    0.0000   37.5000   15.0000 2001.5070   22.0992
    7.5000   37.5000   15.0000 1974.4402   22.3302
   -7.5000   45.0000   15.0000 1834.9103   26.0459
    0.0000   45.0000   15.0000 1825.3307   25.9164
    7.5000   45.0000   15.0000 1800.9427   26.4363
   -7.5000  -45.0000   22.5000 2518.6121   15.3778
    0.0000  -45.0000   22.5000 2512.8159   15.3245
    7.5000  -45.0000   22.5000 2465.2341   15.3134
   -7.5000  -37.5000   22.5000 2651.2546   14.0599
    0.0000  -37.5000   22.5000 2644.2773   14.0039
    7.5000  -37.5000   22.5000 2615.9070   14.2507
   -7.5000  -30.0000   22.5000 2757.8496   13.1932
    0.0000  -30.0000   22.5000 2745.5603   13.1202
    7.5000  -30.0000   22.5000 2718.3838   13.4994
   -7.5000  -22.5000   22.5000 2846.9021   12.9101
    0.0000  -22.5000   22.5000 2835.2305   12.8304
    7.5000  -22.5000   22.5000 2783.1619   13.0695
   -7.5000  -15.0000   22.5000 2864.8362   12.8869
    0.0000  -15.0000   22.5000 2861.6660   12.8286
    7.5000  -15.0000   22.5000 2809.4832   12.9509
   -7.5000   -7.5000   22.5000 2824.9905   13.0380
    0.0000   -7.5000   22.5000 2824.4153   12.9760
    7.5000   -7.5000   22.5000 2781.3357   13.0696
   -7.5000    0.0000   22.5000 2753.3601   13.4447
    0.0000    0.0000   22.5000 2749.0669   13.4019
    7.5000    0.0000   22.5000 2704.2542   13.5228
   -7.5000    7.5000   22.5000 2653.6680   14.2203
    0.0000    7.5000   22.5000 2646.3723   14.1905
    7.5000    7.5000   22.5000 2599.2925   14.3649
   -7.5000   15.0000   22.5000 2508.7551   15.4289
    0.0000   15.0000   22.5000 2504.6372   15.4238
    7.5000   15.0000   22.5000 2462.2190   15.6176
   -7.5000   22.5000   22.5000 2341.5901   17.1327
    0.0000   22.5000   22.5000 2339.6050   17.1126
    7.5000   22.5000   22.5000 2304.9761   17.2691
   -7.5000   30.0000   22.5000 2169.8833   19.4271
    0.0000   30.0000   22.5000 2161.5879   19.3511
    7.5000   30.0000   22.5000 2137.4587   19.5259
   -7.5000   37.5000   22.5000 2013.1189   22.3644
    0.0000   37.5000   22.5000 2004.1531   22.2741
    7.5000   37.5000   22.5000 1975.6156   22.5379
   -7.5000   45.0000   22.5000 1841.7904   26.2311
    0.0000   45.0000   22.5000 1830.9832   26.1709
    7.5000   45.0000   22.5000 1795.0385   26.6382
   -7.5000  -45.0000   30.0000 2489.4399   15.6277
    0.0000  -45.0000   30.0000 2480.9417   15.5201
    7.5000  -45.0000   30.0000 2444.2930   15.7690
   -7.5000  -37.5000   30.0000 2617.8259   14.2865
    0.0000  -37.5000   30.0000 2611.0542   14.1888
    7.5000  -37.5000   30.0000 2591.8564   14.6829
   -7.5000  -30.0000   30.0000 2734.0500   13.5733
    0.0000  -30.0000   30.0000 2728.9377   13.5097
    7.5000  -30.0000   30.0000 2692.2200   13.9426
   -7.5000  -22.5000   30.0000 2820.0959   13.3556
    0.0000  -22.5000   30.0000 2807.8457   13.2710
    7.5000  -22.5000   30.0000 2765.3877   13.5568
   -7.5000  -15.0000   30.0000 2841.3420   13.3503
    0.0000  -15.0000   30.0000 2832.0730   13.2564
    7.5000  -15.0000   30.0000 2795.3298   13.4465
   -7.5000   -7.5000   30.0000 2817.9624   13.5598
    0.0000   -7.5000   30.0000 2812.7356   13.4601
    7.5000   -7.5000   30.0000 2775.8271   13.6107
   -7.5000    0.0000   30.0000 2746.1572   13.9894
    0.0000    0.0000   30.0000 2742.8943   13.9428
    7.5000    0.0000   30.0000 2693.7246   14.0822
   -7.5000    7.5000   30.0000 2635.3513   14.7270
    0.0000    7.5000   30.0000 2631.3958   14.6717
    7.5000    7.5000   30.0000 2575.9153   14.8226
   -7.5000   15.0000   30.0000 2490.5598   15.8886
    0.0000   15.0000   30.0000 2480.7109   15.8332
    7.5000   15.0000   30.0000 2438.8882   15.9940
   -7.5000   22.5000   30.0000 2317.1372   17.4995
    0.0000   22.5000   30.0000 2311.1050   17.4572
    7.5000   22.5000   30.0000 2278.6077   17.6055
   -7.5000   30.0000   30.0000 2148.0901   19.6744
    0.0000   30.0000   30.0000 2142.1587   19.6155
    7.5000   30.0000   30.0000 2122.4585   19.8311
   -7.5000   37.5000   30.0000 1995.7557   22.5901
    0.0000   37.5000   30.0000 1992.2020   22.4965
    7.5000   37.5000   30.0000 1965.6497   22.8543
   -7.5000   45.0000   30.0000 1832.6410   26.6001
    0.0000   45.0000   30.0000 1826.2811   26.5164
    7.5000   45.0000   30.0000 1789.6089   27.0393
   -7.5000  -45.0000   37.5000 2443.8518   16.0661
    0.0000  -45.0000   37.5000 2440.0168   15.9457
    7.5000  -45.0000   37.5000 2408.8442   16.3886
   -7.5000  -37.5000   37.5000 2575.3813   14.8294
    0.0000  -37.5000   37.5000 2577.4421   14.7552
    7.5000  -37.5000   37.5000 2544.6987   15.2485
   -7.5000  -30.0000   37.5000 2691.2290   14.2066
    0.0000  -30.0000   37.5000 2690.2144   14.1536
    7.5000  -30.0000   37.5000 2655.8354   14.5689
   -7.5000  -22.5000   37.5000 2769.4573   13.9587
    0.0000  -22.5000   37.5000 2761.2571   13.8819
    7.5000  -22.5000   37.5000 2726.4258   14.1976
   -7.5000  -15.0000   37.5000 2787.8462   13.9105
    0.0000  -15.0000   37.5000 2781.9756   13.8122
    7.5000  -15.0000   37.5000 2748.7175   14.0421
   -7.5000   -7.5000   37.5000 2768.9038   14.0720
    0.0000   -7.5000   37.5000 2763.4314   13.9742
    7.5000   -7.5000   37.5000 2724.1355   14.1387
   -7.5000    0.0000   37.5000 2705.4031   14.5129
    0.0000    0.0000   37.5000 2703.5486   14.4544
    7.5000    0.0000   37.5000 2658.3845   14.6197
   -7.5000    7.5000   37.5000 2602.0493   15.2914
    0.0000    7.5000   37.5000 2598.7930   15.2468
    7.5000    7.5000   37.5000 2550.4854   15.4088
   -7.5000   15.0000   37.5000 2451.6411   16.3927
    0.0000   15.0000   37.5000 2447.3936   16.4028
    7.5000   15.0000   37.5000 2406.9050   16.5768
   -7.5000   22.5000   37.5000 2287.1333   18.0055
    0.0000   22.5000   37.5000 2282.3406   17.9795
    7.5000   22.5000   37.5000 2247.7935   18.1869
   -7.5000   30.0000   37.5000 2120.9470   20.2038
    0.0000   30.0000   37.5000 2117.8027   20.1128
    7.5000   30.0000   37.5000 2094.5559   20.3932
   -7.5000   37.5000   37.5000 1966.2042   23.1230
    0.0000   37.5000   37.5000 1962.4771   23.0072
    7.5000   37.5000   37.5000 1933.7706   23.3544
   -7.5000   45.0000   37.5000 1807.2433   27.1404
    0.0000   45.0000   37.5000 1799.5201   27.0659
    7.5000   45.0000   37.5000 1769.2859   27.5483
   -7.5000  -45.0000   45.0000 2388.2224   16.8307
    0.0000  -45.0000   45.0000 2393.0012   16.7334
    7.5000  -45.0000   45.0000 2359.4270   17.2051
   -7.5000  -37.5000   45.0000 2525.7976   15.6824
    0.0000  -37.5000   45.0000 2528.2092   15.6141
    7.5000  -37.5000   45.0000 2490.1401   16.0733
   -7.5000  -30.0000   45.0000 2629.3499   15.0613
    0.0000  -30.0000   45.0000 2631.9985   14.9988
    7.5000  -30.0000   45.0000 2593.7295   15.3760
   -7.5000  -22.5000   45.0000 2696.8652   14.7423
    0.0000  -22.5000   45.0000 2694.6421   14.6795
    7.5000  -22.5000   45.0000 2663.6426   14.9862
   -7.5000  -15.0000   45.0000 2719.3896   14.6336
    0.0000  -15.0000   45.0000 2718.0703   14.5529
    7.5000  -15.0000   45.0000 2682.7659   14.8001
   -7.5000   -7.5000   45.0000 2704.8555   14.7617
    0.0000   -7.5000   45.0000 2702.5566   14.6650
    7.5000   -7.5000   45.0000 2659.1763   14.8590
   -7.5000    0.0000   45.0000 2646.8171   15.1722
    0.0000    0.0000   45.0000 2643.9976   15.1017
    7.5000    0.0000   45.0000 2598.2593   15.2901
   -7.5000    7.5000   45.0000 2543.5469   15.9598
    0.0000    7.5000   45.0000 2543.2583   15.9144
    7.5000    7.5000   45.0000 2497.3875   16.0887
   -7.5000   15.0000   45.0000 2400.4011   17.1681
    0.0000   15.0000   45.0000 2396.9658   17.1245
    7.5000   15.0000   45.0000 2357.7339   17.3125
   -7.5000   22.5000   45.0000 2242.6733   18.7878
    0.0000   22.5000   45.0000 2236.4800   18.7495
    7.5000   22.5000   45.0000 2208.2424   18.9369
   -7.5000   30.0000   45.0000 2088.6448   20.9961
    0.0000   30.0000   45.0000 2081.3552   20.9277
    7.5000   30.0000   45.0000 2064.0369   21.1818
   -7.5000   37.5000   45.0000 1940.3906   24.0482
    0.0000   37.5000   45.0000 1933.0643   23.8983
    7.5000   37.5000   45.0000 1907.1646   24.2208
   -7.5000   45.0000   45.0000 1781.1515   28.1312
    0.0000   45.0000   45.0000 1775.5836   27.9919
    7.5000   45.0000   45.0000 1737.5482   28.4171

---------------------------------------------------------------------
imgreg_4dfp /opt/freesurfer/average/3T18yoSchwartzReactN32_as_orig /opt/freesurfer/average/711-2B_as_mni_average_305_mask talsrcimg_g11 none talsrcimg_to_3T18yoSchwartzReactN32_as_orig_t4 1283
---------------------------------------------------------------------

freesurfer imgreg_4dfp.c
/opt/freesurfer/average/3T18yoSchwartzReactN32_as_orig.4dfp.img
       256       256       256         1
  1.000000  1.000000  1.000000
orientation T byte_order littleendian
Reading image: /opt/freesurfer/average/3T18yoSchwartzReactN32_as_orig.4dfp.img
dimensions:      256       256       256
mmppix:       1.0000   -1.0000   -1.0000
center:     128.0000 -129.0000 -129.0000
/opt/freesurfer/average/711-2B_as_mni_average_305_mask.4dfp.img
       256       256       256         1
  1.000000  1.000000  1.000000
orientation T byte_order littleendian
Reading mask: /opt/freesurfer/average/711-2B_as_mni_average_305_mask.4dfp.img (2306576 pixels)
talsrcimg_g11.4dfp.img
       256       256       256         1
  1.000000  1.000000  1.000000
orientation T byte_order littleendian
Reading image: talsrcimg_g11.4dfp.img
dimensions:      256       256       256
mmppix:       1.0000   -1.0000   -1.0000
center:     128.0000 -129.0000 -129.0000
rotation matrix determinant  1.000000
fimgreg.f
image alignment mode   1283 decimal      503 hex
parameters
   -7.5000  -15.0000   22.5000    0.0000    0.0000    0.0000
eta,q 0.89824 12.79915
niter,ni,del,rscale     5    3   12.0000    1.2000
parameter  1 -0.797389 -> -0.500000 qaram    1.1500
parameters
   -4.0500  -17.5548   23.8100   -0.3223   -2.8270   -2.3800
eta,q 0.89980 12.65641
  0.1155  0.1059  0.1160  0.1057  0.1018  0.1007
  0.1120  0.1035  0.1103  0.1032  0.1008  0.1003
  0.1088  0.1018  0.1049  0.1014  0.1003  0.1002
  0.1058  0.1044  0.1014  0.1012  0.1012  0.1004
  0.1044  0.1075  0.1014  0.1026  0.1032  0.1008
  0.1038  0.1095  0.1040  0.1047  0.1063  0.1013
  0.1040  0.1111  0.1077  0.1057  0.1082  0.1017
niter,ni,del,rscale     5    3   12.0000    1.2000
parameters
   -3.2188  -16.9910   24.0911   -0.0723   -3.5068   -4.9963
eta,q 0.89980 12.65023
  0.1127  0.1103  0.1111  0.1044  0.1024  0.1005
  0.1067  0.1053  0.1063  0.1021  0.1014  0.1003
  0.1015  0.1035  0.1017  0.1007  0.1006  0.1002
  0.1002  0.1006  0.1001  0.1002  0.1002  0.1002
  0.1015  0.1012  0.1016  0.1011  0.1005  0.1008
  0.1040  0.1055  0.1044  0.1026  0.1018  0.1014
  0.1073  0.1067  0.1095  0.1031  0.1043  0.1019
niter,ni,del,rscale     4    3   12.0000    1.2000
parameters
   -2.5905  -16.4783   24.1213    0.0284   -3.1446   -6.3668
eta,q 0.89973 12.66035
  0.1110  0.1095  0.1113  0.1046  0.1022  0.1007
  0.1058  0.1057  0.1057  0.1024  0.1025  0.1006
  0.1017  0.1034  0.1012  0.1008  0.1015  0.1003
  0.1002  0.1003  0.1002  0.1002  0.1003  0.1002
  0.1012  0.1028  0.1022  0.1021  0.1002  0.1004
  0.1034  0.1060  0.1056  0.1035  0.1010  0.1010
  0.1076  0.1062  0.1108  0.1031  0.1029  0.1020
niter,ni,del,rscale     3    3   12.0000    1.2000
parameters
   -2.5576  -16.2453   24.0960   -0.1310   -2.8786   -6.6523
eta,q 0.89964 12.66486
  0.1090  0.1087  0.1117  0.1050  0.1027  0.1011
  0.1050  0.1049  0.1059  0.1024  0.1030  0.1007
  0.1013  0.1020  0.1015  0.1005  0.1017  0.1006
  0.1003  0.1003  0.1005  0.1005  0.1004  0.1003
  0.1019  0.1040  0.1027  0.1028  0.1005  0.1003
  0.1041  0.1058  0.1063  0.1042  0.1014  0.1007
  0.1091  0.1060  0.1113  0.1036  0.1035  0.1015
niter,ni,del,rscale     2    3   12.0000    1.2000
parameters
   -2.6240  -16.1955   24.0603   -0.2320   -2.7215   -6.6238
eta,q 0.89976 12.66803
  0.1088  0.1083  0.1119  0.1053  0.1029  0.1011
  0.1049  0.1046  0.1060  0.1025  0.1031  0.1007
  0.1012  0.1016  0.1014  0.1005  0.1016  0.1006
  0.1004  0.1003  0.1004  0.1004  0.1003  0.1002
  0.1021  0.1042  0.1028  0.1027  0.1005  0.1002
  0.1043  0.1058  0.1065  0.1042  0.1017  0.1006
  0.1094  0.1063  0.1115  0.1037  0.1038  0.1013
niter,ni,del,rscale     1    3   12.0000    1.2000
parameters
   -2.6776  -16.1839   24.0361   -0.2984   -2.6507   -6.6416
eta,q 0.89984 12.66967
  0.1088  0.1082  0.1119  0.1054  0.1029  0.1010
  0.1049  0.1045  0.1060  0.1025  0.1030  0.1006
  0.1011  0.1015  0.1013  0.1005  0.1014  0.1005
  0.1002  0.1002  0.1002  0.1002  0.1002  0.1002
  0.1020  0.1042  0.1027  0.1026  0.1005  0.1001
  0.1042  0.1059  0.1065  0.1042  0.1017  0.1005
  0.1094  0.1063  0.1115  0.1038  0.1039  0.1012
registration optimization eta report
parameter search radius
    6.9000    6.0000    6.0000    6.0000    6.0000    6.0000
100000*second partial in parameter space
       18.       16.       31.       11.        8.        3.
  0.1088  0.1082  0.1119  0.1054  0.1029  0.1010
  0.1049  0.1045  0.1060  0.1025  0.1030  0.1006
  0.1011  0.1015  0.1013  0.1005  0.1014  0.1005
  0.1002  0.1002  0.1002  0.1002  0.1002  0.1002
  0.1020  0.1042  0.1027  0.1026  0.1005  0.1001
  0.1042  0.1059  0.1065  0.1042  0.1017  0.1005
  0.1094  0.1063  0.1115  0.1038  0.1039  0.1012
   -2.6776  -16.1839   24.0361   -0.2984   -2.6507   -6.6416
eta,q 0.89984 12.66967

---------------------------------------------------------------------
imgreg_4dfp /opt/freesurfer/average/3T18yoSchwartzReactN32_as_orig /opt/freesurfer/average/711-2B_as_mni_average_305_mask talsrcimg_g11 none talsrcimg_to_3T18yoSchwartzReactN32_as_orig_t4 3335
---------------------------------------------------------------------

freesurfer imgreg_4dfp.c
/opt/freesurfer/average/3T18yoSchwartzReactN32_as_orig.4dfp.img
       256       256       256         1
  1.000000  1.000000  1.000000
orientation T byte_order littleendian
Reading image: /opt/freesurfer/average/3T18yoSchwartzReactN32_as_orig.4dfp.img
dimensions:      256       256       256
mmppix:       1.0000   -1.0000   -1.0000
center:     128.0000 -129.0000 -129.0000
/opt/freesurfer/average/711-2B_as_mni_average_305_mask.4dfp.img
       256       256       256         1
  1.000000  1.000000  1.000000
orientation T byte_order littleendian
Reading mask: /opt/freesurfer/average/711-2B_as_mni_average_305_mask.4dfp.img (2306576 pixels)
talsrcimg_g11.4dfp.img
       256       256       256         1
  1.000000  1.000000  1.000000
orientation T byte_order littleendian
Reading image: talsrcimg_g11.4dfp.img
dimensions:      256       256       256
mmppix:       1.0000   -1.0000   -1.0000
center:     128.0000 -129.0000 -129.0000
fimgreg.f
image alignment mode   3335 decimal      D07 hex
parameters
   -2.6776  -16.1839   24.0361   -0.7774   -0.6697   -0.1084
   11.5418    4.6539  -11.5535   -0.0176   -4.6247   -0.5202
eta,q 0.89977 12.83283
niter,ni,del,rscale     5    3    5.0000    1.2000
parameter  4 14.470907 ->  0.500000 qaram    1.1500
parameter  5  5.345071 ->  0.500000 qaram    1.1500
parameter  7  0.841971 ->  0.500000 qaram    1.1500
parameter  9 -0.917650 -> -0.500000 qaram    1.1500
parameter 10  0.553355 ->  0.500000 qaram    1.1500
parameter 12 -0.918407 -> -0.500000 qaram    1.1500
parameters
   -2.0600  -15.8632   23.2226   -4.9174   -4.8097   -2.9158
    7.4018    5.2394   -7.4135   -4.1576   -6.1306    3.6198
eta,q 0.91217 11.99531
  0.1011  0.1018  0.1005  0.0939  0.0871  0.0916  0.0897  0.0923  0.0930  0.0886  0.0886  0.0900
  0.1007  0.1010  0.1001  0.0957  0.0898  0.0907  0.0897  0.0911  0.0917  0.0883  0.0884  0.0893
  0.1004  0.1005  0.1000  0.0978  0.0928  0.0902  0.0899  0.0902  0.0906  0.0884  0.0883  0.0887
  0.1002  0.1002  0.1002  0.1000  0.0962  0.0906  0.0903  0.0898  0.0897  0.0889  0.0883  0.0883
  0.1002  0.1003  0.1005  0.1023  0.1003  0.0924  0.0909  0.0899  0.0891  0.0896  0.0885  0.0880
  0.1003  0.1006  0.1011  0.1044  0.1040  0.0966  0.0916  0.0905  0.0889  0.0906  0.0887  0.0878
  0.1005  0.1011  0.1019  0.1065  0.1076  0.1020  0.0925  0.0917  0.0888  0.0923  0.0891  0.0877
niter,ni,del,rscale     7    3    5.0000    1.2000
parameter  4  1.416149 ->  0.500000 qaram    1.3225
parameter  5  1.629974 ->  0.500000 qaram    1.3225
parameter  9 -0.624288 -> -0.500000 qaram    1.3225
parameter 12 -1.106654 -> -0.500000 qaram    1.3225
parameters
   -3.1465  -15.5502   22.1469   -9.6784   -9.5707   -4.0356
    4.9885    4.6211   -2.6525   -3.0149   -6.9715    8.3808
eta,q 0.92064 11.34240
  0.0879  0.0893  0.0877  0.0842  0.0791  0.0838  0.0813  0.0824  0.0833  0.0834  0.0805  0.0829
  0.0876  0.0886  0.0874  0.0844  0.0802  0.0824  0.0809  0.0815  0.0822  0.0819  0.0803  0.0818
  0.0876  0.0880  0.0874  0.0855  0.0822  0.0812  0.0807  0.0809  0.0813  0.0809  0.0802  0.0809
  0.0878  0.0876  0.0876  0.0874  0.0846  0.0807  0.0808  0.0807  0.0807  0.0803  0.0801  0.0801
  0.0882  0.0876  0.0879  0.0896  0.0880  0.0812  0.0812  0.0810  0.0804  0.0801  0.0803  0.0796
  0.0888  0.0880  0.0885  0.0921  0.0919  0.0837  0.0818  0.0819  0.0803  0.0808  0.0805  0.0793
  0.0896  0.0887  0.0892  0.0943  0.0956  0.0880  0.0826  0.0832  0.0804  0.0822  0.0807  0.0791
niter,ni,del,rscale     7    3    5.0000    1.2000
parameter  5  0.780178 ->  0.500000 qaram    1.5209
parameter  7  0.627754 ->  0.500000 qaram    1.3225
parameter 12 -1.121452 -> -0.500000 qaram    1.5209
parameters
   -3.5453  -14.8621   21.3731  -13.0543  -15.0458   -3.6009
    0.2275    3.9324    0.4071   -2.6959   -6.0965   13.8560
eta,q 0.92479 10.85191
  0.0803  0.0815  0.0795  0.0802  0.0767  0.0805  0.0764  0.0777  0.0776  0.0794  0.0764  0.0795
  0.0797  0.0804  0.0793  0.0795  0.0766  0.0791  0.0763  0.0769  0.0771  0.0777  0.0762  0.0782
  0.0794  0.0797  0.0792  0.0790  0.0772  0.0777  0.0763  0.0764  0.0766  0.0766  0.0762  0.0770
  0.0794  0.0793  0.0793  0.0792  0.0790  0.0767  0.0766  0.0763  0.0762  0.0761  0.0761  0.0761
  0.0797  0.0793  0.0795  0.0805  0.0816  0.0763  0.0769  0.0766  0.0761  0.0764  0.0761  0.0755
  0.0803  0.0795  0.0798  0.0826  0.0850  0.0773  0.0773  0.0773  0.0762  0.0773  0.0762  0.0751
  0.0812  0.0798  0.0804  0.0853  0.0894  0.0807  0.0780  0.0784  0.0766  0.0790  0.0763  0.0749
niter,ni,del,rscale     7    3    5.0000    1.2000
parameter 12 -0.949905 -> -0.500000 qaram    1.7490
parameters
   -3.2773  -13.8645   20.9790  -12.9806  -20.4619   -3.3543
   -1.5751    4.2042    2.2056   -2.3064   -4.6816   20.1524
eta,q 0.92665 10.58234
  0.0766  0.0773  0.0753  0.0773  0.0748  0.0779  0.0748  0.0763  0.0752  0.0777  0.0745  0.0775
  0.0759  0.0763  0.0750  0.0763  0.0746  0.0766  0.0745  0.0752  0.0748  0.0757  0.0743  0.0762
  0.0754  0.0757  0.0749  0.0755  0.0743  0.0753  0.0743  0.0745  0.0745  0.0745  0.0743  0.0751
  0.0752  0.0752  0.0749  0.0749  0.0749  0.0744  0.0743  0.0742  0.0742  0.0742  0.0742  0.0742
  0.0752  0.0749  0.0750  0.0748  0.0769  0.0740  0.0745  0.0744  0.0742  0.0746  0.0742  0.0736
  0.0755  0.0750  0.0753  0.0757  0.0800  0.0754  0.0749  0.0750  0.0744  0.0755  0.0743  0.0733
  0.0761  0.0754  0.0758  0.0778  0.0843  0.0783  0.0753  0.0760  0.0747  0.0769  0.0743  0.0732
niter,ni,del,rscale     7    3    5.0000    1.2000
parameter  5  0.541117 ->  0.500000 qaram    1.7490
parameter 11  1.339803 ->  0.500000 qaram    1.1500
parameters
   -3.0016  -13.5539   20.5809  -12.4057  -26.7583   -3.0462
   -3.2257    4.2251   -2.0919   -2.4224   -8.8216   22.0289
eta,q 0.92698 10.31528
  0.0748  0.0746  0.0737  0.0759  0.0725  0.0772  0.0737  0.0756  0.0734  0.0761  0.0730  0.0741
  0.0741  0.0741  0.0735  0.0749  0.0735  0.0759  0.0735  0.0744  0.0733  0.0744  0.0730  0.0736
  0.0736  0.0736  0.0733  0.0740  0.0734  0.0745  0.0734  0.0736  0.0733  0.0735  0.0732  0.0734
  0.0733  0.0733  0.0733  0.0733  0.0732  0.0735  0.0734  0.0734  0.0734  0.0733  0.0733  0.0731
  0.0734  0.0733  0.0734  0.0731  0.0739  0.0733  0.0735  0.0736  0.0734  0.0738  0.0736  0.0730
  0.0737  0.0736  0.0737  0.0739  0.0756  0.0746  0.0737  0.0744  0.0736  0.0746  0.0738  0.0732
  0.0743  0.0742  0.0742  0.0759  0.0789  0.0774  0.0739  0.0755  0.0737  0.0760  0.0741  0.0737
niter,ni,del,rscale     7    3    5.0000    1.2000
parameter  2  2.299961 ->  0.500000 qaram    1.1500
parameter  3  0.603520 ->  0.500000 qaram    1.1500
parameter  5  6.472140 ->  0.500000 qaram    2.0114
parameter 10  0.619925 ->  0.500000 qaram    1.3225
parameter 11  1.265348 ->  0.500000 qaram    1.3225
parameter 12  1.560100 ->  0.500000 qaram    2.0114
parameters
   -3.6503  -14.9339   19.2009  -14.9267  -33.9992   -3.7146
   -2.2654    1.6245   -2.9650   -7.1834  -13.5826   14.7881
eta,q 0.93409  9.96178
  0.0735  0.0718  0.0722  0.0733  0.0679  0.0715  0.0705  0.0691  0.0694  0.0679  0.0666  0.0654
  0.0731  0.0721  0.0720  0.0724  0.0682  0.0703  0.0696  0.0685  0.0689  0.0673  0.0667  0.0658
  0.0729  0.0725  0.0721  0.0719  0.0696  0.0692  0.0690  0.0683  0.0685  0.0675  0.0669  0.0662
  0.0730  0.0729  0.0722  0.0720  0.0719  0.0685  0.0686  0.0686  0.0683  0.0683  0.0672  0.0667
  0.0733  0.0734  0.0725  0.0728  0.0733  0.0689  0.0687  0.0693  0.0686  0.0698  0.0677  0.0675
  0.0739  0.0740  0.0729  0.0743  0.0743  0.0703  0.0692  0.0703  0.0692  0.0717  0.0683  0.0684
  0.0746  0.0747  0.0734  0.0767  0.0760  0.0739  0.0699  0.0717  0.0700  0.0738  0.0688  0.0693
niter,ni,del,rscale     7    3    5.0000    1.2000
parameter  2  1.062601 ->  0.500000 qaram    1.3225
parameter  3  0.566816 ->  0.500000 qaram    1.3225
parameter  6  0.552836 ->  0.500000 qaram    1.1500
parameter  7 -0.878407 -> -0.500000 qaram    1.5209
parameter 10  0.843072 ->  0.500000 qaram    1.5209
parameters
   -3.3631  -16.5209   17.6139  -15.8320  -39.7423   -7.8546
    3.2097    4.2096    0.5803  -12.6586  -10.5632    9.2477
eta,q 0.94140  9.68700
  0.0674  0.0642  0.0646  0.0665  0.0664  0.0632  0.0694  0.0644  0.0655  0.0592  0.0603  0.0593
  0.0667  0.0645  0.0644  0.0655  0.0646  0.0631  0.0673  0.0630  0.0638  0.0588  0.0595  0.0588
  0.0662  0.0651  0.0645  0.0648  0.0635  0.0632  0.0651  0.0620  0.0623  0.0595  0.0591  0.0586
  0.0659  0.0659  0.0647  0.0644  0.0645  0.0636  0.0632  0.0614  0.0612  0.0608  0.0589  0.0589
  0.0659  0.0670  0.0650  0.0645  0.0673  0.0654  0.0619  0.0612  0.0608  0.0627  0.0589  0.0595
  0.0663  0.0685  0.0654  0.0655  0.0726  0.0678  0.0614  0.0614  0.0611  0.0651  0.0589  0.0607
  0.0668  0.0705  0.0658  0.0684  0.0754  0.0713  0.0616  0.0619  0.0620  0.0677  0.0591  0.0620
niter,ni,del,rscale     7    3    5.0000    1.2000
parameter  3  2.212359 ->  0.500000 qaram    1.5209
parameter  6  0.506635 ->  0.500000 qaram    1.3225
parameters
   -3.6727  -17.3123   15.7888  -14.3085  -40.4012  -12.6156
    2.7042    5.4217    0.4997  -12.2686   -6.8346   14.3047
eta,q 0.94435  9.57227
  0.0599  0.0596  0.0569  0.0637  0.0643  0.0572  0.0597  0.0596  0.0582  0.0620  0.0573  0.0575
  0.0591  0.0589  0.0571  0.0611  0.0622  0.0562  0.0575  0.0579  0.0570  0.0580  0.0567  0.0569
  0.0586  0.0585  0.0577  0.0588  0.0594  0.0562  0.0563  0.0567  0.0562  0.0564  0.0563  0.0564
  0.0586  0.0586  0.0585  0.0572  0.0569  0.0571  0.0561  0.0561  0.0560  0.0560  0.0560  0.0559
  0.0589  0.0591  0.0594  0.0568  0.0563  0.0597  0.0569  0.0561  0.0563  0.0566  0.0559  0.0557
  0.0597  0.0601  0.0602  0.0579  0.0610  0.0635  0.0583  0.0567  0.0571  0.0583  0.0559  0.0557
  0.0608  0.0619  0.0611  0.0612  0.0690  0.0681  0.0601  0.0578  0.0583  0.0605  0.0562  0.0563
niter,ni,del,rscale     7    3    5.0000    1.2000
parameter  3  0.888265 ->  0.500000 qaram    1.7490
parameters
   -3.5072  -17.4070   13.6900  -12.5102  -39.4880  -13.1062
    2.6651    4.3565    0.7400  -11.2944   -5.7006   20.0207
eta,q 0.94676  9.67677
  0.0577  0.0571  0.0544  0.0613  0.0616  0.0600  0.0578  0.0559  0.0564  0.0612  0.0550  0.0562
  0.0566  0.0563  0.0543  0.0585  0.0595  0.0576  0.0556  0.0545  0.0550  0.0566  0.0542  0.0553
  0.0559  0.0558  0.0548  0.0560  0.0568  0.0552  0.0541  0.0538  0.0541  0.0544  0.0538  0.0544
  0.0557  0.0556  0.0556  0.0544  0.0540  0.0536  0.0537  0.0537  0.0537  0.0537  0.0537  0.0537
  0.0558  0.0558  0.0569  0.0540  0.0528  0.0539  0.0543  0.0544  0.0539  0.0542  0.0537  0.0533
  0.0563  0.0564  0.0585  0.0551  0.0557  0.0574  0.0558  0.0558  0.0548  0.0558  0.0540  0.0533
  0.0573  0.0574  0.0603  0.0581  0.0623  0.0631  0.0578  0.0577  0.0562  0.0583  0.0544  0.0542
niter,ni,del,rscale     7    3    5.0000    1.2000
parameter  3  0.524190 ->  0.500000 qaram    2.0114
parameter 12 -0.557194 -> -0.500000 qaram    2.3131
parameters
   -3.6278  -18.3719   11.2764  -11.6614  -38.6510  -13.2475
    2.1691    3.8267    1.8237  -11.7512   -4.2227   28.3477
eta,q 0.94928  9.82494
  0.0551  0.0540  0.0530  0.0594  0.0600  0.0597  0.0560  0.0548  0.0556  0.0577  0.0534  0.0552
  0.0540  0.0533  0.0524  0.0564  0.0576  0.0570  0.0537  0.0532  0.0538  0.0537  0.0525  0.0540
  0.0534  0.0531  0.0525  0.0539  0.0549  0.0541  0.0522  0.0521  0.0525  0.0520  0.0520  0.0528
  0.0532  0.0532  0.0531  0.0524  0.0522  0.0518  0.0519  0.0519  0.0519  0.0518  0.0517  0.0517
  0.0535  0.0538  0.0544  0.0523  0.0510  0.0517  0.0527  0.0524  0.0519  0.0529  0.0517  0.0509
  0.0543  0.0548  0.0564  0.0542  0.0539  0.0556  0.0544  0.0538  0.0528  0.0551  0.0520  0.0508
  0.0556  0.0564  0.0588  0.0579  0.0608  0.0624  0.0566  0.0559  0.0543  0.0581  0.0526  0.0518
niter,ni,del,rscale     7    3    5.0000    1.2000
parameters
   -3.6506  -19.0360   10.7502  -12.0230  -39.5531  -14.2273
    1.2145    3.6492    2.8875  -15.0540   -3.6551   31.0217
eta,q 0.95010  9.81825
  0.0532  0.0520  0.0550  0.0569  0.0579  0.0584  0.0553  0.0545  0.0548  0.0536  0.0519  0.0551
  0.0518  0.0512  0.0524  0.0541  0.0555  0.0556  0.0531  0.0528  0.0532  0.0511  0.0511  0.0535
  0.0510  0.0507  0.0509  0.0517  0.0528  0.0528  0.0516  0.0517  0.0519  0.0505  0.0507  0.0519
  0.0507  0.0507  0.0507  0.0506  0.0506  0.0509  0.0514  0.0513  0.0513  0.0513  0.0505  0.0505
  0.0510  0.0512  0.0518  0.0512  0.0505  0.0521  0.0523  0.0517  0.0514  0.0531  0.0505  0.0495
  0.0519  0.0524  0.0541  0.0541  0.0549  0.0572  0.0542  0.0529  0.0522  0.0559  0.0509  0.0503
  0.0533  0.0542  0.0573  0.0588  0.0629  0.0640  0.0568  0.0550  0.0536  0.0595  0.0516  0.0539
niter,ni,del,rscale     6    3    5.0000    1.2000
parameters
   -3.4747  -19.0330   10.8332  -12.2921  -40.5193  -15.1777
    0.3390    3.7848    3.3286  -16.1530   -3.4412   33.8925
eta,q 0.95030  9.77850
  0.0527  0.0521  0.0555  0.0562  0.0571  0.0576  0.0546  0.0541  0.0539  0.0554  0.0517  0.0554
  0.0513  0.0509  0.0525  0.0534  0.0547  0.0549  0.0524  0.0523  0.0523  0.0519  0.0510  0.0537
  0.0503  0.0502  0.0506  0.0511  0.0521  0.0521  0.0510  0.0511  0.0511  0.0504  0.0506  0.0521
  0.0499  0.0499  0.0499  0.0499  0.0499  0.0502  0.0506  0.0506  0.0506  0.0506  0.0504  0.0504
  0.0500  0.0500  0.0504  0.0504  0.0500  0.0513  0.0516  0.0509  0.0509  0.0519  0.0505  0.0493
  0.0507  0.0508  0.0522  0.0532  0.0546  0.0563  0.0535  0.0520  0.0518  0.0540  0.0509  0.0501
  0.0520  0.0522  0.0552  0.0578  0.0619  0.0631  0.0560  0.0539  0.0534  0.0570  0.0516  0.0540
niter,ni,del,rscale     5    3    5.0000    1.2000
parameters
   -3.3262  -18.9301   10.6616  -12.3725  -41.5622  -15.9924
   -0.1950    3.9153    3.5705  -17.3537   -3.3583   36.4732
eta,q 0.95052  9.75289
  0.0524  0.0519  0.0547  0.0561  0.0568  0.0576  0.0547  0.0539  0.0536  0.0550  0.0515  0.0556
  0.0511  0.0508  0.0520  0.0533  0.0543  0.0548  0.0524  0.0521  0.0520  0.0515  0.0507  0.0538
  0.0501  0.0501  0.0502  0.0510  0.0518  0.0520  0.0509  0.0509  0.0508  0.0501  0.0503  0.0520
  0.0497  0.0497  0.0497  0.0497  0.0497  0.0500  0.0504  0.0504  0.0504  0.0504  0.0502  0.0502
  0.0499  0.0498  0.0503  0.0501  0.0498  0.0509  0.0512  0.0507  0.0507  0.0517  0.0503  0.0490
  0.0506  0.0505  0.0524  0.0527  0.0544  0.0557  0.0530  0.0518  0.0517  0.0538  0.0507  0.0500
  0.0519  0.0518  0.0556  0.0572  0.0616  0.0626  0.0556  0.0537  0.0533  0.0568  0.0514  0.0544
niter,ni,del,rscale     4    3    5.0000    1.2000
parameters
   -3.2146  -18.8854   10.5359  -12.4343  -42.5744  -16.7929
   -0.4766    4.0502    3.7046  -18.4339   -3.4577   38.7284
eta,q 0.95070  9.72937
  0.0522  0.0516  0.0547  0.0559  0.0566  0.0573  0.0546  0.0536  0.0533  0.0550  0.0512  0.0558
  0.0508  0.0505  0.0518  0.0531  0.0540  0.0546  0.0523  0.0519  0.0517  0.0513  0.0505  0.0540
  0.0499  0.0498  0.0500  0.0508  0.0515  0.0518  0.0507  0.0506  0.0506  0.0499  0.0501  0.0519
  0.0495  0.0495  0.0495  0.0495  0.0495  0.0498  0.0502  0.0502  0.0501  0.0501  0.0499  0.0499
  0.0497  0.0496  0.0501  0.0499  0.0496  0.0506  0.0508  0.0504  0.0505  0.0514  0.0501  0.0488
  0.0504  0.0503  0.0521  0.0525  0.0542  0.0553  0.0526  0.0516  0.0515  0.0535  0.0506  0.0500
  0.0517  0.0517  0.0554  0.0569  0.0613  0.0624  0.0551  0.0535  0.0532  0.0564  0.0513  0.0548
niter,ni,del,rscale     3    3    5.0000    1.2000
parameters
   -3.1446  -18.8398   10.4469  -12.4929  -43.4843  -17.5704
   -0.5850    4.2109    3.8265  -19.3342   -3.5728   40.5944
eta,q 0.95080  9.70563
  0.0519  0.0515  0.0547  0.0557  0.0567  0.0572  0.0545  0.0534  0.0531  0.0551  0.0511  0.0560
  0.0505  0.0504  0.0517  0.0529  0.0539  0.0543  0.0522  0.0516  0.0515  0.0512  0.0503  0.0540
  0.0496  0.0496  0.0499  0.0506  0.0513  0.0515  0.0506  0.0504  0.0503  0.0497  0.0499  0.0518
  0.0493  0.0493  0.0493  0.0493  0.0493  0.0496  0.0499  0.0499  0.0499  0.0499  0.0497  0.0497
  0.0495  0.0494  0.0499  0.0497  0.0495  0.0504  0.0505  0.0502  0.0502  0.0512  0.0499  0.0487
  0.0503  0.0501  0.0519  0.0523  0.0539  0.0550  0.0522  0.0513  0.0513  0.0533  0.0504  0.0501
  0.0516  0.0516  0.0552  0.0566  0.0610  0.0622  0.0547  0.0532  0.0530  0.0561  0.0512  0.0554
niter,ni,del,rscale     2    3    5.0000    1.2000
parameters
   -3.0980  -18.8274   10.3883  -12.5131  -44.2494  -18.2852
   -0.6509    4.3390    3.9172  -20.0725   -3.6334   42.1374
eta,q 0.95083  9.68611
  0.0517  0.0514  0.0546  0.0556  0.0567  0.0570  0.0543  0.0532  0.0529  0.0552  0.0510  0.0561
  0.0504  0.0503  0.0517  0.0528  0.0539  0.0542  0.0521  0.0514  0.0513  0.0512  0.0502  0.0540
  0.0495  0.0495  0.0498  0.0505  0.0512  0.0514  0.0504  0.0502  0.0502  0.0495  0.0498  0.0517
  0.0492  0.0492  0.0492  0.0492  0.0492  0.0494  0.0498  0.0498  0.0497  0.0497  0.0496  0.0496
  0.0494  0.0493  0.0498  0.0496  0.0493  0.0501  0.0503  0.0500  0.0501  0.0510  0.0497  0.0486
  0.0502  0.0501  0.0517  0.0521  0.0536  0.0545  0.0520  0.0512  0.0511  0.0530  0.0502  0.0503
  0.0516  0.0515  0.0550  0.0564  0.0607  0.0618  0.0546  0.0530  0.0528  0.0559  0.0510  0.0559
niter,ni,del,rscale     1    3    5.0000    1.2000
parameters
   -3.0633  -18.8384   10.3433  -12.5108  -44.8845  -18.9161
   -0.6953    4.4217    3.9812  -20.7018   -3.6729   43.4095
eta,q 0.95085  9.67108
  0.0517  0.0513  0.0545  0.0555  0.0568  0.0569  0.0543  0.0530  0.0527  0.0552  0.0509  0.0562
  0.0503  0.0502  0.0516  0.0528  0.0539  0.0541  0.0520  0.0513  0.0512  0.0511  0.0501  0.0539
  0.0495  0.0495  0.0498  0.0505  0.0512  0.0513  0.0503  0.0501  0.0501  0.0495  0.0497  0.0516
  0.0492  0.0492  0.0492  0.0492  0.0492  0.0494  0.0496  0.0496  0.0496  0.0496  0.0495  0.0495
  0.0494  0.0493  0.0497  0.0495  0.0492  0.0499  0.0502  0.0500  0.0500  0.0509  0.0496  0.0486
  0.0502  0.0501  0.0516  0.0520  0.0534  0.0541  0.0519  0.0511  0.0510  0.0529  0.0501  0.0504
  0.0515  0.0515  0.0548  0.0563  0.0604  0.0614  0.0544  0.0529  0.0527  0.0556  0.0509  0.0563
registration optimization eta report
parameter search radius
    2.4000    3.1740    4.8273    9.5220   14.4818    9.5220
   10.9503    7.2000    9.5220   10.9503    9.5220   16.6540
100000*second partial in parameter space
       42.       23.       24.        7.        5.       11.
        4.        6.        3.        5.        2.        2.
  0.0517  0.0513  0.0545  0.0555  0.0568  0.0569  0.0543  0.0530  0.0527  0.0552  0.0509  0.0562
  0.0503  0.0502  0.0516  0.0528  0.0539  0.0541  0.0520  0.0513  0.0512  0.0511  0.0501  0.0539
  0.0495  0.0495  0.0498  0.0505  0.0512  0.0513  0.0503  0.0501  0.0501  0.0495  0.0497  0.0516
  0.0492  0.0492  0.0492  0.0492  0.0492  0.0494  0.0496  0.0496  0.0496  0.0496  0.0495  0.0495
  0.0494  0.0493  0.0497  0.0495  0.0492  0.0499  0.0502  0.0500  0.0500  0.0509  0.0496  0.0486
  0.0502  0.0501  0.0516  0.0520  0.0534  0.0541  0.0519  0.0511  0.0510  0.0529  0.0501  0.0504
  0.0515  0.0515  0.0548  0.0563  0.0604  0.0614  0.0544  0.0529  0.0527  0.0556  0.0509  0.0563
   -3.0633  -18.8384   10.3433  -12.5108  -44.8845  -18.9161
   -0.6953    4.4217    3.9812  -20.7018   -3.6729   43.4095
eta,q 0.95085  9.67108

---------------------------------------------------------------------
imgreg_4dfp /opt/freesurfer/average/3T18yoSchwartzReactN32_as_orig /opt/freesurfer/average/711-2B_as_mni_average_305_mask talsrcimg_g11 none talsrcimg_to_3T18yoSchwartzReactN32_as_orig_t4 2311
---------------------------------------------------------------------

freesurfer imgreg_4dfp.c
/opt/freesurfer/average/3T18yoSchwartzReactN32_as_orig.4dfp.img
       256       256       256         1
  1.000000  1.000000  1.000000
orientation T byte_order littleendian
Reading image: /opt/freesurfer/average/3T18yoSchwartzReactN32_as_orig.4dfp.img
dimensions:      256       256       256
mmppix:       1.0000   -1.0000   -1.0000
center:     128.0000 -129.0000 -129.0000
/opt/freesurfer/average/711-2B_as_mni_average_305_mask.4dfp.img
       256       256       256         1
  1.000000  1.000000  1.000000
orientation T byte_order littleendian
Reading mask: /opt/freesurfer/average/711-2B_as_mni_average_305_mask.4dfp.img (2306576 pixels)
talsrcimg_g11.4dfp.img
       256       256       256         1
  1.000000  1.000000  1.000000
orientation T byte_order littleendian
Reading image: talsrcimg_g11.4dfp.img
dimensions:      256       256       256
mmppix:       1.0000   -1.0000   -1.0000
center:     128.0000 -129.0000 -129.0000
fimgreg.f
image alignment mode   2311 decimal      907 hex
parameters
   -3.0633  -18.8384   10.3433  -12.5108  -44.8845  -18.9161
   -0.6953    4.4217    3.9812  -20.7018   -3.6729   43.4095
eta,q 0.95085  9.67107
niter,ni,del,rscale     5    3    5.0000    0.8000
parameters
   -3.0247  -18.7425   10.3645  -11.8204  -42.8139  -18.1829
   -0.7155    4.0998    3.9062  -20.8685   -3.5566   44.6957
eta,q 0.95155  9.84858
  0.0503  0.0498  0.0497  0.0515  0.0510  0.0523  0.0498  0.0501  0.0495  0.0500  0.0490  0.0497
  0.0497  0.0495  0.0494  0.0504  0.0502  0.0509  0.0491  0.0492  0.0490  0.0491  0.0488  0.0492
  0.0493  0.0492  0.0492  0.0496  0.0496  0.0497  0.0487  0.0487  0.0487  0.0486  0.0486  0.0488
  0.0492  0.0492  0.0491  0.0491  0.0491  0.0488  0.0486  0.0486  0.0486  0.0486  0.0485  0.0485
  0.0493  0.0492  0.0492  0.0491  0.0488  0.0485  0.0487  0.0488  0.0487  0.0488  0.0486  0.0484
  0.0496  0.0493  0.0494  0.0495  0.0489  0.0492  0.0491  0.0495  0.0490  0.0493  0.0487  0.0486
  0.0502  0.0497  0.0497  0.0505  0.0493  0.0510  0.0498  0.0506  0.0496  0.0501  0.0490  0.0489
niter,ni,del,rscale     4    3    5.0000    0.7000
parameter  2  0.585241 ->  0.500000 qaram    1.1500
parameters
   -3.0787  -19.5475   10.1834  -12.0133  -42.3239  -18.3130
   -0.5974    4.0717    3.9779  -21.6188   -3.3161   45.8238
eta,q 0.95189  9.90437
  0.0493  0.0483  0.0487  0.0497  0.0495  0.0505  0.0493  0.0496  0.0490  0.0489  0.0486  0.0491
  0.0488  0.0483  0.0484  0.0489  0.0489  0.0495  0.0487  0.0488  0.0486  0.0484  0.0484  0.0487
  0.0485  0.0483  0.0483  0.0484  0.0485  0.0487  0.0484  0.0484  0.0483  0.0482  0.0482  0.0484
  0.0484  0.0484  0.0483  0.0483  0.0483  0.0482  0.0482  0.0482  0.0482  0.0482  0.0482  0.0482
  0.0486  0.0487  0.0484  0.0484  0.0482  0.0484  0.0483  0.0484  0.0483  0.0485  0.0482  0.0481
  0.0489  0.0491  0.0486  0.0490  0.0485  0.0494  0.0486  0.0488  0.0486  0.0490  0.0483  0.0482
  0.0495  0.0497  0.0490  0.0501  0.0491  0.0512  0.0492  0.0496  0.0490  0.0496  0.0485  0.0485
niter,ni,del,rscale     4    3    5.0000    0.7000
parameters
   -3.0862  -19.9296   10.1407  -12.1742  -42.3719  -18.6996
   -0.6016    4.0620    3.9888  -22.2773   -3.1594   46.9076
eta,q 0.95199  9.92129
  0.0490  0.0485  0.0486  0.0495  0.0491  0.0501  0.0491  0.0494  0.0489  0.0489  0.0484  0.0490
  0.0485  0.0482  0.0483  0.0488  0.0486  0.0491  0.0486  0.0487  0.0485  0.0483  0.0482  0.0486
  0.0482  0.0481  0.0481  0.0483  0.0483  0.0484  0.0483  0.0483  0.0482  0.0481  0.0481  0.0483
  0.0481  0.0481  0.0481  0.0481  0.0481  0.0481  0.0481  0.0481  0.0481  0.0481  0.0481  0.0481
  0.0482  0.0483  0.0481  0.0482  0.0481  0.0484  0.0482  0.0483  0.0482  0.0484  0.0481  0.0480
  0.0485  0.0487  0.0484  0.0488  0.0485  0.0495  0.0486  0.0487  0.0485  0.0488  0.0482  0.0481
  0.0491  0.0493  0.0487  0.0498  0.0493  0.0514  0.0491  0.0495  0.0489  0.0494  0.0484  0.0484
niter,ni,del,rscale     3    3    5.0000    0.6000
parameters
   -3.0709  -20.0732   10.0956  -12.2146  -42.5687  -19.0328
   -0.6125    4.0417    4.0062  -22.7861   -3.0755   47.7543
eta,q 0.95203  9.92858
  0.0487  0.0484  0.0484  0.0491  0.0488  0.0495  0.0488  0.0490  0.0486  0.0486  0.0483  0.0487
  0.0483  0.0482  0.0482  0.0485  0.0484  0.0488  0.0484  0.0485  0.0483  0.0482  0.0481  0.0484
  0.0481  0.0480  0.0480  0.0482  0.0481  0.0482  0.0481  0.0481  0.0481  0.0480  0.0480  0.0482
  0.0480  0.0480  0.0480  0.0480  0.0480  0.0480  0.0480  0.0480  0.0480  0.0480  0.0480  0.0480
  0.0481  0.0481  0.0481  0.0481  0.0481  0.0482  0.0481  0.0481  0.0481  0.0482  0.0480  0.0480
  0.0483  0.0483  0.0482  0.0485  0.0484  0.0491  0.0484  0.0485  0.0483  0.0486  0.0481  0.0481
  0.0487  0.0487  0.0485  0.0492  0.0490  0.0505  0.0488  0.0490  0.0486  0.0490  0.0482  0.0483
niter,ni,del,rscale     2    3    5.0000    0.5000
parameters
   -3.0598  -20.1519   10.0685  -12.2158  -42.7724  -19.2847
   -0.6204    4.0220    4.0303  -23.1606   -3.1073   48.3734
eta,q 0.95205  9.93265
  0.0485  0.0483  0.0483  0.0488  0.0485  0.0490  0.0485  0.0487  0.0484  0.0484  0.0481  0.0484
  0.0482  0.0481  0.0481  0.0484  0.0482  0.0485  0.0482  0.0483  0.0482  0.0481  0.0480  0.0482
  0.0480  0.0480  0.0480  0.0481  0.0480  0.0481  0.0481  0.0481  0.0480  0.0480  0.0480  0.0481
  0.0480  0.0480  0.0480  0.0480  0.0480  0.0480  0.0480  0.0480  0.0480  0.0480  0.0480  0.0480
  0.0480  0.0480  0.0480  0.0481  0.0480  0.0481  0.0480  0.0481  0.0480  0.0481  0.0480  0.0480
  0.0482  0.0482  0.0481  0.0483  0.0483  0.0487  0.0482  0.0483  0.0482  0.0483  0.0480  0.0480
  0.0484  0.0484  0.0483  0.0488  0.0487  0.0496  0.0485  0.0487  0.0484  0.0486  0.0481  0.0482
niter,ni,del,rscale     1    3    5.0000    0.4000
parameters
   -3.0512  -20.2012   10.0524  -12.1997  -42.9359  -19.4640
   -0.6130    4.0368    4.0843  -23.4456   -3.1785   48.8418
eta,q 0.95206  9.93702
  0.0483  0.0482  0.0481  0.0485  0.0483  0.0487  0.0483  0.0484  0.0482  0.0482  0.0480  0.0482
  0.0481  0.0480  0.0480  0.0482  0.0481  0.0483  0.0481  0.0482  0.0481  0.0480  0.0480  0.0481
  0.0480  0.0480  0.0480  0.0480  0.0480  0.0481  0.0480  0.0480  0.0480  0.0480  0.0480  0.0480
  0.0480  0.0480  0.0480  0.0480  0.0480  0.0480  0.0480  0.0480  0.0480  0.0480  0.0480  0.0480
  0.0480  0.0480  0.0480  0.0480  0.0480  0.0481  0.0480  0.0480  0.0480  0.0480  0.0480  0.0479
  0.0481  0.0481  0.0480  0.0482  0.0482  0.0484  0.0481  0.0481  0.0481  0.0482  0.0480  0.0480
  0.0483  0.0482  0.0482  0.0485  0.0484  0.0490  0.0483  0.0484  0.0482  0.0484  0.0481  0.0481
registration optimization eta report
parameter search radius
    0.8000    0.9200    0.8000    2.4000    2.4000    2.4000
    2.4000    2.4000    2.4000    2.4000    2.4000    2.4000
100000*second partial in parameter space
       48.       30.       30.        9.        7.       15.
        6.        7.        4.        6.        2.        4.
  0.0483  0.0482  0.0481  0.0485  0.0483  0.0487  0.0483  0.0484  0.0482  0.0482  0.0480  0.0482
  0.0481  0.0480  0.0480  0.0482  0.0481  0.0483  0.0481  0.0482  0.0481  0.0480  0.0480  0.0481
  0.0480  0.0480  0.0480  0.0480  0.0480  0.0481  0.0480  0.0480  0.0480  0.0480  0.0480  0.0480
  0.0480  0.0480  0.0480  0.0480  0.0480  0.0480  0.0480  0.0480  0.0480  0.0480  0.0480  0.0480
  0.0480  0.0480  0.0480  0.0480  0.0480  0.0481  0.0480  0.0480  0.0480  0.0480  0.0480  0.0479
  0.0481  0.0481  0.0480  0.0482  0.0482  0.0484  0.0481  0.0481  0.0481  0.0482  0.0480  0.0480
  0.0483  0.0482  0.0482  0.0485  0.0484  0.0490  0.0483  0.0484  0.0482  0.0484  0.0481  0.0481
   -3.0512  -20.2012   10.0524  -12.1997  -42.9359  -19.4640
   -0.6130    4.0368    4.0843  -23.4456   -3.1785   48.8418
eta,q 0.95206  9.93702

---------------------------------------------------------------------
imgreg_4dfp /opt/freesurfer/average/3T18yoSchwartzReactN32_as_orig /opt/freesurfer/average/711-2B_as_mni_average_305_mask talsrcimg_g11 none talsrcimg_to_3T18yoSchwartzReactN32_as_orig_t4 2311
---------------------------------------------------------------------

freesurfer imgreg_4dfp.c
/opt/freesurfer/average/3T18yoSchwartzReactN32_as_orig.4dfp.img
       256       256       256         1
  1.000000  1.000000  1.000000
orientation T byte_order littleendian
Reading image: /opt/freesurfer/average/3T18yoSchwartzReactN32_as_orig.4dfp.img
dimensions:      256       256       256
mmppix:       1.0000   -1.0000   -1.0000
center:     128.0000 -129.0000 -129.0000
/opt/freesurfer/average/711-2B_as_mni_average_305_mask.4dfp.img
       256       256       256         1
  1.000000  1.000000  1.000000
orientation T byte_order littleendian
Reading mask: /opt/freesurfer/average/711-2B_as_mni_average_305_mask.4dfp.img (2306576 pixels)
talsrcimg_g11.4dfp.img
       256       256       256         1
  1.000000  1.000000  1.000000
orientation T byte_order littleendian
Reading image: talsrcimg_g11.4dfp.img
dimensions:      256       256       256
mmppix:       1.0000   -1.0000   -1.0000
center:     128.0000 -129.0000 -129.0000
fimgreg.f
image alignment mode   2311 decimal      907 hex
parameters
   -3.0512  -20.2012   10.0524  -12.1997  -42.9359  -19.4640
   -0.6130    4.0368    4.0843  -23.4456   -3.1785   48.8418
eta,q 0.95206  9.93702
niter,ni,del,rscale     5    3    5.0000    0.8000
parameters
   -3.0637  -20.2759   10.0230  -12.4045  -43.3609  -20.1225
   -0.5792    4.1518    4.0949  -23.7303   -3.2067   49.8355
eta,q 0.95206  9.91015
  0.0491  0.0486  0.0487  0.0498  0.0492  0.0501  0.0493  0.0497  0.0490  0.0492  0.0484  0.0491
  0.0485  0.0482  0.0483  0.0488  0.0486  0.0491  0.0486  0.0488  0.0485  0.0484  0.0482  0.0486
  0.0481  0.0480  0.0480  0.0482  0.0481  0.0483  0.0482  0.0482  0.0481  0.0480  0.0480  0.0482
  0.0479  0.0479  0.0479  0.0479  0.0480  0.0480  0.0480  0.0480  0.0480  0.0480  0.0480  0.0480
  0.0481  0.0480  0.0480  0.0482  0.0481  0.0484  0.0482  0.0482  0.0481  0.0483  0.0480  0.0479
  0.0485  0.0483  0.0483  0.0489  0.0488  0.0499  0.0486  0.0487  0.0484  0.0487  0.0482  0.0481
  0.0492  0.0488  0.0488  0.0502  0.0500  0.0523  0.0493  0.0496  0.0490  0.0494  0.0484  0.0485
niter,ni,del,rscale     4    3    5.0000    0.7000
parameters
   -3.0494  -20.2216    9.9342  -12.3453  -43.7275  -20.4805
   -0.5490    4.1708    4.1248  -24.0895   -3.2919   50.5811
eta,q 0.95208  9.90691
  0.0489  0.0485  0.0484  0.0495  0.0489  0.0498  0.0490  0.0493  0.0487  0.0488  0.0482  0.0488
  0.0484  0.0482  0.0481  0.0487  0.0484  0.0489  0.0484  0.0486  0.0483  0.0482  0.0481  0.0484
  0.0481  0.0480  0.0480  0.0482  0.0481  0.0483  0.0481  0.0481  0.0481  0.0480  0.0480  0.0481
  0.0479  0.0479  0.0479  0.0479  0.0479  0.0479  0.0480  0.0480  0.0480  0.0480  0.0480  0.0480
  0.0480  0.0480  0.0480  0.0481  0.0481  0.0482  0.0481  0.0481  0.0480  0.0482  0.0480  0.0479
  0.0483  0.0482  0.0482  0.0485  0.0486  0.0491  0.0484  0.0485  0.0483  0.0486  0.0481  0.0480
  0.0489  0.0485  0.0486  0.0495  0.0495  0.0509  0.0490  0.0493  0.0487  0.0491  0.0483  0.0484
niter,ni,del,rscale     3    3    5.0000    0.6000
parameters
   -3.0339  -20.2511    9.9019  -12.2827  -43.9510  -20.7151
   -0.5370    4.1902    4.1654  -24.3883   -3.3909   51.1104
eta,q 0.95209  9.91061
  0.0486  0.0483  0.0483  0.0491  0.0487  0.0493  0.0487  0.0489  0.0485  0.0486  0.0481  0.0485
  0.0482  0.0481  0.0481  0.0485  0.0483  0.0486  0.0483  0.0484  0.0482  0.0481  0.0480  0.0482
  0.0480  0.0480  0.0480  0.0481  0.0480  0.0482  0.0480  0.0481  0.0480  0.0479  0.0480  0.0480
  0.0479  0.0479  0.0479  0.0479  0.0479  0.0479  0.0479  0.0479  0.0479  0.0479  0.0479  0.0479
  0.0480  0.0480  0.0480  0.0480  0.0480  0.0481  0.0480  0.0480  0.0480  0.0481  0.0480  0.0479
  0.0482  0.0481  0.0481  0.0484  0.0483  0.0487  0.0483  0.0483  0.0482  0.0484  0.0480  0.0480
  0.0486  0.0484  0.0484  0.0490  0.0490  0.0500  0.0487  0.0489  0.0485  0.0488  0.0482  0.0483
niter,ni,del,rscale     2    3    5.0000    0.5000
parameters
   -3.0217  -20.2937    9.8856  -12.2319  -44.0894  -20.8510
   -0.5248    4.2120    4.2169  -24.6058   -3.4615   51.4709
eta,q 0.95210  9.91612
  0.0484  0.0482  0.0482  0.0487  0.0485  0.0489  0.0484  0.0486  0.0483  0.0484  0.0481  0.0483
  0.0481  0.0480  0.0480  0.0483  0.0482  0.0484  0.0482  0.0482  0.0481  0.0481  0.0480  0.0481
  0.0480  0.0479  0.0479  0.0480  0.0480  0.0481  0.0480  0.0480  0.0480  0.0479  0.0479  0.0480
  0.0479  0.0479  0.0479  0.0479  0.0479  0.0479  0.0479  0.0479  0.0479  0.0479  0.0479  0.0479
  0.0480  0.0479  0.0479  0.0480  0.0480  0.0480  0.0480  0.0480  0.0480  0.0480  0.0479  0.0479
  0.0481  0.0481  0.0480  0.0482  0.0482  0.0484  0.0481  0.0482  0.0481  0.0482  0.0480  0.0480
  0.0484  0.0482  0.0482  0.0487  0.0486  0.0493  0.0484  0.0486  0.0483  0.0485  0.0481  0.0482
niter,ni,del,rscale     1    3    5.0000    0.4000
parameters
   -3.0210  -20.3332    9.8664  -12.2022  -44.1620  -20.9159
   -0.5135    4.2105    4.2414  -24.7481   -3.4938   51.7141
eta,q 0.95211  9.92156
  0.0482  0.0481  0.0481  0.0484  0.0483  0.0486  0.0482  0.0483  0.0482  0.0482  0.0480  0.0482
  0.0480  0.0480  0.0480  0.0481  0.0481  0.0482  0.0481  0.0481  0.0480  0.0480  0.0479  0.0480
  0.0479  0.0479  0.0479  0.0480  0.0479  0.0480  0.0480  0.0480  0.0479  0.0479  0.0479  0.0479
  0.0479  0.0479  0.0479  0.0479  0.0479  0.0479  0.0479  0.0479  0.0479  0.0479  0.0479  0.0479
  0.0479  0.0479  0.0479  0.0479  0.0479  0.0480  0.0479  0.0479  0.0479  0.0480  0.0479  0.0479
  0.0480  0.0480  0.0480  0.0481  0.0481  0.0482  0.0481  0.0481  0.0480  0.0481  0.0479  0.0480
  0.0482  0.0481  0.0481  0.0484  0.0483  0.0487  0.0482  0.0483  0.0481  0.0483  0.0480  0.0481
registration optimization eta report
parameter search radius
    0.8000    0.8000    0.8000    2.4000    2.4000    2.4000
    2.4000    2.4000    2.4000    2.4000    2.4000    2.4000
100000*second partial in parameter space
       48.       29.       29.        9.        7.       13.
        6.        7.        4.        6.        2.        4.
  0.0482  0.0481  0.0481  0.0484  0.0483  0.0486  0.0482  0.0483  0.0482  0.0482  0.0480  0.0482
  0.0480  0.0480  0.0480  0.0481  0.0481  0.0482  0.0481  0.0481  0.0480  0.0480  0.0479  0.0480
  0.0479  0.0479  0.0479  0.0480  0.0479  0.0480  0.0480  0.0480  0.0479  0.0479  0.0479  0.0479
  0.0479  0.0479  0.0479  0.0479  0.0479  0.0479  0.0479  0.0479  0.0479  0.0479  0.0479  0.0479
  0.0479  0.0479  0.0479  0.0479  0.0479  0.0480  0.0479  0.0479  0.0479  0.0480  0.0479  0.0479
  0.0480  0.0480  0.0480  0.0481  0.0481  0.0482  0.0481  0.0481  0.0480  0.0481  0.0479  0.0480
  0.0482  0.0481  0.0481  0.0484  0.0483  0.0487  0.0482  0.0483  0.0481  0.0483  0.0480  0.0481
   -3.0210  -20.3332    9.8664  -12.2022  -44.1620  -20.9159
   -0.5135    4.2105    4.2414  -24.7481   -3.4938   51.7141
eta,q 0.95211  9.92156

---------------------------------------------------------------------
compute_vox2vox talsrcimg talsrcimg_to_3T18yoSchwartzReactN32_as_orig_t4 /opt/freesurfer/average/3T18yoSchwartzReactN32_as_orig
---------------------------------------------------------------------

freesurfer compute_vox2vox.c
Reading: talsrcimg.4dfp.ifh
Reading: talsrcimg_to_3T18yoSchwartzReactN32_as_orig_t4
Reading: /opt/freesurfer/average/3T18yoSchwartzReactN32_as_orig.4dfp.ifh
Writing: talsrcimg_to_3T18yoSchwartzReactN32_as_orig_t4_vox2vox.txt

start time Wed Mar 11 22:46:23 CET 2026
end		time Wed Mar 11 22:47:51 CET 2026

mpr2mni305 success

avi2talxfm orig_nu.mgz /opt/freesurfer/average/mni305.cor.mgz talsrcimg_to_3T18yoSchwartzReactN32_as_orig_t4_vox2vox.txt transforms/talairach.auto.xfm
avi2talxfm done
mv -f /out/sourcedata/freesurfer/sub-v1s10x0050955_ses-1/mri/talsrcimg_to_3T18yoSchwartzReactN32_as_orig_t4_vox2vox.txt /out/sourcedata/freesurfer/sub-v1s10x0050955_ses-1/mri/transforms/talsrcimg_to_3T18yoSchwartzReactN32_as_orig_t4_vox2vox.txt
lta_convert --src orig_nu.mgz --trg /opt/freesurfer/average/mni305.cor.mgz --inxfm transforms/talairach.auto.xfm --outlta transforms/talairach.auto.xfm.lta --subject fsaverage
7.3.2

--src: orig_nu.mgz src image (geometry).
--trg: /opt/freesurfer/average/mni305.cor.mgz trg image (geometry).
--inmni: transforms/talairach.auto.xfm input MNI/XFM transform.
--outlta: transforms/talairach.auto.xfm.lta output LTA.
--s: fsaverage subject name
 LTA read, type : 1
 1.13473  -0.04431   0.05147   6.15361;
 0.08256   0.97713  -0.90420  -49.43774;
-0.04960   0.43644   1.38623   55.41068;
 0.00000   0.00000   0.00000   1.00000;
setting subject to fsaverage
Writing  LTA to file transforms/talairach.auto.xfm.lta...
lta_convert successful.
 
 
Started at Wed Mar 11 22:46:23 CET 2026
Ended   at Wed Mar 11 22:47:52 CET 2026
talairach_avi done
