/out/sourcedata/freesurfer/sub-v1s10x0051050_ses-1/mri
/opt/freesurfer/bin/talairach_avi
--i orig_nu.mgz --xfm transforms/talairach.auto.xfm
talairach_avi 7.3.2
Linux dna013 5.14.0-427.37.1.el9_4.x86_64 #1 SMP PREEMPT_DYNAMIC Fri Sep 13 12:41:50 EDT 2024 x86_64 x86_64 x86_64 GNU/Linux
Thu Mar 12 05:19:44 CET 2026
mri_convert orig_nu.mgz talsrcimg.img 
reading from orig_nu.mgz...
TR=0.00, TE=0.00, TI=0.00, flip angle=0.00
i_ras = (-1, 0, 0)
j_ras = (0, 0, -1)
k_ras = (0, 1, 0)
writing to talsrcimg.img...
Analyze Output Matrix
-1.00000   0.00000   0.00000   123.88199;
 0.00000   0.00000   1.00000  -128.00000;
 0.00000  -1.00000   0.00000   129.27710;
 0.00000   0.00000   0.00000   1.00000;
--------------------
INFO: set hdr.hist.orient to -1
mpr2mni305 talsrcimg
Thu Mar 12 05:19:44 CET 2026
/opt/freesurfer/bin/mpr2mni305 talsrcimg
mpr2mni305 7.3.2
target=711-2C_as_mni_average_305

---------------------------------------------------------------------
analyzeto4dfp talsrcimg -O0 -y
---------------------------------------------------------------------

freesurfer ifh2hdr.c
Thu Mar 12 05:19:45 2026
Writing: talsrcimg.4dfp.hdr
freesurfer analyzeto4dfp.c
Reading: talsrcimg.hdr
header size 348 bytes
hdr.dime.datatype	offset=70	value=2
hdr.dime.bitpix		offset=72	value=8
hdr.hist.orient		offset=252	value=-1
dimensionality     4
dimensions       256       256       256         1
Reading: talsrcimg.img
Writing: talsrcimg.4dfp.img
Writing: talsrcimg.4dfp.ifh
ifh2hdr talsrcimg -r0to208
ori=2

---------------------------------------------------------------------
gauss_4dfp talsrcimg 1.1
---------------------------------------------------------------------

freesurfer gauss_4dfp.c
Reading: talsrcimg.4dfp.img
Writing: talsrcimg_g11.4dfp.img
image dimensions 256 256 256 padded to 288 288 288
processing volume 1freesurfer ifh2hdr.c
Thu Mar 12 05:19:46 2026
Writing: talsrcimg_g11.4dfp.hdr

Writing: talsrcimg_g11.4dfp.ifh
including: talsrcimg.4dfp.img.rec in talsrcimg_g11.4dfp.img.rec

---------------------------------------------------------------------
imgreg_4dfp /opt/freesurfer/average/711-2C_as_mni_average_305 none talsrcimg_g11 none talsrcimg_to_711-2C_as_mni_average_305_t4 4355
---------------------------------------------------------------------

freesurfer imgreg_4dfp.c
/opt/freesurfer/average/711-2C_as_mni_average_305.4dfp.img
       256       256       256         1
  1.000000  1.000000  1.000000
orientation T byte_order littleendian
Reading image: /opt/freesurfer/average/711-2C_as_mni_average_305.4dfp.img
dimensions:      256       256       256
mmppix:       1.0000   -1.0000   -1.0000
center:     128.0000 -129.0000 -129.0000
talsrcimg_g11.4dfp.img
       256       256       256         1
  1.000000  1.000000  1.000000
orientation T byte_order littleendian
Reading image: talsrcimg_g11.4dfp.img
dimensions:      256       256       256
mmppix:       1.0000   -1.0000   -1.0000
center:     128.0000 -129.0000 -129.0000
t4_read: open error in t4_sub.f l:  41 t4_file(1:l)talsrcimg_to_711-2C_as_mni_average_305_t4 
t4_read: transform initialized to I4
rotation matrix determinant  1.000000
image alignment mode   4355 decimal     1103 hex
   -7.5000  -45.0000  -45.0000 7623.5835   18.7969
    0.0000  -45.0000  -45.0000 7900.9961   18.8105
    7.5000  -45.0000  -45.0000 7501.2319   18.8503
   -7.5000  -37.5000  -45.0000 8085.3379   18.8018
    0.0000  -37.5000  -45.0000 8378.1904   18.8116
    7.5000  -37.5000  -45.0000 7933.8726   18.8447
   -7.5000  -30.0000  -45.0000 8751.0986   18.7944
    0.0000  -30.0000  -45.0000 9070.6045   18.7964
    7.5000  -30.0000  -45.0000 8584.9004   18.8227
   -7.5000  -22.5000  -45.0000 9352.1650   18.7750
    0.0000  -22.5000  -45.0000 9685.2910   18.7728
    7.5000  -22.5000  -45.0000 9189.7266   18.7997
   -7.5000  -15.0000  -45.0000 9899.3018   18.7632
    0.0000  -15.0000  -45.000010238.1143   18.7638
    7.5000  -15.0000  -45.0000 9710.3506   18.7971
   -7.5000   -7.5000  -45.000010386.2061   18.7730
    0.0000   -7.5000  -45.000010759.9668   18.7817
    7.5000   -7.5000  -45.000010206.5117   18.8211
   -7.5000    0.0000  -45.000010783.4180   18.7921
    0.0000    0.0000  -45.000011189.2695   18.8059
    7.5000    0.0000  -45.000010636.9648   18.8457
   -7.5000    7.5000  -45.000010400.3789   18.8018
    0.0000    7.5000  -45.000010739.8848   18.8116
    7.5000    7.5000  -45.000010239.3662   18.8447
   -7.5000   15.0000  -45.0000 9900.2012   18.7944
    0.0000   15.0000  -45.000010220.8389   18.7964
    7.5000   15.0000  -45.0000 9747.5244   18.8227
   -7.5000   22.5000  -45.0000 9229.7334   18.7725
    0.0000   22.5000  -45.0000 9514.7949   18.7703
    7.5000   22.5000  -45.0000 9065.9600   18.7971
   -7.5000   30.0000  -45.0000 8484.9775   18.5132
    0.0000   30.0000  -45.0000 8757.8477   18.5137
    7.5000   30.0000  -45.0000 8326.7021   18.5466
   -7.5000   37.5000  -45.0000 8039.6167   18.5228
    0.0000   37.5000  -45.0000 8303.6934   18.5314
    7.5000   37.5000  -45.0000 7876.2749   18.5702
   -7.5000   45.0000  -45.0000 7276.5195   18.0711
    0.0000   45.0000  -45.0000 7519.7891   18.0844
    7.5000   45.0000  -45.0000 7135.7627   18.1226
   -7.5000  -45.0000  -37.5000 8143.3047   18.5747
    0.0000  -45.0000  -37.5000 8443.6064   18.5909
    7.5000  -45.0000  -37.5000 8002.4160   18.6208
   -7.5000  -37.5000  -37.5000 8626.8330   18.5857
    0.0000  -37.5000  -37.5000 8942.8623   18.5999
    7.5000  -37.5000  -37.5000 8469.0977   18.6241
   -7.5000  -30.0000  -37.5000 9321.4248   18.5903
    0.0000  -30.0000  -37.5000 9675.2598   18.5986
    7.5000  -30.0000  -37.5000 9164.1436   18.6158
   -7.5000  -22.5000  -37.5000 9964.0479   18.5791
    0.0000  -22.5000  -37.500010340.5527   18.5830
    7.5000  -22.5000  -37.5000 9799.6660   18.5988
   -7.5000  -15.0000  -37.500010524.4854   18.5617
    0.0000  -15.0000  -37.500010911.6074   18.5673
    7.5000  -15.0000  -37.500010341.7793   18.5887
   -7.5000   -7.5000  -37.500011046.3828   18.5573
    0.0000   -7.5000  -37.500011453.4932   18.5695
    7.5000   -7.5000  -37.500010845.6074   18.5979
   -7.5000    0.0000  -37.500011475.1777   18.5701
    0.0000    0.0000  -37.500011897.6670   18.5865
    7.5000    0.0000  -37.500011267.5186   18.6164
   -7.5000    7.5000  -37.500011032.3965   18.5857
    0.0000    7.5000  -37.500011434.0908   18.5999
    7.5000    7.5000  -37.500010845.3027   18.6241
   -7.5000   15.0000  -37.500010519.9785   18.5903
    0.0000   15.0000  -37.500010867.1797   18.5986
    7.5000   15.0000  -37.500010309.2520   18.6158
   -7.5000   22.5000  -37.5000 9825.2510   18.5766
    0.0000   22.5000  -37.500010103.2920   18.5804
    7.5000   22.5000  -37.5000 9576.6104   18.5963
   -7.5000   30.0000  -37.5000 8997.2021   18.3143
    0.0000   30.0000  -37.5000 9242.2891   18.3198
    7.5000   30.0000  -37.5000 8761.3379   18.3410
   -7.5000   37.5000  -37.5000 8499.5752   18.3100
    0.0000   37.5000  -37.5000 8736.9229   18.3221
    7.5000   37.5000  -37.5000 8270.1523   18.3501
   -7.5000   45.0000  -37.5000 7680.7495   17.8575
    0.0000   45.0000  -37.5000 7894.0352   17.8733
    7.5000   45.0000  -37.5000 7480.9424   17.9021
   -7.5000  -45.0000  -30.0000 8844.8613   19.2007
    0.0000  -45.0000  -30.0000 9165.8066   19.2180
    7.5000  -45.0000  -30.0000 8672.7461   19.2503
   -7.5000  -37.5000  -30.0000 9350.8262   19.2174
    0.0000  -37.5000  -30.0000 9673.2666   19.2360
    7.5000  -37.5000  -30.0000 9164.9385   19.2641
   -7.5000  -30.0000  -30.000010109.6982   19.2322
    0.0000  -30.0000  -30.000010482.9443   19.2453
    7.5000  -30.0000  -30.0000 9922.2070   19.2652
   -7.5000  -22.5000  -30.000010788.8193   19.2267
    0.0000  -22.5000  -30.000011187.0098   19.2319
    7.5000  -22.5000  -30.000010594.0938   19.2477
   -7.5000  -15.0000  -30.000011382.8965   19.2046
    0.0000  -15.0000  -30.000011777.3545   19.2086
    7.5000  -15.0000  -30.000011146.9629   19.2283
   -7.5000   -7.5000  -30.000011943.1650   19.1886
    0.0000   -7.5000  -30.000012359.4287   19.1995
    7.5000   -7.5000  -30.000011676.5137   19.2276
   -7.5000    0.0000  -30.000012379.5156   19.1960
    0.0000    0.0000  -30.000012812.5977   19.2135
    7.5000    0.0000  -30.000012112.4658   19.2458
   -7.5000    7.5000  -30.000011882.1865   19.2174
    0.0000    7.5000  -30.000012308.0469   19.2360
    7.5000    7.5000  -30.000011625.1484   19.2641
   -7.5000   15.0000  -30.000011304.6143   19.2322
    0.0000   15.0000  -30.000011675.8594   19.2453
    7.5000   15.0000  -30.000011029.2158   19.2652
   -7.5000   22.5000  -30.000010539.6543   19.2221
    0.0000   22.5000  -30.000010832.7578   19.2273
    7.5000   22.5000  -30.000010236.8350   19.2431
   -7.5000   30.0000  -30.0000 9638.2520   18.9505
    0.0000   30.0000  -30.0000 9874.4795   18.9545
    7.5000   30.0000  -30.0000 9345.7705   18.9739
   -7.5000   37.5000  -30.0000 9085.6426   18.9347
    0.0000   37.5000  -30.0000 9337.1260   18.9455
    7.5000   37.5000  -30.0000 8824.3818   18.9732
   -7.5000   45.0000  -30.0000 8197.1436   18.4730
    0.0000   45.0000  -30.0000 8436.7891   18.4898
    7.5000   45.0000  -30.0000 7997.7158   18.5209
   -7.5000  -45.0000  -22.5000 9600.1309   19.8371
    0.0000  -45.0000  -22.5000 9937.1250   19.8520
    7.5000  -45.0000  -22.5000 9422.0381   19.8966
   -7.5000  -37.5000  -22.500010120.0439   19.8523
    0.0000  -37.5000  -22.500010477.9746   19.8693
    7.5000  -37.5000  -22.5000 9924.7031   19.9109
   -7.5000  -30.0000  -22.500010928.2754   19.8628
    0.0000  -30.0000  -22.500011325.2246   19.8725
    7.5000  -30.0000  -22.500010739.4570   19.9053
   -7.5000  -22.5000  -22.500011655.1162   19.8544
    0.0000  -22.5000  -22.500012068.3857   19.8538
    7.5000  -22.5000  -22.500011422.7266   19.8805
   -7.5000  -15.0000  -22.500012294.4141   19.8347
    0.0000  -15.0000  -22.500012725.7520   19.8319
    7.5000  -15.0000  -22.500012010.9209   19.8610
   -7.5000   -7.5000  -22.500012897.3037   19.8232
    0.0000   -7.5000  -22.500013360.7666   19.8289
    7.5000   -7.5000  -22.500012569.2188   19.8670
   -7.5000    0.0000  -22.500013363.1123   19.8322
    0.0000    0.0000  -22.500013836.8184   19.8474
    7.5000    0.0000  -22.500013017.6611   19.8920
   -7.5000    7.5000  -22.500012788.9277   19.8523
    0.0000    7.5000  -22.500013238.0947   19.8693
    7.5000    7.5000  -22.500012445.5801   19.9109
   -7.5000   15.0000  -22.500012127.8643   19.8628
    0.0000   15.0000  -22.500012534.0381   19.8725
    7.5000   15.0000  -22.500011801.2500   19.9053
   -7.5000   22.5000  -22.500011310.5693   19.8482
    0.0000   22.5000  -22.500011669.7559   19.8476
    7.5000   22.5000  -22.500010980.1992   19.8743
   -7.5000   30.0000  -22.500010310.3984   19.5753
    0.0000   30.0000  -22.500010595.2266   19.5725
    7.5000   30.0000  -22.5000 9993.6924   19.6012
   -7.5000   37.5000  -22.5000 9705.7461   19.5639
    0.0000   37.5000  -22.5000 9979.0107   19.5695
    7.5000   37.5000  -22.5000 9425.0078   19.6071
   -7.5000   45.0000  -22.5000 8747.6787   19.0996
    0.0000   45.0000  -22.5000 9013.4678   19.1142
    7.5000   45.0000  -22.5000 8527.1250   19.1571
   -7.5000  -45.0000  -15.000010379.7627   20.3202
    0.0000  -45.0000  -15.000010740.0146   20.3327
    7.5000  -45.0000  -15.000010194.8477   20.3878
   -7.5000  -37.5000  -15.000010902.8789   20.3279
    0.0000  -37.5000  -15.000011278.3223   20.3407
    7.5000  -37.5000  -15.000010696.4600   20.3926
   -7.5000  -30.0000  -15.000011762.0869   20.3250
    0.0000  -30.0000  -15.000012188.0537   20.3288
    7.5000  -30.0000  -15.000011570.5762   20.3720
   -7.5000  -22.5000  -15.000012523.2266   20.3087
    0.0000  -22.5000  -15.000013014.8203   20.3026
    7.5000  -22.5000  -15.000012307.5293   20.3408
   -7.5000  -15.0000  -15.000013229.9199   20.2967
    0.0000  -15.0000  -15.000013719.7852   20.2893
    7.5000  -15.0000  -15.000012925.3555   20.3298
   -7.5000   -7.5000  -15.000013876.9375   20.3003
    0.0000   -7.5000  -15.000014393.0713   20.3027
    7.5000   -7.5000  -15.000013508.6553   20.3514
   -7.5000    0.0000  -15.000014374.0059   20.3151
    0.0000    0.0000  -15.000014882.6719   20.3279
    7.5000    0.0000  -15.000013963.9385   20.3829
   -7.5000    7.5000  -15.000013717.3330   20.3279
    0.0000    7.5000  -15.000014179.5527   20.3407
    7.5000    7.5000  -15.000013314.7168   20.3926
   -7.5000   15.0000  -15.000012974.1221   20.3250
    0.0000   15.0000  -15.000013415.7080   20.3288
    7.5000   15.0000  -15.000012624.8418   20.3720
   -7.5000   22.5000  -15.000012106.3281   20.3015
    0.0000   22.5000  -15.000012493.3252   20.2955
    7.5000   22.5000  -15.000011753.3027   20.3336
   -7.5000   30.0000  -15.000011020.8252   20.0340
    0.0000   30.0000  -15.000011338.8828   20.0268
    7.5000   30.0000  -15.000010680.6455   20.0667
   -7.5000   37.5000  -15.000010364.4570   20.0376
    0.0000   37.5000  -15.000010653.7080   20.0400
    7.5000   37.5000  -15.000010072.5674   20.0881
   -7.5000   45.0000  -15.0000 9330.6729   19.5765
    0.0000   45.0000  -15.0000 9617.0742   19.5888
    7.5000   45.0000  -15.0000 9089.6172   19.6419
   -7.5000  -45.0000   -7.500011197.6973   20.5774
    0.0000  -45.0000   -7.500011578.9102   20.5898
    7.5000  -45.0000   -7.500010993.3555   20.6421
   -7.5000  -37.5000   -7.500011753.5762   20.5794
    0.0000  -37.5000   -7.500012158.9102   20.5892
    7.5000  -37.5000   -7.500011546.7178   20.6362
   -7.5000  -30.0000   -7.500012656.2070   20.5669
    0.0000  -30.0000   -7.500013124.8438   20.5672
    7.5000  -30.0000   -7.500012461.8701   20.6067
   -7.5000  -22.5000   -7.500013453.3223   20.5448
    0.0000  -22.5000   -7.500013959.1738   20.5381
    7.5000  -22.5000   -7.500013224.9258   20.5764
   -7.5000  -15.0000   -7.500014176.8438   20.5367
    0.0000  -15.0000   -7.500014721.3984   20.5312
    7.5000  -15.0000   -7.500013874.9375   20.5741
   -7.5000   -7.5000   -7.500014861.2031   20.5518
    0.0000   -7.5000   -7.500015451.9795   20.5561
    7.5000   -7.5000   -7.500014512.9307   20.6056
   -7.5000    0.0000   -7.500015404.6377   20.5723
    0.0000    0.0000   -7.500015968.0596   20.5849
    7.5000    0.0000   -7.500014998.2676   20.6371
   -7.5000    7.5000   -7.500014692.7969   20.5794
    0.0000    7.5000   -7.500015178.2979   20.5892
    7.5000    7.5000   -7.500014271.0137   20.6361
   -7.5000   15.0000   -7.500013874.8467   20.5669
    0.0000   15.0000   -7.500014330.3623   20.5672
    7.5000   15.0000   -7.500013485.7744   20.6067
   -7.5000   22.5000   -7.500012928.4111   20.5353
    0.0000   22.5000   -7.500013359.4453   20.5286
    7.5000   22.5000   -7.500012575.1406   20.5669
   -7.5000   30.0000   -7.500011789.3340   20.2704
    0.0000   30.0000   -7.500012158.7695   20.2650
    7.5000   30.0000   -7.500011439.6230   20.3073
   -7.5000   37.5000   -7.500011098.4951   20.2853
    0.0000   37.5000   -7.500011430.3076   20.2895
    7.5000   37.5000   -7.500010792.8379   20.3384
   -7.5000   45.0000   -7.5000 9987.3740   19.8281
    0.0000   45.0000   -7.500010297.1426   19.8403
    7.5000   45.0000   -7.5000 9713.0508   19.8906
   -7.5000  -45.0000    0.000011967.8975   20.6325
    0.0000  -45.0000    0.000012383.0576   20.6473
    7.5000  -45.0000    0.000011767.8008   20.6890
   -7.5000  -37.5000    0.000012541.1406   20.6372
    0.0000  -37.5000    0.000012996.2061   20.6474
    7.5000  -37.5000    0.000012358.5186   20.6818
   -7.5000  -30.0000    0.000013506.4277   20.6283
    0.0000  -30.0000    0.000013986.3184   20.6300
    7.5000  -30.0000    0.000013285.2773   20.6572
   -7.5000  -22.5000    0.000014298.0420   20.6071
    0.0000  -22.5000    0.000014830.0869   20.6047
    7.5000  -22.5000    0.000014059.6084   20.6327
   -7.5000  -15.0000    0.000015048.5000   20.5948
    0.0000  -15.0000    0.000015618.9248   20.5958
    7.5000  -15.0000    0.000014755.6436   20.6309
   -7.5000   -7.5000    0.000015796.0332   20.6063
    0.0000   -7.5000    0.000016404.8320   20.6161
    7.5000   -7.5000    0.000015442.7656   20.6576
   -7.5000    0.0000    0.000016353.1084   20.6273
    0.0000    0.0000    0.000016934.8125   20.6424
    7.5000    0.0000    0.000015951.3037   20.6840
   -7.5000    7.5000    0.000015593.1084   20.6372
    0.0000    7.5000    0.000016112.4258   20.6473
    7.5000    7.5000    0.000015157.7334   20.6818
   -7.5000   15.0000    0.000014710.5322   20.6283
    0.0000   15.0000    0.000015178.6230   20.6300
    7.5000   15.0000    0.000014296.3145   20.6572
   -7.5000   22.5000    0.000013704.4814   20.5976
    0.0000   22.5000    0.000014137.8301   20.5952
    7.5000   22.5000    0.000013309.1484   20.6232
   -7.5000   30.0000    0.000012530.2744   20.3282
    0.0000   30.0000    0.000012931.7598   20.3292
    7.5000   30.0000    0.000012179.6270   20.3639
   -7.5000   37.5000    0.000011820.8398   20.3396
    0.0000   37.5000    0.000012171.5859   20.3493
    7.5000   37.5000    0.000011481.6807   20.3902
   -7.5000   45.0000    0.000010652.8418   19.8826
    0.0000   45.0000    0.000010981.9062   19.8971
    7.5000   45.0000    0.000010325.3643   19.9372
   -7.5000  -45.0000    7.500011828.6504   20.6235
    0.0000  -45.0000    7.500012222.4297   20.6417
    7.5000  -45.0000    7.500011601.7109   20.6749
   -7.5000  -37.5000    7.500012397.9600   20.6362
    0.0000  -37.5000    7.500012842.9258   20.6521
    7.5000  -37.5000    7.500012189.3799   20.6786
   -7.5000  -30.0000    7.500013381.2217   20.6420
    0.0000  -30.0000    7.500013867.7559   20.6512
    7.5000  -30.0000    7.500013125.5898   20.6699
   -7.5000  -22.5000    7.500014139.9385   20.6297
    0.0000  -22.5000    7.500014670.8105   20.6339
    7.5000  -22.5000    7.500013893.3516   20.6513
   -7.5000  -15.0000    7.500014817.7773   20.6097
    0.0000  -15.0000    7.500015383.9893   20.6161
    7.5000  -15.0000    7.500014577.9785   20.6399
   -7.5000   -7.5000    7.500015526.6768   20.6043
    0.0000   -7.5000    7.500016101.5273   20.6182
    7.5000   -7.5000    7.500015248.4766   20.6498
   -7.5000    0.0000    7.500016077.2617   20.6184
    0.0000    0.0000    7.500016659.8086   20.6368
    7.5000    0.0000    7.500015753.8242   20.6700
   -7.5000    7.5000    7.500015316.9316   20.6362
    0.0000    7.5000    7.500015874.3398   20.6521
    7.5000    7.5000    7.500014975.5146   20.6786
   -7.5000   15.0000    7.500014452.9316   20.6420
    0.0000   15.0000    7.500014944.7344   20.6512
    7.5000   15.0000    7.500014108.9033   20.6699
   -7.5000   22.5000    7.500013485.6865   20.6202
    0.0000   22.5000    7.500013908.9912   20.6244
    7.5000   22.5000    7.500013123.1416   20.6417
   -7.5000   30.0000    7.500012352.6484   20.3430
    0.0000   30.0000    7.500012744.0010   20.3493
    7.5000   30.0000    7.500012013.3174   20.3728
   -7.5000   37.5000    7.500011647.0996   20.3377
    0.0000   37.5000    7.500012023.9102   20.3514
    7.5000   37.5000    7.500011314.8828   20.3826
   -7.5000   45.0000    7.500010497.5469   19.8740
    0.0000   45.0000    7.500010807.8682   19.8918
    7.5000   45.0000    7.500010163.5273   19.9237
   -7.5000  -45.0000   15.000011479.1436   20.6034
    0.0000  -45.0000   15.000011886.2461   20.6219
    7.5000  -45.0000   15.000011252.3252   20.6564
   -7.5000  -37.5000   15.000012084.6338   20.6214
    0.0000  -37.5000   15.000012552.7422   20.6413
    7.5000  -37.5000   15.000011822.3555   20.6712
   -7.5000  -30.0000   15.000013146.2578   20.6374
    0.0000  -30.0000   15.000013667.1377   20.6515
    7.5000  -30.0000   15.000012867.4355   20.6726
   -7.5000  -22.5000   15.000013888.9814   20.6317
    0.0000  -22.5000   15.000014416.5791   20.6373
    7.5000  -22.5000   15.000013742.9395   20.6540
   -7.5000  -15.0000   15.000014455.6152   20.6079
    0.0000  -15.0000   15.000015003.2549   20.6122
    7.5000  -15.0000   15.000014410.9248   20.6333
   -7.5000   -7.5000   15.000015118.3682   20.5905
    0.0000   -7.5000   15.000015703.8115   20.6022
    7.5000   -7.5000   15.000015028.4150   20.6322
   -7.5000    0.0000   15.000015725.6758   20.5984
    0.0000    0.0000   15.000016326.4961   20.6171
    7.5000    0.0000   15.000015529.3574   20.6516
   -7.5000    7.5000   15.000015041.9092   20.6214
    0.0000    7.5000   15.000015614.4551   20.6413
    7.5000    7.5000   15.000014737.9004   20.6712
   -7.5000   15.0000   15.000014160.5186   20.6374
    0.0000   15.0000   15.000014657.6016   20.6515
    7.5000   15.0000   15.000013805.7871   20.6726
   -7.5000   22.5000   15.000013126.8027   20.6222
    0.0000   22.5000   15.000013536.3457   20.6278
    7.5000   22.5000   15.000012746.4375   20.6445
   -7.5000   30.0000   15.000011972.2578   20.3412
    0.0000   30.0000   15.000012337.5400   20.3455
    7.5000   30.0000   15.000011619.5811   20.3662
   -7.5000   37.5000   15.000011294.1377   20.3241
    0.0000   37.5000   15.000011650.0410   20.3356
    7.5000   37.5000   15.000010945.5537   20.3652
   -7.5000   45.0000   15.000010183.4570   19.8546
    0.0000   45.0000   15.000010463.8037   19.8727
    7.5000   45.0000   15.0000 9837.7295   19.9059
   -7.5000  -45.0000   22.500011051.8057   20.5931
    0.0000  -45.0000   22.500011478.7686   20.6086
    7.5000  -45.0000   22.500010854.4561   20.6549
   -7.5000  -37.5000   22.500011571.7764   20.6089
    0.0000  -37.5000   22.500012085.3877   20.6265
    7.5000  -37.5000   22.500011400.9932   20.6697
   -7.5000  -30.0000   22.500012498.8447   20.6199
    0.0000  -30.0000   22.500013064.2031   20.6299
    7.5000  -30.0000   22.500012353.1123   20.6639
   -7.5000  -22.5000   22.500013234.5830   20.6111
    0.0000  -22.5000   22.500013800.0557   20.6105
    7.5000  -22.5000   22.500013192.2656   20.6382
   -7.5000  -15.0000   22.500013915.7812   20.5907
    0.0000  -15.0000   22.500014490.6621   20.5878
    7.5000  -15.0000   22.500013863.9619   20.6180
   -7.5000   -7.5000   22.500014641.0771   20.5787
    0.0000   -7.5000   22.500015211.4580   20.5846
    7.5000   -7.5000   22.500014466.2197   20.6242
   -7.5000    0.0000   22.500015244.6543   20.5881
    0.0000    0.0000   22.500015771.2617   20.6038
    7.5000    0.0000   22.500014934.1963   20.6501
   -7.5000    7.5000   22.500014521.4414   20.6089
    0.0000    7.5000   22.500015024.3994   20.6265
    7.5000    7.5000   22.500014172.5791   20.6697
   -7.5000   15.0000   22.500013630.3838   20.6199
    0.0000   15.0000   22.500014054.6787   20.6299
    7.5000   15.0000   22.500013250.9033   20.6639
   -7.5000   22.5000   22.500012607.2295   20.6016
    0.0000   22.5000   22.500012974.6875   20.6010
    7.5000   22.5000   22.500012250.6846   20.6287
   -7.5000   30.0000   22.500011509.1514   20.3242
    0.0000   30.0000   22.500011848.4795   20.3213
    7.5000   30.0000   22.500011216.1865   20.3512
   -7.5000   37.5000   22.500010868.9326   20.3124
    0.0000   37.5000   22.500011189.8271   20.3182
    7.5000   37.5000   22.500010565.7734   20.3573
   -7.5000   45.0000   22.5000 9778.4912   19.8447
    0.0000   45.0000   22.500010038.2656   19.8599
    7.5000   45.0000   22.5000 9477.7842   19.9045
   -7.5000  -45.0000   30.000010462.7725   20.6353
    0.0000  -45.0000   30.000010906.2764   20.6481
    7.5000  -45.0000   30.000010271.3340   20.7040
   -7.5000  -37.5000   30.000010954.8545   20.6432
    0.0000  -37.5000   30.000011483.6367   20.6564
    7.5000  -37.5000   30.000010813.8604   20.7091
   -7.5000  -30.0000   30.000011767.7061   20.6405
    0.0000  -30.0000   30.000012333.0957   20.6444
    7.5000  -30.0000   30.000011685.4766   20.6883
   -7.5000  -22.5000   30.000012511.9014   20.6241
    0.0000  -22.5000   30.000013060.5146   20.6179
    7.5000  -22.5000   30.000012432.6641   20.6566
   -7.5000  -15.0000   30.000013258.3135   20.6118
    0.0000  -15.0000   30.000013779.4131   20.6043
    7.5000  -15.0000   30.000013096.8584   20.6453
   -7.5000   -7.5000   30.000013989.8613   20.6153
    0.0000   -7.5000   30.000014485.2588   20.6177
    7.5000   -7.5000   30.000013706.1338   20.6671
   -7.5000    0.0000   30.000014558.0908   20.6301
    0.0000    0.0000   30.000015007.2803   20.6432
    7.5000    0.0000   30.000014195.6934   20.6991
   -7.5000    7.5000   30.000013856.6719   20.6432
    0.0000    7.5000   30.000014293.8223   20.6564
    7.5000    7.5000   30.000013514.0098   20.7091
   -7.5000   15.0000   30.000012951.0996   20.6405
    0.0000   15.0000   30.000013351.7705   20.6444
    7.5000   15.0000   30.000012629.4795   20.6883
   -7.5000   22.5000   30.000011979.1660   20.6145
    0.0000   22.5000   30.000012339.9844   20.6084
    7.5000   22.5000   30.000011662.8467   20.6471
   -7.5000   30.0000   30.000010906.5664   20.3451
    0.0000   30.0000   30.000011247.7139   20.3376
    7.5000   30.0000   30.000010651.7803   20.3781
   -7.5000   37.5000   30.000010260.6494   20.3485
    0.0000   37.5000   30.000010595.9287   20.3509
    7.5000   37.5000   30.000010018.8965   20.3996
   -7.5000   45.0000   30.0000 9190.8633   19.8853
    0.0000   45.0000   30.0000 9477.6318   19.8979
    7.5000   45.0000   30.0000 8993.5957   19.9518
   -7.5000  -45.0000   37.500010191.1426   20.7214
    0.0000  -45.0000   37.500010620.9170   20.7342
    7.5000  -45.0000   37.500010004.3662   20.7870
   -7.5000  -37.5000   37.500010681.5332   20.7233
    0.0000  -37.5000   37.500011160.0752   20.7336
    7.5000  -37.5000   37.500010523.5098   20.7812
   -7.5000  -30.0000   37.500011498.0039   20.7108
    0.0000  -30.0000   37.500011974.6445   20.7114
    7.5000  -30.0000   37.500011356.6357   20.7516
   -7.5000  -22.5000   37.500012228.1094   20.6885
    0.0000  -22.5000   37.500012721.3047   20.6819
    7.5000  -22.5000   37.500012075.7178   20.7208
   -7.5000  -15.0000   37.500012919.1211   20.6805
    0.0000  -15.0000   37.500013411.9180   20.6750
    7.5000  -15.0000   37.500012733.4424   20.7183
   -7.5000   -7.5000   37.500013547.1836   20.6957
    0.0000   -7.5000   37.500014036.4463   20.7001
    7.5000   -7.5000   37.500013336.6064   20.7501
   -7.5000    0.0000   37.500014074.8672   20.7162
    0.0000    0.0000   37.500014559.0459   20.7292
    7.5000    0.0000   37.500013844.0205   20.7820
   -7.5000    7.5000   37.500013463.4785   20.7233
    0.0000    7.5000   37.500013930.4580   20.7336
    7.5000    7.5000   37.500013220.2422   20.7812
   -7.5000   15.0000   37.500012630.3828   20.7108
    0.0000   15.0000   37.500013044.5840   20.7114
    7.5000   15.0000   37.500012386.5508   20.7516
   -7.5000   22.5000   37.500011667.6494   20.6789
    0.0000   22.5000   37.500012045.1230   20.6724
    7.5000   22.5000   37.500011443.9854   20.7113
   -7.5000   30.0000   37.500010631.8027   20.4128
    0.0000   30.0000   37.500010975.2158   20.4074
    7.5000   30.0000   37.500010416.6357   20.4502
   -7.5000   37.5000   37.5000 9979.9180   20.4279
    0.0000   37.5000   37.500010316.1172   20.4322
    7.5000   37.5000   37.5000 9785.6182   20.4815
   -7.5000   45.0000   37.5000 8911.2344   19.9683
    0.0000   45.0000   37.5000 9188.4043   19.9808
    7.5000   45.0000   37.5000 8742.7490   20.0317
   -7.5000  -45.0000   45.0000 9445.2812   20.8473
    0.0000  -45.0000   45.0000 9810.9434   20.8633
    7.5000  -45.0000   45.0000 9275.5156   20.9068
   -7.5000  -37.5000   45.0000 9912.4355   20.8525
    0.0000  -37.5000   45.000010291.4453   20.8638
    7.5000  -37.5000   45.0000 9739.6699   20.8998
   -7.5000  -30.0000   45.000010671.2217   20.8435
    0.0000  -30.0000   45.000011069.7959   20.8459
    7.5000  -30.0000   45.000010521.1152   20.8745
   -7.5000  -22.5000   45.000011339.6445   20.8215
    0.0000  -22.5000   45.000011785.5605   20.8194
    7.5000  -22.5000   45.000011203.9883   20.8489
   -7.5000  -15.0000   45.000011963.5049   20.8086
    0.0000  -15.0000   45.000012423.5859   20.8100
    7.5000  -15.0000   45.000011813.2441   20.8467
   -7.5000   -7.5000   45.000012508.8721   20.8203
    0.0000   -7.5000   45.000012982.9658   20.8308
    7.5000   -7.5000   45.000012346.3574   20.8742
   -7.5000    0.0000   45.000012995.5254   20.8421
    0.0000    0.0000   45.000013470.0742   20.8582
    7.5000    0.0000   45.000012824.3652   20.9017
   -7.5000    7.5000   45.000012462.5840   20.8525
    0.0000    7.5000   45.000012905.0615   20.8638
    7.5000    7.5000   45.000012284.9951   20.8998
   -7.5000   15.0000   45.000011712.8301   20.8435
    0.0000   15.0000   45.000012128.2578   20.8459
    7.5000   15.0000   45.000011532.7803   20.8745
   -7.5000   22.5000   45.000010849.7773   20.8118
    0.0000   22.5000   45.000011211.4814   20.8098
    7.5000   22.5000   45.000010657.2529   20.8392
   -7.5000   30.0000   45.0000 9877.0566   20.5375
    0.0000   30.0000   45.000010215.4971   20.5389
    7.5000   30.0000   45.0000 9686.0762   20.5751
   -7.5000   37.5000   45.0000 9256.1797   20.5490
    0.0000   37.5000   45.0000 9571.2754   20.5595
    7.5000   37.5000   45.0000 9080.6494   20.6023
   -7.5000   45.0000   45.0000 8249.1182   20.0985
    0.0000   45.0000   45.0000 8512.0498   20.1142
    7.5000   45.0000   45.0000 8087.9048   20.1561

---------------------------------------------------------------------
imgreg_4dfp /opt/freesurfer/average/711-2C_as_mni_average_305 /opt/freesurfer/average/711-2B_as_mni_average_305_mask talsrcimg_g11 none talsrcimg_to_711-2C_as_mni_average_305_t4 4355
---------------------------------------------------------------------

freesurfer imgreg_4dfp.c
/opt/freesurfer/average/711-2C_as_mni_average_305.4dfp.img
       256       256       256         1
  1.000000  1.000000  1.000000
orientation T byte_order littleendian
Reading image: /opt/freesurfer/average/711-2C_as_mni_average_305.4dfp.img
dimensions:      256       256       256
mmppix:       1.0000   -1.0000   -1.0000
center:     128.0000 -129.0000 -129.0000
/opt/freesurfer/average/711-2B_as_mni_average_305_mask.4dfp.img
       256       256       256         1
  1.000000  1.000000  1.000000
orientation T byte_order littleendian
Reading mask: /opt/freesurfer/average/711-2B_as_mni_average_305_mask.4dfp.img (2306576 pixels)
talsrcimg_g11.4dfp.img
       256       256       256         1
  1.000000  1.000000  1.000000
orientation T byte_order littleendian
Reading image: talsrcimg_g11.4dfp.img
dimensions:      256       256       256
mmppix:       1.0000   -1.0000   -1.0000
center:     128.0000 -129.0000 -129.0000
rotation matrix determinant  1.000000
image alignment mode   4355 decimal     1103 hex
   -7.5000  -45.0000  -45.0000 2016.8495   21.0194
    0.0000  -45.0000  -45.0000 2009.9924   21.0141
    7.5000  -45.0000  -45.0000 1982.0735   21.4231
   -7.5000  -37.5000  -45.0000 2089.8877   19.5667
    0.0000  -37.5000  -45.0000 2084.1714   19.5620
    7.5000  -37.5000  -45.0000 2051.2620   19.8853
   -7.5000  -30.0000  -45.0000 2135.3831   18.5126
    0.0000  -30.0000  -45.0000 2134.4192   18.4909
    7.5000  -30.0000  -45.0000 2099.5513   18.7976
   -7.5000  -22.5000  -45.0000 2160.7903   17.8650
    0.0000  -22.5000  -45.0000 2160.9417   17.7887
    7.5000  -22.5000  -45.0000 2129.5894   18.1443
   -7.5000  -15.0000  -45.0000 2163.9556   17.5089
    0.0000  -15.0000  -45.0000 2164.6191   17.4714
    7.5000  -15.0000  -45.0000 2131.6484   17.8549
   -7.5000   -7.5000  -45.0000 2147.9265   17.6323
    0.0000   -7.5000  -45.0000 2155.5879   17.6275
    7.5000   -7.5000  -45.0000 2117.2437   18.0659
   -7.5000    0.0000  -45.0000 2111.6885   18.2513
    0.0000    0.0000  -45.0000 2120.6628   18.2107
    7.5000    0.0000  -45.0000 2088.0461   18.6572
   -7.5000    7.5000  -45.0000 2061.6494   19.2059
    0.0000    7.5000  -45.0000 2062.8398   19.1410
    7.5000    7.5000  -45.0000 2038.4615   19.5741
   -7.5000   15.0000  -45.0000 1994.7517   20.5835
    0.0000   15.0000  -45.0000 1998.0743   20.4325
    7.5000   15.0000  -45.0000 1968.0192   20.9033
   -7.5000   22.5000  -45.0000 1910.1440   22.4140
    0.0000   22.5000  -45.0000 1914.9077   22.3282
    7.5000   22.5000  -45.0000 1886.2847   22.8216
   -7.5000   30.0000  -45.0000 1806.5685   25.0369
    0.0000   30.0000  -45.0000 1818.2101   24.9762
    7.5000   30.0000  -45.0000 1791.4111   25.5771
   -7.5000   37.5000  -45.0000 1694.1815   28.7966
    0.0000   37.5000  -45.0000 1708.0758   28.8777
    7.5000   37.5000  -45.0000 1677.1486   29.4265
   -7.5000   45.0000  -45.0000 1583.2606   33.9567
    0.0000   45.0000  -45.0000 1583.8376   34.1090
    7.5000   45.0000  -45.0000 1561.6832   34.7749
   -7.5000  -45.0000  -37.5000 2101.6592   19.4007
    0.0000  -45.0000  -37.5000 2101.5857   19.3959
    7.5000  -45.0000  -37.5000 2069.3208   19.7202
   -7.5000  -37.5000  -37.5000 2183.8916   18.0463
    0.0000  -37.5000  -37.5000 2181.9048   18.0428
    7.5000  -37.5000  -37.5000 2150.1938   18.3126
   -7.5000  -30.0000  -37.5000 2225.6685   17.0797
    0.0000  -30.0000  -37.5000 2228.9211   17.0780
    7.5000  -30.0000  -37.5000 2198.8162   17.3390
   -7.5000  -22.5000  -37.5000 2254.3564   16.4850
    0.0000  -22.5000  -37.5000 2260.4294   16.4610
    7.5000  -22.5000  -37.5000 2232.5603   16.6892
   -7.5000  -15.0000  -37.5000 2260.4089   16.1959
    0.0000  -15.0000  -37.5000 2268.5906   16.1602
    7.5000  -15.0000  -37.5000 2242.8311   16.4389
   -7.5000   -7.5000  -37.5000 2252.7942   16.2395
    0.0000   -7.5000  -37.5000 2258.9265   16.2159
    7.5000   -7.5000  -37.5000 2227.2029   16.5515
   -7.5000    0.0000  -37.5000 2221.5027   16.7575
    0.0000    0.0000  -37.5000 2227.3760   16.7012
    7.5000    0.0000  -37.5000 2193.4958   17.0544
   -7.5000    7.5000  -37.5000 2166.1877   17.6102
    0.0000    7.5000  -37.5000 2170.4612   17.5381
    7.5000    7.5000  -37.5000 2141.2800   17.9039
   -7.5000   15.0000  -37.5000 2094.9390   18.8668
    0.0000   15.0000  -37.5000 2098.5723   18.7670
    7.5000   15.0000  -37.5000 2068.5349   19.1481
   -7.5000   22.5000  -37.5000 2005.9376   20.5613
    0.0000   22.5000  -37.5000 2008.0171   20.4668
    7.5000   22.5000  -37.5000 1975.8281   20.8902
   -7.5000   30.0000  -37.5000 1893.2286   22.9593
    0.0000   30.0000  -37.5000 1898.4535   22.8472
    7.5000   30.0000  -37.5000 1872.1558   23.3180
   -7.5000   37.5000  -37.5000 1774.9277   26.2592
    0.0000   37.5000  -37.5000 1782.6029   26.2812
    7.5000   37.5000  -37.5000 1748.2344   26.7195
   -7.5000   45.0000  -37.5000 1645.3818   30.8617
    0.0000   45.0000  -37.5000 1647.6779   30.9170
    7.5000   45.0000  -37.5000 1622.8650   31.4927
   -7.5000  -45.0000  -30.0000 2233.8369   18.5462
    0.0000  -45.0000  -30.0000 2231.2625   18.5308
    7.5000  -45.0000  -30.0000 2194.6179   18.8522
   -7.5000  -37.5000  -30.0000 2321.6492   17.1944
    0.0000  -37.5000  -30.0000 2318.7217   17.1916
    7.5000  -37.5000  -30.0000 2281.0410   17.4639
   -7.5000  -30.0000  -30.0000 2369.4387   16.2741
    0.0000  -30.0000  -30.0000 2372.5762   16.2908
    7.5000  -30.0000  -30.0000 2339.2156   16.5302
   -7.5000  -22.5000  -30.0000 2401.8079   15.7369
    0.0000  -22.5000  -30.0000 2407.6724   15.7156
    7.5000  -22.5000  -30.0000 2375.5625   15.9463
   -7.5000  -15.0000  -30.0000 2408.6550   15.4816
    0.0000  -15.0000  -30.0000 2414.6321   15.4593
    7.5000  -15.0000  -30.0000 2386.7070   15.6715
   -7.5000   -7.5000  -30.0000 2404.1011   15.5098
    0.0000   -7.5000  -30.0000 2407.6353   15.4813
    7.5000   -7.5000  -30.0000 2376.0474   15.7168
   -7.5000    0.0000  -30.0000 2366.9983   15.9713
    0.0000    0.0000  -30.0000 2370.4387   15.9127
    7.5000    0.0000  -30.0000 2338.0264   16.1954
   -7.5000    7.5000  -30.0000 2308.5310   16.7715
    0.0000    7.5000  -30.0000 2315.9307   16.7056
    7.5000    7.5000  -30.0000 2282.0142   17.0062
   -7.5000   15.0000  -30.0000 2223.8093   17.9524
    0.0000   15.0000  -30.0000 2230.5264   17.8536
    7.5000   15.0000  -30.0000 2201.0142   18.2154
   -7.5000   22.5000  -30.0000 2124.4988   19.5723
    0.0000   22.5000  -30.0000 2128.5469   19.4299
    7.5000   22.5000  -30.0000 2098.9236   19.8539
   -7.5000   30.0000  -30.0000 2011.9987   21.8027
    0.0000   30.0000  -30.0000 2014.4768   21.6555
    7.5000   30.0000  -30.0000 1986.8813   22.0589
   -7.5000   37.5000  -30.0000 1885.8243   24.8198
    0.0000   37.5000  -30.0000 1896.6997   24.7229
    7.5000   37.5000  -30.0000 1859.2870   25.1314
   -7.5000   45.0000  -30.0000 1743.6454   29.0351
    0.0000   45.0000  -30.0000 1750.9873   28.9202
    7.5000   45.0000  -30.0000 1723.9692   29.4576
   -7.5000  -45.0000  -22.5000 2335.2158   17.5619
    0.0000  -45.0000  -22.5000 2330.3628   17.5821
    7.5000  -45.0000  -22.5000 2294.6370   17.8938
   -7.5000  -37.5000  -22.5000 2431.4448   16.2239
    0.0000  -37.5000  -22.5000 2428.6426   16.2273
    7.5000  -37.5000  -22.5000 2386.9707   16.5203
   -7.5000  -30.0000  -22.5000 2490.6072   15.3344
    0.0000  -30.0000  -22.5000 2494.7551   15.3503
    7.5000  -30.0000  -22.5000 2456.3594   15.5997
   -7.5000  -22.5000  -22.5000 2528.9331   14.8261
    0.0000  -22.5000  -22.5000 2532.0735   14.8075
    7.5000  -22.5000  -22.5000 2495.5522   15.0375
   -7.5000  -15.0000  -22.5000 2543.2605   14.6093
    0.0000  -15.0000  -22.5000 2550.6245   14.5870
    7.5000  -15.0000  -22.5000 2510.9851   14.7598
   -7.5000   -7.5000  -22.5000 2532.5947   14.6827
    0.0000   -7.5000  -22.5000 2541.3198   14.6640
    7.5000   -7.5000  -22.5000 2500.5039   14.8559
   -7.5000    0.0000  -22.5000 2492.1057   15.0982
    0.0000    0.0000  -22.5000 2500.5215   15.0734
    7.5000    0.0000  -22.5000 2463.2551   15.2822
   -7.5000    7.5000  -22.5000 2427.1133   15.8561
    0.0000    7.5000  -22.5000 2438.7671   15.8054
    7.5000    7.5000  -22.5000 2401.3198   16.0299
   -7.5000   15.0000  -22.5000 2334.1636   16.9659
    0.0000   15.0000  -22.5000 2346.8914   16.8595
    7.5000   15.0000  -22.5000 2313.9900   17.1411
   -7.5000   22.5000  -22.5000 2228.2288   18.4227
    0.0000   22.5000  -22.5000 2239.6604   18.3068
    7.5000   22.5000  -22.5000 2208.1436   18.6371
   -7.5000   30.0000  -22.5000 2100.2625   20.4242
    0.0000   30.0000  -22.5000 2110.7158   20.3040
    7.5000   30.0000  -22.5000 2081.5149   20.6517
   -7.5000   37.5000  -22.5000 1973.3640   23.1841
    0.0000   37.5000  -22.5000 1979.4287   23.0956
    7.5000   37.5000  -22.5000 1945.5000   23.5464
   -7.5000   45.0000  -22.5000 1819.5454   27.1159
    0.0000   45.0000  -22.5000 1824.8123   26.9500
    7.5000   45.0000  -22.5000 1795.3352   27.4536
   -7.5000  -45.0000  -15.0000 2404.5840   16.6158
    0.0000  -45.0000  -15.0000 2400.7371   16.6222
    7.5000  -45.0000  -15.0000 2364.1162   16.9260
   -7.5000  -37.5000  -15.0000 2508.4724   15.2947
    0.0000  -37.5000  -15.0000 2506.2864   15.3036
    7.5000  -37.5000  -15.0000 2464.2266   15.6003
   -7.5000  -30.0000  -15.0000 2579.9204   14.4078
    0.0000  -30.0000  -15.0000 2582.4087   14.4186
    7.5000  -30.0000  -15.0000 2543.7024   14.6967
   -7.5000  -22.5000  -15.0000 2621.7249   13.9323
    0.0000  -22.5000  -15.0000 2632.8325   13.9256
    7.5000  -22.5000  -15.0000 2593.1614   14.1381
   -7.5000  -15.0000  -15.0000 2649.7639   13.7368
    0.0000  -15.0000  -15.0000 2658.6750   13.7234
    7.5000  -15.0000  -15.0000 2614.8628   13.8987
   -7.5000   -7.5000  -15.0000 2639.8428   13.8557
    0.0000   -7.5000  -15.0000 2651.5466   13.8633
    7.5000   -7.5000  -15.0000 2603.8140   14.0194
   -7.5000    0.0000  -15.0000 2594.7385   14.2777
    0.0000    0.0000  -15.0000 2604.9607   14.2826
    7.5000    0.0000  -15.0000 2560.0303   14.4260
   -7.5000    7.5000  -15.0000 2522.7241   14.9789
    0.0000    7.5000  -15.0000 2533.2354   14.9492
    7.5000    7.5000  -15.0000 2492.5806   15.1270
   -7.5000   15.0000  -15.0000 2426.0210   15.9767
    0.0000   15.0000  -15.0000 2439.1221   15.9144
    7.5000   15.0000  -15.0000 2401.0791   16.1318
   -7.5000   22.5000  -15.0000 2313.2197   17.3171
    0.0000   22.5000  -15.0000 2327.0532   17.2288
    7.5000   22.5000  -15.0000 2291.1816   17.5075
   -7.5000   30.0000  -15.0000 2177.7075   19.1468
    0.0000   30.0000  -15.0000 2184.9919   19.0834
    7.5000   30.0000  -15.0000 2153.1311   19.3890
   -7.5000   37.5000  -15.0000 2036.5383   21.6941
    0.0000   37.5000  -15.0000 2039.8579   21.6323
    7.5000   37.5000  -15.0000 2013.4620   22.0900
   -7.5000   45.0000  -15.0000 1873.9532   25.3042
    0.0000   45.0000  -15.0000 1884.1962   25.1711
    7.5000   45.0000  -15.0000 1855.4796   25.6042
   -7.5000  -45.0000   -7.5000 2453.8374   15.6903
    0.0000  -45.0000   -7.5000 2447.1941   15.7024
    7.5000  -45.0000   -7.5000 2410.9895   16.0591
   -7.5000  -37.5000   -7.5000 2569.4658   14.4540
    0.0000  -37.5000   -7.5000 2564.4351   14.4594
    7.5000  -37.5000   -7.5000 2527.8420   14.7619
   -7.5000  -30.0000   -7.5000 2655.4788   13.5774
    0.0000  -30.0000   -7.5000 2658.1194   13.6086
    7.5000  -30.0000   -7.5000 2622.3645   13.8815
   -7.5000  -22.5000   -7.5000 2709.0007   13.0861
    0.0000  -22.5000   -7.5000 2716.3005   13.1029
    7.5000  -22.5000   -7.5000 2679.0188   13.3250
   -7.5000  -15.0000   -7.5000 2736.9397   12.9214
    0.0000  -15.0000   -7.5000 2749.8860   12.9108
    7.5000  -15.0000   -7.5000 2701.0254   13.0973
   -7.5000   -7.5000   -7.5000 2727.4561   13.0869
    0.0000   -7.5000   -7.5000 2743.2495   13.0837
    7.5000   -7.5000   -7.5000 2688.5156   13.2494
   -7.5000    0.0000   -7.5000 2680.3396   13.4987
    0.0000    0.0000   -7.5000 2693.2725   13.4969
    7.5000    0.0000   -7.5000 2643.3452   13.6467
   -7.5000    7.5000   -7.5000 2604.9568   14.1563
    0.0000    7.5000   -7.5000 2616.3845   14.1317
    7.5000    7.5000   -7.5000 2570.2170   14.3269
   -7.5000   15.0000   -7.5000 2499.4580   15.0724
    0.0000   15.0000   -7.5000 2512.5142   15.0210
    7.5000   15.0000   -7.5000 2470.7534   15.2412
   -7.5000   22.5000   -7.5000 2380.0005   16.3445
    0.0000   22.5000   -7.5000 2393.2644   16.2711
    7.5000   22.5000   -7.5000 2354.4441   16.5209
   -7.5000   30.0000   -7.5000 2239.3386   18.1474
    0.0000   30.0000   -7.5000 2247.1375   18.0377
    7.5000   30.0000   -7.5000 2214.1628   18.3548
   -7.5000   37.5000   -7.5000 2090.0513   20.5810
    0.0000   37.5000   -7.5000 2091.4055   20.4780
    7.5000   37.5000   -7.5000 2067.5286   20.8664
   -7.5000   45.0000   -7.5000 1917.5490   23.8740
    0.0000   45.0000   -7.5000 1931.9508   23.7042
    7.5000   45.0000   -7.5000 1899.5793   24.1816
   -7.5000  -45.0000    0.0000 2484.6575   15.0335
    0.0000  -45.0000    0.0000 2478.9634   15.0434
    7.5000  -45.0000    0.0000 2447.0159   15.4267
   -7.5000  -37.5000    0.0000 2611.9622   13.8142
    0.0000  -37.5000    0.0000 2610.3586   13.8338
    7.5000  -37.5000    0.0000 2575.0159   14.1752
   -7.5000  -30.0000    0.0000 2714.1436   12.9713
    0.0000  -30.0000    0.0000 2716.4531   12.9878
    7.5000  -30.0000    0.0000 2677.6758   13.2973
   -7.5000  -22.5000    0.0000 2782.9670   12.4307
    0.0000  -22.5000    0.0000 2791.1677   12.4466
    7.5000  -22.5000    0.0000 2742.9873   12.7305
   -7.5000  -15.0000    0.0000 2816.3147   12.2586
    0.0000  -15.0000    0.0000 2829.2051   12.2546
    7.5000  -15.0000    0.0000 2775.0920   12.5126
   -7.5000   -7.5000    0.0000 2811.6428   12.4458
    0.0000   -7.5000    0.0000 2826.1562   12.4381
    7.5000   -7.5000    0.0000 2767.5879   12.6486
   -7.5000    0.0000    0.0000 2755.1313   12.8690
    0.0000    0.0000    0.0000 2768.4617   12.8544
    7.5000    0.0000    0.0000 2712.4165   13.0631
   -7.5000    7.5000    0.0000 2669.8301   13.5022
    0.0000    7.5000    0.0000 2682.0051   13.4824
    7.5000    7.5000    0.0000 2632.9705   13.6934
   -7.5000   15.0000    0.0000 2554.6812   14.4029
    0.0000   15.0000    0.0000 2567.2490   14.3518
    7.5000   15.0000    0.0000 2526.1646   14.5790
   -7.5000   22.5000    0.0000 2428.5972   15.6452
    0.0000   22.5000    0.0000 2438.1438   15.5854
    7.5000   22.5000    0.0000 2399.8210   15.8626
   -7.5000   30.0000    0.0000 2288.2427   17.3563
    0.0000   30.0000    0.0000 2294.2307   17.2893
    7.5000   30.0000    0.0000 2257.3799   17.6102
   -7.5000   37.5000    0.0000 2129.2322   19.7006
    0.0000   37.5000    0.0000 2130.6702   19.6349
    7.5000   37.5000    0.0000 2102.7056   19.9956
   -7.5000   45.0000    0.0000 1957.1503   22.8819
    0.0000   45.0000    0.0000 1970.8690   22.7576
    7.5000   45.0000    0.0000 1935.0620   23.2618
   -7.5000  -45.0000    7.5000 2505.0115   14.6179
    0.0000  -45.0000    7.5000 2497.4089   14.6411
    7.5000  -45.0000    7.5000 2460.3904   15.0561
   -7.5000  -37.5000    7.5000 2638.3159   13.3857
    0.0000  -37.5000    7.5000 2637.2644   13.4308
    7.5000  -37.5000    7.5000 2598.7319   13.8163
   -7.5000  -30.0000    7.5000 2756.1865   12.5807
    0.0000  -30.0000    7.5000 2760.4919   12.6083
    7.5000  -30.0000    7.5000 2712.2100   12.9611
   -7.5000  -22.5000    7.5000 2847.7529   11.9984
    0.0000  -22.5000    7.5000 2857.6501   12.0263
    7.5000  -22.5000    7.5000 2791.1677   12.3924
   -7.5000  -15.0000    7.5000 2893.4270   11.7495
    0.0000  -15.0000    7.5000 2907.2249   11.7715
    7.5000  -15.0000    7.5000 2834.5720   12.1559
   -7.5000   -7.5000    7.5000 2883.7566   11.9215
    0.0000   -7.5000    7.5000 2897.1177   11.9303
    7.5000   -7.5000    7.5000 2829.7153   12.2702
   -7.5000    0.0000    7.5000 2816.1904   12.3692
    0.0000    0.0000    7.5000 2829.7068   12.3764
    7.5000    0.0000    7.5000 2769.0767   12.7033
   -7.5000    7.5000    7.5000 2718.8665   13.0209
    0.0000    7.5000    7.5000 2733.9924   13.0278
    7.5000    7.5000    7.5000 2682.5525   13.3291
   -7.5000   15.0000    7.5000 2597.2632   13.9303
    0.0000   15.0000    7.5000 2611.5417   13.9133
    7.5000   15.0000    7.5000 2568.6553   14.2225
   -7.5000   22.5000    7.5000 2468.3367   15.1555
    0.0000   22.5000    7.5000 2473.9917   15.1551
    7.5000   22.5000    7.5000 2434.7273   15.4698
   -7.5000   30.0000    7.5000 2316.6594   16.8297
    0.0000   30.0000    7.5000 2320.4551   16.8242
    7.5000   30.0000    7.5000 2285.1531   17.1625
   -7.5000   37.5000    7.5000 2149.3442   19.0847
    0.0000   37.5000    7.5000 2156.7754   19.0757
    7.5000   37.5000    7.5000 2121.8706   19.4563
   -7.5000   45.0000    7.5000 1984.4312   22.1022
    0.0000   45.0000    7.5000 1992.3164   22.0461
    7.5000   45.0000    7.5000 1957.1857   22.5182
   -7.5000  -45.0000   15.0000 2502.1978   14.3660
    0.0000  -45.0000   15.0000 2501.6736   14.3995
    7.5000  -45.0000   15.0000 2454.9475   14.8822
   -7.5000  -37.5000   15.0000 2642.7537   13.1334
    0.0000  -37.5000   15.0000 2647.4348   13.1957
    7.5000  -37.5000   15.0000 2599.1094   13.6480
   -7.5000  -30.0000   15.0000 2767.5813   12.3763
    0.0000  -30.0000   15.0000 2778.1912   12.4041
    7.5000  -30.0000   15.0000 2724.1758   12.8156
   -7.5000  -22.5000   15.0000 2877.7146   11.7785
    0.0000  -22.5000   15.0000 2892.6030   11.8075
    7.5000  -22.5000   15.0000 2818.4172   12.2731
   -7.5000  -15.0000   15.0000 2935.0522   11.4607
    0.0000  -15.0000   15.0000 2949.1069   11.4951
    7.5000  -15.0000   15.0000 2871.5308   12.0198
   -7.5000   -7.5000   15.0000 2928.1194   11.5734
    0.0000   -7.5000   15.0000 2943.6013   11.5976
    7.5000   -7.5000   15.0000 2868.9128   12.1079
   -7.5000    0.0000   15.0000 2849.0574   12.0890
    0.0000    0.0000   15.0000 2865.5261   12.1224
    7.5000    0.0000   15.0000 2804.0459   12.5385
   -7.5000    7.5000   15.0000 2743.2393   12.7766
    0.0000    7.5000   15.0000 2758.2734   12.8172
    7.5000    7.5000   15.0000 2705.0708   13.1580
   -7.5000   15.0000   15.0000 2614.2617   13.6810
    0.0000   15.0000   15.0000 2630.9470   13.6676
    7.5000   15.0000   15.0000 2585.2065   13.9783
   -7.5000   22.5000   15.0000 2478.6169   14.8929
    0.0000   22.5000   15.0000 2489.3352   14.8698
    7.5000   22.5000   15.0000 2445.6821   15.1770
   -7.5000   30.0000   15.0000 2321.3767   16.5379
    0.0000   30.0000   15.0000 2329.6228   16.5211
    7.5000   30.0000   15.0000 2293.0369   16.8322
   -7.5000   37.5000   15.0000 2156.4128   18.7242
    0.0000   37.5000   15.0000 2165.6321   18.6929
    7.5000   37.5000   15.0000 2132.6814   19.0897
   -7.5000   45.0000   15.0000 1989.7684   21.6583
    0.0000   45.0000   15.0000 1993.1140   21.5836
    7.5000   45.0000   15.0000 1960.8782   22.0584
   -7.5000  -45.0000   22.5000 2483.9397   14.3218
    0.0000  -45.0000   22.5000 2488.3313   14.3808
    7.5000  -45.0000   22.5000 2445.2324   14.9340
   -7.5000  -37.5000   22.5000 2626.9705   13.0850
    0.0000  -37.5000   22.5000 2636.9744   13.1476
    7.5000  -37.5000   22.5000 2593.0696   13.6787
   -7.5000  -30.0000   22.5000 2752.1160   12.2825
    0.0000  -30.0000   22.5000 2768.6887   12.3424
    7.5000  -30.0000   22.5000 2716.0896   12.8232
   -7.5000  -22.5000   22.5000 2864.0728   11.7198
    0.0000  -22.5000   22.5000 2880.2598   11.7729
    7.5000  -22.5000   22.5000 2814.2793   12.2845
   -7.5000  -15.0000   22.5000 2924.7947   11.4718
    0.0000  -15.0000   22.5000 2937.7180   11.4828
    7.5000  -15.0000   22.5000 2866.8430   12.0182
   -7.5000   -7.5000   22.5000 2926.7073   11.5653
    0.0000   -7.5000   22.5000 2937.7742   11.5963
    7.5000   -7.5000   22.5000 2868.6887   12.0481
   -7.5000    0.0000   22.5000 2856.3726   12.0046
    0.0000    0.0000   22.5000 2865.3159   12.0411
    7.5000    0.0000   22.5000 2807.3899   12.4257
   -7.5000    7.5000   22.5000 2743.2151   12.6589
    0.0000    7.5000   22.5000 2757.9226   12.6724
    7.5000    7.5000   22.5000 2708.4089   13.0472
   -7.5000   15.0000   22.5000 2611.2964   13.5759
    0.0000   15.0000   22.5000 2623.4189   13.5384
    7.5000   15.0000   22.5000 2581.8005   13.8942
   -7.5000   22.5000   22.5000 2474.8240   14.8127
    0.0000   22.5000   22.5000 2482.5767   14.7535
    7.5000   22.5000   22.5000 2446.9502   15.0862
   -7.5000   30.0000   22.5000 2317.8911   16.4473
    0.0000   30.0000   22.5000 2323.4009   16.4017
    7.5000   30.0000   22.5000 2297.2080   16.7195
   -7.5000   37.5000   22.5000 2149.3586   18.5703
    0.0000   37.5000   22.5000 2156.0063   18.5188
    7.5000   37.5000   22.5000 2129.0818   18.8857
   -7.5000   45.0000   22.5000 1980.8958   21.4216
    0.0000   45.0000   22.5000 1975.7009   21.3516
    7.5000   45.0000   22.5000 1957.0717   21.7877
   -7.5000  -45.0000   30.0000 2457.1270   14.6065
    0.0000  -45.0000   30.0000 2464.2854   14.6896
    7.5000  -45.0000   30.0000 2421.5654   15.2321
   -7.5000  -37.5000   30.0000 2596.8745   13.3669
    0.0000  -37.5000   30.0000 2612.5168   13.4571
    7.5000  -37.5000   30.0000 2562.9663   13.9852
   -7.5000  -30.0000   30.0000 2715.0720   12.5439
    0.0000  -30.0000   30.0000 2738.8457   12.6242
    7.5000  -30.0000   30.0000 2684.0967   13.1306
   -7.5000  -22.5000   30.0000 2820.9778   11.9792
    0.0000  -22.5000   30.0000 2840.6018   12.0001
    7.5000  -22.5000   30.0000 2782.2537   12.5304
   -7.5000  -15.0000   30.0000 2880.8169   11.7780
    0.0000  -15.0000   30.0000 2896.4961   11.7645
    7.5000  -15.0000   30.0000 2837.7944   12.2197
   -7.5000   -7.5000   30.0000 2887.9465   11.9101
    0.0000   -7.5000   30.0000 2901.3323   11.8996
    7.5000   -7.5000   30.0000 2838.3953   12.2677
   -7.5000    0.0000   30.0000 2824.9250   12.2918
    0.0000    0.0000   30.0000 2830.6267   12.2956
    7.5000    0.0000   30.0000 2776.3574   12.6343
   -7.5000    7.5000   30.0000 2717.1863   12.9056
    0.0000    7.5000   30.0000 2725.7756   12.9055
    7.5000    7.5000   30.0000 2680.4185   13.2580
   -7.5000   15.0000   30.0000 2587.1667   13.7858
    0.0000   15.0000   30.0000 2596.0186   13.7315
    7.5000   15.0000   30.0000 2556.9910   14.0892
   -7.5000   22.5000   30.0000 2454.3538   14.9621
    0.0000   22.5000   30.0000 2464.7415   14.8825
    7.5000   22.5000   30.0000 2425.3042   15.2201
   -7.5000   30.0000   30.0000 2292.1067   16.5252
    0.0000   30.0000   30.0000 2305.3252   16.4408
    7.5000   30.0000   30.0000 2277.5254   16.7655
   -7.5000   37.5000   30.0000 2130.7690   18.6132
    0.0000   37.5000   30.0000 2139.2158   18.5431
    7.5000   37.5000   30.0000 2112.8950   18.9161
   -7.5000   45.0000   30.0000 1957.5563   21.5153
    0.0000   45.0000   30.0000 1958.4259   21.4130
    7.5000   45.0000   30.0000 1944.1693   21.8473
   -7.5000  -45.0000   37.5000 2427.0105   15.1614
    0.0000  -45.0000   37.5000 2437.5234   15.2747
    7.5000  -45.0000   37.5000 2393.3716   15.8481
   -7.5000  -37.5000   37.5000 2557.6514   13.9507
    0.0000  -37.5000   37.5000 2575.0791   14.0402
    7.5000  -37.5000   37.5000 2528.8506   14.5840
   -7.5000  -30.0000   37.5000 2676.5215   13.1007
    0.0000  -30.0000   37.5000 2697.2957   13.1180
    7.5000  -30.0000   37.5000 2644.4875   13.6695
   -7.5000  -22.5000   37.5000 2773.9636   12.4956
    0.0000  -22.5000   37.5000 2793.4268   12.4929
    7.5000  -22.5000   37.5000 2732.0291   12.9983
   -7.5000  -15.0000   37.5000 2818.3164   12.3049
    0.0000  -15.0000   37.5000 2837.4695   12.2807
    7.5000  -15.0000   37.5000 2783.2896   12.6935
   -7.5000   -7.5000   37.5000 2816.4199   12.3869
    0.0000   -7.5000   37.5000 2831.1929   12.3609
    7.5000   -7.5000   37.5000 2782.5190   12.7307
   -7.5000    0.0000   37.5000 2760.1199   12.7252
    0.0000    0.0000   37.5000 2769.3975   12.7119
    7.5000    0.0000   37.5000 2726.8181   13.0692
   -7.5000    7.5000   37.5000 2668.6094   13.3400
    0.0000    7.5000   37.5000 2677.8843   13.3639
    7.5000    7.5000   37.5000 2635.4143   13.6871
   -7.5000   15.0000   37.5000 2543.9929   14.2248
    0.0000   15.0000   37.5000 2551.1602   14.2124
    7.5000   15.0000   37.5000 2519.4138   14.5138
   -7.5000   22.5000   37.5000 2409.9111   15.3506
    0.0000   22.5000   37.5000 2424.4829   15.3068
    7.5000   22.5000   37.5000 2395.4526   15.6276
   -7.5000   30.0000   37.5000 2255.8938   16.8893
    0.0000   30.0000   37.5000 2268.7717   16.8194
    7.5000   30.0000   37.5000 2242.8113   17.1652
   -7.5000   37.5000   37.5000 2094.3406   18.9774
    0.0000   37.5000   37.5000 2104.5728   18.8725
    7.5000   37.5000   37.5000 2077.1978   19.2769
   -7.5000   45.0000   37.5000 1928.5037   21.8070
    0.0000   45.0000   37.5000 1932.9196   21.6939
    7.5000   45.0000   37.5000 1910.9633   22.1834
   -7.5000  -45.0000   45.0000 2389.5947   15.9807
    0.0000  -45.0000   45.0000 2401.6416   16.0433
    7.5000  -45.0000   45.0000 2359.0393   16.6295
   -7.5000  -37.5000   45.0000 2517.4705   14.7324
    0.0000  -37.5000   45.0000 2531.2795   14.7390
    7.5000  -37.5000   45.0000 2483.5540   15.3251
   -7.5000  -30.0000   45.0000 2627.2339   13.8068
    0.0000  -30.0000   45.0000 2644.0867   13.8185
    7.5000  -30.0000   45.0000 2592.2063   14.3691
   -7.5000  -22.5000   45.0000 2705.3223   13.2213
    0.0000  -22.5000   45.0000 2721.6611   13.2420
    7.5000  -22.5000   45.0000 2670.5515   13.7128
   -7.5000  -15.0000   45.0000 2738.0571   13.0134
    0.0000  -15.0000   45.0000 2754.6978   13.0055
    7.5000  -15.0000   45.0000 2706.9700   13.4024
   -7.5000   -7.5000   45.0000 2728.7129   13.0421
    0.0000   -7.5000   45.0000 2745.9556   13.0288
    7.5000   -7.5000   45.0000 2701.4763   13.3830
   -7.5000    0.0000   45.0000 2673.2866   13.3475
    0.0000    0.0000   45.0000 2684.8230   13.3419
    7.5000    0.0000   45.0000 2646.7227   13.7095
   -7.5000    7.5000   45.0000 2595.2947   13.9288
    0.0000    7.5000   45.0000 2603.6492   13.9430
    7.5000    7.5000   45.0000 2567.3884   14.2748
   -7.5000   15.0000   45.0000 2479.0256   14.8218
    0.0000   15.0000   45.0000 2493.2500   14.8188
    7.5000   15.0000   45.0000 2459.7646   15.1318
   -7.5000   22.5000   45.0000 2355.8003   15.9687
    0.0000   22.5000   45.0000 2369.6448   15.9387
    7.5000   22.5000   45.0000 2338.8613   16.2565
   -7.5000   30.0000   45.0000 2207.7312   17.4992
    0.0000   30.0000   45.0000 2222.4358   17.4476
    7.5000   30.0000   45.0000 2190.0090   17.7821
   -7.5000   37.5000   45.0000 2046.7268   19.5464
    0.0000   37.5000   45.0000 2055.2344   19.4677
    7.5000   37.5000   45.0000 2032.7745   19.8687
   -7.5000   45.0000   45.0000 1888.2047   22.3793
    0.0000   45.0000   45.0000 1891.1533   22.2809
    7.5000   45.0000   45.0000 1875.0057   22.8070

---------------------------------------------------------------------
imgreg_4dfp /opt/freesurfer/average/711-2C_as_mni_average_305 /opt/freesurfer/average/711-2B_as_mni_average_305_mask talsrcimg_g11 none talsrcimg_to_711-2C_as_mni_average_305_t4 1283
---------------------------------------------------------------------

freesurfer imgreg_4dfp.c
/opt/freesurfer/average/711-2C_as_mni_average_305.4dfp.img
       256       256       256         1
  1.000000  1.000000  1.000000
orientation T byte_order littleendian
Reading image: /opt/freesurfer/average/711-2C_as_mni_average_305.4dfp.img
dimensions:      256       256       256
mmppix:       1.0000   -1.0000   -1.0000
center:     128.0000 -129.0000 -129.0000
/opt/freesurfer/average/711-2B_as_mni_average_305_mask.4dfp.img
       256       256       256         1
  1.000000  1.000000  1.000000
orientation T byte_order littleendian
Reading mask: /opt/freesurfer/average/711-2B_as_mni_average_305_mask.4dfp.img (2306576 pixels)
talsrcimg_g11.4dfp.img
       256       256       256         1
  1.000000  1.000000  1.000000
orientation T byte_order littleendian
Reading image: talsrcimg_g11.4dfp.img
dimensions:      256       256       256
mmppix:       1.0000   -1.0000   -1.0000
center:     128.0000 -129.0000 -129.0000
rotation matrix determinant  1.000000
fimgreg.f
image alignment mode   1283 decimal      503 hex
parameters
    0.0000  -15.0000   15.0000    0.0000    0.0000    0.0000
eta,q 0.92618 11.47724
niter,ni,del,rscale     5    3   12.0000    1.2000
parameter  6  0.511787 ->  0.500000 qaram    1.1500
parameters
   -2.0194  -12.4169   17.1636   -2.0154   -1.1035   -3.4500
eta,q 0.93565 11.37497
  0.0747  0.0913  0.0753  0.0691  0.0676  0.0656
  0.0725  0.0843  0.0726  0.0667  0.0664  0.0645
  0.0710  0.0771  0.0706  0.0657  0.0657  0.0644
  0.0711  0.0709  0.0684  0.0667  0.0657  0.0655
  0.0747  0.0685  0.0669  0.0693  0.0662  0.0677
  0.0826  0.0701  0.0670  0.0726  0.0676  0.0707
  0.0929  0.0737  0.0702  0.0757  0.0705  0.0744
niter,ni,del,rscale     5    3   12.0000    1.2000
parameters
   -2.1377  -11.5088   16.1879   -3.4363   -1.8224   -3.5552
eta,q 0.93644 11.37755
  0.0723  0.0769  0.0688  0.0671  0.0668  0.0700
  0.0687  0.0716  0.0666  0.0658  0.0649  0.0669
  0.0668  0.0675  0.0647  0.0639  0.0637  0.0644
  0.0643  0.0644  0.0639  0.0640  0.0637  0.0636
  0.0644  0.0642  0.0654  0.0661  0.0647  0.0646
  0.0679  0.0671  0.0692  0.0691  0.0661  0.0669
  0.0747  0.0719  0.0743  0.0716  0.0686  0.0705
niter,ni,del,rscale     4    3   12.0000    1.2000
parameters
   -1.8226  -11.0203   15.5429   -4.3590   -1.8837   -3.5435
eta,q 0.93694 11.41194
  0.0734  0.0738  0.0685  0.0668  0.0675  0.0700
  0.0685  0.0696  0.0657  0.0660  0.0653  0.0667
  0.0660  0.0660  0.0636  0.0639  0.0636  0.0639
  0.0636  0.0634  0.0631  0.0630  0.0631  0.0631
  0.0639  0.0636  0.0646  0.0647  0.0638  0.0642
  0.0667  0.0668  0.0674  0.0675  0.0653  0.0666
  0.0723  0.0718  0.0717  0.0706  0.0677  0.0698
niter,ni,del,rscale     3    3   12.0000    1.2000
parameters
   -1.8851  -10.7291   15.1868   -4.9625   -1.9509   -3.6501
eta,q 0.93703 11.43274
  0.0727  0.0729  0.0688  0.0670  0.0674  0.0696
  0.0678  0.0690  0.0659  0.0659  0.0653  0.0663
  0.0650  0.0659  0.0634  0.0643  0.0636  0.0637
  0.0631  0.0631  0.0629  0.0628  0.0630  0.0630
  0.0643  0.0635  0.0643  0.0641  0.0637  0.0643
  0.0677  0.0672  0.0667  0.0666  0.0652  0.0667
  0.0736  0.0722  0.0704  0.0698  0.0677  0.0698
niter,ni,del,rscale     2    3   12.0000    1.2000
parameters
   -1.9338  -10.5445   14.9916   -5.2720   -1.9983   -3.7224
eta,q 0.93707 11.44606
  0.0728  0.0724  0.0690  0.0672  0.0674  0.0695
  0.0675  0.0688  0.0660  0.0660  0.0652  0.0662
  0.0648  0.0660  0.0635  0.0645  0.0636  0.0636
  0.0630  0.0630  0.0629  0.0628  0.0629  0.0629
  0.0643  0.0634  0.0642  0.0636  0.0636  0.0642
  0.0677  0.0674  0.0663  0.0660  0.0651  0.0665
  0.0733  0.0724  0.0698  0.0692  0.0676  0.0695
niter,ni,del,rscale     1    3   12.0000    1.2000
parameters
   -1.9663  -10.4476   14.9187   -5.4048   -2.0167   -3.7637
eta,q 0.93710 11.45091
  0.0729  0.0721  0.0692  0.0674  0.0674  0.0695
  0.0675  0.0686  0.0662  0.0661  0.0651  0.0661
  0.0647  0.0660  0.0636  0.0646  0.0636  0.0636
  0.0629  0.0629  0.0629  0.0628  0.0629  0.0629
  0.0643  0.0634  0.0641  0.0633  0.0636  0.0642
  0.0677  0.0676  0.0661  0.0657  0.0651  0.0664
  0.0732  0.0727  0.0695  0.0688  0.0675  0.0694
registration optimization eta report
parameter search radius
    6.0000    6.0000    6.0000    6.0000    6.0000    6.9000
100000*second partial in parameter space
       27.       25.       18.       14.       12.       13.
  0.0729  0.0721  0.0692  0.0674  0.0674  0.0695
  0.0675  0.0686  0.0662  0.0661  0.0651  0.0661
  0.0647  0.0660  0.0636  0.0646  0.0636  0.0636
  0.0629  0.0629  0.0629  0.0628  0.0629  0.0629
  0.0643  0.0634  0.0641  0.0633  0.0636  0.0642
  0.0677  0.0676  0.0661  0.0657  0.0651  0.0664
  0.0732  0.0727  0.0695  0.0688  0.0675  0.0694
   -1.9663  -10.4476   14.9187   -5.4048   -2.0167   -3.7637
eta,q 0.93710 11.45091

---------------------------------------------------------------------
imgreg_4dfp /opt/freesurfer/average/711-2C_as_mni_average_305 /opt/freesurfer/average/711-2B_as_mni_average_305_mask talsrcimg_g11 none talsrcimg_to_711-2C_as_mni_average_305_t4 3335
---------------------------------------------------------------------

freesurfer imgreg_4dfp.c
/opt/freesurfer/average/711-2C_as_mni_average_305.4dfp.img
       256       256       256         1
  1.000000  1.000000  1.000000
orientation T byte_order littleendian
Reading image: /opt/freesurfer/average/711-2C_as_mni_average_305.4dfp.img
dimensions:      256       256       256
mmppix:       1.0000   -1.0000   -1.0000
center:     128.0000 -129.0000 -129.0000
/opt/freesurfer/average/711-2B_as_mni_average_305_mask.4dfp.img
       256       256       256         1
  1.000000  1.000000  1.000000
orientation T byte_order littleendian
Reading mask: /opt/freesurfer/average/711-2B_as_mni_average_305_mask.4dfp.img (2306576 pixels)
talsrcimg_g11.4dfp.img
       256       256       256         1
  1.000000  1.000000  1.000000
orientation T byte_order littleendian
Reading image: talsrcimg_g11.4dfp.img
dimensions:      256       256       256
mmppix:       1.0000   -1.0000   -1.0000
center:     128.0000 -129.0000 -129.0000
fimgreg.f
image alignment mode   3335 decimal      D07 hex
parameters
   -1.9663  -10.4476   14.9187   -0.2775   -0.6376   -0.5063
    6.2043    4.1141   -6.5601    9.1689   -3.5190   -9.4134
eta,q 0.93757 11.39216
niter,ni,del,rscale     5    3    5.0000    1.2000
parameter  3 -0.650346 -> -0.500000 qaram    1.1500
parameter  4  4.002975 ->  0.500000 qaram    1.1500
parameter  5  3.462319 ->  0.500000 qaram    1.1500
parameter  6  1.001591 ->  0.500000 qaram    1.1500
parameter 12  1.357013 ->  0.500000 qaram    1.1500
parameters
   -2.7104  -10.1859   16.2987   -4.4175   -4.7776   -4.6463
    6.1032    2.9991   -6.0755    9.2193   -1.3912  -13.5534
eta,q 0.95341 10.83284
  0.0632  0.0644  0.0649  0.0528  0.0469  0.0472  0.0492  0.0503  0.0490  0.0500  0.0488  0.0463
  0.0624  0.0633  0.0638  0.0556  0.0498  0.0474  0.0483  0.0483  0.0481  0.0486  0.0481  0.0465
  0.0622  0.0625  0.0628  0.0585  0.0530  0.0485  0.0478  0.0475  0.0477  0.0478  0.0477  0.0469
  0.0624  0.0622  0.0621  0.0616  0.0563  0.0507  0.0476  0.0476  0.0475  0.0475  0.0475  0.0474
  0.0631  0.0622  0.0617  0.0650  0.0602  0.0536  0.0478  0.0485  0.0476  0.0476  0.0474  0.0481
  0.0642  0.0627  0.0616  0.0689  0.0647  0.0571  0.0484  0.0501  0.0479  0.0484  0.0475  0.0489
  0.0656  0.0636  0.0618  0.0730  0.0692  0.0614  0.0493  0.0524  0.0486  0.0500  0.0478  0.0498
niter,ni,del,rscale     7    3    5.0000    1.2000
parameter  4  2.725812 ->  0.500000 qaram    1.3225
parameter  5  2.422805 ->  0.500000 qaram    1.3225
parameter 12  0.652633 ->  0.500000 qaram    1.3225
parameters
   -2.4879   -9.0464   16.5137   -9.1785   -9.5386   -7.4015
    6.9844    3.0163   -6.0753   10.1909   -0.2624  -18.3144
eta,q 0.96602 10.47937
  0.0494  0.0501  0.0485  0.0378  0.0315  0.0362  0.0380  0.0400  0.0368  0.0389  0.0364  0.0342
  0.0479  0.0485  0.0473  0.0397  0.0339  0.0353  0.0364  0.0374  0.0357  0.0370  0.0356  0.0340
  0.0469  0.0473  0.0466  0.0427  0.0368  0.0348  0.0353  0.0355  0.0350  0.0356  0.0350  0.0341
  0.0466  0.0466  0.0462  0.0462  0.0405  0.0346  0.0348  0.0347  0.0347  0.0347  0.0346  0.0346
  0.0468  0.0462  0.0463  0.0498  0.0443  0.0362  0.0349  0.0354  0.0349  0.0348  0.0347  0.0355
  0.0474  0.0462  0.0469  0.0538  0.0487  0.0393  0.0355  0.0373  0.0357  0.0357  0.0350  0.0366
  0.0484  0.0466  0.0479  0.0582  0.0538  0.0437  0.0368  0.0400  0.0369  0.0373  0.0356  0.0379
niter,ni,del,rscale     7    3    5.0000    1.2000
parameter  4  0.547920 ->  0.500000 qaram    1.5209
parameter  5  1.144428 ->  0.500000 qaram    1.5209
parameters
   -2.4679   -8.3675   15.8976  -14.6537  -15.0138   -7.1856
    7.8764    3.4708   -6.7105   11.4390    0.1739  -20.9442
eta,q 0.97276 10.13454
  0.0379  0.0383  0.0348  0.0335  0.0271  0.0303  0.0317  0.0333  0.0298  0.0319  0.0288  0.0285
  0.0358  0.0363  0.0340  0.0319  0.0274  0.0290  0.0298  0.0306  0.0285  0.0300  0.0281  0.0277
  0.0344  0.0349  0.0337  0.0318  0.0292  0.0282  0.0284  0.0287  0.0278  0.0285  0.0276  0.0273
  0.0340  0.0340  0.0337  0.0336  0.0317  0.0278  0.0277  0.0277  0.0276  0.0276  0.0274  0.0274
  0.0344  0.0337  0.0342  0.0369  0.0351  0.0273  0.0279  0.0280  0.0281  0.0275  0.0275  0.0282
  0.0357  0.0342  0.0352  0.0408  0.0391  0.0281  0.0287  0.0296  0.0292  0.0282  0.0279  0.0294
  0.0378  0.0352  0.0365  0.0452  0.0438  0.0307  0.0301  0.0323  0.0306  0.0299  0.0285  0.0309
niter,ni,del,rscale     7    3    5.0000    1.2000
parameters
   -2.4953   -7.9463   15.9796  -14.5296  -19.0855   -6.7621
    8.4037    3.4756   -6.9781   12.1568   -0.1018  -22.1592
eta,q 0.97419  9.98024
  0.0317  0.0319  0.0294  0.0343  0.0289  0.0289  0.0297  0.0311  0.0283  0.0296  0.0271  0.0277
  0.0292  0.0296  0.0281  0.0314  0.0269  0.0275  0.0278  0.0285  0.0270  0.0277  0.0264  0.0266
  0.0277  0.0280  0.0274  0.0289  0.0260  0.0266  0.0265  0.0266  0.0261  0.0265  0.0260  0.0259
  0.0272  0.0272  0.0271  0.0271  0.0271  0.0260  0.0259  0.0259  0.0259  0.0259  0.0259  0.0259
  0.0278  0.0273  0.0274  0.0276  0.0297  0.0256  0.0262  0.0265  0.0263  0.0261  0.0261  0.0265
  0.0294  0.0280  0.0280  0.0307  0.0333  0.0264  0.0272  0.0283  0.0273  0.0269  0.0265  0.0275
  0.0318  0.0295  0.0290  0.0348  0.0378  0.0290  0.0287  0.0312  0.0286  0.0284  0.0273  0.0288
niter,ni,del,rscale     6    3    5.0000    1.2000
parameters
   -2.5023   -7.4746   16.1162  -14.3132  -19.8943   -6.8364
    8.3726    3.4784   -7.0002   12.9074   -0.2575  -22.8881
eta,q 0.97434  9.95993
  0.0303  0.0308  0.0281  0.0328  0.0309  0.0285  0.0290  0.0307  0.0281  0.0291  0.0269  0.0278
  0.0278  0.0284  0.0269  0.0300  0.0284  0.0271  0.0272  0.0282  0.0268  0.0273  0.0263  0.0266
  0.0263  0.0267  0.0260  0.0275  0.0265  0.0263  0.0260  0.0264  0.0260  0.0262  0.0258  0.0259
  0.0258  0.0258  0.0257  0.0257  0.0256  0.0257  0.0257  0.0257  0.0257  0.0257  0.0257  0.0257
  0.0264  0.0258  0.0259  0.0261  0.0268  0.0254  0.0261  0.0263  0.0260  0.0259  0.0259  0.0262
  0.0279  0.0266  0.0266  0.0290  0.0294  0.0265  0.0273  0.0281  0.0268  0.0266  0.0263  0.0272
  0.0303  0.0279  0.0277  0.0331  0.0329  0.0294  0.0290  0.0309  0.0281  0.0279  0.0271  0.0284
niter,ni,del,rscale     5    3    5.0000    1.2000
parameters
   -2.4945   -7.2522   16.0717  -14.3097  -20.2142   -6.9323
    8.3097    3.5053   -6.9075   13.3756   -0.3535  -23.3032
eta,q 0.97429  9.94873
  0.0301  0.0296  0.0278  0.0325  0.0311  0.0285  0.0289  0.0307  0.0281  0.0287  0.0270  0.0279
  0.0277  0.0275  0.0266  0.0297  0.0286  0.0271  0.0272  0.0282  0.0268  0.0271  0.0263  0.0268
  0.0262  0.0262  0.0259  0.0274  0.0267  0.0263  0.0260  0.0264  0.0260  0.0260  0.0259  0.0260
  0.0257  0.0257  0.0257  0.0257  0.0257  0.0257  0.0257  0.0257  0.0257  0.0257  0.0257  0.0257
  0.0262  0.0259  0.0260  0.0262  0.0265  0.0254  0.0261  0.0262  0.0260  0.0259  0.0259  0.0262
  0.0277  0.0268  0.0267  0.0292  0.0289  0.0265  0.0273  0.0280  0.0267  0.0266  0.0263  0.0271
  0.0300  0.0283  0.0279  0.0332  0.0321  0.0295  0.0290  0.0308  0.0279  0.0280  0.0271  0.0283
niter,ni,del,rscale     4    3    5.0000    1.2000
parameters
   -2.4836   -7.1285   16.0096  -14.3425  -20.4101   -7.0240
    8.2483    3.5366   -6.8112   13.6610   -0.4246  -23.5828
eta,q 0.97424  9.93870
  0.0301  0.0293  0.0278  0.0324  0.0312  0.0286  0.0289  0.0307  0.0280  0.0285  0.0270  0.0280
  0.0277  0.0273  0.0266  0.0297  0.0287  0.0272  0.0272  0.0282  0.0268  0.0270  0.0263  0.0269
  0.0262  0.0261  0.0259  0.0274  0.0268  0.0264  0.0261  0.0265  0.0260  0.0260  0.0259  0.0261
  0.0257  0.0257  0.0257  0.0257  0.0257  0.0257  0.0258  0.0258  0.0258  0.0258  0.0258  0.0258
  0.0262  0.0260  0.0260  0.0262  0.0264  0.0255  0.0262  0.0263  0.0260  0.0260  0.0259  0.0262
  0.0277  0.0270  0.0268  0.0292  0.0287  0.0266  0.0273  0.0280  0.0267  0.0267  0.0263  0.0271
  0.0300  0.0285  0.0279  0.0333  0.0319  0.0295  0.0290  0.0307  0.0279  0.0281  0.0271  0.0283
niter,ni,del,rscale     3    3    5.0000    1.2000
parameters
   -2.4720   -7.0493   15.9585  -14.3762  -20.5440   -7.1052
    8.1997    3.5691   -6.7573   13.8581   -0.4620  -23.7740
eta,q 0.97419  9.93089
  0.0302  0.0291  0.0278  0.0324  0.0312  0.0286  0.0290  0.0307  0.0280  0.0284  0.0270  0.0281
  0.0278  0.0272  0.0267  0.0297  0.0287  0.0272  0.0272  0.0282  0.0268  0.0269  0.0264  0.0269
  0.0263  0.0261  0.0260  0.0275  0.0269  0.0264  0.0261  0.0265  0.0261  0.0261  0.0260  0.0261
  0.0258  0.0258  0.0258  0.0258  0.0258  0.0258  0.0258  0.0258  0.0258  0.0258  0.0258  0.0258
  0.0263  0.0261  0.0261  0.0263  0.0264  0.0255  0.0262  0.0263  0.0260  0.0261  0.0259  0.0262
  0.0277  0.0271  0.0268  0.0292  0.0287  0.0266  0.0273  0.0280  0.0268  0.0268  0.0264  0.0271
  0.0300  0.0286  0.0280  0.0332  0.0318  0.0296  0.0290  0.0307  0.0279  0.0281  0.0271  0.0282
niter,ni,del,rscale     2    3    5.0000    1.2000
parameters
   -2.4606   -6.9917   15.9190  -14.4047  -20.6491   -7.1630
    8.1621    3.5914   -6.7130   14.0049   -0.4901  -23.9108
eta,q 0.97415  9.92462
  0.0302  0.0290  0.0279  0.0324  0.0312  0.0287  0.0290  0.0307  0.0280  0.0284  0.0271  0.0281
  0.0278  0.0272  0.0267  0.0297  0.0288  0.0273  0.0273  0.0282  0.0268  0.0269  0.0264  0.0270
  0.0263  0.0261  0.0260  0.0275  0.0269  0.0265  0.0262  0.0265  0.0261  0.0261  0.0260  0.0262
  0.0258  0.0258  0.0258  0.0258  0.0258  0.0258  0.0259  0.0258  0.0258  0.0258  0.0258  0.0259
  0.0263  0.0262  0.0261  0.0263  0.0264  0.0255  0.0263  0.0263  0.0261  0.0261  0.0260  0.0262
  0.0278  0.0271  0.0268  0.0292  0.0287  0.0266  0.0274  0.0281  0.0268  0.0268  0.0264  0.0271
  0.0301  0.0286  0.0280  0.0332  0.0317  0.0296  0.0290  0.0308  0.0279  0.0282  0.0271  0.0282
niter,ni,del,rscale     1    3    5.0000    1.2000
parameters
   -2.4527   -6.9466   15.8848  -14.4255  -20.7303   -7.2131
    8.1381    3.6130   -6.6828   14.1118   -0.5173  -24.0153
eta,q 0.97411  9.91946
  0.0302  0.0290  0.0279  0.0324  0.0312  0.0287  0.0290  0.0307  0.0280  0.0284  0.0271  0.0282
  0.0278  0.0272  0.0268  0.0297  0.0288  0.0273  0.0273  0.0282  0.0268  0.0269  0.0264  0.0270
  0.0263  0.0261  0.0261  0.0275  0.0269  0.0265  0.0262  0.0266  0.0261  0.0261  0.0260  0.0262
  0.0259  0.0259  0.0259  0.0259  0.0259  0.0259  0.0259  0.0259  0.0259  0.0259  0.0259  0.0259
  0.0264  0.0262  0.0261  0.0263  0.0264  0.0256  0.0263  0.0264  0.0261  0.0261  0.0260  0.0262
  0.0278  0.0272  0.0269  0.0292  0.0287  0.0266  0.0274  0.0281  0.0268  0.0268  0.0264  0.0271
  0.0301  0.0286  0.0280  0.0332  0.0317  0.0296  0.0290  0.0308  0.0279  0.0282  0.0271  0.0282
registration optimization eta report
parameter search radius
    2.4000    2.4000    2.7600   10.9503   10.9503    8.2800
    7.2000    7.2000    7.2000    7.2000    7.2000    9.5220
100000*second partial in parameter space
       74.       51.       27.        6.        5.        5.
        6.        9.        4.        5.        2.        3.
  0.0302  0.0290  0.0279  0.0324  0.0312  0.0287  0.0290  0.0307  0.0280  0.0284  0.0271  0.0282
  0.0278  0.0272  0.0268  0.0297  0.0288  0.0273  0.0273  0.0282  0.0268  0.0269  0.0264  0.0270
  0.0263  0.0261  0.0261  0.0275  0.0269  0.0265  0.0262  0.0266  0.0261  0.0261  0.0260  0.0262
  0.0259  0.0259  0.0259  0.0259  0.0259  0.0259  0.0259  0.0259  0.0259  0.0259  0.0259  0.0259
  0.0264  0.0262  0.0261  0.0263  0.0264  0.0256  0.0263  0.0264  0.0261  0.0261  0.0260  0.0262
  0.0278  0.0272  0.0269  0.0292  0.0287  0.0266  0.0274  0.0281  0.0268  0.0268  0.0264  0.0271
  0.0301  0.0286  0.0280  0.0332  0.0317  0.0296  0.0290  0.0308  0.0279  0.0282  0.0271  0.0282
   -2.4527   -6.9466   15.8848  -14.4255  -20.7303   -7.2131
    8.1381    3.6130   -6.6828   14.1118   -0.5173  -24.0153
eta,q 0.97411  9.91946

---------------------------------------------------------------------
imgreg_4dfp /opt/freesurfer/average/711-2C_as_mni_average_305 /opt/freesurfer/average/711-2B_as_mni_average_305_mask talsrcimg_g11 none talsrcimg_to_711-2C_as_mni_average_305_t4 2311
---------------------------------------------------------------------

freesurfer imgreg_4dfp.c
/opt/freesurfer/average/711-2C_as_mni_average_305.4dfp.img
       256       256       256         1
  1.000000  1.000000  1.000000
orientation T byte_order littleendian
Reading image: /opt/freesurfer/average/711-2C_as_mni_average_305.4dfp.img
dimensions:      256       256       256
mmppix:       1.0000   -1.0000   -1.0000
center:     128.0000 -129.0000 -129.0000
/opt/freesurfer/average/711-2B_as_mni_average_305_mask.4dfp.img
       256       256       256         1
  1.000000  1.000000  1.000000
orientation T byte_order littleendian
Reading mask: /opt/freesurfer/average/711-2B_as_mni_average_305_mask.4dfp.img (2306576 pixels)
talsrcimg_g11.4dfp.img
       256       256       256         1
  1.000000  1.000000  1.000000
orientation T byte_order littleendian
Reading image: talsrcimg_g11.4dfp.img
dimensions:      256       256       256
mmppix:       1.0000   -1.0000   -1.0000
center:     128.0000 -129.0000 -129.0000
fimgreg.f
image alignment mode   2311 decimal      907 hex
parameters
   -2.4527   -6.9466   15.8848  -14.4255  -20.7303   -7.2131
    8.1381    3.6130   -6.6828   14.1118   -0.5173  -24.0153
eta,q 0.97411  9.91945
niter,ni,del,rscale     5    3    5.0000    0.8000
parameters
   -2.4565   -6.9662   15.8333  -13.3928  -20.2187   -6.0487
    7.8693    3.6026   -6.7584   14.7215   -0.6625  -23.2604
eta,q 0.97459 10.03068
  0.0278  0.0272  0.0265  0.0282  0.0273  0.0269  0.0268  0.0280  0.0264  0.0268  0.0261  0.0263
  0.0267  0.0264  0.0262  0.0273  0.0266  0.0264  0.0260  0.0267  0.0259  0.0261  0.0257  0.0259
  0.0261  0.0260  0.0259  0.0265  0.0261  0.0260  0.0256  0.0258  0.0256  0.0257  0.0255  0.0256
  0.0259  0.0259  0.0259  0.0259  0.0257  0.0257  0.0255  0.0255  0.0255  0.0255  0.0254  0.0254
  0.0261  0.0261  0.0260  0.0257  0.0257  0.0254  0.0257  0.0258  0.0256  0.0255  0.0255  0.0254
  0.0268  0.0265  0.0262  0.0261  0.0261  0.0256  0.0263  0.0267  0.0259  0.0257  0.0258  0.0256
  0.0278  0.0272  0.0266  0.0270  0.0269  0.0262  0.0272  0.0281  0.0265  0.0263  0.0262  0.0259
niter,ni,del,rscale     4    3    5.0000    0.7000
parameters
   -2.4991   -7.0913   16.0712  -13.3143  -19.8688   -5.4299
    7.9076    3.4906   -6.7414   14.3555   -0.7187  -22.6675
eta,q 0.97478 10.06282
  0.0269  0.0263  0.0263  0.0271  0.0267  0.0266  0.0265  0.0273  0.0260  0.0260  0.0258  0.0260
  0.0261  0.0257  0.0259  0.0263  0.0261  0.0262  0.0258  0.0262  0.0256  0.0256  0.0255  0.0256
  0.0256  0.0254  0.0256  0.0257  0.0257  0.0258  0.0254  0.0255  0.0253  0.0253  0.0253  0.0254
  0.0254  0.0254  0.0254  0.0254  0.0254  0.0253  0.0252  0.0252  0.0252  0.0252  0.0252  0.0252
  0.0256  0.0256  0.0254  0.0255  0.0254  0.0252  0.0254  0.0255  0.0253  0.0254  0.0253  0.0252
  0.0262  0.0260  0.0255  0.0261  0.0258  0.0255  0.0258  0.0263  0.0256  0.0258  0.0255  0.0254
  0.0271  0.0266  0.0259  0.0270  0.0264  0.0263  0.0264  0.0275  0.0260  0.0265  0.0258  0.0257
niter,ni,del,rscale     3    3    5.0000    0.6000
parameters
   -2.5446   -7.2561   16.2625  -13.2846  -19.6203   -4.9606
    7.9299    3.3946   -6.8276   14.0011   -0.7280  -22.1640
eta,q 0.97491 10.08483
  0.0264  0.0258  0.0259  0.0265  0.0262  0.0263  0.0260  0.0267  0.0257  0.0257  0.0255  0.0257
  0.0257  0.0254  0.0256  0.0258  0.0258  0.0259  0.0255  0.0258  0.0254  0.0254  0.0253  0.0254
  0.0253  0.0252  0.0253  0.0254  0.0254  0.0255  0.0252  0.0253  0.0252  0.0252  0.0252  0.0252
  0.0252  0.0252  0.0252  0.0252  0.0252  0.0252  0.0251  0.0251  0.0251  0.0251  0.0251  0.0251
  0.0254  0.0254  0.0252  0.0253  0.0252  0.0251  0.0252  0.0253  0.0252  0.0252  0.0252  0.0251
  0.0258  0.0257  0.0253  0.0257  0.0255  0.0254  0.0255  0.0259  0.0254  0.0255  0.0253  0.0252
  0.0265  0.0262  0.0256  0.0265  0.0260  0.0260  0.0260  0.0269  0.0257  0.0261  0.0256  0.0254
niter,ni,del,rscale     2    3    5.0000    0.5000
parameters
   -2.5711   -7.3757   16.4023  -13.2780  -19.4557   -4.5983
    7.9528    3.3315   -6.9153   13.7444   -0.7331  -21.8227
eta,q 0.97498 10.09969
  0.0259  0.0256  0.0256  0.0260  0.0258  0.0260  0.0257  0.0262  0.0255  0.0255  0.0253  0.0254
  0.0254  0.0253  0.0253  0.0255  0.0255  0.0257  0.0253  0.0256  0.0252  0.0252  0.0252  0.0252
  0.0252  0.0251  0.0252  0.0252  0.0252  0.0253  0.0251  0.0252  0.0251  0.0251  0.0251  0.0251
  0.0251  0.0251  0.0251  0.0251  0.0251  0.0251  0.0250  0.0250  0.0250  0.0250  0.0250  0.0250
  0.0252  0.0252  0.0251  0.0252  0.0251  0.0250  0.0251  0.0252  0.0251  0.0251  0.0251  0.0250
  0.0255  0.0255  0.0252  0.0255  0.0253  0.0253  0.0253  0.0256  0.0252  0.0253  0.0252  0.0251
  0.0260  0.0258  0.0254  0.0260  0.0257  0.0258  0.0256  0.0263  0.0255  0.0258  0.0253  0.0253
niter,ni,del,rscale     1    3    5.0000    0.4000
parameters
   -2.5859   -7.4598   16.5116  -13.2907  -19.3519   -4.3351
    7.9713    3.2983   -6.9852   13.5787   -0.7780  -21.5747
eta,q 0.97501 10.10947
  0.0256  0.0253  0.0253  0.0256  0.0255  0.0257  0.0254  0.0258  0.0253  0.0253  0.0252  0.0252
  0.0253  0.0251  0.0252  0.0253  0.0253  0.0254  0.0252  0.0253  0.0251  0.0251  0.0251  0.0251
  0.0251  0.0250  0.0251  0.0251  0.0251  0.0251  0.0250  0.0251  0.0250  0.0250  0.0250  0.0250
  0.0250  0.0250  0.0250  0.0250  0.0250  0.0250  0.0250  0.0250  0.0250  0.0250  0.0250  0.0250
  0.0251  0.0251  0.0250  0.0251  0.0250  0.0250  0.0250  0.0251  0.0250  0.0250  0.0250  0.0250
  0.0253  0.0253  0.0251  0.0253  0.0252  0.0252  0.0252  0.0254  0.0251  0.0252  0.0251  0.0250
  0.0256  0.0255  0.0252  0.0256  0.0255  0.0255  0.0254  0.0258  0.0253  0.0255  0.0252  0.0252
registration optimization eta report
parameter search radius
    0.8000    0.8000    0.8000    2.4000    2.4000    2.4000
    2.4000    2.4000    2.4000    2.4000    2.4000    2.4000
100000*second partial in parameter space
       88.       63.       41.       11.        8.       10.
        7.       14.        5.        7.        4.        4.
  0.0256  0.0253  0.0253  0.0256  0.0255  0.0257  0.0254  0.0258  0.0253  0.0253  0.0252  0.0252
  0.0253  0.0251  0.0252  0.0253  0.0253  0.0254  0.0252  0.0253  0.0251  0.0251  0.0251  0.0251
  0.0251  0.0250  0.0251  0.0251  0.0251  0.0251  0.0250  0.0251  0.0250  0.0250  0.0250  0.0250
  0.0250  0.0250  0.0250  0.0250  0.0250  0.0250  0.0250  0.0250  0.0250  0.0250  0.0250  0.0250
  0.0251  0.0251  0.0250  0.0251  0.0250  0.0250  0.0250  0.0251  0.0250  0.0250  0.0250  0.0250
  0.0253  0.0253  0.0251  0.0253  0.0252  0.0252  0.0252  0.0254  0.0251  0.0252  0.0251  0.0250
  0.0256  0.0255  0.0252  0.0256  0.0255  0.0255  0.0254  0.0258  0.0253  0.0255  0.0252  0.0252
   -2.5859   -7.4598   16.5116  -13.2907  -19.3519   -4.3351
    7.9713    3.2983   -6.9852   13.5787   -0.7780  -21.5747
eta,q 0.97501 10.10947

---------------------------------------------------------------------
imgreg_4dfp /opt/freesurfer/average/711-2C_as_mni_average_305 /opt/freesurfer/average/711-2B_as_mni_average_305_mask talsrcimg_g11 none talsrcimg_to_711-2C_as_mni_average_305_t4 2311
---------------------------------------------------------------------

freesurfer imgreg_4dfp.c
/opt/freesurfer/average/711-2C_as_mni_average_305.4dfp.img
       256       256       256         1
  1.000000  1.000000  1.000000
orientation T byte_order littleendian
Reading image: /opt/freesurfer/average/711-2C_as_mni_average_305.4dfp.img
dimensions:      256       256       256
mmppix:       1.0000   -1.0000   -1.0000
center:     128.0000 -129.0000 -129.0000
/opt/freesurfer/average/711-2B_as_mni_average_305_mask.4dfp.img
       256       256       256         1
  1.000000  1.000000  1.000000
orientation T byte_order littleendian
Reading mask: /opt/freesurfer/average/711-2B_as_mni_average_305_mask.4dfp.img (2306576 pixels)
talsrcimg_g11.4dfp.img
       256       256       256         1
  1.000000  1.000000  1.000000
orientation T byte_order littleendian
Reading image: talsrcimg_g11.4dfp.img
dimensions:      256       256       256
mmppix:       1.0000   -1.0000   -1.0000
center:     128.0000 -129.0000 -129.0000
fimgreg.f
image alignment mode   2311 decimal      907 hex
parameters
   -2.5859   -7.4598   16.5116  -13.2907  -19.3519   -4.3351
    7.9713    3.2983   -6.9852   13.5787   -0.7780  -21.5747
eta,q 0.97501 10.10947
niter,ni,del,rscale     5    3    5.0000    0.8000
parameters
   -2.5770   -7.4734   16.5815  -13.4913  -19.5768   -4.7845
    8.1217    3.3221   -6.9452   13.1697   -0.7566  -21.7484
eta,q 0.97494 10.07548
  0.0273  0.0266  0.0261  0.0270  0.0265  0.0266  0.0268  0.0280  0.0262  0.0263  0.0258  0.0258
  0.0260  0.0257  0.0255  0.0260  0.0258  0.0260  0.0258  0.0264  0.0256  0.0256  0.0254  0.0254
  0.0252  0.0251  0.0251  0.0253  0.0252  0.0254  0.0253  0.0254  0.0252  0.0252  0.0251  0.0251
  0.0250  0.0250  0.0250  0.0250  0.0250  0.0250  0.0251  0.0251  0.0251  0.0251  0.0251  0.0251
  0.0252  0.0252  0.0251  0.0253  0.0252  0.0252  0.0252  0.0254  0.0252  0.0253  0.0251  0.0252
  0.0260  0.0258  0.0254  0.0261  0.0259  0.0261  0.0257  0.0264  0.0256  0.0259  0.0254  0.0254
  0.0272  0.0266  0.0259  0.0275  0.0269  0.0278  0.0265  0.0279  0.0262  0.0269  0.0258  0.0259
niter,ni,del,rscale     4    3    5.0000    0.7000
parameters
   -2.5812   -7.4651   16.5134  -13.3902  -19.5702   -4.7797
    8.0775    3.3382   -6.9994   13.3116   -0.7554  -21.7860
eta,q 0.97496 10.08120
  0.0267  0.0263  0.0257  0.0268  0.0263  0.0263  0.0263  0.0273  0.0259  0.0262  0.0256  0.0256
  0.0258  0.0256  0.0253  0.0260  0.0257  0.0259  0.0256  0.0261  0.0254  0.0256  0.0253  0.0253
  0.0252  0.0252  0.0251  0.0253  0.0253  0.0254  0.0252  0.0253  0.0251  0.0252  0.0251  0.0251
  0.0251  0.0251  0.0251  0.0251  0.0250  0.0250  0.0250  0.0250  0.0250  0.0250  0.0250  0.0250
  0.0253  0.0252  0.0252  0.0252  0.0252  0.0251  0.0252  0.0253  0.0252  0.0251  0.0251  0.0251
  0.0258  0.0256  0.0255  0.0258  0.0256  0.0256  0.0256  0.0261  0.0255  0.0255  0.0253  0.0253
  0.0267  0.0262  0.0259  0.0268  0.0264  0.0266  0.0263  0.0273  0.0259  0.0261  0.0256  0.0256
niter,ni,del,rscale     3    3    5.0000    0.6000
parameters
   -2.5801   -7.4636   16.5033  -13.3331  -19.4923   -4.6120
    8.0463    3.3296   -7.0045   13.4095   -0.7636  -21.7050
eta,q 0.97499 10.09231
  0.0263  0.0260  0.0256  0.0264  0.0260  0.0262  0.0259  0.0267  0.0257  0.0259  0.0255  0.0255
  0.0256  0.0254  0.0253  0.0257  0.0256  0.0257  0.0254  0.0258  0.0253  0.0254  0.0252  0.0252
  0.0252  0.0251  0.0251  0.0252  0.0252  0.0253  0.0251  0.0252  0.0251  0.0251  0.0251  0.0251
  0.0250  0.0250  0.0250  0.0250  0.0250  0.0250  0.0250  0.0250  0.0250  0.0250  0.0250  0.0250
  0.0252  0.0252  0.0251  0.0252  0.0251  0.0250  0.0251  0.0252  0.0251  0.0251  0.0251  0.0251
  0.0256  0.0255  0.0253  0.0256  0.0254  0.0254  0.0254  0.0258  0.0253  0.0253  0.0252  0.0252
  0.0263  0.0259  0.0256  0.0264  0.0260  0.0262  0.0259  0.0267  0.0257  0.0258  0.0255  0.0254
niter,ni,del,rscale     2    3    5.0000    0.5000
parameters
   -2.5862   -7.4837   16.5356  -13.3118  -19.4096   -4.4067
    8.0188    3.3107   -7.0098   13.4338   -0.7841  -21.5602
eta,q 0.97501 10.10252
  0.0259  0.0256  0.0254  0.0260  0.0257  0.0259  0.0256  0.0262  0.0254  0.0256  0.0253  0.0253
  0.0254  0.0253  0.0252  0.0255  0.0254  0.0256  0.0253  0.0255  0.0252  0.0253  0.0251  0.0252
  0.0251  0.0251  0.0251  0.0251  0.0251  0.0252  0.0251  0.0251  0.0250  0.0251  0.0250  0.0250
  0.0250  0.0250  0.0250  0.0250  0.0250  0.0250  0.0250  0.0250  0.0250  0.0250  0.0250  0.0250
  0.0251  0.0251  0.0250  0.0251  0.0251  0.0250  0.0251  0.0251  0.0250  0.0250  0.0250  0.0250
  0.0254  0.0253  0.0252  0.0254  0.0253  0.0253  0.0253  0.0256  0.0252  0.0252  0.0251  0.0251
  0.0259  0.0257  0.0254  0.0260  0.0257  0.0258  0.0256  0.0262  0.0254  0.0256  0.0253  0.0253
niter,ni,del,rscale     1    3    5.0000    0.4000
parameters
   -2.5910   -7.5110   16.5774  -13.3124  -19.3414   -4.2319
    8.0088    3.2956   -7.0312   13.4207   -0.7985  -21.4473
eta,q 0.97503 10.10996
  0.0255  0.0254  0.0253  0.0256  0.0255  0.0257  0.0254  0.0258  0.0253  0.0254  0.0252  0.0252
  0.0252  0.0251  0.0251  0.0253  0.0252  0.0254  0.0252  0.0253  0.0251  0.0252  0.0251  0.0251
  0.0250  0.0250  0.0250  0.0251  0.0251  0.0251  0.0250  0.0251  0.0250  0.0250  0.0250  0.0250
  0.0250  0.0250  0.0250  0.0250  0.0250  0.0250  0.0250  0.0250  0.0250  0.0250  0.0250  0.0250
  0.0251  0.0250  0.0250  0.0251  0.0250  0.0250  0.0250  0.0251  0.0250  0.0250  0.0250  0.0250
  0.0252  0.0252  0.0251  0.0253  0.0252  0.0252  0.0252  0.0253  0.0251  0.0251  0.0251  0.0251
  0.0256  0.0254  0.0252  0.0256  0.0254  0.0255  0.0254  0.0258  0.0253  0.0254  0.0252  0.0252
registration optimization eta report
parameter search radius
    0.8000    0.8000    0.8000    2.4000    2.4000    2.4000
    2.4000    2.4000    2.4000    2.4000    2.4000    2.4000
100000*second partial in parameter space
       88.       64.       41.       11.        8.       11.
        7.       14.        5.        7.        4.        4.
  0.0255  0.0254  0.0253  0.0256  0.0255  0.0257  0.0254  0.0258  0.0253  0.0254  0.0252  0.0252
  0.0252  0.0251  0.0251  0.0253  0.0252  0.0254  0.0252  0.0253  0.0251  0.0252  0.0251  0.0251
  0.0250  0.0250  0.0250  0.0251  0.0251  0.0251  0.0250  0.0251  0.0250  0.0250  0.0250  0.0250
  0.0250  0.0250  0.0250  0.0250  0.0250  0.0250  0.0250  0.0250  0.0250  0.0250  0.0250  0.0250
  0.0251  0.0250  0.0250  0.0251  0.0250  0.0250  0.0250  0.0251  0.0250  0.0250  0.0250  0.0250
  0.0252  0.0252  0.0251  0.0253  0.0252  0.0252  0.0252  0.0253  0.0251  0.0251  0.0251  0.0251
  0.0256  0.0254  0.0252  0.0256  0.0254  0.0255  0.0254  0.0258  0.0253  0.0254  0.0252  0.0252
   -2.5910   -7.5110   16.5774  -13.3124  -19.3414   -4.2319
    8.0088    3.2956   -7.0312   13.4207   -0.7985  -21.4473
eta,q 0.97503 10.10996

---------------------------------------------------------------------
compute_vox2vox talsrcimg talsrcimg_to_711-2C_as_mni_average_305_t4 /opt/freesurfer/average/711-2C_as_mni_average_305
---------------------------------------------------------------------

freesurfer compute_vox2vox.c
Reading: talsrcimg.4dfp.ifh
Reading: talsrcimg_to_711-2C_as_mni_average_305_t4
Reading: /opt/freesurfer/average/711-2C_as_mni_average_305.4dfp.ifh
Writing: talsrcimg_to_711-2C_as_mni_average_305_t4_vox2vox.txt

start time Thu Mar 12 05:19:44 CET 2026
end		time Thu Mar 12 05:21:10 CET 2026

mpr2mni305 success

avi2talxfm orig_nu.mgz /opt/freesurfer/average/mni305.cor.mgz talsrcimg_to_711-2C_as_mni_average_305_t4_vox2vox.txt transforms/talairach.auto.xfm
avi2talxfm done
mv -f /out/sourcedata/freesurfer/sub-v1s10x0051050_ses-1/mri/talsrcimg_to_711-2C_as_mni_average_305_t4_vox2vox.txt /out/sourcedata/freesurfer/sub-v1s10x0051050_ses-1/mri/transforms/talsrcimg_to_711-2C_as_mni_average_305_t4_vox2vox.txt
lta_convert --src orig_nu.mgz --trg /opt/freesurfer/average/mni305.cor.mgz --inxfm transforms/talairach.auto.xfm --outlta transforms/talairach.auto.xfm.lta --subject fsaverage
7.3.2

--src: orig_nu.mgz src image (geometry).
--trg: /opt/freesurfer/average/mni305.cor.mgz trg image (geometry).
--inmni: transforms/talairach.auto.xfm input MNI/XFM transform.
--outlta: transforms/talairach.auto.xfm.lta output LTA.
--s: fsaverage subject name
 LTA read, type : 1
 1.14366  -0.02260  -0.11957   8.32617;
 0.03072   1.00607   0.26447  -15.52812;
 0.09459  -0.16937   1.18537   12.11166;
 0.00000   0.00000   0.00000   1.00000;
setting subject to fsaverage
Writing  LTA to file transforms/talairach.auto.xfm.lta...
lta_convert successful.
 
 
Started at Thu Mar 12 05:19:44 CET 2026
Ended   at Thu Mar 12 05:21:11 CET 2026
talairach_avi done
