status file for recon-all
Wed Mar 11 22:51:33 CET 2026
#@# MotionCor Wed Mar 11 22:51:34 CET 2026
#@# Talairach Wed Mar 11 22:51:44 CET 2026
#@# Talairach Failure Detection Wed Mar 11 22:56:06 CET 2026
#@# Nu Intensity Correction Wed Mar 11 22:56:06 CET 2026
#@# Intensity Normalization Wed Mar 11 22:59:21 CET 2026
recon-all -s sub-v1s10x0050961_ses-1 finished without error at Wed Mar 11 23:00:46 CET 2026



#New# invocation of recon-all 



status file for recon-all
Wed Mar 11 23:07:49 CET 2026
#@# EM Registration Wed Mar 11 23:07:49 CET 2026
recon-all -s sub-v1s10x0050961_ses-1 finished without error at Wed Mar 11 23:09:39 CET 2026



#New# invocation of recon-all 



status file for recon-all
Wed Mar 11 23:09:41 CET 2026
#@# CA Normalize Wed Mar 11 23:09:41 CET 2026
#@# CA Reg Wed Mar 11 23:11:04 CET 2026
#@# SubCort Seg Wed Mar 11 23:59:19 CET 2026
#@# CC Seg Thu Mar 12 00:22:59 CET 2026
#@# Merge ASeg Thu Mar 12 00:23:34 CET 2026
#@# Intensity Normalization2 Thu Mar 12 00:23:34 CET 2026
#@# Mask BFS Thu Mar 12 00:25:49 CET 2026
#@# WM Segmentation Thu Mar 12 00:25:50 CET 2026
#@# Fill Thu Mar 12 00:27:40 CET 2026
recon-all -s sub-v1s10x0050961_ses-1 finished without error at Thu Mar 12 00:28:38 CET 2026



#New# invocation of recon-all 



status file for recon-all
Thu Mar 12 01:14:53 CET 2026
#@# white curv lh Thu Mar 12 01:14:53 CET 2026
#@# white area lh Thu Mar 12 01:14:53 CET 2026
#@# pial curv lh Thu Mar 12 01:14:53 CET 2026
#@# pial area lh Thu Mar 12 01:14:53 CET 2026
#@# thickness lh Thu Mar 12 01:14:53 CET 2026
#@# area and vertex vol lh Thu Mar 12 01:14:53 CET 2026
#@# white curv rh Thu Mar 12 01:14:53 CET 2026
#@# white area rh Thu Mar 12 01:14:53 CET 2026
#@# pial curv rh Thu Mar 12 01:14:53 CET 2026
#@# pial area rh Thu Mar 12 01:14:53 CET 2026
#@# thickness rh Thu Mar 12 01:14:53 CET 2026
#@# area and vertex vol rh Thu Mar 12 01:14:53 CET 2026
#@# Cortical ribbon mask Thu Mar 12 01:14:53 CET 2026
recon-all -s sub-v1s10x0050961_ses-1 finished without error at Thu Mar 12 01:17:25 CET 2026



#New# invocation of recon-all 



status file for recon-all
Thu Mar 12 01:22:51 CET 2026
#@# white curv lh Thu Mar 12 01:22:51 CET 2026
#@# white area lh Thu Mar 12 01:22:51 CET 2026
#@# pial curv lh Thu Mar 12 01:22:51 CET 2026
#@# pial area lh Thu Mar 12 01:22:51 CET 2026
#@# thickness lh Thu Mar 12 01:22:51 CET 2026
#@# area and vertex vol lh Thu Mar 12 01:22:51 CET 2026
#@# white curv rh Thu Mar 12 01:22:51 CET 2026
#@# white area rh Thu Mar 12 01:22:51 CET 2026
#@# pial curv rh Thu Mar 12 01:22:51 CET 2026
#@# pial area rh Thu Mar 12 01:22:51 CET 2026
#@# thickness rh Thu Mar 12 01:22:51 CET 2026
#@# area and vertex vol rh Thu Mar 12 01:22:51 CET 2026
#@# Curvature Stats lh Thu Mar 12 01:22:51 CET 2026
#@# Curvature Stats rh Thu Mar 12 01:22:53 CET 2026
#@# Relabel Hypointensities Thu Mar 12 01:22:55 CET 2026
#@# APas-to-ASeg Thu Mar 12 01:23:08 CET 2026
#@# AParc-to-ASeg aparc Thu Mar 12 01:23:15 CET 2026
#@# AParc-to-ASeg aparc.a2009s Thu Mar 12 01:23:35 CET 2026
#@# AParc-to-ASeg aparc.DKTatlas Thu Mar 12 01:23:51 CET 2026
#@# WMParc Thu Mar 12 01:24:06 CET 2026
#@# ASeg Stats Thu Mar 12 01:27:53 CET 2026
recon-all -s sub-v1s10x0050961_ses-1 finished without error at Thu Mar 12 01:28:34 CET 2026
