status file for recon-all
Thu Mar 12 06:58:47 CET 2026
#@# MotionCor Thu Mar 12 06:58:49 CET 2026
#@# Talairach Thu Mar 12 06:58:58 CET 2026
#@# Talairach Failure Detection Thu Mar 12 07:03:32 CET 2026
#@# Nu Intensity Correction Thu Mar 12 07:03:32 CET 2026
#@# Intensity Normalization Thu Mar 12 07:06:47 CET 2026
recon-all -s sub-v1s10x0051096_ses-1 finished without error at Thu Mar 12 07:08:18 CET 2026



#New# invocation of recon-all 



status file for recon-all
Thu Mar 12 07:15:22 CET 2026
#@# EM Registration Thu Mar 12 07:15:22 CET 2026
recon-all -s sub-v1s10x0051096_ses-1 finished without error at Thu Mar 12 07:17:05 CET 2026



#New# invocation of recon-all 



status file for recon-all
Thu Mar 12 07:17:08 CET 2026
#@# CA Normalize Thu Mar 12 07:17:08 CET 2026
#@# CA Reg Thu Mar 12 07:18:29 CET 2026
#@# SubCort Seg Thu Mar 12 08:03:36 CET 2026
#@# CC Seg Thu Mar 12 08:31:32 CET 2026
#@# Merge ASeg Thu Mar 12 08:32:18 CET 2026
#@# Intensity Normalization2 Thu Mar 12 08:32:18 CET 2026
#@# Mask BFS Thu Mar 12 08:34:38 CET 2026
#@# WM Segmentation Thu Mar 12 08:34:39 CET 2026
#@# Fill Thu Mar 12 08:36:33 CET 2026
recon-all -s sub-v1s10x0051096_ses-1 finished without error at Thu Mar 12 08:37:37 CET 2026



#New# invocation of recon-all 



status file for recon-all
Thu Mar 12 09:32:10 CET 2026
#@# white curv lh Thu Mar 12 09:32:10 CET 2026
#@# white area lh Thu Mar 12 09:32:10 CET 2026
#@# pial curv lh Thu Mar 12 09:32:10 CET 2026
#@# pial area lh Thu Mar 12 09:32:10 CET 2026
#@# thickness lh Thu Mar 12 09:32:10 CET 2026
#@# area and vertex vol lh Thu Mar 12 09:32:10 CET 2026
#@# white curv rh Thu Mar 12 09:32:10 CET 2026
#@# white area rh Thu Mar 12 09:32:10 CET 2026
#@# pial curv rh Thu Mar 12 09:32:10 CET 2026
#@# pial area rh Thu Mar 12 09:32:10 CET 2026
#@# thickness rh Thu Mar 12 09:32:10 CET 2026
#@# area and vertex vol rh Thu Mar 12 09:32:10 CET 2026
#@# Cortical ribbon mask Thu Mar 12 09:32:10 CET 2026
recon-all -s sub-v1s10x0051096_ses-1 finished without error at Thu Mar 12 09:37:21 CET 2026



#New# invocation of recon-all 



status file for recon-all
Thu Mar 12 09:44:29 CET 2026
#@# white curv lh Thu Mar 12 09:44:29 CET 2026
#@# white area lh Thu Mar 12 09:44:29 CET 2026
#@# pial curv lh Thu Mar 12 09:44:29 CET 2026
#@# pial area lh Thu Mar 12 09:44:29 CET 2026
#@# thickness lh Thu Mar 12 09:44:29 CET 2026
#@# area and vertex vol lh Thu Mar 12 09:44:29 CET 2026
#@# white curv rh Thu Mar 12 09:44:29 CET 2026
#@# white area rh Thu Mar 12 09:44:29 CET 2026
#@# pial curv rh Thu Mar 12 09:44:29 CET 2026
#@# pial area rh Thu Mar 12 09:44:29 CET 2026
#@# thickness rh Thu Mar 12 09:44:29 CET 2026
#@# area and vertex vol rh Thu Mar 12 09:44:29 CET 2026
#@# Curvature Stats lh Thu Mar 12 09:44:29 CET 2026
#@# Curvature Stats rh Thu Mar 12 09:44:32 CET 2026
#@# Relabel Hypointensities Thu Mar 12 09:44:34 CET 2026
#@# APas-to-ASeg Thu Mar 12 09:44:51 CET 2026
#@# AParc-to-ASeg aparc Thu Mar 12 09:44:59 CET 2026
#@# AParc-to-ASeg aparc.a2009s Thu Mar 12 09:45:49 CET 2026
#@# AParc-to-ASeg aparc.DKTatlas Thu Mar 12 09:46:39 CET 2026
#@# WMParc Thu Mar 12 09:47:28 CET 2026
#@# ASeg Stats Thu Mar 12 09:51:14 CET 2026
recon-all -s sub-v1s10x0051096_ses-1 finished without error at Thu Mar 12 09:51:47 CET 2026
