status file for recon-all
Thu Mar 12 08:37:41 CET 2026
#@# Tessellate lh Thu Mar 12 08:37:41 CET 2026
#@# Smooth1 lh Thu Mar 12 08:37:44 CET 2026
#@# Inflation1 lh Thu Mar 12 08:37:47 CET 2026
#@# QSphere lh Thu Mar 12 08:38:00 CET 2026
#@# Fix Topology lh Thu Mar 12 08:39:17 CET 2026
#@# Smooth2 lh Thu Mar 12 08:51:28 CET 2026
#@# Inflation2 lh Thu Mar 12 08:51:31 CET 2026
#@# Curv .H and .K lh Thu Mar 12 08:51:44 CET 2026
#@# Sphere lh Thu Mar 12 08:52:36 CET 2026
#@# Surf Reg lh Thu Mar 12 08:54:46 CET 2026
#@# Jacobian white lh Thu Mar 12 08:58:11 CET 2026
#@# AvgCurv lh Thu Mar 12 08:58:12 CET 2026
#@# Cortical Parc lh Thu Mar 12 08:58:13 CET 2026
#@# white curv lh Thu Mar 12 09:04:11 CET 2026
#@# white area lh Thu Mar 12 09:04:13 CET 2026
#@# pial curv lh Thu Mar 12 09:04:14 CET 2026
#@# pial area lh Thu Mar 12 09:04:16 CET 2026
#@# thickness lh Thu Mar 12 09:04:17 CET 2026
#@# area and vertex vol lh Thu Mar 12 09:04:51 CET 2026
#@# Curvature Stats lh Thu Mar 12 09:04:53 CET 2026
#@# Cortical Parc 2 lh Thu Mar 12 09:04:56 CET 2026
#@# Cortical Parc 3 lh Thu Mar 12 09:05:11 CET 2026
#@# WM/GM Contrast lh Thu Mar 12 09:05:22 CET 2026
recon-all -s sub-v1s10x0051096_ses-1 finished without error at Thu Mar 12 09:05:26 CET 2026



#New# invocation of recon-all 



status file for recon-all
Thu Mar 12 09:37:25 CET 2026
#@# white curv lh Thu Mar 12 09:37:25 CET 2026
#@# white area lh Thu Mar 12 09:37:25 CET 2026
#@# pial curv lh Thu Mar 12 09:37:25 CET 2026
#@# pial area lh Thu Mar 12 09:37:25 CET 2026
#@# thickness lh Thu Mar 12 09:37:25 CET 2026
#@# area and vertex vol lh Thu Mar 12 09:37:25 CET 2026
#@# Parcellation Stats lh Thu Mar 12 09:37:25 CET 2026
#@# Parcellation Stats 2 lh Thu Mar 12 09:37:46 CET 2026
#@# Parcellation Stats 3 lh Thu Mar 12 09:37:57 CET 2026
#@# BA_exvivo Labels lh Thu Mar 12 09:38:08 CET 2026
recon-all -s sub-v1s10x0051096_ses-1 finished without error at Thu Mar 12 09:40:57 CET 2026
