status file for recon-all
Thu Mar 12 04:08:02 CET 2026
#@# Tessellate rh Thu Mar 12 04:08:02 CET 2026
#@# Smooth1 rh Thu Mar 12 04:08:06 CET 2026
#@# Inflation1 rh Thu Mar 12 04:08:09 CET 2026
#@# QSphere rh Thu Mar 12 04:08:24 CET 2026
#@# Fix Topology rh Thu Mar 12 04:09:42 CET 2026
#@# Smooth2 rh Thu Mar 12 04:17:57 CET 2026
#@# Inflation2 rh Thu Mar 12 04:18:00 CET 2026
#@# Curv .H and .K rh Thu Mar 12 04:18:15 CET 2026
#@# Sphere rh Thu Mar 12 04:19:03 CET 2026
#@# Surf Reg rh Thu Mar 12 04:24:52 CET 2026
#@# Jacobian white rh Thu Mar 12 04:34:06 CET 2026
#@# AvgCurv rh Thu Mar 12 04:34:08 CET 2026
#@# Cortical Parc rh Thu Mar 12 04:34:09 CET 2026
#@# white curv rh Thu Mar 12 04:40:23 CET 2026
#@# white area rh Thu Mar 12 04:40:25 CET 2026
#@# pial curv rh Thu Mar 12 04:40:26 CET 2026
#@# pial area rh Thu Mar 12 04:40:28 CET 2026
#@# thickness rh Thu Mar 12 04:40:29 CET 2026
#@# area and vertex vol rh Thu Mar 12 04:40:57 CET 2026
#@# Curvature Stats rh Thu Mar 12 04:40:59 CET 2026
#@# Cortical Parc 2 rh Thu Mar 12 04:41:01 CET 2026
#@# Cortical Parc 3 rh Thu Mar 12 04:41:15 CET 2026
#@# WM/GM Contrast rh Thu Mar 12 04:41:26 CET 2026
recon-all -s sub-v1s10x0050998_ses-1 finished without error at Thu Mar 12 04:41:30 CET 2026



#New# invocation of recon-all 



status file for recon-all
Thu Mar 12 04:49:00 CET 2026
#@# white curv rh Thu Mar 12 04:49:01 CET 2026
#@# white area rh Thu Mar 12 04:49:01 CET 2026
#@# pial curv rh Thu Mar 12 04:49:01 CET 2026
#@# pial area rh Thu Mar 12 04:49:01 CET 2026
#@# thickness rh Thu Mar 12 04:49:01 CET 2026
#@# area and vertex vol rh Thu Mar 12 04:49:01 CET 2026
#@# Parcellation Stats rh Thu Mar 12 04:49:01 CET 2026
#@# Parcellation Stats 2 rh Thu Mar 12 04:49:20 CET 2026
#@# Parcellation Stats 3 rh Thu Mar 12 04:49:29 CET 2026
#@# BA_exvivo Labels rh Thu Mar 12 04:49:38 CET 2026
recon-all -s sub-v1s10x0050998_ses-1 finished without error at Thu Mar 12 04:52:23 CET 2026
