/out/sourcedata/freesurfer/sub-v1s10x0051012_ses-1/mri
/opt/freesurfer/bin/talairach_avi
--i orig_nu.mgz --xfm transforms/talairach.auto.xfm
talairach_avi 7.3.2
Linux dna061 5.14.0-427.37.1.el9_4.x86_64 #1 SMP PREEMPT_DYNAMIC Fri Sep 13 12:41:50 EDT 2024 x86_64 x86_64 x86_64 GNU/Linux
Thu Mar 12 02:16:53 CET 2026
mri_convert orig_nu.mgz talsrcimg.img 
reading from orig_nu.mgz...
TR=0.00, TE=0.00, TI=0.00, flip angle=0.00
i_ras = (-1, 0, 0)
j_ras = (0, 0, -1)
k_ras = (0, 1, 0)
writing to talsrcimg.img...
Analyze Output Matrix
-1.00000   0.00000   0.00000   123.15910;
 0.00000   0.00000   1.00000  -135.95181;
 0.00000  -1.00000   0.00000   128.55421;
 0.00000   0.00000   0.00000   1.00000;
--------------------
INFO: set hdr.hist.orient to -1
mpr2mni305 talsrcimg
Thu Mar 12 02:16:53 CET 2026
/opt/freesurfer/bin/mpr2mni305 talsrcimg
mpr2mni305 7.3.2
target=711-2C_as_mni_average_305

---------------------------------------------------------------------
analyzeto4dfp talsrcimg -O0 -y
---------------------------------------------------------------------

freesurfer ifh2hdr.c
Thu Mar 12 02:16:53 2026
Writing: talsrcimg.4dfp.hdr
freesurfer analyzeto4dfp.c
Reading: talsrcimg.hdr
header size 348 bytes
hdr.dime.datatype	offset=70	value=2
hdr.dime.bitpix		offset=72	value=8
hdr.hist.orient		offset=252	value=-1
dimensionality     4
dimensions       256       256       256         1
Reading: talsrcimg.img
Writing: talsrcimg.4dfp.img
Writing: talsrcimg.4dfp.ifh
ifh2hdr talsrcimg -r0to216
ori=2

---------------------------------------------------------------------
gauss_4dfp talsrcimg 1.1
---------------------------------------------------------------------

freesurfer gauss_4dfp.c
Reading: talsrcimg.4dfp.img
Writing: talsrcimg_g11.4dfp.img
image dimensions 256 256 256 padded to 288 288 288
processing volume 1freesurfer ifh2hdr.c
Thu Mar 12 02:16:55 2026
Writing: talsrcimg_g11.4dfp.hdr

Writing: talsrcimg_g11.4dfp.ifh
including: talsrcimg.4dfp.img.rec in talsrcimg_g11.4dfp.img.rec

---------------------------------------------------------------------
imgreg_4dfp /opt/freesurfer/average/711-2C_as_mni_average_305 none talsrcimg_g11 none talsrcimg_to_711-2C_as_mni_average_305_t4 4355
---------------------------------------------------------------------

freesurfer imgreg_4dfp.c
/opt/freesurfer/average/711-2C_as_mni_average_305.4dfp.img
       256       256       256         1
  1.000000  1.000000  1.000000
orientation T byte_order littleendian
Reading image: /opt/freesurfer/average/711-2C_as_mni_average_305.4dfp.img
dimensions:      256       256       256
mmppix:       1.0000   -1.0000   -1.0000
center:     128.0000 -129.0000 -129.0000
talsrcimg_g11.4dfp.img
       256       256       256         1
  1.000000  1.000000  1.000000
orientation T byte_order littleendian
Reading image: talsrcimg_g11.4dfp.img
dimensions:      256       256       256
mmppix:       1.0000   -1.0000   -1.0000
center:     128.0000 -129.0000 -129.0000
t4_read: open error in t4_sub.f l:  41 t4_file(1:l)talsrcimg_to_711-2C_as_mni_average_305_t4 
t4_read: transform initialized to I4
rotation matrix determinant  1.000000
image alignment mode   4355 decimal     1103 hex
   -7.5000  -45.0000  -45.0000 7901.3970   19.9104
    0.0000  -45.0000  -45.0000 8334.9785   19.8916
    7.5000  -45.0000  -45.0000 8026.6084   19.9299
   -7.5000  -37.5000  -45.0000 8413.9180   19.8921
    0.0000  -37.5000  -45.0000 8875.8652   19.8782
    7.5000  -37.5000  -45.0000 8544.6338   19.9220
   -7.5000  -30.0000  -45.0000 9187.2275   19.8986
    0.0000  -30.0000  -45.0000 9700.4863   19.8876
    7.5000  -30.0000  -45.0000 9333.4443   19.9379
   -7.5000  -22.5000  -45.0000 9872.1641   19.9115
    0.0000  -22.5000  -45.000010395.5869   19.8986
    7.5000  -22.5000  -45.000010002.0537   19.9477
   -7.5000  -15.0000  -45.000010485.6426   19.8990
    0.0000  -15.0000  -45.000011035.2393   19.8818
    7.5000  -15.0000  -45.000010603.9385   19.9236
   -7.5000   -7.5000  -45.000011068.8809   19.8719
    0.0000   -7.5000  -45.000011638.7578   19.8517
    7.5000   -7.5000  -45.000011200.0146   19.8889
   -7.5000    0.0000  -45.000011536.7471   19.8579
    0.0000    0.0000  -45.000012130.5986   19.8389
    7.5000    0.0000  -45.000011674.2295   19.8767
   -7.5000    7.5000  -45.000011132.7100   19.8720
    0.0000    7.5000  -45.000011678.8477   19.8580
    7.5000    7.5000  -45.000011219.5264   19.9015
   -7.5000   15.0000  -45.000010667.4023   19.8985
    0.0000   15.0000  -45.000011170.6289   19.8875
    7.5000   15.0000  -45.000010701.0762   19.9378
   -7.5000   22.5000  -45.000010085.3174   19.9087
    0.0000   22.5000  -45.000010569.5361   19.8959
    7.5000   22.5000  -45.000010102.8994   19.9450
   -7.5000   30.0000  -45.0000 9355.4873   19.6338
    0.0000   30.0000  -45.0000 9807.3506   19.6169
    7.5000   30.0000  -45.0000 9409.7510   19.6581
   -7.5000   37.5000  -45.0000 8901.3955   19.6075
    0.0000   37.5000  -45.0000 9346.1396   19.5875
    7.5000   37.5000  -45.0000 8963.7178   19.6242
   -7.5000   45.0000  -45.0000 8127.3652   19.1034
    0.0000   45.0000  -45.0000 8524.7695   19.0852
    7.5000   45.0000  -45.0000 8153.6504   19.1217
   -7.5000  -45.0000  -37.5000 8400.8340   19.8952
    0.0000  -45.0000  -37.5000 8864.3320   19.8727
    7.5000  -45.0000  -37.5000 8545.8203   19.9077
   -7.5000  -37.5000  -37.5000 8944.4229   19.8687
    0.0000  -37.5000  -37.5000 9422.5352   19.8515
    7.5000  -37.5000  -37.5000 9074.6279   19.8944
   -7.5000  -30.0000  -37.5000 9764.1240   19.8755
    0.0000  -30.0000  -37.500010286.1426   19.8621
    7.5000  -30.0000  -37.5000 9898.3887   19.9112
   -7.5000  -22.5000  -37.500010473.4248   19.8995
    0.0000  -22.5000  -37.500011024.9033   19.8850
    7.5000  -22.5000  -37.500010593.0049   19.9298
   -7.5000  -15.0000  -37.500011108.9629   19.8972
    0.0000  -15.0000  -37.500011707.1855   19.8773
    7.5000  -15.0000  -37.500011248.3691   19.9128
   -7.5000   -7.5000  -37.500011696.3320   19.8674
    0.0000   -7.5000  -37.500012324.7998   19.8433
    7.5000   -7.5000  -37.500011848.8457   19.8748
   -7.5000    0.0000  -37.500012181.2021   19.8429
    0.0000    0.0000  -37.500012827.0703   19.8202
    7.5000    0.0000  -37.500012340.1660   19.8548
   -7.5000    7.5000  -37.500011715.3750   19.8486
    0.0000    7.5000  -37.500012311.2197   19.8313
    7.5000    7.5000  -37.500011830.4531   19.8739
   -7.5000   15.0000  -37.500011180.7080   19.8754
    0.0000   15.0000  -37.500011725.4111   19.8620
    7.5000   15.0000  -37.500011255.1484   19.9110
   -7.5000   22.5000  -37.500010548.5566   19.8968
    0.0000   22.5000  -37.500011074.4600   19.8822
    7.5000   22.5000  -37.500010614.4971   19.9270
   -7.5000   30.0000  -37.5000 9809.7490   19.6320
    0.0000   30.0000  -37.500010291.1416   19.6124
    7.5000   30.0000  -37.5000 9860.9814   19.6474
   -7.5000   37.5000  -37.5000 9309.4355   19.6031
    0.0000   37.5000  -37.5000 9794.7559   19.5793
    7.5000   37.5000  -37.5000 9405.7695   19.6104
   -7.5000   45.0000  -37.5000 8491.0010   19.0891
    0.0000   45.0000  -37.5000 8901.0576   19.0673
    7.5000   45.0000  -37.5000 8527.0488   19.1006
   -7.5000  -45.0000  -30.0000 9050.5557   20.7820
    0.0000  -45.0000  -30.0000 9534.0527   20.7654
    7.5000  -45.0000  -30.0000 9219.9932   20.7891
   -7.5000  -37.5000  -30.0000 9598.6914   20.7508
    0.0000  -37.5000  -30.000010115.2383   20.7362
    7.5000  -37.5000  -30.0000 9761.9150   20.7692
   -7.5000  -30.0000  -30.000010454.3818   20.7520
    0.0000  -30.0000  -30.000011008.0000   20.7408
    7.5000  -30.0000  -30.000010637.6143   20.7796
   -7.5000  -22.5000  -30.000011227.1289   20.7772
    0.0000  -22.5000  -30.000011816.5830   20.7685
    7.5000  -22.5000  -30.000011389.7920   20.8016
   -7.5000  -15.0000  -30.000011914.1826   20.7800
    0.0000  -15.0000  -30.000012545.7158   20.7698
    7.5000  -15.0000  -30.000012097.9473   20.7921
   -7.5000   -7.5000  -30.000012544.4648   20.7523
    0.0000   -7.5000  -30.000013201.0869   20.7375
    7.5000   -7.5000  -30.000012721.0449   20.7559
   -7.5000    0.0000  -30.000013029.6465   20.7275
    0.0000    0.0000  -30.000013742.2266   20.7106
    7.5000    0.0000  -30.000013213.1504   20.7337
   -7.5000    7.5000  -30.000012507.9180   20.7298
    0.0000    7.5000  -30.000013179.8906   20.7150
    7.5000    7.5000  -30.000012645.9424   20.7477
   -7.5000   15.0000  -30.000011858.2246   20.7519
    0.0000   15.0000  -30.000012516.2363   20.7407
    7.5000   15.0000  -30.000012010.1484   20.7795
   -7.5000   22.5000  -30.000011190.3027   20.7722
    0.0000   22.5000  -30.000011794.1328   20.7636
    7.5000   22.5000  -30.000011309.1855   20.7966
   -7.5000   30.0000  -30.000010406.6270   20.5051
    0.0000   30.0000  -30.000010930.6807   20.4950
    7.5000   30.0000  -30.000010484.0723   20.5170
   -7.5000   37.5000  -30.0000 9867.2959   20.4783
    0.0000   37.5000  -30.000010378.8232   20.4637
    7.5000   37.5000  -30.0000 9958.1924   20.4819
   -7.5000   45.0000  -30.0000 8961.3105   19.9548
    0.0000   45.0000  -30.0000 9424.4883   19.9386
    7.5000   45.0000  -30.0000 9008.4590   19.9610
   -7.5000  -45.0000  -22.5000 9713.2383   21.5525
    0.0000  -45.0000  -22.500010241.6660   21.5474
    7.5000  -45.0000  -22.5000 9873.0713   21.5618
   -7.5000  -37.5000  -22.500010256.1846   21.5282
    0.0000  -37.5000  -22.500010850.0244   21.5211
    7.5000  -37.5000  -22.500010436.4932   21.5445
   -7.5000  -30.0000  -22.500011153.4834   21.5253
    0.0000  -30.0000  -22.500011772.0322   21.5200
    7.5000  -30.0000  -22.500011328.5000   21.5493
   -7.5000  -22.5000  -22.500011979.4502   21.5390
    0.0000  -22.5000  -22.500012620.2139   21.5390
    7.5000  -22.5000  -22.500012103.7627   21.5636
   -7.5000  -15.0000  -22.500012681.8252   21.5341
    0.0000  -15.0000  -22.500013362.8301   21.5377
    7.5000  -15.0000  -22.500012831.5049   21.5518
   -7.5000   -7.5000  -22.500013319.9639   21.5100
    0.0000   -7.5000  -22.500014055.4199   21.5097
    7.5000   -7.5000  -22.500013495.5762   21.5193
   -7.5000    0.0000  -22.500013833.2598   21.4958
    0.0000    0.0000  -22.500014599.1426   21.4902
    7.5000    0.0000  -22.500014017.2139   21.5041
   -7.5000    7.5000  -22.500013233.9492   21.5063
    0.0000    7.5000  -22.500014002.8779   21.4990
    7.5000    7.5000  -22.500013404.9736   21.5222
   -7.5000   15.0000  -22.500012540.6865   21.5252
    0.0000   15.0000  -22.500013281.7051   21.5199
    7.5000   15.0000  -22.500012709.1270   21.5492
   -7.5000   22.5000  -22.500011824.4492   21.5323
    0.0000   22.5000  -22.500012502.1240   21.5324
    7.5000   22.5000  -22.500011968.2939   21.5570
   -7.5000   30.0000  -22.500010967.0225   21.2524
    0.0000   30.0000  -22.500011575.5000   21.2560
    7.5000   30.0000  -22.500011093.6602   21.2699
   -7.5000   37.5000  -22.500010409.8984   21.2293
    0.0000   37.5000  -22.500010969.0391   21.2290
    7.5000   37.5000  -22.500010504.9111   21.2385
   -7.5000   45.0000  -22.5000 9422.6719   20.7102
    0.0000   45.0000  -22.5000 9919.9170   20.7048
    7.5000   45.0000  -22.5000 9494.0830   20.7183
   -7.5000  -45.0000  -15.000010358.5439   22.0769
    0.0000  -45.0000  -15.000010923.5117   22.0776
    7.5000  -45.0000  -15.000010534.7129   22.0948
   -7.5000  -37.5000  -15.000010929.7744   22.0633
    0.0000  -37.5000  -15.000011564.2529   22.0608
    7.5000  -37.5000  -15.000011117.8311   22.0846
   -7.5000  -30.0000  -15.000011833.7051   22.0624
    0.0000  -30.0000  -15.000012513.7900   22.0595
    7.5000  -30.0000  -15.000012018.8662   22.0896
   -7.5000  -22.5000  -15.000012670.7090   22.0642
    0.0000  -22.5000  -15.000013373.1396   22.0664
    7.5000  -22.5000  -15.000012799.2158   22.0943
   -7.5000  -15.0000  -15.000013400.2295   22.0465
    0.0000  -15.0000  -15.000014126.4229   22.0541
    7.5000  -15.0000  -15.000013527.8076   22.0732
   -7.5000   -7.5000  -15.000014055.8242   22.0224
    0.0000   -7.5000  -15.000014854.3691   22.0279
    7.5000   -7.5000  -15.000014226.5781   22.0421
   -7.5000    0.0000  -15.000014597.3096   22.0187
    0.0000    0.0000  -15.000015457.6348   22.0188
    7.5000    0.0000  -15.000014783.0410   22.0355
   -7.5000    7.5000  -15.000013994.4951   22.0409
    0.0000    7.5000  -15.000014818.7969   22.0381
    7.5000    7.5000  -15.000014169.6426   22.0616
   -7.5000   15.0000  -15.000013260.5723   22.0623
    0.0000   15.0000  -15.000014050.3916   22.0594
    7.5000   15.0000  -15.000013399.4365   22.0895
   -7.5000   22.5000  -15.000012462.2529   22.0564
    0.0000   22.5000  -15.000013186.5586   22.0585
    7.5000   22.5000  -15.000012568.2119   22.0865
   -7.5000   30.0000  -15.000011560.0068   21.7612
    0.0000   30.0000  -15.000012209.2266   21.7687
    7.5000   30.0000  -15.000011673.9492   21.7876
   -7.5000   37.5000  -15.000010970.6201   21.7380
    0.0000   37.5000  -15.000011564.0303   21.7434
    7.5000   37.5000  -15.000011059.0322   21.7575
   -7.5000   45.0000  -15.0000 9907.2461   21.2265
    0.0000   45.0000  -15.000010395.2910   21.2268
    7.5000   45.0000  -15.0000 9969.0586   21.2430
   -7.5000  -45.0000   -7.500010998.1621   22.2810
    0.0000  -45.0000   -7.500011612.9941   22.2735
    7.5000  -45.0000   -7.500011198.6904   22.3049
   -7.5000  -37.5000   -7.500011625.7363   22.2677
    0.0000  -37.5000   -7.500012302.7910   22.2605
    7.5000  -37.5000   -7.500011833.9639   22.2968
   -7.5000  -30.0000   -7.500012574.6416   22.2702
    0.0000  -30.0000   -7.500013293.6777   22.2637
    7.5000  -30.0000   -7.500012777.0625   22.3067
   -7.5000  -22.5000   -7.500013442.4824   22.2730
    0.0000  -22.5000   -7.500014156.0664   22.2678
    7.5000  -22.5000   -7.500013541.6035   22.3105
   -7.5000  -15.0000   -7.500014198.8730   22.2523
    0.0000  -15.0000   -7.500014904.8428   22.2484
    7.5000  -15.0000   -7.500014239.1924   22.2840
   -7.5000   -7.5000   -7.500014893.5400   22.2266
    0.0000   -7.5000   -7.500015646.6377   22.2207
    7.5000   -7.5000   -7.500014991.5537   22.2515
   -7.5000    0.0000   -7.500015465.2314   22.2221
    0.0000    0.0000   -7.500016301.0918   22.2142
    7.5000    0.0000   -7.500015628.4482   22.2452
   -7.5000    7.5000   -7.500014863.6611   22.2451
    0.0000    7.5000   -7.500015651.5469   22.2377
    7.5000    7.5000   -7.500015002.1260   22.2737
   -7.5000   15.0000   -7.500014057.3896   22.2701
    0.0000   15.0000   -7.500014828.3779   22.2636
    7.5000   15.0000   -7.500014150.4688   22.3065
   -7.5000   22.5000   -7.500013170.1729   22.2627
    0.0000   22.5000   -7.500013883.4873   22.2575
    7.5000   22.5000   -7.500013219.7686   22.3002
   -7.5000   30.0000   -7.500012200.4844   21.9637
    0.0000   30.0000   -7.500012850.4658   21.9599
    7.5000   30.0000   -7.500012264.9111   21.9951
   -7.5000   37.5000   -7.500011572.7500   21.9388
    0.0000   37.5000   -7.500012176.4932   21.9330
    7.5000   37.5000   -7.500011638.1611   21.9634
   -7.5000   45.0000   -7.500010444.2100   21.4266
    0.0000   45.0000   -7.500010969.5361   21.4190
    7.5000   45.0000   -7.500010486.3242   21.4490
   -7.5000  -45.0000    0.000011582.2373   22.2657
    0.0000  -45.0000    0.000012201.6875   22.2447
    7.5000  -45.0000    0.000011775.4736   22.2876
   -7.5000  -37.5000    0.000012264.1279   22.2448
    0.0000  -37.5000    0.000012921.8613   22.2294
    7.5000  -37.5000    0.000012448.1611   22.2784
   -7.5000  -30.0000    0.000013285.6123   22.2518
    0.0000  -30.0000    0.000014007.9951   22.2397
    7.5000  -30.0000    0.000013446.5518   22.2959
   -7.5000  -22.5000    0.000014196.3516   22.2665
    0.0000  -22.5000    0.000014900.8242   22.2522
    7.5000  -22.5000    0.000014234.6416   22.3071
   -7.5000  -15.0000    0.000014962.9248   22.2531
    0.0000  -15.0000    0.000015510.4180   22.2339
    7.5000  -15.0000    0.000014898.1689   22.2806
   -7.5000   -7.5000    0.000015604.0957   22.2230
    0.0000   -7.5000    0.000016170.1963   22.2003
    7.5000   -7.5000    0.000015626.3613   22.2420
   -7.5000    0.0000    0.000016208.3877   22.2071
    0.0000    0.0000    0.000016836.7773   22.1859
    7.5000    0.0000    0.000016270.6602   22.2282
   -7.5000    7.5000    0.000015575.9980   22.2223
    0.0000    7.5000    0.000016216.3105   22.2068
    7.5000    7.5000    0.000015626.2988   22.2554
   -7.5000   15.0000    0.000014724.8857   22.2516
    0.0000   15.0000    0.000015377.1250   22.2396
    7.5000   15.0000    0.000014753.6611   22.2958
   -7.5000   22.5000    0.000013758.8535   22.2563
    0.0000   22.5000    0.000014365.0723   22.2420
    7.5000   22.5000    0.000013734.7451   22.2969
   -7.5000   30.0000    0.000012747.8496   21.9651
    0.0000   30.0000    0.000013342.9756   21.9461
    7.5000   30.0000    0.000012709.0029   21.9923
   -7.5000   37.5000    0.000012102.2041   21.9358
    0.0000   37.5000    0.000012668.1523   21.9134
    7.5000   37.5000    0.000012072.7617   21.9546
   -7.5000   45.0000    0.000010894.9590   21.4136
    0.0000   45.0000    0.000011406.9434   21.3932
    7.5000   45.0000    0.000010901.7920   21.4342
   -7.5000  -45.0000    7.500011260.4053   22.2629
    0.0000  -45.0000    7.500011865.9736   22.2377
    7.5000  -45.0000    7.500011408.3242   22.2769
   -7.5000  -37.5000    7.500011892.4160   22.2333
    0.0000  -37.5000    7.500012503.3223   22.2140
    7.5000  -37.5000    7.500012032.6377   22.2621
   -7.5000  -30.0000    7.500012902.6816   22.2410
    0.0000  -30.0000    7.500013580.2168   22.2260
    7.5000  -30.0000    7.500013040.9141   22.2809
   -7.5000  -22.5000    7.500013818.6582   22.2678
    0.0000  -22.5000    7.500014420.8691   22.2515
    7.5000  -22.5000    7.500013873.6924   22.3017
   -7.5000  -15.0000    7.500014484.6846   22.2651
    0.0000  -15.0000    7.500014923.6318   22.2428
    7.5000  -15.0000    7.500014471.0801   22.2826
   -7.5000   -7.5000    7.500015101.3945   22.2317
    0.0000   -7.5000    7.500015515.9609   22.2048
    7.5000   -7.5000    7.500015050.8379   22.2400
   -7.5000    0.0000    7.500015709.4043   22.2044
    0.0000    0.0000    7.500016156.6123   22.1790
    7.5000    0.0000    7.500015630.0293   22.2177
   -7.5000    7.5000    7.500015089.5098   22.2108
    0.0000    7.5000    7.500015575.1963   22.1915
    7.5000    7.5000    7.500015000.5645   22.2392
   -7.5000   15.0000    7.500014260.5088   22.2408
    0.0000   15.0000    7.500014787.7793   22.2259
    7.5000   15.0000    7.500014206.8330   22.2808
   -7.5000   22.5000    7.500013308.0762   22.2575
    0.0000   22.5000    7.500013818.3184   22.2413
    7.5000   22.5000    7.500013257.3535   22.2914
   -7.5000   30.0000    7.500012313.3604   21.9770
    0.0000   30.0000    7.500012839.9336   21.9550
    7.5000   30.0000    7.500012271.7988   21.9942
   -7.5000   37.5000    7.500011703.7168   21.9445
    0.0000   37.5000    7.500012216.3701   21.9180
    7.5000   37.5000    7.500011663.2578   21.9527
   -7.5000   45.0000    7.500010508.3418   21.4112
    0.0000   45.0000    7.500011024.6738   21.3867
    7.5000   45.0000    7.500010521.5303   21.4241
   -7.5000  -45.0000   15.000010801.8428   22.3277
    0.0000  -45.0000   15.000011328.9375   22.3100
    7.5000  -45.0000   15.000010932.5264   22.3357
   -7.5000  -37.5000   15.000011416.6797   22.2943
    0.0000  -37.5000   15.000011899.9199   22.2787
    7.5000  -37.5000   15.000011492.5117   22.3143
   -7.5000  -30.0000   15.000012348.5898   22.2956
    0.0000  -30.0000   15.000012899.1758   22.2837
    7.5000  -30.0000   15.000012431.7852   22.3254
   -7.5000  -22.5000   15.000013195.4863   22.3226
    0.0000  -22.5000   15.000013734.5176   22.3133
    7.5000  -22.5000   15.000013286.5234   22.3489
   -7.5000  -15.0000   15.000013891.2793   22.3255
    0.0000  -15.0000   15.000014397.8838   22.3145
    7.5000  -15.0000   15.000013934.9346   22.3386
   -7.5000   -7.5000   15.000014584.2197   22.2957
    0.0000   -7.5000   15.000015080.2852   22.2798
    7.5000   -7.5000   15.000014523.0840   22.2997
   -7.5000    0.0000   15.000015133.8506   22.2691
    0.0000    0.0000   15.000015678.3760   22.2511
    7.5000    0.0000   15.000015060.1670   22.2761
   -7.5000    7.5000   15.000014529.7412   22.2717
    0.0000    7.5000   15.000015079.6875   22.2560
    7.5000    7.5000   15.000014467.0771   22.2913
   -7.5000   15.0000   15.000013722.6299   22.2955
    0.0000   15.0000   15.000014271.4092   22.2836
    7.5000   15.0000   15.000013711.2900   22.3253
   -7.5000   22.5000   15.000012758.2949   22.3123
    0.0000   22.5000   15.000013284.5283   22.3030
    7.5000   22.5000   15.000012757.3555   22.3386
   -7.5000   30.0000   15.000011757.0322   22.0365
    0.0000   30.0000   15.000012240.1777   22.0257
    7.5000   30.0000   15.000011732.1055   22.0495
   -7.5000   37.5000   15.000011138.2197   22.0078
    0.0000   37.5000   15.000011590.6660   21.9922
    7.5000   37.5000   15.000011127.6387   22.0118
   -7.5000   45.0000   15.0000 9994.9824   21.4737
    0.0000   45.0000   15.000010423.7148   21.4564
    7.5000   45.0000   15.000010007.3076   21.4806
   -7.5000  -45.0000   22.500010225.0947   22.4329
    0.0000  -45.0000   22.500010726.9648   22.4275
    7.5000  -45.0000   22.500010340.3604   22.4423
   -7.5000  -37.5000   22.500010795.5137   22.4078
    0.0000  -37.5000   22.500011287.4785   22.4003
    7.5000  -37.5000   22.500010871.1914   22.4246
   -7.5000  -30.0000   22.500011687.0498   22.4049
    0.0000  -30.0000   22.500012199.7793   22.3992
    7.5000  -30.0000   22.500011726.7803   22.4296
   -7.5000  -22.5000   22.500012472.5225   22.4189
    0.0000  -22.5000   22.500012978.0596   22.4188
    7.5000  -22.5000   22.500012535.4229   22.4442
   -7.5000  -15.0000   22.500013170.4414   22.4135
    0.0000  -15.0000   22.500013712.4561   22.4172
    7.5000  -15.0000   22.500013289.1455   22.4315
   -7.5000   -7.5000   22.500013863.0078   22.3884
    0.0000   -7.5000   22.500014524.4502   22.3879
    7.5000   -7.5000   22.500014057.2412   22.3976
   -7.5000    0.0000   22.500014402.4102   22.3738
    0.0000    0.0000   22.500015140.9736   22.3679
    7.5000    0.0000   22.500014643.2207   22.3821
   -7.5000    7.5000   22.500013817.2129   22.3849
    0.0000    7.5000   22.500014526.1963   22.3773
    7.5000    7.5000   22.500014004.0068   22.4012
   -7.5000   15.0000   22.500013055.9121   22.4047
    0.0000   15.0000   22.500013700.6084   22.3991
    7.5000   15.0000   22.500013170.2588   22.4295
   -7.5000   22.5000   22.500012113.7627   22.4086
    0.0000   22.5000   22.500012691.0635   22.4085
    7.5000   22.5000   22.500012177.3281   22.4338
   -7.5000   30.0000   22.500011143.4697   22.1235
    0.0000   30.0000   22.500011635.3896   22.1271
    7.5000   30.0000   22.500011157.7246   22.1411
   -7.5000   37.5000   22.500010579.3213   22.0994
    0.0000   37.5000   22.500011010.2090   22.0989
    7.5000   37.5000   22.500010569.6025   22.1085
   -7.5000   45.0000   22.5000 9507.8955   21.5747
    0.0000   45.0000   22.5000 9898.8496   21.5691
    7.5000   45.0000   22.5000 9506.1162   21.5829
   -7.5000  -45.0000   30.0000 9541.3145   22.5089
    0.0000  -45.0000   30.000010004.5547   22.5094
    7.5000  -45.0000   30.0000 9663.4062   22.5265
   -7.5000  -37.5000   30.000010072.8643   22.4950
    0.0000  -37.5000   30.000010549.4268   22.4923
    7.5000  -37.5000   30.000010183.9883   22.5162
   -7.5000  -30.0000   30.000010921.4307   22.4939
    0.0000  -30.0000   30.000011456.6533   22.4907
    7.5000  -30.0000   30.000011046.8447   22.5211
   -7.5000  -22.5000   30.000011666.3262   22.4954
    0.0000  -22.5000   30.000012248.1201   22.4973
    7.5000  -22.5000   30.000011837.1875   22.5254
   -7.5000  -15.0000   30.000012331.6934   22.4771
    0.0000  -15.0000   30.000012955.7900   22.4845
    7.5000  -15.0000   30.000012536.2979   22.5035
   -7.5000   -7.5000   30.000012981.0342   22.4526
    0.0000   -7.5000   30.000013632.9922   22.4579
    7.5000   -7.5000   30.000013171.2461   22.4719
   -7.5000    0.0000   30.000013511.0742   22.4492
    0.0000    0.0000   30.000014164.7363   22.4492
    7.5000    0.0000   30.000013668.1855   22.4657
   -7.5000    7.5000   30.000012991.2520   22.4720
    0.0000    7.5000   30.000013619.8115   22.4691
    7.5000    7.5000   30.000013121.3018   22.4926
   -7.5000   15.0000   30.000012302.4814   22.4938
    0.0000   15.0000   30.000012881.4404   22.4906
    7.5000   15.0000   30.000012400.4307   22.5210
   -7.5000   22.5000   30.000011428.9766   22.4850
    0.0000   22.5000   30.000011963.5234   22.4869
    7.5000   22.5000   30.000011506.4580   22.5150
   -7.5000   30.0000   30.000010456.6562   22.1862
    0.0000   30.0000   30.000010955.7627   22.1935
    7.5000   30.0000   30.000010532.8838   22.2122
   -7.5000   37.5000   30.0000 9888.7129   22.1627
    0.0000   37.5000   30.000010356.9873   22.1679
    7.5000   37.5000   30.0000 9928.6172   22.1817
   -7.5000   45.0000   30.0000 8896.3232   21.6473
    0.0000   45.0000   30.0000 9303.8691   21.6474
    7.5000   45.0000   30.0000 8912.4424   21.6634
   -7.5000  -45.0000   37.5000 9133.5479   22.5389
    0.0000  -45.0000   37.5000 9614.3193   22.5307
    7.5000  -45.0000   37.5000 9294.4219   22.5616
   -7.5000  -37.5000   37.5000 9668.4512   22.5255
    0.0000  -37.5000   37.500010179.8555   22.5179
    7.5000  -37.5000   37.5000 9824.5537   22.5538
   -7.5000  -30.0000   37.500010462.8584   22.5279
    0.0000  -30.0000   37.500011044.6289   22.5210
    7.5000  -30.0000   37.500010630.0010   22.5637
   -7.5000  -22.5000   37.500011201.7773   22.5302
    0.0000  -22.5000   37.500011801.7715   22.5244
    7.5000  -22.5000   37.500011358.2129   22.5669
   -7.5000  -15.0000   37.500011868.8340   22.5089
    0.0000  -15.0000   37.500012493.0420   22.5041
    7.5000  -15.0000   37.500012040.5029   22.5393
   -7.5000   -7.5000   37.500012495.3145   22.4829
    0.0000   -7.5000   37.500013143.7715   22.4762
    7.5000   -7.5000   37.500012670.0820   22.5064
   -7.5000    0.0000   37.500012969.8594   22.4788
    0.0000    0.0000   37.500013616.0840   22.4702
    7.5000    0.0000   37.500013123.4287   22.5006
   -7.5000    7.5000   37.500012460.1357   22.5025
    0.0000    7.5000   37.500013038.9287   22.4946
    7.5000    7.5000   37.500012572.7207   22.5302
   -7.5000   15.0000   37.500011831.7432   22.5277
    0.0000   15.0000   37.500012362.0225   22.5209
    7.5000   15.0000   37.500011931.8604   22.5636
   -7.5000   22.5000   37.500011013.6533   22.5198
    0.0000   22.5000   37.500011509.1367   22.5140
    7.5000   22.5000   37.500011108.1865   22.5565
   -7.5000   30.0000   37.500010081.0498   22.2176
    0.0000   30.0000   37.500010540.9121   22.2129
    7.5000   30.0000   37.500010130.4268   22.2476
   -7.5000   37.5000   37.5000 9544.9482   22.1924
    0.0000   37.5000   37.5000 9952.1338   22.1858
    7.5000   37.5000   37.5000 9556.7969   22.2156
   -7.5000   45.0000   37.5000 8596.6113   21.6757
    0.0000   45.0000   37.5000 8961.8848   21.6676
    7.5000   45.0000   37.5000 8601.6758   21.6970
   -7.5000  -45.0000   45.0000 8333.5889   22.6916
    0.0000  -45.0000   45.0000 8797.0215   22.6679
    7.5000  -45.0000   45.0000 8496.4668   22.7099
   -7.5000  -37.5000   45.0000 8829.5938   22.6705
    0.0000  -37.5000   45.0000 9313.8145   22.6528
    7.5000  -37.5000   45.0000 8976.7471   22.7009
   -7.5000  -30.0000   45.0000 9576.8799   22.6774
    0.0000  -30.0000   45.000010119.3467   22.6636
    7.5000  -30.0000   45.0000 9711.0039   22.7193
   -7.5000  -22.5000   45.000010276.8037   22.6917
    0.0000  -22.5000   45.000010861.7305   22.6758
    7.5000  -22.5000   45.000010424.1426   22.7304
   -7.5000  -15.0000   45.000010899.3428   22.6769
    0.0000  -15.0000   45.000011499.6387   22.6557
    7.5000  -15.0000   45.000011049.2852   22.7021
   -7.5000   -7.5000   45.000011457.6992   22.6458
    0.0000   -7.5000   45.000012061.9902   22.6206
    7.5000   -7.5000   45.000011596.7256   22.6617
   -7.5000    0.0000   45.000011894.6943   22.6303
    0.0000    0.0000   45.000012479.2324   22.6064
    7.5000    0.0000   45.000012022.4756   22.6479
   -7.5000    7.5000   45.000011433.8740   22.6470
    0.0000    7.5000   45.000011965.7812   22.6291
    7.5000    7.5000   45.000011541.9297   22.6769
   -7.5000   15.0000   45.000010866.1719   22.6772
    0.0000   15.0000   45.000011357.3057   22.6635
    7.5000   15.0000   45.000010963.0723   22.7192
   -7.5000   22.5000   45.000010144.5449   22.6812
    0.0000   22.5000   45.000010591.8945   22.6653
    7.5000   22.5000   45.000010231.8242   22.7199
   -7.5000   30.0000   45.0000 9265.5312   22.3814
    0.0000   30.0000   45.0000 9672.7051   22.3605
    7.5000   30.0000   45.0000 9321.2070   22.4063
   -7.5000   37.5000   45.0000 8778.3857   22.3512
    0.0000   37.5000   45.0000 9147.4639   22.3263
    7.5000   37.5000   45.0000 8783.0166   22.3669
   -7.5000   45.0000   45.0000 7919.1255   21.8318
    0.0000   45.0000   45.0000 8252.2197   21.8088
    7.5000   45.0000   45.0000 7916.6094   21.8490

---------------------------------------------------------------------
imgreg_4dfp /opt/freesurfer/average/711-2C_as_mni_average_305 /opt/freesurfer/average/711-2B_as_mni_average_305_mask talsrcimg_g11 none talsrcimg_to_711-2C_as_mni_average_305_t4 4355
---------------------------------------------------------------------

freesurfer imgreg_4dfp.c
/opt/freesurfer/average/711-2C_as_mni_average_305.4dfp.img
       256       256       256         1
  1.000000  1.000000  1.000000
orientation T byte_order littleendian
Reading image: /opt/freesurfer/average/711-2C_as_mni_average_305.4dfp.img
dimensions:      256       256       256
mmppix:       1.0000   -1.0000   -1.0000
center:     128.0000 -129.0000 -129.0000
/opt/freesurfer/average/711-2B_as_mni_average_305_mask.4dfp.img
       256       256       256         1
  1.000000  1.000000  1.000000
orientation T byte_order littleendian
Reading mask: /opt/freesurfer/average/711-2B_as_mni_average_305_mask.4dfp.img (2306576 pixels)
talsrcimg_g11.4dfp.img
       256       256       256         1
  1.000000  1.000000  1.000000
orientation T byte_order littleendian
Reading image: talsrcimg_g11.4dfp.img
dimensions:      256       256       256
mmppix:       1.0000   -1.0000   -1.0000
center:     128.0000 -129.0000 -129.0000
rotation matrix determinant  1.000000
image alignment mode   4355 decimal     1103 hex
   -7.5000  -45.0000  -45.0000 2010.8202   20.9198
    0.0000  -45.0000  -45.0000 2029.5466   20.6468
    7.5000  -45.0000  -45.0000 2028.9220   20.7231
   -7.5000  -37.5000  -45.0000 2101.8662   19.1825
    0.0000  -37.5000  -45.0000 2123.6936   18.9747
    7.5000  -37.5000  -45.0000 2122.4949   19.0342
   -7.5000  -30.0000  -45.0000 2166.0742   18.0414
    0.0000  -30.0000  -45.0000 2193.6230   17.7799
    7.5000  -30.0000  -45.0000 2191.2173   17.8413
   -7.5000  -22.5000  -45.0000 2210.5251   17.3198
    0.0000  -22.5000  -45.0000 2233.7495   17.0359
    7.5000  -22.5000  -45.0000 2233.1602   17.0553
   -7.5000  -15.0000  -45.0000 2225.9163   16.9760
    0.0000  -15.0000  -45.0000 2253.4651   16.6129
    7.5000  -15.0000  -45.0000 2245.2671   16.6492
   -7.5000   -7.5000  -45.0000 2228.9368   16.9434
    0.0000   -7.5000  -45.0000 2253.5178   16.5708
    7.5000   -7.5000  -45.0000 2248.9524   16.6315
   -7.5000    0.0000  -45.0000 2199.8333   17.2696
    0.0000    0.0000  -45.0000 2229.9993   16.8933
    7.5000    0.0000  -45.0000 2226.5310   16.9539
   -7.5000    7.5000  -45.0000 2155.4224   17.9528
    0.0000    7.5000  -45.0000 2185.1655   17.6062
    7.5000    7.5000  -45.0000 2178.0405   17.6590
   -7.5000   15.0000  -45.0000 2090.3938   19.0287
    0.0000   15.0000  -45.0000 2117.4539   18.6584
    7.5000   15.0000  -45.0000 2109.5137   18.7280
   -7.5000   22.5000  -45.0000 2008.0513   20.5341
    0.0000   22.5000  -45.0000 2033.9330   20.1130
    7.5000   22.5000  -45.0000 2024.8156   20.2093
   -7.5000   30.0000  -45.0000 1906.6270   22.5988
    0.0000   30.0000  -45.0000 1927.7253   22.1382
    7.5000   30.0000  -45.0000 1921.3135   22.2507
   -7.5000   37.5000  -45.0000 1803.2968   25.4496
    0.0000   37.5000  -45.0000 1825.6549   24.9069
    7.5000   37.5000  -45.0000 1814.6870   25.0533
   -7.5000   45.0000  -45.0000 1687.8490   29.4693
    0.0000   45.0000  -45.0000 1703.4640   28.8368
    7.5000   45.0000  -45.0000 1689.4596   28.9020
   -7.5000  -45.0000  -37.5000 2090.1980   19.4682
    0.0000  -45.0000  -37.5000 2114.1274   19.2441
    7.5000  -45.0000  -37.5000 2111.2109   19.2717
   -7.5000  -37.5000  -37.5000 2191.3792   17.8179
    0.0000  -37.5000  -37.5000 2213.2676   17.5861
    7.5000  -37.5000  -37.5000 2210.8040   17.6762
   -7.5000  -30.0000  -37.5000 2262.4001   16.7284
    0.0000  -30.0000  -37.5000 2289.1443   16.5043
    7.5000  -30.0000  -37.5000 2284.9199   16.5838
   -7.5000  -22.5000  -37.5000 2303.9480   16.0444
    0.0000  -22.5000  -37.5000 2330.9563   15.8017
    7.5000  -22.5000  -37.5000 2326.4421   15.8447
   -7.5000  -15.0000  -37.5000 2322.1870   15.7428
    0.0000  -15.0000  -37.5000 2351.8403   15.4558
    7.5000  -15.0000  -37.5000 2348.9634   15.4947
   -7.5000   -7.5000  -37.5000 2325.3279   15.6671
    0.0000   -7.5000  -37.5000 2355.0818   15.3729
    7.5000   -7.5000  -37.5000 2349.7031   15.4394
   -7.5000    0.0000  -37.5000 2304.0667   15.9294
    0.0000    0.0000  -37.5000 2334.2141   15.6168
    7.5000    0.0000  -37.5000 2330.1804   15.6635
   -7.5000    7.5000  -37.5000 2257.1953   16.5507
    0.0000    7.5000  -37.5000 2287.8853   16.2023
    7.5000    7.5000  -37.5000 2283.5691   16.2736
   -7.5000   15.0000  -37.5000 2187.8535   17.4938
    0.0000   15.0000  -37.5000 2216.4973   17.1474
    7.5000   15.0000  -37.5000 2207.5339   17.2532
   -7.5000   22.5000  -37.5000 2100.2483   18.8749
    0.0000   22.5000  -37.5000 2124.1316   18.4785
    7.5000   22.5000  -37.5000 2114.1887   18.6061
   -7.5000   30.0000  -37.5000 1994.7760   20.7548
    0.0000   30.0000  -37.5000 2012.6464   20.3406
    7.5000   30.0000  -37.5000 2003.5204   20.4376
   -7.5000   37.5000  -37.5000 1882.2164   23.2681
    0.0000   37.5000  -37.5000 1904.8931   22.8455
    7.5000   37.5000  -37.5000 1893.1624   22.9179
   -7.5000   45.0000  -37.5000 1758.2372   26.7845
    0.0000   45.0000  -37.5000 1775.8998   26.3295
    7.5000   45.0000  -37.5000 1761.9601   26.3968
   -7.5000  -45.0000  -30.0000 2202.2722   18.8887
    0.0000  -45.0000  -30.0000 2228.2512   18.6666
    7.5000  -45.0000  -30.0000 2229.5095   18.7183
   -7.5000  -37.5000  -30.0000 2307.5298   17.2418
    0.0000  -37.5000  -30.0000 2336.4338   16.9947
    7.5000  -37.5000  -30.0000 2331.8096   17.0913
   -7.5000  -30.0000  -30.0000 2390.4741   16.1253
    0.0000  -30.0000  -30.0000 2421.0745   15.8808
    7.5000  -30.0000  -30.0000 2420.4976   15.9640
   -7.5000  -22.5000  -30.0000 2441.8931   15.4343
    0.0000  -22.5000  -30.0000 2470.7856   15.2009
    7.5000  -22.5000  -30.0000 2468.9658   15.2627
   -7.5000  -15.0000  -30.0000 2466.7476   15.1198
    0.0000  -15.0000  -30.0000 2495.1199   14.8968
    7.5000  -15.0000  -30.0000 2495.7725   14.9258
   -7.5000   -7.5000  -30.0000 2469.8430   15.0873
    0.0000   -7.5000  -30.0000 2497.8613   14.8339
    7.5000   -7.5000  -30.0000 2496.7810   14.8873
   -7.5000    0.0000  -30.0000 2446.2976   15.3826
    0.0000    0.0000  -30.0000 2479.3928   15.0756
    7.5000    0.0000  -30.0000 2475.5420   15.1194
   -7.5000    7.5000  -30.0000 2400.6614   15.9491
    0.0000    7.5000  -30.0000 2431.4773   15.6239
    7.5000    7.5000  -30.0000 2423.5405   15.6682
   -7.5000   15.0000  -30.0000 2320.0200   16.7878
    0.0000   15.0000  -30.0000 2352.1768   16.4738
    7.5000   15.0000  -30.0000 2344.9265   16.5837
   -7.5000   22.5000  -30.0000 2228.6924   18.0612
    0.0000   22.5000  -30.0000 2253.6443   17.7514
    7.5000   22.5000  -30.0000 2244.9287   17.8513
   -7.5000   30.0000  -30.0000 2115.4297   19.8517
    0.0000   30.0000  -30.0000 2133.2756   19.4878
    7.5000   30.0000  -30.0000 2121.5156   19.5502
   -7.5000   37.5000  -30.0000 1989.5729   22.1958
    0.0000   37.5000  -30.0000 2009.9966   21.8029
    7.5000   37.5000  -30.0000 2000.5746   21.8451
   -7.5000   45.0000  -30.0000 1853.1967   25.4388
    0.0000   45.0000  -30.0000 1877.8678   25.0501
    7.5000   45.0000  -30.0000 1863.5967   25.1496
   -7.5000  -45.0000  -22.5000 2287.6768   18.2036
    0.0000  -45.0000  -22.5000 2314.5525   17.9852
    7.5000  -45.0000  -22.5000 2316.4441   18.0063
   -7.5000  -37.5000  -22.5000 2395.2136   16.5900
    0.0000  -37.5000  -22.5000 2429.8245   16.3934
    7.5000  -37.5000  -22.5000 2424.3069   16.4251
   -7.5000  -30.0000  -22.5000 2489.1926   15.4488
    0.0000  -30.0000  -22.5000 2526.8298   15.2154
    7.5000  -30.0000  -22.5000 2523.1909   15.2443
   -7.5000  -22.5000  -22.5000 2558.5024   14.7316
    0.0000  -22.5000  -22.5000 2594.0293   14.4916
    7.5000  -22.5000  -22.5000 2584.7952   14.5066
   -7.5000  -15.0000  -22.5000 2591.1355   14.4111
    0.0000  -15.0000  -22.5000 2622.0403   14.1820
    7.5000  -15.0000  -22.5000 2614.1638   14.1989
   -7.5000   -7.5000  -22.5000 2591.4292   14.3890
    0.0000   -7.5000  -22.5000 2625.8687   14.1725
    7.5000   -7.5000  -22.5000 2618.2415   14.1837
   -7.5000    0.0000  -22.5000 2563.6484   14.7063
    0.0000    0.0000  -22.5000 2602.7346   14.4677
    7.5000    0.0000  -22.5000 2596.0081   14.4875
   -7.5000    7.5000  -22.5000 2512.7666   15.2478
    0.0000    7.5000  -22.5000 2550.4944   15.0072
    7.5000    7.5000  -22.5000 2541.1179   15.0471
   -7.5000   15.0000  -22.5000 2434.6477   16.0806
    0.0000   15.0000  -22.5000 2469.6438   15.8025
    7.5000   15.0000  -22.5000 2457.3284   15.8961
   -7.5000   22.5000  -22.5000 2337.9700   17.2236
    0.0000   22.5000  -22.5000 2365.7546   16.9337
    7.5000   22.5000  -22.5000 2355.2888   17.0346
   -7.5000   30.0000  -22.5000 2208.1492   18.8661
    0.0000   30.0000  -22.5000 2232.8711   18.5335
    7.5000   30.0000  -22.5000 2224.7856   18.5987
   -7.5000   37.5000  -22.5000 2076.3853   21.0655
    0.0000   37.5000  -22.5000 2095.3323   20.7048
    7.5000   37.5000  -22.5000 2083.5591   20.7679
   -7.5000   45.0000  -22.5000 1932.7415   24.1962
    0.0000   45.0000  -22.5000 1951.5621   23.7331
    7.5000   45.0000  -22.5000 1936.2321   23.7993
   -7.5000  -45.0000  -15.0000 2336.0391   17.5108
    0.0000  -45.0000  -15.0000 2365.6458   17.2274
    7.5000  -45.0000  -15.0000 2368.3467   17.2637
   -7.5000  -37.5000  -15.0000 2453.9014   15.9371
    0.0000  -37.5000  -15.0000 2487.6616   15.7005
    7.5000  -37.5000  -15.0000 2484.3435   15.7257
   -7.5000  -30.0000  -15.0000 2558.9670   14.8135
    0.0000  -30.0000  -15.0000 2594.6948   14.5965
    7.5000  -30.0000  -15.0000 2589.3708   14.5784
   -7.5000  -22.5000  -15.0000 2640.1265   14.0630
    0.0000  -22.5000  -15.0000 2679.9092   13.8113
    7.5000  -22.5000  -15.0000 2667.4971   13.8117
   -7.5000  -15.0000  -15.0000 2679.8928   13.7157
    0.0000  -15.0000  -15.0000 2717.8665   13.4916
    7.5000  -15.0000  -15.0000 2705.6824   13.4894
   -7.5000   -7.5000  -15.0000 2683.4287   13.7132
    0.0000   -7.5000  -15.0000 2727.4041   13.5127
    7.5000   -7.5000  -15.0000 2715.6982   13.4771
   -7.5000    0.0000  -15.0000 2661.5159   14.0396
    0.0000    0.0000  -15.0000 2706.2637   13.8375
    7.5000    0.0000  -15.0000 2691.1096   13.8119
   -7.5000    7.5000  -15.0000 2609.2959   14.5852
    0.0000    7.5000  -15.0000 2653.6873   14.3683
    7.5000    7.5000  -15.0000 2638.7654   14.3980
   -7.5000   15.0000  -15.0000 2526.2085   15.3835
    0.0000   15.0000  -15.0000 2565.4192   15.1397
    7.5000   15.0000  -15.0000 2549.1829   15.2138
   -7.5000   22.5000  -15.0000 2415.6482   16.4763
    0.0000   22.5000  -15.0000 2448.0159   16.1950
    7.5000   22.5000  -15.0000 2438.2241   16.2786
   -7.5000   30.0000  -15.0000 2282.4878   17.9812
    0.0000   30.0000  -15.0000 2311.4492   17.6713
    7.5000   30.0000  -15.0000 2305.0278   17.7296
   -7.5000   37.5000  -15.0000 2135.9153   20.0831
    0.0000   37.5000  -15.0000 2160.7837   19.7475
    7.5000   37.5000  -15.0000 2151.3865   19.7822
   -7.5000   45.0000  -15.0000 1984.7676   22.9472
    0.0000   45.0000  -15.0000 1999.3674   22.5225
    7.5000   45.0000  -15.0000 1995.0007   22.5884
   -7.5000  -45.0000   -7.5000 2369.1814   16.8324
    0.0000  -45.0000   -7.5000 2400.5295   16.5041
    7.5000  -45.0000   -7.5000 2404.9304   16.5608
   -7.5000  -37.5000   -7.5000 2497.6885   15.3287
    0.0000  -37.5000   -7.5000 2534.0950   15.0359
    7.5000  -37.5000   -7.5000 2531.5376   15.0756
   -7.5000  -30.0000   -7.5000 2612.4934   14.2476
    0.0000  -30.0000   -7.5000 2648.1211   13.9736
    7.5000  -30.0000   -7.5000 2640.7971   13.9997
   -7.5000  -22.5000   -7.5000 2702.4902   13.4805
    0.0000  -22.5000   -7.5000 2747.4578   13.1948
    7.5000  -22.5000   -7.5000 2734.0576   13.2129
   -7.5000  -15.0000   -7.5000 2752.8701   13.1006
    0.0000  -15.0000   -7.5000 2796.5852   12.8182
    7.5000  -15.0000   -7.5000 2780.5569   12.8364
   -7.5000   -7.5000   -7.5000 2764.0920   13.1065
    0.0000   -7.5000   -7.5000 2811.7354   12.8455
    7.5000   -7.5000   -7.5000 2798.0513   12.8568
   -7.5000    0.0000   -7.5000 2740.5332   13.4195
    0.0000    0.0000   -7.5000 2793.9502   13.1589
    7.5000    0.0000   -7.5000 2778.4500   13.1794
   -7.5000    7.5000   -7.5000 2688.1895   13.9673
    0.0000    7.5000   -7.5000 2732.4148   13.7136
    7.5000    7.5000   -7.5000 2718.9067   13.7470
   -7.5000   15.0000   -7.5000 2595.1384   14.7431
    0.0000   15.0000   -7.5000 2636.2805   14.4526
    7.5000   15.0000   -7.5000 2616.7224   14.5539
   -7.5000   22.5000   -7.5000 2475.9570   15.8026
    0.0000   22.5000   -7.5000 2510.3142   15.4906
    7.5000   22.5000   -7.5000 2497.0081   15.5582
   -7.5000   30.0000   -7.5000 2338.3442   17.2018
    0.0000   30.0000   -7.5000 2368.1582   16.8730
    7.5000   30.0000   -7.5000 2361.9360   16.9295
   -7.5000   37.5000   -7.5000 2186.6455   19.1633
    0.0000   37.5000   -7.5000 2210.9409   18.8260
    7.5000   37.5000   -7.5000 2202.3499   18.8621
   -7.5000   45.0000   -7.5000 2023.4967   21.8632
    0.0000   45.0000   -7.5000 2046.3826   21.4518
    7.5000   45.0000   -7.5000 2041.9602   21.5095
   -7.5000  -45.0000    0.0000 2379.4260   16.4383
    0.0000  -45.0000    0.0000 2413.6243   16.0391
    7.5000  -45.0000    0.0000 2420.2783   16.1299
   -7.5000  -37.5000    0.0000 2522.1057   14.9744
    0.0000  -37.5000    0.0000 2555.6418   14.5905
    7.5000  -37.5000    0.0000 2557.2280   14.6646
   -7.5000  -30.0000    0.0000 2642.4966   13.9172
    0.0000  -30.0000    0.0000 2677.3809   13.5524
    7.5000  -30.0000    0.0000 2674.2371   13.6146
   -7.5000  -22.5000    0.0000 2741.5818   13.1599
    0.0000  -22.5000    0.0000 2788.0999   12.8058
    7.5000  -22.5000    0.0000 2778.1895   12.8651
   -7.5000  -15.0000    0.0000 2808.3882   12.7312
    0.0000  -15.0000    0.0000 2855.1609   12.3228
    7.5000  -15.0000    0.0000 2837.4119   12.4200
   -7.5000   -7.5000    0.0000 2825.7361   12.6765
    0.0000   -7.5000    0.0000 2874.8870   12.2772
    7.5000   -7.5000    0.0000 2859.5747   12.3659
   -7.5000    0.0000    0.0000 2802.8174   12.9406
    0.0000    0.0000    0.0000 2847.6265   12.5678
    7.5000    0.0000    0.0000 2833.6621   12.6665
   -7.5000    7.5000    0.0000 2737.1345   13.4939
    0.0000    7.5000    0.0000 2778.5852   13.1521
    7.5000    7.5000    0.0000 2765.7646   13.2373
   -7.5000   15.0000    0.0000 2633.7910   14.2962
    0.0000   15.0000    0.0000 2671.6067   13.9697
    7.5000   15.0000    0.0000 2655.6384   14.0440
   -7.5000   22.5000    0.0000 2506.6553   15.3503
    0.0000   22.5000    0.0000 2538.3870   14.9891
    7.5000   22.5000    0.0000 2526.1370   15.0329
   -7.5000   30.0000    0.0000 2364.6069   16.7096
    0.0000   30.0000    0.0000 2395.5151   16.2989
    7.5000   30.0000    0.0000 2384.3530   16.3318
   -7.5000   37.5000    0.0000 2217.3281   18.6137
    0.0000   37.5000    0.0000 2241.5225   18.1656
    7.5000   37.5000    0.0000 2227.8442   18.2194
   -7.5000   45.0000    0.0000 2049.8323   21.1570
    0.0000   45.0000    0.0000 2072.0627   20.7142
    7.5000   45.0000    0.0000 2064.9880   20.8035
   -7.5000  -45.0000    7.5000 2378.1213   16.3656
    0.0000  -45.0000    7.5000 2413.8032   15.9123
    7.5000  -45.0000    7.5000 2416.9937   15.9692
   -7.5000  -37.5000    7.5000 2518.5991   14.8688
    0.0000  -37.5000    7.5000 2555.6208   14.4236
    7.5000  -37.5000    7.5000 2556.4607   14.4944
   -7.5000  -30.0000    7.5000 2643.0999   13.8188
    0.0000  -30.0000    7.5000 2682.9326   13.3876
    7.5000  -30.0000    7.5000 2680.3743   13.4674
   -7.5000  -22.5000    7.5000 2754.4434   13.0830
    0.0000  -22.5000    7.5000 2798.3953   12.6787
    7.5000  -22.5000    7.5000 2792.6318   12.7514
   -7.5000  -15.0000    7.5000 2829.0681   12.6140
    0.0000  -15.0000    7.5000 2880.5056   12.1284
    7.5000  -15.0000    7.5000 2871.7534   12.2510
   -7.5000   -7.5000    7.5000 2851.2656   12.4827
    0.0000   -7.5000    7.5000 2901.8213   11.9726
    7.5000   -7.5000    7.5000 2890.1025   12.1121
   -7.5000    0.0000    7.5000 2824.5454   12.7368
    0.0000    0.0000    7.5000 2864.9978   12.2996
    7.5000    0.0000    7.5000 2858.0674   12.3697
   -7.5000    7.5000    7.5000 2753.5461   13.2991
    0.0000    7.5000    7.5000 2793.1130   12.9103
    7.5000    7.5000    7.5000 2779.0706   12.9323
   -7.5000   15.0000    7.5000 2644.8938   14.0808
    0.0000   15.0000    7.5000 2687.6230   13.7225
    7.5000   15.0000    7.5000 2669.8740   13.7338
   -7.5000   22.5000    7.5000 2516.0007   15.1232
    0.0000   22.5000    7.5000 2551.2500   14.7762
    7.5000   22.5000    7.5000 2538.7600   14.7905
   -7.5000   30.0000    7.5000 2371.7888   16.5199
    0.0000   30.0000    7.5000 2404.7639   16.1282
    7.5000   30.0000    7.5000 2390.1375   16.1524
   -7.5000   37.5000    7.5000 2223.5110   18.3869
    0.0000   37.5000    7.5000 2247.5244   17.9724
    7.5000   37.5000    7.5000 2237.3835   17.9760
   -7.5000   45.0000    7.5000 2056.2573   20.8475
    0.0000   45.0000    7.5000 2084.0972   20.4650
    7.5000   45.0000    7.5000 2070.7388   20.4601
   -7.5000  -45.0000   15.0000 2355.5142   16.5140
    0.0000  -45.0000   15.0000 2390.8469   15.9776
    7.5000  -45.0000   15.0000 2391.7986   16.1000
   -7.5000  -37.5000   15.0000 2496.1660   15.0303
    0.0000  -37.5000   15.0000 2532.3608   14.4800
    7.5000  -37.5000   15.0000 2533.9836   14.6217
   -7.5000  -30.0000   15.0000 2621.2688   13.9526
    0.0000  -30.0000   15.0000 2663.5266   13.4272
    7.5000  -30.0000   15.0000 2665.7854   13.5293
   -7.5000  -22.5000   15.0000 2738.0850   13.2133
    0.0000  -22.5000   15.0000 2779.8677   12.7389
    7.5000  -22.5000   15.0000 2779.4583   12.8058
   -7.5000  -15.0000   15.0000 2816.8022   12.7380
    0.0000  -15.0000   15.0000 2864.7009   12.2592
    7.5000  -15.0000   15.0000 2855.4807   12.3451
   -7.5000   -7.5000   15.0000 2843.3711   12.6522
    0.0000   -7.5000   15.0000 2893.1750   12.2164
    7.5000   -7.5000   15.0000 2879.1050   12.2251
   -7.5000    0.0000   15.0000 2815.6238   12.8334
    0.0000    0.0000   15.0000 2865.4290   12.4362
    7.5000    0.0000   15.0000 2855.1252   12.4111
   -7.5000    7.5000   15.0000 2747.9194   13.3246
    0.0000    7.5000   15.0000 2790.1707   12.9363
    7.5000    7.5000   15.0000 2775.0386   12.9358
   -7.5000   15.0000   15.0000 2642.3435   14.0850
    0.0000   15.0000   15.0000 2674.9380   13.7244
    7.5000   15.0000   15.0000 2658.1277   13.7340
   -7.5000   22.5000   15.0000 2509.8352   15.1370
    0.0000   22.5000   15.0000 2540.8652   14.8045
    7.5000   22.5000   15.0000 2522.1621   14.8048
   -7.5000   30.0000   15.0000 2357.1155   16.5457
    0.0000   30.0000   15.0000 2386.0286   16.1709
    7.5000   30.0000   15.0000 2374.2515   16.1751
   -7.5000   37.5000   15.0000 2203.3342   18.3732
    0.0000   37.5000   15.0000 2225.5374   17.9614
    7.5000   37.5000   15.0000 2219.5779   17.9575
   -7.5000   45.0000   15.0000 2044.0122   20.7413
    0.0000   45.0000   15.0000 2067.9810   20.3436
    7.5000   45.0000   15.0000 2056.0413   20.3617
   -7.5000  -45.0000   22.5000 2323.1992   16.9244
    0.0000  -45.0000   22.5000 2358.4688   16.3465
    7.5000  -45.0000   22.5000 2358.5286   16.4176
   -7.5000  -37.5000   22.5000 2460.8164   15.3978
    0.0000  -37.5000   22.5000 2498.7253   14.8374
    7.5000  -37.5000   22.5000 2497.1360   14.9130
   -7.5000  -30.0000   22.5000 2586.6230   14.3169
    0.0000  -30.0000   22.5000 2625.5923   13.7798
    7.5000  -30.0000   22.5000 2621.4292   13.8342
   -7.5000  -22.5000   22.5000 2696.4590   13.5605
    0.0000  -22.5000   22.5000 2737.8179   13.0883
    7.5000  -22.5000   22.5000 2733.0093   13.1353
   -7.5000  -15.0000   22.5000 2774.3274   13.0896
    0.0000  -15.0000   22.5000 2816.1184   12.6523
    7.5000  -15.0000   22.5000 2810.4592   12.7544
   -7.5000   -7.5000   22.5000 2799.9087   13.0086
    0.0000   -7.5000   22.5000 2844.7720   12.6500
    7.5000   -7.5000   22.5000 2839.5728   12.6796
   -7.5000    0.0000   22.5000 2777.2405   13.1652
    0.0000    0.0000   22.5000 2819.6660   12.8619
    7.5000    0.0000   22.5000 2813.4807   12.8805
   -7.5000    7.5000   22.5000 2712.2402   13.5942
    0.0000    7.5000   22.5000 2750.7720   13.2733
    7.5000    7.5000   22.5000 2735.1487   13.2996
   -7.5000   15.0000   22.5000 2606.1646   14.3022
    0.0000   15.0000   22.5000 2639.7488   13.9596
    7.5000   15.0000   22.5000 2619.0837   13.9832
   -7.5000   22.5000   22.5000 2476.9634   15.3439
    0.0000   22.5000   22.5000 2511.3704   14.9783
    7.5000   22.5000   22.5000 2491.0642   14.9606
   -7.5000   30.0000   22.5000 2336.2336   16.7254
    0.0000   30.0000   22.5000 2364.0842   16.3653
    7.5000   30.0000   22.5000 2353.2175   16.3338
   -7.5000   37.5000   22.5000 2181.6238   18.6087
    0.0000   37.5000   22.5000 2203.3093   18.1737
    7.5000   37.5000   22.5000 2199.4426   18.1598
   -7.5000   45.0000   22.5000 2020.9769   21.0365
    0.0000   45.0000   22.5000 2041.1566   20.5700
    7.5000   45.0000   22.5000 2031.3708   20.5496
   -7.5000  -45.0000   30.0000 2282.4373   17.6335
    0.0000  -45.0000   30.0000 2312.0325   17.0615
    7.5000  -45.0000   30.0000 2312.0198   17.1224
   -7.5000  -37.5000   30.0000 2413.4949   16.0187
    0.0000  -37.5000   30.0000 2446.7917   15.5197
    7.5000  -37.5000   30.0000 2443.7363   15.6006
   -7.5000  -30.0000   30.0000 2530.5188   14.9280
    0.0000  -30.0000   30.0000 2569.2166   14.4611
    7.5000  -30.0000   30.0000 2561.9211   14.5512
   -7.5000  -22.5000   30.0000 2631.8911   14.1475
    0.0000  -22.5000   30.0000 2672.5957   13.7333
    7.5000  -22.5000   30.0000 2661.4324   13.8257
   -7.5000  -15.0000   30.0000 2706.1455   13.6635
    0.0000  -15.0000   30.0000 2740.4133   13.3156
    7.5000  -15.0000   30.0000 2733.4441   13.3705
   -7.5000   -7.5000   30.0000 2732.4365   13.5471
    0.0000   -7.5000   30.0000 2766.1228   13.2169
    7.5000   -7.5000   30.0000 2759.2573   13.2376
   -7.5000    0.0000   30.0000 2707.8726   13.7303
    0.0000    0.0000   30.0000 2738.1357   13.4196
    7.5000    0.0000   30.0000 2729.6899   13.4331
   -7.5000    7.5000   30.0000 2644.1538   14.1620
    0.0000    7.5000   30.0000 2677.6003   13.8374
    7.5000    7.5000   30.0000 2665.2910   13.8379
   -7.5000   15.0000   30.0000 2540.7471   14.8795
    0.0000   15.0000   30.0000 2570.2441   14.5626
    7.5000   15.0000   30.0000 2557.2576   14.5776
   -7.5000   22.5000   30.0000 2425.0500   15.8557
    0.0000   22.5000   30.0000 2452.5051   15.5278
    7.5000   22.5000   30.0000 2432.1272   15.5426
   -7.5000   30.0000   30.0000 2293.4360   17.2275
    0.0000   30.0000   30.0000 2319.5103   16.8634
    7.5000   30.0000   30.0000 2303.7759   16.9115
   -7.5000   37.5000   30.0000 2140.2708   19.0492
    0.0000   37.5000   30.0000 2165.0647   18.6842
    7.5000   37.5000   30.0000 2149.8994   18.6951
   -7.5000   45.0000   30.0000 1984.0848   21.4470
    0.0000   45.0000   30.0000 2004.9598   21.0737
    7.5000   45.0000   30.0000 1994.6158   21.0603
   -7.5000  -45.0000   37.5000 2230.2720   18.5722
    0.0000  -45.0000   37.5000 2260.2695   18.0846
    7.5000  -45.0000   37.5000 2259.7529   18.1978
   -7.5000  -37.5000   37.5000 2360.5742   16.9354
    0.0000  -37.5000   37.5000 2389.4785   16.5197
    7.5000  -37.5000   37.5000 2383.2991   16.6219
   -7.5000  -30.0000   37.5000 2463.0806   15.7679
    0.0000  -30.0000   37.5000 2501.4138   15.4204
    7.5000  -30.0000   37.5000 2487.7764   15.4841
   -7.5000  -22.5000   37.5000 2556.4944   14.9569
    0.0000  -22.5000   37.5000 2594.0300   14.6208
    7.5000  -22.5000   37.5000 2577.3069   14.6845
   -7.5000  -15.0000   37.5000 2620.8130   14.4553
    0.0000  -15.0000   37.5000 2652.9858   14.1616
    7.5000  -15.0000   37.5000 2641.0781   14.1878
   -7.5000   -7.5000   37.5000 2646.3325   14.3313
    0.0000   -7.5000   37.5000 2679.8687   14.0254
    7.5000   -7.5000   37.5000 2667.3010   14.0625
   -7.5000    0.0000   37.5000 2619.6489   14.4855
    0.0000    0.0000   37.5000 2646.6382   14.2015
    7.5000    0.0000   37.5000 2634.8376   14.2184
   -7.5000    7.5000   37.5000 2555.3481   14.9225
    0.0000    7.5000   37.5000 2581.7053   14.6239
    7.5000    7.5000   37.5000 2569.7822   14.6222
   -7.5000   15.0000   37.5000 2465.8281   15.6171
    0.0000   15.0000   37.5000 2493.5642   15.3022
    7.5000   15.0000   37.5000 2484.1938   15.3410
   -7.5000   22.5000   37.5000 2354.6267   16.5922
    0.0000   22.5000   37.5000 2381.7075   16.2865
    7.5000   22.5000   37.5000 2369.7148   16.3463
   -7.5000   30.0000   37.5000 2234.6394   17.9404
    0.0000   30.0000   37.5000 2255.8130   17.6004
    7.5000   30.0000   37.5000 2238.5186   17.6797
   -7.5000   37.5000   37.5000 2092.0852   19.7842
    0.0000   37.5000   37.5000 2104.4934   19.4041
    7.5000   37.5000   37.5000 2098.2092   19.4155
   -7.5000   45.0000   37.5000 1941.9877   22.2344
    0.0000   45.0000   37.5000 1954.7388   21.8560
    7.5000   45.0000   37.5000 1955.8181   21.8313
   -7.5000  -45.0000   45.0000 2167.3623   19.8447
    0.0000  -45.0000   45.0000 2191.7109   19.4334
    7.5000  -45.0000   45.0000 2187.4248   19.5712
   -7.5000  -37.5000   45.0000 2286.7349   18.1006
    0.0000  -37.5000   45.0000 2311.4314   17.7736
    7.5000  -37.5000   45.0000 2304.5002   17.8517
   -7.5000  -30.0000   45.0000 2385.4153   16.8779
    0.0000  -30.0000   45.0000 2420.4497   16.5758
    7.5000  -30.0000   45.0000 2402.2793   16.6384
   -7.5000  -22.5000   45.0000 2473.9119   16.0202
    0.0000  -22.5000   45.0000 2509.8994   15.7470
    7.5000  -22.5000   45.0000 2488.2764   15.7859
   -7.5000  -15.0000   45.0000 2529.8052   15.4687
    0.0000  -15.0000   45.0000 2560.6885   15.2310
    7.5000  -15.0000   45.0000 2544.0305   15.2626
   -7.5000   -7.5000   45.0000 2546.2534   15.2844
    0.0000   -7.5000   45.0000 2574.7456   15.0108
    7.5000   -7.5000   45.0000 2561.3855   15.0701
   -7.5000    0.0000   45.0000 2518.8406   15.4200
    0.0000    0.0000   45.0000 2542.0029   15.1207
    7.5000    0.0000   45.0000 2529.6860   15.1640
   -7.5000    7.5000   45.0000 2459.8528   15.8679
    0.0000    7.5000   45.0000 2479.9639   15.5800
    7.5000    7.5000   45.0000 2471.6897   15.6118
   -7.5000   15.0000   45.0000 2378.6914   16.5657
    0.0000   15.0000   45.0000 2400.4417   16.2895
    7.5000   15.0000   45.0000 2394.5947   16.3263
   -7.5000   22.5000   45.0000 2282.6589   17.5509
    0.0000   22.5000   45.0000 2302.9333   17.2477
    7.5000   22.5000   45.0000 2295.7397   17.3232
   -7.5000   30.0000   45.0000 2161.1257   18.8511
    0.0000   30.0000   45.0000 2179.7825   18.4900
    7.5000   30.0000   45.0000 2169.2766   18.6369
   -7.5000   37.5000   45.0000 2034.4192   20.7575
    0.0000   37.5000   45.0000 2046.7419   20.3390
    7.5000   37.5000   45.0000 2036.4515   20.4000
   -7.5000   45.0000   45.0000 1894.7097   23.3243
    0.0000   45.0000   45.0000 1906.3557   22.8428
    7.5000   45.0000   45.0000 1900.6147   22.8870

---------------------------------------------------------------------
imgreg_4dfp /opt/freesurfer/average/711-2C_as_mni_average_305 /opt/freesurfer/average/711-2B_as_mni_average_305_mask talsrcimg_g11 none talsrcimg_to_711-2C_as_mni_average_305_t4 1283
---------------------------------------------------------------------

freesurfer imgreg_4dfp.c
/opt/freesurfer/average/711-2C_as_mni_average_305.4dfp.img
       256       256       256         1
  1.000000  1.000000  1.000000
orientation T byte_order littleendian
Reading image: /opt/freesurfer/average/711-2C_as_mni_average_305.4dfp.img
dimensions:      256       256       256
mmppix:       1.0000   -1.0000   -1.0000
center:     128.0000 -129.0000 -129.0000
/opt/freesurfer/average/711-2B_as_mni_average_305_mask.4dfp.img
       256       256       256         1
  1.000000  1.000000  1.000000
orientation T byte_order littleendian
Reading mask: /opt/freesurfer/average/711-2B_as_mni_average_305_mask.4dfp.img (2306576 pixels)
talsrcimg_g11.4dfp.img
       256       256       256         1
  1.000000  1.000000  1.000000
orientation T byte_order littleendian
Reading image: talsrcimg_g11.4dfp.img
dimensions:      256       256       256
mmppix:       1.0000   -1.0000   -1.0000
center:     128.0000 -129.0000 -129.0000
rotation matrix determinant  1.000000
fimgreg.f
image alignment mode   1283 decimal      503 hex
parameters
    0.0000   -7.5000    7.5000    0.0000    0.0000    0.0000
eta,q 0.91313 11.98611
niter,ni,del,rscale     5    3   12.0000    1.2000
parameter  4  6.880525 ->  0.500000 qaram    1.1500
parameter  5 -0.849380 -> -0.500000 qaram    1.1500
parameters
    1.8035   -8.4645    8.3231   -3.4500    3.4500    2.6681
eta,q 0.92182 11.81450
  0.0987  0.0915  0.0943  0.0799  0.0884  0.0851
  0.0926  0.0878  0.0890  0.0819  0.0865  0.0828
  0.0896  0.0857  0.0858  0.0842  0.0846  0.0807
  0.0877  0.0858  0.0855  0.0862  0.0825  0.0791
  0.0860  0.0878  0.0872  0.0883  0.0798  0.0782
  0.0867  0.0917  0.0888  0.0910  0.0793  0.0786
  0.0903  0.0963  0.0889  0.0934  0.0811  0.0796
niter,ni,del,rscale     6    3   12.0000    1.2000
parameter  4  2.896105 ->  0.500000 qaram    1.3225
parameters
    1.5000   -7.8348    8.9572   -7.4175    3.8671    3.6815
eta,q 0.92674 11.84519
  0.0882  0.0888  0.0871  0.0730  0.0815  0.0799
  0.0848  0.0841  0.0811  0.0734  0.0784  0.0771
  0.0812  0.0800  0.0776  0.0751  0.0758  0.0749
  0.0782  0.0783  0.0784  0.0789  0.0736  0.0734
  0.0807  0.0791  0.0801  0.0827  0.0741  0.0735
  0.0855  0.0813  0.0813  0.0852  0.0771  0.0748
  0.0913  0.0854  0.0820  0.0874  0.0803  0.0768
niter,ni,del,rscale     6    3   12.0000    1.2000
parameter  4  0.611749 ->  0.500000 qaram    1.5209
parameters
    1.1377   -6.4842    8.7941  -11.9801    4.8420    5.4609
eta,q 0.93045 11.78422
  0.0838  0.0891  0.0772  0.0715  0.0784  0.0777
  0.0798  0.0838  0.0729  0.0707  0.0754  0.0747
  0.0762  0.0785  0.0713  0.0704  0.0726  0.0722
  0.0733  0.0735  0.0717  0.0717  0.0705  0.0703
  0.0754  0.0717  0.0731  0.0765  0.0707  0.0695
  0.0810  0.0746  0.0742  0.0823  0.0725  0.0704
  0.0876  0.0814  0.0765  0.0858  0.0755  0.0726
niter,ni,del,rscale     6    3   12.0000    1.2000
parameters
    0.8017   -5.0620    8.6973  -14.3642    6.0400    5.3544
eta,q 0.93124 11.78247
  0.0780  0.0867  0.0747  0.0726  0.0772  0.0731
  0.0747  0.0789  0.0702  0.0705  0.0746  0.0708
  0.0725  0.0737  0.0686  0.0695  0.0721  0.0693
  0.0696  0.0699  0.0690  0.0690  0.0694  0.0688
  0.0706  0.0692  0.0691  0.0705  0.0688  0.0692
  0.0752  0.0720  0.0707  0.0759  0.0705  0.0710
  0.0817  0.0761  0.0749  0.0826  0.0744  0.0736
niter,ni,del,rscale     5    3   12.0000    1.2000
parameters
   -0.0339   -3.8073    8.1942  -16.2063    6.7303    4.9302
eta,q 0.93106 11.81993
  0.0762  0.0821  0.0743  0.0728  0.0779  0.0728
  0.0725  0.0756  0.0709  0.0714  0.0751  0.0705
  0.0702  0.0712  0.0696  0.0696  0.0716  0.0692
  0.0688  0.0690  0.0687  0.0688  0.0691  0.0690
  0.0713  0.0688  0.0694  0.0703  0.0697  0.0697
  0.0760  0.0706  0.0727  0.0740  0.0725  0.0714
  0.0819  0.0743  0.0767  0.0806  0.0757  0.0739
niter,ni,del,rscale     4    3   12.0000    1.2000
parameters
   -0.3500   -3.3430    7.4920  -17.4779    7.2855    4.7829
eta,q 0.93007 11.82870
  0.0782  0.0778  0.0749  0.0730  0.0793  0.0739
  0.0743  0.0722  0.0719  0.0719  0.0755  0.0718
  0.0712  0.0695  0.0704  0.0707  0.0718  0.0703
  0.0689  0.0691  0.0691  0.0695  0.0699  0.0699
  0.0710  0.0693  0.0705  0.0696  0.0713  0.0705
  0.0757  0.0711  0.0745  0.0726  0.0743  0.0720
  0.0806  0.0750  0.0783  0.0782  0.0766  0.0743
niter,ni,del,rscale     3    3   12.0000    1.2000
parameters
   -0.4362   -3.0827    7.0612  -18.0339    7.5748    4.7165
eta,q 0.92934 11.82870
  0.0805  0.0762  0.0761  0.0739  0.0793  0.0743
  0.0760  0.0718  0.0729  0.0721  0.0751  0.0725
  0.0722  0.0700  0.0715  0.0715  0.0717  0.0712
  0.0699  0.0699  0.0700  0.0703  0.0705  0.0707
  0.0722  0.0705  0.0706  0.0696  0.0724  0.0711
  0.0765  0.0717  0.0744  0.0717  0.0752  0.0724
  0.0811  0.0746  0.0786  0.0768  0.0771  0.0746
niter,ni,del,rscale     2    3   12.0000    1.2000
parameters
   -0.5017   -2.9469    6.8725  -18.2039    7.7471    4.7015
eta,q 0.92904 11.82878
  0.0812  0.0758  0.0770  0.0745  0.0790  0.0744
  0.0766  0.0719  0.0735  0.0723  0.0748  0.0727
  0.0726  0.0705  0.0720  0.0718  0.0716  0.0715
  0.0707  0.0706  0.0707  0.0708  0.0709  0.0710
  0.0731  0.0711  0.0708  0.0698  0.0729  0.0713
  0.0768  0.0722  0.0740  0.0714  0.0755  0.0726
  0.0815  0.0747  0.0784  0.0763  0.0772  0.0747
niter,ni,del,rscale     1    3   12.0000    1.2000
parameters
   -0.5522   -2.8867    6.8031  -18.2624    7.8418    4.6941
eta,q 0.92892 11.82996
  0.0814  0.0757  0.0774  0.0747  0.0788  0.0745
  0.0768  0.0719  0.0737  0.0723  0.0747  0.0729
  0.0727  0.0708  0.0723  0.0720  0.0716  0.0716
  0.0710  0.0709  0.0710  0.0710  0.0710  0.0711
  0.0734  0.0714  0.0709  0.0699  0.0731  0.0714
  0.0769  0.0724  0.0739  0.0713  0.0755  0.0727
  0.0816  0.0749  0.0782  0.0763  0.0772  0.0747
registration optimization eta report
parameter search radius
    6.0000    6.0000    6.0000    9.1253    6.9000    6.0000
100000*second partial in parameter space
       28.       13.       19.        6.       14.       10.
  0.0814  0.0757  0.0774  0.0747  0.0788  0.0745
  0.0768  0.0719  0.0737  0.0723  0.0747  0.0729
  0.0727  0.0708  0.0723  0.0720  0.0716  0.0716
  0.0710  0.0709  0.0710  0.0710  0.0710  0.0711
  0.0734  0.0714  0.0709  0.0699  0.0731  0.0714
  0.0769  0.0724  0.0739  0.0713  0.0755  0.0727
  0.0816  0.0749  0.0782  0.0763  0.0772  0.0747
   -0.5522   -2.8867    6.8031  -18.2624    7.8418    4.6941
eta,q 0.92892 11.82996

---------------------------------------------------------------------
imgreg_4dfp /opt/freesurfer/average/711-2C_as_mni_average_305 /opt/freesurfer/average/711-2B_as_mni_average_305_mask talsrcimg_g11 none talsrcimg_to_711-2C_as_mni_average_305_t4 3335
---------------------------------------------------------------------

freesurfer imgreg_4dfp.c
/opt/freesurfer/average/711-2C_as_mni_average_305.4dfp.img
       256       256       256         1
  1.000000  1.000000  1.000000
orientation T byte_order littleendian
Reading image: /opt/freesurfer/average/711-2C_as_mni_average_305.4dfp.img
dimensions:      256       256       256
mmppix:       1.0000   -1.0000   -1.0000
center:     128.0000 -129.0000 -129.0000
/opt/freesurfer/average/711-2B_as_mni_average_305_mask.4dfp.img
       256       256       256         1
  1.000000  1.000000  1.000000
orientation T byte_order littleendian
Reading mask: /opt/freesurfer/average/711-2B_as_mni_average_305_mask.4dfp.img (2306576 pixels)
talsrcimg_g11.4dfp.img
       256       256       256         1
  1.000000  1.000000  1.000000
orientation T byte_order littleendian
Reading image: talsrcimg_g11.4dfp.img
dimensions:      256       256       256
mmppix:       1.0000   -1.0000   -1.0000
center:     128.0000 -129.0000 -129.0000
fimgreg.f
image alignment mode   3335 decimal      D07 hex
parameters
   -0.5522   -2.8867    6.8031   -1.2674   -5.0055   -5.9249
   -3.5101  -15.4776    8.1070   30.1715   13.6438  -31.0439
eta,q 0.92980 11.95206
niter,ni,del,rscale     5    3    5.0000    1.2000
parameter  4  2.776899 ->  0.500000 qaram    1.1500
parameter  5  4.273408 ->  0.500000 qaram    1.1500
parameter  6  2.426362 ->  0.500000 qaram    1.1500
parameter  8 -0.670945 -> -0.500000 qaram    1.1500
parameter 10  1.665312 ->  0.500000 qaram    1.1500
parameter 11  1.458774 ->  0.500000 qaram    1.1500
parameters
   -0.7423   -2.1960    7.4143   -5.4074   -9.1455  -10.0649
   -3.8749  -11.3376    8.2271   26.0315    9.5038  -28.3768
eta,q 0.95306 11.09892
  0.0716  0.0722  0.0719  0.0618  0.0541  0.0495  0.0545  0.0579  0.0528  0.0475  0.0466  0.0495
  0.0707  0.0712  0.0709  0.0639  0.0573  0.0520  0.0535  0.0558  0.0520  0.0483  0.0470  0.0484
  0.0702  0.0706  0.0703  0.0667  0.0607  0.0547  0.0528  0.0540  0.0515  0.0496  0.0477  0.0477
  0.0702  0.0702  0.0701  0.0701  0.0646  0.0582  0.0527  0.0527  0.0513  0.0513  0.0486  0.0472
  0.0705  0.0701  0.0701  0.0735  0.0687  0.0621  0.0531  0.0517  0.0515  0.0535  0.0498  0.0469
  0.0711  0.0703  0.0703  0.0774  0.0730  0.0664  0.0538  0.0514  0.0519  0.0559  0.0512  0.0471
  0.0720  0.0707  0.0706  0.0818  0.0778  0.0713  0.0548  0.0520  0.0527  0.0586  0.0529  0.0476
niter,ni,del,rscale     7    3    5.0000    1.2000
parameter  4  1.086806 ->  0.500000 qaram    1.3225
parameter  5  2.795800 ->  0.500000 qaram    1.3225
parameter  6  0.913831 ->  0.500000 qaram    1.3225
parameter 11  0.573307 ->  0.500000 qaram    1.3225
parameters
   -0.0213   -1.4030    7.2469  -10.1684  -13.9065  -14.8259
   -4.9837  -11.1318    6.6200   23.9674    4.7428  -29.8847
eta,q 0.96797 10.59425
  0.0510  0.0490  0.0477  0.0423  0.0335  0.0330  0.0345  0.0392  0.0340  0.0348  0.0324  0.0328
  0.0492  0.0479  0.0471  0.0427  0.0362  0.0328  0.0334  0.0360  0.0332  0.0335  0.0321  0.0322
  0.0478  0.0471  0.0466  0.0440  0.0393  0.0341  0.0329  0.0337  0.0328  0.0327  0.0322  0.0320
  0.0469  0.0467  0.0465  0.0465  0.0429  0.0370  0.0329  0.0328  0.0329  0.0328  0.0326  0.0321
  0.0467  0.0465  0.0467  0.0501  0.0469  0.0410  0.0335  0.0337  0.0334  0.0339  0.0335  0.0325
  0.0470  0.0466  0.0472  0.0542  0.0514  0.0458  0.0344  0.0357  0.0344  0.0360  0.0348  0.0330
  0.0480  0.0471  0.0482  0.0585  0.0564  0.0512  0.0357  0.0385  0.0357  0.0390  0.0364  0.0336
niter,ni,del,rscale     7    3    5.0000    1.2000
parameter  5  1.522294 ->  0.500000 qaram    1.5209
parameters
    0.3325   -0.7264    6.2778  -12.1140  -19.3817  -18.1004
   -4.9571   -9.3616    7.4025   26.9964    4.0014  -32.8994
eta,q 0.97399 10.24283
  0.0361  0.0352  0.0322  0.0342  0.0254  0.0286  0.0296  0.0337  0.0295  0.0327  0.0277  0.0265
  0.0341  0.0337  0.0316  0.0329  0.0265  0.0276  0.0283  0.0307  0.0282  0.0303  0.0269  0.0261
  0.0327  0.0326  0.0315  0.0319  0.0287  0.0272  0.0275  0.0286  0.0273  0.0283  0.0264  0.0260
  0.0320  0.0320  0.0318  0.0315  0.0316  0.0270  0.0272  0.0272  0.0269  0.0269  0.0262  0.0262
  0.0321  0.0318  0.0325  0.0323  0.0351  0.0283  0.0276  0.0270  0.0270  0.0263  0.0265  0.0268
  0.0329  0.0321  0.0336  0.0350  0.0394  0.0330  0.0284  0.0279  0.0276  0.0265  0.0272  0.0276
  0.0343  0.0329  0.0351  0.0394  0.0440  0.0385  0.0295  0.0300  0.0286  0.0280  0.0284  0.0285
niter,ni,del,rscale     7    3    5.0000    1.2000
parameter  5  0.671920 ->  0.500000 qaram    1.7490
parameters
    0.4983    0.0577    6.0733  -11.9802  -25.6781  -18.4396
   -4.7072   -9.5143    7.3551   28.8431    3.8123  -35.0758
eta,q 0.97716  9.98189
  0.0298  0.0305  0.0270  0.0292  0.0240  0.0273  0.0260  0.0286  0.0255  0.0289  0.0246  0.0236
  0.0278  0.0284  0.0263  0.0276  0.0232  0.0254  0.0246  0.0258  0.0243  0.0264  0.0238  0.0231
  0.0265  0.0269  0.0258  0.0264  0.0236  0.0240  0.0236  0.0240  0.0235  0.0245  0.0232  0.0228
  0.0260  0.0260  0.0257  0.0257  0.0257  0.0232  0.0233  0.0233  0.0233  0.0233  0.0230  0.0230
  0.0262  0.0257  0.0260  0.0256  0.0290  0.0230  0.0236  0.0239  0.0236  0.0230  0.0231  0.0235
  0.0272  0.0260  0.0266  0.0268  0.0333  0.0247  0.0244  0.0260  0.0243  0.0237  0.0238  0.0243
  0.0288  0.0270  0.0276  0.0297  0.0383  0.0293  0.0257  0.0291  0.0256  0.0256  0.0249  0.0253
niter,ni,del,rscale     7    3    5.0000    1.2000
parameters
    0.5241    0.2658    6.1786  -12.0577  -27.3980  -18.0505
   -4.5277   -9.7066    7.2929   29.5645    3.7529  -35.6647
eta,q 0.97732  9.92603
  0.0264  0.0264  0.0247  0.0263  0.0281  0.0279  0.0255  0.0284  0.0250  0.0276  0.0244  0.0238
  0.0244  0.0246  0.0237  0.0246  0.0252  0.0258  0.0241  0.0254  0.0238  0.0253  0.0236  0.0232
  0.0232  0.0233  0.0231  0.0234  0.0234  0.0241  0.0231  0.0234  0.0230  0.0236  0.0230  0.0228
  0.0228  0.0228  0.0228  0.0228  0.0228  0.0229  0.0228  0.0227  0.0228  0.0228  0.0227  0.0227
  0.0232  0.0230  0.0230  0.0229  0.0242  0.0223  0.0231  0.0235  0.0231  0.0228  0.0228  0.0229
  0.0244  0.0239  0.0235  0.0242  0.0276  0.0239  0.0240  0.0257  0.0238  0.0240  0.0235  0.0235
  0.0262  0.0253  0.0244  0.0270  0.0326  0.0283  0.0252  0.0290  0.0251  0.0264  0.0246  0.0243
niter,ni,del,rscale     6    3    5.0000    1.2000
parameters
    0.5174    0.3100    6.1872  -12.2107  -27.7147  -17.9648
   -4.4847   -9.7689    7.2718   29.7198    3.7839  -35.8240
eta,q 0.97730  9.91168
  0.0261  0.0257  0.0244  0.0262  0.0292  0.0278  0.0254  0.0286  0.0250  0.0271  0.0244  0.0239
  0.0242  0.0240  0.0235  0.0245  0.0261  0.0257  0.0240  0.0255  0.0237  0.0249  0.0236  0.0233
  0.0230  0.0230  0.0229  0.0233  0.0237  0.0240  0.0230  0.0234  0.0230  0.0234  0.0230  0.0229
  0.0227  0.0227  0.0227  0.0227  0.0227  0.0227  0.0227  0.0227  0.0227  0.0227  0.0227  0.0227
  0.0231  0.0230  0.0229  0.0228  0.0233  0.0223  0.0231  0.0234  0.0230  0.0230  0.0228  0.0229
  0.0243  0.0239  0.0235  0.0241  0.0260  0.0244  0.0240  0.0256  0.0238  0.0244  0.0235  0.0233
  0.0261  0.0254  0.0244  0.0270  0.0305  0.0289  0.0253  0.0288  0.0250  0.0271  0.0245  0.0241
niter,ni,del,rscale     5    3    5.0000    1.2000
parameters
    0.5144    0.3211    6.1849  -12.2465  -27.7742  -17.9460
   -4.4669   -9.7916    7.2634   29.7584    3.8101  -35.8691
eta,q 0.97730  9.90931
  0.0261  0.0256  0.0245  0.0263  0.0294  0.0278  0.0254  0.0287  0.0250  0.0270  0.0244  0.0240
  0.0242  0.0239  0.0235  0.0246  0.0262  0.0257  0.0239  0.0255  0.0237  0.0248  0.0236  0.0234
  0.0231  0.0230  0.0229  0.0234  0.0238  0.0240  0.0230  0.0235  0.0230  0.0233  0.0230  0.0229
  0.0227  0.0227  0.0227  0.0227  0.0227  0.0227  0.0227  0.0227  0.0227  0.0227  0.0227  0.0227
  0.0231  0.0230  0.0229  0.0228  0.0231  0.0223  0.0231  0.0234  0.0230  0.0230  0.0228  0.0228
  0.0243  0.0240  0.0235  0.0241  0.0258  0.0245  0.0240  0.0256  0.0238  0.0245  0.0235  0.0233
  0.0261  0.0255  0.0245  0.0269  0.0301  0.0290  0.0253  0.0288  0.0250  0.0272  0.0245  0.0241
registration optimization eta report
parameter search radius
    2.4000    2.4000    2.4000    9.5220   12.5928    9.5220
    7.2000    8.2800    7.2000    8.2800    9.5220    7.2000
100000*second partial in parameter space
       59.       49.       31.        4.        4.        6.
        5.        9.        4.        6.        2.        3.
  0.0261  0.0256  0.0245  0.0263  0.0294  0.0278  0.0254  0.0287  0.0250  0.0270  0.0244  0.0240
  0.0242  0.0239  0.0235  0.0246  0.0262  0.0257  0.0239  0.0255  0.0237  0.0248  0.0236  0.0234
  0.0231  0.0230  0.0229  0.0234  0.0238  0.0240  0.0230  0.0235  0.0230  0.0233  0.0230  0.0229
  0.0227  0.0227  0.0227  0.0227  0.0227  0.0227  0.0227  0.0227  0.0227  0.0227  0.0227  0.0227
  0.0231  0.0230  0.0229  0.0228  0.0231  0.0223  0.0231  0.0234  0.0230  0.0230  0.0228  0.0228
  0.0243  0.0240  0.0235  0.0241  0.0258  0.0245  0.0240  0.0256  0.0238  0.0245  0.0235  0.0233
  0.0261  0.0255  0.0245  0.0269  0.0301  0.0290  0.0253  0.0288  0.0250  0.0272  0.0245  0.0241
    0.5144    0.3211    6.1849  -12.2465  -27.7742  -17.9460
   -4.4669   -9.7916    7.2634   29.7584    3.8101  -35.8691
eta,q 0.97730  9.90931

---------------------------------------------------------------------
imgreg_4dfp /opt/freesurfer/average/711-2C_as_mni_average_305 /opt/freesurfer/average/711-2B_as_mni_average_305_mask talsrcimg_g11 none talsrcimg_to_711-2C_as_mni_average_305_t4 2311
---------------------------------------------------------------------

freesurfer imgreg_4dfp.c
/opt/freesurfer/average/711-2C_as_mni_average_305.4dfp.img
       256       256       256         1
  1.000000  1.000000  1.000000
orientation T byte_order littleendian
Reading image: /opt/freesurfer/average/711-2C_as_mni_average_305.4dfp.img
dimensions:      256       256       256
mmppix:       1.0000   -1.0000   -1.0000
center:     128.0000 -129.0000 -129.0000
/opt/freesurfer/average/711-2B_as_mni_average_305_mask.4dfp.img
       256       256       256         1
  1.000000  1.000000  1.000000
orientation T byte_order littleendian
Reading mask: /opt/freesurfer/average/711-2B_as_mni_average_305_mask.4dfp.img (2306576 pixels)
talsrcimg_g11.4dfp.img
       256       256       256         1
  1.000000  1.000000  1.000000
orientation T byte_order littleendian
Reading image: talsrcimg_g11.4dfp.img
dimensions:      256       256       256
mmppix:       1.0000   -1.0000   -1.0000
center:     128.0000 -129.0000 -129.0000
fimgreg.f
image alignment mode   2311 decimal      907 hex
parameters
    0.5144    0.3211    6.1849  -12.2465  -27.7742  -17.9460
   -4.4669   -9.7916    7.2634   29.7584    3.8101  -35.8691
eta,q 0.97730  9.90931
niter,ni,del,rscale     5    3    5.0000    0.8000
parameters
    0.4974    0.2892    6.1874  -11.1908  -26.7587  -16.1281
   -4.3313  -10.0714    7.2509   29.7442    3.2728  -36.0392
eta,q 0.97790 10.08093
  0.0242  0.0239  0.0235  0.0239  0.0240  0.0248  0.0234  0.0244  0.0232  0.0240  0.0226  0.0226
  0.0234  0.0232  0.0231  0.0234  0.0234  0.0239  0.0227  0.0231  0.0226  0.0230  0.0223  0.0223
  0.0229  0.0228  0.0228  0.0230  0.0229  0.0232  0.0223  0.0223  0.0222  0.0224  0.0221  0.0222
  0.0227  0.0227  0.0227  0.0227  0.0226  0.0225  0.0221  0.0221  0.0221  0.0221  0.0221  0.0221
  0.0229  0.0229  0.0228  0.0226  0.0225  0.0221  0.0223  0.0225  0.0222  0.0223  0.0222  0.0222
  0.0234  0.0233  0.0231  0.0228  0.0227  0.0222  0.0227  0.0235  0.0226  0.0229  0.0225  0.0224
  0.0243  0.0240  0.0235  0.0232  0.0232  0.0230  0.0233  0.0250  0.0232  0.0241  0.0229  0.0227
niter,ni,del,rscale     4    3    5.0000    0.7000
parameters
    0.5432    0.2751    6.2327  -11.3469  -26.6846  -16.2305
   -4.3588   -9.9815    7.3181   29.8255    3.2465  -35.8467
eta,q 0.97789 10.07312
  0.0235  0.0232  0.0229  0.0229  0.0230  0.0236  0.0231  0.0242  0.0230  0.0236  0.0226  0.0226
  0.0227  0.0226  0.0225  0.0225  0.0225  0.0230  0.0225  0.0231  0.0225  0.0228  0.0223  0.0224
  0.0223  0.0222  0.0222  0.0222  0.0222  0.0225  0.0222  0.0224  0.0222  0.0223  0.0222  0.0222
  0.0221  0.0221  0.0221  0.0221  0.0221  0.0221  0.0221  0.0221  0.0221  0.0221  0.0221  0.0221
  0.0222  0.0222  0.0222  0.0222  0.0221  0.0222  0.0222  0.0223  0.0222  0.0222  0.0222  0.0221
  0.0226  0.0226  0.0224  0.0225  0.0224  0.0228  0.0226  0.0230  0.0225  0.0227  0.0223  0.0223
  0.0233  0.0232  0.0229  0.0231  0.0230  0.0241  0.0231  0.0240  0.0229  0.0236  0.0226  0.0225
niter,ni,del,rscale     3    3    5.0000    0.6000
parameters
    0.5391    0.2720    6.2542  -11.2430  -26.6286  -16.0958
   -4.3758  -10.0050    7.3221   29.7983    3.2198  -35.8470
eta,q 0.97791 10.08434
  0.0231  0.0229  0.0227  0.0227  0.0227  0.0234  0.0228  0.0236  0.0227  0.0232  0.0224  0.0224
  0.0225  0.0225  0.0224  0.0224  0.0224  0.0228  0.0224  0.0227  0.0224  0.0226  0.0223  0.0222
  0.0222  0.0222  0.0222  0.0222  0.0222  0.0224  0.0222  0.0222  0.0222  0.0222  0.0221  0.0221
  0.0221  0.0221  0.0221  0.0221  0.0221  0.0221  0.0221  0.0221  0.0221  0.0221  0.0221  0.0221
  0.0222  0.0222  0.0222  0.0221  0.0221  0.0221  0.0222  0.0223  0.0222  0.0222  0.0221  0.0221
  0.0225  0.0225  0.0224  0.0223  0.0223  0.0225  0.0224  0.0228  0.0224  0.0226  0.0223  0.0222
  0.0231  0.0229  0.0227  0.0227  0.0227  0.0234  0.0228  0.0236  0.0227  0.0232  0.0225  0.0224
niter,ni,del,rscale     2    3    5.0000    0.5000
parameters
    0.5385    0.2685    6.2598  -11.1605  -26.5386  -15.9512
   -4.3586  -10.0358    7.3351   29.7581    3.1616  -35.8768
eta,q 0.97793 10.09692
  0.0228  0.0227  0.0225  0.0225  0.0225  0.0230  0.0226  0.0231  0.0225  0.0228  0.0223  0.0223
  0.0224  0.0223  0.0223  0.0223  0.0223  0.0226  0.0223  0.0225  0.0223  0.0224  0.0222  0.0222
  0.0222  0.0221  0.0221  0.0222  0.0222  0.0223  0.0221  0.0222  0.0221  0.0222  0.0221  0.0221
  0.0221  0.0221  0.0221  0.0221  0.0221  0.0221  0.0221  0.0221  0.0221  0.0221  0.0221  0.0221
  0.0222  0.0222  0.0221  0.0221  0.0221  0.0221  0.0221  0.0222  0.0221  0.0222  0.0221  0.0221
  0.0224  0.0223  0.0223  0.0222  0.0222  0.0224  0.0223  0.0226  0.0223  0.0224  0.0222  0.0222
  0.0228  0.0227  0.0225  0.0225  0.0225  0.0230  0.0226  0.0231  0.0225  0.0229  0.0223  0.0223
niter,ni,del,rscale     1    3    5.0000    0.4000
parameters
    0.5399    0.2690    6.2593  -11.0969  -26.4484  -15.8191
   -4.3347  -10.0578    7.3847   29.7234    3.1036  -35.9776
eta,q 0.97794 10.10970
  0.0225  0.0224  0.0223  0.0224  0.0224  0.0227  0.0224  0.0227  0.0223  0.0226  0.0222  0.0222
  0.0223  0.0222  0.0222  0.0222  0.0222  0.0224  0.0222  0.0224  0.0222  0.0223  0.0221  0.0221
  0.0221  0.0221  0.0221  0.0221  0.0221  0.0222  0.0221  0.0221  0.0221  0.0221  0.0221  0.0221
  0.0221  0.0221  0.0221  0.0221  0.0221  0.0221  0.0221  0.0221  0.0221  0.0221  0.0221  0.0221
  0.0221  0.0221  0.0221  0.0221  0.0221  0.0221  0.0221  0.0221  0.0221  0.0221  0.0221  0.0221
  0.0223  0.0222  0.0222  0.0222  0.0222  0.0223  0.0222  0.0224  0.0222  0.0223  0.0221  0.0221
  0.0225  0.0224  0.0223  0.0223  0.0223  0.0227  0.0224  0.0228  0.0223  0.0226  0.0222  0.0222
registration optimization eta report
parameter search radius
    0.8000    0.8000    0.8000    2.4000    2.4000    2.4000
    2.4000    2.4000    2.4000    2.4000    2.4000    2.4000
100000*second partial in parameter space
       69.       57.       43.        5.        5.       11.
        6.       12.        5.        9.        3.        3.
  0.0225  0.0224  0.0223  0.0224  0.0224  0.0227  0.0224  0.0227  0.0223  0.0226  0.0222  0.0222
  0.0223  0.0222  0.0222  0.0222  0.0222  0.0224  0.0222  0.0224  0.0222  0.0223  0.0221  0.0221
  0.0221  0.0221  0.0221  0.0221  0.0221  0.0222  0.0221  0.0221  0.0221  0.0221  0.0221  0.0221
  0.0221  0.0221  0.0221  0.0221  0.0221  0.0221  0.0221  0.0221  0.0221  0.0221  0.0221  0.0221
  0.0221  0.0221  0.0221  0.0221  0.0221  0.0221  0.0221  0.0221  0.0221  0.0221  0.0221  0.0221
  0.0223  0.0222  0.0222  0.0222  0.0222  0.0223  0.0222  0.0224  0.0222  0.0223  0.0221  0.0221
  0.0225  0.0224  0.0223  0.0223  0.0223  0.0227  0.0224  0.0228  0.0223  0.0226  0.0222  0.0222
    0.5399    0.2690    6.2593  -11.0969  -26.4484  -15.8191
   -4.3347  -10.0578    7.3847   29.7234    3.1036  -35.9776
eta,q 0.97794 10.10970

---------------------------------------------------------------------
imgreg_4dfp /opt/freesurfer/average/711-2C_as_mni_average_305 /opt/freesurfer/average/711-2B_as_mni_average_305_mask talsrcimg_g11 none talsrcimg_to_711-2C_as_mni_average_305_t4 2311
---------------------------------------------------------------------

freesurfer imgreg_4dfp.c
/opt/freesurfer/average/711-2C_as_mni_average_305.4dfp.img
       256       256       256         1
  1.000000  1.000000  1.000000
orientation T byte_order littleendian
Reading image: /opt/freesurfer/average/711-2C_as_mni_average_305.4dfp.img
dimensions:      256       256       256
mmppix:       1.0000   -1.0000   -1.0000
center:     128.0000 -129.0000 -129.0000
/opt/freesurfer/average/711-2B_as_mni_average_305_mask.4dfp.img
       256       256       256         1
  1.000000  1.000000  1.000000
orientation T byte_order littleendian
Reading mask: /opt/freesurfer/average/711-2B_as_mni_average_305_mask.4dfp.img (2306576 pixels)
talsrcimg_g11.4dfp.img
       256       256       256         1
  1.000000  1.000000  1.000000
orientation T byte_order littleendian
Reading image: talsrcimg_g11.4dfp.img
dimensions:      256       256       256
mmppix:       1.0000   -1.0000   -1.0000
center:     128.0000 -129.0000 -129.0000
fimgreg.f
image alignment mode   2311 decimal      907 hex
parameters
    0.5399    0.2690    6.2593  -11.0969  -26.4484  -15.8191
   -4.3347  -10.0578    7.3847   29.7234    3.1036  -35.9776
eta,q 0.97794 10.10970
niter,ni,del,rscale     5    3    5.0000    0.8000
parameters
    0.5598    0.2860    6.2365  -11.4721  -26.7531  -16.3563
   -4.3890   -9.9333    7.3115   29.8380    3.2780  -35.8368
eta,q 0.97786 10.05985
  0.0238  0.0235  0.0231  0.0230  0.0230  0.0238  0.0233  0.0248  0.0232  0.0240  0.0228  0.0227
  0.0229  0.0227  0.0225  0.0225  0.0225  0.0230  0.0227  0.0234  0.0226  0.0231  0.0224  0.0224
  0.0223  0.0222  0.0222  0.0222  0.0222  0.0224  0.0223  0.0225  0.0223  0.0224  0.0222  0.0222
  0.0221  0.0221  0.0221  0.0221  0.0221  0.0221  0.0222  0.0221  0.0221  0.0221  0.0221  0.0221
  0.0223  0.0222  0.0222  0.0222  0.0222  0.0223  0.0223  0.0224  0.0223  0.0223  0.0222  0.0222
  0.0228  0.0227  0.0226  0.0226  0.0226  0.0233  0.0227  0.0232  0.0227  0.0229  0.0224  0.0224
  0.0237  0.0235  0.0232  0.0235  0.0234  0.0253  0.0234  0.0245  0.0233  0.0240  0.0227  0.0227
niter,ni,del,rscale     4    3    5.0000    0.7000
parameters
    0.5370    0.2721    6.2502  -11.3215  -26.7181  -16.2692
   -4.3962   -9.9730    7.3030   29.8292    3.2747  -35.7861
eta,q 0.97789 10.07001
  0.0234  0.0232  0.0229  0.0230  0.0230  0.0237  0.0231  0.0241  0.0229  0.0235  0.0226  0.0226
  0.0227  0.0226  0.0225  0.0226  0.0225  0.0231  0.0226  0.0230  0.0225  0.0228  0.0223  0.0223
  0.0223  0.0222  0.0222  0.0223  0.0223  0.0225  0.0222  0.0223  0.0222  0.0223  0.0222  0.0222
  0.0221  0.0221  0.0221  0.0221  0.0221  0.0221  0.0221  0.0221  0.0221  0.0221  0.0221  0.0221
  0.0223  0.0223  0.0222  0.0222  0.0222  0.0221  0.0222  0.0224  0.0222  0.0223  0.0222  0.0222
  0.0228  0.0226  0.0225  0.0224  0.0225  0.0227  0.0226  0.0230  0.0225  0.0228  0.0223  0.0223
  0.0235  0.0232  0.0229  0.0229  0.0230  0.0239  0.0231  0.0241  0.0229  0.0236  0.0226  0.0226
niter,ni,del,rscale     3    3    5.0000    0.6000
parameters
    0.5365    0.2689    6.2570  -11.2488  -26.6394  -16.1063
   -4.3922  -10.0046    7.3121   29.7976    3.2342  -35.8239
eta,q 0.97791 10.08274
  0.0231  0.0229  0.0227  0.0227  0.0227  0.0234  0.0228  0.0236  0.0227  0.0232  0.0224  0.0224
  0.0225  0.0225  0.0224  0.0224  0.0224  0.0229  0.0224  0.0227  0.0224  0.0226  0.0222  0.0222
  0.0222  0.0222  0.0222  0.0222  0.0222  0.0224  0.0222  0.0222  0.0222  0.0222  0.0221  0.0221
  0.0221  0.0221  0.0221  0.0221  0.0221  0.0221  0.0221  0.0221  0.0221  0.0221  0.0221  0.0221
  0.0222  0.0222  0.0222  0.0221  0.0221  0.0221  0.0222  0.0223  0.0222  0.0222  0.0221  0.0221
  0.0225  0.0225  0.0224  0.0223  0.0223  0.0225  0.0224  0.0228  0.0224  0.0226  0.0223  0.0222
  0.0231  0.0229  0.0227  0.0227  0.0227  0.0234  0.0228  0.0236  0.0227  0.0232  0.0225  0.0224
niter,ni,del,rscale     2    3    5.0000    0.5000
parameters
    0.5366    0.2675    6.2611  -11.1667  -26.5399  -15.9547
   -4.3616  -10.0336    7.3392   29.7566    3.1685  -35.8765
eta,q 0.97793 10.09648
  0.0228  0.0227  0.0225  0.0225  0.0225  0.0230  0.0226  0.0231  0.0225  0.0228  0.0223  0.0223
  0.0224  0.0223  0.0223  0.0223  0.0223  0.0226  0.0223  0.0225  0.0223  0.0224  0.0222  0.0222
  0.0222  0.0221  0.0221  0.0222  0.0222  0.0223  0.0221  0.0222  0.0221  0.0222  0.0221  0.0221
  0.0221  0.0221  0.0221  0.0221  0.0221  0.0221  0.0221  0.0221  0.0221  0.0221  0.0221  0.0221
  0.0222  0.0222  0.0221  0.0221  0.0221  0.0221  0.0221  0.0222  0.0221  0.0222  0.0221  0.0221
  0.0224  0.0223  0.0223  0.0222  0.0222  0.0224  0.0223  0.0226  0.0223  0.0224  0.0222  0.0222
  0.0228  0.0227  0.0225  0.0225  0.0225  0.0230  0.0226  0.0231  0.0225  0.0229  0.0223  0.0223
niter,ni,del,rscale     1    3    5.0000    0.4000
parameters
    0.5409    0.2680    6.2594  -11.0933  -26.4416  -15.8183
   -4.3371  -10.0616    7.3968   29.7239    3.1053  -35.9776
eta,q 0.97794 10.11037
  0.0225  0.0224  0.0223  0.0224  0.0224  0.0227  0.0224  0.0227  0.0223  0.0226  0.0222  0.0222
  0.0223  0.0222  0.0222  0.0222  0.0222  0.0224  0.0222  0.0224  0.0222  0.0223  0.0221  0.0221
  0.0221  0.0221  0.0221  0.0221  0.0221  0.0222  0.0221  0.0221  0.0221  0.0221  0.0221  0.0221
  0.0221  0.0221  0.0221  0.0221  0.0221  0.0221  0.0221  0.0221  0.0221  0.0221  0.0221  0.0221
  0.0221  0.0221  0.0221  0.0221  0.0221  0.0221  0.0221  0.0221  0.0221  0.0221  0.0221  0.0221
  0.0223  0.0222  0.0222  0.0222  0.0222  0.0223  0.0222  0.0224  0.0222  0.0223  0.0221  0.0221
  0.0225  0.0224  0.0223  0.0223  0.0223  0.0227  0.0224  0.0228  0.0223  0.0226  0.0222  0.0222
registration optimization eta report
parameter search radius
    0.8000    0.8000    0.8000    2.4000    2.4000    2.4000
    2.4000    2.4000    2.4000    2.4000    2.4000    2.4000
100000*second partial in parameter space
       68.       57.       43.        5.        5.       11.
        6.       12.        5.        9.        3.        3.
  0.0225  0.0224  0.0223  0.0224  0.0224  0.0227  0.0224  0.0227  0.0223  0.0226  0.0222  0.0222
  0.0223  0.0222  0.0222  0.0222  0.0222  0.0224  0.0222  0.0224  0.0222  0.0223  0.0221  0.0221
  0.0221  0.0221  0.0221  0.0221  0.0221  0.0222  0.0221  0.0221  0.0221  0.0221  0.0221  0.0221
  0.0221  0.0221  0.0221  0.0221  0.0221  0.0221  0.0221  0.0221  0.0221  0.0221  0.0221  0.0221
  0.0221  0.0221  0.0221  0.0221  0.0221  0.0221  0.0221  0.0221  0.0221  0.0221  0.0221  0.0221
  0.0223  0.0222  0.0222  0.0222  0.0222  0.0223  0.0222  0.0224  0.0222  0.0223  0.0221  0.0221
  0.0225  0.0224  0.0223  0.0223  0.0223  0.0227  0.0224  0.0228  0.0223  0.0226  0.0222  0.0222
    0.5409    0.2680    6.2594  -11.0933  -26.4416  -15.8183
   -4.3371  -10.0616    7.3968   29.7239    3.1053  -35.9776
eta,q 0.97794 10.11037

---------------------------------------------------------------------
compute_vox2vox talsrcimg talsrcimg_to_711-2C_as_mni_average_305_t4 /opt/freesurfer/average/711-2C_as_mni_average_305
---------------------------------------------------------------------

freesurfer compute_vox2vox.c
Reading: talsrcimg.4dfp.ifh
Reading: talsrcimg_to_711-2C_as_mni_average_305_t4
Reading: /opt/freesurfer/average/711-2C_as_mni_average_305.4dfp.ifh
Writing: talsrcimg_to_711-2C_as_mni_average_305_t4_vox2vox.txt

start time Thu Mar 12 02:16:53 CET 2026
end		time Thu Mar 12 02:18:19 CET 2026

mpr2mni305 success

avi2talxfm orig_nu.mgz /opt/freesurfer/average/mni305.cor.mgz talsrcimg_to_711-2C_as_mni_average_305_t4_vox2vox.txt transforms/talairach.auto.xfm
avi2talxfm done
mv -f /out/sourcedata/freesurfer/sub-v1s10x0051012_ses-1/mri/talsrcimg_to_711-2C_as_mni_average_305_t4_vox2vox.txt /out/sourcedata/freesurfer/sub-v1s10x0051012_ses-1/mri/transforms/talsrcimg_to_711-2C_as_mni_average_305_t4_vox2vox.txt
lta_convert --src orig_nu.mgz --trg /opt/freesurfer/average/mni305.cor.mgz --inxfm transforms/talairach.auto.xfm --outlta transforms/talairach.auto.xfm.lta --subject fsaverage
7.3.2

--src: orig_nu.mgz src image (geometry).
--trg: /opt/freesurfer/average/mni305.cor.mgz trg image (geometry).
--inmni: transforms/talairach.auto.xfm input MNI/XFM transform.
--outlta: transforms/talairach.auto.xfm.lta output LTA.
--s: fsaverage subject name
 LTA read, type : 1
 1.11224   0.09362   0.11137   6.07312;
-0.07575   1.00659   0.48786   0.38883;
-0.08123  -0.41616   1.15113  -0.93019;
 0.00000   0.00000   0.00000   1.00000;
setting subject to fsaverage
Writing  LTA to file transforms/talairach.auto.xfm.lta...
lta_convert successful.
 
 
Started at Thu Mar 12 02:16:53 CET 2026
Ended   at Thu Mar 12 02:18:20 CET 2026
talairach_avi done
