/out/sourcedata/freesurfer/sub-v1s10x0051155_ses-1/mri
/opt/freesurfer/bin/talairach_avi
--i orig_nu.mgz --xfm transforms/talairach.auto.xfm
talairach_avi 7.3.2
Linux dna006 5.14.0-427.37.1.el9_4.x86_64 #1 SMP PREEMPT_DYNAMIC Fri Sep 13 12:41:50 EDT 2024 x86_64 x86_64 x86_64 GNU/Linux
Thu Mar 12 09:50:54 CET 2026
mri_convert orig_nu.mgz talsrcimg.img 
reading from orig_nu.mgz...
TR=0.00, TE=0.00, TI=0.00, flip angle=0.00
i_ras = (-1, 0, 0)
j_ras = (0, 0, -1)
k_ras = (0, 1, 0)
writing to talsrcimg.img...
Analyze Output Matrix
-1.00000   0.00000   0.00000   129.66513;
 0.00000   0.00000   1.00000  -128.00000;
 0.00000  -1.00000   0.00000   130.00000;
 0.00000   0.00000   0.00000   1.00000;
--------------------
INFO: set hdr.hist.orient to -1
mpr2mni305 talsrcimg
Thu Mar 12 09:50:54 CET 2026
/opt/freesurfer/bin/mpr2mni305 talsrcimg
mpr2mni305 7.3.2
target=711-2C_as_mni_average_305

---------------------------------------------------------------------
analyzeto4dfp talsrcimg -O0 -y
---------------------------------------------------------------------

freesurfer ifh2hdr.c
Thu Mar 12 09:50:54 2026
Writing: talsrcimg.4dfp.hdr
freesurfer analyzeto4dfp.c
Reading: talsrcimg.hdr
header size 348 bytes
hdr.dime.datatype	offset=70	value=2
hdr.dime.bitpix		offset=72	value=8
hdr.hist.orient		offset=252	value=-1
dimensionality     4
dimensions       256       256       256         1
Reading: talsrcimg.img
Writing: talsrcimg.4dfp.img
Writing: talsrcimg.4dfp.ifh
ifh2hdr talsrcimg -r0to225
ori=2

---------------------------------------------------------------------
gauss_4dfp talsrcimg 1.1
---------------------------------------------------------------------

freesurfer gauss_4dfp.c
Reading: talsrcimg.4dfp.img
Writing: talsrcimg_g11.4dfp.img
image dimensions 256 256 256 padded to 288 288 288
processing volume 1freesurfer ifh2hdr.c
Thu Mar 12 09:50:56 2026
Writing: talsrcimg_g11.4dfp.hdr

Writing: talsrcimg_g11.4dfp.ifh
including: talsrcimg.4dfp.img.rec in talsrcimg_g11.4dfp.img.rec

---------------------------------------------------------------------
imgreg_4dfp /opt/freesurfer/average/711-2C_as_mni_average_305 none talsrcimg_g11 none talsrcimg_to_711-2C_as_mni_average_305_t4 4355
---------------------------------------------------------------------

freesurfer imgreg_4dfp.c
/opt/freesurfer/average/711-2C_as_mni_average_305.4dfp.img
       256       256       256         1
  1.000000  1.000000  1.000000
orientation T byte_order littleendian
Reading image: /opt/freesurfer/average/711-2C_as_mni_average_305.4dfp.img
dimensions:      256       256       256
mmppix:       1.0000   -1.0000   -1.0000
center:     128.0000 -129.0000 -129.0000
talsrcimg_g11.4dfp.img
       256       256       256         1
  1.000000  1.000000  1.000000
orientation T byte_order littleendian
Reading image: talsrcimg_g11.4dfp.img
dimensions:      256       256       256
mmppix:       1.0000   -1.0000   -1.0000
center:     128.0000 -129.0000 -129.0000
t4_read: open error in t4_sub.f l:  41 t4_file(1:l)talsrcimg_to_711-2C_as_mni_average_305_t4 
t4_read: transform initialized to I4
rotation matrix determinant  1.000000
image alignment mode   4355 decimal     1103 hex
   -7.5000  -45.0000  -45.0000 9786.2314   14.4018
    0.0000  -45.0000  -45.000010314.1924   14.4212
    7.5000  -45.0000  -45.0000 9887.9170   14.4368
   -7.5000  -37.5000  -45.000010182.7520   14.3827
    0.0000  -37.5000  -45.000010728.5635   14.4039
    7.5000  -37.5000  -45.000010289.4980   14.4238
   -7.5000  -30.0000  -45.000010922.6416   14.3587
    0.0000  -30.0000  -45.000011534.5957   14.3819
    7.5000  -30.0000  -45.000011064.3213   14.4133
   -7.5000  -22.5000  -45.000011607.5996   14.3458
    0.0000  -22.5000  -45.000012253.4873   14.3691
    7.5000  -22.5000  -45.000011740.9775   14.4078
   -7.5000  -15.0000  -45.000012233.7988   14.3477
    0.0000  -15.0000  -45.000012869.8057   14.3694
    7.5000  -15.0000  -45.000012338.5508   14.4044
   -7.5000   -7.5000  -45.000012731.7734   14.3653
    0.0000   -7.5000  -45.000013383.6162   14.3848
    7.5000   -7.5000  -45.000012836.7285   14.4079
   -7.5000    0.0000  -45.000013139.8115   14.3811
    0.0000    0.0000  -45.000013799.2646   14.4003
    7.5000    0.0000  -45.000013230.8213   14.4155
   -7.5000    7.5000  -45.000012541.1895   14.3766
    0.0000    7.5000  -45.000013142.3906   14.3977
    7.5000    7.5000  -45.000012618.3486   14.4175
   -7.5000   15.0000  -45.000011797.1201   14.3589
    0.0000   15.0000  -45.000012347.4688   14.3821
    7.5000   15.0000  -45.000011856.2920   14.4135
   -7.5000   22.5000  -45.000010905.9629   14.3503
    0.0000   22.5000  -45.000011413.7812   14.3737
    7.5000   22.5000  -45.000010969.9570   14.4124
   -7.5000   30.0000  -45.0000 9966.0156   14.1813
    0.0000   30.0000  -45.000010423.3389   14.2028
    7.5000   30.0000  -45.000010019.2666   14.2375
   -7.5000   37.5000  -45.0000 9314.2754   14.2358
    0.0000   37.5000  -45.0000 9754.2295   14.2554
    7.5000   37.5000  -45.0000 9401.3867   14.2785
   -7.5000   45.0000  -45.0000 8283.7217   13.9602
    0.0000   45.0000  -45.0000 8656.8467   13.9794
    7.5000   45.0000  -45.0000 8347.1426   13.9946
   -7.5000  -45.0000  -37.500010260.8535   14.4152
    0.0000  -45.0000  -37.500010812.5527   14.4359
    7.5000  -45.0000  -37.500010367.4287   14.4537
   -7.5000  -37.5000  -37.500010662.6445   14.3992
    0.0000  -37.5000  -37.500011227.4619   14.4210
    7.5000  -37.5000  -37.500010775.4873   14.4392
   -7.5000  -30.0000  -37.500011423.2627   14.3735
    0.0000  -30.0000  -37.500012041.8555   14.3966
    7.5000  -30.0000  -37.500011547.8154   14.4236
   -7.5000  -22.5000  -37.500012139.4307   14.3551
    0.0000  -22.5000  -37.500012786.1631   14.3784
    7.5000  -22.5000  -37.500012254.0742   14.4137
   -7.5000  -15.0000  -37.500012791.4365   14.3533
    0.0000  -15.0000  -37.500013463.8213   14.3756
    7.5000  -15.0000  -37.500012900.8545   14.4109
   -7.5000   -7.5000  -37.500013324.7998   14.3731
    0.0000   -7.5000  -37.500014008.4961   14.3940
    7.5000   -7.5000  -37.500013417.0977   14.4201
   -7.5000    0.0000  -37.500013734.1680   14.3945
    0.0000    0.0000  -37.500014395.2695   14.4149
    7.5000    0.0000  -37.500013809.6914   14.4325
   -7.5000    7.5000  -37.500013073.6016   14.3932
    0.0000    7.5000  -37.500013681.4893   14.4149
    7.5000    7.5000  -37.500013136.8242   14.4331
   -7.5000   15.0000  -37.500012297.7314   14.3736
    0.0000   15.0000  -37.500012836.7578   14.3967
    7.5000   15.0000  -37.500012347.3574   14.4237
   -7.5000   22.5000  -37.500011373.9697   14.3597
    0.0000   22.5000  -37.500011861.6777   14.3830
    7.5000   22.5000  -37.500011441.3818   14.4183
   -7.5000   30.0000  -37.500010363.4707   14.1867
    0.0000   30.0000  -37.500010826.0244   14.2087
    7.5000   30.0000  -37.500010426.0811   14.2437
   -7.5000   37.5000  -37.5000 9674.7412   14.2437
    0.0000   37.5000  -37.500010127.9229   14.2646
    7.5000   37.5000  -37.5000 9760.8643   14.2908
   -7.5000   45.0000  -37.5000 8594.4863   13.9729
    0.0000   45.0000  -37.5000 8990.1514   13.9933
    7.5000   45.0000  -37.5000 8668.1133   14.0108
   -7.5000  -45.0000  -30.000010889.3047   14.9997
    0.0000  -45.0000  -30.000011512.2627   15.0189
    7.5000  -45.0000  -30.000011029.0752   15.0376
   -7.5000  -37.5000  -30.000011344.9111   14.9827
    0.0000  -37.5000  -30.000011976.1572   15.0025
    7.5000  -37.5000  -30.000011478.4365   15.0210
   -7.5000  -30.0000  -30.000012134.1289   14.9605
    0.0000  -30.0000  -30.000012786.5684   14.9794
    7.5000  -30.0000  -30.000012259.8291   15.0052
   -7.5000  -22.5000  -30.000012879.0586   14.9453
    0.0000  -22.5000  -30.000013564.7783   14.9621
    7.5000  -22.5000  -30.000013000.9238   14.9959
   -7.5000  -15.0000  -30.000013554.7949   14.9433
    0.0000  -15.0000  -30.000014261.9375   14.9591
    7.5000  -15.0000  -30.000013674.9414   14.9936
   -7.5000   -7.5000  -30.000014134.7246   14.9597
    0.0000   -7.5000  -30.000014863.9219   14.9767
    7.5000   -7.5000  -30.000014263.3027   15.0032
   -7.5000    0.0000  -30.000014580.0713   14.9780
    0.0000    0.0000  -30.000015272.1514   14.9968
    7.5000    0.0000  -30.000014652.7842   15.0152
   -7.5000    7.5000  -30.000013881.8203   14.9767
    0.0000    7.5000  -30.000014515.2422   14.9966
    7.5000    7.5000  -30.000013924.1338   15.0150
   -7.5000   15.0000  -30.000013031.6523   14.9605
    0.0000   15.0000  -30.000013601.3584   14.9794
    7.5000   15.0000  -30.000013092.5283   15.0053
   -7.5000   22.5000  -30.000012065.4932   14.9483
    0.0000   22.5000  -30.000012586.0449   14.9651
    7.5000   22.5000  -30.000012154.5771   14.9989
   -7.5000   30.0000  -30.000011003.5674   14.7710
    0.0000   30.0000  -30.000011489.6611   14.7866
    7.5000   30.0000  -30.000011085.6055   14.8207
   -7.5000   37.5000  -30.000010268.9648   14.8261
    0.0000   37.5000  -30.000010752.1104   14.8430
    7.5000   37.5000  -30.000010346.7344   14.8694
   -7.5000   45.0000  -30.0000 9122.1553   14.5500
    0.0000   45.0000  -30.0000 9549.9570   14.5688
    7.5000   45.0000  -30.0000 9187.2480   14.5871
   -7.5000  -45.0000  -22.500011463.0703   15.4950
    0.0000  -45.0000  -22.500012155.0420   15.5111
    7.5000  -45.0000  -22.500011634.9346   15.5275
   -7.5000  -37.5000  -22.500012012.3828   15.4734
    0.0000  -37.5000  -22.500012761.3633   15.4908
    7.5000  -37.5000  -22.500012202.2783   15.5110
   -7.5000  -30.0000  -22.500012878.3662   15.4564
    0.0000  -30.0000  -22.500013612.7021   15.4714
    7.5000  -30.0000  -22.500013035.3906   15.5013
   -7.5000  -22.5000  -22.500013642.6436   15.4506
    0.0000  -22.5000  -22.500014348.3799   15.4613
    7.5000  -22.5000  -22.500013757.8125   15.4974
   -7.5000  -15.0000  -22.500014298.1504   15.4527
    0.0000  -15.0000  -22.500015015.6113   15.4615
    7.5000  -15.0000  -22.500014415.9238   15.4946
   -7.5000   -7.5000  -22.500014911.7539   15.4634
    0.0000   -7.5000  -22.500015664.5527   15.4751
    7.5000   -7.5000  -22.500015058.1377   15.4978
   -7.5000    0.0000  -22.500015383.9746   15.4724
    0.0000    0.0000  -22.500016124.2383   15.4883
    7.5000    0.0000  -22.500015497.0391   15.5044
   -7.5000    7.5000  -22.500014649.5684   15.4675
    0.0000    7.5000  -22.500015352.3145   15.4849
    7.5000    7.5000  -22.500014749.7236   15.5050
   -7.5000   15.0000  -22.500013785.3477   15.4565
    0.0000   15.0000  -22.500014454.8809   15.4715
    7.5000   15.0000  -22.500013890.5527   15.5014
   -7.5000   22.5000  -22.500012800.9844   15.4524
    0.0000   22.5000  -22.500013431.4600   15.4631
    7.5000   22.5000  -22.500012902.3857   15.4992
   -7.5000   30.0000  -22.500011688.8525   15.2772
    0.0000   30.0000  -22.500012288.0488   15.2858
    7.5000   30.0000  -22.500011780.5469   15.3185
   -7.5000   37.5000  -22.500010892.4463   15.3272
    0.0000   37.5000  -22.500011472.8721   15.3388
    7.5000   37.5000  -22.500010977.6973   15.3614
   -7.5000   45.0000  -22.5000 9649.6475   15.0423
    0.0000   45.0000  -22.500010148.9629   15.0582
    7.5000   45.0000  -22.5000 9723.5645   15.0742
   -7.5000  -45.0000  -15.000011917.8193   15.8604
    0.0000  -45.0000  -15.000012636.4229   15.8753
    7.5000  -45.0000  -15.000012089.8320   15.8897
   -7.5000  -37.5000  -15.000012557.3477   15.8350
    0.0000  -37.5000  -15.000013399.7441   15.8521
    7.5000  -37.5000  -15.000012792.3818   15.8748
   -7.5000  -30.0000  -15.000013587.7266   15.8197
    0.0000  -30.0000  -15.000014459.0449   15.8349
    7.5000  -30.0000  -15.000013800.5879   15.8711
   -7.5000  -22.5000  -15.000014420.8936   15.8199
    0.0000  -22.5000  -15.000015238.7881   15.8308
    7.5000  -22.5000  -15.000014580.7920   15.8721
   -7.5000  -15.0000  -15.000015089.7354   15.8264
    0.0000  -15.0000  -15.000015884.9141   15.8345
    7.5000  -15.0000  -15.000015263.1260   15.8681
   -7.5000   -7.5000  -15.000015708.1230   15.8346
    0.0000   -7.5000  -15.000016534.5684   15.8449
    7.5000   -7.5000  -15.000015905.9971   15.8647
   -7.5000    0.0000  -15.000016222.1230   15.8373
    0.0000    0.0000  -15.000017122.7754   15.8521
    7.5000    0.0000  -15.000016399.5508   15.8661
   -7.5000    7.5000  -15.000015462.0488   15.8288
    0.0000    7.5000  -15.000016362.6758   15.8459
    7.5000    7.5000  -15.000015614.1934   15.8685
   -7.5000   15.0000  -15.000014579.8604   15.8199
    0.0000   15.0000  -15.000015456.0498   15.8351
    7.5000   15.0000  -15.000014708.5068   15.8713
   -7.5000   22.5000  -15.000013555.4355   15.8211
    0.0000   22.5000  -15.000014375.8535   15.8319
    7.5000   22.5000  -15.000013680.7031   15.8731
   -7.5000   30.0000  -15.000012377.7793   15.6492
    0.0000   30.0000  -15.000013104.3877   15.6572
    7.5000   30.0000  -15.000012492.3594   15.6905
   -7.5000   37.5000  -15.000011493.5166   15.6972
    0.0000   37.5000  -15.000012158.9609   15.7075
    7.5000   37.5000  -15.000011611.7090   15.7272
   -7.5000   45.0000  -15.000010155.1279   15.4070
    0.0000   45.0000  -15.000010718.7588   15.4217
    7.5000   45.0000  -15.000010250.0830   15.4358
   -7.5000  -45.0000   -7.500012371.9746   16.0582
    0.0000  -45.0000   -7.500013034.5889   16.0757
    7.5000  -45.0000   -7.500012541.1650   16.0907
   -7.5000  -37.5000   -7.500013028.4102   16.0340
    0.0000  -37.5000   -7.500013855.1621   16.0538
    7.5000  -37.5000   -7.500013269.0693   16.0773
   -7.5000  -30.0000   -7.500014195.7871   16.0146
    0.0000  -30.0000   -7.500015241.4814   16.0349
    7.5000  -30.0000   -7.500014523.3613   16.0731
   -7.5000  -22.5000   -7.500015209.4609   16.0104
    0.0000  -22.5000   -7.500016364.8047   16.0285
    7.5000  -22.5000   -7.500015546.6582   16.0727
   -7.5000  -15.0000   -7.500015993.7539   16.0161
    0.0000  -15.0000   -7.500017183.7207   16.0315
    7.5000  -15.0000   -7.500016319.0137   16.0678
   -7.5000   -7.5000   -7.500016653.1133   16.0279
    0.0000   -7.5000   -7.500017893.1133   16.0431
    7.5000   -7.5000   -7.500016957.2812   16.0645
   -7.5000    0.0000   -7.500017198.1133   16.0351
    0.0000    0.0000   -7.500018472.0488   16.0523
    7.5000    0.0000   -7.500017468.9727   16.0669
   -7.5000    7.5000   -7.500016323.6436   16.0274
    0.0000    7.5000   -7.500017486.5586   16.0472
    7.5000    7.5000   -7.500016555.3965   16.0706
   -7.5000   15.0000   -7.500015340.3984   16.0148
    0.0000   15.0000   -7.500016354.6221   16.0351
    7.5000   15.0000   -7.500015523.5723   16.0733
   -7.5000   22.5000   -7.500014235.9404   16.0100
    0.0000   22.5000   -7.500015140.5078   16.0281
    7.5000   22.5000   -7.500014407.8320   16.0723
   -7.5000   30.0000   -7.500012971.8623   15.8363
    0.0000   30.0000   -7.500013744.8711   15.8516
    7.5000   30.0000   -7.500013124.0449   15.8876
   -7.5000   37.5000   -7.500012024.9824   15.8888
    0.0000   37.5000   -7.500012724.0742   15.9039
    7.5000   37.5000   -7.500012193.6318   15.9253
   -7.5000   45.0000   -7.500010614.3857   15.6018
    0.0000   45.0000   -7.500011220.3096   15.6191
    7.5000   45.0000   -7.500010748.1963   15.6338
   -7.5000  -45.0000    0.000012709.0957   16.1043
    0.0000  -45.0000    0.000013502.2793   16.1259
    7.5000  -45.0000    0.000012896.4131   16.1432
   -7.5000  -37.5000    0.000013345.9609   16.0833
    0.0000  -37.5000    0.000014283.0205   16.1068
    7.5000  -37.5000    0.000013639.8643   16.1290
   -7.5000  -30.0000    0.000014580.6768   16.0569
    0.0000  -30.0000    0.000015795.7607   16.0826
    7.5000  -30.0000    0.000014964.1523   16.1177
   -7.5000  -22.5000    0.000015686.8848   16.0424
    0.0000  -22.5000    0.000017175.1895   16.0684
    7.5000  -22.5000    0.000016163.2178   16.1116
   -7.5000  -15.0000    0.000016582.4180   16.0442
    0.0000  -15.0000    0.000018152.6191   16.0685
    7.5000  -15.0000    0.000017052.8984   16.1076
   -7.5000   -7.5000    0.000017284.5898   16.0636
    0.0000   -7.5000    0.000018767.5293   16.0854
    7.5000   -7.5000    0.000017677.0312   16.1112
   -7.5000    0.0000    0.000017742.3301   16.0812
    0.0000    0.0000    0.000019139.7520   16.1026
    7.5000    0.0000    0.000018107.6309   16.1195
   -7.5000    7.5000    0.000016813.3516   16.0765
    0.0000    7.5000    0.000018033.9160   16.0999
    7.5000    7.5000    0.000017121.5566   16.1220
   -7.5000   15.0000    0.000015792.3154   16.0571
    0.0000   15.0000    0.000016854.4141   16.0828
    7.5000   15.0000    0.000016036.4619   16.1179
   -7.5000   22.5000    0.000014702.9072   16.0423
    0.0000   22.5000    0.000015618.1777   16.0683
    7.5000   22.5000    0.000014908.3857   16.1116
   -7.5000   30.0000    0.000013409.6426   15.8643
    0.0000   30.0000    0.000014193.7441   15.8884
    7.5000   30.0000    0.000013594.1377   15.9272
   -7.5000   37.5000    0.000012466.6738   15.9250
    0.0000   37.5000    0.000013148.2627   15.9468
    7.5000   37.5000    0.000012627.7051   15.9727
   -7.5000   45.0000    0.000010981.1377   15.6472
    0.0000   45.0000    0.000011628.1895   15.6685
    7.5000   45.0000    0.000011136.1699   15.6856
   -7.5000  -45.0000    7.500012074.8457   16.1307
    0.0000  -45.0000    7.500012896.2295   16.1538
    7.5000  -45.0000    7.500012329.9814   16.1738
   -7.5000  -37.5000    7.500012651.6934   16.1127
    0.0000  -37.5000    7.500013581.7637   16.1370
    7.5000  -37.5000    7.500012969.3369   16.1574
   -7.5000  -30.0000    7.500013745.5791   16.0838
    0.0000  -30.0000    7.500014950.2129   16.1096
    7.5000  -30.0000    7.500014142.9404   16.1398
   -7.5000  -22.5000    7.500014775.6250   16.0631
    0.0000  -22.5000    7.500016196.3740   16.0892
    7.5000  -22.5000    7.500015228.5801   16.1287
   -7.5000  -15.0000    7.500015586.2998   16.0612
    0.0000  -15.0000    7.500016950.5781   16.0862
    7.5000  -15.0000    7.500016013.2021   16.1257
   -7.5000   -7.5000    7.500016205.6455   16.0836
    0.0000   -7.5000    7.500017428.6016   16.1069
    7.5000   -7.5000    7.500016589.1641   16.1362
   -7.5000    0.0000    7.500016659.5215   16.1076
    0.0000    0.0000    7.500017850.7422   16.1304
    7.5000    0.0000    7.500017039.8828   16.1500
   -7.5000    7.5000    7.500015843.8838   16.1060
    0.0000    7.5000    7.500016941.2852   16.1303
    7.5000    7.5000    7.500016182.4639   16.1506
   -7.5000   15.0000    7.500014926.6494   16.0839
    0.0000   15.0000    7.500015922.3652   16.1097
    7.5000   15.0000    7.500015202.1465   16.1399
   -7.5000   22.5000    7.500013934.8242   16.0631
    0.0000   22.5000    7.500014831.6553   16.0891
    7.5000   22.5000    7.500014150.1006   16.1287
   -7.5000   30.0000    7.500012732.3193   15.8809
    0.0000   30.0000    7.500013526.0156   15.9056
    7.5000   30.0000    7.500012914.4736   15.9448
   -7.5000   37.5000    7.500011811.1982   15.9450
    0.0000   37.5000    7.500012505.0898   15.9684
    7.5000   37.5000    7.500011963.4668   15.9977
   -7.5000   45.0000    7.500010414.3096   15.6726
    0.0000   45.0000    7.500011048.1553   15.6954
    7.5000   45.0000    7.500010571.6143   15.7151
   -7.5000  -45.0000   15.000011358.6738   16.2307
    0.0000  -45.0000   15.000012099.3584   16.2516
    7.5000  -45.0000   15.000011584.3115   16.2717
   -7.5000  -37.5000   15.000011863.8779   16.2124
    0.0000  -37.5000   15.000012730.7695   16.2341
    7.5000  -37.5000   15.000012142.7461   16.2538
   -7.5000  -30.0000   15.000012836.3525   16.1881
    0.0000  -30.0000   15.000013936.1592   16.2088
    7.5000  -30.0000   15.000013184.9541   16.2365
   -7.5000  -22.5000   15.000013796.3867   16.1712
    0.0000  -22.5000   15.000014987.4170   16.1896
    7.5000  -22.5000   15.000014173.5547   16.2261
   -7.5000  -15.0000   15.000014538.6631   16.1687
    0.0000  -15.0000   15.000015600.5352   16.1862
    7.5000  -15.0000   15.000014873.6826   16.2234
   -7.5000   -7.5000   15.000015109.7891   16.1867
    0.0000   -7.5000   15.000016116.1865   16.2054
    7.5000   -7.5000   15.000015442.2979   16.2340
   -7.5000    0.0000   15.000015596.1846   16.2069
    0.0000    0.0000   15.000016634.0938   16.2276
    7.5000    0.0000   15.000015944.4980   16.2474
   -7.5000    7.5000   15.000014849.5088   16.2059
    0.0000    7.5000   15.000015854.3496   16.2276
    7.5000    7.5000   15.000015160.9492   16.2473
   -7.5000   15.0000   15.000013971.4551   16.1882
    0.0000   15.0000   15.000014922.5850   16.2089
    7.5000   15.0000   15.000014243.2646   16.2366
   -7.5000   22.5000   15.000013014.6738   16.1710
    0.0000   22.5000   15.000013896.2744   16.1894
    7.5000   22.5000   15.000013246.3428   16.2258
   -7.5000   30.0000   15.000011906.4844   15.9873
    0.0000   30.0000   15.000012673.3066   16.0044
    7.5000   30.0000   15.000012084.5020   16.0413
   -7.5000   37.5000   15.000011034.0576   16.0473
    0.0000   37.5000   15.000011713.3770   16.0660
    7.5000   37.5000   15.000011193.9600   16.0945
   -7.5000   45.0000   15.0000 9719.5840   15.7705
    0.0000   45.0000   15.000010319.6982   15.7911
    7.5000   45.0000   15.0000 9871.3994   15.8108
   -7.5000  -45.0000   22.500010719.3633   16.6256
    0.0000  -45.0000   22.500011446.4004   16.6438
    7.5000  -45.0000   22.500010937.2236   16.6613
   -7.5000  -37.5000   22.500011201.5664   16.6006
    0.0000  -37.5000   22.500012056.4648   16.6201
    7.5000  -37.5000   22.500011470.7734   16.6420
   -7.5000  -30.0000   22.500012148.6982   16.5810
    0.0000  -30.0000   22.500013138.1045   16.5976
    7.5000  -30.0000   22.500012461.5938   16.6301
   -7.5000  -22.5000   22.500013037.3271   16.5751
    0.0000  -22.5000   22.500014033.1250   16.5868
    7.5000  -22.5000   22.500013352.7666   16.6256
   -7.5000  -15.0000   22.500013726.8018   16.5788
    0.0000  -15.0000   22.500014622.9307   16.5884
    7.5000  -15.0000   22.500013990.8594   16.6234
   -7.5000   -7.5000   22.500014297.1064   16.5913
    0.0000   -7.5000   22.500015200.0430   16.6043
    7.5000   -7.5000   22.500014562.1289   16.6281
   -7.5000    0.0000   22.500014795.5977   16.6005
    0.0000    0.0000   22.500015739.9688   16.6185
    7.5000    0.0000   22.500015067.3789   16.6356
   -7.5000    7.5000   22.500014068.5859   16.5940
    0.0000    7.5000   22.500014971.1816   16.6135
    7.5000    7.5000   22.500014323.5869   16.6353
   -7.5000   15.0000   22.500013198.1797   16.5811
    0.0000   15.0000   22.500014045.9873   16.5977
    7.5000   15.0000   22.500013427.7959   16.6302
   -7.5000   22.5000   22.500012252.6826   16.5748
    0.0000   22.5000   22.500013065.4414   16.5864
    7.5000   22.5000   22.500012465.1602   16.6252
   -7.5000   30.0000   22.500011183.9834   16.3938
    0.0000   30.0000   22.500011913.9062   16.4032
    7.5000   30.0000   22.500011368.3516   16.4377
   -7.5000   37.5000   22.500010364.8418   16.4498
    0.0000   37.5000   22.500011014.1729   16.4628
    7.5000   37.5000   22.500010538.3066   16.4864
   -7.5000   45.0000   22.5000 9124.7236   16.1583
    0.0000   45.0000   22.5000 9690.0049   16.1762
    7.5000   45.0000   22.5000 9288.4238   16.1933
   -7.5000  -45.0000   30.000010026.5918   17.1177
    0.0000  -45.0000   30.000010704.7402   17.1358
    7.5000  -45.0000   30.000010210.3525   17.1526
   -7.5000  -37.5000   30.000010512.9961   17.0921
    0.0000  -37.5000   30.000011262.6621   17.1121
    7.5000  -37.5000   30.000010725.3086   17.1374
   -7.5000  -30.0000   30.000011410.2314   17.0772
    0.0000  -30.0000   30.000012204.6865   17.0951
    7.5000  -30.0000   30.000011634.9785   17.1350
   -7.5000  -22.5000   30.000012216.8984   17.0763
    0.0000  -22.5000   30.000013025.7520   17.0896
    7.5000  -22.5000   30.000012445.3975   17.1357
   -7.5000  -15.0000   30.000012834.1660   17.0802
    0.0000  -15.0000   30.000013616.8828   17.0909
    7.5000  -15.0000   30.000013039.9092   17.1291
   -7.5000   -7.5000   30.000013382.4170   17.0872
    0.0000   -7.5000   30.000014201.8623   17.1006
    7.5000   -7.5000   30.000013604.4531   17.1237
   -7.5000    0.0000   30.000013853.6768   17.0912
    0.0000    0.0000   30.000014698.6504   17.1091
    7.5000    0.0000   30.000014084.2578   17.1255
   -7.5000    7.5000   30.000013175.5000   17.0850
    0.0000    7.5000   30.000013977.1895   17.1050
    7.5000    7.5000   30.000013391.2158   17.1302
   -7.5000   15.0000   30.000012345.2598   17.0774
    0.0000   15.0000   30.000013105.3809   17.0953
    7.5000   15.0000   30.000012528.2354   17.1352
   -7.5000   22.5000   30.000011453.7275   17.0762
    0.0000   22.5000   30.000012179.6934   17.0895
    7.5000   22.5000   30.000011627.2432   17.1355
   -7.5000   30.0000   30.000010449.2129   16.8909
    0.0000   30.0000   30.000011109.0840   16.9015
    7.5000   30.0000   30.000010607.2373   16.9393
   -7.5000   37.5000   30.0000 9671.3760   16.9437
    0.0000   37.5000   30.000010254.5469   16.9570
    7.5000   37.5000   30.0000 9831.5410   16.9800
   -7.5000   45.0000   30.0000 8531.7217   16.6414
    0.0000   45.0000   30.0000 9020.8340   16.6593
    7.5000   45.0000   30.0000 8665.5312   16.6757
   -7.5000  -45.0000   37.5000 9654.0410   17.6711
    0.0000  -45.0000   37.500010263.0322   17.6917
    7.5000  -45.0000   37.5000 9811.7725   17.7093
   -7.5000  -37.5000   37.500010145.4824   17.6414
    0.0000  -37.5000   37.500010796.0596   17.6638
    7.5000  -37.5000   37.500010311.6436   17.6908
   -7.5000  -30.0000   37.500011018.7090   17.6201
    0.0000  -30.0000   37.500011705.4951   17.6424
    7.5000  -30.0000   37.500011189.7539   17.6861
   -7.5000  -22.5000   37.500011770.0713   17.6175
    0.0000  -22.5000   37.500012479.6660   17.6378
    7.5000  -22.5000   37.500011938.2344   17.6886
   -7.5000  -15.0000   37.500012364.8379   17.6249
    0.0000  -15.0000   37.500013096.0430   17.6431
    7.5000  -15.0000   37.500012523.9863   17.6851
   -7.5000   -7.5000   37.500012913.3555   17.6371
    0.0000   -7.5000   37.500013682.0654   17.6555
    7.5000   -7.5000   37.500013098.1924   17.6805
   -7.5000    0.0000   37.500013339.1816   17.6431
    0.0000    0.0000   37.500014129.6846   17.6635
    7.5000    0.0000   37.500013531.9385   17.6805
   -7.5000    7.5000   37.500012691.4199   17.6334
    0.0000    7.5000   37.500013457.1953   17.6557
    7.5000    7.5000   37.500012875.8262   17.6826
   -7.5000   15.0000   37.500011889.8291   17.6204
    0.0000   15.0000   37.500012610.5332   17.6427
    7.5000   15.0000   37.500012058.5322   17.6864
   -7.5000   22.5000   37.500011042.1699   17.6179
    0.0000   22.5000   37.500011697.4561   17.6381
    7.5000   22.5000   37.500011170.4961   17.6890
   -7.5000   30.0000   37.500010073.2510   17.4306
    0.0000   30.0000   37.500010649.5264   17.4486
    7.5000   30.0000   37.500010185.7070   17.4903
   -7.5000   37.5000   37.5000 9330.7266   17.4917
    0.0000   37.5000   37.5000 9850.2090   17.5101
    7.5000   37.5000   37.5000 9459.9033   17.5352
   -7.5000   45.0000   37.5000 8229.3789   17.1772
    0.0000   45.0000   37.5000 8677.5439   17.1976
    7.5000   45.0000   37.5000 8352.9785   17.2148
   -7.5000  -45.0000   45.0000 8891.7715   18.2411
    0.0000  -45.0000   45.0000 9422.3682   18.2670
    7.5000  -45.0000   45.0000 9020.0703   18.2857
   -7.5000  -37.5000   45.0000 9350.0811   18.2117
    0.0000  -37.5000   45.0000 9904.8379   18.2410
    7.5000  -37.5000   45.0000 9483.8838   18.2657
   -7.5000  -30.0000   45.000010146.0596   18.1848
    0.0000  -30.0000   45.000010739.8555   18.2159
    7.5000  -30.0000   45.000010305.9111   18.2553
   -7.5000  -22.5000   45.000010833.5957   18.1756
    0.0000  -22.5000   45.000011443.0312   18.2049
    7.5000  -22.5000   45.000010977.2246   18.2529
   -7.5000  -15.0000   45.000011396.5098   18.1814
    0.0000  -15.0000   45.000012033.5898   18.2073
    7.5000  -15.0000   45.000011528.5322   18.2499
   -7.5000   -7.5000   45.000011914.0029   18.1991
    0.0000   -7.5000   45.000012588.9756   18.2231
    7.5000   -7.5000   45.000012072.2969   18.2506
   -7.5000    0.0000   45.000012305.1924   18.2114
    0.0000    0.0000   45.000012997.5342   18.2369
    7.5000    0.0000   45.000012470.2119   18.2551
   -7.5000    7.5000   45.000011709.0850   18.2029
    0.0000    7.5000   45.000012391.2139   18.2321
    7.5000    7.5000   45.000011875.1680   18.2567
   -7.5000   15.0000   45.000010967.7451   18.1850
    0.0000   15.0000   45.000011627.5459   18.2162
    7.5000   15.0000   45.000011129.8184   18.2556
   -7.5000   22.5000   45.000010143.5752   18.1766
    0.0000   22.5000   45.000010760.9014   18.2059
    7.5000   22.5000   45.000010284.2363   18.2540
   -7.5000   30.0000   45.0000 9276.2500   17.9785
    0.0000   30.0000   45.0000 9828.0869   18.0041
    7.5000   30.0000   45.0000 9390.7930   18.0464
   -7.5000   37.5000   45.0000 8607.5010   18.0421
    0.0000   37.5000   45.0000 9084.0195   18.0661
    7.5000   37.5000   45.0000 8714.4375   18.0937
   -7.5000   45.0000   45.0000 7598.2192   17.7273
    0.0000   45.0000   45.0000 8006.3032   17.7529
    7.5000   45.0000   45.0000 7708.5332   17.7714

---------------------------------------------------------------------
imgreg_4dfp /opt/freesurfer/average/711-2C_as_mni_average_305 /opt/freesurfer/average/711-2B_as_mni_average_305_mask talsrcimg_g11 none talsrcimg_to_711-2C_as_mni_average_305_t4 4355
---------------------------------------------------------------------

freesurfer imgreg_4dfp.c
/opt/freesurfer/average/711-2C_as_mni_average_305.4dfp.img
       256       256       256         1
  1.000000  1.000000  1.000000
orientation T byte_order littleendian
Reading image: /opt/freesurfer/average/711-2C_as_mni_average_305.4dfp.img
dimensions:      256       256       256
mmppix:       1.0000   -1.0000   -1.0000
center:     128.0000 -129.0000 -129.0000
/opt/freesurfer/average/711-2B_as_mni_average_305_mask.4dfp.img
       256       256       256         1
  1.000000  1.000000  1.000000
orientation T byte_order littleendian
Reading mask: /opt/freesurfer/average/711-2B_as_mni_average_305_mask.4dfp.img (2306576 pixels)
talsrcimg_g11.4dfp.img
       256       256       256         1
  1.000000  1.000000  1.000000
orientation T byte_order littleendian
Reading image: talsrcimg_g11.4dfp.img
dimensions:      256       256       256
mmppix:       1.0000   -1.0000   -1.0000
center:     128.0000 -129.0000 -129.0000
rotation matrix determinant  1.000000
image alignment mode   4355 decimal     1103 hex
   -7.5000  -45.0000  -45.0000 2447.4546   14.1666
    0.0000  -45.0000  -45.0000 2478.4739   13.9982
    7.5000  -45.0000  -45.0000 2466.3113   14.0132
   -7.5000  -37.5000  -45.0000 2513.3152   13.3528
    0.0000  -37.5000  -45.0000 2545.0842   13.1946
    7.5000  -37.5000  -45.0000 2537.7197   13.2303
   -7.5000  -30.0000  -45.0000 2559.1267   12.8483
    0.0000  -30.0000  -45.0000 2600.9812   12.6708
    7.5000  -30.0000  -45.0000 2585.8267   12.7106
   -7.5000  -22.5000  -45.0000 2588.6636   12.6057
    0.0000  -22.5000  -45.0000 2623.3506   12.4320
    7.5000  -22.5000  -45.0000 2608.2732   12.4661
   -7.5000  -15.0000  -45.0000 2586.5159   12.6253
    0.0000  -15.0000  -45.0000 2611.4077   12.4560
    7.5000  -15.0000  -45.0000 2599.2141   12.4648
   -7.5000   -7.5000  -45.0000 2547.8540   12.8517
    0.0000   -7.5000  -45.0000 2576.5305   12.6882
    7.5000   -7.5000  -45.0000 2564.8105   12.7126
   -7.5000    0.0000  -45.0000 2489.0286   13.3270
    0.0000    0.0000  -45.0000 2520.8989   13.1604
    7.5000    0.0000  -45.0000 2505.9587   13.1794
   -7.5000    7.5000  -45.0000 2412.6033   14.0530
    0.0000    7.5000  -45.0000 2441.4517   13.8996
    7.5000    7.5000  -45.0000 2431.6040   13.9098
   -7.5000   15.0000  -45.0000 2322.3230   15.0704
    0.0000   15.0000  -45.0000 2347.7891   14.9240
    7.5000   15.0000  -45.0000 2336.6067   14.9300
   -7.5000   22.5000  -45.0000 2221.4683   16.4595
    0.0000   22.5000  -45.0000 2240.3701   16.3176
    7.5000   22.5000  -45.0000 2228.2568   16.3209
   -7.5000   30.0000  -45.0000 2104.5166   18.3447
    0.0000   30.0000  -45.0000 2123.6155   18.1691
    7.5000   30.0000  -45.0000 2106.0889   18.2222
   -7.5000   37.5000  -45.0000 1981.0383   20.9730
    0.0000   37.5000  -45.0000 2001.6486   20.7463
    7.5000   37.5000  -45.0000 1992.8379   20.7690
   -7.5000   45.0000  -45.0000 1850.4694   24.5914
    0.0000   45.0000  -45.0000 1865.0781   24.2479
    7.5000   45.0000  -45.0000 1858.6788   24.2781
   -7.5000  -45.0000  -37.5000 2506.2747   13.5113
    0.0000  -45.0000  -37.5000 2535.6565   13.3798
    7.5000  -45.0000  -37.5000 2526.8621   13.4009
   -7.5000  -37.5000  -37.5000 2571.1436   12.6966
    0.0000  -37.5000  -37.5000 2605.1321   12.5219
    7.5000  -37.5000  -37.5000 2596.8667   12.5529
   -7.5000  -30.0000  -37.5000 2622.9829   12.1705
    0.0000  -30.0000  -37.5000 2660.8193   11.9774
    7.5000  -30.0000  -37.5000 2647.4006   12.0145
   -7.5000  -22.5000  -37.5000 2653.4626   11.9063
    0.0000  -22.5000  -37.5000 2686.5161   11.7335
    7.5000  -22.5000  -37.5000 2676.5244   11.7506
   -7.5000  -15.0000  -37.5000 2659.6379   11.8969
    0.0000  -15.0000  -37.5000 2688.6262   11.7112
    7.5000  -15.0000  -37.5000 2677.7612   11.7267
   -7.5000   -7.5000  -37.5000 2631.5081   12.0910
    0.0000   -7.5000  -37.5000 2662.9038   11.9187
    7.5000   -7.5000  -37.5000 2647.3884   11.9392
   -7.5000    0.0000  -37.5000 2574.2825   12.4972
    0.0000    0.0000  -37.5000 2602.3306   12.3229
    7.5000    0.0000  -37.5000 2590.0652   12.3428
   -7.5000    7.5000  -37.5000 2490.5771   13.1596
    0.0000    7.5000  -37.5000 2518.4861   12.9701
    7.5000    7.5000  -37.5000 2509.4294   12.9850
   -7.5000   15.0000  -37.5000 2397.8159   14.0952
    0.0000   15.0000  -37.5000 2423.4456   13.9069
    7.5000   15.0000  -37.5000 2415.3313   13.9247
   -7.5000   22.5000  -37.5000 2295.1572   15.3779
    0.0000   22.5000  -37.5000 2312.7856   15.2016
    7.5000   22.5000  -37.5000 2307.2261   15.2081
   -7.5000   30.0000  -37.5000 2173.2856   17.1154
    0.0000   30.0000  -37.5000 2196.1021   16.9513
    7.5000   30.0000  -37.5000 2179.9309   16.9572
   -7.5000   37.5000  -37.5000 2046.7571   19.5519
    0.0000   37.5000  -37.5000 2071.0269   19.3846
    7.5000   37.5000  -37.5000 2058.2751   19.3754
   -7.5000   45.0000  -37.5000 1907.1017   22.8828
    0.0000   45.0000  -37.5000 1926.0100   22.6168
    7.5000   45.0000  -37.5000 1916.1293   22.6232
   -7.5000  -45.0000  -30.0000 2601.3770   13.4085
    0.0000  -45.0000  -30.0000 2635.4666   13.2544
    7.5000  -45.0000  -30.0000 2628.0706   13.2647
   -7.5000  -37.5000  -30.0000 2677.4092   12.5500
    0.0000  -37.5000  -30.0000 2707.7864   12.3880
    7.5000  -37.5000  -30.0000 2702.0837   12.4009
   -7.5000  -30.0000  -30.0000 2729.8298   11.9697
    0.0000  -30.0000  -30.0000 2765.4036   11.7595
    7.5000  -30.0000  -30.0000 2755.5388   11.7810
   -7.5000  -22.5000  -30.0000 2763.3240   11.6775
    0.0000  -22.5000  -30.0000 2798.5474   11.4499
    7.5000  -22.5000  -30.0000 2787.6030   11.4666
   -7.5000  -15.0000  -30.0000 2775.6240   11.6161
    0.0000  -15.0000  -30.0000 2805.2708   11.4134
    7.5000  -15.0000  -30.0000 2794.7615   11.4323
   -7.5000   -7.5000  -30.0000 2753.7471   11.7850
    0.0000   -7.5000  -30.0000 2785.5095   11.5980
    7.5000   -7.5000  -30.0000 2774.7151   11.6022
   -7.5000    0.0000  -30.0000 2701.4307   12.1916
    0.0000    0.0000  -30.0000 2726.8989   11.9828
    7.5000    0.0000  -30.0000 2717.2478   11.9950
   -7.5000    7.5000  -30.0000 2619.9438   12.8109
    0.0000    7.5000  -30.0000 2646.9810   12.5914
    7.5000    7.5000  -30.0000 2636.5430   12.5973
   -7.5000   15.0000  -30.0000 2519.9861   13.7016
    0.0000   15.0000  -30.0000 2546.5059   13.4831
    7.5000   15.0000  -30.0000 2539.2917   13.5062
   -7.5000   22.5000  -30.0000 2408.2427   14.9907
    0.0000   22.5000  -30.0000 2433.0027   14.7739
    7.5000   22.5000  -30.0000 2425.7766   14.8002
   -7.5000   30.0000  -30.0000 2282.7068   16.6969
    0.0000   30.0000  -30.0000 2305.7688   16.5082
    7.5000   30.0000  -30.0000 2296.8940   16.5402
   -7.5000   37.5000  -30.0000 2146.7358   19.0156
    0.0000   37.5000  -30.0000 2171.4907   18.8305
    7.5000   37.5000  -30.0000 2158.8135   18.8509
   -7.5000   45.0000  -30.0000 1996.8949   22.1554
    0.0000   45.0000  -30.0000 2019.2716   21.8808
    7.5000   45.0000  -30.0000 2006.9209   21.9194
   -7.5000  -45.0000  -22.5000 2662.4670   13.3049
    0.0000  -45.0000  -22.5000 2692.0801   13.1659
    7.5000  -45.0000  -22.5000 2685.9893   13.1232
   -7.5000  -37.5000  -22.5000 2750.2605   12.4179
    0.0000  -37.5000  -22.5000 2775.6951   12.2605
    7.5000  -37.5000  -22.5000 2770.5571   12.2391
   -7.5000  -30.0000  -22.5000 2804.2271   11.7847
    0.0000  -30.0000  -22.5000 2833.8777   11.5900
    7.5000  -30.0000  -22.5000 2826.0913   11.5811
   -7.5000  -22.5000  -22.5000 2840.2690   11.4313
    0.0000  -22.5000  -22.5000 2870.5562   11.1782
    7.5000  -22.5000  -22.5000 2858.1841   11.1932
   -7.5000  -15.0000  -22.5000 2850.9795   11.3237
    0.0000  -15.0000  -22.5000 2877.1455   11.0758
    7.5000  -15.0000  -22.5000 2865.2327   11.1114
   -7.5000   -7.5000  -22.5000 2834.3496   11.4759
    0.0000   -7.5000  -22.5000 2861.0713   11.2579
    7.5000   -7.5000  -22.5000 2853.9404   11.2765
   -7.5000    0.0000  -22.5000 2784.7542   11.8743
    0.0000    0.0000  -22.5000 2808.7988   11.6392
    7.5000    0.0000  -22.5000 2804.3093   11.6651
   -7.5000    7.5000  -22.5000 2710.5684   12.4889
    0.0000    7.5000  -22.5000 2737.8333   12.2477
    7.5000    7.5000  -22.5000 2730.7434   12.2912
   -7.5000   15.0000  -22.5000 2609.4780   13.3742
    0.0000   15.0000  -22.5000 2639.0051   13.1465
    7.5000   15.0000  -22.5000 2631.6536   13.2075
   -7.5000   22.5000  -22.5000 2493.8494   14.6619
    0.0000   22.5000  -22.5000 2522.8613   14.4581
    7.5000   22.5000  -22.5000 2512.6709   14.4917
   -7.5000   30.0000  -22.5000 2362.7678   16.3275
    0.0000   30.0000  -22.5000 2388.0811   16.1450
    7.5000   30.0000  -22.5000 2382.2861   16.1363
   -7.5000   37.5000  -22.5000 2216.7192   18.5427
    0.0000   37.5000  -22.5000 2243.8530   18.3206
    7.5000   37.5000  -22.5000 2233.1611   18.3178
   -7.5000   45.0000  -22.5000 2056.0676   21.4861
    0.0000   45.0000  -22.5000 2077.7075   21.1829
    7.5000   45.0000  -22.5000 2064.7686   21.2271
   -7.5000  -45.0000  -15.0000 2676.3777   13.2173
    0.0000  -45.0000  -15.0000 2701.9968   13.0852
    7.5000  -45.0000  -15.0000 2695.5557   13.0189
   -7.5000  -37.5000  -15.0000 2774.2688   12.2991
    0.0000  -37.5000  -15.0000 2802.5291   12.1956
    7.5000  -37.5000  -15.0000 2791.2915   12.1215
   -7.5000  -30.0000  -15.0000 2837.2993   11.7235
    0.0000  -30.0000  -15.0000 2865.4768   11.5855
    7.5000  -30.0000  -15.0000 2854.1199   11.5213
   -7.5000  -22.5000  -15.0000 2870.9983   11.3377
    0.0000  -22.5000  -15.0000 2896.3904   11.1240
    7.5000  -22.5000  -15.0000 2882.3552   11.1402
   -7.5000  -15.0000  -15.0000 2884.8855   11.1526
    0.0000  -15.0000  -15.0000 2906.2500   10.9251
    7.5000  -15.0000  -15.0000 2895.8115   10.9847
   -7.5000   -7.5000  -15.0000 2874.8162   11.2544
    0.0000   -7.5000  -15.0000 2898.2332   11.0502
    7.5000   -7.5000  -15.0000 2893.3289   11.1061
   -7.5000    0.0000  -15.0000 2830.7849   11.6417
    0.0000    0.0000  -15.0000 2862.5820   11.4752
    7.5000    0.0000  -15.0000 2852.9626   11.4805
   -7.5000    7.5000  -15.0000 2759.4941   12.2912
    0.0000    7.5000  -15.0000 2797.3540   12.1438
    7.5000    7.5000  -15.0000 2785.2437   12.1238
   -7.5000   15.0000  -15.0000 2662.3787   13.1949
    0.0000   15.0000  -15.0000 2698.3616   13.0591
    7.5000   15.0000  -15.0000 2682.2937   13.0377
   -7.5000   22.5000  -15.0000 2546.5374   14.4164
    0.0000   22.5000  -15.0000 2581.3550   14.2961
    7.5000   22.5000  -15.0000 2565.5461   14.2625
   -7.5000   30.0000  -15.0000 2415.0686   16.0644
    0.0000   30.0000  -15.0000 2448.7927   15.9271
    7.5000   30.0000  -15.0000 2434.1055   15.8989
   -7.5000   37.5000  -15.0000 2262.7144   18.2096
    0.0000   37.5000  -15.0000 2290.1045   18.0256
    7.5000   37.5000  -15.0000 2278.6631   17.9796
   -7.5000   45.0000  -15.0000 2095.3337   21.0360
    0.0000   45.0000  -15.0000 2113.4216   20.7483
    7.5000   45.0000  -15.0000 2105.5212   20.7136
   -7.5000  -45.0000   -7.5000 2672.6348   13.1664
    0.0000  -45.0000   -7.5000 2690.3699   13.0185
    7.5000  -45.0000   -7.5000 2685.4377   12.9900
   -7.5000  -37.5000   -7.5000 2774.7158   12.2497
    0.0000  -37.5000   -7.5000 2794.7065   12.1564
    7.5000  -37.5000   -7.5000 2789.1919   12.1103
   -7.5000  -30.0000   -7.5000 2849.2356   11.7139
    0.0000  -30.0000   -7.5000 2874.8899   11.6517
    7.5000  -30.0000   -7.5000 2866.0427   11.5789
   -7.5000  -22.5000   -7.5000 2891.7939   11.3718
    0.0000  -22.5000   -7.5000 2928.5408   11.3508
    7.5000  -22.5000   -7.5000 2908.4543   11.2702
   -7.5000  -15.0000   -7.5000 2905.9141   11.1723
    0.0000  -15.0000   -7.5000 2946.7288   11.1354
    7.5000  -15.0000   -7.5000 2921.2449   11.0941
   -7.5000   -7.5000   -7.5000 2895.1226   11.2349
    0.0000   -7.5000   -7.5000 2937.6494   11.2033
    7.5000   -7.5000   -7.5000 2913.3794   11.1581
   -7.5000    0.0000   -7.5000 2856.7305   11.5749
    0.0000    0.0000   -7.5000 2902.1416   11.5479
    7.5000    0.0000   -7.5000 2880.0076   11.4677
   -7.5000    7.5000   -7.5000 2786.6165   12.1766
    0.0000    7.5000   -7.5000 2830.6431   12.1185
    7.5000    7.5000   -7.5000 2813.0752   12.0313
   -7.5000   15.0000   -7.5000 2693.7661   13.0383
    0.0000   15.0000   -7.5000 2725.3037   12.9232
    7.5000   15.0000   -7.5000 2711.7395   12.8778
   -7.5000   22.5000   -7.5000 2578.3782   14.2456
    0.0000   22.5000   -7.5000 2609.3997   14.0922
    7.5000   22.5000   -7.5000 2596.2197   14.0685
   -7.5000   30.0000   -7.5000 2441.7402   15.8071
    0.0000   30.0000   -7.5000 2476.8772   15.6767
    7.5000   30.0000   -7.5000 2460.8259   15.6641
   -7.5000   37.5000   -7.5000 2286.2744   17.8866
    0.0000   37.5000   -7.5000 2315.5774   17.7627
    7.5000   37.5000   -7.5000 2304.7517   17.7129
   -7.5000   45.0000   -7.5000 2114.4441   20.6252
    0.0000   45.0000   -7.5000 2139.6379   20.4323
    7.5000   45.0000   -7.5000 2131.4749   20.3465
   -7.5000  -45.0000    0.0000 2647.8191   13.2634
    0.0000  -45.0000    0.0000 2668.8394   13.2133
    7.5000  -45.0000    0.0000 2659.2432   13.1608
   -7.5000  -37.5000    0.0000 2756.6702   12.3559
    0.0000  -37.5000    0.0000 2780.3125   12.3712
    7.5000  -37.5000    0.0000 2768.2231   12.3026
   -7.5000  -30.0000    0.0000 2845.5806   11.7895
    0.0000  -30.0000    0.0000 2879.4961   11.8642
    7.5000  -30.0000    0.0000 2864.0945   11.7652
   -7.5000  -22.5000    0.0000 2901.2366   11.4714
    0.0000  -22.5000    0.0000 2952.7305   11.5819
    7.5000  -22.5000    0.0000 2929.6152   11.4747
   -7.5000  -15.0000    0.0000 2926.6699   11.2989
    0.0000  -15.0000    0.0000 2978.8364   11.3686
    7.5000  -15.0000    0.0000 2952.9917   11.2954
   -7.5000   -7.5000    0.0000 2916.1716   11.3606
    0.0000   -7.5000    0.0000 2962.1716   11.3850
    7.5000   -7.5000    0.0000 2937.9888   11.3267
   -7.5000    0.0000    0.0000 2867.1929   11.6505
    0.0000    0.0000    0.0000 2914.2969   11.6488
    7.5000    0.0000    0.0000 2894.2832   11.5593
   -7.5000    7.5000    0.0000 2792.1978   12.2105
    0.0000    7.5000    0.0000 2833.7229   12.1258
    7.5000    7.5000    0.0000 2816.9695   12.0758
   -7.5000   15.0000    0.0000 2692.0776   13.0370
    0.0000   15.0000    0.0000 2726.4873   12.9084
    7.5000   15.0000    0.0000 2711.7756   12.8594
   -7.5000   22.5000    0.0000 2584.2363   14.1980
    0.0000   22.5000    0.0000 2608.9502   14.0245
    7.5000   22.5000    0.0000 2595.9338   13.9912
   -7.5000   30.0000    0.0000 2451.2375   15.7134
    0.0000   30.0000    0.0000 2479.3289   15.5448
    7.5000   30.0000    0.0000 2467.6316   15.5214
   -7.5000   37.5000    0.0000 2296.1936   17.7576
    0.0000   37.5000    0.0000 2322.1035   17.5899
    7.5000   37.5000    0.0000 2313.9700   17.5668
   -7.5000   45.0000    0.0000 2122.3577   20.5247
    0.0000   45.0000    0.0000 2156.1838   20.3308
    7.5000   45.0000    0.0000 2142.7065   20.2425
   -7.5000  -45.0000    7.5000 2620.6902   13.5374
    0.0000  -45.0000    7.5000 2645.8245   13.5752
    7.5000  -45.0000    7.5000 2630.7473   13.5435
   -7.5000  -37.5000    7.5000 2731.7441   12.5766
    0.0000  -37.5000    7.5000 2764.6965   12.6267
    7.5000  -37.5000    7.5000 2747.4407   12.5670
   -7.5000  -30.0000    7.5000 2829.4907   11.9510
    0.0000  -30.0000    7.5000 2865.7837   12.0246
    7.5000  -30.0000    7.5000 2850.1045   11.9386
   -7.5000  -22.5000    7.5000 2896.1279   11.5868
    0.0000  -22.5000    7.5000 2940.9119   11.6917
    7.5000  -22.5000    7.5000 2922.9329   11.5808
   -7.5000  -15.0000    7.5000 2922.6489   11.3847
    0.0000  -15.0000    7.5000 2977.5090   11.4033
    7.5000  -15.0000    7.5000 2951.7437   11.3554
   -7.5000   -7.5000    7.5000 2913.1260   11.4319
    0.0000   -7.5000    7.5000 2956.6958   11.3545
    7.5000   -7.5000    7.5000 2936.0161   11.3492
   -7.5000    0.0000    7.5000 2865.3484   11.7631
    0.0000    0.0000    7.5000 2905.5007   11.6149
    7.5000    0.0000    7.5000 2891.6992   11.6246
   -7.5000    7.5000    7.5000 2789.4680   12.3446
    0.0000    7.5000    7.5000 2829.2378   12.2024
    7.5000    7.5000    7.5000 2813.6846   12.1868
   -7.5000   15.0000    7.5000 2684.0144   13.2070
    0.0000   15.0000    7.5000 2717.9976   13.0611
    7.5000   15.0000    7.5000 2704.2556   13.0309
   -7.5000   22.5000    7.5000 2572.7412   14.3606
    0.0000   22.5000    7.5000 2595.1426   14.2025
    7.5000   22.5000    7.5000 2581.3032   14.1555
   -7.5000   30.0000    7.5000 2441.0835   15.8911
    0.0000   30.0000    7.5000 2461.1494   15.6865
    7.5000   30.0000    7.5000 2453.5327   15.6538
   -7.5000   37.5000    7.5000 2290.2449   17.8342
    0.0000   37.5000    7.5000 2314.9905   17.6732
    7.5000   37.5000    7.5000 2304.1450   17.6147
   -7.5000   45.0000    7.5000 2116.9380   20.5231
    0.0000   45.0000    7.5000 2149.6191   20.3358
    7.5000   45.0000    7.5000 2137.1824   20.2609
   -7.5000  -45.0000   15.0000 2584.3350   13.9459
    0.0000  -45.0000   15.0000 2607.9294   13.9551
    7.5000  -45.0000   15.0000 2592.2917   13.8962
   -7.5000  -37.5000   15.0000 2697.6511   12.8810
    0.0000  -37.5000   15.0000 2729.0115   12.8762
    7.5000  -37.5000   15.0000 2714.5505   12.8264
   -7.5000  -30.0000   15.0000 2796.4509   12.1771
    0.0000  -30.0000   15.0000 2836.6084   12.1974
    7.5000  -30.0000   15.0000 2818.7197   12.1244
   -7.5000  -22.5000   15.0000 2869.9707   11.7803
    0.0000  -22.5000   15.0000 2914.4387   11.8146
    7.5000  -22.5000   15.0000 2895.3633   11.7247
   -7.5000  -15.0000   15.0000 2899.4631   11.5933
    0.0000  -15.0000   15.0000 2946.1008   11.4920
    7.5000  -15.0000   15.0000 2921.9465   11.4984
   -7.5000   -7.5000   15.0000 2889.1953   11.6362
    0.0000   -7.5000   15.0000 2927.0835   11.4339
    7.5000   -7.5000   15.0000 2911.5024   11.5007
   -7.5000    0.0000   15.0000 2843.9590   11.9692
    0.0000    0.0000   15.0000 2880.1426   11.7760
    7.5000    0.0000   15.0000 2870.2842   11.8035
   -7.5000    7.5000   15.0000 2771.3809   12.5882
    0.0000    7.5000   15.0000 2807.1587   12.4227
    7.5000    7.5000   15.0000 2792.3672   12.4136
   -7.5000   15.0000   15.0000 2664.4441   13.4823
    0.0000   15.0000   15.0000 2697.3735   13.3222
    7.5000   15.0000   15.0000 2684.2280   13.2843
   -7.5000   22.5000   15.0000 2548.4089   14.6632
    0.0000   22.5000   15.0000 2572.8020   14.4989
    7.5000   22.5000   15.0000 2558.9980   14.4423
   -7.5000   30.0000   15.0000 2416.0051   16.1839
    0.0000   30.0000   15.0000 2433.9211   15.9903
    7.5000   30.0000   15.0000 2425.1797   15.9456
   -7.5000   37.5000   15.0000 2267.0959   18.1239
    0.0000   37.5000   15.0000 2287.6843   17.9489
    7.5000   37.5000   15.0000 2276.8103   17.8630
   -7.5000   45.0000   15.0000 2098.9578   20.7662
    0.0000   45.0000   15.0000 2126.1172   20.5632
    7.5000   45.0000   15.0000 2113.6504   20.4508
   -7.5000  -45.0000   22.5000 2538.7480   14.4208
    0.0000  -45.0000   22.5000 2566.9207   14.3848
    7.5000  -45.0000   22.5000 2551.4434   14.3492
   -7.5000  -37.5000   22.5000 2653.3818   13.3090
    0.0000  -37.5000   22.5000 2689.7810   13.2892
    7.5000  -37.5000   22.5000 2672.8086   13.2457
   -7.5000  -30.0000   22.5000 2754.8030   12.5898
    0.0000  -30.0000   22.5000 2795.2686   12.5879
    7.5000  -30.0000   22.5000 2776.9404   12.5175
   -7.5000  -22.5000   22.5000 2826.9751   12.1770
    0.0000  -22.5000   22.5000 2866.7678   12.1299
    7.5000  -22.5000   22.5000 2849.3457   12.0850
   -7.5000  -15.0000   22.5000 2856.5212   11.9814
    0.0000  -15.0000   22.5000 2893.7109   11.8073
    7.5000  -15.0000   22.5000 2873.6448   11.8610
   -7.5000   -7.5000   22.5000 2851.7466   12.0001
    0.0000   -7.5000   22.5000 2886.5269   11.7992
    7.5000   -7.5000   22.5000 2868.2744   11.8448
   -7.5000    0.0000   22.5000 2811.5828   12.3631
    0.0000    0.0000   22.5000 2842.2124   12.1905
    7.5000    0.0000   22.5000 2831.4836   12.1700
   -7.5000    7.5000   22.5000 2735.0144   12.9840
    0.0000    7.5000   22.5000 2764.6729   12.8166
    7.5000    7.5000   22.5000 2752.1926   12.7880
   -7.5000   15.0000   22.5000 2633.1667   13.8851
    0.0000   15.0000   22.5000 2659.7373   13.6795
    7.5000   15.0000   22.5000 2648.4744   13.6548
   -7.5000   22.5000   22.5000 2516.4873   15.0565
    0.0000   22.5000   22.5000 2542.4629   14.8561
    7.5000   22.5000   22.5000 2527.1418   14.8400
   -7.5000   30.0000   22.5000 2377.0354   16.5483
    0.0000   30.0000   22.5000 2402.6978   16.4037
    7.5000   30.0000   22.5000 2390.9092   16.3578
   -7.5000   37.5000   22.5000 2231.7644   18.5687
    0.0000   37.5000   22.5000 2250.5830   18.3890
    7.5000   37.5000   22.5000 2242.2480   18.3155
   -7.5000   45.0000   22.5000 2065.7371   21.2043
    0.0000   45.0000   22.5000 2088.2275   20.9789
    7.5000   45.0000   22.5000 2081.9246   20.9042
   -7.5000  -45.0000   30.0000 2486.3179   15.0877
    0.0000  -45.0000   30.0000 2513.6233   14.9984
    7.5000  -45.0000   30.0000 2497.7625   14.9636
   -7.5000  -37.5000   30.0000 2598.8857   13.9500
    0.0000  -37.5000   30.0000 2633.4209   13.8773
    7.5000  -37.5000   30.0000 2616.8291   13.8255
   -7.5000  -30.0000   30.0000 2698.2529   13.2170
    0.0000  -30.0000   30.0000 2729.6011   13.1087
    7.5000  -30.0000   30.0000 2714.3049   13.0777
   -7.5000  -22.5000   30.0000 2767.9211   12.7567
    0.0000  -22.5000   30.0000 2801.0308   12.6224
    7.5000  -22.5000   30.0000 2785.9565   12.6383
   -7.5000  -15.0000   30.0000 2793.7588   12.5375
    0.0000  -15.0000   30.0000 2825.9954   12.3492
    7.5000  -15.0000   30.0000 2805.4253   12.4199
   -7.5000   -7.5000   30.0000 2789.0320   12.5770
    0.0000   -7.5000   30.0000 2818.5405   12.4040
    7.5000   -7.5000   30.0000 2802.3779   12.4187
   -7.5000    0.0000   30.0000 2750.7290   12.9338
    0.0000    0.0000   30.0000 2778.7766   12.7794
    7.5000    0.0000   30.0000 2768.7261   12.7347
   -7.5000    7.5000   30.0000 2673.7930   13.5342
    0.0000    7.5000   30.0000 2704.1289   13.3577
    7.5000    7.5000   30.0000 2694.3728   13.3130
   -7.5000   15.0000   30.0000 2577.4888   14.3869
    0.0000   15.0000   30.0000 2605.8665   14.1779
    7.5000   15.0000   30.0000 2596.1140   14.1605
   -7.5000   22.5000   30.0000 2468.6140   15.5690
    0.0000   22.5000   30.0000 2495.6296   15.3529
    7.5000   22.5000   30.0000 2483.7781   15.3418
   -7.5000   30.0000   30.0000 2334.7278   17.0975
    0.0000   30.0000   30.0000 2359.7275   16.9084
    7.5000   30.0000   30.0000 2349.2197   16.8922
   -7.5000   37.5000   30.0000 2185.9302   19.1192
    0.0000   37.5000   30.0000 2201.9221   18.9379
    7.5000   37.5000   30.0000 2199.1653   18.8721
   -7.5000   45.0000   30.0000 2027.6074   21.7585
    0.0000   45.0000   30.0000 2046.6172   21.5585
    7.5000   45.0000   30.0000 2041.9043   21.4981
   -7.5000  -45.0000   37.5000 2422.8442   15.9799
    0.0000  -45.0000   37.5000 2445.0137   15.8164
    7.5000  -45.0000   37.5000 2433.7944   15.7889
   -7.5000  -37.5000   37.5000 2538.4656   14.7798
    0.0000  -37.5000   37.5000 2561.8530   14.6193
    7.5000  -37.5000   37.5000 2549.4055   14.5892
   -7.5000  -30.0000   37.5000 2632.0315   14.0039
    0.0000  -30.0000   37.5000 2658.6782   13.8069
    7.5000  -30.0000   37.5000 2645.0530   13.8196
   -7.5000  -22.5000   37.5000 2695.1680   13.4903
    0.0000  -22.5000   37.5000 2725.7473   13.3021
    7.5000  -22.5000   37.5000 2707.1902   13.3479
   -7.5000  -15.0000   37.5000 2718.3816   13.2674
    0.0000  -15.0000   37.5000 2750.1611   13.0705
    7.5000  -15.0000   37.5000 2729.1685   13.1211
   -7.5000   -7.5000   37.5000 2713.0713   13.3613
    0.0000   -7.5000   37.5000 2740.4487   13.1678
    7.5000   -7.5000   37.5000 2726.8955   13.1536
   -7.5000    0.0000   37.5000 2669.5139   13.6873
    0.0000    0.0000   37.5000 2696.5010   13.5191
    7.5000    0.0000   37.5000 2685.9614   13.4630
   -7.5000    7.5000   37.5000 2602.7473   14.2437
    0.0000    7.5000   37.5000 2632.8279   14.0592
    7.5000    7.5000   37.5000 2622.7812   14.0054
   -7.5000   15.0000   37.5000 2515.3606   15.0631
    0.0000   15.0000   37.5000 2544.9487   14.8550
    7.5000   15.0000   37.5000 2534.7166   14.8253
   -7.5000   22.5000   37.5000 2410.5623   16.2579
    0.0000   22.5000   37.5000 2437.8105   16.0316
    7.5000   22.5000   37.5000 2424.5933   16.0011
   -7.5000   30.0000   37.5000 2285.2324   17.8077
    0.0000   30.0000   37.5000 2305.8062   17.5951
    7.5000   30.0000   37.5000 2293.1621   17.5745
   -7.5000   37.5000   37.5000 2136.9187   19.8739
    0.0000   37.5000   37.5000 2157.1692   19.6755
    7.5000   37.5000   37.5000 2149.6252   19.6175
   -7.5000   45.0000   37.5000 1983.2761   22.5910
    0.0000   45.0000   37.5000 2002.2974   22.3838
    7.5000   45.0000   37.5000 1998.4235   22.3180
   -7.5000  -45.0000   45.0000 2357.8591   17.1459
    0.0000  -45.0000   45.0000 2375.0532   16.8719
    7.5000  -45.0000   45.0000 2368.1724   16.8392
   -7.5000  -37.5000   45.0000 2464.7888   15.8497
    0.0000  -37.5000   45.0000 2485.8115   15.5856
    7.5000  -37.5000   45.0000 2475.8386   15.5592
   -7.5000  -30.0000   45.0000 2551.3225   14.9850
    0.0000  -30.0000   45.0000 2577.0054   14.7314
    7.5000  -30.0000   45.0000 2565.4607   14.7722
   -7.5000  -22.5000   45.0000 2611.9348   14.4331
    0.0000  -22.5000   45.0000 2636.3459   14.2096
    7.5000  -22.5000   45.0000 2621.5752   14.2651
   -7.5000  -15.0000   45.0000 2636.4626   14.1755
    0.0000  -15.0000   45.0000 2660.7834   13.9790
    7.5000  -15.0000   45.0000 2642.9302   14.0100
   -7.5000   -7.5000   45.0000 2628.3967   14.2789
    0.0000   -7.5000   45.0000 2653.9617   14.0892
    7.5000   -7.5000   45.0000 2643.1650   14.0614
   -7.5000    0.0000   45.0000 2586.6863   14.6208
    0.0000    0.0000   45.0000 2609.5195   14.4195
    7.5000    0.0000   45.0000 2599.0403   14.3609
   -7.5000    7.5000   45.0000 2523.2268   15.1741
    0.0000    7.5000   45.0000 2550.6223   14.9261
    7.5000    7.5000   45.0000 2541.3359   14.8818
   -7.5000   15.0000   45.0000 2437.9307   15.9449
    0.0000   15.0000   45.0000 2472.7334   15.6896
    7.5000   15.0000   45.0000 2460.2871   15.6791
   -7.5000   22.5000   45.0000 2335.2346   17.0868
    0.0000   22.5000   45.0000 2367.6455   16.8445
    7.5000   22.5000   45.0000 2353.3997   16.8271
   -7.5000   30.0000   45.0000 2224.9338   18.6672
    0.0000   30.0000   45.0000 2249.6653   18.4708
    7.5000   30.0000   45.0000 2231.0977   18.4317
   -7.5000   37.5000   45.0000 2082.2827   20.8240
    0.0000   37.5000   45.0000 2099.8022   20.6425
    7.5000   37.5000   45.0000 2089.9783   20.5599
   -7.5000   45.0000   45.0000 1936.2850   23.6179
    0.0000   45.0000   45.0000 1952.0079   23.4327
    7.5000   45.0000   45.0000 1951.1959   23.3260

---------------------------------------------------------------------
imgreg_4dfp /opt/freesurfer/average/711-2C_as_mni_average_305 /opt/freesurfer/average/711-2B_as_mni_average_305_mask talsrcimg_g11 none talsrcimg_to_711-2C_as_mni_average_305_t4 1283
---------------------------------------------------------------------

freesurfer imgreg_4dfp.c
/opt/freesurfer/average/711-2C_as_mni_average_305.4dfp.img
       256       256       256         1
  1.000000  1.000000  1.000000
orientation T byte_order littleendian
Reading image: /opt/freesurfer/average/711-2C_as_mni_average_305.4dfp.img
dimensions:      256       256       256
mmppix:       1.0000   -1.0000   -1.0000
center:     128.0000 -129.0000 -129.0000
/opt/freesurfer/average/711-2B_as_mni_average_305_mask.4dfp.img
       256       256       256         1
  1.000000  1.000000  1.000000
orientation T byte_order littleendian
Reading mask: /opt/freesurfer/average/711-2B_as_mni_average_305_mask.4dfp.img (2306576 pixels)
talsrcimg_g11.4dfp.img
       256       256       256         1
  1.000000  1.000000  1.000000
orientation T byte_order littleendian
Reading image: talsrcimg_g11.4dfp.img
dimensions:      256       256       256
mmppix:       1.0000   -1.0000   -1.0000
center:     128.0000 -129.0000 -129.0000
rotation matrix determinant  1.000000
fimgreg.f
image alignment mode   1283 decimal      503 hex
parameters
    0.0000  -15.0000    0.0000    0.0000    0.0000    0.0000
eta,q 0.93474 11.38914
niter,ni,del,rscale     5    3   12.0000    1.2000
parameter  3 -1.438899 -> -0.500000 qaram    1.1500
parameter  4 -5.184768 ->  0.500000 qaram    1.1500
parameters
    0.3187  -13.8846    3.4500   -3.4500    2.1546    1.2759
eta,q 0.94064 11.23099
  0.0814  0.0722  0.0707  0.0575  0.0707  0.0648
  0.0756  0.0695  0.0676  0.0602  0.0660  0.0630
  0.0700  0.0675  0.0666  0.0623  0.0628  0.0610
  0.0673  0.0671  0.0667  0.0649  0.0608  0.0597
  0.0691  0.0666  0.0660  0.0669  0.0598  0.0593
  0.0740  0.0675  0.0647  0.0687  0.0601  0.0601
  0.0787  0.0693  0.0640  0.0707  0.0625  0.0622
niter,ni,del,rscale     6    3   12.0000    1.2000
parameter  4  7.089890 ->  0.500000 qaram    1.3225
parameters
    0.8318  -13.7157    3.3663   -7.4175    1.2947    2.5635
eta,q 0.94662 11.29219
  0.0767  0.0669  0.0639  0.0520  0.0587  0.0603
  0.0698  0.0625  0.0616  0.0537  0.0561  0.0580
  0.0633  0.0597  0.0601  0.0559  0.0541  0.0558
  0.0594  0.0591  0.0591  0.0591  0.0542  0.0540
  0.0604  0.0595  0.0593  0.0627  0.0556  0.0534
  0.0661  0.0626  0.0613  0.0657  0.0585  0.0547
  0.0724  0.0656  0.0648  0.0675  0.0623  0.0571
niter,ni,del,rscale     6    3   12.0000    1.2000
parameter  4  1.185022 ->  0.500000 qaram    1.5209
parameters
    1.4417  -12.6095    3.6172  -11.9801    0.9015    2.5139
eta,q 0.95033 11.39397
  0.0704  0.0649  0.0603  0.0480  0.0551  0.0537
  0.0629  0.0599  0.0571  0.0493  0.0525  0.0514
  0.0563  0.0557  0.0543  0.0514  0.0501  0.0499
  0.0534  0.0533  0.0530  0.0531  0.0498  0.0497
  0.0543  0.0535  0.0543  0.0567  0.0512  0.0505
  0.0589  0.0560  0.0561  0.0619  0.0535  0.0519
  0.0649  0.0587  0.0595  0.0667  0.0565  0.0534
niter,ni,del,rscale     6    3   12.0000    1.2000
parameter  4  0.859170 ->  0.500000 qaram    1.7490
parameters
    1.4551  -12.2463    2.3045  -17.2272    0.6366    1.8864
eta,q 0.95371 11.43865
  0.0642  0.0589  0.0543  0.0457  0.0524  0.0488
  0.0574  0.0544  0.0501  0.0462  0.0492  0.0470
  0.0519  0.0514  0.0492  0.0472  0.0472  0.0462
  0.0497  0.0497  0.0496  0.0493  0.0464  0.0464
  0.0519  0.0504  0.0514  0.0519  0.0475  0.0470
  0.0576  0.0535  0.0547  0.0552  0.0500  0.0479
  0.0639  0.0568  0.0586  0.0612  0.0535  0.0498
niter,ni,del,rscale     6    3   12.0000    1.2000
parameters
    1.3451  -10.6039    1.5704  -20.2231    0.8003    1.7358
eta,q 0.95675 11.46710
  0.0599  0.0564  0.0527  0.0494  0.0516  0.0480
  0.0536  0.0513  0.0489  0.0459  0.0479  0.0452
  0.0485  0.0481  0.0466  0.0432  0.0452  0.0436
  0.0463  0.0463  0.0458  0.0457  0.0433  0.0433
  0.0480  0.0458  0.0479  0.0491  0.0439  0.0443
  0.0542  0.0467  0.0514  0.0520  0.0470  0.0460
  0.0614  0.0491  0.0562  0.0570  0.0513  0.0480
niter,ni,del,rscale     5    3   12.0000    1.2000
parameters
    1.5384  -10.2128    0.8653  -20.8647    0.6054    1.8438
eta,q 0.95688 11.48956
  0.0609  0.0525  0.0517  0.0529  0.0500  0.0481
  0.0532  0.0485  0.0477  0.0470  0.0468  0.0451
  0.0463  0.0455  0.0443  0.0441  0.0444  0.0434
  0.0432  0.0432  0.0432  0.0432  0.0430  0.0431
  0.0450  0.0445  0.0457  0.0465  0.0438  0.0439
  0.0513  0.0474  0.0508  0.0501  0.0470  0.0454
  0.0593  0.0504  0.0556  0.0536  0.0516  0.0472
niter,ni,del,rscale     4    3   12.0000    1.2000
parameters
    1.6141  -10.2380    0.5869  -21.1056    0.5179    1.8747
eta,q 0.95680 11.50224
  0.0604  0.0512  0.0527  0.0536  0.0500  0.0479
  0.0523  0.0474  0.0481  0.0473  0.0469  0.0450
  0.0456  0.0445  0.0448  0.0443  0.0444  0.0434
  0.0431  0.0431  0.0431  0.0432  0.0432  0.0432
  0.0451  0.0448  0.0446  0.0460  0.0436  0.0440
  0.0516  0.0476  0.0494  0.0494  0.0465  0.0455
  0.0598  0.0512  0.0544  0.0529  0.0512  0.0472
niter,ni,del,rscale     3    3   12.0000    1.2000
parameters
    1.6374  -10.2817    0.4746  -21.1746    0.4848    1.8757
eta,q 0.95678 11.50598
  0.0603  0.0512  0.0532  0.0538  0.0500  0.0478
  0.0521  0.0472  0.0483  0.0475  0.0469  0.0449
  0.0454  0.0445  0.0449  0.0443  0.0444  0.0434
  0.0432  0.0432  0.0432  0.0432  0.0432  0.0432
  0.0453  0.0448  0.0443  0.0458  0.0436  0.0441
  0.0519  0.0475  0.0489  0.0492  0.0462  0.0455
  0.0602  0.0512  0.0540  0.0526  0.0509  0.0472
niter,ni,del,rscale     2    3   12.0000    1.2000
parameters
    1.6465  -10.3074    0.4335  -21.1940    0.4705    1.8767
eta,q 0.95677 11.50742
  0.0603  0.0513  0.0534  0.0539  0.0500  0.0478
  0.0521  0.0472  0.0484  0.0475  0.0469  0.0449
  0.0453  0.0445  0.0450  0.0443  0.0445  0.0434
  0.0432  0.0432  0.0432  0.0432  0.0432  0.0432
  0.0453  0.0447  0.0442  0.0457  0.0436  0.0441
  0.0519  0.0475  0.0487  0.0491  0.0462  0.0455
  0.0603  0.0512  0.0538  0.0525  0.0508  0.0472
registration optimization eta report
parameter search radius
    6.0000    6.0000    6.9000   10.4940    6.0000    6.0000
100000*second partial in parameter space
       47.       21.       21.        9.       20.       12.
  0.0603  0.0513  0.0534  0.0539  0.0500  0.0478
  0.0521  0.0472  0.0484  0.0475  0.0469  0.0449
  0.0453  0.0445  0.0450  0.0443  0.0445  0.0434
  0.0432  0.0432  0.0432  0.0432  0.0432  0.0432
  0.0453  0.0447  0.0442  0.0457  0.0436  0.0441
  0.0519  0.0475  0.0487  0.0491  0.0462  0.0455
  0.0603  0.0512  0.0538  0.0525  0.0508  0.0472
    1.6465  -10.3074    0.4335  -21.1940    0.4705    1.8767
eta,q 0.95677 11.50742

---------------------------------------------------------------------
imgreg_4dfp /opt/freesurfer/average/711-2C_as_mni_average_305 /opt/freesurfer/average/711-2B_as_mni_average_305_mask talsrcimg_g11 none talsrcimg_to_711-2C_as_mni_average_305_t4 3335
---------------------------------------------------------------------

freesurfer imgreg_4dfp.c
/opt/freesurfer/average/711-2C_as_mni_average_305.4dfp.img
       256       256       256         1
  1.000000  1.000000  1.000000
orientation T byte_order littleendian
Reading image: /opt/freesurfer/average/711-2C_as_mni_average_305.4dfp.img
dimensions:      256       256       256
mmppix:       1.0000   -1.0000   -1.0000
center:     128.0000 -129.0000 -129.0000
/opt/freesurfer/average/711-2B_as_mni_average_305_mask.4dfp.img
       256       256       256         1
  1.000000  1.000000  1.000000
orientation T byte_order littleendian
Reading mask: /opt/freesurfer/average/711-2B_as_mni_average_305_mask.4dfp.img (2306576 pixels)
talsrcimg_g11.4dfp.img
       256       256       256         1
  1.000000  1.000000  1.000000
orientation T byte_order littleendian
Reading image: talsrcimg_g11.4dfp.img
dimensions:      256       256       256
mmppix:       1.0000   -1.0000   -1.0000
center:     128.0000 -129.0000 -129.0000
fimgreg.f
image alignment mode   3335 decimal      D07 hex
parameters
    1.6465  -10.3074    0.4335   -0.0570   -6.8041   -6.7670
   -2.7567   -1.9491    3.2748   36.1083    0.8211  -36.1515
eta,q 0.95548 11.60215
niter,ni,del,rscale     5    3    5.0000    1.2000
parameter  4  1.158989 ->  0.500000 qaram    1.1500
parameter  5  2.836945 ->  0.500000 qaram    1.1500
parameter  6  0.511913 ->  0.500000 qaram    1.1500
parameters
    1.7503  -10.3791    0.2033   -4.1970  -10.9441  -10.9070
   -2.7032   -1.8259    4.1838   32.7840   -2.2698  -38.7045
eta,q 0.96307 11.04105
  0.0476  0.0459  0.0455  0.0411  0.0362  0.0378  0.0398  0.0411  0.0394  0.0378  0.0374  0.0375
  0.0459  0.0451  0.0449  0.0417  0.0377  0.0377  0.0386  0.0393  0.0386  0.0373  0.0372  0.0370
  0.0449  0.0447  0.0446  0.0427  0.0395  0.0378  0.0379  0.0381  0.0380  0.0373  0.0372  0.0369
  0.0445  0.0445  0.0445  0.0445  0.0419  0.0382  0.0377  0.0377  0.0377  0.0377  0.0373  0.0371
  0.0448  0.0447  0.0447  0.0470  0.0449  0.0389  0.0379  0.0380  0.0377  0.0385  0.0375  0.0375
  0.0456  0.0452  0.0452  0.0498  0.0477  0.0404  0.0386  0.0391  0.0381  0.0397  0.0379  0.0381
  0.0470  0.0461  0.0460  0.0531  0.0504  0.0433  0.0397  0.0409  0.0387  0.0415  0.0384  0.0387
niter,ni,del,rscale     7    3    5.0000    1.2000
parameter  4  0.668557 ->  0.500000 qaram    1.3225
parameter  5  1.288487 ->  0.500000 qaram    1.3225
parameters
    1.8411  -10.1995   -0.3112   -8.9580  -15.7051  -12.9722
   -3.1517   -2.2739    3.6024   34.6073   -2.7966  -40.7476
eta,q 0.96702 10.56175
  0.0400  0.0389  0.0376  0.0359  0.0324  0.0344  0.0352  0.0364  0.0342  0.0363  0.0336  0.0336
  0.0384  0.0379  0.0371  0.0357  0.0332  0.0337  0.0341  0.0347  0.0337  0.0349  0.0333  0.0331
  0.0373  0.0372  0.0369  0.0361  0.0344  0.0333  0.0335  0.0336  0.0333  0.0339  0.0331  0.0330
  0.0369  0.0369  0.0369  0.0369  0.0358  0.0335  0.0333  0.0333  0.0333  0.0333  0.0331  0.0331
  0.0372  0.0370  0.0372  0.0383  0.0379  0.0340  0.0337  0.0340  0.0335  0.0331  0.0332  0.0334
  0.0381  0.0375  0.0378  0.0406  0.0408  0.0350  0.0345  0.0354  0.0339  0.0335  0.0334  0.0340
  0.0396  0.0384  0.0387  0.0433  0.0438  0.0364  0.0357  0.0372  0.0346  0.0343  0.0338  0.0346
niter,ni,del,rscale     7    3    5.0000    1.2000
parameter  5  0.524501 ->  0.500000 qaram    1.5209
parameters
    1.9324  -10.7065   -0.5106  -10.3924  -21.1803  -11.2582
   -3.6833   -2.2633    3.1686   36.3374   -3.5055  -44.3003
eta,q 0.96898 10.36629
  0.0362  0.0340  0.0339  0.0349  0.0326  0.0342  0.0337  0.0351  0.0327  0.0345  0.0317  0.0314
  0.0345  0.0332  0.0333  0.0337  0.0317  0.0330  0.0324  0.0333  0.0320  0.0332  0.0315  0.0311
  0.0334  0.0329  0.0329  0.0330  0.0317  0.0321  0.0316  0.0320  0.0316  0.0321  0.0314  0.0311
  0.0330  0.0330  0.0329  0.0329  0.0328  0.0316  0.0315  0.0315  0.0315  0.0315  0.0313  0.0313
  0.0333  0.0335  0.0331  0.0335  0.0344  0.0315  0.0320  0.0320  0.0317  0.0313  0.0314  0.0319
  0.0342  0.0342  0.0336  0.0346  0.0366  0.0318  0.0330  0.0333  0.0322  0.0317  0.0316  0.0326
  0.0357  0.0352  0.0343  0.0369  0.0398  0.0327  0.0343  0.0351  0.0330  0.0326  0.0318  0.0334
niter,ni,del,rscale     7    3    5.0000    1.2000
parameters
    1.9382  -10.5550   -1.3149   -9.5990  -22.5432  -11.7130
   -3.5631   -2.2444    3.0362   37.4490   -3.8597  -46.3138
eta,q 0.96943 10.39553
  0.0341  0.0333  0.0314  0.0339  0.0342  0.0329  0.0335  0.0346  0.0321  0.0338  0.0312  0.0313
  0.0324  0.0320  0.0310  0.0325  0.0325  0.0318  0.0320  0.0326  0.0314  0.0324  0.0309  0.0308
  0.0314  0.0313  0.0309  0.0315  0.0312  0.0311  0.0311  0.0312  0.0309  0.0314  0.0307  0.0306
  0.0310  0.0310  0.0310  0.0309  0.0308  0.0308  0.0308  0.0308  0.0308  0.0308  0.0307  0.0307
  0.0314  0.0312  0.0314  0.0310  0.0319  0.0309  0.0311  0.0313  0.0310  0.0308  0.0308  0.0312
  0.0324  0.0318  0.0321  0.0316  0.0338  0.0319  0.0320  0.0326  0.0315  0.0313  0.0310  0.0319
  0.0341  0.0327  0.0330  0.0333  0.0364  0.0338  0.0332  0.0345  0.0322  0.0325  0.0312  0.0327
niter,ni,del,rscale     6    3    5.0000    1.2000
parameters
    1.9566  -10.6558   -1.7272   -9.5247  -23.1659  -12.0283
   -3.5276   -2.2130    2.8200   37.9914   -3.7900  -47.3587
eta,q 0.96955 10.39443
  0.0337  0.0324  0.0315  0.0333  0.0345  0.0330  0.0332  0.0344  0.0319  0.0334  0.0311  0.0316
  0.0320  0.0313  0.0308  0.0320  0.0327  0.0317  0.0317  0.0323  0.0311  0.0320  0.0307  0.0309
  0.0310  0.0307  0.0305  0.0310  0.0312  0.0309  0.0308  0.0310  0.0307  0.0310  0.0305  0.0305
  0.0306  0.0306  0.0306  0.0305  0.0305  0.0305  0.0305  0.0305  0.0305  0.0305  0.0305  0.0305
  0.0309  0.0309  0.0309  0.0307  0.0314  0.0307  0.0309  0.0311  0.0308  0.0306  0.0306  0.0309
  0.0320  0.0316  0.0315  0.0315  0.0332  0.0317  0.0318  0.0324  0.0313  0.0313  0.0308  0.0315
  0.0336  0.0327  0.0323  0.0336  0.0356  0.0337  0.0331  0.0343  0.0321  0.0327  0.0310  0.0323
niter,ni,del,rscale     5    3    5.0000    1.2000
parameters
    1.9611  -10.6841   -1.9300   -9.5020  -23.4803  -12.2480
   -3.4778   -2.1897    2.7220   38.2386   -3.7098  -47.8809
eta,q 0.96956 10.38982
  0.0336  0.0324  0.0316  0.0332  0.0346  0.0331  0.0332  0.0344  0.0320  0.0332  0.0311  0.0317
  0.0319  0.0313  0.0309  0.0319  0.0328  0.0317  0.0317  0.0323  0.0311  0.0318  0.0307  0.0310
  0.0308  0.0306  0.0305  0.0309  0.0312  0.0309  0.0307  0.0309  0.0306  0.0309  0.0305  0.0306
  0.0305  0.0305  0.0305  0.0304  0.0304  0.0304  0.0305  0.0305  0.0305  0.0305  0.0305  0.0305
  0.0308  0.0307  0.0307  0.0307  0.0312  0.0306  0.0308  0.0310  0.0307  0.0306  0.0306  0.0307
  0.0319  0.0314  0.0313  0.0315  0.0329  0.0317  0.0317  0.0323  0.0312  0.0315  0.0308  0.0313
  0.0336  0.0325  0.0320  0.0336  0.0353  0.0337  0.0330  0.0342  0.0320  0.0329  0.0310  0.0321
niter,ni,del,rscale     4    3    5.0000    1.2000
parameters
    1.9640  -10.6876   -2.0285   -9.4901  -23.6376  -12.3652
   -3.4508   -2.1786    2.6812   38.3518   -3.6622  -48.1485
eta,q 0.96956 10.38695
  0.0336  0.0325  0.0317  0.0332  0.0347  0.0332  0.0332  0.0344  0.0320  0.0331  0.0311  0.0319
  0.0319  0.0313  0.0310  0.0319  0.0328  0.0318  0.0317  0.0322  0.0311  0.0317  0.0307  0.0311
  0.0308  0.0306  0.0305  0.0309  0.0312  0.0309  0.0307  0.0309  0.0306  0.0308  0.0305  0.0306
  0.0304  0.0304  0.0304  0.0304  0.0304  0.0304  0.0304  0.0305  0.0305  0.0305  0.0304  0.0304
  0.0308  0.0307  0.0307  0.0307  0.0311  0.0306  0.0308  0.0310  0.0307  0.0307  0.0306  0.0307
  0.0319  0.0314  0.0312  0.0315  0.0328  0.0316  0.0317  0.0323  0.0312  0.0315  0.0307  0.0313
  0.0336  0.0324  0.0319  0.0336  0.0352  0.0336  0.0330  0.0342  0.0320  0.0330  0.0310  0.0320
niter,ni,del,rscale     3    3    5.0000    1.2000
parameters
    1.9647  -10.6867   -2.0783   -9.4820  -23.7230  -12.4312
   -3.4378   -2.1785    2.6608   38.4148   -3.6462  -48.2852
eta,q 0.96955 10.38521
  0.0335  0.0325  0.0318  0.0332  0.0348  0.0332  0.0332  0.0344  0.0320  0.0330  0.0311  0.0319
  0.0319  0.0313  0.0310  0.0319  0.0329  0.0318  0.0317  0.0322  0.0311  0.0317  0.0307  0.0311
  0.0308  0.0306  0.0306  0.0309  0.0313  0.0309  0.0307  0.0309  0.0306  0.0308  0.0305  0.0306
  0.0304  0.0304  0.0304  0.0304  0.0304  0.0304  0.0304  0.0305  0.0305  0.0304  0.0304  0.0304
  0.0308  0.0307  0.0307  0.0307  0.0311  0.0306  0.0308  0.0310  0.0307  0.0307  0.0306  0.0307
  0.0319  0.0314  0.0311  0.0315  0.0328  0.0316  0.0317  0.0323  0.0312  0.0316  0.0308  0.0312
  0.0336  0.0324  0.0318  0.0336  0.0351  0.0336  0.0330  0.0342  0.0320  0.0330  0.0311  0.0320
niter,ni,del,rscale     2    3    5.0000    1.2000
parameters
    1.9648  -10.6882   -2.1069   -9.4846  -23.7656  -12.4666
   -3.4360   -2.1783    2.6586   38.4438   -3.6244  -48.3505
eta,q 0.96955 10.38388
  0.0335  0.0325  0.0318  0.0332  0.0348  0.0333  0.0331  0.0344  0.0320  0.0330  0.0311  0.0319
  0.0319  0.0313  0.0310  0.0319  0.0329  0.0318  0.0317  0.0322  0.0311  0.0317  0.0307  0.0311
  0.0308  0.0307  0.0306  0.0309  0.0313  0.0309  0.0307  0.0309  0.0306  0.0308  0.0305  0.0306
  0.0304  0.0304  0.0304  0.0304  0.0304  0.0304  0.0304  0.0304  0.0304  0.0304  0.0304  0.0305
  0.0308  0.0307  0.0306  0.0307  0.0311  0.0306  0.0308  0.0310  0.0307  0.0307  0.0306  0.0307
  0.0319  0.0314  0.0311  0.0315  0.0327  0.0316  0.0317  0.0323  0.0312  0.0316  0.0308  0.0312
  0.0336  0.0324  0.0318  0.0336  0.0351  0.0336  0.0330  0.0343  0.0320  0.0331  0.0311  0.0320
niter,ni,del,rscale     1    3    5.0000    1.2000
parameters
    1.9646  -10.6857   -2.1218   -9.4797  -23.7878  -12.4860
   -3.4356   -2.1780    2.6572   38.4597   -3.6199  -48.3887
eta,q 0.96955 10.38352
  0.0335  0.0325  0.0318  0.0332  0.0348  0.0333  0.0332  0.0344  0.0320  0.0330  0.0311  0.0320
  0.0319  0.0313  0.0310  0.0319  0.0329  0.0318  0.0317  0.0322  0.0311  0.0317  0.0307  0.0312
  0.0308  0.0307  0.0306  0.0309  0.0313  0.0309  0.0307  0.0309  0.0306  0.0308  0.0305  0.0306
  0.0304  0.0305  0.0305  0.0304  0.0304  0.0305  0.0305  0.0305  0.0305  0.0305  0.0305  0.0305
  0.0308  0.0307  0.0306  0.0307  0.0311  0.0306  0.0308  0.0310  0.0307  0.0307  0.0306  0.0307
  0.0319  0.0314  0.0311  0.0315  0.0327  0.0316  0.0318  0.0323  0.0312  0.0316  0.0308  0.0312
  0.0336  0.0324  0.0318  0.0336  0.0351  0.0336  0.0331  0.0342  0.0320  0.0331  0.0311  0.0320
registration optimization eta report
parameter search radius
    2.4000    2.4000    2.4000    9.5220   10.9503    8.2800
    7.2000    7.2000    7.2000    7.2000    7.2000    7.2000
100000*second partial in parameter space
       54.       34.       24.        3.        4.        4.
        5.        7.        3.        5.        1.        3.
  0.0335  0.0325  0.0318  0.0332  0.0348  0.0333  0.0332  0.0344  0.0320  0.0330  0.0311  0.0320
  0.0319  0.0313  0.0310  0.0319  0.0329  0.0318  0.0317  0.0322  0.0311  0.0317  0.0307  0.0312
  0.0308  0.0307  0.0306  0.0309  0.0313  0.0309  0.0307  0.0309  0.0306  0.0308  0.0305  0.0306
  0.0304  0.0305  0.0305  0.0304  0.0304  0.0305  0.0305  0.0305  0.0305  0.0305  0.0305  0.0305
  0.0308  0.0307  0.0306  0.0307  0.0311  0.0306  0.0308  0.0310  0.0307  0.0307  0.0306  0.0307
  0.0319  0.0314  0.0311  0.0315  0.0327  0.0316  0.0318  0.0323  0.0312  0.0316  0.0308  0.0312
  0.0336  0.0324  0.0318  0.0336  0.0351  0.0336  0.0331  0.0342  0.0320  0.0331  0.0311  0.0320
    1.9646  -10.6857   -2.1218   -9.4797  -23.7878  -12.4860
   -3.4356   -2.1780    2.6572   38.4597   -3.6199  -48.3887
eta,q 0.96955 10.38352

---------------------------------------------------------------------
imgreg_4dfp /opt/freesurfer/average/711-2C_as_mni_average_305 /opt/freesurfer/average/711-2B_as_mni_average_305_mask talsrcimg_g11 none talsrcimg_to_711-2C_as_mni_average_305_t4 2311
---------------------------------------------------------------------

freesurfer imgreg_4dfp.c
/opt/freesurfer/average/711-2C_as_mni_average_305.4dfp.img
       256       256       256         1
  1.000000  1.000000  1.000000
orientation T byte_order littleendian
Reading image: /opt/freesurfer/average/711-2C_as_mni_average_305.4dfp.img
dimensions:      256       256       256
mmppix:       1.0000   -1.0000   -1.0000
center:     128.0000 -129.0000 -129.0000
/opt/freesurfer/average/711-2B_as_mni_average_305_mask.4dfp.img
       256       256       256         1
  1.000000  1.000000  1.000000
orientation T byte_order littleendian
Reading mask: /opt/freesurfer/average/711-2B_as_mni_average_305_mask.4dfp.img (2306576 pixels)
talsrcimg_g11.4dfp.img
       256       256       256         1
  1.000000  1.000000  1.000000
orientation T byte_order littleendian
Reading image: talsrcimg_g11.4dfp.img
dimensions:      256       256       256
mmppix:       1.0000   -1.0000   -1.0000
center:     128.0000 -129.0000 -129.0000
fimgreg.f
image alignment mode   2311 decimal      907 hex
parameters
    1.9646  -10.6857   -2.1218   -9.4797  -23.7878  -12.4860
   -3.4356   -2.1780    2.6572   38.4597   -3.6199  -48.3887
eta,q 0.96955 10.38351
niter,ni,del,rscale     5    3    5.0000    0.8000
parameters
    1.9711  -10.7155   -2.1906   -8.8935  -23.5293  -12.0733
   -3.5223   -2.2749    2.5753   38.6543   -3.8132  -48.2048
eta,q 0.96960 10.44954
  0.0319  0.0313  0.0310  0.0314  0.0318  0.0315  0.0317  0.0322  0.0311  0.0317  0.0307  0.0312
  0.0311  0.0308  0.0307  0.0309  0.0311  0.0310  0.0309  0.0312  0.0307  0.0310  0.0305  0.0308
  0.0306  0.0305  0.0305  0.0306  0.0307  0.0306  0.0305  0.0306  0.0305  0.0306  0.0304  0.0305
  0.0305  0.0304  0.0304  0.0304  0.0304  0.0304  0.0304  0.0304  0.0304  0.0304  0.0304  0.0304
  0.0306  0.0306  0.0306  0.0305  0.0305  0.0304  0.0306  0.0307  0.0305  0.0305  0.0305  0.0305
  0.0311  0.0309  0.0308  0.0307  0.0309  0.0307  0.0310  0.0313  0.0308  0.0309  0.0306  0.0307
  0.0319  0.0314  0.0311  0.0310  0.0315  0.0313  0.0317  0.0323  0.0312  0.0315  0.0307  0.0311
niter,ni,del,rscale     4    3    5.0000    0.7000
parameters
    1.9616  -10.7766   -2.1350   -8.9296  -23.4070  -11.8753
   -3.5496   -2.2909    2.5348   38.6553   -3.9366  -48.0365
eta,q 0.96962 10.45897
  0.0315  0.0311  0.0310  0.0310  0.0314  0.0312  0.0314  0.0318  0.0310  0.0313  0.0306  0.0310
  0.0309  0.0307  0.0306  0.0307  0.0309  0.0308  0.0308  0.0310  0.0306  0.0308  0.0305  0.0307
  0.0305  0.0305  0.0305  0.0304  0.0306  0.0306  0.0305  0.0305  0.0304  0.0305  0.0304  0.0305
  0.0304  0.0304  0.0304  0.0304  0.0304  0.0304  0.0304  0.0304  0.0304  0.0304  0.0304  0.0304
  0.0305  0.0305  0.0305  0.0305  0.0305  0.0304  0.0305  0.0306  0.0305  0.0305  0.0304  0.0304
  0.0309  0.0308  0.0306  0.0307  0.0308  0.0307  0.0309  0.0311  0.0307  0.0308  0.0305  0.0306
  0.0315  0.0312  0.0309  0.0310  0.0313  0.0311  0.0314  0.0318  0.0310  0.0314  0.0306  0.0309
niter,ni,del,rscale     3    3    5.0000    0.6000
parameters
    1.9620  -10.7834   -2.0975   -9.0105  -23.3360  -11.7189
   -3.5805   -2.3152    2.5150   38.6793   -3.9927  -47.8985
eta,q 0.96963 10.46248
  0.0312  0.0309  0.0308  0.0308  0.0311  0.0310  0.0311  0.0315  0.0308  0.0311  0.0306  0.0309
  0.0308  0.0306  0.0306  0.0306  0.0308  0.0307  0.0307  0.0308  0.0306  0.0307  0.0305  0.0306
  0.0305  0.0304  0.0304  0.0304  0.0305  0.0305  0.0304  0.0305  0.0304  0.0305  0.0304  0.0304
  0.0304  0.0304  0.0304  0.0304  0.0304  0.0304  0.0304  0.0304  0.0304  0.0304  0.0304  0.0304
  0.0305  0.0304  0.0304  0.0305  0.0305  0.0304  0.0305  0.0305  0.0304  0.0304  0.0304  0.0304
  0.0308  0.0306  0.0305  0.0306  0.0307  0.0306  0.0307  0.0309  0.0306  0.0307  0.0305  0.0306
  0.0312  0.0309  0.0307  0.0308  0.0311  0.0309  0.0311  0.0315  0.0308  0.0311  0.0306  0.0308
niter,ni,del,rscale     2    3    5.0000    0.5000
parameters
    1.9650  -10.7854   -2.0756   -9.0745  -23.2770  -11.5897
   -3.6034   -2.3287    2.4895   38.7018   -4.0799  -47.7812
eta,q 0.96963 10.46555
  0.0310  0.0307  0.0307  0.0307  0.0309  0.0308  0.0309  0.0311  0.0307  0.0309  0.0305  0.0307
  0.0306  0.0305  0.0305  0.0305  0.0306  0.0306  0.0306  0.0307  0.0305  0.0306  0.0304  0.0305
  0.0304  0.0304  0.0304  0.0304  0.0304  0.0305  0.0304  0.0304  0.0304  0.0304  0.0304  0.0304
  0.0304  0.0304  0.0304  0.0304  0.0304  0.0304  0.0304  0.0304  0.0304  0.0304  0.0304  0.0304
  0.0304  0.0304  0.0304  0.0304  0.0304  0.0304  0.0304  0.0305  0.0304  0.0304  0.0304  0.0304
  0.0306  0.0305  0.0305  0.0305  0.0306  0.0305  0.0306  0.0307  0.0305  0.0306  0.0304  0.0305
  0.0310  0.0307  0.0306  0.0307  0.0309  0.0308  0.0309  0.0311  0.0307  0.0309  0.0305  0.0307
niter,ni,del,rscale     1    3    5.0000    0.4000
parameters
    1.9661  -10.7818   -2.0495   -9.1362  -23.2238  -11.4756
   -3.6302   -2.3393    2.4729   38.7223   -4.1666  -47.6939
eta,q 0.96964 10.46830
  0.0307  0.0306  0.0306  0.0306  0.0307  0.0307  0.0307  0.0309  0.0306  0.0307  0.0304  0.0306
  0.0305  0.0305  0.0305  0.0305  0.0305  0.0305  0.0305  0.0306  0.0304  0.0305  0.0304  0.0305
  0.0304  0.0304  0.0304  0.0304  0.0304  0.0304  0.0304  0.0304  0.0304  0.0304  0.0304  0.0304
  0.0304  0.0304  0.0304  0.0304  0.0304  0.0304  0.0304  0.0304  0.0304  0.0304  0.0304  0.0304
  0.0304  0.0304  0.0304  0.0304  0.0304  0.0304  0.0304  0.0304  0.0304  0.0304  0.0304  0.0304
  0.0305  0.0305  0.0304  0.0305  0.0305  0.0305  0.0305  0.0306  0.0305  0.0305  0.0304  0.0304
  0.0307  0.0306  0.0305  0.0306  0.0307  0.0306  0.0307  0.0309  0.0306  0.0307  0.0305  0.0306
registration optimization eta report
parameter search radius
    0.8000    0.8000    0.8000    2.4000    2.4000    2.4000
    2.4000    2.4000    2.4000    2.4000    2.4000    2.4000
100000*second partial in parameter space
       59.       38.       28.        4.        6.        5.
        6.        9.        3.        6.        2.        4.
  0.0307  0.0306  0.0306  0.0306  0.0307  0.0307  0.0307  0.0309  0.0306  0.0307  0.0304  0.0306
  0.0305  0.0305  0.0305  0.0305  0.0305  0.0305  0.0305  0.0306  0.0304  0.0305  0.0304  0.0305
  0.0304  0.0304  0.0304  0.0304  0.0304  0.0304  0.0304  0.0304  0.0304  0.0304  0.0304  0.0304
  0.0304  0.0304  0.0304  0.0304  0.0304  0.0304  0.0304  0.0304  0.0304  0.0304  0.0304  0.0304
  0.0304  0.0304  0.0304  0.0304  0.0304  0.0304  0.0304  0.0304  0.0304  0.0304  0.0304  0.0304
  0.0305  0.0305  0.0304  0.0305  0.0305  0.0305  0.0305  0.0306  0.0305  0.0305  0.0304  0.0304
  0.0307  0.0306  0.0305  0.0306  0.0307  0.0306  0.0307  0.0309  0.0306  0.0307  0.0305  0.0306
    1.9661  -10.7818   -2.0495   -9.1362  -23.2238  -11.4756
   -3.6302   -2.3393    2.4729   38.7223   -4.1666  -47.6939
eta,q 0.96964 10.46830

---------------------------------------------------------------------
imgreg_4dfp /opt/freesurfer/average/711-2C_as_mni_average_305 /opt/freesurfer/average/711-2B_as_mni_average_305_mask talsrcimg_g11 none talsrcimg_to_711-2C_as_mni_average_305_t4 2311
---------------------------------------------------------------------

freesurfer imgreg_4dfp.c
/opt/freesurfer/average/711-2C_as_mni_average_305.4dfp.img
       256       256       256         1
  1.000000  1.000000  1.000000
orientation T byte_order littleendian
Reading image: /opt/freesurfer/average/711-2C_as_mni_average_305.4dfp.img
dimensions:      256       256       256
mmppix:       1.0000   -1.0000   -1.0000
center:     128.0000 -129.0000 -129.0000
/opt/freesurfer/average/711-2B_as_mni_average_305_mask.4dfp.img
       256       256       256         1
  1.000000  1.000000  1.000000
orientation T byte_order littleendian
Reading mask: /opt/freesurfer/average/711-2B_as_mni_average_305_mask.4dfp.img (2306576 pixels)
talsrcimg_g11.4dfp.img
       256       256       256         1
  1.000000  1.000000  1.000000
orientation T byte_order littleendian
Reading image: talsrcimg_g11.4dfp.img
dimensions:      256       256       256
mmppix:       1.0000   -1.0000   -1.0000
center:     128.0000 -129.0000 -129.0000
fimgreg.f
image alignment mode   2311 decimal      907 hex
parameters
    1.9661  -10.7818   -2.0495   -9.1362  -23.2238  -11.4756
   -3.6302   -2.3393    2.4729   38.7223   -4.1666  -47.6939
eta,q 0.96964 10.46831
niter,ni,del,rscale     5    3    5.0000    0.8000
parameters
    1.9625  -10.7670   -1.9782   -8.9756  -23.2835  -11.7247
   -3.5209   -2.2250    2.5238   38.5302   -3.9783  -47.7772
eta,q 0.96962 10.45895
  0.0318  0.0313  0.0311  0.0312  0.0316  0.0313  0.0317  0.0324  0.0312  0.0315  0.0308  0.0311
  0.0310  0.0308  0.0307  0.0308  0.0310  0.0308  0.0310  0.0313  0.0307  0.0309  0.0305  0.0307
  0.0305  0.0305  0.0304  0.0305  0.0305  0.0305  0.0305  0.0306  0.0305  0.0305  0.0304  0.0305
  0.0304  0.0304  0.0304  0.0304  0.0304  0.0304  0.0304  0.0304  0.0304  0.0304  0.0304  0.0304
  0.0305  0.0305  0.0304  0.0305  0.0305  0.0305  0.0305  0.0306  0.0305  0.0305  0.0304  0.0305
  0.0310  0.0308  0.0306  0.0307  0.0310  0.0309  0.0309  0.0312  0.0307  0.0310  0.0305  0.0307
  0.0318  0.0313  0.0310  0.0311  0.0317  0.0316  0.0316  0.0321  0.0311  0.0317  0.0307  0.0312
niter,ni,del,rscale     4    3    5.0000    0.7000
parameters
    1.9653  -10.7624   -2.0274   -8.9454  -23.2850  -11.7144
   -3.5357   -2.2641    2.5255   38.5827   -3.9892  -47.7976
eta,q 0.96962 10.46323
  0.0315  0.0311  0.0309  0.0310  0.0313  0.0311  0.0314  0.0318  0.0310  0.0313  0.0307  0.0310
  0.0309  0.0307  0.0306  0.0307  0.0309  0.0308  0.0308  0.0310  0.0306  0.0308  0.0305  0.0307
  0.0305  0.0305  0.0304  0.0304  0.0305  0.0305  0.0305  0.0305  0.0304  0.0305  0.0304  0.0304
  0.0304  0.0304  0.0304  0.0304  0.0304  0.0304  0.0304  0.0304  0.0304  0.0304  0.0304  0.0304
  0.0305  0.0305  0.0305  0.0305  0.0305  0.0304  0.0305  0.0306  0.0305  0.0305  0.0304  0.0304
  0.0309  0.0307  0.0306  0.0307  0.0308  0.0307  0.0308  0.0311  0.0306  0.0308  0.0305  0.0307
  0.0315  0.0311  0.0309  0.0309  0.0314  0.0312  0.0314  0.0318  0.0309  0.0313  0.0306  0.0310
niter,ni,del,rscale     3    3    5.0000    0.6000
parameters
    1.9644  -10.7766   -2.0404   -9.0143  -23.2670  -11.6307
   -3.5767   -2.2979    2.5192   38.6404   -4.0421  -47.7660
eta,q 0.96963 10.46528
  0.0312  0.0309  0.0308  0.0308  0.0311  0.0310  0.0311  0.0315  0.0308  0.0311  0.0306  0.0308
  0.0308  0.0306  0.0305  0.0306  0.0307  0.0307  0.0307  0.0308  0.0306  0.0307  0.0304  0.0306
  0.0305  0.0304  0.0304  0.0304  0.0305  0.0305  0.0304  0.0305  0.0304  0.0305  0.0304  0.0304
  0.0304  0.0304  0.0304  0.0304  0.0304  0.0304  0.0304  0.0304  0.0304  0.0304  0.0304  0.0304
  0.0305  0.0304  0.0304  0.0305  0.0305  0.0304  0.0305  0.0305  0.0304  0.0304  0.0304  0.0304
  0.0308  0.0306  0.0306  0.0306  0.0307  0.0306  0.0307  0.0309  0.0306  0.0307  0.0305  0.0306
  0.0312  0.0309  0.0308  0.0308  0.0311  0.0310  0.0311  0.0315  0.0308  0.0311  0.0306  0.0308
niter,ni,del,rscale     2    3    5.0000    0.5000
parameters
    1.9668  -10.7822   -2.0453   -9.0768  -23.2374  -11.5428
   -3.6046   -2.3253    2.4886   38.6821   -4.1174  -47.7205
eta,q 0.96964 10.46735
  0.0310  0.0307  0.0306  0.0307  0.0309  0.0308  0.0309  0.0311  0.0307  0.0309  0.0305  0.0307
  0.0306  0.0305  0.0305  0.0305  0.0306  0.0306  0.0306  0.0307  0.0305  0.0306  0.0304  0.0305
  0.0304  0.0304  0.0304  0.0304  0.0304  0.0304  0.0304  0.0304  0.0304  0.0304  0.0304  0.0304
  0.0304  0.0304  0.0304  0.0304  0.0304  0.0304  0.0304  0.0304  0.0304  0.0304  0.0304  0.0304
  0.0304  0.0304  0.0304  0.0304  0.0304  0.0304  0.0304  0.0305  0.0304  0.0304  0.0304  0.0304
  0.0306  0.0305  0.0305  0.0306  0.0306  0.0305  0.0306  0.0307  0.0305  0.0306  0.0304  0.0305
  0.0310  0.0307  0.0306  0.0307  0.0309  0.0308  0.0309  0.0311  0.0307  0.0309  0.0305  0.0307
niter,ni,del,rscale     1    3    5.0000    0.4000
parameters
    1.9651  -10.7823   -2.0371   -9.1357  -23.2088  -11.4501
   -3.6406   -2.3349    2.4750   38.7136   -4.1634  -47.6599
eta,q 0.96964 10.46922
  0.0307  0.0306  0.0305  0.0306  0.0307  0.0307  0.0307  0.0309  0.0306  0.0307  0.0305  0.0306
  0.0305  0.0305  0.0304  0.0305  0.0305  0.0305  0.0305  0.0306  0.0305  0.0305  0.0304  0.0305
  0.0304  0.0304  0.0304  0.0304  0.0304  0.0304  0.0304  0.0304  0.0304  0.0304  0.0304  0.0304
  0.0304  0.0304  0.0304  0.0304  0.0304  0.0304  0.0304  0.0304  0.0304  0.0304  0.0304  0.0304
  0.0304  0.0304  0.0304  0.0304  0.0304  0.0304  0.0304  0.0304  0.0304  0.0304  0.0304  0.0304
  0.0305  0.0305  0.0304  0.0305  0.0305  0.0305  0.0305  0.0306  0.0305  0.0305  0.0304  0.0304
  0.0307  0.0306  0.0305  0.0306  0.0307  0.0306  0.0307  0.0309  0.0306  0.0307  0.0305  0.0306
registration optimization eta report
parameter search radius
    0.8000    0.8000    0.8000    2.4000    2.4000    2.4000
    2.4000    2.4000    2.4000    2.4000    2.4000    2.4000
100000*second partial in parameter space
       59.       38.       28.        4.        6.        5.
        6.        9.        3.        6.        2.        4.
  0.0307  0.0306  0.0305  0.0306  0.0307  0.0307  0.0307  0.0309  0.0306  0.0307  0.0305  0.0306
  0.0305  0.0305  0.0304  0.0305  0.0305  0.0305  0.0305  0.0306  0.0305  0.0305  0.0304  0.0305
  0.0304  0.0304  0.0304  0.0304  0.0304  0.0304  0.0304  0.0304  0.0304  0.0304  0.0304  0.0304
  0.0304  0.0304  0.0304  0.0304  0.0304  0.0304  0.0304  0.0304  0.0304  0.0304  0.0304  0.0304
  0.0304  0.0304  0.0304  0.0304  0.0304  0.0304  0.0304  0.0304  0.0304  0.0304  0.0304  0.0304
  0.0305  0.0305  0.0304  0.0305  0.0305  0.0305  0.0305  0.0306  0.0305  0.0305  0.0304  0.0304
  0.0307  0.0306  0.0305  0.0306  0.0307  0.0306  0.0307  0.0309  0.0306  0.0307  0.0305  0.0306
    1.9651  -10.7823   -2.0371   -9.1357  -23.2088  -11.4501
   -3.6406   -2.3349    2.4750   38.7136   -4.1634  -47.6599
eta,q 0.96964 10.46922

---------------------------------------------------------------------
compute_vox2vox talsrcimg talsrcimg_to_711-2C_as_mni_average_305_t4 /opt/freesurfer/average/711-2C_as_mni_average_305
---------------------------------------------------------------------

freesurfer compute_vox2vox.c
Reading: talsrcimg.4dfp.ifh
Reading: talsrcimg_to_711-2C_as_mni_average_305_t4
Reading: /opt/freesurfer/average/711-2C_as_mni_average_305.4dfp.ifh
Writing: talsrcimg_to_711-2C_as_mni_average_305_t4_vox2vox.txt

start time Thu Mar 12 09:50:54 CET 2026
end		time Thu Mar 12 09:52:19 CET 2026

mpr2mni305 success

avi2talxfm orig_nu.mgz /opt/freesurfer/average/mni305.cor.mgz talsrcimg_to_711-2C_as_mni_average_305_t4_vox2vox.txt transforms/talairach.auto.xfm
avi2talxfm done
mv -f /out/sourcedata/freesurfer/sub-v1s10x0051155_ses-1/mri/talsrcimg_to_711-2C_as_mni_average_305_t4_vox2vox.txt /out/sourcedata/freesurfer/sub-v1s10x0051155_ses-1/mri/transforms/talsrcimg_to_711-2C_as_mni_average_305_t4_vox2vox.txt
lta_convert --src orig_nu.mgz --trg /opt/freesurfer/average/mni305.cor.mgz --inxfm transforms/talairach.auto.xfm --outlta transforms/talairach.auto.xfm.lta --subject fsaverage
7.3.2

--src: orig_nu.mgz src image (geometry).
--trg: /opt/freesurfer/average/mni305.cor.mgz trg image (geometry).
--inmni: transforms/talairach.auto.xfm input MNI/XFM transform.
--outlta: transforms/talairach.auto.xfm.lta output LTA.
--s: fsaverage subject name
 LTA read, type : 1
 1.09926   0.00488   0.05514  -2.34200;
 0.02565   0.88839   0.55259   6.14784;
-0.04836  -0.44803   1.02187   9.21072;
 0.00000   0.00000   0.00000   1.00000;
setting subject to fsaverage
Writing  LTA to file transforms/talairach.auto.xfm.lta...
lta_convert successful.
 
 
Started at Thu Mar 12 09:50:54 CET 2026
Ended   at Thu Mar 12 09:52:20 CET 2026
talairach_avi done
