status file for recon-all
Thu Mar 12 03:59:19 CET 2026
#@# Tessellate rh Thu Mar 12 03:59:19 CET 2026
#@# Smooth1 rh Thu Mar 12 03:59:23 CET 2026
#@# Inflation1 rh Thu Mar 12 03:59:26 CET 2026
#@# QSphere rh Thu Mar 12 03:59:35 CET 2026
#@# Fix Topology rh Thu Mar 12 04:00:30 CET 2026
#@# Smooth2 rh Thu Mar 12 04:09:29 CET 2026
#@# Inflation2 rh Thu Mar 12 04:09:32 CET 2026
#@# Curv .H and .K rh Thu Mar 12 04:09:42 CET 2026
#@# Sphere rh Thu Mar 12 04:10:27 CET 2026
#@# Surf Reg rh Thu Mar 12 04:13:19 CET 2026
#@# Jacobian white rh Thu Mar 12 04:17:13 CET 2026
#@# AvgCurv rh Thu Mar 12 04:17:13 CET 2026
#@# Cortical Parc rh Thu Mar 12 04:17:14 CET 2026
#@# white curv rh Thu Mar 12 04:22:42 CET 2026
#@# white area rh Thu Mar 12 04:22:43 CET 2026
#@# pial curv rh Thu Mar 12 04:22:44 CET 2026
#@# pial area rh Thu Mar 12 04:22:45 CET 2026
#@# thickness rh Thu Mar 12 04:22:46 CET 2026
#@# area and vertex vol rh Thu Mar 12 04:23:14 CET 2026
#@# Curvature Stats rh Thu Mar 12 04:23:15 CET 2026
#@# Cortical Parc 2 rh Thu Mar 12 04:23:17 CET 2026
#@# Cortical Parc 3 rh Thu Mar 12 04:23:30 CET 2026
#@# WM/GM Contrast rh Thu Mar 12 04:23:39 CET 2026
recon-all -s sub-v1s10x0051003_ses-1 finished without error at Thu Mar 12 04:23:43 CET 2026



#New# invocation of recon-all 



status file for recon-all
Thu Mar 12 04:31:08 CET 2026
#@# white curv rh Thu Mar 12 04:31:08 CET 2026
#@# white area rh Thu Mar 12 04:31:08 CET 2026
#@# pial curv rh Thu Mar 12 04:31:08 CET 2026
#@# pial area rh Thu Mar 12 04:31:08 CET 2026
#@# thickness rh Thu Mar 12 04:31:08 CET 2026
#@# area and vertex vol rh Thu Mar 12 04:31:08 CET 2026
#@# Parcellation Stats rh Thu Mar 12 04:31:08 CET 2026
#@# Parcellation Stats 2 rh Thu Mar 12 04:31:25 CET 2026
#@# Parcellation Stats 3 rh Thu Mar 12 04:31:34 CET 2026
#@# BA_exvivo Labels rh Thu Mar 12 04:31:43 CET 2026
recon-all -s sub-v1s10x0051003_ses-1 finished without error at Thu Mar 12 04:33:58 CET 2026
