/out/sourcedata/freesurfer/sub-v1s10x0051121_ses-1/mri
/opt/freesurfer/bin/talairach_avi
--i orig_nu.mgz --xfm transforms/talairach.auto.xfm
talairach_avi 7.3.2
Linux dna078 5.14.0-427.37.1.el9_4.x86_64 #1 SMP PREEMPT_DYNAMIC Fri Sep 13 12:41:50 EDT 2024 x86_64 x86_64 x86_64 GNU/Linux
Thu Mar 12 08:35:17 CET 2026
mri_convert orig_nu.mgz talsrcimg.img 
reading from orig_nu.mgz...
TR=0.00, TE=0.00, TI=0.00, flip angle=0.00
i_ras = (-1, 0, 0)
j_ras = (0, 0, -1)
k_ras = (0, 1, 0)
writing to talsrcimg.img...
Analyze Output Matrix
-1.00000   0.00000   0.00000   128.94223;
 0.00000   0.00000   1.00000  -128.72290;
 0.00000  -1.00000   0.00000   124.21686;
 0.00000   0.00000   0.00000   1.00000;
--------------------
INFO: set hdr.hist.orient to -1
mpr2mni305 talsrcimg
Thu Mar 12 08:35:17 CET 2026
/opt/freesurfer/bin/mpr2mni305 talsrcimg
mpr2mni305 7.3.2
target=711-2C_as_mni_average_305

---------------------------------------------------------------------
analyzeto4dfp talsrcimg -O0 -y
---------------------------------------------------------------------

freesurfer ifh2hdr.c
Thu Mar 12 08:35:17 2026
Writing: talsrcimg.4dfp.hdr
freesurfer analyzeto4dfp.c
Reading: talsrcimg.hdr
header size 348 bytes
hdr.dime.datatype	offset=70	value=2
hdr.dime.bitpix		offset=72	value=8
hdr.hist.orient		offset=252	value=-1
dimensionality     4
dimensions       256       256       256         1
Reading: talsrcimg.img
Writing: talsrcimg.4dfp.img
Writing: talsrcimg.4dfp.ifh
ifh2hdr talsrcimg -r0to221
ori=2

---------------------------------------------------------------------
gauss_4dfp talsrcimg 1.1
---------------------------------------------------------------------

freesurfer gauss_4dfp.c
Reading: talsrcimg.4dfp.img
Writing: talsrcimg_g11.4dfp.img
image dimensions 256 256 256 padded to 288 288 288
processing volume 1freesurfer ifh2hdr.c
Thu Mar 12 08:35:19 2026
Writing: talsrcimg_g11.4dfp.hdr

Writing: talsrcimg_g11.4dfp.ifh
including: talsrcimg.4dfp.img.rec in talsrcimg_g11.4dfp.img.rec

---------------------------------------------------------------------
imgreg_4dfp /opt/freesurfer/average/711-2C_as_mni_average_305 none talsrcimg_g11 none talsrcimg_to_711-2C_as_mni_average_305_t4 4355
---------------------------------------------------------------------

freesurfer imgreg_4dfp.c
/opt/freesurfer/average/711-2C_as_mni_average_305.4dfp.img
       256       256       256         1
  1.000000  1.000000  1.000000
orientation T byte_order littleendian
Reading image: /opt/freesurfer/average/711-2C_as_mni_average_305.4dfp.img
dimensions:      256       256       256
mmppix:       1.0000   -1.0000   -1.0000
center:     128.0000 -129.0000 -129.0000
talsrcimg_g11.4dfp.img
       256       256       256         1
  1.000000  1.000000  1.000000
orientation T byte_order littleendian
Reading image: talsrcimg_g11.4dfp.img
dimensions:      256       256       256
mmppix:       1.0000   -1.0000   -1.0000
center:     128.0000 -129.0000 -129.0000
t4_read: open error in t4_sub.f l:  41 t4_file(1:l)talsrcimg_to_711-2C_as_mni_average_305_t4 
t4_read: transform initialized to I4
rotation matrix determinant  1.000000
image alignment mode   4355 decimal     1103 hex
   -7.5000  -45.0000  -45.0000 8881.0000   21.1092
    0.0000  -45.0000  -45.0000 9272.7207   21.1528
    7.5000  -45.0000  -45.0000 8831.2881   21.2025
   -7.5000  -37.5000  -45.0000 9308.3555   21.1170
    0.0000  -37.5000  -45.0000 9704.3926   21.1650
    7.5000  -37.5000  -45.0000 9245.0469   21.2230
   -7.5000  -30.0000  -45.0000 9998.6797   21.1337
    0.0000  -30.0000  -45.000010424.1221   21.1768
    7.5000  -30.0000  -45.0000 9924.8926   21.2358
   -7.5000  -22.5000  -45.000010639.2969   21.1420
    0.0000  -22.5000  -45.000011115.6055   21.1756
    7.5000  -22.5000  -45.000010540.6680   21.2274
   -7.5000  -15.0000  -45.000011190.6387   21.1337
    0.0000  -15.0000  -45.000011680.5244   21.1619
    7.5000  -15.0000  -45.000011086.1152   21.2055
   -7.5000   -7.5000  -45.000011691.4590   21.1177
    0.0000   -7.5000  -45.000012192.6172   21.1510
    7.5000   -7.5000  -45.000011586.9609   21.1935
   -7.5000    0.0000  -45.000012049.5820   21.1092
    0.0000    0.0000  -45.000012558.7129   21.1528
    7.5000    0.0000  -45.000011943.3809   21.2025
   -7.5000    7.5000  -45.000011562.0850   21.1170
    0.0000    7.5000  -45.000012017.0264   21.1650
    7.5000    7.5000  -45.000011393.4443   21.2230
   -7.5000   15.0000  -45.000010963.1211   21.1337
    0.0000   15.0000  -45.000011378.6982   21.1768
    7.5000   15.0000  -45.000010795.3340   21.2358
   -7.5000   22.5000  -45.000010162.9775   21.1391
    0.0000   22.5000  -45.000010551.6309   21.1727
    7.5000   22.5000  -45.000010005.1025   21.2245
   -7.5000   30.0000  -45.0000 9343.4219   20.8520
    0.0000   30.0000  -45.0000 9681.9033   20.8799
    7.5000   30.0000  -45.0000 9182.9033   20.9229
   -7.5000   37.5000  -45.0000 8789.7061   20.8363
    0.0000   37.5000  -45.0000 9083.8164   20.8691
    7.5000   37.5000  -45.0000 8631.3340   20.9111
   -7.5000   45.0000  -45.0000 7928.5679   20.3039
    0.0000   45.0000  -45.0000 8176.2969   20.3459
    7.5000   45.0000  -45.0000 7749.7627   20.3936
   -7.5000  -45.0000  -37.5000 9342.9033   21.1097
    0.0000  -45.0000  -37.5000 9784.1953   21.1464
    7.5000  -45.0000  -37.5000 9287.0557   21.1958
   -7.5000  -37.5000  -37.5000 9762.3770   21.1131
    0.0000  -37.5000  -37.500010213.3770   21.1518
    7.5000  -37.5000  -37.5000 9693.7822   21.2082
   -7.5000  -30.0000  -37.500010482.1621   21.1259
    0.0000  -30.0000  -37.500010966.8271   21.1601
    7.5000  -30.0000  -37.500010396.0918   21.2152
   -7.5000  -22.5000  -37.500011142.8643   21.1336
    0.0000  -22.5000  -37.500011660.0752   21.1618
    7.5000  -22.5000  -37.500011043.1738   21.2097
   -7.5000  -15.0000  -37.500011715.4561   21.1293
    0.0000  -15.0000  -37.500012272.0996   21.1541
    7.5000  -15.0000  -37.500011597.6455   21.1951
   -7.5000   -7.5000  -37.500012238.0244   21.1182
    0.0000   -7.5000  -37.500012806.1895   21.1471
    7.5000   -7.5000  -37.500012110.3838   21.1882
   -7.5000    0.0000  -37.500012608.7422   21.1097
    0.0000    0.0000  -37.500013198.1621   21.1464
    7.5000    0.0000  -37.500012470.4492   21.1958
   -7.5000    7.5000  -37.500012049.0137   21.1131
    0.0000    7.5000  -37.500012576.0684   21.1518
    7.5000    7.5000  -37.500011865.6260   21.2082
   -7.5000   15.0000  -37.500011396.5996   21.1259
    0.0000   15.0000  -37.500011901.9951   21.1601
    7.5000   15.0000  -37.500011240.4658   21.2152
   -7.5000   22.5000  -37.500010552.3359   21.1307
    0.0000   22.5000  -37.500011005.5000   21.1589
    7.5000   22.5000  -37.500010388.4941   21.2068
   -7.5000   30.0000  -37.5000 9685.1484   20.8478
    0.0000   30.0000  -37.500010066.8350   20.8722
    7.5000   30.0000  -37.5000 9497.9600   20.9127
   -7.5000   37.5000  -37.5000 9120.9639   20.8368
    0.0000   37.5000  -37.5000 9446.1484   20.8653
    7.5000   37.5000  -37.5000 8913.7627   20.9059
   -7.5000   45.0000  -37.5000 8209.2451   20.3046
    0.0000   45.0000  -37.5000 8467.9111   20.3399
    7.5000   45.0000  -37.5000 8001.3872   20.3874
   -7.5000  -45.0000  -30.0000 9947.1924   22.0108
    0.0000  -45.0000  -30.000010421.2383   22.0330
    7.5000  -45.0000  -30.0000 9881.6553   22.0696
   -7.5000  -37.5000  -30.000010372.9590   22.0142
    0.0000  -37.5000  -30.000010845.2842   22.0354
    7.5000  -37.5000  -30.000010292.6855   22.0809
   -7.5000  -30.0000  -30.000011122.2217   22.0219
    0.0000  -30.0000  -30.000011625.5586   22.0393
    7.5000  -30.0000  -30.000011020.7168   22.0863
   -7.5000  -22.5000  -30.000011796.1816   22.0245
    0.0000  -22.5000  -30.000012332.0723   22.0395
    7.5000  -22.5000  -30.000011660.5322   22.0802
   -7.5000  -15.0000  -30.000012417.8965   22.0217
    0.0000  -15.0000  -30.000013016.2002   22.0353
    7.5000  -15.0000  -30.000012268.1299   22.0664
   -7.5000   -7.5000  -30.000012979.3359   22.0157
    0.0000   -7.5000  -30.000013633.1758   22.0327
    7.5000   -7.5000  -30.000012825.9111   22.0612
   -7.5000    0.0000  -30.000013368.2568   22.0108
    0.0000    0.0000  -30.000014020.2275   22.0330
    7.5000    0.0000  -30.000013204.2061   22.0696
   -7.5000    7.5000  -30.000012714.0449   22.0142
    0.0000    7.5000  -30.000013303.3770   22.0354
    7.5000    7.5000  -30.000012518.5723   22.0809
   -7.5000   15.0000  -30.000011988.4893   22.0219
    0.0000   15.0000  -30.000012562.5898   22.0393
    7.5000   15.0000  -30.000011812.8350   22.0863
   -7.5000   22.5000  -30.000011124.2246   22.0192
    0.0000   22.5000  -30.000011629.5439   22.0342
    7.5000   22.5000  -30.000010917.9072   22.0749
   -7.5000   30.0000  -30.000010193.4990   21.7303
    0.0000   30.0000  -30.000010613.1309   21.7437
    7.5000   30.0000  -30.0000 9980.7051   21.7744
   -7.5000   37.5000  -30.0000 9585.3281   21.7244
    0.0000   37.5000  -30.0000 9930.8789   21.7412
    7.5000   37.5000  -30.0000 9364.2432   21.7693
   -7.5000   45.0000  -30.0000 8607.0049   21.1873
    0.0000   45.0000  -30.0000 8893.0352   21.2088
    7.5000   45.0000  -30.0000 8393.4258   21.2440
   -7.5000  -45.0000  -22.500010598.6309   22.7823
    0.0000  -45.0000  -22.500011043.2891   22.7960
    7.5000  -45.0000  -22.500010507.6768   22.8169
   -7.5000  -37.5000  -22.500010995.7471   22.7912
    0.0000  -37.5000  -22.500011449.0820   22.8035
    7.5000  -37.5000  -22.500010899.7070   22.8373
   -7.5000  -30.0000  -22.500011735.6162   22.7974
    0.0000  -30.0000  -22.500012244.7861   22.8053
    7.5000  -30.0000  -22.500011645.7588   22.8470
   -7.5000  -22.5000  -22.500012414.7012   22.7940
    0.0000  -22.5000  -22.500012979.6074   22.7987
    7.5000  -22.5000  -22.500012295.1201   22.8349
   -7.5000  -15.0000  -22.500013100.9717   22.7879
    0.0000  -15.0000  -22.500013759.0752   22.7907
    7.5000  -15.0000  -22.500012961.3193   22.8121
   -7.5000   -7.5000  -22.500013709.8926   22.7826
    0.0000   -7.5000  -22.500014398.2793   22.7899
    7.5000   -7.5000  -22.500013545.3916   22.8040
   -7.5000    0.0000  -22.500014100.4873   22.7823
    0.0000    0.0000  -22.500014792.1133   22.7960
    7.5000    0.0000  -22.500013927.1338   22.8169
   -7.5000    7.5000  -22.500013380.4873   22.7912
    0.0000    7.5000  -22.500014030.0625   22.8035
    7.5000    7.5000  -22.500013211.4482   22.8373
   -7.5000   15.0000  -22.500012601.0928   22.7974
    0.0000   15.0000  -22.500013193.6777   22.8053
    7.5000   15.0000  -22.500012423.6729   22.8470
   -7.5000   22.5000  -22.500011696.4844   22.7870
    0.0000   22.5000  -22.500012225.0244   22.7917
    7.5000   22.5000  -22.500011485.7646   22.8278
   -7.5000   30.0000  -22.500010693.9033   22.4898
    0.0000   30.0000  -22.500011145.4629   22.4926
    7.5000   30.0000  -22.500010502.4219   22.5137
   -7.5000   37.5000  -22.500010055.7715   22.4846
    0.0000   37.5000  -22.500010451.8984   22.4919
    7.5000   37.5000  -22.5000 9846.4678   22.5058
   -7.5000   45.0000  -22.5000 9007.3125   21.9469
    0.0000   45.0000  -22.5000 9344.7988   21.9602
    7.5000   45.0000  -22.5000 8803.0137   21.9803
   -7.5000  -45.0000  -15.000011224.9072   23.3339
    0.0000  -45.0000  -15.000011684.9590   23.3537
    7.5000  -45.0000  -15.000011150.5635   23.3726
   -7.5000  -37.5000  -15.000011641.7900   23.3474
    0.0000  -37.5000  -15.000012156.9551   23.3682
    7.5000  -37.5000  -15.000011549.5479   23.4020
   -7.5000  -30.0000  -15.000012398.0752   23.3567
    0.0000  -30.0000  -15.000013006.7920   23.3719
    7.5000  -30.0000  -15.000012332.2588   23.4178
   -7.5000  -22.5000  -15.000013124.9746   23.3527
    0.0000  -22.5000  -15.000013735.6523   23.3605
    7.5000  -22.5000  -15.000013048.4561   23.4013
   -7.5000  -15.0000  -15.000013836.1875   23.3423
    0.0000  -15.0000  -15.000014493.0586   23.3459
    7.5000  -15.0000  -15.000013742.8213   23.3697
   -7.5000   -7.5000  -15.000014456.2051   23.3330
    0.0000   -7.5000  -15.000015127.7930   23.3429
    7.5000   -7.5000  -15.000014335.7383   23.3571
   -7.5000    0.0000  -15.000014845.3281   23.3339
    0.0000    0.0000  -15.000015549.6523   23.3537
    7.5000    0.0000  -15.000014726.4541   23.3726
   -7.5000    7.5000  -15.000014045.0918   23.3474
    0.0000    7.5000  -15.000014735.4385   23.3682
    7.5000    7.5000  -15.000013929.0615   23.4020
   -7.5000   15.0000  -15.000013218.9951   23.3567
    0.0000   15.0000  -15.000013842.2646   23.3719
    7.5000   15.0000  -15.000013064.5791   23.4178
   -7.5000   22.5000  -15.000012265.9316   23.3444
    0.0000   22.5000  -15.000012807.1650   23.3522
    7.5000   22.5000  -15.000012071.2471   23.3930
   -7.5000   30.0000  -15.000011212.0137   23.0402
    0.0000   30.0000  -15.000011677.3203   23.0438
    7.5000   30.0000  -15.000011012.4404   23.0673
   -7.5000   37.5000  -15.000010521.2119   23.0310
    0.0000   37.5000  -15.000010961.0293   23.0408
    7.5000   37.5000  -15.000010310.7930   23.0549
   -7.5000   45.0000  -15.0000 9386.8662   22.4918
    0.0000   45.0000  -15.0000 9735.7197   22.5110
    7.5000   45.0000  -15.0000 9191.8477   22.5291
   -7.5000  -45.0000   -7.500011799.5625   23.5920
    0.0000  -45.0000   -7.500012329.4316   23.6294
    7.5000  -45.0000   -7.500011721.2881   23.6666
   -7.5000  -37.5000   -7.500012311.8037   23.6051
    0.0000  -37.5000   -7.500012906.9131   23.6465
    7.5000  -37.5000   -7.500012196.1631   23.6962
   -7.5000  -30.0000   -7.500013077.5742   23.6208
    0.0000  -30.0000   -7.500013669.1631   23.6566
    7.5000  -30.0000   -7.500013048.6406   23.7145
   -7.5000  -22.5000   -7.500013688.2109   23.6236
    0.0000  -22.5000   -7.500014230.9883   23.6488
    7.5000  -22.5000   -7.500013727.5771   23.7007
   -7.5000  -15.0000   -7.500014385.9482   23.6119
    0.0000  -15.0000   -7.500014954.8008   23.6310
    7.5000  -15.0000   -7.500014384.1670   23.6694
   -7.5000   -7.5000   -7.500015004.6328   23.5961
    0.0000   -7.5000   -7.500015604.0293   23.6217
    7.5000   -7.5000   -7.500014978.2256   23.6537
   -7.5000    0.0000   -7.500015454.4004   23.5920
    0.0000    0.0000   -7.500016085.4111   23.6293
    7.5000    0.0000   -7.500015421.7305   23.6666
   -7.5000    7.5000   -7.500014627.3965   23.6051
    0.0000    7.5000   -7.500015256.6191   23.6465
    7.5000    7.5000   -7.500014602.0938   23.6962
   -7.5000   15.0000   -7.500013729.3184   23.6208
    0.0000   15.0000   -7.500014339.5908   23.6566
    7.5000   15.0000   -7.500013658.4111   23.7145
   -7.5000   22.5000   -7.500012753.7266   23.6127
    0.0000   22.5000   -7.500013302.6035   23.6379
    7.5000   22.5000   -7.500012628.3555   23.6898
   -7.5000   30.0000   -7.500011677.3506   23.3057
    0.0000   30.0000   -7.500012171.0898   23.3245
    7.5000   30.0000   -7.500011529.4043   23.3624
   -7.5000   37.5000   -7.500010968.9932   23.2901
    0.0000   37.5000   -7.500011442.6055   23.3153
    7.5000   37.5000   -7.500010807.9766   23.3469
   -7.5000   45.0000   -7.5000 9805.3340   22.7442
    0.0000   45.0000   -7.500010180.9541   22.7803
    7.5000   45.0000   -7.5000 9611.5986   22.8160
   -7.5000  -45.0000    0.000012273.1436   23.6218
    0.0000  -45.0000    0.000012769.9990   23.6706
    7.5000  -45.0000    0.000012132.7793   23.7262
   -7.5000  -37.5000    0.000012872.2246   23.6305
    0.0000  -37.5000    0.000013371.2842   23.6842
    7.5000  -37.5000    0.000012657.1182   23.7492
   -7.5000  -30.0000    0.000013639.3965   23.6491
    0.0000  -30.0000    0.000014086.1748   23.6974
    7.5000  -30.0000    0.000013575.8438   23.7635
   -7.5000  -22.5000    0.000014175.5459   23.6584
    0.0000  -22.5000    0.000014641.6611   23.6961
    7.5000  -22.5000    0.000014275.4570   23.7540
   -7.5000  -15.0000    0.000014841.4971   23.6491
    0.0000  -15.0000    0.000015371.2686   23.6807
    7.5000  -15.0000    0.000014974.0557   23.7295
   -7.5000   -7.5000    0.000015476.6465   23.6313
    0.0000   -7.5000    0.000016052.9756   23.6685
    7.5000   -7.5000    0.000015618.1924   23.7161
   -7.5000    0.0000    0.000015950.2822   23.6217
    0.0000    0.0000    0.000016577.6172   23.6705
    7.5000    0.0000    0.000016054.7041   23.7262
   -7.5000    7.5000    0.000015106.1992   23.6305
    0.0000    7.5000    0.000015737.6289   23.6842
    7.5000    7.5000    0.000015176.4404   23.7492
   -7.5000   15.0000    0.000014180.3945   23.6491
    0.0000   15.0000    0.000014789.0225   23.6974
    7.5000   15.0000    0.000014153.6826   23.7635
   -7.5000   22.5000    0.000013206.4570   23.6475
    0.0000   22.5000    0.000013769.5312   23.6852
    7.5000   22.5000    0.000013083.2236   23.7431
   -7.5000   30.0000    0.000012095.1934   23.3431
    0.0000   30.0000    0.000012606.3447   23.3742
    7.5000   30.0000    0.000011938.2539   23.4224
   -7.5000   37.5000    0.000011370.1348   23.3255
    0.0000   37.5000    0.000011842.4199   23.3622
    7.5000   37.5000    0.000011206.8135   23.4092
   -7.5000   45.0000    0.000010178.1328   22.7741
    0.0000   45.0000    0.000010548.7295   22.8213
    7.5000   45.0000    0.0000 9977.8525   22.8748
   -7.5000  -45.0000    7.500011763.5576   23.6224
    0.0000  -45.0000    7.500012148.3584   23.6634
    7.5000  -45.0000    7.500011604.0703   23.7187
   -7.5000  -37.5000    7.500012262.7988   23.6261
    0.0000  -37.5000    7.500012626.7793   23.6695
    7.5000  -37.5000    7.500012063.9326   23.7326
   -7.5000  -30.0000    7.500013083.1396   23.6404
    0.0000  -30.0000    7.500013441.1377   23.6788
    7.5000  -30.0000    7.500012944.3076   23.7404
   -7.5000  -22.5000    7.500013774.1182   23.6491
    0.0000  -22.5000    7.500014202.5068   23.6806
    7.5000  -22.5000    7.500013756.6865   23.7342
   -7.5000  -15.0000    7.500014389.7715   23.6443
    0.0000  -15.0000    7.500014934.3652   23.6720
    7.5000  -15.0000    7.500014481.3867   23.7179
   -7.5000   -7.5000    7.500014983.5332   23.6319
    0.0000   -7.5000    7.500015563.0791   23.6642
    7.5000   -7.5000    7.500015070.4961   23.7101
   -7.5000    0.0000    7.500015443.6309   23.6223
    0.0000    0.0000    7.500016050.8857   23.6633
    7.5000    0.0000    7.500015496.1709   23.7187
   -7.5000    7.5000    7.500014652.5654   23.6261
    0.0000    7.5000    7.500015221.4404   23.6695
    7.5000    7.5000    7.500014637.6250   23.7326
   -7.5000   15.0000    7.500013706.1504   23.6404
    0.0000   15.0000    7.500014194.7295   23.6788
    7.5000   15.0000    7.500013582.8818   23.7404
   -7.5000   22.5000    7.500012732.0830   23.6382
    0.0000   22.5000    7.500013166.6045   23.6697
    7.5000   22.5000    7.500012540.3965   23.7233
   -7.5000   30.0000    7.500011634.3457   23.3383
    0.0000   30.0000    7.500012010.4990   23.3656
    7.5000   30.0000    7.500011426.6035   23.4109
   -7.5000   37.5000    7.500010906.8018   23.3261
    0.0000   37.5000    7.500011242.5898   23.3579
    7.5000   37.5000    7.500010687.3672   23.4033
   -7.5000   45.0000    7.5000 9697.2607   22.7749
    0.0000   45.0000    7.5000 9971.0977   22.8145
    7.5000   45.0000    7.5000 9477.0273   22.8678
   -7.5000  -45.0000   15.000011096.9824   23.6772
    0.0000  -45.0000   15.000011499.8145   23.7016
    7.5000  -45.0000   15.000010969.4932   23.7412
   -7.5000  -37.5000   15.000011548.4648   23.6806
    0.0000  -37.5000   15.000011908.0547   23.7038
    7.5000  -37.5000   15.000011399.9326   23.7530
   -7.5000  -30.0000   15.000012359.7021   23.6889
    0.0000  -30.0000   15.000012702.2500   23.7081
    7.5000  -30.0000   15.000012194.7490   23.7589
   -7.5000  -22.5000   15.000013196.8838   23.6919
    0.0000  -22.5000   15.000013555.4932   23.7086
    7.5000  -22.5000   15.000012986.1650   23.7529
   -7.5000  -15.0000   15.000013970.4990   23.6891
    0.0000  -15.0000   15.000014328.1396   23.7045
    7.5000  -15.0000   15.000013675.0010   23.7384
   -7.5000   -7.5000   15.000014598.2246   23.6827
    0.0000   -7.5000   15.000014947.1260   23.7017
    7.5000   -7.5000   15.000014236.8906   23.7326
   -7.5000    0.0000   15.000014960.1328   23.6771
    0.0000    0.0000   15.000015346.1289   23.7016
    7.5000    0.0000   15.000014640.8125   23.7412
   -7.5000    7.5000   15.000014136.0283   23.6806
    0.0000    7.5000   15.000014538.5791   23.7038
    7.5000    7.5000   15.000013887.0889   23.7530
   -7.5000   15.0000   15.000013140.5488   23.6889
    0.0000   15.0000   15.000013543.3506   23.7081
    7.5000   15.0000   15.000012903.3018   23.7589
   -7.5000   22.5000   15.000012106.0156   23.6810
    0.0000   22.5000   15.000012514.2012   23.6977
    7.5000   22.5000   15.000011884.8027   23.7419
   -7.5000   30.0000   15.000011014.6504   23.3825
    0.0000   30.0000   15.000011405.5293   23.3977
    7.5000   30.0000   15.000010817.7773   23.4312
   -7.5000   37.5000   15.000010322.0078   23.3762
    0.0000   37.5000   15.000010648.7178   23.3950
    7.5000   37.5000   15.000010099.2822   23.4255
   -7.5000   45.0000   15.0000 9160.3047   22.8283
    0.0000   45.0000   15.0000 9436.0098   22.8519
    7.5000   45.0000   15.0000 8937.8789   22.8900
   -7.5000  -45.0000   22.500010395.6318   23.7583
    0.0000  -45.0000   22.500010779.8623   23.7732
    7.5000  -45.0000   22.500010255.3721   23.7953
   -7.5000  -37.5000   22.500010841.5244   23.7677
    0.0000  -37.5000   22.500011213.9189   23.7810
    7.5000  -37.5000   22.500010661.8203   23.8166
   -7.5000  -30.0000   22.500011637.7842   23.7745
    0.0000  -30.0000   22.500012040.8369   23.7830
    7.5000  -30.0000   22.500011430.0762   23.8269
   -7.5000  -22.5000   22.500012389.9053   23.7711
    0.0000  -22.5000   22.500012809.5400   23.7763
    7.5000  -22.5000   22.500012137.9443   23.8144
   -7.5000  -15.0000   22.500013017.4414   23.7645
    0.0000  -15.0000   22.500013450.9863   23.7679
    7.5000  -15.0000   22.500012738.4600   23.7906
   -7.5000   -7.5000   22.500013564.1973   23.7587
    0.0000   -7.5000   22.500014004.5283   23.7670
    7.5000   -7.5000   22.500013270.0742   23.7821
   -7.5000    0.0000   22.500013973.3213   23.7583
    0.0000    0.0000   22.500014410.6250   23.7731
    7.5000    0.0000   22.500013666.5645   23.7953
   -7.5000    7.5000   22.500013275.0068   23.7677
    0.0000    7.5000   22.500013692.4639   23.7810
    7.5000    7.5000   22.500012993.6895   23.8166
   -7.5000   15.0000   22.500012402.1582   23.7745
    0.0000   15.0000   22.500012779.7207   23.7830
    7.5000   15.0000   22.500012130.3584   23.8269
   -7.5000   22.5000   22.500011412.6475   23.7601
    0.0000   22.5000   22.500011777.0439   23.7654
    7.5000   22.5000   22.500011154.0322   23.8034
   -7.5000   30.0000   22.500010363.7607   23.4570
    0.0000   30.0000   22.500010721.8301   23.4603
    7.5000   30.0000   22.500010141.0186   23.4827
   -7.5000   37.5000   22.5000 9659.1670   23.4513
    0.0000   37.5000   22.5000 9990.1973   23.4594
    7.5000   37.5000   22.5000 9453.3486   23.4743
   -7.5000   45.0000   22.5000 8533.2617   22.9070
    0.0000   45.0000   22.5000 8813.6211   22.9214
    7.5000   45.0000   22.5000 8346.7676   22.9427
   -7.5000  -45.0000   30.0000 9533.0469   23.8553
    0.0000  -45.0000   30.0000 9930.3594   23.8762
    7.5000  -45.0000   30.0000 9392.6338   23.8962
   -7.5000  -37.5000   30.0000 9923.1943   23.8693
    0.0000  -37.5000   30.000010337.5127   23.8912
    7.5000  -37.5000   30.0000 9792.1992   23.9263
   -7.5000  -30.0000   30.000010665.0596   23.8792
    0.0000  -30.0000   30.000011112.3232   23.8951
    7.5000  -30.0000   30.000010514.9424   23.9425
   -7.5000  -22.5000   30.000011349.1514   23.8750
    0.0000  -22.5000   30.000011788.5449   23.8834
    7.5000  -22.5000   30.000011167.6318   23.9255
   -7.5000  -15.0000   30.000011901.3965   23.8642
    0.0000  -15.0000   30.000012357.2793   23.8685
    7.5000  -15.0000   30.000011717.9053   23.8932
   -7.5000   -7.5000   30.000012399.8770   23.8544
    0.0000   -7.5000   30.000012836.2021   23.8653
    7.5000   -7.5000   30.000012193.2383   23.8803
   -7.5000    0.0000   30.000012801.5645   23.8552
    0.0000    0.0000   30.000013220.6836   23.8762
    7.5000    0.0000   30.000012572.1807   23.8961
   -7.5000    7.5000   30.000012195.4570   23.8693
    0.0000    7.5000   30.000012587.9434   23.8912
    7.5000    7.5000   30.000011973.5840   23.9263
   -7.5000   15.0000   30.000011404.5479   23.8792
    0.0000   15.0000   30.000011766.8711   23.8951
    7.5000   15.0000   30.000011187.8164   23.9425
   -7.5000   22.5000   30.000010515.2324   23.8640
    0.0000   22.5000   30.000010844.9111   23.8724
    7.5000   22.5000   30.000010287.1934   23.9144
   -7.5000   30.0000   30.0000 9568.8301   23.5554
    0.0000   30.0000   30.0000 9867.3447   23.5596
    7.5000   30.0000   30.0000 9356.1357   23.5840
   -7.5000   37.5000   30.0000 8892.8867   23.5457
    0.0000   37.5000   30.0000 9170.4824   23.5565
    7.5000   37.5000   30.0000 8700.7783   23.5712
   -7.5000   45.0000   30.0000 7832.6743   23.0004
    0.0000   45.0000   30.0000 8080.3115   23.0208
    7.5000   45.0000   30.0000 7688.6538   23.0399
   -7.5000  -45.0000   37.5000 9011.8848   24.3029
    0.0000  -45.0000   37.5000 9438.4512   24.3431
    7.5000  -45.0000   37.5000 8948.0020   24.3828
   -7.5000  -37.5000   37.5000 9407.7178   24.3169
    0.0000  -37.5000   37.5000 9848.5928   24.3611
    7.5000  -37.5000   37.5000 9336.9873   24.4139
   -7.5000  -30.0000   37.500010121.0557   24.3335
    0.0000  -30.0000   37.500010591.1592   24.3718
    7.5000  -30.0000   37.500010017.4150   24.4337
   -7.5000  -22.5000   37.500010771.1475   24.3362
    0.0000  -22.5000   37.500011231.8203   24.3637
    7.5000  -22.5000   37.500010632.9229   24.4197
   -7.5000  -15.0000   37.500011308.8203   24.3237
    0.0000  -15.0000   37.500011769.0703   24.3451
    7.5000  -15.0000   37.500011155.2559   24.3870
   -7.5000   -7.5000   37.500011775.4072   24.3071
    0.0000   -7.5000   37.500012223.3105   24.3352
    7.5000   -7.5000   37.500011613.4365   24.3699
   -7.5000    0.0000   37.500012202.0898   24.3029
    0.0000    0.0000   37.500012622.0176   24.3430
    7.5000    0.0000   37.500012011.1436   24.3828
   -7.5000    7.5000   37.500011647.3398   24.3169
    0.0000    7.5000   37.500012050.2354   24.3611
    7.5000    7.5000   37.500011471.8896   24.4139
   -7.5000   15.0000   37.500010879.8896   24.3335
    0.0000   15.0000   37.500011276.1328   24.3718
    7.5000   15.0000   37.500010716.8164   24.4337
   -7.5000   22.5000   37.500010026.4219   24.3250
    0.0000   22.5000   37.500010370.7588   24.3525
    7.5000   22.5000   37.5000 9864.5996   24.4085
   -7.5000   30.0000   37.5000 9121.3086   24.0089
    0.0000   30.0000   37.5000 9423.0479   24.0300
    7.5000   30.0000   37.5000 8974.4902   24.0714
   -7.5000   37.5000   37.5000 8504.9736   23.9925
    0.0000   37.5000   37.5000 8781.7539   24.0203
    7.5000   37.5000   37.5000 8347.9053   24.0546
   -7.5000   45.0000   37.5000 7520.7344   23.4302
    0.0000   45.0000   37.5000 7752.4111   23.4690
    7.5000   45.0000   37.5000 7390.5488   23.5072
   -7.5000  -45.0000   45.0000 8176.9590   24.8547
    0.0000  -45.0000   45.0000 8558.7441   24.9133
    7.5000  -45.0000   45.0000 8138.7163   24.9737
   -7.5000  -37.5000   45.0000 8548.4580   24.8652
    0.0000  -37.5000   45.0000 8961.3125   24.9286
    7.5000  -37.5000   45.0000 8510.3174   24.9977
   -7.5000  -30.0000   45.0000 9190.2715   24.8879
    0.0000  -30.0000   45.0000 9625.7676   24.9437
    7.5000  -30.0000   45.0000 9131.3525   25.0124
   -7.5000  -22.5000   45.0000 9777.1719   24.8997
    0.0000  -22.5000   45.000010213.5732   24.9427
    7.5000  -22.5000   45.0000 9695.8213   25.0025
   -7.5000  -15.0000   45.000010283.9316   24.8892
    0.0000  -15.0000   45.000010713.3662   24.9258
    7.5000  -15.0000   45.000010174.0078   24.9771
   -7.5000   -7.5000   45.000010719.6826   24.8671
    0.0000   -7.5000   45.000011132.5576   24.9116
    7.5000   -7.5000   45.000010606.5088   24.9631
   -7.5000    0.0000   45.000011112.6826   24.8547
    0.0000    0.0000   45.000011503.1787   24.9132
    7.5000    0.0000   45.000010988.3770   24.9737
   -7.5000    7.5000   45.000010622.6748   24.8652
    0.0000    7.5000   45.000010969.5361   24.9286
    7.5000    7.5000   45.000010495.7607   24.9977
   -7.5000   15.0000   45.0000 9960.0928   24.8879
    0.0000   15.0000   45.000010290.7539   24.9437
    7.5000   15.0000   45.0000 9834.2803   25.0124
   -7.5000   22.5000   45.0000 9177.6670   24.8881
    0.0000   22.5000   45.0000 9491.6572   24.9311
    7.5000   22.5000   45.0000 9066.5352   24.9909
   -7.5000   30.0000   45.0000 8361.3799   24.5649
    0.0000   30.0000   45.0000 8630.4053   24.6011
    7.5000   30.0000   45.0000 8255.9365   24.6517
   -7.5000   37.5000   45.0000 7814.5405   24.5431
    0.0000   37.5000   45.0000 8058.6064   24.5870
    7.5000   37.5000   45.0000 7687.9702   24.6378
   -7.5000   45.0000   45.0000 6919.8691   23.9707
    0.0000   45.0000   45.0000 7144.4404   24.0272
    7.5000   45.0000   45.0000 6807.8994   24.0855

---------------------------------------------------------------------
imgreg_4dfp /opt/freesurfer/average/711-2C_as_mni_average_305 /opt/freesurfer/average/711-2B_as_mni_average_305_mask talsrcimg_g11 none talsrcimg_to_711-2C_as_mni_average_305_t4 4355
---------------------------------------------------------------------

freesurfer imgreg_4dfp.c
/opt/freesurfer/average/711-2C_as_mni_average_305.4dfp.img
       256       256       256         1
  1.000000  1.000000  1.000000
orientation T byte_order littleendian
Reading image: /opt/freesurfer/average/711-2C_as_mni_average_305.4dfp.img
dimensions:      256       256       256
mmppix:       1.0000   -1.0000   -1.0000
center:     128.0000 -129.0000 -129.0000
/opt/freesurfer/average/711-2B_as_mni_average_305_mask.4dfp.img
       256       256       256         1
  1.000000  1.000000  1.000000
orientation T byte_order littleendian
Reading mask: /opt/freesurfer/average/711-2B_as_mni_average_305_mask.4dfp.img (2306576 pixels)
talsrcimg_g11.4dfp.img
       256       256       256         1
  1.000000  1.000000  1.000000
orientation T byte_order littleendian
Reading image: talsrcimg_g11.4dfp.img
dimensions:      256       256       256
mmppix:       1.0000   -1.0000   -1.0000
center:     128.0000 -129.0000 -129.0000
rotation matrix determinant  1.000000
image alignment mode   4355 decimal     1103 hex
   -7.5000  -45.0000  -45.0000 2167.0525   18.7757
    0.0000  -45.0000  -45.0000 2169.3845   18.7876
    7.5000  -45.0000  -45.0000 2149.6973   19.0952
   -7.5000  -37.5000  -45.0000 2252.0217   17.4905
    0.0000  -37.5000  -45.0000 2253.9382   17.5479
    7.5000  -37.5000  -45.0000 2230.5317   17.7836
   -7.5000  -30.0000  -45.0000 2300.7454   16.6608
    0.0000  -30.0000  -45.0000 2297.6943   16.7005
    7.5000  -30.0000  -45.0000 2276.2114   16.9228
   -7.5000  -22.5000  -45.0000 2330.6755   16.2410
    0.0000  -22.5000  -45.0000 2333.9526   16.2089
    7.5000  -22.5000  -45.0000 2303.4436   16.4853
   -7.5000  -15.0000  -45.0000 2337.2725   16.0683
    0.0000  -15.0000  -45.0000 2336.6509   16.0672
    7.5000  -15.0000  -45.0000 2306.6152   16.3450
   -7.5000   -7.5000  -45.0000 2321.1909   16.3062
    0.0000   -7.5000  -45.0000 2320.6436   16.2745
    7.5000   -7.5000  -45.0000 2287.4763   16.5695
   -7.5000    0.0000  -45.0000 2273.7302   16.8321
    0.0000    0.0000  -45.0000 2277.1980   16.8184
    7.5000    0.0000  -45.0000 2241.6951   17.1370
   -7.5000    7.5000  -45.0000 2201.5422   17.7248
    0.0000    7.5000  -45.0000 2205.4934   17.7306
    7.5000    7.5000  -45.0000 2166.5137   18.0838
   -7.5000   15.0000  -45.0000 2105.2856   19.0813
    0.0000   15.0000  -45.0000 2106.2256   19.0730
    7.5000   15.0000  -45.0000 2075.6489   19.4988
   -7.5000   22.5000  -45.0000 1991.7402   21.0258
    0.0000   22.5000  -45.0000 1995.5443   20.9898
    7.5000   22.5000  -45.0000 1964.7021   21.4155
   -7.5000   30.0000  -45.0000 1876.7277   23.6977
    0.0000   30.0000  -45.0000 1879.2281   23.6612
    7.5000   30.0000  -45.0000 1848.7267   24.0793
   -7.5000   37.5000  -45.0000 1742.6570   27.3018
    0.0000   37.5000  -45.0000 1742.6381   27.2612
    7.5000   37.5000  -45.0000 1719.0619   27.8486
   -7.5000   45.0000  -45.0000 1606.0122   32.2183
    0.0000   45.0000  -45.0000 1602.9746   32.1563
    7.5000   45.0000  -45.0000 1583.6023   32.8861
   -7.5000  -45.0000  -37.5000 2247.3459   17.4911
    0.0000  -45.0000  -37.5000 2252.9336   17.5693
    7.5000  -45.0000  -37.5000 2228.9299   17.7820
   -7.5000  -37.5000  -37.5000 2335.6199   16.2835
    0.0000  -37.5000  -37.5000 2338.9167   16.3555
    7.5000  -37.5000  -37.5000 2313.1147   16.5315
   -7.5000  -30.0000  -37.5000 2389.9688   15.5104
    0.0000  -30.0000  -37.5000 2391.6831   15.5515
    7.5000  -30.0000  -37.5000 2363.1982   15.7296
   -7.5000  -22.5000  -37.5000 2431.3374   15.1429
    0.0000  -22.5000  -37.5000 2432.8484   15.1528
    7.5000  -22.5000  -37.5000 2397.6379   15.3397
   -7.5000  -15.0000  -37.5000 2439.6062   15.0461
    0.0000  -15.0000  -37.5000 2443.7473   15.0607
    7.5000  -15.0000  -37.5000 2404.5005   15.2443
   -7.5000   -7.5000  -37.5000 2422.2932   15.2840
    0.0000   -7.5000  -37.5000 2425.2253   15.2793
    7.5000   -7.5000  -37.5000 2386.1992   15.5150
   -7.5000    0.0000  -37.5000 2373.1118   15.7821
    0.0000    0.0000  -37.5000 2377.4622   15.7804
    7.5000    0.0000  -37.5000 2336.4688   16.0546
   -7.5000    7.5000  -37.5000 2293.8494   16.6084
    0.0000    7.5000  -37.5000 2296.9663   16.6123
    7.5000    7.5000  -37.5000 2256.0701   16.9182
   -7.5000   15.0000  -37.5000 2184.4761   17.8380
    0.0000   15.0000  -37.5000 2192.1445   17.8074
    7.5000   15.0000  -37.5000 2161.1189   18.1654
   -7.5000   22.5000  -37.5000 2064.7112   19.6084
    0.0000   22.5000  -37.5000 2068.6025   19.5599
    7.5000   22.5000  -37.5000 2041.2556   19.9455
   -7.5000   30.0000  -37.5000 1939.8729   22.0458
    0.0000   30.0000  -37.5000 1942.4248   21.9713
    7.5000   30.0000  -37.5000 1916.6846   22.3456
   -7.5000   37.5000  -37.5000 1804.1578   25.3209
    0.0000   37.5000  -37.5000 1803.6482   25.2993
    7.5000   37.5000  -37.5000 1780.0736   25.7051
   -7.5000   45.0000  -37.5000 1662.6465   29.8340
    0.0000   45.0000  -37.5000 1662.5487   29.7878
    7.5000   45.0000  -37.5000 1640.0787   30.3354
   -7.5000  -45.0000  -30.0000 2353.9897   17.0065
    0.0000  -45.0000  -30.0000 2361.0237   17.0880
    7.5000  -45.0000  -30.0000 2331.5212   17.2602
   -7.5000  -37.5000  -30.0000 2456.1577   15.7621
    0.0000  -37.5000  -30.0000 2459.7173   15.8159
    7.5000  -37.5000  -30.0000 2429.8882   15.9903
   -7.5000  -30.0000  -30.0000 2527.8491   15.0039
    0.0000  -30.0000  -30.0000 2526.4097   15.0320
    7.5000  -30.0000  -30.0000 2495.1941   15.1890
   -7.5000  -22.5000  -30.0000 2575.2329   14.6421
    0.0000  -22.5000  -30.0000 2575.1450   14.6599
    7.5000  -22.5000  -30.0000 2532.3450   14.8000
   -7.5000  -15.0000  -30.0000 2586.8662   14.6181
    0.0000  -15.0000  -30.0000 2595.7417   14.6215
    7.5000  -15.0000  -30.0000 2546.3516   14.7495
   -7.5000   -7.5000  -30.0000 2568.2937   14.8872
    0.0000   -7.5000  -30.0000 2578.9807   14.8843
    7.5000   -7.5000  -30.0000 2533.0920   15.0343
   -7.5000    0.0000  -30.0000 2516.0251   15.3920
    0.0000    0.0000  -30.0000 2519.5845   15.3948
    7.5000    0.0000  -30.0000 2473.1465   15.5894
   -7.5000    7.5000  -30.0000 2427.0344   16.1927
    0.0000    7.5000  -30.0000 2431.2358   16.1816
    7.5000    7.5000  -30.0000 2386.2808   16.4250
   -7.5000   15.0000  -30.0000 2304.9255   17.3383
    0.0000   15.0000  -30.0000 2317.7446   17.3015
    7.5000   15.0000  -30.0000 2278.1975   17.5872
   -7.5000   22.5000  -30.0000 2176.4377   19.0336
    0.0000   22.5000  -30.0000 2182.0400   18.9741
    7.5000   22.5000  -30.0000 2146.7690   19.2984
   -7.5000   30.0000  -30.0000 2035.0500   21.4010
    0.0000   30.0000  -30.0000 2036.1998   21.3175
    7.5000   30.0000  -30.0000 2008.1384   21.6449
   -7.5000   37.5000  -30.0000 1892.0835   24.4859
    0.0000   37.5000  -30.0000 1886.1914   24.4219
    7.5000   37.5000  -30.0000 1864.0834   24.8194
   -7.5000   45.0000  -30.0000 1739.8073   28.7435
    0.0000   45.0000  -30.0000 1744.0317   28.6468
    7.5000   45.0000  -30.0000 1716.8583   29.1907
   -7.5000  -45.0000  -22.5000 2438.4646   16.4319
    0.0000  -45.0000  -22.5000 2438.4739   16.4509
    7.5000  -45.0000  -22.5000 2409.5229   16.6878
   -7.5000  -37.5000  -22.5000 2551.0667   15.2376
    0.0000  -37.5000  -22.5000 2545.6670   15.2286
    7.5000  -37.5000  -22.5000 2515.9753   15.4500
   -7.5000  -30.0000  -22.5000 2633.0786   14.4405
    0.0000  -30.0000  -22.5000 2630.9758   14.4501
    7.5000  -30.0000  -22.5000 2594.6218   14.6184
   -7.5000  -22.5000  -22.5000 2687.6675   14.0670
    0.0000  -22.5000  -22.5000 2689.2024   14.0774
    7.5000  -22.5000  -22.5000 2641.2810   14.2372
   -7.5000  -15.0000  -22.5000 2705.8140   14.0763
    0.0000  -15.0000  -22.5000 2721.6450   14.0730
    7.5000  -15.0000  -22.5000 2663.5667   14.1922
   -7.5000   -7.5000  -22.5000 2688.3215   14.3656
    0.0000   -7.5000  -22.5000 2701.9883   14.3774
    7.5000   -7.5000  -22.5000 2648.2725   14.4534
   -7.5000    0.0000  -22.5000 2625.0002   14.8695
    0.0000    0.0000  -22.5000 2632.8855   14.8886
    7.5000    0.0000  -22.5000 2582.2153   15.0334
   -7.5000    7.5000  -22.5000 2530.3389   15.6140
    0.0000    7.5000  -22.5000 2537.2708   15.6087
    7.5000    7.5000  -22.5000 2492.2935   15.8457
   -7.5000   15.0000  -22.5000 2404.1943   16.7500
    0.0000   15.0000  -22.5000 2408.1270   16.7066
    7.5000   15.0000  -22.5000 2372.6104   17.0056
   -7.5000   22.5000  -22.5000 2267.3457   18.3761
    0.0000   22.5000  -22.5000 2270.2781   18.3214
    7.5000   22.5000  -22.5000 2233.8989   18.6318
   -7.5000   30.0000  -22.5000 2113.4868   20.6184
    0.0000   30.0000  -22.5000 2109.3850   20.5064
    7.5000   30.0000  -22.5000 2083.0420   20.8168
   -7.5000   37.5000  -22.5000 1956.7787   23.5539
    0.0000   37.5000  -22.5000 1953.1976   23.4098
    7.5000   37.5000  -22.5000 1924.1562   23.8605
   -7.5000   45.0000  -22.5000 1798.2571   27.5704
    0.0000   45.0000  -22.5000 1800.4010   27.3360
    7.5000   45.0000  -22.5000 1774.1324   28.0194
   -7.5000  -45.0000  -15.0000 2486.6379   15.9408
    0.0000  -45.0000  -15.0000 2485.4460   15.9163
    7.5000  -45.0000  -15.0000 2456.1711   16.2335
   -7.5000  -37.5000  -15.0000 2610.1028   14.7421
    0.0000  -37.5000  -15.0000 2608.5298   14.7193
    7.5000  -37.5000  -15.0000 2570.2737   15.0045
   -7.5000  -30.0000  -15.0000 2710.5334   13.9438
    0.0000  -30.0000  -15.0000 2714.3359   13.9483
    7.5000  -30.0000  -15.0000 2665.1348   14.1772
   -7.5000  -22.5000  -15.0000 2776.1714   13.5480
    0.0000  -22.5000  -15.0000 2779.6287   13.5367
    7.5000  -22.5000  -15.0000 2724.7017   13.7488
   -7.5000  -15.0000  -15.0000 2798.3921   13.5527
    0.0000  -15.0000  -15.0000 2811.8279   13.5249
    7.5000  -15.0000  -15.0000 2752.5613   13.6722
   -7.5000   -7.5000  -15.0000 2773.7434   13.8441
    0.0000   -7.5000  -15.0000 2785.3625   13.8067
    7.5000   -7.5000  -15.0000 2730.8821   13.9520
   -7.5000    0.0000  -15.0000 2699.5847   14.3451
    0.0000    0.0000  -15.0000 2708.0771   14.3109
    7.5000    0.0000  -15.0000 2657.4951   14.5100
   -7.5000    7.5000  -15.0000 2595.9177   15.0763
    0.0000    7.5000  -15.0000 2599.3372   15.0703
    7.5000    7.5000  -15.0000 2554.7881   15.3218
   -7.5000   15.0000  -15.0000 2464.2971   16.1518
    0.0000   15.0000  -15.0000 2462.9380   16.1499
    7.5000   15.0000  -15.0000 2427.5261   16.4410
   -7.5000   22.5000  -15.0000 2322.1179   17.7407
    0.0000   22.5000  -15.0000 2321.1880   17.7060
    7.5000   22.5000  -15.0000 2288.8755   18.0122
   -7.5000   30.0000  -15.0000 2163.4075   19.8941
    0.0000   30.0000  -15.0000 2164.7222   19.8268
    7.5000   30.0000  -15.0000 2128.6221   20.1612
   -7.5000   37.5000  -15.0000 1994.5930   22.6903
    0.0000   37.5000  -15.0000 1999.4395   22.6117
    7.5000   37.5000  -15.0000 1964.2098   23.0181
   -7.5000   45.0000  -15.0000 1824.4187   26.4421
    0.0000   45.0000  -15.0000 1824.7744   26.2736
    7.5000   45.0000  -15.0000 1803.8660   26.8224
   -7.5000  -45.0000   -7.5000 2507.5032   15.5607
    0.0000  -45.0000   -7.5000 2512.2102   15.4884
    7.5000  -45.0000   -7.5000 2480.1980   15.8727
   -7.5000  -37.5000   -7.5000 2644.0442   14.3899
    0.0000  -37.5000   -7.5000 2645.1545   14.3351
    7.5000  -37.5000   -7.5000 2606.4636   14.6845
   -7.5000  -30.0000   -7.5000 2757.5356   13.5617
    0.0000  -30.0000   -7.5000 2768.5427   13.5358
    7.5000  -30.0000   -7.5000 2712.7925   13.8618
   -7.5000  -22.5000   -7.5000 2838.7927   13.0435
    0.0000  -22.5000   -7.5000 2848.9397   12.9753
    7.5000  -22.5000   -7.5000 2786.1370   13.3807
   -7.5000  -15.0000   -7.5000 2863.8555   13.0245
    0.0000  -15.0000   -7.5000 2877.7615   12.8823
    7.5000  -15.0000   -7.5000 2817.1064   13.2809
   -7.5000   -7.5000   -7.5000 2825.4727   13.3372
    0.0000   -7.5000   -7.5000 2835.4016   13.2086
    7.5000   -7.5000   -7.5000 2786.0613   13.5278
   -7.5000    0.0000   -7.5000 2746.1165   13.8413
    0.0000    0.0000   -7.5000 2749.0652   13.7890
    7.5000    0.0000   -7.5000 2709.2180   14.0602
   -7.5000    7.5000   -7.5000 2631.3259   14.6016
    0.0000    7.5000   -7.5000 2631.1543   14.5815
    7.5000    7.5000   -7.5000 2596.1606   14.8929
   -7.5000   15.0000   -7.5000 2487.4453   15.6573
    0.0000   15.0000   -7.5000 2491.7034   15.6585
    7.5000   15.0000   -7.5000 2455.9985   16.0149
   -7.5000   22.5000   -7.5000 2344.0886   17.1925
    0.0000   22.5000   -7.5000 2350.8577   17.1818
    7.5000   22.5000   -7.5000 2314.1199   17.5734
   -7.5000   30.0000   -7.5000 2183.2600   19.2362
    0.0000   30.0000   -7.5000 2186.0542   19.2569
    7.5000   30.0000   -7.5000 2152.7781   19.6603
   -7.5000   37.5000   -7.5000 2012.5645   21.9312
    0.0000   37.5000   -7.5000 2016.5244   21.9861
    7.5000   37.5000   -7.5000 1984.2084   22.4146
   -7.5000   45.0000   -7.5000 1844.5295   25.5364
    0.0000   45.0000   -7.5000 1846.4730   25.5726
    7.5000   45.0000   -7.5000 1819.5942   26.0705
   -7.5000  -45.0000    0.0000 2507.7329   15.4542
    0.0000  -45.0000    0.0000 2514.6824   15.2956
    7.5000  -45.0000    0.0000 2481.1411   15.7305
   -7.5000  -37.5000    0.0000 2652.6213   14.2940
    0.0000  -37.5000    0.0000 2658.9771   14.1239
    7.5000  -37.5000    0.0000 2618.5466   14.5512
   -7.5000  -30.0000    0.0000 2772.7842   13.4843
    0.0000  -30.0000    0.0000 2787.1799   13.3302
    7.5000  -30.0000    0.0000 2733.7910   13.7676
   -7.5000  -22.5000    0.0000 2855.9167   12.8534
    0.0000  -22.5000    0.0000 2871.3857   12.6852
    7.5000  -22.5000    0.0000 2812.3142   13.2776
   -7.5000  -15.0000    0.0000 2886.2375   12.7204
    0.0000  -15.0000    0.0000 2899.8958   12.5937
    7.5000  -15.0000    0.0000 2845.0039   13.1241
   -7.5000   -7.5000    0.0000 2844.0779   13.0195
    0.0000   -7.5000    0.0000 2855.4258   12.9265
    7.5000   -7.5000    0.0000 2810.9299   13.3701
   -7.5000    0.0000    0.0000 2755.9785   13.5607
    0.0000    0.0000    0.0000 2763.0566   13.5121
    7.5000    0.0000    0.0000 2721.3975   13.9042
   -7.5000    7.5000    0.0000 2633.7290   14.3296
    0.0000    7.5000    0.0000 2638.5005   14.3438
    7.5000    7.5000    0.0000 2601.2993   14.7146
   -7.5000   15.0000    0.0000 2491.3286   15.4372
    0.0000   15.0000    0.0000 2496.5168   15.4963
    7.5000   15.0000    0.0000 2462.7695   15.8367
   -7.5000   22.5000    0.0000 2343.3333   16.9434
    0.0000   22.5000    0.0000 2350.1987   17.0549
    7.5000   22.5000    0.0000 2318.4316   17.3938
   -7.5000   30.0000    0.0000 2178.0811   18.9835
    0.0000   30.0000    0.0000 2188.1426   19.0809
    7.5000   30.0000    0.0000 2156.9365   19.4494
   -7.5000   37.5000    0.0000 2006.9912   21.6223
    0.0000   37.5000    0.0000 2015.9985   21.7176
    7.5000   37.5000    0.0000 1988.5902   22.1710
   -7.5000   45.0000    0.0000 1849.6703   25.1978
    0.0000   45.0000    0.0000 1847.9612   25.2517
    7.5000   45.0000    0.0000 1828.7173   25.8157
   -7.5000  -45.0000    7.5000 2490.5120   15.6205
    0.0000  -45.0000    7.5000 2497.3767   15.3201
    7.5000  -45.0000    7.5000 2466.4773   15.8182
   -7.5000  -37.5000    7.5000 2630.8955   14.4456
    0.0000  -37.5000    7.5000 2639.1162   14.1582
    7.5000  -37.5000    7.5000 2599.5459   14.6621
   -7.5000  -30.0000    7.5000 2747.7151   13.6361
    0.0000  -30.0000    7.5000 2765.2412   13.3489
    7.5000  -30.0000    7.5000 2715.4670   13.9156
   -7.5000  -22.5000    7.5000 2834.8311   13.1345
    0.0000  -22.5000    7.5000 2851.9861   12.8789
    7.5000  -22.5000    7.5000 2802.5112   13.4471
   -7.5000  -15.0000    7.5000 2866.5562   12.9656
    0.0000  -15.0000    7.5000 2889.2427   12.8211
    7.5000  -15.0000    7.5000 2838.1919   13.2998
   -7.5000   -7.5000    7.5000 2833.7500   13.1223
    0.0000   -7.5000    7.5000 2849.8281   13.0364
    7.5000   -7.5000    7.5000 2805.3584   13.4775
   -7.5000    0.0000    7.5000 2742.4292   13.5983
    0.0000    0.0000    7.5000 2756.7407   13.5355
    7.5000    0.0000    7.5000 2719.0103   13.9447
   -7.5000    7.5000    7.5000 2614.0352   14.3767
    0.0000    7.5000    7.5000 2626.8367   14.3466
    7.5000    7.5000    7.5000 2591.6746   14.7392
   -7.5000   15.0000    7.5000 2474.2710   15.5205
    0.0000   15.0000    7.5000 2478.7500   15.5167
    7.5000   15.0000    7.5000 2451.2080   15.8634
   -7.5000   22.5000    7.5000 2328.2219   17.0577
    0.0000   22.5000    7.5000 2329.3972   17.0538
    7.5000   22.5000    7.5000 2305.4670   17.4197
   -7.5000   30.0000    7.5000 2164.9836   19.0960
    0.0000   30.0000    7.5000 2169.8032   19.0362
    7.5000   30.0000    7.5000 2147.4438   19.4431
   -7.5000   37.5000    7.5000 1996.1669   21.7753
    0.0000   37.5000    7.5000 2000.0428   21.6902
    7.5000   37.5000    7.5000 1981.8113   22.0857
   -7.5000   45.0000    7.5000 1832.5613   25.2394
    0.0000   45.0000    7.5000 1835.5933   25.1450
    7.5000   45.0000    7.5000 1820.7670   25.6020
   -7.5000  -45.0000   15.0000 2454.9810   16.0017
    0.0000  -45.0000   15.0000 2471.0315   15.6863
    7.5000  -45.0000   15.0000 2438.7231   16.1742
   -7.5000  -37.5000   15.0000 2588.5361   14.8487
    0.0000  -37.5000   15.0000 2602.8704   14.5254
    7.5000  -37.5000   15.0000 2566.2854   15.0153
   -7.5000  -30.0000   15.0000 2699.2754   14.0415
    0.0000  -30.0000   15.0000 2715.7258   13.7115
    7.5000  -30.0000   15.0000 2672.9832   14.2439
   -7.5000  -22.5000   15.0000 2778.4041   13.6394
    0.0000  -22.5000   15.0000 2792.5740   13.3835
    7.5000  -22.5000   15.0000 2753.8916   13.8210
   -7.5000  -15.0000   15.0000 2803.1777   13.5626
    0.0000  -15.0000   15.0000 2814.9104   13.3599
    7.5000  -15.0000   15.0000 2779.8835   13.7189
   -7.5000   -7.5000   15.0000 2774.6123   13.7128
    0.0000   -7.5000   15.0000 2779.6394   13.5310
    7.5000   -7.5000   15.0000 2743.4993   13.8581
   -7.5000    0.0000   15.0000 2687.3989   14.0958
    0.0000    0.0000   15.0000 2697.6570   13.9584
    7.5000    0.0000   15.0000 2664.9688   14.2876
   -7.5000    7.5000   15.0000 2571.5610   14.7530
    0.0000    7.5000   15.0000 2582.6929   14.6616
    7.5000    7.5000   15.0000 2558.5908   14.9973
   -7.5000   15.0000   15.0000 2438.4133   15.8100
    0.0000   15.0000   15.0000 2449.9980   15.7477
    7.5000   15.0000   15.0000 2427.8701   16.0801
   -7.5000   22.5000   15.0000 2292.4021   17.2933
    0.0000   22.5000   15.0000 2301.2229   17.2493
    7.5000   22.5000   15.0000 2282.3008   17.5696
   -7.5000   30.0000   15.0000 2129.2583   19.3044
    0.0000   30.0000   15.0000 2142.4829   19.2484
    7.5000   30.0000   15.0000 2121.6235   19.5600
   -7.5000   37.5000   15.0000 1968.5638   21.9546
    0.0000   37.5000   15.0000 1977.1669   21.8966
    7.5000   37.5000   15.0000 1956.8285   22.2717
   -7.5000   45.0000   15.0000 1808.0525   25.5464
    0.0000   45.0000   15.0000 1816.1783   25.4074
    7.5000   45.0000   15.0000 1797.2104   25.8580
   -7.5000  -45.0000   22.5000 2410.5486   16.7901
    0.0000  -45.0000   22.5000 2430.4180   16.5064
    7.5000  -45.0000   22.5000 2404.1094   16.9019
   -7.5000  -37.5000   22.5000 2530.1943   15.6010
    0.0000  -37.5000   22.5000 2553.3252   15.3576
    7.5000  -37.5000   22.5000 2521.2820   15.7488
   -7.5000  -30.0000   22.5000 2634.2166   14.7630
    0.0000  -30.0000   22.5000 2654.5061   14.5644
    7.5000  -30.0000   22.5000 2618.2817   14.9180
   -7.5000  -22.5000   22.5000 2703.5586   14.3456
    0.0000  -22.5000   22.5000 2719.7273   14.1555
    7.5000  -22.5000   22.5000 2682.0410   14.4941
   -7.5000  -15.0000   22.5000 2720.1250   14.2077
    0.0000  -15.0000   22.5000 2730.6592   14.0723
    7.5000  -15.0000   22.5000 2697.1177   14.3289
   -7.5000   -7.5000   22.5000 2687.4307   14.3224
    0.0000   -7.5000   22.5000 2697.5598   14.2115
    7.5000   -7.5000   22.5000 2666.2253   14.4478
   -7.5000    0.0000   22.5000 2609.0981   14.7422
    0.0000    0.0000   22.5000 2620.5212   14.6442
    7.5000    0.0000   22.5000 2588.8367   14.8962
   -7.5000    7.5000   22.5000 2504.8323   15.4742
    0.0000    7.5000   22.5000 2519.3037   15.4045
    7.5000    7.5000   22.5000 2490.4761   15.6422
   -7.5000   15.0000   22.5000 2387.4741   16.5103
    0.0000   15.0000   22.5000 2398.1228   16.4263
    7.5000   15.0000   22.5000 2373.1956   16.7095
   -7.5000   22.5000   22.5000 2243.3669   17.9160
    0.0000   22.5000   22.5000 2254.8728   17.8506
    7.5000   22.5000   22.5000 2233.6765   18.1675
   -7.5000   30.0000   22.5000 2089.0874   19.8764
    0.0000   30.0000   22.5000 2102.9048   19.8154
    7.5000   30.0000   22.5000 2081.5671   20.1216
   -7.5000   37.5000   22.5000 1934.6357   22.5208
    0.0000   37.5000   22.5000 1943.3931   22.4148
    7.5000   37.5000   22.5000 1929.0094   22.7736
   -7.5000   45.0000   22.5000 1778.5005   26.0528
    0.0000   45.0000   22.5000 1781.0452   25.8615
    7.5000   45.0000   22.5000 1773.6871   26.3213
   -7.5000  -45.0000   30.0000 2349.6660   17.8635
    0.0000  -45.0000   30.0000 2373.1150   17.7129
    7.5000  -45.0000   30.0000 2347.7593   18.0149
   -7.5000  -37.5000   30.0000 2461.0249   16.5998
    0.0000  -37.5000   30.0000 2489.8508   16.4473
    7.5000  -37.5000   30.0000 2458.0403   16.7707
   -7.5000  -30.0000   30.0000 2558.6313   15.7413
    0.0000  -30.0000   30.0000 2583.3467   15.6115
    7.5000  -30.0000   30.0000 2549.6970   15.8934
   -7.5000  -22.5000   30.0000 2613.5264   15.2976
    0.0000  -22.5000   30.0000 2635.2937   15.1299
    7.5000  -22.5000   30.0000 2599.3223   15.4094
   -7.5000  -15.0000   30.0000 2618.6245   15.1155
    0.0000  -15.0000   30.0000 2639.1768   14.9762
    7.5000  -15.0000   30.0000 2609.3005   15.2267
   -7.5000   -7.5000   30.0000 2590.8765   15.1961
    0.0000   -7.5000   30.0000 2604.4097   15.0862
    7.5000   -7.5000   30.0000 2578.2068   15.3329
   -7.5000    0.0000   30.0000 2520.0273   15.6061
    0.0000    0.0000   30.0000 2531.8054   15.5265
    7.5000    0.0000   30.0000 2507.7253   15.7505
   -7.5000    7.5000   30.0000 2426.8398   16.3430
    0.0000    7.5000   30.0000 2442.5703   16.2544
    7.5000    7.5000   30.0000 2415.2764   16.4948
   -7.5000   15.0000   30.0000 2317.1411   17.4019
    0.0000   15.0000   30.0000 2327.7366   17.3219
    7.5000   15.0000   30.0000 2303.2524   17.5582
   -7.5000   22.5000   30.0000 2186.2771   18.8240
    0.0000   22.5000   30.0000 2192.7849   18.7945
    7.5000   22.5000   30.0000 2173.2578   19.0295
   -7.5000   30.0000   30.0000 2040.6859   20.8085
    0.0000   30.0000   30.0000 2047.1659   20.7593
    7.5000   30.0000   30.0000 2033.0659   21.0201
   -7.5000   37.5000   30.0000 1887.2400   23.4409
    0.0000   37.5000   30.0000 1894.2959   23.3646
    7.5000   37.5000   30.0000 1884.6635   23.6803
   -7.5000   45.0000   30.0000 1734.0721   27.0018
    0.0000   45.0000   30.0000 1737.4081   26.8671
    7.5000   45.0000   30.0000 1730.8517   27.2918
   -7.5000  -45.0000   37.5000 2281.5203   19.1751
    0.0000  -45.0000   37.5000 2310.8052   19.0952
    7.5000  -45.0000   37.5000 2286.1523   19.3661
   -7.5000  -37.5000   37.5000 2385.1479   17.8739
    0.0000  -37.5000   37.5000 2416.4656   17.8195
    7.5000  -37.5000   37.5000 2385.6621   18.0807
   -7.5000  -30.0000   37.5000 2469.4795   16.9695
    0.0000  -30.0000   37.5000 2494.2073   16.8951
    7.5000  -30.0000   37.5000 2461.8872   17.1534
   -7.5000  -22.5000   37.5000 2511.5759   16.4939
    0.0000  -22.5000   37.5000 2535.7532   16.3672
    7.5000  -22.5000   37.5000 2501.8000   16.6213
   -7.5000  -15.0000   37.5000 2516.5354   16.2525
    0.0000  -15.0000   37.5000 2536.2417   16.1401
    7.5000  -15.0000   37.5000 2508.6313   16.3694
   -7.5000   -7.5000   37.5000 2486.2158   16.3206
    0.0000   -7.5000   37.5000 2501.6296   16.2308
    7.5000   -7.5000   37.5000 2479.3662   16.4587
   -7.5000    0.0000   37.5000 2426.8323   16.7465
    0.0000    0.0000   37.5000 2436.2893   16.6649
    7.5000    0.0000   37.5000 2417.4355   16.8787
   -7.5000    7.5000   37.5000 2346.3582   17.4098
    0.0000    7.5000   37.5000 2359.9402   17.3324
    7.5000    7.5000   37.5000 2339.5935   17.5705
   -7.5000   15.0000   37.5000 2241.6497   18.4407
    0.0000   15.0000   37.5000 2257.7588   18.3747
    7.5000   15.0000   37.5000 2233.7092   18.5854
   -7.5000   22.5000   37.5000 2119.8311   19.8947
    0.0000   22.5000   37.5000 2129.1287   19.8440
    7.5000   22.5000   37.5000 2110.2258   20.0658
   -7.5000   30.0000   37.5000 1979.8119   21.9389
    0.0000   30.0000   37.5000 1986.5231   21.8826
    7.5000   30.0000   37.5000 1971.3521   22.1267
   -7.5000   37.5000   37.5000 1836.4327   24.6492
    0.0000   37.5000   37.5000 1843.4735   24.5341
    7.5000   37.5000   37.5000 1828.8756   24.7981
   -7.5000   45.0000   37.5000 1684.5250   28.3917
    0.0000   45.0000   37.5000 1690.0408   28.2772
    7.5000   45.0000   37.5000 1679.9097   28.5848
   -7.5000  -45.0000   45.0000 2203.4719   20.8300
    0.0000  -45.0000   45.0000 2230.9441   20.7491
    7.5000  -45.0000   45.0000 2211.9968   21.0059
   -7.5000  -37.5000   45.0000 2298.9521   19.4237
    0.0000  -37.5000   45.0000 2330.1687   19.4187
    7.5000  -37.5000   45.0000 2305.9480   19.6278
   -7.5000  -30.0000   45.0000 2367.7634   18.4709
    0.0000  -30.0000   45.0000 2393.3247   18.4118
    7.5000  -30.0000   45.0000 2367.8135   18.6540
   -7.5000  -22.5000   45.0000 2400.4221   17.9122
    0.0000  -22.5000   45.0000 2424.4529   17.8259
    7.5000  -22.5000   45.0000 2397.1482   18.0499
   -7.5000  -15.0000   45.0000 2404.1885   17.6400
    0.0000  -15.0000   45.0000 2426.1658   17.5154
    7.5000  -15.0000   45.0000 2399.0645   17.7650
   -7.5000   -7.5000   45.0000 2380.1846   17.6907
    0.0000   -7.5000   45.0000 2395.6843   17.5874
    7.5000   -7.5000   45.0000 2377.3140   17.8180
   -7.5000    0.0000   45.0000 2324.7007   18.0985
    0.0000    0.0000   45.0000 2337.7747   18.0076
    7.5000    0.0000   45.0000 2322.1548   18.2352
   -7.5000    7.5000   45.0000 2248.6721   18.8246
    0.0000    7.5000   45.0000 2256.2166   18.7016
    7.5000    7.5000   45.0000 2244.7456   18.9321
   -7.5000   15.0000   45.0000 2157.4048   19.8102
    0.0000   15.0000   45.0000 2166.3198   19.7054
    7.5000   15.0000   45.0000 2152.8096   19.8879
   -7.5000   22.5000   45.0000 2040.0811   21.3260
    0.0000   22.5000   45.0000 2052.0137   21.2161
    7.5000   22.5000   45.0000 2035.8167   21.4227
   -7.5000   30.0000   45.0000 1908.5155   23.3738
    0.0000   30.0000   45.0000 1915.7352   23.2882
    7.5000   30.0000   45.0000 1902.3297   23.5877
   -7.5000   37.5000   45.0000 1773.2812   26.2939
    0.0000   37.5000   45.0000 1781.3688   26.1555
    7.5000   37.5000   45.0000 1766.0686   26.4869
   -7.5000   45.0000   45.0000 1630.0354   30.3235
    0.0000   45.0000   45.0000 1639.6226   30.0698
    7.5000   45.0000   45.0000 1622.6746   30.4275

---------------------------------------------------------------------
imgreg_4dfp /opt/freesurfer/average/711-2C_as_mni_average_305 /opt/freesurfer/average/711-2B_as_mni_average_305_mask talsrcimg_g11 none talsrcimg_to_711-2C_as_mni_average_305_t4 1283
---------------------------------------------------------------------

freesurfer imgreg_4dfp.c
/opt/freesurfer/average/711-2C_as_mni_average_305.4dfp.img
       256       256       256         1
  1.000000  1.000000  1.000000
orientation T byte_order littleendian
Reading image: /opt/freesurfer/average/711-2C_as_mni_average_305.4dfp.img
dimensions:      256       256       256
mmppix:       1.0000   -1.0000   -1.0000
center:     128.0000 -129.0000 -129.0000
/opt/freesurfer/average/711-2B_as_mni_average_305_mask.4dfp.img
       256       256       256         1
  1.000000  1.000000  1.000000
orientation T byte_order littleendian
Reading mask: /opt/freesurfer/average/711-2B_as_mni_average_305_mask.4dfp.img (2306576 pixels)
talsrcimg_g11.4dfp.img
       256       256       256         1
  1.000000  1.000000  1.000000
orientation T byte_order littleendian
Reading image: talsrcimg_g11.4dfp.img
dimensions:      256       256       256
mmppix:       1.0000   -1.0000   -1.0000
center:     128.0000 -129.0000 -129.0000
rotation matrix determinant  1.000000
fimgreg.f
image alignment mode   1283 decimal      503 hex
parameters
    0.0000  -15.0000    0.0000    0.0000    0.0000    0.0000
eta,q 0.90970 12.57590
niter,ni,del,rscale     5    3   12.0000    1.2000
parameter  4  1.398369 ->  0.500000 qaram    1.1500
parameter  6 -0.831579 -> -0.500000 qaram    1.1500
parameters
   -2.9752  -16.0798    0.5767   -3.4500   -0.0927    3.4500
eta,q 0.91888 12.53816
  0.0902  0.0921  0.0919  0.0823  0.0868  0.0916
  0.0880  0.0900  0.0899  0.0830  0.0850  0.0886
  0.0888  0.0884  0.0888  0.0853  0.0834  0.0859
  0.0907  0.0880  0.0879  0.0873  0.0836  0.0835
  0.0924  0.0897  0.0876  0.0896  0.0838  0.0815
  0.0962  0.0926  0.0879  0.0929  0.0849  0.0811
  0.1028  0.0973  0.0914  0.0974  0.0872  0.0816
niter,ni,del,rscale     6    3   12.0000    1.2000
parameters
   -1.9763  -15.1848    0.5128   -5.6891   -0.2169    3.6221
eta,q 0.92022 12.51166
  0.0923  0.0922  0.0858  0.0824  0.0847  0.0864
  0.0862  0.0878  0.0840  0.0813  0.0822  0.0828
  0.0831  0.0842  0.0819  0.0798  0.0803  0.0804
  0.0811  0.0809  0.0800  0.0800  0.0798  0.0798
  0.0815  0.0798  0.0809  0.0827  0.0808  0.0803
  0.0836  0.0827  0.0835  0.0859  0.0827  0.0822
  0.0863  0.0884  0.0869  0.0894  0.0848  0.0858
niter,ni,del,rscale     5    3   12.0000    1.2000
parameters
   -2.2270  -14.5114    0.0532   -6.2672    0.0579    3.4956
eta,q 0.92057 12.49743
  0.0877  0.0907  0.0855  0.0839  0.0851  0.0858
  0.0835  0.0860  0.0833  0.0827  0.0825  0.0825
  0.0810  0.0828  0.0808  0.0810  0.0803  0.0802
  0.0798  0.0797  0.0790  0.0790  0.0794  0.0794
  0.0818  0.0789  0.0814  0.0798  0.0801  0.0803
  0.0845  0.0822  0.0846  0.0834  0.0819  0.0828
  0.0888  0.0879  0.0877  0.0871  0.0841  0.0864
niter,ni,del,rscale     4    3   12.0000    1.2000
parameters
   -2.4960  -14.2044   -0.1715   -6.5365    0.3924    3.4394
eta,q 0.92057 12.49257
  0.0873  0.0895  0.0863  0.0846  0.0851  0.0859
  0.0834  0.0853  0.0835  0.0834  0.0827  0.0827
  0.0810  0.0823  0.0814  0.0815  0.0805  0.0804
  0.0794  0.0794  0.0792  0.0792  0.0794  0.0794
  0.0814  0.0794  0.0811  0.0794  0.0800  0.0802
  0.0844  0.0831  0.0846  0.0829  0.0818  0.0828
  0.0888  0.0889  0.0873  0.0871  0.0841  0.0863
niter,ni,del,rscale     3    3   12.0000    1.2000
parameters
   -2.6593  -14.0309   -0.2725   -6.6839    0.6221    3.4328
eta,q 0.92056 12.49021
  0.0876  0.0891  0.0868  0.0848  0.0849  0.0860
  0.0836  0.0851  0.0835  0.0837  0.0826  0.0829
  0.0813  0.0822  0.0814  0.0817  0.0805  0.0805
  0.0794  0.0794  0.0793  0.0793  0.0794  0.0794
  0.0812  0.0798  0.0809  0.0793  0.0802  0.0802
  0.0842  0.0836  0.0845  0.0827  0.0821  0.0827
  0.0886  0.0893  0.0870  0.0871  0.0842  0.0862
niter,ni,del,rscale     2    3   12.0000    1.2000
parameters
   -2.7673  -13.9431   -0.3147   -6.7475    0.7647    3.4310
eta,q 0.92052 12.48937
  0.0878  0.0889  0.0870  0.0849  0.0848  0.0859
  0.0837  0.0850  0.0836  0.0838  0.0825  0.0829
  0.0816  0.0821  0.0815  0.0818  0.0805  0.0806
  0.0794  0.0795  0.0794  0.0794  0.0795  0.0795
  0.0811  0.0800  0.0809  0.0793  0.0803  0.0803
  0.0842  0.0839  0.0845  0.0826  0.0822  0.0827
  0.0885  0.0895  0.0869  0.0870  0.0843  0.0862
niter,ni,del,rscale     1    3   12.0000    1.2000
parameters
   -2.8197  -13.9061   -0.3373   -6.7678    0.8406    3.4336
eta,q 0.92050 12.48871
  0.0879  0.0888  0.0872  0.0850  0.0847  0.0859
  0.0838  0.0849  0.0835  0.0839  0.0824  0.0830
  0.0817  0.0820  0.0815  0.0819  0.0804  0.0807
  0.0795  0.0795  0.0795  0.0795  0.0795  0.0795
  0.0810  0.0801  0.0809  0.0793  0.0804  0.0803
  0.0842  0.0841  0.0845  0.0825  0.0823  0.0827
  0.0883  0.0897  0.0869  0.0869  0.0844  0.0862
registration optimization eta report
parameter search radius
    6.0000    6.0000    6.0000    6.9000    6.0000    6.9000
100000*second partial in parameter space
       22.       26.       19.       13.       13.       13.
  0.0879  0.0888  0.0872  0.0850  0.0847  0.0859
  0.0838  0.0849  0.0835  0.0839  0.0824  0.0830
  0.0817  0.0820  0.0815  0.0819  0.0804  0.0807
  0.0795  0.0795  0.0795  0.0795  0.0795  0.0795
  0.0810  0.0801  0.0809  0.0793  0.0804  0.0803
  0.0842  0.0841  0.0845  0.0825  0.0823  0.0827
  0.0883  0.0897  0.0869  0.0869  0.0844  0.0862
   -2.8197  -13.9061   -0.3373   -6.7678    0.8406    3.4336
eta,q 0.92050 12.48871

---------------------------------------------------------------------
imgreg_4dfp /opt/freesurfer/average/711-2C_as_mni_average_305 /opt/freesurfer/average/711-2B_as_mni_average_305_mask talsrcimg_g11 none talsrcimg_to_711-2C_as_mni_average_305_t4 3335
---------------------------------------------------------------------

freesurfer imgreg_4dfp.c
/opt/freesurfer/average/711-2C_as_mni_average_305.4dfp.img
       256       256       256         1
  1.000000  1.000000  1.000000
orientation T byte_order littleendian
Reading image: /opt/freesurfer/average/711-2C_as_mni_average_305.4dfp.img
dimensions:      256       256       256
mmppix:       1.0000   -1.0000   -1.0000
center:     128.0000 -129.0000 -129.0000
/opt/freesurfer/average/711-2B_as_mni_average_305_mask.4dfp.img
       256       256       256         1
  1.000000  1.000000  1.000000
orientation T byte_order littleendian
Reading mask: /opt/freesurfer/average/711-2B_as_mni_average_305_mask.4dfp.img (2306576 pixels)
talsrcimg_g11.4dfp.img
       256       256       256         1
  1.000000  1.000000  1.000000
orientation T byte_order littleendian
Reading image: talsrcimg_g11.4dfp.img
dimensions:      256       256       256
mmppix:       1.0000   -1.0000   -1.0000
center:     128.0000 -129.0000 -129.0000
fimgreg.f
image alignment mode   3335 decimal      D07 hex
parameters
   -2.8197  -13.9061   -0.3373   -0.1903   -0.8647   -0.7075
   -5.7749   -2.1601    5.9886   11.6762    1.4671  -11.7833
eta,q 0.91760 12.56064
niter,ni,del,rscale     5    3    5.0000    1.2000
parameter  4  7.185018 ->  0.500000 qaram    1.1500
parameter  5  5.071575 ->  0.500000 qaram    1.1500
parameter  6  4.641349 ->  0.500000 qaram    1.1500
parameter 11  0.774230 ->  0.500000 qaram    1.1500
parameters
   -2.8239  -14.0021    0.0596   -4.3303   -5.0047   -4.8475
   -5.1624   -0.1995    5.5221    9.8488   -2.6729  -10.6746
eta,q 0.93791 11.66557
  0.0837  0.0838  0.0834  0.0726  0.0645  0.0584  0.0646  0.0671  0.0638  0.0635  0.0624  0.0634
  0.0828  0.0831  0.0828  0.0755  0.0682  0.0615  0.0635  0.0646  0.0631  0.0630  0.0622  0.0629
  0.0824  0.0826  0.0825  0.0789  0.0721  0.0653  0.0627  0.0630  0.0626  0.0626  0.0623  0.0625
  0.0824  0.0824  0.0824  0.0824  0.0763  0.0693  0.0624  0.0624  0.0625  0.0625  0.0625  0.0622
  0.0826  0.0826  0.0824  0.0856  0.0809  0.0730  0.0625  0.0626  0.0628  0.0630  0.0628  0.0621
  0.0830  0.0832  0.0826  0.0893  0.0857  0.0775  0.0630  0.0629  0.0634  0.0642  0.0631  0.0624
  0.0835  0.0841  0.0829  0.0933  0.0907  0.0823  0.0639  0.0635  0.0642  0.0659  0.0634  0.0629
niter,ni,del,rscale     7    3    5.0000    1.2000
parameter  1 -0.569284 -> -0.500000 qaram    1.1500
parameter  4  1.603163 ->  0.500000 qaram    1.3225
parameter  5  3.172316 ->  0.500000 qaram    1.3225
parameter  6  1.701770 ->  0.500000 qaram    1.3225
parameter  8 -0.634525 -> -0.500000 qaram    1.1500
parameters
   -1.4439  -14.3144   -0.8439   -9.0913   -9.7657   -9.6085
   -5.2311    3.9405    5.8806    7.1300   -0.0369  -14.0014
eta,q 0.95977 11.16193
  0.0668  0.0627  0.0617  0.0547  0.0451  0.0412  0.0457  0.0503  0.0439  0.0422  0.0453  0.0409
  0.0650  0.0617  0.0612  0.0555  0.0481  0.0427  0.0444  0.0476  0.0426  0.0413  0.0436  0.0403
  0.0633  0.0613  0.0610  0.0576  0.0519  0.0457  0.0436  0.0454  0.0418  0.0410  0.0421  0.0403
  0.0621  0.0613  0.0612  0.0610  0.0560  0.0491  0.0433  0.0433  0.0415  0.0415  0.0410  0.0407
  0.0614  0.0617  0.0619  0.0656  0.0605  0.0539  0.0436  0.0419  0.0416  0.0426  0.0407  0.0415
  0.0614  0.0625  0.0628  0.0698  0.0656  0.0592  0.0445  0.0415  0.0423  0.0443  0.0411  0.0426
  0.0619  0.0634  0.0639  0.0740  0.0710  0.0643  0.0458  0.0427  0.0435  0.0466  0.0421  0.0439
niter,ni,del,rscale     7    3    5.0000    1.2000
parameter  5  1.297422 ->  0.500000 qaram    1.5209
parameter 10 -0.699561 -> -0.500000 qaram    1.1500
parameters
   -1.1251  -13.7823   -1.3048  -13.1429  -15.2409  -13.8166
   -6.2776    2.6522    6.2099   11.2700    0.6145  -17.3446
eta,q 0.96695 10.76403
  0.0465  0.0436  0.0420  0.0412  0.0332  0.0360  0.0361  0.0372  0.0362  0.0389  0.0345  0.0334
  0.0434  0.0419  0.0407  0.0400  0.0341  0.0351  0.0351  0.0352  0.0352  0.0371  0.0338  0.0331
  0.0412  0.0408  0.0401  0.0393  0.0362  0.0343  0.0346  0.0344  0.0346  0.0356  0.0334  0.0331
  0.0402  0.0402  0.0401  0.0400  0.0394  0.0345  0.0345  0.0345  0.0343  0.0343  0.0333  0.0333
  0.0405  0.0401  0.0409  0.0430  0.0434  0.0386  0.0350  0.0353  0.0345  0.0335  0.0333  0.0337
  0.0419  0.0406  0.0423  0.0477  0.0482  0.0436  0.0360  0.0369  0.0350  0.0333  0.0336  0.0343
  0.0442  0.0415  0.0442  0.0529  0.0535  0.0492  0.0372  0.0397  0.0359  0.0337  0.0341  0.0352
niter,ni,del,rscale     7    3    5.0000    1.2000
parameter  2 -0.743092 -> -0.500000 qaram    1.1500
parameter  3  0.779557 ->  0.500000 qaram    1.1500
parameter  5  0.586817 ->  0.500000 qaram    1.7490
parameter 12  0.975094 ->  0.500000 qaram    1.1500
parameters
   -0.8485  -12.4023   -2.6848  -12.4782  -21.5373  -15.1779
   -6.8318    3.0575    5.9850   14.9920    1.5593  -21.4846
eta,q 0.97240 10.43070
  0.0376  0.0399  0.0306  0.0345  0.0296  0.0327  0.0310  0.0345  0.0309  0.0351  0.0293  0.0276
  0.0353  0.0371  0.0306  0.0329  0.0288  0.0312  0.0300  0.0318  0.0299  0.0328  0.0288  0.0276
  0.0338  0.0347  0.0309  0.0317  0.0289  0.0300  0.0294  0.0299  0.0294  0.0308  0.0284  0.0278
  0.0331  0.0330  0.0315  0.0306  0.0304  0.0287  0.0292  0.0292  0.0292  0.0292  0.0283  0.0283
  0.0332  0.0319  0.0325  0.0301  0.0338  0.0290  0.0296  0.0296  0.0295  0.0284  0.0283  0.0289
  0.0342  0.0315  0.0339  0.0312  0.0383  0.0326  0.0304  0.0310  0.0301  0.0285  0.0285  0.0297
  0.0361  0.0317  0.0356  0.0344  0.0435  0.0379  0.0316  0.0336  0.0311  0.0298  0.0290  0.0305
niter,ni,del,rscale     7    3    5.0000    1.2000
parameter 12  0.560291 ->  0.500000 qaram    1.3225
parameters
   -0.8757  -11.4571   -3.9540  -11.6402  -23.2641  -15.9592
   -6.9019    2.9651    5.9022   16.6910    2.0459  -26.2456
eta,q 0.97371 10.38660
  0.0319  0.0341  0.0274  0.0310  0.0314  0.0318  0.0291  0.0327  0.0286  0.0319  0.0280  0.0267
  0.0296  0.0311  0.0269  0.0293  0.0289  0.0298  0.0280  0.0298  0.0277  0.0298  0.0273  0.0263
  0.0281  0.0289  0.0268  0.0279  0.0271  0.0282  0.0273  0.0277  0.0272  0.0281  0.0269  0.0264
  0.0276  0.0276  0.0272  0.0268  0.0266  0.0267  0.0270  0.0270  0.0270  0.0270  0.0267  0.0267
  0.0281  0.0272  0.0281  0.0264  0.0274  0.0271  0.0272  0.0277  0.0272  0.0267  0.0268  0.0273
  0.0296  0.0277  0.0293  0.0275  0.0309  0.0302  0.0280  0.0298  0.0278  0.0275  0.0271  0.0281
  0.0321  0.0288  0.0309  0.0305  0.0361  0.0353  0.0292  0.0331  0.0287  0.0293  0.0277  0.0289
niter,ni,del,rscale     7    3    5.0000    1.2000
parameters
   -0.9332  -11.0328   -4.4583  -11.6385  -24.0535  -16.4607
   -6.9205    2.7966    5.7502   17.7826    1.8772  -25.3804
eta,q 0.97363 10.33176
  0.0308  0.0311  0.0278  0.0303  0.0319  0.0319  0.0287  0.0323  0.0280  0.0312  0.0276  0.0289
  0.0283  0.0286  0.0267  0.0286  0.0292  0.0298  0.0275  0.0294  0.0271  0.0289  0.0269  0.0273
  0.0268  0.0270  0.0262  0.0272  0.0271  0.0280  0.0267  0.0272  0.0266  0.0273  0.0265  0.0265
  0.0263  0.0263  0.0263  0.0261  0.0261  0.0262  0.0265  0.0265  0.0265  0.0265  0.0263  0.0263
  0.0269  0.0264  0.0269  0.0262  0.0264  0.0266  0.0267  0.0273  0.0267  0.0264  0.0265  0.0266
  0.0286  0.0273  0.0280  0.0277  0.0295  0.0299  0.0275  0.0296  0.0273  0.0274  0.0269  0.0271
  0.0312  0.0287  0.0294  0.0312  0.0347  0.0345  0.0287  0.0329  0.0281  0.0294  0.0277  0.0279
niter,ni,del,rscale     6    3    5.0000    1.2000
parameters
   -0.9557  -10.8163   -4.6864  -11.5972  -24.4614  -16.8283
   -6.9312    2.7775    5.5994   18.2093    2.2905  -25.3621
eta,q 0.97350 10.29784
  0.0308  0.0304  0.0282  0.0303  0.0319  0.0318  0.0287  0.0324  0.0281  0.0305  0.0278  0.0283
  0.0284  0.0282  0.0270  0.0287  0.0293  0.0297  0.0275  0.0296  0.0272  0.0285  0.0271  0.0271
  0.0269  0.0268  0.0264  0.0274  0.0273  0.0280  0.0268  0.0273  0.0267  0.0272  0.0267  0.0266
  0.0264  0.0264  0.0264  0.0264  0.0263  0.0264  0.0265  0.0265  0.0265  0.0265  0.0265  0.0265
  0.0269  0.0267  0.0268  0.0264  0.0265  0.0265  0.0268  0.0273  0.0268  0.0267  0.0266  0.0268
  0.0285  0.0277  0.0276  0.0278  0.0290  0.0295  0.0275  0.0294  0.0273  0.0278  0.0269  0.0273
  0.0310  0.0291  0.0288  0.0312  0.0338  0.0339  0.0287  0.0326  0.0282  0.0300  0.0276  0.0281
niter,ni,del,rscale     5    3    5.0000    1.2000
parameters
   -0.9625  -10.6815   -4.8910  -11.5717  -24.7647  -17.1587
   -6.9275    2.7160    5.3441   18.5933    2.6375  -25.2708
eta,q 0.97338 10.26972
  0.0309  0.0302  0.0283  0.0304  0.0320  0.0318  0.0288  0.0324  0.0282  0.0305  0.0279  0.0284
  0.0286  0.0281  0.0272  0.0288  0.0294  0.0297  0.0276  0.0296  0.0273  0.0286  0.0272  0.0272
  0.0270  0.0269  0.0266  0.0275  0.0275  0.0281  0.0269  0.0274  0.0268  0.0273  0.0268  0.0267
  0.0265  0.0265  0.0265  0.0265  0.0265  0.0265  0.0267  0.0267  0.0267  0.0267  0.0266  0.0266
  0.0270  0.0269  0.0269  0.0265  0.0266  0.0266  0.0269  0.0274  0.0269  0.0268  0.0267  0.0269
  0.0285  0.0279  0.0277  0.0279  0.0289  0.0295  0.0276  0.0295  0.0275  0.0279  0.0270  0.0274
  0.0310  0.0293  0.0288  0.0312  0.0336  0.0338  0.0288  0.0327  0.0284  0.0301  0.0277  0.0281
niter,ni,del,rscale     4    3    5.0000    1.2000
parameters
   -0.9736  -10.5586   -5.0850  -11.5386  -25.0606  -17.4949
   -6.9102    2.6644    5.1309   18.9473    2.9144  -25.1590
eta,q 0.97326 10.24173
  0.0310  0.0302  0.0284  0.0305  0.0320  0.0317  0.0289  0.0325  0.0283  0.0306  0.0279  0.0284
  0.0286  0.0282  0.0273  0.0289  0.0294  0.0298  0.0277  0.0296  0.0274  0.0287  0.0273  0.0273
  0.0271  0.0270  0.0267  0.0276  0.0275  0.0281  0.0270  0.0275  0.0269  0.0274  0.0269  0.0268
  0.0266  0.0266  0.0266  0.0266  0.0266  0.0266  0.0268  0.0268  0.0268  0.0268  0.0268  0.0267
  0.0271  0.0270  0.0270  0.0267  0.0268  0.0266  0.0270  0.0275  0.0270  0.0270  0.0268  0.0270
  0.0286  0.0280  0.0277  0.0280  0.0289  0.0296  0.0277  0.0296  0.0276  0.0280  0.0272  0.0274
  0.0311  0.0294  0.0288  0.0313  0.0335  0.0337  0.0289  0.0327  0.0285  0.0302  0.0278  0.0281
niter,ni,del,rscale     3    3    5.0000    1.2000
parameters
   -0.9861  -10.4377   -5.2761  -11.5134  -25.3671  -17.8338
   -6.8827    2.6131    4.9732   19.2912    3.1031  -25.0401
eta,q 0.97313 10.21252
  0.0310  0.0303  0.0284  0.0306  0.0320  0.0317  0.0290  0.0325  0.0285  0.0306  0.0280  0.0284
  0.0287  0.0283  0.0274  0.0289  0.0295  0.0298  0.0278  0.0297  0.0276  0.0288  0.0274  0.0274
  0.0273  0.0271  0.0269  0.0277  0.0276  0.0282  0.0271  0.0276  0.0270  0.0275  0.0270  0.0270
  0.0267  0.0267  0.0268  0.0268  0.0267  0.0268  0.0269  0.0269  0.0269  0.0269  0.0269  0.0269
  0.0272  0.0271  0.0271  0.0268  0.0269  0.0267  0.0271  0.0276  0.0271  0.0271  0.0269  0.0271
  0.0287  0.0281  0.0278  0.0281  0.0290  0.0296  0.0278  0.0297  0.0277  0.0282  0.0273  0.0275
  0.0312  0.0295  0.0289  0.0314  0.0335  0.0336  0.0289  0.0328  0.0286  0.0303  0.0280  0.0282
niter,ni,del,rscale     2    3    5.0000    1.2000
parameters
   -0.9981  -10.3169   -5.4624  -11.4893  -25.6729  -18.1719
   -6.8619    2.5675    4.8953   19.6222    3.1723  -24.8892
eta,q 0.97301 10.18353
  0.0311  0.0304  0.0285  0.0306  0.0320  0.0317  0.0290  0.0325  0.0286  0.0307  0.0281  0.0284
  0.0288  0.0284  0.0275  0.0290  0.0295  0.0298  0.0279  0.0297  0.0277  0.0289  0.0275  0.0275
  0.0274  0.0272  0.0270  0.0278  0.0277  0.0283  0.0272  0.0277  0.0272  0.0276  0.0271  0.0271
  0.0269  0.0269  0.0269  0.0269  0.0269  0.0269  0.0270  0.0270  0.0270  0.0270  0.0270  0.0270
  0.0273  0.0273  0.0272  0.0269  0.0271  0.0268  0.0272  0.0277  0.0272  0.0272  0.0271  0.0272
  0.0288  0.0282  0.0279  0.0282  0.0291  0.0297  0.0279  0.0297  0.0278  0.0283  0.0274  0.0276
  0.0312  0.0296  0.0289  0.0314  0.0335  0.0335  0.0290  0.0328  0.0287  0.0304  0.0281  0.0282
niter,ni,del,rscale     1    3    5.0000    1.2000
parameters
   -1.0078  -10.1978   -5.6454  -11.4740  -25.9739  -18.5136
   -6.8501    2.5331    4.8932   19.9378    3.1089  -24.7428
eta,q 0.97289 10.15506
  0.0311  0.0305  0.0286  0.0307  0.0321  0.0317  0.0291  0.0326  0.0288  0.0308  0.0282  0.0285
  0.0289  0.0285  0.0276  0.0291  0.0296  0.0298  0.0280  0.0298  0.0279  0.0290  0.0276  0.0276
  0.0275  0.0273  0.0271  0.0279  0.0278  0.0283  0.0274  0.0278  0.0273  0.0277  0.0272  0.0272
  0.0270  0.0270  0.0270  0.0270  0.0270  0.0270  0.0271  0.0271  0.0271  0.0271  0.0271  0.0271
  0.0275  0.0274  0.0273  0.0271  0.0273  0.0269  0.0273  0.0278  0.0273  0.0273  0.0272  0.0273
  0.0289  0.0283  0.0280  0.0283  0.0291  0.0297  0.0280  0.0297  0.0279  0.0284  0.0276  0.0277
  0.0312  0.0297  0.0290  0.0315  0.0334  0.0335  0.0291  0.0328  0.0288  0.0305  0.0282  0.0283
registration optimization eta report
parameter search radius
    2.7600    2.7600    2.7600    9.5220   12.5928    9.5220
    7.2000    8.2800    7.2000    8.2800    8.2800    9.5220
100000*second partial in parameter space
       55.       41.       23.        4.        4.        6.
        4.        8.        3.        5.        2.        1.
  0.0311  0.0305  0.0286  0.0307  0.0321  0.0317  0.0291  0.0326  0.0288  0.0308  0.0282  0.0285
  0.0289  0.0285  0.0276  0.0291  0.0296  0.0298  0.0280  0.0298  0.0279  0.0290  0.0276  0.0276
  0.0275  0.0273  0.0271  0.0279  0.0278  0.0283  0.0274  0.0278  0.0273  0.0277  0.0272  0.0272
  0.0270  0.0270  0.0270  0.0270  0.0270  0.0270  0.0271  0.0271  0.0271  0.0271  0.0271  0.0271
  0.0275  0.0274  0.0273  0.0271  0.0273  0.0269  0.0273  0.0278  0.0273  0.0273  0.0272  0.0273
  0.0289  0.0283  0.0280  0.0283  0.0291  0.0297  0.0280  0.0297  0.0279  0.0284  0.0276  0.0277
  0.0312  0.0297  0.0290  0.0315  0.0334  0.0335  0.0291  0.0328  0.0288  0.0305  0.0282  0.0283
   -1.0078  -10.1978   -5.6454  -11.4740  -25.9739  -18.5136
   -6.8501    2.5331    4.8932   19.9378    3.1089  -24.7428
eta,q 0.97289 10.15506

---------------------------------------------------------------------
imgreg_4dfp /opt/freesurfer/average/711-2C_as_mni_average_305 /opt/freesurfer/average/711-2B_as_mni_average_305_mask talsrcimg_g11 none talsrcimg_to_711-2C_as_mni_average_305_t4 2311
---------------------------------------------------------------------

freesurfer imgreg_4dfp.c
/opt/freesurfer/average/711-2C_as_mni_average_305.4dfp.img
       256       256       256         1
  1.000000  1.000000  1.000000
orientation T byte_order littleendian
Reading image: /opt/freesurfer/average/711-2C_as_mni_average_305.4dfp.img
dimensions:      256       256       256
mmppix:       1.0000   -1.0000   -1.0000
center:     128.0000 -129.0000 -129.0000
/opt/freesurfer/average/711-2B_as_mni_average_305_mask.4dfp.img
       256       256       256         1
  1.000000  1.000000  1.000000
orientation T byte_order littleendian
Reading mask: /opt/freesurfer/average/711-2B_as_mni_average_305_mask.4dfp.img (2306576 pixels)
talsrcimg_g11.4dfp.img
       256       256       256         1
  1.000000  1.000000  1.000000
orientation T byte_order littleendian
Reading image: talsrcimg_g11.4dfp.img
dimensions:      256       256       256
mmppix:       1.0000   -1.0000   -1.0000
center:     128.0000 -129.0000 -129.0000
fimgreg.f
image alignment mode   2311 decimal      907 hex
parameters
   -1.0078  -10.1978   -5.6454  -11.4740  -25.9739  -18.5136
   -6.8501    2.5331    4.8932   19.9378    3.1089  -24.7428
eta,q 0.97289 10.15506
niter,ni,del,rscale     5    3    5.0000    0.8000
parameters
   -0.9912  -10.1804   -5.8318  -10.2104  -24.7159  -17.6299
   -6.6920    2.6540    4.7499   19.6672    3.1468  -26.2186
eta,q 0.97335 10.32553
  0.0285  0.0282  0.0276  0.0286  0.0280  0.0291  0.0277  0.0293  0.0274  0.0278  0.0273  0.0268
  0.0278  0.0276  0.0273  0.0280  0.0275  0.0283  0.0271  0.0280  0.0270  0.0272  0.0269  0.0267
  0.0273  0.0272  0.0271  0.0275  0.0272  0.0276  0.0268  0.0270  0.0268  0.0268  0.0268  0.0266
  0.0271  0.0271  0.0271  0.0271  0.0270  0.0269  0.0267  0.0267  0.0267  0.0267  0.0267  0.0267
  0.0272  0.0272  0.0272  0.0270  0.0269  0.0266  0.0268  0.0270  0.0268  0.0269  0.0268  0.0268
  0.0277  0.0276  0.0275  0.0272  0.0270  0.0269  0.0270  0.0278  0.0271  0.0273  0.0269  0.0270
  0.0285  0.0281  0.0278  0.0277  0.0273  0.0283  0.0275  0.0291  0.0275  0.0282  0.0272  0.0272
niter,ni,del,rscale     4    3    5.0000    0.7000
parameters
   -1.0495  -10.3183   -5.4228  -10.2105  -23.8307  -16.8667
   -6.5855    2.5971    4.8489   19.0751    2.8796  -26.4755
eta,q 0.97369 10.40367
  0.0278  0.0273  0.0275  0.0276  0.0274  0.0287  0.0271  0.0284  0.0269  0.0271  0.0268  0.0267
  0.0271  0.0269  0.0271  0.0271  0.0270  0.0279  0.0267  0.0273  0.0266  0.0266  0.0265  0.0264
  0.0268  0.0267  0.0268  0.0268  0.0267  0.0272  0.0264  0.0266  0.0264  0.0264  0.0264  0.0263
  0.0266  0.0266  0.0266  0.0266  0.0266  0.0266  0.0263  0.0263  0.0263  0.0263  0.0263  0.0263
  0.0268  0.0268  0.0266  0.0267  0.0266  0.0263  0.0264  0.0266  0.0264  0.0265  0.0264  0.0264
  0.0273  0.0271  0.0267  0.0271  0.0267  0.0266  0.0267  0.0274  0.0266  0.0270  0.0266  0.0265
  0.0280  0.0276  0.0269  0.0277  0.0269  0.0279  0.0271  0.0285  0.0269  0.0277  0.0269  0.0267
niter,ni,del,rscale     3    3    5.0000    0.6000
parameters
   -1.0760  -10.5645   -5.0495  -10.1748  -23.1157  -16.1769
   -6.5517    2.6100    5.2043   18.4161    2.3944  -26.5561
eta,q 0.97401 10.46524
  0.0272  0.0267  0.0271  0.0271  0.0268  0.0281  0.0267  0.0278  0.0265  0.0266  0.0263  0.0264
  0.0267  0.0264  0.0267  0.0267  0.0265  0.0274  0.0263  0.0268  0.0263  0.0262  0.0261  0.0261
  0.0264  0.0263  0.0264  0.0264  0.0263  0.0267  0.0261  0.0262  0.0261  0.0260  0.0260  0.0260
  0.0263  0.0263  0.0263  0.0262  0.0262  0.0262  0.0260  0.0260  0.0260  0.0260  0.0260  0.0260
  0.0264  0.0265  0.0262  0.0263  0.0262  0.0260  0.0261  0.0262  0.0261  0.0262  0.0261  0.0261
  0.0268  0.0268  0.0263  0.0266  0.0263  0.0263  0.0263  0.0268  0.0262  0.0266  0.0263  0.0262
  0.0273  0.0272  0.0265  0.0271  0.0265  0.0273  0.0266  0.0277  0.0264  0.0272  0.0265  0.0264
niter,ni,del,rscale     2    3    5.0000    0.5000
parameters
   -1.0903  -10.7816   -4.7029  -10.1747  -22.5162  -15.5613
   -6.5594    2.6816    5.5788   17.8812    1.9554  -26.4363
eta,q 0.97427 10.51438
  0.0267  0.0263  0.0266  0.0266  0.0264  0.0275  0.0262  0.0271  0.0262  0.0262  0.0260  0.0261
  0.0263  0.0261  0.0263  0.0263  0.0261  0.0269  0.0260  0.0264  0.0260  0.0259  0.0258  0.0259
  0.0261  0.0260  0.0261  0.0260  0.0260  0.0263  0.0258  0.0259  0.0258  0.0258  0.0257  0.0258
  0.0260  0.0260  0.0260  0.0259  0.0259  0.0259  0.0258  0.0258  0.0258  0.0258  0.0257  0.0257
  0.0261  0.0261  0.0259  0.0260  0.0259  0.0257  0.0258  0.0259  0.0258  0.0259  0.0258  0.0258
  0.0263  0.0263  0.0260  0.0262  0.0260  0.0260  0.0260  0.0263  0.0259  0.0262  0.0260  0.0259
  0.0267  0.0266  0.0261  0.0266  0.0261  0.0267  0.0262  0.0270  0.0260  0.0266  0.0262  0.0260
niter,ni,del,rscale     1    3    5.0000    0.4000
parameters
   -1.0999  -10.9262   -4.4084  -10.2064  -22.1625  -15.0650
   -6.6058    2.7482    5.8318   17.5418    1.6333  -26.2643
eta,q 0.97443 10.54621
  0.0262  0.0259  0.0262  0.0261  0.0260  0.0269  0.0259  0.0265  0.0258  0.0259  0.0257  0.0258
  0.0259  0.0258  0.0260  0.0259  0.0258  0.0264  0.0257  0.0260  0.0257  0.0257  0.0256  0.0257
  0.0258  0.0257  0.0258  0.0257  0.0257  0.0260  0.0256  0.0257  0.0256  0.0256  0.0256  0.0256
  0.0257  0.0257  0.0257  0.0257  0.0257  0.0257  0.0256  0.0256  0.0256  0.0256  0.0256  0.0256
  0.0258  0.0258  0.0257  0.0257  0.0257  0.0256  0.0256  0.0257  0.0256  0.0257  0.0256  0.0256
  0.0260  0.0259  0.0257  0.0259  0.0257  0.0258  0.0257  0.0259  0.0256  0.0259  0.0257  0.0257
  0.0262  0.0262  0.0258  0.0262  0.0258  0.0263  0.0259  0.0264  0.0258  0.0262  0.0259  0.0258
registration optimization eta report
parameter search radius
    0.8000    0.8000    0.8000    2.4000    2.4000    2.4000
    2.4000    2.4000    2.4000    2.4000    2.4000    2.4000
100000*second partial in parameter space
       73.       49.       44.        8.        4.       15.
        5.       15.        4.        8.        4.        4.
  0.0262  0.0259  0.0262  0.0261  0.0260  0.0269  0.0259  0.0265  0.0258  0.0259  0.0257  0.0258
  0.0259  0.0258  0.0260  0.0259  0.0258  0.0264  0.0257  0.0260  0.0257  0.0257  0.0256  0.0257
  0.0258  0.0257  0.0258  0.0257  0.0257  0.0260  0.0256  0.0257  0.0256  0.0256  0.0256  0.0256
  0.0257  0.0257  0.0257  0.0257  0.0257  0.0257  0.0256  0.0256  0.0256  0.0256  0.0256  0.0256
  0.0258  0.0258  0.0257  0.0257  0.0257  0.0256  0.0256  0.0257  0.0256  0.0257  0.0256  0.0256
  0.0260  0.0259  0.0257  0.0259  0.0257  0.0258  0.0257  0.0259  0.0256  0.0259  0.0257  0.0257
  0.0262  0.0262  0.0258  0.0262  0.0258  0.0263  0.0259  0.0264  0.0258  0.0262  0.0259  0.0258
   -1.0999  -10.9262   -4.4084  -10.2064  -22.1625  -15.0650
   -6.6058    2.7482    5.8318   17.5418    1.6333  -26.2643
eta,q 0.97443 10.54621

---------------------------------------------------------------------
imgreg_4dfp /opt/freesurfer/average/711-2C_as_mni_average_305 /opt/freesurfer/average/711-2B_as_mni_average_305_mask talsrcimg_g11 none talsrcimg_to_711-2C_as_mni_average_305_t4 2311
---------------------------------------------------------------------

freesurfer imgreg_4dfp.c
/opt/freesurfer/average/711-2C_as_mni_average_305.4dfp.img
       256       256       256         1
  1.000000  1.000000  1.000000
orientation T byte_order littleendian
Reading image: /opt/freesurfer/average/711-2C_as_mni_average_305.4dfp.img
dimensions:      256       256       256
mmppix:       1.0000   -1.0000   -1.0000
center:     128.0000 -129.0000 -129.0000
/opt/freesurfer/average/711-2B_as_mni_average_305_mask.4dfp.img
       256       256       256         1
  1.000000  1.000000  1.000000
orientation T byte_order littleendian
Reading mask: /opt/freesurfer/average/711-2B_as_mni_average_305_mask.4dfp.img (2306576 pixels)
talsrcimg_g11.4dfp.img
       256       256       256         1
  1.000000  1.000000  1.000000
orientation T byte_order littleendian
Reading image: talsrcimg_g11.4dfp.img
dimensions:      256       256       256
mmppix:       1.0000   -1.0000   -1.0000
center:     128.0000 -129.0000 -129.0000
fimgreg.f
image alignment mode   2311 decimal      907 hex
parameters
   -1.0999  -10.9262   -4.4084  -10.2064  -22.1625  -15.0650
   -6.6058    2.7482    5.8318   17.5418    1.6333  -26.2643
eta,q 0.97443 10.54622
niter,ni,del,rscale     5    3    5.0000    0.8000
parameters
   -1.0995  -10.9840   -4.1368  -10.4868  -22.5920  -15.1050
   -6.6741    2.7686    5.8902   17.4148    1.4311  -26.0429
eta,q 0.97441 10.51479
  0.0274  0.0268  0.0271  0.0269  0.0264  0.0283  0.0267  0.0285  0.0264  0.0271  0.0263  0.0264
  0.0264  0.0261  0.0263  0.0263  0.0260  0.0272  0.0261  0.0270  0.0260  0.0263  0.0259  0.0259
  0.0258  0.0257  0.0258  0.0258  0.0257  0.0263  0.0257  0.0260  0.0257  0.0258  0.0257  0.0257
  0.0256  0.0256  0.0256  0.0255  0.0256  0.0256  0.0256  0.0256  0.0256  0.0256  0.0256  0.0256
  0.0258  0.0258  0.0256  0.0258  0.0256  0.0257  0.0257  0.0259  0.0257  0.0258  0.0257  0.0257
  0.0264  0.0262  0.0258  0.0264  0.0261  0.0270  0.0261  0.0269  0.0259  0.0263  0.0260  0.0259
  0.0274  0.0269  0.0263  0.0274  0.0270  0.0287  0.0268  0.0285  0.0264  0.0273  0.0264  0.0262
niter,ni,del,rscale     4    3    5.0000    0.7000
parameters
   -1.0767  -11.0245   -4.1574  -10.4204  -22.3519  -15.0281
   -6.6986    2.8493    5.9444   17.3144    1.3719  -26.0510
eta,q 0.97445 10.53040
  0.0270  0.0265  0.0264  0.0268  0.0264  0.0279  0.0264  0.0279  0.0262  0.0267  0.0261  0.0262
  0.0262  0.0260  0.0259  0.0263  0.0260  0.0270  0.0259  0.0267  0.0258  0.0261  0.0258  0.0258
  0.0258  0.0257  0.0256  0.0258  0.0257  0.0262  0.0256  0.0259  0.0256  0.0257  0.0256  0.0256
  0.0256  0.0256  0.0256  0.0256  0.0256  0.0256  0.0256  0.0256  0.0256  0.0256  0.0256  0.0256
  0.0257  0.0257  0.0257  0.0257  0.0256  0.0256  0.0257  0.0258  0.0256  0.0257  0.0256  0.0256
  0.0262  0.0261  0.0260  0.0261  0.0258  0.0266  0.0260  0.0266  0.0258  0.0261  0.0258  0.0258
  0.0269  0.0266  0.0264  0.0268  0.0263  0.0281  0.0264  0.0278  0.0262  0.0269  0.0262  0.0261
niter,ni,del,rscale     3    3    5.0000    0.6000
parameters
   -1.0719  -11.0467   -4.1360  -10.3736  -22.2075  -14.9026
   -6.6863    2.8792    5.9684   17.2700    1.3356  -26.0600
eta,q 0.97448 10.54292
  0.0266  0.0263  0.0262  0.0265  0.0261  0.0275  0.0262  0.0273  0.0260  0.0264  0.0260  0.0260
  0.0260  0.0258  0.0258  0.0261  0.0258  0.0267  0.0258  0.0264  0.0257  0.0259  0.0257  0.0257
  0.0257  0.0256  0.0256  0.0257  0.0257  0.0260  0.0256  0.0258  0.0256  0.0256  0.0256  0.0255
  0.0256  0.0256  0.0256  0.0256  0.0256  0.0255  0.0255  0.0255  0.0255  0.0255  0.0255  0.0255
  0.0257  0.0257  0.0256  0.0256  0.0256  0.0256  0.0256  0.0257  0.0256  0.0256  0.0256  0.0256
  0.0260  0.0259  0.0258  0.0260  0.0257  0.0263  0.0258  0.0263  0.0257  0.0259  0.0257  0.0257
  0.0266  0.0263  0.0261  0.0265  0.0261  0.0275  0.0262  0.0273  0.0260  0.0265  0.0260  0.0260
niter,ni,del,rscale     2    3    5.0000    0.5000
parameters
   -1.0765  -11.0611   -4.0908  -10.3539  -22.0981  -14.7478
   -6.6786    2.8879    5.9927   17.2364    1.2965  -26.0406
eta,q 0.97451 10.55384
  0.0262  0.0260  0.0260  0.0262  0.0259  0.0270  0.0260  0.0268  0.0258  0.0261  0.0258  0.0258
  0.0258  0.0257  0.0257  0.0259  0.0257  0.0264  0.0257  0.0261  0.0256  0.0258  0.0256  0.0256
  0.0256  0.0256  0.0256  0.0256  0.0256  0.0259  0.0255  0.0256  0.0255  0.0256  0.0255  0.0255
  0.0255  0.0255  0.0255  0.0255  0.0255  0.0255  0.0255  0.0255  0.0255  0.0255  0.0255  0.0255
  0.0256  0.0256  0.0256  0.0256  0.0255  0.0255  0.0255  0.0256  0.0255  0.0256  0.0255  0.0255
  0.0259  0.0258  0.0257  0.0258  0.0256  0.0260  0.0257  0.0261  0.0256  0.0258  0.0256  0.0256
  0.0263  0.0260  0.0259  0.0262  0.0259  0.0269  0.0259  0.0268  0.0258  0.0262  0.0258  0.0258
niter,ni,del,rscale     1    3    5.0000    0.4000
parameters
   -1.0877  -11.0751   -4.0339  -10.3505  -21.9876  -14.5790
   -6.6750    2.8839    6.0008   17.1999    1.2757  -26.0103
eta,q 0.97454 10.56471
  0.0260  0.0258  0.0258  0.0260  0.0257  0.0266  0.0258  0.0263  0.0257  0.0259  0.0257  0.0257
  0.0257  0.0256  0.0256  0.0257  0.0256  0.0261  0.0256  0.0259  0.0256  0.0257  0.0256  0.0256
  0.0255  0.0255  0.0255  0.0256  0.0255  0.0257  0.0255  0.0256  0.0255  0.0255  0.0255  0.0255
  0.0255  0.0255  0.0255  0.0255  0.0255  0.0255  0.0255  0.0255  0.0255  0.0255  0.0255  0.0255
  0.0256  0.0255  0.0255  0.0255  0.0255  0.0255  0.0255  0.0256  0.0255  0.0255  0.0255  0.0255
  0.0257  0.0256  0.0256  0.0257  0.0256  0.0258  0.0256  0.0259  0.0256  0.0257  0.0256  0.0256
  0.0260  0.0258  0.0257  0.0260  0.0257  0.0264  0.0258  0.0263  0.0257  0.0259  0.0257  0.0257
registration optimization eta report
parameter search radius
    0.8000    0.8000    0.8000    2.4000    2.4000    2.4000
    2.4000    2.4000    2.4000    2.4000    2.4000    2.4000
100000*second partial in parameter space
       75.       51.       47.        8.        4.       18.
        5.       15.        4.        8.        4.        4.
  0.0260  0.0258  0.0258  0.0260  0.0257  0.0266  0.0258  0.0263  0.0257  0.0259  0.0257  0.0257
  0.0257  0.0256  0.0256  0.0257  0.0256  0.0261  0.0256  0.0259  0.0256  0.0257  0.0256  0.0256
  0.0255  0.0255  0.0255  0.0256  0.0255  0.0257  0.0255  0.0256  0.0255  0.0255  0.0255  0.0255
  0.0255  0.0255  0.0255  0.0255  0.0255  0.0255  0.0255  0.0255  0.0255  0.0255  0.0255  0.0255
  0.0256  0.0255  0.0255  0.0255  0.0255  0.0255  0.0255  0.0256  0.0255  0.0255  0.0255  0.0255
  0.0257  0.0256  0.0256  0.0257  0.0256  0.0258  0.0256  0.0259  0.0256  0.0257  0.0256  0.0256
  0.0260  0.0258  0.0257  0.0260  0.0257  0.0264  0.0258  0.0263  0.0257  0.0259  0.0257  0.0257
   -1.0877  -11.0751   -4.0339  -10.3505  -21.9876  -14.5790
   -6.6750    2.8839    6.0008   17.1999    1.2757  -26.0103
eta,q 0.97454 10.56471

---------------------------------------------------------------------
compute_vox2vox talsrcimg talsrcimg_to_711-2C_as_mni_average_305_t4 /opt/freesurfer/average/711-2C_as_mni_average_305
---------------------------------------------------------------------

freesurfer compute_vox2vox.c
Reading: talsrcimg.4dfp.ifh
Reading: talsrcimg_to_711-2C_as_mni_average_305_t4
Reading: /opt/freesurfer/average/711-2C_as_mni_average_305.4dfp.ifh
Writing: talsrcimg_to_711-2C_as_mni_average_305_t4_vox2vox.txt

start time Thu Mar 12 08:35:17 CET 2026
end		time Thu Mar 12 08:35:31 CET 2026

mpr2mni305 success

avi2talxfm orig_nu.mgz /opt/freesurfer/average/mni305.cor.mgz talsrcimg_to_711-2C_as_mni_average_305_t4_vox2vox.txt transforms/talairach.auto.xfm
avi2talxfm done
mv -f /out/sourcedata/freesurfer/sub-v1s10x0051121_ses-1/mri/talsrcimg_to_711-2C_as_mni_average_305_t4_vox2vox.txt /out/sourcedata/freesurfer/sub-v1s10x0051121_ses-1/mri/transforms/talsrcimg_to_711-2C_as_mni_average_305_t4_vox2vox.txt
lta_convert --src orig_nu.mgz --trg /opt/freesurfer/average/mni305.cor.mgz --inxfm transforms/talairach.auto.xfm --outlta transforms/talairach.auto.xfm.lta --subject fsaverage
7.3.2

--src: orig_nu.mgz src image (geometry).
--trg: /opt/freesurfer/average/mni305.cor.mgz trg image (geometry).
--inmni: transforms/talairach.auto.xfm input MNI/XFM transform.
--outlta: transforms/talairach.auto.xfm.lta output LTA.
--s: fsaverage subject name
 LTA read, type : 1
 1.11103  -0.05309   0.07736   2.24696;
-0.03993   1.09893   0.36298   9.93797;
-0.07666  -0.23821   1.19587   17.74347;
 0.00000   0.00000   0.00000   1.00000;
setting subject to fsaverage
Writing  LTA to file transforms/talairach.auto.xfm.lta...
lta_convert successful.
 
 
Started at Thu Mar 12 08:35:17 CET 2026
Ended   at Thu Mar 12 08:35:31 CET 2026
talairach_avi done
