/out/sourcedata/freesurfer/sub-v1s10x0051072_ses-1/mri
/opt/freesurfer/bin/talairach_avi
--i orig_nu.mgz --xfm transforms/talairach.auto.xfm
talairach_avi 7.3.2
Linux dna035 5.14.0-427.37.1.el9_4.x86_64 #1 SMP PREEMPT_DYNAMIC Fri Sep 13 12:41:50 EDT 2024 x86_64 x86_64 x86_64 GNU/Linux
Thu Mar 12 06:04:46 CET 2026
mri_convert orig_nu.mgz talsrcimg.img 
reading from orig_nu.mgz...
TR=0.00, TE=0.00, TI=0.00, flip angle=0.00
i_ras = (-1, 0, 0)
j_ras = (0, 0, -1)
k_ras = (0, 1, 0)
writing to talsrcimg.img...
Analyze Output Matrix
-1.00000   0.00000   0.00000   129.66513;
 0.00000   0.00000   1.00000  -128.00000;
 0.00000  -1.00000   0.00000   130.00000;
 0.00000   0.00000   0.00000   1.00000;
--------------------
INFO: set hdr.hist.orient to -1
mpr2mni305 talsrcimg
Thu Mar 12 06:04:47 CET 2026
/opt/freesurfer/bin/mpr2mni305 talsrcimg
mpr2mni305 7.3.2
target=711-2C_as_mni_average_305

---------------------------------------------------------------------
analyzeto4dfp talsrcimg -O0 -y
---------------------------------------------------------------------

freesurfer ifh2hdr.c
Thu Mar 12 06:04:47 2026
Writing: talsrcimg.4dfp.hdr
freesurfer analyzeto4dfp.c
Reading: talsrcimg.hdr
header size 348 bytes
hdr.dime.datatype	offset=70	value=2
hdr.dime.bitpix		offset=72	value=8
hdr.hist.orient		offset=252	value=-1
dimensionality     4
dimensions       256       256       256         1
Reading: talsrcimg.img
Writing: talsrcimg.4dfp.img
Writing: talsrcimg.4dfp.ifh
ifh2hdr talsrcimg -r0to213
ori=2

---------------------------------------------------------------------
gauss_4dfp talsrcimg 1.1
---------------------------------------------------------------------

freesurfer gauss_4dfp.c
Reading: talsrcimg.4dfp.img
Writing: talsrcimg_g11.4dfp.img
image dimensions 256 256 256 padded to 288 288 288
processing volume 1freesurfer ifh2hdr.c
Thu Mar 12 06:04:49 2026
Writing: talsrcimg_g11.4dfp.hdr

Writing: talsrcimg_g11.4dfp.ifh
including: talsrcimg.4dfp.img.rec in talsrcimg_g11.4dfp.img.rec

---------------------------------------------------------------------
imgreg_4dfp /opt/freesurfer/average/711-2C_as_mni_average_305 none talsrcimg_g11 none talsrcimg_to_711-2C_as_mni_average_305_t4 4355
---------------------------------------------------------------------

freesurfer imgreg_4dfp.c
/opt/freesurfer/average/711-2C_as_mni_average_305.4dfp.img
       256       256       256         1
  1.000000  1.000000  1.000000
orientation T byte_order littleendian
Reading image: /opt/freesurfer/average/711-2C_as_mni_average_305.4dfp.img
dimensions:      256       256       256
mmppix:       1.0000   -1.0000   -1.0000
center:     128.0000 -129.0000 -129.0000
talsrcimg_g11.4dfp.img
       256       256       256         1
  1.000000  1.000000  1.000000
orientation T byte_order littleendian
Reading image: talsrcimg_g11.4dfp.img
dimensions:      256       256       256
mmppix:       1.0000   -1.0000   -1.0000
center:     128.0000 -129.0000 -129.0000
t4_read: open error in t4_sub.f l:  41 t4_file(1:l)talsrcimg_to_711-2C_as_mni_average_305_t4 
t4_read: transform initialized to I4
rotation matrix determinant  1.000000
image alignment mode   4355 decimal     1103 hex
   -7.5000  -45.0000  -45.0000 9014.3076   14.9652
    0.0000  -45.0000  -45.0000 9413.6816   14.9805
    7.5000  -45.0000  -45.0000 8966.5850   14.9699
   -7.5000  -37.5000  -45.0000 9271.4980   14.9511
    0.0000  -37.5000  -45.0000 9693.1025   14.9739
    7.5000  -37.5000  -45.0000 9232.1494   14.9670
   -7.5000  -30.0000  -45.0000 9875.7158   14.8980
    0.0000  -30.0000  -45.000010327.3906   14.9259
    7.5000  -30.0000  -45.0000 9843.1611   14.9308
   -7.5000  -22.5000  -45.000010417.0527   14.8592
    0.0000  -22.5000  -45.000010881.9326   14.8835
    7.5000  -22.5000  -45.000010364.9707   14.8965
   -7.5000  -15.0000  -45.000010838.7900   14.8673
    0.0000  -15.0000  -45.000011312.7559   14.8849
    7.5000  -15.0000  -45.000010805.6162   14.8955
   -7.5000   -7.5000  -45.000011219.2217   14.9202
    0.0000   -7.5000  -45.000011720.1758   14.9338
    7.5000   -7.5000  -45.000011183.6689   14.9328
   -7.5000    0.0000  -45.000011502.7480   14.9652
    0.0000    0.0000  -45.000012003.5635   14.9805
    7.5000    0.0000  -45.000011437.0479   14.9699
   -7.5000    7.5000  -45.000010876.0352   14.9511
    0.0000    7.5000  -45.000011341.7803   14.9739
    7.5000    7.5000  -45.000010789.3408   14.9670
   -7.5000   15.0000  -45.000010075.3105   14.8980
    0.0000   15.0000  -45.000010501.2705   14.9260
    7.5000   15.0000  -45.0000 9971.6436   14.9309
   -7.5000   22.5000  -45.0000 9220.1240   14.8626
    0.0000   22.5000  -45.0000 9610.2773   14.8871
    7.5000   22.5000  -45.0000 9131.5752   14.9001
   -7.5000   30.0000  -45.0000 8334.8223   14.6968
    0.0000   30.0000  -45.0000 8664.0625   14.7145
    7.5000   30.0000  -45.0000 8240.1309   14.7253
   -7.5000   37.5000  -45.0000 7677.6514   14.8040
    0.0000   37.5000  -45.0000 7998.1367   14.8181
    7.5000   37.5000  -45.0000 7595.6182   14.8176
   -7.5000   45.0000  -45.0000 6692.7339   14.5785
    0.0000   45.0000  -45.0000 6967.3301   14.5940
    7.5000   45.0000  -45.0000 6627.6309   14.5843
   -7.5000  -45.0000  -37.5000 9542.8037   14.7950
    0.0000  -45.0000  -37.5000 9958.5029   14.8123
    7.5000  -45.0000  -37.5000 9477.4424   14.8126
   -7.5000  -37.5000  -37.5000 9812.6689   14.7751
    0.0000  -37.5000  -37.500010255.5811   14.7998
    7.5000  -37.5000  -37.5000 9754.1406   14.8032
   -7.5000  -30.0000  -37.500010440.7275   14.7266
    0.0000  -30.0000  -37.500010909.7344   14.7582
    7.5000  -30.0000  -37.500010368.6650   14.7746
   -7.5000  -22.5000  -37.500010998.1016   14.6995
    0.0000  -22.5000  -37.500011484.4746   14.7291
    7.5000  -22.5000  -37.500010909.7764   14.7550
   -7.5000  -15.0000  -37.500011443.3955   14.7155
    0.0000  -15.0000  -37.500011943.9639   14.7382
    7.5000  -15.0000  -37.500011365.4570   14.7619
   -7.5000   -7.5000  -37.500011798.4893   14.7626
    0.0000   -7.5000  -37.500012340.9854   14.7799
    7.5000   -7.5000  -37.500011758.3936   14.7909
   -7.5000    0.0000  -37.500012074.5918   14.7950
    0.0000    0.0000  -37.500012627.6143   14.8123
    7.5000    0.0000  -37.500012014.3145   14.8126
   -7.5000    7.5000  -37.500011389.7422   14.7751
    0.0000    7.5000  -37.500011899.8369   14.7998
    7.5000    7.5000  -37.500011320.1611   14.8032
   -7.5000   15.0000  -37.500010542.7070   14.7267
    0.0000   15.0000  -37.500011013.2031   14.7583
    7.5000   15.0000  -37.500010459.4414   14.7746
   -7.5000   22.5000  -37.5000 9640.0938   14.7027
    0.0000   22.5000  -37.500010063.3320   14.7324
    7.5000   22.5000  -37.5000 9583.4893   14.7585
   -7.5000   30.0000  -37.5000 8694.6025   14.5463
    0.0000   30.0000  -37.5000 9055.4697   14.5691
    7.5000   30.0000  -37.5000 8637.4541   14.5929
   -7.5000   37.5000  -37.5000 8000.6631   14.6471
    0.0000   37.5000  -37.5000 8335.9990   14.6647
    7.5000   37.5000  -37.5000 7949.1543   14.6761
   -7.5000   45.0000  -37.5000 7002.1484   14.4111
    0.0000   45.0000  -37.5000 7292.1953   14.4288
    7.5000   45.0000  -37.5000 6939.8149   14.4299
   -7.5000  -45.0000  -30.000010261.0371   15.3188
    0.0000  -45.0000  -30.000010719.3604   15.3327
    7.5000  -45.0000  -30.000010203.7939   15.3351
   -7.5000  -37.5000  -30.000010549.8887   15.2996
    0.0000  -37.5000  -30.000011017.3311   15.3222
    7.5000  -37.5000  -30.000010477.4238   15.3266
   -7.5000  -30.0000  -30.000011215.7451   15.2573
    0.0000  -30.0000  -30.000011724.0664   15.2886
    7.5000  -30.0000  -30.000011102.1201   15.3064
   -7.5000  -22.5000  -30.000011803.6201   15.2352
    0.0000  -22.5000  -30.000012330.0762   15.2650
    7.5000  -22.5000  -30.000011689.3926   15.2938
   -7.5000  -15.0000  -30.000012264.8066   15.2514
    0.0000  -15.0000  -30.000012818.6006   15.2724
    7.5000  -15.0000  -30.000012177.7725   15.2997
   -7.5000   -7.5000  -30.000012620.4463   15.2926
    0.0000   -7.5000  -30.000013205.9668   15.3066
    7.5000   -7.5000  -30.000012565.2471   15.3209
   -7.5000    0.0000  -30.000012896.3477   15.3188
    0.0000    0.0000  -30.000013510.1035   15.3327
    7.5000    0.0000  -30.000012834.1514   15.3351
   -7.5000    7.5000  -30.000012139.7451   15.2996
    0.0000    7.5000  -30.000012688.2764   15.3222
    7.5000    7.5000  -30.000012086.2266   15.3266
   -7.5000   15.0000  -30.000011202.9277   15.2573
    0.0000   15.0000  -30.000011708.2344   15.2886
    7.5000   15.0000  -30.000011123.0713   15.3064
   -7.5000   22.5000  -30.000010236.0186   15.2368
    0.0000   22.5000  -30.000010700.5625   15.2668
    7.5000   22.5000  -30.000010191.3301   15.2957
   -7.5000   30.0000  -30.0000 9199.7295   15.0773
    0.0000   30.0000  -30.0000 9596.4258   15.0985
    7.5000   30.0000  -30.0000 9169.0898   15.1258
   -7.5000   37.5000  -30.0000 8455.8057   15.1743
    0.0000   37.5000  -30.0000 8817.7197   15.1887
    7.5000   37.5000  -30.0000 8429.7148   15.2033
   -7.5000   45.0000  -30.0000 7412.3379   14.9315
    0.0000   45.0000  -30.0000 7715.7671   14.9462
    7.5000   45.0000  -30.0000 7378.2681   14.9497
   -7.5000  -45.0000  -22.500011012.6943   15.8515
    0.0000  -45.0000  -22.500011512.2080   15.8592
    7.5000  -45.0000  -22.500010939.7217   15.8515
   -7.5000  -37.5000  -22.500011285.7803   15.8353
    0.0000  -37.5000  -22.500011815.3916   15.8534
    7.5000  -37.5000  -22.500011222.0537   15.8471
   -7.5000  -30.0000  -22.500011983.7910   15.7904
    0.0000  -30.0000  -22.500012564.5723   15.8171
    7.5000  -30.0000  -22.500011917.9004   15.8227
   -7.5000  -22.5000  -22.500012601.2803   15.7607
    0.0000  -22.5000  -22.500013211.1240   15.7843
    7.5000  -22.5000  -22.500012529.1094   15.8006
   -7.5000  -15.0000  -22.500013090.4580   15.7718
    0.0000  -15.0000  -22.500013725.9922   15.7848
    7.5000  -15.0000  -22.500013041.6523   15.8004
   -7.5000   -7.5000  -22.500013441.2344   15.8177
    0.0000   -7.5000  -22.500014091.2246   15.8233
    7.5000   -7.5000  -22.500013393.9404   15.8270
   -7.5000    0.0000  -22.500013719.2988   15.8515
    0.0000    0.0000  -22.500014380.0586   15.8592
    7.5000    0.0000  -22.500013653.5830   15.8515
   -7.5000    7.5000  -22.500012918.4062   15.8353
    0.0000    7.5000  -22.500013532.7139   15.8534
    7.5000    7.5000  -22.500012857.4424   15.8471
   -7.5000   15.0000  -22.500011937.7949   15.7905
    0.0000   15.0000  -22.500012488.9570   15.8171
    7.5000   15.0000  -22.500011855.2412   15.8228
   -7.5000   22.5000  -22.500010849.7158   15.7614
    0.0000   22.5000  -22.500011373.3906   15.7851
    7.5000   22.5000  -22.500010813.8174   15.8015
   -7.5000   30.0000  -22.5000 9738.2090   15.5943
    0.0000   30.0000  -22.500010191.0654   15.6075
    7.5000   30.0000  -22.5000 9709.1523   15.6233
   -7.5000   37.5000  -22.5000 8944.7656   15.6978
    0.0000   37.5000  -22.5000 9348.1885   15.7039
    7.5000   37.5000  -22.5000 8925.7461   15.7080
   -7.5000   45.0000  -22.5000 7852.3760   15.4625
    0.0000   45.0000  -22.5000 8186.8179   15.4710
    7.5000   45.0000  -22.5000 7820.8989   15.4648
   -7.5000  -45.0000  -15.000011762.8330   16.2581
    0.0000  -45.0000  -15.000012315.4014   16.2628
    7.5000  -45.0000  -15.000011695.1875   16.2442
   -7.5000  -37.5000  -15.000012025.3145   16.2451
    0.0000  -37.5000  -15.000012604.0078   16.2601
    7.5000  -37.5000  -15.000011997.4834   16.2433
   -7.5000  -30.0000  -15.000012745.0293   16.1922
    0.0000  -30.0000  -15.000013368.1641   16.2141
    7.5000  -30.0000  -15.000012705.1514   16.2079
   -7.5000  -22.5000  -15.000013411.5205   16.1501
    0.0000  -22.5000  -15.000014076.6875   16.1675
    7.5000  -22.5000  -15.000013372.9492   16.1705
   -7.5000  -15.0000  -15.000013933.8506   16.1559
    0.0000  -15.0000  -15.000014620.3955   16.1629
    7.5000  -15.0000  -15.000013899.2617   16.1650
   -7.5000   -7.5000  -15.000014300.0938   16.2111
    0.0000   -7.5000  -15.000015016.7559   16.2121
    7.5000   -7.5000  -15.000014271.6816   16.2033
   -7.5000    0.0000  -15.000014534.5576   16.2581
    0.0000    0.0000  -15.000015264.7256   16.2628
    7.5000    0.0000  -15.000014494.8066   16.2442
   -7.5000    7.5000  -15.000013693.5176   16.2451
    0.0000    7.5000  -15.000014385.9941   16.2601
    7.5000    7.5000  -15.000013649.0117   16.2433
   -7.5000   15.0000  -15.000012676.0293   16.1923
    0.0000   15.0000  -15.000013311.6279   16.2142
    7.5000   15.0000  -15.000012629.5068   16.2080
   -7.5000   22.5000  -15.000011505.6084   16.1503
    0.0000   22.5000  -15.000012081.1221   16.1677
    7.5000   22.5000  -15.000011489.7207   16.1707
   -7.5000   30.0000  -15.000010326.7979   15.9765
    0.0000   30.0000  -15.000010832.7051   15.9837
    7.5000   30.0000  -15.000010297.6533   15.9861
   -7.5000   37.5000  -15.0000 9481.9697   16.0903
    0.0000   37.5000  -15.0000 9920.7393   16.0919
    7.5000   37.5000  -15.0000 9450.7686   16.0837
   -7.5000   45.0000  -15.0000 8316.4609   15.8686
    0.0000   45.0000  -15.0000 8678.0479   15.8738
    7.5000   45.0000  -15.0000 8263.0918   15.8568
   -7.5000  -45.0000   -7.500012560.0400   16.4647
    0.0000  -45.0000   -7.500013214.7314   16.4738
    7.5000  -45.0000   -7.500012549.1602   16.4542
   -7.5000  -37.5000   -7.500012794.1172   16.4514
    0.0000  -37.5000   -7.500013443.5859   16.4696
    7.5000  -37.5000   -7.500012820.1348   16.4529
   -7.5000  -30.0000   -7.500013500.0186   16.3922
    0.0000  -30.0000   -7.500014171.5225   16.4157
    7.5000  -30.0000   -7.500013523.3809   16.4097
   -7.5000  -22.5000   -7.500014234.1123   16.3447
    0.0000  -22.5000   -7.500014939.7090   16.3632
    7.5000  -22.5000   -7.500014252.4072   16.3656
   -7.5000  -15.0000   -7.500014812.2373   16.3504
    0.0000  -15.0000   -7.500015553.0645   16.3602
    7.5000  -15.0000   -7.500014827.0449   16.3610
   -7.5000   -7.5000   -7.500015201.6143   16.4112
    0.0000   -7.5000   -7.500015973.2842   16.4168
    7.5000   -7.5000   -7.500015223.7969   16.4066
   -7.5000    0.0000   -7.500015423.9082   16.4647
    0.0000    0.0000   -7.500016219.2568   16.4738
    7.5000    0.0000   -7.500015419.3574   16.4542
   -7.5000    7.5000   -7.500014520.7021   16.4514
    0.0000    7.5000   -7.500015253.5967   16.4696
    7.5000    7.5000   -7.500014456.6748   16.4529
   -7.5000   15.0000   -7.500013471.6270   16.3923
    0.0000   15.0000   -7.500014156.7812   16.4158
    7.5000   15.0000   -7.500013408.7148   16.4098
   -7.5000   22.5000   -7.500012266.0361   16.3432
    0.0000   22.5000   -7.500012913.7861   16.3617
    7.5000   22.5000   -7.500012225.5361   16.3642
   -7.5000   30.0000   -7.500010995.3359   16.1684
    0.0000   30.0000   -7.500011563.7021   16.1784
    7.5000   30.0000   -7.500010940.8389   16.1796
   -7.5000   37.5000   -7.500010100.8838   16.2881
    0.0000   37.5000   -7.500010599.3506   16.2943
    7.5000   37.5000   -7.500010030.6006   16.2848
   -7.5000   45.0000   -7.5000 8815.7559   16.0728
    0.0000   45.0000   -7.5000 9202.7764   16.0822
    7.5000   45.0000   -7.5000 8734.2959   16.0639
   -7.5000  -45.0000    0.000013291.1602   16.4893
    0.0000  -45.0000    0.000014036.6035   16.5059
    7.5000  -45.0000    0.000013261.0469   16.4953
   -7.5000  -37.5000    0.000013531.6914   16.4723
    0.0000  -37.5000    0.000014270.2832   16.4972
    7.5000  -37.5000    0.000013566.5654   16.4903
   -7.5000  -30.0000    0.000014228.6221   16.4132
    0.0000  -30.0000    0.000014940.1875   16.4435
    7.5000  -30.0000    0.000014302.6338   16.4492
   -7.5000  -22.5000    0.000014993.3760   16.3713
    0.0000  -22.5000    0.000015714.3887   16.3975
    7.5000  -22.5000    0.000015065.2695   16.4120
   -7.5000  -15.0000    0.000015650.6514   16.3820
    0.0000  -15.0000    0.000016410.0488   16.4006
    7.5000  -15.0000    0.000015684.7910   16.4128
   -7.5000   -7.5000    0.000016102.3555   16.4409
    0.0000   -7.5000    0.000016895.1270   16.4555
    7.5000   -7.5000    0.000016087.5547   16.4551
   -7.5000    0.0000    0.000016341.1865   16.4893
    0.0000    0.0000    0.000017172.9922   16.5059
    7.5000    0.0000    0.000016288.1914   16.4953
   -7.5000    7.5000    0.000015370.1348   16.4723
    0.0000    7.5000    0.000016155.8955   16.4972
    7.5000    7.5000    0.000015270.6943   16.4903
   -7.5000   15.0000    0.000014257.1201   16.4133
    0.0000   15.0000    0.000015001.1631   16.4436
    7.5000   15.0000    0.000014149.4580   16.4493
   -7.5000   22.5000    0.000013008.9619   16.3697
    0.0000   22.5000    0.000013683.1758   16.3959
    7.5000   22.5000    0.000012913.9561   16.4105
   -7.5000   30.0000    0.000011658.1299   16.1999
    0.0000   30.0000    0.000012263.2510   16.2187
    7.5000   30.0000    0.000011568.6123   16.2310
   -7.5000   37.5000    0.000010674.9844   16.3178
    0.0000   37.5000    0.000011199.8730   16.3329
    7.5000   37.5000    0.000010573.5996   16.3331
   -7.5000   45.0000    0.0000 9266.3936   16.0979
    0.0000   45.0000    0.0000 9682.5732   16.1148
    7.5000   45.0000    0.0000 9167.3574   16.1051
   -7.5000  -45.0000    7.500013024.5684   16.4629
    0.0000  -45.0000    7.500013752.6475   16.4818
    7.5000  -45.0000    7.500012931.0752   16.4826
   -7.5000  -37.5000    7.500013409.9170   16.4418
    0.0000  -37.5000    7.500014224.7871   16.4690
    7.5000  -37.5000    7.500013385.0908   16.4733
   -7.5000  -30.0000    7.500014165.6113   16.3896
    0.0000  -30.0000    7.500014910.0801   16.4245
    7.5000  -30.0000    7.500014167.1348   16.4430
   -7.5000  -22.5000    7.500014867.4824   16.3599
    0.0000  -22.5000    7.500015564.3018   16.3925
    7.5000  -22.5000    7.500014842.0615   16.4216
   -7.5000  -15.0000    7.500015427.2520   16.3768
    0.0000  -15.0000    7.500016119.4893   16.4016
    7.5000  -15.0000    7.500015336.7559   16.4282
   -7.5000   -7.5000    7.500015865.7939   16.4276
    0.0000   -7.5000    7.500016556.0703   16.4464
    7.5000   -7.5000    7.500015717.4248   16.4590
   -7.5000    0.0000    7.500016057.8359   16.4629
    0.0000    0.0000    7.500016790.4141   16.4818
    7.5000    0.0000    7.500015905.0635   16.4826
   -7.5000    7.5000    7.500015058.3887   16.4418
    0.0000    7.5000    7.500015774.6533   16.4690
    7.5000    7.5000    7.500014915.1641   16.4733
   -7.5000   15.0000    7.500013960.4893   16.3897
    0.0000   15.0000    7.500014672.4697   16.4246
    7.5000   15.0000    7.500013815.9180   16.4430
   -7.5000   22.5000    7.500012741.6670   16.3581
    0.0000   22.5000    7.500013395.4736   16.3909
    7.5000   22.5000    7.500012604.8701   16.4201
   -7.5000   30.0000    7.500011388.8730   16.1946
    0.0000   30.0000    7.500011990.3408   16.2196
    7.5000   30.0000    7.500011296.3486   16.2462
   -7.5000   37.5000    7.500010429.5820   16.3048
    0.0000   37.5000    7.500010945.3936   16.3241
    7.5000   37.5000    7.500010325.4805   16.3371
   -7.5000   45.0000    7.5000 9021.9033   16.0723
    0.0000   45.0000    7.5000 9428.2773   16.0917
    7.5000   45.0000    7.5000 8934.3926   16.0934
   -7.5000  -45.0000   15.000012475.0439   16.4664
    0.0000  -45.0000   15.000013204.6094   16.4813
    7.5000  -45.0000   15.000012376.5225   16.4838
   -7.5000  -37.5000   15.000013042.1992   16.4453
    0.0000  -37.5000   15.000013865.7852   16.4697
    7.5000  -37.5000   15.000012956.2383   16.4744
   -7.5000  -30.0000   15.000013859.9219   16.3999
    0.0000  -30.0000   15.000014650.2266   16.4337
    7.5000  -30.0000   15.000013740.3203   16.4527
   -7.5000  -22.5000   15.000014490.9023   16.3765
    0.0000  -22.5000   15.000015197.0107   16.4086
    7.5000  -22.5000   15.000014318.0830   16.4396
   -7.5000  -15.0000   15.000014963.3193   16.3942
    0.0000  -15.0000   15.000015647.8945   16.4169
    7.5000  -15.0000   15.000014764.0674   16.4463
   -7.5000   -7.5000   15.000015297.6357   16.4386
    0.0000   -7.5000   15.000016031.6787   16.4536
    7.5000   -7.5000   15.000015140.6992   16.4689
   -7.5000    0.0000   15.000015432.8320   16.4664
    0.0000    0.0000   15.000016193.3623   16.4813
    7.5000    0.0000   15.000015335.5771   16.4838
   -7.5000    7.5000   15.000014475.5762   16.4453
    0.0000    7.5000   15.000015180.6904   16.4697
    7.5000    7.5000   15.000014404.0352   16.4744
   -7.5000   15.0000   15.000013422.1572   16.3999
    0.0000   15.0000   15.000014103.1426   16.4337
    7.5000   15.0000   15.000013340.5039   16.4528
   -7.5000   22.5000   15.000012243.8330   16.3746
    0.0000   22.5000   15.000012865.9082   16.4069
    7.5000   22.5000   15.000012154.0811   16.4380
   -7.5000   30.0000   15.000010941.6504   16.2119
    0.0000   30.0000   15.000011499.7168   16.2347
    7.5000   30.0000   15.000010873.3750   16.2642
   -7.5000   37.5000   15.000010035.3359   16.3162
    0.0000   37.5000   15.000010515.9150   16.3317
    7.5000   37.5000   15.0000 9950.5244   16.3474
   -7.5000   45.0000   15.0000 8687.4980   16.0763
    0.0000   45.0000   15.0000 9084.1104   16.0921
    7.5000   45.0000   15.0000 8626.1494   16.0958
   -7.5000  -45.0000   22.500011747.5430   16.5218
    0.0000  -45.0000   22.500012446.5293   16.5299
    7.5000  -45.0000   22.500011829.1309   16.5219
   -7.5000  -37.5000   22.500012254.1094   16.5053
    0.0000  -37.5000   22.500012942.0771   16.5243
    7.5000  -37.5000   22.500012306.2861   16.5179
   -7.5000  -30.0000   22.500013019.4717   16.4585
    0.0000  -30.0000   22.500013570.0674   16.4867
    7.5000  -30.0000   22.500012930.9180   16.4927
   -7.5000  -22.5000   22.500013595.9326   16.4271
    0.0000  -22.5000   22.500014143.7559   16.4521
    7.5000  -22.5000   22.500013491.0664   16.4693
   -7.5000  -15.0000   22.500014090.6309   16.4383
    0.0000  -15.0000   22.500014717.8535   16.4521
    7.5000  -15.0000   22.500014014.9580   16.4686
   -7.5000   -7.5000   22.500014482.1748   16.4862
    0.0000   -7.5000   22.500015173.2852   16.4922
    7.5000   -7.5000   22.500014436.1729   16.4961
   -7.5000    0.0000   22.500014636.5986   16.5218
    0.0000    0.0000   22.500015356.8496   16.5299
    7.5000    0.0000   22.500014633.3281   16.5219
   -7.5000    7.5000   22.500013725.8916   16.5053
    0.0000    7.5000   22.500014383.3232   16.5243
    7.5000    7.5000   22.500013707.8701   16.5179
   -7.5000   15.0000   22.500012730.6816   16.4585
    0.0000   15.0000   22.500013353.5771   16.4867
    7.5000   15.0000   22.500012695.1826   16.4927
   -7.5000   22.5000   22.500011623.7715   16.4253
    0.0000   22.5000   22.500012167.4951   16.4504
    7.5000   22.5000   22.500011546.2793   16.4677
   -7.5000   30.0000   22.500010380.1670   16.2557
    0.0000   30.0000   22.500010862.7051   16.2698
    7.5000   30.0000   22.500010306.3623   16.2864
   -7.5000   37.5000   22.5000 9511.5771   16.3639
    0.0000   37.5000   22.5000 9933.4619   16.3704
    7.5000   37.5000   22.5000 9447.8555   16.3748
   -7.5000   45.0000   22.5000 8275.1152   16.1312
    0.0000   45.0000   22.5000 8624.5791   16.1401
    7.5000   45.0000   22.5000 8226.5654   16.1337
   -7.5000  -45.0000   30.000010992.9824   16.6347
    0.0000  -45.0000   30.000011603.9492   16.6393
    7.5000  -45.0000   30.000011122.2627   16.6201
   -7.5000  -37.5000   30.000011433.3418   16.6218
    0.0000  -37.5000   30.000011944.6768   16.6373
    7.5000  -37.5000   30.000011450.6338   16.6201
   -7.5000  -30.0000   30.000012102.9316   16.5672
    0.0000  -30.0000   30.000012520.4424   16.5900
    7.5000  -30.0000   30.000011994.3994   16.5838
   -7.5000  -22.5000   30.000012658.2529   16.5229
    0.0000  -22.5000   30.000013114.1982   16.5411
    7.5000  -22.5000   30.000012594.2695   16.5446
   -7.5000  -15.0000   30.000013195.4648   16.5282
    0.0000  -15.0000   30.000013705.5684   16.5356
    7.5000  -15.0000   30.000013153.6807   16.5381
   -7.5000   -7.5000   30.000013625.6299   16.5854
    0.0000   -7.5000   30.000014174.6943   16.5864
    7.5000   -7.5000   30.000013591.0205   16.5774
   -7.5000    0.0000   30.000013803.2471   16.6347
    0.0000    0.0000   30.000014380.0410   16.6393
    7.5000    0.0000   30.000013761.8564   16.6201
   -7.5000    7.5000   30.000012885.8896   16.6218
    0.0000    7.5000   30.000013468.4043   16.6373
    7.5000    7.5000   30.000012858.5352   16.6201
   -7.5000   15.0000   30.000011913.7207   16.5673
    0.0000   15.0000   30.000012473.0049   16.5901
    7.5000   15.0000   30.000011890.5615   16.5839
   -7.5000   22.5000   30.000010883.6045   16.5214
    0.0000   22.5000   30.000011352.6533   16.5396
    7.5000   22.5000   30.000010818.7061   16.5431
   -7.5000   30.0000   30.0000 9701.7676   16.3450
    0.0000   30.0000   30.000010106.6416   16.3526
    7.5000   30.0000   30.0000 9627.6162   16.3554
   -7.5000   37.5000   30.0000 8880.9434   16.4627
    0.0000   37.5000   30.0000 9247.2666   16.4642
    7.5000   37.5000   30.0000 8832.2031   16.4559
   -7.5000   45.0000   30.0000 7791.5952   16.2424
    0.0000   45.0000   30.0000 8095.1333   16.2475
    7.5000   45.0000   30.0000 7744.7368   16.2299
   -7.5000  -45.0000   37.500010701.9990   16.9326
    0.0000  -45.0000   37.500011229.7559   16.9424
    7.5000  -45.0000   37.500010785.3047   16.9215
   -7.5000  -37.5000   37.500011109.9531   16.9184
    0.0000  -37.5000   37.500011557.5986   16.9380
    7.5000  -37.5000   37.500011089.9111   16.9204
   -7.5000  -30.0000   37.500011742.1738   16.8554
    0.0000  -30.0000   37.500012160.2168   16.8810
    7.5000  -30.0000   37.500011655.1875   16.8749
   -7.5000  -22.5000   37.500012291.3281   16.8049
    0.0000  -22.5000   37.500012774.5684   16.8253
    7.5000  -22.5000   37.500012251.0400   16.8281
   -7.5000  -15.0000   37.500012821.1973   16.8110
    0.0000  -15.0000   37.500013327.0762   16.8220
    7.5000  -15.0000   37.500012785.5635   16.8230
   -7.5000   -7.5000   37.500013250.2217   16.8757
    0.0000   -7.5000   37.500013760.0371   16.8820
    7.5000   -7.5000   37.500013186.2471   16.8711
   -7.5000    0.0000   37.500013421.2148   16.9326
    0.0000    0.0000   37.500013969.2129   16.9424
    7.5000    0.0000   37.500013362.9854   16.9215
   -7.5000    7.5000   37.500012526.4834   16.9184
    0.0000    7.5000   37.500013085.8076   16.9380
    7.5000    7.5000   37.500012495.6631   16.9204
   -7.5000   15.0000   37.500011570.9531   16.8555
    0.0000   15.0000   37.500012070.0107   16.8811
    7.5000   15.0000   37.500011531.5430   16.8750
   -7.5000   22.5000   37.500010570.8477   16.8035
    0.0000   22.5000   37.500010994.5723   16.8240
    7.5000   22.5000   37.500010511.6260   16.8268
   -7.5000   30.0000   37.5000 9426.0107   16.6250
    0.0000   30.0000   37.5000 9787.4414   16.6363
    7.5000   30.0000   37.5000 9355.1133   16.6376
   -7.5000   37.5000   37.5000 8645.2119   16.7513
    0.0000   37.5000   37.5000 8972.3496   16.7581
    7.5000   37.5000   37.5000 8583.7402   16.7479
   -7.5000   45.0000   37.5000 7593.6045   16.5338
    0.0000   45.0000   37.5000 7876.7183   16.5439
    7.5000   45.0000   37.5000 7537.4360   16.5244
   -7.5000  -45.0000   45.0000 9870.0371   17.1511
    0.0000  -45.0000   45.000010357.2881   17.1711
    7.5000  -45.0000   45.0000 9948.5430   17.1589
   -7.5000  -37.5000   45.000010233.6299   17.1328
    0.0000  -37.5000   45.000010679.3457   17.1620
    7.5000  -37.5000   45.000010241.1455   17.1543
   -7.5000  -30.0000   45.000010825.9463   17.0694
    0.0000  -30.0000   45.000011256.6094   17.1047
    7.5000  -30.0000   45.000010791.9092   17.1110
   -7.5000  -22.5000   45.000011344.5254   17.0245
    0.0000  -22.5000   45.000011819.2656   17.0554
    7.5000  -22.5000   45.000011330.0820   17.0711
   -7.5000  -15.0000   45.000011801.5498   17.0359
    0.0000  -15.0000   45.000012292.1016   17.0585
    7.5000  -15.0000   45.000011769.6572   17.0713
   -7.5000   -7.5000   45.000012208.3408   17.0992
    0.0000   -7.5000   45.000012698.5938   17.1171
    7.5000   -7.5000   45.000012151.0508   17.1159
   -7.5000    0.0000   45.000012396.6387   17.1511
    0.0000    0.0000   45.000012927.5332   17.1711
    7.5000    0.0000   45.000012364.6641   17.1589
   -7.5000    7.5000   45.000011594.8438   17.1328
    0.0000    7.5000   45.000012105.6260   17.1620
    7.5000    7.5000   45.000011581.0273   17.1543
   -7.5000   15.0000   45.000010734.1250   17.0694
    0.0000   15.0000   45.000011176.1074   17.1048
    7.5000   15.0000   45.000010678.7705   17.1110
   -7.5000   22.5000   45.0000 9803.0449   17.0216
    0.0000   22.5000   45.000010177.1797   17.0526
    7.5000   22.5000   45.0000 9724.9844   17.0684
   -7.5000   30.0000   45.0000 8747.4814   16.8428
    0.0000   30.0000   45.0000 9041.9160   16.8655
    7.5000   30.0000   45.0000 8675.2734   16.8783
   -7.5000   37.5000   45.0000 8029.2046   16.9657
    0.0000   37.5000   45.0000 8297.7529   16.9840
    7.5000   37.5000   45.0000 7955.4424   16.9832
   -7.5000   45.0000   45.0000 7011.5239   16.7451
    0.0000   45.0000   45.0000 7258.9780   16.7652
    7.5000   45.0000   45.0000 6953.2793   16.7538

---------------------------------------------------------------------
imgreg_4dfp /opt/freesurfer/average/711-2C_as_mni_average_305 /opt/freesurfer/average/711-2B_as_mni_average_305_mask talsrcimg_g11 none talsrcimg_to_711-2C_as_mni_average_305_t4 4355
---------------------------------------------------------------------

freesurfer imgreg_4dfp.c
/opt/freesurfer/average/711-2C_as_mni_average_305.4dfp.img
       256       256       256         1
  1.000000  1.000000  1.000000
orientation T byte_order littleendian
Reading image: /opt/freesurfer/average/711-2C_as_mni_average_305.4dfp.img
dimensions:      256       256       256
mmppix:       1.0000   -1.0000   -1.0000
center:     128.0000 -129.0000 -129.0000
/opt/freesurfer/average/711-2B_as_mni_average_305_mask.4dfp.img
       256       256       256         1
  1.000000  1.000000  1.000000
orientation T byte_order littleendian
Reading mask: /opt/freesurfer/average/711-2B_as_mni_average_305_mask.4dfp.img (2306576 pixels)
talsrcimg_g11.4dfp.img
       256       256       256         1
  1.000000  1.000000  1.000000
orientation T byte_order littleendian
Reading image: talsrcimg_g11.4dfp.img
dimensions:      256       256       256
mmppix:       1.0000   -1.0000   -1.0000
center:     128.0000 -129.0000 -129.0000
rotation matrix determinant  1.000000
image alignment mode   4355 decimal     1103 hex
   -7.5000  -45.0000  -45.0000 2270.1025   14.2731
    0.0000  -45.0000  -45.0000 2277.6917   14.2501
    7.5000  -45.0000  -45.0000 2263.3086   14.3387
   -7.5000  -37.5000  -45.0000 2298.7900   13.7473
    0.0000  -37.5000  -45.0000 2312.6235   13.7301
    7.5000  -37.5000  -45.0000 2298.4402   13.8191
   -7.5000  -30.0000  -45.0000 2302.6724   13.5283
    0.0000  -30.0000  -45.0000 2321.7729   13.4798
    7.5000  -30.0000  -45.0000 2305.9714   13.5825
   -7.5000  -22.5000  -45.0000 2293.5083   13.5361
    0.0000  -22.5000  -45.0000 2308.7415   13.4895
    7.5000  -22.5000  -45.0000 2291.7891   13.6371
   -7.5000  -15.0000  -45.0000 2250.0212   13.9203
    0.0000  -15.0000  -45.0000 2269.7122   13.8354
    7.5000  -15.0000  -45.0000 2253.1672   13.9865
   -7.5000   -7.5000  -45.0000 2192.3052   14.6124
    0.0000   -7.5000  -45.0000 2208.2542   14.5301
    7.5000   -7.5000  -45.0000 2191.4390   14.6919
   -7.5000    0.0000  -45.0000 2105.8472   15.6139
    0.0000    0.0000  -45.0000 2120.2498   15.5245
    7.5000    0.0000  -45.0000 2106.2500   15.6726
   -7.5000    7.5000  -45.0000 2003.7493   16.9634
    0.0000    7.5000  -45.0000 2017.4482   16.8801
    7.5000    7.5000  -45.0000 2007.9479   17.0905
   -7.5000   15.0000  -45.0000 1887.9220   18.9348
    0.0000   15.0000  -45.0000 1904.8413   18.8269
    7.5000   15.0000  -45.0000 1896.6383   19.0792
   -7.5000   22.5000  -45.0000 1774.0608   21.7052
    0.0000   22.5000  -45.0000 1788.0109   21.5864
    7.5000   22.5000  -45.0000 1781.7230   21.8283
   -7.5000   30.0000  -45.0000 1653.6998   25.6640
    0.0000   30.0000  -45.0000 1665.9020   25.3288
    7.5000   30.0000  -45.0000 1659.3947   25.6572
   -7.5000   37.5000  -45.0000 1544.9187   31.4250
    0.0000   37.5000  -45.0000 1557.2175   30.8984
    7.5000   37.5000  -45.0000 1538.6808   31.3316
   -7.5000   45.0000  -45.0000 1423.6891   39.7472
    0.0000   45.0000  -45.0000 1432.9667   39.1219
    7.5000   45.0000  -45.0000 1424.4725   39.5494
   -7.5000  -45.0000  -37.5000 2365.8738   13.2298
    0.0000  -45.0000  -37.5000 2374.8210   13.2351
    7.5000  -45.0000  -37.5000 2349.0061   13.3456
   -7.5000  -37.5000  -37.5000 2395.6255   12.7181
    0.0000  -37.5000  -37.5000 2415.1748   12.7074
    7.5000  -37.5000  -37.5000 2389.7471   12.8208
   -7.5000  -30.0000  -37.5000 2406.5103   12.4857
    0.0000  -30.0000  -37.5000 2425.2351   12.4739
    7.5000  -30.0000  -37.5000 2401.1243   12.5814
   -7.5000  -22.5000  -37.5000 2396.8704   12.4892
    0.0000  -22.5000  -37.5000 2411.9004   12.4502
    7.5000  -22.5000  -37.5000 2386.3313   12.6026
   -7.5000  -15.0000  -37.5000 2355.4207   12.8094
    0.0000  -15.0000  -37.5000 2372.0405   12.7568
    7.5000  -15.0000  -37.5000 2349.1531   12.8977
   -7.5000   -7.5000  -37.5000 2287.5129   13.4272
    0.0000   -7.5000  -37.5000 2308.6414   13.3352
    7.5000   -7.5000  -37.5000 2288.7854   13.4780
   -7.5000    0.0000  -37.5000 2199.8350   14.2567
    0.0000    0.0000  -37.5000 2219.8872   14.1849
    7.5000    0.0000  -37.5000 2199.8035   14.3249
   -7.5000    7.5000  -37.5000 2096.0564   15.4611
    0.0000    7.5000  -37.5000 2112.2405   15.4001
    7.5000    7.5000  -37.5000 2098.4849   15.5661
   -7.5000   15.0000  -37.5000 1980.8839   17.2135
    0.0000   15.0000  -37.5000 1997.0292   17.1701
    7.5000   15.0000  -37.5000 1982.7305   17.3404
   -7.5000   22.5000  -37.5000 1855.9382   19.6476
    0.0000   22.5000  -37.5000 1870.5693   19.6296
    7.5000   22.5000  -37.5000 1865.4041   19.8285
   -7.5000   30.0000  -37.5000 1725.1093   23.1122
    0.0000   30.0000  -37.5000 1735.9165   22.9790
    7.5000   30.0000  -37.5000 1731.9221   23.2328
   -7.5000   37.5000  -37.5000 1602.3824   28.0188
    0.0000   37.5000  -37.5000 1611.6851   27.7031
    7.5000   37.5000  -37.5000 1604.4104   28.0582
   -7.5000   45.0000  -37.5000 1484.2427   35.2823
    0.0000   45.0000  -37.5000 1492.5754   34.7857
    7.5000   45.0000  -37.5000 1480.6667   35.1192
   -7.5000  -45.0000  -30.0000 2497.5120   12.7479
    0.0000  -45.0000  -30.0000 2510.7527   12.7633
    7.5000  -45.0000  -30.0000 2484.3391   12.8694
   -7.5000  -37.5000  -30.0000 2538.0991   12.2499
    0.0000  -37.5000  -30.0000 2552.3911   12.2343
    7.5000  -37.5000  -30.0000 2528.4216   12.3462
   -7.5000  -30.0000  -30.0000 2550.5942   12.0258
    0.0000  -30.0000  -30.0000 2566.4438   12.0058
    7.5000  -30.0000  -30.0000 2540.3362   12.1017
   -7.5000  -22.5000  -30.0000 2541.5920   12.0008
    0.0000  -22.5000  -30.0000 2555.1262   11.9742
    7.5000  -22.5000  -30.0000 2525.8860   12.0957
   -7.5000  -15.0000  -30.0000 2499.4663   12.2761
    0.0000  -15.0000  -30.0000 2514.2583   12.2215
    7.5000  -15.0000  -30.0000 2490.4260   12.3526
   -7.5000   -7.5000  -30.0000 2428.4060   12.8187
    0.0000   -7.5000  -30.0000 2445.9727   12.7472
    7.5000   -7.5000  -30.0000 2428.5950   12.8622
   -7.5000    0.0000  -30.0000 2334.7549   13.5957
    0.0000    0.0000  -30.0000 2357.5967   13.5140
    7.5000    0.0000  -30.0000 2336.1287   13.6174
   -7.5000    7.5000  -30.0000 2224.5293   14.6848
    0.0000    7.5000  -30.0000 2240.1211   14.6390
    7.5000    7.5000  -30.0000 2225.6331   14.7774
   -7.5000   15.0000  -30.0000 2096.7007   16.2970
    0.0000   15.0000  -30.0000 2112.9177   16.2599
    7.5000   15.0000  -30.0000 2097.0427   16.4306
   -7.5000   22.5000  -30.0000 1969.9482   18.5510
    0.0000   22.5000  -30.0000 1985.0518   18.5434
    7.5000   22.5000  -30.0000 1974.1705   18.7308
   -7.5000   30.0000  -30.0000 1826.6071   21.7804
    0.0000   30.0000  -30.0000 1834.3235   21.6643
    7.5000   30.0000  -30.0000 1833.1866   21.9097
   -7.5000   37.5000  -30.0000 1691.3188   26.2858
    0.0000   37.5000  -30.0000 1699.5465   26.0139
    7.5000   37.5000  -30.0000 1694.6527   26.3875
   -7.5000   45.0000  -30.0000 1559.1583   32.7060
    0.0000   45.0000  -30.0000 1572.4926   32.3246
    7.5000   45.0000  -30.0000 1571.2274   32.7531
   -7.5000  -45.0000  -22.5000 2596.5293   12.2732
    0.0000  -45.0000  -22.5000 2613.7246   12.2244
    7.5000  -45.0000  -22.5000 2590.2642   12.3055
   -7.5000  -37.5000  -22.5000 2642.4885   11.7380
    0.0000  -37.5000  -22.5000 2658.6050   11.7153
    7.5000  -37.5000  -22.5000 2634.7275   11.7949
   -7.5000  -30.0000  -22.5000 2662.5151   11.4821
    0.0000  -30.0000  -22.5000 2679.7595   11.4814
    7.5000  -30.0000  -22.5000 2659.3433   11.5485
   -7.5000  -22.5000  -22.5000 2652.5762   11.4684
    0.0000  -22.5000  -22.5000 2670.5273   11.4460
    7.5000  -22.5000  -22.5000 2646.3430   11.5519
   -7.5000  -15.0000  -22.5000 2611.3423   11.7304
    0.0000  -15.0000  -22.5000 2628.2244   11.6792
    7.5000  -15.0000  -22.5000 2611.8445   11.7707
   -7.5000   -7.5000  -22.5000 2534.0146   12.2227
    0.0000   -7.5000  -22.5000 2552.9011   12.1372
    7.5000   -7.5000  -22.5000 2542.5383   12.2145
   -7.5000    0.0000  -22.5000 2440.3723   12.9401
    0.0000    0.0000  -22.5000 2460.1978   12.8548
    7.5000    0.0000  -22.5000 2449.5786   12.9317
   -7.5000    7.5000  -22.5000 2323.4158   13.9537
    0.0000    7.5000  -22.5000 2341.2153   13.8640
    7.5000    7.5000  -22.5000 2329.4561   14.0003
   -7.5000   15.0000  -22.5000 2194.3550   15.4339
    0.0000   15.0000  -22.5000 2204.8618   15.3588
    7.5000   15.0000  -22.5000 2193.9626   15.5244
   -7.5000   22.5000  -22.5000 2045.5306   17.4875
    0.0000   22.5000  -22.5000 2066.5583   17.4142
    7.5000   22.5000  -22.5000 2055.8635   17.6118
   -7.5000   30.0000  -22.5000 1902.6266   20.5168
    0.0000   30.0000  -22.5000 1917.4476   20.3689
    7.5000   30.0000  -22.5000 1910.2029   20.5464
   -7.5000   37.5000  -22.5000 1759.8813   24.6583
    0.0000   37.5000  -22.5000 1771.7010   24.3587
    7.5000   37.5000  -22.5000 1772.1254   24.6769
   -7.5000   45.0000  -22.5000 1625.1904   30.4743
    0.0000   45.0000  -22.5000 1641.0948   30.0475
    7.5000   45.0000  -22.5000 1633.8342   30.3800
   -7.5000  -45.0000  -15.0000 2658.7122   11.7888
    0.0000  -45.0000  -15.0000 2678.2571   11.7244
    7.5000  -45.0000  -15.0000 2658.5503   11.7896
   -7.5000  -37.5000  -15.0000 2710.7053   11.2194
    0.0000  -37.5000  -15.0000 2733.1658   11.1990
    7.5000  -37.5000  -15.0000 2710.4116   11.2696
   -7.5000  -30.0000  -15.0000 2737.9351   10.9509
    0.0000  -30.0000  -15.0000 2759.4006   10.9253
    7.5000  -30.0000  -15.0000 2738.2344   11.0048
   -7.5000  -22.5000  -15.0000 2730.4973   10.9459
    0.0000  -22.5000  -15.0000 2755.2744   10.9020
    7.5000  -22.5000  -15.0000 2737.5671   11.0053
   -7.5000  -15.0000  -15.0000 2688.3499   11.1953
    0.0000  -15.0000  -15.0000 2710.2302   11.1365
    7.5000  -15.0000  -15.0000 2700.0696   11.2098
   -7.5000   -7.5000  -15.0000 2615.8535   11.6592
    0.0000   -7.5000  -15.0000 2635.6531   11.5885
    7.5000   -7.5000  -15.0000 2624.7559   11.6605
   -7.5000    0.0000  -15.0000 2514.3704   12.3546
    0.0000    0.0000  -15.0000 2537.1289   12.2546
    7.5000    0.0000  -15.0000 2526.1956   12.3251
   -7.5000    7.5000  -15.0000 2395.5461   13.2972
    0.0000    7.5000  -15.0000 2420.3535   13.1895
    7.5000    7.5000  -15.0000 2406.5632   13.3327
   -7.5000   15.0000  -15.0000 2259.3936   14.6466
    0.0000   15.0000  -15.0000 2279.2173   14.5804
    7.5000   15.0000  -15.0000 2271.1897   14.7238
   -7.5000   22.5000  -15.0000 2102.8250   16.6037
    0.0000   22.5000  -15.0000 2126.2273   16.4875
    7.5000   22.5000  -15.0000 2121.1926   16.6609
   -7.5000   30.0000  -15.0000 1956.0397   19.3614
    0.0000   30.0000  -15.0000 1976.6648   19.2060
    7.5000   30.0000  -15.0000 1964.8877   19.3584
   -7.5000   37.5000  -15.0000 1809.8403   23.2613
    0.0000   37.5000  -15.0000 1822.9451   22.9342
    7.5000   37.5000  -15.0000 1815.5056   23.1678
   -7.5000   45.0000  -15.0000 1660.7797   28.4574
    0.0000   45.0000  -15.0000 1676.9730   28.0486
    7.5000   45.0000  -15.0000 1669.8628   28.4017
   -7.5000  -45.0000   -7.5000 2690.5608   11.3560
    0.0000  -45.0000   -7.5000 2723.0442   11.3003
    7.5000  -45.0000   -7.5000 2700.4463   11.4082
   -7.5000  -37.5000   -7.5000 2753.0767   10.7562
    0.0000  -37.5000   -7.5000 2786.8262   10.7079
    7.5000  -37.5000   -7.5000 2759.8103   10.8580
   -7.5000  -30.0000   -7.5000 2787.6238   10.4491
    0.0000  -30.0000   -7.5000 2815.7156   10.3910
    7.5000  -30.0000   -7.5000 2789.4731   10.5518
   -7.5000  -22.5000   -7.5000 2792.4778   10.4435
    0.0000  -22.5000   -7.5000 2821.2534   10.3859
    7.5000  -22.5000   -7.5000 2797.3174   10.5405
   -7.5000  -15.0000   -7.5000 2750.5688   10.6997
    0.0000  -15.0000   -7.5000 2778.3008   10.6394
    7.5000  -15.0000   -7.5000 2761.8362   10.7617
   -7.5000   -7.5000   -7.5000 2671.5376   11.1503
    0.0000   -7.5000   -7.5000 2700.9058   11.0830
    7.5000   -7.5000   -7.5000 2686.2083   11.2074
   -7.5000    0.0000   -7.5000 2568.4724   11.7999
    0.0000    0.0000   -7.5000 2596.3713   11.7067
    7.5000    0.0000   -7.5000 2583.3562   11.8271
   -7.5000    7.5000   -7.5000 2452.0601   12.7011
    0.0000    7.5000   -7.5000 2477.9673   12.6106
    7.5000    7.5000   -7.5000 2461.3853   12.7551
   -7.5000   15.0000   -7.5000 2313.8757   14.0047
    0.0000   15.0000   -7.5000 2338.4927   13.9404
    7.5000   15.0000   -7.5000 2327.0554   14.0886
   -7.5000   22.5000   -7.5000 2158.5820   15.8148
    0.0000   22.5000   -7.5000 2184.2195   15.7236
    7.5000   22.5000   -7.5000 2173.0361   15.9219
   -7.5000   30.0000   -7.5000 1996.5406   18.3583
    0.0000   30.0000   -7.5000 2015.2550   18.2068
    7.5000   30.0000   -7.5000 2005.5276   18.4065
   -7.5000   37.5000   -7.5000 1842.7833   21.8699
    0.0000   37.5000   -7.5000 1856.5358   21.5879
    7.5000   37.5000   -7.5000 1848.0428   21.8438
   -7.5000   45.0000   -7.5000 1688.9513   26.8157
    0.0000   45.0000   -7.5000 1702.4523   26.4462
    7.5000   45.0000   -7.5000 1698.0769   26.8189
   -7.5000  -45.0000    0.0000 2707.9805   11.0945
    0.0000  -45.0000    0.0000 2737.6294   11.0477
    7.5000  -45.0000    0.0000 2716.9148   11.1728
   -7.5000  -37.5000    0.0000 2785.1956   10.4777
    0.0000  -37.5000    0.0000 2818.2800   10.4435
    7.5000  -37.5000    0.0000 2788.3293   10.5934
   -7.5000  -30.0000    0.0000 2827.5437   10.1068
    0.0000  -30.0000    0.0000 2854.7148   10.0481
    7.5000  -30.0000    0.0000 2829.2129   10.2724
   -7.5000  -22.5000    0.0000 2832.4575   10.0920
    0.0000  -22.5000    0.0000 2856.5066   10.0312
    7.5000  -22.5000    0.0000 2838.7883   10.2421
   -7.5000  -15.0000    0.0000 2793.7422   10.3611
    0.0000  -15.0000    0.0000 2820.6079   10.2927
    7.5000  -15.0000    0.0000 2807.4236   10.4427
   -7.5000   -7.5000    0.0000 2718.2727   10.8005
    0.0000   -7.5000    0.0000 2749.6160   10.7362
    7.5000   -7.5000    0.0000 2735.8569   10.8479
   -7.5000    0.0000    0.0000 2612.6406   11.4344
    0.0000    0.0000    0.0000 2640.8804   11.3526
    7.5000    0.0000    0.0000 2626.4661   11.4696
   -7.5000    7.5000    0.0000 2493.5393   12.3027
    0.0000    7.5000    0.0000 2515.3665   12.2263
    7.5000    7.5000    0.0000 2502.1226   12.3622
   -7.5000   15.0000    0.0000 2349.7478   13.5717
    0.0000   15.0000    0.0000 2376.6458   13.5260
    7.5000   15.0000    0.0000 2365.2317   13.6683
   -7.5000   22.5000    0.0000 2201.4045   15.3258
    0.0000   22.5000    0.0000 2221.3149   15.2380
    7.5000   22.5000    0.0000 2209.6885   15.4088
   -7.5000   30.0000    0.0000 2025.3436   17.7301
    0.0000   30.0000    0.0000 2048.5471   17.5589
    7.5000   30.0000    0.0000 2036.6802   17.7521
   -7.5000   37.5000    0.0000 1860.7994   21.0037
    0.0000   37.5000    0.0000 1874.1842   20.6691
    7.5000   37.5000    0.0000 1868.6224   20.9245
   -7.5000   45.0000    0.0000 1702.7152   25.6021
    0.0000   45.0000    0.0000 1714.3202   25.1062
    7.5000   45.0000    0.0000 1711.8281   25.4807
   -7.5000  -45.0000    7.5000 2713.6838   11.0419
    0.0000  -45.0000    7.5000 2738.0652   10.9908
    7.5000  -45.0000    7.5000 2721.2405   11.0863
   -7.5000  -37.5000    7.5000 2805.2881   10.4886
    0.0000  -37.5000    7.5000 2840.5098   10.4579
    7.5000  -37.5000    7.5000 2817.4519   10.5416
   -7.5000  -30.0000    7.5000 2858.4175   10.0802
    0.0000  -30.0000    7.5000 2887.4675   10.0253
    7.5000  -30.0000    7.5000 2868.3887   10.1722
   -7.5000  -22.5000    7.5000 2866.3967    9.9911
    0.0000  -22.5000    7.5000 2895.0227    9.9043
    7.5000  -22.5000    7.5000 2882.3196   10.0765
   -7.5000  -15.0000    7.5000 2823.8613   10.1971
    0.0000  -15.0000    7.5000 2851.6738   10.0944
    7.5000  -15.0000    7.5000 2844.1528   10.2241
   -7.5000   -7.5000    7.5000 2747.1055   10.6449
    0.0000   -7.5000    7.5000 2776.1440   10.5157
    7.5000   -7.5000    7.5000 2769.2834   10.6230
   -7.5000    0.0000    7.5000 2636.9556   11.2583
    0.0000    0.0000    7.5000 2663.9019   11.1560
    7.5000    0.0000    7.5000 2653.9062   11.2372
   -7.5000    7.5000    7.5000 2511.2771   12.1194
    0.0000    7.5000    7.5000 2537.1064   12.0270
    7.5000    7.5000    7.5000 2525.1245   12.1099
   -7.5000   15.0000    7.5000 2368.7168   13.3313
    0.0000   15.0000    7.5000 2396.6853   13.2667
    7.5000   15.0000    7.5000 2385.2622   13.3823
   -7.5000   22.5000    7.5000 2216.0002   15.0362
    0.0000   22.5000    7.5000 2239.9043   14.9799
    7.5000   22.5000    7.5000 2229.1748   15.1027
   -7.5000   30.0000    7.5000 2043.6680   17.3320
    0.0000   30.0000    7.5000 2071.2913   17.2213
    7.5000   30.0000    7.5000 2063.5415   17.3489
   -7.5000   37.5000    7.5000 1875.1125   20.4596
    0.0000   37.5000    7.5000 1888.9648   20.1934
    7.5000   37.5000    7.5000 1885.7555   20.3500
   -7.5000   45.0000    7.5000 1712.4034   24.6593
    0.0000   45.0000    7.5000 1717.3877   24.1559
    7.5000   45.0000    7.5000 1718.0730   24.5291
   -7.5000  -45.0000   15.0000 2699.4709   11.1123
    0.0000  -45.0000   15.0000 2723.0745   11.0493
    7.5000  -45.0000   15.0000 2709.4553   11.1054
   -7.5000  -37.5000   15.0000 2806.0686   10.6356
    0.0000  -37.5000   15.0000 2839.3401   10.5874
    7.5000  -37.5000   15.0000 2818.2932   10.6143
   -7.5000  -30.0000   15.0000 2860.9407   10.2456
    0.0000  -30.0000   15.0000 2903.1211   10.1759
    7.5000  -30.0000   15.0000 2881.0732   10.2353
   -7.5000  -22.5000   15.0000 2874.1384   10.0772
    0.0000  -22.5000   15.0000 2910.8423    9.9819
    7.5000  -22.5000   15.0000 2896.1807   10.0706
   -7.5000  -15.0000   15.0000 2833.7290   10.2111
    0.0000  -15.0000   15.0000 2862.8132   10.0760
    7.5000  -15.0000   15.0000 2851.8528   10.1615
   -7.5000   -7.5000   15.0000 2750.4199   10.5941
    0.0000   -7.5000   15.0000 2780.4768   10.4676
    7.5000   -7.5000   15.0000 2769.0017   10.5498
   -7.5000    0.0000   15.0000 2632.1809   11.1866
    0.0000    0.0000   15.0000 2660.4739   11.0859
    7.5000    0.0000   15.0000 2652.1824   11.1740
   -7.5000    7.5000   15.0000 2511.5168   12.0402
    0.0000    7.5000   15.0000 2533.1248   11.9657
    7.5000    7.5000   15.0000 2527.2783   12.0388
   -7.5000   15.0000   15.0000 2366.0933   13.2384
    0.0000   15.0000   15.0000 2395.9651   13.1753
    7.5000   15.0000   15.0000 2387.9067   13.2861
   -7.5000   22.5000   15.0000 2214.8320   14.8851
    0.0000   22.5000   15.0000 2239.3186   14.8246
    7.5000   22.5000   15.0000 2231.3962   14.9439
   -7.5000   30.0000   15.0000 2046.1847   17.1395
    0.0000   30.0000   15.0000 2071.2991   17.0652
    7.5000   30.0000   15.0000 2064.6890   17.1921
   -7.5000   37.5000   15.0000 1880.8456   20.1246
    0.0000   37.5000   15.0000 1897.9056   19.9100
    7.5000   37.5000   15.0000 1893.7595   20.0932
   -7.5000   45.0000   15.0000 1714.7240   24.1987
    0.0000   45.0000   15.0000 1724.0773   23.7904
    7.5000   45.0000   15.0000 1721.7975   24.1158
   -7.5000  -45.0000   22.5000 2668.8242   11.2309
    0.0000  -45.0000   22.5000 2698.4390   11.1312
    7.5000  -45.0000   22.5000 2689.8723   11.2626
   -7.5000  -37.5000   22.5000 2780.4077   10.7393
    0.0000  -37.5000   22.5000 2817.0742   10.6617
    7.5000  -37.5000   22.5000 2801.4185   10.7650
   -7.5000  -30.0000   22.5000 2846.6438   10.3448
    0.0000  -30.0000   22.5000 2887.8147   10.1884
    7.5000  -30.0000   22.5000 2864.5442   10.3370
   -7.5000  -22.5000   22.5000 2858.8501   10.1844
    0.0000  -22.5000   22.5000 2895.6089    9.9846
    7.5000  -22.5000   22.5000 2876.1733   10.1315
   -7.5000  -15.0000   22.5000 2817.8152   10.2979
    0.0000  -15.0000   22.5000 2851.5083   10.1357
    7.5000  -15.0000   22.5000 2834.1697   10.2543
   -7.5000   -7.5000   22.5000 2734.0823   10.7075
    0.0000   -7.5000   22.5000 2766.9839   10.5737
    7.5000   -7.5000   22.5000 2754.2710   10.6754
   -7.5000    0.0000   22.5000 2611.8000   11.3408
    0.0000    0.0000   22.5000 2639.5598   11.2375
    7.5000    0.0000   22.5000 2634.7722   11.3322
   -7.5000    7.5000   22.5000 2491.5203   12.1838
    0.0000    7.5000   22.5000 2512.1409   12.1162
    7.5000    7.5000   22.5000 2503.9067   12.2064
   -7.5000   15.0000   22.5000 2352.6443   13.3364
    0.0000   15.0000   22.5000 2380.3713   13.2737
    7.5000   15.0000   22.5000 2368.1541   13.3830
   -7.5000   22.5000   22.5000 2199.9089   14.9221
    0.0000   22.5000   22.5000 2223.0588   14.8546
    7.5000   22.5000   22.5000 2219.1375   14.9677
   -7.5000   30.0000   22.5000 2036.5000   17.0987
    0.0000   30.0000   22.5000 2057.5300   16.9806
    7.5000   30.0000   22.5000 2050.3347   17.1222
   -7.5000   37.5000   22.5000 1873.7744   20.0834
    0.0000   37.5000   22.5000 1886.4241   19.8311
    7.5000   37.5000   22.5000 1884.3715   20.0019
   -7.5000   45.0000   22.5000 1711.8694   24.1659
    0.0000   45.0000   22.5000 1723.8889   23.7458
    7.5000   45.0000   22.5000 1718.1858   23.9939
   -7.5000  -45.0000   30.0000 2626.9265   11.4984
    0.0000  -45.0000   30.0000 2662.3491   11.3948
    7.5000  -45.0000   30.0000 2656.8416   11.5639
   -7.5000  -37.5000   30.0000 2736.0063   10.9909
    0.0000  -37.5000   30.0000 2769.4092   10.8453
    7.5000  -37.5000   30.0000 2759.9846   11.0146
   -7.5000  -30.0000   30.0000 2799.6460   10.5973
    0.0000  -30.0000   30.0000 2836.3540   10.3708
    7.5000  -30.0000   30.0000 2816.7034   10.5511
   -7.5000  -22.5000   30.0000 2812.7148   10.4343
    0.0000  -22.5000   30.0000 2847.1272   10.2136
    7.5000  -22.5000   30.0000 2834.0063   10.3862
   -7.5000  -15.0000   30.0000 2785.4546   10.5564
    0.0000  -15.0000   30.0000 2817.9060   10.3825
    7.5000  -15.0000   30.0000 2805.9045   10.5310
   -7.5000   -7.5000   30.0000 2707.6108   10.9958
    0.0000   -7.5000   30.0000 2736.3032   10.8417
    7.5000   -7.5000   30.0000 2728.2937   10.9795
   -7.5000    0.0000   30.0000 2585.3506   11.6597
    0.0000    0.0000   30.0000 2615.1379   11.5253
    7.5000    0.0000   30.0000 2605.1970   11.6462
   -7.5000    7.5000   30.0000 2450.0945   12.5060
    0.0000    7.5000   30.0000 2483.8186   12.4185
    7.5000    7.5000   30.0000 2469.0522   12.5318
   -7.5000   15.0000   30.0000 2319.6980   13.6316
    0.0000   15.0000   30.0000 2347.6882   13.5835
    7.5000   15.0000   30.0000 2334.8601   13.6676
   -7.5000   22.5000   30.0000 2173.0781   15.1243
    0.0000   22.5000   30.0000 2190.3159   15.0558
    7.5000   22.5000   30.0000 2186.2644   15.1707
   -7.5000   30.0000   30.0000 2008.9094   17.2555
    0.0000   30.0000   30.0000 2022.8837   17.0791
    7.5000   30.0000   30.0000 2021.0006   17.2508
   -7.5000   37.5000   30.0000 1847.7804   20.2525
    0.0000   37.5000   30.0000 1864.9021   19.9326
    7.5000   37.5000   30.0000 1864.1748   20.1110
   -7.5000   45.0000   30.0000 1699.2690   24.4369
    0.0000   45.0000   30.0000 1714.9921   24.0813
    7.5000   45.0000   30.0000 1713.6320   24.2006
   -7.5000  -45.0000   37.5000 2575.4841   12.0392
    0.0000  -45.0000   37.5000 2607.4495   11.8503
    7.5000  -45.0000   37.5000 2605.6157   12.0287
   -7.5000  -37.5000   37.5000 2679.5403   11.4890
    0.0000  -37.5000   37.5000 2713.7017   11.2699
    7.5000  -37.5000   37.5000 2704.5112   11.4389
   -7.5000  -30.0000   37.5000 2739.3386   11.0459
    0.0000  -30.0000   37.5000 2775.7534   10.8108
    7.5000  -30.0000   37.5000 2760.6978   10.9685
   -7.5000  -22.5000   37.5000 2750.8340   10.8690
    0.0000  -22.5000   37.5000 2786.9280   10.7062
    7.5000  -22.5000   37.5000 2776.5620   10.8470
   -7.5000  -15.0000   37.5000 2725.8518   11.0102
    0.0000  -15.0000   37.5000 2754.9270   10.8725
    7.5000  -15.0000   37.5000 2748.6755   11.0052
   -7.5000   -7.5000   37.5000 2655.8401   11.4338
    0.0000   -7.5000   37.5000 2682.2495   11.2967
    7.5000   -7.5000   37.5000 2672.9412   11.4071
   -7.5000    0.0000   37.5000 2542.8481   12.0839
    0.0000    0.0000   37.5000 2575.9749   11.9480
    7.5000    0.0000   37.5000 2563.5686   12.0354
   -7.5000    7.5000   37.5000 2413.8896   12.9466
    0.0000    7.5000   37.5000 2452.8582   12.8516
    7.5000    7.5000   37.5000 2440.5063   12.9267
   -7.5000   15.0000   37.5000 2279.8103   14.0631
    0.0000   15.0000   37.5000 2308.5881   13.9613
    7.5000   15.0000   37.5000 2299.7478   14.0753
   -7.5000   22.5000   37.5000 2137.4399   15.5675
    0.0000   22.5000   37.5000 2151.8013   15.4703
    7.5000   22.5000   37.5000 2148.8762   15.5985
   -7.5000   30.0000   37.5000 1974.6006   17.6496
    0.0000   30.0000   37.5000 1984.8793   17.4793
    7.5000   30.0000   37.5000 1983.7173   17.6163
   -7.5000   37.5000   37.5000 1819.7736   20.6185
    0.0000   37.5000   37.5000 1835.0779   20.3729
    7.5000   37.5000   37.5000 1832.6873   20.4903
   -7.5000   45.0000   37.5000 1676.7969   24.7992
    0.0000   45.0000   37.5000 1695.8427   24.3653
    7.5000   45.0000   37.5000 1689.4590   24.5296
   -7.5000  -45.0000   45.0000 2512.8062   12.7487
    0.0000  -45.0000   45.0000 2547.9907   12.5353
    7.5000  -45.0000   45.0000 2543.6897   12.6930
   -7.5000  -37.5000   45.0000 2606.4646   12.1220
    0.0000  -37.5000   45.0000 2646.4934   11.9033
    7.5000  -37.5000   45.0000 2638.9617   12.0360
   -7.5000  -30.0000   45.0000 2665.0068   11.6569
    0.0000  -30.0000   45.0000 2701.6643   11.4446
    7.5000  -30.0000   45.0000 2690.7607   11.5788
   -7.5000  -22.5000   45.0000 2674.1409   11.4869
    0.0000  -22.5000   45.0000 2709.6777   11.3281
    7.5000  -22.5000   45.0000 2700.9028   11.4440
   -7.5000  -15.0000   45.0000 2640.6990   11.6415
    0.0000  -15.0000   45.0000 2673.4023   11.4859
    7.5000  -15.0000   45.0000 2665.5178   11.5793
   -7.5000   -7.5000   45.0000 2582.9612   12.0168
    0.0000   -7.5000   45.0000 2613.5757   11.8741
    7.5000   -7.5000   45.0000 2605.8755   11.9355
   -7.5000    0.0000   45.0000 2480.4238   12.6483
    0.0000    0.0000   45.0000 2516.7883   12.5228
    7.5000    0.0000   45.0000 2509.8210   12.5612
   -7.5000    7.5000   45.0000 2364.0249   13.5085
    0.0000    7.5000   45.0000 2405.6975   13.3818
    7.5000    7.5000   45.0000 2398.5425   13.4245
   -7.5000   15.0000   45.0000 2237.6079   14.6246
    0.0000   15.0000   45.0000 2263.0303   14.5110
    7.5000   15.0000   45.0000 2255.2693   14.6111
   -7.5000   22.5000   45.0000 2096.0173   16.1257
    0.0000   22.5000   45.0000 2108.7236   16.0428
    7.5000   22.5000   45.0000 2102.4668   16.1605
   -7.5000   30.0000   45.0000 1938.8849   18.2352
    0.0000   30.0000   45.0000 1943.9850   18.0686
    7.5000   30.0000   45.0000 1941.6132   18.2164
   -7.5000   37.5000   45.0000 1792.6973   21.2923
    0.0000   37.5000   45.0000 1797.4926   20.9856
    7.5000   37.5000   45.0000 1796.0403   21.0932
   -7.5000   45.0000   45.0000 1645.2885   25.5344
    0.0000   45.0000   45.0000 1656.4326   24.9841
    7.5000   45.0000   45.0000 1652.2440   25.0583

---------------------------------------------------------------------
imgreg_4dfp /opt/freesurfer/average/711-2C_as_mni_average_305 /opt/freesurfer/average/711-2B_as_mni_average_305_mask talsrcimg_g11 none talsrcimg_to_711-2C_as_mni_average_305_t4 1283
---------------------------------------------------------------------

freesurfer imgreg_4dfp.c
/opt/freesurfer/average/711-2C_as_mni_average_305.4dfp.img
       256       256       256         1
  1.000000  1.000000  1.000000
orientation T byte_order littleendian
Reading image: /opt/freesurfer/average/711-2C_as_mni_average_305.4dfp.img
dimensions:      256       256       256
mmppix:       1.0000   -1.0000   -1.0000
center:     128.0000 -129.0000 -129.0000
/opt/freesurfer/average/711-2B_as_mni_average_305_mask.4dfp.img
       256       256       256         1
  1.000000  1.000000  1.000000
orientation T byte_order littleendian
Reading mask: /opt/freesurfer/average/711-2B_as_mni_average_305_mask.4dfp.img (2306576 pixels)
talsrcimg_g11.4dfp.img
       256       256       256         1
  1.000000  1.000000  1.000000
orientation T byte_order littleendian
Reading image: talsrcimg_g11.4dfp.img
dimensions:      256       256       256
mmppix:       1.0000   -1.0000   -1.0000
center:     128.0000 -129.0000 -129.0000
rotation matrix determinant  1.000000
fimgreg.f
image alignment mode   1283 decimal      503 hex
parameters
    0.0000  -22.5000   15.0000    0.0000    0.0000    0.0000
eta,q 0.91332 10.00374
niter,ni,del,rscale     5    3   12.0000    1.2000
parameter  2  0.616229 ->  0.500000 qaram    1.1500
parameter  4 -2.882685 ->  0.500000 qaram    1.1500
parameter  5  0.527008 ->  0.500000 qaram    1.1500
parameters
    2.8485  -25.9500   15.0395   -3.4500   -3.4500   -2.3574
eta,q 0.92190 10.12863
  0.0980  0.0852  0.0900  0.0768  0.0787  0.0798
  0.0945  0.0849  0.0866  0.0779  0.0785  0.0787
  0.0912  0.0855  0.0851  0.0811  0.0784  0.0780
  0.0889  0.0866  0.0854  0.0854  0.0787  0.0785
  0.0870  0.0884  0.0857  0.0868  0.0809  0.0807
  0.0874  0.0917  0.0873  0.0880  0.0842  0.0837
  0.0893  0.0969  0.0892  0.0900  0.0875  0.0866
niter,ni,del,rscale     7    3   12.0000    1.2000
parameter  4  2.512375 ->  0.500000 qaram    1.3225
parameters
    2.5915  -24.4003   14.9548   -7.4175   -4.3940   -2.8694
eta,q 0.92646 10.07879
  0.0847  0.0920  0.0812  0.0729  0.0771  0.0784
  0.0815  0.0835  0.0791  0.0735  0.0746  0.0752
  0.0793  0.0780  0.0792  0.0749  0.0740  0.0736
  0.0781  0.0782  0.0797  0.0797  0.0736  0.0737
  0.0785  0.0802  0.0798  0.0827  0.0739  0.0753
  0.0815  0.0804  0.0794  0.0849  0.0765  0.0774
  0.0870  0.0814  0.0809  0.0886  0.0802  0.0790
niter,ni,del,rscale     7    3   12.0000    1.2000
parameter  4  1.422346 ->  0.500000 qaram    1.5209
parameters
    2.5592  -23.8055   14.0256  -11.9801   -4.9018   -2.8895
eta,q 0.93114 10.13992
  0.0831  0.0859  0.0763  0.0694  0.0750  0.0734
  0.0787  0.0785  0.0736  0.0686  0.0707  0.0710
  0.0752  0.0740  0.0736  0.0714  0.0684  0.0692
  0.0735  0.0735  0.0736  0.0737  0.0691  0.0689
  0.0745  0.0741  0.0736  0.0772  0.0701  0.0696
  0.0783  0.0773  0.0752  0.0821  0.0721  0.0712
  0.0838  0.0811  0.0798  0.0840  0.0769  0.0733
niter,ni,del,rscale     7    3   12.0000    1.2000
parameters
    2.1669  -23.3387   11.3879  -14.7226   -3.9971   -3.1852
eta,q 0.93554 10.18641
  0.0780  0.0811  0.0704  0.0705  0.0764  0.0708
  0.0727  0.0738  0.0662  0.0694  0.0711  0.0672
  0.0695  0.0704  0.0658  0.0649  0.0667  0.0648
  0.0689  0.0688  0.0686  0.0655  0.0645  0.0646
  0.0706  0.0693  0.0724  0.0718  0.0654  0.0663
  0.0746  0.0735  0.0752  0.0758  0.0674  0.0687
  0.0807  0.0773  0.0784  0.0805  0.0717  0.0713
niter,ni,del,rscale     6    3   12.0000    1.2000
parameters
    1.8688  -22.7574   11.1698  -15.4597   -3.5796   -3.5973
eta,q 0.93528 10.17991
  0.0792  0.0783  0.0743  0.0729  0.0751  0.0705
  0.0717  0.0722  0.0688  0.0703  0.0700  0.0671
  0.0663  0.0678  0.0647  0.0683  0.0663  0.0650
  0.0645  0.0645  0.0642  0.0640  0.0648  0.0649
  0.0673  0.0651  0.0669  0.0668  0.0655  0.0665
  0.0742  0.0697  0.0707  0.0724  0.0679  0.0689
  0.0821  0.0748  0.0746  0.0766  0.0733  0.0713
niter,ni,del,rscale     5    3   12.0000    1.2000
parameters
    1.7390  -22.5885   10.9668  -15.7842   -3.4571   -3.7812
eta,q 0.93509 10.18110
  0.0801  0.0766  0.0742  0.0740  0.0745  0.0709
  0.0723  0.0710  0.0687  0.0702  0.0696  0.0675
  0.0665  0.0673  0.0650  0.0686  0.0661  0.0653
  0.0647  0.0647  0.0647  0.0645  0.0649  0.0650
  0.0671  0.0660  0.0671  0.0659  0.0656  0.0663
  0.0733  0.0706  0.0704  0.0719  0.0685  0.0686
  0.0813  0.0757  0.0743  0.0759  0.0743  0.0710
niter,ni,del,rscale     4    3   12.0000    1.2000
parameters
    1.7194  -22.5841   10.8590  -15.9028   -3.4334   -3.8479
eta,q 0.93501 10.18552
  0.0807  0.0760  0.0744  0.0747  0.0743  0.0711
  0.0728  0.0706  0.0690  0.0701  0.0695  0.0677
  0.0669  0.0672  0.0653  0.0687  0.0660  0.0654
  0.0649  0.0649  0.0649  0.0648  0.0650  0.0650
  0.0670  0.0664  0.0673  0.0655  0.0656  0.0662
  0.0729  0.0709  0.0702  0.0716  0.0687  0.0684
  0.0809  0.0760  0.0739  0.0755  0.0747  0.0709
niter,ni,del,rscale     3    3   12.0000    1.2000
parameters
    1.7168  -22.6104   10.8201  -15.9383   -3.4255   -3.8768
eta,q 0.93499 10.18855
  0.0808  0.0759  0.0747  0.0749  0.0742  0.0712
  0.0729  0.0705  0.0692  0.0701  0.0695  0.0678
  0.0670  0.0672  0.0655  0.0687  0.0660  0.0655
  0.0650  0.0650  0.0650  0.0650  0.0650  0.0650
  0.0670  0.0665  0.0673  0.0654  0.0656  0.0661
  0.0729  0.0710  0.0701  0.0714  0.0687  0.0683
  0.0809  0.0761  0.0737  0.0754  0.0748  0.0708
registration optimization eta report
parameter search radius
    6.0000    6.9000    6.0000    9.1253    6.9000    6.0000
100000*second partial in parameter space
       44.       22.       25.       11.       20.       16.
  0.0808  0.0759  0.0747  0.0749  0.0742  0.0712
  0.0729  0.0705  0.0692  0.0701  0.0695  0.0678
  0.0670  0.0672  0.0655  0.0687  0.0660  0.0655
  0.0650  0.0650  0.0650  0.0650  0.0650  0.0650
  0.0670  0.0665  0.0673  0.0654  0.0656  0.0661
  0.0729  0.0710  0.0701  0.0714  0.0687  0.0683
  0.0809  0.0761  0.0737  0.0754  0.0748  0.0708
    1.7168  -22.6104   10.8201  -15.9383   -3.4255   -3.8768
eta,q 0.93499 10.18855

---------------------------------------------------------------------
imgreg_4dfp /opt/freesurfer/average/711-2C_as_mni_average_305 /opt/freesurfer/average/711-2B_as_mni_average_305_mask talsrcimg_g11 none talsrcimg_to_711-2C_as_mni_average_305_t4 3335
---------------------------------------------------------------------

freesurfer imgreg_4dfp.c
/opt/freesurfer/average/711-2C_as_mni_average_305.4dfp.img
       256       256       256         1
  1.000000  1.000000  1.000000
orientation T byte_order littleendian
Reading image: /opt/freesurfer/average/711-2C_as_mni_average_305.4dfp.img
dimensions:      256       256       256
mmppix:       1.0000   -1.0000   -1.0000
center:     128.0000 -129.0000 -129.0000
/opt/freesurfer/average/711-2B_as_mni_average_305_mask.4dfp.img
       256       256       256         1
  1.000000  1.000000  1.000000
orientation T byte_order littleendian
Reading mask: /opt/freesurfer/average/711-2B_as_mni_average_305_mask.4dfp.img (2306576 pixels)
talsrcimg_g11.4dfp.img
       256       256       256         1
  1.000000  1.000000  1.000000
orientation T byte_order littleendian
Reading image: talsrcimg_g11.4dfp.img
dimensions:      256       256       256
mmppix:       1.0000   -1.0000   -1.0000
center:     128.0000 -129.0000 -129.0000
fimgreg.f
image alignment mode   3335 decimal      D07 hex
parameters
    1.7168  -22.6104   10.8201   -0.4071   -3.9533   -4.0160
    4.8642    7.5889   -6.7490   27.0089   -5.9751  -27.4111
eta,q 0.93339 10.16626
niter,ni,del,rscale     5    3    5.0000    1.2000
parameter  4  1.907147 ->  0.500000 qaram    1.1500
parameter  5  8.673533 ->  0.500000 qaram    1.1500
parameter  6  0.574112 ->  0.500000 qaram    1.1500
parameter 10  0.507621 ->  0.500000 qaram    1.1500
parameter 11 -0.527961 -> -0.500000 qaram    1.1500
parameter 12 -0.608243 -> -0.500000 qaram    1.1500
parameters
    1.8111  -22.4327   11.4364   -4.5471   -8.0933   -8.1560
    3.5516    7.7882   -3.8563   22.8689   -1.8351  -23.2711
eta,q 0.94519  9.61136
  0.0690  0.0684  0.0688  0.0624  0.0520  0.0563  0.0572  0.0603  0.0586  0.0558  0.0565  0.0569
  0.0677  0.0675  0.0677  0.0631  0.0558  0.0561  0.0564  0.0581  0.0575  0.0553  0.0560  0.0561
  0.0669  0.0669  0.0670  0.0646  0.0595  0.0564  0.0561  0.0566  0.0566  0.0553  0.0556  0.0556
  0.0666  0.0666  0.0666  0.0665  0.0635  0.0568  0.0562  0.0561  0.0561  0.0558  0.0553  0.0551
  0.0668  0.0667  0.0665  0.0684  0.0677  0.0577  0.0565  0.0565  0.0559  0.0570  0.0552  0.0549
  0.0674  0.0672  0.0667  0.0706  0.0719  0.0596  0.0572  0.0578  0.0559  0.0588  0.0552  0.0548
  0.0687  0.0679  0.0673  0.0733  0.0764  0.0620  0.0583  0.0599  0.0564  0.0610  0.0553  0.0550
niter,ni,del,rscale     7    3    5.0000    1.2000
parameter  4  0.656766 ->  0.500000 qaram    1.3225
parameter  5  3.499742 ->  0.500000 qaram    1.3225
parameters
    1.7740  -22.5841   12.1699   -9.3081  -12.8543   -8.9899
    3.7213    7.2812   -4.0014   23.0938   -4.6415  -23.6605
eta,q 0.95316  9.22633
  0.0577  0.0563  0.0571  0.0541  0.0435  0.0494  0.0492  0.0505  0.0489  0.0512  0.0473  0.0482
  0.0561  0.0554  0.0561  0.0536  0.0462  0.0480  0.0480  0.0485  0.0479  0.0491  0.0470  0.0474
  0.0551  0.0549  0.0553  0.0538  0.0496  0.0472  0.0473  0.0472  0.0472  0.0476  0.0469  0.0469
  0.0548  0.0548  0.0548  0.0547  0.0536  0.0471  0.0470  0.0470  0.0470  0.0470  0.0470  0.0469
  0.0552  0.0551  0.0547  0.0564  0.0577  0.0478  0.0472  0.0477  0.0472  0.0473  0.0474  0.0471
  0.0563  0.0557  0.0549  0.0585  0.0622  0.0489  0.0479  0.0493  0.0480  0.0487  0.0479  0.0477
  0.0579  0.0567  0.0554  0.0606  0.0669  0.0502  0.0490  0.0515  0.0491  0.0509  0.0486  0.0483
niter,ni,del,rscale     7    3    5.0000    1.2000
parameter  5  2.067352 ->  0.500000 qaram    1.5209
parameters
    1.9121  -22.1793   12.7243   -9.6583  -18.3295   -8.3561
    4.0184    7.3971   -4.3099   24.4130   -4.4792  -25.4935
eta,q 0.95895  8.99381
  0.0507  0.0502  0.0490  0.0503  0.0385  0.0445  0.0435  0.0455  0.0430  0.0465  0.0421  0.0420
  0.0486  0.0485  0.0480  0.0487  0.0406  0.0430  0.0424  0.0434  0.0421  0.0441  0.0416  0.0414
  0.0473  0.0474  0.0472  0.0473  0.0435  0.0419  0.0417  0.0419  0.0415  0.0423  0.0413  0.0411
  0.0468  0.0468  0.0468  0.0467  0.0467  0.0414  0.0413  0.0413  0.0413  0.0413  0.0412  0.0412
  0.0471  0.0468  0.0467  0.0472  0.0509  0.0416  0.0415  0.0418  0.0415  0.0412  0.0412  0.0416
  0.0481  0.0474  0.0470  0.0488  0.0556  0.0425  0.0421  0.0432  0.0422  0.0421  0.0416  0.0423
  0.0498  0.0485  0.0476  0.0512  0.0606  0.0436  0.0432  0.0453  0.0434  0.0442  0.0421  0.0430
niter,ni,del,rscale     7    3    5.0000    1.2000
parameter  5  0.925488 ->  0.500000 qaram    1.7490
parameters
    1.9530  -22.0893   12.7817   -8.9090  -24.6259   -6.9012
    3.8235    7.7591   -4.5121   25.8490   -4.1574  -28.3548
eta,q 0.96363  8.78679
  0.0447  0.0439  0.0427  0.0453  0.0368  0.0405  0.0393  0.0415  0.0390  0.0428  0.0376  0.0372
  0.0427  0.0423  0.0419  0.0435  0.0367  0.0389  0.0380  0.0391  0.0379  0.0400  0.0371  0.0365
  0.0415  0.0414  0.0413  0.0419  0.0381  0.0375  0.0372  0.0375  0.0371  0.0380  0.0368  0.0364
  0.0411  0.0410  0.0411  0.0410  0.0410  0.0369  0.0369  0.0369  0.0369  0.0369  0.0366  0.0366
  0.0414  0.0413  0.0412  0.0412  0.0447  0.0370  0.0372  0.0372  0.0372  0.0367  0.0367  0.0372
  0.0426  0.0421  0.0417  0.0423  0.0493  0.0377  0.0382  0.0385  0.0380  0.0377  0.0370  0.0381
  0.0445  0.0435  0.0426  0.0445  0.0549  0.0386  0.0396  0.0406  0.0393  0.0399  0.0375  0.0392
niter,ni,del,rscale     7    3    5.0000    1.2000
parameters
    1.8770  -22.0137   12.5429   -8.2227  -28.7606   -6.0683
    3.6626    7.8423   -4.8064   27.0497   -5.0945  -30.6747
eta,q 0.96436  8.68539
  0.0399  0.0401  0.0377  0.0410  0.0390  0.0391  0.0383  0.0402  0.0378  0.0416  0.0365  0.0364
  0.0379  0.0380  0.0368  0.0389  0.0370  0.0374  0.0371  0.0379  0.0368  0.0390  0.0360  0.0359
  0.0367  0.0368  0.0364  0.0372  0.0359  0.0363  0.0362  0.0364  0.0361  0.0370  0.0358  0.0357
  0.0364  0.0364  0.0364  0.0363  0.0363  0.0359  0.0359  0.0359  0.0359  0.0359  0.0358  0.0358
  0.0369  0.0367  0.0367  0.0365  0.0391  0.0362  0.0363  0.0364  0.0362  0.0359  0.0360  0.0363
  0.0382  0.0378  0.0373  0.0378  0.0433  0.0367  0.0372  0.0377  0.0370  0.0370  0.0363  0.0370
  0.0404  0.0395  0.0382  0.0400  0.0487  0.0380  0.0386  0.0400  0.0382  0.0392  0.0369  0.0379
niter,ni,del,rscale     6    3    5.0000    1.2000
parameters
    1.9000  -21.7319   12.2994   -7.8303  -29.7511   -6.2243
    3.6403    7.8646   -4.9443   27.8056   -5.7787  -31.6412
eta,q 0.96438  8.67520
  0.0394  0.0395  0.0368  0.0400  0.0411  0.0383  0.0382  0.0399  0.0376  0.0409  0.0364  0.0367
  0.0374  0.0375  0.0361  0.0379  0.0384  0.0367  0.0369  0.0376  0.0366  0.0383  0.0359  0.0360
  0.0361  0.0362  0.0357  0.0363  0.0365  0.0358  0.0360  0.0361  0.0359  0.0366  0.0357  0.0357
  0.0356  0.0356  0.0356  0.0356  0.0356  0.0357  0.0357  0.0357  0.0357  0.0357  0.0356  0.0356
  0.0360  0.0358  0.0359  0.0358  0.0363  0.0360  0.0360  0.0361  0.0359  0.0358  0.0358  0.0359
  0.0373  0.0366  0.0365  0.0373  0.0394  0.0368  0.0369  0.0375  0.0366  0.0371  0.0362  0.0365
  0.0393  0.0380  0.0374  0.0395  0.0438  0.0385  0.0383  0.0398  0.0378  0.0394  0.0367  0.0373
niter,ni,del,rscale     5    3    5.0000    1.2000
parameters
    1.9149  -21.5937   12.1365   -7.7460  -30.1041   -6.3650
    3.6058    7.8914   -4.9300   28.1132   -5.8503  -32.0135
eta,q 0.96435  8.66735
  0.0393  0.0390  0.0368  0.0398  0.0414  0.0383  0.0382  0.0399  0.0376  0.0404  0.0365  0.0369
  0.0373  0.0371  0.0361  0.0378  0.0387  0.0366  0.0368  0.0376  0.0366  0.0380  0.0360  0.0361
  0.0361  0.0360  0.0357  0.0363  0.0367  0.0357  0.0360  0.0361  0.0359  0.0364  0.0358  0.0358
  0.0356  0.0356  0.0356  0.0356  0.0356  0.0357  0.0357  0.0357  0.0357  0.0357  0.0357  0.0357
  0.0360  0.0359  0.0358  0.0360  0.0359  0.0360  0.0359  0.0361  0.0358  0.0360  0.0357  0.0358
  0.0372  0.0368  0.0363  0.0376  0.0386  0.0367  0.0368  0.0375  0.0365  0.0374  0.0361  0.0363
  0.0393  0.0382  0.0372  0.0398  0.0428  0.0384  0.0383  0.0398  0.0377  0.0399  0.0366  0.0371
niter,ni,del,rscale     4    3    5.0000    1.2000
parameters
    1.9190  -21.5438   12.0638   -7.7417  -30.2373   -6.4458
    3.5656    7.8954   -4.9415   28.2473   -5.8742  -32.1525
eta,q 0.96432  8.66274
  0.0393  0.0387  0.0369  0.0398  0.0415  0.0383  0.0382  0.0399  0.0376  0.0402  0.0366  0.0370
  0.0373  0.0370  0.0362  0.0378  0.0388  0.0367  0.0368  0.0376  0.0366  0.0378  0.0361  0.0362
  0.0361  0.0359  0.0358  0.0363  0.0368  0.0358  0.0360  0.0361  0.0359  0.0363  0.0358  0.0358
  0.0357  0.0357  0.0357  0.0357  0.0357  0.0357  0.0357  0.0357  0.0357  0.0357  0.0357  0.0357
  0.0360  0.0360  0.0358  0.0360  0.0358  0.0359  0.0360  0.0362  0.0359  0.0361  0.0357  0.0358
  0.0373  0.0369  0.0363  0.0377  0.0384  0.0367  0.0368  0.0375  0.0365  0.0375  0.0361  0.0363
  0.0393  0.0383  0.0370  0.0399  0.0425  0.0384  0.0383  0.0398  0.0377  0.0400  0.0366  0.0371
niter,ni,del,rscale     3    3    5.0000    1.2000
parameters
    1.9219  -21.5227   12.0298   -7.7498  -30.2921   -6.4791
    3.5507    7.9032   -4.9609   28.3073   -5.8737  -32.2076
eta,q 0.96432  8.66066
  0.0393  0.0386  0.0369  0.0397  0.0416  0.0383  0.0382  0.0399  0.0376  0.0401  0.0366  0.0370
  0.0373  0.0369  0.0362  0.0378  0.0388  0.0367  0.0368  0.0376  0.0366  0.0378  0.0361  0.0362
  0.0361  0.0359  0.0358  0.0363  0.0368  0.0358  0.0360  0.0361  0.0359  0.0363  0.0358  0.0358
  0.0357  0.0357  0.0357  0.0357  0.0357  0.0357  0.0357  0.0357  0.0357  0.0357  0.0357  0.0357
  0.0361  0.0360  0.0358  0.0361  0.0358  0.0359  0.0360  0.0362  0.0359  0.0361  0.0357  0.0358
  0.0373  0.0370  0.0363  0.0377  0.0383  0.0367  0.0368  0.0375  0.0365  0.0376  0.0361  0.0362
  0.0393  0.0384  0.0370  0.0399  0.0424  0.0383  0.0382  0.0398  0.0377  0.0401  0.0366  0.0370
niter,ni,del,rscale     2    3    5.0000    1.2000
parameters
    1.9229  -21.5140   12.0163   -7.7557  -30.3175   -6.4959
    3.5469    7.9091   -4.9619   28.3316   -5.8926  -32.2318
eta,q 0.96432  8.65942
  0.0393  0.0386  0.0370  0.0397  0.0416  0.0383  0.0382  0.0399  0.0376  0.0401  0.0366  0.0370
  0.0373  0.0369  0.0362  0.0378  0.0389  0.0367  0.0369  0.0376  0.0366  0.0378  0.0361  0.0362
  0.0361  0.0359  0.0358  0.0363  0.0368  0.0358  0.0360  0.0361  0.0359  0.0363  0.0358  0.0358
  0.0357  0.0357  0.0357  0.0357  0.0357  0.0357  0.0357  0.0357  0.0357  0.0357  0.0357  0.0357
  0.0361  0.0361  0.0358  0.0361  0.0358  0.0359  0.0360  0.0362  0.0359  0.0361  0.0357  0.0358
  0.0373  0.0370  0.0362  0.0377  0.0383  0.0367  0.0368  0.0375  0.0365  0.0376  0.0361  0.0362
  0.0393  0.0384  0.0370  0.0399  0.0424  0.0383  0.0382  0.0398  0.0377  0.0401  0.0366  0.0370
registration optimization eta report
parameter search radius
    2.4000    2.4000    2.4000    9.5220   12.5928    8.2800
    7.2000    7.2000    7.2000    8.2800    8.2800    8.2800
100000*second partial in parameter space
       63.       48.       22.        5.        4.        4.
        5.        8.        4.        6.        1.        2.
  0.0393  0.0386  0.0370  0.0397  0.0416  0.0383  0.0382  0.0399  0.0376  0.0401  0.0366  0.0370
  0.0373  0.0369  0.0362  0.0378  0.0389  0.0367  0.0369  0.0376  0.0366  0.0378  0.0361  0.0362
  0.0361  0.0359  0.0358  0.0363  0.0368  0.0358  0.0360  0.0361  0.0359  0.0363  0.0358  0.0358
  0.0357  0.0357  0.0357  0.0357  0.0357  0.0357  0.0357  0.0357  0.0357  0.0357  0.0357  0.0357
  0.0361  0.0361  0.0358  0.0361  0.0358  0.0359  0.0360  0.0362  0.0359  0.0361  0.0357  0.0358
  0.0373  0.0370  0.0362  0.0377  0.0383  0.0367  0.0368  0.0375  0.0365  0.0376  0.0361  0.0362
  0.0393  0.0384  0.0370  0.0399  0.0424  0.0383  0.0382  0.0398  0.0377  0.0401  0.0366  0.0370
    1.9229  -21.5140   12.0163   -7.7557  -30.3175   -6.4959
    3.5469    7.9091   -4.9619   28.3316   -5.8926  -32.2318
eta,q 0.96432  8.65942

---------------------------------------------------------------------
imgreg_4dfp /opt/freesurfer/average/711-2C_as_mni_average_305 /opt/freesurfer/average/711-2B_as_mni_average_305_mask talsrcimg_g11 none talsrcimg_to_711-2C_as_mni_average_305_t4 2311
---------------------------------------------------------------------

freesurfer imgreg_4dfp.c
/opt/freesurfer/average/711-2C_as_mni_average_305.4dfp.img
       256       256       256         1
  1.000000  1.000000  1.000000
orientation T byte_order littleendian
Reading image: /opt/freesurfer/average/711-2C_as_mni_average_305.4dfp.img
dimensions:      256       256       256
mmppix:       1.0000   -1.0000   -1.0000
center:     128.0000 -129.0000 -129.0000
/opt/freesurfer/average/711-2B_as_mni_average_305_mask.4dfp.img
       256       256       256         1
  1.000000  1.000000  1.000000
orientation T byte_order littleendian
Reading mask: /opt/freesurfer/average/711-2B_as_mni_average_305_mask.4dfp.img (2306576 pixels)
talsrcimg_g11.4dfp.img
       256       256       256         1
  1.000000  1.000000  1.000000
orientation T byte_order littleendian
Reading image: talsrcimg_g11.4dfp.img
dimensions:      256       256       256
mmppix:       1.0000   -1.0000   -1.0000
center:     128.0000 -129.0000 -129.0000
fimgreg.f
image alignment mode   2311 decimal      907 hex
parameters
    1.9229  -21.5140   12.0163   -7.7557  -30.3175   -6.4960
    3.5469    7.9091   -4.9619   28.3316   -5.8926  -32.2318
eta,q 0.96432  8.65942
niter,ni,del,rscale     5    3    5.0000    0.8000
parameters
    1.9289  -21.5705   11.9914   -7.4746  -28.5833   -6.6322
    3.5251    7.8661   -4.9856   28.2809   -5.6162  -31.8097
eta,q 0.96453  8.75513
  0.0373  0.0369  0.0362  0.0370  0.0371  0.0362  0.0367  0.0374  0.0364  0.0371  0.0358  0.0361
  0.0364  0.0362  0.0359  0.0363  0.0365  0.0357  0.0360  0.0363  0.0359  0.0362  0.0357  0.0357
  0.0359  0.0358  0.0357  0.0359  0.0360  0.0355  0.0356  0.0356  0.0356  0.0357  0.0355  0.0356
  0.0357  0.0357  0.0357  0.0357  0.0357  0.0355  0.0355  0.0355  0.0355  0.0355  0.0355  0.0355
  0.0359  0.0359  0.0357  0.0357  0.0355  0.0356  0.0356  0.0357  0.0356  0.0357  0.0355  0.0355
  0.0364  0.0363  0.0359  0.0361  0.0356  0.0358  0.0360  0.0364  0.0359  0.0362  0.0356  0.0356
  0.0373  0.0370  0.0363  0.0367  0.0360  0.0363  0.0368  0.0374  0.0365  0.0372  0.0358  0.0359
niter,ni,del,rscale     4    3    5.0000    0.7000
parameters
    1.9001  -21.7150   11.9715   -7.4526  -28.5169   -6.6499
    3.5953    7.8504   -5.0601   28.1270   -5.5856  -31.7282
eta,q 0.96455  8.75459
  0.0367  0.0363  0.0359  0.0364  0.0363  0.0361  0.0364  0.0369  0.0362  0.0366  0.0357  0.0358
  0.0360  0.0358  0.0357  0.0359  0.0359  0.0356  0.0359  0.0360  0.0358  0.0360  0.0356  0.0356
  0.0356  0.0355  0.0355  0.0356  0.0356  0.0354  0.0356  0.0356  0.0355  0.0356  0.0355  0.0355
  0.0355  0.0355  0.0355  0.0355  0.0355  0.0355  0.0355  0.0354  0.0354  0.0355  0.0355  0.0355
  0.0356  0.0357  0.0355  0.0355  0.0355  0.0355  0.0355  0.0356  0.0355  0.0356  0.0355  0.0355
  0.0361  0.0361  0.0357  0.0358  0.0358  0.0357  0.0359  0.0361  0.0358  0.0361  0.0356  0.0356
  0.0368  0.0367  0.0360  0.0364  0.0363  0.0360  0.0364  0.0369  0.0362  0.0368  0.0357  0.0358
niter,ni,del,rscale     3    3    5.0000    0.6000
parameters
    1.8906  -21.7476   11.9878   -7.4121  -28.3459   -6.7401
    3.6173    7.8247   -5.0438   28.0586   -5.5222  -31.5941
eta,q 0.96457  8.75773
  0.0364  0.0362  0.0358  0.0361  0.0361  0.0358  0.0362  0.0365  0.0360  0.0363  0.0356  0.0357
  0.0359  0.0358  0.0356  0.0358  0.0358  0.0355  0.0358  0.0359  0.0357  0.0358  0.0355  0.0356
  0.0355  0.0355  0.0355  0.0355  0.0356  0.0354  0.0355  0.0355  0.0355  0.0355  0.0355  0.0355
  0.0354  0.0355  0.0354  0.0355  0.0354  0.0354  0.0354  0.0354  0.0354  0.0354  0.0354  0.0354
  0.0356  0.0356  0.0355  0.0355  0.0355  0.0355  0.0355  0.0356  0.0355  0.0355  0.0354  0.0354
  0.0359  0.0358  0.0356  0.0357  0.0356  0.0356  0.0357  0.0359  0.0357  0.0359  0.0355  0.0355
  0.0364  0.0363  0.0358  0.0361  0.0361  0.0358  0.0361  0.0365  0.0360  0.0364  0.0356  0.0357
niter,ni,del,rscale     2    3    5.0000    0.5000
parameters
    1.8858  -21.7615   11.9958   -7.4096  -28.2092   -6.8905
    3.6115    7.7886   -5.0403   27.9916   -5.4870  -31.4954
eta,q 0.96458  8.75553
  0.0361  0.0360  0.0357  0.0359  0.0359  0.0357  0.0359  0.0361  0.0358  0.0360  0.0356  0.0356
  0.0357  0.0357  0.0356  0.0356  0.0357  0.0355  0.0356  0.0357  0.0356  0.0357  0.0355  0.0355
  0.0355  0.0355  0.0355  0.0355  0.0355  0.0354  0.0355  0.0355  0.0355  0.0355  0.0354  0.0355
  0.0354  0.0354  0.0354  0.0354  0.0354  0.0354  0.0354  0.0354  0.0354  0.0354  0.0354  0.0354
  0.0355  0.0355  0.0355  0.0355  0.0354  0.0355  0.0355  0.0355  0.0354  0.0355  0.0354  0.0354
  0.0357  0.0357  0.0355  0.0356  0.0356  0.0356  0.0356  0.0358  0.0356  0.0357  0.0355  0.0355
  0.0361  0.0360  0.0357  0.0359  0.0359  0.0357  0.0359  0.0361  0.0358  0.0361  0.0356  0.0356
niter,ni,del,rscale     1    3    5.0000    0.4000
parameters
    1.8818  -21.7711   11.9864   -7.4176  -28.0790   -7.0702
    3.6227    7.7565   -5.0332   27.9432   -5.4825  -31.4092
eta,q 0.96459  8.75226
  0.0358  0.0358  0.0356  0.0357  0.0357  0.0356  0.0357  0.0359  0.0356  0.0358  0.0355  0.0355
  0.0356  0.0356  0.0355  0.0355  0.0356  0.0355  0.0356  0.0356  0.0355  0.0356  0.0355  0.0355
  0.0355  0.0354  0.0354  0.0354  0.0355  0.0354  0.0354  0.0354  0.0354  0.0354  0.0354  0.0354
  0.0354  0.0354  0.0354  0.0354  0.0354  0.0354  0.0354  0.0354  0.0354  0.0354  0.0354  0.0354
  0.0355  0.0355  0.0354  0.0354  0.0354  0.0355  0.0354  0.0355  0.0354  0.0355  0.0354  0.0354
  0.0356  0.0356  0.0355  0.0355  0.0355  0.0355  0.0355  0.0356  0.0355  0.0356  0.0355  0.0355
  0.0358  0.0358  0.0356  0.0357  0.0357  0.0356  0.0357  0.0359  0.0357  0.0358  0.0355  0.0355
registration optimization eta report
parameter search radius
    0.8000    0.8000    0.8000    2.4000    2.4000    2.4000
    2.4000    2.4000    2.4000    2.4000    2.4000    2.4000
100000*second partial in parameter space
       65.       57.       28.        5.        5.        3.
        6.        8.        4.        7.        2.        2.
  0.0358  0.0358  0.0356  0.0357  0.0357  0.0356  0.0357  0.0359  0.0356  0.0358  0.0355  0.0355
  0.0356  0.0356  0.0355  0.0355  0.0356  0.0355  0.0356  0.0356  0.0355  0.0356  0.0355  0.0355
  0.0355  0.0354  0.0354  0.0354  0.0355  0.0354  0.0354  0.0354  0.0354  0.0354  0.0354  0.0354
  0.0354  0.0354  0.0354  0.0354  0.0354  0.0354  0.0354  0.0354  0.0354  0.0354  0.0354  0.0354
  0.0355  0.0355  0.0354  0.0354  0.0354  0.0355  0.0354  0.0355  0.0354  0.0355  0.0354  0.0354
  0.0356  0.0356  0.0355  0.0355  0.0355  0.0355  0.0355  0.0356  0.0355  0.0356  0.0355  0.0355
  0.0358  0.0358  0.0356  0.0357  0.0357  0.0356  0.0357  0.0359  0.0357  0.0358  0.0355  0.0355
    1.8818  -21.7711   11.9864   -7.4176  -28.0790   -7.0702
    3.6227    7.7565   -5.0332   27.9432   -5.4825  -31.4092
eta,q 0.96459  8.75226

---------------------------------------------------------------------
imgreg_4dfp /opt/freesurfer/average/711-2C_as_mni_average_305 /opt/freesurfer/average/711-2B_as_mni_average_305_mask talsrcimg_g11 none talsrcimg_to_711-2C_as_mni_average_305_t4 2311
---------------------------------------------------------------------

freesurfer imgreg_4dfp.c
/opt/freesurfer/average/711-2C_as_mni_average_305.4dfp.img
       256       256       256         1
  1.000000  1.000000  1.000000
orientation T byte_order littleendian
Reading image: /opt/freesurfer/average/711-2C_as_mni_average_305.4dfp.img
dimensions:      256       256       256
mmppix:       1.0000   -1.0000   -1.0000
center:     128.0000 -129.0000 -129.0000
/opt/freesurfer/average/711-2B_as_mni_average_305_mask.4dfp.img
       256       256       256         1
  1.000000  1.000000  1.000000
orientation T byte_order littleendian
Reading mask: /opt/freesurfer/average/711-2B_as_mni_average_305_mask.4dfp.img (2306576 pixels)
talsrcimg_g11.4dfp.img
       256       256       256         1
  1.000000  1.000000  1.000000
orientation T byte_order littleendian
Reading image: talsrcimg_g11.4dfp.img
dimensions:      256       256       256
mmppix:       1.0000   -1.0000   -1.0000
center:     128.0000 -129.0000 -129.0000
fimgreg.f
image alignment mode   2311 decimal      907 hex
parameters
    1.8818  -21.7711   11.9864   -7.4176  -28.0790   -7.0702
    3.6227    7.7565   -5.0332   27.9432   -5.4825  -31.4092
eta,q 0.96459  8.75226
niter,ni,del,rscale     5    3    5.0000    0.8000
parameters
    1.8754  -21.7569   11.9624   -7.5548  -28.4687   -6.5799
    3.6486    7.8708   -5.0480   28.0340   -5.6943  -31.7239
eta,q 0.96455  8.75486
  0.0371  0.0369  0.0361  0.0365  0.0364  0.0365  0.0367  0.0375  0.0364  0.0371  0.0358  0.0359
  0.0361  0.0361  0.0357  0.0359  0.0359  0.0358  0.0360  0.0363  0.0359  0.0362  0.0356  0.0356
  0.0356  0.0356  0.0355  0.0355  0.0355  0.0355  0.0356  0.0356  0.0356  0.0357  0.0355  0.0355
  0.0354  0.0354  0.0354  0.0354  0.0354  0.0354  0.0354  0.0354  0.0354  0.0354  0.0354  0.0354
  0.0356  0.0356  0.0355  0.0355  0.0355  0.0355  0.0356  0.0356  0.0355  0.0356  0.0355  0.0355
  0.0362  0.0360  0.0357  0.0360  0.0360  0.0357  0.0360  0.0362  0.0359  0.0361  0.0356  0.0357
  0.0371  0.0368  0.0361  0.0367  0.0369  0.0360  0.0367  0.0372  0.0365  0.0370  0.0358  0.0361
niter,ni,del,rscale     4    3    5.0000    0.7000
parameters
    1.8909  -21.7538   12.0100   -7.4453  -28.4547   -6.6007
    3.6274    7.8475   -5.0360   28.0614   -5.6004  -31.6444
eta,q 0.96456  8.75722
  0.0368  0.0366  0.0360  0.0364  0.0363  0.0361  0.0364  0.0369  0.0362  0.0367  0.0357  0.0358
  0.0360  0.0359  0.0357  0.0359  0.0359  0.0356  0.0359  0.0360  0.0358  0.0360  0.0356  0.0356
  0.0356  0.0356  0.0355  0.0356  0.0356  0.0354  0.0356  0.0356  0.0355  0.0356  0.0355  0.0355
  0.0355  0.0355  0.0354  0.0354  0.0354  0.0355  0.0354  0.0354  0.0354  0.0354  0.0354  0.0354
  0.0356  0.0356  0.0355  0.0355  0.0355  0.0356  0.0355  0.0356  0.0355  0.0356  0.0355  0.0355
  0.0360  0.0359  0.0356  0.0358  0.0358  0.0357  0.0359  0.0361  0.0358  0.0360  0.0355  0.0356
  0.0367  0.0365  0.0359  0.0364  0.0364  0.0360  0.0364  0.0369  0.0362  0.0367  0.0357  0.0358
niter,ni,del,rscale     3    3    5.0000    0.6000
parameters
    1.8893  -21.7534   12.0056   -7.4162  -28.3302   -6.7235
    3.6217    7.8177   -5.0321   28.0313   -5.5611  -31.5708
eta,q 0.96457  8.75796
  0.0364  0.0363  0.0358  0.0361  0.0361  0.0358  0.0361  0.0365  0.0360  0.0363  0.0356  0.0357
  0.0359  0.0358  0.0356  0.0358  0.0358  0.0355  0.0357  0.0359  0.0357  0.0358  0.0355  0.0356
  0.0355  0.0355  0.0355  0.0355  0.0356  0.0354  0.0355  0.0355  0.0355  0.0355  0.0355  0.0355
  0.0354  0.0354  0.0354  0.0354  0.0354  0.0354  0.0354  0.0354  0.0354  0.0354  0.0354  0.0354
  0.0355  0.0355  0.0355  0.0355  0.0355  0.0355  0.0355  0.0356  0.0355  0.0355  0.0354  0.0354
  0.0359  0.0358  0.0356  0.0357  0.0357  0.0356  0.0357  0.0359  0.0357  0.0359  0.0355  0.0355
  0.0364  0.0362  0.0358  0.0361  0.0361  0.0358  0.0362  0.0365  0.0360  0.0364  0.0356  0.0357
niter,ni,del,rscale     2    3    5.0000    0.5000
parameters
    1.8851  -21.7622   12.0018   -7.4175  -28.1978   -6.8922
    3.6201    7.7887   -5.0349   27.9814   -5.5155  -31.4707
eta,q 0.96459  8.75517
  0.0361  0.0360  0.0357  0.0359  0.0359  0.0357  0.0359  0.0361  0.0358  0.0360  0.0356  0.0356
  0.0357  0.0357  0.0356  0.0356  0.0357  0.0355  0.0356  0.0357  0.0356  0.0357  0.0355  0.0355
  0.0355  0.0355  0.0355  0.0355  0.0355  0.0354  0.0355  0.0355  0.0355  0.0355  0.0354  0.0355
  0.0354  0.0354  0.0354  0.0354  0.0354  0.0354  0.0354  0.0354  0.0354  0.0354  0.0354  0.0354
  0.0355  0.0355  0.0355  0.0355  0.0354  0.0355  0.0355  0.0355  0.0355  0.0355  0.0354  0.0354
  0.0357  0.0357  0.0355  0.0356  0.0356  0.0356  0.0356  0.0357  0.0356  0.0357  0.0355  0.0355
  0.0361  0.0360  0.0357  0.0359  0.0359  0.0357  0.0359  0.0361  0.0358  0.0361  0.0356  0.0356
niter,ni,del,rscale     1    3    5.0000    0.4000
parameters
    1.8833  -21.7727   11.9905   -7.4260  -28.0865   -7.0677
    3.6192    7.7588   -5.0238   27.9352   -5.4979  -31.3876
eta,q 0.96459  8.75105
  0.0358  0.0358  0.0356  0.0357  0.0357  0.0356  0.0357  0.0359  0.0357  0.0358  0.0355  0.0355
  0.0356  0.0356  0.0355  0.0355  0.0356  0.0355  0.0355  0.0356  0.0355  0.0356  0.0355  0.0355
  0.0355  0.0354  0.0354  0.0354  0.0355  0.0354  0.0354  0.0354  0.0354  0.0354  0.0354  0.0354
  0.0354  0.0354  0.0354  0.0354  0.0354  0.0354  0.0354  0.0354  0.0354  0.0354  0.0354  0.0354
  0.0355  0.0355  0.0354  0.0354  0.0354  0.0355  0.0354  0.0355  0.0354  0.0355  0.0354  0.0354
  0.0356  0.0356  0.0355  0.0355  0.0355  0.0355  0.0355  0.0356  0.0355  0.0356  0.0355  0.0355
  0.0358  0.0358  0.0356  0.0357  0.0357  0.0356  0.0357  0.0359  0.0357  0.0358  0.0355  0.0355
registration optimization eta report
parameter search radius
    0.8000    0.8000    0.8000    2.4000    2.4000    2.4000
    2.4000    2.4000    2.4000    2.4000    2.4000    2.4000
100000*second partial in parameter space
       66.       57.       28.        5.        5.        3.
        6.        8.        4.        7.        2.        2.
  0.0358  0.0358  0.0356  0.0357  0.0357  0.0356  0.0357  0.0359  0.0357  0.0358  0.0355  0.0355
  0.0356  0.0356  0.0355  0.0355  0.0356  0.0355  0.0355  0.0356  0.0355  0.0356  0.0355  0.0355
  0.0355  0.0354  0.0354  0.0354  0.0355  0.0354  0.0354  0.0354  0.0354  0.0354  0.0354  0.0354
  0.0354  0.0354  0.0354  0.0354  0.0354  0.0354  0.0354  0.0354  0.0354  0.0354  0.0354  0.0354
  0.0355  0.0355  0.0354  0.0354  0.0354  0.0355  0.0354  0.0355  0.0354  0.0355  0.0354  0.0354
  0.0356  0.0356  0.0355  0.0355  0.0355  0.0355  0.0355  0.0356  0.0355  0.0356  0.0355  0.0355
  0.0358  0.0358  0.0356  0.0357  0.0357  0.0356  0.0357  0.0359  0.0357  0.0358  0.0355  0.0355
    1.8833  -21.7727   11.9905   -7.4260  -28.0865   -7.0677
    3.6192    7.7588   -5.0238   27.9352   -5.4979  -31.3876
eta,q 0.96459  8.75105

---------------------------------------------------------------------
compute_vox2vox talsrcimg talsrcimg_to_711-2C_as_mni_average_305_t4 /opt/freesurfer/average/711-2C_as_mni_average_305
---------------------------------------------------------------------

freesurfer compute_vox2vox.c
Reading: talsrcimg.4dfp.ifh
Reading: talsrcimg_to_711-2C_as_mni_average_305_t4
Reading: /opt/freesurfer/average/711-2C_as_mni_average_305.4dfp.ifh
Writing: talsrcimg_to_711-2C_as_mni_average_305_t4_vox2vox.txt

start time Thu Mar 12 06:04:47 CET 2026
end		time Thu Mar 12 06:06:15 CET 2026

mpr2mni305 success

avi2talxfm orig_nu.mgz /opt/freesurfer/average/mni305.cor.mgz talsrcimg_to_711-2C_as_mni_average_305_t4_vox2vox.txt transforms/talairach.auto.xfm
avi2talxfm done
mv -f /out/sourcedata/freesurfer/sub-v1s10x0051072_ses-1/mri/talsrcimg_to_711-2C_as_mni_average_305_t4_vox2vox.txt /out/sourcedata/freesurfer/sub-v1s10x0051072_ses-1/mri/transforms/talsrcimg_to_711-2C_as_mni_average_305_t4_vox2vox.txt
lta_convert --src orig_nu.mgz --trg /opt/freesurfer/average/mni305.cor.mgz --inxfm transforms/talairach.auto.xfm --outlta transforms/talairach.auto.xfm.lta --subject fsaverage
7.3.2

--src: orig_nu.mgz src image (geometry).
--trg: /opt/freesurfer/average/mni305.cor.mgz trg image (geometry).
--inmni: transforms/talairach.auto.xfm input MNI/XFM transform.
--outlta: transforms/talairach.auto.xfm.lta output LTA.
--s: fsaverage subject name
 LTA read, type : 1
 1.07191  -0.06478  -0.08222  -3.66284;
 0.07842   0.94651   0.40917  -4.04936;
 0.04442  -0.37220   1.22587   29.81435;
 0.00000   0.00000   0.00000   1.00000;
setting subject to fsaverage
Writing  LTA to file transforms/talairach.auto.xfm.lta...
lta_convert successful.
 
 
Started at Thu Mar 12 06:04:46 CET 2026
Ended   at Thu Mar 12 06:06:16 CET 2026
talairach_avi done
