status file for recon-all
Thu Mar 12 03:17:54 CET 2026
#@# Tessellate lh Thu Mar 12 03:17:54 CET 2026
#@# Smooth1 lh Thu Mar 12 03:17:57 CET 2026
#@# Inflation1 lh Thu Mar 12 03:17:59 CET 2026
#@# QSphere lh Thu Mar 12 03:18:09 CET 2026
#@# Fix Topology lh Thu Mar 12 03:18:53 CET 2026
#@# Smooth2 lh Thu Mar 12 03:23:58 CET 2026
#@# Inflation2 lh Thu Mar 12 03:24:00 CET 2026
#@# Curv .H and .K lh Thu Mar 12 03:24:12 CET 2026
#@# Sphere lh Thu Mar 12 03:24:48 CET 2026
#@# Surf Reg lh Thu Mar 12 03:28:33 CET 2026
#@# Jacobian white lh Thu Mar 12 03:32:01 CET 2026
#@# AvgCurv lh Thu Mar 12 03:32:02 CET 2026
#@# Cortical Parc lh Thu Mar 12 03:32:02 CET 2026
#@# white curv lh Thu Mar 12 03:37:03 CET 2026
#@# white area lh Thu Mar 12 03:37:04 CET 2026
#@# pial curv lh Thu Mar 12 03:37:05 CET 2026
#@# pial area lh Thu Mar 12 03:37:06 CET 2026
#@# thickness lh Thu Mar 12 03:37:06 CET 2026
#@# area and vertex vol lh Thu Mar 12 03:37:27 CET 2026
#@# Curvature Stats lh Thu Mar 12 03:37:28 CET 2026
#@# Cortical Parc 2 lh Thu Mar 12 03:37:29 CET 2026
#@# Cortical Parc 3 lh Thu Mar 12 03:37:39 CET 2026
#@# WM/GM Contrast lh Thu Mar 12 03:37:46 CET 2026
recon-all -s sub-v1s10x0051001_ses-1 finished without error at Thu Mar 12 03:37:48 CET 2026



#New# invocation of recon-all 



status file for recon-all
Thu Mar 12 04:00:54 CET 2026
#@# white curv lh Thu Mar 12 04:00:54 CET 2026
#@# white area lh Thu Mar 12 04:00:54 CET 2026
#@# pial curv lh Thu Mar 12 04:00:54 CET 2026
#@# pial area lh Thu Mar 12 04:00:54 CET 2026
#@# thickness lh Thu Mar 12 04:00:54 CET 2026
#@# area and vertex vol lh Thu Mar 12 04:00:54 CET 2026
#@# Parcellation Stats lh Thu Mar 12 04:00:54 CET 2026
#@# Parcellation Stats 2 lh Thu Mar 12 04:01:09 CET 2026
#@# Parcellation Stats 3 lh Thu Mar 12 04:01:16 CET 2026
#@# BA_exvivo Labels lh Thu Mar 12 04:01:22 CET 2026
recon-all -s sub-v1s10x0051001_ses-1 finished without error at Thu Mar 12 04:03:22 CET 2026
