status file for recon-all
Thu Mar 12 09:26:17 CET 2026
#@# Tessellate lh Thu Mar 12 09:26:17 CET 2026
#@# Smooth1 lh Thu Mar 12 09:26:21 CET 2026
#@# Inflation1 lh Thu Mar 12 09:26:24 CET 2026
#@# QSphere lh Thu Mar 12 09:26:37 CET 2026
#@# Fix Topology lh Thu Mar 12 09:27:44 CET 2026
#@# Smooth2 lh Thu Mar 12 09:36:02 CET 2026
#@# Inflation2 lh Thu Mar 12 09:36:05 CET 2026
#@# Curv .H and .K lh Thu Mar 12 09:36:20 CET 2026
#@# Sphere lh Thu Mar 12 09:37:08 CET 2026
#@# Surf Reg lh Thu Mar 12 09:39:37 CET 2026
#@# Jacobian white lh Thu Mar 12 09:43:22 CET 2026
#@# AvgCurv lh Thu Mar 12 09:43:23 CET 2026
#@# Cortical Parc lh Thu Mar 12 09:43:24 CET 2026
#@# white curv lh Thu Mar 12 09:49:19 CET 2026
#@# white area lh Thu Mar 12 09:49:21 CET 2026
#@# pial curv lh Thu Mar 12 09:49:22 CET 2026
#@# pial area lh Thu Mar 12 09:49:23 CET 2026
#@# thickness lh Thu Mar 12 09:49:24 CET 2026
#@# area and vertex vol lh Thu Mar 12 09:49:53 CET 2026
#@# Curvature Stats lh Thu Mar 12 09:49:55 CET 2026
#@# Cortical Parc 2 lh Thu Mar 12 09:49:57 CET 2026
#@# Cortical Parc 3 lh Thu Mar 12 09:50:10 CET 2026
#@# WM/GM Contrast lh Thu Mar 12 09:50:20 CET 2026
recon-all -s sub-v1s10x0051112_ses-1 finished without error at Thu Mar 12 09:50:24 CET 2026



#New# invocation of recon-all 



status file for recon-all
Thu Mar 12 10:18:25 CET 2026
#@# white curv lh Thu Mar 12 10:18:25 CET 2026
#@# white area lh Thu Mar 12 10:18:25 CET 2026
#@# pial curv lh Thu Mar 12 10:18:25 CET 2026
#@# pial area lh Thu Mar 12 10:18:25 CET 2026
#@# thickness lh Thu Mar 12 10:18:26 CET 2026
#@# area and vertex vol lh Thu Mar 12 10:18:26 CET 2026
#@# Parcellation Stats lh Thu Mar 12 10:18:26 CET 2026
#@# Parcellation Stats 2 lh Thu Mar 12 10:18:44 CET 2026
#@# Parcellation Stats 3 lh Thu Mar 12 10:18:54 CET 2026
#@# BA_exvivo Labels lh Thu Mar 12 10:19:03 CET 2026
recon-all -s sub-v1s10x0051112_ses-1 finished without error at Thu Mar 12 10:21:34 CET 2026
