status file for recon-all
Thu Mar 12 02:43:00 CET 2026
#@# MotionCor Thu Mar 12 02:43:01 CET 2026
#@# Talairach Thu Mar 12 02:43:11 CET 2026
#@# Talairach Failure Detection Thu Mar 12 02:47:33 CET 2026
#@# Nu Intensity Correction Thu Mar 12 02:47:33 CET 2026
#@# Intensity Normalization Thu Mar 12 02:50:50 CET 2026
recon-all -s sub-v1s10x0051020_ses-1 finished without error at Thu Mar 12 02:52:23 CET 2026



#New# invocation of recon-all 



status file for recon-all
Thu Mar 12 02:59:30 CET 2026
#@# EM Registration Thu Mar 12 02:59:30 CET 2026
recon-all -s sub-v1s10x0051020_ses-1 finished without error at Thu Mar 12 03:01:28 CET 2026



#New# invocation of recon-all 



status file for recon-all
Thu Mar 12 03:01:30 CET 2026
#@# CA Normalize Thu Mar 12 03:01:30 CET 2026
#@# CA Reg Thu Mar 12 03:02:50 CET 2026
#@# SubCort Seg Thu Mar 12 03:51:58 CET 2026
#@# CC Seg Thu Mar 12 04:21:39 CET 2026
#@# Merge ASeg Thu Mar 12 04:22:13 CET 2026
#@# Intensity Normalization2 Thu Mar 12 04:22:13 CET 2026
#@# Mask BFS Thu Mar 12 04:24:27 CET 2026
#@# WM Segmentation Thu Mar 12 04:24:27 CET 2026
#@# Fill Thu Mar 12 04:26:21 CET 2026
recon-all -s sub-v1s10x0051020_ses-1 finished without error at Thu Mar 12 04:27:22 CET 2026



#New# invocation of recon-all 



status file for recon-all
Thu Mar 12 05:11:35 CET 2026
#@# white curv lh Thu Mar 12 05:11:35 CET 2026
#@# white area lh Thu Mar 12 05:11:35 CET 2026
#@# pial curv lh Thu Mar 12 05:11:35 CET 2026
#@# pial area lh Thu Mar 12 05:11:35 CET 2026
#@# thickness lh Thu Mar 12 05:11:35 CET 2026
#@# area and vertex vol lh Thu Mar 12 05:11:35 CET 2026
#@# white curv rh Thu Mar 12 05:11:35 CET 2026
#@# white area rh Thu Mar 12 05:11:35 CET 2026
#@# pial curv rh Thu Mar 12 05:11:35 CET 2026
#@# pial area rh Thu Mar 12 05:11:35 CET 2026
#@# thickness rh Thu Mar 12 05:11:35 CET 2026
#@# area and vertex vol rh Thu Mar 12 05:11:35 CET 2026
#@# Cortical ribbon mask Thu Mar 12 05:11:35 CET 2026
recon-all -s sub-v1s10x0051020_ses-1 finished without error at Thu Mar 12 05:15:33 CET 2026



#New# invocation of recon-all 



status file for recon-all
Thu Mar 12 05:21:55 CET 2026
#@# white curv lh Thu Mar 12 05:21:55 CET 2026
#@# white area lh Thu Mar 12 05:21:55 CET 2026
#@# pial curv lh Thu Mar 12 05:21:55 CET 2026
#@# pial area lh Thu Mar 12 05:21:55 CET 2026
#@# thickness lh Thu Mar 12 05:21:55 CET 2026
#@# area and vertex vol lh Thu Mar 12 05:21:55 CET 2026
#@# white curv rh Thu Mar 12 05:21:55 CET 2026
#@# white area rh Thu Mar 12 05:21:55 CET 2026
#@# pial curv rh Thu Mar 12 05:21:55 CET 2026
#@# pial area rh Thu Mar 12 05:21:55 CET 2026
#@# thickness rh Thu Mar 12 05:21:55 CET 2026
#@# area and vertex vol rh Thu Mar 12 05:21:55 CET 2026
#@# Curvature Stats lh Thu Mar 12 05:21:55 CET 2026
#@# Curvature Stats rh Thu Mar 12 05:21:58 CET 2026
#@# Relabel Hypointensities Thu Mar 12 05:22:00 CET 2026
#@# APas-to-ASeg Thu Mar 12 05:22:15 CET 2026
#@# AParc-to-ASeg aparc Thu Mar 12 05:22:24 CET 2026
#@# AParc-to-ASeg aparc.a2009s Thu Mar 12 05:22:51 CET 2026
#@# AParc-to-ASeg aparc.DKTatlas Thu Mar 12 05:23:14 CET 2026
#@# WMParc Thu Mar 12 05:23:46 CET 2026
#@# ASeg Stats Thu Mar 12 05:27:20 CET 2026
recon-all -s sub-v1s10x0051020_ses-1 finished without error at Thu Mar 12 05:28:06 CET 2026
