/out/sourcedata/freesurfer/sub-v1s10x0051017_ses-1/mri
/opt/freesurfer/bin/talairach_avi
--i orig_nu.mgz --xfm transforms/talairach.auto.xfm
talairach_avi 7.3.2
Linux dna061 5.14.0-427.37.1.el9_4.x86_64 #1 SMP PREEMPT_DYNAMIC Fri Sep 13 12:41:50 EDT 2024 x86_64 x86_64 x86_64 GNU/Linux
Thu Mar 12 02:33:00 CET 2026
mri_convert orig_nu.mgz talsrcimg.img 
reading from orig_nu.mgz...
TR=0.00, TE=0.00, TI=0.00, flip angle=0.00
i_ras = (-1, 0, 0)
j_ras = (0, 0, -1)
k_ras = (0, 1, 0)
writing to talsrcimg.img...
Analyze Output Matrix
-1.00000   0.00000   0.00000   125.32777;
 0.00000   0.00000   1.00000  -128.00000;
 0.00000  -1.00000   0.00000   130.00000;
 0.00000   0.00000   0.00000   1.00000;
--------------------
INFO: set hdr.hist.orient to -1
mpr2mni305 talsrcimg
Thu Mar 12 02:33:00 CET 2026
/opt/freesurfer/bin/mpr2mni305 talsrcimg
mpr2mni305 7.3.2
target=711-2C_as_mni_average_305

---------------------------------------------------------------------
analyzeto4dfp talsrcimg -O0 -y
---------------------------------------------------------------------

freesurfer ifh2hdr.c
Thu Mar 12 02:33:01 2026
Writing: talsrcimg.4dfp.hdr
freesurfer analyzeto4dfp.c
Reading: talsrcimg.hdr
header size 348 bytes
hdr.dime.datatype	offset=70	value=2
hdr.dime.bitpix		offset=72	value=8
hdr.hist.orient		offset=252	value=-1
dimensionality     4
dimensions       256       256       256         1
Reading: talsrcimg.img
Writing: talsrcimg.4dfp.img
Writing: talsrcimg.4dfp.ifh
ifh2hdr talsrcimg -r0to212
ori=2

---------------------------------------------------------------------
gauss_4dfp talsrcimg 1.1
---------------------------------------------------------------------

freesurfer gauss_4dfp.c
Reading: talsrcimg.4dfp.img
Writing: talsrcimg_g11.4dfp.img
image dimensions 256 256 256 padded to 288 288 288
processing volume 1freesurfer ifh2hdr.c
Thu Mar 12 02:33:02 2026
Writing: talsrcimg_g11.4dfp.hdr

Writing: talsrcimg_g11.4dfp.ifh
including: talsrcimg.4dfp.img.rec in talsrcimg_g11.4dfp.img.rec

---------------------------------------------------------------------
imgreg_4dfp /opt/freesurfer/average/711-2C_as_mni_average_305 none talsrcimg_g11 none talsrcimg_to_711-2C_as_mni_average_305_t4 4355
---------------------------------------------------------------------

freesurfer imgreg_4dfp.c
/opt/freesurfer/average/711-2C_as_mni_average_305.4dfp.img
       256       256       256         1
  1.000000  1.000000  1.000000
orientation T byte_order littleendian
Reading image: /opt/freesurfer/average/711-2C_as_mni_average_305.4dfp.img
dimensions:      256       256       256
mmppix:       1.0000   -1.0000   -1.0000
center:     128.0000 -129.0000 -129.0000
talsrcimg_g11.4dfp.img
       256       256       256         1
  1.000000  1.000000  1.000000
orientation T byte_order littleendian
Reading image: talsrcimg_g11.4dfp.img
dimensions:      256       256       256
mmppix:       1.0000   -1.0000   -1.0000
center:     128.0000 -129.0000 -129.0000
t4_read: open error in t4_sub.f l:  41 t4_file(1:l)talsrcimg_to_711-2C_as_mni_average_305_t4 
t4_read: transform initialized to I4
rotation matrix determinant  1.000000
image alignment mode   4355 decimal     1103 hex
   -7.5000  -45.0000  -45.0000 9326.4268   14.2796
    0.0000  -45.0000  -45.0000 9717.0088   14.2840
    7.5000  -45.0000  -45.0000 9288.3545   14.2909
   -7.5000  -37.5000  -45.0000 9751.1670   14.2920
    0.0000  -37.5000  -45.000010161.9092   14.2968
    7.5000  -37.5000  -45.0000 9712.5996   14.3066
   -7.5000  -30.0000  -45.000010489.2129   14.2964
    0.0000  -30.0000  -45.000010933.8242   14.3036
    7.5000  -30.0000  -45.000010439.4111   14.3148
   -7.5000  -22.5000  -45.000011159.3574   14.2850
    0.0000  -22.5000  -45.000011628.2188   14.2937
    7.5000  -22.5000  -45.000011137.2656   14.3027
   -7.5000  -15.0000  -45.000011751.3164   14.2715
    0.0000  -15.0000  -45.000012259.3604   14.2802
    7.5000  -15.0000  -45.000011746.3564   14.2853
   -7.5000   -7.5000  -45.000012239.8203   14.2679
    0.0000   -7.5000  -45.000012760.3965   14.2747
    7.5000   -7.5000  -45.000012252.2041   14.2790
   -7.5000    0.0000  -45.000012677.7627   14.2770
    0.0000    0.0000  -45.000013221.7031   14.2814
    7.5000    0.0000  -45.000012675.7275   14.2884
   -7.5000    7.5000  -45.000012141.6924   14.2920
    0.0000    7.5000  -45.000012649.5557   14.2968
    7.5000    7.5000  -45.000012109.5107   14.3066
   -7.5000   15.0000  -45.000011440.9639   14.2964
    0.0000   15.0000  -45.000011879.0010   14.3036
    7.5000   15.0000  -45.000011379.2725   14.3148
   -7.5000   22.5000  -45.000010597.3701   14.2831
    0.0000   22.5000  -45.000011007.9658   14.2918
    7.5000   22.5000  -45.000010523.5479   14.3007
   -7.5000   30.0000  -45.0000 9728.4277   14.0813
    0.0000   30.0000  -45.000010133.5293   14.0899
    7.5000   30.0000  -45.0000 9661.7559   14.0949
   -7.5000   37.5000  -45.0000 9173.8389   14.0850
    0.0000   37.5000  -45.0000 9554.4229   14.0918
    7.5000   37.5000  -45.0000 9111.3916   14.0962
   -7.5000   45.0000  -45.0000 8198.7578   13.7849
    0.0000   45.0000  -45.0000 8553.3721   13.7894
    7.5000   45.0000  -45.0000 8137.3140   13.7962
   -7.5000  -45.0000  -37.5000 9859.8848   14.2357
    0.0000  -45.0000  -37.500010262.0830   14.2422
    7.5000  -45.0000  -37.5000 9811.5430   14.2532
   -7.5000  -37.5000  -37.500010287.2900   14.2454
    0.0000  -37.5000  -37.500010718.6826   14.2514
    7.5000  -37.5000  -37.500010260.8252   14.2645
   -7.5000  -30.0000  -37.500011056.6904   14.2446
    0.0000  -30.0000  -37.500011525.0801   14.2535
    7.5000  -30.0000  -37.500011013.9414   14.2686
   -7.5000  -22.5000  -37.500011744.8975   14.2305
    0.0000  -22.5000  -37.500012229.3047   14.2426
    7.5000  -22.5000  -37.500011725.9072   14.2574
   -7.5000  -15.0000  -37.500012365.5537   14.2190
    0.0000  -15.0000  -37.500012885.8457   14.2320
    7.5000  -15.0000  -37.500012359.0234   14.2439
   -7.5000   -7.5000  -37.500012881.2969   14.2208
    0.0000   -7.5000  -37.500013404.7891   14.2311
    7.5000   -7.5000  -37.500012873.1104   14.2413
   -7.5000    0.0000  -37.500013285.1943   14.2332
    0.0000    0.0000  -37.500013834.9863   14.2396
    7.5000    0.0000  -37.500013269.9863   14.2507
   -7.5000    7.5000  -37.500012714.8760   14.2454
    0.0000    7.5000  -37.500013217.3398   14.2514
    7.5000    7.5000  -37.500012677.4951   14.2645
   -7.5000   15.0000  -37.500011950.1279   14.2446
    0.0000   15.0000  -37.500012398.6191   14.2535
    7.5000   15.0000  -37.500011897.2832   14.2686
   -7.5000   22.5000  -37.500011057.7510   14.2286
    0.0000   22.5000  -37.500011464.3232   14.2407
    7.5000   22.5000  -37.500010994.9893   14.2555
   -7.5000   30.0000  -37.500010147.1309   14.0295
    0.0000   30.0000  -37.500010528.6348   14.0424
    7.5000   30.0000  -37.500010084.9111   14.0541
   -7.5000   37.5000  -37.5000 9525.4404   14.0386
    0.0000   37.5000  -37.5000 9894.9346   14.0489
    7.5000   37.5000  -37.5000 9458.2520   14.0589
   -7.5000   45.0000  -37.5000 8488.7383   13.7421
    0.0000   45.0000  -37.5000 8849.3008   13.7485
    7.5000   45.0000  -37.5000 8428.1006   13.7594
   -7.5000  -45.0000  -30.000010574.0859   14.8170
    0.0000  -45.0000  -30.000011027.1006   14.8231
    7.5000  -45.0000  -30.000010541.6738   14.8375
   -7.5000  -37.5000  -30.000011045.8701   14.8295
    0.0000  -37.5000  -30.000011529.2881   14.8344
    7.5000  -37.5000  -30.000011017.1436   14.8497
   -7.5000  -30.0000  -30.000011846.4551   14.8259
    0.0000  -30.0000  -30.000012365.0527   14.8326
    7.5000  -30.0000  -30.000011815.2578   14.8497
   -7.5000  -22.5000  -30.000012572.6426   14.8058
    0.0000  -22.5000  -30.000013118.4639   14.8154
    7.5000  -22.5000  -30.000012567.0039   14.8330
   -7.5000  -15.0000  -30.000013222.7363   14.7906
    0.0000  -15.0000  -30.000013804.2217   14.8016
    7.5000  -15.0000  -30.000013235.4678   14.8175
   -7.5000   -7.5000  -30.000013764.6582   14.7955
    0.0000   -7.5000  -30.000014361.9941   14.8048
    7.5000   -7.5000  -30.000013776.7803   14.8192
   -7.5000    0.0000  -30.000014169.9990   14.8143
    0.0000    0.0000  -30.000014773.6016   14.8204
    7.5000    0.0000  -30.000014181.8506   14.8349
   -7.5000    7.5000  -30.000013553.7266   14.8295
    0.0000    7.5000  -30.000014081.4961   14.8344
    7.5000    7.5000  -30.000013537.2080   14.8497
   -7.5000   15.0000  -30.000012719.9707   14.8259
    0.0000   15.0000  -30.000013186.6973   14.8326
    7.5000   15.0000  -30.000012699.0176   14.8497
   -7.5000   22.5000  -30.000011735.7217   14.8023
    0.0000   22.5000  -30.000012160.2881   14.8118
    7.5000   22.5000  -30.000011727.5547   14.8294
   -7.5000   30.0000  -30.000010769.0244   14.5949
    0.0000   30.0000  -30.000011167.0820   14.6058
    7.5000   30.0000  -30.000010737.4316   14.6214
   -7.5000   37.5000  -30.000010098.1514   14.6074
    0.0000   37.5000  -30.000010477.8770   14.6167
    7.5000   37.5000  -30.000010048.4199   14.6310
   -7.5000   45.0000  -30.0000 8968.3330   14.3137
    0.0000   45.0000  -30.0000 9337.5703   14.3198
    7.5000   45.0000  -30.0000 8913.1523   14.3340
   -7.5000  -45.0000  -22.500011245.9648   15.3171
    0.0000  -45.0000  -22.500011781.3350   15.3193
    7.5000  -45.0000  -22.500011252.3789   15.3308
   -7.5000  -37.5000  -22.500011780.2832   15.3350
    0.0000  -37.5000  -22.500012326.7842   15.3368
    7.5000  -37.5000  -22.500011761.0088   15.3486
   -7.5000  -30.0000  -22.500012631.4590   15.3351
    0.0000  -30.0000  -22.500013240.4170   15.3370
    7.5000  -30.0000  -22.500012605.5938   15.3500
   -7.5000  -22.5000  -22.500013370.0576   15.3133
    0.0000  -22.5000  -22.500014046.6875   15.3156
    7.5000  -22.5000  -22.500013387.2607   15.3281
   -7.5000  -15.0000  -22.500014052.3428   15.2927
    0.0000  -15.0000  -22.500014760.5869   15.2955
    7.5000  -15.0000  -22.500014098.3760   15.3065
   -7.5000   -7.5000  -22.500014608.5195   15.2939
    0.0000   -7.5000  -22.500015333.7666   15.2968
    7.5000   -7.5000  -22.500014686.9453   15.3077
   -7.5000    0.0000  -22.500015016.5889   15.3144
    0.0000    0.0000  -22.500015745.6279   15.3166
    7.5000    0.0000  -22.500015107.5391   15.3281
   -7.5000    7.5000  -22.500014328.5566   15.3350
    0.0000    7.5000  -22.500014935.6553   15.3368
    7.5000    7.5000  -22.500014370.3262   15.3486
   -7.5000   15.0000  -22.500013453.6885   15.3351
    0.0000   15.0000  -22.500013970.8604   15.3370
    7.5000   15.0000  -22.500013469.5840   15.3500
   -7.5000   22.5000  -22.500012414.3008   15.3086
    0.0000   22.5000  -22.500012882.1826   15.3108
    7.5000   22.5000  -22.500012425.4482   15.3234
   -7.5000   30.0000  -22.500011393.0205   15.0927
    0.0000   30.0000  -22.500011829.1416   15.0954
    7.5000   30.0000  -22.500011407.4033   15.1063
   -7.5000   37.5000  -22.500010674.6924   15.1017
    0.0000   37.5000  -22.500011102.3418   15.1046
    7.5000   37.5000  -22.500010658.0449   15.1155
   -7.5000   45.0000  -22.5000 9448.2285   14.8082
    0.0000   45.0000  -22.5000 9843.2051   14.8107
    7.5000   45.0000  -22.5000 9418.3906   14.8219
   -7.5000  -45.0000  -15.000011897.1504   15.6769
    0.0000  -45.0000  -15.000012498.1768   15.6764
    7.5000  -45.0000  -15.000011911.9824   15.6820
   -7.5000  -37.5000  -15.000012452.3887   15.6989
    0.0000  -37.5000  -15.000013087.8945   15.6993
    7.5000  -37.5000  -15.000012448.7705   15.7062
   -7.5000  -30.0000  -15.000013366.9678   15.7048
    0.0000  -30.0000  -15.000014107.3086   15.7051
    7.5000  -30.0000  -15.000013371.1611   15.7127
   -7.5000  -22.5000  -15.000014149.6865   15.6850
    0.0000  -22.5000  -15.000014976.4355   15.6834
    7.5000  -22.5000  -15.000014201.0107   15.6890
   -7.5000  -15.0000  -15.000014825.9551   15.6611
    0.0000  -15.0000  -15.000015677.7998   15.6584
    7.5000  -15.0000  -15.000014928.4209   15.6617
   -7.5000   -7.5000  -15.000015384.1064   15.6562
    0.0000   -7.5000  -15.000016258.9453   15.6543
    7.5000   -7.5000  -15.000015544.2959   15.6584
   -7.5000    0.0000  -15.000015815.7637   15.6742
    0.0000    0.0000  -15.000016668.3965   15.6736
    7.5000    0.0000  -15.000015985.5801   15.6793
   -7.5000    7.5000  -15.000015049.3438   15.6989
    0.0000    7.5000  -15.000015809.9912   15.6993
    7.5000    7.5000  -15.000015187.2227   15.7062
   -7.5000   15.0000  -15.000014139.0801   15.7048
    0.0000   15.0000  -15.000014784.1523   15.7051
    7.5000   15.0000  -15.000014225.4443   15.7127
   -7.5000   22.5000  -15.000013092.3623   15.6795
    0.0000   22.5000  -15.000013671.5938   15.6779
    7.5000   22.5000  -15.000013143.3604   15.6835
   -7.5000   30.0000  -15.000012024.9824   15.4584
    0.0000   30.0000  -15.000012547.2373   15.4558
    7.5000   30.0000  -15.000012058.7549   15.4590
   -7.5000   37.5000  -15.000011271.3545   15.4615
    0.0000   37.5000  -15.000011771.5898   15.4597
    7.5000   37.5000  -15.000011273.5566   15.4638
   -7.5000   45.0000  -15.0000 9955.3066   15.1655
    0.0000   45.0000  -15.000010393.3701   15.1653
    7.5000   45.0000  -15.0000 9926.0742   15.1708
   -7.5000  -45.0000   -7.500012535.6328   15.8585
    0.0000  -45.0000   -7.500013208.7500   15.8597
    7.5000  -45.0000   -7.500012541.9795   15.8641
   -7.5000  -37.5000   -7.500013099.2959   15.8778
    0.0000  -37.5000   -7.500013842.3398   15.8804
    7.5000  -37.5000   -7.500013099.2070   15.8872
   -7.5000  -30.0000   -7.500014103.2188   15.8854
    0.0000  -30.0000   -7.500014999.2471   15.8891
    7.5000  -30.0000   -7.500014112.0967   15.8968
   -7.5000  -22.5000   -7.500014982.8125   15.8700
    0.0000  -22.5000   -7.500016002.2207   15.8726
    7.5000  -22.5000   -7.500015060.7344   15.8774
   -7.5000  -15.0000   -7.500015653.7197   15.8494
    0.0000  -15.0000   -7.500016685.8223   15.8509
    7.5000  -15.0000   -7.500015822.9648   15.8521
   -7.5000   -7.5000   -7.500016208.9902   15.8427
    0.0000   -7.5000   -7.500017247.4668   15.8439
    7.5000   -7.5000   -7.500016440.3770   15.8455
   -7.5000    0.0000   -7.500016645.2324   15.8557
    0.0000    0.0000   -7.500017676.3438   15.8569
    7.5000    0.0000   -7.500016872.3594   15.8613
   -7.5000    7.5000   -7.500015868.6855   15.8778
    0.0000    7.5000   -7.500016784.8770   15.8804
    7.5000    7.5000   -7.500016030.5029   15.8872
   -7.5000   15.0000   -7.500014935.9688   15.8854
    0.0000   15.0000   -7.500015720.2783   15.8891
    7.5000   15.0000   -7.500015005.0859   15.8968
   -7.5000   22.5000   -7.500013884.3320   15.8627
    0.0000   22.5000   -7.500014552.4648   15.8653
    7.5000   22.5000   -7.500013891.5107   15.8701
   -7.5000   30.0000   -7.500012734.6982   15.6439
    0.0000   30.0000   -7.500013305.8135   15.6454
    7.5000   30.0000   -7.500012703.7383   15.6465
   -7.5000   37.5000   -7.500011904.0449   15.6453
    0.0000   37.5000   -7.500012438.3662   15.6466
    7.5000   37.5000   -7.500011868.3818   15.6482
   -7.5000   45.0000   -7.500010488.2627   15.3440
    0.0000   45.0000   -7.500010941.5342   15.3455
    7.5000   45.0000   -7.500010423.3994   15.3497
   -7.5000  -45.0000    0.000013048.0596   15.8923
    0.0000  -45.0000    0.000013770.0469   15.8972
    7.5000  -45.0000    0.000013085.9141   15.9045
   -7.5000  -37.5000    0.000013622.2041   15.9060
    0.0000  -37.5000    0.000014419.4434   15.9114
    7.5000  -37.5000    0.000013642.2070   15.9216
   -7.5000  -30.0000    0.000014737.7559   15.9107
    0.0000  -30.0000    0.000015814.3223   15.9187
    7.5000  -30.0000    0.000014784.7656   15.9307
   -7.5000  -22.5000    0.000015771.0322   15.8981
    0.0000  -22.5000    0.000017100.6230   15.9078
    7.5000  -22.5000    0.000015910.9658   15.9176
   -7.5000  -15.0000    0.000016529.0312   15.8832
    0.0000  -15.0000    0.000017820.1387   15.8930
    7.5000  -15.0000    0.000016694.5293   15.8987
   -7.5000   -7.5000    0.000017169.4395   15.8794
    0.0000   -7.5000    0.000018353.7207   15.8870
    7.5000   -7.5000    0.000017280.0547   15.8917
   -7.5000    0.0000    0.000017616.7617   15.8895
    0.0000    0.0000    0.000018726.6797   15.8944
    7.5000    0.0000    0.000017675.1387   15.9017
   -7.5000    7.5000    0.000016752.6777   15.9060
    0.0000    7.5000    0.000017700.5938   15.9114
    7.5000    7.5000    0.000016734.1582   15.9216
   -7.5000   15.0000    0.000015707.9404   15.9107
    0.0000   15.0000    0.000016539.4004   15.9187
    7.5000   15.0000    0.000015641.7891   15.9307
   -7.5000   22.5000    0.000014530.7207   15.8908
    0.0000   22.5000    0.000015259.1152   15.9005
    7.5000   22.5000    0.000014480.2812   15.9103
   -7.5000   30.0000    0.000013278.5195   15.6777
    0.0000   30.0000    0.000013908.2900   15.6873
    7.5000   30.0000    0.000013204.1465   15.6929
   -7.5000   37.5000    0.000012377.0146   15.6819
    0.0000   37.5000    0.000012953.7432   15.6895
    7.5000   37.5000    0.000012315.8096   15.6942
   -7.5000   45.0000    0.000010865.3906   15.3777
    0.0000   45.0000    0.000011391.7529   15.3826
    7.5000   45.0000    0.000010830.0244   15.3897
   -7.5000  -45.0000    7.500012594.4092   15.9176
    0.0000  -45.0000    7.500013273.8779   15.9249
    7.5000  -45.0000    7.500012643.3525   15.9371
   -7.5000  -37.5000    7.500013180.5469   15.9289
    0.0000  -37.5000    7.500013931.0479   15.9357
    7.5000  -37.5000    7.500013192.4951   15.9504
   -7.5000  -30.0000    7.500014331.5010   15.9283
    0.0000  -30.0000    7.500015360.9150   15.9383
    7.5000  -30.0000    7.500014355.9160   15.9553
   -7.5000  -22.5000    7.500015429.2803   15.9122
    0.0000  -22.5000    7.500016674.1406   15.9258
    7.5000  -22.5000    7.500015409.2344   15.9424
   -7.5000  -15.0000    7.500016249.9307   15.8987
    0.0000  -15.0000    7.500017434.3848   15.9134
    7.5000  -15.0000    7.500016123.4971   15.9267
   -7.5000   -7.5000    7.500016882.5957   15.9007
    0.0000   -7.5000    7.500018015.3555   15.9122
    7.5000   -7.5000    7.500016725.2988   15.9235
   -7.5000    0.0000    7.500017221.2695   15.9148
    0.0000    0.0000    7.500018358.8945   15.9220
    7.5000    0.0000    7.500017139.9238   15.9343
   -7.5000    7.5000    7.500016238.1895   15.9289
    0.0000    7.5000    7.500017214.5879   15.9357
    7.5000    7.5000    7.500016182.0938   15.9504
   -7.5000   15.0000    7.500015117.8457   15.9283
    0.0000   15.0000    7.500015986.1758   15.9383
    7.5000   15.0000    7.500015088.6143   15.9553
   -7.5000   22.5000    7.500013938.5508   15.9049
    0.0000   22.5000    7.500014701.9854   15.9184
    7.5000   22.5000    7.500013924.5830   15.9350
   -7.5000   30.0000    7.500012734.4219   15.6930
    0.0000   30.0000    7.500013406.9385   15.7074
    7.5000   30.0000    7.500012741.4385   15.7206
   -7.5000   37.5000    7.500011881.9180   15.7030
    0.0000   37.5000    7.500012476.4707   15.7145
    7.5000   37.5000    7.500011887.0771   15.7258
   -7.5000   45.0000    7.500010459.5859   15.4019
    0.0000   45.0000    7.500010997.1826   15.4091
    7.5000   45.0000    7.500010465.1270   15.4213
   -7.5000  -45.0000   15.000012073.7207   15.9520
    0.0000  -45.0000   15.000012691.8047   15.9590
    7.5000  -45.0000   15.000012054.2500   15.9750
   -7.5000  -37.5000   15.000012648.6875   15.9659
    0.0000  -37.5000   15.000013333.4180   15.9717
    7.5000  -37.5000   15.000012610.6631   15.9886
   -7.5000  -30.0000   15.000013695.9023   15.9626
    0.0000  -30.0000   15.000014546.2402   15.9701
    7.5000  -30.0000   15.000013677.8691   15.9888
   -7.5000  -22.5000   15.000014589.4600   15.9409
    0.0000  -22.5000   15.000015493.1670   15.9514
    7.5000  -22.5000   15.000014570.7988   15.9706
   -7.5000  -15.0000   15.000015292.8408   15.9241
    0.0000  -15.0000   15.000016176.3398   15.9362
    7.5000  -15.0000   15.000015249.5869   15.9535
   -7.5000   -7.5000   15.000015908.7393   15.9290
    0.0000   -7.5000   15.000016844.2617   15.9393
    7.5000   -7.5000   15.000015911.9902   15.9552
   -7.5000    0.0000   15.000016331.4785   15.9491
    0.0000    0.0000   15.000017334.9434   15.9561
    7.5000    0.0000   15.000016401.1738   15.9721
   -7.5000    7.5000   15.000015409.8379   15.9659
    0.0000    7.5000   15.000016302.3506   15.9717
    7.5000    7.5000   15.000015459.8486   15.9886
   -7.5000   15.0000   15.000014367.7695   15.9626
    0.0000   15.0000   15.000015171.3008   15.9701
    7.5000   15.0000   15.000014398.7168   15.9888
   -7.5000   22.5000   15.000013241.4111   15.9335
    0.0000   22.5000   15.000013969.4795   15.9440
    7.5000   22.5000   15.000013235.7910   15.9632
   -7.5000   30.0000   15.000012071.7441   15.7181
    0.0000   30.0000   15.000012740.0732   15.7300
    7.5000   30.0000   15.000012081.3896   15.7471
   -7.5000   37.5000   15.000011246.8379   15.7311
    0.0000   37.5000   15.000011832.0879   15.7414
    7.5000   37.5000   15.000011240.8096   15.7572
   -7.5000   45.0000   15.0000 9902.7285   15.4352
    0.0000   45.0000   15.000010414.9854   15.4422
    7.5000   45.0000   15.0000 9894.6143   15.4580
   -7.5000  -45.0000   22.500011299.9229   15.9944
    0.0000  -45.0000   22.500011815.6709   15.9976
    7.5000  -45.0000   22.500011280.5889   16.0105
   -7.5000  -37.5000   22.500011804.7988   16.0143
    0.0000  -37.5000   22.500012366.2754   16.0171
    7.5000  -37.5000   22.500011816.3486   16.0302
   -7.5000  -30.0000   22.500012756.4170   16.0154
    0.0000  -30.0000   22.500013409.4277   16.0182
    7.5000  -30.0000   22.500012768.9580   16.0322
   -7.5000  -22.5000   22.500013583.9756   15.9923
    0.0000  -22.5000   22.500014235.3926   15.9952
    7.5000  -22.5000   22.500013545.2041   16.0087
   -7.5000  -15.0000   22.500014255.2461   15.9697
    0.0000  -15.0000   22.500014901.1680   15.9730
    7.5000  -15.0000   22.500014220.9268   15.9850
   -7.5000   -7.5000   22.500014832.9971   15.9700
    0.0000   -7.5000   22.500015555.4463   15.9737
    7.5000   -7.5000   22.500014866.3643   15.9858
   -7.5000    0.0000   22.500015269.2715   15.9916
    0.0000    0.0000   22.500016041.0391   15.9948
    7.5000    0.0000   22.500015325.9219   16.0076
   -7.5000    7.5000   22.500014440.1074   16.0143
    0.0000    7.5000   22.500015130.6855   16.0171
    7.5000    7.5000   22.500014442.4678   16.0302
   -7.5000   15.0000   22.500013479.9258   16.0154
    0.0000   15.0000   22.500014140.8857   16.0182
    7.5000   15.0000   22.500013480.9512   16.0322
   -7.5000   22.5000   22.500012438.2197   15.9849
    0.0000   22.5000   22.500013063.2490   15.9878
    7.5000   22.5000   22.500012427.0967   16.0013
   -7.5000   30.0000   22.500011332.6104   15.7630
    0.0000   30.0000   22.500011896.4561   15.7663
    7.5000   30.0000   22.500011324.4395   15.7781
   -7.5000   37.5000   22.500010528.3848   15.7716
    0.0000   37.5000   22.500011028.5234   15.7753
    7.5000   37.5000   22.500010495.5117   15.7873
   -7.5000   45.0000   22.5000 9255.9922   15.4768
    0.0000   45.0000   22.5000 9713.0283   15.4803
    7.5000   45.0000   22.5000 9235.9199   15.4929
   -7.5000  -45.0000   30.000010444.3887   16.1847
    0.0000  -45.0000   30.000010867.2441   16.1852
    7.5000  -45.0000   30.000010441.7783   16.1915
   -7.5000  -37.5000   30.000010923.8301   16.2089
    0.0000  -37.5000   30.000011397.6387   16.2104
    7.5000  -37.5000   30.000010951.0840   16.2179
   -7.5000  -30.0000   30.000011812.1113   16.2158
    0.0000  -30.0000   30.000012334.1006   16.2170
    7.5000  -30.0000   30.000011805.3564   16.2249
   -7.5000  -22.5000   30.000012575.7607   16.1942
    0.0000  -22.5000   30.000013102.0449   16.1933
    7.5000  -22.5000   30.000012519.5205   16.1990
   -7.5000  -15.0000   30.000013220.7412   16.1679
    0.0000  -15.0000   30.000013763.5361   16.1658
    7.5000  -15.0000   30.000013157.0635   16.1693
   -7.5000   -7.5000   30.000013797.6504   16.1624
    0.0000   -7.5000   30.000014364.3770   16.1613
    7.5000   -7.5000   30.000013757.4785   16.1659
   -7.5000    0.0000   30.000014217.4795   16.1818
    0.0000    0.0000   30.000014840.8770   16.1823
    7.5000    0.0000   30.000014185.0752   16.1887
   -7.5000    7.5000   30.000013436.6885   16.2089
    0.0000    7.5000   30.000014020.8926   16.2104
    7.5000    7.5000   30.000013389.0742   16.2179
   -7.5000   15.0000   30.000012528.5918   16.2158
    0.0000   15.0000   30.000013091.0996   16.2170
    7.5000   15.0000   30.000012472.3232   16.2249
   -7.5000   22.5000   30.000011554.5645   16.1868
    0.0000   22.5000   30.000012114.4141   16.1858
    7.5000   22.5000   30.000011528.9385   16.1916
   -7.5000   30.0000   30.000010501.3906   15.9587
    0.0000   30.0000   30.000010994.4805   15.9566
    7.5000   30.0000   30.000010478.7695   15.9600
   -7.5000   37.5000   30.0000 9733.9668   15.9616
    0.0000   37.5000   30.000010169.8564   15.9606
    7.5000   37.5000   30.0000 9699.7422   15.9652
   -7.5000   45.0000   30.0000 8564.6924   15.6619
    0.0000   45.0000   30.0000 8947.0332   15.6628
    7.5000   45.0000   30.0000 8521.8955   15.6690
   -7.5000  -45.0000   37.5000 9997.3008   16.4958
    0.0000  -45.0000   37.500010392.4590   16.4993
    7.5000  -45.0000   37.500010003.9209   16.5051
   -7.5000  -37.5000   37.500010479.4512   16.5166
    0.0000  -37.5000   37.500010909.9639   16.5214
    7.5000  -37.5000   37.500010485.5479   16.5297
   -7.5000  -30.0000   37.500011312.3418   16.5249
    0.0000  -30.0000   37.500011777.8066   16.5307
    7.5000  -30.0000   37.500011283.0225   16.5399
   -7.5000  -22.5000   37.500012038.8525   16.5085
    0.0000  -22.5000   37.500012515.0420   16.5130
    7.5000  -22.5000   37.500011989.8213   16.5192
   -7.5000  -15.0000   37.500012658.2881   16.4865
    0.0000  -15.0000   37.500013144.9072   16.4897
    7.5000  -15.0000   37.500012589.0186   16.4921
   -7.5000   -7.5000   37.500013216.6865   16.4792
    0.0000   -7.5000   37.500013719.3027   16.4823
    7.5000   -7.5000   37.500013153.8594   16.4852
   -7.5000    0.0000   37.500013642.2471   16.4928
    0.0000    0.0000   37.500014186.5420   16.4962
    7.5000    0.0000   37.500013565.1875   16.5021
   -7.5000    7.5000   37.500012906.1436   16.5166
    0.0000    7.5000   37.500013436.8730   16.5214
    7.5000    7.5000   37.500012829.9336   16.5297
   -7.5000   15.0000   37.500012031.8594   16.5249
    0.0000   15.0000   37.500012546.6660   16.5307
    7.5000   15.0000   37.500011963.7607   16.5399
   -7.5000   22.5000   37.500011097.8096   16.5009
    0.0000   22.5000   37.500011595.5576   16.5054
    7.5000   22.5000   37.500011044.8613   16.5116
   -7.5000   30.0000   37.500010077.2627   16.2731
    0.0000   30.0000   37.500010517.8193   16.2763
    7.5000   30.0000   37.500010024.6104   16.2787
   -7.5000   37.5000   37.5000 9331.0459   16.2732
    0.0000   37.5000   37.5000 9740.3740   16.2763
    7.5000   37.5000   37.5000 9281.6250   16.2792
   -7.5000   45.0000   37.5000 8219.9492   15.9601
    0.0000   45.0000   37.5000 8577.4746   15.9638
    7.5000   45.0000   37.5000 8170.9238   15.9695
   -7.5000  -45.0000   45.0000 9138.1387   16.8804
    0.0000  -45.0000   45.0000 9520.2207   16.8880
    7.5000  -45.0000   45.0000 9175.9326   16.9002
   -7.5000  -37.5000   45.0000 9590.4072   16.8954
    0.0000  -37.5000   45.0000 9991.1328   16.9033
    7.5000  -37.5000   45.0000 9612.5420   16.9181
   -7.5000  -30.0000   45.000010356.7764   16.8996
    0.0000  -30.0000   45.000010787.1426   16.9107
    7.5000  -30.0000   45.000010330.2285   16.9268
   -7.5000  -22.5000   45.000011021.4385   16.8844
    0.0000  -22.5000   45.000011459.3877   16.8981
    7.5000  -22.5000   45.000010970.1924   16.9119
   -7.5000  -15.0000   45.000011583.3320   16.8679
    0.0000  -15.0000   45.000012036.5498   16.8819
    7.5000  -15.0000   45.000011538.1748   16.8919
   -7.5000   -7.5000   45.000012099.6650   16.8648
    0.0000   -7.5000   45.000012560.8438   16.8761
    7.5000   -7.5000   45.000012045.8379   16.8855
   -7.5000    0.0000   45.000012497.4199   16.8772
    0.0000    0.0000   45.000012990.0010   16.8848
    7.5000    0.0000   45.000012443.3154   16.8970
   -7.5000    7.5000   45.000011847.8359   16.8954
    0.0000    7.5000   45.000012355.6709   16.9033
    7.5000    7.5000   45.000011802.6357   16.9181
   -7.5000   15.0000   45.000011029.2432   16.8996
    0.0000   15.0000   45.000011518.7236   16.9107
    7.5000   15.0000   45.000010984.3799   16.9268
   -7.5000   22.5000   45.000010160.3760   16.8766
    0.0000   22.5000   45.000010627.6025   16.8902
    7.5000   22.5000   45.000010119.0986   16.9041
   -7.5000   30.0000   45.0000 9239.4414   16.6481
    0.0000   30.0000   45.0000 9662.9844   16.6619
    7.5000   30.0000   45.0000 9197.9209   16.6718
   -7.5000   37.5000   45.0000 8565.8135   16.6497
    0.0000   37.5000   45.0000 8947.0352   16.6608
    7.5000   37.5000   45.0000 8505.1436   16.6701
   -7.5000   45.0000   45.0000 7562.4009   16.3334
    0.0000   45.0000   45.0000 7873.4077   16.3410
    7.5000   45.0000   45.0000 7494.8540   16.3528

---------------------------------------------------------------------
imgreg_4dfp /opt/freesurfer/average/711-2C_as_mni_average_305 /opt/freesurfer/average/711-2B_as_mni_average_305_mask talsrcimg_g11 none talsrcimg_to_711-2C_as_mni_average_305_t4 4355
---------------------------------------------------------------------

freesurfer imgreg_4dfp.c
/opt/freesurfer/average/711-2C_as_mni_average_305.4dfp.img
       256       256       256         1
  1.000000  1.000000  1.000000
orientation T byte_order littleendian
Reading image: /opt/freesurfer/average/711-2C_as_mni_average_305.4dfp.img
dimensions:      256       256       256
mmppix:       1.0000   -1.0000   -1.0000
center:     128.0000 -129.0000 -129.0000
/opt/freesurfer/average/711-2B_as_mni_average_305_mask.4dfp.img
       256       256       256         1
  1.000000  1.000000  1.000000
orientation T byte_order littleendian
Reading mask: /opt/freesurfer/average/711-2B_as_mni_average_305_mask.4dfp.img (2306576 pixels)
talsrcimg_g11.4dfp.img
       256       256       256         1
  1.000000  1.000000  1.000000
orientation T byte_order littleendian
Reading image: talsrcimg_g11.4dfp.img
dimensions:      256       256       256
mmppix:       1.0000   -1.0000   -1.0000
center:     128.0000 -129.0000 -129.0000
rotation matrix determinant  1.000000
image alignment mode   4355 decimal     1103 hex
   -7.5000  -45.0000  -45.0000 2328.7395   14.3078
    0.0000  -45.0000  -45.0000 2333.1904   14.2832
    7.5000  -45.0000  -45.0000 2312.4446   14.4871
   -7.5000  -37.5000  -45.0000 2390.4697   13.4692
    0.0000  -37.5000  -45.0000 2396.6692   13.4315
    7.5000  -37.5000  -45.0000 2368.4224   13.6503
   -7.5000  -30.0000  -45.0000 2432.7097   12.8959
    0.0000  -30.0000  -45.0000 2438.7295   12.8415
    7.5000  -30.0000  -45.0000 2407.9590   13.0577
   -7.5000  -22.5000  -45.0000 2451.1089   12.5698
    0.0000  -22.5000  -45.0000 2457.7102   12.5267
    7.5000  -22.5000  -45.0000 2433.3545   12.7351
   -7.5000  -15.0000  -45.0000 2452.3438   12.5327
    0.0000  -15.0000  -45.0000 2459.8523   12.4579
    7.5000  -15.0000  -45.0000 2435.2937   12.6744
   -7.5000   -7.5000  -45.0000 2425.3118   12.7668
    0.0000   -7.5000  -45.0000 2437.7576   12.6605
    7.5000   -7.5000  -45.0000 2413.1599   12.8696
   -7.5000    0.0000  -45.0000 2377.4609   13.2508
    0.0000    0.0000  -45.0000 2393.8889   13.1356
    7.5000    0.0000  -45.0000 2367.9548   13.3431
   -7.5000    7.5000  -45.0000 2309.6995   13.9687
    0.0000    7.5000  -45.0000 2324.0703   13.8629
    7.5000    7.5000  -45.0000 2298.2097   14.0603
   -7.5000   15.0000  -45.0000 2225.6228   15.0013
    0.0000   15.0000  -45.0000 2234.8853   14.9045
    7.5000   15.0000  -45.0000 2213.2053   15.0712
   -7.5000   22.5000  -45.0000 2122.8840   16.4725
    0.0000   22.5000  -45.0000 2132.6443   16.3956
    7.5000   22.5000  -45.0000 2110.9978   16.5685
   -7.5000   30.0000  -45.0000 2005.1896   18.5436
    0.0000   30.0000  -45.0000 2020.0017   18.4859
    7.5000   30.0000  -45.0000 1995.9468   18.6418
   -7.5000   37.5000  -45.0000 1882.4425   21.2784
    0.0000   37.5000  -45.0000 1894.0599   21.1892
    7.5000   37.5000  -45.0000 1881.6709   21.3501
   -7.5000   45.0000  -45.0000 1748.8728   25.0623
    0.0000   45.0000  -45.0000 1756.9702   24.9250
    7.5000   45.0000  -45.0000 1746.8685   25.1762
   -7.5000  -45.0000  -37.5000 2409.6006   13.4098
    0.0000  -45.0000  -37.5000 2415.4951   13.3549
    7.5000  -45.0000  -37.5000 2388.7627   13.5590
   -7.5000  -37.5000  -37.5000 2468.6567   12.6151
    0.0000  -37.5000  -37.5000 2477.7415   12.5517
    7.5000  -37.5000  -37.5000 2453.3311   12.7658
   -7.5000  -30.0000  -37.5000 2517.8906   12.0543
    0.0000  -30.0000  -37.5000 2527.9280   11.9951
    7.5000  -30.0000  -37.5000 2498.9172   12.2139
   -7.5000  -22.5000  -37.5000 2541.0618   11.7618
    0.0000  -22.5000  -37.5000 2548.4050   11.6890
    7.5000  -22.5000  -37.5000 2524.0566   11.9050
   -7.5000  -15.0000  -37.5000 2546.9587   11.6991
    0.0000  -15.0000  -37.5000 2554.6731   11.6172
    7.5000  -15.0000  -37.5000 2526.9302   11.8328
   -7.5000   -7.5000  -37.5000 2523.9224   11.9032
    0.0000   -7.5000  -37.5000 2531.6145   11.8056
    7.5000   -7.5000  -37.5000 2505.3745   11.9977
   -7.5000    0.0000  -37.5000 2470.4668   12.3178
    0.0000    0.0000  -37.5000 2486.7766   12.2189
    7.5000    0.0000  -37.5000 2456.1899   12.4116
   -7.5000    7.5000  -37.5000 2398.4897   12.9667
    0.0000    7.5000  -37.5000 2413.6821   12.8607
    7.5000    7.5000  -37.5000 2385.1997   13.0568
   -7.5000   15.0000  -37.5000 2307.3875   13.9005
    0.0000   15.0000  -37.5000 2319.3765   13.8041
    7.5000   15.0000  -37.5000 2293.3674   13.9830
   -7.5000   22.5000  -37.5000 2201.4775   15.2549
    0.0000   22.5000  -37.5000 2215.1345   15.1556
    7.5000   22.5000  -37.5000 2189.1387   15.3295
   -7.5000   30.0000  -37.5000 2078.5693   17.1507
    0.0000   30.0000  -37.5000 2095.6775   17.0683
    7.5000   30.0000  -37.5000 2071.0920   17.2568
   -7.5000   37.5000  -37.5000 1946.3035   19.6701
    0.0000   37.5000  -37.5000 1960.1073   19.6151
    7.5000   37.5000  -37.5000 1940.2806   19.8010
   -7.5000   45.0000  -37.5000 1804.7333   23.0660
    0.0000   45.0000  -37.5000 1819.2279   22.9481
    7.5000   45.0000  -37.5000 1800.2117   23.1673
   -7.5000  -45.0000  -30.0000 2521.8503   13.0208
    0.0000  -45.0000  -30.0000 2528.1113   12.9591
    7.5000  -45.0000  -30.0000 2503.4492   13.1317
   -7.5000  -37.5000  -30.0000 2591.9504   12.2320
    0.0000  -37.5000  -30.0000 2602.6111   12.1776
    7.5000  -37.5000  -30.0000 2579.3843   12.3437
   -7.5000  -30.0000  -30.0000 2647.1584   11.6908
    0.0000  -30.0000  -30.0000 2656.7817   11.6245
    7.5000  -30.0000  -30.0000 2632.8906   11.8004
   -7.5000  -22.5000  -30.0000 2676.4829   11.3804
    0.0000  -22.5000  -30.0000 2687.9531   11.2979
    7.5000  -22.5000  -30.0000 2663.6108   11.4933
   -7.5000  -15.0000  -30.0000 2684.3872   11.2955
    0.0000  -15.0000  -30.0000 2697.0520   11.2257
    7.5000  -15.0000  -30.0000 2669.7578   11.4137
   -7.5000   -7.5000  -30.0000 2666.1445   11.4660
    0.0000   -7.5000  -30.0000 2677.9001   11.3835
    7.5000   -7.5000  -30.0000 2649.3599   11.5656
   -7.5000    0.0000  -30.0000 2611.1299   11.8702
    0.0000    0.0000  -30.0000 2629.5176   11.7723
    7.5000    0.0000  -30.0000 2598.6721   11.9572
   -7.5000    7.5000  -30.0000 2534.7695   12.4700
    0.0000    7.5000  -30.0000 2552.0793   12.3656
    7.5000    7.5000  -30.0000 2523.2915   12.5649
   -7.5000   15.0000  -30.0000 2432.0771   13.3539
    0.0000   15.0000  -30.0000 2445.4573   13.2298
    7.5000   15.0000  -30.0000 2424.6252   13.4397
   -7.5000   22.5000  -30.0000 2317.3960   14.6380
    0.0000   22.5000  -30.0000 2330.6567   14.4970
    7.5000   22.5000  -30.0000 2310.1331   14.7211
   -7.5000   30.0000  -30.0000 2188.5127   16.4226
    0.0000   30.0000  -30.0000 2206.8025   16.2997
    7.5000   30.0000  -30.0000 2184.8582   16.5000
   -7.5000   37.5000  -30.0000 2047.1611   18.8565
    0.0000   37.5000  -30.0000 2067.0613   18.7589
    7.5000   37.5000  -30.0000 2048.0393   18.9179
   -7.5000   45.0000  -30.0000 1895.7793   22.0758
    0.0000   45.0000  -30.0000 1911.8599   21.9537
    7.5000   45.0000  -30.0000 1895.0399   22.1242
   -7.5000  -45.0000  -22.5000 2598.0938   12.5513
    0.0000  -45.0000  -22.5000 2604.8433   12.5201
    7.5000  -45.0000  -22.5000 2586.6790   12.6632
   -7.5000  -37.5000  -22.5000 2687.9626   11.7726
    0.0000  -37.5000  -22.5000 2694.1729   11.7062
    7.5000  -37.5000  -22.5000 2673.8267   11.8517
   -7.5000  -30.0000  -22.5000 2746.0347   11.2505
    0.0000  -30.0000  -22.5000 2757.4270   11.1848
    7.5000  -30.0000  -22.5000 2729.9241   11.3345
   -7.5000  -22.5000  -22.5000 2782.9033   10.9183
    0.0000  -22.5000  -22.5000 2799.7747   10.8466
    7.5000  -22.5000  -22.5000 2769.3093   11.0174
   -7.5000  -15.0000  -22.5000 2798.0276   10.8119
    0.0000  -15.0000  -22.5000 2814.3918   10.7573
    7.5000  -15.0000  -22.5000 2782.7610   10.9410
   -7.5000   -7.5000  -22.5000 2777.5198   10.9837
    0.0000   -7.5000  -22.5000 2795.3809   10.9026
    7.5000   -7.5000  -22.5000 2768.2432   11.0928
   -7.5000    0.0000  -22.5000 2724.2341   11.3747
    0.0000    0.0000  -22.5000 2745.7534   11.2691
    7.5000    0.0000  -22.5000 2718.2700   11.4499
   -7.5000    7.5000  -22.5000 2640.9919   11.9608
    0.0000    7.5000  -22.5000 2659.6533   11.8430
    7.5000    7.5000  -22.5000 2634.9470   12.0346
   -7.5000   15.0000  -22.5000 2532.3545   12.8039
    0.0000   15.0000  -22.5000 2545.9023   12.6730
    7.5000   15.0000  -22.5000 2528.3047   12.8759
   -7.5000   22.5000  -22.5000 2406.4753   14.0205
    0.0000   22.5000  -22.5000 2418.1414   13.8791
    7.5000   22.5000  -22.5000 2401.8960   14.0959
   -7.5000   30.0000  -22.5000 2269.6140   15.6949
    0.0000   30.0000  -22.5000 2288.0266   15.5697
    7.5000   30.0000  -22.5000 2273.3813   15.7880
   -7.5000   37.5000  -22.5000 2121.8789   18.0506
    0.0000   37.5000  -22.5000 2143.8083   17.9319
    7.5000   37.5000  -22.5000 2122.2173   18.0752
   -7.5000   45.0000  -22.5000 1963.3136   21.0625
    0.0000   45.0000  -22.5000 1976.3741   20.9114
    7.5000   45.0000  -22.5000 1963.3228   21.0978
   -7.5000  -45.0000  -15.0000 2643.4485   12.1098
    0.0000  -45.0000  -15.0000 2648.0745   12.1104
    7.5000  -45.0000  -15.0000 2628.0051   12.2324
   -7.5000  -37.5000  -15.0000 2741.5688   11.3252
    0.0000  -37.5000  -15.0000 2750.7302   11.3065
    7.5000  -37.5000  -15.0000 2728.0667   11.4296
   -7.5000  -30.0000  -15.0000 2808.2019   10.8199
    0.0000  -30.0000  -15.0000 2824.8931   10.7849
    7.5000  -30.0000  -15.0000 2795.6699   10.9217
   -7.5000  -22.5000  -15.0000 2853.4338   10.4935
    0.0000  -22.5000  -15.0000 2877.0549   10.4491
    7.5000  -22.5000  -15.0000 2843.5046   10.6107
   -7.5000  -15.0000  -15.0000 2871.3706   10.3832
    0.0000  -15.0000  -15.0000 2898.2051   10.3130
    7.5000  -15.0000  -15.0000 2861.3276   10.5114
   -7.5000   -7.5000  -15.0000 2851.1365   10.5386
    0.0000   -7.5000  -15.0000 2877.5325   10.4606
    7.5000   -7.5000  -15.0000 2848.8582   10.6603
   -7.5000    0.0000  -15.0000 2795.8337   10.9101
    0.0000    0.0000  -15.0000 2818.5706   10.8081
    7.5000    0.0000  -15.0000 2794.8020   11.0042
   -7.5000    7.5000  -15.0000 2705.6394   11.5023
    0.0000    7.5000  -15.0000 2730.6934   11.3859
    7.5000    7.5000  -15.0000 2708.6794   11.5846
   -7.5000   15.0000  -15.0000 2592.1638   12.3338
    0.0000   15.0000  -15.0000 2610.1355   12.2202
    7.5000   15.0000  -15.0000 2589.4028   12.4345
   -7.5000   22.5000  -15.0000 2461.7905   13.5328
    0.0000   22.5000  -15.0000 2480.5532   13.4044
    7.5000   22.5000  -15.0000 2461.6787   13.6297
   -7.5000   30.0000  -15.0000 2323.8723   15.1461
    0.0000   30.0000  -15.0000 2342.9116   15.0229
    7.5000   30.0000  -15.0000 2326.9790   15.2572
   -7.5000   37.5000  -15.0000 2170.9019   17.3483
    0.0000   37.5000  -15.0000 2193.6001   17.2491
    7.5000   37.5000  -15.0000 2171.0796   17.4276
   -7.5000   45.0000  -15.0000 2004.4332   20.1574
    0.0000   45.0000  -15.0000 2017.5189   20.0736
    7.5000   45.0000  -15.0000 2002.8052   20.2225
   -7.5000  -45.0000   -7.5000 2656.5291   11.8046
    0.0000  -45.0000   -7.5000 2669.7534   11.7909
    7.5000  -45.0000   -7.5000 2644.2810   11.8986
   -7.5000  -37.5000   -7.5000 2766.2412   11.0098
    0.0000  -37.5000   -7.5000 2778.7419   11.0027
    7.5000  -37.5000   -7.5000 2752.9270   11.1004
   -7.5000  -30.0000   -7.5000 2844.3425   10.4927
    0.0000  -30.0000   -7.5000 2865.6653   10.5069
    7.5000  -30.0000   -7.5000 2834.4043   10.5847
   -7.5000  -22.5000   -7.5000 2901.0957   10.1805
    0.0000  -22.5000   -7.5000 2928.1406   10.1921
    7.5000  -22.5000   -7.5000 2895.5085   10.2867
   -7.5000  -15.0000   -7.5000 2921.9275   10.0393
    0.0000  -15.0000   -7.5000 2956.0027   10.0179
    7.5000  -15.0000   -7.5000 2917.9438   10.1907
   -7.5000   -7.5000   -7.5000 2897.4685   10.1798
    0.0000   -7.5000   -7.5000 2932.4866   10.1237
    7.5000   -7.5000   -7.5000 2898.0459   10.3251
   -7.5000    0.0000   -7.5000 2838.6348   10.5353
    0.0000    0.0000   -7.5000 2866.5352   10.4833
    7.5000    0.0000   -7.5000 2838.6101   10.6633
   -7.5000    7.5000   -7.5000 2750.7056   11.1324
    0.0000    7.5000   -7.5000 2777.8127   11.0435
    7.5000    7.5000   -7.5000 2753.1235   11.2198
   -7.5000   15.0000   -7.5000 2631.1792   11.9912
    0.0000   15.0000   -7.5000 2654.5522   11.8741
    7.5000   15.0000   -7.5000 2629.9463   12.0462
   -7.5000   22.5000   -7.5000 2500.1960   13.2041
    0.0000   22.5000   -7.5000 2518.3765   13.0640
    7.5000   22.5000   -7.5000 2498.7427   13.2674
   -7.5000   30.0000   -7.5000 2358.4553   14.8261
    0.0000   30.0000   -7.5000 2371.7764   14.6528
    7.5000   30.0000   -7.5000 2356.3098   14.8607
   -7.5000   37.5000   -7.5000 2196.1963   16.8919
    0.0000   37.5000   -7.5000 2213.4441   16.7201
    7.5000   37.5000   -7.5000 2197.7468   16.9217
   -7.5000   45.0000   -7.5000 2022.6534   19.5113
    0.0000   45.0000   -7.5000 2034.7405   19.3383
    7.5000   45.0000   -7.5000 2022.9570   19.5565
   -7.5000  -45.0000    0.0000 2655.0957   11.6492
    0.0000  -45.0000    0.0000 2666.8630   11.6524
    7.5000  -45.0000    0.0000 2645.9956   11.7466
   -7.5000  -37.5000    0.0000 2773.3679   10.8401
    0.0000  -37.5000    0.0000 2787.3997   10.8608
    7.5000  -37.5000    0.0000 2766.9956   10.9244
   -7.5000  -30.0000    0.0000 2863.7527   10.3430
    0.0000  -30.0000    0.0000 2888.8054   10.4071
    7.5000  -30.0000    0.0000 2861.5300   10.4360
   -7.5000  -22.5000    0.0000 2928.0249   10.0658
    0.0000  -22.5000    0.0000 2967.1152   10.1602
    7.5000  -22.5000    0.0000 2934.3918   10.1631
   -7.5000  -15.0000    0.0000 2945.7268    9.9482
    0.0000  -15.0000    0.0000 2989.1721   10.0158
    7.5000  -15.0000    0.0000 2953.0200   10.0629
   -7.5000   -7.5000    0.0000 2926.6028   10.0710
    0.0000   -7.5000    0.0000 2964.8174   10.0756
    7.5000   -7.5000    0.0000 2927.8240   10.1643
   -7.5000    0.0000    0.0000 2860.5605   10.4147
    0.0000    0.0000    0.0000 2895.5215   10.3493
    7.5000    0.0000    0.0000 2866.3589   10.4545
   -7.5000    7.5000    0.0000 2770.9949   10.9911
    0.0000    7.5000    0.0000 2796.1609   10.8642
    7.5000    7.5000    0.0000 2770.3792   10.9941
   -7.5000   15.0000    0.0000 2647.2134   11.8330
    0.0000   15.0000    0.0000 2671.0076   11.6869
    7.5000   15.0000    0.0000 2644.2749   11.8271
   -7.5000   22.5000    0.0000 2510.1184   13.0182
    0.0000   22.5000    0.0000 2531.2168   12.8689
    7.5000   22.5000    0.0000 2512.4675   13.0297
   -7.5000   30.0000    0.0000 2367.8477   14.5849
    0.0000   30.0000    0.0000 2383.9585   14.4440
    7.5000   30.0000    0.0000 2363.6995   14.6013
   -7.5000   37.5000    0.0000 2206.8027   16.5932
    0.0000   37.5000    0.0000 2224.6685   16.4687
    7.5000   37.5000    0.0000 2207.1763   16.6142
   -7.5000   45.0000    0.0000 2029.7363   19.1898
    0.0000   45.0000    0.0000 2045.0472   19.0709
    7.5000   45.0000    0.0000 2033.8269   19.1854
   -7.5000  -45.0000    7.5000 2636.6067   11.6871
    0.0000  -45.0000    7.5000 2649.5225   11.6647
    7.5000  -45.0000    7.5000 2637.2043   11.7788
   -7.5000  -37.5000    7.5000 2762.1333   10.8842
    0.0000  -37.5000    7.5000 2779.4062   10.8765
    7.5000  -37.5000    7.5000 2761.9768   10.9571
   -7.5000  -30.0000    7.5000 2864.7937   10.4038
    0.0000  -30.0000    7.5000 2891.7087   10.4443
    7.5000  -30.0000    7.5000 2869.0867   10.4466
   -7.5000  -22.5000    7.5000 2937.6599   10.1521
    0.0000  -22.5000    7.5000 2982.5496   10.2291
    7.5000  -22.5000    7.5000 2946.6753   10.1657
   -7.5000  -15.0000    7.5000 2955.7336   10.0396
    0.0000  -15.0000    7.5000 3003.5510   10.0719
    7.5000  -15.0000    7.5000 2962.1472   10.0427
   -7.5000   -7.5000    7.5000 2928.9863   10.1674
    0.0000   -7.5000    7.5000 2969.8064   10.1220
    7.5000   -7.5000    7.5000 2935.5688   10.1484
   -7.5000    0.0000    7.5000 2855.7107   10.4794
    0.0000    0.0000    7.5000 2895.4077   10.4126
    7.5000    0.0000    7.5000 2868.0298   10.4771
   -7.5000    7.5000    7.5000 2765.1733   11.0014
    0.0000    7.5000    7.5000 2789.9929   10.9030
    7.5000    7.5000    7.5000 2771.1973   11.0224
   -7.5000   15.0000    7.5000 2641.8628   11.7961
    0.0000   15.0000    7.5000 2666.3606   11.6676
    7.5000   15.0000    7.5000 2650.5513   11.8073
   -7.5000   22.5000    7.5000 2504.8164   12.9376
    0.0000   22.5000    7.5000 2527.2827   12.7927
    7.5000   22.5000    7.5000 2512.8972   12.9759
   -7.5000   30.0000    7.5000 2359.1113   14.4993
    0.0000   30.0000    7.5000 2376.5005   14.3458
    7.5000   30.0000    7.5000 2363.7134   14.5482
   -7.5000   37.5000    7.5000 2197.1042   16.5275
    0.0000   37.5000    7.5000 2215.3484   16.3866
    7.5000   37.5000    7.5000 2203.2244   16.5835
   -7.5000   45.0000    7.5000 2024.9626   19.0782
    0.0000   45.0000    7.5000 2040.4618   19.0121
    7.5000   45.0000    7.5000 2031.5980   19.1688
   -7.5000  -45.0000   15.0000 2602.1536   12.0386
    0.0000  -45.0000   15.0000 2615.8589   11.9687
    7.5000  -45.0000   15.0000 2607.7937   12.0435
   -7.5000  -37.5000   15.0000 2733.8118   11.2013
    0.0000  -37.5000   15.0000 2751.4846   11.1450
    7.5000  -37.5000   15.0000 2738.3384   11.1857
   -7.5000  -30.0000   15.0000 2842.7410   10.6396
    0.0000  -30.0000   15.0000 2870.4380   10.6395
    7.5000  -30.0000   15.0000 2849.4077   10.6484
   -7.5000  -22.5000   15.0000 2913.0576   10.2963
    0.0000  -22.5000   15.0000 2958.7190   10.2797
    7.5000  -22.5000   15.0000 2928.9526   10.3127
   -7.5000  -15.0000   15.0000 2935.2012   10.1462
    0.0000  -15.0000   15.0000 2984.1384   10.0603
    7.5000  -15.0000   15.0000 2948.3171   10.1428
   -7.5000   -7.5000   15.0000 2908.2502   10.2867
    0.0000   -7.5000   15.0000 2950.0637   10.1780
    7.5000   -7.5000   15.0000 2924.5154   10.2869
   -7.5000    0.0000   15.0000 2833.4114   10.6809
    0.0000    0.0000   15.0000 2870.7524   10.5963
    7.5000    0.0000   15.0000 2854.1421   10.7088
   -7.5000    7.5000   15.0000 2734.6721   11.2716
    0.0000    7.5000   15.0000 2755.2908   11.1901
    7.5000    7.5000   15.0000 2742.3176   11.3178
   -7.5000   15.0000   15.0000 2613.2485   12.0729
    0.0000   15.0000   15.0000 2633.0728   11.9591
    7.5000   15.0000   15.0000 2621.7690   12.1016
   -7.5000   22.5000   15.0000 2479.9844   13.1558
    0.0000   22.5000   15.0000 2499.4478   13.0248
    7.5000   22.5000   15.0000 2487.1709   13.1915
   -7.5000   30.0000   15.0000 2331.9651   14.6199
    0.0000   30.0000   15.0000 2351.3862   14.4832
    7.5000   30.0000   15.0000 2344.6091   14.6471
   -7.5000   37.5000   15.0000 2172.0610   16.5975
    0.0000   37.5000   15.0000 2189.1299   16.4718
    7.5000   37.5000   15.0000 2185.7073   16.6299
   -7.5000   45.0000   15.0000 2005.6284   19.1630
    0.0000   45.0000   15.0000 2018.7181   19.0394
    7.5000   45.0000   15.0000 2011.8424   19.2053
   -7.5000  -45.0000   22.5000 2563.5371   12.5294
    0.0000  -45.0000   22.5000 2579.1721   12.3528
    7.5000  -45.0000   22.5000 2573.4375   12.4555
   -7.5000  -37.5000   22.5000 2689.9741   11.6276
    0.0000  -37.5000   22.5000 2710.1089   11.4888
    7.5000  -37.5000   22.5000 2702.3889   11.5693
   -7.5000  -30.0000   22.5000 2797.8267   11.0381
    0.0000  -30.0000   22.5000 2824.1226   10.9419
    7.5000  -30.0000   22.5000 2812.7561   11.0140
   -7.5000  -22.5000   22.5000 2867.1506   10.6600
    0.0000  -22.5000   22.5000 2904.1484   10.5375
    7.5000  -22.5000   22.5000 2882.1394   10.6187
   -7.5000  -15.0000   22.5000 2891.5706   10.4706
    0.0000  -15.0000   22.5000 2929.7078   10.3208
    7.5000  -15.0000   22.5000 2903.9365   10.4443
   -7.5000   -7.5000   22.5000 2860.7510   10.5932
    0.0000   -7.5000   22.5000 2899.7302   10.4750
    7.5000   -7.5000   22.5000 2880.9875   10.6060
   -7.5000    0.0000   22.5000 2790.8848   11.0098
    0.0000    0.0000   22.5000 2827.6453   10.8923
    7.5000    0.0000   22.5000 2813.1238   11.0200
   -7.5000    7.5000   22.5000 2691.7915   11.6447
    0.0000    7.5000   22.5000 2713.2468   11.5150
    7.5000    7.5000   22.5000 2702.4856   11.6473
   -7.5000   15.0000   22.5000 2575.5679   12.4698
    0.0000   15.0000   22.5000 2595.4900   12.3417
    7.5000   15.0000   22.5000 2584.4739   12.4741
   -7.5000   22.5000   22.5000 2441.0444   13.5588
    0.0000   22.5000   22.5000 2459.5247   13.4187
    7.5000   22.5000   22.5000 2449.1204   13.5702
   -7.5000   30.0000   22.5000 2296.2839   15.0246
    0.0000   30.0000   22.5000 2314.1812   14.8514
    7.5000   30.0000   22.5000 2307.5483   15.0168
   -7.5000   37.5000   22.5000 2136.5583   16.9676
    0.0000   37.5000   22.5000 2149.9265   16.8064
    7.5000   37.5000   22.5000 2145.8145   16.9475
   -7.5000   45.0000   22.5000 1971.1017   19.5138
    0.0000   45.0000   22.5000 1985.9812   19.3895
    7.5000   45.0000   22.5000 1980.2383   19.5149
   -7.5000  -45.0000   30.0000 2517.3853   13.1159
    0.0000  -45.0000   30.0000 2537.2161   12.8601
    7.5000  -45.0000   30.0000 2534.2163   13.0039
   -7.5000  -37.5000   30.0000 2638.3752   12.2052
    0.0000  -37.5000   30.0000 2660.5144   11.9993
    7.5000  -37.5000   30.0000 2658.0125   12.1164
   -7.5000  -30.0000   30.0000 2739.3506   11.6118
    0.0000  -30.0000   30.0000 2766.9939   11.4276
    7.5000  -30.0000   30.0000 2759.5503   11.5307
   -7.5000  -22.5000   30.0000 2802.9048   11.2034
    0.0000  -22.5000   30.0000 2839.7505   11.0023
    7.5000  -22.5000   30.0000 2822.7683   11.0984
   -7.5000  -15.0000   30.0000 2826.5200   11.0163
    0.0000  -15.0000   30.0000 2858.6404   10.8385
    7.5000  -15.0000   30.0000 2840.8853   10.9483
   -7.5000   -7.5000   30.0000 2795.4993   11.1333
    0.0000   -7.5000   30.0000 2823.5005   11.0094
    7.5000   -7.5000   30.0000 2815.0171   11.1106
   -7.5000    0.0000   30.0000 2723.7483   11.5345
    0.0000    0.0000   30.0000 2759.0935   11.3973
    7.5000    0.0000   30.0000 2747.8994   11.5133
   -7.5000    7.5000   30.0000 2627.9946   12.1482
    0.0000    7.5000   30.0000 2655.7148   12.0103
    7.5000    7.5000   30.0000 2647.1658   12.1206
   -7.5000   15.0000   30.0000 2518.4758   12.9798
    0.0000   15.0000   30.0000 2541.6272   12.8236
    7.5000   15.0000   30.0000 2527.1687   12.9477
   -7.5000   22.5000   30.0000 2391.2397   14.0876
    0.0000   22.5000   30.0000 2414.1682   13.9093
    7.5000   22.5000   30.0000 2405.9316   14.0506
   -7.5000   30.0000   30.0000 2244.2402   15.5656
    0.0000   30.0000   30.0000 2260.6277   15.3832
    7.5000   30.0000   30.0000 2257.0042   15.5210
   -7.5000   37.5000   30.0000 2085.7266   17.4769
    0.0000   37.5000   30.0000 2100.2087   17.2973
    7.5000   37.5000   30.0000 2094.1064   17.4355
   -7.5000   45.0000   30.0000 1927.9740   20.0532
    0.0000   45.0000   30.0000 1943.8583   19.8912
    7.5000   45.0000   30.0000 1936.6307   20.0577
   -7.5000  -45.0000   37.5000 2466.3699   13.9023
    0.0000  -45.0000   37.5000 2490.9202   13.5660
    7.5000  -45.0000   37.5000 2490.4331   13.7408
   -7.5000  -37.5000   37.5000 2584.2910   12.9602
    0.0000  -37.5000   37.5000 2612.0061   12.6899
    7.5000  -37.5000   37.5000 2606.5112   12.8220
   -7.5000  -30.0000   37.5000 2673.2236   12.3169
    0.0000  -30.0000   37.5000 2706.5132   12.0601
    7.5000  -30.0000   37.5000 2696.0322   12.1827
   -7.5000  -22.5000   37.5000 2728.1321   11.8941
    0.0000  -22.5000   37.5000 2764.3013   11.6519
    7.5000  -22.5000   37.5000 2750.5076   11.7683
   -7.5000  -15.0000   37.5000 2743.6675   11.7164
    0.0000  -15.0000   37.5000 2770.0981   11.5095
    7.5000  -15.0000   37.5000 2759.2075   11.6271
   -7.5000   -7.5000   37.5000 2715.5530   11.8191
    0.0000   -7.5000   37.5000 2741.8923   11.6480
    7.5000   -7.5000   37.5000 2735.8584   11.7460
   -7.5000    0.0000   37.5000 2649.5657   12.2007
    0.0000    0.0000   37.5000 2679.1077   12.0225
    7.5000    0.0000   37.5000 2672.7119   12.1344
   -7.5000    7.5000   37.5000 2557.3018   12.8266
    0.0000    7.5000   37.5000 2586.6760   12.6471
    7.5000    7.5000   37.5000 2579.7786   12.7511
   -7.5000   15.0000   37.5000 2453.4082   13.6465
    0.0000   15.0000   37.5000 2477.4377   13.4609
    7.5000   15.0000   37.5000 2470.5225   13.5813
   -7.5000   22.5000   37.5000 2334.4773   14.7505
    0.0000   22.5000   37.5000 2357.4373   14.5524
    7.5000   22.5000   37.5000 2350.0879   14.6944
   -7.5000   30.0000   37.5000 2184.7866   16.2511
    0.0000   30.0000   37.5000 2206.0920   16.0712
    7.5000   30.0000   37.5000 2201.6606   16.1798
   -7.5000   37.5000   37.5000 2032.8927   18.2152
    0.0000   37.5000   37.5000 2048.2002   18.0343
    7.5000   37.5000   37.5000 2044.4431   18.1870
   -7.5000   45.0000   37.5000 1887.3103   20.8649
    0.0000   45.0000   37.5000 1896.9425   20.7264
    7.5000   45.0000   37.5000 1893.4233   20.8273
   -7.5000  -45.0000   45.0000 2402.1572   14.8395
    0.0000  -45.0000   45.0000 2434.6328   14.4937
    7.5000  -45.0000   45.0000 2434.7168   14.6678
   -7.5000  -37.5000   45.0000 2510.6575   13.8688
    0.0000  -37.5000   45.0000 2545.1453   13.5680
    7.5000  -37.5000   45.0000 2539.1064   13.7324
   -7.5000  -30.0000   45.0000 2593.4297   13.1908
    0.0000  -30.0000   45.0000 2629.6990   12.9151
    7.5000  -30.0000   45.0000 2616.1794   13.0359
   -7.5000  -22.5000   45.0000 2643.1316   12.7503
    0.0000  -22.5000   45.0000 2675.9023   12.5115
    7.5000  -22.5000   45.0000 2661.7090   12.6183
   -7.5000  -15.0000   45.0000 2650.2087   12.5758
    0.0000  -15.0000   45.0000 2676.4812   12.3558
    7.5000  -15.0000   45.0000 2668.9856   12.4600
   -7.5000   -7.5000   45.0000 2620.5234   12.6666
    0.0000   -7.5000   45.0000 2645.0420   12.4714
    7.5000   -7.5000   45.0000 2641.9209   12.5598
   -7.5000    0.0000   45.0000 2563.5337   13.0232
    0.0000    0.0000   45.0000 2588.4114   12.8262
    7.5000    0.0000   45.0000 2585.1296   12.9238
   -7.5000    7.5000   45.0000 2483.8560   13.6179
    0.0000    7.5000   45.0000 2518.7512   13.4050
    7.5000    7.5000   45.0000 2510.5513   13.5009
   -7.5000   15.0000   45.0000 2379.8413   14.4594
    0.0000   15.0000   45.0000 2410.7041   14.2593
    7.5000   15.0000   45.0000 2403.2314   14.3519
   -7.5000   22.5000   45.0000 2263.3398   15.5474
    0.0000   22.5000   45.0000 2288.8740   15.3556
    7.5000   22.5000   45.0000 2280.1963   15.4682
   -7.5000   30.0000   45.0000 2120.8210   17.1287
    0.0000   30.0000   45.0000 2141.0188   16.9652
    7.5000   30.0000   45.0000 2136.4829   17.0388
   -7.5000   37.5000   45.0000 1977.9471   19.1758
    0.0000   37.5000   45.0000 1991.2946   19.0201
    7.5000   37.5000   45.0000 1984.3875   19.0718
   -7.5000   45.0000   45.0000 1835.0854   21.9603
    0.0000   45.0000   45.0000 1844.6008   21.7958
    7.5000   45.0000   45.0000 1841.4329   21.8595

---------------------------------------------------------------------
imgreg_4dfp /opt/freesurfer/average/711-2C_as_mni_average_305 /opt/freesurfer/average/711-2B_as_mni_average_305_mask talsrcimg_g11 none talsrcimg_to_711-2C_as_mni_average_305_t4 1283
---------------------------------------------------------------------

freesurfer imgreg_4dfp.c
/opt/freesurfer/average/711-2C_as_mni_average_305.4dfp.img
       256       256       256         1
  1.000000  1.000000  1.000000
orientation T byte_order littleendian
Reading image: /opt/freesurfer/average/711-2C_as_mni_average_305.4dfp.img
dimensions:      256       256       256
mmppix:       1.0000   -1.0000   -1.0000
center:     128.0000 -129.0000 -129.0000
/opt/freesurfer/average/711-2B_as_mni_average_305_mask.4dfp.img
       256       256       256         1
  1.000000  1.000000  1.000000
orientation T byte_order littleendian
Reading mask: /opt/freesurfer/average/711-2B_as_mni_average_305_mask.4dfp.img (2306576 pixels)
talsrcimg_g11.4dfp.img
       256       256       256         1
  1.000000  1.000000  1.000000
orientation T byte_order littleendian
Reading image: talsrcimg_g11.4dfp.img
dimensions:      256       256       256
mmppix:       1.0000   -1.0000   -1.0000
center:     128.0000 -129.0000 -129.0000
rotation matrix determinant  1.000000
fimgreg.f
image alignment mode   1283 decimal      503 hex
parameters
    0.0000  -15.0000    7.5000    0.0000    0.0000    0.0000
eta,q 0.94154 10.11015
niter,ni,del,rscale     5    3   12.0000    1.2000
parameter  2  0.707547 ->  0.500000 qaram    1.1500
parameter  4  1.591312 ->  0.500000 qaram    1.1500
parameters
   -0.1707  -18.4500    8.0214   -3.4500   -1.9090   -1.2119
eta,q 0.94984 10.08369
  0.0681  0.0559  0.0628  0.0507  0.0541  0.0539
  0.0620  0.0547  0.0594  0.0514  0.0517  0.0514
  0.0584  0.0555  0.0561  0.0528  0.0505  0.0503
  0.0577  0.0576  0.0545  0.0548  0.0516  0.0505
  0.0596  0.0598  0.0558  0.0572  0.0538  0.0524
  0.0636  0.0630  0.0578  0.0598  0.0576  0.0547
  0.0685  0.0669  0.0603  0.0627  0.0624  0.0571
niter,ni,del,rscale     6    3   12.0000    1.2000
parameter  4  0.841471 ->  0.500000 qaram    1.3225
parameters
    0.3221  -16.5623    7.4821   -7.4175   -2.3170   -1.3309
eta,q 0.95281 10.08898
  0.0675  0.0709  0.0558  0.0477  0.0530  0.0518
  0.0591  0.0608  0.0530  0.0472  0.0494  0.0491
  0.0529  0.0536  0.0507  0.0482  0.0473  0.0474
  0.0502  0.0502  0.0502  0.0501  0.0474  0.0472
  0.0517  0.0505  0.0515  0.0534  0.0486  0.0482
  0.0563  0.0529  0.0542  0.0579  0.0507  0.0497
  0.0623  0.0555  0.0586  0.0615  0.0545  0.0517
niter,ni,del,rscale     6    3   12.0000    1.2000
parameter  4  0.502613 ->  0.500000 qaram    1.5209
parameters
    0.4919  -14.5362    6.4084  -11.9801   -2.6360   -1.3761
eta,q 0.95608 10.18068
  0.0635  0.0677  0.0521  0.0473  0.0515  0.0507
  0.0554  0.0578  0.0479  0.0443  0.0473  0.0473
  0.0493  0.0501  0.0465  0.0445  0.0444  0.0448
  0.0472  0.0472  0.0478  0.0469  0.0440  0.0439
  0.0491  0.0480  0.0495  0.0504  0.0456  0.0449
  0.0544  0.0497  0.0518  0.0538  0.0484  0.0476
  0.0615  0.0516  0.0556  0.0591  0.0531  0.0507
niter,ni,del,rscale     6    3   12.0000    1.2000
parameters
    0.7894  -13.0042    5.5455  -12.2522   -2.7907   -1.5129
eta,q 0.95652 10.17816
  0.0619  0.0624  0.0495  0.0530  0.0509  0.0494
  0.0535  0.0542  0.0465  0.0491  0.0475  0.0459
  0.0470  0.0477  0.0442  0.0450  0.0444  0.0439
  0.0439  0.0438  0.0437  0.0435  0.0435  0.0435
  0.0452  0.0441  0.0459  0.0458  0.0449  0.0444
  0.0509  0.0467  0.0495  0.0502  0.0477  0.0467
  0.0592  0.0512  0.0538  0.0538  0.0518  0.0495
niter,ni,del,rscale     5    3   12.0000    1.2000
parameters
    0.8108  -12.8111    5.4099  -12.4654   -2.8140   -1.5732
eta,q 0.95644 10.18089
  0.0601  0.0565  0.0509  0.0529  0.0511  0.0495
  0.0517  0.0493  0.0476  0.0492  0.0478  0.0460
  0.0457  0.0442  0.0451  0.0452  0.0447  0.0440
  0.0435  0.0435  0.0436  0.0436  0.0436  0.0436
  0.0457  0.0453  0.0447  0.0457  0.0448  0.0444
  0.0519  0.0493  0.0479  0.0500  0.0475  0.0466
  0.0596  0.0540  0.0519  0.0535  0.0515  0.0493
niter,ni,del,rscale     4    3   12.0000    1.2000
parameters
    0.8102  -12.7364    5.3502  -12.5737   -2.8155   -1.6007
eta,q 0.95640 10.18218
  0.0600  0.0560  0.0510  0.0530  0.0512  0.0495
  0.0517  0.0489  0.0477  0.0493  0.0479  0.0461
  0.0457  0.0440  0.0453  0.0454  0.0448  0.0441
  0.0436  0.0436  0.0436  0.0436  0.0436  0.0436
  0.0458  0.0455  0.0446  0.0455  0.0448  0.0444
  0.0521  0.0496  0.0477  0.0497  0.0475  0.0466
  0.0597  0.0542  0.0517  0.0533  0.0515  0.0492
niter,ni,del,rscale     3    3   12.0000    1.2000
parameters
    0.8049  -12.7021    5.3176  -12.6245   -2.8122   -1.6125
eta,q 0.95637 10.18282
  0.0600  0.0559  0.0511  0.0531  0.0512  0.0495
  0.0517  0.0487  0.0478  0.0494  0.0479  0.0461
  0.0458  0.0440  0.0453  0.0456  0.0448  0.0441
  0.0436  0.0436  0.0436  0.0436  0.0436  0.0436
  0.0459  0.0456  0.0446  0.0454  0.0448  0.0444
  0.0522  0.0497  0.0476  0.0496  0.0475  0.0465
  0.0598  0.0543  0.0516  0.0532  0.0515  0.0492
registration optimization eta report
parameter search radius
    6.0000    6.9000    6.0000    9.1253    6.0000    6.0000
100000*second partial in parameter space
       45.       24.       21.       11.       21.       16.
  0.0600  0.0559  0.0511  0.0531  0.0512  0.0495
  0.0517  0.0487  0.0478  0.0494  0.0479  0.0461
  0.0458  0.0440  0.0453  0.0456  0.0448  0.0441
  0.0436  0.0436  0.0436  0.0436  0.0436  0.0436
  0.0459  0.0456  0.0446  0.0454  0.0448  0.0444
  0.0522  0.0497  0.0476  0.0496  0.0475  0.0465
  0.0598  0.0543  0.0516  0.0532  0.0515  0.0492
    0.8049  -12.7021    5.3176  -12.6245   -2.8122   -1.6125
eta,q 0.95637 10.18282

---------------------------------------------------------------------
imgreg_4dfp /opt/freesurfer/average/711-2C_as_mni_average_305 /opt/freesurfer/average/711-2B_as_mni_average_305_mask talsrcimg_g11 none talsrcimg_to_711-2C_as_mni_average_305_t4 3335
---------------------------------------------------------------------

freesurfer imgreg_4dfp.c
/opt/freesurfer/average/711-2C_as_mni_average_305.4dfp.img
       256       256       256         1
  1.000000  1.000000  1.000000
orientation T byte_order littleendian
Reading image: /opt/freesurfer/average/711-2C_as_mni_average_305.4dfp.img
dimensions:      256       256       256
mmppix:       1.0000   -1.0000   -1.0000
center:     128.0000 -129.0000 -129.0000
/opt/freesurfer/average/711-2B_as_mni_average_305_mask.4dfp.img
       256       256       256         1
  1.000000  1.000000  1.000000
orientation T byte_order littleendian
Reading mask: /opt/freesurfer/average/711-2B_as_mni_average_305_mask.4dfp.img (2306576 pixels)
talsrcimg_g11.4dfp.img
       256       256       256         1
  1.000000  1.000000  1.000000
orientation T byte_order littleendian
Reading image: talsrcimg_g11.4dfp.img
dimensions:      256       256       256
mmppix:       1.0000   -1.0000   -1.0000
center:     128.0000 -129.0000 -129.0000
fimgreg.f
image alignment mode   3335 decimal      D07 hex
parameters
    0.8049  -12.7021    5.3176   -0.1600   -2.4261   -2.5352
    1.6741    5.4008   -2.8107   21.7127   -4.9063  -21.8298
eta,q 0.95628 10.20956
niter,ni,del,rscale     5    3    5.0000    1.2000
parameter  5  4.113325 ->  0.500000 qaram    1.1500
parameter 11 -0.693775 -> -0.500000 qaram    1.1500
parameter 12  0.512677 ->  0.500000 qaram    1.1500
parameters
    0.9959  -13.5382    5.2956   -2.5357   -6.5661   -4.9751
    0.3312    6.9992   -0.4359   18.2524   -0.7663  -25.9698
eta,q 0.96264  9.82894
  0.0472  0.0442  0.0451  0.0443  0.0361  0.0399  0.0403  0.0438  0.0412  0.0386  0.0390  0.0376
  0.0455  0.0436  0.0442  0.0438  0.0382  0.0395  0.0394  0.0416  0.0400  0.0380  0.0385  0.0374
  0.0443  0.0434  0.0436  0.0434  0.0407  0.0390  0.0389  0.0399  0.0392  0.0380  0.0382  0.0374
  0.0437  0.0437  0.0434  0.0434  0.0434  0.0389  0.0390  0.0389  0.0387  0.0385  0.0379  0.0376
  0.0439  0.0443  0.0436  0.0442  0.0464  0.0400  0.0395  0.0387  0.0385  0.0397  0.0377  0.0381
  0.0448  0.0451  0.0442  0.0460  0.0495  0.0423  0.0405  0.0393  0.0387  0.0414  0.0376  0.0387
  0.0463  0.0462  0.0451  0.0485  0.0528  0.0450  0.0416  0.0409  0.0392  0.0438  0.0377  0.0394
niter,ni,del,rscale     7    3    5.0000    1.2000
parameter  5  1.956185 ->  0.500000 qaram    1.3225
parameters
    1.0657  -13.4408    4.8200   -1.9642  -11.3271   -5.9682
    0.1246    6.4947   -0.2879   19.1622   -1.0619  -28.1090
eta,q 0.96676  9.57565
  0.0402  0.0395  0.0380  0.0390  0.0315  0.0344  0.0356  0.0362  0.0352  0.0364  0.0341  0.0340
  0.0387  0.0384  0.0375  0.0383  0.0328  0.0338  0.0344  0.0347  0.0342  0.0349  0.0337  0.0335
  0.0377  0.0376  0.0373  0.0378  0.0347  0.0335  0.0336  0.0337  0.0336  0.0339  0.0334  0.0333
  0.0374  0.0374  0.0374  0.0373  0.0372  0.0333  0.0334  0.0334  0.0334  0.0334  0.0333  0.0333
  0.0376  0.0375  0.0376  0.0370  0.0402  0.0332  0.0337  0.0338  0.0336  0.0334  0.0334  0.0338
  0.0385  0.0382  0.0381  0.0375  0.0434  0.0339  0.0346  0.0351  0.0341  0.0341  0.0337  0.0344
  0.0399  0.0392  0.0389  0.0389  0.0470  0.0360  0.0358  0.0375  0.0350  0.0353  0.0342  0.0353
niter,ni,del,rscale     7    3    5.0000    1.2000
parameter  5  0.847145 ->  0.500000 qaram    1.5209
parameters
    1.1148  -13.4404    4.7319   -1.6528  -16.8022   -5.0317
    0.0812    6.4265   -1.2002   20.6014   -2.0939  -29.9784
eta,q 0.96951  9.35928
  0.0362  0.0355  0.0342  0.0349  0.0309  0.0325  0.0330  0.0340  0.0320  0.0341  0.0313  0.0313
  0.0346  0.0342  0.0337  0.0342  0.0307  0.0317  0.0318  0.0323  0.0312  0.0325  0.0308  0.0308
  0.0336  0.0334  0.0333  0.0337  0.0315  0.0312  0.0310  0.0312  0.0308  0.0313  0.0306  0.0305
  0.0332  0.0332  0.0332  0.0332  0.0332  0.0309  0.0307  0.0307  0.0307  0.0307  0.0306  0.0306
  0.0335  0.0336  0.0334  0.0330  0.0357  0.0306  0.0310  0.0310  0.0311  0.0306  0.0308  0.0310
  0.0345  0.0343  0.0338  0.0335  0.0390  0.0308  0.0318  0.0322  0.0318  0.0311  0.0311  0.0316
  0.0360  0.0354  0.0344  0.0350  0.0426  0.0321  0.0330  0.0344  0.0327  0.0322  0.0317  0.0324
niter,ni,del,rscale     7    3    5.0000    1.2000
parameters
    1.1429  -13.1502    4.5969   -1.2248  -19.9947   -5.4761
    0.1672    6.5982   -1.4525   21.8315   -2.1183  -30.6403
eta,q 0.96981  9.20532
  0.0334  0.0334  0.0315  0.0322  0.0323  0.0316  0.0325  0.0336  0.0317  0.0331  0.0311  0.0312
  0.0318  0.0318  0.0309  0.0315  0.0310  0.0310  0.0313  0.0319  0.0309  0.0316  0.0306  0.0306
  0.0308  0.0309  0.0306  0.0310  0.0303  0.0306  0.0306  0.0308  0.0304  0.0307  0.0303  0.0303
  0.0305  0.0305  0.0305  0.0305  0.0304  0.0302  0.0303  0.0303  0.0303  0.0303  0.0302  0.0302
  0.0308  0.0306  0.0307  0.0302  0.0318  0.0301  0.0305  0.0305  0.0305  0.0302  0.0303  0.0304
  0.0317  0.0312  0.0311  0.0307  0.0344  0.0307  0.0313  0.0315  0.0310  0.0307  0.0306  0.0309
  0.0333  0.0322  0.0318  0.0322  0.0381  0.0328  0.0323  0.0335  0.0318  0.0316  0.0311  0.0315
niter,ni,del,rscale     6    3    5.0000    1.2000
parameters
    1.1056  -12.8022    4.4376   -1.4234  -20.9741   -5.9032
    0.2126    6.6150   -1.5353   22.7452   -1.9331  -31.0479
eta,q 0.96972  9.14784
  0.0328  0.0328  0.0311  0.0315  0.0333  0.0316  0.0324  0.0334  0.0317  0.0326  0.0311  0.0313
  0.0314  0.0314  0.0306  0.0310  0.0318  0.0310  0.0313  0.0317  0.0309  0.0314  0.0307  0.0308
  0.0305  0.0306  0.0302  0.0306  0.0307  0.0306  0.0306  0.0307  0.0304  0.0307  0.0304  0.0304
  0.0302  0.0302  0.0302  0.0302  0.0302  0.0303  0.0303  0.0303  0.0303  0.0303  0.0303  0.0303
  0.0305  0.0303  0.0304  0.0300  0.0306  0.0301  0.0306  0.0306  0.0305  0.0303  0.0304  0.0305
  0.0315  0.0307  0.0308  0.0306  0.0323  0.0307  0.0313  0.0316  0.0310  0.0308  0.0306  0.0309
  0.0330  0.0315  0.0314  0.0322  0.0352  0.0327  0.0323  0.0335  0.0317  0.0317  0.0310  0.0315
niter,ni,del,rscale     5    3    5.0000    1.2000
parameters
    1.0834  -12.5267    4.2594   -1.6328  -21.6160   -6.3585
    0.2195    6.6027   -1.6265   23.4990   -1.6813  -31.3471
eta,q 0.96962  9.10292
  0.0328  0.0325  0.0312  0.0314  0.0334  0.0317  0.0324  0.0333  0.0318  0.0324  0.0311  0.0314
  0.0314  0.0313  0.0306  0.0310  0.0318  0.0310  0.0313  0.0317  0.0310  0.0314  0.0307  0.0308
  0.0306  0.0306  0.0303  0.0306  0.0308  0.0307  0.0306  0.0308  0.0305  0.0307  0.0305  0.0305
  0.0303  0.0303  0.0303  0.0303  0.0303  0.0303  0.0304  0.0304  0.0304  0.0304  0.0304  0.0304
  0.0306  0.0304  0.0305  0.0301  0.0306  0.0302  0.0307  0.0307  0.0306  0.0304  0.0305  0.0305
  0.0315  0.0309  0.0309  0.0306  0.0320  0.0308  0.0313  0.0316  0.0311  0.0309  0.0307  0.0309
  0.0329  0.0316  0.0314  0.0321  0.0347  0.0327  0.0323  0.0334  0.0318  0.0318  0.0310  0.0315
niter,ni,del,rscale     4    3    5.0000    1.2000
parameters
    1.0664  -12.2694    4.0763   -1.8677  -22.2368   -6.8199
    0.2257    6.5890   -1.6770   24.2106   -1.5309  -31.6130
eta,q 0.96955  9.05644
  0.0328  0.0325  0.0312  0.0314  0.0333  0.0317  0.0324  0.0332  0.0318  0.0324  0.0311  0.0314
  0.0315  0.0313  0.0307  0.0309  0.0318  0.0311  0.0313  0.0317  0.0310  0.0315  0.0307  0.0309
  0.0306  0.0306  0.0304  0.0307  0.0308  0.0307  0.0307  0.0308  0.0306  0.0308  0.0305  0.0306
  0.0304  0.0304  0.0304  0.0304  0.0304  0.0304  0.0305  0.0305  0.0305  0.0305  0.0304  0.0304
  0.0307  0.0305  0.0305  0.0302  0.0306  0.0303  0.0307  0.0307  0.0307  0.0305  0.0305  0.0306
  0.0315  0.0309  0.0309  0.0306  0.0320  0.0308  0.0314  0.0316  0.0311  0.0309  0.0307  0.0310
  0.0329  0.0317  0.0315  0.0320  0.0346  0.0327  0.0323  0.0333  0.0318  0.0319  0.0311  0.0315
niter,ni,del,rscale     3    3    5.0000    1.2000
parameters
    1.0513  -12.0118    3.8961   -2.1027  -22.8701   -7.2585
    0.2070    6.5855   -1.6488   24.8460   -1.4868  -31.8601
eta,q 0.96950  9.00863
  0.0328  0.0325  0.0312  0.0313  0.0333  0.0317  0.0323  0.0331  0.0319  0.0325  0.0311  0.0314
  0.0315  0.0314  0.0308  0.0309  0.0318  0.0311  0.0314  0.0317  0.0311  0.0315  0.0308  0.0310
  0.0307  0.0307  0.0305  0.0307  0.0308  0.0307  0.0308  0.0309  0.0307  0.0309  0.0306  0.0306
  0.0304  0.0304  0.0304  0.0304  0.0305  0.0305  0.0305  0.0305  0.0305  0.0305  0.0305  0.0305
  0.0307  0.0306  0.0306  0.0302  0.0307  0.0303  0.0308  0.0308  0.0307  0.0305  0.0306  0.0306
  0.0315  0.0310  0.0310  0.0306  0.0320  0.0309  0.0314  0.0316  0.0311  0.0310  0.0308  0.0310
  0.0328  0.0317  0.0315  0.0319  0.0345  0.0326  0.0323  0.0333  0.0318  0.0320  0.0311  0.0316
niter,ni,del,rscale     2    3    5.0000    1.2000
parameters
    1.0438  -11.7753    3.7299   -2.3681  -23.4543   -7.6570
    0.1582    6.5972   -1.6001   25.3382   -1.4811  -32.1097
eta,q 0.96947  8.96096
  0.0327  0.0325  0.0312  0.0312  0.0333  0.0317  0.0323  0.0330  0.0320  0.0325  0.0311  0.0315
  0.0315  0.0314  0.0308  0.0309  0.0319  0.0311  0.0314  0.0317  0.0312  0.0316  0.0308  0.0310
  0.0307  0.0308  0.0306  0.0307  0.0309  0.0307  0.0308  0.0309  0.0307  0.0309  0.0306  0.0307
  0.0305  0.0305  0.0305  0.0305  0.0305  0.0305  0.0306  0.0306  0.0306  0.0306  0.0305  0.0305
  0.0307  0.0306  0.0306  0.0303  0.0308  0.0304  0.0308  0.0308  0.0307  0.0306  0.0306  0.0307
  0.0315  0.0310  0.0310  0.0306  0.0320  0.0309  0.0314  0.0316  0.0312  0.0311  0.0308  0.0310
  0.0327  0.0318  0.0315  0.0318  0.0344  0.0325  0.0323  0.0332  0.0319  0.0322  0.0311  0.0316
niter,ni,del,rscale     1    3    5.0000    1.2000
parameters
    1.0422  -11.5854    3.6063   -2.5930  -23.8976   -7.9213
    0.0969    6.6237   -1.5576   25.6982   -1.4404  -32.3119
eta,q 0.96945  8.92515
  0.0327  0.0325  0.0313  0.0311  0.0334  0.0317  0.0323  0.0330  0.0320  0.0325  0.0311  0.0315
  0.0315  0.0314  0.0309  0.0308  0.0320  0.0311  0.0314  0.0317  0.0312  0.0316  0.0308  0.0310
  0.0308  0.0308  0.0306  0.0307  0.0309  0.0308  0.0308  0.0309  0.0307  0.0309  0.0306  0.0307
  0.0305  0.0305  0.0305  0.0305  0.0305  0.0306  0.0306  0.0306  0.0306  0.0306  0.0305  0.0306
  0.0308  0.0307  0.0306  0.0303  0.0308  0.0304  0.0308  0.0308  0.0307  0.0306  0.0306  0.0307
  0.0315  0.0311  0.0310  0.0305  0.0320  0.0308  0.0314  0.0315  0.0312  0.0312  0.0308  0.0311
  0.0327  0.0319  0.0315  0.0316  0.0343  0.0323  0.0323  0.0331  0.0319  0.0323  0.0310  0.0316
registration optimization eta report
parameter search radius
    2.4000    2.4000    2.4000    7.2000   10.9503    7.2000
    7.2000    7.2000    7.2000    7.2000    8.2800    8.2800
100000*second partial in parameter space
       37.       28.       15.        2.        3.        3.
        3.        5.        3.        4.        1.        1.
  0.0327  0.0325  0.0313  0.0311  0.0334  0.0317  0.0323  0.0330  0.0320  0.0325  0.0311  0.0315
  0.0315  0.0314  0.0309  0.0308  0.0320  0.0311  0.0314  0.0317  0.0312  0.0316  0.0308  0.0310
  0.0308  0.0308  0.0306  0.0307  0.0309  0.0308  0.0308  0.0309  0.0307  0.0309  0.0306  0.0307
  0.0305  0.0305  0.0305  0.0305  0.0305  0.0306  0.0306  0.0306  0.0306  0.0306  0.0305  0.0306
  0.0308  0.0307  0.0306  0.0303  0.0308  0.0304  0.0308  0.0308  0.0307  0.0306  0.0306  0.0307
  0.0315  0.0311  0.0310  0.0305  0.0320  0.0308  0.0314  0.0315  0.0312  0.0312  0.0308  0.0311
  0.0327  0.0319  0.0315  0.0316  0.0343  0.0323  0.0323  0.0331  0.0319  0.0323  0.0310  0.0316
    1.0422  -11.5854    3.6063   -2.5930  -23.8976   -7.9213
    0.0969    6.6237   -1.5576   25.6982   -1.4404  -32.3119
eta,q 0.96945  8.92515

---------------------------------------------------------------------
imgreg_4dfp /opt/freesurfer/average/711-2C_as_mni_average_305 /opt/freesurfer/average/711-2B_as_mni_average_305_mask talsrcimg_g11 none talsrcimg_to_711-2C_as_mni_average_305_t4 2311
---------------------------------------------------------------------

freesurfer imgreg_4dfp.c
/opt/freesurfer/average/711-2C_as_mni_average_305.4dfp.img
       256       256       256         1
  1.000000  1.000000  1.000000
orientation T byte_order littleendian
Reading image: /opt/freesurfer/average/711-2C_as_mni_average_305.4dfp.img
dimensions:      256       256       256
mmppix:       1.0000   -1.0000   -1.0000
center:     128.0000 -129.0000 -129.0000
/opt/freesurfer/average/711-2B_as_mni_average_305_mask.4dfp.img
       256       256       256         1
  1.000000  1.000000  1.000000
orientation T byte_order littleendian
Reading mask: /opt/freesurfer/average/711-2B_as_mni_average_305_mask.4dfp.img (2306576 pixels)
talsrcimg_g11.4dfp.img
       256       256       256         1
  1.000000  1.000000  1.000000
orientation T byte_order littleendian
Reading image: talsrcimg_g11.4dfp.img
dimensions:      256       256       256
mmppix:       1.0000   -1.0000   -1.0000
center:     128.0000 -129.0000 -129.0000
fimgreg.f
image alignment mode   2311 decimal      907 hex
parameters
    1.0422  -11.5854    3.6063   -2.5930  -23.8976   -7.9213
    0.0969    6.6237   -1.5576   25.6982   -1.4404  -32.3119
eta,q 0.96945  8.92516
niter,ni,del,rscale     5    3    5.0000    0.8000
parameter  4 -0.692498 -> -0.500000 qaram    1.1500
parameters
    1.0499  -11.5021    3.5653    0.1670  -23.1694   -6.3678
    0.3425    6.5867   -1.4005   25.8530   -1.6985  -33.3670
eta,q 0.96987  9.15851
  0.0315  0.0314  0.0309  0.0308  0.0311  0.0312  0.0312  0.0317  0.0308  0.0311  0.0305  0.0303
  0.0310  0.0309  0.0307  0.0307  0.0308  0.0308  0.0306  0.0309  0.0305  0.0306  0.0303  0.0302
  0.0307  0.0307  0.0306  0.0306  0.0305  0.0306  0.0303  0.0304  0.0302  0.0303  0.0302  0.0301
  0.0306  0.0306  0.0306  0.0306  0.0304  0.0303  0.0302  0.0301  0.0302  0.0301  0.0301  0.0301
  0.0307  0.0306  0.0306  0.0304  0.0304  0.0301  0.0302  0.0303  0.0302  0.0302  0.0302  0.0302
  0.0310  0.0308  0.0307  0.0304  0.0305  0.0302  0.0305  0.0309  0.0304  0.0305  0.0303  0.0304
  0.0315  0.0312  0.0310  0.0305  0.0308  0.0306  0.0310  0.0319  0.0307  0.0310  0.0306  0.0306
niter,ni,del,rscale     5    3    5.0000    0.8000
parameters
    0.9674  -11.6466    3.5121   -1.1017  -22.9905   -6.6181
    0.2089    6.6017   -1.3857   25.9943   -1.6784  -33.2615
eta,q 0.96976  9.11447
  0.0312  0.0308  0.0306  0.0307  0.0309  0.0309  0.0311  0.0316  0.0309  0.0312  0.0305  0.0305
  0.0306  0.0304  0.0303  0.0305  0.0305  0.0307  0.0306  0.0309  0.0305  0.0307  0.0304  0.0304
  0.0302  0.0302  0.0302  0.0303  0.0303  0.0304  0.0303  0.0304  0.0303  0.0304  0.0303  0.0303
  0.0301  0.0301  0.0301  0.0301  0.0302  0.0302  0.0302  0.0303  0.0302  0.0302  0.0302  0.0302
  0.0303  0.0303  0.0302  0.0303  0.0303  0.0302  0.0304  0.0304  0.0303  0.0303  0.0303  0.0303
  0.0308  0.0306  0.0304  0.0310  0.0304  0.0305  0.0307  0.0309  0.0305  0.0306  0.0304  0.0304
  0.0315  0.0310  0.0307  0.0323  0.0308  0.0314  0.0311  0.0317  0.0309  0.0311  0.0305  0.0305
niter,ni,del,rscale     4    3    5.0000    0.7000
parameters
    1.0028  -11.6377    3.5038   -1.0305  -23.0589   -6.3545
    0.1865    6.6332   -1.3983   26.0623   -1.8167  -33.4547
eta,q 0.96980  9.12798
  0.0311  0.0308  0.0306  0.0307  0.0307  0.0309  0.0309  0.0313  0.0307  0.0309  0.0304  0.0304
  0.0306  0.0305  0.0304  0.0306  0.0304  0.0306  0.0305  0.0307  0.0304  0.0306  0.0303  0.0303
  0.0304  0.0303  0.0303  0.0304  0.0303  0.0304  0.0303  0.0304  0.0303  0.0303  0.0302  0.0302
  0.0302  0.0302  0.0302  0.0302  0.0302  0.0302  0.0302  0.0302  0.0302  0.0302  0.0302  0.0302
  0.0303  0.0303  0.0303  0.0301  0.0303  0.0302  0.0303  0.0303  0.0303  0.0302  0.0302  0.0302
  0.0306  0.0305  0.0304  0.0303  0.0304  0.0304  0.0305  0.0307  0.0304  0.0305  0.0303  0.0303
  0.0310  0.0308  0.0306  0.0309  0.0307  0.0309  0.0309  0.0313  0.0307  0.0309  0.0304  0.0304
niter,ni,del,rscale     3    3    5.0000    0.6000
parameters
    1.0018  -11.6279    3.5353   -0.6215  -22.9910   -6.0718
    0.1884    6.6465   -1.3746   26.0402   -1.8629  -33.5786
eta,q 0.96987  9.15906
  0.0308  0.0307  0.0305  0.0306  0.0305  0.0307  0.0307  0.0311  0.0305  0.0307  0.0303  0.0303
  0.0305  0.0304  0.0303  0.0305  0.0303  0.0305  0.0304  0.0306  0.0303  0.0304  0.0302  0.0302
  0.0303  0.0302  0.0302  0.0304  0.0302  0.0303  0.0302  0.0303  0.0302  0.0302  0.0302  0.0302
  0.0302  0.0302  0.0302  0.0302  0.0302  0.0302  0.0301  0.0301  0.0301  0.0301  0.0301  0.0301
  0.0303  0.0303  0.0302  0.0301  0.0302  0.0301  0.0302  0.0302  0.0302  0.0302  0.0302  0.0302
  0.0305  0.0304  0.0303  0.0302  0.0303  0.0303  0.0304  0.0305  0.0303  0.0304  0.0302  0.0302
  0.0308  0.0306  0.0305  0.0307  0.0305  0.0307  0.0307  0.0311  0.0305  0.0307  0.0303  0.0303
niter,ni,del,rscale     2    3    5.0000    0.5000
parameters
    0.9886  -11.6458    3.5674   -0.3427  -22.9164   -5.8337
    0.1953    6.6362   -1.3595   25.9770   -1.8713  -33.6193
eta,q 0.96991  9.18104
  0.0306  0.0304  0.0304  0.0305  0.0304  0.0306  0.0305  0.0308  0.0304  0.0305  0.0302  0.0302
  0.0303  0.0303  0.0302  0.0304  0.0302  0.0304  0.0303  0.0304  0.0302  0.0303  0.0302  0.0301
  0.0302  0.0302  0.0302  0.0303  0.0301  0.0302  0.0301  0.0302  0.0301  0.0301  0.0301  0.0301
  0.0301  0.0301  0.0301  0.0301  0.0301  0.0301  0.0301  0.0301  0.0301  0.0301  0.0301  0.0301
  0.0302  0.0302  0.0302  0.0301  0.0301  0.0301  0.0301  0.0302  0.0301  0.0301  0.0301  0.0301
  0.0303  0.0303  0.0302  0.0302  0.0302  0.0302  0.0303  0.0304  0.0302  0.0303  0.0302  0.0301
  0.0306  0.0304  0.0303  0.0305  0.0303  0.0305  0.0305  0.0308  0.0303  0.0305  0.0302  0.0302
niter,ni,del,rscale     1    3    5.0000    0.4000
parameters
    0.9781  -11.6685    3.6171   -0.1126  -22.8182   -5.6111
    0.2022    6.6311   -1.3935   25.8698   -1.8906  -33.5781
eta,q 0.96993  9.19971
  0.0304  0.0303  0.0302  0.0304  0.0302  0.0304  0.0303  0.0305  0.0302  0.0303  0.0302  0.0301
  0.0302  0.0302  0.0302  0.0303  0.0302  0.0303  0.0302  0.0303  0.0301  0.0302  0.0301  0.0301
  0.0301  0.0301  0.0301  0.0302  0.0301  0.0302  0.0301  0.0301  0.0301  0.0301  0.0301  0.0301
  0.0301  0.0301  0.0301  0.0301  0.0301  0.0301  0.0301  0.0301  0.0301  0.0301  0.0301  0.0301
  0.0301  0.0301  0.0301  0.0301  0.0301  0.0301  0.0301  0.0301  0.0301  0.0301  0.0301  0.0301
  0.0302  0.0302  0.0301  0.0302  0.0301  0.0302  0.0302  0.0303  0.0301  0.0302  0.0301  0.0301
  0.0304  0.0303  0.0302  0.0304  0.0302  0.0304  0.0303  0.0306  0.0302  0.0303  0.0302  0.0301
registration optimization eta report
parameter search radius
    0.8000    0.8000    0.8000    2.7600    2.4000    2.4000
    2.4000    2.4000    2.4000    2.4000    2.4000    2.4000
100000*second partial in parameter space
       48.       31.       22.        4.        2.        5.
        4.        8.        3.        4.        2.        1.
  0.0304  0.0303  0.0302  0.0304  0.0302  0.0304  0.0303  0.0305  0.0302  0.0303  0.0302  0.0301
  0.0302  0.0302  0.0302  0.0303  0.0302  0.0303  0.0302  0.0303  0.0301  0.0302  0.0301  0.0301
  0.0301  0.0301  0.0301  0.0302  0.0301  0.0302  0.0301  0.0301  0.0301  0.0301  0.0301  0.0301
  0.0301  0.0301  0.0301  0.0301  0.0301  0.0301  0.0301  0.0301  0.0301  0.0301  0.0301  0.0301
  0.0301  0.0301  0.0301  0.0301  0.0301  0.0301  0.0301  0.0301  0.0301  0.0301  0.0301  0.0301
  0.0302  0.0302  0.0301  0.0302  0.0301  0.0302  0.0302  0.0303  0.0301  0.0302  0.0301  0.0301
  0.0304  0.0303  0.0302  0.0304  0.0302  0.0304  0.0303  0.0306  0.0302  0.0303  0.0302  0.0301
    0.9781  -11.6685    3.6171   -0.1126  -22.8182   -5.6111
    0.2022    6.6311   -1.3935   25.8698   -1.8906  -33.5781
eta,q 0.96993  9.19971

---------------------------------------------------------------------
imgreg_4dfp /opt/freesurfer/average/711-2C_as_mni_average_305 /opt/freesurfer/average/711-2B_as_mni_average_305_mask talsrcimg_g11 none talsrcimg_to_711-2C_as_mni_average_305_t4 2311
---------------------------------------------------------------------

freesurfer imgreg_4dfp.c
/opt/freesurfer/average/711-2C_as_mni_average_305.4dfp.img
       256       256       256         1
  1.000000  1.000000  1.000000
orientation T byte_order littleendian
Reading image: /opt/freesurfer/average/711-2C_as_mni_average_305.4dfp.img
dimensions:      256       256       256
mmppix:       1.0000   -1.0000   -1.0000
center:     128.0000 -129.0000 -129.0000
/opt/freesurfer/average/711-2B_as_mni_average_305_mask.4dfp.img
       256       256       256         1
  1.000000  1.000000  1.000000
orientation T byte_order littleendian
Reading mask: /opt/freesurfer/average/711-2B_as_mni_average_305_mask.4dfp.img (2306576 pixels)
talsrcimg_g11.4dfp.img
       256       256       256         1
  1.000000  1.000000  1.000000
orientation T byte_order littleendian
Reading image: talsrcimg_g11.4dfp.img
dimensions:      256       256       256
mmppix:       1.0000   -1.0000   -1.0000
center:     128.0000 -129.0000 -129.0000
fimgreg.f
image alignment mode   2311 decimal      907 hex
parameters
    0.9781  -11.6685    3.6171   -0.1126  -22.8182   -5.6111
    0.2022    6.6311   -1.3935   25.8698   -1.8906  -33.5781
eta,q 0.96993  9.19971
niter,ni,del,rscale     5    3    5.0000    0.8000
parameters
    0.9784  -11.6769    3.6928   -0.9509  -22.9006   -6.2967
    0.1907    6.5880   -1.3567   25.8686   -1.8063  -33.1384
eta,q 0.96981  9.13398
  0.0313  0.0308  0.0307  0.0306  0.0307  0.0308  0.0311  0.0316  0.0308  0.0311  0.0305  0.0305
  0.0306  0.0304  0.0304  0.0304  0.0304  0.0306  0.0306  0.0309  0.0305  0.0307  0.0303  0.0304
  0.0302  0.0301  0.0301  0.0302  0.0302  0.0303  0.0303  0.0304  0.0303  0.0304  0.0302  0.0303
  0.0301  0.0301  0.0301  0.0301  0.0301  0.0301  0.0302  0.0302  0.0302  0.0302  0.0302  0.0302
  0.0302  0.0302  0.0301  0.0302  0.0302  0.0302  0.0303  0.0304  0.0303  0.0303  0.0302  0.0302
  0.0306  0.0304  0.0303  0.0307  0.0304  0.0307  0.0306  0.0309  0.0305  0.0306  0.0303  0.0303
  0.0313  0.0308  0.0306  0.0316  0.0308  0.0319  0.0311  0.0317  0.0308  0.0312  0.0305  0.0305
niter,ni,del,rscale     4    3    5.0000    0.7000
parameters
    1.0051  -11.6915    3.5949   -0.6494  -22.8871   -6.2768
    0.2041    6.6283   -1.3769   25.8558   -1.7840  -33.2566
eta,q 0.96984  9.14808
  0.0311  0.0308  0.0305  0.0306  0.0306  0.0308  0.0309  0.0314  0.0306  0.0308  0.0304  0.0304
  0.0306  0.0304  0.0303  0.0305  0.0304  0.0306  0.0305  0.0307  0.0304  0.0305  0.0303  0.0303
  0.0303  0.0303  0.0302  0.0304  0.0302  0.0304  0.0302  0.0303  0.0302  0.0303  0.0302  0.0302
  0.0302  0.0302  0.0302  0.0302  0.0302  0.0302  0.0302  0.0302  0.0302  0.0302  0.0302  0.0302
  0.0303  0.0303  0.0303  0.0301  0.0302  0.0301  0.0302  0.0303  0.0302  0.0302  0.0302  0.0302
  0.0306  0.0305  0.0304  0.0302  0.0304  0.0304  0.0305  0.0307  0.0304  0.0304  0.0303  0.0303
  0.0310  0.0308  0.0306  0.0307  0.0306  0.0310  0.0308  0.0313  0.0307  0.0309  0.0304  0.0304
niter,ni,del,rscale     3    3    5.0000    0.6000
parameters
    0.9964  -11.6949    3.5654   -0.3550  -22.8064   -6.0613
    0.2257    6.6302   -1.3951   25.8368   -1.8053  -33.4179
eta,q 0.96989  9.17307
  0.0308  0.0306  0.0304  0.0306  0.0305  0.0307  0.0307  0.0311  0.0305  0.0306  0.0303  0.0303
  0.0304  0.0304  0.0303  0.0304  0.0303  0.0305  0.0304  0.0306  0.0303  0.0304  0.0302  0.0302
  0.0302  0.0302  0.0302  0.0303  0.0302  0.0303  0.0302  0.0302  0.0301  0.0302  0.0301  0.0301
  0.0302  0.0302  0.0302  0.0302  0.0301  0.0301  0.0301  0.0301  0.0301  0.0301  0.0301  0.0301
  0.0302  0.0302  0.0302  0.0301  0.0302  0.0301  0.0302  0.0302  0.0302  0.0302  0.0301  0.0301
  0.0305  0.0304  0.0303  0.0302  0.0303  0.0303  0.0304  0.0305  0.0303  0.0303  0.0302  0.0302
  0.0308  0.0306  0.0304  0.0306  0.0305  0.0307  0.0306  0.0311  0.0305  0.0307  0.0303  0.0303
niter,ni,del,rscale     2    3    5.0000    0.5000
parameters
    0.9830  -11.7046    3.5844   -0.1211  -22.7054   -5.8164
    0.2378    6.6258   -1.3983   25.7806   -1.8053  -33.4942
eta,q 0.96992  9.19554
  0.0306  0.0304  0.0303  0.0305  0.0303  0.0305  0.0305  0.0308  0.0303  0.0304  0.0302  0.0302
  0.0303  0.0302  0.0302  0.0304  0.0302  0.0304  0.0303  0.0304  0.0302  0.0302  0.0302  0.0301
  0.0302  0.0301  0.0301  0.0302  0.0301  0.0302  0.0301  0.0302  0.0301  0.0301  0.0301  0.0301
  0.0301  0.0301  0.0301  0.0301  0.0301  0.0301  0.0301  0.0301  0.0301  0.0301  0.0301  0.0301
  0.0302  0.0301  0.0301  0.0301  0.0301  0.0301  0.0301  0.0302  0.0301  0.0301  0.0301  0.0301
  0.0303  0.0303  0.0302  0.0302  0.0302  0.0302  0.0303  0.0304  0.0302  0.0302  0.0302  0.0301
  0.0306  0.0304  0.0303  0.0305  0.0303  0.0305  0.0305  0.0308  0.0303  0.0305  0.0302  0.0302
niter,ni,del,rscale     1    3    5.0000    0.4000
parameters
    0.9726  -11.7268    3.6304    0.0423  -22.6382   -5.6020
    0.2395    6.6185   -1.4006   25.6920   -1.8397  -33.4174
eta,q 0.96994  9.20969
  0.0304  0.0303  0.0302  0.0304  0.0302  0.0304  0.0303  0.0305  0.0302  0.0303  0.0302  0.0301
  0.0302  0.0302  0.0302  0.0302  0.0301  0.0303  0.0302  0.0303  0.0301  0.0302  0.0301  0.0301
  0.0301  0.0301  0.0301  0.0301  0.0301  0.0302  0.0301  0.0301  0.0301  0.0301  0.0301  0.0301
  0.0301  0.0301  0.0301  0.0301  0.0301  0.0301  0.0301  0.0301  0.0301  0.0301  0.0301  0.0301
  0.0301  0.0301  0.0301  0.0301  0.0301  0.0301  0.0301  0.0301  0.0301  0.0301  0.0301  0.0301
  0.0302  0.0302  0.0301  0.0302  0.0301  0.0302  0.0302  0.0303  0.0301  0.0302  0.0301  0.0301
  0.0304  0.0303  0.0302  0.0303  0.0302  0.0304  0.0303  0.0306  0.0302  0.0303  0.0302  0.0301
registration optimization eta report
parameter search radius
    0.8000    0.8000    0.8000    2.4000    2.4000    2.4000
    2.4000    2.4000    2.4000    2.4000    2.4000    2.4000
100000*second partial in parameter space
       50.       30.       21.        5.        2.        5.
        4.        9.        3.        4.        2.        1.
  0.0304  0.0303  0.0302  0.0304  0.0302  0.0304  0.0303  0.0305  0.0302  0.0303  0.0302  0.0301
  0.0302  0.0302  0.0302  0.0302  0.0301  0.0303  0.0302  0.0303  0.0301  0.0302  0.0301  0.0301
  0.0301  0.0301  0.0301  0.0301  0.0301  0.0302  0.0301  0.0301  0.0301  0.0301  0.0301  0.0301
  0.0301  0.0301  0.0301  0.0301  0.0301  0.0301  0.0301  0.0301  0.0301  0.0301  0.0301  0.0301
  0.0301  0.0301  0.0301  0.0301  0.0301  0.0301  0.0301  0.0301  0.0301  0.0301  0.0301  0.0301
  0.0302  0.0302  0.0301  0.0302  0.0301  0.0302  0.0302  0.0303  0.0301  0.0302  0.0301  0.0301
  0.0304  0.0303  0.0302  0.0303  0.0302  0.0304  0.0303  0.0306  0.0302  0.0303  0.0302  0.0301
    0.9726  -11.7268    3.6304    0.0423  -22.6382   -5.6020
    0.2395    6.6185   -1.4006   25.6920   -1.8397  -33.4174
eta,q 0.96994  9.20969

---------------------------------------------------------------------
compute_vox2vox talsrcimg talsrcimg_to_711-2C_as_mni_average_305_t4 /opt/freesurfer/average/711-2C_as_mni_average_305
---------------------------------------------------------------------

freesurfer compute_vox2vox.c
Reading: talsrcimg.4dfp.ifh
Reading: talsrcimg_to_711-2C_as_mni_average_305_t4
Reading: /opt/freesurfer/average/711-2C_as_mni_average_305.4dfp.ifh
Writing: talsrcimg_to_711-2C_as_mni_average_305_t4_vox2vox.txt

start time Thu Mar 12 02:33:00 CET 2026
end		time Thu Mar 12 02:34:34 CET 2026

mpr2mni305 success

avi2talxfm orig_nu.mgz /opt/freesurfer/average/mni305.cor.mgz talsrcimg_to_711-2C_as_mni_average_305_t4_vox2vox.txt transforms/talairach.auto.xfm
avi2talxfm done
mv -f /out/sourcedata/freesurfer/sub-v1s10x0051017_ses-1/mri/talsrcimg_to_711-2C_as_mni_average_305_t4_vox2vox.txt /out/sourcedata/freesurfer/sub-v1s10x0051017_ses-1/mri/transforms/talsrcimg_to_711-2C_as_mni_average_305_t4_vox2vox.txt
lta_convert --src orig_nu.mgz --trg /opt/freesurfer/average/mni305.cor.mgz --inxfm transforms/talairach.auto.xfm --outlta transforms/talairach.auto.xfm.lta --subject fsaverage
7.3.2

--src: orig_nu.mgz src image (geometry).
--trg: /opt/freesurfer/average/mni305.cor.mgz trg image (geometry).
--inmni: transforms/talairach.auto.xfm input MNI/XFM transform.
--outlta: transforms/talairach.auto.xfm.lta output LTA.
--s: fsaverage subject name
 LTA read, type : 1
 0.99802  -0.06186  -0.02981   2.59911;
 0.02313   0.94647   0.40877   0.01109;
 0.01039  -0.31544   1.15633   13.57700;
 0.00000   0.00000   0.00000   1.00000;
setting subject to fsaverage
Writing  LTA to file transforms/talairach.auto.xfm.lta...
lta_convert successful.
 
 
Started at Thu Mar 12 02:33:00 CET 2026
Ended   at Thu Mar 12 02:34:34 CET 2026
talairach_avi done
