status file for recon-all
Thu Mar 12 03:13:03 CET 2026
#@# Tessellate lh Thu Mar 12 03:13:03 CET 2026
#@# Smooth1 lh Thu Mar 12 03:13:07 CET 2026
#@# Inflation1 lh Thu Mar 12 03:13:10 CET 2026
#@# QSphere lh Thu Mar 12 03:13:23 CET 2026
#@# Fix Topology lh Thu Mar 12 03:14:33 CET 2026
#@# Smooth2 lh Thu Mar 12 03:22:31 CET 2026
#@# Inflation2 lh Thu Mar 12 03:22:35 CET 2026
#@# Curv .H and .K lh Thu Mar 12 03:22:48 CET 2026
#@# Sphere lh Thu Mar 12 03:23:43 CET 2026
#@# Surf Reg lh Thu Mar 12 03:25:59 CET 2026
#@# Jacobian white lh Thu Mar 12 03:30:03 CET 2026
#@# AvgCurv lh Thu Mar 12 03:30:04 CET 2026
#@# Cortical Parc lh Thu Mar 12 03:30:05 CET 2026
#@# white curv lh Thu Mar 12 03:36:54 CET 2026
#@# white area lh Thu Mar 12 03:36:56 CET 2026
#@# pial curv lh Thu Mar 12 03:36:57 CET 2026
#@# pial area lh Thu Mar 12 03:36:59 CET 2026
#@# thickness lh Thu Mar 12 03:37:00 CET 2026
#@# area and vertex vol lh Thu Mar 12 03:37:36 CET 2026
#@# Curvature Stats lh Thu Mar 12 03:37:38 CET 2026
#@# Cortical Parc 2 lh Thu Mar 12 03:37:41 CET 2026
#@# Cortical Parc 3 lh Thu Mar 12 03:37:56 CET 2026
#@# WM/GM Contrast lh Thu Mar 12 03:38:07 CET 2026
recon-all -s sub-v1s10x0050990_ses-1 finished without error at Thu Mar 12 03:38:12 CET 2026



#New# invocation of recon-all 



status file for recon-all
Thu Mar 12 04:09:36 CET 2026
#@# white curv lh Thu Mar 12 04:09:36 CET 2026
#@# white area lh Thu Mar 12 04:09:36 CET 2026
#@# pial curv lh Thu Mar 12 04:09:36 CET 2026
#@# pial area lh Thu Mar 12 04:09:36 CET 2026
#@# thickness lh Thu Mar 12 04:09:36 CET 2026
#@# area and vertex vol lh Thu Mar 12 04:09:36 CET 2026
#@# Parcellation Stats lh Thu Mar 12 04:09:36 CET 2026
#@# Parcellation Stats 2 lh Thu Mar 12 04:10:00 CET 2026
#@# Parcellation Stats 3 lh Thu Mar 12 04:10:12 CET 2026
#@# BA_exvivo Labels lh Thu Mar 12 04:10:24 CET 2026
recon-all -s sub-v1s10x0050990_ses-1 finished without error at Thu Mar 12 04:13:18 CET 2026
