status file for recon-all
Thu Mar 12 09:46:57 CET 2026
#@# MotionCor Thu Mar 12 09:46:58 CET 2026
#@# Talairach Thu Mar 12 09:47:07 CET 2026
#@# Talairach Failure Detection Thu Mar 12 09:51:32 CET 2026
#@# Nu Intensity Correction Thu Mar 12 09:51:32 CET 2026
#@# Intensity Normalization Thu Mar 12 09:54:47 CET 2026
recon-all -s sub-v1s10x0051152_ses-1 finished without error at Thu Mar 12 09:56:12 CET 2026



#New# invocation of recon-all 



status file for recon-all
Thu Mar 12 10:02:59 CET 2026
#@# EM Registration Thu Mar 12 10:02:59 CET 2026
recon-all -s sub-v1s10x0051152_ses-1 finished without error at Thu Mar 12 10:04:39 CET 2026



#New# invocation of recon-all 



status file for recon-all
Thu Mar 12 10:04:41 CET 2026
#@# CA Normalize Thu Mar 12 10:04:41 CET 2026
#@# CA Reg Thu Mar 12 10:05:58 CET 2026
#@# SubCort Seg Thu Mar 12 11:01:21 CET 2026
#@# CC Seg Thu Mar 12 11:31:06 CET 2026
#@# Merge ASeg Thu Mar 12 11:31:43 CET 2026
#@# Intensity Normalization2 Thu Mar 12 11:31:43 CET 2026
#@# Mask BFS Thu Mar 12 11:33:50 CET 2026
#@# WM Segmentation Thu Mar 12 11:33:51 CET 2026
#@# Fill Thu Mar 12 11:35:50 CET 2026
recon-all -s sub-v1s10x0051152_ses-1 finished without error at Thu Mar 12 11:36:51 CET 2026



#New# invocation of recon-all 



status file for recon-all
Thu Mar 12 12:30:17 CET 2026
#@# white curv lh Thu Mar 12 12:30:17 CET 2026
#@# white area lh Thu Mar 12 12:30:17 CET 2026
#@# pial curv lh Thu Mar 12 12:30:17 CET 2026
#@# pial area lh Thu Mar 12 12:30:17 CET 2026
#@# thickness lh Thu Mar 12 12:30:17 CET 2026
#@# area and vertex vol lh Thu Mar 12 12:30:17 CET 2026
#@# white curv rh Thu Mar 12 12:30:17 CET 2026
#@# white area rh Thu Mar 12 12:30:17 CET 2026
#@# pial curv rh Thu Mar 12 12:30:17 CET 2026
#@# pial area rh Thu Mar 12 12:30:17 CET 2026
#@# thickness rh Thu Mar 12 12:30:17 CET 2026
#@# area and vertex vol rh Thu Mar 12 12:30:17 CET 2026
#@# Cortical ribbon mask Thu Mar 12 12:30:17 CET 2026
recon-all -s sub-v1s10x0051152_ses-1 finished without error at Thu Mar 12 12:35:43 CET 2026



#New# invocation of recon-all 



status file for recon-all
Thu Mar 12 12:42:38 CET 2026
#@# white curv lh Thu Mar 12 12:42:38 CET 2026
#@# white area lh Thu Mar 12 12:42:38 CET 2026
#@# pial curv lh Thu Mar 12 12:42:38 CET 2026
#@# pial area lh Thu Mar 12 12:42:38 CET 2026
#@# thickness lh Thu Mar 12 12:42:38 CET 2026
#@# area and vertex vol lh Thu Mar 12 12:42:38 CET 2026
#@# white curv rh Thu Mar 12 12:42:38 CET 2026
#@# white area rh Thu Mar 12 12:42:38 CET 2026
#@# pial curv rh Thu Mar 12 12:42:38 CET 2026
#@# pial area rh Thu Mar 12 12:42:38 CET 2026
#@# thickness rh Thu Mar 12 12:42:38 CET 2026
#@# area and vertex vol rh Thu Mar 12 12:42:38 CET 2026
#@# Curvature Stats lh Thu Mar 12 12:42:38 CET 2026
#@# Curvature Stats rh Thu Mar 12 12:42:40 CET 2026
#@# Relabel Hypointensities Thu Mar 12 12:42:43 CET 2026
#@# APas-to-ASeg Thu Mar 12 12:42:59 CET 2026
#@# AParc-to-ASeg aparc Thu Mar 12 12:43:07 CET 2026
#@# AParc-to-ASeg aparc.a2009s Thu Mar 12 12:43:45 CET 2026
#@# AParc-to-ASeg aparc.DKTatlas Thu Mar 12 12:44:22 CET 2026
#@# WMParc Thu Mar 12 12:44:54 CET 2026
#@# ASeg Stats Thu Mar 12 12:48:35 CET 2026
recon-all -s sub-v1s10x0051152_ses-1 finished without error at Thu Mar 12 12:49:13 CET 2026
