/out/sourcedata/freesurfer/sub-v1s10x0050995_ses-1/mri
/opt/freesurfer/bin/talairach_avi
--i orig_nu.mgz --xfm transforms/talairach.auto.xfm
talairach_avi 7.3.2
Linux dna013 5.14.0-427.37.1.el9_4.x86_64 #1 SMP PREEMPT_DYNAMIC Fri Sep 13 12:41:50 EDT 2024 x86_64 x86_64 x86_64 GNU/Linux
Thu Mar 12 01:48:30 CET 2026
mri_convert orig_nu.mgz talsrcimg.img 
reading from orig_nu.mgz...
TR=0.00, TE=0.00, TI=0.00, flip angle=0.00
i_ras = (-1, 0, 0)
j_ras = (0, 0, -1)
k_ras = (0, 1, 0)
writing to talsrcimg.img...
Analyze Output Matrix
-1.00000   0.00000   0.00000   129.66513;
 0.00000   0.00000   1.00000  -128.00000;
 0.00000  -1.00000   0.00000   130.00000;
 0.00000   0.00000   0.00000   1.00000;
--------------------
INFO: set hdr.hist.orient to -1
mpr2mni305 talsrcimg
Thu Mar 12 01:48:30 CET 2026
/opt/freesurfer/bin/mpr2mni305 talsrcimg
mpr2mni305 7.3.2
target=711-2C_as_mni_average_305

---------------------------------------------------------------------
analyzeto4dfp talsrcimg -O0 -y
---------------------------------------------------------------------

freesurfer ifh2hdr.c
Thu Mar 12 01:48:31 2026
Writing: talsrcimg.4dfp.hdr
freesurfer analyzeto4dfp.c
Reading: talsrcimg.hdr
header size 348 bytes
hdr.dime.datatype	offset=70	value=2
hdr.dime.bitpix		offset=72	value=8
hdr.hist.orient		offset=252	value=-1
dimensionality     4
dimensions       256       256       256         1
Reading: talsrcimg.img
Writing: talsrcimg.4dfp.img
Writing: talsrcimg.4dfp.ifh
ifh2hdr talsrcimg -r0to211
ori=2

---------------------------------------------------------------------
gauss_4dfp talsrcimg 1.1
---------------------------------------------------------------------

freesurfer gauss_4dfp.c
Reading: talsrcimg.4dfp.img
Writing: talsrcimg_g11.4dfp.img
image dimensions 256 256 256 padded to 288 288 288
processing volume 1freesurfer ifh2hdr.c
Thu Mar 12 01:48:32 2026
Writing: talsrcimg_g11.4dfp.hdr

Writing: talsrcimg_g11.4dfp.ifh
including: talsrcimg.4dfp.img.rec in talsrcimg_g11.4dfp.img.rec

---------------------------------------------------------------------
imgreg_4dfp /opt/freesurfer/average/711-2C_as_mni_average_305 none talsrcimg_g11 none talsrcimg_to_711-2C_as_mni_average_305_t4 4355
---------------------------------------------------------------------

freesurfer imgreg_4dfp.c
/opt/freesurfer/average/711-2C_as_mni_average_305.4dfp.img
       256       256       256         1
  1.000000  1.000000  1.000000
orientation T byte_order littleendian
Reading image: /opt/freesurfer/average/711-2C_as_mni_average_305.4dfp.img
dimensions:      256       256       256
mmppix:       1.0000   -1.0000   -1.0000
center:     128.0000 -129.0000 -129.0000
talsrcimg_g11.4dfp.img
       256       256       256         1
  1.000000  1.000000  1.000000
orientation T byte_order littleendian
Reading image: talsrcimg_g11.4dfp.img
dimensions:      256       256       256
mmppix:       1.0000   -1.0000   -1.0000
center:     128.0000 -129.0000 -129.0000
t4_read: open error in t4_sub.f l:  41 t4_file(1:l)talsrcimg_to_711-2C_as_mni_average_305_t4 
t4_read: transform initialized to I4
rotation matrix determinant  1.000000
image alignment mode   4355 decimal     1103 hex
   -7.5000  -45.0000  -45.0000 8838.0293   16.2076
    0.0000  -45.0000  -45.0000 9207.0439   16.2355
    7.5000  -45.0000  -45.0000 8781.2461   16.2417
   -7.5000  -37.5000  -45.0000 9378.6875   16.1523
    0.0000  -37.5000  -45.0000 9797.7979   16.1779
    7.5000  -37.5000  -45.0000 9314.3857   16.1852
   -7.5000  -30.0000  -45.000010195.2988   16.1119
    0.0000  -30.0000  -45.000010662.7510   16.1401
    7.5000  -30.0000  -45.000010116.2295   16.1418
   -7.5000  -22.5000  -45.000010950.6143   16.1134
    0.0000  -22.5000  -45.000011453.4248   16.1481
    7.5000  -22.5000  -45.000010856.5615   16.1439
   -7.5000  -15.0000  -45.000011633.6562   16.1329
    0.0000  -15.0000  -45.000012133.6738   16.1706
    7.5000  -15.0000  -45.000011506.0137   16.1649
   -7.5000   -7.5000  -45.000012245.4854   16.1535
    0.0000   -7.5000  -45.000012771.5498   16.1866
    7.5000   -7.5000  -45.000012091.6035   16.1855
   -7.5000    0.0000  -45.000012685.0029   16.1541
    0.0000    0.0000  -45.000013244.7480   16.1813
    7.5000    0.0000  -45.000012551.5488   16.1870
   -7.5000    7.5000  -45.000012239.9912   16.1319
    0.0000    7.5000  -45.000012771.9756   16.1571
    7.5000    7.5000  -45.000012077.8916   16.1641
   -7.5000   15.0000  -45.000011668.7256   16.1118
    0.0000   15.0000  -45.000012158.8564   16.1401
    7.5000   15.0000  -45.000011498.0732   16.1417
   -7.5000   22.5000  -45.000010945.4844   16.1112
    0.0000   22.5000  -45.000011391.4111   16.1459
    7.5000   22.5000  -45.000010767.1807   16.1416
   -7.5000   30.0000  -45.000010124.5566   15.9179
    0.0000   30.0000  -45.000010511.0537   15.9551
    7.5000   30.0000  -45.0000 9939.2451   15.9495
   -7.5000   37.5000  -45.0000 9656.5312   15.9387
    0.0000   37.5000  -45.0000 9988.5234   15.9715
    7.5000   37.5000  -45.0000 9452.8057   15.9704
   -7.5000   45.0000  -45.0000 8803.0059   15.5498
    0.0000   45.0000  -45.0000 9105.0234   15.5761
    7.5000   45.0000  -45.0000 8610.4062   15.5816
   -7.5000  -45.0000  -37.5000 9303.7256   16.1650
    0.0000  -45.0000  -37.5000 9686.8633   16.1981
    7.5000  -45.0000  -37.5000 9242.8096   16.2090
   -7.5000  -37.5000  -37.5000 9853.6709   16.1084
    0.0000  -37.5000  -37.500010277.1699   16.1402
    7.5000  -37.5000  -37.5000 9780.4512   16.1545
   -7.5000  -30.0000  -37.500010719.0205   16.0716
    0.0000  -30.0000  -37.500011176.5459   16.1056
    7.5000  -30.0000  -37.500010618.8115   16.1145
   -7.5000  -22.5000  -37.500011513.6211   16.0790
    0.0000  -22.5000  -37.500012018.1455   16.1167
    7.5000  -22.5000  -37.500011395.8262   16.1172
   -7.5000  -15.0000  -37.500012204.5264   16.1008
    0.0000  -15.0000  -37.500012738.7070   16.1396
    7.5000  -15.0000  -37.500012066.1895   16.1357
   -7.5000   -7.5000  -37.500012830.3516   16.1171
    0.0000   -7.5000  -37.500013390.5830   16.1529
    7.5000   -7.5000  -37.500012641.1025   16.1538
   -7.5000    0.0000  -37.500013311.0586   16.1119
    0.0000    0.0000  -37.500013875.3242   16.1443
    7.5000    0.0000  -37.500013110.0742   16.1547
   -7.5000    7.5000  -37.500012795.5977   16.0881
    0.0000    7.5000  -37.500013326.8398   16.1197
    7.5000    7.5000  -37.500012583.9844   16.1336
   -7.5000   15.0000  -37.500012175.6035   16.0716
    0.0000   15.0000  -37.500012681.6777   16.1055
    7.5000   15.0000  -37.500011977.2646   16.1144
   -7.5000   22.5000  -37.500011405.9775   16.0768
    0.0000   22.5000  -37.500011868.8965   16.1144
    7.5000   22.5000  -37.500011202.8906   16.1150
   -7.5000   30.0000  -37.500010497.0107   15.8862
    0.0000   30.0000  -37.500010902.6299   15.9245
    7.5000   30.0000  -37.500010297.1738   15.9207
   -7.5000   37.5000  -37.5000 9991.2773   15.9029
    0.0000   37.5000  -37.500010356.0029   15.9383
    7.5000   37.5000  -37.5000 9790.5088   15.9391
   -7.5000   45.0000  -37.5000 9117.2334   15.5093
    0.0000   45.0000  -37.5000 9446.9092   15.5407
    7.5000   45.0000  -37.5000 8902.1777   15.5508
   -7.5000  -45.0000  -30.0000 9920.0850   16.8385
    0.0000  -45.0000  -30.000010365.4648   16.8732
    7.5000  -45.0000  -30.0000 9853.8740   16.8880
   -7.5000  -37.5000  -30.000010511.7041   16.7873
    0.0000  -37.5000  -30.000010970.6270   16.8222
    7.5000  -37.5000  -30.000010423.8672   16.8407
   -7.5000  -30.0000  -30.000011451.7373   16.7575
    0.0000  -30.0000  -30.000011953.3877   16.7945
    7.5000  -30.0000  -30.000011344.3955   16.8070
   -7.5000  -22.5000  -30.000012295.1973   16.7655
    0.0000  -22.5000  -30.000012847.1504   16.8037
    7.5000  -22.5000  -30.000012165.2920   16.8063
   -7.5000  -15.0000  -30.000013028.4443   16.7812
    0.0000  -15.0000  -30.000013616.5430   16.8181
    7.5000  -15.0000  -30.000012848.3887   16.8153
   -7.5000   -7.5000  -30.000013670.0771   16.7898
    0.0000   -7.5000  -30.000014293.4580   16.8249
    7.5000   -7.5000  -30.000013453.4502   16.8282
   -7.5000    0.0000  -30.000014176.9902   16.7831
    0.0000    0.0000  -30.000014811.8926   16.8172
    7.5000    0.0000  -30.000013937.2197   16.8314
   -7.5000    7.5000  -30.000013602.3506   16.7663
    0.0000    7.5000  -30.000014186.4697   16.8009
    7.5000    7.5000  -30.000013366.0361   16.8189
   -7.5000   15.0000  -30.000012938.8115   16.7574
    0.0000   15.0000  -30.000013466.5850   16.7944
    7.5000   15.0000  -30.000012706.8506   16.8069
   -7.5000   22.5000  -30.000012105.0498   16.7615
    0.0000   22.5000  -30.000012581.4600   16.7997
    7.5000   22.5000  -30.000011867.7373   16.8023
   -7.5000   30.0000  -30.000011130.2354   16.5591
    0.0000   30.0000  -30.000011551.2725   16.5955
    7.5000   30.0000  -30.000010906.1641   16.5928
   -7.5000   37.5000  -30.000010587.0518   16.5684
    0.0000   37.5000  -30.000010985.7197   16.6030
    7.5000   37.5000  -30.000010377.7158   16.6063
   -7.5000   45.0000  -30.0000 9629.9297   16.1677
    0.0000   45.0000  -30.0000 9976.4639   16.2007
    7.5000   45.0000  -30.0000 9416.5537   16.2146
   -7.5000  -45.0000  -22.500010551.8545   17.4222
    0.0000  -45.0000  -22.500011026.6689   17.4513
    7.5000  -45.0000  -22.500010454.3350   17.4642
   -7.5000  -37.5000  -22.500011154.8789   17.3789
    0.0000  -37.5000  -22.500011649.7285   17.4091
    7.5000  -37.5000  -22.500011053.0381   17.4236
   -7.5000  -30.0000  -22.500012149.5918   17.3528
    0.0000  -30.0000  -22.500012681.7285   17.3867
    7.5000  -30.0000  -22.500012021.4219   17.3944
   -7.5000  -22.5000  -22.500013055.5068   17.3557
    0.0000  -22.5000  -22.500013632.6230   17.3908
    7.5000  -22.5000  -22.500012875.4004   17.3897
   -7.5000  -15.0000  -22.500013842.2861   17.3622
    0.0000  -15.0000  -22.500014471.7256   17.3948
    7.5000  -15.0000  -22.500013633.5488   17.3905
   -7.5000   -7.5000  -22.500014513.0996   17.3670
    0.0000   -7.5000  -22.500015150.3799   17.3968
    7.5000   -7.5000  -22.500014279.6074   17.3996
   -7.5000    0.0000  -22.500015050.9512   17.3648
    0.0000    0.0000  -22.500015696.6719   17.3932
    7.5000    0.0000  -22.500014756.5527   17.4056
   -7.5000    7.5000  -22.500014396.6846   17.3570
    0.0000    7.5000  -22.500015022.9248   17.3869
    7.5000    7.5000  -22.500014137.7930   17.4011
   -7.5000   15.0000  -22.500013641.5684   17.3527
    0.0000   15.0000  -22.500014200.8604   17.3866
    7.5000   15.0000  -22.500013399.3613   17.3943
   -7.5000   22.5000  -22.500012745.6455   17.3503
    0.0000   22.5000  -22.500013256.2148   17.3854
    7.5000   22.5000  -22.500012523.3584   17.3843
   -7.5000   30.0000  -22.500011765.4229   17.1351
    0.0000   30.0000  -22.500012219.0186   17.1673
    7.5000   30.0000  -22.500011526.8701   17.1630
   -7.5000   37.5000  -22.500011213.3770   17.1407
    0.0000   37.5000  -22.500011637.2979   17.1701
    7.5000   37.5000  -22.500010980.5195   17.1729
   -7.5000   45.0000  -22.500010182.8125   16.7407
    0.0000   45.0000  -22.500010544.9600   16.7684
    7.5000   45.0000  -22.5000 9973.9229   16.7803
   -7.5000  -45.0000  -15.000011135.8281   17.8369
    0.0000  -45.0000  -15.000011640.2393   17.8597
    7.5000  -45.0000  -15.000011039.5391   17.8678
   -7.5000  -37.5000  -15.000011783.5303   17.7949
    0.0000  -37.5000  -15.000012279.3525   17.8187
    7.5000  -37.5000  -15.000011662.7422   17.8261
   -7.5000  -30.0000  -15.000012817.3203   17.7655
    0.0000  -30.0000  -15.000013356.2930   17.7948
    7.5000  -30.0000  -15.000012682.3701   17.7952
   -7.5000  -22.5000  -15.000013759.0049   17.7631
    0.0000  -22.5000  -15.000014374.2129   17.7958
    7.5000  -22.5000  -15.000013608.4326   17.7901
   -7.5000  -15.0000  -15.000014635.5742   17.7668
    0.0000  -15.0000  -15.000015264.8682   17.7978
    7.5000  -15.0000  -15.000014420.0312   17.7921
   -7.5000   -7.5000  -15.000015332.0654   17.7747
    0.0000   -7.5000  -15.000015941.0840   17.8008
    7.5000   -7.5000  -15.000015103.3486   17.8017
   -7.5000    0.0000  -15.000015882.9619   17.7780
    0.0000    0.0000  -15.000016486.0391   17.8001
    7.5000    0.0000  -15.000015627.3047   17.8077
   -7.5000    7.5000  -15.000015161.7607   17.7723
    0.0000    7.5000  -15.000015768.3760   17.7959
    7.5000    7.5000  -15.000014941.2197   17.8030
   -7.5000   15.0000  -15.000014347.8721   17.7655
    0.0000   15.0000  -15.000014916.8584   17.7947
    7.5000   15.0000  -15.000014129.6621   17.7951
   -7.5000   22.5000  -15.000013433.6172   17.7568
    0.0000   22.5000  -15.000013957.5400   17.7895
    7.5000   22.5000  -15.000013246.4180   17.7838
   -7.5000   30.0000  -15.000012459.4014   17.5369
    0.0000   30.0000  -15.000012936.0713   17.5675
    7.5000   30.0000  -15.000012218.3223   17.5619
   -7.5000   37.5000  -15.000011892.6582   17.5455
    0.0000   37.5000  -15.000012344.6465   17.5713
    7.5000   37.5000  -15.000011609.6562   17.5721
   -7.5000   45.0000  -15.000010807.6250   17.1492
    0.0000   45.0000  -15.000011191.6621   17.1707
    7.5000   45.0000  -15.000010524.2139   17.1781
   -7.5000  -45.0000   -7.500011685.2617   18.0284
    0.0000  -45.0000   -7.500012184.7764   18.0526
    7.5000  -45.0000   -7.500011594.3213   18.0579
   -7.5000  -37.5000   -7.500012348.2852   17.9778
    0.0000  -37.5000   -7.500012868.2861   18.0010
    7.5000  -37.5000   -7.500012266.2344   18.0055
   -7.5000  -30.0000   -7.500013424.0254   17.9398
    0.0000  -30.0000   -7.500014013.4863   17.9680
    7.5000  -30.0000   -7.500013333.3652   17.9659
   -7.5000  -22.5000   -7.500014472.6113   17.9373
    0.0000  -22.5000   -7.500015126.8223   17.9719
    7.5000  -22.5000   -7.500014338.0420   17.9652
   -7.5000  -15.0000   -7.500015489.9717   17.9485
    0.0000  -15.0000   -7.500016110.8672   17.9845
    7.5000  -15.0000   -7.500015275.6855   17.9785
   -7.5000   -7.5000   -7.500016300.2422   17.9648
    0.0000   -7.5000   -7.500016798.5391   17.9949
    7.5000   -7.5000   -7.500016054.9355   17.9942
   -7.5000    0.0000   -7.500016864.8418   17.9690
    0.0000    0.0000   -7.500017327.6602   17.9925
    7.5000    0.0000   -7.500016607.7754   17.9973
   -7.5000    7.5000   -7.500016083.7627   17.9550
    0.0000    7.5000   -7.500016575.2871   17.9780
    7.5000    7.5000   -7.500015845.1035   17.9821
   -7.5000   15.0000   -7.500015185.7793   17.9397
    0.0000   15.0000   -7.500015734.2051   17.9679
    7.5000   15.0000   -7.500014924.1250   17.9658
   -7.5000   22.5000   -7.500014187.6582   17.9290
    0.0000   22.5000   -7.500014758.7842   17.9636
    7.5000   22.5000   -7.500013916.1699   17.9569
   -7.5000   30.0000   -7.500013140.5225   17.7158
    0.0000   30.0000   -7.500013690.4170   17.7513
    7.5000   30.0000   -7.500012848.8516   17.7454
   -7.5000   37.5000   -7.500012554.2627   17.7326
    0.0000   37.5000   -7.500013056.2695   17.7622
    7.5000   37.5000   -7.500012207.5391   17.7616
   -7.5000   45.0000   -7.500011392.0020   17.3363
    0.0000   45.0000   -7.500011829.9883   17.3591
    7.5000   45.0000   -7.500011085.3096   17.3638
   -7.5000  -45.0000    0.000012150.1924   18.0477
    0.0000  -45.0000    0.000012662.8555   18.0787
    7.5000  -45.0000    0.000012060.7920   18.0854
   -7.5000  -37.5000    0.000012790.4512   17.9864
    0.0000  -37.5000    0.000013280.8320   18.0151
    7.5000  -37.5000    0.000012728.8213   18.0231
   -7.5000  -30.0000    0.000013871.7549   17.9423
    0.0000  -30.0000    0.000014413.3750   17.9742
    7.5000  -30.0000    0.000013805.2588   17.9760
   -7.5000  -22.5000    0.000015071.8389   17.9448
    0.0000  -22.5000    0.000015719.7363   17.9836
    7.5000  -22.5000    0.000014925.8369   17.9791
   -7.5000  -15.0000    0.000016300.9209   17.9663
    0.0000  -15.0000    0.000016977.9062   18.0084
    7.5000  -15.0000    0.000016018.6387   18.0021
   -7.5000   -7.5000    0.000017242.2656   17.9884
    0.0000   -7.5000    0.000017893.0137   18.0253
    7.5000   -7.5000    0.000016916.7656   18.0239
   -7.5000    0.0000    0.000017785.8574   17.9884
    0.0000    0.0000    0.000018404.6113   18.0186
    7.5000    0.0000    0.000017478.9336   18.0248
   -7.5000    7.5000    0.000016902.7227   17.9638
    0.0000    7.5000    0.000017484.9648   17.9921
    7.5000    7.5000    0.000016562.6543   17.9998
   -7.5000   15.0000    0.000015846.6152   17.9422
    0.0000   15.0000    0.000016440.4062   17.9741
    7.5000   15.0000    0.000015536.4229   17.9759
   -7.5000   22.5000    0.000014793.5654   17.9365
    0.0000   22.5000    0.000015363.7773   17.9753
    7.5000   22.5000    0.000014486.9404   17.9708
   -7.5000   30.0000    0.000013684.1729   17.7338
    0.0000   30.0000    0.000014204.3945   17.7753
    7.5000   30.0000    0.000013388.1504   17.7691
   -7.5000   37.5000    0.000013040.6855   17.7562
    0.0000   37.5000    0.000013543.0723   17.7926
    7.5000   37.5000    0.000012713.4951   17.7912
   -7.5000   45.0000    0.000011842.2646   17.3561
    0.0000   45.0000    0.000012266.9834   17.3855
    7.5000   45.0000    0.000011524.6934   17.3915
   -7.5000  -45.0000    7.500011639.4971   18.0843
    0.0000  -45.0000    7.500012084.1670   18.1213
    7.5000  -45.0000    7.500011558.4727   18.1335
   -7.5000  -37.5000    7.500012285.8232   18.0213
    0.0000  -37.5000    7.500012751.4854   18.0570
    7.5000  -37.5000    7.500012201.9385   18.0729
   -7.5000  -30.0000    7.500013365.0312   17.9803
    0.0000  -30.0000    7.500013883.9043   18.0181
    7.5000  -30.0000    7.500013249.2188   18.0282
   -7.5000  -22.5000    7.500014557.6133   17.9882
    0.0000  -22.5000    7.500015168.2861   18.0302
    7.5000  -22.5000    7.500014322.3076   18.0308
   -7.5000  -15.0000    7.500015650.5293   18.0122
    0.0000  -15.0000    7.500016317.5586   18.0555
    7.5000  -15.0000    7.500015346.0801   18.0512
   -7.5000   -7.5000    7.500016425.2617   18.0305
    0.0000   -7.5000    7.500017173.5117   18.0705
    7.5000   -7.5000    7.500016176.9883   18.0715
   -7.5000    0.0000    7.500016954.4805   18.0249
    0.0000    0.0000    7.500017741.7422   18.0612
    7.5000    0.0000    7.500016748.2266   18.0728
   -7.5000    7.5000    7.500016230.5859   17.9987
    0.0000    7.5000    7.500016927.8848   18.0339
    7.5000    7.5000    7.500015961.5166   18.0495
   -7.5000   15.0000    7.500015263.5488   17.9802
    0.0000   15.0000    7.500015886.5176   18.0181
    7.5000   15.0000    7.500014987.3223   18.0281
   -7.5000   22.5000    7.500014230.5059   17.9799
    0.0000   22.5000    7.500014779.2090   18.0219
    7.5000   22.5000    7.500013970.0771   18.0225
   -7.5000   30.0000    7.500013103.8252   17.7791
    0.0000   30.0000    7.500013602.1016   17.8219
    7.5000   30.0000    7.500012888.5078   17.8176
   -7.5000   37.5000    7.500012453.8057   17.7978
    0.0000   37.5000    7.500012914.3486   17.8373
    7.5000   37.5000    7.500012227.1113   17.8383
   -7.5000   45.0000    7.500011353.8301   17.3917
    0.0000   45.0000    7.500011729.3809   17.4269
    7.5000   45.0000    7.500011064.5059   17.4382
   -7.5000  -45.0000   15.000010996.3232   18.1490
    0.0000  -45.0000   15.000011462.9443   18.1868
    7.5000  -45.0000   15.000010882.2119   18.2030
   -7.5000  -37.5000   15.000011637.0947   18.0937
    0.0000  -37.5000   15.000012120.1104   18.1318
    7.5000  -37.5000   15.000011516.0020   18.1520
   -7.5000  -30.0000   15.000012672.0010   18.0612
    0.0000  -30.0000   15.000013174.1064   18.1015
    7.5000  -30.0000   15.000012501.2812   18.1155
   -7.5000  -22.5000   15.000013736.2871   18.0695
    0.0000  -22.5000   15.000014277.2588   18.1111
    7.5000  -22.5000   15.000013503.4395   18.1144
   -7.5000  -15.0000   15.000014599.7920   18.0863
    0.0000  -15.0000   15.000015148.8672   18.1266
    7.5000  -15.0000   15.000014430.4707   18.1240
   -7.5000   -7.5000   15.000015287.8594   18.0960
    0.0000   -7.5000   15.000015867.8965   18.1342
    7.5000   -7.5000   15.000015201.6309   18.1382
   -7.5000    0.0000   15.000015872.5361   18.0891
    0.0000    0.0000   15.000016497.7930   18.1262
    7.5000    0.0000   15.000015759.3506   18.1419
   -7.5000    7.5000   15.000015266.7842   18.0710
    0.0000    7.5000   15.000015818.9600   18.1086
    7.5000    7.5000   15.000015055.2900   18.1285
   -7.5000   15.0000   15.000014395.6426   18.0611
    0.0000   15.0000   15.000014877.8105   18.1014
    7.5000   15.0000   15.000014140.7803   18.1154
   -7.5000   22.5000   15.000013407.3633   18.0612
    0.0000   22.5000   15.000013871.0332   18.1028
    7.5000   22.5000   15.000013207.0547   18.1061
   -7.5000   30.0000   15.000012371.5410   17.8523
    0.0000   30.0000   15.000012828.2471   17.8920
    7.5000   30.0000   15.000012193.7979   17.8894
   -7.5000   37.5000   15.000011759.7490   17.8625
    0.0000   37.5000   15.000012185.6934   17.9003
    7.5000   37.5000   15.000011568.2881   17.9042
   -7.5000   45.0000   15.000010689.6680   17.4541
    0.0000   45.0000   15.000011053.0547   17.4901
    7.5000   45.0000   15.000010487.8174   17.5054
   -7.5000  -45.0000   22.500010274.6152   18.3351
    0.0000  -45.0000   22.500010712.7783   18.3664
    7.5000  -45.0000   22.500010154.5137   18.3801
   -7.5000  -37.5000   22.500010855.0371   18.2884
    0.0000  -37.5000   22.500011290.0859   18.3210
    7.5000  -37.5000   22.500010728.6250   18.3365
   -7.5000  -30.0000   22.500011827.1670   18.2596
    0.0000  -30.0000   22.500012272.1719   18.2962
    7.5000  -30.0000   22.500011659.6436   18.3048
   -7.5000  -22.5000   22.500012767.2480   18.2621
    0.0000  -22.5000   22.500013253.5137   18.2999
    7.5000  -22.5000   22.500012584.0322   18.2994
   -7.5000  -15.0000   22.500013544.2168   18.2694
    0.0000  -15.0000   22.500014038.8633   18.3045
    7.5000  -15.0000   22.500013406.1064   18.3004
   -7.5000   -7.5000   22.500014247.8877   18.2755
    0.0000   -7.5000   22.500014774.7607   18.3076
    7.5000   -7.5000   22.500014137.9941   18.3108
   -7.5000    0.0000   22.500014850.8760   18.2738
    0.0000    0.0000   22.500015408.2949   18.3044
    7.5000    0.0000   22.500014706.3252   18.3176
   -7.5000    7.5000   22.500014280.0635   18.2651
    0.0000    7.5000   22.500014793.8438   18.2974
    7.5000    7.5000   22.500014103.1035   18.3125
   -7.5000   15.0000   22.500013452.7402   18.2595
    0.0000   15.0000   22.500013923.9609   18.2962
    7.5000   15.0000   22.500013275.3936   18.3047
   -7.5000   22.5000   22.500012500.8164   18.2537
    0.0000   22.5000   22.500012964.2949   18.2915
    7.5000   22.5000   22.500012364.3105   18.2909
   -7.5000   30.0000   22.500011560.6826   18.0329
    0.0000   30.0000   22.500011988.4238   18.0676
    7.5000   30.0000   22.500011405.6836   18.0636
   -7.5000   37.5000   22.500010990.1982   18.0399
    0.0000   37.5000   22.500011382.8164   18.0715
    7.5000   37.5000   22.500010842.6641   18.0747
   -7.5000   45.0000   22.5000 9953.8037   17.6326
    0.0000   45.0000   22.500010289.7959   17.6624
    7.5000   45.0000   22.5000 9825.9492   17.6751
   -7.5000  -45.0000   30.0000 9469.9219   18.6556
    0.0000  -45.0000   30.0000 9853.0713   18.6815
    7.5000  -45.0000   30.0000 9359.0508   18.6915
   -7.5000  -37.5000   30.000010005.4961   18.6097
    0.0000  -37.5000   30.000010431.9004   18.6367
    7.5000  -37.5000   30.0000 9899.4922   18.6458
   -7.5000  -30.0000   30.000010923.7109   18.5768
    0.0000  -30.0000   30.000011370.0811   18.6097
    7.5000  -30.0000   30.000010785.7578   18.6117
   -7.5000  -22.5000   30.000011793.6797   18.5735
    0.0000  -22.5000   30.000012267.8828   18.6100
    7.5000  -22.5000   30.000011651.6221   18.6059
   -7.5000  -15.0000   30.000012512.8701   18.5780
    0.0000  -15.0000   30.000012994.5322   18.6125
    7.5000  -15.0000   30.000012374.1064   18.6084
   -7.5000   -7.5000   30.000013180.6611   18.5878
    0.0000   -7.5000   30.000013672.0537   18.6170
    7.5000   -7.5000   30.000013040.4805   18.6197
   -7.5000    0.0000   30.000013737.2100   18.5920
    0.0000    0.0000   30.000014249.1123   18.6171
    7.5000    0.0000   30.000013618.1660   18.6266
   -7.5000    7.5000   30.000013208.6738   18.5854
    0.0000    7.5000   30.000013697.4180   18.6121
    7.5000    7.5000   30.000013101.0732   18.6209
   -7.5000   15.0000   30.000012471.6992   18.5767
    0.0000   15.0000   30.000012932.9629   18.6096
    7.5000   15.0000   30.000012353.4463   18.6116
   -7.5000   22.5000   30.000011617.0381   18.5649
    0.0000   22.5000   30.000012059.9229   18.6014
    7.5000   22.5000   30.000011502.8760   18.5973
   -7.5000   30.0000   30.000010723.2002   18.3376
    0.0000   30.0000   30.000011131.0264   18.3717
    7.5000   30.0000   30.000010625.0693   18.3676
   -7.5000   37.5000   30.000010203.6387   18.3475
    0.0000   37.5000   30.000010563.1836   18.3763
    7.5000   37.5000   30.000010076.1318   18.3790
   -7.5000   45.0000   30.0000 9217.4277   17.9370
    0.0000   45.0000   30.0000 9511.4033   17.9613
    7.5000   45.0000   30.0000 9081.6934   17.9704
   -7.5000  -45.0000   37.5000 9024.2705   19.1095
    0.0000  -45.0000   37.5000 9403.7227   19.1378
    7.5000  -45.0000   37.5000 8945.8799   19.1432
   -7.5000  -37.5000   37.5000 9562.3994   19.0542
    0.0000  -37.5000   37.5000 9972.0527   19.0806
    7.5000  -37.5000   37.5000 9459.5107   19.0847
   -7.5000  -30.0000   37.500010453.5137   19.0103
    0.0000  -30.0000   37.500010909.0381   19.0415
    7.5000  -30.0000   37.500010323.3906   19.0387
   -7.5000  -22.5000   37.500011276.7568   19.0044
    0.0000  -22.5000   37.500011756.7334   19.0429
    7.5000  -22.5000   37.500011148.4346   19.0354
   -7.5000  -15.0000   37.500011972.6758   19.0152
    0.0000  -15.0000   37.500012465.6816   19.0558
    7.5000  -15.0000   37.500011834.1143   19.0494
   -7.5000   -7.5000   37.500012611.4512   19.0350
    0.0000   -7.5000   37.500013081.4873   19.0697
    7.5000   -7.5000   37.500012447.9697   19.0691
   -7.5000    0.0000   37.500013142.7080   19.0428
    0.0000    0.0000   37.500013626.7002   19.0703
    7.5000    0.0000   37.500013007.4248   19.0752
   -7.5000    7.5000   37.500012651.6689   19.0287
    0.0000    7.5000   37.500013124.9775   19.0547
    7.5000    7.5000   37.500012540.7090   19.0585
   -7.5000   15.0000   37.500011959.5010   19.0101
    0.0000   15.0000   37.500012427.2070   19.0414
    7.5000   15.0000   37.500011850.2148   19.0385
   -7.5000   22.5000   37.500011155.6240   18.9957
    0.0000   22.5000   37.500011584.0127   19.0341
    7.5000   22.5000   37.500011033.5752   19.0266
   -7.5000   30.0000   37.500010304.3271   18.7691
    0.0000   30.0000   37.500010689.4473   18.8091
    7.5000   30.0000   37.500010200.1855   18.8029
   -7.5000   37.5000   37.5000 9801.2646   18.7887
    0.0000   37.5000   37.500010141.8604   18.8230
    7.5000   37.5000   37.5000 9676.2236   18.8223
   -7.5000   45.0000   37.5000 8844.3887   18.3674
    0.0000   45.0000   37.5000 9133.2715   18.3940
    7.5000   45.0000   37.5000 8717.3105   18.3987
   -7.5000  -45.0000   45.0000 8269.2539   19.6544
    0.0000  -45.0000   45.0000 8592.4502   19.6869
    7.5000  -45.0000   45.0000 8190.5000   19.6922
   -7.5000  -37.5000   45.0000 8775.4355   19.5845
    0.0000  -37.5000   45.0000 9116.1201   19.6134
    7.5000  -37.5000   45.0000 8667.4766   19.6205
   -7.5000  -30.0000   45.0000 9598.4355   19.5287
    0.0000  -30.0000   45.0000 9977.6924   19.5597
    7.5000  -30.0000   45.0000 9459.9590   19.5600
   -7.5000  -22.5000   45.000010354.5254   19.5250
    0.0000  -22.5000   45.000010747.0400   19.5633
    7.5000  -22.5000   45.000010199.0039   19.5560
   -7.5000  -15.0000   45.000010992.6084   19.5471
    0.0000  -15.0000   45.000011395.9072   19.5897
    7.5000  -15.0000   45.000010822.0645   19.5802
   -7.5000   -7.5000   45.000011555.9619   19.5768
    0.0000   -7.5000   45.000011975.9795   19.6153
    7.5000   -7.5000   45.000011386.1660   19.6111
   -7.5000    0.0000   45.000012050.8945   19.5836
    0.0000    0.0000   45.000012481.3975   19.6153
    7.5000    0.0000   45.000011898.6943   19.6199
   -7.5000    7.5000   45.000011616.7842   19.5574
    0.0000    7.5000   45.000012038.7471   19.5859
    7.5000    7.5000   45.000011486.7197   19.5926
   -7.5000   15.0000   45.000010993.0078   19.5286
    0.0000   15.0000   45.000011406.4648   19.5596
    7.5000   15.0000   45.000010864.7988   19.5599
   -7.5000   22.5000   45.000010272.1143   19.5160
    0.0000   22.5000   45.000010645.7549   19.5542
    7.5000   22.5000   45.000010122.2480   19.5470
   -7.5000   30.0000   45.0000 9480.4375   19.2924
    0.0000   30.0000   45.0000 9828.4229   19.3345
    7.5000   30.0000   45.0000 9365.6885   19.3251
   -7.5000   37.5000   45.0000 9007.2383   19.3218
    0.0000   37.5000   45.0000 9325.1309   19.3597
    7.5000   37.5000   45.0000 8899.4395   19.3556
   -7.5000   45.0000   45.0000 8140.7368   18.8933
    0.0000   45.0000   45.0000 8405.9316   18.9239
    7.5000   45.0000   45.0000 8030.0508   18.9284

---------------------------------------------------------------------
imgreg_4dfp /opt/freesurfer/average/711-2C_as_mni_average_305 /opt/freesurfer/average/711-2B_as_mni_average_305_mask talsrcimg_g11 none talsrcimg_to_711-2C_as_mni_average_305_t4 4355
---------------------------------------------------------------------

freesurfer imgreg_4dfp.c
/opt/freesurfer/average/711-2C_as_mni_average_305.4dfp.img
       256       256       256         1
  1.000000  1.000000  1.000000
orientation T byte_order littleendian
Reading image: /opt/freesurfer/average/711-2C_as_mni_average_305.4dfp.img
dimensions:      256       256       256
mmppix:       1.0000   -1.0000   -1.0000
center:     128.0000 -129.0000 -129.0000
/opt/freesurfer/average/711-2B_as_mni_average_305_mask.4dfp.img
       256       256       256         1
  1.000000  1.000000  1.000000
orientation T byte_order littleendian
Reading mask: /opt/freesurfer/average/711-2B_as_mni_average_305_mask.4dfp.img (2306576 pixels)
talsrcimg_g11.4dfp.img
       256       256       256         1
  1.000000  1.000000  1.000000
orientation T byte_order littleendian
Reading image: talsrcimg_g11.4dfp.img
dimensions:      256       256       256
mmppix:       1.0000   -1.0000   -1.0000
center:     128.0000 -129.0000 -129.0000
rotation matrix determinant  1.000000
image alignment mode   4355 decimal     1103 hex
   -7.5000  -45.0000  -45.0000 2228.2109   16.5494
    0.0000  -45.0000  -45.0000 2234.5000   16.6814
    7.5000  -45.0000  -45.0000 2225.1055   16.7673
   -7.5000  -37.5000  -45.0000 2318.2041   15.2048
    0.0000  -37.5000  -45.0000 2328.7375   15.3153
    7.5000  -37.5000  -45.0000 2311.7422   15.4079
   -7.5000  -30.0000  -45.0000 2379.1533   14.2798
    0.0000  -30.0000  -45.0000 2395.9197   14.3506
    7.5000  -30.0000  -45.0000 2371.4392   14.4491
   -7.5000  -22.5000  -45.0000 2426.4280   13.6237
    0.0000  -22.5000  -45.0000 2442.3923   13.7273
    7.5000  -22.5000  -45.0000 2414.8176   13.8463
   -7.5000  -15.0000  -45.0000 2454.2402   13.2924
    0.0000  -15.0000  -45.0000 2465.7178   13.3589
    7.5000  -15.0000  -45.0000 2433.4919   13.5050
   -7.5000   -7.5000  -45.0000 2465.5249   13.2107
    0.0000   -7.5000  -45.0000 2475.9187   13.2661
    7.5000   -7.5000  -45.0000 2442.6907   13.4045
   -7.5000    0.0000  -45.0000 2438.9517   13.3874
    0.0000    0.0000  -45.0000 2455.8823   13.4506
    7.5000    0.0000  -45.0000 2422.8931   13.6171
   -7.5000    7.5000  -45.0000 2397.6816   13.8112
    0.0000    7.5000  -45.0000 2416.5024   13.8527
    7.5000    7.5000  -45.0000 2380.3967   14.0416
   -7.5000   15.0000  -45.0000 2330.6462   14.4622
    0.0000   15.0000  -45.0000 2343.4731   14.4980
    7.5000   15.0000  -45.0000 2307.8979   14.7046
   -7.5000   22.5000  -45.0000 2245.8113   15.4665
    0.0000   22.5000  -45.0000 2255.7627   15.4996
    7.5000   22.5000  -45.0000 2226.2522   15.7154
   -7.5000   30.0000  -45.0000 2143.7915   17.0216
    0.0000   30.0000  -45.0000 2150.2817   17.0299
    7.5000   30.0000  -45.0000 2120.8081   17.2663
   -7.5000   37.5000  -45.0000 2035.4266   19.1766
    0.0000   37.5000  -45.0000 2035.9420   19.1728
    7.5000   37.5000  -45.0000 2004.1259   19.4040
   -7.5000   45.0000  -45.0000 1907.8976   21.9098
    0.0000   45.0000  -45.0000 1913.7716   21.8588
    7.5000   45.0000  -45.0000 1879.5430   22.1293
   -7.5000  -45.0000  -37.5000 2295.9163   15.5785
    0.0000  -45.0000  -37.5000 2302.1177   15.6788
    7.5000  -45.0000  -37.5000 2286.2209   15.7886
   -7.5000  -37.5000  -37.5000 2390.0276   14.2829
    0.0000  -37.5000  -37.5000 2399.6243   14.3881
    7.5000  -37.5000  -37.5000 2382.6580   14.4818
   -7.5000  -30.0000  -37.5000 2456.4500   13.4293
    0.0000  -30.0000  -37.5000 2469.2844   13.5139
    7.5000  -30.0000  -37.5000 2446.4529   13.5797
   -7.5000  -22.5000  -37.5000 2512.9639   12.8522
    0.0000  -22.5000  -37.5000 2520.4202   12.9334
    7.5000  -22.5000  -37.5000 2495.7029   13.0171
   -7.5000  -15.0000  -37.5000 2541.5486   12.5228
    0.0000  -15.0000  -37.5000 2551.2605   12.6011
    7.5000  -15.0000  -37.5000 2521.5996   12.7166
   -7.5000   -7.5000  -37.5000 2552.7388   12.4289
    0.0000   -7.5000  -37.5000 2559.5803   12.5050
    7.5000   -7.5000  -37.5000 2523.4951   12.6277
   -7.5000    0.0000  -37.5000 2531.7544   12.5620
    0.0000    0.0000  -37.5000 2540.5266   12.6363
    7.5000    0.0000  -37.5000 2504.6104   12.7996
   -7.5000    7.5000  -37.5000 2485.2468   12.9437
    0.0000    7.5000  -37.5000 2497.1316   13.0121
    7.5000    7.5000  -37.5000 2458.0469   13.1703
   -7.5000   15.0000  -37.5000 2414.0947   13.5496
    0.0000   15.0000  -37.5000 2421.9565   13.5981
    7.5000   15.0000  -37.5000 2384.7085   13.7860
   -7.5000   22.5000  -37.5000 2324.9451   14.4681
    0.0000   22.5000  -37.5000 2332.8040   14.5067
    7.5000   22.5000  -37.5000 2296.8716   14.7240
   -7.5000   30.0000  -37.5000 2209.9958   15.8676
    0.0000   30.0000  -37.5000 2212.9111   15.8963
    7.5000   30.0000  -37.5000 2184.4595   16.1110
   -7.5000   37.5000  -37.5000 2092.1548   17.8173
    0.0000   37.5000  -37.5000 2093.7939   17.7884
    7.5000   37.5000  -37.5000 2065.1895   18.0527
   -7.5000   45.0000  -37.5000 1972.7812   20.3451
    0.0000   45.0000  -37.5000 1972.2522   20.3323
    7.5000   45.0000  -37.5000 1937.0245   20.5850
   -7.5000  -45.0000  -30.0000 2386.8242   15.2511
    0.0000  -45.0000  -30.0000 2398.4028   15.3237
    7.5000  -45.0000  -30.0000 2378.5022   15.4723
   -7.5000  -37.5000  -30.0000 2494.7722   13.9577
    0.0000  -37.5000  -30.0000 2504.3093   14.0193
    7.5000  -37.5000  -30.0000 2481.6553   14.1229
   -7.5000  -30.0000  -30.0000 2579.4961   13.0603
    0.0000  -30.0000  -30.0000 2584.5144   13.1364
    7.5000  -30.0000  -30.0000 2564.8413   13.2136
   -7.5000  -22.5000  -30.0000 2641.4851   12.4937
    0.0000  -22.5000  -30.0000 2649.4404   12.5784
    7.5000  -22.5000  -30.0000 2623.0127   12.6571
   -7.5000  -15.0000  -30.0000 2674.8345   12.1868
    0.0000  -15.0000  -30.0000 2684.8958   12.2603
    7.5000  -15.0000  -30.0000 2650.4294   12.3548
   -7.5000   -7.5000  -30.0000 2688.2566   12.0841
    0.0000   -7.5000  -30.0000 2697.8274   12.1574
    7.5000   -7.5000  -30.0000 2656.1555   12.2713
   -7.5000    0.0000  -30.0000 2670.1257   12.2312
    0.0000    0.0000  -30.0000 2680.5068   12.2868
    7.5000    0.0000  -30.0000 2637.7683   12.4296
   -7.5000    7.5000  -30.0000 2623.3896   12.5704
    0.0000    7.5000  -30.0000 2633.0413   12.6475
    7.5000    7.5000  -30.0000 2590.1914   12.7884
   -7.5000   15.0000  -30.0000 2547.2910   13.1468
    0.0000   15.0000  -30.0000 2552.7771   13.1944
    7.5000   15.0000  -30.0000 2512.4097   13.3844
   -7.5000   22.5000  -30.0000 2449.5449   14.0560
    0.0000   22.5000  -30.0000 2452.3894   14.0770
    7.5000   22.5000  -30.0000 2417.0588   14.2997
   -7.5000   30.0000  -30.0000 2321.0659   15.3865
    0.0000   30.0000  -30.0000 2322.8252   15.3890
    7.5000   30.0000  -30.0000 2294.6458   15.5998
   -7.5000   37.5000  -30.0000 2198.4685   17.2125
    0.0000   37.5000  -30.0000 2199.0095   17.2079
    7.5000   37.5000  -30.0000 2170.3154   17.4133
   -7.5000   45.0000  -30.0000 2068.6838   19.6315
    0.0000   45.0000  -30.0000 2065.0361   19.6463
    7.5000   45.0000  -30.0000 2032.2395   19.9344
   -7.5000  -45.0000  -22.5000 2446.1663   14.8827
    0.0000  -45.0000  -22.5000 2456.5120   14.9354
    7.5000  -45.0000  -22.5000 2436.9944   15.0799
   -7.5000  -37.5000  -22.5000 2563.4951   13.5504
    0.0000  -37.5000  -22.5000 2574.2495   13.5807
    7.5000  -37.5000  -22.5000 2553.4270   13.7321
   -7.5000  -30.0000  -22.5000 2658.5801   12.6358
    0.0000  -30.0000  -22.5000 2669.7007   12.6726
    7.5000  -30.0000  -22.5000 2644.8201   12.7858
   -7.5000  -22.5000  -22.5000 2732.4705   12.0737
    0.0000  -22.5000  -22.5000 2738.1724   12.0990
    7.5000  -22.5000  -22.5000 2707.4199   12.1975
   -7.5000  -15.0000  -22.5000 2776.9680   11.7658
    0.0000  -15.0000  -22.5000 2791.1189   11.7882
    7.5000  -15.0000  -22.5000 2746.2791   11.8950
   -7.5000   -7.5000  -22.5000 2798.6702   11.6709
    0.0000   -7.5000  -22.5000 2809.2891   11.6987
    7.5000   -7.5000  -22.5000 2762.2725   11.8239
   -7.5000    0.0000  -22.5000 2780.1614   11.8196
    0.0000    0.0000  -22.5000 2788.8372   11.8449
    7.5000    0.0000  -22.5000 2736.4988   11.9894
   -7.5000    7.5000  -22.5000 2725.5906   12.1653
    0.0000    7.5000  -22.5000 2736.5283   12.1912
    7.5000    7.5000  -22.5000 2691.3218   12.3477
   -7.5000   15.0000  -22.5000 2642.7495   12.7226
    0.0000   15.0000  -22.5000 2649.3689   12.7419
    7.5000   15.0000  -22.5000 2610.7869   12.9241
   -7.5000   22.5000  -22.5000 2537.2166   13.5788
    0.0000   22.5000  -22.5000 2540.2375   13.6010
    7.5000   22.5000  -22.5000 2505.2310   13.8116
   -7.5000   30.0000  -22.5000 2411.7500   14.8956
    0.0000   30.0000  -22.5000 2415.2817   14.8854
    7.5000   30.0000  -22.5000 2383.1709   15.0737
   -7.5000   37.5000  -22.5000 2280.9219   16.6817
    0.0000   37.5000  -22.5000 2283.0647   16.6231
    7.5000   37.5000  -22.5000 2252.7351   16.8496
   -7.5000   45.0000  -22.5000 2139.2832   18.9965
    0.0000   45.0000  -22.5000 2129.9150   18.9313
    7.5000   45.0000  -22.5000 2103.0210   19.2301
   -7.5000  -45.0000  -15.0000 2465.6648   14.5708
    0.0000  -45.0000  -15.0000 2482.1821   14.5630
    7.5000  -45.0000  -15.0000 2462.0549   14.7610
   -7.5000  -37.5000  -15.0000 2592.6650   13.2238
    0.0000  -37.5000  -15.0000 2607.3279   13.2021
    7.5000  -37.5000  -15.0000 2584.5254   13.4126
   -7.5000  -30.0000  -15.0000 2699.9331   12.2805
    0.0000  -30.0000  -15.0000 2714.5894   12.2393
    7.5000  -30.0000  -15.0000 2686.0254   12.4342
   -7.5000  -22.5000  -15.0000 2780.6460   11.6897
    0.0000  -22.5000  -15.0000 2797.3821   11.6653
    7.5000  -22.5000  -15.0000 2761.8569   11.8392
   -7.5000  -15.0000  -15.0000 2838.1531   11.3900
    0.0000  -15.0000  -15.0000 2857.9067   11.3526
    7.5000  -15.0000  -15.0000 2807.4373   11.5224
   -7.5000   -7.5000  -15.0000 2869.1047   11.2709
    0.0000   -7.5000  -15.0000 2882.0078   11.2265
    7.5000   -7.5000  -15.0000 2829.2388   11.4299
   -7.5000    0.0000  -15.0000 2850.2339   11.4190
    0.0000    0.0000  -15.0000 2856.4294   11.3757
    7.5000    0.0000  -15.0000 2805.9529   11.5856
   -7.5000    7.5000  -15.0000 2789.9644   11.7883
    0.0000    7.5000  -15.0000 2799.0945   11.7557
    7.5000    7.5000  -15.0000 2756.4163   11.9512
   -7.5000   15.0000  -15.0000 2701.6216   12.3332
    0.0000   15.0000  -15.0000 2712.7437   12.3022
    7.5000   15.0000  -15.0000 2670.7517   12.5433
   -7.5000   22.5000  -15.0000 2586.7375   13.1973
    0.0000   22.5000  -15.0000 2599.9944   13.1670
    7.5000   22.5000  -15.0000 2564.8323   13.4414
   -7.5000   30.0000  -15.0000 2461.3750   14.4842
    0.0000   30.0000  -15.0000 2471.7473   14.4245
    7.5000   30.0000  -15.0000 2435.4014   14.6830
   -7.5000   37.5000  -15.0000 2328.0562   16.2166
    0.0000   37.5000  -15.0000 2337.5505   16.1371
    7.5000   37.5000  -15.0000 2297.1167   16.4184
   -7.5000   45.0000  -15.0000 2181.9885   18.4347
    0.0000   45.0000  -15.0000 2180.3667   18.3608
    7.5000   45.0000  -15.0000 2144.8789   18.6752
   -7.5000  -45.0000   -7.5000 2465.1624   14.2830
    0.0000  -45.0000   -7.5000 2476.9956   14.2184
    7.5000  -45.0000   -7.5000 2462.0964   14.5006
   -7.5000  -37.5000   -7.5000 2595.1562   12.9434
    0.0000  -37.5000   -7.5000 2610.0347   12.8740
    7.5000  -37.5000   -7.5000 2591.0327   13.1361
   -7.5000  -30.0000   -7.5000 2713.0256   11.9891
    0.0000  -30.0000   -7.5000 2731.4175   11.9228
    7.5000  -30.0000   -7.5000 2705.1516   12.1600
   -7.5000  -22.5000   -7.5000 2806.5381   11.4083
    0.0000  -22.5000   -7.5000 2833.3296   11.3513
    7.5000  -22.5000   -7.5000 2789.5952   11.5622
   -7.5000  -15.0000   -7.5000 2879.9106   11.1234
    0.0000  -15.0000   -7.5000 2904.4221   11.0327
    7.5000  -15.0000   -7.5000 2850.1687   11.2600
   -7.5000   -7.5000   -7.5000 2919.6436   11.0478
    0.0000   -7.5000   -7.5000 2931.2185   10.9156
    7.5000   -7.5000   -7.5000 2870.5999   11.2133
   -7.5000    0.0000   -7.5000 2900.3279   11.1546
    0.0000    0.0000   -7.5000 2900.6675   11.0191
    7.5000    0.0000   -7.5000 2845.9705   11.3559
   -7.5000    7.5000   -7.5000 2837.3823   11.4903
    0.0000    7.5000   -7.5000 2838.0393   11.3969
    7.5000    7.5000   -7.5000 2792.1895   11.6862
   -7.5000   15.0000   -7.5000 2737.6436   12.0462
    0.0000   15.0000   -7.5000 2750.2390   11.9790
    7.5000   15.0000   -7.5000 2703.3350   12.2313
   -7.5000   22.5000   -7.5000 2615.6519   12.8601
    0.0000   22.5000   -7.5000 2633.0999   12.8380
    7.5000   22.5000   -7.5000 2589.0728   13.0799
   -7.5000   30.0000   -7.5000 2486.2014   14.1103
    0.0000   30.0000   -7.5000 2498.7678   14.1082
    7.5000   30.0000   -7.5000 2463.8113   14.3102
   -7.5000   37.5000   -7.5000 2352.5710   15.8358
    0.0000   37.5000   -7.5000 2358.7766   15.8097
    7.5000   37.5000   -7.5000 2322.4409   16.0213
   -7.5000   45.0000   -7.5000 2201.9568   17.9800
    0.0000   45.0000   -7.5000 2201.8994   17.9507
    7.5000   45.0000   -7.5000 2168.1799   18.2420
   -7.5000  -45.0000    0.0000 2449.1099   14.2065
    0.0000  -45.0000    0.0000 2462.7761   14.1084
    7.5000  -45.0000    0.0000 2444.0776   14.4407
   -7.5000  -37.5000    0.0000 2580.6738   12.8145
    0.0000  -37.5000    0.0000 2593.3928   12.6974
    7.5000  -37.5000    0.0000 2573.9033   13.0434
   -7.5000  -30.0000    0.0000 2706.9897   11.8520
    0.0000  -30.0000    0.0000 2727.5530   11.7288
    7.5000  -30.0000    0.0000 2697.7065   12.0646
   -7.5000  -22.5000    0.0000 2819.4617   11.3011
    0.0000  -22.5000    0.0000 2847.2185   11.2008
    7.5000  -22.5000    0.0000 2798.9460   11.4892
   -7.5000  -15.0000    0.0000 2904.3604   11.0801
    0.0000  -15.0000    0.0000 2931.1235   10.9824
    7.5000  -15.0000    0.0000 2869.9768   11.2247
   -7.5000   -7.5000    0.0000 2946.4751   11.0158
    0.0000   -7.5000    0.0000 2964.5918   10.9533
    7.5000   -7.5000    0.0000 2888.9172   11.1830
   -7.5000    0.0000    0.0000 2917.3923   11.1140
    0.0000    0.0000    0.0000 2926.4702   11.0417
    7.5000    0.0000    0.0000 2860.0579   11.2855
   -7.5000    7.5000    0.0000 2855.6399   11.3556
    0.0000    7.5000    0.0000 2857.6904   11.3101
    7.5000    7.5000    0.0000 2803.1572   11.5423
   -7.5000   15.0000    0.0000 2750.1348   11.8606
    0.0000   15.0000    0.0000 2758.2571   11.8337
    7.5000   15.0000    0.0000 2715.1692   12.0566
   -7.5000   22.5000    0.0000 2627.4392   12.6978
    0.0000   22.5000    0.0000 2638.0325   12.6797
    7.5000   22.5000    0.0000 2599.5813   12.8906
   -7.5000   30.0000    0.0000 2497.7554   13.9214
    0.0000   30.0000    0.0000 2502.7915   13.9182
    7.5000   30.0000    0.0000 2468.8948   14.1212
   -7.5000   37.5000    0.0000 2350.1541   15.5916
    0.0000   37.5000    0.0000 2356.4275   15.6110
    7.5000   37.5000    0.0000 2322.3667   15.8176
   -7.5000   45.0000    0.0000 2196.7791   17.7402
    0.0000   45.0000    0.0000 2196.1875   17.7566
    7.5000   45.0000    0.0000 2164.4011   18.0142
   -7.5000  -45.0000    7.5000 2418.2085   14.4166
    0.0000  -45.0000    7.5000 2431.5352   14.2514
    7.5000  -45.0000    7.5000 2411.4119   14.6758
   -7.5000  -37.5000    7.5000 2555.4910   12.9961
    0.0000  -37.5000    7.5000 2569.8958   12.8755
    7.5000  -37.5000    7.5000 2542.1228   13.2769
   -7.5000  -30.0000    7.5000 2691.6523   11.9983
    0.0000  -30.0000    7.5000 2706.0596   11.9023
    7.5000  -30.0000    7.5000 2668.3181   12.2501
   -7.5000  -22.5000    7.5000 2813.8638   11.3940
    0.0000  -22.5000    7.5000 2833.7446   11.3485
    7.5000  -22.5000    7.5000 2778.5859   11.6384
   -7.5000  -15.0000    7.5000 2903.0869   11.1278
    0.0000  -15.0000    7.5000 2925.2285   11.0823
    7.5000  -15.0000    7.5000 2857.5552   11.3403
   -7.5000   -7.5000    7.5000 2943.6375   11.0192
    0.0000   -7.5000    7.5000 2962.7207   11.0086
    7.5000   -7.5000    7.5000 2886.3184   11.2228
   -7.5000    0.0000    7.5000 2909.4465   11.1069
    0.0000    0.0000    7.5000 2924.5105   11.1159
    7.5000    0.0000    7.5000 2857.1587   11.3346
   -7.5000    7.5000    7.5000 2844.2493   11.4359
    0.0000    7.5000    7.5000 2852.1145   11.4465
    7.5000    7.5000    7.5000 2791.4478   11.6576
   -7.5000   15.0000    7.5000 2734.9451   12.0121
    0.0000   15.0000    7.5000 2742.1094   12.0155
    7.5000   15.0000    7.5000 2700.0913   12.2148
   -7.5000   22.5000    7.5000 2613.0752   12.8417
    0.0000   22.5000    7.5000 2621.0232   12.8208
    7.5000   22.5000    7.5000 2589.9148   13.0234
   -7.5000   30.0000    7.5000 2484.4453   13.9757
    0.0000   30.0000    7.5000 2492.1392   13.9497
    7.5000   30.0000    7.5000 2460.0564   14.1366
   -7.5000   37.5000    7.5000 2337.6902   15.5745
    0.0000   37.5000    7.5000 2344.5286   15.5459
    7.5000   37.5000    7.5000 2311.6372   15.7710
   -7.5000   45.0000    7.5000 2180.9480   17.7008
    0.0000   45.0000    7.5000 2185.2419   17.6456
    7.5000   45.0000    7.5000 2150.4321   17.9497
   -7.5000  -45.0000   15.0000 2386.7410   14.8381
    0.0000  -45.0000   15.0000 2395.9612   14.7486
    7.5000  -45.0000   15.0000 2365.5513   15.1490
   -7.5000  -37.5000   15.0000 2527.1836   13.3841
    0.0000  -37.5000   15.0000 2535.3257   13.3137
    7.5000  -37.5000   15.0000 2502.0735   13.6777
   -7.5000  -30.0000   15.0000 2655.3765   12.3413
    0.0000  -30.0000   15.0000 2668.6958   12.2860
    7.5000  -30.0000   15.0000 2624.4153   12.6081
   -7.5000  -22.5000   15.0000 2774.7419   11.7110
    0.0000  -22.5000   15.0000 2793.1858   11.6453
    7.5000  -22.5000   15.0000 2738.4744   11.9522
   -7.5000  -15.0000   15.0000 2862.4209   11.3697
    0.0000  -15.0000   15.0000 2880.4094   11.2980
    7.5000  -15.0000   15.0000 2818.2559   11.5912
   -7.5000   -7.5000   15.0000 2903.7244   11.1564
    0.0000   -7.5000   15.0000 2916.2544   11.1199
    7.5000   -7.5000   15.0000 2854.6150   11.4517
   -7.5000    0.0000   15.0000 2873.6143   11.2816
    0.0000    0.0000   15.0000 2892.9971   11.2388
    7.5000    0.0000   15.0000 2828.6855   11.5718
   -7.5000    7.5000   15.0000 2810.6404   11.6679
    0.0000    7.5000   15.0000 2822.6089   11.6396
    7.5000    7.5000   15.0000 2763.4819   11.9063
   -7.5000   15.0000   15.0000 2701.3279   12.3309
    0.0000   15.0000   15.0000 2706.0984   12.2859
    7.5000   15.0000   15.0000 2667.4890   12.4916
   -7.5000   22.5000   15.0000 2580.3694   13.1878
    0.0000   22.5000   15.0000 2585.8833   13.1614
    7.5000   22.5000   15.0000 2558.4519   13.3464
   -7.5000   30.0000   15.0000 2451.7847   14.3170
    0.0000   30.0000   15.0000 2458.7727   14.2888
    7.5000   30.0000   15.0000 2424.7102   14.4672
   -7.5000   37.5000   15.0000 2311.7336   15.8641
    0.0000   37.5000   15.0000 2315.1221   15.8247
    7.5000   37.5000   15.0000 2278.0007   16.0279
   -7.5000   45.0000   15.0000 2150.7305   17.9052
    0.0000   45.0000   15.0000 2156.1145   17.8588
    7.5000   45.0000   15.0000 2123.7246   18.1245
   -7.5000  -45.0000   22.5000 2354.5747   15.4622
    0.0000  -45.0000   22.5000 2367.4658   15.4034
    7.5000  -45.0000   22.5000 2333.5371   15.7704
   -7.5000  -37.5000   22.5000 2490.1060   13.9624
    0.0000  -37.5000   22.5000 2502.1978   13.9051
    7.5000  -37.5000   22.5000 2465.4087   14.2518
   -7.5000  -30.0000   22.5000 2616.0923   12.8908
    0.0000  -30.0000   22.5000 2625.5918   12.8247
    7.5000  -30.0000   22.5000 2581.1653   13.1567
   -7.5000  -22.5000   22.5000 2731.9524   12.2320
    0.0000  -22.5000   22.5000 2740.2688   12.1718
    7.5000  -22.5000   22.5000 2687.2986   12.4741
   -7.5000  -15.0000   22.5000 2810.9792   11.8063
    0.0000  -15.0000   22.5000 2818.0776   11.7525
    7.5000  -15.0000   22.5000 2762.4609   12.0616
   -7.5000   -7.5000   22.5000 2847.2668   11.6139
    0.0000   -7.5000   22.5000 2855.3682   11.5752
    7.5000   -7.5000   22.5000 2802.2710   11.8947
   -7.5000    0.0000   22.5000 2815.0361   11.7984
    0.0000    0.0000   22.5000 2828.8066   11.7344
    7.5000    0.0000   22.5000 2772.4934   12.0330
   -7.5000    7.5000   22.5000 2754.8540   12.1697
    0.0000    7.5000   22.5000 2764.5967   12.1259
    7.5000    7.5000   22.5000 2711.1086   12.3751
   -7.5000   15.0000   22.5000 2659.7112   12.7859
    0.0000   15.0000   22.5000 2665.8354   12.7374
    7.5000   15.0000   22.5000 2624.9038   12.9600
   -7.5000   22.5000   22.5000 2537.3083   13.6124
    0.0000   22.5000   22.5000 2548.7561   13.5713
    7.5000   22.5000   22.5000 2519.0190   13.7791
   -7.5000   30.0000   22.5000 2411.4766   14.7461
    0.0000   30.0000   22.5000 2421.1707   14.7003
    7.5000   30.0000   22.5000 2386.1599   14.8896
   -7.5000   37.5000   22.5000 2267.2432   16.3055
    0.0000   37.5000   22.5000 2275.5762   16.2491
    7.5000   37.5000   22.5000 2242.6826   16.4493
   -7.5000   45.0000   22.5000 2112.1877   18.3281
    0.0000   45.0000   22.5000 2112.5022   18.2476
    7.5000   45.0000   22.5000 2092.3591   18.5251
   -7.5000  -45.0000   30.0000 2319.3733   16.2509
    0.0000  -45.0000   30.0000 2327.0945   16.1987
    7.5000  -45.0000   30.0000 2297.7400   16.5307
   -7.5000  -37.5000   30.0000 2453.5747   14.7059
    0.0000  -37.5000   30.0000 2464.9182   14.6576
    7.5000  -37.5000   30.0000 2424.0552   14.9691
   -7.5000  -30.0000   30.0000 2573.0488   13.6267
    0.0000  -30.0000   30.0000 2584.5691   13.5747
    7.5000  -30.0000   30.0000 2538.1423   13.8732
   -7.5000  -22.5000   30.0000 2680.4404   12.9295
    0.0000  -22.5000   30.0000 2692.1655   12.8676
    7.5000  -22.5000   30.0000 2638.3728   13.1541
   -7.5000  -15.0000   30.0000 2746.7891   12.4557
    0.0000  -15.0000   30.0000 2757.0708   12.3923
    7.5000  -15.0000   30.0000 2698.0254   12.6995
   -7.5000   -7.5000   30.0000 2769.6584   12.3078
    0.0000   -7.5000   30.0000 2776.9062   12.2522
    7.5000   -7.5000   30.0000 2730.2495   12.5156
   -7.5000    0.0000   30.0000 2737.9463   12.4617
    0.0000    0.0000   30.0000 2747.5598   12.4179
    7.5000    0.0000   30.0000 2705.4316   12.6646
   -7.5000    7.5000   30.0000 2679.9241   12.8326
    0.0000    7.5000   30.0000 2686.2175   12.7905
    7.5000    7.5000   30.0000 2646.8735   13.0331
   -7.5000   15.0000   30.0000 2600.8674   13.4122
    0.0000   15.0000   30.0000 2604.6062   13.3734
    7.5000   15.0000   30.0000 2566.2683   13.5923
   -7.5000   22.5000   30.0000 2491.9016   14.2464
    0.0000   22.5000   30.0000 2501.4409   14.1867
    7.5000   22.5000   30.0000 2465.6448   14.4099
   -7.5000   30.0000   30.0000 2360.0833   15.3709
    0.0000   30.0000   30.0000 2373.9915   15.3060
    7.5000   30.0000   30.0000 2344.5833   15.5182
   -7.5000   37.5000   30.0000 2221.6628   16.9056
    0.0000   37.5000   30.0000 2229.2310   16.8339
    7.5000   37.5000   30.0000 2203.0486   17.0391
   -7.5000   45.0000   30.0000 2065.0815   18.9110
    0.0000   45.0000   30.0000 2069.1587   18.7983
    7.5000   45.0000   30.0000 2049.0088   19.0923
   -7.5000  -45.0000   37.5000 2275.0012   17.2351
    0.0000  -45.0000   37.5000 2281.0103   17.1914
    7.5000  -45.0000   37.5000 2253.9138   17.4955
   -7.5000  -37.5000   37.5000 2404.0986   15.6356
    0.0000  -37.5000   37.5000 2414.7297   15.5969
    7.5000  -37.5000   37.5000 2373.6465   15.8840
   -7.5000  -30.0000   37.5000 2519.1313   14.5218
    0.0000  -30.0000   37.5000 2537.0696   14.4724
    7.5000  -30.0000   37.5000 2483.2493   14.7419
   -7.5000  -22.5000   37.5000 2617.7649   13.7486
    0.0000  -22.5000   37.5000 2632.8313   13.6910
    7.5000  -22.5000   37.5000 2576.3206   13.9712
   -7.5000  -15.0000   37.5000 2673.2317   13.2875
    0.0000  -15.0000   37.5000 2685.7988   13.2508
    7.5000  -15.0000   37.5000 2627.8809   13.4900
   -7.5000   -7.5000   37.5000 2685.8086   13.1629
    0.0000   -7.5000   37.5000 2693.8601   13.0949
    7.5000   -7.5000   37.5000 2644.4612   13.3207
   -7.5000    0.0000   37.5000 2655.7019   13.2764
    0.0000    0.0000   37.5000 2665.0283   13.2064
    7.5000    0.0000   37.5000 2625.6755   13.4245
   -7.5000    7.5000   37.5000 2601.0200   13.6163
    0.0000    7.5000   37.5000 2610.4011   13.5419
    7.5000    7.5000   37.5000 2575.4050   13.7619
   -7.5000   15.0000   37.5000 2528.6521   14.1608
    0.0000   15.0000   37.5000 2537.1345   14.0902
    7.5000   15.0000   37.5000 2495.2349   14.3312
   -7.5000   22.5000   37.5000 2432.7009   14.9463
    0.0000   22.5000   37.5000 2439.5923   14.8913
    7.5000   22.5000   37.5000 2397.6604   15.1357
   -7.5000   30.0000   37.5000 2306.4753   16.0816
    0.0000   30.0000   37.5000 2317.2173   16.0167
    7.5000   30.0000   37.5000 2284.3540   16.2746
   -7.5000   37.5000   37.5000 2169.5479   17.6271
    0.0000   37.5000   37.5000 2175.5215   17.5831
    7.5000   37.5000   37.5000 2145.3379   17.8695
   -7.5000   45.0000   37.5000 2014.2587   19.7108
    0.0000   45.0000   37.5000 2020.5878   19.6063
    7.5000   45.0000   37.5000 1998.4169   19.9099
   -7.5000  -45.0000   45.0000 2224.1177   18.4506
    0.0000  -45.0000   45.0000 2229.2915   18.3668
    7.5000  -45.0000   45.0000 2198.4626   18.6951
   -7.5000  -37.5000   45.0000 2345.6677   16.7809
    0.0000  -37.5000   45.0000 2353.5779   16.7163
    7.5000  -37.5000   45.0000 2313.8079   17.0237
   -7.5000  -30.0000   45.0000 2453.8774   15.6208
    0.0000  -30.0000   45.0000 2465.5510   15.5557
    7.5000  -30.0000   45.0000 2416.1929   15.7985
   -7.5000  -22.5000   45.0000 2539.7048   14.8270
    0.0000  -22.5000   45.0000 2549.0706   14.7491
    7.5000  -22.5000   45.0000 2496.3218   14.9993
   -7.5000  -15.0000   45.0000 2585.4976   14.3383
    0.0000  -15.0000   45.0000 2589.2488   14.2927
    7.5000  -15.0000   45.0000 2539.2332   14.5085
   -7.5000   -7.5000   45.0000 2590.8687   14.1621
    0.0000   -7.5000   45.0000 2597.2249   14.1142
    7.5000   -7.5000   45.0000 2552.1389   14.3171
   -7.5000    0.0000   45.0000 2562.2847   14.2451
    0.0000    0.0000   45.0000 2566.6992   14.1840
    7.5000    0.0000   45.0000 2533.7859   14.3676
   -7.5000    7.5000   45.0000 2514.0056   14.5567
    0.0000    7.5000   45.0000 2519.6707   14.4903
    7.5000    7.5000   45.0000 2491.6169   14.6700
   -7.5000   15.0000   45.0000 2446.0342   15.0320
    0.0000   15.0000   45.0000 2455.3921   14.9605
    7.5000   15.0000   45.0000 2419.1799   15.1988
   -7.5000   22.5000   45.0000 2367.5981   15.7933
    0.0000   22.5000   45.0000 2370.3210   15.7293
    7.5000   22.5000   45.0000 2325.1677   15.9897
   -7.5000   30.0000   45.0000 2245.8816   16.9369
    0.0000   30.0000   45.0000 2251.3472   16.8972
    7.5000   30.0000   45.0000 2216.8818   17.1778
   -7.5000   37.5000   45.0000 2103.6321   18.5598
    0.0000   37.5000   45.0000 2109.1787   18.5319
    7.5000   37.5000   45.0000 2087.1919   18.8350
   -7.5000   45.0000   45.0000 1956.5573   20.7486
    0.0000   45.0000   45.0000 1960.2777   20.6487
    7.5000   45.0000   45.0000 1941.7710   21.0002

---------------------------------------------------------------------
imgreg_4dfp /opt/freesurfer/average/711-2C_as_mni_average_305 /opt/freesurfer/average/711-2B_as_mni_average_305_mask talsrcimg_g11 none talsrcimg_to_711-2C_as_mni_average_305_t4 1283
---------------------------------------------------------------------

freesurfer imgreg_4dfp.c
/opt/freesurfer/average/711-2C_as_mni_average_305.4dfp.img
       256       256       256         1
  1.000000  1.000000  1.000000
orientation T byte_order littleendian
Reading image: /opt/freesurfer/average/711-2C_as_mni_average_305.4dfp.img
dimensions:      256       256       256
mmppix:       1.0000   -1.0000   -1.0000
center:     128.0000 -129.0000 -129.0000
/opt/freesurfer/average/711-2B_as_mni_average_305_mask.4dfp.img
       256       256       256         1
  1.000000  1.000000  1.000000
orientation T byte_order littleendian
Reading mask: /opt/freesurfer/average/711-2B_as_mni_average_305_mask.4dfp.img (2306576 pixels)
talsrcimg_g11.4dfp.img
       256       256       256         1
  1.000000  1.000000  1.000000
orientation T byte_order littleendian
Reading image: talsrcimg_g11.4dfp.img
dimensions:      256       256       256
mmppix:       1.0000   -1.0000   -1.0000
center:     128.0000 -129.0000 -129.0000
rotation matrix determinant  1.000000
fimgreg.f
image alignment mode   1283 decimal      503 hex
parameters
    0.0000   -7.5000    0.0000    0.0000    0.0000    0.0000
eta,q 0.92932 10.92361
niter,ni,del,rscale     5    3   12.0000    1.2000
parameter  3 -0.514392 -> -0.500000 qaram    1.1500
parameter  4  2.855006 ->  0.500000 qaram    1.1500
parameter  5 -0.824075 -> -0.500000 qaram    1.1500
parameter  6 -0.506140 -> -0.500000 qaram    1.1500
parameters
   -2.8941   -8.0711    3.4500   -3.4500    3.4500    3.4500
eta,q 0.93865 11.01692
  0.0724  0.0742  0.0782  0.0616  0.0742  0.0659
  0.0705  0.0724  0.0738  0.0638  0.0709  0.0635
  0.0699  0.0709  0.0714  0.0662  0.0672  0.0626
  0.0721  0.0697  0.0701  0.0685  0.0644  0.0618
  0.0765  0.0707  0.0688  0.0711  0.0624  0.0614
  0.0822  0.0732  0.0689  0.0744  0.0618  0.0614
  0.0909  0.0770  0.0695  0.0782  0.0623  0.0616
niter,ni,del,rscale     7    3   12.0000    1.2000
parameter  4  1.448192 ->  0.500000 qaram    1.3225
parameters
   -2.2679   -7.9388    3.2506   -7.4175    2.4385    3.1283
eta,q 0.94488 11.02176
  0.0754  0.0726  0.0675  0.0557  0.0621  0.0619
  0.0690  0.0647  0.0636  0.0557  0.0590  0.0584
  0.0644  0.0606  0.0622  0.0579  0.0554  0.0560
  0.0613  0.0610  0.0611  0.0613  0.0561  0.0551
  0.0613  0.0633  0.0606  0.0645  0.0588  0.0560
  0.0644  0.0661  0.0637  0.0681  0.0616  0.0591
  0.0717  0.0694  0.0694  0.0723  0.0668  0.0637
niter,ni,del,rscale     7    3   12.0000    1.2000
parameter  4  0.611847 ->  0.500000 qaram    1.5209
parameters
   -2.5041   -6.7789    2.2169  -11.9801    3.0568    2.8514
eta,q 0.94678 11.02829
  0.0698  0.0722  0.0627  0.0555  0.0656  0.0597
  0.0633  0.0635  0.0583  0.0534  0.0599  0.0565
  0.0578  0.0572  0.0558  0.0531  0.0549  0.0538
  0.0551  0.0551  0.0553  0.0551  0.0532  0.0532
  0.0587  0.0560  0.0585  0.0603  0.0539  0.0541
  0.0647  0.0587  0.0627  0.0649  0.0571  0.0566
  0.0722  0.0617  0.0675  0.0673  0.0620  0.0614
niter,ni,del,rscale     7    3   12.0000    1.2000
parameters
   -2.5612   -4.9336    1.3239  -13.1119    2.9822    3.1022
eta,q 0.94866 11.03377
  0.0700  0.0705  0.0607  0.0615  0.0625  0.0583
  0.0613  0.0633  0.0550  0.0543  0.0569  0.0554
  0.0551  0.0576  0.0520  0.0515  0.0526  0.0527
  0.0532  0.0532  0.0524  0.0519  0.0514  0.0514
  0.0554  0.0525  0.0549  0.0549  0.0530  0.0517
  0.0614  0.0547  0.0594  0.0602  0.0572  0.0538
  0.0708  0.0578  0.0655  0.0652  0.0629  0.0581
niter,ni,del,rscale     6    3   12.0000    1.2000
parameters
   -2.4440   -4.4047    1.0662  -13.5201    2.8232    3.1788
eta,q 0.94878 11.03188
  0.0702  0.0644  0.0623  0.0630  0.0622  0.0577
  0.0612  0.0587  0.0558  0.0558  0.0568  0.0549
  0.0541  0.0532  0.0517  0.0518  0.0525  0.0525
  0.0513  0.0513  0.0516  0.0515  0.0513  0.0512
  0.0536  0.0533  0.0536  0.0538  0.0530  0.0517
  0.0598  0.0562  0.0574  0.0587  0.0573  0.0539
  0.0691  0.0603  0.0632  0.0637  0.0633  0.0582
niter,ni,del,rscale     5    3   12.0000    1.2000
parameters
   -2.4024   -4.2579    0.9691  -13.6827    2.7601    3.2098
eta,q 0.94881 11.03060
  0.0701  0.0630  0.0628  0.0634  0.0625  0.0576
  0.0611  0.0572  0.0562  0.0566  0.0571  0.0548
  0.0540  0.0522  0.0516  0.0520  0.0527  0.0524
  0.0512  0.0512  0.0513  0.0513  0.0512  0.0512
  0.0539  0.0536  0.0534  0.0534  0.0529  0.0517
  0.0604  0.0566  0.0570  0.0582  0.0570  0.0539
  0.0698  0.0613  0.0627  0.0631  0.0631  0.0582
niter,ni,del,rscale     4    3   12.0000    1.2000
parameters
   -2.3918   -4.2113    0.9284  -13.7455    2.7413    3.2250
eta,q 0.94883 11.02970
  0.0701  0.0627  0.0630  0.0635  0.0626  0.0576
  0.0611  0.0568  0.0563  0.0569  0.0572  0.0547
  0.0539  0.0520  0.0516  0.0520  0.0527  0.0524
  0.0512  0.0512  0.0512  0.0512  0.0512  0.0512
  0.0540  0.0536  0.0533  0.0532  0.0528  0.0517
  0.0607  0.0567  0.0569  0.0579  0.0569  0.0539
  0.0701  0.0617  0.0625  0.0629  0.0630  0.0582
registration optimization eta report
parameter search radius
    6.0000    6.0000    6.9000    9.1253    6.9000    6.9000
100000*second partial in parameter space
       51.       30.       24.       14.       24.       14.
  0.0701  0.0627  0.0630  0.0635  0.0626  0.0576
  0.0611  0.0568  0.0563  0.0569  0.0572  0.0547
  0.0539  0.0520  0.0516  0.0520  0.0527  0.0524
  0.0512  0.0512  0.0512  0.0512  0.0512  0.0512
  0.0540  0.0536  0.0533  0.0532  0.0528  0.0517
  0.0607  0.0567  0.0569  0.0579  0.0569  0.0539
  0.0701  0.0617  0.0625  0.0629  0.0630  0.0582
   -2.3918   -4.2113    0.9284  -13.7455    2.7413    3.2250
eta,q 0.94883 11.02970

---------------------------------------------------------------------
imgreg_4dfp /opt/freesurfer/average/711-2C_as_mni_average_305 /opt/freesurfer/average/711-2B_as_mni_average_305_mask talsrcimg_g11 none talsrcimg_to_711-2C_as_mni_average_305_t4 3335
---------------------------------------------------------------------

freesurfer imgreg_4dfp.c
/opt/freesurfer/average/711-2C_as_mni_average_305.4dfp.img
       256       256       256         1
  1.000000  1.000000  1.000000
orientation T byte_order littleendian
Reading image: /opt/freesurfer/average/711-2C_as_mni_average_305.4dfp.img
dimensions:      256       256       256
mmppix:       1.0000   -1.0000   -1.0000
center:     128.0000 -129.0000 -129.0000
/opt/freesurfer/average/711-2B_as_mni_average_305_mask.4dfp.img
       256       256       256         1
  1.000000  1.000000  1.000000
orientation T byte_order littleendian
Reading mask: /opt/freesurfer/average/711-2B_as_mni_average_305_mask.4dfp.img (2306576 pixels)
talsrcimg_g11.4dfp.img
       256       256       256         1
  1.000000  1.000000  1.000000
orientation T byte_order littleendian
Reading image: talsrcimg_g11.4dfp.img
dimensions:      256       256       256
mmppix:       1.0000   -1.0000   -1.0000
center:     128.0000 -129.0000 -129.0000
fimgreg.f
image alignment mode   3335 decimal      D07 hex
parameters
   -2.3918   -4.2113    0.9284   -0.2726   -2.9538   -2.9751
   -4.3300   -5.9750    5.6192   23.4619    4.7826  -23.7337
eta,q 0.95011 11.05012
niter,ni,del,rscale     5    3    5.0000    1.2000
parameter  4  1.932289 ->  0.500000 qaram    1.1500
parameter  5  2.597789 ->  0.500000 qaram    1.1500
parameter 12  1.099484 ->  0.500000 qaram    1.1500
parameters
   -2.6941   -4.4940    0.3846   -4.4126   -7.0938   -3.1161
   -3.1058   -5.1216    3.8965   20.2183    3.3806  -27.8737
eta,q 0.96046 10.66718
  0.0523  0.0516  0.0507  0.0433  0.0391  0.0445  0.0446  0.0483  0.0420  0.0413  0.0408  0.0394
  0.0508  0.0505  0.0500  0.0448  0.0407  0.0431  0.0430  0.0449  0.0413  0.0405  0.0404  0.0395
  0.0500  0.0499  0.0497  0.0470  0.0428  0.0418  0.0418  0.0424  0.0409  0.0403  0.0402  0.0398
  0.0499  0.0498  0.0498  0.0497  0.0453  0.0412  0.0412  0.0411  0.0410  0.0409  0.0403  0.0402
  0.0505  0.0503  0.0502  0.0527  0.0481  0.0416  0.0412  0.0414  0.0415  0.0424  0.0405  0.0409
  0.0518  0.0513  0.0510  0.0563  0.0512  0.0429  0.0417  0.0430  0.0424  0.0448  0.0409  0.0417
  0.0540  0.0527  0.0520  0.0604  0.0545  0.0452  0.0429  0.0456  0.0437  0.0478  0.0416  0.0425
niter,ni,del,rscale     7    3    5.0000    1.2000
parameter  4  0.899423 ->  0.500000 qaram    1.3225
parameter  5  1.368603 ->  0.500000 qaram    1.3225
parameters
   -2.7363   -4.5334    0.0590   -9.1736  -11.8548   -2.9518
   -2.6633   -4.8445    4.2651   20.5034    3.9235  -31.5958
eta,q 0.96648 10.25662
  0.0436  0.0423  0.0408  0.0369  0.0330  0.0366  0.0373  0.0396  0.0364  0.0375  0.0347  0.0340
  0.0413  0.0407  0.0400  0.0370  0.0336  0.0353  0.0356  0.0366  0.0351  0.0356  0.0342  0.0336
  0.0399  0.0398  0.0395  0.0377  0.0350  0.0345  0.0344  0.0346  0.0342  0.0344  0.0339  0.0335
  0.0395  0.0395  0.0395  0.0395  0.0372  0.0339  0.0339  0.0339  0.0339  0.0338  0.0338  0.0338
  0.0401  0.0399  0.0399  0.0423  0.0398  0.0339  0.0341  0.0343  0.0340  0.0341  0.0339  0.0345
  0.0416  0.0409  0.0406  0.0454  0.0430  0.0347  0.0350  0.0360  0.0347  0.0351  0.0341  0.0353
  0.0438  0.0424  0.0416  0.0492  0.0463  0.0368  0.0366  0.0388  0.0359  0.0370  0.0345  0.0362
niter,ni,del,rscale     7    3    5.0000    1.2000
parameters
   -2.6838   -4.2279   -0.0308  -11.5650  -16.5779   -3.0203
   -2.7483   -5.1083    4.0166   21.2564    4.1064  -31.7605
eta,q 0.96775  9.86937
  0.0382  0.0377  0.0351  0.0357  0.0335  0.0346  0.0352  0.0369  0.0344  0.0364  0.0330  0.0338
  0.0357  0.0355  0.0341  0.0342  0.0325  0.0335  0.0336  0.0342  0.0332  0.0344  0.0326  0.0329
  0.0341  0.0341  0.0336  0.0334  0.0324  0.0328  0.0326  0.0327  0.0325  0.0330  0.0323  0.0324
  0.0335  0.0335  0.0335  0.0335  0.0333  0.0323  0.0323  0.0323  0.0323  0.0323  0.0323  0.0323
  0.0339  0.0336  0.0337  0.0346  0.0354  0.0323  0.0327  0.0330  0.0326  0.0324  0.0323  0.0325
  0.0354  0.0345  0.0343  0.0373  0.0382  0.0331  0.0337  0.0348  0.0335  0.0334  0.0325  0.0331
  0.0378  0.0360  0.0353  0.0409  0.0417  0.0352  0.0353  0.0375  0.0347  0.0350  0.0329  0.0338
niter,ni,del,rscale     6    3    5.0000    1.2000
parameters
   -2.6676   -3.8546    0.1137  -11.7528  -17.2610   -2.8458
   -2.7385   -5.1448    3.8536   21.6449    4.0997  -31.8300
eta,q 0.96782  9.83502
  0.0364  0.0363  0.0339  0.0359  0.0355  0.0346  0.0351  0.0370  0.0343  0.0358  0.0328  0.0337
  0.0342  0.0342  0.0330  0.0339  0.0338  0.0334  0.0335  0.0342  0.0331  0.0340  0.0325  0.0328
  0.0327  0.0329  0.0324  0.0327  0.0326  0.0328  0.0325  0.0326  0.0324  0.0327  0.0323  0.0323
  0.0323  0.0323  0.0322  0.0322  0.0322  0.0322  0.0322  0.0322  0.0322  0.0322  0.0322  0.0322
  0.0327  0.0323  0.0323  0.0325  0.0327  0.0322  0.0325  0.0328  0.0325  0.0325  0.0322  0.0324
  0.0341  0.0330  0.0328  0.0337  0.0343  0.0329  0.0335  0.0344  0.0333  0.0335  0.0325  0.0329
  0.0363  0.0343  0.0335  0.0366  0.0369  0.0348  0.0350  0.0370  0.0345  0.0351  0.0328  0.0336
niter,ni,del,rscale     5    3    5.0000    1.2000
parameters
   -2.6769   -3.7553    0.1530  -11.8018  -17.4347   -2.8460
   -2.7038   -5.1493    3.8146   21.7695    4.1071  -31.8535
eta,q 0.96780  9.82506
  0.0362  0.0354  0.0338  0.0359  0.0358  0.0346  0.0351  0.0370  0.0344  0.0356  0.0328  0.0337
  0.0340  0.0336  0.0329  0.0339  0.0340  0.0334  0.0335  0.0343  0.0332  0.0338  0.0325  0.0328
  0.0326  0.0325  0.0323  0.0327  0.0327  0.0327  0.0325  0.0327  0.0324  0.0326  0.0323  0.0323
  0.0322  0.0322  0.0322  0.0322  0.0322  0.0322  0.0322  0.0322  0.0322  0.0322  0.0322  0.0322
  0.0326  0.0325  0.0324  0.0324  0.0325  0.0322  0.0325  0.0327  0.0325  0.0325  0.0323  0.0324
  0.0340  0.0334  0.0329  0.0336  0.0339  0.0330  0.0335  0.0344  0.0332  0.0336  0.0325  0.0329
  0.0362  0.0348  0.0336  0.0363  0.0363  0.0350  0.0350  0.0369  0.0344  0.0353  0.0328  0.0336
niter,ni,del,rscale     4    3    5.0000    1.2000
parameters
   -2.6815   -3.7257    0.1508  -11.8200  -17.4827   -2.8573
   -2.6852   -5.1554    3.7989   21.8082    4.1176  -31.8634
eta,q 0.96780  9.82175
  0.0361  0.0352  0.0337  0.0359  0.0359  0.0346  0.0350  0.0370  0.0344  0.0355  0.0328  0.0337
  0.0340  0.0335  0.0329  0.0339  0.0341  0.0334  0.0335  0.0343  0.0332  0.0337  0.0325  0.0329
  0.0327  0.0325  0.0323  0.0327  0.0328  0.0327  0.0325  0.0327  0.0325  0.0326  0.0323  0.0323
  0.0322  0.0322  0.0322  0.0322  0.0322  0.0322  0.0322  0.0322  0.0322  0.0322  0.0322  0.0322
  0.0327  0.0326  0.0324  0.0324  0.0325  0.0322  0.0325  0.0328  0.0325  0.0326  0.0323  0.0324
  0.0340  0.0335  0.0329  0.0336  0.0338  0.0330  0.0335  0.0344  0.0332  0.0337  0.0325  0.0329
  0.0362  0.0350  0.0337  0.0363  0.0362  0.0350  0.0350  0.0369  0.0344  0.0354  0.0328  0.0336
niter,ni,del,rscale     3    3    5.0000    1.2000
parameters
   -2.6840   -3.7162    0.1486  -11.8279  -17.5005   -2.8632
   -2.6806   -5.1603    3.7964   21.8192    4.1242  -31.8744
eta,q 0.96779  9.82043
  0.0362  0.0351  0.0337  0.0359  0.0359  0.0346  0.0350  0.0370  0.0344  0.0354  0.0328  0.0337
  0.0340  0.0335  0.0329  0.0339  0.0341  0.0334  0.0335  0.0343  0.0332  0.0337  0.0325  0.0329
  0.0327  0.0325  0.0323  0.0327  0.0328  0.0327  0.0325  0.0327  0.0325  0.0326  0.0323  0.0323
  0.0322  0.0322  0.0322  0.0322  0.0322  0.0322  0.0322  0.0322  0.0322  0.0322  0.0322  0.0322
  0.0326  0.0326  0.0324  0.0324  0.0325  0.0322  0.0325  0.0328  0.0325  0.0326  0.0323  0.0324
  0.0340  0.0335  0.0329  0.0336  0.0338  0.0330  0.0335  0.0344  0.0332  0.0337  0.0325  0.0329
  0.0362  0.0350  0.0337  0.0363  0.0362  0.0350  0.0350  0.0369  0.0344  0.0354  0.0328  0.0336
registration optimization eta report
parameter search radius
    2.4000    2.4000    2.4000    9.5220    9.5220    7.2000
    7.2000    7.2000    7.2000    7.2000    7.2000    8.2800
100000*second partial in parameter space
       69.       50.       26.        4.        4.        5.
        5.        9.        4.        6.        1.        2.
  0.0362  0.0351  0.0337  0.0359  0.0359  0.0346  0.0350  0.0370  0.0344  0.0354  0.0328  0.0337
  0.0340  0.0335  0.0329  0.0339  0.0341  0.0334  0.0335  0.0343  0.0332  0.0337  0.0325  0.0329
  0.0327  0.0325  0.0323  0.0327  0.0328  0.0327  0.0325  0.0327  0.0325  0.0326  0.0323  0.0323
  0.0322  0.0322  0.0322  0.0322  0.0322  0.0322  0.0322  0.0322  0.0322  0.0322  0.0322  0.0322
  0.0326  0.0326  0.0324  0.0324  0.0325  0.0322  0.0325  0.0328  0.0325  0.0326  0.0323  0.0324
  0.0340  0.0335  0.0329  0.0336  0.0338  0.0330  0.0335  0.0344  0.0332  0.0337  0.0325  0.0329
  0.0362  0.0350  0.0337  0.0363  0.0362  0.0350  0.0350  0.0369  0.0344  0.0354  0.0328  0.0336
   -2.6840   -3.7162    0.1486  -11.8279  -17.5005   -2.8632
   -2.6806   -5.1603    3.7964   21.8192    4.1242  -31.8744
eta,q 0.96779  9.82043

---------------------------------------------------------------------
imgreg_4dfp /opt/freesurfer/average/711-2C_as_mni_average_305 /opt/freesurfer/average/711-2B_as_mni_average_305_mask talsrcimg_g11 none talsrcimg_to_711-2C_as_mni_average_305_t4 2311
---------------------------------------------------------------------

freesurfer imgreg_4dfp.c
/opt/freesurfer/average/711-2C_as_mni_average_305.4dfp.img
       256       256       256         1
  1.000000  1.000000  1.000000
orientation T byte_order littleendian
Reading image: /opt/freesurfer/average/711-2C_as_mni_average_305.4dfp.img
dimensions:      256       256       256
mmppix:       1.0000   -1.0000   -1.0000
center:     128.0000 -129.0000 -129.0000
/opt/freesurfer/average/711-2B_as_mni_average_305_mask.4dfp.img
       256       256       256         1
  1.000000  1.000000  1.000000
orientation T byte_order littleendian
Reading mask: /opt/freesurfer/average/711-2B_as_mni_average_305_mask.4dfp.img (2306576 pixels)
talsrcimg_g11.4dfp.img
       256       256       256         1
  1.000000  1.000000  1.000000
orientation T byte_order littleendian
Reading image: talsrcimg_g11.4dfp.img
dimensions:      256       256       256
mmppix:       1.0000   -1.0000   -1.0000
center:     128.0000 -129.0000 -129.0000
fimgreg.f
image alignment mode   2311 decimal      907 hex
parameters
   -2.6840   -3.7162    0.1486  -11.8279  -17.5005   -2.8632
   -2.6806   -5.1603    3.7964   21.8192    4.1242  -31.8744
eta,q 0.96779  9.82043
niter,ni,del,rscale     5    3    5.0000    0.8000
parameters
   -2.6805   -3.7594    0.1046  -11.1822  -16.9177   -2.1542
   -2.6173   -5.2191    3.8479   21.6215    3.7611  -32.3385
eta,q 0.96795  9.91916
  0.0340  0.0334  0.0329  0.0333  0.0334  0.0334  0.0334  0.0343  0.0332  0.0335  0.0323  0.0325
  0.0330  0.0327  0.0325  0.0327  0.0328  0.0329  0.0327  0.0330  0.0326  0.0327  0.0322  0.0322
  0.0324  0.0323  0.0323  0.0324  0.0324  0.0325  0.0322  0.0323  0.0322  0.0322  0.0321  0.0321
  0.0322  0.0322  0.0322  0.0322  0.0322  0.0322  0.0321  0.0321  0.0321  0.0321  0.0321  0.0321
  0.0324  0.0324  0.0323  0.0322  0.0322  0.0321  0.0322  0.0324  0.0322  0.0323  0.0321  0.0322
  0.0330  0.0329  0.0325  0.0324  0.0324  0.0324  0.0326  0.0331  0.0325  0.0329  0.0322  0.0324
  0.0340  0.0336  0.0329  0.0328  0.0330  0.0330  0.0333  0.0344  0.0331  0.0338  0.0324  0.0327
niter,ni,del,rscale     4    3    5.0000    0.7000
parameters
   -2.6710   -3.8216    0.1632  -10.9514  -16.8355   -1.9059
   -2.5786   -5.2168    3.9340   21.5790    3.5790  -32.3982
eta,q 0.96798  9.94499
  0.0335  0.0330  0.0327  0.0328  0.0329  0.0331  0.0331  0.0338  0.0329  0.0333  0.0323  0.0325
  0.0327  0.0324  0.0323  0.0324  0.0325  0.0327  0.0325  0.0328  0.0324  0.0326  0.0321  0.0322
  0.0322  0.0321  0.0321  0.0322  0.0322  0.0323  0.0322  0.0322  0.0321  0.0322  0.0320  0.0321
  0.0321  0.0321  0.0320  0.0321  0.0320  0.0320  0.0320  0.0320  0.0320  0.0320  0.0320  0.0320
  0.0322  0.0322  0.0321  0.0321  0.0321  0.0321  0.0321  0.0322  0.0321  0.0322  0.0321  0.0321
  0.0327  0.0326  0.0323  0.0323  0.0324  0.0324  0.0325  0.0328  0.0324  0.0326  0.0322  0.0322
  0.0335  0.0332  0.0326  0.0327  0.0329  0.0330  0.0330  0.0338  0.0328  0.0333  0.0323  0.0325
niter,ni,del,rscale     3    3    5.0000    0.6000
parameters
   -2.6701   -3.8380    0.1960  -10.8813  -16.7844   -1.7149
   -2.5623   -5.2302    3.9582   21.5370    3.5008  -32.4105
eta,q 0.96799  9.95796
  0.0331  0.0328  0.0325  0.0326  0.0326  0.0329  0.0328  0.0333  0.0326  0.0329  0.0322  0.0323
  0.0325  0.0324  0.0322  0.0323  0.0323  0.0325  0.0324  0.0326  0.0323  0.0324  0.0321  0.0321
  0.0322  0.0321  0.0321  0.0321  0.0321  0.0322  0.0321  0.0321  0.0321  0.0321  0.0320  0.0320
  0.0320  0.0320  0.0320  0.0320  0.0320  0.0320  0.0320  0.0320  0.0320  0.0320  0.0320  0.0320
  0.0321  0.0321  0.0321  0.0321  0.0321  0.0321  0.0321  0.0322  0.0321  0.0321  0.0320  0.0321
  0.0325  0.0324  0.0322  0.0322  0.0323  0.0323  0.0323  0.0326  0.0323  0.0325  0.0321  0.0322
  0.0331  0.0328  0.0324  0.0325  0.0326  0.0328  0.0328  0.0333  0.0326  0.0330  0.0322  0.0323
niter,ni,del,rscale     2    3    5.0000    0.5000
parameters
   -2.6702   -3.8474    0.2423  -10.8251  -16.7607   -1.5524
   -2.5527   -5.2432    3.9779   21.5034    3.4564  -32.4158
eta,q 0.96800  9.96766
  0.0327  0.0325  0.0324  0.0324  0.0324  0.0327  0.0325  0.0329  0.0324  0.0327  0.0322  0.0322
  0.0323  0.0322  0.0322  0.0322  0.0322  0.0324  0.0322  0.0324  0.0322  0.0323  0.0321  0.0321
  0.0321  0.0321  0.0321  0.0321  0.0321  0.0321  0.0321  0.0321  0.0321  0.0321  0.0320  0.0320
  0.0320  0.0320  0.0320  0.0320  0.0320  0.0320  0.0320  0.0320  0.0320  0.0320  0.0320  0.0320
  0.0321  0.0321  0.0320  0.0321  0.0321  0.0321  0.0321  0.0321  0.0321  0.0321  0.0320  0.0320
  0.0323  0.0323  0.0321  0.0322  0.0322  0.0322  0.0322  0.0324  0.0322  0.0323  0.0321  0.0321
  0.0327  0.0326  0.0323  0.0324  0.0324  0.0326  0.0325  0.0329  0.0324  0.0327  0.0322  0.0322
niter,ni,del,rscale     1    3    5.0000    0.4000
parameters
   -2.6682   -3.8561    0.2771  -10.8268  -16.7406   -1.4419
   -2.5394   -5.2467    3.9872   21.4843    3.4434  -32.3950
eta,q 0.96799  9.97231
  0.0325  0.0323  0.0322  0.0322  0.0323  0.0325  0.0323  0.0326  0.0323  0.0324  0.0321  0.0322
  0.0322  0.0322  0.0321  0.0321  0.0321  0.0322  0.0322  0.0323  0.0321  0.0322  0.0321  0.0321
  0.0321  0.0320  0.0320  0.0320  0.0320  0.0321  0.0320  0.0321  0.0320  0.0320  0.0320  0.0320
  0.0320  0.0320  0.0320  0.0320  0.0320  0.0320  0.0320  0.0320  0.0320  0.0320  0.0320  0.0320
  0.0321  0.0321  0.0320  0.0320  0.0320  0.0320  0.0320  0.0321  0.0320  0.0321  0.0320  0.0320
  0.0322  0.0322  0.0321  0.0321  0.0321  0.0322  0.0321  0.0323  0.0321  0.0322  0.0321  0.0321
  0.0325  0.0324  0.0322  0.0322  0.0323  0.0324  0.0323  0.0326  0.0323  0.0324  0.0321  0.0321
registration optimization eta report
parameter search radius
    0.8000    0.8000    0.8000    2.4000    2.4000    2.4000
    2.4000    2.4000    2.4000    2.4000    2.4000    2.4000
100000*second partial in parameter space
       73.       54.       32.        4.        5.        7.
        6.       10.        5.        7.        2.        3.
  0.0325  0.0323  0.0322  0.0322  0.0323  0.0325  0.0323  0.0326  0.0323  0.0324  0.0321  0.0322
  0.0322  0.0322  0.0321  0.0321  0.0321  0.0322  0.0322  0.0323  0.0321  0.0322  0.0321  0.0321
  0.0321  0.0320  0.0320  0.0320  0.0320  0.0321  0.0320  0.0321  0.0320  0.0320  0.0320  0.0320
  0.0320  0.0320  0.0320  0.0320  0.0320  0.0320  0.0320  0.0320  0.0320  0.0320  0.0320  0.0320
  0.0321  0.0321  0.0320  0.0320  0.0320  0.0320  0.0320  0.0321  0.0320  0.0321  0.0320  0.0320
  0.0322  0.0322  0.0321  0.0321  0.0321  0.0322  0.0321  0.0323  0.0321  0.0322  0.0321  0.0321
  0.0325  0.0324  0.0322  0.0322  0.0323  0.0324  0.0323  0.0326  0.0323  0.0324  0.0321  0.0321
   -2.6682   -3.8561    0.2771  -10.8268  -16.7406   -1.4419
   -2.5394   -5.2467    3.9872   21.4843    3.4434  -32.3950
eta,q 0.96799  9.97231

---------------------------------------------------------------------
imgreg_4dfp /opt/freesurfer/average/711-2C_as_mni_average_305 /opt/freesurfer/average/711-2B_as_mni_average_305_mask talsrcimg_g11 none talsrcimg_to_711-2C_as_mni_average_305_t4 2311
---------------------------------------------------------------------

freesurfer imgreg_4dfp.c
/opt/freesurfer/average/711-2C_as_mni_average_305.4dfp.img
       256       256       256         1
  1.000000  1.000000  1.000000
orientation T byte_order littleendian
Reading image: /opt/freesurfer/average/711-2C_as_mni_average_305.4dfp.img
dimensions:      256       256       256
mmppix:       1.0000   -1.0000   -1.0000
center:     128.0000 -129.0000 -129.0000
/opt/freesurfer/average/711-2B_as_mni_average_305_mask.4dfp.img
       256       256       256         1
  1.000000  1.000000  1.000000
orientation T byte_order littleendian
Reading mask: /opt/freesurfer/average/711-2B_as_mni_average_305_mask.4dfp.img (2306576 pixels)
talsrcimg_g11.4dfp.img
       256       256       256         1
  1.000000  1.000000  1.000000
orientation T byte_order littleendian
Reading image: talsrcimg_g11.4dfp.img
dimensions:      256       256       256
mmppix:       1.0000   -1.0000   -1.0000
center:     128.0000 -129.0000 -129.0000
fimgreg.f
image alignment mode   2311 decimal      907 hex
parameters
   -2.6682   -3.8561    0.2771  -10.8268  -16.7406   -1.4419
   -2.5394   -5.2467    3.9872   21.4843    3.4434  -32.3950
eta,q 0.96799  9.97231
niter,ni,del,rscale     5    3    5.0000    0.8000
parameters
   -2.6756   -3.8327    0.3415  -10.9759  -16.9109   -1.8248
   -2.5928   -5.1916    3.9604   21.5857    3.5200  -32.2137
eta,q 0.96797  9.94108
  0.0339  0.0334  0.0329  0.0329  0.0330  0.0331  0.0333  0.0344  0.0331  0.0337  0.0324  0.0326
  0.0328  0.0326  0.0324  0.0324  0.0325  0.0326  0.0326  0.0331  0.0325  0.0328  0.0322  0.0323
  0.0322  0.0322  0.0321  0.0321  0.0321  0.0322  0.0322  0.0323  0.0321  0.0322  0.0321  0.0321
  0.0320  0.0320  0.0320  0.0320  0.0320  0.0320  0.0320  0.0320  0.0320  0.0320  0.0320  0.0320
  0.0322  0.0322  0.0321  0.0321  0.0321  0.0322  0.0322  0.0323  0.0322  0.0322  0.0321  0.0321
  0.0328  0.0326  0.0323  0.0324  0.0325  0.0327  0.0326  0.0330  0.0325  0.0327  0.0322  0.0323
  0.0339  0.0333  0.0327  0.0331  0.0332  0.0338  0.0334  0.0343  0.0331  0.0336  0.0324  0.0326
niter,ni,del,rscale     4    3    5.0000    0.7000
parameters
   -2.6708   -3.8327    0.2536  -10.9402  -16.8341   -1.8030
   -2.5842   -5.2108    3.9632   21.5472    3.5367  -32.3120
eta,q 0.96798  9.94821
  0.0335  0.0331  0.0326  0.0327  0.0329  0.0330  0.0330  0.0338  0.0328  0.0333  0.0323  0.0324
  0.0327  0.0325  0.0322  0.0324  0.0324  0.0326  0.0325  0.0328  0.0324  0.0326  0.0321  0.0322
  0.0322  0.0321  0.0321  0.0321  0.0321  0.0323  0.0321  0.0322  0.0321  0.0322  0.0320  0.0321
  0.0320  0.0320  0.0320  0.0320  0.0320  0.0320  0.0320  0.0320  0.0320  0.0320  0.0320  0.0320
  0.0322  0.0322  0.0321  0.0321  0.0321  0.0321  0.0321  0.0322  0.0321  0.0322  0.0321  0.0321
  0.0326  0.0325  0.0324  0.0323  0.0324  0.0325  0.0325  0.0328  0.0324  0.0326  0.0321  0.0322
  0.0334  0.0331  0.0327  0.0328  0.0328  0.0331  0.0330  0.0338  0.0328  0.0333  0.0323  0.0325
niter,ni,del,rscale     3    3    5.0000    0.6000
parameters
   -2.6702   -3.8456    0.2358  -10.8803  -16.7786   -1.6699
   -2.5620   -5.2277    3.9662   21.5178    3.4965  -32.3808
eta,q 0.96799  9.95942
  0.0331  0.0328  0.0325  0.0326  0.0326  0.0328  0.0328  0.0333  0.0326  0.0329  0.0322  0.0323
  0.0325  0.0323  0.0322  0.0323  0.0323  0.0325  0.0324  0.0326  0.0323  0.0324  0.0321  0.0321
  0.0321  0.0321  0.0321  0.0321  0.0321  0.0322  0.0321  0.0321  0.0321  0.0321  0.0320  0.0320
  0.0320  0.0320  0.0320  0.0320  0.0320  0.0320  0.0320  0.0320  0.0320  0.0320  0.0320  0.0320
  0.0321  0.0321  0.0321  0.0321  0.0321  0.0321  0.0321  0.0322  0.0321  0.0321  0.0320  0.0321
  0.0325  0.0324  0.0322  0.0322  0.0323  0.0323  0.0323  0.0326  0.0323  0.0324  0.0321  0.0322
  0.0331  0.0328  0.0325  0.0325  0.0326  0.0328  0.0328  0.0333  0.0326  0.0330  0.0322  0.0323
niter,ni,del,rscale     2    3    5.0000    0.5000
parameters
   -2.6718   -3.8510    0.2540  -10.8323  -16.7610   -1.5376
   -2.5493   -5.2409    3.9877   21.4967    3.4647  -32.4083
eta,q 0.96799  9.96773
  0.0327  0.0325  0.0323  0.0324  0.0324  0.0326  0.0325  0.0329  0.0324  0.0327  0.0322  0.0322
  0.0323  0.0322  0.0322  0.0322  0.0322  0.0324  0.0322  0.0324  0.0322  0.0323  0.0321  0.0321
  0.0321  0.0321  0.0320  0.0320  0.0321  0.0321  0.0321  0.0321  0.0321  0.0321  0.0320  0.0320
  0.0320  0.0320  0.0320  0.0320  0.0320  0.0320  0.0320  0.0320  0.0320  0.0320  0.0320  0.0320
  0.0321  0.0321  0.0320  0.0321  0.0320  0.0321  0.0321  0.0321  0.0321  0.0321  0.0320  0.0320
  0.0323  0.0323  0.0321  0.0322  0.0322  0.0323  0.0322  0.0324  0.0322  0.0323  0.0321  0.0321
  0.0327  0.0326  0.0323  0.0324  0.0324  0.0326  0.0325  0.0329  0.0324  0.0327  0.0322  0.0322
niter,ni,del,rscale     1    3    5.0000    0.4000
parameters
   -2.6679   -3.8608    0.2812  -10.8225  -16.7290   -1.4356
   -2.5422   -5.2483    3.9989   21.4815    3.4280  -32.4005
eta,q 0.96799  9.97346
  0.0325  0.0323  0.0322  0.0322  0.0323  0.0324  0.0323  0.0326  0.0323  0.0324  0.0321  0.0322
  0.0322  0.0322  0.0321  0.0321  0.0321  0.0322  0.0322  0.0323  0.0321  0.0322  0.0320  0.0321
  0.0321  0.0320  0.0320  0.0320  0.0320  0.0321  0.0320  0.0321  0.0320  0.0321  0.0320  0.0320
  0.0320  0.0320  0.0320  0.0320  0.0320  0.0320  0.0320  0.0320  0.0320  0.0320  0.0320  0.0320
  0.0321  0.0320  0.0320  0.0320  0.0320  0.0320  0.0320  0.0321  0.0320  0.0321  0.0320  0.0320
  0.0322  0.0322  0.0321  0.0321  0.0321  0.0322  0.0321  0.0323  0.0321  0.0322  0.0321  0.0321
  0.0325  0.0324  0.0322  0.0322  0.0323  0.0324  0.0323  0.0326  0.0323  0.0324  0.0321  0.0321
registration optimization eta report
parameter search radius
    0.8000    0.8000    0.8000    2.4000    2.4000    2.4000
    2.4000    2.4000    2.4000    2.4000    2.4000    2.4000
100000*second partial in parameter space
       74.       54.       32.        4.        5.        7.
        6.       10.        5.        7.        2.        3.
  0.0325  0.0323  0.0322  0.0322  0.0323  0.0324  0.0323  0.0326  0.0323  0.0324  0.0321  0.0322
  0.0322  0.0322  0.0321  0.0321  0.0321  0.0322  0.0322  0.0323  0.0321  0.0322  0.0320  0.0321
  0.0321  0.0320  0.0320  0.0320  0.0320  0.0321  0.0320  0.0321  0.0320  0.0321  0.0320  0.0320
  0.0320  0.0320  0.0320  0.0320  0.0320  0.0320  0.0320  0.0320  0.0320  0.0320  0.0320  0.0320
  0.0321  0.0320  0.0320  0.0320  0.0320  0.0320  0.0320  0.0321  0.0320  0.0321  0.0320  0.0320
  0.0322  0.0322  0.0321  0.0321  0.0321  0.0322  0.0321  0.0323  0.0321  0.0322  0.0321  0.0321
  0.0325  0.0324  0.0322  0.0322  0.0323  0.0324  0.0323  0.0326  0.0323  0.0324  0.0321  0.0321
   -2.6679   -3.8608    0.2812  -10.8225  -16.7290   -1.4356
   -2.5422   -5.2483    3.9989   21.4815    3.4280  -32.4005
eta,q 0.96799  9.97346

---------------------------------------------------------------------
compute_vox2vox talsrcimg talsrcimg_to_711-2C_as_mni_average_305_t4 /opt/freesurfer/average/711-2C_as_mni_average_305
---------------------------------------------------------------------

freesurfer compute_vox2vox.c
Reading: talsrcimg.4dfp.ifh
Reading: talsrcimg_to_711-2C_as_mni_average_305_t4
Reading: /opt/freesurfer/average/711-2C_as_mni_average_305.4dfp.ifh
Writing: talsrcimg_to_711-2C_as_mni_average_305_t4_vox2vox.txt

start time Thu Mar 12 01:48:30 CET 2026
end		time Thu Mar 12 01:49:57 CET 2026

mpr2mni305 success

avi2talxfm orig_nu.mgz /opt/freesurfer/average/mni305.cor.mgz talsrcimg_to_711-2C_as_mni_average_305_t4_vox2vox.txt transforms/talairach.auto.xfm
avi2talxfm done
mv -f /out/sourcedata/freesurfer/sub-v1s10x0050995_ses-1/mri/talsrcimg_to_711-2C_as_mni_average_305_t4_vox2vox.txt /out/sourcedata/freesurfer/sub-v1s10x0050995_ses-1/mri/transforms/talsrcimg_to_711-2C_as_mni_average_305_t4_vox2vox.txt
lta_convert --src orig_nu.mgz --trg /opt/freesurfer/average/mni305.cor.mgz --inxfm transforms/talairach.auto.xfm --outlta transforms/talairach.auto.xfm.lta --subject fsaverage
7.3.2

--src: orig_nu.mgz src image (geometry).
--trg: /opt/freesurfer/average/mni305.cor.mgz trg image (geometry).
--inmni: transforms/talairach.auto.xfm input MNI/XFM transform.
--outlta: transforms/talairach.auto.xfm.lta output LTA.
--s: fsaverage subject name
 LTA read, type : 1
 1.11715   0.04798   0.05278   2.37494;
-0.05207   0.93302   0.36145  -0.33263;
-0.04022  -0.24300   1.10512   3.14931;
 0.00000   0.00000   0.00000   1.00000;
setting subject to fsaverage
Writing  LTA to file transforms/talairach.auto.xfm.lta...
lta_convert successful.
 
 
Started at Thu Mar 12 01:48:30 CET 2026
Ended   at Thu Mar 12 01:49:58 CET 2026
talairach_avi done
