/out/sourcedata/freesurfer/sub-v1s10x0050957_ses-1/mri
/opt/freesurfer/bin/talairach_avi
--i orig_nu.mgz --xfm transforms/talairach.auto.xfm
talairach_avi 7.3.2
Linux dna060 5.14.0-427.37.1.el9_4.x86_64 #1 SMP PREEMPT_DYNAMIC Fri Sep 13 12:41:50 EDT 2024 x86_64 x86_64 x86_64 GNU/Linux
Wed Mar 11 22:45:27 CET 2026
mri_convert orig_nu.mgz talsrcimg.img 
reading from orig_nu.mgz...
TR=0.00, TE=0.00, TI=0.00, flip angle=0.00
i_ras = (-1, 0, 0)
j_ras = (0, 0, -1)
k_ras = (0, 1, 0)
writing to talsrcimg.img...
Analyze Output Matrix
-1.00000   0.00000   0.00000   120.99043;
 0.00000   0.00000   1.00000  -132.33734;
 0.00000  -1.00000   0.00000   130.00000;
 0.00000   0.00000   0.00000   1.00000;
--------------------
INFO: set hdr.hist.orient to -1
mpr2mni305 talsrcimg
Wed Mar 11 22:45:27 CET 2026
/opt/freesurfer/bin/mpr2mni305 talsrcimg
mpr2mni305 7.3.2
target=711-2C_as_mni_average_305

---------------------------------------------------------------------
analyzeto4dfp talsrcimg -O0 -y
---------------------------------------------------------------------

freesurfer ifh2hdr.c
Wed Mar 11 22:45:28 2026
Writing: talsrcimg.4dfp.hdr
freesurfer analyzeto4dfp.c
Reading: talsrcimg.hdr
header size 348 bytes
hdr.dime.datatype	offset=70	value=2
hdr.dime.bitpix		offset=72	value=8
hdr.hist.orient		offset=252	value=-1
dimensionality     4
dimensions       256       256       256         1
Reading: talsrcimg.img
Writing: talsrcimg.4dfp.img
Writing: talsrcimg.4dfp.ifh
ifh2hdr talsrcimg -r0to205
ori=2

---------------------------------------------------------------------
gauss_4dfp talsrcimg 1.1
---------------------------------------------------------------------

freesurfer gauss_4dfp.c
Reading: talsrcimg.4dfp.img
Writing: talsrcimg_g11.4dfp.img
image dimensions 256 256 256 padded to 288 288 288
processing volume 1freesurfer ifh2hdr.c
Wed Mar 11 22:45:29 2026
Writing: talsrcimg_g11.4dfp.hdr

Writing: talsrcimg_g11.4dfp.ifh
including: talsrcimg.4dfp.img.rec in talsrcimg_g11.4dfp.img.rec

---------------------------------------------------------------------
imgreg_4dfp /opt/freesurfer/average/711-2C_as_mni_average_305 none talsrcimg_g11 none talsrcimg_to_711-2C_as_mni_average_305_t4 4355
---------------------------------------------------------------------

freesurfer imgreg_4dfp.c
/opt/freesurfer/average/711-2C_as_mni_average_305.4dfp.img
       256       256       256         1
  1.000000  1.000000  1.000000
orientation T byte_order littleendian
Reading image: /opt/freesurfer/average/711-2C_as_mni_average_305.4dfp.img
dimensions:      256       256       256
mmppix:       1.0000   -1.0000   -1.0000
center:     128.0000 -129.0000 -129.0000
talsrcimg_g11.4dfp.img
       256       256       256         1
  1.000000  1.000000  1.000000
orientation T byte_order littleendian
Reading image: talsrcimg_g11.4dfp.img
dimensions:      256       256       256
mmppix:       1.0000   -1.0000   -1.0000
center:     128.0000 -129.0000 -129.0000
t4_read: open error in t4_sub.f l:  41 t4_file(1:l)talsrcimg_to_711-2C_as_mni_average_305_t4 
t4_read: transform initialized to I4
rotation matrix determinant  1.000000
image alignment mode   4355 decimal     1103 hex
   -7.5000  -45.0000  -45.0000 7859.1025   20.0675
    0.0000  -45.0000  -45.0000 8189.9453   20.0709
    7.5000  -45.0000  -45.0000 7822.6113   20.0639
   -7.5000  -37.5000  -45.0000 8337.5840   20.0497
    0.0000  -37.5000  -45.0000 8676.9746   20.0554
    7.5000  -37.5000  -45.0000 8290.2441   20.0561
   -7.5000  -30.0000  -45.0000 9069.5254   20.0451
    0.0000  -30.0000  -45.0000 9460.3867   20.0596
    7.5000  -30.0000  -45.0000 9037.1436   20.0709
   -7.5000  -22.5000  -45.0000 9749.1494   20.0368
    0.0000  -22.5000  -45.000010152.1904   20.0575
    7.5000  -22.5000  -45.0000 9698.7344   20.0712
   -7.5000  -15.0000  -45.000010314.3994   20.0321
    0.0000  -15.0000  -45.000010746.3105   20.0497
    7.5000  -15.0000  -45.000010260.6729   20.0548
   -7.5000   -7.5000  -45.000010901.4619   20.0377
    0.0000   -7.5000  -45.000011334.9482   20.0465
    7.5000   -7.5000  -45.000010836.4902   20.0411
   -7.5000    0.0000  -45.000011332.7725   20.0467
    0.0000    0.0000  -45.000011782.8818   20.0498
    7.5000    0.0000  -45.000011251.7969   20.0425
   -7.5000    7.5000  -45.000010936.6318   20.0496
    0.0000    7.5000  -45.000011358.0068   20.0553
    7.5000    7.5000  -45.000010839.6074   20.0560
   -7.5000   15.0000  -45.000010454.6348   20.0451
    0.0000   15.0000  -45.000010823.7734   20.0596
    7.5000   15.0000  -45.000010322.4922   20.0709
   -7.5000   22.5000  -45.0000 9844.3467   20.0341
    0.0000   22.5000  -45.000010159.9980   20.0547
    7.5000   22.5000  -45.0000 9688.2109   20.0685
   -7.5000   30.0000  -45.0000 9071.0625   19.7651
    0.0000   30.0000  -45.0000 9342.4619   19.7826
    7.5000   30.0000  -45.0000 8926.4170   19.7875
   -7.5000   37.5000  -45.0000 8621.3525   19.7707
    0.0000   37.5000  -45.0000 8881.7012   19.7794
    7.5000   37.5000  -45.0000 8444.4258   19.7740
   -7.5000   45.0000  -45.0000 7880.9297   19.2801
    0.0000   45.0000  -45.0000 8117.2632   19.2831
    7.5000   45.0000  -45.0000 7676.6909   19.2761
   -7.5000  -45.0000  -37.5000 8406.1689   19.9244
    0.0000  -45.0000  -37.5000 8760.5820   19.9249
    7.5000  -45.0000  -37.5000 8349.5977   19.9246
   -7.5000  -37.5000  -37.5000 8913.0938   19.9032
    0.0000  -37.5000  -37.5000 9283.9424   19.9047
    7.5000  -37.5000  -37.5000 8842.5967   19.9073
   -7.5000  -30.0000  -37.5000 9686.6553   19.9009
    0.0000  -30.0000  -37.500010100.2734   19.9108
    7.5000  -30.0000  -37.5000 9622.7910   19.9206
   -7.5000  -22.5000  -37.500010367.4180   19.8978
    0.0000  -22.5000  -37.500010831.0303   19.9157
    7.5000  -22.5000  -37.500010304.6514   19.9302
   -7.5000  -15.0000  -37.500010955.0000   19.8963
    0.0000  -15.0000  -37.500011449.3223   19.9139
    7.5000  -15.0000  -37.500010861.4658   19.9256
   -7.5000   -7.5000  -37.500011553.0439   19.9006
    0.0000   -7.5000  -37.500012044.5654   19.9089
    7.5000   -7.5000  -37.500011439.2354   19.9126
   -7.5000    0.0000  -37.500011973.2803   19.9041
    0.0000    0.0000  -37.500012474.7061   19.9044
    7.5000    0.0000  -37.500011862.6943   19.9037
   -7.5000    7.5000  -37.500011541.7246   19.9031
    0.0000    7.5000  -37.500012003.9932   19.9046
    7.5000    7.5000  -37.500011416.8535   19.9072
   -7.5000   15.0000  -37.500011037.0977   19.9009
    0.0000   15.0000  -37.500011444.1572   19.9108
    7.5000   15.0000  -37.500010891.7783   19.9206
   -7.5000   22.5000  -37.500010382.3115   19.8950
    0.0000   22.5000  -37.500010745.6982   19.9130
    7.5000   22.5000  -37.500010211.4629   19.9275
   -7.5000   30.0000  -37.5000 9538.8691   19.6312
    0.0000   30.0000  -37.5000 9853.0605   19.6485
    7.5000   30.0000  -37.5000 9366.4980   19.6601
   -7.5000   37.5000  -37.5000 9048.4639   19.6354
    0.0000   37.5000  -37.5000 9346.4668   19.6435
    7.5000   37.5000  -37.5000 8859.0420   19.6473
   -7.5000   45.0000  -37.5000 8256.0430   19.1433
    0.0000   45.0000  -37.5000 8512.7939   19.1435
    7.5000   45.0000  -37.5000 8047.3696   19.1428
   -7.5000  -45.0000  -30.0000 9099.7559   20.7844
    0.0000  -45.0000  -30.0000 9471.4727   20.7854
    7.5000  -45.0000  -30.0000 9040.1113   20.7893
   -7.5000  -37.5000  -30.0000 9632.2412   20.7657
    0.0000  -37.5000  -30.000010060.3398   20.7677
    7.5000  -37.5000  -30.0000 9569.9932   20.7716
   -7.5000  -30.0000  -30.000010473.4160   20.7682
    0.0000  -30.0000  -30.000010939.9590   20.7792
    7.5000  -30.0000  -30.000010401.7480   20.7870
   -7.5000  -22.5000  -30.000011212.8281   20.7643
    0.0000  -22.5000  -30.000011723.3066   20.7843
    7.5000  -22.5000  -30.000011118.9180   20.7967
   -7.5000  -15.0000  -30.000011840.7656   20.7582
    0.0000  -15.0000  -30.000012403.8516   20.7785
    7.5000  -15.0000  -30.000011705.3809   20.7918
   -7.5000   -7.5000  -30.000012457.8145   20.7594
    0.0000   -7.5000  -30.000013026.5430   20.7696
    7.5000   -7.5000  -30.000012312.5742   20.7779
   -7.5000    0.0000  -30.000012913.2520   20.7630
    0.0000    0.0000  -30.000013494.7510   20.7638
    7.5000    0.0000  -30.000012771.2910   20.7673
   -7.5000    7.5000  -30.000012418.8867   20.7656
    0.0000    7.5000  -30.000012945.7852   20.7676
    7.5000    7.5000  -30.000012256.7334   20.7715
   -7.5000   15.0000  -30.000011830.4043   20.7682
    0.0000   15.0000  -30.000012322.4785   20.7792
    7.5000   15.0000  -30.000011670.4102   20.7870
   -7.5000   22.5000  -30.000011097.1689   20.7593
    0.0000   22.5000  -30.000011552.0537   20.7793
    7.5000   22.5000  -30.000010934.4756   20.7917
   -7.5000   30.0000  -30.000010185.9414   20.4835
    0.0000   30.0000  -30.000010576.3379   20.5035
    7.5000   30.0000  -30.000010006.4873   20.5167
   -7.5000   37.5000  -30.0000 9661.7461   20.4847
    0.0000   37.5000  -30.000010020.5352   20.4948
    7.5000   37.5000  -30.0000 9451.7207   20.5029
   -7.5000   45.0000  -30.0000 8777.1934   19.9838
    0.0000   45.0000  -30.0000 9078.5762   19.9845
    7.5000   45.0000  -30.0000 8582.7236   19.9879
   -7.5000  -45.0000  -22.5000 9824.6143   21.5201
    0.0000  -45.0000  -22.500010242.5488   21.5267
    7.5000  -45.0000  -22.5000 9754.0508   21.5265
   -7.5000  -37.5000  -22.500010366.7041   21.5047
    0.0000  -37.5000  -22.500010824.2812   21.5149
    7.5000  -37.5000  -22.500010287.0342   21.5182
   -7.5000  -30.0000  -22.500011239.1064   21.5091
    0.0000  -30.0000  -22.500011746.2344   21.5294
    7.5000  -30.0000  -22.500011150.3203   21.5377
   -7.5000  -22.5000  -22.500012054.4297   21.5027
    0.0000  -22.5000  -22.500012616.1533   21.5293
    7.5000  -22.5000  -22.500011929.6797   21.5395
   -7.5000  -15.0000  -22.500012747.1367   21.4918
    0.0000  -15.0000  -22.500013360.5625   21.5155
    7.5000  -15.0000  -22.500012598.4336   21.5227
   -7.5000   -7.5000  -22.500013368.2295   21.4911
    0.0000   -7.5000  -22.500014020.1074   21.5046
    7.5000   -7.5000  -22.500013200.1533   21.5062
   -7.5000    0.0000  -22.500013855.8154   21.4975
    0.0000    0.0000  -22.500014512.5508   21.5038
    7.5000    0.0000  -22.500013675.8799   21.5033
   -7.5000    7.5000  -22.500013279.0801   21.5046
    0.0000    7.5000  -22.500013903.8730   21.5148
    7.5000    7.5000  -22.500013121.5566   21.5181
   -7.5000   15.0000  -22.500012633.8008   21.5091
    0.0000   15.0000  -22.500013194.5635   21.5294
    7.5000   15.0000  -22.500012471.3262   21.5377
   -7.5000   22.5000  -22.500011860.9092   21.4960
    0.0000   22.5000  -22.500012366.7773   21.5227
    7.5000   22.5000  -22.500011694.9062   21.5328
   -7.5000   30.0000  -22.500010889.8223   21.2107
    0.0000   30.0000  -22.500011341.3662   21.2341
    7.5000   30.0000  -22.500010705.4736   21.2411
   -7.5000   37.5000  -22.500010301.5879   21.2100
    0.0000   37.5000  -22.500010704.4697   21.2233
    7.5000   37.5000  -22.500010090.3105   21.2249
   -7.5000   45.0000  -22.5000 9340.5010   20.7058
    0.0000   45.0000  -22.5000 9689.5674   20.7119
    7.5000   45.0000  -22.5000 9128.5303   20.7114
   -7.5000  -45.0000  -15.000010543.6045   22.0250
    0.0000  -45.0000  -15.000011011.6221   22.0366
    7.5000  -45.0000  -15.000010474.8701   22.0303
   -7.5000  -37.5000  -15.000011088.0293   22.0111
    0.0000  -37.5000  -15.000011578.1465   22.0281
    7.5000  -37.5000  -15.000010997.8691   22.0308
   -7.5000  -30.0000  -15.000012034.4775   22.0132
    0.0000  -30.0000  -15.000012566.8018   22.0402
    7.5000  -30.0000  -15.000011928.9746   22.0510
   -7.5000  -22.5000  -15.000012862.0840   22.0031
    0.0000  -22.5000  -15.000013451.0586   22.0334
    7.5000  -22.5000  -15.000012739.6250   22.0432
   -7.5000  -15.0000  -15.000013576.9912   21.9902
    0.0000  -15.0000  -15.000014216.5508   22.0146
    7.5000  -15.0000  -15.000013443.0957   22.0149
   -7.5000   -7.5000  -15.000014235.0303   21.9909
    0.0000   -7.5000  -15.000014931.8809   22.0062
    7.5000   -7.5000  -15.000014104.4961   21.9985
   -7.5000    0.0000  -15.000014765.6260   22.0016
    0.0000    0.0000  -15.000015507.5039   22.0129
    7.5000    0.0000  -15.000014637.5635   22.0064
   -7.5000    7.5000  -15.000014156.2578   22.0110
    0.0000    7.5000  -15.000014847.3174   22.0280
    7.5000    7.5000  -15.000014020.4971   22.0306
   -7.5000   15.0000  -15.000013431.1250   22.0132
    0.0000   15.0000  -15.000014054.2139   22.0402
    7.5000   15.0000  -15.000013276.7695   22.0510
   -7.5000   22.5000  -15.000012589.4893   21.9953
    0.0000   22.5000  -15.000013134.1943   22.0256
    7.5000   22.5000  -15.000012426.5615   22.0354
   -7.5000   30.0000  -15.000011562.0820   21.7056
    0.0000   30.0000  -15.000012067.8779   21.7296
    7.5000   30.0000  -15.000011409.4287   21.7300
   -7.5000   37.5000  -15.000010950.6797   21.7063
    0.0000   37.5000  -15.000011384.4434   21.7214
    7.5000   37.5000  -15.000010778.2090   21.7138
   -7.5000   45.0000  -15.0000 9905.5908   21.2038
    0.0000   45.0000  -15.000010291.2188   21.2147
    7.5000   45.0000  -15.0000 9710.7725   21.2085
   -7.5000  -45.0000   -7.500011240.9834   22.2453
    0.0000  -45.0000   -7.500011765.5283   22.2548
    7.5000  -45.0000   -7.500011207.3848   22.2455
   -7.5000  -37.5000   -7.500011802.2070   22.2285
    0.0000  -37.5000   -7.500012363.8447   22.2424
    7.5000  -37.5000   -7.500011770.1270   22.2435
   -7.5000  -30.0000   -7.500012819.5420   22.2268
    0.0000  -30.0000   -7.500013417.8213   22.2505
    7.5000  -30.0000   -7.500012754.6260   22.2628
   -7.5000  -22.5000   -7.500013676.8867   22.2171
    0.0000  -22.5000   -7.500014356.5322   22.2453
    7.5000  -22.5000   -7.500013588.2393   22.2577
   -7.5000  -15.0000   -7.500014397.3740   22.2081
    0.0000  -15.0000   -7.500015105.4072   22.2308
    7.5000  -15.0000   -7.500014314.5176   22.2314
   -7.5000   -7.5000   -7.500015091.0439   22.2114
    0.0000   -7.5000   -7.500015874.0625   22.2249
    7.5000   -7.5000   -7.500015034.5439   22.2147
   -7.5000    0.0000   -7.500015688.8877   22.2220
    0.0000    0.0000   -7.500016513.8535   22.2311
    7.5000    0.0000   -7.500015630.4854   22.2216
   -7.5000    7.5000   -7.500015021.1963   22.2284
    0.0000    7.5000   -7.500015787.0889   22.2423
    7.5000    7.5000   -7.500014948.0508   22.2434
   -7.5000   15.0000   -7.500014195.9990   22.2268
    0.0000   15.0000   -7.500014880.3174   22.2505
    7.5000   15.0000   -7.500014092.6025   22.2628
   -7.5000   22.5000   -7.500013308.7676   22.2068
    0.0000   22.5000   -7.500013912.2266   22.2351
    7.5000   22.5000   -7.500013216.9551   22.2474
   -7.5000   30.0000   -7.500012281.1377   21.9201
    0.0000   30.0000   -7.500012829.2227   21.9425
    7.5000   30.0000   -7.500012195.4404   21.9431
   -7.5000   37.5000   -7.500011637.6113   21.9234
    0.0000   37.5000   -7.500012118.3584   21.9367
    7.5000   37.5000   -7.500011535.2207   21.9266
   -7.5000   45.0000   -7.500010529.8115   21.4204
    0.0000   45.0000   -7.500010952.7100   21.4292
    7.5000   45.0000   -7.500010379.0576   21.4201
   -7.5000  -45.0000    0.000011851.9727   22.2667
    0.0000  -45.0000    0.000012402.5225   22.2709
    7.5000  -45.0000    0.000011833.9629   22.2635
   -7.5000  -37.5000    0.000012448.9209   22.2460
    0.0000  -37.5000    0.000013029.0752   22.2528
    7.5000  -37.5000    0.000012450.2842   22.2536
   -7.5000  -30.0000    0.000013555.5176   22.2425
    0.0000  -30.0000    0.000014194.5713   22.2593
    7.5000  -30.0000    0.000013506.5508   22.2720
   -7.5000  -22.5000    0.000014550.0830   22.2365
    0.0000  -22.5000    0.000015275.3867   22.2604
    7.5000  -22.5000    0.000014476.0879   22.2764
   -7.5000  -15.0000    0.000015265.9434   22.2327
    0.0000  -15.0000    0.000016010.4297   22.2535
    7.5000  -15.0000    0.000015257.5410   22.2600
   -7.5000   -7.5000    0.000015924.1191   22.2370
    0.0000   -7.5000    0.000016729.5957   22.2476
    7.5000   -7.5000    0.000015981.6846   22.2424
   -7.5000    0.0000    0.000016554.5547   22.2439
    0.0000    0.0000    0.000017381.9961   22.2478
    7.5000    0.0000    0.000016601.0254   22.2400
   -7.5000    7.5000    0.000015824.0264   22.2459
    0.0000    7.5000    0.000016637.0469   22.2527
    7.5000    7.5000    0.000015888.0635   22.2535
   -7.5000   15.0000    0.000014935.2617   22.2425
    0.0000   15.0000    0.000015679.3613   22.2593
    7.5000   15.0000    0.000014962.0430   22.2720
   -7.5000   22.5000    0.000014024.9766   22.2262
    0.0000   22.5000    0.000014670.0723   22.2502
    7.5000   22.5000    0.000014017.0986   22.2661
   -7.5000   30.0000    0.000012981.7617   21.9450
    0.0000   30.0000    0.000013552.0801   21.9655
    7.5000   30.0000    0.000012937.8379   21.9720
   -7.5000   37.5000    0.000012330.2734   21.9492
    0.0000   37.5000    0.000012841.5107   21.9597
    7.5000   37.5000    0.000012210.1592   21.9545
   -7.5000   45.0000    0.000011122.9873   21.4436
    0.0000   45.0000    0.000011567.2734   21.4473
    7.5000   45.0000    0.000010961.8584   21.4399
   -7.5000  -45.0000    7.500011547.4551   22.2832
    0.0000  -45.0000    7.500012080.8408   22.2839
    7.5000  -45.0000    7.500011528.1309   22.2838
   -7.5000  -37.5000    7.500012154.7881   22.2611
    0.0000  -37.5000    7.500012718.8730   22.2629
    7.5000  -37.5000    7.500012133.8018   22.2659
   -7.5000  -30.0000    7.500013291.3594   22.2596
    0.0000  -30.0000    7.500013990.5371   22.2708
    7.5000  -30.0000    7.500013248.6260   22.2818
   -7.5000  -22.5000    7.500014407.0928   22.2555
    0.0000  -22.5000    7.500015173.8262   22.2757
    7.5000  -22.5000    7.500014340.0303   22.2919
   -7.5000  -15.0000    7.500015089.2100   22.2524
    0.0000  -15.0000    7.500015777.2363   22.2721
    7.5000  -15.0000    7.500015168.5938   22.2855
   -7.5000   -7.5000    7.500015643.3408   22.2562
    0.0000   -7.5000    7.500016281.4229   22.2656
    7.5000   -7.5000    7.500015831.9736   22.2701
   -7.5000    0.0000    7.500016187.0684   22.2605
    0.0000    0.0000    7.500016849.5137   22.2610
    7.5000    0.0000    7.500016383.0957   22.2604
   -7.5000    7.5000    7.500015525.5098   22.2610
    0.0000    7.5000    7.500016236.3789   22.2628
    7.5000    7.5000    7.500015696.5635   22.2657
   -7.5000   15.0000    7.500014674.2412   22.2596
    0.0000   15.0000    7.500015362.8682   22.2708
    7.5000   15.0000    7.500014763.0801   22.2818
   -7.5000   22.5000    7.500013767.4131   22.2453
    0.0000   22.5000    7.500014366.9316   22.2654
    7.5000   22.5000    7.500013733.8789   22.2817
   -7.5000   30.0000    7.500012701.7500   21.9644
    0.0000   30.0000    7.500013241.3496   21.9839
    7.5000   30.0000    7.500012604.1299   21.9971
   -7.5000   37.5000    7.500012068.0811   21.9681
    0.0000   37.5000    7.500012559.2803   21.9774
    7.5000   37.5000    7.500011899.7559   21.9818
   -7.5000   45.0000    7.500010914.5459   21.4600
    0.0000   45.0000    7.500011339.6396   21.4604
    7.5000   45.0000    7.500010710.2012   21.4598
   -7.5000  -45.0000   15.000011149.9355   22.3190
    0.0000  -45.0000   15.000011655.2188   22.3201
    7.5000  -45.0000   15.000011116.3281   22.3243
   -7.5000  -37.5000   15.000011728.9092   22.2989
    0.0000  -37.5000   15.000012289.4180   22.3011
    7.5000  -37.5000   15.000011710.9453   22.3053
   -7.5000  -30.0000   15.000012807.5127   22.3016
    0.0000  -30.0000   15.000013432.8916   22.3135
    7.5000  -30.0000   15.000012783.8701   22.3218
   -7.5000  -22.5000   15.000013833.8594   22.2974
    0.0000  -22.5000   15.000014431.3486   22.3189
    7.5000  -22.5000   15.000013844.9395   22.3322
   -7.5000  -15.0000   15.000014536.0928   22.2909
    0.0000  -15.0000   15.000015090.2783   22.3127
    7.5000  -15.0000   15.000014670.7051   22.3270
   -7.5000   -7.5000   15.000015255.2480   22.2922
    0.0000   -7.5000   15.000015805.8975   22.3031
    7.5000   -7.5000   15.000015403.1221   22.3120
   -7.5000    0.0000   15.000015831.6543   22.2960
    0.0000    0.0000   15.000016419.1387   22.2969
    7.5000    0.0000   15.000015912.1133   22.3007
   -7.5000    7.5000   15.000015178.7939   22.2988
    0.0000    7.5000   15.000015788.6582   22.3010
    7.5000    7.5000   15.000015148.6045   22.3051
   -7.5000   15.0000   15.000014284.4893   22.3016
    0.0000   15.0000   15.000014884.8467   22.3135
    7.5000   15.0000   15.000014179.5059   22.3218
   -7.5000   22.5000   15.000013318.0586   22.2872
    0.0000   22.5000   15.000013841.7998   22.3086
    7.5000   22.5000   15.000013191.0586   22.3220
   -7.5000   30.0000   15.000012259.9727   22.0024
    0.0000   30.0000   15.000012718.6797   22.0239
    7.5000   30.0000   15.000012091.2334   22.0380
   -7.5000   37.5000   15.000011607.3652   22.0037
    0.0000   37.5000   15.000012047.3906   22.0145
    7.5000   37.5000   15.000011420.6865   22.0233
   -7.5000   45.0000   15.000010496.1914   21.4941
    0.0000   45.0000   15.000010911.1777   21.4949
    7.5000   45.0000   15.000010296.5625   21.4985
   -7.5000  -45.0000   22.500010647.5225   22.3551
    0.0000  -45.0000   22.500011080.5400   22.3620
    7.5000  -45.0000   22.500010610.3379   22.3617
   -7.5000  -37.5000   22.500011192.8643   22.3389
    0.0000  -37.5000   22.500011639.4072   22.3495
    7.5000  -37.5000   22.500011172.2842   22.3530
   -7.5000  -30.0000   22.500012177.8184   22.3436
    0.0000  -30.0000   22.500012680.4385   22.3646
    7.5000  -30.0000   22.500012154.5098   22.3732
   -7.5000  -22.5000   22.500013093.9707   22.3371
    0.0000  -22.5000   22.500013596.3555   22.3646
    7.5000  -22.5000   22.500013075.3760   22.3751
   -7.5000  -15.0000   22.500013832.7705   22.3260
    0.0000  -15.0000   22.500014387.5537   22.3505
    7.5000  -15.0000   22.500013829.0859   22.3579
   -7.5000   -7.5000   22.500014628.5596   22.3252
    0.0000   -7.5000   22.500015264.0957   22.3392
    7.5000   -7.5000   22.500014536.3438   22.3408
   -7.5000    0.0000   22.500015226.2773   22.3316
    0.0000    0.0000   22.500015912.6582   22.3382
    7.5000    0.0000   22.500015064.9756   22.3376
   -7.5000    7.5000   22.500014571.8145   22.3388
    0.0000    7.5000   22.500015253.3252   22.3494
    7.5000    7.5000   22.500014396.3496   22.3528
   -7.5000   15.0000   22.500013656.0352   22.3436
    0.0000   15.0000   22.500014284.3857   22.3646
    7.5000   15.0000   22.500013502.1777   22.3732
   -7.5000   22.5000   22.500012648.2539   22.3268
    0.0000   22.5000   22.500013187.4082   22.3543
    7.5000   22.5000   22.500012515.5264   22.3648
   -7.5000   30.0000   22.500011625.7295   22.0371
    0.0000   30.0000   22.500012073.1641   22.0612
    7.5000   30.0000   22.500011491.3594   22.0685
   -7.5000   37.5000   22.500010988.3633   22.0363
    0.0000   37.5000   22.500011386.0957   22.0501
    7.5000   37.5000   22.500010850.0967   22.0516
   -7.5000   45.0000   22.5000 9948.0000   21.5279
    0.0000   45.0000   22.500010298.5137   21.5342
    7.5000   45.0000   22.5000 9770.8154   21.5337
   -7.5000  -45.0000   30.000010019.1182   22.4075
    0.0000  -45.0000   30.000010427.3047   22.4189
    7.5000  -45.0000   30.0000 9981.7051   22.4122
   -7.5000  -37.5000   30.000010555.4971   22.3925
    0.0000  -37.5000   30.000010995.6484   22.4094
    7.5000  -37.5000   30.000010508.3574   22.4119
   -7.5000  -30.0000   30.000011474.4551   22.3945
    0.0000  -30.0000   30.000011922.0234   22.4215
    7.5000  -30.0000   30.000011409.9482   22.4325
   -7.5000  -22.5000   30.000012271.0898   22.3851
    0.0000  -22.5000   30.000012703.2939   22.4154
    7.5000  -22.5000   30.000012195.9883   22.4253
   -7.5000  -15.0000   30.000012947.4238   22.3729
    0.0000  -15.0000   30.000013422.8730   22.3971
    7.5000  -15.0000   30.000012858.9814   22.3972
   -7.5000   -7.5000   30.000013642.8418   22.3735
    0.0000   -7.5000   30.000014170.3457   22.3886
    7.5000   -7.5000   30.000013522.9268   22.3805
   -7.5000    0.0000   30.000014194.3838   22.3836
    0.0000    0.0000   30.000014741.0146   22.3946
    7.5000    0.0000   30.000014037.6123   22.3878
   -7.5000    7.5000   30.000013627.2393   22.3924
    0.0000    7.5000   30.000014184.0508   22.4092
    7.5000    7.5000   30.000013480.7314   22.4118
   -7.5000   15.0000   30.000012814.1533   22.3945
    0.0000   15.0000   30.000013373.7695   22.4215
    7.5000   15.0000   30.000012695.4561   22.4325
   -7.5000   22.5000   30.000011865.5635   22.3748
    0.0000   22.5000   30.000012382.6592   22.4050
    7.5000   22.5000   30.000011763.5518   22.4149
   -7.5000   30.0000   30.000010912.5977   22.0833
    0.0000   30.0000   30.000011353.1904   22.1073
    7.5000   30.0000   30.000010806.6094   22.1074
   -7.5000   37.5000   30.000010278.9990   22.0840
    0.0000   37.5000   30.000010673.1455   22.0989
    7.5000   37.5000   30.000010196.0332   22.0909
   -7.5000   45.0000   30.0000 9261.6348   21.5777
    0.0000   45.0000   30.0000 9585.2061   21.5883
    7.5000   45.0000   30.0000 9164.3623   21.5818
   -7.5000  -45.0000   37.5000 9689.6689   22.5369
    0.0000  -45.0000   37.500010090.6924   22.5456
    7.5000  -45.0000   37.5000 9628.3936   22.5357
   -7.5000  -37.5000   37.500010201.3066   22.5188
    0.0000  -37.5000   37.500010652.5762   22.5319
    7.5000  -37.5000   37.500010132.7793   22.5329
   -7.5000  -30.0000   37.500011054.3076   22.5173
    0.0000  -30.0000   37.500011503.4277   22.5405
    7.5000  -30.0000   37.500010966.5830   22.5530
   -7.5000  -22.5000   37.500011825.0947   22.5089
    0.0000  -22.5000   37.500012271.6523   22.5367
    7.5000  -22.5000   37.500011745.0527   22.5491
   -7.5000  -15.0000   37.500012484.9688   22.5008
    0.0000  -15.0000   37.500012967.3164   22.5229
    7.5000  -15.0000   37.500012405.7119   22.5231
   -7.5000   -7.5000   37.500013104.5781   22.5036
    0.0000   -7.5000   37.500013624.5215   22.5164
    7.5000   -7.5000   37.500013021.2754   22.5054
   -7.5000    0.0000   37.500013648.5996   22.5130
    0.0000    0.0000   37.500014153.6455   22.5214
    7.5000    0.0000   37.500013535.4600   22.5112
   -7.5000    7.5000   37.500013116.4268   22.5186
    0.0000    7.5000   37.500013624.8369   22.5318
    7.5000    7.5000   37.500013012.7852   22.5327
   -7.5000   15.0000   37.500012376.9355   22.5173
    0.0000   15.0000   37.500012904.9688   22.5405
    7.5000   15.0000   37.500012287.5820   22.5530
   -7.5000   22.5000   37.500011480.7314   22.4985
    0.0000   22.5000   37.500011948.1621   22.5263
    7.5000   22.5000   37.500011408.1426   22.5387
   -7.5000   30.0000   37.500010544.1533   22.2096
    0.0000   30.0000   37.500010941.1289   22.2314
    7.5000   30.0000   37.500010480.4746   22.2316
   -7.5000   37.5000   37.5000 9925.6113   22.2124
    0.0000   37.5000   37.500010304.6387   22.2250
    7.5000   37.5000   37.5000 9867.5625   22.2142
   -7.5000   45.0000   37.5000 8905.2900   21.7026
    0.0000   45.0000   37.5000 9217.5107   21.7107
    7.5000   45.0000   37.5000 8825.7051   21.7009
   -7.5000  -45.0000   45.0000 8935.9600   22.8370
    0.0000  -45.0000   45.0000 9331.9170   22.8406
    7.5000  -45.0000   45.0000 8886.7520   22.8331
   -7.5000  -37.5000   45.0000 9405.5459   22.8166
    0.0000  -37.5000   45.0000 9849.0342   22.8229
    7.5000  -37.5000   45.0000 9349.0420   22.8243
   -7.5000  -30.0000   45.000010184.3418   22.8149
    0.0000  -30.0000   45.000010646.7598   22.8314
    7.5000  -30.0000   45.000010122.3643   22.8453
   -7.5000  -22.5000   45.000010914.3076   22.8090
    0.0000  -22.5000   45.000011372.1963   22.8326
    7.5000  -22.5000   45.000010854.6543   22.8497
   -7.5000  -15.0000   45.000011533.0020   22.8037
    0.0000  -15.0000   45.000012031.1816   22.8238
    7.5000  -15.0000   45.000011465.0088   22.8307
   -7.5000   -7.5000   45.000012087.4697   22.8062
    0.0000   -7.5000   45.000012596.7695   22.8160
    7.5000   -7.5000   45.000012020.9648   22.8105
   -7.5000    0.0000   45.000012567.2881   22.8129
    0.0000    0.0000   45.000013047.6279   22.8160
    7.5000    0.0000   45.000012484.4463   22.8082
   -7.5000    7.5000   45.000012110.1689   22.8164
    0.0000    7.5000   45.000012569.9209   22.8228
    7.5000    7.5000   45.000012019.7598   22.8242
   -7.5000   15.0000   45.000011467.7119   22.8149
    0.0000   15.0000   45.000011928.0254   22.8314
    7.5000   15.0000   45.000011382.8203   22.8453
   -7.5000   22.5000   45.000010638.5830   22.7984
    0.0000   22.5000   45.000011055.5430   22.8220
    7.5000   22.5000   45.000010573.5215   22.8391
   -7.5000   30.0000   45.0000 9766.8975   22.5067
    0.0000   30.0000   45.000010118.1816   22.5264
    7.5000   30.0000   45.0000 9703.4961   22.5333
   -7.5000   37.5000   45.0000 9198.7266   22.5091
    0.0000   37.5000   45.0000 9518.3389   22.5188
    7.5000   37.5000   45.0000 9131.1133   22.5133
   -7.5000   45.0000   45.0000 8219.7744   22.0022
    0.0000   45.0000   45.0000 8506.2285   22.0052
    7.5000   45.0000   45.0000 8163.8882   21.9977

---------------------------------------------------------------------
imgreg_4dfp /opt/freesurfer/average/711-2C_as_mni_average_305 /opt/freesurfer/average/711-2B_as_mni_average_305_mask talsrcimg_g11 none talsrcimg_to_711-2C_as_mni_average_305_t4 4355
---------------------------------------------------------------------

freesurfer imgreg_4dfp.c
/opt/freesurfer/average/711-2C_as_mni_average_305.4dfp.img
       256       256       256         1
  1.000000  1.000000  1.000000
orientation T byte_order littleendian
Reading image: /opt/freesurfer/average/711-2C_as_mni_average_305.4dfp.img
dimensions:      256       256       256
mmppix:       1.0000   -1.0000   -1.0000
center:     128.0000 -129.0000 -129.0000
/opt/freesurfer/average/711-2B_as_mni_average_305_mask.4dfp.img
       256       256       256         1
  1.000000  1.000000  1.000000
orientation T byte_order littleendian
Reading mask: /opt/freesurfer/average/711-2B_as_mni_average_305_mask.4dfp.img (2306576 pixels)
talsrcimg_g11.4dfp.img
       256       256       256         1
  1.000000  1.000000  1.000000
orientation T byte_order littleendian
Reading image: talsrcimg_g11.4dfp.img
dimensions:      256       256       256
mmppix:       1.0000   -1.0000   -1.0000
center:     128.0000 -129.0000 -129.0000
rotation matrix determinant  1.000000
image alignment mode   4355 decimal     1103 hex
   -7.5000  -45.0000  -45.0000 2057.7053   22.0628
    0.0000  -45.0000  -45.0000 2066.0344   21.9879
    7.5000  -45.0000  -45.0000 2042.8381   22.3789
   -7.5000  -37.5000  -45.0000 2144.6672   20.3851
    0.0000  -37.5000  -45.0000 2152.4348   20.3115
    7.5000  -37.5000  -45.0000 2124.8081   20.6694
   -7.5000  -30.0000  -45.0000 2199.7246   19.1854
    0.0000  -30.0000  -45.0000 2211.7563   19.1422
    7.5000  -30.0000  -45.0000 2185.4072   19.5004
   -7.5000  -22.5000  -45.0000 2243.1196   18.4334
    0.0000  -22.5000  -45.0000 2250.3315   18.3825
    7.5000  -22.5000  -45.0000 2225.8142   18.7316
   -7.5000  -15.0000  -45.0000 2258.0723   18.0726
    0.0000  -15.0000  -45.0000 2263.0239   18.0131
    7.5000  -15.0000  -45.0000 2241.8340   18.4071
   -7.5000   -7.5000  -45.0000 2263.5537   18.1319
    0.0000   -7.5000  -45.0000 2266.0229   18.0682
    7.5000   -7.5000  -45.0000 2244.6062   18.4500
   -7.5000    0.0000  -45.0000 2242.0205   18.6063
    0.0000    0.0000  -45.0000 2245.2014   18.5408
    7.5000    0.0000  -45.0000 2215.1970   18.8858
   -7.5000    7.5000  -45.0000 2195.0173   19.4025
    0.0000    7.5000  -45.0000 2203.0205   19.3228
    7.5000    7.5000  -45.0000 2169.7612   19.6827
   -7.5000   15.0000  -45.0000 2132.1428   20.5582
    0.0000   15.0000  -45.0000 2139.7454   20.4545
    7.5000   15.0000  -45.0000 2104.5933   20.8538
   -7.5000   22.5000  -45.0000 2051.9463   22.1447
    0.0000   22.5000  -45.0000 2058.4282   22.0830
    7.5000   22.5000  -45.0000 2026.7341   22.5408
   -7.5000   30.0000  -45.0000 1952.7239   24.4444
    0.0000   30.0000  -45.0000 1954.9979   24.3651
    7.5000   30.0000  -45.0000 1935.4354   24.8984
   -7.5000   37.5000  -45.0000 1848.0806   27.7599
    0.0000   37.5000  -45.0000 1856.5823   27.7252
    7.5000   37.5000  -45.0000 1826.3234   28.2130
   -7.5000   45.0000  -45.0000 1740.8158   32.2414
    0.0000   45.0000  -45.0000 1741.7078   32.1187
    7.5000   45.0000  -45.0000 1713.4672   32.6830
   -7.5000  -45.0000  -37.5000 2149.2458   20.4896
    0.0000  -45.0000  -37.5000 2157.8567   20.3908
    7.5000  -45.0000  -37.5000 2132.5896   20.7008
   -7.5000  -37.5000  -37.5000 2241.0115   18.8780
    0.0000  -37.5000  -37.5000 2249.4031   18.8042
    7.5000  -37.5000  -37.5000 2223.8142   19.1128
   -7.5000  -30.0000  -37.5000 2302.3335   17.8000
    0.0000  -30.0000  -37.5000 2309.2358   17.7580
    7.5000  -30.0000  -37.5000 2281.1826   18.0390
   -7.5000  -22.5000  -37.5000 2339.4238   17.0894
    0.0000  -22.5000  -37.5000 2350.8625   17.0654
    7.5000  -22.5000  -37.5000 2321.5339   17.3452
   -7.5000  -15.0000  -37.5000 2357.3123   16.7558
    0.0000  -15.0000  -37.5000 2367.4226   16.7205
    7.5000  -15.0000  -37.5000 2336.0149   16.9901
   -7.5000   -7.5000  -37.5000 2366.8738   16.7478
    0.0000   -7.5000  -37.5000 2370.6084   16.6780
    7.5000   -7.5000  -37.5000 2342.0774   16.9556
   -7.5000    0.0000  -37.5000 2342.1150   17.1196
    0.0000    0.0000  -37.5000 2347.3728   17.0400
    7.5000    0.0000  -37.5000 2314.8269   17.3063
   -7.5000    7.5000  -37.5000 2295.8391   17.8435
    0.0000    7.5000  -37.5000 2305.4844   17.7773
    7.5000    7.5000  -37.5000 2270.3777   18.0424
   -7.5000   15.0000  -37.5000 2227.1897   18.8911
    0.0000   15.0000  -37.5000 2234.5864   18.8014
    7.5000   15.0000  -37.5000 2204.4211   19.1086
   -7.5000   22.5000  -37.5000 2141.4866   20.3498
    0.0000   22.5000  -37.5000 2149.1941   20.2571
    7.5000   22.5000  -37.5000 2119.5413   20.6430
   -7.5000   30.0000  -37.5000 2039.7952   22.5217
    0.0000   30.0000  -37.5000 2043.0664   22.3956
    7.5000   30.0000  -37.5000 2017.6306   22.8182
   -7.5000   37.5000  -37.5000 1929.3798   25.4359
    0.0000   37.5000  -37.5000 1941.2556   25.3707
    7.5000   37.5000  -37.5000 1904.8422   25.7766
   -7.5000   45.0000  -37.5000 1812.2161   29.4272
    0.0000   45.0000  -37.5000 1816.6873   29.2902
    7.5000   45.0000  -37.5000 1786.1985   29.8229
   -7.5000  -45.0000  -30.0000 2270.2898   19.7002
    0.0000  -45.0000  -30.0000 2275.9185   19.6007
    7.5000  -45.0000  -30.0000 2251.0889   19.8820
   -7.5000  -37.5000  -30.0000 2370.9314   18.1374
    0.0000  -37.5000  -30.0000 2381.6482   18.0809
    7.5000  -37.5000  -30.0000 2350.5945   18.3089
   -7.5000  -30.0000  -30.0000 2440.3918   17.0516
    0.0000  -30.0000  -30.0000 2450.9707   17.0597
    7.5000  -30.0000  -30.0000 2419.1562   17.2664
   -7.5000  -22.5000  -30.0000 2485.0532   16.4223
    0.0000  -22.5000  -30.0000 2495.9810   16.4280
    7.5000  -22.5000  -30.0000 2462.0618   16.6415
   -7.5000  -15.0000  -30.0000 2504.0735   16.1131
    0.0000  -15.0000  -30.0000 2517.8325   16.1142
    7.5000  -15.0000  -30.0000 2475.6775   16.2934
   -7.5000   -7.5000  -30.0000 2508.8560   16.1087
    0.0000   -7.5000  -30.0000 2522.6677   16.0710
    7.5000   -7.5000  -30.0000 2478.6606   16.2618
   -7.5000    0.0000  -30.0000 2485.5432   16.4071
    0.0000    0.0000  -30.0000 2496.1567   16.3656
    7.5000    0.0000  -30.0000 2458.6572   16.5852
   -7.5000    7.5000  -30.0000 2436.6978   17.0326
    0.0000    7.5000  -30.0000 2449.3062   16.9886
    7.5000    7.5000  -30.0000 2412.1831   17.2276
   -7.5000   15.0000  -30.0000 2358.6619   18.0220
    0.0000   15.0000  -30.0000 2369.5996   17.9687
    7.5000   15.0000  -30.0000 2338.9849   18.2492
   -7.5000   22.5000  -30.0000 2264.6121   19.4173
    0.0000   22.5000  -30.0000 2276.9954   19.3609
    7.5000   22.5000  -30.0000 2245.3274   19.6898
   -7.5000   30.0000  -30.0000 2152.2915   21.4012
    0.0000   30.0000  -30.0000 2161.5959   21.3388
    7.5000   30.0000  -30.0000 2133.4778   21.6421
   -7.5000   37.5000  -30.0000 2037.0880   24.1126
    0.0000   37.5000  -30.0000 2048.1658   24.0454
    7.5000   37.5000  -30.0000 2010.3040   24.3655
   -7.5000   45.0000  -30.0000 1909.3013   27.8419
    0.0000   45.0000  -30.0000 1913.1465   27.7324
    7.5000   45.0000  -30.0000 1885.3547   28.1456
   -7.5000  -45.0000  -22.5000 2367.0244   18.8153
    0.0000  -45.0000  -22.5000 2372.7715   18.7672
    7.5000  -45.0000  -22.5000 2344.1279   18.9918
   -7.5000  -37.5000  -22.5000 2470.3933   17.2892
    0.0000  -37.5000  -22.5000 2480.8608   17.2865
    7.5000  -37.5000  -22.5000 2449.6858   17.4683
   -7.5000  -30.0000  -22.5000 2544.5312   16.2440
    0.0000  -30.0000  -22.5000 2556.6592   16.2638
    7.5000  -30.0000  -22.5000 2524.2993   16.4228
   -7.5000  -22.5000  -22.5000 2603.7749   15.6102
    0.0000  -22.5000  -22.5000 2617.1592   15.6308
    7.5000  -22.5000  -22.5000 2576.7432   15.7706
   -7.5000  -15.0000  -22.5000 2630.0161   15.3103
    0.0000  -15.0000  -22.5000 2645.4417   15.3366
    7.5000  -15.0000  -22.5000 2599.2998   15.4869
   -7.5000   -7.5000  -22.5000 2630.9695   15.3272
    0.0000   -7.5000  -22.5000 2649.7729   15.3348
    7.5000   -7.5000  -22.5000 2596.3521   15.5088
   -7.5000    0.0000  -22.5000 2606.8623   15.6461
    0.0000    0.0000  -22.5000 2621.0552   15.6378
    7.5000    0.0000  -22.5000 2575.9675   15.8209
   -7.5000    7.5000  -22.5000 2553.6611   16.2104
    0.0000    7.5000  -22.5000 2570.7634   16.2053
    7.5000    7.5000  -22.5000 2530.8406   16.3915
   -7.5000   15.0000  -22.5000 2473.2595   17.1056
    0.0000   15.0000  -22.5000 2488.3201   17.0817
    7.5000   15.0000  -22.5000 2452.0142   17.3167
   -7.5000   22.5000  -22.5000 2367.5532   18.4028
    0.0000   22.5000  -22.5000 2385.4539   18.3844
    7.5000   22.5000  -22.5000 2352.0977   18.6585
   -7.5000   30.0000  -22.5000 2247.7849   20.2432
    0.0000   30.0000  -22.5000 2261.0745   20.1986
    7.5000   30.0000  -22.5000 2228.8394   20.5118
   -7.5000   37.5000  -22.5000 2120.7383   22.7558
    0.0000   37.5000  -22.5000 2128.0103   22.7087
    7.5000   37.5000  -22.5000 2102.2568   23.0846
   -7.5000   45.0000  -22.5000 1983.4412   26.2759
    0.0000   45.0000  -22.5000 1987.0999   26.1320
    7.5000   45.0000  -22.5000 1960.1372   26.6191
   -7.5000  -45.0000  -15.0000 2421.7439   17.9852
    0.0000  -45.0000  -15.0000 2436.8879   17.9828
    7.5000  -45.0000  -15.0000 2404.2644   18.2126
   -7.5000  -37.5000  -15.0000 2531.2629   16.4766
    0.0000  -37.5000  -15.0000 2546.0801   16.4747
    7.5000  -37.5000  -15.0000 2510.2188   16.6759
   -7.5000  -30.0000  -15.0000 2621.6016   15.4518
    0.0000  -30.0000  -15.0000 2633.6780   15.4481
    7.5000  -30.0000  -15.0000 2601.7087   15.6531
   -7.5000  -22.5000  -15.0000 2682.4429   14.8180
    0.0000  -22.5000  -15.0000 2698.6475   14.8267
    7.5000  -22.5000  -15.0000 2658.1060   15.0024
   -7.5000  -15.0000  -15.0000 2715.8062   14.4995
    0.0000  -15.0000  -15.0000 2733.0603   14.5099
    7.5000  -15.0000  -15.0000 2685.8232   14.6676
   -7.5000   -7.5000  -15.0000 2723.9844   14.5548
    0.0000   -7.5000  -15.0000 2746.3081   14.5614
    7.5000   -7.5000  -15.0000 2691.3271   14.7337
   -7.5000    0.0000  -15.0000 2697.9841   14.8940
    0.0000    0.0000  -15.0000 2721.6257   14.8903
    7.5000    0.0000  -15.0000 2671.6780   15.0412
   -7.5000    7.5000  -15.0000 2646.2134   15.4511
    0.0000    7.5000  -15.0000 2666.5408   15.4381
    7.5000    7.5000  -15.0000 2622.0085   15.6162
   -7.5000   15.0000  -15.0000 2556.4192   16.2924
    0.0000   15.0000  -15.0000 2579.6213   16.2698
    7.5000   15.0000  -15.0000 2538.1067   16.5043
   -7.5000   22.5000  -15.0000 2447.3616   17.4706
    0.0000   22.5000  -15.0000 2465.3665   17.4431
    7.5000   22.5000  -15.0000 2433.3623   17.7316
   -7.5000   30.0000  -15.0000 2317.4448   19.2577
    0.0000   30.0000  -15.0000 2331.7810   19.2070
    7.5000   30.0000  -15.0000 2305.9565   19.4892
   -7.5000   37.5000  -15.0000 2182.3594   21.6623
    0.0000   37.5000  -15.0000 2187.9421   21.5910
    7.5000   37.5000  -15.0000 2169.0854   21.9547
   -7.5000   45.0000  -15.0000 2031.6907   24.9362
    0.0000   45.0000  -15.0000 2041.9329   24.8557
    7.5000   45.0000  -15.0000 2017.5042   25.2962
   -7.5000  -45.0000   -7.5000 2450.9038   17.2106
    0.0000  -45.0000   -7.5000 2476.1577   17.2170
    7.5000  -45.0000   -7.5000 2445.4722   17.5059
   -7.5000  -37.5000   -7.5000 2569.2151   15.7593
    0.0000  -37.5000   -7.5000 2593.8477   15.7552
    7.5000  -37.5000   -7.5000 2558.9043   16.0160
   -7.5000  -30.0000   -7.5000 2671.7534   14.7402
    0.0000  -30.0000   -7.5000 2691.1523   14.7352
    7.5000  -30.0000   -7.5000 2658.3694   14.9861
   -7.5000  -22.5000   -7.5000 2738.0720   14.0853
    0.0000  -22.5000   -7.5000 2767.0215   14.0993
    7.5000  -22.5000   -7.5000 2719.0781   14.3077
   -7.5000  -15.0000   -7.5000 2785.9014   13.7312
    0.0000  -15.0000   -7.5000 2807.4050   13.7624
    7.5000  -15.0000   -7.5000 2754.7412   13.9563
   -7.5000   -7.5000   -7.5000 2797.7898   13.7867
    0.0000   -7.5000   -7.5000 2823.8413   13.7945
    7.5000   -7.5000   -7.5000 2768.8020   14.0000
   -7.5000    0.0000   -7.5000 2773.1123   14.1592
    0.0000    0.0000   -7.5000 2801.1968   14.1582
    7.5000    0.0000   -7.5000 2751.3113   14.3297
   -7.5000    7.5000   -7.5000 2713.4905   14.7058
    0.0000    7.5000   -7.5000 2740.4612   14.7083
    7.5000    7.5000   -7.5000 2695.6702   14.9088
   -7.5000   15.0000   -7.5000 2616.7576   15.5125
    0.0000   15.0000   -7.5000 2639.7681   15.4865
    7.5000   15.0000   -7.5000 2604.7124   15.7448
   -7.5000   22.5000   -7.5000 2502.8469   16.6908
    0.0000   22.5000   -7.5000 2524.0952   16.6452
    7.5000   22.5000   -7.5000 2496.6479   16.9622
   -7.5000   30.0000   -7.5000 2372.2930   18.4040
    0.0000   30.0000   -7.5000 2389.1624   18.3514
    7.5000   30.0000   -7.5000 2364.2253   18.6741
   -7.5000   37.5000   -7.5000 2231.8557   20.7645
    0.0000   37.5000   -7.5000 2240.5747   20.6688
    7.5000   37.5000   -7.5000 2221.4807   21.0136
   -7.5000   45.0000   -7.5000 2072.9551   23.8672
    0.0000   45.0000   -7.5000 2085.3755   23.7564
    7.5000   45.0000   -7.5000 2058.5554   24.1625
   -7.5000  -45.0000    0.0000 2463.5010   16.7102
    0.0000  -45.0000    0.0000 2489.7603   16.7077
    7.5000  -45.0000    0.0000 2456.9424   17.0060
   -7.5000  -37.5000    0.0000 2588.1492   15.2914
    0.0000  -37.5000    0.0000 2610.7759   15.2639
    7.5000  -37.5000    0.0000 2581.6135   15.5950
   -7.5000  -30.0000    0.0000 2703.2666   14.2809
    0.0000  -30.0000    0.0000 2725.9434   14.2607
    7.5000  -30.0000    0.0000 2689.3357   14.5360
   -7.5000  -22.5000    0.0000 2786.0803   13.6195
    0.0000  -22.5000    0.0000 2815.9836   13.5961
    7.5000  -22.5000    0.0000 2768.5022   13.8695
   -7.5000  -15.0000    0.0000 2845.5520   13.2082
    0.0000  -15.0000    0.0000 2868.9709   13.1961
    7.5000  -15.0000    0.0000 2813.7251   13.5241
   -7.5000   -7.5000    0.0000 2854.3770   13.2074
    0.0000   -7.5000    0.0000 2878.5625   13.1616
    7.5000   -7.5000    0.0000 2830.0605   13.4987
   -7.5000    0.0000    0.0000 2824.3806   13.5661
    0.0000    0.0000    0.0000 2846.5281   13.5173
    7.5000    0.0000    0.0000 2808.9204   13.7921
   -7.5000    7.5000    0.0000 2754.3530   14.1384
    0.0000    7.5000    0.0000 2782.8169   14.0819
    7.5000    7.5000    0.0000 2748.7227   14.3796
   -7.5000   15.0000    0.0000 2659.1614   14.9566
    0.0000   15.0000    0.0000 2683.0574   14.8904
    7.5000   15.0000    0.0000 2653.1443   15.2414
   -7.5000   22.5000    0.0000 2537.8765   16.1140
    0.0000   22.5000    0.0000 2556.3857   16.0557
    7.5000   22.5000    0.0000 2537.9189   16.4536
   -7.5000   30.0000    0.0000 2407.0735   17.7865
    0.0000   30.0000    0.0000 2421.3206   17.7318
    7.5000   30.0000    0.0000 2398.7808   18.1235
   -7.5000   37.5000    0.0000 2266.7837   20.0288
    0.0000   37.5000    0.0000 2278.7756   19.9890
    7.5000   37.5000    0.0000 2252.1550   20.3682
   -7.5000   45.0000    0.0000 2098.8970   22.9813
    0.0000   45.0000    0.0000 2117.6226   22.8531
    7.5000   45.0000    0.0000 2086.2446   23.2936
   -7.5000  -45.0000    7.5000 2465.6396   16.4991
    0.0000  -45.0000    7.5000 2486.0808   16.3784
    7.5000  -45.0000    7.5000 2457.9614   16.8001
   -7.5000  -37.5000    7.5000 2595.7122   15.0914
    0.0000  -37.5000    7.5000 2617.9614   14.9910
    7.5000  -37.5000    7.5000 2586.8105   15.3523
   -7.5000  -30.0000    7.5000 2715.2932   14.0749
    0.0000  -30.0000    7.5000 2738.0217   14.0099
    7.5000  -30.0000    7.5000 2703.0891   14.3348
   -7.5000  -22.5000    7.5000 2818.4319   13.4195
    0.0000  -22.5000    7.5000 2848.7544   13.3547
    7.5000  -22.5000    7.5000 2799.7727   13.6723
   -7.5000  -15.0000    7.5000 2881.1272   12.9701
    0.0000  -15.0000    7.5000 2911.4761   12.8835
    7.5000  -15.0000    7.5000 2857.4194   13.3023
   -7.5000   -7.5000    7.5000 2892.1421   12.8653
    0.0000   -7.5000    7.5000 2917.2725   12.7090
    7.5000   -7.5000    7.5000 2875.0691   13.2332
   -7.5000    0.0000    7.5000 2851.3328   13.2210
    0.0000    0.0000    7.5000 2872.1370   13.0117
    7.5000    0.0000    7.5000 2844.2180   13.5410
   -7.5000    7.5000    7.5000 2775.6343   13.8350
    0.0000    7.5000    7.5000 2803.9812   13.6628
    7.5000    7.5000    7.5000 2775.7710   14.1286
   -7.5000   15.0000    7.5000 2677.8154   14.6961
    0.0000   15.0000    7.5000 2699.1028   14.5734
    7.5000   15.0000    7.5000 2674.7710   14.9619
   -7.5000   22.5000    7.5000 2555.5483   15.8672
    0.0000   22.5000    7.5000 2574.1465   15.7683
    7.5000   22.5000    7.5000 2551.9695   16.1329
   -7.5000   30.0000    7.5000 2421.0464   17.4995
    0.0000   30.0000    7.5000 2438.0090   17.3955
    7.5000   30.0000    7.5000 2411.1631   17.7577
   -7.5000   37.5000    7.5000 2277.9592   19.7260
    0.0000   37.5000    7.5000 2293.5901   19.6181
    7.5000   37.5000    7.5000 2261.6199   19.9721
   -7.5000   45.0000    7.5000 2117.1731   22.5988
    0.0000   45.0000    7.5000 2129.7041   22.4321
    7.5000   45.0000    7.5000 2099.3472   22.8143
   -7.5000  -45.0000   15.0000 2446.3420   16.5288
    0.0000  -45.0000   15.0000 2464.9265   16.3967
    7.5000  -45.0000   15.0000 2438.9785   16.8154
   -7.5000  -37.5000   15.0000 2583.0740   15.1000
    0.0000  -37.5000   15.0000 2606.2769   14.9643
    7.5000  -37.5000   15.0000 2575.8379   15.3642
   -7.5000  -30.0000   15.0000 2705.5166   14.0663
    0.0000  -30.0000   15.0000 2729.5149   13.9376
    7.5000  -30.0000   15.0000 2696.6667   14.3635
   -7.5000  -22.5000   15.0000 2813.6052   13.4227
    0.0000  -22.5000   15.0000 2844.2124   13.2601
    7.5000  -22.5000   15.0000 2802.5581   13.7100
   -7.5000  -15.0000   15.0000 2880.6182   12.9799
    0.0000  -15.0000   15.0000 2908.3674   12.7595
    7.5000  -15.0000   15.0000 2867.0012   13.3132
   -7.5000   -7.5000   15.0000 2900.3191   12.9147
    0.0000   -7.5000   15.0000 2922.8994   12.6674
    7.5000   -7.5000   15.0000 2888.1431   13.1950
   -7.5000    0.0000   15.0000 2863.1001   13.1853
    0.0000    0.0000   15.0000 2883.6892   12.9869
    7.5000    0.0000   15.0000 2851.7288   13.4182
   -7.5000    7.5000   15.0000 2787.5381   13.7680
    0.0000    7.5000   15.0000 2810.5830   13.5923
    7.5000    7.5000   15.0000 2774.7603   13.9805
   -7.5000   15.0000   15.0000 2675.1538   14.6571
    0.0000   15.0000   15.0000 2695.0857   14.5076
    7.5000   15.0000   15.0000 2666.4983   14.8405
   -7.5000   22.5000   15.0000 2549.2122   15.8895
    0.0000   22.5000   15.0000 2563.2114   15.7517
    7.5000   22.5000   15.0000 2544.6428   16.0569
   -7.5000   30.0000   15.0000 2413.1389   17.5033
    0.0000   30.0000   15.0000 2429.4182   17.3924
    7.5000   30.0000   15.0000 2402.8381   17.7106
   -7.5000   37.5000   15.0000 2266.4912   19.6392
    0.0000   37.5000   15.0000 2286.8865   19.5841
    7.5000   37.5000   15.0000 2252.4426   19.8990
   -7.5000   45.0000   15.0000 2107.9683   22.4098
    0.0000   45.0000   15.0000 2125.2722   22.3480
    7.5000   45.0000   15.0000 2091.0935   22.6756
   -7.5000  -45.0000   22.5000 2421.6672   16.7838
    0.0000  -45.0000   22.5000 2439.3523   16.5301
    7.5000  -45.0000   22.5000 2414.0688   17.0562
   -7.5000  -37.5000   22.5000 2558.5667   15.3493
    0.0000  -37.5000   22.5000 2581.0396   15.0895
    7.5000  -37.5000   22.5000 2548.8435   15.6246
   -7.5000  -30.0000   22.5000 2680.1658   14.3470
    0.0000  -30.0000   22.5000 2706.5710   14.1246
    7.5000  -30.0000   22.5000 2668.8210   14.6658
   -7.5000  -22.5000   22.5000 2786.0601   13.6964
    0.0000  -22.5000   22.5000 2817.5286   13.5014
    7.5000  -22.5000   22.5000 2771.1262   13.9990
   -7.5000  -15.0000   22.5000 2853.7007   13.2840
    0.0000  -15.0000   22.5000 2880.5056   13.0766
    7.5000  -15.0000   22.5000 2838.4243   13.5493
   -7.5000   -7.5000   22.5000 2884.2644   13.2170
    0.0000   -7.5000   22.5000 2915.9373   13.0823
    7.5000   -7.5000   22.5000 2866.9333   13.3976
   -7.5000    0.0000   22.5000 2846.7319   13.4960
    0.0000    0.0000   22.5000 2877.0144   13.4026
    7.5000    0.0000   22.5000 2829.8560   13.6299
   -7.5000    7.5000   22.5000 2765.4966   14.0375
    0.0000    7.5000   22.5000 2799.0266   13.9597
    7.5000    7.5000   22.5000 2750.2754   14.1985
   -7.5000   15.0000   22.5000 2651.1082   14.9099
    0.0000   15.0000   22.5000 2675.6538   14.8332
    7.5000   15.0000   22.5000 2641.0488   15.0784
   -7.5000   22.5000   22.5000 2527.9160   16.0690
    0.0000   22.5000   22.5000 2540.0708   15.9929
    7.5000   22.5000   22.5000 2519.0681   16.2530
   -7.5000   30.0000   22.5000 2390.6665   17.6105
    0.0000   30.0000   22.5000 2401.7114   17.5174
    7.5000   30.0000   22.5000 2379.5015   17.8298
   -7.5000   37.5000   22.5000 2242.8435   19.7101
    0.0000   37.5000   22.5000 2256.7629   19.6048
    7.5000   37.5000   22.5000 2231.9609   19.9747
   -7.5000   45.0000   22.5000 2090.4346   22.4943
    0.0000   45.0000   22.5000 2099.2468   22.3594
    7.5000   45.0000   22.5000 2074.1216   22.7765
   -7.5000  -45.0000   30.0000 2390.4172   17.3424
    0.0000  -45.0000   30.0000 2410.0381   17.0859
    7.5000  -45.0000   30.0000 2381.2119   17.6206
   -7.5000  -37.5000   30.0000 2522.4292   15.8895
    0.0000  -37.5000   30.0000 2543.7146   15.6501
    7.5000  -37.5000   30.0000 2510.5054   16.1674
   -7.5000  -30.0000   30.0000 2640.0417   14.8753
    0.0000  -30.0000   30.0000 2663.2629   14.6411
    7.5000  -30.0000   30.0000 2628.0129   15.1220
   -7.5000  -22.5000   30.0000 2740.7495   14.1328
    0.0000  -22.5000   30.0000 2765.7085   13.8822
    7.5000  -22.5000   30.0000 2725.0835   14.3750
   -7.5000  -15.0000   30.0000 2803.5190   13.6703
    0.0000  -15.0000   30.0000 2829.8774   13.4860
    7.5000  -15.0000   30.0000 2788.9824   13.8583
   -7.5000   -7.5000   30.0000 2829.3127   13.6245
    0.0000   -7.5000   30.0000 2859.8206   13.4771
    7.5000   -7.5000   30.0000 2816.0237   13.7428
   -7.5000    0.0000   30.0000 2790.7620   13.9011
    0.0000    0.0000   30.0000 2823.5688   13.7695
    7.5000    0.0000   30.0000 2777.2822   13.9882
   -7.5000    7.5000   30.0000 2717.3240   14.4428
    0.0000    7.5000   30.0000 2751.8447   14.3519
    7.5000    7.5000   30.0000 2704.4338   14.5855
   -7.5000   15.0000   30.0000 2607.2427   15.2979
    0.0000   15.0000   30.0000 2639.2754   15.2389
    7.5000   15.0000   30.0000 2594.9934   15.4825
   -7.5000   22.5000   30.0000 2483.6323   16.4970
    0.0000   22.5000   30.0000 2507.8110   16.4378
    7.5000   22.5000   30.0000 2477.3430   16.6752
   -7.5000   30.0000   30.0000 2351.5742   18.0756
    0.0000   30.0000   30.0000 2369.6731   17.9652
    7.5000   30.0000   30.0000 2345.2810   18.2397
   -7.5000   37.5000   30.0000 2201.2278   20.1217
    0.0000   37.5000   30.0000 2217.3044   19.9823
    7.5000   37.5000   30.0000 2199.5364   20.3041
   -7.5000   45.0000   30.0000 2053.4631   22.8177
    0.0000   45.0000   30.0000 2061.6597   22.6457
    7.5000   45.0000   30.0000 2043.7574   23.0585
   -7.5000  -45.0000   37.5000 2349.4219   18.1438
    0.0000  -45.0000   37.5000 2368.9404   17.8663
    7.5000  -45.0000   37.5000 2346.7939   18.3106
   -7.5000  -37.5000   37.5000 2473.9456   16.6156
    0.0000  -37.5000   37.5000 2502.1958   16.3826
    7.5000  -37.5000   37.5000 2471.2764   16.7819
   -7.5000  -30.0000   37.5000 2586.1162   15.4808
    0.0000  -30.0000   37.5000 2616.3125   15.2775
    7.5000  -30.0000   37.5000 2580.8792   15.6839
   -7.5000  -22.5000   37.5000 2681.9324   14.7001
    0.0000  -22.5000   37.5000 2711.4924   14.4955
    7.5000  -22.5000   37.5000 2671.0620   14.9220
   -7.5000  -15.0000   37.5000 2735.7847   14.2587
    0.0000  -15.0000   37.5000 2759.1572   14.1116
    7.5000  -15.0000   37.5000 2724.1821   14.4418
   -7.5000   -7.5000   37.5000 2745.9526   14.2351
    0.0000   -7.5000   37.5000 2773.1289   14.0863
    7.5000   -7.5000   37.5000 2737.4192   14.3370
   -7.5000    0.0000   37.5000 2717.5708   14.4641
    0.0000    0.0000   37.5000 2740.3005   14.3099
    7.5000    0.0000   37.5000 2705.8259   14.5524
   -7.5000    7.5000   37.5000 2647.1711   15.0045
    0.0000    7.5000   37.5000 2673.3235   14.8799
    7.5000    7.5000   37.5000 2636.1665   15.1337
   -7.5000   15.0000   37.5000 2543.8745   15.8258
    0.0000   15.0000   37.5000 2577.8518   15.7394
    7.5000   15.0000   37.5000 2536.1045   15.9959
   -7.5000   22.5000   37.5000 2428.3782   17.0343
    0.0000   22.5000   37.5000 2454.4873   16.9465
    7.5000   22.5000   37.5000 2423.6731   17.2244
   -7.5000   30.0000   37.5000 2302.3440   18.6290
    0.0000   30.0000   37.5000 2319.6611   18.4984
    7.5000   30.0000   37.5000 2298.3972   18.8023
   -7.5000   37.5000   37.5000 2155.1528   20.7196
    0.0000   37.5000   37.5000 2173.4014   20.5667
    7.5000   37.5000   37.5000 2151.5100   20.9050
   -7.5000   45.0000   37.5000 2010.0620   23.4099
    0.0000   45.0000   37.5000 2016.4801   23.2156
    7.5000   45.0000   37.5000 2002.0995   23.6643
   -7.5000  -45.0000   45.0000 2298.4082   19.0939
    0.0000  -45.0000   45.0000 2325.1421   18.8700
    7.5000  -45.0000   45.0000 2301.2554   19.2239
   -7.5000  -37.5000   45.0000 2417.5603   17.4904
    0.0000  -37.5000   45.0000 2452.0837   17.3000
    7.5000  -37.5000   45.0000 2418.9431   17.6546
   -7.5000  -30.0000   45.0000 2519.8650   16.3378
    0.0000  -30.0000   45.0000 2555.9475   16.1504
    7.5000  -30.0000   45.0000 2516.3542   16.5206
   -7.5000  -22.5000   45.0000 2608.7903   15.5461
    0.0000  -22.5000   45.0000 2633.3645   15.3937
    7.5000  -22.5000   45.0000 2599.0022   15.7488
   -7.5000  -15.0000   45.0000 2648.0752   15.1371
    0.0000  -15.0000   45.0000 2673.4626   14.9886
    7.5000  -15.0000   45.0000 2637.9082   15.2810
   -7.5000   -7.5000   45.0000 2648.3264   15.0802
    0.0000   -7.5000   45.0000 2677.2834   14.9216
    7.5000   -7.5000   45.0000 2643.6213   15.1726
   -7.5000    0.0000   45.0000 2617.8655   15.2700
    0.0000    0.0000   45.0000 2642.1597   15.1132
    7.5000    0.0000   45.0000 2614.3633   15.3790
   -7.5000    7.5000   45.0000 2558.6052   15.7838
    0.0000    7.5000   45.0000 2585.8413   15.6221
    7.5000    7.5000   45.0000 2551.1047   15.9128
   -7.5000   15.0000   45.0000 2471.0452   16.5892
    0.0000   15.0000   45.0000 2500.2307   16.4285
    7.5000   15.0000   45.0000 2461.8220   16.7549
   -7.5000   22.5000   45.0000 2365.7820   17.7627
    0.0000   22.5000   45.0000 2387.3904   17.6371
    7.5000   22.5000   45.0000 2358.1902   17.9353
   -7.5000   30.0000   45.0000 2242.2505   19.3685
    0.0000   30.0000   45.0000 2253.8459   19.2322
    7.5000   30.0000   45.0000 2236.4150   19.5283
   -7.5000   37.5000   45.0000 2103.8916   21.5628
    0.0000   37.5000   45.0000 2111.9114   21.4174
    7.5000   37.5000   45.0000 2098.2505   21.7275
   -7.5000   45.0000   45.0000 1960.3080   24.2709
    0.0000   45.0000   45.0000 1963.8917   24.1087
    7.5000   45.0000   45.0000 1956.9292   24.5169

---------------------------------------------------------------------
imgreg_4dfp /opt/freesurfer/average/711-2C_as_mni_average_305 /opt/freesurfer/average/711-2B_as_mni_average_305_mask talsrcimg_g11 none talsrcimg_to_711-2C_as_mni_average_305_t4 1283
---------------------------------------------------------------------

freesurfer imgreg_4dfp.c
/opt/freesurfer/average/711-2C_as_mni_average_305.4dfp.img
       256       256       256         1
  1.000000  1.000000  1.000000
orientation T byte_order littleendian
Reading image: /opt/freesurfer/average/711-2C_as_mni_average_305.4dfp.img
dimensions:      256       256       256
mmppix:       1.0000   -1.0000   -1.0000
center:     128.0000 -129.0000 -129.0000
/opt/freesurfer/average/711-2B_as_mni_average_305_mask.4dfp.img
       256       256       256         1
  1.000000  1.000000  1.000000
orientation T byte_order littleendian
Reading mask: /opt/freesurfer/average/711-2B_as_mni_average_305_mask.4dfp.img (2306576 pixels)
talsrcimg_g11.4dfp.img
       256       256       256         1
  1.000000  1.000000  1.000000
orientation T byte_order littleendian
Reading image: talsrcimg_g11.4dfp.img
dimensions:      256       256       256
mmppix:       1.0000   -1.0000   -1.0000
center:     128.0000 -129.0000 -129.0000
rotation matrix determinant  1.000000
fimgreg.f
image alignment mode   1283 decimal      503 hex
parameters
    0.0000   -7.5000   15.0000    0.0000    0.0000    0.0000
eta,q 0.91674 12.64725
niter,ni,del,rscale     5    3   12.0000    1.2000
parameter  2  0.629511 ->  0.500000 qaram    1.1500
parameter  4  0.806636 ->  0.500000 qaram    1.1500
parameters
    0.3467  -10.9500   14.6048   -3.4500   -1.4050    1.8078
eta,q 0.92530 12.68701
  0.0875  0.0824  0.0815  0.0752  0.0774  0.0840
  0.0864  0.0784  0.0812  0.0750  0.0757  0.0802
  0.0844  0.0789  0.0796  0.0765  0.0752  0.0772
  0.0833  0.0825  0.0784  0.0781  0.0754  0.0752
  0.0825  0.0867  0.0788  0.0799  0.0761  0.0747
  0.0836  0.0896  0.0805  0.0836  0.0782  0.0757
  0.0882  0.0926  0.0839  0.0887  0.0814  0.0775
niter,ni,del,rscale     6    3   12.0000    1.2000
parameters
    0.2961   -9.6372   13.3447   -5.6512    0.2810    1.7281
eta,q 0.92618 12.64986
  0.0817  0.0959  0.0778  0.0778  0.0758  0.0792
  0.0781  0.0864  0.0782  0.0757  0.0754  0.0760
  0.0755  0.0783  0.0757  0.0745  0.0754  0.0741
  0.0747  0.0747  0.0744  0.0749  0.0744  0.0739
  0.0750  0.0752  0.0764  0.0778  0.0738  0.0751
  0.0774  0.0797  0.0802  0.0815  0.0741  0.0768
  0.0827  0.0837  0.0836  0.0841  0.0753  0.0787
niter,ni,del,rscale     5    3   12.0000    1.2000
parameter  4  0.544158 ->  0.500000 qaram    1.3225
parameters
   -0.3525   -8.4891   12.0120   -9.6187   -1.0136    1.4729
eta,q 0.92583 12.73920
  0.0787  0.0899  0.0764  0.0741  0.0745  0.0781
  0.0764  0.0820  0.0760  0.0741  0.0744  0.0761
  0.0747  0.0760  0.0750  0.0742  0.0741  0.0748
  0.0738  0.0741  0.0743  0.0746  0.0740  0.0741
  0.0743  0.0750  0.0750  0.0767  0.0737  0.0746
  0.0771  0.0776  0.0779  0.0810  0.0746  0.0765
  0.0832  0.0813  0.0809  0.0854  0.0771  0.0792
niter,ni,del,rscale     5    3   12.0000    1.2000
parameter  3  0.676001 ->  0.500000 qaram    1.1500
parameters
   -0.4375   -7.4559    8.5620  -12.3674   -2.0244    1.1558
eta,q 0.92861 12.90710
  0.0790  0.0833  0.0731  0.0739  0.0750  0.0751
  0.0760  0.0778  0.0708  0.0727  0.0730  0.0726
  0.0748  0.0756  0.0716  0.0711  0.0717  0.0716
  0.0742  0.0742  0.0741  0.0708  0.0712  0.0713
  0.0731  0.0743  0.0760  0.0749  0.0723  0.0716
  0.0755  0.0755  0.0787  0.0795  0.0756  0.0732
  0.0805  0.0789  0.0813  0.0839  0.0791  0.0761
niter,ni,del,rscale     5    3   12.0000    1.2000
parameters
   -0.4728   -7.5342    9.1765  -12.4036   -2.0471    1.2419
eta,q 0.92839 12.88079
  0.0824  0.0808  0.0857  0.0784  0.0764  0.0759
  0.0772  0.0740  0.0784  0.0751  0.0740  0.0732
  0.0729  0.0712  0.0730  0.0731  0.0725  0.0719
  0.0714  0.0714  0.0714  0.0716  0.0716  0.0716
  0.0718  0.0724  0.0730  0.0708  0.0716  0.0717
  0.0768  0.0752  0.0765  0.0747  0.0737  0.0730
  0.0835  0.0803  0.0806  0.0797  0.0770  0.0757
niter,ni,del,rscale     4    3   12.0000    1.2000
parameters
   -0.4371   -7.4606    9.3144  -12.3935   -2.0606    1.2567
eta,q 0.92832 12.87417
  0.0819  0.0808  0.0838  0.0786  0.0763  0.0759
  0.0772  0.0742  0.0767  0.0753  0.0740  0.0732
  0.0732  0.0715  0.0722  0.0732  0.0726  0.0720
  0.0716  0.0716  0.0716  0.0717  0.0717  0.0717
  0.0718  0.0722  0.0736  0.0708  0.0716  0.0717
  0.0764  0.0748  0.0776  0.0747  0.0736  0.0732
  0.0825  0.0796  0.0814  0.0798  0.0769  0.0759
niter,ni,del,rscale     3    3   12.0000    1.2000
parameters
   -0.4208   -7.4583    9.3345  -12.3879   -2.0677    1.2557
eta,q 0.92832 12.87314
  0.0815  0.0806  0.0833  0.0786  0.0763  0.0758
  0.0769  0.0740  0.0764  0.0753  0.0740  0.0732
  0.0731  0.0715  0.0720  0.0732  0.0726  0.0720
  0.0717  0.0717  0.0717  0.0717  0.0717  0.0717
  0.0718  0.0722  0.0738  0.0709  0.0716  0.0717
  0.0763  0.0749  0.0779  0.0747  0.0736  0.0732
  0.0822  0.0797  0.0815  0.0798  0.0769  0.0760
registration optimization eta report
parameter search radius
    6.0000    6.9000    6.9000    7.9350    6.0000    6.0000
100000*second partial in parameter space
       29.       19.       23.       12.       14.       12.
  0.0815  0.0806  0.0833  0.0786  0.0763  0.0758
  0.0769  0.0740  0.0764  0.0753  0.0740  0.0732
  0.0731  0.0715  0.0720  0.0732  0.0726  0.0720
  0.0717  0.0717  0.0717  0.0717  0.0717  0.0717
  0.0718  0.0722  0.0738  0.0709  0.0716  0.0717
  0.0763  0.0749  0.0779  0.0747  0.0736  0.0732
  0.0822  0.0797  0.0815  0.0798  0.0769  0.0760
   -0.4208   -7.4583    9.3345  -12.3879   -2.0677    1.2557
eta,q 0.92832 12.87314

---------------------------------------------------------------------
imgreg_4dfp /opt/freesurfer/average/711-2C_as_mni_average_305 /opt/freesurfer/average/711-2B_as_mni_average_305_mask talsrcimg_g11 none talsrcimg_to_711-2C_as_mni_average_305_t4 3335
---------------------------------------------------------------------

freesurfer imgreg_4dfp.c
/opt/freesurfer/average/711-2C_as_mni_average_305.4dfp.img
       256       256       256         1
  1.000000  1.000000  1.000000
orientation T byte_order littleendian
Reading image: /opt/freesurfer/average/711-2C_as_mni_average_305.4dfp.img
dimensions:      256       256       256
mmppix:       1.0000   -1.0000   -1.0000
center:     128.0000 -129.0000 -129.0000
/opt/freesurfer/average/711-2B_as_mni_average_305_mask.4dfp.img
       256       256       256         1
  1.000000  1.000000  1.000000
orientation T byte_order littleendian
Reading mask: /opt/freesurfer/average/711-2B_as_mni_average_305_mask.4dfp.img (2306576 pixels)
talsrcimg_g11.4dfp.img
       256       256       256         1
  1.000000  1.000000  1.000000
orientation T byte_order littleendian
Reading image: talsrcimg_g11.4dfp.img
dimensions:      256       256       256
mmppix:       1.0000   -1.0000   -1.0000
center:     128.0000 -129.0000 -129.0000
fimgreg.f
image alignment mode   3335 decimal      D07 hex
parameters
   -0.4208   -7.4583    9.3345   -0.0891   -2.3686   -2.3918
   -2.9142    3.0530    2.1899   21.5249   -3.6080  -21.4389
eta,q 0.92965 12.71249
niter,ni,del,rscale     5    3    5.0000    1.2000
parameter  4  7.171012 ->  0.500000 qaram    1.1500
parameter  5  6.870658 ->  0.500000 qaram    1.1500
parameter  6  5.863409 ->  0.500000 qaram    1.1500
parameter 10  0.947955 ->  0.500000 qaram    1.1500
parameters
   -1.2779   -6.8564    9.8768   -4.2291   -6.5086   -6.5318
   -1.9573    1.4768    0.0817   17.3849   -1.1426  -24.1732
eta,q 0.94925 12.29590
  0.0708  0.0721  0.0721  0.0608  0.0557  0.0500  0.0557  0.0546  0.0535  0.0507  0.0526  0.0512
  0.0702  0.0712  0.0710  0.0641  0.0587  0.0523  0.0545  0.0534  0.0531  0.0509  0.0519  0.0508
  0.0701  0.0705  0.0703  0.0673  0.0618  0.0559  0.0536  0.0530  0.0529  0.0516  0.0514  0.0508
  0.0704  0.0701  0.0700  0.0700  0.0650  0.0595  0.0532  0.0532  0.0530  0.0529  0.0510  0.0509
  0.0709  0.0700  0.0700  0.0729  0.0684  0.0633  0.0532  0.0538  0.0534  0.0549  0.0509  0.0513
  0.0718  0.0702  0.0703  0.0766  0.0720  0.0674  0.0537  0.0550  0.0540  0.0574  0.0511  0.0519
  0.0731  0.0708  0.0707  0.0806  0.0758  0.0708  0.0547  0.0566  0.0549  0.0603  0.0514  0.0527
niter,ni,del,rscale     7    3    5.0000    1.2000
parameter  3 -0.551015 -> -0.500000 qaram    1.1500
parameter  4  8.530950 ->  0.500000 qaram    1.3225
parameter  5  3.303199 ->  0.500000 qaram    1.3225
parameter  6  0.510288 ->  0.500000 qaram    1.3225
parameters
   -0.6525   -6.0320   11.2568   -8.9901  -11.2696  -11.2928
   -2.0405    2.5306    1.3238   17.2009    0.7626  -23.5702
eta,q 0.96547 11.90307
  0.0537  0.0537  0.0545  0.0381  0.0327  0.0360  0.0378  0.0417  0.0371  0.0388  0.0364  0.0364
  0.0524  0.0522  0.0527  0.0410  0.0351  0.0350  0.0362  0.0386  0.0360  0.0367  0.0357  0.0355
  0.0514  0.0512  0.0513  0.0450  0.0383  0.0348  0.0352  0.0362  0.0351  0.0353  0.0351  0.0348
  0.0507  0.0506  0.0504  0.0498  0.0421  0.0359  0.0349  0.0349  0.0347  0.0346  0.0347  0.0345
  0.0506  0.0504  0.0499  0.0545  0.0461  0.0390  0.0353  0.0348  0.0347  0.0351  0.0345  0.0347
  0.0510  0.0506  0.0498  0.0585  0.0502  0.0451  0.0364  0.0362  0.0351  0.0367  0.0347  0.0351
  0.0517  0.0512  0.0502  0.0629  0.0547  0.0502  0.0379  0.0389  0.0359  0.0395  0.0353  0.0359
niter,ni,del,rscale     7    3    5.0000    1.2000
parameter  4  1.128661 ->  0.500000 qaram    1.5209
parameter  5  1.027510 ->  0.500000 qaram    1.5209
parameters
   -0.8044   -5.7651   10.5537  -14.4652  -16.7447  -11.4173
   -1.7320    2.6522    1.4806   17.9906    0.2450  -25.7561
eta,q 0.97413 11.45947
  0.0377  0.0379  0.0357  0.0294  0.0257  0.0312  0.0300  0.0318  0.0287  0.0317  0.0271  0.0267
  0.0359  0.0362  0.0347  0.0295  0.0258  0.0288  0.0279  0.0289  0.0273  0.0290  0.0265  0.0261
  0.0348  0.0350  0.0343  0.0309  0.0272  0.0271  0.0266  0.0269  0.0264  0.0270  0.0261  0.0259
  0.0345  0.0345  0.0345  0.0343  0.0297  0.0261  0.0261  0.0261  0.0261  0.0261  0.0260  0.0260
  0.0351  0.0347  0.0352  0.0388  0.0333  0.0260  0.0265  0.0266  0.0264  0.0263  0.0263  0.0266
  0.0365  0.0354  0.0365  0.0440  0.0376  0.0278  0.0276  0.0284  0.0272  0.0276  0.0267  0.0274
  0.0387  0.0366  0.0382  0.0483  0.0421  0.0327  0.0293  0.0316  0.0285  0.0300  0.0274  0.0285
niter,ni,del,rscale     7    3    5.0000    1.2000
parameters
   -0.9370   -5.5134   10.5910  -18.0500  -20.0940  -11.0340
   -1.7751    2.4472    1.1563   18.9236   -0.1505  -26.0806
eta,q 0.97506 11.09416
  0.0300  0.0299  0.0284  0.0283  0.0281  0.0304  0.0283  0.0299  0.0272  0.0306  0.0258  0.0263
  0.0276  0.0278  0.0270  0.0265  0.0261  0.0279  0.0265  0.0272  0.0260  0.0280  0.0253  0.0255
  0.0262  0.0264  0.0261  0.0256  0.0251  0.0261  0.0254  0.0255  0.0252  0.0260  0.0250  0.0251
  0.0259  0.0258  0.0258  0.0258  0.0256  0.0251  0.0250  0.0250  0.0250  0.0250  0.0249  0.0249
  0.0266  0.0260  0.0261  0.0281  0.0277  0.0249  0.0255  0.0258  0.0254  0.0252  0.0251  0.0252
  0.0283  0.0269  0.0269  0.0327  0.0312  0.0263  0.0267  0.0276  0.0263  0.0264  0.0254  0.0257
  0.0309  0.0284  0.0282  0.0384  0.0359  0.0305  0.0283  0.0304  0.0276  0.0287  0.0260  0.0265
niter,ni,del,rscale     6    3    5.0000    1.2000
parameters
   -0.8738   -5.3373   10.9184  -18.4652  -20.5993  -10.8566
   -1.7789    2.4706    1.1318   19.1585   -0.2441  -25.9861
eta,q 0.97508 11.04701
  0.0293  0.0286  0.0277  0.0301  0.0302  0.0302  0.0282  0.0301  0.0273  0.0298  0.0258  0.0264
  0.0271  0.0267  0.0263  0.0273  0.0275  0.0278  0.0264  0.0273  0.0260  0.0273  0.0253  0.0256
  0.0256  0.0254  0.0254  0.0257  0.0256  0.0260  0.0253  0.0255  0.0252  0.0256  0.0250  0.0251
  0.0249  0.0249  0.0249  0.0249  0.0249  0.0250  0.0249  0.0249  0.0249  0.0249  0.0249  0.0249
  0.0253  0.0252  0.0250  0.0251  0.0257  0.0248  0.0254  0.0256  0.0252  0.0254  0.0250  0.0251
  0.0267  0.0261  0.0256  0.0273  0.0279  0.0262  0.0265  0.0273  0.0260  0.0269  0.0253  0.0256
  0.0289  0.0276  0.0266  0.0318  0.0317  0.0310  0.0282  0.0300  0.0273  0.0293  0.0259  0.0264
niter,ni,del,rscale     5    3    5.0000    1.2000
parameters
   -0.8580   -5.2981   10.9795  -18.4862  -20.6774  -10.8351
   -1.7819    2.4767    1.1368   19.1923   -0.2553  -25.9727
eta,q 0.97508 11.04205
  0.0291  0.0281  0.0272  0.0304  0.0306  0.0301  0.0282  0.0301  0.0273  0.0295  0.0259  0.0264
  0.0269  0.0263  0.0260  0.0275  0.0277  0.0277  0.0264  0.0273  0.0260  0.0272  0.0253  0.0256
  0.0255  0.0253  0.0252  0.0258  0.0258  0.0259  0.0253  0.0255  0.0252  0.0255  0.0250  0.0251
  0.0249  0.0249  0.0249  0.0249  0.0249  0.0249  0.0249  0.0249  0.0249  0.0249  0.0249  0.0249
  0.0253  0.0253  0.0251  0.0250  0.0255  0.0248  0.0254  0.0256  0.0252  0.0254  0.0250  0.0251
  0.0268  0.0263  0.0258  0.0269  0.0275  0.0263  0.0265  0.0273  0.0260  0.0270  0.0253  0.0256
  0.0291  0.0279  0.0271  0.0312  0.0311  0.0313  0.0281  0.0300  0.0273  0.0295  0.0259  0.0264
niter,ni,del,rscale     4    3    5.0000    1.2000
parameters
   -0.8546   -5.2905   10.9870  -18.4917  -20.6869  -10.8335
   -1.7842    2.4776    1.1402   19.1987   -0.2557  -25.9712
eta,q 0.97508 11.04126
  0.0290  0.0280  0.0272  0.0305  0.0306  0.0301  0.0282  0.0301  0.0273  0.0295  0.0259  0.0264
  0.0269  0.0263  0.0259  0.0275  0.0278  0.0277  0.0264  0.0273  0.0260  0.0271  0.0253  0.0256
  0.0255  0.0252  0.0252  0.0258  0.0258  0.0259  0.0253  0.0255  0.0252  0.0255  0.0250  0.0251
  0.0249  0.0249  0.0249  0.0249  0.0249  0.0249  0.0249  0.0249  0.0249  0.0249  0.0249  0.0249
  0.0254  0.0253  0.0251  0.0250  0.0255  0.0248  0.0254  0.0256  0.0252  0.0254  0.0250  0.0251
  0.0268  0.0263  0.0259  0.0269  0.0275  0.0264  0.0265  0.0273  0.0260  0.0271  0.0253  0.0256
  0.0291  0.0279  0.0272  0.0311  0.0310  0.0314  0.0281  0.0300  0.0273  0.0296  0.0259  0.0264
registration optimization eta report
parameter search radius
    2.4000    2.4000    2.7600   10.9503   10.9503    9.5220
    7.2000    7.2000    7.2000    8.2800    7.2000    7.2000
100000*second partial in parameter space
       72.       53.       29.        5.        5.        7.
        6.       10.        5.        7.        2.        3.
  0.0290  0.0280  0.0272  0.0305  0.0306  0.0301  0.0282  0.0301  0.0273  0.0295  0.0259  0.0264
  0.0269  0.0263  0.0259  0.0275  0.0278  0.0277  0.0264  0.0273  0.0260  0.0271  0.0253  0.0256
  0.0255  0.0252  0.0252  0.0258  0.0258  0.0259  0.0253  0.0255  0.0252  0.0255  0.0250  0.0251
  0.0249  0.0249  0.0249  0.0249  0.0249  0.0249  0.0249  0.0249  0.0249  0.0249  0.0249  0.0249
  0.0254  0.0253  0.0251  0.0250  0.0255  0.0248  0.0254  0.0256  0.0252  0.0254  0.0250  0.0251
  0.0268  0.0263  0.0259  0.0269  0.0275  0.0264  0.0265  0.0273  0.0260  0.0271  0.0253  0.0256
  0.0291  0.0279  0.0272  0.0311  0.0310  0.0314  0.0281  0.0300  0.0273  0.0296  0.0259  0.0264
   -0.8546   -5.2905   10.9870  -18.4917  -20.6869  -10.8335
   -1.7842    2.4776    1.1402   19.1987   -0.2557  -25.9712
eta,q 0.97508 11.04126

---------------------------------------------------------------------
imgreg_4dfp /opt/freesurfer/average/711-2C_as_mni_average_305 /opt/freesurfer/average/711-2B_as_mni_average_305_mask talsrcimg_g11 none talsrcimg_to_711-2C_as_mni_average_305_t4 2311
---------------------------------------------------------------------

freesurfer imgreg_4dfp.c
/opt/freesurfer/average/711-2C_as_mni_average_305.4dfp.img
       256       256       256         1
  1.000000  1.000000  1.000000
orientation T byte_order littleendian
Reading image: /opt/freesurfer/average/711-2C_as_mni_average_305.4dfp.img
dimensions:      256       256       256
mmppix:       1.0000   -1.0000   -1.0000
center:     128.0000 -129.0000 -129.0000
/opt/freesurfer/average/711-2B_as_mni_average_305_mask.4dfp.img
       256       256       256         1
  1.000000  1.000000  1.000000
orientation T byte_order littleendian
Reading mask: /opt/freesurfer/average/711-2B_as_mni_average_305_mask.4dfp.img (2306576 pixels)
talsrcimg_g11.4dfp.img
       256       256       256         1
  1.000000  1.000000  1.000000
orientation T byte_order littleendian
Reading image: talsrcimg_g11.4dfp.img
dimensions:      256       256       256
mmppix:       1.0000   -1.0000   -1.0000
center:     128.0000 -129.0000 -129.0000
fimgreg.f
image alignment mode   2311 decimal      907 hex
parameters
   -0.8546   -5.2905   10.9870  -18.4917  -20.6869  -10.8335
   -1.7842    2.4776    1.1402   19.1987   -0.2557  -25.9712
eta,q 0.97508 11.04124
niter,ni,del,rscale     5    3    5.0000    0.8000
parameters
   -0.8311   -5.3194   11.0112  -17.2521  -20.2425   -9.1924
   -1.8710    2.5693    1.1796   19.4481   -0.1552  -26.1226
eta,q 0.97548 11.23816
  0.0269  0.0263  0.0257  0.0262  0.0262  0.0267  0.0261  0.0272  0.0257  0.0265  0.0250  0.0252
  0.0258  0.0255  0.0253  0.0256  0.0255  0.0259  0.0252  0.0258  0.0250  0.0255  0.0247  0.0248
  0.0252  0.0250  0.0250  0.0252  0.0250  0.0252  0.0247  0.0249  0.0247  0.0248  0.0246  0.0246
  0.0249  0.0249  0.0249  0.0249  0.0248  0.0248  0.0245  0.0245  0.0245  0.0245  0.0245  0.0245
  0.0251  0.0251  0.0250  0.0248  0.0248  0.0245  0.0248  0.0248  0.0247  0.0247  0.0246  0.0246
  0.0257  0.0256  0.0252  0.0249  0.0252  0.0246  0.0253  0.0256  0.0250  0.0252  0.0247  0.0249
  0.0268  0.0263  0.0257  0.0254  0.0258  0.0252  0.0262  0.0270  0.0256  0.0262  0.0250  0.0253
niter,ni,del,rscale     4    3    5.0000    0.7000
parameters
   -0.8577   -5.3591   11.1561  -17.0820  -20.3237   -9.1852
   -1.8835    2.5685    1.1580   19.4242   -0.1244  -26.0278
eta,q 0.97549 11.23932
  0.0260  0.0256  0.0254  0.0254  0.0254  0.0257  0.0258  0.0265  0.0254  0.0259  0.0249  0.0251
  0.0252  0.0250  0.0249  0.0250  0.0249  0.0251  0.0251  0.0254  0.0249  0.0251  0.0247  0.0248
  0.0247  0.0246  0.0246  0.0247  0.0246  0.0247  0.0246  0.0247  0.0246  0.0247  0.0245  0.0246
  0.0245  0.0245  0.0245  0.0245  0.0245  0.0245  0.0245  0.0245  0.0245  0.0245  0.0245  0.0245
  0.0247  0.0247  0.0246  0.0245  0.0246  0.0245  0.0247  0.0247  0.0246  0.0247  0.0245  0.0246
  0.0253  0.0251  0.0247  0.0248  0.0249  0.0250  0.0251  0.0254  0.0249  0.0251  0.0246  0.0247
  0.0262  0.0257  0.0251  0.0254  0.0255  0.0258  0.0258  0.0265  0.0254  0.0259  0.0249  0.0250
niter,ni,del,rscale     3    3    5.0000    0.6000
parameters
   -0.8609   -5.3656   11.1546  -16.9720  -20.2883   -9.0598
   -1.9064    2.5802    1.1446   19.4101   -0.1213  -26.0619
eta,q 0.97551 11.25391
  0.0257  0.0253  0.0250  0.0252  0.0252  0.0254  0.0254  0.0260  0.0251  0.0255  0.0248  0.0249
  0.0250  0.0249  0.0247  0.0249  0.0248  0.0250  0.0249  0.0252  0.0248  0.0249  0.0246  0.0247
  0.0246  0.0246  0.0246  0.0246  0.0246  0.0247  0.0246  0.0247  0.0246  0.0246  0.0245  0.0245
  0.0245  0.0245  0.0245  0.0245  0.0245  0.0245  0.0245  0.0245  0.0245  0.0245  0.0245  0.0245
  0.0246  0.0246  0.0246  0.0245  0.0246  0.0245  0.0246  0.0246  0.0246  0.0246  0.0245  0.0245
  0.0250  0.0249  0.0247  0.0247  0.0248  0.0248  0.0249  0.0251  0.0248  0.0250  0.0246  0.0247
  0.0257  0.0253  0.0250  0.0252  0.0252  0.0254  0.0254  0.0260  0.0251  0.0255  0.0248  0.0249
niter,ni,del,rscale     2    3    5.0000    0.5000
parameters
   -0.8601   -5.3716   11.1656  -16.8817  -20.2656   -8.9368
   -1.9167    2.5978    1.1521   19.4100   -0.1744  -26.0591
eta,q 0.97552 11.26627
  0.0253  0.0251  0.0249  0.0250  0.0250  0.0252  0.0251  0.0255  0.0249  0.0252  0.0247  0.0248
  0.0249  0.0247  0.0247  0.0247  0.0247  0.0249  0.0248  0.0250  0.0247  0.0248  0.0246  0.0246
  0.0246  0.0245  0.0245  0.0246  0.0246  0.0246  0.0245  0.0246  0.0245  0.0245  0.0245  0.0245
  0.0245  0.0245  0.0245  0.0245  0.0245  0.0245  0.0245  0.0245  0.0245  0.0245  0.0245  0.0245
  0.0246  0.0245  0.0245  0.0245  0.0245  0.0245  0.0246  0.0246  0.0245  0.0246  0.0245  0.0245
  0.0249  0.0248  0.0247  0.0247  0.0247  0.0247  0.0248  0.0249  0.0247  0.0248  0.0246  0.0246
  0.0253  0.0251  0.0248  0.0250  0.0250  0.0251  0.0251  0.0255  0.0249  0.0252  0.0247  0.0248
niter,ni,del,rscale     1    3    5.0000    0.4000
parameters
   -0.8597   -5.3789   11.1768  -16.8039  -20.2460   -8.8077
   -1.9168    2.6078    1.1464   19.3972   -0.1958  -26.0638
eta,q 0.97553 11.27755
  0.0250  0.0248  0.0247  0.0248  0.0248  0.0249  0.0249  0.0252  0.0248  0.0249  0.0246  0.0247
  0.0247  0.0246  0.0246  0.0246  0.0246  0.0247  0.0247  0.0248  0.0246  0.0247  0.0245  0.0246
  0.0245  0.0245  0.0245  0.0245  0.0245  0.0246  0.0245  0.0246  0.0245  0.0245  0.0245  0.0245
  0.0245  0.0245  0.0245  0.0245  0.0245  0.0245  0.0245  0.0245  0.0245  0.0245  0.0245  0.0245
  0.0245  0.0245  0.0245  0.0245  0.0245  0.0245  0.0245  0.0245  0.0245  0.0245  0.0245  0.0245
  0.0247  0.0246  0.0246  0.0246  0.0246  0.0246  0.0247  0.0248  0.0246  0.0247  0.0245  0.0246
  0.0250  0.0249  0.0247  0.0248  0.0248  0.0249  0.0249  0.0252  0.0248  0.0249  0.0246  0.0247
registration optimization eta report
parameter search radius
    0.8000    0.8000    0.8000    2.4000    2.4000    2.4000
    2.4000    2.4000    2.4000    2.4000    2.4000    2.4000
100000*second partial in parameter space
       84.       59.       37.        5.        5.        8.
        7.       12.        5.        8.        2.        3.
  0.0250  0.0248  0.0247  0.0248  0.0248  0.0249  0.0249  0.0252  0.0248  0.0249  0.0246  0.0247
  0.0247  0.0246  0.0246  0.0246  0.0246  0.0247  0.0247  0.0248  0.0246  0.0247  0.0245  0.0246
  0.0245  0.0245  0.0245  0.0245  0.0245  0.0246  0.0245  0.0246  0.0245  0.0245  0.0245  0.0245
  0.0245  0.0245  0.0245  0.0245  0.0245  0.0245  0.0245  0.0245  0.0245  0.0245  0.0245  0.0245
  0.0245  0.0245  0.0245  0.0245  0.0245  0.0245  0.0245  0.0245  0.0245  0.0245  0.0245  0.0245
  0.0247  0.0246  0.0246  0.0246  0.0246  0.0246  0.0247  0.0248  0.0246  0.0247  0.0245  0.0246
  0.0250  0.0249  0.0247  0.0248  0.0248  0.0249  0.0249  0.0252  0.0248  0.0249  0.0246  0.0247
   -0.8597   -5.3789   11.1768  -16.8039  -20.2460   -8.8077
   -1.9168    2.6078    1.1464   19.3972   -0.1958  -26.0638
eta,q 0.97553 11.27755

---------------------------------------------------------------------
imgreg_4dfp /opt/freesurfer/average/711-2C_as_mni_average_305 /opt/freesurfer/average/711-2B_as_mni_average_305_mask talsrcimg_g11 none talsrcimg_to_711-2C_as_mni_average_305_t4 2311
---------------------------------------------------------------------

freesurfer imgreg_4dfp.c
/opt/freesurfer/average/711-2C_as_mni_average_305.4dfp.img
       256       256       256         1
  1.000000  1.000000  1.000000
orientation T byte_order littleendian
Reading image: /opt/freesurfer/average/711-2C_as_mni_average_305.4dfp.img
dimensions:      256       256       256
mmppix:       1.0000   -1.0000   -1.0000
center:     128.0000 -129.0000 -129.0000
/opt/freesurfer/average/711-2B_as_mni_average_305_mask.4dfp.img
       256       256       256         1
  1.000000  1.000000  1.000000
orientation T byte_order littleendian
Reading mask: /opt/freesurfer/average/711-2B_as_mni_average_305_mask.4dfp.img (2306576 pixels)
talsrcimg_g11.4dfp.img
       256       256       256         1
  1.000000  1.000000  1.000000
orientation T byte_order littleendian
Reading image: talsrcimg_g11.4dfp.img
dimensions:      256       256       256
mmppix:       1.0000   -1.0000   -1.0000
center:     128.0000 -129.0000 -129.0000
fimgreg.f
image alignment mode   2311 decimal      907 hex
parameters
   -0.8597   -5.3789   11.1768  -16.8039  -20.2460   -8.8077
   -1.9168    2.6078    1.1464   19.3972   -0.1958  -26.0638
eta,q 0.97553 11.27756
niter,ni,del,rscale     5    3    5.0000    0.8000
parameters
   -0.8695   -5.3706   11.2178  -17.2131  -20.3756   -9.2503
   -1.8618    2.5574    1.1539   19.3836   -0.1233  -25.9449
eta,q 0.97548 11.22238
  0.0265  0.0260  0.0255  0.0254  0.0256  0.0258  0.0262  0.0270  0.0257  0.0263  0.0250  0.0253
  0.0254  0.0251  0.0249  0.0250  0.0250  0.0252  0.0253  0.0256  0.0250  0.0253  0.0247  0.0249
  0.0247  0.0246  0.0246  0.0246  0.0246  0.0247  0.0247  0.0248  0.0246  0.0247  0.0246  0.0246
  0.0245  0.0245  0.0245  0.0245  0.0245  0.0245  0.0245  0.0245  0.0245  0.0245  0.0245  0.0245
  0.0247  0.0246  0.0246  0.0246  0.0246  0.0246  0.0247  0.0248  0.0246  0.0247  0.0246  0.0246
  0.0254  0.0251  0.0249  0.0251  0.0251  0.0254  0.0253  0.0257  0.0250  0.0253  0.0247  0.0248
  0.0266  0.0259  0.0253  0.0260  0.0258  0.0267  0.0261  0.0271  0.0256  0.0263  0.0250  0.0252
niter,ni,del,rscale     4    3    5.0000    0.7000
parameters
   -0.8584   -5.3676   11.1673  -17.0974  -20.3055   -9.1791
   -1.8882    2.5727    1.1483   19.3904   -0.1304  -26.0058
eta,q 0.97550 11.23864
  0.0261  0.0257  0.0251  0.0254  0.0255  0.0257  0.0258  0.0265  0.0254  0.0259  0.0249  0.0250
  0.0253  0.0250  0.0248  0.0250  0.0250  0.0251  0.0251  0.0254  0.0249  0.0251  0.0247  0.0247
  0.0247  0.0246  0.0246  0.0247  0.0246  0.0248  0.0246  0.0247  0.0246  0.0247  0.0245  0.0246
  0.0245  0.0245  0.0245  0.0245  0.0245  0.0245  0.0245  0.0245  0.0245  0.0245  0.0245  0.0245
  0.0247  0.0246  0.0246  0.0245  0.0246  0.0245  0.0247  0.0247  0.0246  0.0247  0.0245  0.0246
  0.0252  0.0250  0.0249  0.0248  0.0249  0.0249  0.0251  0.0254  0.0249  0.0251  0.0247  0.0248
  0.0261  0.0256  0.0252  0.0254  0.0255  0.0258  0.0258  0.0265  0.0254  0.0259  0.0249  0.0251
niter,ni,del,rscale     3    3    5.0000    0.6000
parameters
   -0.8583   -5.3698   11.1603  -16.9790  -20.2788   -9.0618
   -1.9023    2.5824    1.1428   19.4044   -0.1371  -26.0484
eta,q 0.97551 11.25375
  0.0257  0.0253  0.0250  0.0252  0.0252  0.0254  0.0254  0.0260  0.0251  0.0255  0.0248  0.0249
  0.0250  0.0249  0.0247  0.0249  0.0248  0.0250  0.0249  0.0252  0.0248  0.0250  0.0246  0.0247
  0.0246  0.0246  0.0246  0.0246  0.0246  0.0247  0.0246  0.0247  0.0246  0.0246  0.0245  0.0245
  0.0245  0.0245  0.0245  0.0245  0.0245  0.0245  0.0245  0.0245  0.0245  0.0245  0.0245  0.0245
  0.0246  0.0246  0.0246  0.0245  0.0246  0.0245  0.0246  0.0246  0.0246  0.0246  0.0245  0.0245
  0.0250  0.0249  0.0247  0.0247  0.0248  0.0248  0.0249  0.0252  0.0248  0.0249  0.0246  0.0247
  0.0257  0.0253  0.0250  0.0252  0.0252  0.0254  0.0254  0.0260  0.0251  0.0255  0.0248  0.0249
niter,ni,del,rscale     2    3    5.0000    0.5000
parameters
   -0.8581   -5.3720   11.1628  -16.8777  -20.2650   -8.9384
   -1.9139    2.6010    1.1458   19.4066   -0.1635  -26.0748
eta,q 0.97553 11.26652
  0.0253  0.0251  0.0248  0.0250  0.0250  0.0252  0.0251  0.0255  0.0249  0.0252  0.0247  0.0248
  0.0249  0.0247  0.0247  0.0247  0.0247  0.0249  0.0248  0.0250  0.0247  0.0248  0.0246  0.0246
  0.0246  0.0246  0.0245  0.0246  0.0246  0.0246  0.0245  0.0246  0.0245  0.0245  0.0245  0.0245
  0.0245  0.0245  0.0245  0.0245  0.0245  0.0245  0.0245  0.0245  0.0245  0.0245  0.0245  0.0245
  0.0246  0.0245  0.0245  0.0245  0.0245  0.0245  0.0246  0.0246  0.0245  0.0246  0.0245  0.0245
  0.0249  0.0247  0.0247  0.0247  0.0247  0.0247  0.0248  0.0249  0.0247  0.0248  0.0246  0.0246
  0.0253  0.0251  0.0248  0.0249  0.0250  0.0251  0.0251  0.0255  0.0249  0.0252  0.0247  0.0248
niter,ni,del,rscale     1    3    5.0000    0.4000
parameters
   -0.8600   -5.3777   11.1770  -16.8010  -20.2428   -8.8116
   -1.9138    2.6085    1.1512   19.4003   -0.1955  -26.0748
eta,q 0.97553 11.27797
  0.0250  0.0248  0.0247  0.0248  0.0248  0.0249  0.0249  0.0252  0.0248  0.0249  0.0246  0.0247
  0.0247  0.0246  0.0246  0.0246  0.0246  0.0247  0.0247  0.0248  0.0246  0.0247  0.0245  0.0246
  0.0245  0.0245  0.0245  0.0245  0.0245  0.0246  0.0245  0.0246  0.0245  0.0245  0.0245  0.0245
  0.0245  0.0245  0.0245  0.0245  0.0245  0.0245  0.0245  0.0245  0.0245  0.0245  0.0245  0.0245
  0.0245  0.0245  0.0245  0.0245  0.0245  0.0245  0.0245  0.0245  0.0245  0.0245  0.0245  0.0245
  0.0247  0.0246  0.0246  0.0246  0.0246  0.0246  0.0247  0.0248  0.0246  0.0247  0.0245  0.0246
  0.0250  0.0249  0.0247  0.0248  0.0248  0.0249  0.0249  0.0252  0.0248  0.0249  0.0246  0.0247
registration optimization eta report
parameter search radius
    0.8000    0.8000    0.8000    2.4000    2.4000    2.4000
    2.4000    2.4000    2.4000    2.4000    2.4000    2.4000
100000*second partial in parameter space
       84.       58.       37.        5.        5.        8.
        7.       12.        5.        8.        2.        3.
  0.0250  0.0248  0.0247  0.0248  0.0248  0.0249  0.0249  0.0252  0.0248  0.0249  0.0246  0.0247
  0.0247  0.0246  0.0246  0.0246  0.0246  0.0247  0.0247  0.0248  0.0246  0.0247  0.0245  0.0246
  0.0245  0.0245  0.0245  0.0245  0.0245  0.0246  0.0245  0.0246  0.0245  0.0245  0.0245  0.0245
  0.0245  0.0245  0.0245  0.0245  0.0245  0.0245  0.0245  0.0245  0.0245  0.0245  0.0245  0.0245
  0.0245  0.0245  0.0245  0.0245  0.0245  0.0245  0.0245  0.0245  0.0245  0.0245  0.0245  0.0245
  0.0247  0.0246  0.0246  0.0246  0.0246  0.0246  0.0247  0.0248  0.0246  0.0247  0.0245  0.0246
  0.0250  0.0249  0.0247  0.0248  0.0248  0.0249  0.0249  0.0252  0.0248  0.0249  0.0246  0.0247
   -0.8600   -5.3777   11.1770  -16.8010  -20.2428   -8.8116
   -1.9138    2.6085    1.1512   19.4003   -0.1955  -26.0748
eta,q 0.97553 11.27797

---------------------------------------------------------------------
compute_vox2vox talsrcimg talsrcimg_to_711-2C_as_mni_average_305_t4 /opt/freesurfer/average/711-2C_as_mni_average_305
---------------------------------------------------------------------

freesurfer compute_vox2vox.c
Reading: talsrcimg.4dfp.ifh
Reading: talsrcimg_to_711-2C_as_mni_average_305_t4
Reading: /opt/freesurfer/average/711-2C_as_mni_average_305.4dfp.ifh
Writing: talsrcimg_to_711-2C_as_mni_average_305_t4_vox2vox.txt

start time Wed Mar 11 22:45:27 CET 2026
end		time Wed Mar 11 22:46:51 CET 2026

mpr2mni305 success

avi2talxfm orig_nu.mgz /opt/freesurfer/average/mni305.cor.mgz talsrcimg_to_711-2C_as_mni_average_305_t4_vox2vox.txt transforms/talairach.auto.xfm
avi2talxfm done
mv -f /out/sourcedata/freesurfer/sub-v1s10x0050957_ses-1/mri/talsrcimg_to_711-2C_as_mni_average_305_t4_vox2vox.txt /out/sourcedata/freesurfer/sub-v1s10x0050957_ses-1/mri/transforms/talsrcimg_to_711-2C_as_mni_average_305_t4_vox2vox.txt
lta_convert --src orig_nu.mgz --trg /opt/freesurfer/average/mni305.cor.mgz --inxfm transforms/talairach.auto.xfm --outlta transforms/talairach.auto.xfm.lta --subject fsaverage
7.3.2

--src: orig_nu.mgz src image (geometry).
--trg: /opt/freesurfer/average/mni305.cor.mgz trg image (geometry).
--inmni: transforms/talairach.auto.xfm input MNI/XFM transform.
--outlta: transforms/talairach.auto.xfm.lta output LTA.
--s: fsaverage subject name
 LTA read, type : 1
 1.20162  -0.03787   0.01645   10.98885;
-0.00223   1.02539   0.33517  -6.56584;
-0.01680  -0.24887   1.17204   6.68396;
 0.00000   0.00000   0.00000   1.00000;
setting subject to fsaverage
Writing  LTA to file transforms/talairach.auto.xfm.lta...
lta_convert successful.
 
 
Started at Wed Mar 11 22:45:27 CET 2026
Ended   at Wed Mar 11 22:46:51 CET 2026
talairach_avi done
