status file for recon-all
Thu Mar 12 00:42:50 CET 2026
#@# Tessellate lh Thu Mar 12 00:42:50 CET 2026
#@# Smooth1 lh Thu Mar 12 00:42:54 CET 2026
#@# Inflation1 lh Thu Mar 12 00:42:56 CET 2026
#@# QSphere lh Thu Mar 12 00:43:08 CET 2026
#@# Fix Topology lh Thu Mar 12 00:44:01 CET 2026
#@# Smooth2 lh Thu Mar 12 00:50:59 CET 2026
#@# Inflation2 lh Thu Mar 12 00:51:01 CET 2026
#@# Curv .H and .K lh Thu Mar 12 00:51:13 CET 2026
#@# Sphere lh Thu Mar 12 00:51:48 CET 2026
#@# Surf Reg lh Thu Mar 12 00:53:27 CET 2026
#@# Jacobian white lh Thu Mar 12 00:56:40 CET 2026
#@# AvgCurv lh Thu Mar 12 00:56:40 CET 2026
#@# Cortical Parc lh Thu Mar 12 00:56:41 CET 2026
#@# white curv lh Thu Mar 12 01:01:40 CET 2026
#@# white area lh Thu Mar 12 01:01:41 CET 2026
#@# pial curv lh Thu Mar 12 01:01:42 CET 2026
#@# pial area lh Thu Mar 12 01:01:43 CET 2026
#@# thickness lh Thu Mar 12 01:01:44 CET 2026
#@# area and vertex vol lh Thu Mar 12 01:02:05 CET 2026
#@# Curvature Stats lh Thu Mar 12 01:02:06 CET 2026
#@# Cortical Parc 2 lh Thu Mar 12 01:02:08 CET 2026
#@# Cortical Parc 3 lh Thu Mar 12 01:02:18 CET 2026
#@# WM/GM Contrast lh Thu Mar 12 01:02:26 CET 2026
recon-all -s sub-v1s10x0050962_ses-1 finished without error at Thu Mar 12 01:02:30 CET 2026



#New# invocation of recon-all 



status file for recon-all
Thu Mar 12 01:21:41 CET 2026
#@# white curv lh Thu Mar 12 01:21:41 CET 2026
#@# white area lh Thu Mar 12 01:21:41 CET 2026
#@# pial curv lh Thu Mar 12 01:21:41 CET 2026
#@# pial area lh Thu Mar 12 01:21:41 CET 2026
#@# thickness lh Thu Mar 12 01:21:41 CET 2026
#@# area and vertex vol lh Thu Mar 12 01:21:41 CET 2026
#@# Parcellation Stats lh Thu Mar 12 01:21:41 CET 2026
#@# Parcellation Stats 2 lh Thu Mar 12 01:21:53 CET 2026
#@# Parcellation Stats 3 lh Thu Mar 12 01:21:59 CET 2026
#@# BA_exvivo Labels lh Thu Mar 12 01:22:05 CET 2026
recon-all -s sub-v1s10x0050962_ses-1 finished without error at Thu Mar 12 01:24:23 CET 2026
