status file for recon-all
Wed Mar 11 22:57:14 CET 2026
#@# MotionCor Wed Mar 11 22:57:16 CET 2026
#@# Talairach Wed Mar 11 22:57:25 CET 2026
#@# Talairach Failure Detection Wed Mar 11 23:01:51 CET 2026
#@# Nu Intensity Correction Wed Mar 11 23:01:51 CET 2026
#@# Intensity Normalization Wed Mar 11 23:05:06 CET 2026
recon-all -s sub-v1s10x0050962_ses-1 finished without error at Wed Mar 11 23:06:30 CET 2026



#New# invocation of recon-all 



status file for recon-all
Wed Mar 11 23:13:32 CET 2026
#@# EM Registration Wed Mar 11 23:13:32 CET 2026
recon-all -s sub-v1s10x0050962_ses-1 finished without error at Wed Mar 11 23:15:54 CET 2026



#New# invocation of recon-all 



status file for recon-all
Wed Mar 11 23:15:58 CET 2026
#@# CA Normalize Wed Mar 11 23:15:58 CET 2026
#@# CA Reg Wed Mar 11 23:17:18 CET 2026
#@# SubCort Seg Thu Mar 12 00:14:20 CET 2026
#@# CC Seg Thu Mar 12 00:37:16 CET 2026
#@# Merge ASeg Thu Mar 12 00:37:52 CET 2026
#@# Intensity Normalization2 Thu Mar 12 00:37:52 CET 2026
#@# Mask BFS Thu Mar 12 00:40:01 CET 2026
#@# WM Segmentation Thu Mar 12 00:40:02 CET 2026
#@# Fill Thu Mar 12 00:41:42 CET 2026
recon-all -s sub-v1s10x0050962_ses-1 finished without error at Thu Mar 12 00:42:44 CET 2026



#New# invocation of recon-all 



status file for recon-all
Thu Mar 12 01:18:32 CET 2026
#@# white curv lh Thu Mar 12 01:18:32 CET 2026
#@# white area lh Thu Mar 12 01:18:33 CET 2026
#@# pial curv lh Thu Mar 12 01:18:33 CET 2026
#@# pial area lh Thu Mar 12 01:18:33 CET 2026
#@# thickness lh Thu Mar 12 01:18:33 CET 2026
#@# area and vertex vol lh Thu Mar 12 01:18:33 CET 2026
#@# white curv rh Thu Mar 12 01:18:33 CET 2026
#@# white area rh Thu Mar 12 01:18:33 CET 2026
#@# pial curv rh Thu Mar 12 01:18:33 CET 2026
#@# pial area rh Thu Mar 12 01:18:33 CET 2026
#@# thickness rh Thu Mar 12 01:18:33 CET 2026
#@# area and vertex vol rh Thu Mar 12 01:18:33 CET 2026
#@# Cortical ribbon mask Thu Mar 12 01:18:33 CET 2026
recon-all -s sub-v1s10x0050962_ses-1 finished without error at Thu Mar 12 01:21:36 CET 2026



#New# invocation of recon-all 



status file for recon-all
Thu Mar 12 01:27:06 CET 2026
#@# white curv lh Thu Mar 12 01:27:06 CET 2026
#@# white area lh Thu Mar 12 01:27:06 CET 2026
#@# pial curv lh Thu Mar 12 01:27:06 CET 2026
#@# pial area lh Thu Mar 12 01:27:06 CET 2026
#@# thickness lh Thu Mar 12 01:27:06 CET 2026
#@# area and vertex vol lh Thu Mar 12 01:27:06 CET 2026
#@# white curv rh Thu Mar 12 01:27:06 CET 2026
#@# white area rh Thu Mar 12 01:27:06 CET 2026
#@# pial curv rh Thu Mar 12 01:27:06 CET 2026
#@# pial area rh Thu Mar 12 01:27:06 CET 2026
#@# thickness rh Thu Mar 12 01:27:06 CET 2026
#@# area and vertex vol rh Thu Mar 12 01:27:06 CET 2026
#@# Curvature Stats lh Thu Mar 12 01:27:06 CET 2026
#@# Curvature Stats rh Thu Mar 12 01:27:08 CET 2026
#@# Relabel Hypointensities Thu Mar 12 01:27:10 CET 2026
#@# APas-to-ASeg Thu Mar 12 01:27:23 CET 2026
#@# AParc-to-ASeg aparc Thu Mar 12 01:27:30 CET 2026
#@# AParc-to-ASeg aparc.a2009s Thu Mar 12 01:27:48 CET 2026
#@# AParc-to-ASeg aparc.DKTatlas Thu Mar 12 01:28:04 CET 2026
#@# WMParc Thu Mar 12 01:28:24 CET 2026
#@# ASeg Stats Thu Mar 12 01:32:29 CET 2026
recon-all -s sub-v1s10x0050962_ses-1 finished without error at Thu Mar 12 01:33:10 CET 2026
