/out/sourcedata/freesurfer/sub-v1s10x0051118_ses-1/mri
/opt/freesurfer/bin/talairach_avi
--i orig_nu.mgz --xfm transforms/talairach.auto.xfm
talairach_avi 7.3.2
Linux dna075 5.14.0-427.37.1.el9_4.x86_64 #1 SMP PREEMPT_DYNAMIC Fri Sep 13 12:41:50 EDT 2024 x86_64 x86_64 x86_64 GNU/Linux
Thu Mar 12 08:17:44 CET 2026
mri_convert orig_nu.mgz talsrcimg.img 
reading from orig_nu.mgz...
TR=0.00, TE=0.00, TI=0.00, flip angle=0.00
i_ras = (-1, 0, 0)
j_ras = (0, 0, -1)
k_ras = (0, 1, 0)
writing to talsrcimg.img...
Analyze Output Matrix
-1.00000   0.00000   0.00000   128.94223;
 0.00000   0.00000   1.00000  -128.00000;
 0.00000  -1.00000   0.00000   129.27710;
 0.00000   0.00000   0.00000   1.00000;
--------------------
INFO: set hdr.hist.orient to -1
mpr2mni305 talsrcimg
Thu Mar 12 08:17:45 CET 2026
/opt/freesurfer/bin/mpr2mni305 talsrcimg
mpr2mni305 7.3.2
target=711-2C_as_mni_average_305

---------------------------------------------------------------------
analyzeto4dfp talsrcimg -O0 -y
---------------------------------------------------------------------

freesurfer ifh2hdr.c
Thu Mar 12 08:17:45 2026
Writing: talsrcimg.4dfp.hdr
freesurfer analyzeto4dfp.c
Reading: talsrcimg.hdr
header size 348 bytes
hdr.dime.datatype	offset=70	value=2
hdr.dime.bitpix		offset=72	value=8
hdr.hist.orient		offset=252	value=-1
dimensionality     4
dimensions       256       256       256         1
Reading: talsrcimg.img
Writing: talsrcimg.4dfp.img
Writing: talsrcimg.4dfp.ifh
ifh2hdr talsrcimg -r0to211
ori=2

---------------------------------------------------------------------
gauss_4dfp talsrcimg 1.1
---------------------------------------------------------------------

freesurfer gauss_4dfp.c
Reading: talsrcimg.4dfp.img
Writing: talsrcimg_g11.4dfp.img
image dimensions 256 256 256 padded to 288 288 288
processing volume 1freesurfer ifh2hdr.c
Thu Mar 12 08:17:46 2026
Writing: talsrcimg_g11.4dfp.hdr

Writing: talsrcimg_g11.4dfp.ifh
including: talsrcimg.4dfp.img.rec in talsrcimg_g11.4dfp.img.rec

---------------------------------------------------------------------
imgreg_4dfp /opt/freesurfer/average/711-2C_as_mni_average_305 none talsrcimg_g11 none talsrcimg_to_711-2C_as_mni_average_305_t4 4355
---------------------------------------------------------------------

freesurfer imgreg_4dfp.c
/opt/freesurfer/average/711-2C_as_mni_average_305.4dfp.img
       256       256       256         1
  1.000000  1.000000  1.000000
orientation T byte_order littleendian
Reading image: /opt/freesurfer/average/711-2C_as_mni_average_305.4dfp.img
dimensions:      256       256       256
mmppix:       1.0000   -1.0000   -1.0000
center:     128.0000 -129.0000 -129.0000
talsrcimg_g11.4dfp.img
       256       256       256         1
  1.000000  1.000000  1.000000
orientation T byte_order littleendian
Reading image: talsrcimg_g11.4dfp.img
dimensions:      256       256       256
mmppix:       1.0000   -1.0000   -1.0000
center:     128.0000 -129.0000 -129.0000
t4_read: open error in t4_sub.f l:  41 t4_file(1:l)talsrcimg_to_711-2C_as_mni_average_305_t4 
t4_read: transform initialized to I4
rotation matrix determinant  1.000000
image alignment mode   4355 decimal     1103 hex
   -7.5000  -45.0000  -45.0000 6798.8594   17.2434
    0.0000  -45.0000  -45.0000 7046.6641   17.2474
    7.5000  -45.0000  -45.0000 6718.4707   17.2400
   -7.5000  -37.5000  -45.0000 7335.8198   17.1866
    0.0000  -37.5000  -45.0000 7611.7690   17.1899
    7.5000  -37.5000  -45.0000 7250.4653   17.1784
   -7.5000  -30.0000  -45.0000 8171.2075   17.1746
    0.0000  -30.0000  -45.0000 8483.3574   17.1769
    7.5000  -30.0000  -45.0000 8061.1724   17.1633
   -7.5000  -22.5000  -45.0000 9021.9678   17.1830
    0.0000  -22.5000  -45.0000 9374.4619   17.1863
    7.5000  -22.5000  -45.0000 8885.5791   17.1739
   -7.5000  -15.0000  -45.0000 9803.4609   17.1893
    0.0000  -15.0000  -45.000010172.8379   17.1934
    7.5000  -15.0000  -45.0000 9635.9014   17.1840
   -7.5000   -7.5000  -45.000010435.6768   17.1812
    0.0000   -7.5000  -45.000010831.4629   17.1851
    7.5000   -7.5000  -45.000010263.0615   17.1786
   -7.5000    0.0000  -45.000011006.2754   17.1702
    0.0000    0.0000  -45.000011433.1650   17.1741
    7.5000    0.0000  -45.000010816.8125   17.1667
   -7.5000    7.5000  -45.000010763.3965   17.1686
    0.0000    7.5000  -45.000011190.0137   17.1717
    7.5000    7.5000  -45.000010593.7920   17.1600
   -7.5000   15.0000  -45.000010445.6299   17.1733
    0.0000   15.0000  -45.000010860.5508   17.1755
    7.5000   15.0000  -45.000010295.0303   17.1618
   -7.5000   22.5000  -45.000010031.8047   17.1807
    0.0000   22.5000  -45.000010453.6514   17.1840
    7.5000   22.5000  -45.0000 9894.3477   17.1715
   -7.5000   30.0000  -45.0000 9572.4453   16.9603
    0.0000   30.0000  -45.0000 9969.8193   16.9643
    7.5000   30.0000  -45.0000 9452.2061   16.9550
   -7.5000   37.5000  -45.0000 9381.4053   16.9522
    0.0000   37.5000  -45.0000 9728.0928   16.9561
    7.5000   37.5000  -45.0000 9233.2246   16.9497
   -7.5000   45.0000  -45.0000 8644.6240   16.5112
    0.0000   45.0000  -45.0000 8956.2676   16.5150
    7.5000   45.0000  -45.0000 8474.6875   16.5078
   -7.5000  -45.0000  -37.5000 7246.8511   17.0766
    0.0000  -45.0000  -37.5000 7504.3511   17.0808
    7.5000  -45.0000  -37.5000 7143.3892   17.0759
   -7.5000  -37.5000  -37.5000 7847.3179   17.0281
    0.0000  -37.5000  -37.5000 8147.0371   17.0317
    7.5000  -37.5000  -37.5000 7727.0024   17.0207
   -7.5000  -30.0000  -37.5000 8755.4971   17.0163
    0.0000  -30.0000  -37.5000 9103.3623   17.0202
    7.5000  -30.0000  -37.5000 8613.7520   17.0074
   -7.5000  -22.5000  -37.5000 9650.4160   17.0150
    0.0000  -22.5000  -37.500010030.5352   17.0210
    7.5000  -22.5000  -37.5000 9482.8047   17.0125
   -7.5000  -15.0000  -37.500010467.3848   17.0110
    0.0000  -15.0000  -37.500010875.8555   17.0177
    7.5000  -15.0000  -37.500010276.7852   17.0148
   -7.5000   -7.5000  -37.500011145.3848   17.0041
    0.0000   -7.5000  -37.500011597.1016   17.0092
    7.5000   -7.5000  -37.500010931.5234   17.0081
   -7.5000    0.0000  -37.500011710.1904   17.0029
    0.0000    0.0000  -37.500012178.2852   17.0070
    7.5000    0.0000  -37.500011483.4170   17.0020
   -7.5000    7.5000  -37.500011413.0518   17.0098
    0.0000    7.5000  -37.500011879.4141   17.0133
    7.5000    7.5000  -37.500011219.8096   17.0020
   -7.5000   15.0000  -37.500011070.9102   17.0150
    0.0000   15.0000  -37.500011526.2383   17.0188
    7.5000   15.0000  -37.500010886.2051   17.0060
   -7.5000   22.5000  -37.500010644.3955   17.0126
    0.0000   22.5000  -37.500011092.4033   17.0187
    7.5000   22.5000  -37.500010469.2080   17.0102
   -7.5000   30.0000  -37.500010162.4932   16.7844
    0.0000   30.0000  -37.500010585.5010   16.7909
    7.5000   30.0000  -37.5000 9990.7461   16.7880
   -7.5000   37.5000  -37.5000 9949.6299   16.7775
    0.0000   37.5000  -37.500010325.3896   16.7825
    7.5000   37.5000  -37.5000 9733.1309   16.7815
   -7.5000   45.0000  -37.5000 9142.0654   16.3503
    0.0000   45.0000  -37.5000 9464.8066   16.3543
    7.5000   45.0000  -37.5000 8907.7275   16.3494
   -7.5000  -45.0000  -30.0000 7822.9175   17.7138
    0.0000  -45.0000  -30.0000 8126.1997   17.7137
    7.5000  -45.0000  -30.0000 7730.7407   17.7082
   -7.5000  -37.5000  -30.0000 8511.9277   17.6686
    0.0000  -37.5000  -30.0000 8848.0352   17.6660
    7.5000  -37.5000  -30.0000 8381.9102   17.6524
   -7.5000  -30.0000  -30.0000 9493.5801   17.6562
    0.0000  -30.0000  -30.0000 9871.9131   17.6532
    7.5000  -30.0000  -30.0000 9347.8350   17.6369
   -7.5000  -22.5000  -30.000010447.8984   17.6482
    0.0000  -22.5000  -30.000010849.2637   17.6484
    7.5000  -22.5000  -30.000010263.2793   17.6383
   -7.5000  -15.0000  -30.000011325.1865   17.6374
    0.0000  -15.0000  -30.000011777.2295   17.6396
    7.5000  -15.0000  -30.000011102.6006   17.6378
   -7.5000   -7.5000  -30.000012060.7285   17.6318
    0.0000   -7.5000  -30.000012554.1621   17.6332
    7.5000   -7.5000  -30.000011815.0146   17.6334
   -7.5000    0.0000  -30.000012671.5498   17.6375
    0.0000    0.0000  -30.000013194.2109   17.6371
    7.5000    0.0000  -30.000012394.4434   17.6316
   -7.5000    7.5000  -30.000012323.9629   17.6497
    0.0000    7.5000  -30.000012823.6924   17.6469
    7.5000    7.5000  -30.000012062.4619   17.6331
   -7.5000   15.0000  -30.000011926.7930   17.6548
    0.0000   15.0000  -30.000012424.9141   17.6517
    7.5000   15.0000  -30.000011670.9268   17.6354
   -7.5000   22.5000  -30.000011456.6074   17.6440
    0.0000   22.5000  -30.000011923.8975   17.6442
    7.5000   22.5000  -30.000011213.6270   17.6340
   -7.5000   30.0000  -30.000010931.7715   17.4040
    0.0000   30.0000  -30.000011354.6162   17.4062
    7.5000   30.0000  -30.000010678.5820   17.4045
   -7.5000   37.5000  -30.000010651.8008   17.3985
    0.0000   37.5000  -30.000011072.8799   17.3998
    7.5000   37.5000  -30.000010399.9473   17.4001
   -7.5000   45.0000  -30.0000 9767.7666   16.9730
    0.0000   45.0000  -30.000010149.6855   16.9727
    7.5000   45.0000  -30.0000 9524.1025   16.9673
   -7.5000  -45.0000  -22.5000 8473.4785   18.3629
    0.0000  -45.0000  -22.5000 8804.7412   18.3578
    7.5000  -45.0000  -22.5000 8355.4463   18.3483
   -7.5000  -37.5000  -22.5000 9230.8789   18.3121
    0.0000  -37.5000  -22.5000 9579.5576   18.3034
    7.5000  -37.5000  -22.5000 9063.2441   18.2870
   -7.5000  -30.0000  -22.500010284.0176   18.2980
    0.0000  -30.0000  -22.500010672.5918   18.2870
    7.5000  -30.0000  -22.500010088.8486   18.2670
   -7.5000  -22.5000  -22.500011292.1973   18.2916
    0.0000  -22.5000  -22.500011731.5127   18.2834
    7.5000  -22.5000  -22.500011065.3203   18.2679
   -7.5000  -15.0000  -22.500012224.2715   18.2830
    0.0000  -15.0000  -22.500012711.3984   18.2783
    7.5000  -15.0000  -22.500011969.7979   18.2704
   -7.5000   -7.5000  -22.500013023.4570   18.2791
    0.0000   -7.5000  -22.500013556.3574   18.2753
    7.5000   -7.5000  -22.500012733.5654   18.2698
   -7.5000    0.0000  -22.500013676.1406   18.2839
    0.0000    0.0000  -22.500014213.5723   18.2786
    7.5000    0.0000  -22.500013321.7568   18.2690
   -7.5000    7.5000  -22.500013301.9004   18.2926
    0.0000    7.5000  -22.500013839.9102   18.2838
    7.5000    7.5000  -22.500012945.6182   18.2671
   -7.5000   15.0000  -22.500012838.2832   18.2965
    0.0000   15.0000  -22.500013383.8789   18.2855
    7.5000   15.0000  -22.500012508.4619   18.2654
   -7.5000   22.5000  -22.500012303.9482   18.2860
    0.0000   22.5000  -22.500012810.4990   18.2778
    7.5000   22.5000  -22.500011994.9990   18.2623
   -7.5000   30.0000  -22.500011681.9404   18.0439
    0.0000   30.0000  -22.500012140.3262   18.0392
    7.5000   30.0000  -22.500011389.4395   18.0314
   -7.5000   37.5000  -22.500011377.5547   18.0400
    0.0000   37.5000  -22.500011838.9775   18.0363
    7.5000   37.5000  -22.500011122.5859   18.0308
   -7.5000   45.0000  -22.500010437.4854   17.6083
    0.0000   45.0000  -22.500010879.6787   17.6032
    7.5000   45.0000  -22.500010195.4180   17.5939
   -7.5000  -45.0000  -15.0000 9171.0244   18.8294
    0.0000  -45.0000  -15.0000 9506.3047   18.8235
    7.5000  -45.0000  -15.0000 9012.5635   18.8097
   -7.5000  -37.5000  -15.0000 9961.2500   18.7665
    0.0000  -37.5000  -15.000010312.8184   18.7574
    7.5000  -37.5000  -15.0000 9751.4629   18.7399
   -7.5000  -30.0000  -15.000011067.2500   18.7490
    0.0000  -30.0000  -15.000011495.3330   18.7367
    7.5000  -30.0000  -15.000010832.9629   18.7159
   -7.5000  -22.5000  -15.000012129.6953   18.7524
    0.0000  -22.5000  -15.000012620.3203   18.7410
    7.5000  -22.5000  -15.000011875.1543   18.7213
   -7.5000  -15.0000  -15.000013114.9883   18.7560
    0.0000  -15.0000  -15.000013643.5898   18.7477
    7.5000  -15.0000  -15.000012841.3008   18.7318
   -7.5000   -7.5000  -15.000013974.9521   18.7534
    0.0000   -7.5000  -15.000014560.1201   18.7473
    7.5000   -7.5000  -15.000013654.8848   18.7341
   -7.5000    0.0000  -15.000014634.2988   18.7487
    0.0000    0.0000  -15.000015235.7852   18.7426
    7.5000    0.0000  -15.000014265.0859   18.7288
   -7.5000    7.5000  -15.000014242.5107   18.7466
    0.0000    7.5000  -15.000014852.6084   18.7373
    7.5000    7.5000  -15.000013858.3066   18.7197
   -7.5000   15.0000  -15.000013787.5430   18.7476
    0.0000   15.0000  -15.000014369.0518   18.7352
    7.5000   15.0000  -15.000013416.9219   18.7144
   -7.5000   22.5000  -15.000013193.5312   18.7458
    0.0000   22.5000  -15.000013734.8086   18.7344
    7.5000   22.5000  -15.000012852.3193   18.7147
   -7.5000   30.0000  -15.000012462.5039   18.5133
    0.0000   30.0000  -15.000012965.1172   18.5051
    7.5000   30.0000  -15.000012167.2354   18.4894
   -7.5000   37.5000  -15.000012112.2510   18.5107
    0.0000   37.5000  -15.000012609.4346   18.5046
    7.5000   37.5000  -15.000011851.6777   18.4916
   -7.5000   45.0000  -15.000011100.4209   18.0669
    0.0000   45.0000  -15.000011575.8701   18.0610
    7.5000   45.0000  -15.000010864.4814   18.0477
   -7.5000  -45.0000   -7.5000 9863.9668   19.0216
    0.0000  -45.0000   -7.500010212.5908   19.0204
    7.5000  -45.0000   -7.5000 9670.5684   19.0077
   -7.5000  -37.5000   -7.500010669.1895   18.9529
    0.0000  -37.5000   -7.500011079.6006   18.9502
    7.5000  -37.5000   -7.500010479.4766   18.9354
   -7.5000  -30.0000   -7.500011841.8789   18.9367
    0.0000  -30.0000   -7.500012310.2490   18.9313
    7.5000  -30.0000   -7.500011626.3682   18.9137
   -7.5000  -22.5000   -7.500012956.4219   18.9487
    0.0000  -22.5000   -7.500013469.0498   18.9431
    7.5000  -22.5000   -7.500012726.8828   18.9247
   -7.5000  -15.0000   -7.500013987.6982   18.9601
    0.0000  -15.0000   -7.500014560.8584   18.9563
    7.5000  -15.0000   -7.500013742.4014   18.9395
   -7.5000   -7.5000   -7.500014923.4482   18.9542
    0.0000   -7.5000   -7.500015543.3838   18.9521
    7.5000   -7.5000   -7.500014591.2227   18.9384
   -7.5000    0.0000   -7.500015579.8486   18.9405
    0.0000    0.0000   -7.500016231.4893   18.9392
    7.5000    0.0000   -7.500015245.2939   18.9264
   -7.5000    7.5000   -7.500015168.6689   18.9329
    0.0000    7.5000   -7.500015795.0146   18.9300
    7.5000    7.5000   -7.500014827.1660   18.9149
   -7.5000   15.0000   -7.500014701.8770   18.9352
    0.0000   15.0000   -7.500015327.1445   18.9298
    7.5000   15.0000   -7.500014380.6475   18.9121
   -7.5000   22.5000   -7.500014088.3984   18.9399
    0.0000   22.5000   -7.500014672.0322   18.9343
    7.5000   22.5000   -7.500013779.7500   18.9160
   -7.5000   30.0000   -7.500013305.3848   18.7142
    0.0000   30.0000   -7.500013852.4346   18.7105
    7.5000   30.0000   -7.500013009.3389   18.6939
   -7.5000   37.5000   -7.500012919.8135   18.7084
    0.0000   37.5000   -7.500013443.1709   18.7063
    7.5000   37.5000   -7.500012617.5400   18.6928
   -7.5000   45.0000   -7.500011843.9385   18.2550
    0.0000   45.0000   -7.500012359.2471   18.2538
    7.5000   45.0000   -7.500011573.8926   18.2415
   -7.5000  -45.0000    0.000010462.8564   19.0112
    0.0000  -45.0000    0.000010867.2256   19.0151
    7.5000  -45.0000    0.000010280.9277   19.0067
   -7.5000  -37.5000    0.000011301.3115   18.9475
    0.0000  -37.5000    0.000011757.2061   18.9508
    7.5000  -37.5000    0.000011148.5459   18.9387
   -7.5000  -30.0000    0.000012517.5176   18.9342
    0.0000  -30.0000    0.000013021.3213   18.9366
    7.5000  -30.0000    0.000012336.1162   18.9223
   -7.5000  -22.5000    0.000013681.0781   18.9446
    0.0000  -22.5000    0.000014210.3662   18.9481
    7.5000  -22.5000    0.000013488.7637   18.9349
   -7.5000  -15.0000    0.000014790.4307   18.9524
    0.0000  -15.0000    0.000015376.8320   18.9566
    7.5000  -15.0000    0.000014597.7744   18.9461
   -7.5000   -7.5000    0.000015798.8193   18.9432
    0.0000   -7.5000    0.000016451.1777   18.9470
    7.5000   -7.5000    0.000015513.1338   18.9394
   -7.5000    0.0000    0.000016451.3203   18.9302
    0.0000    0.0000    0.000017133.6680   18.9340
    7.5000    0.0000    0.000016206.8994   18.9254
   -7.5000    7.5000    0.000015982.3555   18.9274
    0.0000    7.5000    0.000016648.1738   18.9305
    7.5000    7.5000    0.000015789.9277   18.9181
   -7.5000   15.0000    0.000015520.6445   18.9327
    0.0000   15.0000    0.000016164.0957   18.9350
    7.5000   15.0000    0.000015312.9375   18.9207
   -7.5000   22.5000    0.000014876.6006   18.9359
    0.0000   22.5000    0.000015482.9111   18.9393
    7.5000   22.5000    0.000014634.2666   18.9261
   -7.5000   30.0000    0.000014050.3633   18.7071
    0.0000   30.0000    0.000014609.1162   18.7112
    7.5000   30.0000    0.000013752.1289   18.7009
   -7.5000   37.5000    0.000013638.7695   18.6981
    0.0000   37.5000    0.000014166.5293   18.7018
    7.5000   37.5000    0.000013285.9561   18.6942
   -7.5000   45.0000    0.000012531.2910   18.2465
    0.0000   45.0000    0.000013025.7178   18.2502
    7.5000   45.0000    0.000012199.5098   18.2419
   -7.5000  -45.0000    7.500010278.1309   18.9923
    0.0000  -45.0000    7.500010681.2227   18.9965
    7.5000  -45.0000    7.500010121.4160   18.9910
   -7.5000  -37.5000    7.500011091.3955   18.9374
    0.0000  -37.5000    7.500011541.8301   18.9408
    7.5000  -37.5000    7.500010956.5186   18.9285
   -7.5000  -30.0000    7.500012229.6816   18.9245
    0.0000  -30.0000    7.500012719.4668   18.9280
    7.5000  -30.0000    7.500012052.2646   18.9138
   -7.5000  -22.5000    7.500013288.5303   18.9245
    0.0000  -22.5000    7.500013824.4775   18.9305
    7.5000  -22.5000    7.500013158.0068   18.9210
   -7.5000  -15.0000    7.500014423.5127   18.9215
    0.0000  -15.0000    7.500015020.6582   18.9284
    7.5000  -15.0000    7.500014282.3945   18.9252
   -7.5000   -7.5000    7.500015501.7891   18.9135
    0.0000   -7.5000    7.500016166.3047   18.9189
    7.5000   -7.5000    7.500015263.7500   18.9177
   -7.5000    0.0000    7.500016202.9023   18.9108
    0.0000    0.0000    7.500016881.3906   18.9150
    7.5000    0.0000    7.500016028.8711   18.9093
   -7.5000    7.5000    7.500015709.8633   18.9172
    0.0000    7.5000    7.500016353.2979   18.9204
    7.5000    7.5000    7.500015622.2500   18.9079
   -7.5000   15.0000    7.500015215.2080   18.9230
    0.0000   15.0000    7.500015827.2109   18.9265
    7.5000   15.0000    7.500015096.0791   18.9122
   -7.5000   22.5000    7.500014576.5020   18.9158
    0.0000   22.5000    7.500015161.9385   18.9218
    7.5000   22.5000    7.500014376.1807   18.9123
   -7.5000   30.0000    7.500013760.2637   18.6766
    0.0000   30.0000    7.500014271.8057   18.6835
    7.5000   30.0000    7.500013455.5273   18.6802
   -7.5000   37.5000    7.500013351.5010   18.6687
    0.0000   37.5000    7.500013796.0781   18.6740
    7.5000   37.5000    7.500012954.7510   18.6729
   -7.5000   45.0000    7.500012252.6104   18.2278
    0.0000   45.0000    7.500012666.4570   18.2319
    7.5000   45.0000    7.500011883.6553   18.2264
   -7.5000  -45.0000   15.0000 9938.0615   19.0153
    0.0000  -45.0000   15.000010322.0059   19.0153
    7.5000  -45.0000   15.0000 9785.6787   19.0096
   -7.5000  -37.5000   15.000010725.3818   18.9668
    0.0000  -37.5000   15.000011160.4346   18.9642
    7.5000  -37.5000   15.000010608.6289   18.9497
   -7.5000  -30.0000   15.000011778.5986   18.9536
    0.0000  -30.0000   15.000012267.2539   18.9505
    7.5000  -30.0000   15.000011674.8408   18.9331
   -7.5000  -22.5000   15.000012793.6348   18.9451
    0.0000  -22.5000   15.000013354.4551   18.9453
    7.5000  -22.5000   15.000012743.3711   18.9345
   -7.5000  -15.0000   15.000013959.5293   18.9334
    0.0000  -15.0000   15.000014592.9102   18.9358
    7.5000  -15.0000   15.000013838.7920   18.9340
   -7.5000   -7.5000   15.000015050.5088   18.9273
    0.0000   -7.5000   15.000015709.4785   18.9289
    7.5000   -7.5000   15.000014832.4365   18.9293
   -7.5000    0.0000   15.000015805.8340   18.9334
    0.0000    0.0000   15.000016466.8262   18.9332
    7.5000    0.0000   15.000015642.7969   18.9274
   -7.5000    7.5000   15.000015408.1416   18.9465
    0.0000    7.5000   15.000015977.2725   18.9437
    7.5000    7.5000   15.000015236.5186   18.9291
   -7.5000   15.0000   15.000014961.4600   18.9521
    0.0000   15.0000   15.000015467.1904   18.9489
    7.5000   15.0000   15.000014700.5547   18.9315
   -7.5000   22.5000   15.000014344.9316   18.9363
    0.0000   22.5000   15.000014814.9277   18.9366
    7.5000   22.5000   15.000014003.6738   18.9258
   -7.5000   30.0000   15.000013457.5830   18.6884
    0.0000   30.0000   15.000013854.2373   18.6908
    7.5000   30.0000   15.000013078.4785   18.6890
   -7.5000   37.5000   15.000012933.1191   18.6824
    0.0000   37.5000   15.000013297.3330   18.6839
    7.5000   37.5000   15.000012514.2549   18.6843
   -7.5000   45.0000   15.000011785.0645   18.2496
    0.0000   45.0000   15.000012119.3320   18.2494
    7.5000   45.0000   15.000011424.7471   18.2438
   -7.5000  -45.0000   22.5000 9505.8916   19.0725
    0.0000  -45.0000   22.5000 9900.6807   19.0670
    7.5000  -45.0000   22.5000 9372.3184   19.0570
   -7.5000  -37.5000   22.500010250.5576   19.0196
    0.0000  -37.5000   22.500010717.5215   19.0104
    7.5000  -37.5000   22.500010177.8037   18.9932
   -7.5000  -30.0000   22.500011278.9316   19.0049
    0.0000  -30.0000   22.500011790.9160   18.9935
    7.5000  -30.0000   22.500011207.7705   18.9726
   -7.5000  -22.5000   22.500012242.2148   18.9984
    0.0000  -22.5000   22.500012788.2295   18.9898
    7.5000  -22.5000   22.500012210.6621   18.9737
   -7.5000  -15.0000   22.500013284.6289   18.9895
    0.0000  -15.0000   22.500013863.6846   18.9846
    7.5000  -15.0000   22.500013197.1484   18.9763
   -7.5000   -7.5000   22.500014254.3193   18.9855
    0.0000   -7.5000   22.500014803.0088   18.9814
    7.5000   -7.5000   22.500014052.3389   18.9757
   -7.5000    0.0000   22.500015095.7227   18.9903
    0.0000    0.0000   22.500015606.3438   18.9847
    7.5000    0.0000   22.500014777.0205   18.9746
   -7.5000    7.5000   22.500014864.7324   18.9993
    0.0000    7.5000   22.500015312.1211   18.9900
    7.5000    7.5000   22.500014449.9561   18.9726
   -7.5000   15.0000   22.500014440.1074   19.0034
    0.0000   15.0000   22.500014861.2842   18.9919
    7.5000   15.0000   22.500013973.4346   18.9710
   -7.5000   22.5000   22.500013793.2695   18.9896
    0.0000   22.5000   22.500014243.9102   18.9811
    7.5000   22.5000   22.500013349.6211   18.9650
   -7.5000   30.0000   22.500012855.3066   18.7438
    0.0000   30.0000   22.500013281.8604   18.7389
    7.5000   30.0000   22.500012487.3730   18.7307
   -7.5000   37.5000   22.500012285.7910   18.7398
    0.0000   37.5000   22.500012703.3291   18.7358
    7.5000   37.5000   22.500011969.0654   18.7301
   -7.5000   45.0000   22.500011178.9473   18.3045
    0.0000   45.0000   22.500011540.7500   18.2991
    7.5000   45.0000   22.500010912.6680   18.2893
   -7.5000  -45.0000   30.0000 8919.7275   19.1512
    0.0000  -45.0000   30.0000 9309.4131   19.1452
    7.5000  -45.0000   30.0000 8809.9385   19.1312
   -7.5000  -37.5000   30.0000 9671.0869   19.0868
    0.0000  -37.5000   30.000010078.3799   19.0776
    7.5000  -37.5000   30.0000 9534.6494   19.0599
   -7.5000  -30.0000   30.000010665.2627   19.0690
    0.0000  -30.0000   30.000011112.9072   19.0564
    7.5000  -30.0000   30.000010533.0449   19.0353
   -7.5000  -22.5000   30.000011629.0732   19.0725
    0.0000  -22.5000   30.000012125.8867   19.0608
    7.5000  -22.5000   30.000011495.4580   19.0408
   -7.5000  -15.0000   30.000012549.3066   19.0762
    0.0000  -15.0000   30.000013066.6689   19.0678
    7.5000  -15.0000   30.000012385.4902   19.0517
   -7.5000   -7.5000   30.000013371.0098   19.0736
    0.0000   -7.5000   30.000013869.9717   19.0675
    7.5000   -7.5000   30.000013161.3232   19.0542
   -7.5000    0.0000   30.000014092.9307   19.0688
    0.0000    0.0000   30.000014592.8730   19.0626
    7.5000    0.0000   30.000013849.4912   19.0487
   -7.5000    7.5000   30.000013803.7363   19.0666
    0.0000    7.5000   30.000014278.1357   19.0571
    7.5000    7.5000   30.000013559.8760   19.0392
   -7.5000   15.0000   30.000013408.1484   19.0675
    0.0000   15.0000   30.000013858.7061   19.0548
    7.5000   15.0000   30.000013133.3018   19.0337
   -7.5000   22.5000   30.000012863.8760   19.0637
    0.0000   22.5000   30.000013334.3447   19.0520
    7.5000   22.5000   30.000012595.9492   19.0320
   -7.5000   30.0000   30.000012056.4648   18.8293
    0.0000   30.0000   30.000012516.3906   18.8211
    7.5000   30.0000   30.000011797.4531   18.8052
   -7.5000   37.5000   30.000011558.1387   18.8268
    0.0000   37.5000   30.000012000.3750   18.8207
    7.5000   37.5000   30.000011311.8701   18.8076
   -7.5000   45.0000   30.000010508.4492   18.3801
    0.0000   45.0000   30.000010916.6113   18.3742
    7.5000   45.0000   30.000010302.1504   18.3607
   -7.5000  -45.0000   37.5000 8594.6904   19.2164
    0.0000  -45.0000   37.5000 8940.3965   19.2155
    7.5000  -45.0000   37.5000 8474.1426   19.2029
   -7.5000  -37.5000   37.5000 9320.4873   19.1462
    0.0000  -37.5000   37.5000 9685.8545   19.1438
    7.5000  -37.5000   37.5000 9162.8496   19.1288
   -7.5000  -30.0000   37.500010312.2773   19.1295
    0.0000  -30.0000   37.500010725.7812   19.1242
    7.5000  -30.0000   37.500010136.1309   19.1064
   -7.5000  -22.5000   37.500011243.5752   19.1417
    0.0000  -22.5000   37.500011728.3379   19.1361
    7.5000  -22.5000   37.500011088.5801   19.1176
   -7.5000  -15.0000   37.500012093.8809   19.1535
    0.0000  -15.0000   37.500012597.2539   19.1498
    7.5000  -15.0000   37.500011932.2812   19.1329
   -7.5000   -7.5000   37.500012876.1299   19.1477
    0.0000   -7.5000   37.500013378.1514   19.1458
    7.5000   -7.5000   37.500012704.7021   19.1322
   -7.5000    0.0000   37.500013580.7959   19.1337
    0.0000    0.0000   37.500014092.4795   19.1328
    7.5000    0.0000   37.500013397.2725   19.1200
   -7.5000    7.5000   37.500013247.4072   19.1258
    0.0000    7.5000   37.500013747.3018   19.1232
    7.5000    7.5000   37.500013092.3701   19.1080
   -7.5000   15.0000   37.500012830.6367   19.1280
    0.0000   15.0000   37.500013289.5869   19.1227
    7.5000   15.0000   37.500012670.3730   19.1048
   -7.5000   22.5000   37.500012318.2422   19.1329
    0.0000   22.5000   37.500012776.6230   19.1273
    7.5000   22.5000   37.500012171.6006   19.1087
   -7.5000   30.0000   37.500011621.6973   18.9056
    0.0000   30.0000   37.500012046.5928   18.9020
    7.5000   30.0000   37.500011454.0957   18.8853
   -7.5000   37.5000   37.500011166.9424   18.8999
    0.0000   37.5000   37.500011569.4717   18.8981
    7.5000   37.5000   37.500010989.0781   18.8846
   -7.5000   45.0000   37.500010149.2520   18.4427
    0.0000   45.0000   37.500010545.7285   18.4418
    7.5000   45.0000   37.500010015.7842   18.4295
   -7.5000  -45.0000   45.0000 7846.2310   19.3588
    0.0000  -45.0000   45.0000 8171.8179   19.3642
    7.5000  -45.0000   45.0000 7762.0835   19.3570
   -7.5000  -37.5000   45.0000 8534.6758   19.2918
    0.0000  -37.5000   45.0000 8882.1152   19.2966
    7.5000  -37.5000   45.0000 8404.6807   19.2854
   -7.5000  -30.0000   45.0000 9462.8281   19.2777
    0.0000  -30.0000   45.0000 9871.2100   19.2817
    7.5000  -30.0000   45.0000 9339.9424   19.2681
   -7.5000  -22.5000   45.000010328.1221   19.2890
    0.0000  -22.5000   45.000010805.5635   19.2941
    7.5000  -22.5000   45.000010221.6064   19.2816
   -7.5000  -15.0000   45.000011129.5615   19.2975
    0.0000  -15.0000   45.000011616.1992   19.3036
    7.5000  -15.0000   45.000010986.6914   19.2940
   -7.5000   -7.5000   45.000011870.6553   19.2881
    0.0000   -7.5000   45.000012361.4092   19.2936
    7.5000   -7.5000   45.000011720.3125   19.2872
   -7.5000    0.0000   45.000012506.3770   19.2741
    0.0000    0.0000   45.000013013.2734   19.2795
    7.5000    0.0000   45.000012362.2275   19.2722
   -7.5000    7.5000   45.000012181.4551   19.2708
    0.0000    7.5000   45.000012691.9424   19.2755
    7.5000    7.5000   45.000012063.2188   19.2640
   -7.5000   15.0000   45.000011760.8936   19.2762
    0.0000   15.0000   45.000012224.9883   19.2801
    7.5000   15.0000   45.000011660.6787   19.2664
   -7.5000   22.5000   45.000011311.1104   19.2800
    0.0000   22.5000   45.000011754.9619   19.2852
    7.5000   22.5000   45.000011209.3203   19.2727
   -7.5000   30.0000   45.000010705.1113   19.0461
    0.0000   30.0000   45.000011131.8945   19.0521
    7.5000   30.0000   45.000010578.0645   19.0427
   -7.5000   37.5000   45.000010295.6045   19.0368
    0.0000   37.5000   45.000010676.5127   19.0423
    7.5000   37.5000   45.000010142.4893   19.0359
   -7.5000   45.0000   45.0000 9373.6309   18.5865
    0.0000   45.0000   45.0000 9735.0508   18.5916
    7.5000   45.0000   45.0000 9245.6738   18.5846

---------------------------------------------------------------------
imgreg_4dfp /opt/freesurfer/average/711-2C_as_mni_average_305 /opt/freesurfer/average/711-2B_as_mni_average_305_mask talsrcimg_g11 none talsrcimg_to_711-2C_as_mni_average_305_t4 4355
---------------------------------------------------------------------

freesurfer imgreg_4dfp.c
/opt/freesurfer/average/711-2C_as_mni_average_305.4dfp.img
       256       256       256         1
  1.000000  1.000000  1.000000
orientation T byte_order littleendian
Reading image: /opt/freesurfer/average/711-2C_as_mni_average_305.4dfp.img
dimensions:      256       256       256
mmppix:       1.0000   -1.0000   -1.0000
center:     128.0000 -129.0000 -129.0000
/opt/freesurfer/average/711-2B_as_mni_average_305_mask.4dfp.img
       256       256       256         1
  1.000000  1.000000  1.000000
orientation T byte_order littleendian
Reading mask: /opt/freesurfer/average/711-2B_as_mni_average_305_mask.4dfp.img (2306576 pixels)
talsrcimg_g11.4dfp.img
       256       256       256         1
  1.000000  1.000000  1.000000
orientation T byte_order littleendian
Reading image: talsrcimg_g11.4dfp.img
dimensions:      256       256       256
mmppix:       1.0000   -1.0000   -1.0000
center:     128.0000 -129.0000 -129.0000
rotation matrix determinant  1.000000
image alignment mode   4355 decimal     1103 hex
   -7.5000  -45.0000  -45.0000 1836.3917   23.3807
    0.0000  -45.0000  -45.0000 1831.9330   23.3309
    7.5000  -45.0000  -45.0000 1816.1727   23.6020
   -7.5000  -37.5000  -45.0000 1942.8361   20.8135
    0.0000  -37.5000  -45.0000 1941.2454   20.7880
    7.5000  -37.5000  -45.0000 1925.4468   21.0292
   -7.5000  -30.0000  -45.0000 2042.8523   18.9093
    0.0000  -30.0000  -45.0000 2041.7351   18.9185
    7.5000  -30.0000  -45.0000 2026.3495   19.1495
   -7.5000  -22.5000  -45.0000 2132.3630   17.5110
    0.0000  -22.5000  -45.0000 2133.6021   17.5371
    7.5000  -22.5000  -45.0000 2111.8726   17.7214
   -7.5000  -15.0000  -45.0000 2192.4895   16.5073
    0.0000  -15.0000  -45.0000 2194.6531   16.5237
    7.5000  -15.0000  -45.0000 2168.9326   16.7263
   -7.5000   -7.5000  -45.0000 2224.4116   15.8594
    0.0000   -7.5000  -45.0000 2226.7761   15.8716
    7.5000   -7.5000  -45.0000 2201.8547   16.0678
   -7.5000    0.0000  -45.0000 2234.1904   15.5672
    0.0000    0.0000  -45.0000 2240.7461   15.5841
    7.5000    0.0000  -45.0000 2213.8137   15.8371
   -7.5000    7.5000  -45.0000 2222.2988   15.5982
    0.0000    7.5000  -45.0000 2223.9622   15.6606
    7.5000    7.5000  -45.0000 2198.4375   15.9725
   -7.5000   15.0000  -45.0000 2195.7039   16.0434
    0.0000   15.0000  -45.0000 2199.3865   16.0925
    7.5000   15.0000  -45.0000 2167.9485   16.4470
   -7.5000   22.5000  -45.0000 2148.6206   16.8345
    0.0000   22.5000  -45.0000 2152.9548   16.9021
    7.5000   22.5000  -45.0000 2119.6028   17.2419
   -7.5000   30.0000  -45.0000 2084.0366   18.0099
    0.0000   30.0000  -45.0000 2087.9724   18.0533
    7.5000   30.0000  -45.0000 2055.2061   18.4507
   -7.5000   37.5000  -45.0000 1999.8433   19.6131
    0.0000   37.5000  -45.0000 2002.2397   19.6242
    7.5000   37.5000  -45.0000 1969.2772   20.0967
   -7.5000   45.0000  -45.0000 1894.9602   21.7918
    0.0000   45.0000  -45.0000 1898.7966   21.8816
    7.5000   45.0000  -45.0000 1869.6766   22.3525
   -7.5000  -45.0000  -37.5000 1901.8416   21.5625
    0.0000  -45.0000  -37.5000 1896.8521   21.5434
    7.5000  -45.0000  -37.5000 1878.9493   21.7744
   -7.5000  -37.5000  -37.5000 2023.1665   19.2392
    0.0000  -37.5000  -37.5000 2020.1056   19.2230
    7.5000  -37.5000  -37.5000 2000.5372   19.3897
   -7.5000  -30.0000  -37.5000 2136.9299   17.5002
    0.0000  -30.0000  -37.5000 2138.5977   17.5193
    7.5000  -30.0000  -37.5000 2115.0178   17.6521
   -7.5000  -22.5000  -37.5000 2233.1260   16.1697
    0.0000  -22.5000  -37.5000 2233.5759   16.1962
    7.5000  -22.5000  -37.5000 2208.4495   16.3133
   -7.5000  -15.0000  -37.5000 2301.1448   15.2308
    0.0000  -15.0000  -37.5000 2300.3225   15.2543
    7.5000  -15.0000  -37.5000 2271.4878   15.3787
   -7.5000   -7.5000  -37.5000 2329.4128   14.6311
    0.0000   -7.5000  -37.5000 2332.6428   14.6614
    7.5000   -7.5000  -37.5000 2304.3875   14.8021
   -7.5000    0.0000  -37.5000 2331.7993   14.3796
    0.0000    0.0000  -37.5000 2338.1721   14.4142
    7.5000    0.0000  -37.5000 2309.2109   14.5723
   -7.5000    7.5000  -37.5000 2319.6548   14.4073
    0.0000    7.5000  -37.5000 2324.4133   14.4513
    7.5000    7.5000  -37.5000 2299.2900   14.6558
   -7.5000   15.0000  -37.5000 2295.1719   14.7528
    0.0000   15.0000  -37.5000 2296.2029   14.7886
    7.5000   15.0000  -37.5000 2271.8923   15.0497
   -7.5000   22.5000  -37.5000 2247.7170   15.4443
    0.0000   22.5000  -37.5000 2252.7969   15.4807
    7.5000   22.5000  -37.5000 2224.8000   15.7828
   -7.5000   30.0000  -37.5000 2184.2217   16.4675
    0.0000   30.0000  -37.5000 2190.5789   16.5371
    7.5000   30.0000  -37.5000 2161.6345   16.8731
   -7.5000   37.5000  -37.5000 2095.7034   17.9279
    0.0000   37.5000  -37.5000 2098.3762   17.9938
    7.5000   37.5000  -37.5000 2068.0347   18.3598
   -7.5000   45.0000  -37.5000 1984.5607   19.9641
    0.0000   45.0000  -37.5000 1986.7377   19.9952
    7.5000   45.0000  -37.5000 1957.7654   20.4036
   -7.5000  -45.0000  -30.0000 1996.4412   20.8023
    0.0000  -45.0000  -30.0000 1997.0918   20.8030
    7.5000  -45.0000  -30.0000 1980.2354   20.9476
   -7.5000  -37.5000  -30.0000 2137.7168   18.5815
    0.0000  -37.5000  -30.0000 2139.6208   18.5668
    7.5000  -37.5000  -30.0000 2114.8567   18.6548
   -7.5000  -30.0000  -30.0000 2259.9280   16.8307
    0.0000  -30.0000  -30.0000 2265.5244   16.8276
    7.5000  -30.0000  -30.0000 2239.6816   16.9339
   -7.5000  -22.5000  -30.0000 2364.9990   15.5127
    0.0000  -22.5000  -30.0000 2365.9631   15.5323
    7.5000  -22.5000  -30.0000 2338.9500   15.6281
   -7.5000  -15.0000  -30.0000 2441.8323   14.5847
    0.0000  -15.0000  -30.0000 2440.9705   14.5979
    7.5000  -15.0000  -30.0000 2407.8032   14.7286
   -7.5000   -7.5000  -30.0000 2474.5693   14.0246
    0.0000   -7.5000  -30.0000 2479.5303   14.0590
    7.5000   -7.5000  -30.0000 2447.9504   14.1723
   -7.5000    0.0000  -30.0000 2483.8599   13.8039
    0.0000    0.0000  -30.0000 2491.2847   13.8121
    7.5000    0.0000  -30.0000 2455.5181   13.9601
   -7.5000    7.5000  -30.0000 2469.1721   13.8382
    0.0000    7.5000  -30.0000 2476.7991   13.8521
    7.5000    7.5000  -30.0000 2446.8889   14.0079
   -7.5000   15.0000  -30.0000 2437.3015   14.1534
    0.0000   15.0000  -30.0000 2445.6633   14.1715
    7.5000   15.0000  -30.0000 2412.2705   14.3671
   -7.5000   22.5000  -30.0000 2387.7729   14.7728
    0.0000   22.5000  -30.0000 2395.3694   14.7968
    7.5000   22.5000  -30.0000 2364.4509   15.0413
   -7.5000   30.0000  -30.0000 2321.6660   15.7503
    0.0000   30.0000  -30.0000 2328.6511   15.7780
    7.5000   30.0000  -30.0000 2294.1108   16.0383
   -7.5000   37.5000  -30.0000 2222.4822   17.1216
    0.0000   37.5000  -30.0000 2227.9854   17.1640
    7.5000   37.5000  -30.0000 2192.9792   17.4742
   -7.5000   45.0000  -30.0000 2104.8113   18.9855
    0.0000   45.0000  -30.0000 2109.8711   19.0517
    7.5000   45.0000  -30.0000 2075.3396   19.4023
   -7.5000  -45.0000  -22.5000 2067.1045   20.0074
    0.0000  -45.0000  -22.5000 2070.4563   19.9679
    7.5000  -45.0000  -22.5000 2053.5042   20.0985
   -7.5000  -37.5000  -22.5000 2219.6511   17.8048
    0.0000  -37.5000  -22.5000 2221.6560   17.7749
    7.5000  -37.5000  -22.5000 2198.4697   17.8465
   -7.5000  -30.0000  -22.5000 2351.9844   16.0823
    0.0000  -30.0000  -22.5000 2356.0596   16.0403
    7.5000  -30.0000  -22.5000 2325.9224   16.1293
   -7.5000  -22.5000  -22.5000 2462.0042   14.8175
    0.0000  -22.5000  -22.5000 2464.5488   14.7826
    7.5000  -22.5000  -22.5000 2433.4082   14.8634
   -7.5000  -15.0000  -22.5000 2545.1096   13.8964
    0.0000  -15.0000  -22.5000 2549.5244   13.8989
    7.5000  -15.0000  -22.5000 2514.2683   13.9985
   -7.5000   -7.5000  -22.5000 2591.0483   13.3403
    0.0000   -7.5000  -22.5000 2600.1550   13.3453
    7.5000   -7.5000  -22.5000 2561.2007   13.4703
   -7.5000    0.0000  -22.5000 2611.8628   13.0972
    0.0000    0.0000  -22.5000 2618.6108   13.1055
    7.5000    0.0000  -22.5000 2579.7554   13.2402
   -7.5000    7.5000  -22.5000 2602.5361   13.1538
    0.0000    7.5000  -22.5000 2612.9141   13.1527
    7.5000    7.5000  -22.5000 2571.2590   13.2855
   -7.5000   15.0000  -22.5000 2564.8479   13.4972
    0.0000   15.0000  -22.5000 2574.5635   13.5069
    7.5000   15.0000  -22.5000 2532.7178   13.6429
   -7.5000   22.5000  -22.5000 2509.9182   14.0956
    0.0000   22.5000  -22.5000 2519.9202   14.0953
    7.5000   22.5000  -22.5000 2482.1089   14.2709
   -7.5000   30.0000  -22.5000 2430.7458   14.9837
    0.0000   30.0000  -22.5000 2438.8259   14.9924
    7.5000   30.0000  -22.5000 2402.2271   15.2410
   -7.5000   37.5000  -22.5000 2324.6746   16.2587
    0.0000   37.5000  -22.5000 2334.5400   16.2650
    7.5000   37.5000  -22.5000 2297.4976   16.5271
   -7.5000   45.0000  -22.5000 2201.0710   17.9688
    0.0000   45.0000  -22.5000 2212.1079   18.0167
    7.5000   45.0000  -22.5000 2175.2280   18.3165
   -7.5000  -45.0000  -15.0000 2116.6311   19.1828
    0.0000  -45.0000  -15.0000 2117.4294   19.1020
    7.5000  -45.0000  -15.0000 2098.6167   19.3060
   -7.5000  -37.5000  -15.0000 2271.2102   16.9659
    0.0000  -37.5000  -15.0000 2270.5659   16.8909
    7.5000  -37.5000  -15.0000 2246.6729   17.0513
   -7.5000  -30.0000  -15.0000 2407.5562   15.2983
    0.0000  -30.0000  -15.0000 2410.0056   15.2289
    7.5000  -30.0000  -15.0000 2378.9153   15.3811
   -7.5000  -22.5000  -15.0000 2522.8625   14.0622
    0.0000  -22.5000  -15.0000 2529.2305   14.0138
    7.5000  -22.5000  -15.0000 2496.2385   14.1353
   -7.5000  -15.0000  -15.0000 2616.1389   13.1919
    0.0000  -15.0000  -15.0000 2626.3147   13.1834
    7.5000  -15.0000  -15.0000 2590.3237   13.2887
   -7.5000   -7.5000  -15.0000 2673.7693   12.6527
    0.0000   -7.5000  -15.0000 2689.3833   12.6571
    7.5000   -7.5000  -15.0000 2650.3711   12.7764
   -7.5000    0.0000  -15.0000 2700.9651   12.3924
    0.0000    0.0000  -15.0000 2712.2124   12.3963
    7.5000    0.0000  -15.0000 2674.0781   12.5164
   -7.5000    7.5000  -15.0000 2704.7935   12.4343
    0.0000    7.5000  -15.0000 2719.0371   12.4339
    7.5000    7.5000  -15.0000 2671.9114   12.5627
   -7.5000   15.0000  -15.0000 2668.5266   12.7878
    0.0000   15.0000  -15.0000 2678.9917   12.8065
    7.5000   15.0000  -15.0000 2632.8535   12.9336
   -7.5000   22.5000  -15.0000 2605.3796   13.3838
    0.0000   22.5000  -15.0000 2616.2988   13.3828
    7.5000   22.5000  -15.0000 2575.5327   13.5436
   -7.5000   30.0000  -15.0000 2514.4792   14.2360
    0.0000   30.0000  -15.0000 2525.6689   14.2244
    7.5000   30.0000  -15.0000 2488.4797   14.4589
   -7.5000   37.5000  -15.0000 2404.5479   15.4455
    0.0000   37.5000  -15.0000 2413.0437   15.4339
    7.5000   37.5000  -15.0000 2379.8613   15.6792
   -7.5000   45.0000  -15.0000 2273.5483   17.0723
    0.0000   45.0000  -15.0000 2282.3384   17.0717
    7.5000   45.0000  -15.0000 2249.9697   17.3432
   -7.5000  -45.0000   -7.5000 2143.2400   18.2865
    0.0000  -45.0000   -7.5000 2140.4050   18.2303
    7.5000  -45.0000   -7.5000 2122.5305   18.4577
   -7.5000  -37.5000   -7.5000 2296.7698   16.1130
    0.0000  -37.5000   -7.5000 2298.5220   16.0630
    7.5000  -37.5000   -7.5000 2276.1082   16.2920
   -7.5000  -30.0000   -7.5000 2441.0759   14.4841
    0.0000  -30.0000   -7.5000 2446.8506   14.4618
    7.5000  -30.0000   -7.5000 2418.2498   14.7065
   -7.5000  -22.5000   -7.5000 2566.4302   13.3209
    0.0000  -22.5000   -7.5000 2574.5071   13.2849
    7.5000  -22.5000   -7.5000 2544.9736   13.5026
   -7.5000  -15.0000   -7.5000 2667.0095   12.4882
    0.0000  -15.0000   -7.5000 2680.6755   12.4702
    7.5000  -15.0000   -7.5000 2647.0562   12.6640
   -7.5000   -7.5000   -7.5000 2742.1326   11.9817
    0.0000   -7.5000   -7.5000 2758.7690   11.9842
    7.5000   -7.5000   -7.5000 2716.0122   12.1544
   -7.5000    0.0000   -7.5000 2777.5508   11.6817
    0.0000    0.0000   -7.5000 2794.3547   11.7120
    7.5000    0.0000   -7.5000 2750.7051   11.8785
   -7.5000    7.5000   -7.5000 2788.6802   11.7183
    0.0000    7.5000   -7.5000 2800.8047   11.7372
    7.5000    7.5000   -7.5000 2752.2131   11.9191
   -7.5000   15.0000   -7.5000 2751.2720   12.0875
    0.0000   15.0000   -7.5000 2764.4265   12.1133
    7.5000   15.0000   -7.5000 2717.0103   12.2768
   -7.5000   22.5000   -7.5000 2684.0637   12.6632
    0.0000   22.5000   -7.5000 2694.5500   12.6876
    7.5000   22.5000   -7.5000 2650.4858   12.8769
   -7.5000   30.0000   -7.5000 2582.8059   13.4966
    0.0000   30.0000   -7.5000 2594.9021   13.4932
    7.5000   30.0000   -7.5000 2556.1365   13.7265
   -7.5000   37.5000   -7.5000 2463.7454   14.6687
    0.0000   37.5000   -7.5000 2474.6284   14.6413
    7.5000   37.5000   -7.5000 2438.1873   14.9153
   -7.5000   45.0000   -7.5000 2326.4868   16.2295
    0.0000   45.0000   -7.5000 2336.6597   16.2362
    7.5000   45.0000   -7.5000 2302.7358   16.5095
   -7.5000  -45.0000    0.0000 2148.0066   17.5986
    0.0000  -45.0000    0.0000 2150.5037   17.5730
    7.5000  -45.0000    0.0000 2136.2993   17.8999
   -7.5000  -37.5000    0.0000 2307.0256   15.4519
    0.0000  -37.5000    0.0000 2314.2273   15.4499
    7.5000  -37.5000    0.0000 2294.0364   15.7721
   -7.5000  -30.0000    0.0000 2458.4690   13.9251
    0.0000  -30.0000    0.0000 2464.7769   13.8987
    7.5000  -30.0000    0.0000 2434.9441   14.2236
   -7.5000  -22.5000    0.0000 2592.5298   12.7894
    0.0000  -22.5000    0.0000 2599.9814   12.7505
    7.5000  -22.5000    0.0000 2569.1497   13.0669
   -7.5000  -15.0000    0.0000 2705.3574   11.9998
    0.0000  -15.0000    0.0000 2718.4258   11.9559
    7.5000  -15.0000    0.0000 2688.2476   12.2558
   -7.5000   -7.5000    0.0000 2797.3479   11.4857
    0.0000   -7.5000    0.0000 2819.4958   11.4681
    7.5000   -7.5000    0.0000 2772.2483   11.7366
   -7.5000    0.0000    0.0000 2846.8091   11.1594
    0.0000    0.0000    0.0000 2870.2666   11.1652
    7.5000    0.0000    0.0000 2816.5310   11.4334
   -7.5000    7.5000    0.0000 2861.1355   11.1481
    0.0000    7.5000    0.0000 2881.6335   11.1631
    7.5000    7.5000    0.0000 2824.7351   11.4572
   -7.5000   15.0000    0.0000 2820.6396   11.5108
    0.0000   15.0000    0.0000 2838.1335   11.5161
    7.5000   15.0000    0.0000 2783.9319   11.8016
   -7.5000   22.5000    0.0000 2742.1306   12.0746
    0.0000   22.5000    0.0000 2756.0083   12.0864
    7.5000   22.5000    0.0000 2708.3210   12.3753
   -7.5000   30.0000    0.0000 2632.0471   12.8842
    0.0000   30.0000    0.0000 2644.8125   12.8828
    7.5000   30.0000    0.0000 2605.0808   13.1792
   -7.5000   37.5000    0.0000 2503.6133   14.0400
    0.0000   37.5000    0.0000 2514.7656   14.0288
    7.5000   37.5000    0.0000 2474.5986   14.3276
   -7.5000   45.0000    0.0000 2366.8828   15.5493
    0.0000   45.0000    0.0000 2372.3789   15.5816
    7.5000   45.0000    0.0000 2336.6682   15.8971
   -7.5000  -45.0000    7.5000 2151.0754   17.3383
    0.0000  -45.0000    7.5000 2154.0374   17.2757
    7.5000  -45.0000    7.5000 2141.2939   17.7565
   -7.5000  -37.5000    7.5000 2308.4475   15.1941
    0.0000  -37.5000    7.5000 2317.4346   15.1738
    7.5000  -37.5000    7.5000 2301.1370   15.6044
   -7.5000  -30.0000    7.5000 2458.8142   13.6235
    0.0000  -30.0000    7.5000 2467.4382   13.5761
    7.5000  -30.0000    7.5000 2437.7620   13.9596
   -7.5000  -22.5000    7.5000 2599.4839   12.4746
    0.0000  -22.5000    7.5000 2608.7588   12.4214
    7.5000  -22.5000    7.5000 2571.4819   12.8137
   -7.5000  -15.0000    7.5000 2722.1006   11.7163
    0.0000  -15.0000    7.5000 2736.7739   11.6637
    7.5000  -15.0000    7.5000 2705.1797   12.0172
   -7.5000   -7.5000    7.5000 2827.8933   11.2371
    0.0000   -7.5000    7.5000 2853.4695   11.1862
    7.5000   -7.5000    7.5000 2802.9458   11.5089
   -7.5000    0.0000    7.5000 2899.6887   10.8820
    0.0000    0.0000    7.5000 2927.9983   10.8452
    7.5000    0.0000    7.5000 2857.5334   11.1986
   -7.5000    7.5000    7.5000 2921.2954   10.8296
    0.0000    7.5000    7.5000 2946.1875   10.8179
    7.5000    7.5000    7.5000 2871.0513   11.2109
   -7.5000   15.0000    7.5000 2874.6333   11.1743
    0.0000   15.0000    7.5000 2897.3242   11.1493
    7.5000   15.0000    7.5000 2828.2236   11.5276
   -7.5000   22.5000    7.5000 2782.2905   11.7325
    0.0000   22.5000    7.5000 2800.8745   11.7324
    7.5000   22.5000    7.5000 2744.3782   12.0828
   -7.5000   30.0000    7.5000 2662.8726   12.5076
    0.0000   30.0000    7.5000 2679.6030   12.5049
    7.5000   30.0000    7.5000 2634.5359   12.8066
   -7.5000   37.5000    7.5000 2530.3853   13.6430
    0.0000   37.5000    7.5000 2541.2966   13.6278
    7.5000   37.5000    7.5000 2498.5366   13.9194
   -7.5000   45.0000    7.5000 2381.0591   15.1521
    0.0000   45.0000    7.5000 2387.5786   15.1608
    7.5000   45.0000    7.5000 2351.5081   15.4665
   -7.5000  -45.0000   15.0000 2141.8628   17.3703
    0.0000  -45.0000   15.0000 2146.2649   17.2869
    7.5000  -45.0000   15.0000 2128.7817   17.8098
   -7.5000  -37.5000   15.0000 2295.2041   15.2020
    0.0000  -37.5000   15.0000 2306.7656   15.1283
    7.5000  -37.5000   15.0000 2287.5447   15.6471
   -7.5000  -30.0000   15.0000 2444.2610   13.5733
    0.0000  -30.0000   15.0000 2452.7395   13.5061
    7.5000  -30.0000   15.0000 2424.1616   13.9822
   -7.5000  -22.5000   15.0000 2587.1055   12.3935
    0.0000  -22.5000   15.0000 2599.2666   12.3421
    7.5000  -22.5000   15.0000 2559.9045   12.8072
   -7.5000  -15.0000   15.0000 2719.5862   11.6404
    0.0000  -15.0000   15.0000 2738.9204   11.5797
    7.5000  -15.0000   15.0000 2699.7632   12.0140
   -7.5000   -7.5000   15.0000 2830.9766   11.1961
    0.0000   -7.5000   15.0000 2858.6846   11.1287
    7.5000   -7.5000   15.0000 2805.2080   11.5027
   -7.5000    0.0000   15.0000 2913.7749   10.8835
    0.0000    0.0000   15.0000 2945.1133   10.8175
    7.5000    0.0000   15.0000 2871.8660   11.1923
   -7.5000    7.5000   15.0000 2947.1926   10.8716
    0.0000    7.5000   15.0000 2963.4329   10.7869
    7.5000    7.5000   15.0000 2888.7373   11.1782
   -7.5000   15.0000   15.0000 2905.6584   11.1597
    0.0000   15.0000   15.0000 2923.3945   11.0824
    7.5000   15.0000   15.0000 2849.5144   11.4280
   -7.5000   22.5000   15.0000 2803.9924   11.6875
    0.0000   22.5000   15.0000 2821.8892   11.6340
    7.5000   22.5000   15.0000 2762.2395   11.9524
   -7.5000   30.0000   15.0000 2668.6870   12.4201
    0.0000   30.0000   15.0000 2682.5925   12.3639
    7.5000   30.0000   15.0000 2641.4031   12.6701
   -7.5000   37.5000   15.0000 2527.5222   13.5068
    0.0000   37.5000   15.0000 2540.0071   13.4550
    7.5000   37.5000   15.0000 2498.3879   13.7519
   -7.5000   45.0000   15.0000 2377.5840   15.0264
    0.0000   45.0000   15.0000 2386.0713   15.0080
    7.5000   45.0000   15.0000 2351.3738   15.2795
   -7.5000  -45.0000   22.5000 2128.6543   17.6955
    0.0000  -45.0000   22.5000 2129.9529   17.6348
    7.5000  -45.0000   22.5000 2106.6440   18.2090
   -7.5000  -37.5000   22.5000 2280.3713   15.3943
    0.0000  -37.5000   22.5000 2293.0229   15.3881
    7.5000  -37.5000   22.5000 2268.0801   15.9381
   -7.5000  -30.0000   22.5000 2423.0068   13.7447
    0.0000  -30.0000   22.5000 2438.4519   13.7043
    7.5000  -30.0000   22.5000 2408.2646   14.2205
   -7.5000  -22.5000   22.5000 2558.0098   12.5870
    0.0000  -22.5000   22.5000 2578.6484   12.5228
    7.5000  -22.5000   22.5000 2546.9187   12.9964
   -7.5000  -15.0000   22.5000 2686.7329   11.8474
    0.0000  -15.0000   22.5000 2713.9070   11.7670
    7.5000  -15.0000   22.5000 2677.0281   12.1934
   -7.5000   -7.5000   22.5000 2801.2974   11.3884
    0.0000   -7.5000   22.5000 2828.8450   11.2894
    7.5000   -7.5000   22.5000 2780.6555   11.6562
   -7.5000    0.0000   22.5000 2886.6238   11.0991
    0.0000    0.0000   22.5000 2904.4558   10.9731
    7.5000    0.0000   22.5000 2849.0405   11.3130
   -7.5000    7.5000   22.5000 2922.0962   11.1164
    0.0000    7.5000   22.5000 2929.3721   11.0012
    7.5000    7.5000   22.5000 2870.6086   11.2884
   -7.5000   15.0000   22.5000 2883.5330   11.3841
    0.0000   15.0000   22.5000 2897.7312   11.2989
    7.5000   15.0000   22.5000 2834.3269   11.5179
   -7.5000   22.5000   22.5000 2782.0601   11.8865
    0.0000   22.5000   22.5000 2804.8538   11.8350
    7.5000   22.5000   22.5000 2746.8755   12.0458
   -7.5000   30.0000   22.5000 2648.1958   12.6048
    0.0000   30.0000   22.5000 2661.7554   12.5863
    7.5000   30.0000   22.5000 2622.0457   12.8169
   -7.5000   37.5000   22.5000 2512.5869   13.6410
    0.0000   37.5000   22.5000 2523.8652   13.6326
    7.5000   37.5000   22.5000 2490.5347   13.8916
   -7.5000   45.0000   22.5000 2361.7209   15.1174
    0.0000   45.0000   22.5000 2369.9451   15.1205
    7.5000   45.0000   22.5000 2342.5220   15.3664
   -7.5000  -45.0000   30.0000 2095.3396   18.1649
    0.0000  -45.0000   30.0000 2102.7666   18.1826
    7.5000  -45.0000   30.0000 2084.4636   18.7412
   -7.5000  -37.5000   30.0000 2255.5378   15.9156
    0.0000  -37.5000   30.0000 2266.8328   15.8584
    7.5000  -37.5000   30.0000 2240.4712   16.3753
   -7.5000  -30.0000   30.0000 2395.7124   14.2743
    0.0000  -30.0000   30.0000 2410.3335   14.2141
    7.5000  -30.0000   30.0000 2379.6658   14.6587
   -7.5000  -22.5000   30.0000 2524.7781   13.1100
    0.0000  -22.5000   30.0000 2544.8384   13.0390
    7.5000  -22.5000   30.0000 2514.5955   13.4289
   -7.5000  -15.0000   30.0000 2642.0044   12.3393
    0.0000  -15.0000   30.0000 2671.2771   12.2729
    7.5000  -15.0000   30.0000 2636.9446   12.5967
   -7.5000   -7.5000   30.0000 2751.3462   11.7864
    0.0000   -7.5000   30.0000 2775.4395   11.6873
    7.5000   -7.5000   30.0000 2734.3567   12.0289
   -7.5000    0.0000   30.0000 2828.2241   11.4555
    0.0000    0.0000   30.0000 2847.3208   11.3671
    7.5000    0.0000   30.0000 2801.1870   11.6737
   -7.5000    7.5000   30.0000 2852.1675   11.4544
    0.0000    7.5000   30.0000 2866.4233   11.3858
    7.5000    7.5000   30.0000 2827.0005   11.6338
   -7.5000   15.0000   30.0000 2818.9270   11.7155
    0.0000   15.0000   30.0000 2830.2249   11.6416
    7.5000   15.0000   30.0000 2786.9246   11.8597
   -7.5000   22.5000   30.0000 2728.5679   12.2309
    0.0000   22.5000   30.0000 2750.9153   12.1915
    7.5000   22.5000   30.0000 2704.7104   12.3929
   -7.5000   30.0000   30.0000 2605.4648   13.0103
    0.0000   30.0000   30.0000 2618.5530   13.0140
    7.5000   30.0000   30.0000 2574.9929   13.2092
   -7.5000   37.5000   30.0000 2470.9595   14.0641
    0.0000   37.5000   30.0000 2483.0796   14.0658
    7.5000   37.5000   30.0000 2447.6143   14.2905
   -7.5000   45.0000   30.0000 2321.8076   15.4715
    0.0000   45.0000   30.0000 2336.2661   15.4660
    7.5000   45.0000   30.0000 2307.5789   15.7141
   -7.5000  -45.0000   37.5000 2052.9900   19.0372
    0.0000  -45.0000   37.5000 2061.6521   18.9500
    7.5000  -45.0000   37.5000 2047.1428   19.4485
   -7.5000  -37.5000   37.5000 2219.7610   16.6573
    0.0000  -37.5000   37.5000 2229.3921   16.6058
    7.5000  -37.5000   37.5000 2202.7019   17.0086
   -7.5000  -30.0000   37.5000 2361.2319   14.9487
    0.0000  -30.0000   37.5000 2373.0002   14.9097
    7.5000  -30.0000   37.5000 2340.5410   15.2724
   -7.5000  -22.5000   37.5000 2485.4294   13.7761
    0.0000  -22.5000   37.5000 2507.1062   13.7400
    7.5000  -22.5000   37.5000 2473.1685   14.0353
   -7.5000  -15.0000   37.5000 2596.2549   12.9477
    0.0000  -15.0000   37.5000 2622.6006   12.8830
    7.5000  -15.0000   37.5000 2587.7913   13.1720
   -7.5000   -7.5000   37.5000 2695.2769   12.3239
    0.0000   -7.5000   37.5000 2721.0374   12.2608
    7.5000   -7.5000   37.5000 2680.2327   12.5707
   -7.5000    0.0000   37.5000 2757.0413   12.0017
    0.0000    0.0000   37.5000 2775.0830   11.9691
    7.5000    0.0000   37.5000 2738.9458   12.2309
   -7.5000    7.5000   37.5000 2767.1182   11.9726
    0.0000    7.5000   37.5000 2785.0891   11.9346
    7.5000    7.5000   37.5000 2754.1848   12.1677
   -7.5000   15.0000   37.5000 2735.9373   12.2018
    0.0000   15.0000   37.5000 2747.2854   12.1343
    7.5000   15.0000   37.5000 2717.4783   12.3457
   -7.5000   22.5000   37.5000 2651.0876   12.7184
    0.0000   22.5000   37.5000 2671.1865   12.6704
    7.5000   22.5000   37.5000 2638.2925   12.8932
   -7.5000   30.0000   37.5000 2544.9678   13.5039
    0.0000   30.0000   37.5000 2558.2749   13.5019
    7.5000   30.0000   37.5000 2518.6721   13.7164
   -7.5000   37.5000   37.5000 2420.1055   14.6294
    0.0000   37.5000   37.5000 2430.0977   14.5952
    7.5000   37.5000   37.5000 2401.5520   14.8254
   -7.5000   45.0000   37.5000 2272.3228   16.0416
    0.0000   45.0000   37.5000 2291.3955   16.0137
    7.5000   45.0000   37.5000 2267.5088   16.2410
   -7.5000  -45.0000   45.0000 2003.5699   20.0057
    0.0000  -45.0000   45.0000 2016.8240   19.9205
    7.5000  -45.0000   45.0000 1999.6497   20.3293
   -7.5000  -37.5000   45.0000 2171.3174   17.5837
    0.0000  -37.5000   45.0000 2184.4348   17.4970
    7.5000  -37.5000   45.0000 2159.1917   17.8382
   -7.5000  -30.0000   45.0000 2308.7644   15.8394
    0.0000  -30.0000   45.0000 2330.2627   15.7888
    7.5000  -30.0000   45.0000 2297.5623   16.0735
   -7.5000  -22.5000   45.0000 2429.9094   14.5881
    0.0000  -22.5000   45.0000 2460.5647   14.5490
    7.5000  -22.5000   45.0000 2423.7085   14.8306
   -7.5000  -15.0000   45.0000 2536.0476   13.6942
    0.0000  -15.0000   45.0000 2565.2092   13.6594
    7.5000  -15.0000   45.0000 2523.8328   13.9371
   -7.5000   -7.5000   45.0000 2623.9924   13.0707
    0.0000   -7.5000   45.0000 2648.9094   13.0404
    7.5000   -7.5000   45.0000 2609.8572   13.3043
   -7.5000    0.0000   45.0000 2670.2180   12.7514
    0.0000    0.0000   45.0000 2690.8789   12.7249
    7.5000    0.0000   45.0000 2660.1614   12.9557
   -7.5000    7.5000   45.0000 2674.4326   12.6805
    0.0000    7.5000   45.0000 2699.7930   12.6466
    7.5000    7.5000   45.0000 2664.6274   12.8638
   -7.5000   15.0000   45.0000 2640.7251   12.8527
    0.0000   15.0000   45.0000 2657.1511   12.8034
    7.5000   15.0000   45.0000 2630.3989   13.0059
   -7.5000   22.5000   45.0000 2565.4600   13.3550
    0.0000   22.5000   45.0000 2585.4060   13.3136
    7.5000   22.5000   45.0000 2557.5933   13.5593
   -7.5000   30.0000   45.0000 2466.3545   14.1261
    0.0000   30.0000   45.0000 2484.9644   14.1536
    7.5000   30.0000   45.0000 2451.5696   14.3736
   -7.5000   37.5000   45.0000 2354.6858   15.1967
    0.0000   37.5000   45.0000 2365.1045   15.2229
    7.5000   37.5000   45.0000 2336.2686   15.4600
   -7.5000   45.0000   45.0000 2218.1631   16.6601
    0.0000   45.0000   45.0000 2235.0432   16.6650
    7.5000   45.0000   45.0000 2204.6946   16.8978

---------------------------------------------------------------------
imgreg_4dfp /opt/freesurfer/average/711-2C_as_mni_average_305 /opt/freesurfer/average/711-2B_as_mni_average_305_mask talsrcimg_g11 none talsrcimg_to_711-2C_as_mni_average_305_t4 1283
---------------------------------------------------------------------

freesurfer imgreg_4dfp.c
/opt/freesurfer/average/711-2C_as_mni_average_305.4dfp.img
       256       256       256         1
  1.000000  1.000000  1.000000
orientation T byte_order littleendian
Reading image: /opt/freesurfer/average/711-2C_as_mni_average_305.4dfp.img
dimensions:      256       256       256
mmppix:       1.0000   -1.0000   -1.0000
center:     128.0000 -129.0000 -129.0000
/opt/freesurfer/average/711-2B_as_mni_average_305_mask.4dfp.img
       256       256       256         1
  1.000000  1.000000  1.000000
orientation T byte_order littleendian
Reading mask: /opt/freesurfer/average/711-2B_as_mni_average_305_mask.4dfp.img (2306576 pixels)
talsrcimg_g11.4dfp.img
       256       256       256         1
  1.000000  1.000000  1.000000
orientation T byte_order littleendian
Reading image: talsrcimg_g11.4dfp.img
dimensions:      256       256       256
mmppix:       1.0000   -1.0000   -1.0000
center:     128.0000 -129.0000 -129.0000
rotation matrix determinant  1.000000
fimgreg.f
image alignment mode   1283 decimal      503 hex
parameters
    0.0000    7.5000   15.0000    0.0000    0.0000    0.0000
eta,q 0.93158 10.77165
niter,ni,del,rscale     5    3   12.0000    1.2000
parameter  1  0.531552 ->  0.500000 qaram    1.1500
parameter  6  0.711697 ->  0.500000 qaram    1.1500
parameters
   -3.4500    6.2438   14.1452   -2.0059   -0.3088   -3.4500
eta,q 0.93879 10.66933
  0.0670  0.0704  0.0672  0.0646  0.0690  0.0618
  0.0647  0.0647  0.0658  0.0641  0.0658  0.0612
  0.0646  0.0627  0.0643  0.0630  0.0636  0.0617
  0.0666  0.0642  0.0629  0.0631  0.0630  0.0630
  0.0715  0.0683  0.0639  0.0649  0.0641  0.0652
  0.0775  0.0712  0.0669  0.0678  0.0665  0.0681
  0.0834  0.0746  0.0724  0.0724  0.0704  0.0710
niter,ni,del,rscale     6    3   12.0000    1.2000
parameter  4  0.517634 ->  0.500000 qaram    1.1500
parameters
   -2.6323    7.4077   13.7203   -5.4559   -0.9805   -5.5680
eta,q 0.93960 10.69249
  0.0796  0.0737  0.0674  0.0613  0.0672  0.0621
  0.0718  0.0661  0.0642  0.0610  0.0631  0.0609
  0.0648  0.0623  0.0620  0.0608  0.0606  0.0604
  0.0612  0.0612  0.0613  0.0613  0.0609  0.0606
  0.0621  0.0616  0.0628  0.0632  0.0628  0.0621
  0.0657  0.0628  0.0655  0.0655  0.0661  0.0635
  0.0735  0.0657  0.0692  0.0687  0.0698  0.0660
niter,ni,del,rscale     6    3   12.0000    1.2000
parameters
   -2.5399    9.1095   13.1717   -6.6565   -1.3934   -4.5940
eta,q 0.93948 10.75272
  0.0773  0.0709  0.0674  0.0632  0.0674  0.0639
  0.0690  0.0648  0.0642  0.0613  0.0632  0.0620
  0.0628  0.0617  0.0616  0.0610  0.0608  0.0613
  0.0604  0.0604  0.0602  0.0604  0.0608  0.0607
  0.0623  0.0603  0.0616  0.0605  0.0622  0.0605
  0.0679  0.0607  0.0658  0.0633  0.0651  0.0610
  0.0769  0.0627  0.0715  0.0675  0.0689  0.0626
niter,ni,del,rscale     5    3   12.0000    1.2000
parameters
   -2.1435    9.1978   12.8660   -6.9266   -1.5629   -4.8308
eta,q 0.93932 10.76238
  0.0785  0.0656  0.0684  0.0645  0.0683  0.0630
  0.0703  0.0617  0.0651  0.0618  0.0638  0.0616
  0.0632  0.0607  0.0623  0.0608  0.0609  0.0610
  0.0605  0.0606  0.0606  0.0607  0.0608  0.0607
  0.0621  0.0604  0.0615  0.0603  0.0623  0.0608
  0.0666  0.0613  0.0655  0.0621  0.0649  0.0615
  0.0755  0.0656  0.0713  0.0656  0.0684  0.0636
niter,ni,del,rscale     4    3   12.0000    1.2000
parameters
   -2.0680    9.2230   12.8291   -6.9313   -1.6091   -4.7577
eta,q 0.93929 10.76483
  0.0770  0.0657  0.0688  0.0649  0.0685  0.0633
  0.0692  0.0617  0.0655  0.0620  0.0640  0.0617
  0.0626  0.0608  0.0625  0.0608  0.0610  0.0610
  0.0607  0.0607  0.0607  0.0607  0.0607  0.0607
  0.0624  0.0607  0.0611  0.0603  0.0621  0.0609
  0.0675  0.0616  0.0646  0.0618  0.0647  0.0614
  0.0770  0.0657  0.0703  0.0651  0.0681  0.0633
niter,ni,del,rscale     3    3   12.0000    1.2000
parameters
   -2.0530    9.2131   12.8183   -6.9469   -1.6175   -4.7881
eta,q 0.93928 10.76491
  0.0768  0.0656  0.0689  0.0649  0.0687  0.0632
  0.0690  0.0617  0.0656  0.0619  0.0641  0.0617
  0.0624  0.0608  0.0626  0.0608  0.0611  0.0610
  0.0607  0.0607  0.0607  0.0607  0.0607  0.0607
  0.0626  0.0606  0.0611  0.0603  0.0621  0.0609
  0.0678  0.0616  0.0645  0.0618  0.0647  0.0615
  0.0773  0.0657  0.0702  0.0651  0.0680  0.0634
registration optimization eta report
parameter search radius
    6.9000    6.0000    6.0000    6.9000    6.0000    6.9000
100000*second partial in parameter space
       34.       15.       24.       10.       21.        6.
  0.0768  0.0656  0.0689  0.0649  0.0687  0.0632
  0.0690  0.0617  0.0656  0.0619  0.0641  0.0617
  0.0624  0.0608  0.0626  0.0608  0.0611  0.0610
  0.0607  0.0607  0.0607  0.0607  0.0607  0.0607
  0.0626  0.0606  0.0611  0.0603  0.0621  0.0609
  0.0678  0.0616  0.0645  0.0618  0.0647  0.0615
  0.0773  0.0657  0.0702  0.0651  0.0680  0.0634
   -2.0530    9.2131   12.8183   -6.9469   -1.6175   -4.7881
eta,q 0.93928 10.76491

---------------------------------------------------------------------
imgreg_4dfp /opt/freesurfer/average/711-2C_as_mni_average_305 /opt/freesurfer/average/711-2B_as_mni_average_305_mask talsrcimg_g11 none talsrcimg_to_711-2C_as_mni_average_305_t4 3335
---------------------------------------------------------------------

freesurfer imgreg_4dfp.c
/opt/freesurfer/average/711-2C_as_mni_average_305.4dfp.img
       256       256       256         1
  1.000000  1.000000  1.000000
orientation T byte_order littleendian
Reading image: /opt/freesurfer/average/711-2C_as_mni_average_305.4dfp.img
dimensions:      256       256       256
mmppix:       1.0000   -1.0000   -1.0000
center:     128.0000 -129.0000 -129.0000
/opt/freesurfer/average/711-2B_as_mni_average_305_mask.4dfp.img
       256       256       256         1
  1.000000  1.000000  1.000000
orientation T byte_order littleendian
Reading mask: /opt/freesurfer/average/711-2B_as_mni_average_305_mask.4dfp.img (2306576 pixels)
talsrcimg_g11.4dfp.img
       256       256       256         1
  1.000000  1.000000  1.000000
orientation T byte_order littleendian
Reading image: talsrcimg_g11.4dfp.img
dimensions:      256       256       256
mmppix:       1.0000   -1.0000   -1.0000
center:     128.0000 -129.0000 -129.0000
fimgreg.f
image alignment mode   3335 decimal      D07 hex
parameters
   -2.0530    9.2131   12.8183   -0.3887   -1.0520   -0.7737
    7.9456    3.8018   -8.3438   11.8188   -2.8227  -12.0901
eta,q 0.93984 10.70762
niter,ni,del,rscale     5    3    5.0000    1.2000
parameter  4  3.398920 ->  0.500000 qaram    1.1500
parameter  5  4.282398 ->  0.500000 qaram    1.1500
parameter  6  0.898326 ->  0.500000 qaram    1.1500
parameters
   -2.0449    9.7922   13.3297   -4.5287   -5.1920   -4.9137
    5.2215    4.4099   -5.6452    8.8133   -2.5443  -12.1008
eta,q 0.95612 10.30877
  0.0620  0.0624  0.0617  0.0532  0.0435  0.0454  0.0456  0.0508  0.0475  0.0451  0.0456  0.0450
  0.0610  0.0612  0.0610  0.0549  0.0472  0.0450  0.0450  0.0480  0.0462  0.0442  0.0447  0.0444
  0.0604  0.0605  0.0604  0.0573  0.0513  0.0459  0.0448  0.0458  0.0453  0.0439  0.0441  0.0440
  0.0602  0.0602  0.0601  0.0600  0.0555  0.0483  0.0451  0.0448  0.0447  0.0445  0.0439  0.0439
  0.0603  0.0601  0.0600  0.0628  0.0601  0.0514  0.0458  0.0451  0.0445  0.0459  0.0440  0.0440
  0.0609  0.0604  0.0602  0.0658  0.0653  0.0549  0.0470  0.0467  0.0446  0.0478  0.0445  0.0444
  0.0621  0.0609  0.0608  0.0691  0.0707  0.0590  0.0484  0.0492  0.0451  0.0505  0.0454  0.0450
niter,ni,del,rscale     7    3    5.0000    1.2000
parameter  4  0.596508 ->  0.500000 qaram    1.3225
parameter  5  3.381925 ->  0.500000 qaram    1.3225
parameters
   -2.0566    9.9278   13.1928   -9.2897   -9.9530   -6.5095
    5.9293    4.8158   -5.9092    9.6676   -2.6197  -12.0759
eta,q 0.96393  9.96484
  0.0473  0.0459  0.0456  0.0434  0.0315  0.0385  0.0389  0.0412  0.0379  0.0403  0.0371  0.0369
  0.0454  0.0448  0.0446  0.0424  0.0349  0.0374  0.0375  0.0386  0.0369  0.0383  0.0365  0.0365
  0.0443  0.0441  0.0440  0.0425  0.0386  0.0366  0.0366  0.0369  0.0363  0.0368  0.0362  0.0362
  0.0439  0.0439  0.0439  0.0439  0.0423  0.0359  0.0362  0.0361  0.0361  0.0361  0.0361  0.0361
  0.0443  0.0440  0.0442  0.0464  0.0465  0.0366  0.0363  0.0364  0.0364  0.0362  0.0362  0.0361
  0.0455  0.0446  0.0449  0.0494  0.0514  0.0392  0.0369  0.0378  0.0371  0.0371  0.0365  0.0364
  0.0473  0.0455  0.0461  0.0527  0.0568  0.0430  0.0380  0.0403  0.0382  0.0388  0.0371  0.0369
niter,ni,del,rscale     7    3    5.0000    1.2000
parameter  5  2.760461 ->  0.500000 qaram    1.5209
parameters
   -1.8655    9.6452   13.0865   -9.3417  -15.4281   -6.4712
    6.0106    4.9804   -6.0009    9.9603   -2.5266  -14.2054
eta,q 0.97076  9.72078
  0.0401  0.0376  0.0374  0.0405  0.0260  0.0328  0.0323  0.0344  0.0315  0.0337  0.0304  0.0298
  0.0381  0.0366  0.0366  0.0386  0.0286  0.0315  0.0308  0.0318  0.0303  0.0315  0.0299  0.0294
  0.0367  0.0361  0.0361  0.0370  0.0319  0.0304  0.0298  0.0300  0.0296  0.0300  0.0295  0.0292
  0.0361  0.0360  0.0360  0.0360  0.0360  0.0294  0.0294  0.0294  0.0294  0.0294  0.0294  0.0294
  0.0363  0.0364  0.0363  0.0363  0.0403  0.0292  0.0297  0.0298  0.0296  0.0296  0.0294  0.0297
  0.0373  0.0372  0.0368  0.0382  0.0450  0.0307  0.0307  0.0314  0.0304  0.0310  0.0298  0.0302
  0.0391  0.0385  0.0376  0.0412  0.0503  0.0336  0.0322  0.0340  0.0317  0.0331  0.0304  0.0309
niter,ni,del,rscale     7    3    5.0000    1.2000
parameter  5  1.195102 ->  0.500000 qaram    1.7490
parameters
   -1.8080    9.5989   13.1891   -8.7481  -21.7246   -5.9150
    5.9801    5.0042   -6.2662   10.6787   -2.7644  -15.2177
eta,q 0.97594  9.42912
  0.0331  0.0319  0.0310  0.0342  0.0233  0.0280  0.0270  0.0289  0.0264  0.0290  0.0252  0.0250
  0.0311  0.0304  0.0300  0.0322  0.0239  0.0265  0.0254  0.0264  0.0251  0.0265  0.0246  0.0244
  0.0298  0.0295  0.0294  0.0305  0.0258  0.0253  0.0245  0.0247  0.0243  0.0249  0.0242  0.0241
  0.0292  0.0292  0.0292  0.0292  0.0291  0.0243  0.0241  0.0241  0.0241  0.0241  0.0241  0.0241
  0.0296  0.0296  0.0294  0.0292  0.0335  0.0240  0.0245  0.0246  0.0245  0.0243  0.0242  0.0244
  0.0308  0.0305  0.0299  0.0309  0.0385  0.0252  0.0255  0.0263  0.0254  0.0255  0.0247  0.0249
  0.0328  0.0321  0.0307  0.0337  0.0439  0.0278  0.0270  0.0290  0.0267  0.0274  0.0254  0.0255
niter,ni,del,rscale     7    3    5.0000    1.2000
parameters
   -1.7817    9.8201   13.6036   -8.3982  -27.1719   -5.3876
    5.9667    4.9291   -6.7568   11.2925   -2.9662  -14.9396
eta,q 0.97735  9.14675
  0.0280  0.0278  0.0264  0.0288  0.0250  0.0265  0.0253  0.0271  0.0247  0.0267  0.0237  0.0240
  0.0259  0.0259  0.0252  0.0268  0.0232  0.0250  0.0239  0.0247  0.0235  0.0245  0.0231  0.0232
  0.0246  0.0246  0.0244  0.0251  0.0229  0.0239  0.0230  0.0232  0.0228  0.0232  0.0228  0.0228
  0.0241  0.0241  0.0240  0.0240  0.0239  0.0228  0.0227  0.0227  0.0227  0.0226  0.0226  0.0226
  0.0244  0.0242  0.0240  0.0241  0.0269  0.0225  0.0230  0.0232  0.0231  0.0229  0.0228  0.0228
  0.0257  0.0251  0.0244  0.0258  0.0315  0.0238  0.0239  0.0248  0.0240  0.0239  0.0232  0.0232
  0.0279  0.0267  0.0252  0.0287  0.0372  0.0264  0.0253  0.0273  0.0254  0.0254  0.0239  0.0237
niter,ni,del,rscale     6    3    5.0000    1.2000
parameters
   -1.8054   10.0636   13.9189   -8.6393  -27.8670   -5.1901
    6.0242    4.8915   -6.8352   11.5275   -3.1761  -14.7039
eta,q 0.97741  9.11058
  0.0263  0.0262  0.0248  0.0268  0.0281  0.0263  0.0253  0.0269  0.0249  0.0261  0.0237  0.0238
  0.0243  0.0244  0.0237  0.0250  0.0253  0.0249  0.0238  0.0246  0.0236  0.0242  0.0231  0.0231
  0.0231  0.0232  0.0229  0.0235  0.0233  0.0237  0.0229  0.0231  0.0228  0.0230  0.0227  0.0227
  0.0226  0.0226  0.0226  0.0226  0.0226  0.0226  0.0226  0.0226  0.0226  0.0226  0.0226  0.0226
  0.0231  0.0228  0.0227  0.0230  0.0234  0.0225  0.0229  0.0231  0.0229  0.0230  0.0227  0.0227
  0.0244  0.0236  0.0231  0.0249  0.0258  0.0239  0.0238  0.0246  0.0237  0.0240  0.0231  0.0231
  0.0265  0.0250  0.0239  0.0278  0.0300  0.0268  0.0252  0.0271  0.0250  0.0256  0.0238  0.0236
niter,ni,del,rscale     5    3    5.0000    1.2000
parameters
   -1.8135   10.1348   14.0070   -8.7417  -28.0011   -5.1473
    6.0401    4.8957   -6.8196   11.5700   -3.2524  -14.6329
eta,q 0.97739  9.10192
  0.0262  0.0257  0.0244  0.0268  0.0285  0.0263  0.0253  0.0270  0.0250  0.0259  0.0237  0.0238
  0.0243  0.0240  0.0234  0.0250  0.0257  0.0249  0.0238  0.0246  0.0237  0.0240  0.0231  0.0231
  0.0230  0.0230  0.0228  0.0235  0.0235  0.0236  0.0229  0.0231  0.0229  0.0229  0.0227  0.0227
  0.0226  0.0226  0.0226  0.0226  0.0226  0.0226  0.0226  0.0226  0.0226  0.0226  0.0226  0.0226
  0.0230  0.0229  0.0228  0.0229  0.0232  0.0225  0.0230  0.0231  0.0229  0.0230  0.0227  0.0228
  0.0243  0.0238  0.0233  0.0247  0.0253  0.0241  0.0239  0.0246  0.0237  0.0241  0.0231  0.0231
  0.0263  0.0253  0.0241  0.0275  0.0293  0.0271  0.0252  0.0270  0.0249  0.0257  0.0238  0.0237
niter,ni,del,rscale     4    3    5.0000    1.2000
parameters
   -1.8133   10.1488   14.0287   -8.7685  -28.0279   -5.1378
    6.0339    4.8998   -6.8114   11.5734   -3.2662  -14.6042
eta,q 0.97739  9.09980
  0.0262  0.0256  0.0243  0.0269  0.0286  0.0263  0.0253  0.0270  0.0250  0.0259  0.0238  0.0238
  0.0243  0.0239  0.0234  0.0250  0.0257  0.0249  0.0238  0.0246  0.0237  0.0240  0.0231  0.0231
  0.0231  0.0229  0.0228  0.0235  0.0235  0.0236  0.0229  0.0231  0.0229  0.0229  0.0227  0.0227
  0.0226  0.0226  0.0226  0.0226  0.0226  0.0226  0.0226  0.0226  0.0226  0.0226  0.0226  0.0226
  0.0230  0.0230  0.0228  0.0228  0.0231  0.0225  0.0230  0.0231  0.0229  0.0230  0.0227  0.0228
  0.0242  0.0239  0.0234  0.0246  0.0252  0.0241  0.0239  0.0246  0.0237  0.0241  0.0231  0.0232
  0.0262  0.0254  0.0242  0.0275  0.0291  0.0271  0.0252  0.0270  0.0249  0.0257  0.0238  0.0237
registration optimization eta report
parameter search radius
    2.4000    2.4000    2.4000    9.5220   12.5928    8.2800
    7.2000    7.2000    7.2000    7.2000    7.2000    7.2000
100000*second partial in parameter space
       63.       50.       28.        5.        4.        6.
        5.        8.        4.        6.        2.        2.
  0.0262  0.0256  0.0243  0.0269  0.0286  0.0263  0.0253  0.0270  0.0250  0.0259  0.0238  0.0238
  0.0243  0.0239  0.0234  0.0250  0.0257  0.0249  0.0238  0.0246  0.0237  0.0240  0.0231  0.0231
  0.0231  0.0229  0.0228  0.0235  0.0235  0.0236  0.0229  0.0231  0.0229  0.0229  0.0227  0.0227
  0.0226  0.0226  0.0226  0.0226  0.0226  0.0226  0.0226  0.0226  0.0226  0.0226  0.0226  0.0226
  0.0230  0.0230  0.0228  0.0228  0.0231  0.0225  0.0230  0.0231  0.0229  0.0230  0.0227  0.0228
  0.0242  0.0239  0.0234  0.0246  0.0252  0.0241  0.0239  0.0246  0.0237  0.0241  0.0231  0.0232
  0.0262  0.0254  0.0242  0.0275  0.0291  0.0271  0.0252  0.0270  0.0249  0.0257  0.0238  0.0237
   -1.8133   10.1488   14.0287   -8.7685  -28.0279   -5.1378
    6.0339    4.8998   -6.8114   11.5734   -3.2662  -14.6042
eta,q 0.97739  9.09980

---------------------------------------------------------------------
imgreg_4dfp /opt/freesurfer/average/711-2C_as_mni_average_305 /opt/freesurfer/average/711-2B_as_mni_average_305_mask talsrcimg_g11 none talsrcimg_to_711-2C_as_mni_average_305_t4 2311
---------------------------------------------------------------------

freesurfer imgreg_4dfp.c
/opt/freesurfer/average/711-2C_as_mni_average_305.4dfp.img
       256       256       256         1
  1.000000  1.000000  1.000000
orientation T byte_order littleendian
Reading image: /opt/freesurfer/average/711-2C_as_mni_average_305.4dfp.img
dimensions:      256       256       256
mmppix:       1.0000   -1.0000   -1.0000
center:     128.0000 -129.0000 -129.0000
/opt/freesurfer/average/711-2B_as_mni_average_305_mask.4dfp.img
       256       256       256         1
  1.000000  1.000000  1.000000
orientation T byte_order littleendian
Reading mask: /opt/freesurfer/average/711-2B_as_mni_average_305_mask.4dfp.img (2306576 pixels)
talsrcimg_g11.4dfp.img
       256       256       256         1
  1.000000  1.000000  1.000000
orientation T byte_order littleendian
Reading image: talsrcimg_g11.4dfp.img
dimensions:      256       256       256
mmppix:       1.0000   -1.0000   -1.0000
center:     128.0000 -129.0000 -129.0000
fimgreg.f
image alignment mode   2311 decimal      907 hex
parameters
   -1.8133   10.1488   14.0287   -8.7685  -28.0279   -5.1378
    6.0339    4.8998   -6.8114   11.5734   -3.2662  -14.6042
eta,q 0.97739  9.09980
niter,ni,del,rscale     5    3    5.0000    0.8000
parameters
   -1.7970   10.1273   14.0007   -7.9446  -27.3191   -4.1954
    5.9737    4.8946   -6.7621   11.3144   -3.3393  -14.9845
eta,q 0.97766  9.20076
  0.0243  0.0239  0.0233  0.0243  0.0237  0.0245  0.0236  0.0246  0.0235  0.0237  0.0229  0.0228
  0.0234  0.0232  0.0229  0.0236  0.0231  0.0238  0.0229  0.0234  0.0228  0.0229  0.0226  0.0225
  0.0228  0.0227  0.0227  0.0230  0.0227  0.0231  0.0225  0.0226  0.0225  0.0224  0.0224  0.0224
  0.0226  0.0226  0.0226  0.0226  0.0225  0.0225  0.0224  0.0224  0.0224  0.0224  0.0223  0.0223
  0.0228  0.0228  0.0227  0.0225  0.0226  0.0223  0.0225  0.0226  0.0225  0.0226  0.0224  0.0224
  0.0233  0.0232  0.0230  0.0228  0.0228  0.0226  0.0229  0.0234  0.0228  0.0232  0.0226  0.0227
  0.0242  0.0240  0.0234  0.0235  0.0232  0.0236  0.0236  0.0246  0.0234  0.0240  0.0230  0.0229
niter,ni,del,rscale     4    3    5.0000    0.7000
parameters
   -1.8224   10.0131   14.1102   -7.9150  -27.2384   -3.9937
    5.9528    4.8879   -6.7850   11.1770   -3.3605  -14.8782
eta,q 0.97770  9.20960
  0.0236  0.0232  0.0231  0.0235  0.0231  0.0238  0.0233  0.0241  0.0231  0.0234  0.0228  0.0227
  0.0229  0.0227  0.0227  0.0229  0.0227  0.0232  0.0227  0.0231  0.0227  0.0228  0.0225  0.0225
  0.0225  0.0224  0.0224  0.0225  0.0224  0.0227  0.0224  0.0225  0.0224  0.0224  0.0223  0.0224
  0.0223  0.0223  0.0223  0.0223  0.0223  0.0223  0.0223  0.0223  0.0223  0.0223  0.0223  0.0223
  0.0225  0.0225  0.0224  0.0224  0.0224  0.0223  0.0224  0.0225  0.0224  0.0225  0.0224  0.0223
  0.0230  0.0229  0.0226  0.0228  0.0226  0.0228  0.0228  0.0231  0.0227  0.0229  0.0225  0.0225
  0.0237  0.0235  0.0229  0.0236  0.0230  0.0238  0.0233  0.0241  0.0232  0.0236  0.0228  0.0227
niter,ni,del,rscale     3    3    5.0000    0.6000
parameters
   -1.8212    9.9735   14.1657   -7.8674  -27.2531   -3.8224
    5.9540    4.8876   -6.7959   11.0811   -3.3765  -14.8077
eta,q 0.97772  9.21409
  0.0233  0.0230  0.0228  0.0232  0.0228  0.0235  0.0230  0.0236  0.0229  0.0232  0.0226  0.0226
  0.0228  0.0226  0.0225  0.0228  0.0225  0.0230  0.0226  0.0229  0.0226  0.0226  0.0224  0.0224
  0.0224  0.0224  0.0224  0.0224  0.0223  0.0225  0.0224  0.0224  0.0223  0.0224  0.0223  0.0223
  0.0223  0.0223  0.0223  0.0223  0.0223  0.0223  0.0223  0.0223  0.0223  0.0223  0.0223  0.0223
  0.0224  0.0224  0.0223  0.0224  0.0224  0.0223  0.0224  0.0224  0.0224  0.0224  0.0223  0.0223
  0.0227  0.0227  0.0225  0.0227  0.0225  0.0227  0.0226  0.0229  0.0226  0.0227  0.0224  0.0224
  0.0233  0.0231  0.0227  0.0232  0.0228  0.0234  0.0230  0.0236  0.0229  0.0232  0.0226  0.0226
niter,ni,del,rscale     2    3    5.0000    0.5000
parameters
   -1.8192    9.9544   14.2121   -7.8245  -27.2685   -3.6701
    5.9476    4.8910   -6.8268   11.0113   -3.3771  -14.7672
eta,q 0.97773  9.21850
  0.0230  0.0228  0.0226  0.0229  0.0226  0.0231  0.0228  0.0232  0.0227  0.0229  0.0225  0.0225
  0.0226  0.0225  0.0224  0.0226  0.0224  0.0227  0.0225  0.0227  0.0225  0.0225  0.0224  0.0224
  0.0224  0.0223  0.0223  0.0224  0.0223  0.0224  0.0223  0.0224  0.0223  0.0223  0.0223  0.0223
  0.0223  0.0223  0.0223  0.0223  0.0223  0.0223  0.0223  0.0223  0.0223  0.0223  0.0223  0.0223
  0.0224  0.0224  0.0223  0.0223  0.0223  0.0223  0.0223  0.0224  0.0223  0.0224  0.0223  0.0223
  0.0226  0.0225  0.0224  0.0225  0.0224  0.0226  0.0225  0.0227  0.0225  0.0226  0.0224  0.0224
  0.0230  0.0229  0.0226  0.0229  0.0226  0.0231  0.0228  0.0232  0.0227  0.0229  0.0225  0.0225
niter,ni,del,rscale     1    3    5.0000    0.4000
parameters
   -1.8179    9.9380   14.2439   -7.8001  -27.2906   -3.5555
    5.9477    4.8957   -6.8396   10.9595   -3.3942  -14.7424
eta,q 0.97773  9.22095
  0.0227  0.0226  0.0225  0.0227  0.0225  0.0228  0.0226  0.0229  0.0225  0.0227  0.0224  0.0224
  0.0225  0.0224  0.0224  0.0225  0.0224  0.0226  0.0224  0.0225  0.0224  0.0224  0.0223  0.0223
  0.0223  0.0223  0.0223  0.0223  0.0223  0.0224  0.0223  0.0223  0.0223  0.0223  0.0223  0.0223
  0.0223  0.0223  0.0223  0.0223  0.0223  0.0223  0.0223  0.0223  0.0223  0.0223  0.0223  0.0223
  0.0223  0.0223  0.0223  0.0223  0.0223  0.0223  0.0223  0.0223  0.0223  0.0223  0.0223  0.0223
  0.0225  0.0224  0.0224  0.0224  0.0224  0.0225  0.0224  0.0225  0.0224  0.0225  0.0223  0.0223
  0.0227  0.0226  0.0225  0.0227  0.0225  0.0228  0.0226  0.0229  0.0226  0.0227  0.0224  0.0224
registration optimization eta report
parameter search radius
    0.8000    0.8000    0.8000    2.4000    2.4000    2.4000
    2.4000    2.4000    2.4000    2.4000    2.4000    2.4000
100000*second partial in parameter space
       70.       55.       34.        7.        4.        9.
        6.       11.        5.        7.        3.        2.
  0.0227  0.0226  0.0225  0.0227  0.0225  0.0228  0.0226  0.0229  0.0225  0.0227  0.0224  0.0224
  0.0225  0.0224  0.0224  0.0225  0.0224  0.0226  0.0224  0.0225  0.0224  0.0224  0.0223  0.0223
  0.0223  0.0223  0.0223  0.0223  0.0223  0.0224  0.0223  0.0223  0.0223  0.0223  0.0223  0.0223
  0.0223  0.0223  0.0223  0.0223  0.0223  0.0223  0.0223  0.0223  0.0223  0.0223  0.0223  0.0223
  0.0223  0.0223  0.0223  0.0223  0.0223  0.0223  0.0223  0.0223  0.0223  0.0223  0.0223  0.0223
  0.0225  0.0224  0.0224  0.0224  0.0224  0.0225  0.0224  0.0225  0.0224  0.0225  0.0223  0.0223
  0.0227  0.0226  0.0225  0.0227  0.0225  0.0228  0.0226  0.0229  0.0226  0.0227  0.0224  0.0224
   -1.8179    9.9380   14.2439   -7.8001  -27.2906   -3.5555
    5.9477    4.8957   -6.8396   10.9595   -3.3942  -14.7424
eta,q 0.97773  9.22095

---------------------------------------------------------------------
imgreg_4dfp /opt/freesurfer/average/711-2C_as_mni_average_305 /opt/freesurfer/average/711-2B_as_mni_average_305_mask talsrcimg_g11 none talsrcimg_to_711-2C_as_mni_average_305_t4 2311
---------------------------------------------------------------------

freesurfer imgreg_4dfp.c
/opt/freesurfer/average/711-2C_as_mni_average_305.4dfp.img
       256       256       256         1
  1.000000  1.000000  1.000000
orientation T byte_order littleendian
Reading image: /opt/freesurfer/average/711-2C_as_mni_average_305.4dfp.img
dimensions:      256       256       256
mmppix:       1.0000   -1.0000   -1.0000
center:     128.0000 -129.0000 -129.0000
/opt/freesurfer/average/711-2B_as_mni_average_305_mask.4dfp.img
       256       256       256         1
  1.000000  1.000000  1.000000
orientation T byte_order littleendian
Reading mask: /opt/freesurfer/average/711-2B_as_mni_average_305_mask.4dfp.img (2306576 pixels)
talsrcimg_g11.4dfp.img
       256       256       256         1
  1.000000  1.000000  1.000000
orientation T byte_order littleendian
Reading image: talsrcimg_g11.4dfp.img
dimensions:      256       256       256
mmppix:       1.0000   -1.0000   -1.0000
center:     128.0000 -129.0000 -129.0000
fimgreg.f
image alignment mode   2311 decimal      907 hex
parameters
   -1.8179    9.9380   14.2439   -7.8001  -27.2906   -3.5555
    5.9477    4.8957   -6.8396   10.9595   -3.3942  -14.7424
eta,q 0.97773  9.22095
niter,ni,del,rscale     5    3    5.0000    0.8000
parameters
   -1.8282    9.9382   14.2933   -8.0588  -27.2630   -3.9579
    5.9519    4.8721   -6.8141   11.0715   -3.4288  -14.5404
eta,q 0.97769  9.20108
  0.0240  0.0237  0.0232  0.0236  0.0232  0.0238  0.0236  0.0246  0.0235  0.0240  0.0229  0.0229
  0.0231  0.0229  0.0227  0.0230  0.0227  0.0231  0.0229  0.0233  0.0228  0.0231  0.0226  0.0226
  0.0225  0.0224  0.0224  0.0225  0.0224  0.0226  0.0224  0.0226  0.0224  0.0225  0.0224  0.0224
  0.0223  0.0223  0.0223  0.0223  0.0223  0.0223  0.0223  0.0223  0.0223  0.0223  0.0223  0.0223
  0.0225  0.0224  0.0224  0.0225  0.0224  0.0225  0.0224  0.0226  0.0224  0.0225  0.0224  0.0224
  0.0231  0.0229  0.0226  0.0231  0.0227  0.0233  0.0229  0.0234  0.0228  0.0230  0.0226  0.0225
  0.0241  0.0237  0.0231  0.0241  0.0232  0.0248  0.0235  0.0246  0.0234  0.0238  0.0229  0.0228
niter,ni,del,rscale     4    3    5.0000    0.7000
parameters
   -1.8143    9.9499   14.2307   -7.9538  -27.2633   -3.9227
    5.9476    4.8928   -6.8003   11.0347   -3.4185  -14.6504
eta,q 0.97770  9.20600
  0.0237  0.0234  0.0229  0.0235  0.0230  0.0237  0.0233  0.0241  0.0232  0.0235  0.0227  0.0227
  0.0229  0.0228  0.0225  0.0229  0.0226  0.0231  0.0227  0.0231  0.0227  0.0228  0.0225  0.0225
  0.0225  0.0224  0.0223  0.0225  0.0224  0.0226  0.0224  0.0225  0.0224  0.0224  0.0223  0.0223
  0.0223  0.0223  0.0223  0.0223  0.0223  0.0223  0.0223  0.0223  0.0223  0.0223  0.0223  0.0223
  0.0224  0.0224  0.0224  0.0224  0.0224  0.0224  0.0224  0.0225  0.0224  0.0225  0.0223  0.0223
  0.0229  0.0228  0.0226  0.0228  0.0226  0.0229  0.0227  0.0231  0.0227  0.0229  0.0225  0.0225
  0.0236  0.0233  0.0230  0.0235  0.0230  0.0239  0.0233  0.0241  0.0231  0.0235  0.0227  0.0227
niter,ni,del,rscale     3    3    5.0000    0.6000
parameters
   -1.8133    9.9463   14.2179   -7.8795  -27.2567   -3.7933
    5.9452    4.8927   -6.8086   11.0086   -3.4165  -14.7157
eta,q 0.97772  9.21305
  0.0233  0.0231  0.0228  0.0232  0.0228  0.0234  0.0230  0.0236  0.0229  0.0232  0.0226  0.0226
  0.0227  0.0226  0.0225  0.0228  0.0225  0.0229  0.0226  0.0229  0.0226  0.0227  0.0224  0.0224
  0.0224  0.0224  0.0223  0.0224  0.0223  0.0225  0.0224  0.0224  0.0223  0.0224  0.0223  0.0223
  0.0223  0.0223  0.0223  0.0223  0.0223  0.0223  0.0223  0.0223  0.0223  0.0223  0.0223  0.0223
  0.0224  0.0224  0.0223  0.0224  0.0224  0.0223  0.0224  0.0224  0.0224  0.0224  0.0223  0.0223
  0.0227  0.0226  0.0225  0.0226  0.0225  0.0227  0.0226  0.0229  0.0226  0.0227  0.0224  0.0224
  0.0233  0.0231  0.0228  0.0232  0.0228  0.0234  0.0230  0.0236  0.0229  0.0232  0.0226  0.0226
niter,ni,del,rscale     2    3    5.0000    0.5000
parameters
   -1.8151    9.9375   14.2330   -7.8330  -27.2642   -3.6579
    5.9466    4.8975   -6.8236   10.9818   -3.4078  -14.7224
eta,q 0.97773  9.21817
  0.0230  0.0228  0.0226  0.0229  0.0226  0.0231  0.0228  0.0232  0.0227  0.0229  0.0225  0.0225
  0.0226  0.0225  0.0224  0.0226  0.0224  0.0227  0.0225  0.0227  0.0225  0.0225  0.0224  0.0224
  0.0224  0.0223  0.0223  0.0224  0.0223  0.0224  0.0223  0.0224  0.0223  0.0223  0.0223  0.0223
  0.0223  0.0223  0.0223  0.0223  0.0223  0.0223  0.0223  0.0223  0.0223  0.0223  0.0223  0.0223
  0.0224  0.0223  0.0223  0.0223  0.0223  0.0223  0.0223  0.0224  0.0223  0.0223  0.0223  0.0223
  0.0226  0.0225  0.0224  0.0225  0.0224  0.0226  0.0225  0.0227  0.0225  0.0226  0.0224  0.0224
  0.0230  0.0228  0.0226  0.0229  0.0226  0.0231  0.0228  0.0232  0.0227  0.0229  0.0225  0.0225
niter,ni,del,rscale     1    3    5.0000    0.4000
parameters
   -1.8161    9.9308   14.2550   -7.8039  -27.2826   -3.5473
    5.9384    4.9062   -6.8224   10.9500   -3.4293  -14.7200
eta,q 0.97773  9.22122
  0.0227  0.0226  0.0225  0.0227  0.0225  0.0228  0.0226  0.0229  0.0226  0.0227  0.0224  0.0224
  0.0225  0.0224  0.0224  0.0225  0.0224  0.0226  0.0224  0.0225  0.0224  0.0224  0.0223  0.0223
  0.0223  0.0223  0.0223  0.0223  0.0223  0.0224  0.0223  0.0223  0.0223  0.0223  0.0223  0.0223
  0.0223  0.0223  0.0223  0.0223  0.0223  0.0223  0.0223  0.0223  0.0223  0.0223  0.0223  0.0223
  0.0223  0.0223  0.0223  0.0223  0.0223  0.0223  0.0223  0.0223  0.0223  0.0223  0.0223  0.0223
  0.0225  0.0224  0.0224  0.0224  0.0224  0.0225  0.0224  0.0225  0.0224  0.0225  0.0223  0.0223
  0.0227  0.0226  0.0225  0.0227  0.0225  0.0228  0.0226  0.0229  0.0226  0.0227  0.0224  0.0224
registration optimization eta report
parameter search radius
    0.8000    0.8000    0.8000    2.4000    2.4000    2.4000
    2.4000    2.4000    2.4000    2.4000    2.4000    2.4000
100000*second partial in parameter space
       71.       55.       33.        7.        4.        9.
        6.       11.        5.        7.        3.        2.
  0.0227  0.0226  0.0225  0.0227  0.0225  0.0228  0.0226  0.0229  0.0226  0.0227  0.0224  0.0224
  0.0225  0.0224  0.0224  0.0225  0.0224  0.0226  0.0224  0.0225  0.0224  0.0224  0.0223  0.0223
  0.0223  0.0223  0.0223  0.0223  0.0223  0.0224  0.0223  0.0223  0.0223  0.0223  0.0223  0.0223
  0.0223  0.0223  0.0223  0.0223  0.0223  0.0223  0.0223  0.0223  0.0223  0.0223  0.0223  0.0223
  0.0223  0.0223  0.0223  0.0223  0.0223  0.0223  0.0223  0.0223  0.0223  0.0223  0.0223  0.0223
  0.0225  0.0224  0.0224  0.0224  0.0224  0.0225  0.0224  0.0225  0.0224  0.0225  0.0223  0.0223
  0.0227  0.0226  0.0225  0.0227  0.0225  0.0228  0.0226  0.0229  0.0226  0.0227  0.0224  0.0224
   -1.8161    9.9308   14.2550   -7.8039  -27.2826   -3.5473
    5.9384    4.9062   -6.8224   10.9500   -3.4293  -14.7200
eta,q 0.97773  9.22122

---------------------------------------------------------------------
compute_vox2vox talsrcimg talsrcimg_to_711-2C_as_mni_average_305_t4 /opt/freesurfer/average/711-2C_as_mni_average_305
---------------------------------------------------------------------

freesurfer compute_vox2vox.c
Reading: talsrcimg.4dfp.ifh
Reading: talsrcimg_to_711-2C_as_mni_average_305_t4
Reading: /opt/freesurfer/average/711-2C_as_mni_average_305.4dfp.ifh
Writing: talsrcimg_to_711-2C_as_mni_average_305_t4_vox2vox.txt

start time Thu Mar 12 08:17:45 CET 2026
end		time Thu Mar 12 08:17:58 CET 2026

mpr2mni305 success

avi2talxfm orig_nu.mgz /opt/freesurfer/average/mni305.cor.mgz talsrcimg_to_711-2C_as_mni_average_305_t4_vox2vox.txt transforms/talairach.auto.xfm
avi2talxfm done
mv -f /out/sourcedata/freesurfer/sub-v1s10x0051118_ses-1/mri/talsrcimg_to_711-2C_as_mni_average_305_t4_vox2vox.txt /out/sourcedata/freesurfer/sub-v1s10x0051118_ses-1/mri/transforms/talsrcimg_to_711-2C_as_mni_average_305_t4_vox2vox.txt
lta_convert --src orig_nu.mgz --trg /opt/freesurfer/average/mni305.cor.mgz --inxfm transforms/talairach.auto.xfm --outlta transforms/talairach.auto.xfm.lta --subject fsaverage
7.3.2

--src: orig_nu.mgz src image (geometry).
--trg: /opt/freesurfer/average/mni305.cor.mgz trg image (geometry).
--inmni: transforms/talairach.auto.xfm input MNI/XFM transform.
--outlta: transforms/talairach.auto.xfm.lta output LTA.
--s: fsaverage subject name
 LTA read, type : 1
 1.07586  -0.04374  -0.09671   3.62685;
 0.05245   1.01135   0.20044  -17.36469;
 0.09304  -0.15640   1.33593  -11.23326;
 0.00000   0.00000   0.00000   1.00000;
setting subject to fsaverage
Writing  LTA to file transforms/talairach.auto.xfm.lta...
lta_convert successful.
 
 
Started at Thu Mar 12 08:17:44 CET 2026
Ended   at Thu Mar 12 08:17:58 CET 2026
talairach_avi done
