status file for recon-all
Thu Mar 12 02:46:24 CET 2026
#@# MotionCor Thu Mar 12 02:46:26 CET 2026
#@# Talairach Thu Mar 12 02:46:35 CET 2026
#@# Talairach Failure Detection Thu Mar 12 02:50:59 CET 2026
#@# Nu Intensity Correction Thu Mar 12 02:50:59 CET 2026
#@# Intensity Normalization Thu Mar 12 02:54:16 CET 2026
recon-all -s sub-v1s10x0051021_ses-1 finished without error at Thu Mar 12 02:55:40 CET 2026



#New# invocation of recon-all 



status file for recon-all
Thu Mar 12 03:02:54 CET 2026
#@# EM Registration Thu Mar 12 03:02:54 CET 2026
recon-all -s sub-v1s10x0051021_ses-1 finished without error at Thu Mar 12 03:04:49 CET 2026



#New# invocation of recon-all 



status file for recon-all
Thu Mar 12 03:04:50 CET 2026
#@# CA Normalize Thu Mar 12 03:04:50 CET 2026
#@# CA Reg Thu Mar 12 03:06:10 CET 2026
#@# SubCort Seg Thu Mar 12 03:56:36 CET 2026
#@# CC Seg Thu Mar 12 04:24:45 CET 2026
#@# Merge ASeg Thu Mar 12 04:25:18 CET 2026
#@# Intensity Normalization2 Thu Mar 12 04:25:18 CET 2026
#@# Mask BFS Thu Mar 12 04:27:31 CET 2026
#@# WM Segmentation Thu Mar 12 04:27:32 CET 2026
#@# Fill Thu Mar 12 04:29:26 CET 2026
recon-all -s sub-v1s10x0051021_ses-1 finished without error at Thu Mar 12 04:30:30 CET 2026



#New# invocation of recon-all 



status file for recon-all
Thu Mar 12 05:30:29 CET 2026
#@# white curv lh Thu Mar 12 05:30:29 CET 2026
#@# white area lh Thu Mar 12 05:30:29 CET 2026
#@# pial curv lh Thu Mar 12 05:30:29 CET 2026
#@# pial area lh Thu Mar 12 05:30:29 CET 2026
#@# thickness lh Thu Mar 12 05:30:29 CET 2026
#@# area and vertex vol lh Thu Mar 12 05:30:29 CET 2026
#@# white curv rh Thu Mar 12 05:30:29 CET 2026
#@# white area rh Thu Mar 12 05:30:29 CET 2026
#@# pial curv rh Thu Mar 12 05:30:29 CET 2026
#@# pial area rh Thu Mar 12 05:30:29 CET 2026
#@# thickness rh Thu Mar 12 05:30:29 CET 2026
#@# area and vertex vol rh Thu Mar 12 05:30:29 CET 2026
#@# Cortical ribbon mask Thu Mar 12 05:30:29 CET 2026
recon-all -s sub-v1s10x0051021_ses-1 finished without error at Thu Mar 12 05:33:39 CET 2026



#New# invocation of recon-all 



status file for recon-all
Thu Mar 12 05:40:25 CET 2026
#@# white curv lh Thu Mar 12 05:40:25 CET 2026
#@# white area lh Thu Mar 12 05:40:25 CET 2026
#@# pial curv lh Thu Mar 12 05:40:25 CET 2026
#@# pial area lh Thu Mar 12 05:40:25 CET 2026
#@# thickness lh Thu Mar 12 05:40:25 CET 2026
#@# area and vertex vol lh Thu Mar 12 05:40:25 CET 2026
#@# white curv rh Thu Mar 12 05:40:25 CET 2026
#@# white area rh Thu Mar 12 05:40:25 CET 2026
#@# pial curv rh Thu Mar 12 05:40:25 CET 2026
#@# pial area rh Thu Mar 12 05:40:25 CET 2026
#@# thickness rh Thu Mar 12 05:40:25 CET 2026
#@# area and vertex vol rh Thu Mar 12 05:40:25 CET 2026
#@# Curvature Stats lh Thu Mar 12 05:40:25 CET 2026
#@# Curvature Stats rh Thu Mar 12 05:40:28 CET 2026
#@# Relabel Hypointensities Thu Mar 12 05:40:30 CET 2026
#@# APas-to-ASeg Thu Mar 12 05:40:45 CET 2026
#@# AParc-to-ASeg aparc Thu Mar 12 05:40:54 CET 2026
#@# AParc-to-ASeg aparc.a2009s Thu Mar 12 05:41:23 CET 2026
#@# AParc-to-ASeg aparc.DKTatlas Thu Mar 12 05:41:51 CET 2026
#@# WMParc Thu Mar 12 05:42:20 CET 2026
#@# ASeg Stats Thu Mar 12 05:46:43 CET 2026
recon-all -s sub-v1s10x0051021_ses-1 finished without error at Thu Mar 12 05:47:24 CET 2026
