status file for recon-all
Thu Mar 12 04:30:36 CET 2026
#@# Tessellate lh Thu Mar 12 04:30:36 CET 2026
#@# Smooth1 lh Thu Mar 12 04:30:40 CET 2026
#@# Inflation1 lh Thu Mar 12 04:30:42 CET 2026
#@# QSphere lh Thu Mar 12 04:30:54 CET 2026
#@# Fix Topology lh Thu Mar 12 04:31:56 CET 2026
#@# Smooth2 lh Thu Mar 12 04:40:00 CET 2026
#@# Inflation2 lh Thu Mar 12 04:40:03 CET 2026
#@# Curv .H and .K lh Thu Mar 12 04:40:18 CET 2026
#@# Sphere lh Thu Mar 12 04:41:01 CET 2026
#@# Surf Reg lh Thu Mar 12 04:47:08 CET 2026
#@# Jacobian white lh Thu Mar 12 04:53:15 CET 2026
#@# AvgCurv lh Thu Mar 12 04:53:16 CET 2026
#@# Cortical Parc lh Thu Mar 12 04:53:17 CET 2026
#@# white curv lh Thu Mar 12 05:04:07 CET 2026
#@# white area lh Thu Mar 12 05:04:09 CET 2026
#@# pial curv lh Thu Mar 12 05:04:10 CET 2026
#@# pial area lh Thu Mar 12 05:04:11 CET 2026
#@# thickness lh Thu Mar 12 05:04:12 CET 2026
#@# area and vertex vol lh Thu Mar 12 05:04:39 CET 2026
#@# Curvature Stats lh Thu Mar 12 05:04:41 CET 2026
#@# Cortical Parc 2 lh Thu Mar 12 05:04:43 CET 2026
#@# Cortical Parc 3 lh Thu Mar 12 05:04:57 CET 2026
#@# WM/GM Contrast lh Thu Mar 12 05:05:06 CET 2026
recon-all -s sub-v1s10x0051021_ses-1 finished without error at Thu Mar 12 05:05:10 CET 2026



#New# invocation of recon-all 



status file for recon-all
Thu Mar 12 05:33:43 CET 2026
#@# white curv lh Thu Mar 12 05:33:43 CET 2026
#@# white area lh Thu Mar 12 05:33:43 CET 2026
#@# pial curv lh Thu Mar 12 05:33:43 CET 2026
#@# pial area lh Thu Mar 12 05:33:43 CET 2026
#@# thickness lh Thu Mar 12 05:33:43 CET 2026
#@# area and vertex vol lh Thu Mar 12 05:33:43 CET 2026
#@# Parcellation Stats lh Thu Mar 12 05:33:43 CET 2026
#@# Parcellation Stats 2 lh Thu Mar 12 05:34:01 CET 2026
#@# Parcellation Stats 3 lh Thu Mar 12 05:34:10 CET 2026
#@# BA_exvivo Labels lh Thu Mar 12 05:34:18 CET 2026
recon-all -s sub-v1s10x0051021_ses-1 finished without error at Thu Mar 12 05:36:59 CET 2026
