status file for recon-all
Thu Mar 12 03:22:30 CET 2026
#@# Tessellate lh Thu Mar 12 03:22:30 CET 2026
#@# Smooth1 lh Thu Mar 12 03:22:34 CET 2026
#@# Inflation1 lh Thu Mar 12 03:22:36 CET 2026
#@# QSphere lh Thu Mar 12 03:22:49 CET 2026
#@# Fix Topology lh Thu Mar 12 03:23:46 CET 2026
#@# Smooth2 lh Thu Mar 12 03:29:47 CET 2026
#@# Inflation2 lh Thu Mar 12 03:29:50 CET 2026
#@# Curv .H and .K lh Thu Mar 12 03:30:02 CET 2026
#@# Sphere lh Thu Mar 12 03:30:46 CET 2026
#@# Surf Reg lh Thu Mar 12 03:33:37 CET 2026
#@# Jacobian white lh Thu Mar 12 03:36:56 CET 2026
#@# AvgCurv lh Thu Mar 12 03:36:57 CET 2026
#@# Cortical Parc lh Thu Mar 12 03:36:58 CET 2026
#@# white curv lh Thu Mar 12 03:42:43 CET 2026
#@# white area lh Thu Mar 12 03:42:44 CET 2026
#@# pial curv lh Thu Mar 12 03:42:45 CET 2026
#@# pial area lh Thu Mar 12 03:42:46 CET 2026
#@# thickness lh Thu Mar 12 03:42:47 CET 2026
#@# area and vertex vol lh Thu Mar 12 03:43:14 CET 2026
#@# Curvature Stats lh Thu Mar 12 03:43:16 CET 2026
#@# Cortical Parc 2 lh Thu Mar 12 03:43:18 CET 2026
#@# Cortical Parc 3 lh Thu Mar 12 03:43:31 CET 2026
#@# WM/GM Contrast lh Thu Mar 12 03:43:40 CET 2026
recon-all -s sub-v1s10x0050994_ses-1 finished without error at Thu Mar 12 03:43:44 CET 2026



#New# invocation of recon-all 



status file for recon-all
Thu Mar 12 04:10:23 CET 2026
#@# white curv lh Thu Mar 12 04:10:23 CET 2026
#@# white area lh Thu Mar 12 04:10:23 CET 2026
#@# pial curv lh Thu Mar 12 04:10:23 CET 2026
#@# pial area lh Thu Mar 12 04:10:23 CET 2026
#@# thickness lh Thu Mar 12 04:10:23 CET 2026
#@# area and vertex vol lh Thu Mar 12 04:10:23 CET 2026
#@# Parcellation Stats lh Thu Mar 12 04:10:23 CET 2026
#@# Parcellation Stats 2 lh Thu Mar 12 04:10:40 CET 2026
#@# Parcellation Stats 3 lh Thu Mar 12 04:10:48 CET 2026
#@# BA_exvivo Labels lh Thu Mar 12 04:10:56 CET 2026
recon-all -s sub-v1s10x0050994_ses-1 finished without error at Thu Mar 12 04:13:25 CET 2026
