status file for recon-all
Thu Mar 12 02:13:48 CET 2026
#@# MotionCor Thu Mar 12 02:13:49 CET 2026
#@# Talairach Thu Mar 12 02:13:58 CET 2026
#@# Talairach Failure Detection Thu Mar 12 02:18:22 CET 2026
#@# Nu Intensity Correction Thu Mar 12 02:18:22 CET 2026
#@# Intensity Normalization Thu Mar 12 02:21:38 CET 2026
recon-all -s sub-v1s10x0051012_ses-1 finished without error at Thu Mar 12 02:22:54 CET 2026



#New# invocation of recon-all 



status file for recon-all
Thu Mar 12 02:30:10 CET 2026
#@# EM Registration Thu Mar 12 02:30:10 CET 2026
recon-all -s sub-v1s10x0051012_ses-1 finished without error at Thu Mar 12 02:34:24 CET 2026



#New# invocation of recon-all 



status file for recon-all
Thu Mar 12 02:34:26 CET 2026
#@# CA Normalize Thu Mar 12 02:34:26 CET 2026
#@# CA Reg Thu Mar 12 02:35:46 CET 2026
#@# SubCort Seg Thu Mar 12 03:33:24 CET 2026
#@# CC Seg Thu Mar 12 03:59:57 CET 2026
#@# Merge ASeg Thu Mar 12 04:00:42 CET 2026
#@# Intensity Normalization2 Thu Mar 12 04:00:42 CET 2026
#@# Mask BFS Thu Mar 12 04:02:48 CET 2026
#@# WM Segmentation Thu Mar 12 04:02:48 CET 2026
#@# Fill Thu Mar 12 04:04:39 CET 2026
recon-all -s sub-v1s10x0051012_ses-1 finished without error at Thu Mar 12 04:05:44 CET 2026



#New# invocation of recon-all 



status file for recon-all
Thu Mar 12 05:01:22 CET 2026
#@# white curv lh Thu Mar 12 05:01:22 CET 2026
#@# white area lh Thu Mar 12 05:01:22 CET 2026
#@# pial curv lh Thu Mar 12 05:01:22 CET 2026
#@# pial area lh Thu Mar 12 05:01:22 CET 2026
#@# thickness lh Thu Mar 12 05:01:22 CET 2026
#@# area and vertex vol lh Thu Mar 12 05:01:22 CET 2026
#@# white curv rh Thu Mar 12 05:01:22 CET 2026
#@# white area rh Thu Mar 12 05:01:22 CET 2026
#@# pial curv rh Thu Mar 12 05:01:22 CET 2026
#@# pial area rh Thu Mar 12 05:01:22 CET 2026
#@# thickness rh Thu Mar 12 05:01:22 CET 2026
#@# area and vertex vol rh Thu Mar 12 05:01:22 CET 2026
#@# Cortical ribbon mask Thu Mar 12 05:01:22 CET 2026
recon-all -s sub-v1s10x0051012_ses-1 finished without error at Thu Mar 12 05:04:57 CET 2026



#New# invocation of recon-all 



status file for recon-all
Thu Mar 12 05:11:13 CET 2026
#@# white curv lh Thu Mar 12 05:11:13 CET 2026
#@# white area lh Thu Mar 12 05:11:13 CET 2026
#@# pial curv lh Thu Mar 12 05:11:13 CET 2026
#@# pial area lh Thu Mar 12 05:11:13 CET 2026
#@# thickness lh Thu Mar 12 05:11:13 CET 2026
#@# area and vertex vol lh Thu Mar 12 05:11:13 CET 2026
#@# white curv rh Thu Mar 12 05:11:13 CET 2026
#@# white area rh Thu Mar 12 05:11:13 CET 2026
#@# pial curv rh Thu Mar 12 05:11:13 CET 2026
#@# pial area rh Thu Mar 12 05:11:13 CET 2026
#@# thickness rh Thu Mar 12 05:11:13 CET 2026
#@# area and vertex vol rh Thu Mar 12 05:11:13 CET 2026
#@# Curvature Stats lh Thu Mar 12 05:11:13 CET 2026
#@# Curvature Stats rh Thu Mar 12 05:11:15 CET 2026
#@# Relabel Hypointensities Thu Mar 12 05:11:17 CET 2026
#@# APas-to-ASeg Thu Mar 12 05:11:33 CET 2026
#@# AParc-to-ASeg aparc Thu Mar 12 05:11:40 CET 2026
#@# AParc-to-ASeg aparc.a2009s Thu Mar 12 05:12:08 CET 2026
#@# AParc-to-ASeg aparc.DKTatlas Thu Mar 12 05:12:36 CET 2026
#@# WMParc Thu Mar 12 05:13:04 CET 2026
#@# ASeg Stats Thu Mar 12 05:17:10 CET 2026
recon-all -s sub-v1s10x0051012_ses-1 finished without error at Thu Mar 12 05:17:51 CET 2026
