status file for recon-all
Thu Mar 12 04:05:50 CET 2026
#@# Tessellate lh Thu Mar 12 04:05:50 CET 2026
#@# Smooth1 lh Thu Mar 12 04:05:54 CET 2026
#@# Inflation1 lh Thu Mar 12 04:05:57 CET 2026
#@# QSphere lh Thu Mar 12 04:06:08 CET 2026
#@# Fix Topology lh Thu Mar 12 04:07:14 CET 2026
#@# Smooth2 lh Thu Mar 12 04:12:54 CET 2026
#@# Inflation2 lh Thu Mar 12 04:12:56 CET 2026
#@# Curv .H and .K lh Thu Mar 12 04:13:09 CET 2026
#@# Sphere lh Thu Mar 12 04:13:48 CET 2026
#@# Surf Reg lh Thu Mar 12 04:18:15 CET 2026
#@# Jacobian white lh Thu Mar 12 04:24:46 CET 2026
#@# AvgCurv lh Thu Mar 12 04:24:47 CET 2026
#@# Cortical Parc lh Thu Mar 12 04:24:48 CET 2026
#@# white curv lh Thu Mar 12 04:30:43 CET 2026
#@# white area lh Thu Mar 12 04:30:45 CET 2026
#@# pial curv lh Thu Mar 12 04:30:46 CET 2026
#@# pial area lh Thu Mar 12 04:30:47 CET 2026
#@# thickness lh Thu Mar 12 04:30:48 CET 2026
#@# area and vertex vol lh Thu Mar 12 04:31:15 CET 2026
#@# Curvature Stats lh Thu Mar 12 04:31:16 CET 2026
#@# Cortical Parc 2 lh Thu Mar 12 04:31:18 CET 2026
#@# Cortical Parc 3 lh Thu Mar 12 04:31:30 CET 2026
#@# WM/GM Contrast lh Thu Mar 12 04:31:40 CET 2026
recon-all -s sub-v1s10x0051012_ses-1 finished without error at Thu Mar 12 04:31:44 CET 2026



#New# invocation of recon-all 



status file for recon-all
Thu Mar 12 05:05:02 CET 2026
#@# white curv lh Thu Mar 12 05:05:02 CET 2026
#@# white area lh Thu Mar 12 05:05:03 CET 2026
#@# pial curv lh Thu Mar 12 05:05:03 CET 2026
#@# pial area lh Thu Mar 12 05:05:03 CET 2026
#@# thickness lh Thu Mar 12 05:05:03 CET 2026
#@# area and vertex vol lh Thu Mar 12 05:05:03 CET 2026
#@# Parcellation Stats lh Thu Mar 12 05:05:03 CET 2026
#@# Parcellation Stats 2 lh Thu Mar 12 05:05:17 CET 2026
#@# Parcellation Stats 3 lh Thu Mar 12 05:05:25 CET 2026
#@# BA_exvivo Labels lh Thu Mar 12 05:05:32 CET 2026
recon-all -s sub-v1s10x0051012_ses-1 finished without error at Thu Mar 12 05:08:07 CET 2026
