/out/sourcedata/freesurfer/sub-v1s10x0051081_ses-1/mri
/opt/freesurfer/bin/talairach_avi
--i orig_nu.mgz --xfm transforms/talairach.auto.xfm
talairach_avi 7.3.2
Linux dna055 5.14.0-427.37.1.el9_4.x86_64 #1 SMP PREEMPT_DYNAMIC Fri Sep 13 12:41:50 EDT 2024 x86_64 x86_64 x86_64 GNU/Linux
Thu Mar 12 06:25:34 CET 2026
mri_convert orig_nu.mgz talsrcimg.img 
reading from orig_nu.mgz...
TR=0.00, TE=0.00, TI=0.00, flip angle=0.00
i_ras = (-1, 0, 0)
j_ras = (0, 0, -1)
k_ras = (0, 1, 0)
writing to talsrcimg.img...
Analyze Output Matrix
-1.00000   0.00000   0.00000   129.66513;
 0.00000   0.00000   1.00000  -128.00000;
 0.00000  -1.00000   0.00000   130.00000;
 0.00000   0.00000   0.00000   1.00000;
--------------------
INFO: set hdr.hist.orient to -1
mpr2mni305 talsrcimg
Thu Mar 12 06:25:34 CET 2026
/opt/freesurfer/bin/mpr2mni305 talsrcimg
mpr2mni305 7.3.2
target=711-2C_as_mni_average_305

---------------------------------------------------------------------
analyzeto4dfp talsrcimg -O0 -y
---------------------------------------------------------------------

freesurfer ifh2hdr.c
Thu Mar 12 06:25:34 2026
Writing: talsrcimg.4dfp.hdr
freesurfer analyzeto4dfp.c
Reading: talsrcimg.hdr
header size 348 bytes
hdr.dime.datatype	offset=70	value=2
hdr.dime.bitpix		offset=72	value=8
hdr.hist.orient		offset=252	value=-1
dimensionality     4
dimensions       256       256       256         1
Reading: talsrcimg.img
Writing: talsrcimg.4dfp.img
Writing: talsrcimg.4dfp.ifh
ifh2hdr talsrcimg -r0to215
ori=2

---------------------------------------------------------------------
gauss_4dfp talsrcimg 1.1
---------------------------------------------------------------------

freesurfer gauss_4dfp.c
Reading: talsrcimg.4dfp.img
Writing: talsrcimg_g11.4dfp.img
image dimensions 256 256 256 padded to 288 288 288
processing volume 1freesurfer ifh2hdr.c
Thu Mar 12 06:25:36 2026
Writing: talsrcimg_g11.4dfp.hdr

Writing: talsrcimg_g11.4dfp.ifh
including: talsrcimg.4dfp.img.rec in talsrcimg_g11.4dfp.img.rec

---------------------------------------------------------------------
imgreg_4dfp /opt/freesurfer/average/711-2C_as_mni_average_305 none talsrcimg_g11 none talsrcimg_to_711-2C_as_mni_average_305_t4 4355
---------------------------------------------------------------------

freesurfer imgreg_4dfp.c
/opt/freesurfer/average/711-2C_as_mni_average_305.4dfp.img
       256       256       256         1
  1.000000  1.000000  1.000000
orientation T byte_order littleendian
Reading image: /opt/freesurfer/average/711-2C_as_mni_average_305.4dfp.img
dimensions:      256       256       256
mmppix:       1.0000   -1.0000   -1.0000
center:     128.0000 -129.0000 -129.0000
talsrcimg_g11.4dfp.img
       256       256       256         1
  1.000000  1.000000  1.000000
orientation T byte_order littleendian
Reading image: talsrcimg_g11.4dfp.img
dimensions:      256       256       256
mmppix:       1.0000   -1.0000   -1.0000
center:     128.0000 -129.0000 -129.0000
t4_read: open error in t4_sub.f l:  41 t4_file(1:l)talsrcimg_to_711-2C_as_mni_average_305_t4 
t4_read: transform initialized to I4
rotation matrix determinant  1.000000
image alignment mode   4355 decimal     1103 hex
   -7.5000  -45.0000  -45.0000 8463.9473   22.0818
    0.0000  -45.0000  -45.0000 8862.5361   22.0946
    7.5000  -45.0000  -45.0000 8459.1055   22.0503
   -7.5000  -37.5000  -45.0000 9103.8379   21.9952
    0.0000  -37.5000  -45.0000 9500.9570   22.0094
    7.5000  -37.5000  -45.0000 9078.7695   21.9724
   -7.5000  -30.0000  -45.000010012.0859   21.9345
    0.0000  -30.0000  -45.000010463.3477   21.9459
    7.5000  -30.0000  -45.0000 9999.8438   21.9173
   -7.5000  -22.5000  -45.000010867.6836   21.9245
    0.0000  -22.5000  -45.000011376.2754   21.9289
    7.5000  -22.5000  -45.000010849.3311   21.8996
   -7.5000  -15.0000  -45.000011618.8672   21.9418
    0.0000  -15.0000  -45.000012176.7490   21.9432
    7.5000  -15.0000  -45.000011590.7832   21.9074
   -7.5000   -7.5000  -45.000012295.2500   21.9463
    0.0000   -7.5000  -45.000012877.1240   21.9532
    7.5000   -7.5000  -45.000012241.6357   21.9113
   -7.5000    0.0000  -45.000012867.7627   21.9397
    0.0000    0.0000  -45.000013450.9004   21.9522
    7.5000    0.0000  -45.000012795.9482   21.9087
   -7.5000    7.5000  -45.000012490.7773   21.9222
    0.0000    7.5000  -45.000013074.5420   21.9365
    7.5000    7.5000  -45.000012414.6982   21.9000
   -7.5000   15.0000  -45.000011977.7363   21.9104
    0.0000   15.0000  -45.000012525.7031   21.9220
    7.5000   15.0000  -45.000011902.2217   21.8937
   -7.5000   22.5000  -45.000011372.9375   21.9203
    0.0000   22.5000  -45.000011877.0898   21.9247
    7.5000   22.5000  -45.000011308.0430   21.8955
   -7.5000   30.0000  -45.000010702.6074   21.6494
    0.0000   30.0000  -45.000011160.6924   21.6508
    7.5000   30.0000  -45.000010640.9346   21.6154
   -7.5000   37.5000  -45.000010261.1416   21.6539
    0.0000   37.5000  -45.000010661.2637   21.6607
    7.5000   37.5000  -45.000010158.6074   21.6193
   -7.5000   45.0000  -45.0000 9333.8125   21.0976
    0.0000   45.0000  -45.0000 9664.7002   21.1097
    7.5000   45.0000  -45.0000 9224.1641   21.0678
   -7.5000  -45.0000  -37.5000 8820.8994   22.1240
    0.0000  -45.0000  -37.5000 9219.5732   22.1448
    7.5000  -45.0000  -37.5000 8833.4082   22.0911
   -7.5000  -37.5000  -37.5000 9467.1328   22.0341
    0.0000  -37.5000  -37.5000 9877.9121   22.0564
    7.5000  -37.5000  -37.5000 9462.3750   22.0095
   -7.5000  -30.0000  -37.500010387.3125   21.9686
    0.0000  -30.0000  -37.500010856.3203   21.9898
    7.5000  -30.0000  -37.500010381.5430   21.9519
   -7.5000  -22.5000  -37.500011253.2158   21.9580
    0.0000  -22.5000  -37.500011763.7100   21.9733
    7.5000  -22.5000  -37.500011223.0186   21.9352
   -7.5000  -15.0000  -37.500011995.3516   21.9785
    0.0000  -15.0000  -37.500012537.5361   21.9911
    7.5000  -15.0000  -37.500011974.4883   21.9474
   -7.5000   -7.5000  -37.500012637.8350   21.9867
    0.0000   -7.5000  -37.500013201.5879   22.0036
    7.5000   -7.5000  -37.500012613.5889   21.9541
   -7.5000    0.0000  -37.500013239.0566   21.9815
    0.0000    0.0000  -37.500013833.3242   22.0020
    7.5000    0.0000  -37.500013171.3066   21.9491
   -7.5000    7.5000  -37.500012871.2275   21.9607
    0.0000    7.5000  -37.500013466.4062   21.9830
    7.5000    7.5000  -37.500012781.1680   21.9366
   -7.5000   15.0000  -37.500012314.7725   21.9444
    0.0000   15.0000  -37.500012869.2900   21.9658
    7.5000   15.0000  -37.500012211.0098   21.9282
   -7.5000   22.5000  -37.500011660.1748   21.9538
    0.0000   22.5000  -37.500012172.8799   21.9691
    7.5000   22.5000  -37.500011568.5000   21.9311
   -7.5000   30.0000  -37.500010952.8447   21.6856
    0.0000   30.0000  -37.500011399.7754   21.6981
    7.5000   30.0000  -37.500010844.2148   21.6549
   -7.5000   37.5000  -37.500010497.4580   21.6937
    0.0000   37.5000  -37.500010911.2217   21.7104
    7.5000   37.5000  -37.500010391.7568   21.6615
   -7.5000   45.0000  -37.5000 9549.4902   21.1378
    0.0000   45.0000  -37.5000 9895.4102   21.1576
    7.5000   45.0000  -37.5000 9413.8613   21.1067
   -7.5000  -45.0000  -30.0000 9322.8516   23.0404
    0.0000  -45.0000  -30.0000 9738.3203   23.0627
    7.5000  -45.0000  -30.0000 9331.1104   22.9971
   -7.5000  -37.5000  -30.0000 9982.9014   22.9481
    0.0000  -37.5000  -30.000010445.5674   22.9713
    7.5000  -37.5000  -30.0000 9991.4707   22.9102
   -7.5000  -30.0000  -30.000010917.7793   22.8750
    0.0000  -30.0000  -30.000011426.7227   22.8991
    7.5000  -30.0000  -30.000010925.2900   22.8470
   -7.5000  -22.5000  -30.000011774.7988   22.8566
    0.0000  -22.5000  -30.000012307.0322   22.8778
    7.5000  -22.5000  -30.000011785.3018   22.8280
   -7.5000  -15.0000  -30.000012522.7588   22.8753
    0.0000  -15.0000  -30.000013041.1455   22.8954
    7.5000  -15.0000  -30.000012536.7305   22.8430
   -7.5000   -7.5000  -30.000013174.0371   22.8903
    0.0000   -7.5000  -30.000013713.1787   22.9123
    7.5000   -7.5000  -30.000013155.0010   22.8537
   -7.5000    0.0000  -30.000013801.1260   22.8924
    0.0000    0.0000  -30.000014374.4111   22.9144
    7.5000    0.0000  -30.000013755.9941   22.8497
   -7.5000    7.5000  -30.000013441.2529   22.8716
    0.0000    7.5000  -30.000014026.4658   22.8949
    7.5000    7.5000  -30.000013375.9766   22.8343
   -7.5000   15.0000  -30.000012854.7070   22.8496
    0.0000   15.0000  -30.000013422.9004   22.8739
    7.5000   15.0000  -30.000012778.5684   22.8222
   -7.5000   22.5000  -30.000012154.0361   22.8499
    0.0000   22.5000  -30.000012671.1045   22.8711
    7.5000   22.5000  -30.000012059.2588   22.8214
   -7.5000   30.0000  -30.000011364.1484   22.5726
    0.0000   30.0000  -30.000011829.5596   22.5924
    7.5000   30.0000  -30.000011252.1289   22.5408
   -7.5000   37.5000  -30.000010872.4150   22.5874
    0.0000   37.5000  -30.000011302.0889   22.6091
    7.5000   37.5000  -30.000010779.7070   22.5513
   -7.5000   45.0000  -30.0000 9905.5156   22.0299
    0.0000   45.0000  -30.000010263.0967   22.0511
    7.5000   45.0000  -30.0000 9804.0479   21.9888
   -7.5000  -45.0000  -22.5000 9796.6943   23.8251
    0.0000  -45.0000  -22.500010241.1943   23.8419
    7.5000  -45.0000  -22.5000 9795.9473   23.7748
   -7.5000  -37.5000  -22.500010454.3711   23.7364
    0.0000  -37.5000  -22.500010938.3975   23.7525
    7.5000  -37.5000  -22.500010471.8262   23.6887
   -7.5000  -30.0000  -22.500011404.3184   23.6626
    0.0000  -30.0000  -22.500011911.7998   23.6785
    7.5000  -30.0000  -22.500011430.2891   23.6228
   -7.5000  -22.5000  -22.500012259.4658   23.6357
    0.0000  -22.5000  -22.500012779.2305   23.6505
    7.5000  -22.5000  -22.500012303.8057   23.5990
   -7.5000  -15.0000  -22.500013055.5752   23.6471
    0.0000  -15.0000  -22.500013576.3115   23.6630
    7.5000  -15.0000  -22.500013051.6943   23.6106
   -7.5000   -7.5000  -22.500013730.4785   23.6635
    0.0000   -7.5000  -22.500014273.1260   23.6810
    7.5000   -7.5000  -22.500013691.0068   23.6218
   -7.5000    0.0000  -22.500014349.6055   23.6721
    0.0000    0.0000  -22.500014957.3496   23.6886
    7.5000    0.0000  -22.500014350.0518   23.6224
   -7.5000    7.5000  -22.500013950.2109   23.6575
    0.0000    7.5000  -22.500014558.6201   23.6736
    7.5000    7.5000  -22.500013967.7197   23.6104
   -7.5000   15.0000  -22.500013359.5986   23.6361
    0.0000   15.0000  -22.500013918.5596   23.6522
    7.5000   15.0000  -22.500013355.4385   23.5969
   -7.5000   22.5000  -22.500012596.9570   23.6271
    0.0000   22.5000  -22.500013130.9688   23.6419
    7.5000   22.5000  -22.500012565.8525   23.5905
   -7.5000   30.0000  -22.500011779.4629   23.3378
    0.0000   30.0000  -22.500012250.7861   23.3535
    7.5000   30.0000  -22.500011688.1191   23.3018
   -7.5000   37.5000  -22.500011247.1592   23.3540
    0.0000   37.5000  -22.500011671.4678   23.3713
    7.5000   37.5000  -22.500011153.1553   23.3128
   -7.5000   45.0000  -22.500010214.8887   22.7974
    0.0000   45.0000  -22.500010573.6611   22.8133
    7.5000   45.0000  -22.500010138.0078   22.7496
   -7.5000  -45.0000  -15.000010208.2490   24.3925
    0.0000  -45.0000  -15.000010675.1885   24.4027
    7.5000  -45.0000  -15.000010221.7080   24.3444
   -7.5000  -37.5000  -15.000010854.1348   24.3063
    0.0000  -37.5000  -15.000011358.3057   24.3148
    7.5000  -37.5000  -15.000010891.5518   24.2607
   -7.5000  -30.0000  -15.000011828.6260   24.2355
    0.0000  -30.0000  -15.000012350.6777   24.2412
    7.5000  -30.0000  -15.000011871.3398   24.1939
   -7.5000  -22.5000  -15.000012711.3154   24.2064
    0.0000  -22.5000  -15.000013244.0029   24.2100
    7.5000  -22.5000  -15.000012770.3057   24.1656
   -7.5000  -15.0000  -15.000013560.4111   24.2129
    0.0000  -15.0000  -15.000014094.0820   24.2181
    7.5000  -15.0000  -15.000013578.6836   24.1720
   -7.5000   -7.5000  -15.000014182.5654   24.2262
    0.0000   -7.5000  -15.000014736.6992   24.2352
    7.5000   -7.5000  -15.000014205.0898   24.1826
   -7.5000    0.0000  -15.000014769.3955   24.2356
    0.0000    0.0000  -15.000015408.9443   24.2457
    7.5000    0.0000  -15.000014853.7529   24.1882
   -7.5000    7.5000  -15.000014328.4326   24.2256
    0.0000    7.5000  -15.000014935.8369   24.2342
    7.5000    7.5000  -15.000014382.6953   24.1807
   -7.5000   15.0000  -15.000013702.5049   24.2085
    0.0000   15.0000  -15.000014261.2969   24.2143
    7.5000   15.0000  -15.000013735.7686   24.1674
   -7.5000   22.5000  -15.000012898.7041   24.1965
    0.0000   22.5000  -15.000013428.8984   24.2001
    7.5000   22.5000  -15.000012896.2520   24.1558
   -7.5000   30.0000  -15.000012023.7959   23.8995
    0.0000   30.0000  -15.000012479.7930   23.9047
    7.5000   30.0000  -15.000011990.8467   23.8591
   -7.5000   37.5000  -15.000011499.1064   23.9127
    0.0000   37.5000  -15.000011894.0098   23.9216
    7.5000   37.5000  -15.000011441.1943   23.8696
   -7.5000   45.0000  -15.000010448.7354   23.3541
    0.0000   45.0000  -15.000010793.1660   23.3639
    7.5000   45.0000  -15.000010403.0586   23.3085
   -7.5000  -45.0000   -7.500010614.8594   24.6702
    0.0000  -45.0000   -7.500011089.1484   24.6786
    7.5000  -45.0000   -7.500010596.1748   24.6293
   -7.5000  -37.5000   -7.500011283.1396   24.5796
    0.0000  -37.5000   -7.500011775.7061   24.5880
    7.5000  -37.5000   -7.500011301.1846   24.5451
   -7.5000  -30.0000   -7.500012278.9502   24.5117
    0.0000  -30.0000   -7.500012793.2510   24.5164
    7.5000  -30.0000   -7.500012326.8027   24.4808
   -7.5000  -22.5000   -7.500013173.2939   24.4910
    0.0000  -22.5000   -7.500013722.2529   24.4903
    7.5000  -22.5000   -7.500013244.7227   24.4553
   -7.5000  -15.0000   -7.500013981.2402   24.5019
    0.0000  -15.0000   -7.500014552.2393   24.5003
    7.5000  -15.0000   -7.500014056.3945   24.4606
   -7.5000   -7.5000   -7.500014671.3535   24.5102
    0.0000   -7.5000   -7.500015259.0254   24.5139
    7.5000   -7.5000   -7.500014728.7227   24.4678
   -7.5000    0.0000   -7.500015333.7227   24.5113
    0.0000    0.0000   -7.500015964.6758   24.5197
    7.5000    0.0000   -7.500015373.4229   24.4712
   -7.5000    7.5000   -7.500014837.0723   24.4980
    0.0000    7.5000   -7.500015423.2559   24.5066
    7.5000    7.5000   -7.500014853.0498   24.4642
   -7.5000   15.0000   -7.500014152.0625   24.4846
    0.0000   15.0000   -7.500014692.9551   24.4895
    7.5000   15.0000   -7.500014171.9531   24.4542
   -7.5000   22.5000   -7.500013301.0508   24.4783
    0.0000   22.5000   -7.500013805.3926   24.4777
    7.5000   22.5000   -7.500013316.3691   24.4428
   -7.5000   30.0000   -7.500012336.2715   24.1842
    0.0000   30.0000   -7.500012768.5078   24.1826
    7.5000   30.0000   -7.500012342.6865   24.1434
   -7.5000   37.5000   -7.500011792.6914   24.1923
    0.0000   37.5000   -7.500012182.4639   24.1960
    7.5000   37.5000   -7.500011775.8467   24.1505
   -7.5000   45.0000   -7.500010724.1289   23.6243
    0.0000   45.0000   -7.500011061.0703   23.6324
    7.5000   45.0000   -7.500010693.4688   23.5856
   -7.5000  -45.0000    0.000010903.3291   24.7102
    0.0000  -45.0000    0.000011405.3701   24.7244
    7.5000  -45.0000    0.000010865.7695   24.6748
   -7.5000  -37.5000    0.000011582.7129   24.6132
    0.0000  -37.5000    0.000012110.4092   24.6291
    7.5000  -37.5000    0.000011564.5850   24.5877
   -7.5000  -30.0000    0.000012593.6543   24.5453
    0.0000  -30.0000    0.000013138.2666   24.5581
    7.5000  -30.0000    0.000012626.5479   24.5260
   -7.5000  -22.5000    0.000013504.2959   24.5341
    0.0000  -22.5000    0.000014106.3818   24.5391
    7.5000  -22.5000    0.000013544.5635   24.5062
   -7.5000  -15.0000    0.000014295.4453   24.5535
    0.0000  -15.0000    0.000014912.6768   24.5550
    7.5000  -15.0000    0.000014373.7158   24.5150
   -7.5000   -7.5000    0.000015070.3252   24.5585
    0.0000   -7.5000    0.000015684.0879   24.5662
    7.5000   -7.5000    0.000015156.7783   24.5193
   -7.5000    0.0000    0.000015883.5674   24.5511
    0.0000    0.0000    0.000016438.8164   24.5652
    7.5000    0.0000    0.000015910.6523   24.5164
   -7.5000    7.5000    0.000015391.8682   24.5315
    0.0000    7.5000    0.000015881.6562   24.5475
    7.5000    7.5000    0.000015378.5273   24.5066
   -7.5000   15.0000    0.000014690.5762   24.5183
    0.0000   15.0000    0.000015142.5371   24.5313
    7.5000   15.0000    0.000014659.8418   24.4997
   -7.5000   22.5000    0.000013793.0693   24.5215
    0.0000   22.5000    0.000014240.2891   24.5264
    7.5000   22.5000    0.000013752.5801   24.4937
   -7.5000   30.0000    0.000012701.8281   24.2357
    0.0000   30.0000    0.000013136.3291   24.2372
    7.5000   30.0000    0.000012684.7744   24.1977
   -7.5000   37.5000    0.000012114.8193   24.2407
    0.0000   37.5000    0.000012525.5947   24.2483
    7.5000   37.5000    0.000012082.5088   24.2020
   -7.5000   45.0000    0.000010998.6514   23.6644
    0.0000   45.0000    0.000011365.0273   23.6780
    7.5000   45.0000    0.000010946.1514   23.6310
   -7.5000  -45.0000    7.500010316.1338   24.7573
    0.0000  -45.0000    7.500010767.8994   24.7806
    7.5000  -45.0000    7.500010299.3105   24.7205
   -7.5000  -37.5000    7.500010983.4219   24.6567
    0.0000  -37.5000    7.500011448.4004   24.6818
    7.5000  -37.5000    7.500010967.5088   24.6292
   -7.5000  -30.0000    7.500011969.4814   24.5834
    0.0000  -30.0000    7.500012465.0742   24.6072
    7.5000  -30.0000    7.500011967.5088   24.5647
   -7.5000  -22.5000    7.500012862.9268   24.5716
    0.0000  -22.5000    7.500013408.7471   24.5887
    7.5000  -22.5000    7.500012875.7920   24.5461
   -7.5000  -15.0000    7.500013638.8564   24.5945
    0.0000  -15.0000    7.500014190.0449   24.6087
    7.5000  -15.0000    7.500013697.5059   24.5597
   -7.5000   -7.5000    7.500014418.4961   24.6038
    0.0000   -7.5000    7.500015019.0869   24.6227
    7.5000   -7.5000    7.500014460.8848   24.5672
   -7.5000    0.0000    7.500015142.5811   24.5979
    0.0000    0.0000    7.500015785.9199   24.6208
    7.5000    0.0000    7.500015150.0459   24.5617
   -7.5000    7.5000    7.500014687.2969   24.5746
    0.0000    7.5000    7.500015338.1963   24.5996
    7.5000    7.5000    7.500014695.8516   24.5476
   -7.5000   15.0000    7.500014039.0156   24.5563
    0.0000   15.0000    7.500014659.4062   24.5803
    7.5000   15.0000    7.500014031.2217   24.5382
   -7.5000   22.5000    7.500013199.1641   24.5589
    0.0000   22.5000    7.500013745.8340   24.5761
    7.5000   22.5000    7.500013175.0303   24.5335
   -7.5000   30.0000    7.500012183.9541   24.2762
    0.0000   30.0000    7.500012645.9180   24.2902
    7.5000   30.0000    7.500012154.5703   24.2419
   -7.5000   37.5000    7.500011594.0879   24.2853
    0.0000   37.5000    7.500011996.9082   24.3040
    7.5000   37.5000    7.500011548.4912   24.2492
   -7.5000   45.0000    7.500010515.6084   23.7095
    0.0000   45.0000    7.500010853.7354   23.7316
    7.5000   45.0000    7.500010455.5791   23.6746
   -7.5000  -45.0000   15.0000 9621.1748   24.8523
    0.0000  -45.0000   15.000010050.7666   24.8772
    7.5000  -45.0000   15.0000 9596.1133   24.8060
   -7.5000  -37.5000   15.000010256.0879   24.7528
    0.0000  -37.5000   15.000010707.6719   24.7788
    7.5000  -37.5000   15.000010225.7852   24.7123
   -7.5000  -30.0000   15.000011215.5361   24.6733
    0.0000  -30.0000   15.000011716.3086   24.7002
    7.5000  -30.0000   15.000011193.9404   24.6435
   -7.5000  -22.5000   15.000012101.1846   24.6525
    0.0000  -22.5000   15.000012652.0791   24.6761
    7.5000  -22.5000   15.000012078.9121   24.6222
   -7.5000  -15.0000   15.000012892.2148   24.6721
    0.0000  -15.0000   15.000013480.7344   24.6944
    7.5000  -15.0000   15.000012908.8096   24.6379
   -7.5000   -7.5000   15.000013641.5928   24.6887
    0.0000   -7.5000   15.000014254.7090   24.7132
    7.5000   -7.5000   15.000013649.3965   24.6498
   -7.5000    0.0000   15.000014267.5146   24.6920
    0.0000    0.0000   15.000014913.4600   24.7165
    7.5000    0.0000   15.000014262.4688   24.6463
   -7.5000    7.5000   15.000013814.4092   24.6699
    0.0000    7.5000   15.000014436.5020   24.6959
    7.5000    7.5000   15.000013828.6562   24.6300
   -7.5000   15.0000   15.000013207.4756   24.6458
    0.0000   15.0000   15.000013802.4629   24.6729
    7.5000   15.0000   15.000013233.3223   24.6167
   -7.5000   22.5000   15.000012447.6562   24.6398
    0.0000   22.5000   15.000013009.5469   24.6634
    7.5000   22.5000   15.000012460.8184   24.6096
   -7.5000   30.0000   15.000011526.8311   24.3528
    0.0000   30.0000   15.000012024.9092   24.3748
    7.5000   30.0000   15.000011516.2500   24.3191
   -7.5000   37.5000   15.000010943.1123   24.3692
    0.0000   37.5000   15.000011386.6543   24.3934
    7.5000   37.5000   15.000010915.4365   24.3308
   -7.5000   45.0000   15.0000 9910.1855   23.8002
    0.0000   45.0000   15.000010293.8936   23.8238
    7.5000   45.0000   15.0000 9873.8623   23.7562
   -7.5000  -45.0000   22.5000 8859.2158   24.9971
    0.0000  -45.0000   22.5000 9254.1387   25.0173
    7.5000  -45.0000   22.5000 8831.0391   24.9462
   -7.5000  -37.5000   22.5000 9462.0664   24.9030
    0.0000  -37.5000   22.5000 9885.1816   24.9222
    7.5000  -37.5000   22.5000 9431.1113   24.8544
   -7.5000  -30.0000   22.500010378.3467   24.8236
    0.0000  -30.0000   22.500010849.0898   24.8423
    7.5000  -30.0000   22.500010345.8867   24.7832
   -7.5000  -22.5000   22.500011202.0859   24.7938
    0.0000  -22.5000   22.500011736.6816   24.8114
    7.5000  -22.5000   22.500011181.1582   24.7570
   -7.5000  -15.0000   22.500011989.1172   24.8057
    0.0000  -15.0000   22.500012542.6709   24.8246
    7.5000  -15.0000   22.500011961.0957   24.7695
   -7.5000   -7.5000   22.500012688.1846   24.8244
    0.0000   -7.5000   22.500013265.6699   24.8453
    7.5000   -7.5000   22.500012653.9053   24.7829
   -7.5000    0.0000   22.500013254.4648   24.8348
    0.0000    0.0000   22.500013859.0078   24.8547
    7.5000    0.0000   22.500013216.7539   24.7846
   -7.5000    7.5000   22.500012817.8203   24.8193
    0.0000    7.5000   22.500013391.3389   24.8385
    7.5000    7.5000   22.500012794.2930   24.7714
   -7.5000   15.0000   22.500012269.9111   24.7955
    0.0000   15.0000   22.500012809.9912   24.8144
    7.5000   15.0000   22.500012264.4570   24.7558
   -7.5000   22.5000   22.500011594.6299   24.7810
    0.0000   22.5000   22.500012098.3096   24.7986
    7.5000   22.5000   22.500011590.2744   24.7443
   -7.5000   30.0000   22.500010744.9434   24.4847
    0.0000   30.0000   22.500011201.1650   24.5034
    7.5000   30.0000   22.500010742.4141   24.4489
   -7.5000   37.5000   22.500010176.3623   24.5031
    0.0000   37.5000   22.500010603.0283   24.5238
    7.5000   37.5000   22.500010173.8525   24.4622
   -7.5000   45.0000   22.5000 9233.4980   23.9379
    0.0000   45.0000   22.5000 9594.0195   23.9571
    7.5000   45.0000   22.5000 9218.2529   23.8895
   -7.5000  -45.0000   30.0000 8057.3115   25.3605
    0.0000  -45.0000   30.0000 8389.6436   25.3728
    7.5000  -45.0000   30.0000 8033.8530   25.3086
   -7.5000  -37.5000   30.0000 8620.4814   25.2676
    0.0000  -37.5000   30.0000 8976.9121   25.2782
    7.5000  -37.5000   30.0000 8587.1309   25.2186
   -7.5000  -30.0000   30.0000 9457.7959   25.1911
    0.0000  -30.0000   30.0000 9855.5244   25.1986
    7.5000  -30.0000   30.0000 9414.1035   25.1469
   -7.5000  -22.5000   30.000010223.8701   25.1598
    0.0000  -22.5000   30.000010679.8975   25.1648
    7.5000  -22.5000   30.000010178.6318   25.1169
   -7.5000  -15.0000   30.000010944.6396   25.1674
    0.0000  -15.0000   30.000011446.3408   25.1738
    7.5000  -15.0000   30.000010907.7480   25.1242
   -7.5000   -7.5000   30.000011615.4336   25.1827
    0.0000   -7.5000   30.000012124.5381   25.1933
    7.5000   -7.5000   30.000011543.4863   25.1362
   -7.5000    0.0000   30.000012124.7861   25.1932
    0.0000    0.0000   30.000012654.4697   25.2053
    7.5000    0.0000   30.000012073.4014   25.1421
   -7.5000    7.5000   30.000011725.3896   25.1816
    0.0000    7.5000   30.000012217.7793   25.1923
    7.5000    7.5000   30.000011705.2119   25.1333
   -7.5000   15.0000   30.000011251.4443   25.1623
    0.0000   15.0000   30.000011725.8896   25.1699
    7.5000   15.0000   30.000011244.6230   25.1187
   -7.5000   22.5000   30.000010653.4004   25.1468
    0.0000   22.5000   30.000011090.7021   25.1517
    7.5000   22.5000   30.000010643.1504   25.1040
   -7.5000   30.0000   30.0000 9891.9961   24.8416
    0.0000   30.0000   30.000010286.0498   24.8480
    7.5000   30.0000   30.0000 9881.2158   24.7990
   -7.5000   37.5000   30.0000 9380.4746   24.8568
    0.0000   37.5000   30.0000 9763.1689   24.8673
    7.5000   37.5000   30.0000 9358.6055   24.8109
   -7.5000   45.0000   30.0000 8517.7871   24.2833
    0.0000   45.0000   30.0000 8849.9893   24.2950
    7.5000   45.0000   30.0000 8491.0059   24.2341
   -7.5000  -45.0000   37.5000 7566.7310   26.0353
    0.0000  -45.0000   37.5000 7856.1367   26.0472
    7.5000  -45.0000   37.5000 7518.6621   25.9866
   -7.5000  -37.5000   37.5000 8110.3130   25.9412
    0.0000  -37.5000   37.5000 8419.7520   25.9541
    7.5000  -37.5000   37.5000 8063.0386   25.8991
   -7.5000  -30.0000   37.5000 8914.9512   25.8720
    0.0000  -30.0000   37.5000 9265.0625   25.8809
    7.5000  -30.0000   37.5000 8863.5635   25.8333
   -7.5000  -22.5000   37.5000 9672.5713   25.8473
    0.0000  -22.5000   37.500010073.2822   25.8492
    7.5000  -22.5000   37.5000 9620.6650   25.8036
   -7.5000  -15.0000   37.500010344.8633   25.8523
    0.0000  -15.0000   37.500010774.7412   25.8522
    7.5000  -15.0000   37.500010298.5625   25.8032
   -7.5000   -7.5000   37.500010987.1875   25.8566
    0.0000   -7.5000   37.500011427.8818   25.8623
    7.5000   -7.5000   37.500010922.1348   25.8067
   -7.5000    0.0000   37.500011473.9238   25.8588
    0.0000    0.0000   37.500011951.9062   25.8706
    7.5000    0.0000   37.500011440.8633   25.8109
   -7.5000    7.5000   37.500011107.3135   25.8506
    0.0000    7.5000   37.500011555.9521   25.8636
    7.5000    7.5000   37.500011108.0303   25.8092
   -7.5000   15.0000   37.500010692.2695   25.8419
    0.0000   15.0000   37.500011123.3945   25.8509
    7.5000   15.0000   37.500010685.6836   25.8038
   -7.5000   22.5000   37.500010128.8428   25.8338
    0.0000   22.5000   37.500010542.5684   25.8358
    7.5000   22.5000   37.500010133.5547   25.7903
   -7.5000   30.0000   37.5000 9422.5586   25.5177
    0.0000   30.0000   37.5000 9792.1992   25.5176
    7.5000   30.0000   37.5000 9425.6641   25.4692
   -7.5000   37.5000   37.5000 8944.0674   25.5220
    0.0000   37.5000   37.5000 9288.7988   25.5276
    7.5000   37.5000   37.5000 8921.8145   25.4727
   -7.5000   45.0000   37.5000 8137.7324   24.9249
    0.0000   45.0000   37.5000 8442.6963   24.9363
    7.5000   45.0000   37.5000 8100.8154   24.8788
   -7.5000  -45.0000   45.0000 6780.3320   26.9446
    0.0000  -45.0000   45.0000 7063.5737   26.9727
    7.5000  -45.0000   45.0000 6750.2949   26.8994
   -7.5000  -37.5000   45.0000 7273.8389   26.8383
    0.0000  -37.5000   45.0000 7563.2476   26.8690
    7.5000  -37.5000   45.0000 7246.3730   26.8060
   -7.5000  -30.0000   45.0000 8032.4575   26.7641
    0.0000  -30.0000   45.0000 8347.3311   26.7909
    7.5000  -30.0000   45.0000 7982.1367   26.7411
   -7.5000  -22.5000   45.0000 8761.7803   26.7471
    0.0000  -22.5000   45.0000 9105.6631   26.7643
    7.5000  -22.5000   45.0000 8688.0820   26.7150
   -7.5000  -15.0000   45.0000 9386.9102   26.7596
    0.0000  -15.0000   45.0000 9756.2510   26.7725
    7.5000  -15.0000   45.0000 9340.4492   26.7146
   -7.5000   -7.5000   45.0000 9968.3652   26.7596
    0.0000   -7.5000   45.000010347.3242   26.7795
    7.5000   -7.5000   45.0000 9915.0430   26.7115
   -7.5000    0.0000   45.000010432.3506   26.7543
    0.0000    0.0000   45.000010832.6865   26.7820
    7.5000    0.0000   45.000010406.3770   26.7100
   -7.5000    7.5000   45.000010102.9590   26.7406
    0.0000    7.5000   45.000010497.8926   26.7712
    7.5000    7.5000   45.000010090.4814   26.7090
   -7.5000   15.0000   45.0000 9734.2617   26.7318
    0.0000   15.0000   45.000010122.5410   26.7588
    7.5000   15.0000   45.0000 9714.2959   26.7095
   -7.5000   22.5000   45.0000 9244.3047   26.7331
    0.0000   22.5000   45.0000 9616.8076   26.7503
    7.5000   22.5000   45.0000 9212.5508   26.7012
   -7.5000   30.0000   45.0000 8600.6924   26.4110
    0.0000   30.0000   45.0000 8947.1543   26.4237
    7.5000   30.0000   45.0000 8573.0840   26.3666
   -7.5000   37.5000   45.0000 8190.1616   26.4109
    0.0000   37.5000   45.0000 8510.8311   26.4306
    7.5000   37.5000   45.0000 8148.5024   26.3635
   -7.5000   45.0000   45.0000 7443.9443   25.7997
    0.0000   45.0000   45.0000 7736.8311   25.8265
    7.5000   45.0000   45.0000 7421.2358   25.7570

---------------------------------------------------------------------
imgreg_4dfp /opt/freesurfer/average/711-2C_as_mni_average_305 /opt/freesurfer/average/711-2B_as_mni_average_305_mask talsrcimg_g11 none talsrcimg_to_711-2C_as_mni_average_305_t4 4355
---------------------------------------------------------------------

freesurfer imgreg_4dfp.c
/opt/freesurfer/average/711-2C_as_mni_average_305.4dfp.img
       256       256       256         1
  1.000000  1.000000  1.000000
orientation T byte_order littleendian
Reading image: /opt/freesurfer/average/711-2C_as_mni_average_305.4dfp.img
dimensions:      256       256       256
mmppix:       1.0000   -1.0000   -1.0000
center:     128.0000 -129.0000 -129.0000
/opt/freesurfer/average/711-2B_as_mni_average_305_mask.4dfp.img
       256       256       256         1
  1.000000  1.000000  1.000000
orientation T byte_order littleendian
Reading mask: /opt/freesurfer/average/711-2B_as_mni_average_305_mask.4dfp.img (2306576 pixels)
talsrcimg_g11.4dfp.img
       256       256       256         1
  1.000000  1.000000  1.000000
orientation T byte_order littleendian
Reading image: talsrcimg_g11.4dfp.img
dimensions:      256       256       256
mmppix:       1.0000   -1.0000   -1.0000
center:     128.0000 -129.0000 -129.0000
rotation matrix determinant  1.000000
image alignment mode   4355 decimal     1103 hex
   -7.5000  -45.0000  -45.0000 2049.3127   21.0944
    0.0000  -45.0000  -45.0000 2066.4414   20.8957
    7.5000  -45.0000  -45.0000 2046.4629   21.1060
   -7.5000  -37.5000  -45.0000 2169.1375   18.9504
    0.0000  -37.5000  -45.0000 2184.5818   18.7812
    7.5000  -37.5000  -45.0000 2169.3479   18.9933
   -7.5000  -30.0000  -45.0000 2267.7874   17.2904
    0.0000  -30.0000  -45.0000 2286.0027   17.1263
    7.5000  -30.0000  -45.0000 2270.6194   17.2990
   -7.5000  -22.5000  -45.0000 2350.8364   16.1597
    0.0000  -22.5000  -45.0000 2372.5452   16.0330
    7.5000  -22.5000  -45.0000 2352.0669   16.1700
   -7.5000  -15.0000  -45.0000 2394.5005   15.5223
    0.0000  -15.0000  -45.0000 2422.7578   15.4107
    7.5000  -15.0000  -45.0000 2400.3877   15.5138
   -7.5000   -7.5000  -45.0000 2425.0547   15.2158
    0.0000   -7.5000  -45.0000 2450.7185   15.0920
    7.5000   -7.5000  -45.0000 2427.3721   15.1862
   -7.5000    0.0000  -45.0000 2415.8628   15.2410
    0.0000    0.0000  -45.0000 2445.6038   15.1383
    7.5000    0.0000  -45.0000 2420.5217   15.2275
   -7.5000    7.5000  -45.0000 2392.0151   15.5696
    0.0000    7.5000  -45.0000 2422.8899   15.4420
    7.5000    7.5000  -45.0000 2395.0715   15.5651
   -7.5000   15.0000  -45.0000 2340.5198   16.1803
    0.0000   15.0000  -45.0000 2370.9338   16.0082
    7.5000   15.0000  -45.0000 2347.2053   16.1432
   -7.5000   22.5000  -45.0000 2270.2629   17.1285
    0.0000   22.5000  -45.0000 2300.3989   16.9194
    7.5000   22.5000  -45.0000 2277.5195   17.0989
   -7.5000   30.0000  -45.0000 2174.1973   18.4675
    0.0000   30.0000  -45.0000 2200.8118   18.2461
    7.5000   30.0000  -45.0000 2176.1924   18.4354
   -7.5000   37.5000  -45.0000 2061.9597   20.3286
    0.0000   37.5000  -45.0000 2080.1479   20.0393
    7.5000   37.5000  -45.0000 2061.2471   20.2305
   -7.5000   45.0000  -45.0000 1932.4779   22.8142
    0.0000   45.0000  -45.0000 1946.2374   22.4924
    7.5000   45.0000  -45.0000 1930.8285   22.6747
   -7.5000  -45.0000  -37.5000 2102.8276   19.9580
    0.0000  -45.0000  -37.5000 2115.7329   19.7879
    7.5000  -45.0000  -37.5000 2102.7104   20.0069
   -7.5000  -37.5000  -37.5000 2225.8369   17.8881
    0.0000  -37.5000  -37.5000 2239.8328   17.7284
    7.5000  -37.5000  -37.5000 2225.1560   17.9250
   -7.5000  -30.0000  -37.5000 2331.1528   16.3238
    0.0000  -30.0000  -37.5000 2350.3860   16.1812
    7.5000  -30.0000  -37.5000 2331.6306   16.3490
   -7.5000  -22.5000  -37.5000 2421.6682   15.2413
    0.0000  -22.5000  -37.5000 2445.0881   15.1229
    7.5000  -22.5000  -37.5000 2423.5405   15.2621
   -7.5000  -15.0000  -37.5000 2481.3130   14.6038
    0.0000  -15.0000  -37.5000 2507.7375   14.4597
    7.5000  -15.0000  -37.5000 2483.7026   14.6034
   -7.5000   -7.5000  -37.5000 2514.3721   14.2884
    0.0000   -7.5000  -37.5000 2539.5164   14.1846
    7.5000   -7.5000  -37.5000 2517.7131   14.2935
   -7.5000    0.0000  -37.5000 2512.5002   14.3545
    0.0000    0.0000  -37.5000 2544.9412   14.2382
    7.5000    0.0000  -37.5000 2513.7893   14.3306
   -7.5000    7.5000  -37.5000 2485.8069   14.7003
    0.0000    7.5000  -37.5000 2522.8391   14.5975
    7.5000    7.5000  -37.5000 2485.8179   14.6924
   -7.5000   15.0000  -37.5000 2431.8352   15.3063
    0.0000   15.0000  -37.5000 2461.4109   15.1826
    7.5000   15.0000  -37.5000 2430.2751   15.2816
   -7.5000   22.5000  -37.5000 2352.7305   16.1818
    0.0000   22.5000  -37.5000 2384.3464   16.0208
    7.5000   22.5000  -37.5000 2356.7930   16.1532
   -7.5000   30.0000  -37.5000 2248.1704   17.4043
    0.0000   30.0000  -37.5000 2274.1367   17.2105
    7.5000   30.0000  -37.5000 2251.0928   17.3667
   -7.5000   37.5000  -37.5000 2127.0076   19.1103
    0.0000   37.5000  -37.5000 2146.5420   18.8869
    7.5000   37.5000  -37.5000 2128.4714   19.0688
   -7.5000   45.0000  -37.5000 1988.0953   21.4763
    0.0000   45.0000  -37.5000 2000.5203   21.1771
    7.5000   45.0000  -37.5000 1986.2295   21.3511
   -7.5000  -45.0000  -30.0000 2185.9897   19.6055
    0.0000  -45.0000  -30.0000 2200.1257   19.4036
    7.5000  -45.0000  -30.0000 2183.7749   19.7045
   -7.5000  -37.5000  -30.0000 2315.2727   17.5784
    0.0000  -37.5000  -30.0000 2334.9272   17.3893
    7.5000  -37.5000  -30.0000 2316.5933   17.6672
   -7.5000  -30.0000  -30.0000 2428.3379   16.0348
    0.0000  -30.0000  -30.0000 2455.3037   15.8811
    7.5000  -30.0000  -30.0000 2430.8118   16.0996
   -7.5000  -22.5000  -30.0000 2532.4365   14.9438
    0.0000  -22.5000  -30.0000 2556.2114   14.8106
    7.5000  -22.5000  -30.0000 2534.6130   14.9952
   -7.5000  -15.0000  -30.0000 2605.7029   14.2657
    0.0000  -15.0000  -30.0000 2631.1240   14.1169
    7.5000  -15.0000  -30.0000 2612.2578   14.3151
   -7.5000   -7.5000  -30.0000 2649.6133   13.9567
    0.0000   -7.5000  -30.0000 2682.4868   13.8221
    7.5000   -7.5000  -30.0000 2652.3123   13.9947
   -7.5000    0.0000  -30.0000 2652.6885   14.0306
    0.0000    0.0000  -30.0000 2689.2502   13.9239
    7.5000    0.0000  -30.0000 2650.3062   14.0582
   -7.5000    7.5000  -30.0000 2636.2432   14.3969
    0.0000    7.5000  -30.0000 2670.7161   14.2975
    7.5000    7.5000  -30.0000 2627.1462   14.4184
   -7.5000   15.0000  -30.0000 2569.8694   15.0116
    0.0000   15.0000  -30.0000 2606.0706   14.9165
    7.5000   15.0000  -30.0000 2565.1731   15.0028
   -7.5000   22.5000  -30.0000 2480.4976   15.8334
    0.0000   22.5000  -30.0000 2513.3777   15.7125
    7.5000   22.5000  -30.0000 2480.0588   15.8256
   -7.5000   30.0000  -30.0000 2364.5974   16.9947
    0.0000   30.0000  -30.0000 2393.2427   16.8515
    7.5000   30.0000  -30.0000 2364.2310   16.9833
   -7.5000   37.5000  -30.0000 2229.5134   18.6494
    0.0000   37.5000  -30.0000 2256.0066   18.4826
    7.5000   37.5000  -30.0000 2233.0435   18.6361
   -7.5000   45.0000  -30.0000 2085.6453   20.9817
    0.0000   45.0000  -30.0000 2104.2190   20.7190
    7.5000   45.0000  -30.0000 2085.2371   20.8861
   -7.5000  -45.0000  -22.5000 2233.3611   19.2201
    0.0000  -45.0000  -22.5000 2251.8113   19.0602
    7.5000  -45.0000  -22.5000 2230.4082   19.4111
   -7.5000  -37.5000  -22.5000 2369.5989   17.2239
    0.0000  -37.5000  -22.5000 2392.1587   17.0632
    7.5000  -37.5000  -22.5000 2368.9333   17.3501
   -7.5000  -30.0000  -22.5000 2493.7925   15.7004
    0.0000  -30.0000  -22.5000 2517.1199   15.5391
    7.5000  -30.0000  -22.5000 2491.6360   15.8136
   -7.5000  -22.5000  -22.5000 2607.5447   14.6059
    0.0000  -22.5000  -22.5000 2630.2825   14.4549
    7.5000  -22.5000  -22.5000 2608.7498   14.7200
   -7.5000  -15.0000  -22.5000 2701.0574   13.9338
    0.0000  -15.0000  -22.5000 2729.0647   13.7779
    7.5000  -15.0000  -22.5000 2698.9863   14.0188
   -7.5000   -7.5000  -22.5000 2757.0046   13.6099
    0.0000   -7.5000  -22.5000 2798.2664   13.4435
    7.5000   -7.5000  -22.5000 2756.0747   13.6652
   -7.5000    0.0000  -22.5000 2768.8301   13.6603
    0.0000    0.0000  -22.5000 2807.4736   13.5385
    7.5000    0.0000  -22.5000 2765.4094   13.7238
   -7.5000    7.5000  -22.5000 2746.9844   14.0173
    0.0000    7.5000  -22.5000 2782.0029   13.9493
    7.5000    7.5000  -22.5000 2734.9885   14.0919
   -7.5000   15.0000  -22.5000 2674.9526   14.6204
    0.0000   15.0000  -22.5000 2705.2229   14.5696
    7.5000   15.0000  -22.5000 2665.2603   14.6777
   -7.5000   22.5000  -22.5000 2568.8918   15.4243
    0.0000   22.5000  -22.5000 2604.0779   15.3554
    7.5000   22.5000  -22.5000 2568.1807   15.4703
   -7.5000   30.0000  -22.5000 2444.6948   16.5484
    0.0000   30.0000  -22.5000 2476.8386   16.4275
    7.5000   30.0000  -22.5000 2442.3286   16.5516
   -7.5000   37.5000  -22.5000 2306.6672   18.1408
    0.0000   37.5000  -22.5000 2330.3999   18.0023
    7.5000   37.5000  -22.5000 2300.7253   18.1393
   -7.5000   45.0000  -22.5000 2153.5842   20.4092
    0.0000   45.0000  -22.5000 2175.2146   20.1903
    7.5000   45.0000  -22.5000 2150.1975   20.3174
   -7.5000  -45.0000  -15.0000 2247.1670   19.0129
    0.0000  -45.0000  -15.0000 2264.5759   18.8484
    7.5000  -45.0000  -15.0000 2242.7869   19.2370
   -7.5000  -37.5000  -15.0000 2385.5161   16.9616
    0.0000  -37.5000  -15.0000 2410.0466   16.8164
    7.5000  -37.5000  -15.0000 2382.9368   17.1512
   -7.5000  -30.0000  -15.0000 2516.1228   15.4525
    0.0000  -30.0000  -15.0000 2539.8027   15.2857
    7.5000  -30.0000  -15.0000 2513.1382   15.6174
   -7.5000  -22.5000  -15.0000 2638.2830   14.3801
    0.0000  -22.5000  -15.0000 2665.8740   14.1943
    7.5000  -22.5000  -15.0000 2638.8921   14.5158
   -7.5000  -15.0000  -15.0000 2750.1804   13.7174
    0.0000  -15.0000  -15.0000 2783.2502   13.5372
    7.5000  -15.0000  -15.0000 2747.8687   13.8215
   -7.5000   -7.5000  -15.0000 2820.9268   13.3832
    0.0000   -7.5000  -15.0000 2869.0837   13.1849
    7.5000   -7.5000  -15.0000 2816.0129   13.4491
   -7.5000    0.0000  -15.0000 2844.3745   13.3352
    0.0000    0.0000  -15.0000 2890.0806   13.1905
    7.5000    0.0000  -15.0000 2836.1816   13.4223
   -7.5000    7.5000  -15.0000 2812.5684   13.6404
    0.0000    7.5000  -15.0000 2846.7874   13.5467
    7.5000    7.5000  -15.0000 2797.1057   13.7605
   -7.5000   15.0000  -15.0000 2724.6650   14.2279
    0.0000   15.0000  -15.0000 2756.5432   14.1424
    7.5000   15.0000  -15.0000 2718.1191   14.3027
   -7.5000   22.5000  -15.0000 2612.3518   15.0946
    0.0000   22.5000  -15.0000 2644.2642   14.9725
    7.5000   22.5000  -15.0000 2606.8562   15.0959
   -7.5000   30.0000  -15.0000 2479.0498   16.2055
    0.0000   30.0000  -15.0000 2510.7461   16.0540
    7.5000   30.0000  -15.0000 2478.8174   16.1520
   -7.5000   37.5000  -15.0000 2338.3760   17.7442
    0.0000   37.5000  -15.0000 2362.9773   17.5651
    7.5000   37.5000  -15.0000 2331.7188   17.7215
   -7.5000   45.0000  -15.0000 2181.7896   19.8578
    0.0000   45.0000  -15.0000 2205.8418   19.6758
    7.5000   45.0000  -15.0000 2178.5918   19.8397
   -7.5000  -45.0000   -7.5000 2240.6873   18.9670
    0.0000  -45.0000   -7.5000 2260.7173   18.7856
    7.5000  -45.0000   -7.5000 2228.8628   19.1770
   -7.5000  -37.5000   -7.5000 2379.2380   16.8976
    0.0000  -37.5000   -7.5000 2399.4736   16.7370
    7.5000  -37.5000   -7.5000 2371.8147   17.0997
   -7.5000  -30.0000   -7.5000 2513.8682   15.3773
    0.0000  -30.0000   -7.5000 2536.7544   15.2083
    7.5000  -30.0000   -7.5000 2510.2234   15.5487
   -7.5000  -22.5000   -7.5000 2641.4436   14.3055
    0.0000  -22.5000   -7.5000 2673.3206   14.1099
    7.5000  -22.5000   -7.5000 2645.2056   14.4371
   -7.5000  -15.0000   -7.5000 2759.2966   13.6229
    0.0000  -15.0000   -7.5000 2798.4917   13.4280
    7.5000  -15.0000   -7.5000 2759.4277   13.7295
   -7.5000   -7.5000   -7.5000 2842.8770   13.2434
    0.0000   -7.5000   -7.5000 2893.0073   13.0544
    7.5000   -7.5000   -7.5000 2833.6541   13.3273
   -7.5000    0.0000   -7.5000 2872.7078   13.2149
    0.0000    0.0000   -7.5000 2920.5298   13.0244
    7.5000    0.0000   -7.5000 2861.4849   13.2840
   -7.5000    7.5000   -7.5000 2835.9668   13.4899
    0.0000    7.5000   -7.5000 2872.4795   13.3276
    7.5000    7.5000   -7.5000 2824.2207   13.5371
   -7.5000   15.0000   -7.5000 2737.9978   14.0631
    0.0000   15.0000   -7.5000 2770.3914   13.8930
    7.5000   15.0000   -7.5000 2731.2031   14.0775
   -7.5000   22.5000   -7.5000 2621.6750   14.9076
    0.0000   22.5000   -7.5000 2651.6003   14.6999
    7.5000   22.5000   -7.5000 2614.4250   14.8877
   -7.5000   30.0000   -7.5000 2481.9910   16.0617
    0.0000   30.0000   -7.5000 2508.5281   15.8162
    7.5000   30.0000   -7.5000 2479.3025   15.9874
   -7.5000   37.5000   -7.5000 2339.9983   17.5846
    0.0000   37.5000   -7.5000 2362.9468   17.3260
    7.5000   37.5000   -7.5000 2336.0264   17.5084
   -7.5000   45.0000   -7.5000 2182.4038   19.6008
    0.0000   45.0000   -7.5000 2203.7710   19.3221
    7.5000   45.0000   -7.5000 2176.2993   19.5442
   -7.5000  -45.0000    0.0000 2223.1130   19.2403
    0.0000  -45.0000    0.0000 2243.3909   19.0745
    7.5000  -45.0000    0.0000 2205.6191   19.4402
   -7.5000  -37.5000    0.0000 2360.3748   17.1034
    0.0000  -37.5000    0.0000 2380.0715   16.9852
    7.5000  -37.5000    0.0000 2342.4763   17.2661
   -7.5000  -30.0000    0.0000 2489.6108   15.5492
    0.0000  -30.0000    0.0000 2511.0139   15.4016
    7.5000  -30.0000    0.0000 2481.6335   15.6863
   -7.5000  -22.5000    0.0000 2616.8987   14.4561
    0.0000  -22.5000    0.0000 2649.8540   14.2892
    7.5000  -22.5000    0.0000 2611.3416   14.5828
   -7.5000  -15.0000    0.0000 2727.9536   13.7571
    0.0000  -15.0000    0.0000 2768.3997   13.5939
    7.5000  -15.0000    0.0000 2724.9519   13.8438
   -7.5000   -7.5000    0.0000 2812.7224   13.3601
    0.0000   -7.5000    0.0000 2858.3608   13.1666
    7.5000   -7.5000    0.0000 2807.8726   13.4577
   -7.5000    0.0000    0.0000 2852.0298   13.3882
    0.0000    0.0000    0.0000 2890.1777   13.1866
    7.5000    0.0000    0.0000 2839.7358   13.4391
   -7.5000    7.5000    0.0000 2813.7812   13.6425
    0.0000    7.5000    0.0000 2846.6956   13.4219
    7.5000    7.5000    0.0000 2803.1672   13.6637
   -7.5000   15.0000    0.0000 2721.4878   14.1214
    0.0000   15.0000    0.0000 2749.9885   13.8982
    7.5000   15.0000    0.0000 2712.0151   14.1194
   -7.5000   22.5000    0.0000 2601.7781   14.9251
    0.0000   22.5000    0.0000 2630.5396   14.6933
    7.5000   22.5000    0.0000 2596.0073   14.8812
   -7.5000   30.0000    0.0000 2458.2510   16.1105
    0.0000   30.0000    0.0000 2485.2502   15.8645
    7.5000   30.0000    0.0000 2459.0347   16.0308
   -7.5000   37.5000    0.0000 2318.2786   17.6269
    0.0000   37.5000    0.0000 2338.0720   17.3657
    7.5000   37.5000    0.0000 2318.3413   17.5182
   -7.5000   45.0000    0.0000 2159.3518   19.6426
    0.0000   45.0000    0.0000 2175.5718   19.3526
    7.5000   45.0000    0.0000 2157.4407   19.5073
   -7.5000  -45.0000    7.5000 2196.8784   19.7818
    0.0000  -45.0000    7.5000 2215.3657   19.6295
    7.5000  -45.0000    7.5000 2179.2722   20.0077
   -7.5000  -37.5000    7.5000 2330.5259   17.6043
    0.0000  -37.5000    7.5000 2349.4023   17.4288
    7.5000  -37.5000    7.5000 2312.2495   17.7769
   -7.5000  -30.0000    7.5000 2456.7380   16.0277
    0.0000  -30.0000    7.5000 2477.3411   15.8618
    7.5000  -30.0000    7.5000 2442.4736   16.1614
   -7.5000  -22.5000    7.5000 2577.9800   14.9481
    0.0000  -22.5000    7.5000 2605.8135   14.7531
    7.5000  -22.5000    7.5000 2566.8875   15.0315
   -7.5000  -15.0000    7.5000 2678.5940   14.2052
    0.0000  -15.0000    7.5000 2709.5791   14.0383
    7.5000  -15.0000    7.5000 2670.0586   14.3014
   -7.5000   -7.5000    7.5000 2754.0767   13.8300
    0.0000   -7.5000    7.5000 2786.5979   13.6731
    7.5000   -7.5000    7.5000 2746.1582   13.9052
   -7.5000    0.0000    7.5000 2777.5059   13.8125
    0.0000    0.0000    7.5000 2811.4192   13.6698
    7.5000    0.0000    7.5000 2769.8562   13.8346
   -7.5000    7.5000    7.5000 2743.4888   14.0051
    0.0000    7.5000    7.5000 2778.2302   13.8949
    7.5000    7.5000    7.5000 2740.2029   14.0268
   -7.5000   15.0000    7.5000 2659.1648   14.4962
    0.0000   15.0000    7.5000 2692.4902   14.3722
    7.5000   15.0000    7.5000 2655.5295   14.5196
   -7.5000   22.5000    7.5000 2551.8643   15.2682
    0.0000   22.5000    7.5000 2579.9028   15.1052
    7.5000   22.5000    7.5000 2546.9995   15.2846
   -7.5000   30.0000    7.5000 2421.0483   16.4083
    0.0000   30.0000    7.5000 2446.0823   16.1844
    7.5000   30.0000    7.5000 2420.5991   16.3648
   -7.5000   37.5000    7.5000 2284.4788   17.9040
    0.0000   37.5000    7.5000 2307.2795   17.6005
    7.5000   37.5000    7.5000 2288.9438   17.8213
   -7.5000   45.0000    7.5000 2133.1548   19.8757
    0.0000   45.0000    7.5000 2149.3296   19.5398
    7.5000   45.0000    7.5000 2133.5610   19.7492
   -7.5000  -45.0000   15.0000 2154.9121   20.6848
    0.0000  -45.0000   15.0000 2172.7651   20.5260
    7.5000  -45.0000   15.0000 2141.2322   20.9600
   -7.5000  -37.5000   15.0000 2286.3101   18.4404
    0.0000  -37.5000   15.0000 2306.7175   18.2533
    7.5000  -37.5000   15.0000 2268.0872   18.5972
   -7.5000  -30.0000   15.0000 2409.9812   16.8433
    0.0000  -30.0000   15.0000 2431.1086   16.6856
    7.5000  -30.0000   15.0000 2392.4280   16.9688
   -7.5000  -22.5000   15.0000 2521.3660   15.7288
    0.0000  -22.5000   15.0000 2543.7202   15.5792
    7.5000  -22.5000   15.0000 2505.2434   15.8433
   -7.5000  -15.0000   15.0000 2607.3430   14.9862
    0.0000  -15.0000   15.0000 2637.5632   14.8468
    7.5000  -15.0000   15.0000 2598.5396   15.0811
   -7.5000   -7.5000   15.0000 2671.9268   14.6112
    0.0000   -7.5000   15.0000 2698.5442   14.4717
    7.5000   -7.5000   15.0000 2664.1599   14.6465
   -7.5000    0.0000   15.0000 2680.9185   14.5307
    0.0000    0.0000   15.0000 2708.8147   14.3946
    7.5000    0.0000   15.0000 2676.9246   14.5184
   -7.5000    7.5000   15.0000 2649.0339   14.6909
    0.0000    7.5000   15.0000 2677.0803   14.5704
    7.5000    7.5000   15.0000 2649.4153   14.6926
   -7.5000   15.0000   15.0000 2574.1980   15.1674
    0.0000   15.0000   15.0000 2602.1191   15.0252
    7.5000   15.0000   15.0000 2579.4404   15.1774
   -7.5000   22.5000   15.0000 2479.3125   15.9198
    0.0000   22.5000   15.0000 2505.4570   15.7603
    7.5000   22.5000   15.0000 2481.0029   15.9425
   -7.5000   30.0000   15.0000 2364.3462   17.0222
    0.0000   30.0000   15.0000 2384.9563   16.8523
    7.5000   30.0000   15.0000 2360.9963   17.0292
   -7.5000   37.5000   15.0000 2234.1609   18.4959
    0.0000   37.5000   15.0000 2251.1472   18.2684
    7.5000   37.5000   15.0000 2233.2598   18.4473
   -7.5000   45.0000   15.0000 2087.8059   20.4298
    0.0000   45.0000   15.0000 2104.6304   20.1613
    7.5000   45.0000   15.0000 2087.4075   20.3546
   -7.5000  -45.0000   22.5000 2103.1338   22.0294
    0.0000  -45.0000   22.5000 2116.6431   21.8863
    7.5000  -45.0000   22.5000 2090.9385   22.3174
   -7.5000  -37.5000   22.5000 2229.3391   19.7114
    0.0000  -37.5000   22.5000 2244.3411   19.5780
    7.5000  -37.5000   22.5000 2213.4756   19.8682
   -7.5000  -30.0000   22.5000 2344.9561   18.0212
    0.0000  -30.0000   22.5000 2365.3215   17.8964
    7.5000  -30.0000   22.5000 2329.3181   18.1543
   -7.5000  -22.5000   22.5000 2445.5457   16.8330
    0.0000  -22.5000   22.5000 2471.2102   16.7189
    7.5000  -22.5000   22.5000 2434.7576   16.9411
   -7.5000  -15.0000   22.5000 2528.6860   16.0650
    0.0000  -15.0000   22.5000 2555.3911   15.9612
    7.5000  -15.0000   22.5000 2518.9185   16.1610
   -7.5000   -7.5000   22.5000 2578.7925   15.6496
    0.0000   -7.5000   22.5000 2602.5681   15.5265
    7.5000   -7.5000   22.5000 2572.5334   15.6707
   -7.5000    0.0000   22.5000 2585.2102   15.5067
    0.0000    0.0000   22.5000 2606.5227   15.3756
    7.5000    0.0000   22.5000 2579.3354   15.4814
   -7.5000    7.5000   22.5000 2550.4656   15.6514
    0.0000    7.5000   22.5000 2573.6619   15.5247
    7.5000    7.5000   22.5000 2547.9878   15.6322
   -7.5000   15.0000   22.5000 2481.1270   16.1080
    0.0000   15.0000   22.5000 2502.5498   15.9778
    7.5000   15.0000   22.5000 2482.1646   16.1262
   -7.5000   22.5000   22.5000 2398.0894   16.8580
    0.0000   22.5000   22.5000 2420.5823   16.6988
    7.5000   22.5000   22.5000 2397.1426   16.8768
   -7.5000   30.0000   22.5000 2299.2849   17.9019
    0.0000   30.0000   22.5000 2318.7217   17.7280
    7.5000   30.0000   22.5000 2297.3301   17.9133
   -7.5000   37.5000   22.5000 2172.8804   19.3864
    0.0000   37.5000   22.5000 2193.4521   19.1735
    7.5000   37.5000   22.5000 2177.3455   19.3380
   -7.5000   45.0000   22.5000 2038.7759   21.3345
    0.0000   45.0000   22.5000 2054.2617   21.0974
    7.5000   45.0000   22.5000 2041.7352   21.2788
   -7.5000  -45.0000   30.0000 2034.2479   23.8939
    0.0000  -45.0000   30.0000 2042.8062   23.7047
    7.5000  -45.0000   30.0000 2027.1165   24.1362
   -7.5000  -37.5000   30.0000 2154.7917   21.4331
    0.0000  -37.5000   30.0000 2167.9153   21.2247
    7.5000  -37.5000   30.0000 2144.3779   21.5183
   -7.5000  -30.0000   30.0000 2266.2527   19.6015
    0.0000  -30.0000   30.0000 2278.9858   19.4308
    7.5000  -30.0000   30.0000 2251.6631   19.6534
   -7.5000  -22.5000   30.0000 2359.1870   18.3102
    0.0000  -22.5000   30.0000 2379.3950   18.1627
    7.5000  -22.5000   30.0000 2347.1831   18.3955
   -7.5000  -15.0000   30.0000 2432.0640   17.4600
    0.0000  -15.0000   30.0000 2456.1521   17.3428
    7.5000  -15.0000   30.0000 2425.2898   17.5254
   -7.5000   -7.5000   30.0000 2478.7502   16.9743
    0.0000   -7.5000   30.0000 2498.9529   16.8620
    7.5000   -7.5000   30.0000 2466.6907   16.9803
   -7.5000    0.0000   30.0000 2477.3147   16.7487
    0.0000    0.0000   30.0000 2498.2432   16.6227
    7.5000    0.0000   30.0000 2471.9810   16.7281
   -7.5000    7.5000   30.0000 2444.3740   16.8745
    0.0000    7.5000   30.0000 2460.9631   16.7344
    7.5000    7.5000   30.0000 2443.1655   16.8503
   -7.5000   15.0000   30.0000 2384.3315   17.3315
    0.0000   15.0000   30.0000 2399.0020   17.1674
    7.5000   15.0000   30.0000 2381.8726   17.3361
   -7.5000   22.5000   30.0000 2312.1099   18.0537
    0.0000   22.5000   30.0000 2327.5515   17.8744
    7.5000   22.5000   30.0000 2309.2375   18.0454
   -7.5000   30.0000   30.0000 2220.6250   19.0367
    0.0000   30.0000   30.0000 2236.6665   18.8374
    7.5000   30.0000   30.0000 2217.6270   19.0204
   -7.5000   37.5000   30.0000 2107.7820   20.5612
    0.0000   37.5000   30.0000 2126.1050   20.2957
    7.5000   37.5000   30.0000 2103.2739   20.4650
   -7.5000   45.0000   30.0000 1980.9509   22.4971
    0.0000   45.0000   30.0000 1995.5756   22.2127
    7.5000   45.0000   30.0000 1976.9208   22.4085
   -7.5000  -45.0000   37.5000 1958.0935   26.0610
    0.0000  -45.0000   37.5000 1962.1223   25.8700
    7.5000  -45.0000   37.5000 1948.0538   26.2824
   -7.5000  -37.5000   37.5000 2072.4976   23.4498
    0.0000  -37.5000   37.5000 2080.2246   23.2285
    7.5000  -37.5000   37.5000 2063.2183   23.5227
   -7.5000  -30.0000   37.5000 2177.3721   21.5271
    0.0000  -30.0000   37.5000 2186.3091   21.2929
    7.5000  -30.0000   37.5000 2165.6489   21.5712
   -7.5000  -22.5000   37.5000 2269.1819   20.1146
    0.0000  -22.5000   37.5000 2284.8223   19.9406
    7.5000  -22.5000   37.5000 2257.4126   20.1822
   -7.5000  -15.0000   37.5000 2331.9365   19.1459
    0.0000  -15.0000   37.5000 2345.5417   18.9947
    7.5000  -15.0000   37.5000 2324.7705   19.1907
   -7.5000   -7.5000   37.5000 2371.7275   18.5835
    0.0000   -7.5000   37.5000 2385.5657   18.4007
    7.5000   -7.5000   37.5000 2363.0750   18.5684
   -7.5000    0.0000   37.5000 2369.3289   18.2566
    0.0000    0.0000   37.5000 2386.3105   18.0870
    7.5000    0.0000   37.5000 2366.4233   18.2474
   -7.5000    7.5000   37.5000 2335.9998   18.3288
    0.0000    7.5000   37.5000 2350.4954   18.1453
    7.5000    7.5000   37.5000 2337.2246   18.3338
   -7.5000   15.0000   37.5000 2284.8831   18.7889
    0.0000   15.0000   37.5000 2299.5530   18.6089
    7.5000   15.0000   37.5000 2282.9126   18.7939
   -7.5000   22.5000   37.5000 2217.9526   19.5233
    0.0000   22.5000   37.5000 2233.1682   19.3487
    7.5000   22.5000   37.5000 2219.4077   19.5503
   -7.5000   30.0000   37.5000 2134.9343   20.5103
    0.0000   30.0000   37.5000 2147.3428   20.2952
    7.5000   30.0000   37.5000 2134.7776   20.4936
   -7.5000   37.5000   37.5000 2029.9021   22.0294
    0.0000   37.5000   37.5000 2042.3027   21.7129
    7.5000   37.5000   37.5000 2026.5360   21.8817
   -7.5000   45.0000   37.5000 1909.5233   24.0028
    0.0000   45.0000   37.5000 1917.9412   23.6605
    7.5000   45.0000   37.5000 1902.9574   23.8785
   -7.5000  -45.0000   45.0000 1866.8813   28.7182
    0.0000  -45.0000   45.0000 1870.8721   28.5082
    7.5000  -45.0000   45.0000 1853.8550   28.9496
   -7.5000  -37.5000   45.0000 1977.1321   25.7975
    0.0000  -37.5000   45.0000 1983.1235   25.6155
    7.5000  -37.5000   45.0000 1969.7246   25.9833
   -7.5000  -30.0000   45.0000 2079.1018   23.7566
    0.0000  -30.0000   45.0000 2085.4507   23.5554
    7.5000  -30.0000   45.0000 2063.8027   23.8843
   -7.5000  -22.5000   45.0000 2170.2517   22.2600
    0.0000  -22.5000   45.0000 2181.8022   22.0461
    7.5000  -22.5000   45.0000 2150.7820   22.3487
   -7.5000  -15.0000   45.0000 2228.3101   21.1675
    0.0000  -15.0000   45.0000 2241.1724   20.9648
    7.5000  -15.0000   45.0000 2218.9697   21.2286
   -7.5000   -7.5000   45.0000 2259.6538   20.4356
    0.0000   -7.5000   45.0000 2271.7458   20.2198
    7.5000   -7.5000   45.0000 2249.0825   20.4720
   -7.5000    0.0000   45.0000 2255.3330   20.0251
    0.0000    0.0000   45.0000 2266.5876   19.8060
    7.5000    0.0000   45.0000 2251.5269   20.0759
   -7.5000    7.5000   45.0000 2230.4958   20.0343
    0.0000    7.5000   45.0000 2239.1785   19.8048
    7.5000    7.5000   45.0000 2227.1995   20.0694
   -7.5000   15.0000   45.0000 2184.4167   20.4941
    0.0000   15.0000   45.0000 2194.8027   20.2621
    7.5000   15.0000   45.0000 2180.7490   20.4983
   -7.5000   22.5000   45.0000 2122.7793   21.2470
    0.0000   22.5000   45.0000 2135.5405   21.0372
    7.5000   22.5000   45.0000 2118.9854   21.2489
   -7.5000   30.0000   45.0000 2039.5630   22.3012
    0.0000   30.0000   45.0000 2053.3667   22.0547
    7.5000   30.0000   45.0000 2039.7571   22.2647
   -7.5000   37.5000   45.0000 1947.0790   23.8167
    0.0000   37.5000   45.0000 1955.9000   23.4634
    7.5000   37.5000   45.0000 1945.8230   23.6677
   -7.5000   45.0000   45.0000 1825.1538   25.8863
    0.0000   45.0000   45.0000 1834.5043   25.4882
    7.5000   45.0000   45.0000 1828.8330   25.7420

---------------------------------------------------------------------
imgreg_4dfp /opt/freesurfer/average/711-2C_as_mni_average_305 /opt/freesurfer/average/711-2B_as_mni_average_305_mask talsrcimg_g11 none talsrcimg_to_711-2C_as_mni_average_305_t4 1283
---------------------------------------------------------------------

freesurfer imgreg_4dfp.c
/opt/freesurfer/average/711-2C_as_mni_average_305.4dfp.img
       256       256       256         1
  1.000000  1.000000  1.000000
orientation T byte_order littleendian
Reading image: /opt/freesurfer/average/711-2C_as_mni_average_305.4dfp.img
dimensions:      256       256       256
mmppix:       1.0000   -1.0000   -1.0000
center:     128.0000 -129.0000 -129.0000
/opt/freesurfer/average/711-2B_as_mni_average_305_mask.4dfp.img
       256       256       256         1
  1.000000  1.000000  1.000000
orientation T byte_order littleendian
Reading mask: /opt/freesurfer/average/711-2B_as_mni_average_305_mask.4dfp.img (2306576 pixels)
talsrcimg_g11.4dfp.img
       256       256       256         1
  1.000000  1.000000  1.000000
orientation T byte_order littleendian
Reading image: talsrcimg_g11.4dfp.img
dimensions:      256       256       256
mmppix:       1.0000   -1.0000   -1.0000
center:     128.0000 -129.0000 -129.0000
rotation matrix determinant  1.000000
fimgreg.f
image alignment mode   1283 decimal      503 hex
parameters
    0.0000    0.0000   -7.5000    0.0000    0.0000    0.0000
eta,q 0.91914 12.93470
niter,ni,del,rscale     5    3   12.0000    1.2000
parameter  4  1.202340 ->  0.500000 qaram    1.1500
parameter  5 -0.917789 -> -0.500000 qaram    1.1500
parameters
   -0.8295   -0.4859   -7.7593   -3.4500    3.4500   -1.9004
eta,q 0.92506 12.89674
  0.0865  0.0896  0.0847  0.0760  0.0852  0.0761
  0.0800  0.0859  0.0824  0.0769  0.0823  0.0750
  0.0792  0.0820  0.0806  0.0785  0.0795  0.0749
  0.0816  0.0804  0.0802  0.0803  0.0773  0.0752
  0.0828  0.0822  0.0808  0.0832  0.0759  0.0759
  0.0837  0.0873  0.0826  0.0869  0.0750  0.0772
  0.0886  0.0943  0.0858  0.0911  0.0751  0.0795
niter,ni,del,rscale     6    3   12.0000    1.2000
parameters
   -1.8486    0.0045   -8.1387   -6.7307    3.5977   -0.6632
eta,q 0.92722 12.88276
  0.0811  0.0881  0.0798  0.0757  0.0801  0.0788
  0.0761  0.0806  0.0761  0.0728  0.0757  0.0752
  0.0749  0.0758  0.0754  0.0730  0.0732  0.0731
  0.0749  0.0749  0.0750  0.0750  0.0726  0.0726
  0.0764  0.0756  0.0755  0.0775  0.0732  0.0730
  0.0805  0.0784  0.0778  0.0807  0.0756  0.0735
  0.0881  0.0838  0.0807  0.0847  0.0792  0.0747
niter,ni,del,rscale     5    3   12.0000    1.2000
parameters
   -1.5946    0.9745   -9.2850   -7.6954    3.5519   -1.4056
eta,q 0.92818 12.84569
  0.0846  0.0872  0.0781  0.0777  0.0799  0.0743
  0.0772  0.0789  0.0738  0.0753  0.0757  0.0721
  0.0738  0.0740  0.0723  0.0724  0.0731  0.0716
  0.0728  0.0727  0.0730  0.0723  0.0720  0.0720
  0.0730  0.0736  0.0755  0.0747  0.0724  0.0724
  0.0762  0.0756  0.0788  0.0782  0.0757  0.0734
  0.0826  0.0790  0.0818  0.0807  0.0804  0.0755
niter,ni,del,rscale     4    3   12.0000    1.2000
parameters
   -1.6827    1.4304   -9.5428   -8.4758    3.6330   -1.4858
eta,q 0.92808 12.85263
  0.0826  0.0832  0.0808  0.0772  0.0800  0.0750
  0.0755  0.0766  0.0748  0.0759  0.0759  0.0725
  0.0727  0.0725  0.0721  0.0731  0.0732  0.0717
  0.0718  0.0718  0.0721  0.0719  0.0720  0.0719
  0.0725  0.0732  0.0745  0.0736  0.0724  0.0723
  0.0761  0.0755  0.0775  0.0773  0.0755  0.0730
  0.0833  0.0793  0.0805  0.0807  0.0800  0.0748
niter,ni,del,rscale     3    3   12.0000    1.2000
parameters
   -1.6845    1.7764   -9.8059   -9.1651    3.6704   -1.7702
eta,q 0.92788 12.86091
  0.0831  0.0818  0.0808  0.0767  0.0800  0.0748
  0.0759  0.0757  0.0747  0.0758  0.0762  0.0726
  0.0729  0.0722  0.0721  0.0735  0.0735  0.0720
  0.0719  0.0719  0.0721  0.0720  0.0722  0.0722
  0.0725  0.0731  0.0746  0.0730  0.0726  0.0724
  0.0760  0.0750  0.0774  0.0764  0.0759  0.0732
  0.0831  0.0789  0.0805  0.0803  0.0802  0.0751
niter,ni,del,rscale     2    3   12.0000    1.2000
parameters
   -1.7062    2.1257  -10.0450   -9.8758    3.7428   -2.0212
eta,q 0.92774 12.86987
  0.0833  0.0809  0.0809  0.0761  0.0801  0.0750
  0.0762  0.0753  0.0746  0.0753  0.0764  0.0727
  0.0732  0.0723  0.0721  0.0735  0.0737  0.0721
  0.0721  0.0721  0.0722  0.0720  0.0723  0.0723
  0.0728  0.0727  0.0746  0.0726  0.0728  0.0725
  0.0764  0.0744  0.0773  0.0757  0.0761  0.0733
  0.0835  0.0785  0.0803  0.0798  0.0801  0.0752
niter,ni,del,rscale     1    3   12.0000    1.2000
parameters
   -1.7519    2.5302  -10.2758  -10.6087    3.8595   -2.2489
eta,q 0.92784 12.87625
  0.0835  0.0800  0.0809  0.0757  0.0803  0.0751
  0.0765  0.0751  0.0743  0.0748  0.0765  0.0726
  0.0734  0.0727  0.0719  0.0732  0.0737  0.0719
  0.0723  0.0723  0.0722  0.0720  0.0722  0.0722
  0.0731  0.0721  0.0745  0.0724  0.0729  0.0725
  0.0768  0.0738  0.0771  0.0751  0.0764  0.0732
  0.0840  0.0781  0.0801  0.0793  0.0799  0.0752
registration optimization eta report
parameter search radius
    6.0000    6.0000    6.0000    6.9000    6.9000    6.0000
100000*second partial in parameter space
       32.       20.       23.       11.       16.        9.
  0.0835  0.0800  0.0809  0.0757  0.0803  0.0751
  0.0765  0.0751  0.0743  0.0748  0.0765  0.0726
  0.0734  0.0727  0.0719  0.0732  0.0737  0.0719
  0.0723  0.0723  0.0722  0.0720  0.0722  0.0722
  0.0731  0.0721  0.0745  0.0724  0.0729  0.0725
  0.0768  0.0738  0.0771  0.0751  0.0764  0.0732
  0.0840  0.0781  0.0801  0.0793  0.0799  0.0752
   -1.7519    2.5302  -10.2758  -10.6087    3.8595   -2.2489
eta,q 0.92784 12.87625

---------------------------------------------------------------------
imgreg_4dfp /opt/freesurfer/average/711-2C_as_mni_average_305 /opt/freesurfer/average/711-2B_as_mni_average_305_mask talsrcimg_g11 none talsrcimg_to_711-2C_as_mni_average_305_t4 3335
---------------------------------------------------------------------

freesurfer imgreg_4dfp.c
/opt/freesurfer/average/711-2C_as_mni_average_305.4dfp.img
       256       256       256         1
  1.000000  1.000000  1.000000
orientation T byte_order littleendian
Reading image: /opt/freesurfer/average/711-2C_as_mni_average_305.4dfp.img
dimensions:      256       256       256
mmppix:       1.0000   -1.0000   -1.0000
center:     128.0000 -129.0000 -129.0000
/opt/freesurfer/average/711-2B_as_mni_average_305_mask.4dfp.img
       256       256       256         1
  1.000000  1.000000  1.000000
orientation T byte_order littleendian
Reading mask: /opt/freesurfer/average/711-2B_as_mni_average_305_mask.4dfp.img (2306576 pixels)
talsrcimg_g11.4dfp.img
       256       256       256         1
  1.000000  1.000000  1.000000
orientation T byte_order littleendian
Reading image: talsrcimg_g11.4dfp.img
dimensions:      256       256       256
mmppix:       1.0000   -1.0000   -1.0000
center:     128.0000 -129.0000 -129.0000
fimgreg.f
image alignment mode   3335 decimal      D07 hex
parameters
   -1.7519    2.5302  -10.2758   -0.3036   -1.8336   -1.9322
    5.0952   -5.8885   -3.9151   18.6555    6.7310  -18.3683
eta,q 0.92874 12.92523
niter,ni,del,rscale     5    3    5.0000    1.2000
parameter  4  4.683613 ->  0.500000 qaram    1.1500
parameter  5  2.998097 ->  0.500000 qaram    1.1500
parameter  6  2.090811 ->  0.500000 qaram    1.1500
parameter 10  0.850887 ->  0.500000 qaram    1.1500
parameters
   -1.6976    3.5115   -9.2218   -4.4436   -5.9736   -6.0722
    3.3968   -5.0001   -0.9512   14.5155    3.7942  -18.2736
eta,q 0.95334 11.70673
  0.0735  0.0744  0.0733  0.0586  0.0520  0.0458  0.0508  0.0545  0.0521  0.0470  0.0472  0.0485
  0.0723  0.0730  0.0722  0.0620  0.0552  0.0484  0.0497  0.0519  0.0506  0.0468  0.0468  0.0475
  0.0716  0.0720  0.0714  0.0662  0.0589  0.0519  0.0491  0.0500  0.0496  0.0475  0.0467  0.0469
  0.0713  0.0713  0.0709  0.0707  0.0631  0.0562  0.0493  0.0491  0.0490  0.0488  0.0469  0.0467
  0.0714  0.0710  0.0707  0.0755  0.0678  0.0610  0.0501  0.0491  0.0488  0.0506  0.0475  0.0469
  0.0721  0.0711  0.0708  0.0805  0.0731  0.0666  0.0516  0.0503  0.0489  0.0528  0.0484  0.0475
  0.0734  0.0716  0.0711  0.0857  0.0787  0.0729  0.0534  0.0524  0.0492  0.0556  0.0495  0.0483
niter,ni,del,rscale     7    3    5.0000    1.2000
parameter  4  1.254853 ->  0.500000 qaram    1.3225
parameter  5  1.610506 ->  0.500000 qaram    1.3225
parameter  6  0.902466 ->  0.500000 qaram    1.3225
parameters
   -1.7075    3.8661  -10.3243   -9.2046  -10.7346  -10.8332
    3.6022   -4.9022   -0.3275   14.5625    4.4442  -20.2358
eta,q 0.96988 10.94542
  0.0499  0.0496  0.0468  0.0397  0.0333  0.0308  0.0334  0.0365  0.0325  0.0346  0.0325  0.0310
  0.0480  0.0481  0.0464  0.0404  0.0350  0.0301  0.0318  0.0333  0.0314  0.0323  0.0314  0.0304
  0.0470  0.0471  0.0463  0.0425  0.0375  0.0318  0.0307  0.0311  0.0307  0.0308  0.0306  0.0301
  0.0467  0.0467  0.0466  0.0463  0.0408  0.0356  0.0303  0.0303  0.0303  0.0303  0.0303  0.0303
  0.0471  0.0467  0.0474  0.0512  0.0450  0.0405  0.0306  0.0310  0.0304  0.0306  0.0304  0.0307
  0.0481  0.0472  0.0487  0.0565  0.0498  0.0466  0.0315  0.0331  0.0309  0.0321  0.0309  0.0315
  0.0498  0.0482  0.0504  0.0622  0.0553  0.0530  0.0331  0.0362  0.0319  0.0347  0.0318  0.0325
niter,ni,del,rscale     7    3    5.0000    1.2000
parameter  2 -0.681635 -> -0.500000 qaram    1.1500
parameter  5  0.889813 ->  0.500000 qaram    1.5209
parameter 10 -0.592078 -> -0.500000 qaram    1.3225
parameters
   -1.5072    5.2461  -11.1510  -12.6030  -16.2097  -14.2789
    3.6219   -4.7614   -1.0480   19.3235    6.0874  -21.6478
eta,q 0.97650 10.45197
  0.0348  0.0359  0.0299  0.0307  0.0246  0.0271  0.0279  0.0298  0.0271  0.0327  0.0256  0.0246
  0.0324  0.0335  0.0289  0.0291  0.0247  0.0259  0.0265  0.0275  0.0260  0.0298  0.0247  0.0239
  0.0308  0.0315  0.0286  0.0281  0.0259  0.0252  0.0256  0.0259  0.0254  0.0274  0.0241  0.0235
  0.0301  0.0301  0.0289  0.0286  0.0282  0.0249  0.0253  0.0253  0.0253  0.0253  0.0237  0.0236
  0.0303  0.0292  0.0300  0.0312  0.0316  0.0278  0.0256  0.0257  0.0257  0.0239  0.0236  0.0240
  0.0315  0.0289  0.0316  0.0361  0.0359  0.0331  0.0265  0.0271  0.0266  0.0237  0.0238  0.0248
  0.0335  0.0292  0.0336  0.0420  0.0412  0.0400  0.0279  0.0296  0.0279  0.0249  0.0244  0.0259
niter,ni,del,rscale     7    3    5.0000    1.2000
parameters
   -1.3622    6.5190  -12.0822  -13.2123  -20.2450  -15.5548
    3.6743   -4.5125   -1.4505   20.8069    6.1165  -23.7994
eta,q 0.97842 10.18610
  0.0278  0.0313  0.0230  0.0263  0.0240  0.0261  0.0247  0.0271  0.0240  0.0291  0.0227  0.0223
  0.0256  0.0280  0.0223  0.0244  0.0223  0.0241  0.0233  0.0246  0.0228  0.0259  0.0222  0.0218
  0.0241  0.0253  0.0222  0.0231  0.0217  0.0227  0.0224  0.0228  0.0221  0.0234  0.0219  0.0216
  0.0235  0.0235  0.0225  0.0222  0.0223  0.0217  0.0220  0.0220  0.0220  0.0220  0.0217  0.0217
  0.0238  0.0226  0.0233  0.0223  0.0246  0.0222  0.0223  0.0224  0.0224  0.0218  0.0218  0.0222
  0.0249  0.0227  0.0246  0.0244  0.0283  0.0256  0.0232  0.0240  0.0232  0.0232  0.0221  0.0229
  0.0269  0.0239  0.0263  0.0287  0.0333  0.0310  0.0246  0.0266  0.0244  0.0260  0.0228  0.0239
niter,ni,del,rscale     6    3    5.0000    1.2000
parameters
   -1.2253    6.8760  -12.5215  -13.2391  -21.0176  -16.0709
    3.7951   -4.3805   -1.5045   21.7152    5.8665  -24.3001
eta,q 0.97847 10.13881
  0.0257  0.0265  0.0227  0.0255  0.0260  0.0265  0.0244  0.0267  0.0237  0.0279  0.0224  0.0227
  0.0236  0.0240  0.0219  0.0236  0.0237  0.0242  0.0230  0.0242  0.0226  0.0249  0.0219  0.0220
  0.0222  0.0223  0.0215  0.0223  0.0221  0.0226  0.0220  0.0224  0.0219  0.0228  0.0216  0.0216
  0.0216  0.0216  0.0215  0.0215  0.0215  0.0215  0.0217  0.0217  0.0217  0.0217  0.0215  0.0215
  0.0218  0.0217  0.0219  0.0213  0.0221  0.0215  0.0220  0.0221  0.0219  0.0217  0.0216  0.0218
  0.0230  0.0227  0.0227  0.0228  0.0243  0.0241  0.0228  0.0238  0.0227  0.0232  0.0219  0.0223
  0.0249  0.0244  0.0239  0.0265  0.0280  0.0292  0.0242  0.0264  0.0237  0.0262  0.0226  0.0230
niter,ni,del,rscale     5    3    5.0000    1.2000
parameters
   -1.1735    7.0940  -12.7776  -13.2045  -21.3992  -16.4088
    3.8243   -4.2938   -1.4607   22.1841    5.7382  -24.4687
eta,q 0.97843 10.11320
  0.0253  0.0259  0.0229  0.0255  0.0261  0.0266  0.0242  0.0266  0.0237  0.0273  0.0224  0.0228
  0.0233  0.0235  0.0220  0.0236  0.0238  0.0243  0.0228  0.0241  0.0225  0.0245  0.0220  0.0221
  0.0220  0.0221  0.0216  0.0223  0.0222  0.0227  0.0219  0.0223  0.0218  0.0226  0.0217  0.0217
  0.0215  0.0215  0.0215  0.0215  0.0215  0.0215  0.0216  0.0216  0.0216  0.0216  0.0216  0.0216
  0.0219  0.0218  0.0219  0.0213  0.0219  0.0214  0.0219  0.0221  0.0219  0.0218  0.0217  0.0217
  0.0231  0.0229  0.0225  0.0227  0.0239  0.0239  0.0228  0.0238  0.0226  0.0235  0.0220  0.0222
  0.0251  0.0246  0.0236  0.0263  0.0273  0.0287  0.0242  0.0264  0.0236  0.0265  0.0225  0.0229
niter,ni,del,rscale     4    3    5.0000    1.2000
parameters
   -1.1485    7.2201  -12.9400  -13.1922  -21.6285  -16.6376
    3.8196   -4.2473   -1.4351   22.4506    5.6848  -24.5325
eta,q 0.97838 10.09526
  0.0253  0.0255  0.0231  0.0255  0.0262  0.0267  0.0242  0.0265  0.0237  0.0270  0.0225  0.0228
  0.0233  0.0233  0.0222  0.0236  0.0239  0.0244  0.0228  0.0240  0.0226  0.0243  0.0220  0.0222
  0.0220  0.0220  0.0217  0.0224  0.0223  0.0228  0.0219  0.0223  0.0219  0.0225  0.0217  0.0217
  0.0216  0.0216  0.0216  0.0216  0.0216  0.0216  0.0216  0.0216  0.0216  0.0216  0.0216  0.0216
  0.0219  0.0219  0.0219  0.0214  0.0219  0.0215  0.0220  0.0222  0.0219  0.0219  0.0217  0.0218
  0.0232  0.0230  0.0225  0.0228  0.0238  0.0238  0.0228  0.0238  0.0226  0.0236  0.0220  0.0222
  0.0251  0.0247  0.0235  0.0264  0.0271  0.0285  0.0242  0.0265  0.0236  0.0267  0.0225  0.0229
niter,ni,del,rscale     3    3    5.0000    1.2000
parameters
   -1.1326    7.2967  -13.0473  -13.1846  -21.7689  -16.7963
    3.8209   -4.2159   -1.4370   22.6162    5.6740  -24.5720
eta,q 0.97834 10.08339
  0.0252  0.0253  0.0232  0.0255  0.0263  0.0268  0.0242  0.0265  0.0237  0.0268  0.0225  0.0228
  0.0233  0.0233  0.0223  0.0237  0.0240  0.0245  0.0228  0.0240  0.0226  0.0243  0.0220  0.0222
  0.0221  0.0220  0.0217  0.0224  0.0223  0.0229  0.0220  0.0223  0.0219  0.0225  0.0218  0.0218
  0.0216  0.0216  0.0216  0.0216  0.0216  0.0216  0.0217  0.0217  0.0217  0.0217  0.0217  0.0217
  0.0220  0.0220  0.0219  0.0215  0.0219  0.0215  0.0220  0.0222  0.0219  0.0220  0.0217  0.0218
  0.0232  0.0231  0.0225  0.0228  0.0237  0.0237  0.0229  0.0239  0.0226  0.0237  0.0220  0.0222
  0.0252  0.0249  0.0234  0.0264  0.0270  0.0284  0.0242  0.0265  0.0236  0.0268  0.0225  0.0229
niter,ni,del,rscale     2    3    5.0000    1.2000
parameters
   -1.1226    7.3490  -13.1206  -13.1783  -21.8657  -16.9063
    3.8193   -4.1978   -1.4432   22.7357    5.6827  -24.5825
eta,q 0.97832 10.07513
  0.0252  0.0253  0.0232  0.0255  0.0263  0.0268  0.0242  0.0265  0.0237  0.0268  0.0225  0.0229
  0.0233  0.0232  0.0223  0.0237  0.0240  0.0246  0.0229  0.0240  0.0226  0.0242  0.0221  0.0222
  0.0221  0.0220  0.0218  0.0224  0.0224  0.0229  0.0220  0.0223  0.0219  0.0225  0.0218  0.0218
  0.0217  0.0217  0.0217  0.0216  0.0216  0.0217  0.0217  0.0217  0.0217  0.0217  0.0217  0.0217
  0.0220  0.0220  0.0219  0.0215  0.0220  0.0215  0.0220  0.0222  0.0219  0.0220  0.0218  0.0218
  0.0232  0.0231  0.0225  0.0228  0.0237  0.0237  0.0229  0.0239  0.0226  0.0237  0.0220  0.0222
  0.0252  0.0249  0.0234  0.0264  0.0269  0.0283  0.0242  0.0265  0.0237  0.0269  0.0225  0.0229
niter,ni,del,rscale     1    3    5.0000    1.2000
parameters
   -1.1168    7.3874  -13.1711  -13.1795  -21.9423  -16.9849
    3.8229   -4.1903   -1.4526   22.8159    5.6906  -24.5779
eta,q 0.97830 10.06835
  0.0252  0.0252  0.0233  0.0255  0.0263  0.0268  0.0242  0.0265  0.0237  0.0267  0.0225  0.0229
  0.0233  0.0232  0.0224  0.0237  0.0240  0.0246  0.0229  0.0240  0.0226  0.0242  0.0221  0.0223
  0.0221  0.0220  0.0218  0.0225  0.0224  0.0229  0.0220  0.0223  0.0219  0.0225  0.0218  0.0218
  0.0217  0.0217  0.0217  0.0217  0.0217  0.0217  0.0217  0.0217  0.0217  0.0217  0.0217  0.0217
  0.0221  0.0221  0.0219  0.0215  0.0220  0.0215  0.0220  0.0223  0.0220  0.0221  0.0218  0.0218
  0.0233  0.0232  0.0225  0.0229  0.0237  0.0237  0.0229  0.0239  0.0227  0.0238  0.0221  0.0222
  0.0252  0.0250  0.0234  0.0264  0.0269  0.0282  0.0242  0.0266  0.0237  0.0269  0.0226  0.0229
registration optimization eta report
parameter search radius
    2.4000    2.7600    2.4000    9.5220   10.9503    9.5220
    7.2000    7.2000    7.2000    9.5220    7.2000    7.2000
100000*second partial in parameter space
       61.       45.       29.        5.        4.        7.
        5.        9.        4.        6.        2.        2.
  0.0252  0.0252  0.0233  0.0255  0.0263  0.0268  0.0242  0.0265  0.0237  0.0267  0.0225  0.0229
  0.0233  0.0232  0.0224  0.0237  0.0240  0.0246  0.0229  0.0240  0.0226  0.0242  0.0221  0.0223
  0.0221  0.0220  0.0218  0.0225  0.0224  0.0229  0.0220  0.0223  0.0219  0.0225  0.0218  0.0218
  0.0217  0.0217  0.0217  0.0217  0.0217  0.0217  0.0217  0.0217  0.0217  0.0217  0.0217  0.0217
  0.0221  0.0221  0.0219  0.0215  0.0220  0.0215  0.0220  0.0223  0.0220  0.0221  0.0218  0.0218
  0.0233  0.0232  0.0225  0.0229  0.0237  0.0237  0.0229  0.0239  0.0227  0.0238  0.0221  0.0222
  0.0252  0.0250  0.0234  0.0264  0.0269  0.0282  0.0242  0.0266  0.0237  0.0269  0.0226  0.0229
   -1.1168    7.3874  -13.1711  -13.1795  -21.9423  -16.9849
    3.8229   -4.1903   -1.4526   22.8159    5.6906  -24.5779
eta,q 0.97830 10.06835

---------------------------------------------------------------------
imgreg_4dfp /opt/freesurfer/average/711-2C_as_mni_average_305 /opt/freesurfer/average/711-2B_as_mni_average_305_mask talsrcimg_g11 none talsrcimg_to_711-2C_as_mni_average_305_t4 2311
---------------------------------------------------------------------

freesurfer imgreg_4dfp.c
/opt/freesurfer/average/711-2C_as_mni_average_305.4dfp.img
       256       256       256         1
  1.000000  1.000000  1.000000
orientation T byte_order littleendian
Reading image: /opt/freesurfer/average/711-2C_as_mni_average_305.4dfp.img
dimensions:      256       256       256
mmppix:       1.0000   -1.0000   -1.0000
center:     128.0000 -129.0000 -129.0000
/opt/freesurfer/average/711-2B_as_mni_average_305_mask.4dfp.img
       256       256       256         1
  1.000000  1.000000  1.000000
orientation T byte_order littleendian
Reading mask: /opt/freesurfer/average/711-2B_as_mni_average_305_mask.4dfp.img (2306576 pixels)
talsrcimg_g11.4dfp.img
       256       256       256         1
  1.000000  1.000000  1.000000
orientation T byte_order littleendian
Reading image: talsrcimg_g11.4dfp.img
dimensions:      256       256       256
mmppix:       1.0000   -1.0000   -1.0000
center:     128.0000 -129.0000 -129.0000
fimgreg.f
image alignment mode   2311 decimal      907 hex
parameters
   -1.1168    7.3874  -13.1711  -13.1795  -21.9423  -16.9849
    3.8229   -4.1903   -1.4526   22.8159    5.6906  -24.5779
eta,q 0.97830 10.06834
niter,ni,del,rscale     5    3    5.0000    0.8000
parameters
   -1.1101    7.3783  -13.2338  -11.4327  -21.1179  -15.7280
    4.0588   -4.2171   -1.3183   22.9510    5.3662  -25.1628
eta,q 0.97886 10.26343
  0.0233  0.0229  0.0224  0.0230  0.0226  0.0236  0.0224  0.0238  0.0221  0.0228  0.0217  0.0216
  0.0224  0.0222  0.0220  0.0225  0.0221  0.0228  0.0218  0.0224  0.0216  0.0220  0.0214  0.0213
  0.0219  0.0218  0.0218  0.0221  0.0217  0.0221  0.0213  0.0215  0.0213  0.0214  0.0212  0.0212
  0.0217  0.0217  0.0217  0.0217  0.0215  0.0215  0.0212  0.0212  0.0212  0.0212  0.0212  0.0212
  0.0219  0.0218  0.0218  0.0215  0.0215  0.0211  0.0213  0.0215  0.0212  0.0213  0.0213  0.0213
  0.0224  0.0222  0.0221  0.0215  0.0216  0.0214  0.0216  0.0225  0.0215  0.0218  0.0215  0.0215
  0.0233  0.0229  0.0225  0.0220  0.0221  0.0223  0.0222  0.0239  0.0220  0.0227  0.0218  0.0218
niter,ni,del,rscale     4    3    5.0000    0.7000
parameters
   -1.1176    7.2766  -12.8436  -11.7030  -20.9287  -15.0800
    4.0530   -4.2531   -1.2385   22.6877    5.2478  -25.1568
eta,q 0.97901 10.28769
  0.0225  0.0219  0.0223  0.0219  0.0219  0.0229  0.0219  0.0231  0.0217  0.0221  0.0214  0.0214
  0.0218  0.0215  0.0217  0.0216  0.0215  0.0222  0.0214  0.0220  0.0213  0.0215  0.0212  0.0212
  0.0213  0.0212  0.0214  0.0212  0.0212  0.0216  0.0211  0.0212  0.0211  0.0211  0.0210  0.0210
  0.0211  0.0211  0.0211  0.0211  0.0211  0.0211  0.0210  0.0210  0.0210  0.0210  0.0210  0.0210
  0.0213  0.0213  0.0211  0.0212  0.0211  0.0210  0.0211  0.0213  0.0211  0.0212  0.0210  0.0210
  0.0218  0.0217  0.0212  0.0216  0.0213  0.0214  0.0214  0.0220  0.0213  0.0217  0.0212  0.0212
  0.0225  0.0222  0.0215  0.0224  0.0218  0.0223  0.0219  0.0232  0.0217  0.0225  0.0215  0.0214
niter,ni,del,rscale     3    3    5.0000    0.6000
parameters
   -1.1424    7.1787  -12.5900  -11.6498  -20.6736  -14.6151
    4.0609   -4.3202   -1.2069   22.4129    5.2010  -25.1359
eta,q 0.97912 10.32007
  0.0220  0.0216  0.0218  0.0217  0.0216  0.0224  0.0216  0.0225  0.0215  0.0217  0.0212  0.0213
  0.0214  0.0212  0.0214  0.0214  0.0213  0.0218  0.0212  0.0216  0.0211  0.0213  0.0211  0.0210
  0.0211  0.0210  0.0211  0.0211  0.0211  0.0213  0.0210  0.0211  0.0210  0.0210  0.0209  0.0209
  0.0210  0.0210  0.0210  0.0210  0.0210  0.0209  0.0209  0.0209  0.0209  0.0209  0.0209  0.0209
  0.0211  0.0211  0.0210  0.0210  0.0210  0.0209  0.0210  0.0211  0.0209  0.0210  0.0209  0.0209
  0.0215  0.0214  0.0211  0.0212  0.0211  0.0212  0.0212  0.0217  0.0211  0.0214  0.0211  0.0210
  0.0221  0.0218  0.0213  0.0218  0.0215  0.0220  0.0216  0.0226  0.0214  0.0221  0.0213  0.0212
niter,ni,del,rscale     2    3    5.0000    0.5000
parameters
   -1.1713    7.0994  -12.4033  -11.5810  -20.4794  -14.2506
    4.0721   -4.3812   -1.2049   22.1935    5.1548  -25.1151
eta,q 0.97918 10.34581
  0.0216  0.0213  0.0214  0.0214  0.0213  0.0220  0.0213  0.0219  0.0212  0.0214  0.0211  0.0211
  0.0212  0.0211  0.0211  0.0212  0.0211  0.0215  0.0210  0.0213  0.0210  0.0211  0.0209  0.0209
  0.0210  0.0209  0.0210  0.0210  0.0209  0.0211  0.0209  0.0209  0.0209  0.0209  0.0208  0.0208
  0.0209  0.0209  0.0209  0.0209  0.0209  0.0209  0.0208  0.0208  0.0208  0.0208  0.0208  0.0208
  0.0210  0.0210  0.0209  0.0209  0.0209  0.0208  0.0209  0.0210  0.0209  0.0209  0.0208  0.0208
  0.0212  0.0212  0.0210  0.0211  0.0210  0.0211  0.0210  0.0214  0.0210  0.0212  0.0209  0.0209
  0.0217  0.0215  0.0211  0.0214  0.0212  0.0216  0.0213  0.0220  0.0212  0.0217  0.0211  0.0211
niter,ni,del,rscale     1    3    5.0000    0.4000
parameters
   -1.1970    7.0390  -12.2581  -11.5485  -20.3409  -13.9588
    4.0816   -4.4250   -1.2083   22.0303    5.1410  -25.0959
eta,q 0.97923 10.36432
  0.0213  0.0211  0.0212  0.0212  0.0211  0.0216  0.0211  0.0215  0.0210  0.0212  0.0210  0.0210
  0.0210  0.0209  0.0210  0.0210  0.0210  0.0212  0.0209  0.0211  0.0209  0.0210  0.0209  0.0208
  0.0209  0.0208  0.0209  0.0209  0.0209  0.0210  0.0208  0.0209  0.0208  0.0208  0.0208  0.0208
  0.0208  0.0208  0.0208  0.0208  0.0208  0.0208  0.0208  0.0208  0.0208  0.0208  0.0208  0.0208
  0.0209  0.0209  0.0208  0.0208  0.0208  0.0208  0.0208  0.0209  0.0208  0.0209  0.0208  0.0208
  0.0210  0.0210  0.0209  0.0210  0.0209  0.0210  0.0209  0.0211  0.0209  0.0210  0.0209  0.0208
  0.0213  0.0212  0.0210  0.0212  0.0211  0.0213  0.0211  0.0216  0.0210  0.0213  0.0210  0.0209
registration optimization eta report
parameter search radius
    0.8000    0.8000    0.8000    2.4000    2.4000    2.4000
    2.4000    2.4000    2.4000    2.4000    2.4000    2.4000
100000*second partial in parameter space
       75.       54.       40.        7.        5.       11.
        6.       13.        5.        8.        3.        3.
  0.0213  0.0211  0.0212  0.0212  0.0211  0.0216  0.0211  0.0215  0.0210  0.0212  0.0210  0.0210
  0.0210  0.0209  0.0210  0.0210  0.0210  0.0212  0.0209  0.0211  0.0209  0.0210  0.0209  0.0208
  0.0209  0.0208  0.0209  0.0209  0.0209  0.0210  0.0208  0.0209  0.0208  0.0208  0.0208  0.0208
  0.0208  0.0208  0.0208  0.0208  0.0208  0.0208  0.0208  0.0208  0.0208  0.0208  0.0208  0.0208
  0.0209  0.0209  0.0208  0.0208  0.0208  0.0208  0.0208  0.0209  0.0208  0.0209  0.0208  0.0208
  0.0210  0.0210  0.0209  0.0210  0.0209  0.0210  0.0209  0.0211  0.0209  0.0210  0.0209  0.0208
  0.0213  0.0212  0.0210  0.0212  0.0211  0.0213  0.0211  0.0216  0.0210  0.0213  0.0210  0.0209
   -1.1970    7.0390  -12.2581  -11.5485  -20.3409  -13.9588
    4.0816   -4.4250   -1.2083   22.0303    5.1410  -25.0959
eta,q 0.97923 10.36432

---------------------------------------------------------------------
imgreg_4dfp /opt/freesurfer/average/711-2C_as_mni_average_305 /opt/freesurfer/average/711-2B_as_mni_average_305_mask talsrcimg_g11 none talsrcimg_to_711-2C_as_mni_average_305_t4 2311
---------------------------------------------------------------------

freesurfer imgreg_4dfp.c
/opt/freesurfer/average/711-2C_as_mni_average_305.4dfp.img
       256       256       256         1
  1.000000  1.000000  1.000000
orientation T byte_order littleendian
Reading image: /opt/freesurfer/average/711-2C_as_mni_average_305.4dfp.img
dimensions:      256       256       256
mmppix:       1.0000   -1.0000   -1.0000
center:     128.0000 -129.0000 -129.0000
/opt/freesurfer/average/711-2B_as_mni_average_305_mask.4dfp.img
       256       256       256         1
  1.000000  1.000000  1.000000
orientation T byte_order littleendian
Reading mask: /opt/freesurfer/average/711-2B_as_mni_average_305_mask.4dfp.img (2306576 pixels)
talsrcimg_g11.4dfp.img
       256       256       256         1
  1.000000  1.000000  1.000000
orientation T byte_order littleendian
Reading image: talsrcimg_g11.4dfp.img
dimensions:      256       256       256
mmppix:       1.0000   -1.0000   -1.0000
center:     128.0000 -129.0000 -129.0000
fimgreg.f
image alignment mode   2311 decimal      907 hex
parameters
   -1.1970    7.0390  -12.2581  -11.5485  -20.3409  -13.9588
    4.0816   -4.4250   -1.2083   22.0303    5.1410  -25.0959
eta,q 0.97923 10.36431
niter,ni,del,rscale     5    3    5.0000    0.8000
parameters
   -1.2217    7.0242  -12.1580  -12.0188  -20.5831  -14.2665
    4.0132   -4.4421   -1.2854   22.0274    5.1709  -24.7988
eta,q 0.97916 10.31451
  0.0226  0.0222  0.0220  0.0219  0.0218  0.0228  0.0220  0.0236  0.0218  0.0226  0.0215  0.0216
  0.0216  0.0214  0.0213  0.0214  0.0213  0.0219  0.0214  0.0221  0.0213  0.0217  0.0212  0.0212
  0.0210  0.0209  0.0209  0.0209  0.0209  0.0212  0.0210  0.0212  0.0210  0.0211  0.0209  0.0209
  0.0208  0.0208  0.0208  0.0208  0.0208  0.0208  0.0208  0.0208  0.0208  0.0208  0.0208  0.0208
  0.0210  0.0210  0.0208  0.0209  0.0209  0.0210  0.0210  0.0212  0.0210  0.0210  0.0209  0.0209
  0.0217  0.0214  0.0212  0.0215  0.0213  0.0220  0.0214  0.0221  0.0213  0.0216  0.0211  0.0211
  0.0227  0.0222  0.0217  0.0227  0.0221  0.0238  0.0221  0.0236  0.0219  0.0227  0.0215  0.0214
niter,ni,del,rscale     4    3    5.0000    0.7000
parameters
   -1.2154    7.0088  -12.2383  -11.8494  -20.4876  -14.2543
    4.0294   -4.4246   -1.2687   22.0029    5.1920  -24.8717
eta,q 0.97918 10.32789
  0.0223  0.0219  0.0215  0.0219  0.0217  0.0225  0.0218  0.0230  0.0216  0.0222  0.0213  0.0213
  0.0215  0.0213  0.0211  0.0214  0.0212  0.0218  0.0213  0.0218  0.0212  0.0215  0.0211  0.0210
  0.0210  0.0209  0.0209  0.0211  0.0210  0.0212  0.0209  0.0211  0.0209  0.0210  0.0209  0.0209
  0.0208  0.0208  0.0208  0.0208  0.0208  0.0208  0.0208  0.0208  0.0208  0.0208  0.0208  0.0208
  0.0210  0.0210  0.0210  0.0209  0.0209  0.0209  0.0209  0.0211  0.0209  0.0210  0.0209  0.0209
  0.0215  0.0213  0.0212  0.0212  0.0211  0.0215  0.0212  0.0218  0.0212  0.0214  0.0210  0.0211
  0.0223  0.0219  0.0217  0.0218  0.0217  0.0228  0.0218  0.0230  0.0216  0.0223  0.0213  0.0213
niter,ni,del,rscale     3    3    5.0000    0.6000
parameters
   -1.2090    7.0042  -12.2422  -11.7289  -20.4055  -14.1252
    4.0489   -4.4334   -1.2478   21.9881    5.1786  -24.9431
eta,q 0.97920 10.34363
  0.0219  0.0216  0.0214  0.0216  0.0214  0.0222  0.0215  0.0224  0.0214  0.0218  0.0212  0.0212
  0.0213  0.0212  0.0211  0.0213  0.0211  0.0216  0.0211  0.0215  0.0211  0.0213  0.0210  0.0210
  0.0209  0.0209  0.0209  0.0210  0.0209  0.0211  0.0209  0.0210  0.0209  0.0209  0.0208  0.0208
  0.0208  0.0208  0.0208  0.0208  0.0208  0.0208  0.0208  0.0208  0.0208  0.0208  0.0208  0.0208
  0.0209  0.0209  0.0209  0.0208  0.0209  0.0208  0.0209  0.0210  0.0209  0.0209  0.0208  0.0208
  0.0213  0.0212  0.0211  0.0211  0.0210  0.0213  0.0211  0.0216  0.0211  0.0213  0.0210  0.0210
  0.0219  0.0216  0.0214  0.0216  0.0214  0.0222  0.0215  0.0224  0.0214  0.0219  0.0212  0.0212
niter,ni,del,rscale     2    3    5.0000    0.5000
parameters
   -1.2132    6.9966  -12.2017  -11.6396  -20.3441  -13.9690
    4.0612   -4.4508   -1.2431   21.9483    5.1549  -24.9914
eta,q 0.97923 10.35732
  0.0215  0.0213  0.0212  0.0214  0.0212  0.0219  0.0213  0.0219  0.0212  0.0215  0.0211  0.0210
  0.0211  0.0210  0.0210  0.0211  0.0210  0.0214  0.0210  0.0213  0.0210  0.0211  0.0209  0.0209
  0.0209  0.0209  0.0208  0.0209  0.0209  0.0210  0.0208  0.0209  0.0208  0.0209  0.0208  0.0208
  0.0208  0.0208  0.0208  0.0208  0.0208  0.0208  0.0208  0.0208  0.0208  0.0208  0.0208  0.0208
  0.0209  0.0209  0.0208  0.0208  0.0208  0.0208  0.0208  0.0209  0.0208  0.0209  0.0208  0.0208
  0.0211  0.0211  0.0209  0.0210  0.0210  0.0211  0.0210  0.0213  0.0210  0.0211  0.0209  0.0209
  0.0215  0.0213  0.0212  0.0214  0.0212  0.0218  0.0213  0.0220  0.0212  0.0216  0.0211  0.0210
niter,ni,del,rscale     1    3    5.0000    0.4000
parameters
   -1.2205    6.9829  -12.1472  -11.5815  -20.2647  -13.8009
    4.0740   -4.4595   -1.2321   21.8836    5.1383  -25.0309
eta,q 0.97924 10.37041
  0.0212  0.0211  0.0211  0.0212  0.0211  0.0215  0.0211  0.0215  0.0210  0.0212  0.0209  0.0209
  0.0210  0.0209  0.0209  0.0210  0.0209  0.0212  0.0209  0.0211  0.0209  0.0210  0.0208  0.0208
  0.0208  0.0208  0.0208  0.0208  0.0208  0.0209  0.0208  0.0208  0.0208  0.0208  0.0208  0.0208
  0.0208  0.0208  0.0208  0.0208  0.0208  0.0208  0.0208  0.0208  0.0208  0.0208  0.0208  0.0208
  0.0208  0.0208  0.0208  0.0208  0.0208  0.0208  0.0208  0.0208  0.0208  0.0208  0.0208  0.0208
  0.0210  0.0209  0.0209  0.0209  0.0209  0.0210  0.0209  0.0211  0.0209  0.0210  0.0208  0.0208
  0.0213  0.0211  0.0210  0.0211  0.0210  0.0214  0.0211  0.0215  0.0210  0.0213  0.0210  0.0209
registration optimization eta report
parameter search radius
    0.8000    0.8000    0.8000    2.4000    2.4000    2.4000
    2.4000    2.4000    2.4000    2.4000    2.4000    2.4000
100000*second partial in parameter space
       75.       56.       41.        7.        5.       12.
        6.       13.        5.        9.        3.        3.
  0.0212  0.0211  0.0211  0.0212  0.0211  0.0215  0.0211  0.0215  0.0210  0.0212  0.0209  0.0209
  0.0210  0.0209  0.0209  0.0210  0.0209  0.0212  0.0209  0.0211  0.0209  0.0210  0.0208  0.0208
  0.0208  0.0208  0.0208  0.0208  0.0208  0.0209  0.0208  0.0208  0.0208  0.0208  0.0208  0.0208
  0.0208  0.0208  0.0208  0.0208  0.0208  0.0208  0.0208  0.0208  0.0208  0.0208  0.0208  0.0208
  0.0208  0.0208  0.0208  0.0208  0.0208  0.0208  0.0208  0.0208  0.0208  0.0208  0.0208  0.0208
  0.0210  0.0209  0.0209  0.0209  0.0209  0.0210  0.0209  0.0211  0.0209  0.0210  0.0208  0.0208
  0.0213  0.0211  0.0210  0.0211  0.0210  0.0214  0.0211  0.0215  0.0210  0.0213  0.0210  0.0209
   -1.2205    6.9829  -12.1472  -11.5815  -20.2647  -13.8009
    4.0740   -4.4595   -1.2321   21.8836    5.1383  -25.0309
eta,q 0.97924 10.37041

---------------------------------------------------------------------
compute_vox2vox talsrcimg talsrcimg_to_711-2C_as_mni_average_305_t4 /opt/freesurfer/average/711-2C_as_mni_average_305
---------------------------------------------------------------------

freesurfer compute_vox2vox.c
Reading: talsrcimg.4dfp.ifh
Reading: talsrcimg_to_711-2C_as_mni_average_305_t4
Reading: /opt/freesurfer/average/711-2C_as_mni_average_305.4dfp.ifh
Writing: talsrcimg_to_711-2C_as_mni_average_305_t4_vox2vox.txt

start time Thu Mar 12 06:25:34 CET 2026
end		time Thu Mar 12 06:27:04 CET 2026

mpr2mni305 success

avi2talxfm orig_nu.mgz /opt/freesurfer/average/mni305.cor.mgz talsrcimg_to_711-2C_as_mni_average_305_t4_vox2vox.txt transforms/talairach.auto.xfm
avi2talxfm done
mv -f /out/sourcedata/freesurfer/sub-v1s10x0051081_ses-1/mri/talsrcimg_to_711-2C_as_mni_average_305_t4_vox2vox.txt /out/sourcedata/freesurfer/sub-v1s10x0051081_ses-1/mri/transforms/talsrcimg_to_711-2C_as_mni_average_305_t4_vox2vox.txt
lta_convert --src orig_nu.mgz --trg /opt/freesurfer/average/mni305.cor.mgz --inxfm transforms/talairach.auto.xfm --outlta transforms/talairach.auto.xfm.lta --subject fsaverage
7.3.2

--src: orig_nu.mgz src image (geometry).
--trg: /opt/freesurfer/average/mni305.cor.mgz trg image (geometry).
--inmni: transforms/talairach.auto.xfm input MNI/XFM transform.
--outlta: transforms/talairach.auto.xfm.lta output LTA.
--s: fsaverage subject name
 LTA read, type : 1
 1.12655   0.06751  -0.03637   1.73604;
-0.05751   1.07103   0.33916   9.27057;
 0.03319  -0.29290   1.16050  -12.80368;
 0.00000   0.00000   0.00000   1.00000;
setting subject to fsaverage
Writing  LTA to file transforms/talairach.auto.xfm.lta...
lta_convert successful.
 
 
Started at Thu Mar 12 06:25:34 CET 2026
Ended   at Thu Mar 12 06:27:04 CET 2026
talairach_avi done
