status file for recon-all
Thu Mar 12 09:15:05 CET 2026
#@# Tessellate rh Thu Mar 12 09:15:05 CET 2026
#@# Smooth1 rh Thu Mar 12 09:15:09 CET 2026
#@# Inflation1 rh Thu Mar 12 09:15:11 CET 2026
#@# QSphere rh Thu Mar 12 09:15:26 CET 2026
#@# Fix Topology rh Thu Mar 12 09:16:49 CET 2026
#@# Smooth2 rh Thu Mar 12 09:23:31 CET 2026
#@# Inflation2 rh Thu Mar 12 09:23:35 CET 2026
#@# Curv .H and .K rh Thu Mar 12 09:23:52 CET 2026
#@# Sphere rh Thu Mar 12 09:24:42 CET 2026
#@# Surf Reg rh Thu Mar 12 09:27:36 CET 2026
#@# Jacobian white rh Thu Mar 12 09:33:19 CET 2026
#@# AvgCurv rh Thu Mar 12 09:33:20 CET 2026
#@# Cortical Parc rh Thu Mar 12 09:33:21 CET 2026
#@# white curv rh Thu Mar 12 09:40:45 CET 2026
#@# white area rh Thu Mar 12 09:40:47 CET 2026
#@# pial curv rh Thu Mar 12 09:40:48 CET 2026
#@# pial area rh Thu Mar 12 09:40:50 CET 2026
#@# thickness rh Thu Mar 12 09:40:50 CET 2026
#@# area and vertex vol rh Thu Mar 12 09:41:26 CET 2026
#@# Curvature Stats rh Thu Mar 12 09:41:28 CET 2026
#@# Cortical Parc 2 rh Thu Mar 12 09:41:30 CET 2026
#@# Cortical Parc 3 rh Thu Mar 12 09:41:44 CET 2026
#@# WM/GM Contrast rh Thu Mar 12 09:41:55 CET 2026
recon-all -s sub-v1s10x0051098_ses-1 finished without error at Thu Mar 12 09:42:00 CET 2026



#New# invocation of recon-all 



status file for recon-all
Thu Mar 12 09:52:07 CET 2026
#@# white curv rh Thu Mar 12 09:52:07 CET 2026
#@# white area rh Thu Mar 12 09:52:07 CET 2026
#@# pial curv rh Thu Mar 12 09:52:07 CET 2026
#@# pial area rh Thu Mar 12 09:52:07 CET 2026
#@# thickness rh Thu Mar 12 09:52:07 CET 2026
#@# area and vertex vol rh Thu Mar 12 09:52:07 CET 2026
#@# Parcellation Stats rh Thu Mar 12 09:52:07 CET 2026
#@# Parcellation Stats 2 rh Thu Mar 12 09:52:28 CET 2026
#@# Parcellation Stats 3 rh Thu Mar 12 09:52:39 CET 2026
#@# BA_exvivo Labels rh Thu Mar 12 09:52:49 CET 2026
recon-all -s sub-v1s10x0051098_ses-1 finished without error at Thu Mar 12 09:55:57 CET 2026
