status file for recon-all
Thu Mar 12 08:48:06 CET 2026
#@# Tessellate lh Thu Mar 12 08:48:06 CET 2026
#@# Smooth1 lh Thu Mar 12 08:48:10 CET 2026
#@# Inflation1 lh Thu Mar 12 08:48:13 CET 2026
#@# QSphere lh Thu Mar 12 08:48:28 CET 2026
#@# Fix Topology lh Thu Mar 12 08:49:47 CET 2026
#@# Smooth2 lh Thu Mar 12 08:56:10 CET 2026
#@# Inflation2 lh Thu Mar 12 08:56:14 CET 2026
#@# Curv .H and .K lh Thu Mar 12 08:56:30 CET 2026
#@# Sphere lh Thu Mar 12 08:57:21 CET 2026
#@# Surf Reg lh Thu Mar 12 09:01:48 CET 2026
#@# Jacobian white lh Thu Mar 12 09:06:30 CET 2026
#@# AvgCurv lh Thu Mar 12 09:06:31 CET 2026
#@# Cortical Parc lh Thu Mar 12 09:06:32 CET 2026
#@# white curv lh Thu Mar 12 09:13:50 CET 2026
#@# white area lh Thu Mar 12 09:13:52 CET 2026
#@# pial curv lh Thu Mar 12 09:13:53 CET 2026
#@# pial area lh Thu Mar 12 09:13:55 CET 2026
#@# thickness lh Thu Mar 12 09:13:56 CET 2026
#@# area and vertex vol lh Thu Mar 12 09:14:27 CET 2026
#@# Curvature Stats lh Thu Mar 12 09:14:29 CET 2026
#@# Cortical Parc 2 lh Thu Mar 12 09:14:32 CET 2026
#@# Cortical Parc 3 lh Thu Mar 12 09:14:46 CET 2026
#@# WM/GM Contrast lh Thu Mar 12 09:14:58 CET 2026
recon-all -s sub-v1s10x0051098_ses-1 finished without error at Thu Mar 12 09:15:02 CET 2026



#New# invocation of recon-all 



status file for recon-all
Thu Mar 12 09:48:13 CET 2026
#@# white curv lh Thu Mar 12 09:48:13 CET 2026
#@# white area lh Thu Mar 12 09:48:13 CET 2026
#@# pial curv lh Thu Mar 12 09:48:13 CET 2026
#@# pial area lh Thu Mar 12 09:48:13 CET 2026
#@# thickness lh Thu Mar 12 09:48:13 CET 2026
#@# area and vertex vol lh Thu Mar 12 09:48:13 CET 2026
#@# Parcellation Stats lh Thu Mar 12 09:48:13 CET 2026
#@# Parcellation Stats 2 lh Thu Mar 12 09:48:35 CET 2026
#@# Parcellation Stats 3 lh Thu Mar 12 09:48:46 CET 2026
#@# BA_exvivo Labels lh Thu Mar 12 09:48:56 CET 2026
recon-all -s sub-v1s10x0051098_ses-1 finished without error at Thu Mar 12 09:52:05 CET 2026
