status file for recon-all
Thu Mar 12 10:44:22 CET 2026
#@# Tessellate rh Thu Mar 12 10:44:22 CET 2026
#@# Smooth1 rh Thu Mar 12 10:44:25 CET 2026
#@# Inflation1 rh Thu Mar 12 10:44:27 CET 2026
#@# QSphere rh Thu Mar 12 10:44:42 CET 2026
#@# Fix Topology rh Thu Mar 12 10:45:56 CET 2026
#@# Smooth2 rh Thu Mar 12 10:51:12 CET 2026
#@# Inflation2 rh Thu Mar 12 10:51:14 CET 2026
#@# Curv .H and .K rh Thu Mar 12 10:51:28 CET 2026
#@# Sphere rh Thu Mar 12 10:52:06 CET 2026
#@# Surf Reg rh Thu Mar 12 10:54:26 CET 2026
#@# Jacobian white rh Thu Mar 12 10:58:22 CET 2026
#@# AvgCurv rh Thu Mar 12 10:58:23 CET 2026
#@# Cortical Parc rh Thu Mar 12 10:58:24 CET 2026
#@# white curv rh Thu Mar 12 11:03:36 CET 2026
#@# white area rh Thu Mar 12 11:03:38 CET 2026
#@# pial curv rh Thu Mar 12 11:03:38 CET 2026
#@# pial area rh Thu Mar 12 11:03:40 CET 2026
#@# thickness rh Thu Mar 12 11:03:40 CET 2026
#@# area and vertex vol rh Thu Mar 12 11:04:01 CET 2026
#@# Curvature Stats rh Thu Mar 12 11:04:03 CET 2026
#@# Cortical Parc 2 rh Thu Mar 12 11:04:05 CET 2026
#@# Cortical Parc 3 rh Thu Mar 12 11:04:16 CET 2026
#@# WM/GM Contrast rh Thu Mar 12 11:04:24 CET 2026
recon-all -s sub-v1s10x0051123_ses-1 finished without error at Thu Mar 12 11:04:27 CET 2026



#New# invocation of recon-all 



status file for recon-all
Thu Mar 12 11:11:38 CET 2026
#@# white curv rh Thu Mar 12 11:11:38 CET 2026
#@# white area rh Thu Mar 12 11:11:38 CET 2026
#@# pial curv rh Thu Mar 12 11:11:38 CET 2026
#@# pial area rh Thu Mar 12 11:11:38 CET 2026
#@# thickness rh Thu Mar 12 11:11:38 CET 2026
#@# area and vertex vol rh Thu Mar 12 11:11:38 CET 2026
#@# Parcellation Stats rh Thu Mar 12 11:11:38 CET 2026
#@# Parcellation Stats 2 rh Thu Mar 12 11:11:54 CET 2026
#@# Parcellation Stats 3 rh Thu Mar 12 11:12:02 CET 2026
#@# BA_exvivo Labels rh Thu Mar 12 11:12:10 CET 2026
recon-all -s sub-v1s10x0051123_ses-1 finished without error at Thu Mar 12 11:14:16 CET 2026
