status file for recon-all
Thu Mar 12 03:32:30 CET 2026
#@# Tessellate rh Thu Mar 12 03:32:30 CET 2026
#@# Smooth1 rh Thu Mar 12 03:32:34 CET 2026
#@# Inflation1 rh Thu Mar 12 03:32:37 CET 2026
#@# QSphere rh Thu Mar 12 03:32:50 CET 2026
#@# Fix Topology rh Thu Mar 12 03:34:29 CET 2026
#@# Smooth2 rh Thu Mar 12 03:40:35 CET 2026
#@# Inflation2 rh Thu Mar 12 03:40:38 CET 2026
#@# Curv .H and .K rh Thu Mar 12 03:40:54 CET 2026
#@# Sphere rh Thu Mar 12 03:41:42 CET 2026
#@# Surf Reg rh Thu Mar 12 03:44:29 CET 2026
#@# Jacobian white rh Thu Mar 12 03:49:11 CET 2026
#@# AvgCurv rh Thu Mar 12 03:49:12 CET 2026
#@# Cortical Parc rh Thu Mar 12 03:49:13 CET 2026
#@# white curv rh Thu Mar 12 03:55:53 CET 2026
#@# white area rh Thu Mar 12 03:55:55 CET 2026
#@# pial curv rh Thu Mar 12 03:55:56 CET 2026
#@# pial area rh Thu Mar 12 03:55:58 CET 2026
#@# thickness rh Thu Mar 12 03:55:59 CET 2026
#@# area and vertex vol rh Thu Mar 12 03:56:30 CET 2026
#@# Curvature Stats rh Thu Mar 12 03:56:32 CET 2026
#@# Cortical Parc 2 rh Thu Mar 12 03:56:35 CET 2026
#@# Cortical Parc 3 rh Thu Mar 12 03:56:50 CET 2026
#@# WM/GM Contrast rh Thu Mar 12 03:57:00 CET 2026
recon-all -s sub-v1s10x0050984_ses-1 finished without error at Thu Mar 12 03:57:05 CET 2026



#New# invocation of recon-all 



status file for recon-all
Thu Mar 12 04:06:41 CET 2026
#@# white curv rh Thu Mar 12 04:06:41 CET 2026
#@# white area rh Thu Mar 12 04:06:41 CET 2026
#@# pial curv rh Thu Mar 12 04:06:41 CET 2026
#@# pial area rh Thu Mar 12 04:06:41 CET 2026
#@# thickness rh Thu Mar 12 04:06:41 CET 2026
#@# area and vertex vol rh Thu Mar 12 04:06:41 CET 2026
#@# Parcellation Stats rh Thu Mar 12 04:06:41 CET 2026
#@# Parcellation Stats 2 rh Thu Mar 12 04:07:01 CET 2026
#@# Parcellation Stats 3 rh Thu Mar 12 04:07:12 CET 2026
#@# BA_exvivo Labels rh Thu Mar 12 04:07:22 CET 2026
recon-all -s sub-v1s10x0050984_ses-1 finished without error at Thu Mar 12 04:10:17 CET 2026
