status file for recon-all
Thu Mar 12 10:23:36 CET 2026
#@# Tessellate rh Thu Mar 12 10:23:36 CET 2026
#@# Smooth1 rh Thu Mar 12 10:23:39 CET 2026
#@# Inflation1 rh Thu Mar 12 10:23:42 CET 2026
#@# QSphere rh Thu Mar 12 10:23:59 CET 2026
#@# Fix Topology rh Thu Mar 12 10:25:21 CET 2026
#@# Smooth2 rh Thu Mar 12 10:29:40 CET 2026
#@# Inflation2 rh Thu Mar 12 10:29:43 CET 2026
#@# Curv .H and .K rh Thu Mar 12 10:30:03 CET 2026
#@# Sphere rh Thu Mar 12 10:30:42 CET 2026
#@# Surf Reg rh Thu Mar 12 10:33:29 CET 2026
#@# Jacobian white rh Thu Mar 12 10:37:29 CET 2026
#@# AvgCurv rh Thu Mar 12 10:37:30 CET 2026
#@# Cortical Parc rh Thu Mar 12 10:37:31 CET 2026
#@# white curv rh Thu Mar 12 10:43:31 CET 2026
#@# white area rh Thu Mar 12 10:43:33 CET 2026
#@# pial curv rh Thu Mar 12 10:43:33 CET 2026
#@# pial area rh Thu Mar 12 10:43:35 CET 2026
#@# thickness rh Thu Mar 12 10:43:35 CET 2026
#@# area and vertex vol rh Thu Mar 12 10:43:55 CET 2026
#@# Curvature Stats rh Thu Mar 12 10:43:56 CET 2026
#@# Cortical Parc 2 rh Thu Mar 12 10:43:58 CET 2026
#@# Cortical Parc 3 rh Thu Mar 12 10:44:08 CET 2026
#@# WM/GM Contrast rh Thu Mar 12 10:44:16 CET 2026
recon-all -s sub-v1s10x0051122_ses-1 finished without error at Thu Mar 12 10:44:18 CET 2026



#New# invocation of recon-all 



status file for recon-all
Thu Mar 12 10:51:23 CET 2026
#@# white curv rh Thu Mar 12 10:51:23 CET 2026
#@# white area rh Thu Mar 12 10:51:23 CET 2026
#@# pial curv rh Thu Mar 12 10:51:23 CET 2026
#@# pial area rh Thu Mar 12 10:51:23 CET 2026
#@# thickness rh Thu Mar 12 10:51:23 CET 2026
#@# area and vertex vol rh Thu Mar 12 10:51:23 CET 2026
#@# Parcellation Stats rh Thu Mar 12 10:51:23 CET 2026
#@# Parcellation Stats 2 rh Thu Mar 12 10:51:39 CET 2026
#@# Parcellation Stats 3 rh Thu Mar 12 10:51:48 CET 2026
#@# BA_exvivo Labels rh Thu Mar 12 10:51:56 CET 2026
recon-all -s sub-v1s10x0051122_ses-1 finished without error at Thu Mar 12 10:54:08 CET 2026
