status file for recon-all
Thu Mar 12 08:37:43 CET 2026
#@# MotionCor Thu Mar 12 08:37:44 CET 2026
#@# Talairach Thu Mar 12 08:37:50 CET 2026
#@# Talairach Failure Detection Thu Mar 12 08:40:40 CET 2026
#@# Nu Intensity Correction Thu Mar 12 08:40:40 CET 2026
#@# Intensity Normalization Thu Mar 12 08:43:25 CET 2026
recon-all -s sub-v1s10x0051122_ses-1 finished without error at Thu Mar 12 08:44:18 CET 2026



#New# invocation of recon-all 



status file for recon-all
Thu Mar 12 08:50:18 CET 2026
#@# EM Registration Thu Mar 12 08:50:18 CET 2026
recon-all -s sub-v1s10x0051122_ses-1 finished without error at Thu Mar 12 08:52:12 CET 2026



#New# invocation of recon-all 



status file for recon-all
Thu Mar 12 08:52:15 CET 2026
#@# CA Normalize Thu Mar 12 08:52:15 CET 2026
#@# CA Reg Thu Mar 12 08:53:08 CET 2026
#@# SubCort Seg Thu Mar 12 09:35:51 CET 2026
#@# CC Seg Thu Mar 12 09:56:06 CET 2026
#@# Merge ASeg Thu Mar 12 09:56:33 CET 2026
#@# Intensity Normalization2 Thu Mar 12 09:56:33 CET 2026
#@# Mask BFS Thu Mar 12 09:57:51 CET 2026
#@# WM Segmentation Thu Mar 12 09:57:52 CET 2026
#@# Fill Thu Mar 12 09:59:23 CET 2026
recon-all -s sub-v1s10x0051122_ses-1 finished without error at Thu Mar 12 10:00:00 CET 2026



#New# invocation of recon-all 



status file for recon-all
Thu Mar 12 10:44:22 CET 2026
#@# white curv lh Thu Mar 12 10:44:22 CET 2026
#@# white area lh Thu Mar 12 10:44:23 CET 2026
#@# pial curv lh Thu Mar 12 10:44:23 CET 2026
#@# pial area lh Thu Mar 12 10:44:23 CET 2026
#@# thickness lh Thu Mar 12 10:44:23 CET 2026
#@# area and vertex vol lh Thu Mar 12 10:44:23 CET 2026
#@# white curv rh Thu Mar 12 10:44:23 CET 2026
#@# white area rh Thu Mar 12 10:44:23 CET 2026
#@# pial curv rh Thu Mar 12 10:44:23 CET 2026
#@# pial area rh Thu Mar 12 10:44:23 CET 2026
#@# thickness rh Thu Mar 12 10:44:23 CET 2026
#@# area and vertex vol rh Thu Mar 12 10:44:23 CET 2026
#@# Cortical ribbon mask Thu Mar 12 10:44:23 CET 2026
recon-all -s sub-v1s10x0051122_ses-1 finished without error at Thu Mar 12 10:48:28 CET 2026



#New# invocation of recon-all 



status file for recon-all
Thu Mar 12 10:54:13 CET 2026
#@# white curv lh Thu Mar 12 10:54:13 CET 2026
#@# white area lh Thu Mar 12 10:54:13 CET 2026
#@# pial curv lh Thu Mar 12 10:54:13 CET 2026
#@# pial area lh Thu Mar 12 10:54:13 CET 2026
#@# thickness lh Thu Mar 12 10:54:13 CET 2026
#@# area and vertex vol lh Thu Mar 12 10:54:13 CET 2026
#@# white curv rh Thu Mar 12 10:54:13 CET 2026
#@# white area rh Thu Mar 12 10:54:13 CET 2026
#@# pial curv rh Thu Mar 12 10:54:13 CET 2026
#@# pial area rh Thu Mar 12 10:54:13 CET 2026
#@# thickness rh Thu Mar 12 10:54:13 CET 2026
#@# area and vertex vol rh Thu Mar 12 10:54:13 CET 2026
#@# Curvature Stats lh Thu Mar 12 10:54:13 CET 2026
#@# Curvature Stats rh Thu Mar 12 10:54:15 CET 2026
#@# Relabel Hypointensities Thu Mar 12 10:54:17 CET 2026
#@# APas-to-ASeg Thu Mar 12 10:54:28 CET 2026
#@# AParc-to-ASeg aparc Thu Mar 12 10:54:34 CET 2026
#@# AParc-to-ASeg aparc.a2009s Thu Mar 12 10:55:01 CET 2026
#@# AParc-to-ASeg aparc.DKTatlas Thu Mar 12 10:55:25 CET 2026
#@# WMParc Thu Mar 12 10:55:51 CET 2026
#@# ASeg Stats Thu Mar 12 10:57:33 CET 2026
recon-all -s sub-v1s10x0051122_ses-1 finished without error at Thu Mar 12 10:57:51 CET 2026
