status file for recon-all
Thu Mar 12 01:45:22 CET 2026
#@# MotionCor Thu Mar 12 01:45:24 CET 2026
#@# Talairach Thu Mar 12 01:45:33 CET 2026
#@# Talairach Failure Detection Thu Mar 12 01:50:00 CET 2026
#@# Nu Intensity Correction Thu Mar 12 01:50:00 CET 2026
#@# Intensity Normalization Thu Mar 12 01:53:17 CET 2026
recon-all -s sub-v1s10x0050995_ses-1 finished without error at Thu Mar 12 01:54:47 CET 2026



#New# invocation of recon-all 



status file for recon-all
Thu Mar 12 02:02:12 CET 2026
#@# EM Registration Thu Mar 12 02:02:12 CET 2026
recon-all -s sub-v1s10x0050995_ses-1 finished without error at Thu Mar 12 02:04:10 CET 2026



#New# invocation of recon-all 



status file for recon-all
Thu Mar 12 02:04:12 CET 2026
#@# CA Normalize Thu Mar 12 02:04:12 CET 2026
#@# CA Reg Thu Mar 12 02:05:35 CET 2026
#@# SubCort Seg Thu Mar 12 02:53:03 CET 2026
#@# CC Seg Thu Mar 12 03:21:42 CET 2026
#@# Merge ASeg Thu Mar 12 03:22:26 CET 2026
#@# Intensity Normalization2 Thu Mar 12 03:22:26 CET 2026
#@# Mask BFS Thu Mar 12 03:24:40 CET 2026
#@# WM Segmentation Thu Mar 12 03:24:41 CET 2026
#@# Fill Thu Mar 12 03:26:38 CET 2026
recon-all -s sub-v1s10x0050995_ses-1 finished without error at Thu Mar 12 03:27:39 CET 2026



#New# invocation of recon-all 



status file for recon-all
Thu Mar 12 04:16:57 CET 2026
#@# white curv lh Thu Mar 12 04:16:57 CET 2026
#@# white area lh Thu Mar 12 04:16:57 CET 2026
#@# pial curv lh Thu Mar 12 04:16:57 CET 2026
#@# pial area lh Thu Mar 12 04:16:57 CET 2026
#@# thickness lh Thu Mar 12 04:16:57 CET 2026
#@# area and vertex vol lh Thu Mar 12 04:16:57 CET 2026
#@# white curv rh Thu Mar 12 04:16:57 CET 2026
#@# white area rh Thu Mar 12 04:16:57 CET 2026
#@# pial curv rh Thu Mar 12 04:16:57 CET 2026
#@# pial area rh Thu Mar 12 04:16:57 CET 2026
#@# thickness rh Thu Mar 12 04:16:57 CET 2026
#@# area and vertex vol rh Thu Mar 12 04:16:57 CET 2026
#@# Cortical ribbon mask Thu Mar 12 04:16:57 CET 2026
recon-all -s sub-v1s10x0050995_ses-1 finished without error at Thu Mar 12 04:22:37 CET 2026



#New# invocation of recon-all 



status file for recon-all
Thu Mar 12 04:30:04 CET 2026
#@# white curv lh Thu Mar 12 04:30:04 CET 2026
#@# white area lh Thu Mar 12 04:30:04 CET 2026
#@# pial curv lh Thu Mar 12 04:30:04 CET 2026
#@# pial area lh Thu Mar 12 04:30:04 CET 2026
#@# thickness lh Thu Mar 12 04:30:04 CET 2026
#@# area and vertex vol lh Thu Mar 12 04:30:04 CET 2026
#@# white curv rh Thu Mar 12 04:30:05 CET 2026
#@# white area rh Thu Mar 12 04:30:05 CET 2026
#@# pial curv rh Thu Mar 12 04:30:05 CET 2026
#@# pial area rh Thu Mar 12 04:30:05 CET 2026
#@# thickness rh Thu Mar 12 04:30:05 CET 2026
#@# area and vertex vol rh Thu Mar 12 04:30:05 CET 2026
#@# Curvature Stats lh Thu Mar 12 04:30:05 CET 2026
#@# Curvature Stats rh Thu Mar 12 04:30:08 CET 2026
#@# Relabel Hypointensities Thu Mar 12 04:30:10 CET 2026
#@# APas-to-ASeg Thu Mar 12 04:30:26 CET 2026
#@# AParc-to-ASeg aparc Thu Mar 12 04:30:36 CET 2026
#@# AParc-to-ASeg aparc.a2009s Thu Mar 12 04:31:20 CET 2026
#@# AParc-to-ASeg aparc.DKTatlas Thu Mar 12 04:32:02 CET 2026
#@# WMParc Thu Mar 12 04:32:46 CET 2026
#@# ASeg Stats Thu Mar 12 04:36:17 CET 2026
recon-all -s sub-v1s10x0050995_ses-1 finished without error at Thu Mar 12 04:37:00 CET 2026
