/out/sourcedata/freesurfer/sub-v1s10x0051101_ses-1/mri
/opt/freesurfer/bin/talairach_avi
--i orig_nu.mgz --xfm transforms/talairach.auto.xfm
talairach_avi 7.3.2
Linux dna087 5.14.0-427.37.1.el9_4.x86_64 #1 SMP PREEMPT_DYNAMIC Fri Sep 13 12:41:50 EDT 2024 x86_64 x86_64 x86_64 GNU/Linux
Thu Mar 12 07:24:22 CET 2026
mri_convert orig_nu.mgz talsrcimg.img 
reading from orig_nu.mgz...
TR=0.00, TE=0.00, TI=0.00, flip angle=0.00
i_ras = (-1, 0, 0)
j_ras = (0, 0, -1)
k_ras = (0, 1, 0)
writing to talsrcimg.img...
Analyze Output Matrix
-1.00000   0.00000   0.00000   120.99043;
 0.00000   0.00000   1.00000  -128.00000;
 0.00000  -1.00000   0.00000   125.66266;
 0.00000   0.00000   0.00000   1.00000;
--------------------
INFO: set hdr.hist.orient to -1
mpr2mni305 talsrcimg
Thu Mar 12 07:24:22 CET 2026
/opt/freesurfer/bin/mpr2mni305 talsrcimg
mpr2mni305 7.3.2
target=711-2C_as_mni_average_305

---------------------------------------------------------------------
analyzeto4dfp talsrcimg -O0 -y
---------------------------------------------------------------------

freesurfer ifh2hdr.c
Thu Mar 12 07:24:22 2026
Writing: talsrcimg.4dfp.hdr
freesurfer analyzeto4dfp.c
Reading: talsrcimg.hdr
header size 348 bytes
hdr.dime.datatype	offset=70	value=2
hdr.dime.bitpix		offset=72	value=8
hdr.hist.orient		offset=252	value=-1
dimensionality     4
dimensions       256       256       256         1
Reading: talsrcimg.img
Writing: talsrcimg.4dfp.img
Writing: talsrcimg.4dfp.ifh
ifh2hdr talsrcimg -r0to211
ori=2

---------------------------------------------------------------------
gauss_4dfp talsrcimg 1.1
---------------------------------------------------------------------

freesurfer gauss_4dfp.c
Reading: talsrcimg.4dfp.img
Writing: talsrcimg_g11.4dfp.img
image dimensions 256 256 256 padded to 288 288 288
processing volume 1freesurfer ifh2hdr.c
Thu Mar 12 07:24:24 2026
Writing: talsrcimg_g11.4dfp.hdr

Writing: talsrcimg_g11.4dfp.ifh
including: talsrcimg.4dfp.img.rec in talsrcimg_g11.4dfp.img.rec

---------------------------------------------------------------------
imgreg_4dfp /opt/freesurfer/average/711-2C_as_mni_average_305 none talsrcimg_g11 none talsrcimg_to_711-2C_as_mni_average_305_t4 4355
---------------------------------------------------------------------

freesurfer imgreg_4dfp.c
/opt/freesurfer/average/711-2C_as_mni_average_305.4dfp.img
       256       256       256         1
  1.000000  1.000000  1.000000
orientation T byte_order littleendian
Reading image: /opt/freesurfer/average/711-2C_as_mni_average_305.4dfp.img
dimensions:      256       256       256
mmppix:       1.0000   -1.0000   -1.0000
center:     128.0000 -129.0000 -129.0000
talsrcimg_g11.4dfp.img
       256       256       256         1
  1.000000  1.000000  1.000000
orientation T byte_order littleendian
Reading image: talsrcimg_g11.4dfp.img
dimensions:      256       256       256
mmppix:       1.0000   -1.0000   -1.0000
center:     128.0000 -129.0000 -129.0000
t4_read: open error in t4_sub.f l:  41 t4_file(1:l)talsrcimg_to_711-2C_as_mni_average_305_t4 
t4_read: transform initialized to I4
rotation matrix determinant  1.000000
image alignment mode   4355 decimal     1103 hex
   -7.5000  -45.0000  -45.0000 8617.7539   16.2369
    0.0000  -45.0000  -45.0000 8920.6611   16.2319
    7.5000  -45.0000  -45.0000 8441.6035   16.2507
   -7.5000  -37.5000  -45.0000 9077.3740   16.2314
    0.0000  -37.5000  -45.0000 9394.0068   16.2294
    7.5000  -37.5000  -45.0000 8888.6143   16.2444
   -7.5000  -30.0000  -45.0000 9795.1924   16.2298
    0.0000  -30.0000  -45.000010160.7822   16.2261
    7.5000  -30.0000  -45.0000 9616.8857   16.2421
   -7.5000  -22.5000  -45.000010447.5293   16.2216
    0.0000  -22.5000  -45.000010846.4297   16.2121
    7.5000  -22.5000  -45.000010257.7715   16.2326
   -7.5000  -15.0000  -45.000011055.7656   16.2099
    0.0000  -15.0000  -45.000011487.4355   16.1974
    7.5000  -15.0000  -45.000010872.4307   16.2231
   -7.5000   -7.5000  -45.000011567.6094   16.2074
    0.0000   -7.5000  -45.000012035.9951   16.1976
    7.5000   -7.5000  -45.000011401.5605   16.2224
   -7.5000    0.0000  -45.000011995.0850   16.2182
    0.0000    0.0000  -45.000012480.5908   16.2132
    7.5000    0.0000  -45.000011841.9053   16.2319
   -7.5000    7.5000  -45.000011559.9922   16.2290
    0.0000    7.5000  -45.000012017.3291   16.2270
    7.5000    7.5000  -45.000011400.8887   16.2422
   -7.5000   15.0000  -45.000010993.6201   16.2298
    0.0000   15.0000  -45.000011394.6416   16.2261
    7.5000   15.0000  -45.000010782.7012   16.2421
   -7.5000   22.5000  -45.000010207.4209   16.2194
    0.0000   22.5000  -45.000010568.2588   16.2098
    7.5000   22.5000  -45.0000 9979.6895   16.2304
   -7.5000   30.0000  -45.0000 9368.5205   15.9939
    0.0000   30.0000  -45.0000 9724.4150   15.9815
    7.5000   30.0000  -45.0000 9184.4277   16.0070
   -7.5000   37.5000  -45.0000 8926.8955   15.9925
    0.0000   37.5000  -45.0000 9250.7217   15.9828
    7.5000   37.5000  -45.0000 8735.5762   16.0072
   -7.5000   45.0000  -45.0000 8065.4023   15.6229
    0.0000   45.0000  -45.0000 8339.0791   15.6179
    7.5000   45.0000  -45.0000 7889.8423   15.6360
   -7.5000  -45.0000  -37.5000 9149.1406   16.1151
    0.0000  -45.0000  -37.5000 9479.4443   16.1028
    7.5000  -45.0000  -37.5000 8978.0605   16.1133
   -7.5000  -37.5000  -37.5000 9609.5918   16.1091
    0.0000  -37.5000  -37.5000 9970.7559   16.0996
    7.5000  -37.5000  -37.5000 9449.7520   16.1075
   -7.5000  -30.0000  -37.500010350.0381   16.1096
    0.0000  -30.0000  -37.500010749.0186   16.0971
    7.5000  -30.0000  -37.500010188.7422   16.1062
   -7.5000  -22.5000  -37.500011053.8779   16.1023
    0.0000  -22.5000  -37.500011476.9883   16.0828
    7.5000  -22.5000  -37.500010855.1084   16.0960
   -7.5000  -15.0000  -37.500011697.6660   16.0909
    0.0000  -15.0000  -37.500012137.6279   16.0691
    7.5000  -15.0000  -37.500011478.1162   16.0868
   -7.5000   -7.5000  -37.500012227.8574   16.0880
    0.0000   -7.5000  -37.500012710.2080   16.0704
    7.5000   -7.5000  -37.500012015.9102   16.0866
   -7.5000    0.0000  -37.500012657.8418   16.0966
    0.0000    0.0000  -37.500013166.0020   16.0843
    7.5000    0.0000  -37.500012441.0117   16.0949
   -7.5000    7.5000  -37.500012166.3789   16.1067
    0.0000    7.5000  -37.500012636.3887   16.0973
    7.5000    7.5000  -37.500011944.3076   16.1052
   -7.5000   15.0000  -37.500011527.3271   16.1096
    0.0000   15.0000  -37.500011956.5332   16.0971
    7.5000   15.0000  -37.500011298.3916   16.1062
   -7.5000   22.5000  -37.500010688.6943   16.1000
    0.0000   22.5000  -37.500011087.9678   16.0806
    7.5000   22.5000  -37.500010477.4893   16.0938
   -7.5000   30.0000  -37.5000 9792.5303   15.8765
    0.0000   30.0000  -37.500010172.7920   15.8549
    7.5000   30.0000  -37.5000 9624.1465   15.8724
   -7.5000   37.5000  -37.5000 9320.8525   15.8747
    0.0000   37.5000  -37.5000 9672.1572   15.8572
    7.5000   37.5000  -37.5000 9149.4307   15.8732
   -7.5000   45.0000  -37.5000 8387.2197   15.5060
    0.0000   45.0000  -37.5000 8698.0488   15.4941
    7.5000   45.0000  -37.5000 8235.5449   15.5044
   -7.5000  -45.0000  -30.0000 9848.5479   16.7408
    0.0000  -45.0000  -30.000010188.1787   16.7234
    7.5000  -45.0000  -30.0000 9649.2861   16.7304
   -7.5000  -37.5000  -30.000010340.8281   16.7327
    0.0000  -37.5000  -30.000010710.5752   16.7182
    7.5000  -37.5000  -30.000010145.9385   16.7251
   -7.5000  -30.0000  -30.000011137.8906   16.7330
    0.0000  -30.0000  -30.000011547.8662   16.7141
    7.5000  -30.0000  -30.000010939.8213   16.7234
   -7.5000  -22.5000  -30.000011888.4355   16.7255
    0.0000  -22.5000  -30.000012354.8457   16.6978
    7.5000  -22.5000  -30.000011677.1592   16.7095
   -7.5000  -15.0000  -30.000012533.4180   16.7150
    0.0000  -15.0000  -30.000013054.6104   16.6850
    7.5000  -15.0000  -30.000012325.2051   16.6989
   -7.5000   -7.5000  -30.000013092.4492   16.7139
    0.0000   -7.5000  -30.000013652.4170   16.6899
    7.5000   -7.5000  -30.000012895.2002   16.7013
   -7.5000    0.0000  -30.000013528.8750   16.7217
    0.0000    0.0000  -30.000014102.7021   16.7044
    7.5000    0.0000  -30.000013315.3047   16.7114
   -7.5000    7.5000  -30.000012973.8320   16.7303
    0.0000    7.5000  -30.000013498.1572   16.7158
    7.5000    7.5000  -30.000012758.1777   16.7228
   -7.5000   15.0000  -30.000012276.3184   16.7330
    0.0000   15.0000  -30.000012769.7598   16.7141
    7.5000   15.0000  -30.000012058.6553   16.7234
   -7.5000   22.5000  -30.000011378.4482   16.7214
    0.0000   22.5000  -30.000011844.2959   16.6938
    7.5000   22.5000  -30.000011179.2676   16.7055
   -7.5000   30.0000  -30.000010418.8438   16.4938
    0.0000   30.0000  -30.000010852.9727   16.4642
    7.5000   30.0000  -30.000010266.2773   16.4779
   -7.5000   37.5000  -30.0000 9875.7695   16.4939
    0.0000   37.5000  -30.000010270.1309   16.4701
    7.5000   37.5000  -30.0000 9719.8242   16.4814
   -7.5000   45.0000  -30.0000 8882.2314   16.1202
    0.0000   45.0000  -30.0000 9218.5312   16.1035
    7.5000   45.0000  -30.0000 8735.1182   16.1105
   -7.5000  -45.0000  -22.500010518.5742   17.3149
    0.0000  -45.0000  -22.500010921.2012   17.3013
    7.5000  -45.0000  -22.500010339.8350   17.3142
   -7.5000  -37.5000  -22.500011056.6973   17.3048
    0.0000  -37.5000  -22.500011483.9033   17.2949
    7.5000  -37.5000  -22.500010872.6631   17.3100
   -7.5000  -30.0000  -22.500011924.5635   17.3059
    0.0000  -30.0000  -22.500012389.1855   17.2913
    7.5000  -30.0000  -22.500011721.0449   17.3098
   -7.5000  -22.5000  -22.500012710.8203   17.3008
    0.0000  -22.5000  -22.500013250.6875   17.2759
    7.5000  -22.5000  -22.500012508.6406   17.2950
   -7.5000  -15.0000  -22.500013352.2471   17.2918
    0.0000  -15.0000  -22.500013974.5186   17.2636
    7.5000  -15.0000  -22.500013187.2402   17.2827
   -7.5000   -7.5000  -22.500013960.0840   17.2896
    0.0000   -7.5000  -22.500014612.7158   17.2680
    7.5000   -7.5000  -22.500013777.8770   17.2842
   -7.5000    0.0000  -22.500014421.9531   17.2951
    0.0000    0.0000  -22.500015068.2900   17.2816
    7.5000    0.0000  -22.500014232.0137   17.2946
   -7.5000    7.5000  -22.500013792.4336   17.3024
    0.0000    7.5000  -22.500014404.0928   17.2925
    7.5000    7.5000  -22.500013599.7305   17.3077
   -7.5000   15.0000  -22.500013054.5176   17.3059
    0.0000   15.0000  -22.500013615.7412   17.2913
    7.5000   15.0000  -22.500012844.6543   17.3098
   -7.5000   22.5000  -22.500012084.0273   17.2955
    0.0000   22.5000  -22.500012616.7295   17.2706
    7.5000   22.5000  -22.500011914.6445   17.2897
   -7.5000   30.0000  -22.500011047.5625   17.0656
    0.0000   30.0000  -22.500011535.5840   17.0378
    7.5000   30.0000  -22.500010915.2256   17.0566
   -7.5000   37.5000  -22.500010459.5156   17.0646
    0.0000   37.5000  -22.500010893.6875   17.0433
    7.5000   37.5000  -22.500010318.4395   17.0592
   -7.5000   45.0000  -22.5000 9382.1162   16.6853
    0.0000   45.0000  -22.5000 9765.5801   16.6724
    7.5000   45.0000  -22.5000 9250.1963   16.6849
   -7.5000  -45.0000  -15.000011213.4102   17.7325
    0.0000  -45.0000  -15.000011678.7529   17.7273
    7.5000  -45.0000  -15.000011048.5205   17.7491
   -7.5000  -37.5000  -15.000011763.0391   17.7234
    0.0000  -37.5000  -15.000012268.7666   17.7216
    7.5000  -37.5000  -15.000011622.1514   17.7447
   -7.5000  -30.0000  -15.000012706.2959   17.7247
    0.0000  -30.0000  -15.000013252.9004   17.7189
    7.5000  -30.0000  -15.000012534.0029   17.7449
   -7.5000  -22.5000  -15.000013492.4805   17.7202
    0.0000  -22.5000  -15.000014128.7510   17.7050
    7.5000  -22.5000  -15.000013327.0615   17.7319
   -7.5000  -15.0000  -15.000014166.5537   17.7104
    0.0000  -15.0000  -15.000014887.7988   17.6918
    7.5000  -15.0000  -15.000014058.4902   17.7194
   -7.5000   -7.5000  -15.000014817.3408   17.7061
    0.0000   -7.5000  -15.000015575.7490   17.6936
    7.5000   -7.5000  -15.000014723.6025   17.7189
   -7.5000    0.0000  -15.000015284.9414   17.7122
    0.0000    0.0000  -15.000016063.8525   17.7071
    7.5000    0.0000  -15.000015198.5371   17.7290
   -7.5000    7.5000  -15.000014574.3809   17.7209
    0.0000    7.5000  -15.000015324.8281   17.7192
    7.5000    7.5000  -15.000014507.3018   17.7423
   -7.5000   15.0000  -15.000013792.1318   17.7247
    0.0000   15.0000  -15.000014455.8262   17.7189
    7.5000   15.0000  -15.000013673.4121   17.7449
   -7.5000   22.5000  -15.000012776.5469   17.7140
    0.0000   22.5000  -15.000013394.4697   17.6988
    7.5000   22.5000  -15.000012660.1338   17.7256
   -7.5000   30.0000  -15.000011691.0410   17.4812
    0.0000   30.0000  -15.000012255.8467   17.4629
    7.5000   30.0000  -15.000011604.3125   17.4901
   -7.5000   37.5000  -15.000011044.9492   17.4782
    0.0000   37.5000  -15.000011568.6699   17.4658
    7.5000   37.5000  -15.000010961.9277   17.4907
   -7.5000   45.0000  -15.0000 9901.7920   17.0977
    0.0000   45.0000  -15.000010348.8877   17.0927
    7.5000   45.0000  -15.0000 9800.2109   17.1138
   -7.5000  -45.0000   -7.500011927.5820   17.9363
    0.0000  -45.0000   -7.500012474.9131   17.9346
    7.5000  -45.0000   -7.500011809.7607   17.9593
   -7.5000  -37.5000   -7.500012506.9307   17.9302
    0.0000  -37.5000   -7.500013084.0527   17.9317
    7.5000  -37.5000   -7.500012416.2520   17.9544
   -7.5000  -30.0000   -7.500013505.8848   17.9303
    0.0000  -30.0000   -7.500014138.7344   17.9289
    7.5000  -30.0000   -7.500013390.6074   17.9534
   -7.5000  -22.5000   -7.500014308.5957   17.9227
    0.0000  -22.5000   -7.500015021.6299   17.9138
    7.5000  -22.5000   -7.500014220.7930   17.9415
   -7.5000  -15.0000   -7.500014981.8154   17.9102
    0.0000  -15.0000   -7.500015767.6074   17.8981
    7.5000  -15.0000   -7.500014981.1553   17.9292
   -7.5000   -7.5000   -7.500015662.6162   17.9059
    0.0000   -7.5000   -7.500016507.6719   17.8981
    7.5000   -7.5000   -7.500015707.3506   17.9279
   -7.5000    0.0000   -7.500016162.9775   17.9159
    0.0000    0.0000   -7.500017025.2754   17.9141
    7.5000    0.0000   -7.500016210.3926   17.9388
   -7.5000    7.5000   -7.500015361.8721   17.9276
    0.0000    7.5000   -7.500016214.1074   17.9292
    7.5000    7.5000   -7.500015460.5566   17.9520
   -7.5000   15.0000   -7.500014513.1992   17.9303
    0.0000   15.0000   -7.500015285.7275   17.9289
    7.5000   15.0000   -7.500014554.9258   17.9534
   -7.5000   22.5000   -7.500013498.8779   17.9145
    0.0000   22.5000   -7.500014210.8164   17.9056
    7.5000   22.5000   -7.500013492.9980   17.9332
   -7.5000   30.0000   -7.500012384.0967   17.6779
    0.0000   30.0000   -7.500013041.3730   17.6660
    7.5000   30.0000   -7.500012350.1113   17.6967
   -7.5000   37.5000   -7.500011704.6094   17.6749
    0.0000   37.5000   -7.500012297.7754   17.6672
    7.5000   37.5000   -7.500011629.3047   17.6966
   -7.5000   45.0000   -7.500010476.4189   17.2972
    0.0000   45.0000   -7.500010991.0645   17.2954
    7.5000   45.0000   -7.500010391.6611   17.3192
   -7.5000  -45.0000    0.000012513.2969   17.9649
    0.0000  -45.0000    0.000013094.5215   17.9589
    7.5000  -45.0000    0.000012439.8965   17.9784
   -7.5000  -37.5000    0.000013150.4766   17.9586
    0.0000  -37.5000    0.000013765.4766   17.9559
    7.5000  -37.5000    0.000013076.8477   17.9714
   -7.5000  -30.0000    0.000014252.5752   17.9569
    0.0000  -30.0000    0.000014938.7500   17.9519
    7.5000  -30.0000    0.000014154.8555   17.9686
   -7.5000  -22.5000    0.000015103.9678   17.9480
    0.0000  -22.5000    0.000015893.9678   17.9363
    7.5000  -22.5000    0.000015097.5273   17.9579
   -7.5000  -15.0000    0.000015749.2529   17.9358
    0.0000  -15.0000    0.000016601.8496   17.9208
    7.5000  -15.0000    0.000015935.3984   17.9479
   -7.5000   -7.5000    0.000016396.2930   17.9331
    0.0000   -7.5000    0.000017302.4492   17.9215
    7.5000   -7.5000    0.000016668.8398   17.9475
   -7.5000    0.0000    0.000016940.6035   17.9444
    0.0000    0.0000    0.000017881.9180   17.9384
    7.5000    0.0000    0.000017183.7949   17.9579
   -7.5000    7.5000    0.000016138.1230   17.9560
    0.0000    7.5000    0.000017083.1660   17.9533
    7.5000    7.5000    0.000016341.9609   17.9690
   -7.5000   15.0000    0.000015221.5586   17.9569
    0.0000   15.0000    0.000016093.0479   17.9519
    7.5000   15.0000    0.000015343.0449   17.9686
   -7.5000   22.5000    0.000014206.2354   17.9398
    0.0000   22.5000    0.000015000.2461   17.9281
    7.5000   22.5000    0.000014218.1025   17.9497
   -7.5000   30.0000    0.000013061.5039   17.7036
    0.0000   30.0000    0.000013779.4814   17.6889
    7.5000   30.0000    0.000013011.4375   17.7157
   -7.5000   37.5000    0.000012343.6748   17.7022
    0.0000   37.5000    0.000012966.5146   17.6907
    7.5000   37.5000    0.000012261.6299   17.7163
   -7.5000   45.0000    0.000011041.6016   17.3261
    0.0000   45.0000    0.000011575.4600   17.3202
    7.5000   45.0000    0.000010954.5303   17.3390
   -7.5000  -45.0000    7.500012151.8896   17.9689
    0.0000  -45.0000    7.500012705.5967   17.9547
    7.5000  -45.0000    7.500012116.3857   17.9659
   -7.5000  -37.5000    7.500012743.5908   17.9613
    0.0000  -37.5000    7.500013307.3242   17.9502
    7.5000  -37.5000    7.500012694.7510   17.9583
   -7.5000  -30.0000    7.500013895.0059   17.9606
    0.0000  -30.0000    7.500014551.2568   17.9462
    7.5000  -30.0000    7.500013771.5020   17.9557
   -7.5000  -22.5000    7.500014889.6045   17.9523
    0.0000  -22.5000    7.500015686.0176   17.9303
    7.5000  -22.5000    7.500014848.9541   17.9444
   -7.5000  -15.0000    7.500015607.3594   17.9406
    0.0000  -15.0000    7.500016463.4023   17.9160
    7.5000  -15.0000    7.500015713.2393   17.9352
   -7.5000   -7.5000    7.500016190.7373   17.9386
    0.0000   -7.5000    7.500017051.3633   17.9186
    7.5000   -7.5000    7.500016322.3105   17.9361
   -7.5000    0.0000    7.500016672.7148   17.9484
    0.0000    0.0000    7.500017547.0547   17.9342
    7.5000    0.0000    7.500016765.9199   17.9454
   -7.5000    7.5000    7.500015859.9004   17.9586
    0.0000    7.5000    7.500016680.6309   17.9476
    7.5000    7.5000    7.500015888.8916   17.9558
   -7.5000   15.0000    7.500014918.1191   17.9606
    0.0000   15.0000    7.500015664.9893   17.9462
    7.5000   15.0000    7.500014913.5928   17.9557
   -7.5000   22.5000    7.500013902.6553   17.9440
    0.0000   22.5000    7.500014572.1484   17.9220
    7.5000   22.5000    7.500013826.7881   17.9362
   -7.5000   30.0000    7.500012762.7959   17.7084
    0.0000   30.0000    7.500013382.8662   17.6842
    7.5000   30.0000    7.500012656.6133   17.7031
   -7.5000   37.5000    7.500012008.0400   17.7076
    0.0000   37.5000    7.500012583.3887   17.6878
    7.5000   37.5000    7.500011912.2295   17.7051
   -7.5000   45.0000    7.500010714.2559   17.3304
    0.0000   45.0000    7.500011218.7559   17.3167
    7.5000   45.0000    7.500010621.5205   17.3276
   -7.5000  -45.0000   15.000011654.5059   17.9995
    0.0000  -45.0000   15.000012194.8428   17.9809
    7.5000  -45.0000   15.000011605.4912   17.9888
   -7.5000  -37.5000   15.000012234.4482   17.9912
    0.0000  -37.5000   15.000012795.9180   17.9757
    7.5000  -37.5000   15.000012175.0625   17.9835
   -7.5000  -30.0000   15.000013346.5244   17.9918
    0.0000  -30.0000   15.000013999.5166   17.9717
    7.5000  -30.0000   15.000013216.0166   17.9819
   -7.5000  -22.5000   15.000014436.6211   17.9834
    0.0000  -22.5000   15.000015034.0674   17.9538
    7.5000  -22.5000   15.000014153.6289   17.9666
   -7.5000  -15.0000   15.000015246.7754   17.9716
    0.0000  -15.0000   15.000015807.9453   17.9394
    7.5000  -15.0000   15.000014907.9395   17.9547
   -7.5000   -7.5000   15.000015858.3848   17.9702
    0.0000   -7.5000   15.000016442.5332   17.9444
    7.5000   -7.5000   15.000015521.8779   17.9571
   -7.5000    0.0000   15.000016252.6094   17.9789
    0.0000    0.0000   15.000016913.6719   17.9604
    7.5000    0.0000   15.000016004.5430   17.9684
   -7.5000    7.5000   15.000015364.8389   17.9886
    0.0000    7.5000   15.000016012.1221   17.9732
    7.5000    7.5000   15.000015204.1367   17.9811
   -7.5000   15.0000   15.000014373.4854   17.9918
    0.0000   15.0000   15.000014992.4717   17.9717
    7.5000   15.0000   15.000014257.6230   17.9819
   -7.5000   22.5000   15.000013362.0908   17.9751
    0.0000   22.5000   15.000013941.2881   17.9455
    7.5000   22.5000   15.000013220.0605   17.9584
   -7.5000   30.0000   15.000012222.8906   17.7390
    0.0000   30.0000   15.000012777.5020   17.7072
    7.5000   30.0000   15.000012109.8809   17.7223
   -7.5000   37.5000   15.000011488.8574   17.7389
    0.0000   37.5000   15.000012037.4629   17.7134
    7.5000   37.5000   15.000011401.7266   17.7259
   -7.5000   45.0000   15.000010284.4375   17.3603
    0.0000   45.0000   15.000010742.4600   17.3425
    7.5000   45.0000   15.000010191.1826   17.3503
   -7.5000  -45.0000   22.500011125.8486   18.0566
    0.0000  -45.0000   22.500011597.8389   18.0432
    7.5000  -45.0000   22.500010992.7051   18.0572
   -7.5000  -37.5000   22.500011680.6494   18.0463
    0.0000  -37.5000   22.500012178.1191   18.0366
    7.5000  -37.5000   22.500011513.6074   18.0529
   -7.5000  -30.0000   22.500012736.3926   18.0468
    0.0000  -30.0000   22.500013206.0518   18.0322
    7.5000  -30.0000   22.500012458.6797   18.0518
   -7.5000  -22.5000   22.500013625.8936   18.0407
    0.0000  -22.5000   22.500014021.3701   18.0153
    7.5000  -22.5000   22.500013248.4043   18.0355
   -7.5000  -15.0000   22.500014290.6924   18.0309
    0.0000  -15.0000   22.500014711.1992   18.0021
    7.5000  -15.0000   22.500013921.9062   18.0224
   -7.5000   -7.5000   22.500014911.8613   18.0293
    0.0000   -7.5000   22.500015431.8086   18.0075
    7.5000   -7.5000   22.500014582.7471   18.0249
   -7.5000    0.0000   22.500015360.3320   18.0359
    0.0000    0.0000   22.500015945.0469   18.0226
    7.5000    0.0000   22.500015106.4297   18.0367
   -7.5000    7.5000   22.500014589.0068   18.0437
    0.0000    7.5000   22.500015150.2090   18.0341
    7.5000    7.5000   22.500014403.0312   18.0504
   -7.5000   15.0000   22.500013660.8223   18.0468
    0.0000   15.0000   22.500014192.6074   18.0322
    7.5000   15.0000   22.500013497.4453   18.0518
   -7.5000   22.5000   22.500012681.7109   18.0323
    0.0000   22.5000   22.500013179.9395   18.0070
    7.5000   22.5000   22.500012500.1006   18.0272
   -7.5000   30.0000   22.500011607.5029   17.7975
    0.0000   30.0000   22.500012100.4004   17.7691
    7.5000   30.0000   22.500011465.9883   17.7891
   -7.5000   37.5000   22.500010893.7041   17.7971
    0.0000   37.5000   22.500011379.1328   17.7757
    7.5000   37.5000   22.500010784.3916   17.7928
   -7.5000   45.0000   22.5000 9726.2363   17.4153
    0.0000   45.0000   22.500010149.4180   17.4025
    7.5000   45.0000   22.5000 9645.2832   17.4162
   -7.5000  -45.0000   30.000010357.9287   18.1774
    0.0000  -45.0000   30.000010803.8193   18.1732
    7.5000  -45.0000   30.000010223.4814   18.1962
   -7.5000  -37.5000   30.000010885.2041   18.1676
    0.0000  -37.5000   30.000011337.0840   18.1668
    7.5000  -37.5000   30.000010718.0850   18.1909
   -7.5000  -30.0000   30.000011816.0732   18.1681
    0.0000  -30.0000   30.000012232.2168   18.1630
    7.5000  -30.0000   30.000011568.6865   18.1901
   -7.5000  -22.5000   30.000012593.7656   18.1630
    0.0000  -22.5000   30.000012995.3203   18.1482
    7.5000  -22.5000   30.000012306.5732   18.1762
   -7.5000  -15.0000   30.000013225.0596   18.1531
    0.0000  -15.0000   30.000013698.9473   18.1349
    7.5000  -15.0000   30.000012984.0205   18.1637
   -7.5000   -7.5000   30.000013837.2725   18.1495
    0.0000   -7.5000   30.000014386.7285   18.1377
    7.5000   -7.5000   30.000013634.4590   18.1643
   -7.5000    0.0000   30.000014296.2402   18.1564
    0.0000    0.0000   30.000014868.9463   18.1522
    7.5000    0.0000   30.000014110.3652   18.1753
   -7.5000    7.5000   30.000013643.5107   18.1650
    0.0000    7.5000   30.000014180.1367   18.1643
    7.5000    7.5000   30.000013463.8955   18.1885
   -7.5000   15.0000   30.000012805.7695   18.1681
    0.0000   15.0000   30.000013304.8027   18.1630
    7.5000   15.0000   30.000012639.1289   18.1901
   -7.5000   22.5000   30.000011892.1602   18.1546
    0.0000   22.5000   30.000012337.6270   18.1398
    7.5000   22.5000   30.000011688.6357   18.1678
   -7.5000   30.0000   30.000010888.1865   17.9182
    0.0000   30.0000   30.000011309.6289   17.9002
    7.5000   30.0000   30.000010713.5576   17.9286
   -7.5000   37.5000   30.000010207.9082   17.9159
    0.0000   37.5000   30.000010606.6387   17.9042
    7.5000   37.5000   30.000010058.3662   17.9304
   -7.5000   45.0000   30.0000 9105.0537   17.5314
    0.0000   45.0000   30.0000 9457.1514   17.5274
    7.5000   45.0000   30.0000 8991.1436   17.5496
   -7.5000  -45.0000   37.5000 9943.8574   18.4261
    0.0000  -45.0000   37.500010359.0342   18.4252
    7.5000  -45.0000   37.5000 9838.0293   18.4512
   -7.5000  -37.5000   37.500010452.2119   18.4201
    0.0000  -37.5000   37.500010872.6064   18.4228
    7.5000  -37.5000   37.500010325.6621   18.4467
   -7.5000  -30.0000   37.500011344.9551   18.4201
    0.0000  -30.0000   37.500011755.3838   18.4197
    7.5000  -30.0000   37.500011172.3125   18.4455
   -7.5000  -22.5000   37.500012074.9375   18.4115
    0.0000  -22.5000   37.500012505.2969   18.4027
    7.5000  -22.5000   37.500011898.5518   18.4320
   -7.5000  -15.0000   37.500012717.5430   18.3977
    0.0000  -15.0000   37.500013197.6602   18.3854
    7.5000  -15.0000   37.500012548.4355   18.4181
   -7.5000   -7.5000   37.500013312.7139   18.3934
    0.0000   -7.5000   37.500013846.4385   18.3857
    7.5000   -7.5000   37.500013168.9941   18.4171
   -7.5000    0.0000   37.500013803.4561   18.4045
    0.0000    0.0000   37.500014343.8408   18.4036
    7.5000    0.0000   37.500013635.6670   18.4297
   -7.5000    7.5000   37.500013200.5850   18.4174
    0.0000    7.5000   37.500013706.9268   18.4201
    7.5000    7.5000   37.500013011.1484   18.4441
   -7.5000   15.0000   37.500012396.1406   18.4201
    0.0000   15.0000   37.500012871.5410   18.4197
    7.5000   15.0000   37.500012228.6172   18.4455
   -7.5000   22.5000   37.500011505.0098   18.4030
    0.0000   22.5000   37.500011948.8174   18.3943
    7.5000   22.5000   37.500011318.5371   18.4235
   -7.5000   30.0000   37.500010543.5420   18.1596
    0.0000   30.0000   37.500010951.2490   18.1474
    7.5000   30.0000   37.500010368.1436   18.1798
   -7.5000   37.5000   37.5000 9869.6865   18.1562
    0.0000   37.5000   37.500010231.0771   18.1486
    7.5000   37.5000   37.5000 9727.6143   18.1796
   -7.5000   45.0000   37.5000 8789.6738   17.7697
    0.0000   45.0000   37.5000 9084.2949   17.7687
    7.5000   45.0000   37.5000 8678.3682   17.7938
   -7.5000  -45.0000   45.0000 9111.3145   18.7080
    0.0000  -45.0000   45.0000 9496.0830   18.7008
    7.5000  -45.0000   45.0000 9028.3955   18.7204
   -7.5000  -37.5000   45.0000 9580.9268   18.7033
    0.0000  -37.5000   45.0000 9997.3457   18.7008
    7.5000  -37.5000   45.0000 9499.3906   18.7172
   -7.5000  -30.0000   45.000010394.8330   18.7018
    0.0000  -30.0000   45.000010826.9463   18.6978
    7.5000  -30.0000   45.000010305.0195   18.7168
   -7.5000  -22.5000   45.000011094.0771   18.6900
    0.0000  -22.5000   45.000011546.7168   18.6785
    7.5000  -22.5000   45.000010981.2529   18.7032
   -7.5000  -15.0000   45.000011687.1133   18.6741
    0.0000  -15.0000   45.000012185.9531   18.6581
    7.5000  -15.0000   45.000011577.7344   18.6879
   -7.5000   -7.5000   45.000012226.0859   18.6710
    0.0000   -7.5000   45.000012726.2861   18.6578
    7.5000   -7.5000   45.000012109.8447   18.6850
   -7.5000    0.0000   45.000012694.6455   18.6856
    0.0000    0.0000   45.000013177.0508   18.6784
    7.5000    0.0000   45.000012551.0801   18.6980
   -7.5000    7.5000   45.000012149.1758   18.7004
    0.0000    7.5000   45.000012617.1602   18.6980
    7.5000    7.5000   45.000011988.0254   18.7145
   -7.5000   15.0000   45.000011423.0938   18.7018
    0.0000   15.0000   45.000011886.0645   18.6978
    7.5000   15.0000   45.000011285.0332   18.7168
   -7.5000   22.5000   45.000010611.2861   18.6814
    0.0000   22.5000   45.000011028.3936   18.6699
    7.5000   22.5000   45.000010447.9443   18.6946
   -7.5000   30.0000   45.0000 9724.9629   18.4309
    0.0000   30.0000   45.000010090.1309   18.4151
    7.5000   30.0000   45.0000 9577.8467   18.4444
   -7.5000   37.5000   45.0000 9097.1738   18.4280
    0.0000   37.5000   45.0000 9425.5889   18.4149
    7.5000   37.5000   45.0000 8971.8174   18.4417
   -7.5000   45.0000   45.0000 8095.0742   18.0469
    0.0000   45.0000   45.0000 8372.8125   18.0398
    7.5000   45.0000   45.0000 7999.5591   18.0589

---------------------------------------------------------------------
imgreg_4dfp /opt/freesurfer/average/711-2C_as_mni_average_305 /opt/freesurfer/average/711-2B_as_mni_average_305_mask talsrcimg_g11 none talsrcimg_to_711-2C_as_mni_average_305_t4 4355
---------------------------------------------------------------------

freesurfer imgreg_4dfp.c
/opt/freesurfer/average/711-2C_as_mni_average_305.4dfp.img
       256       256       256         1
  1.000000  1.000000  1.000000
orientation T byte_order littleendian
Reading image: /opt/freesurfer/average/711-2C_as_mni_average_305.4dfp.img
dimensions:      256       256       256
mmppix:       1.0000   -1.0000   -1.0000
center:     128.0000 -129.0000 -129.0000
/opt/freesurfer/average/711-2B_as_mni_average_305_mask.4dfp.img
       256       256       256         1
  1.000000  1.000000  1.000000
orientation T byte_order littleendian
Reading mask: /opt/freesurfer/average/711-2B_as_mni_average_305_mask.4dfp.img (2306576 pixels)
talsrcimg_g11.4dfp.img
       256       256       256         1
  1.000000  1.000000  1.000000
orientation T byte_order littleendian
Reading image: talsrcimg_g11.4dfp.img
dimensions:      256       256       256
mmppix:       1.0000   -1.0000   -1.0000
center:     128.0000 -129.0000 -129.0000
rotation matrix determinant  1.000000
image alignment mode   4355 decimal     1103 hex
   -7.5000  -45.0000  -45.0000 2192.6621   16.7365
    0.0000  -45.0000  -45.0000 2185.6921   16.8683
    7.5000  -45.0000  -45.0000 2163.0698   17.2029
   -7.5000  -37.5000  -45.0000 2266.7170   15.5979
    0.0000  -37.5000  -45.0000 2257.7346   15.7081
    7.5000  -37.5000  -45.0000 2232.3474   16.0265
   -7.5000  -30.0000  -45.0000 2313.2188   14.8403
    0.0000  -30.0000  -45.0000 2310.8057   14.9485
    7.5000  -30.0000  -45.0000 2278.5779   15.2739
   -7.5000  -22.5000  -45.0000 2346.5007   14.3278
    0.0000  -22.5000  -45.0000 2340.7705   14.4615
    7.5000  -22.5000  -45.0000 2306.0540   14.8046
   -7.5000  -15.0000  -45.0000 2356.7290   14.1752
    0.0000  -15.0000  -45.0000 2352.4509   14.2652
    7.5000  -15.0000  -45.0000 2316.2070   14.6082
   -7.5000   -7.5000  -45.0000 2345.7795   14.3359
    0.0000   -7.5000  -45.0000 2344.8923   14.3975
    7.5000   -7.5000  -45.0000 2305.7375   14.7536
   -7.5000    0.0000  -45.0000 2307.3777   14.7729
    0.0000    0.0000  -45.0000 2311.2551   14.8193
    7.5000    0.0000  -45.0000 2274.2595   15.1692
   -7.5000    7.5000  -45.0000 2256.4851   15.4657
    0.0000    7.5000  -45.0000 2258.6426   15.5081
    7.5000    7.5000  -45.0000 2220.9229   15.8740
   -7.5000   15.0000  -45.0000 2180.6782   16.5061
    0.0000   15.0000  -45.0000 2178.8254   16.5264
    7.5000   15.0000  -45.0000 2142.4927   16.9411
   -7.5000   22.5000  -45.0000 2084.3047   17.9407
    0.0000   22.5000  -45.0000 2080.8584   17.9963
    7.5000   22.5000  -45.0000 2041.7402   18.4756
   -7.5000   30.0000  -45.0000 1962.6630   20.0512
    0.0000   30.0000  -45.0000 1969.6940   20.0658
    7.5000   30.0000  -45.0000 1935.5314   20.5719
   -7.5000   37.5000  -45.0000 1846.0675   22.9094
    0.0000   37.5000  -45.0000 1853.3557   23.0046
    7.5000   37.5000  -45.0000 1821.7720   23.5135
   -7.5000   45.0000  -45.0000 1718.9949   26.8191
    0.0000   45.0000  -45.0000 1720.7000   26.8820
    7.5000   45.0000  -45.0000 1703.2666   27.5469
   -7.5000  -45.0000  -37.5000 2283.1392   15.5556
    0.0000  -45.0000  -37.5000 2276.1152   15.6496
    7.5000  -45.0000  -37.5000 2253.0286   15.9434
   -7.5000  -37.5000  -37.5000 2361.1943   14.4757
    0.0000  -37.5000  -37.5000 2354.2649   14.5895
    7.5000  -37.5000  -37.5000 2327.2588   14.8554
   -7.5000  -30.0000  -37.5000 2409.7144   13.7792
    0.0000  -30.0000  -37.5000 2406.3677   13.8854
    7.5000  -30.0000  -37.5000 2374.8513   14.1676
   -7.5000  -22.5000  -37.5000 2443.3074   13.3417
    0.0000  -22.5000  -37.5000 2441.1079   13.4245
    7.5000  -22.5000  -37.5000 2405.6272   13.7016
   -7.5000  -15.0000  -37.5000 2459.3096   13.1765
    0.0000  -15.0000  -37.5000 2455.3948   13.2409
    7.5000  -15.0000  -37.5000 2416.3203   13.5194
   -7.5000   -7.5000  -37.5000 2449.5784   13.3018
    0.0000   -7.5000  -37.5000 2446.7368   13.3433
    7.5000   -7.5000  -37.5000 2403.6626   13.6325
   -7.5000    0.0000  -37.5000 2410.9421   13.7104
    0.0000    0.0000  -37.5000 2409.9158   13.7394
    7.5000    0.0000  -37.5000 2369.7310   14.0478
   -7.5000    7.5000  -37.5000 2352.9575   14.3576
    0.0000    7.5000  -37.5000 2349.4209   14.3850
    7.5000    7.5000  -37.5000 2312.0420   14.6778
   -7.5000   15.0000  -37.5000 2266.7954   15.2700
    0.0000   15.0000  -37.5000 2265.5210   15.2859
    7.5000   15.0000  -37.5000 2228.4326   15.6120
   -7.5000   22.5000  -37.5000 2163.8276   16.5769
    0.0000   22.5000  -37.5000 2163.7561   16.6044
    7.5000   22.5000  -37.5000 2131.5046   16.9767
   -7.5000   30.0000  -37.5000 2041.7230   18.4808
    0.0000   30.0000  -37.5000 2046.1906   18.4595
    7.5000   30.0000  -37.5000 2015.9646   18.8393
   -7.5000   37.5000  -37.5000 1921.4498   21.0794
    0.0000   37.5000  -37.5000 1926.7129   21.0781
    7.5000   37.5000  -37.5000 1897.2604   21.4800
   -7.5000   45.0000  -37.5000 1780.1859   24.5465
    0.0000   45.0000  -37.5000 1783.0695   24.6030
    7.5000   45.0000  -37.5000 1766.2013   25.0836
   -7.5000  -45.0000  -30.0000 2408.6348   15.0412
    0.0000  -45.0000  -30.0000 2399.5737   15.0952
    7.5000  -45.0000  -30.0000 2371.1782   15.3465
   -7.5000  -37.5000  -30.0000 2493.8357   13.9863
    0.0000  -37.5000  -30.0000 2485.7053   14.0539
    7.5000  -37.5000  -30.0000 2454.8201   14.3178
   -7.5000  -30.0000  -30.0000 2549.9009   13.3157
    0.0000  -30.0000  -30.0000 2545.2905   13.3726
    7.5000  -30.0000  -30.0000 2511.8315   13.6269
   -7.5000  -22.5000  -30.0000 2589.7532   12.8976
    0.0000  -22.5000  -30.0000 2585.9414   12.9417
    7.5000  -22.5000  -30.0000 2550.3953   13.1735
   -7.5000  -15.0000  -30.0000 2603.7346   12.7227
    0.0000  -15.0000  -30.0000 2602.5071   12.7666
    7.5000  -15.0000  -30.0000 2560.7681   13.0166
   -7.5000   -7.5000  -30.0000 2593.0417   12.8186
    0.0000   -7.5000  -30.0000 2590.2537   12.8688
    7.5000   -7.5000  -30.0000 2548.2839   13.1148
   -7.5000    0.0000  -30.0000 2553.0266   13.1863
    0.0000    0.0000  -30.0000 2552.5132   13.2294
    7.5000    0.0000  -30.0000 2509.9404   13.4663
   -7.5000    7.5000  -30.0000 2487.4888   13.7876
    0.0000    7.5000  -30.0000 2484.2507   13.8307
    7.5000    7.5000  -30.0000 2449.5464   14.0695
   -7.5000   15.0000  -30.0000 2393.4504   14.6452
    0.0000   15.0000  -30.0000 2397.0559   14.6810
    7.5000   15.0000  -30.0000 2361.2017   14.9560
   -7.5000   22.5000  -30.0000 2281.2400   15.8833
    0.0000   22.5000  -30.0000 2286.5210   15.9199
    7.5000   22.5000  -30.0000 2253.3347   16.2160
   -7.5000   30.0000  -30.0000 2151.0657   17.6366
    0.0000   30.0000  -30.0000 2159.7732   17.6375
    7.5000   30.0000  -30.0000 2130.7649   17.9823
   -7.5000   37.5000  -30.0000 2021.6555   20.0639
    0.0000   37.5000  -30.0000 2026.3044   20.0935
    7.5000   37.5000  -30.0000 1995.7695   20.4480
   -7.5000   45.0000  -30.0000 1876.7976   23.3933
    0.0000   45.0000  -30.0000 1879.8906   23.4271
    7.5000   45.0000  -30.0000 1856.4152   23.8092
   -7.5000  -45.0000  -22.5000 2489.2590   14.4514
    0.0000  -45.0000  -22.5000 2484.8254   14.5202
    7.5000  -45.0000  -22.5000 2451.6025   14.8136
   -7.5000  -37.5000  -22.5000 2587.1809   13.4434
    0.0000  -37.5000  -22.5000 2582.4226   13.5023
    7.5000  -37.5000  -22.5000 2549.7034   13.7560
   -7.5000  -30.0000  -22.5000 2658.1250   12.7676
    0.0000  -30.0000  -22.5000 2653.7083   12.8282
    7.5000  -30.0000  -22.5000 2613.2717   13.0471
   -7.5000  -22.5000  -22.5000 2705.6099   12.3494
    0.0000  -22.5000  -22.5000 2704.0378   12.3962
    7.5000  -22.5000  -22.5000 2663.4717   12.5754
   -7.5000  -15.0000  -22.5000 2717.2793   12.1695
    0.0000  -15.0000  -22.5000 2720.1128   12.2325
    7.5000  -15.0000  -22.5000 2676.7964   12.4200
   -7.5000   -7.5000  -22.5000 2708.2434   12.2763
    0.0000   -7.5000  -22.5000 2710.4163   12.3372
    7.5000   -7.5000  -22.5000 2663.3652   12.5322
   -7.5000    0.0000  -22.5000 2665.5071   12.6287
    0.0000    0.0000  -22.5000 2667.1208   12.6606
    7.5000    0.0000  -22.5000 2625.8352   12.8574
   -7.5000    7.5000  -22.5000 2597.3079   13.1808
    0.0000    7.5000  -22.5000 2599.8862   13.2123
    7.5000    7.5000  -22.5000 2561.1843   13.4329
   -7.5000   15.0000  -22.5000 2498.6655   13.9866
    0.0000   15.0000  -22.5000 2503.6064   13.9968
    7.5000   15.0000  -22.5000 2467.5813   14.2756
   -7.5000   22.5000  -22.5000 2377.5134   15.1602
    0.0000   22.5000  -22.5000 2384.6726   15.1687
    7.5000   22.5000  -22.5000 2351.5408   15.4873
   -7.5000   30.0000  -22.5000 2239.3174   16.8173
    0.0000   30.0000  -22.5000 2247.3738   16.7899
    7.5000   30.0000  -22.5000 2217.3987   17.1427
   -7.5000   37.5000  -22.5000 2094.9631   19.0763
    0.0000   37.5000  -22.5000 2102.5195   19.0851
    7.5000   37.5000  -22.5000 2078.2031   19.4818
   -7.5000   45.0000  -22.5000 1940.7684   22.2241
    0.0000   45.0000  -22.5000 1947.1669   22.2712
    7.5000   45.0000  -22.5000 1923.0256   22.6622
   -7.5000  -45.0000  -15.0000 2538.1650   13.9236
    0.0000  -45.0000  -15.0000 2536.8367   14.0140
    7.5000  -45.0000  -15.0000 2502.1587   14.3272
   -7.5000  -37.5000  -15.0000 2645.4277   12.9035
    0.0000  -37.5000  -15.0000 2645.6233   12.9551
    7.5000  -37.5000  -15.0000 2610.9629   13.2314
   -7.5000  -30.0000  -15.0000 2728.9810   12.2177
    0.0000  -30.0000  -15.0000 2726.9824   12.2669
    7.5000  -30.0000  -15.0000 2688.6272   12.5026
   -7.5000  -22.5000  -15.0000 2784.6909   11.7872
    0.0000  -22.5000  -15.0000 2786.6943   11.8258
    7.5000  -22.5000  -15.0000 2739.2979   12.0307
   -7.5000  -15.0000  -15.0000 2806.4431   11.5848
    0.0000  -15.0000  -15.0000 2810.3472   11.6534
    7.5000  -15.0000  -15.0000 2758.9478   11.8543
   -7.5000   -7.5000  -15.0000 2794.4487   11.7266
    0.0000   -7.5000  -15.0000 2804.5544   11.7697
    7.5000   -7.5000  -15.0000 2756.9082   11.9677
   -7.5000    0.0000  -15.0000 2749.0356   12.0726
    0.0000    0.0000  -15.0000 2758.5352   12.0979
    7.5000    0.0000  -15.0000 2716.7366   12.3027
   -7.5000    7.5000  -15.0000 2676.7861   12.5995
    0.0000    7.5000  -15.0000 2686.7539   12.6236
    7.5000    7.5000  -15.0000 2649.3630   12.8442
   -7.5000   15.0000  -15.0000 2575.3516   13.3874
    0.0000   15.0000  -15.0000 2581.0620   13.3860
    7.5000   15.0000  -15.0000 2545.5422   13.6617
   -7.5000   22.5000  -15.0000 2448.4080   14.5355
    0.0000   22.5000  -15.0000 2452.4111   14.5316
    7.5000   22.5000  -15.0000 2417.2844   14.8395
   -7.5000   30.0000  -15.0000 2303.1738   16.1210
    0.0000   30.0000  -15.0000 2309.8865   16.1016
    7.5000   30.0000  -15.0000 2279.0371   16.4354
   -7.5000   37.5000  -15.0000 2150.9475   18.2354
    0.0000   37.5000  -15.0000 2159.4822   18.2653
    7.5000   37.5000  -15.0000 2134.1541   18.6481
   -7.5000   45.0000  -15.0000 1988.4536   21.1775
    0.0000   45.0000  -15.0000 1993.8226   21.2309
    7.5000   45.0000  -15.0000 1969.8496   21.6356
   -7.5000  -45.0000   -7.5000 2564.9453   13.4611
    0.0000  -45.0000   -7.5000 2564.6711   13.5489
    7.5000  -45.0000   -7.5000 2533.2463   13.8594
   -7.5000  -37.5000   -7.5000 2681.1658   12.4155
    0.0000  -37.5000   -7.5000 2682.6421   12.4907
    7.5000  -37.5000   -7.5000 2649.4658   12.7858
   -7.5000  -30.0000   -7.5000 2776.5615   11.6984
    0.0000  -30.0000   -7.5000 2778.8772   11.7445
    7.5000  -30.0000   -7.5000 2738.0642   12.0393
   -7.5000  -22.5000   -7.5000 2843.0891   11.2477
    0.0000  -22.5000   -7.5000 2846.1504   11.2959
    7.5000  -22.5000   -7.5000 2792.4185   11.5710
   -7.5000  -15.0000   -7.5000 2873.1633   11.0269
    0.0000  -15.0000   -7.5000 2878.4602   11.0804
    7.5000  -15.0000   -7.5000 2820.9077   11.3794
   -7.5000   -7.5000   -7.5000 2857.8418   11.1874
    0.0000   -7.5000   -7.5000 2869.1802   11.1965
    7.5000   -7.5000   -7.5000 2823.4138   11.4734
   -7.5000    0.0000   -7.5000 2808.8342   11.5400
    0.0000    0.0000   -7.5000 2820.6660   11.5672
    7.5000    0.0000   -7.5000 2782.3621   11.8103
   -7.5000    7.5000   -7.5000 2727.5811   12.0842
    0.0000    7.5000   -7.5000 2742.6787   12.1030
    7.5000    7.5000   -7.5000 2709.4580   12.3654
   -7.5000   15.0000   -7.5000 2622.1104   12.8547
    0.0000   15.0000   -7.5000 2631.4575   12.8692
    7.5000   15.0000   -7.5000 2600.6453   13.1626
   -7.5000   22.5000   -7.5000 2493.9519   13.9540
    0.0000   22.5000   -7.5000 2502.1465   13.9752
    7.5000   22.5000   -7.5000 2469.8333   14.2997
   -7.5000   30.0000   -7.5000 2346.5227   15.4317
    0.0000   30.0000   -7.5000 2353.6072   15.4721
    7.5000   30.0000   -7.5000 2319.8457   15.8223
   -7.5000   37.5000   -7.5000 2194.1428   17.5050
    0.0000   37.5000   -7.5000 2200.7131   17.5641
    7.5000   37.5000   -7.5000 2168.7280   17.8952
   -7.5000   45.0000   -7.5000 2020.5050   20.2720
    0.0000   45.0000   -7.5000 2033.0111   20.3139
    7.5000   45.0000   -7.5000 2005.8955   20.6748
   -7.5000  -45.0000    0.0000 2568.9983   13.1303
    0.0000  -45.0000    0.0000 2570.6672   13.1754
    7.5000  -45.0000    0.0000 2540.3835   13.5339
   -7.5000  -37.5000    0.0000 2694.7280   12.1101
    0.0000  -37.5000    0.0000 2696.6787   12.1376
    7.5000  -37.5000    0.0000 2664.8374   12.4692
   -7.5000  -30.0000    0.0000 2802.3142   11.4155
    0.0000  -30.0000    0.0000 2808.7683   11.4239
    7.5000  -30.0000    0.0000 2768.1633   11.7340
   -7.5000  -22.5000    0.0000 2882.4668   10.9358
    0.0000  -22.5000    0.0000 2891.5913   10.9730
    7.5000  -22.5000    0.0000 2832.0181   11.2828
   -7.5000  -15.0000    0.0000 2916.8188   10.6756
    0.0000  -15.0000    0.0000 2927.1289   10.7107
    7.5000  -15.0000    0.0000 2867.6467   11.1149
   -7.5000   -7.5000    0.0000 2896.6257   10.7780
    0.0000   -7.5000    0.0000 2912.1899   10.8003
    7.5000   -7.5000    0.0000 2871.2378   11.1856
   -7.5000    0.0000    0.0000 2841.8701   11.1411
    0.0000    0.0000    0.0000 2861.4958   11.1697
    7.5000    0.0000    0.0000 2828.8352   11.4958
   -7.5000    7.5000    0.0000 2761.7109   11.7056
    0.0000    7.5000    0.0000 2784.8499   11.7569
    7.5000    7.5000    0.0000 2751.8081   12.0339
   -7.5000   15.0000    0.0000 2652.3906   12.4798
    0.0000   15.0000    0.0000 2669.9883   12.5188
    7.5000   15.0000    0.0000 2638.9495   12.7862
   -7.5000   22.5000    0.0000 2522.2786   13.5535
    0.0000   22.5000    0.0000 2533.5679   13.5885
    7.5000   22.5000    0.0000 2503.8079   13.8802
   -7.5000   30.0000    0.0000 2375.1599   15.0200
    0.0000   30.0000    0.0000 2381.9023   15.0678
    7.5000   30.0000    0.0000 2352.1426   15.3840
   -7.5000   37.5000    0.0000 2218.0327   17.0429
    0.0000   37.5000    0.0000 2226.2375   17.0649
    7.5000   37.5000    0.0000 2199.9468   17.4210
   -7.5000   45.0000    0.0000 2040.6130   19.6715
    0.0000   45.0000    0.0000 2054.8433   19.6481
    7.5000   45.0000    0.0000 2029.2527   20.0223
   -7.5000  -45.0000    7.5000 2556.2905   13.0696
    0.0000  -45.0000    7.5000 2564.2178   13.0348
    7.5000  -45.0000    7.5000 2531.6326   13.4193
   -7.5000  -37.5000    7.5000 2690.1245   12.0032
    0.0000  -37.5000    7.5000 2693.5217   11.9649
    7.5000  -37.5000    7.5000 2661.5476   12.3337
   -7.5000  -30.0000    7.5000 2807.3994   11.3268
    0.0000  -30.0000    7.5000 2816.2551   11.2794
    7.5000  -30.0000    7.5000 2778.9519   11.6050
   -7.5000  -22.5000    7.5000 2900.9685   10.9183
    0.0000  -22.5000    7.5000 2916.3940   10.8772
    7.5000  -22.5000    7.5000 2862.3760   11.1617
   -7.5000  -15.0000    7.5000 2943.8633   10.6500
    0.0000  -15.0000    7.5000 2963.6897   10.6574
    7.5000  -15.0000    7.5000 2903.9097   11.0023
   -7.5000   -7.5000    7.5000 2924.4521   10.6990
    0.0000   -7.5000    7.5000 2944.9417   10.6954
    7.5000   -7.5000    7.5000 2901.7651   11.0470
   -7.5000    0.0000    7.5000 2865.3372   11.0068
    0.0000    0.0000    7.5000 2888.6838   10.9842
    7.5000    0.0000    7.5000 2855.4509   11.2870
   -7.5000    7.5000    7.5000 2779.7102   11.5457
    0.0000    7.5000    7.5000 2799.6853   11.5414
    7.5000    7.5000    7.5000 2773.2705   11.8062
   -7.5000   15.0000    7.5000 2666.9578   12.3318
    0.0000   15.0000    7.5000 2681.5195   12.3474
    7.5000   15.0000    7.5000 2655.0845   12.5995
   -7.5000   22.5000    7.5000 2537.1873   13.4104
    0.0000   22.5000    7.5000 2545.5923   13.4006
    7.5000   22.5000    7.5000 2518.2190   13.6602
   -7.5000   30.0000    7.5000 2384.3203   14.8538
    0.0000   30.0000    7.5000 2393.1931   14.8359
    7.5000   30.0000    7.5000 2366.7720   15.1298
   -7.5000   37.5000    7.5000 2223.5317   16.8067
    0.0000   37.5000    7.5000 2234.7058   16.7869
    7.5000   37.5000    7.5000 2210.2427   17.1053
   -7.5000   45.0000    7.5000 2050.3276   19.3844
    0.0000   45.0000    7.5000 2062.2351   19.3132
    7.5000   45.0000    7.5000 2039.3046   19.6293
   -7.5000  -45.0000   15.0000 2527.4951   13.2358
    0.0000  -45.0000   15.0000 2539.8186   13.1188
    7.5000  -45.0000   15.0000 2512.8933   13.5036
   -7.5000  -37.5000   15.0000 2662.1655   12.1795
    0.0000  -37.5000   15.0000 2673.2229   12.0581
    7.5000  -37.5000   15.0000 2643.0959   12.4073
   -7.5000  -30.0000   15.0000 2782.3936   11.5126
    0.0000  -30.0000   15.0000 2801.5991   11.3975
    7.5000  -30.0000   15.0000 2765.2639   11.6876
   -7.5000  -22.5000   15.0000 2886.7661   11.0791
    0.0000  -22.5000   15.0000 2908.2805   10.9618
    7.5000  -22.5000   15.0000 2862.6758   11.1952
   -7.5000  -15.0000   15.0000 2936.5212   10.8473
    0.0000  -15.0000   15.0000 2962.5190   10.7004
    7.5000  -15.0000   15.0000 2913.6409   10.9591
   -7.5000   -7.5000   15.0000 2921.4412   10.8914
    0.0000   -7.5000   15.0000 2945.4211   10.7436
    7.5000   -7.5000   15.0000 2905.7380   10.9668
   -7.5000    0.0000   15.0000 2857.0703   11.1435
    0.0000    0.0000   15.0000 2881.8745   11.0520
    7.5000    0.0000   15.0000 2851.9958   11.2787
   -7.5000    7.5000   15.0000 2768.2966   11.6167
    0.0000    7.5000   15.0000 2787.6025   11.5874
    7.5000    7.5000   15.0000 2767.2324   11.8180
   -7.5000   15.0000   15.0000 2654.5393   12.3628
    0.0000   15.0000   15.0000 2663.2366   12.3535
    7.5000   15.0000   15.0000 2645.8245   12.5999
   -7.5000   22.5000   15.0000 2528.9187   13.4075
    0.0000   22.5000   15.0000 2534.6653   13.4090
    7.5000   22.5000   15.0000 2511.4404   13.6336
   -7.5000   30.0000   15.0000 2370.9678   14.8092
    0.0000   30.0000   15.0000 2382.9148   14.7839
    7.5000   30.0000   15.0000 2361.7766   15.0467
   -7.5000   37.5000   15.0000 2208.7476   16.7286
    0.0000   37.5000   15.0000 2225.1506   16.7298
    7.5000   37.5000   15.0000 2205.0417   17.0054
   -7.5000   45.0000   15.0000 2043.1056   19.2669
    0.0000   45.0000   15.0000 2053.2976   19.2505
    7.5000   45.0000   15.0000 2034.5619   19.5196
   -7.5000  -45.0000   22.5000 2488.1340   13.6624
    0.0000  -45.0000   22.5000 2502.2573   13.4907
    7.5000  -45.0000   22.5000 2487.7417   13.7900
   -7.5000  -37.5000   22.5000 2622.6958   12.5812
    0.0000  -37.5000   22.5000 2640.2510   12.4023
    7.5000  -37.5000   22.5000 2618.4246   12.6727
   -7.5000  -30.0000   22.5000 2746.9802   11.8510
    0.0000  -30.0000   22.5000 2768.1147   11.6834
    7.5000  -30.0000   22.5000 2739.9583   11.9075
   -7.5000  -22.5000   22.5000 2850.7444   11.3461
    0.0000  -22.5000   22.5000 2874.9976   11.1558
    7.5000  -22.5000   22.5000 2834.7634   11.3883
   -7.5000  -15.0000   22.5000 2901.1941   11.0459
    0.0000  -15.0000   22.5000 2923.0803   10.8469
    7.5000  -15.0000   22.5000 2885.9153   11.0778
   -7.5000   -7.5000   22.5000 2893.2000   11.0454
    0.0000   -7.5000   22.5000 2921.5720   10.9021
    7.5000   -7.5000   22.5000 2884.2490   11.1025
   -7.5000    0.0000   22.5000 2827.9902   11.3341
    0.0000    0.0000   22.5000 2854.8286   11.2496
    7.5000    0.0000   22.5000 2828.7856   11.4336
   -7.5000    7.5000   22.5000 2737.4595   11.8513
    0.0000    7.5000   22.5000 2759.0339   11.7992
    7.5000    7.5000   22.5000 2740.5498   11.9976
   -7.5000   15.0000   22.5000 2623.6628   12.6126
    0.0000   15.0000   22.5000 2632.6602   12.5894
    7.5000   15.0000   22.5000 2614.6936   12.8189
   -7.5000   22.5000   22.5000 2496.5574   13.6210
    0.0000   22.5000   22.5000 2506.4539   13.6149
    7.5000   22.5000   22.5000 2482.0366   13.8611
   -7.5000   30.0000   22.5000 2347.9177   15.0113
    0.0000   30.0000   22.5000 2360.4355   15.0007
    7.5000   30.0000   22.5000 2340.7883   15.2612
   -7.5000   37.5000   22.5000 2185.7317   16.8529
    0.0000   37.5000   22.5000 2202.0647   16.8227
    7.5000   37.5000   22.5000 2188.4658   17.0966
   -7.5000   45.0000   22.5000 2019.3744   19.3123
    0.0000   45.0000   22.5000 2031.1296   19.2266
    7.5000   45.0000   22.5000 2015.7710   19.5441
   -7.5000  -45.0000   30.0000 2447.1055   14.2142
    0.0000  -45.0000   30.0000 2466.1008   14.0194
    7.5000  -45.0000   30.0000 2452.7129   14.2680
   -7.5000  -37.5000   30.0000 2577.5684   13.0573
    0.0000  -37.5000   30.0000 2601.8157   12.8684
    7.5000  -37.5000   30.0000 2585.2080   13.1044
   -7.5000  -30.0000   30.0000 2698.0996   12.3024
    0.0000  -30.0000   30.0000 2726.0994   12.0914
    7.5000  -30.0000   30.0000 2700.3435   12.3113
   -7.5000  -22.5000   30.0000 2793.9307   11.7678
    0.0000  -22.5000   30.0000 2821.3911   11.5364
    7.5000  -22.5000   30.0000 2789.5796   11.7702
   -7.5000  -15.0000   30.0000 2838.4595   11.4493
    0.0000  -15.0000   30.0000 2864.5837   11.2879
    7.5000  -15.0000   30.0000 2836.1184   11.4940
   -7.5000   -7.5000   30.0000 2833.0410   11.4487
    0.0000   -7.5000   30.0000 2862.3979   11.3382
    7.5000   -7.5000   30.0000 2835.2300   11.5208
   -7.5000    0.0000   30.0000 2771.6306   11.7289
    0.0000    0.0000   30.0000 2796.2119   11.6558
    7.5000    0.0000   30.0000 2776.1750   11.8456
   -7.5000    7.5000   30.0000 2686.0425   12.2290
    0.0000    7.5000   30.0000 2710.1267   12.1719
    7.5000    7.5000   30.0000 2690.1445   12.3633
   -7.5000   15.0000   30.0000 2577.3635   13.0053
    0.0000   15.0000   30.0000 2595.5530   12.9640
    7.5000   15.0000   30.0000 2579.7141   13.1497
   -7.5000   22.5000   30.0000 2452.8965   14.0120
    0.0000   22.5000   30.0000 2467.1052   13.9971
    7.5000   22.5000   30.0000 2440.8354   14.2274
   -7.5000   30.0000   30.0000 2308.9834   15.3889
    0.0000   30.0000   30.0000 2320.6218   15.3506
    7.5000   30.0000   30.0000 2298.5371   15.5924
   -7.5000   37.5000   30.0000 2150.1160   17.2292
    0.0000   37.5000   30.0000 2163.8164   17.1635
    7.5000   37.5000   30.0000 2149.1504   17.4232
   -7.5000   45.0000   30.0000 1987.9374   19.5811
    0.0000   45.0000   30.0000 1998.6803   19.4487
    7.5000   45.0000   30.0000 1988.7046   19.7543
   -7.5000  -45.0000   37.5000 2402.6252   14.8679
    0.0000  -45.0000   37.5000 2430.0728   14.6500
    7.5000  -45.0000   37.5000 2417.7842   14.8926
   -7.5000  -37.5000   37.5000 2527.1853   13.7028
    0.0000  -37.5000   37.5000 2560.3020   13.4782
    7.5000  -37.5000   37.5000 2546.5586   13.7096
   -7.5000  -30.0000   37.5000 2638.5891   12.9413
    0.0000  -30.0000   37.5000 2676.9749   12.6899
    7.5000  -30.0000   37.5000 2655.4468   12.9231
   -7.5000  -22.5000   37.5000 2724.8381   12.3507
    0.0000  -22.5000   37.5000 2759.4758   12.1329
    7.5000  -22.5000   37.5000 2735.8633   12.3639
   -7.5000  -15.0000   37.5000 2763.2207   12.0301
    0.0000  -15.0000   37.5000 2793.3435   11.8860
    7.5000  -15.0000   37.5000 2770.6895   12.0969
   -7.5000   -7.5000   37.5000 2753.0408   12.0451
    0.0000   -7.5000   37.5000 2785.7407   11.9226
    7.5000   -7.5000   37.5000 2767.7852   12.1136
   -7.5000    0.0000   37.5000 2698.0886   12.3132
    0.0000    0.0000   37.5000 2725.9595   12.2267
    7.5000    0.0000   37.5000 2709.0664   12.4000
   -7.5000    7.5000   37.5000 2620.5881   12.8101
    0.0000    7.5000   37.5000 2647.0796   12.7365
    7.5000    7.5000   37.5000 2627.0010   12.8926
   -7.5000   15.0000   37.5000 2518.1160   13.5409
    0.0000   15.0000   37.5000 2543.0330   13.4882
    7.5000   15.0000   37.5000 2526.9617   13.6437
   -7.5000   22.5000   37.5000 2403.9504   14.5811
    0.0000   22.5000   37.5000 2423.2322   14.5114
    7.5000   22.5000   37.5000 2398.4658   14.7049
   -7.5000   30.0000   37.5000 2256.3772   15.9607
    0.0000   30.0000   37.5000 2272.9514   15.9006
    7.5000   30.0000   37.5000 2250.3442   16.1149
   -7.5000   37.5000   37.5000 2103.7649   17.7554
    0.0000   37.5000   37.5000 2115.4053   17.6848
    7.5000   37.5000   37.5000 2102.6077   17.9468
   -7.5000   45.0000   37.5000 1947.9288   20.0465
    0.0000   45.0000   37.5000 1953.7273   19.9424
    7.5000   45.0000   37.5000 1947.1083   20.3167
   -7.5000  -45.0000   45.0000 2344.3525   15.7194
    0.0000  -45.0000   45.0000 2383.2588   15.4590
    7.5000  -45.0000   45.0000 2371.6179   15.6632
   -7.5000  -37.5000   45.0000 2463.6614   14.5270
    0.0000  -37.5000   45.0000 2507.1018   14.2936
    7.5000  -37.5000   45.0000 2496.7234   14.4848
   -7.5000  -30.0000   45.0000 2566.5198   13.7262
    0.0000  -30.0000   45.0000 2615.3528   13.4836
    7.5000  -30.0000   45.0000 2600.0757   13.6951
   -7.5000  -22.5000   45.0000 2645.3550   13.0909
    0.0000  -22.5000   45.0000 2684.7815   12.9232
    7.5000  -22.5000   45.0000 2667.0181   13.1306
   -7.5000  -15.0000   45.0000 2674.7473   12.7850
    0.0000  -15.0000   45.0000 2712.5332   12.6406
    7.5000  -15.0000   45.0000 2691.8931   12.8375
   -7.5000   -7.5000   45.0000 2660.6924   12.7767
    0.0000   -7.5000   45.0000 2693.1194   12.6561
    7.5000   -7.5000   45.0000 2679.8669   12.8312
   -7.5000    0.0000   45.0000 2614.5710   13.0254
    0.0000    0.0000   45.0000 2638.5562   12.9279
    7.5000    0.0000   45.0000 2626.9553   13.1070
   -7.5000    7.5000   45.0000 2540.5039   13.5085
    0.0000    7.5000   45.0000 2565.2927   13.4301
    7.5000    7.5000   45.0000 2547.8486   13.5927
   -7.5000   15.0000   45.0000 2446.1357   14.2467
    0.0000   15.0000   45.0000 2472.0471   14.1938
    7.5000   15.0000   45.0000 2458.3208   14.3173
   -7.5000   22.5000   45.0000 2339.4790   15.2745
    0.0000   22.5000   45.0000 2357.3337   15.2200
    7.5000   22.5000   45.0000 2335.7483   15.3616
   -7.5000   30.0000   45.0000 2195.4219   16.6441
    0.0000   30.0000   45.0000 2216.4514   16.5767
    7.5000   30.0000   45.0000 2193.4092   16.8092
   -7.5000   37.5000   45.0000 2045.6523   18.4934
    0.0000   37.5000   45.0000 2060.9014   18.4297
    7.5000   37.5000   45.0000 2046.7903   18.7135
   -7.5000   45.0000   45.0000 1898.2504   20.8892
    0.0000   45.0000   45.0000 1903.7620   20.8459
    7.5000   45.0000   45.0000 1896.3348   21.1545

---------------------------------------------------------------------
imgreg_4dfp /opt/freesurfer/average/711-2C_as_mni_average_305 /opt/freesurfer/average/711-2B_as_mni_average_305_mask talsrcimg_g11 none talsrcimg_to_711-2C_as_mni_average_305_t4 1283
---------------------------------------------------------------------

freesurfer imgreg_4dfp.c
/opt/freesurfer/average/711-2C_as_mni_average_305.4dfp.img
       256       256       256         1
  1.000000  1.000000  1.000000
orientation T byte_order littleendian
Reading image: /opt/freesurfer/average/711-2C_as_mni_average_305.4dfp.img
dimensions:      256       256       256
mmppix:       1.0000   -1.0000   -1.0000
center:     128.0000 -129.0000 -129.0000
/opt/freesurfer/average/711-2B_as_mni_average_305_mask.4dfp.img
       256       256       256         1
  1.000000  1.000000  1.000000
orientation T byte_order littleendian
Reading mask: /opt/freesurfer/average/711-2B_as_mni_average_305_mask.4dfp.img (2306576 pixels)
talsrcimg_g11.4dfp.img
       256       256       256         1
  1.000000  1.000000  1.000000
orientation T byte_order littleendian
Reading image: talsrcimg_g11.4dfp.img
dimensions:      256       256       256
mmppix:       1.0000   -1.0000   -1.0000
center:     128.0000 -129.0000 -129.0000
rotation matrix determinant  1.000000
fimgreg.f
image alignment mode   1283 decimal      503 hex
parameters
    0.0000  -15.0000    7.5000    0.0000    0.0000    0.0000
eta,q 0.92980 10.70307
niter,ni,del,rscale     5    3   12.0000    1.2000
parameter  3 -5.021872 -> -0.500000 qaram    1.1500
parameter  4  1.381575 ->  0.500000 qaram    1.1500
parameter  5  1.644794 ->  0.500000 qaram    1.1500
parameters
   -0.8678  -14.0670   10.9500   -3.4500   -3.4500   -1.4058
eta,q 0.94065 10.61027
  0.0776  0.0818  0.0773  0.0621  0.0588  0.0623
  0.0745  0.0758  0.0751  0.0632  0.0594  0.0601
  0.0725  0.0725  0.0735  0.0650  0.0611  0.0593
  0.0720  0.0718  0.0718  0.0674  0.0637  0.0598
  0.0735  0.0721  0.0690  0.0702  0.0671  0.0611
  0.0771  0.0735  0.0668  0.0747  0.0701  0.0633
  0.0829  0.0763  0.0667  0.0787  0.0733  0.0661
niter,ni,del,rscale     7    3   12.0000    1.2000
parameter  4  0.625754 ->  0.500000 qaram    1.3225
parameters
   -0.5014  -13.0393   12.5894   -7.4175   -5.4368   -1.4927
eta,q 0.94478 10.65990
  0.0743  0.0751  0.0691  0.0571  0.0596  0.0608
  0.0662  0.0664  0.0665  0.0558  0.0561  0.0577
  0.0611  0.0609  0.0631  0.0565  0.0552  0.0557
  0.0594  0.0594  0.0596  0.0582  0.0560  0.0552
  0.0608  0.0602  0.0582  0.0614  0.0584  0.0563
  0.0651  0.0625  0.0604  0.0656  0.0631  0.0581
  0.0702  0.0660  0.0644  0.0706  0.0682  0.0607
niter,ni,del,rscale     7    3   12.0000    1.2000
parameters
   -0.0748  -11.8238   11.3021   -9.5157   -5.6076   -1.1366
eta,q 0.94617 10.66774
  0.0716  0.0733  0.0612  0.0588  0.0624  0.0594
  0.0641  0.0632  0.0573  0.0559  0.0575  0.0564
  0.0583  0.0570  0.0548  0.0540  0.0540  0.0544
  0.0552  0.0551  0.0555  0.0548  0.0539  0.0538
  0.0566  0.0563  0.0580  0.0578  0.0558  0.0543
  0.0615  0.0590  0.0618  0.0614  0.0583  0.0556
  0.0677  0.0612  0.0677  0.0664  0.0626  0.0581
niter,ni,del,rscale     6    3   12.0000    1.2000
parameters
   -0.1613  -10.8931   10.7389  -11.2129   -5.4772   -1.3465
eta,q 0.94601 10.68426
  0.0678  0.0681  0.0619  0.0580  0.0628  0.0584
  0.0610  0.0607  0.0576  0.0566  0.0582  0.0560
  0.0555  0.0552  0.0548  0.0542  0.0544  0.0545
  0.0538  0.0538  0.0545  0.0543  0.0539  0.0540
  0.0563  0.0556  0.0563  0.0563  0.0555  0.0544
  0.0615  0.0577  0.0595  0.0598  0.0577  0.0563
  0.0685  0.0602  0.0645  0.0637  0.0618  0.0593
niter,ni,del,rscale     5    3   12.0000    1.2000
parameters
   -0.3047   -9.9815   10.4336  -12.8312   -5.4054   -1.6207
eta,q 0.94575 10.68074
  0.0669  0.0658  0.0621  0.0576  0.0635  0.0586
  0.0606  0.0594  0.0580  0.0560  0.0587  0.0562
  0.0552  0.0552  0.0548  0.0548  0.0551  0.0547
  0.0540  0.0540  0.0542  0.0542  0.0542  0.0542
  0.0563  0.0550  0.0557  0.0561  0.0554  0.0548
  0.0611  0.0571  0.0587  0.0587  0.0581  0.0567
  0.0682  0.0594  0.0637  0.0622  0.0631  0.0597
niter,ni,del,rscale     4    3   12.0000    1.2000
parameters
   -0.2562   -9.0158    9.9729  -14.1557   -5.6411   -1.7514
eta,q 0.94585 10.66064
  0.0675  0.0642  0.0626  0.0583  0.0630  0.0584
  0.0616  0.0590  0.0576  0.0551  0.0579  0.0562
  0.0558  0.0555  0.0544  0.0544  0.0545  0.0548
  0.0542  0.0543  0.0543  0.0541  0.0542  0.0541
  0.0563  0.0545  0.0564  0.0557  0.0556  0.0545
  0.0603  0.0561  0.0595  0.0584  0.0586  0.0563
  0.0675  0.0590  0.0645  0.0614  0.0642  0.0591
niter,ni,del,rscale     3    3   12.0000    1.2000
parameters
    0.0364   -8.3613    9.4448  -14.6694   -5.9581   -1.4716
eta,q 0.94675 10.64978
  0.0681  0.0625  0.0636  0.0601  0.0623  0.0586
  0.0624  0.0579  0.0578  0.0554  0.0572  0.0563
  0.0563  0.0555  0.0538  0.0537  0.0536  0.0545
  0.0542  0.0542  0.0539  0.0536  0.0535  0.0533
  0.0556  0.0538  0.0566  0.0548  0.0552  0.0536
  0.0593  0.0560  0.0607  0.0579  0.0583  0.0554
  0.0665  0.0595  0.0658  0.0609  0.0638  0.0581
niter,ni,del,rscale     2    3   12.0000    1.2000
parameters
    0.2618   -8.1471    9.1812  -14.8267   -6.2222   -1.2666
eta,q 0.94721 10.65110
  0.0677  0.0608  0.0646  0.0608  0.0621  0.0584
  0.0619  0.0570  0.0588  0.0558  0.0571  0.0561
  0.0558  0.0549  0.0538  0.0536  0.0533  0.0542
  0.0532  0.0533  0.0532  0.0530  0.0530  0.0528
  0.0548  0.0535  0.0558  0.0541  0.0549  0.0533
  0.0593  0.0563  0.0603  0.0574  0.0580  0.0553
  0.0666  0.0602  0.0658  0.0605  0.0632  0.0581
niter,ni,del,rscale     1    3   12.0000    1.2000
parameters
    0.3910   -8.0913    9.0630  -14.8828   -6.4020   -1.1408
eta,q 0.94739 10.65339
  0.0673  0.0603  0.0651  0.0608  0.0621  0.0583
  0.0616  0.0567  0.0594  0.0558  0.0571  0.0560
  0.0553  0.0546  0.0540  0.0536  0.0532  0.0539
  0.0528  0.0528  0.0528  0.0527  0.0527  0.0526
  0.0547  0.0534  0.0554  0.0538  0.0548  0.0532
  0.0597  0.0563  0.0599  0.0571  0.0577  0.0554
  0.0669  0.0605  0.0657  0.0602  0.0628  0.0582
registration optimization eta report
parameter search radius
    6.0000    6.0000    6.9000    7.9350    6.9000    6.0000
100000*second partial in parameter space
       39.       21.       26.       12.       20.       15.
  0.0673  0.0603  0.0651  0.0608  0.0621  0.0583
  0.0616  0.0567  0.0594  0.0558  0.0571  0.0560
  0.0553  0.0546  0.0540  0.0536  0.0532  0.0539
  0.0528  0.0528  0.0528  0.0527  0.0527  0.0526
  0.0547  0.0534  0.0554  0.0538  0.0548  0.0532
  0.0597  0.0563  0.0599  0.0571  0.0577  0.0554
  0.0669  0.0605  0.0657  0.0602  0.0628  0.0582
    0.3910   -8.0913    9.0630  -14.8828   -6.4020   -1.1408
eta,q 0.94739 10.65339

---------------------------------------------------------------------
imgreg_4dfp /opt/freesurfer/average/711-2C_as_mni_average_305 /opt/freesurfer/average/711-2B_as_mni_average_305_mask talsrcimg_g11 none talsrcimg_to_711-2C_as_mni_average_305_t4 3335
---------------------------------------------------------------------

freesurfer imgreg_4dfp.c
/opt/freesurfer/average/711-2C_as_mni_average_305.4dfp.img
       256       256       256         1
  1.000000  1.000000  1.000000
orientation T byte_order littleendian
Reading image: /opt/freesurfer/average/711-2C_as_mni_average_305.4dfp.img
dimensions:      256       256       256
mmppix:       1.0000   -1.0000   -1.0000
center:     128.0000 -129.0000 -129.0000
/opt/freesurfer/average/711-2B_as_mni_average_305_mask.4dfp.img
       256       256       256         1
  1.000000  1.000000  1.000000
orientation T byte_order littleendian
Reading mask: /opt/freesurfer/average/711-2B_as_mni_average_305_mask.4dfp.img (2306576 pixels)
talsrcimg_g11.4dfp.img
       256       256       256         1
  1.000000  1.000000  1.000000
orientation T byte_order littleendian
Reading image: talsrcimg_g11.4dfp.img
dimensions:      256       256       256
mmppix:       1.0000   -1.0000   -1.0000
center:     128.0000 -129.0000 -129.0000
fimgreg.f
image alignment mode   3335 decimal      D07 hex
parameters
    0.3910   -8.0913    9.0630   -0.6433   -3.3168   -3.9574
   -0.9392   11.2856   -1.9785   25.4647  -11.1504  -25.5241
eta,q 0.94920 10.71071
niter,ni,del,rscale     5    3    5.0000    1.2000
parameter  4  2.684408 ->  0.500000 qaram    1.1500
parameter  5  3.556679 ->  0.500000 qaram    1.1500
parameter 10  0.601884 ->  0.500000 qaram    1.1500
parameter 11 -0.595376 -> -0.500000 qaram    1.1500
parameters
    0.1819   -8.1641    9.0985   -4.7833   -7.4568   -6.0996
   -2.8593   12.2989   -2.1452   21.3247   -7.0104  -26.5909
eta,q 0.96178 10.27932
  0.0526  0.0525  0.0524  0.0428  0.0371  0.0418  0.0413  0.0463  0.0417  0.0391  0.0411  0.0391
  0.0515  0.0515  0.0515  0.0447  0.0396  0.0407  0.0403  0.0435  0.0406  0.0386  0.0400  0.0385
  0.0509  0.0509  0.0510  0.0475  0.0423  0.0401  0.0399  0.0412  0.0400  0.0388  0.0392  0.0382
  0.0508  0.0508  0.0508  0.0508  0.0454  0.0403  0.0401  0.0399  0.0398  0.0398  0.0386  0.0383
  0.0512  0.0511  0.0509  0.0542  0.0488  0.0415  0.0408  0.0400  0.0400  0.0414  0.0383  0.0386
  0.0520  0.0517  0.0515  0.0581  0.0525  0.0436  0.0421  0.0414  0.0407  0.0437  0.0383  0.0390
  0.0533  0.0527  0.0523  0.0623  0.0564  0.0466  0.0439  0.0437  0.0419  0.0467  0.0384  0.0397
niter,ni,del,rscale     7    3    5.0000    1.2000
parameter  4  0.880380 ->  0.500000 qaram    1.3225
parameter  5  1.657617 ->  0.500000 qaram    1.3225
parameter 12  0.599332 ->  0.500000 qaram    1.1500
parameters
    0.7212   -8.4491    8.6070   -9.5443  -12.2178   -6.2318
   -2.7013   13.0499   -2.1854   20.8226   -7.4943  -30.7309
eta,q 0.96921  9.95187
  0.0429  0.0396  0.0389  0.0353  0.0298  0.0332  0.0341  0.0366  0.0335  0.0345  0.0322  0.0311
  0.0408  0.0386  0.0382  0.0351  0.0309  0.0323  0.0326  0.0342  0.0322  0.0327  0.0316  0.0308
  0.0392  0.0380  0.0379  0.0359  0.0327  0.0317  0.0316  0.0323  0.0314  0.0316  0.0313  0.0309
  0.0382  0.0380  0.0380  0.0379  0.0352  0.0313  0.0313  0.0313  0.0312  0.0312  0.0312  0.0312
  0.0381  0.0384  0.0384  0.0411  0.0383  0.0312  0.0316  0.0314  0.0315  0.0316  0.0314  0.0317
  0.0387  0.0393  0.0392  0.0447  0.0415  0.0320  0.0325  0.0327  0.0323  0.0331  0.0318  0.0324
  0.0401  0.0405  0.0402  0.0485  0.0454  0.0338  0.0339  0.0350  0.0336  0.0357  0.0325  0.0332
niter,ni,del,rscale     7    3    5.0000    1.2000
parameter  5  0.795803 ->  0.500000 qaram    1.5209
parameters
    0.7607   -8.2354    8.3644  -12.9400  -17.6930   -6.6239
   -2.9905   13.2981   -2.4924   21.9374   -8.4729  -31.8023
eta,q 0.97130  9.53992
  0.0348  0.0341  0.0321  0.0319  0.0287  0.0305  0.0310  0.0332  0.0305  0.0339  0.0293  0.0296
  0.0326  0.0324  0.0313  0.0312  0.0287  0.0296  0.0298  0.0311  0.0295  0.0315  0.0290  0.0290
  0.0313  0.0312  0.0308  0.0307  0.0293  0.0291  0.0291  0.0296  0.0290  0.0298  0.0288  0.0287
  0.0308  0.0308  0.0308  0.0307  0.0308  0.0288  0.0289  0.0289  0.0288  0.0288  0.0287  0.0287
  0.0312  0.0310  0.0311  0.0322  0.0333  0.0288  0.0292  0.0291  0.0291  0.0289  0.0288  0.0290
  0.0324  0.0318  0.0318  0.0352  0.0368  0.0295  0.0300  0.0305  0.0298  0.0299  0.0292  0.0295
  0.0345  0.0330  0.0327  0.0393  0.0404  0.0313  0.0314  0.0329  0.0307  0.0318  0.0298  0.0302
niter,ni,del,rscale     7    3    5.0000    1.2000
parameters
    0.8349   -8.0013    8.5747  -13.4172  -20.5995   -6.1822
   -3.0995   13.4781   -2.6712   22.5922   -8.8722  -31.4307
eta,q 0.97166  9.37650
  0.0322  0.0319  0.0302  0.0311  0.0307  0.0303  0.0307  0.0328  0.0303  0.0331  0.0290  0.0296
  0.0303  0.0302  0.0294  0.0296  0.0292  0.0293  0.0295  0.0305  0.0292  0.0308  0.0286  0.0290
  0.0292  0.0291  0.0289  0.0289  0.0284  0.0287  0.0287  0.0290  0.0285  0.0292  0.0284  0.0285
  0.0287  0.0287  0.0287  0.0287  0.0287  0.0284  0.0284  0.0284  0.0284  0.0284  0.0283  0.0283
  0.0290  0.0289  0.0288  0.0286  0.0298  0.0283  0.0287  0.0287  0.0287  0.0286  0.0284  0.0284
  0.0300  0.0296  0.0291  0.0296  0.0322  0.0287  0.0296  0.0301  0.0294  0.0298  0.0287  0.0288
  0.0318  0.0307  0.0297  0.0322  0.0360  0.0301  0.0309  0.0325  0.0303  0.0319  0.0292  0.0294
niter,ni,del,rscale     6    3    5.0000    1.2000
parameters
    0.8540   -7.9599    8.9943  -13.6494  -20.9642   -5.5407
   -3.0758   13.5638   -2.6919   22.8092   -8.7108  -31.0760
eta,q 0.97176  9.36824
  0.0317  0.0311  0.0300  0.0309  0.0323  0.0303  0.0308  0.0326  0.0303  0.0326  0.0290  0.0295
  0.0299  0.0295  0.0292  0.0293  0.0302  0.0293  0.0295  0.0304  0.0291  0.0304  0.0286  0.0289
  0.0287  0.0286  0.0286  0.0285  0.0287  0.0286  0.0286  0.0289  0.0285  0.0289  0.0284  0.0284
  0.0283  0.0283  0.0283  0.0283  0.0283  0.0283  0.0283  0.0283  0.0282  0.0283  0.0282  0.0282
  0.0287  0.0287  0.0283  0.0284  0.0289  0.0282  0.0286  0.0286  0.0286  0.0286  0.0283  0.0283
  0.0298  0.0296  0.0286  0.0292  0.0303  0.0285  0.0294  0.0301  0.0293  0.0300  0.0285  0.0287
  0.0316  0.0308  0.0291  0.0315  0.0330  0.0299  0.0308  0.0326  0.0302  0.0323  0.0290  0.0294
niter,ni,del,rscale     5    3    5.0000    1.2000
parameters
    0.8991   -7.9134    9.2020  -13.5977  -21.0099   -5.3088
   -3.0732   13.6055   -2.7060   22.8840   -8.6113  -30.9443
eta,q 0.97180  9.37713
  0.0317  0.0310  0.0297  0.0311  0.0324  0.0302  0.0308  0.0326  0.0303  0.0325  0.0290  0.0295
  0.0298  0.0295  0.0289  0.0294  0.0302  0.0291  0.0294  0.0304  0.0291  0.0303  0.0286  0.0288
  0.0287  0.0285  0.0284  0.0285  0.0288  0.0285  0.0285  0.0288  0.0284  0.0288  0.0283  0.0284
  0.0282  0.0282  0.0282  0.0282  0.0282  0.0282  0.0282  0.0282  0.0282  0.0282  0.0282  0.0282
  0.0286  0.0286  0.0283  0.0283  0.0287  0.0281  0.0285  0.0286  0.0285  0.0287  0.0282  0.0283
  0.0297  0.0295  0.0286  0.0291  0.0301  0.0287  0.0294  0.0301  0.0292  0.0301  0.0285  0.0287
  0.0315  0.0307  0.0293  0.0312  0.0326  0.0302  0.0308  0.0327  0.0302  0.0324  0.0290  0.0294
niter,ni,del,rscale     4    3    5.0000    1.2000
parameters
    0.9216   -7.8931    9.2746  -13.5970  -21.0266   -5.2325
   -3.0724   13.6243   -2.7091   22.9052   -8.5967  -30.8987
eta,q 0.97180  9.37906
  0.0316  0.0309  0.0295  0.0311  0.0324  0.0301  0.0308  0.0326  0.0303  0.0324  0.0289  0.0294
  0.0298  0.0294  0.0288  0.0294  0.0302  0.0291  0.0294  0.0303  0.0291  0.0302  0.0285  0.0288
  0.0286  0.0285  0.0284  0.0284  0.0287  0.0285  0.0285  0.0288  0.0284  0.0288  0.0283  0.0284
  0.0282  0.0282  0.0282  0.0282  0.0282  0.0282  0.0282  0.0282  0.0282  0.0282  0.0282  0.0282
  0.0286  0.0286  0.0283  0.0283  0.0287  0.0281  0.0285  0.0286  0.0285  0.0287  0.0282  0.0283
  0.0297  0.0295  0.0287  0.0291  0.0301  0.0287  0.0294  0.0302  0.0292  0.0301  0.0285  0.0288
  0.0315  0.0307  0.0294  0.0313  0.0326  0.0303  0.0308  0.0327  0.0302  0.0324  0.0290  0.0294
niter,ni,del,rscale     3    3    5.0000    1.2000
parameters
    0.9297   -7.8851    9.2981  -13.5956  -21.0356   -5.2004
   -3.0703   13.6302   -2.7137   22.9180   -8.5895  -30.8880
eta,q 0.97181  9.38002
  0.0316  0.0309  0.0295  0.0311  0.0324  0.0301  0.0308  0.0326  0.0302  0.0324  0.0289  0.0294
  0.0297  0.0293  0.0288  0.0294  0.0302  0.0291  0.0294  0.0303  0.0291  0.0302  0.0285  0.0288
  0.0286  0.0285  0.0283  0.0284  0.0287  0.0285  0.0285  0.0288  0.0284  0.0288  0.0283  0.0284
  0.0282  0.0282  0.0282  0.0282  0.0282  0.0282  0.0282  0.0282  0.0282  0.0282  0.0282  0.0282
  0.0286  0.0286  0.0283  0.0282  0.0287  0.0281  0.0285  0.0286  0.0285  0.0287  0.0282  0.0283
  0.0297  0.0295  0.0287  0.0291  0.0301  0.0288  0.0294  0.0302  0.0292  0.0301  0.0285  0.0288
  0.0316  0.0307  0.0294  0.0313  0.0326  0.0304  0.0308  0.0328  0.0302  0.0325  0.0290  0.0294
registration optimization eta report
parameter search radius
    2.4000    2.4000    2.4000    9.5220   10.9503    7.2000
    7.2000    7.2000    7.2000    8.2800    8.2800    8.2800
100000*second partial in parameter space
       59.       45.       22.        3.        4.        4.
        5.        9.        4.        6.        1.        2.
  0.0316  0.0309  0.0295  0.0311  0.0324  0.0301  0.0308  0.0326  0.0302  0.0324  0.0289  0.0294
  0.0297  0.0293  0.0288  0.0294  0.0302  0.0291  0.0294  0.0303  0.0291  0.0302  0.0285  0.0288
  0.0286  0.0285  0.0283  0.0284  0.0287  0.0285  0.0285  0.0288  0.0284  0.0288  0.0283  0.0284
  0.0282  0.0282  0.0282  0.0282  0.0282  0.0282  0.0282  0.0282  0.0282  0.0282  0.0282  0.0282
  0.0286  0.0286  0.0283  0.0282  0.0287  0.0281  0.0285  0.0286  0.0285  0.0287  0.0282  0.0283
  0.0297  0.0295  0.0287  0.0291  0.0301  0.0288  0.0294  0.0302  0.0292  0.0301  0.0285  0.0288
  0.0316  0.0307  0.0294  0.0313  0.0326  0.0304  0.0308  0.0328  0.0302  0.0325  0.0290  0.0294
    0.9297   -7.8851    9.2981  -13.5956  -21.0356   -5.2004
   -3.0703   13.6302   -2.7137   22.9180   -8.5895  -30.8880
eta,q 0.97181  9.38002

---------------------------------------------------------------------
imgreg_4dfp /opt/freesurfer/average/711-2C_as_mni_average_305 /opt/freesurfer/average/711-2B_as_mni_average_305_mask talsrcimg_g11 none talsrcimg_to_711-2C_as_mni_average_305_t4 2311
---------------------------------------------------------------------

freesurfer imgreg_4dfp.c
/opt/freesurfer/average/711-2C_as_mni_average_305.4dfp.img
       256       256       256         1
  1.000000  1.000000  1.000000
orientation T byte_order littleendian
Reading image: /opt/freesurfer/average/711-2C_as_mni_average_305.4dfp.img
dimensions:      256       256       256
mmppix:       1.0000   -1.0000   -1.0000
center:     128.0000 -129.0000 -129.0000
/opt/freesurfer/average/711-2B_as_mni_average_305_mask.4dfp.img
       256       256       256         1
  1.000000  1.000000  1.000000
orientation T byte_order littleendian
Reading mask: /opt/freesurfer/average/711-2B_as_mni_average_305_mask.4dfp.img (2306576 pixels)
talsrcimg_g11.4dfp.img
       256       256       256         1
  1.000000  1.000000  1.000000
orientation T byte_order littleendian
Reading image: talsrcimg_g11.4dfp.img
dimensions:      256       256       256
mmppix:       1.0000   -1.0000   -1.0000
center:     128.0000 -129.0000 -129.0000
fimgreg.f
image alignment mode   2311 decimal      907 hex
parameters
    0.9297   -7.8851    9.2981  -13.5956  -21.0356   -5.2004
   -3.0703   13.6302   -2.7137   22.9180   -8.5895  -30.8880
eta,q 0.97181  9.38001
niter,ni,del,rscale     5    3    5.0000    0.8000
parameters
    0.9322   -7.9380    9.2994  -12.9647  -20.8176   -4.4280
   -2.9639   13.6609   -2.9085   23.0269   -8.8286  -31.3301
eta,q 0.97188  9.46708
  0.0297  0.0293  0.0287  0.0288  0.0291  0.0291  0.0294  0.0303  0.0290  0.0297  0.0283  0.0285
  0.0289  0.0287  0.0284  0.0284  0.0286  0.0287  0.0287  0.0291  0.0285  0.0289  0.0282  0.0282
  0.0284  0.0283  0.0282  0.0283  0.0283  0.0284  0.0283  0.0284  0.0282  0.0283  0.0282  0.0281
  0.0282  0.0282  0.0282  0.0282  0.0282  0.0282  0.0281  0.0281  0.0281  0.0281  0.0281  0.0281
  0.0284  0.0284  0.0282  0.0282  0.0283  0.0281  0.0282  0.0283  0.0283  0.0283  0.0281  0.0282
  0.0289  0.0288  0.0284  0.0282  0.0285  0.0282  0.0286  0.0290  0.0286  0.0288  0.0282  0.0284
  0.0297  0.0295  0.0287  0.0285  0.0289  0.0287  0.0292  0.0303  0.0291  0.0296  0.0284  0.0286
niter,ni,del,rscale     4    3    5.0000    0.7000
parameters
    0.9840   -7.8941    9.3129  -12.5941  -20.7113   -4.1609
   -2.8991   13.6652   -2.9202   23.1008   -9.2549  -31.7065
eta,q 0.97193  9.51204
  0.0294  0.0291  0.0286  0.0285  0.0288  0.0288  0.0290  0.0298  0.0288  0.0293  0.0283  0.0283
  0.0287  0.0286  0.0283  0.0283  0.0284  0.0285  0.0285  0.0288  0.0284  0.0287  0.0282  0.0282
  0.0283  0.0282  0.0282  0.0282  0.0282  0.0283  0.0282  0.0283  0.0282  0.0282  0.0281  0.0281
  0.0281  0.0281  0.0281  0.0281  0.0281  0.0281  0.0281  0.0281  0.0281  0.0281  0.0281  0.0281
  0.0282  0.0282  0.0282  0.0281  0.0282  0.0280  0.0282  0.0282  0.0282  0.0282  0.0281  0.0281
  0.0286  0.0285  0.0283  0.0282  0.0284  0.0282  0.0285  0.0288  0.0284  0.0286  0.0282  0.0283
  0.0292  0.0290  0.0285  0.0285  0.0287  0.0288  0.0289  0.0298  0.0288  0.0292  0.0284  0.0284
niter,ni,del,rscale     3    3    5.0000    0.6000
parameters
    1.0115   -7.8487    9.2627  -12.2373  -20.5895   -3.8746
   -2.8287   13.6402   -2.8745   23.1394   -9.6860  -32.1797
eta,q 0.97198  9.55567
  0.0290  0.0288  0.0284  0.0284  0.0285  0.0286  0.0287  0.0293  0.0286  0.0289  0.0282  0.0282
  0.0285  0.0284  0.0282  0.0282  0.0283  0.0284  0.0283  0.0286  0.0283  0.0285  0.0281  0.0281
  0.0282  0.0282  0.0281  0.0281  0.0281  0.0282  0.0281  0.0282  0.0281  0.0281  0.0280  0.0280
  0.0281  0.0281  0.0281  0.0281  0.0281  0.0281  0.0280  0.0280  0.0280  0.0280  0.0280  0.0280
  0.0281  0.0281  0.0281  0.0280  0.0281  0.0280  0.0281  0.0282  0.0281  0.0281  0.0281  0.0281
  0.0284  0.0284  0.0282  0.0281  0.0282  0.0281  0.0283  0.0286  0.0283  0.0284  0.0281  0.0282
  0.0289  0.0287  0.0284  0.0283  0.0285  0.0286  0.0286  0.0294  0.0285  0.0289  0.0283  0.0283
niter,ni,del,rscale     2    3    5.0000    0.5000
parameters
    1.0344   -7.7936    9.2219  -11.8965  -20.4291   -3.6029
   -2.7724   13.6327   -2.8075   23.1637  -10.0033  -32.5624
eta,q 0.97203  9.59574
  0.0287  0.0286  0.0282  0.0283  0.0283  0.0285  0.0284  0.0289  0.0284  0.0286  0.0281  0.0281
  0.0283  0.0283  0.0281  0.0282  0.0281  0.0283  0.0282  0.0284  0.0282  0.0283  0.0280  0.0280
  0.0281  0.0281  0.0280  0.0281  0.0280  0.0281  0.0280  0.0281  0.0280  0.0281  0.0280  0.0280
  0.0280  0.0280  0.0280  0.0280  0.0280  0.0280  0.0280  0.0280  0.0280  0.0280  0.0280  0.0280
  0.0281  0.0281  0.0281  0.0280  0.0280  0.0280  0.0280  0.0281  0.0280  0.0280  0.0280  0.0280
  0.0283  0.0282  0.0281  0.0281  0.0281  0.0281  0.0282  0.0284  0.0281  0.0283  0.0281  0.0281
  0.0286  0.0284  0.0283  0.0282  0.0283  0.0284  0.0284  0.0289  0.0283  0.0286  0.0282  0.0282
niter,ni,del,rscale     1    3    5.0000    0.4000
parameters
    1.0465   -7.7350    9.2221  -11.6510  -20.2762   -3.3626
   -2.7507   13.6371   -2.7450   23.2032  -10.1847  -32.7911
eta,q 0.97206  9.62667
  0.0284  0.0283  0.0281  0.0282  0.0282  0.0283  0.0282  0.0286  0.0282  0.0284  0.0280  0.0281
  0.0282  0.0281  0.0280  0.0281  0.0281  0.0282  0.0281  0.0282  0.0280  0.0281  0.0280  0.0280
  0.0280  0.0280  0.0280  0.0280  0.0280  0.0281  0.0280  0.0280  0.0280  0.0280  0.0279  0.0279
  0.0280  0.0280  0.0280  0.0280  0.0280  0.0280  0.0279  0.0279  0.0279  0.0279  0.0279  0.0279
  0.0280  0.0280  0.0280  0.0280  0.0280  0.0279  0.0280  0.0280  0.0280  0.0280  0.0280  0.0280
  0.0281  0.0281  0.0281  0.0280  0.0280  0.0280  0.0281  0.0282  0.0280  0.0281  0.0280  0.0280
  0.0284  0.0282  0.0281  0.0281  0.0281  0.0283  0.0282  0.0286  0.0282  0.0283  0.0281  0.0281
registration optimization eta report
parameter search radius
    0.8000    0.8000    0.8000    2.4000    2.4000    2.4000
    2.4000    2.4000    2.4000    2.4000    2.4000    2.4000
100000*second partial in parameter space
       64.       48.       27.        3.        3.        6.
        5.       11.        4.        7.        2.        2.
  0.0284  0.0283  0.0281  0.0282  0.0282  0.0283  0.0282  0.0286  0.0282  0.0284  0.0280  0.0281
  0.0282  0.0281  0.0280  0.0281  0.0281  0.0282  0.0281  0.0282  0.0280  0.0281  0.0280  0.0280
  0.0280  0.0280  0.0280  0.0280  0.0280  0.0281  0.0280  0.0280  0.0280  0.0280  0.0279  0.0279
  0.0280  0.0280  0.0280  0.0280  0.0280  0.0280  0.0279  0.0279  0.0279  0.0279  0.0279  0.0279
  0.0280  0.0280  0.0280  0.0280  0.0280  0.0279  0.0280  0.0280  0.0280  0.0280  0.0280  0.0280
  0.0281  0.0281  0.0281  0.0280  0.0280  0.0280  0.0281  0.0282  0.0280  0.0281  0.0280  0.0280
  0.0284  0.0282  0.0281  0.0281  0.0281  0.0283  0.0282  0.0286  0.0282  0.0283  0.0281  0.0281
    1.0465   -7.7350    9.2221  -11.6510  -20.2762   -3.3626
   -2.7507   13.6371   -2.7450   23.2032  -10.1847  -32.7911
eta,q 0.97206  9.62667

---------------------------------------------------------------------
imgreg_4dfp /opt/freesurfer/average/711-2C_as_mni_average_305 /opt/freesurfer/average/711-2B_as_mni_average_305_mask talsrcimg_g11 none talsrcimg_to_711-2C_as_mni_average_305_t4 2311
---------------------------------------------------------------------

freesurfer imgreg_4dfp.c
/opt/freesurfer/average/711-2C_as_mni_average_305.4dfp.img
       256       256       256         1
  1.000000  1.000000  1.000000
orientation T byte_order littleendian
Reading image: /opt/freesurfer/average/711-2C_as_mni_average_305.4dfp.img
dimensions:      256       256       256
mmppix:       1.0000   -1.0000   -1.0000
center:     128.0000 -129.0000 -129.0000
/opt/freesurfer/average/711-2B_as_mni_average_305_mask.4dfp.img
       256       256       256         1
  1.000000  1.000000  1.000000
orientation T byte_order littleendian
Reading mask: /opt/freesurfer/average/711-2B_as_mni_average_305_mask.4dfp.img (2306576 pixels)
talsrcimg_g11.4dfp.img
       256       256       256         1
  1.000000  1.000000  1.000000
orientation T byte_order littleendian
Reading image: talsrcimg_g11.4dfp.img
dimensions:      256       256       256
mmppix:       1.0000   -1.0000   -1.0000
center:     128.0000 -129.0000 -129.0000
fimgreg.f
image alignment mode   2311 decimal      907 hex
parameters
    1.0465   -7.7350    9.2221  -11.6510  -20.2762   -3.3626
   -2.7507   13.6371   -2.7450   23.2032  -10.1847  -32.7911
eta,q 0.97206  9.62667
niter,ni,del,rscale     5    3    5.0000    0.8000
parameters
    1.0329   -7.6561    9.3125  -12.3151  -20.4343   -3.9880
   -2.8165   13.6632   -2.6924   23.3205  -10.0424  -32.1978
eta,q 0.97195  9.56529
  0.0296  0.0293  0.0288  0.0285  0.0287  0.0289  0.0291  0.0303  0.0289  0.0296  0.0284  0.0286
  0.0287  0.0285  0.0283  0.0282  0.0283  0.0285  0.0285  0.0291  0.0284  0.0288  0.0282  0.0283
  0.0281  0.0281  0.0280  0.0281  0.0280  0.0282  0.0282  0.0283  0.0281  0.0283  0.0281  0.0281
  0.0279  0.0279  0.0279  0.0279  0.0280  0.0280  0.0280  0.0280  0.0280  0.0280  0.0280  0.0280
  0.0281  0.0281  0.0280  0.0280  0.0281  0.0281  0.0282  0.0283  0.0282  0.0282  0.0281  0.0281
  0.0287  0.0284  0.0282  0.0284  0.0284  0.0287  0.0286  0.0290  0.0284  0.0287  0.0282  0.0282
  0.0296  0.0290  0.0286  0.0292  0.0288  0.0299  0.0292  0.0303  0.0289  0.0295  0.0284  0.0284
niter,ni,del,rscale     4    3    5.0000    0.7000
parameters
    1.0364   -7.7510    9.2026  -12.2523  -20.4809   -4.0056
   -2.8087   13.6577   -2.6949   23.2223   -9.9390  -32.2727
eta,q 0.97197  9.56161
  0.0292  0.0288  0.0284  0.0285  0.0286  0.0288  0.0289  0.0298  0.0287  0.0292  0.0283  0.0284
  0.0286  0.0284  0.0282  0.0283  0.0283  0.0285  0.0284  0.0288  0.0283  0.0285  0.0282  0.0281
  0.0282  0.0281  0.0281  0.0282  0.0281  0.0282  0.0281  0.0282  0.0281  0.0282  0.0281  0.0280
  0.0280  0.0281  0.0280  0.0280  0.0280  0.0280  0.0280  0.0280  0.0280  0.0280  0.0280  0.0280
  0.0282  0.0282  0.0281  0.0280  0.0281  0.0280  0.0281  0.0282  0.0281  0.0282  0.0281  0.0281
  0.0286  0.0285  0.0283  0.0282  0.0283  0.0283  0.0284  0.0288  0.0284  0.0286  0.0281  0.0282
  0.0293  0.0291  0.0286  0.0286  0.0286  0.0290  0.0289  0.0298  0.0287  0.0293  0.0283  0.0284
niter,ni,del,rscale     3    3    5.0000    0.6000
parameters
    1.0322   -7.7701    9.1745  -12.0394  -20.3988   -3.8277
   -2.7823   13.6430   -2.7280   23.1801  -10.0112  -32.4678
eta,q 0.97201  9.58330
  0.0289  0.0287  0.0284  0.0284  0.0285  0.0286  0.0286  0.0293  0.0285  0.0289  0.0282  0.0282
  0.0284  0.0283  0.0282  0.0283  0.0282  0.0284  0.0283  0.0286  0.0282  0.0284  0.0281  0.0281
  0.0281  0.0281  0.0281  0.0281  0.0281  0.0282  0.0281  0.0281  0.0280  0.0281  0.0280  0.0280
  0.0280  0.0280  0.0280  0.0280  0.0280  0.0280  0.0280  0.0280  0.0280  0.0280  0.0280  0.0280
  0.0281  0.0281  0.0281  0.0280  0.0281  0.0280  0.0281  0.0282  0.0281  0.0281  0.0280  0.0280
  0.0284  0.0284  0.0282  0.0281  0.0282  0.0282  0.0283  0.0286  0.0282  0.0284  0.0281  0.0281
  0.0289  0.0287  0.0284  0.0284  0.0284  0.0287  0.0286  0.0294  0.0285  0.0289  0.0282  0.0283
niter,ni,del,rscale     2    3    5.0000    0.5000
parameters
    1.0402   -7.7511    9.1747  -11.8256  -20.3099   -3.6064
   -2.7709   13.6435   -2.7211   23.1871  -10.1292  -32.6697
eta,q 0.97204  9.60778
  0.0286  0.0285  0.0283  0.0283  0.0283  0.0285  0.0284  0.0289  0.0283  0.0286  0.0281  0.0281
  0.0283  0.0282  0.0281  0.0282  0.0281  0.0283  0.0282  0.0284  0.0281  0.0283  0.0280  0.0280
  0.0281  0.0280  0.0280  0.0281  0.0280  0.0281  0.0280  0.0281  0.0280  0.0280  0.0280  0.0280
  0.0280  0.0280  0.0280  0.0280  0.0280  0.0280  0.0280  0.0280  0.0280  0.0280  0.0280  0.0280
  0.0281  0.0280  0.0280  0.0280  0.0280  0.0279  0.0280  0.0281  0.0280  0.0280  0.0280  0.0280
  0.0283  0.0282  0.0281  0.0281  0.0281  0.0281  0.0282  0.0284  0.0281  0.0282  0.0281  0.0281
  0.0286  0.0284  0.0282  0.0283  0.0283  0.0285  0.0284  0.0289  0.0283  0.0286  0.0282  0.0282
niter,ni,del,rscale     1    3    5.0000    0.4000
parameters
    1.0502   -7.7232    9.1982  -11.6316  -20.2423   -3.3891
   -2.7396   13.6472   -2.7388   23.2032  -10.2205  -32.7937
eta,q 0.97206  9.62883
  0.0284  0.0283  0.0281  0.0282  0.0282  0.0283  0.0282  0.0286  0.0282  0.0284  0.0281  0.0281
  0.0282  0.0281  0.0280  0.0281  0.0281  0.0282  0.0281  0.0282  0.0280  0.0281  0.0280  0.0280
  0.0280  0.0280  0.0280  0.0280  0.0280  0.0281  0.0280  0.0280  0.0280  0.0280  0.0280  0.0279
  0.0280  0.0280  0.0280  0.0280  0.0279  0.0280  0.0279  0.0279  0.0279  0.0279  0.0279  0.0279
  0.0280  0.0280  0.0280  0.0280  0.0280  0.0279  0.0280  0.0280  0.0280  0.0280  0.0280  0.0280
  0.0281  0.0281  0.0280  0.0280  0.0280  0.0280  0.0281  0.0282  0.0280  0.0281  0.0280  0.0280
  0.0284  0.0282  0.0281  0.0282  0.0281  0.0283  0.0282  0.0286  0.0282  0.0284  0.0281  0.0281
registration optimization eta report
parameter search radius
    0.8000    0.8000    0.8000    2.4000    2.4000    2.4000
    2.4000    2.4000    2.4000    2.4000    2.4000    2.4000
100000*second partial in parameter space
       64.       48.       28.        4.        3.        6.
        5.       11.        4.        7.        2.        2.
  0.0284  0.0283  0.0281  0.0282  0.0282  0.0283  0.0282  0.0286  0.0282  0.0284  0.0281  0.0281
  0.0282  0.0281  0.0280  0.0281  0.0281  0.0282  0.0281  0.0282  0.0280  0.0281  0.0280  0.0280
  0.0280  0.0280  0.0280  0.0280  0.0280  0.0281  0.0280  0.0280  0.0280  0.0280  0.0280  0.0279
  0.0280  0.0280  0.0280  0.0280  0.0279  0.0280  0.0279  0.0279  0.0279  0.0279  0.0279  0.0279
  0.0280  0.0280  0.0280  0.0280  0.0280  0.0279  0.0280  0.0280  0.0280  0.0280  0.0280  0.0280
  0.0281  0.0281  0.0280  0.0280  0.0280  0.0280  0.0281  0.0282  0.0280  0.0281  0.0280  0.0280
  0.0284  0.0282  0.0281  0.0282  0.0281  0.0283  0.0282  0.0286  0.0282  0.0284  0.0281  0.0281
    1.0502   -7.7232    9.1982  -11.6316  -20.2423   -3.3891
   -2.7396   13.6472   -2.7388   23.2032  -10.2205  -32.7937
eta,q 0.97206  9.62883

---------------------------------------------------------------------
compute_vox2vox talsrcimg talsrcimg_to_711-2C_as_mni_average_305_t4 /opt/freesurfer/average/711-2C_as_mni_average_305
---------------------------------------------------------------------

freesurfer compute_vox2vox.c
Reading: talsrcimg.4dfp.ifh
Reading: talsrcimg_to_711-2C_as_mni_average_305_t4
Reading: /opt/freesurfer/average/711-2C_as_mni_average_305.4dfp.ifh
Writing: talsrcimg_to_711-2C_as_mni_average_305_t4_vox2vox.txt

start time Thu Mar 12 07:24:22 CET 2026
end		time Thu Mar 12 07:24:36 CET 2026

mpr2mni305 success

avi2talxfm orig_nu.mgz /opt/freesurfer/average/mni305.cor.mgz talsrcimg_to_711-2C_as_mni_average_305_t4_vox2vox.txt transforms/talairach.auto.xfm
avi2talxfm done
mv -f /out/sourcedata/freesurfer/sub-v1s10x0051101_ses-1/mri/talsrcimg_to_711-2C_as_mni_average_305_t4_vox2vox.txt /out/sourcedata/freesurfer/sub-v1s10x0051101_ses-1/mri/transforms/talsrcimg_to_711-2C_as_mni_average_305_t4_vox2vox.txt
lta_convert --src orig_nu.mgz --trg /opt/freesurfer/average/mni305.cor.mgz --inxfm transforms/talairach.auto.xfm --outlta transforms/talairach.auto.xfm.lta --subject fsaverage
7.3.2

--src: orig_nu.mgz src image (geometry).
--trg: /opt/freesurfer/average/mni305.cor.mgz trg image (geometry).
--inmni: transforms/talairach.auto.xfm input MNI/XFM transform.
--outlta: transforms/talairach.auto.xfm.lta output LTA.
--s: fsaverage subject name
 LTA read, type : 1
 1.11336  -0.15150  -0.02405   8.87581;
 0.11901   0.92586   0.38477  -4.43225;
 0.00361  -0.27455   1.14103   15.17101;
 0.00000   0.00000   0.00000   1.00000;
setting subject to fsaverage
Writing  LTA to file transforms/talairach.auto.xfm.lta...
lta_convert successful.
 
 
Started at Thu Mar 12 07:24:22 CET 2026
Ended   at Thu Mar 12 07:24:36 CET 2026
talairach_avi done
