status file for recon-all
Thu Mar 12 07:25:37 CET 2026
#@# Tessellate rh Thu Mar 12 07:25:37 CET 2026
#@# Smooth1 rh Thu Mar 12 07:25:41 CET 2026
#@# Inflation1 rh Thu Mar 12 07:25:44 CET 2026
#@# QSphere rh Thu Mar 12 07:25:57 CET 2026
#@# Fix Topology rh Thu Mar 12 07:27:17 CET 2026
#@# Smooth2 rh Thu Mar 12 07:32:47 CET 2026
#@# Inflation2 rh Thu Mar 12 07:32:50 CET 2026
#@# Curv .H and .K rh Thu Mar 12 07:33:04 CET 2026
#@# Sphere rh Thu Mar 12 07:33:47 CET 2026
#@# Surf Reg rh Thu Mar 12 07:36:05 CET 2026
#@# Jacobian white rh Thu Mar 12 07:39:45 CET 2026
#@# AvgCurv rh Thu Mar 12 07:39:46 CET 2026
#@# Cortical Parc rh Thu Mar 12 07:39:47 CET 2026
#@# white curv rh Thu Mar 12 07:45:52 CET 2026
#@# white area rh Thu Mar 12 07:45:54 CET 2026
#@# pial curv rh Thu Mar 12 07:45:55 CET 2026
#@# pial area rh Thu Mar 12 07:45:57 CET 2026
#@# thickness rh Thu Mar 12 07:45:57 CET 2026
#@# area and vertex vol rh Thu Mar 12 07:46:24 CET 2026
#@# Curvature Stats rh Thu Mar 12 07:46:25 CET 2026
#@# Cortical Parc 2 rh Thu Mar 12 07:46:28 CET 2026
#@# Cortical Parc 3 rh Thu Mar 12 07:46:41 CET 2026
#@# WM/GM Contrast rh Thu Mar 12 07:46:51 CET 2026
recon-all -s sub-v1s10x0051052_ses-1 finished without error at Thu Mar 12 07:46:55 CET 2026



#New# invocation of recon-all 



status file for recon-all
Thu Mar 12 07:55:33 CET 2026
#@# white curv rh Thu Mar 12 07:55:33 CET 2026
#@# white area rh Thu Mar 12 07:55:33 CET 2026
#@# pial curv rh Thu Mar 12 07:55:33 CET 2026
#@# pial area rh Thu Mar 12 07:55:33 CET 2026
#@# thickness rh Thu Mar 12 07:55:33 CET 2026
#@# area and vertex vol rh Thu Mar 12 07:55:33 CET 2026
#@# Parcellation Stats rh Thu Mar 12 07:55:33 CET 2026
#@# Parcellation Stats 2 rh Thu Mar 12 07:55:51 CET 2026
#@# Parcellation Stats 3 rh Thu Mar 12 07:56:02 CET 2026
#@# BA_exvivo Labels rh Thu Mar 12 07:56:12 CET 2026
recon-all -s sub-v1s10x0051052_ses-1 finished without error at Thu Mar 12 07:58:52 CET 2026
