status file for recon-all
Thu Mar 12 04:11:09 CET 2026
#@# Tessellate rh Thu Mar 12 04:11:09 CET 2026
#@# Smooth1 rh Thu Mar 12 04:11:13 CET 2026
#@# Inflation1 rh Thu Mar 12 04:11:16 CET 2026
#@# QSphere rh Thu Mar 12 04:11:31 CET 2026
#@# Fix Topology rh Thu Mar 12 04:13:09 CET 2026
#@# Smooth2 rh Thu Mar 12 04:22:29 CET 2026
#@# Inflation2 rh Thu Mar 12 04:22:32 CET 2026
#@# Curv .H and .K rh Thu Mar 12 04:22:49 CET 2026
#@# Sphere rh Thu Mar 12 04:23:40 CET 2026
#@# Surf Reg rh Thu Mar 12 04:28:18 CET 2026
#@# Jacobian white rh Thu Mar 12 04:33:34 CET 2026
#@# AvgCurv rh Thu Mar 12 04:33:35 CET 2026
#@# Cortical Parc rh Thu Mar 12 04:33:36 CET 2026
#@# white curv rh Thu Mar 12 04:40:38 CET 2026
#@# white area rh Thu Mar 12 04:40:40 CET 2026
#@# pial curv rh Thu Mar 12 04:40:41 CET 2026
#@# pial area rh Thu Mar 12 04:40:43 CET 2026
#@# thickness rh Thu Mar 12 04:40:44 CET 2026
#@# area and vertex vol rh Thu Mar 12 04:41:18 CET 2026
#@# Curvature Stats rh Thu Mar 12 04:41:20 CET 2026
#@# Cortical Parc 2 rh Thu Mar 12 04:41:23 CET 2026
#@# Cortical Parc 3 rh Thu Mar 12 04:41:37 CET 2026
#@# WM/GM Contrast rh Thu Mar 12 04:41:49 CET 2026
recon-all -s sub-v1s10x0051002_ses-1 finished without error at Thu Mar 12 04:41:53 CET 2026



#New# invocation of recon-all 



status file for recon-all
Thu Mar 12 04:52:00 CET 2026
#@# white curv rh Thu Mar 12 04:52:00 CET 2026
#@# white area rh Thu Mar 12 04:52:00 CET 2026
#@# pial curv rh Thu Mar 12 04:52:00 CET 2026
#@# pial area rh Thu Mar 12 04:52:00 CET 2026
#@# thickness rh Thu Mar 12 04:52:00 CET 2026
#@# area and vertex vol rh Thu Mar 12 04:52:00 CET 2026
#@# Parcellation Stats rh Thu Mar 12 04:52:00 CET 2026
#@# Parcellation Stats 2 rh Thu Mar 12 04:52:20 CET 2026
#@# Parcellation Stats 3 rh Thu Mar 12 04:52:31 CET 2026
#@# BA_exvivo Labels rh Thu Mar 12 04:52:41 CET 2026
recon-all -s sub-v1s10x0051002_ses-1 finished without error at Thu Mar 12 04:55:41 CET 2026
