status file for recon-all
Thu Mar 12 03:16:11 CET 2026
#@# Tessellate lh Thu Mar 12 03:16:11 CET 2026
#@# Smooth1 lh Thu Mar 12 03:16:15 CET 2026
#@# Inflation1 lh Thu Mar 12 03:16:17 CET 2026
#@# QSphere lh Thu Mar 12 03:16:29 CET 2026
#@# Fix Topology lh Thu Mar 12 03:17:29 CET 2026
#@# Smooth2 lh Thu Mar 12 03:23:41 CET 2026
#@# Inflation2 lh Thu Mar 12 03:23:44 CET 2026
#@# Curv .H and .K lh Thu Mar 12 03:23:57 CET 2026
#@# Sphere lh Thu Mar 12 03:24:39 CET 2026
#@# Surf Reg lh Thu Mar 12 03:28:32 CET 2026
#@# Jacobian white lh Thu Mar 12 03:31:55 CET 2026
#@# AvgCurv lh Thu Mar 12 03:31:56 CET 2026
#@# Cortical Parc lh Thu Mar 12 03:31:57 CET 2026
#@# white curv lh Thu Mar 12 03:37:55 CET 2026
#@# white area lh Thu Mar 12 03:37:57 CET 2026
#@# pial curv lh Thu Mar 12 03:37:58 CET 2026
#@# pial area lh Thu Mar 12 03:37:59 CET 2026
#@# thickness lh Thu Mar 12 03:38:00 CET 2026
#@# area and vertex vol lh Thu Mar 12 03:38:27 CET 2026
#@# Curvature Stats lh Thu Mar 12 03:38:29 CET 2026
#@# Cortical Parc 2 lh Thu Mar 12 03:38:31 CET 2026
#@# Cortical Parc 3 lh Thu Mar 12 03:38:44 CET 2026
#@# WM/GM Contrast lh Thu Mar 12 03:38:53 CET 2026
recon-all -s sub-v1s10x0050986_ses-1 finished without error at Thu Mar 12 03:38:57 CET 2026



#New# invocation of recon-all 



status file for recon-all
Thu Mar 12 04:08:18 CET 2026
#@# white curv lh Thu Mar 12 04:08:18 CET 2026
#@# white area lh Thu Mar 12 04:08:18 CET 2026
#@# pial curv lh Thu Mar 12 04:08:18 CET 2026
#@# pial area lh Thu Mar 12 04:08:18 CET 2026
#@# thickness lh Thu Mar 12 04:08:18 CET 2026
#@# area and vertex vol lh Thu Mar 12 04:08:18 CET 2026
#@# Parcellation Stats lh Thu Mar 12 04:08:18 CET 2026
#@# Parcellation Stats 2 lh Thu Mar 12 04:08:34 CET 2026
#@# Parcellation Stats 3 lh Thu Mar 12 04:08:42 CET 2026
#@# BA_exvivo Labels lh Thu Mar 12 04:08:50 CET 2026
recon-all -s sub-v1s10x0050986_ses-1 finished without error at Thu Mar 12 04:11:24 CET 2026
