status file for recon-all
Wed Mar 11 23:18:31 CET 2026
#@# MotionCor Wed Mar 11 23:18:32 CET 2026
#@# Talairach Wed Mar 11 23:18:42 CET 2026
#@# Talairach Failure Detection Wed Mar 11 23:23:09 CET 2026
#@# Nu Intensity Correction Wed Mar 11 23:23:09 CET 2026
#@# Intensity Normalization Wed Mar 11 23:26:24 CET 2026
recon-all -s sub-v1s10x0050965_ses-1 finished without error at Wed Mar 11 23:27:52 CET 2026



#New# invocation of recon-all 



status file for recon-all
Wed Mar 11 23:35:02 CET 2026
#@# EM Registration Wed Mar 11 23:35:02 CET 2026
recon-all -s sub-v1s10x0050965_ses-1 finished without error at Wed Mar 11 23:36:58 CET 2026



#New# invocation of recon-all 



status file for recon-all
Wed Mar 11 23:37:00 CET 2026
#@# CA Normalize Wed Mar 11 23:37:00 CET 2026
#@# CA Reg Wed Mar 11 23:38:20 CET 2026
#@# SubCort Seg Thu Mar 12 00:23:20 CET 2026
#@# CC Seg Thu Mar 12 00:50:52 CET 2026
#@# Merge ASeg Thu Mar 12 00:51:31 CET 2026
#@# Intensity Normalization2 Thu Mar 12 00:51:31 CET 2026
#@# Mask BFS Thu Mar 12 00:53:39 CET 2026
#@# WM Segmentation Thu Mar 12 00:53:40 CET 2026
#@# Fill Thu Mar 12 00:55:34 CET 2026
recon-all -s sub-v1s10x0050965_ses-1 finished without error at Thu Mar 12 00:56:40 CET 2026



#New# invocation of recon-all 



status file for recon-all
Thu Mar 12 01:49:53 CET 2026
#@# white curv lh Thu Mar 12 01:49:53 CET 2026
#@# white area lh Thu Mar 12 01:49:53 CET 2026
#@# pial curv lh Thu Mar 12 01:49:53 CET 2026
#@# pial area lh Thu Mar 12 01:49:53 CET 2026
#@# thickness lh Thu Mar 12 01:49:53 CET 2026
#@# area and vertex vol lh Thu Mar 12 01:49:53 CET 2026
#@# white curv rh Thu Mar 12 01:49:53 CET 2026
#@# white area rh Thu Mar 12 01:49:53 CET 2026
#@# pial curv rh Thu Mar 12 01:49:53 CET 2026
#@# pial area rh Thu Mar 12 01:49:53 CET 2026
#@# thickness rh Thu Mar 12 01:49:53 CET 2026
#@# area and vertex vol rh Thu Mar 12 01:49:53 CET 2026
#@# Cortical ribbon mask Thu Mar 12 01:49:53 CET 2026
recon-all -s sub-v1s10x0050965_ses-1 finished without error at Thu Mar 12 01:54:48 CET 2026



#New# invocation of recon-all 



status file for recon-all
Thu Mar 12 02:01:01 CET 2026
#@# white curv lh Thu Mar 12 02:01:01 CET 2026
#@# white area lh Thu Mar 12 02:01:01 CET 2026
#@# pial curv lh Thu Mar 12 02:01:01 CET 2026
#@# pial area lh Thu Mar 12 02:01:01 CET 2026
#@# thickness lh Thu Mar 12 02:01:01 CET 2026
#@# area and vertex vol lh Thu Mar 12 02:01:01 CET 2026
#@# white curv rh Thu Mar 12 02:01:01 CET 2026
#@# white area rh Thu Mar 12 02:01:01 CET 2026
#@# pial curv rh Thu Mar 12 02:01:01 CET 2026
#@# pial area rh Thu Mar 12 02:01:01 CET 2026
#@# thickness rh Thu Mar 12 02:01:01 CET 2026
#@# area and vertex vol rh Thu Mar 12 02:01:01 CET 2026
#@# Curvature Stats lh Thu Mar 12 02:01:01 CET 2026
#@# Curvature Stats rh Thu Mar 12 02:01:04 CET 2026
#@# Relabel Hypointensities Thu Mar 12 02:01:06 CET 2026
#@# APas-to-ASeg Thu Mar 12 02:01:22 CET 2026
#@# AParc-to-ASeg aparc Thu Mar 12 02:01:30 CET 2026
#@# AParc-to-ASeg aparc.a2009s Thu Mar 12 02:02:10 CET 2026
#@# AParc-to-ASeg aparc.DKTatlas Thu Mar 12 02:02:53 CET 2026
#@# WMParc Thu Mar 12 02:03:39 CET 2026
#@# ASeg Stats Thu Mar 12 02:07:13 CET 2026
recon-all -s sub-v1s10x0050965_ses-1 finished without error at Thu Mar 12 02:07:55 CET 2026
