status file for recon-all
Thu Mar 12 00:58:59 CET 2026
#@# Tessellate lh Thu Mar 12 00:58:59 CET 2026
#@# Smooth1 lh Thu Mar 12 00:59:02 CET 2026
#@# Inflation1 lh Thu Mar 12 00:59:05 CET 2026
#@# QSphere lh Thu Mar 12 00:59:14 CET 2026
#@# Fix Topology lh Thu Mar 12 01:00:09 CET 2026
#@# Smooth2 lh Thu Mar 12 01:07:57 CET 2026
#@# Inflation2 lh Thu Mar 12 01:07:59 CET 2026
#@# Curv .H and .K lh Thu Mar 12 01:08:09 CET 2026
#@# Sphere lh Thu Mar 12 01:08:42 CET 2026
#@# Surf Reg lh Thu Mar 12 01:16:21 CET 2026
#@# Jacobian white lh Thu Mar 12 01:21:34 CET 2026
#@# AvgCurv lh Thu Mar 12 01:21:35 CET 2026
#@# Cortical Parc lh Thu Mar 12 01:21:36 CET 2026
#@# white curv lh Thu Mar 12 01:27:32 CET 2026
#@# white area lh Thu Mar 12 01:27:33 CET 2026
#@# pial curv lh Thu Mar 12 01:27:33 CET 2026
#@# pial area lh Thu Mar 12 01:27:35 CET 2026
#@# thickness lh Thu Mar 12 01:27:35 CET 2026
#@# area and vertex vol lh Thu Mar 12 01:27:54 CET 2026
#@# Curvature Stats lh Thu Mar 12 01:27:55 CET 2026
#@# Cortical Parc 2 lh Thu Mar 12 01:27:57 CET 2026
#@# Cortical Parc 3 lh Thu Mar 12 01:28:07 CET 2026
#@# WM/GM Contrast lh Thu Mar 12 01:28:15 CET 2026
recon-all -s sub-v1s10x0050955_ses-1 finished without error at Thu Mar 12 01:28:19 CET 2026



#New# invocation of recon-all 



status file for recon-all
Thu Mar 12 01:51:21 CET 2026
#@# white curv lh Thu Mar 12 01:51:21 CET 2026
#@# white area lh Thu Mar 12 01:51:21 CET 2026
#@# pial curv lh Thu Mar 12 01:51:21 CET 2026
#@# pial area lh Thu Mar 12 01:51:21 CET 2026
#@# thickness lh Thu Mar 12 01:51:21 CET 2026
#@# area and vertex vol lh Thu Mar 12 01:51:21 CET 2026
#@# Parcellation Stats lh Thu Mar 12 01:51:21 CET 2026
#@# Parcellation Stats 2 lh Thu Mar 12 01:51:32 CET 2026
#@# Parcellation Stats 3 lh Thu Mar 12 01:51:37 CET 2026
#@# BA_exvivo Labels lh Thu Mar 12 01:51:42 CET 2026
recon-all -s sub-v1s10x0050955_ses-1 finished without error at Thu Mar 12 01:53:42 CET 2026
