status file for recon-all
Thu Mar 12 01:28:23 CET 2026
#@# Tessellate rh Thu Mar 12 01:28:23 CET 2026
#@# Smooth1 rh Thu Mar 12 01:28:26 CET 2026
#@# Inflation1 rh Thu Mar 12 01:28:28 CET 2026
#@# QSphere rh Thu Mar 12 01:28:38 CET 2026
#@# Fix Topology rh Thu Mar 12 01:29:31 CET 2026
#@# Smooth2 rh Thu Mar 12 01:34:44 CET 2026
#@# Inflation2 rh Thu Mar 12 01:34:46 CET 2026
#@# Curv .H and .K rh Thu Mar 12 01:34:55 CET 2026
#@# Sphere rh Thu Mar 12 01:35:28 CET 2026
#@# Surf Reg rh Thu Mar 12 01:39:31 CET 2026
#@# Jacobian white rh Thu Mar 12 01:42:45 CET 2026
#@# AvgCurv rh Thu Mar 12 01:42:45 CET 2026
#@# Cortical Parc rh Thu Mar 12 01:42:46 CET 2026
#@# white curv rh Thu Mar 12 01:47:13 CET 2026
#@# white area rh Thu Mar 12 01:47:14 CET 2026
#@# pial curv rh Thu Mar 12 01:47:15 CET 2026
#@# pial area rh Thu Mar 12 01:47:16 CET 2026
#@# thickness rh Thu Mar 12 01:47:17 CET 2026
#@# area and vertex vol rh Thu Mar 12 01:47:36 CET 2026
#@# Curvature Stats rh Thu Mar 12 01:47:38 CET 2026
#@# Cortical Parc 2 rh Thu Mar 12 01:47:39 CET 2026
#@# Cortical Parc 3 rh Thu Mar 12 01:47:49 CET 2026
#@# WM/GM Contrast rh Thu Mar 12 01:47:56 CET 2026
recon-all -s sub-v1s10x0050955_ses-1 finished without error at Thu Mar 12 01:48:00 CET 2026



#New# invocation of recon-all 



status file for recon-all
Thu Mar 12 01:53:43 CET 2026
#@# white curv rh Thu Mar 12 01:53:43 CET 2026
#@# white area rh Thu Mar 12 01:53:43 CET 2026
#@# pial curv rh Thu Mar 12 01:53:43 CET 2026
#@# pial area rh Thu Mar 12 01:53:43 CET 2026
#@# thickness rh Thu Mar 12 01:53:43 CET 2026
#@# area and vertex vol rh Thu Mar 12 01:53:43 CET 2026
#@# Parcellation Stats rh Thu Mar 12 01:53:43 CET 2026
#@# Parcellation Stats 2 rh Thu Mar 12 01:53:54 CET 2026
#@# Parcellation Stats 3 rh Thu Mar 12 01:54:00 CET 2026
#@# BA_exvivo Labels rh Thu Mar 12 01:54:05 CET 2026
recon-all -s sub-v1s10x0050955_ses-1 finished without error at Thu Mar 12 01:56:03 CET 2026
