status file for recon-all
Thu Mar 12 07:30:00 CET 2026
#@# Tessellate lh Thu Mar 12 07:30:00 CET 2026
#@# Smooth1 lh Thu Mar 12 07:30:03 CET 2026
#@# Inflation1 lh Thu Mar 12 07:30:04 CET 2026
#@# QSphere lh Thu Mar 12 07:30:15 CET 2026
#@# Fix Topology lh Thu Mar 12 07:31:05 CET 2026
#@# Smooth2 lh Thu Mar 12 07:36:13 CET 2026
#@# Inflation2 lh Thu Mar 12 07:36:15 CET 2026
#@# Curv .H and .K lh Thu Mar 12 07:36:26 CET 2026
#@# Sphere lh Thu Mar 12 07:37:01 CET 2026
#@# Surf Reg lh Thu Mar 12 07:40:24 CET 2026
#@# Jacobian white lh Thu Mar 12 07:43:39 CET 2026
#@# AvgCurv lh Thu Mar 12 07:43:40 CET 2026
#@# Cortical Parc lh Thu Mar 12 07:43:40 CET 2026
#@# white curv lh Thu Mar 12 07:48:35 CET 2026
#@# white area lh Thu Mar 12 07:48:36 CET 2026
#@# pial curv lh Thu Mar 12 07:48:37 CET 2026
#@# pial area lh Thu Mar 12 07:48:38 CET 2026
#@# thickness lh Thu Mar 12 07:48:39 CET 2026
#@# area and vertex vol lh Thu Mar 12 07:49:00 CET 2026
#@# Curvature Stats lh Thu Mar 12 07:49:01 CET 2026
#@# Cortical Parc 2 lh Thu Mar 12 07:49:02 CET 2026
#@# Cortical Parc 3 lh Thu Mar 12 07:49:12 CET 2026
#@# WM/GM Contrast lh Thu Mar 12 07:49:19 CET 2026
recon-all -s sub-v1s10x0051077_ses-1 finished without error at Thu Mar 12 07:49:21 CET 2026



#New# invocation of recon-all 



status file for recon-all
Thu Mar 12 08:09:09 CET 2026
#@# white curv lh Thu Mar 12 08:09:09 CET 2026
#@# white area lh Thu Mar 12 08:09:09 CET 2026
#@# pial curv lh Thu Mar 12 08:09:09 CET 2026
#@# pial area lh Thu Mar 12 08:09:09 CET 2026
#@# thickness lh Thu Mar 12 08:09:09 CET 2026
#@# area and vertex vol lh Thu Mar 12 08:09:09 CET 2026
#@# Parcellation Stats lh Thu Mar 12 08:09:09 CET 2026
#@# Parcellation Stats 2 lh Thu Mar 12 08:09:22 CET 2026
#@# Parcellation Stats 3 lh Thu Mar 12 08:09:29 CET 2026
#@# BA_exvivo Labels lh Thu Mar 12 08:09:36 CET 2026
recon-all -s sub-v1s10x0051077_ses-1 finished without error at Thu Mar 12 08:11:38 CET 2026
