/out/sourcedata/freesurfer/sub-v1s10x0051150_ses-1/mri
/opt/freesurfer/bin/talairach_avi
--i orig_nu.mgz --xfm transforms/talairach.auto.xfm
talairach_avi 7.3.2
Linux dna020 5.14.0-427.37.1.el9_4.x86_64 #1 SMP PREEMPT_DYNAMIC Fri Sep 13 12:41:50 EDT 2024 x86_64 x86_64 x86_64 GNU/Linux
Thu Mar 12 09:48:07 CET 2026
mri_convert orig_nu.mgz talsrcimg.img 
reading from orig_nu.mgz...
TR=0.00, TE=0.00, TI=0.00, flip angle=0.00
i_ras = (-1, 0, 0)
j_ras = (0, 0, -1)
k_ras = (0, 1, 0)
writing to talsrcimg.img...
Analyze Output Matrix
-1.00000   0.00000   0.00000   129.66513;
 0.00000   0.00000   1.00000  -132.33734;
 0.00000  -1.00000   0.00000   130.00000;
 0.00000   0.00000   0.00000   1.00000;
--------------------
INFO: set hdr.hist.orient to -1
mpr2mni305 talsrcimg
Thu Mar 12 09:48:07 CET 2026
/opt/freesurfer/bin/mpr2mni305 talsrcimg
mpr2mni305 7.3.2
target=711-2C_as_mni_average_305

---------------------------------------------------------------------
analyzeto4dfp talsrcimg -O0 -y
---------------------------------------------------------------------

freesurfer ifh2hdr.c
Thu Mar 12 09:48:07 2026
Writing: talsrcimg.4dfp.hdr
freesurfer analyzeto4dfp.c
Reading: talsrcimg.hdr
header size 348 bytes
hdr.dime.datatype	offset=70	value=2
hdr.dime.bitpix		offset=72	value=8
hdr.hist.orient		offset=252	value=-1
dimensionality     4
dimensions       256       256       256         1
Reading: talsrcimg.img
Writing: talsrcimg.4dfp.img
Writing: talsrcimg.4dfp.ifh
ifh2hdr talsrcimg -r0to208
ori=2

---------------------------------------------------------------------
gauss_4dfp talsrcimg 1.1
---------------------------------------------------------------------

freesurfer gauss_4dfp.c
Reading: talsrcimg.4dfp.img
Writing: talsrcimg_g11.4dfp.img
image dimensions 256 256 256 padded to 288 288 288
processing volume 1freesurfer ifh2hdr.c
Thu Mar 12 09:48:09 2026
Writing: talsrcimg_g11.4dfp.hdr

Writing: talsrcimg_g11.4dfp.ifh
including: talsrcimg.4dfp.img.rec in talsrcimg_g11.4dfp.img.rec

---------------------------------------------------------------------
imgreg_4dfp /opt/freesurfer/average/711-2C_as_mni_average_305 none talsrcimg_g11 none talsrcimg_to_711-2C_as_mni_average_305_t4 4355
---------------------------------------------------------------------

freesurfer imgreg_4dfp.c
/opt/freesurfer/average/711-2C_as_mni_average_305.4dfp.img
       256       256       256         1
  1.000000  1.000000  1.000000
orientation T byte_order littleendian
Reading image: /opt/freesurfer/average/711-2C_as_mni_average_305.4dfp.img
dimensions:      256       256       256
mmppix:       1.0000   -1.0000   -1.0000
center:     128.0000 -129.0000 -129.0000
talsrcimg_g11.4dfp.img
       256       256       256         1
  1.000000  1.000000  1.000000
orientation T byte_order littleendian
Reading image: talsrcimg_g11.4dfp.img
dimensions:      256       256       256
mmppix:       1.0000   -1.0000   -1.0000
center:     128.0000 -129.0000 -129.0000
t4_read: open error in t4_sub.f l:  41 t4_file(1:l)talsrcimg_to_711-2C_as_mni_average_305_t4 
t4_read: transform initialized to I4
rotation matrix determinant  1.000000
image alignment mode   4355 decimal     1103 hex
   -7.5000  -45.0000  -45.0000 8250.1055   15.0745
    0.0000  -45.0000  -45.0000 8673.2832   15.0806
    7.5000  -45.0000  -45.0000 8304.7578   15.0911
   -7.5000  -37.5000  -45.0000 8689.1768   15.0421
    0.0000  -37.5000  -45.0000 9130.7666   15.0473
    7.5000  -37.5000  -45.0000 8739.8574   15.0652
   -7.5000  -30.0000  -45.0000 9399.2637   15.0267
    0.0000  -30.0000  -45.0000 9884.7480   15.0344
    7.5000  -30.0000  -45.0000 9435.5566   15.0598
   -7.5000  -22.5000  -45.000010090.6465   15.0264
    0.0000  -22.5000  -45.000010618.2500   15.0378
    7.5000  -22.5000  -45.000010090.6406   15.0625
   -7.5000  -15.0000  -45.000010700.3057   15.0368
    0.0000  -15.0000  -45.000011256.9941   15.0498
    7.5000  -15.0000  -45.000010697.6592   15.0669
   -7.5000   -7.5000  -45.000011235.1094   15.0484
    0.0000   -7.5000  -45.000011800.3418   15.0585
    7.5000   -7.5000  -45.000011230.3027   15.0688
   -7.5000    0.0000  -45.000011641.5527   15.0507
    0.0000    0.0000  -45.000012219.7949   15.0566
    7.5000    0.0000  -45.000011637.2109   15.0670
   -7.5000    7.5000  -45.000011193.3887   15.0393
    0.0000    7.5000  -45.000011774.9248   15.0445
    7.5000    7.5000  -45.000011182.6230   15.0623
   -7.5000   15.0000  -45.000010645.0635   15.0267
    0.0000   15.0000  -45.000011190.0576   15.0344
    7.5000   15.0000  -45.000010606.0088   15.0598
   -7.5000   22.5000  -45.0000 9950.3857   15.0244
    0.0000   22.5000  -45.000010473.2412   15.0357
    7.5000   22.5000  -45.0000 9921.3350   15.0605
   -7.5000   30.0000  -45.0000 9196.4424   14.8367
    0.0000   30.0000  -45.0000 9692.1396   14.8496
    7.5000   30.0000  -45.0000 9156.0439   14.8665
   -7.5000   37.5000  -45.0000 8757.0752   14.8664
    0.0000   37.5000  -45.0000 9215.1387   14.8763
    7.5000   37.5000  -45.0000 8714.6738   14.8864
   -7.5000   45.0000  -45.0000 7924.6880   14.5458
    0.0000   45.0000  -45.0000 8329.7422   14.5518
    7.5000   45.0000  -45.0000 7883.0234   14.5620
   -7.5000  -45.0000  -37.5000 8801.1562   14.9371
    0.0000  -45.0000  -37.5000 9245.1162   14.9462
    7.5000  -45.0000  -37.5000 8822.6387   14.9663
   -7.5000  -37.5000  -37.5000 9236.5752   14.9065
    0.0000  -37.5000  -37.5000 9711.5234   14.9140
    7.5000  -37.5000  -37.5000 9280.7871   14.9408
   -7.5000  -30.0000  -37.5000 9970.5107   14.8927
    0.0000  -30.0000  -37.500010484.2305   14.9003
    7.5000  -30.0000  -37.5000 9992.3418   14.9335
   -7.5000  -22.5000  -37.500010696.3018   14.8927
    0.0000  -22.5000  -37.500011242.2002   14.9019
    7.5000  -22.5000  -37.500010679.9619   14.9338
   -7.5000  -15.0000  -37.500011323.8721   14.9022
    0.0000  -15.0000  -37.500011907.5137   14.9131
    7.5000  -15.0000  -37.500011319.8438   14.9376
   -7.5000   -7.5000  -37.500011856.2842   14.9124
    0.0000   -7.5000  -37.500012479.1426   14.9231
    7.5000   -7.5000  -37.500011867.9092   14.9420
   -7.5000    0.0000  -37.500012263.1885   14.9138
    0.0000    0.0000  -37.500012899.2588   14.9227
    7.5000    0.0000  -37.500012301.3926   14.9427
   -7.5000    7.5000  -37.500011792.1465   14.9038
    0.0000    7.5000  -37.500012416.5303   14.9112
    7.5000    7.5000  -37.500011814.0283   14.9380
   -7.5000   15.0000  -37.500011214.8027   14.8927
    0.0000   15.0000  -37.500011780.6025   14.9003
    7.5000   15.0000  -37.500011200.5146   14.9335
   -7.5000   22.5000  -37.500010481.2568   14.8906
    0.0000   22.5000  -37.500011001.6367   14.8999
    7.5000   22.5000  -37.500010454.6602   14.9317
   -7.5000   30.0000  -37.5000 9687.9844   14.7039
    0.0000   30.0000  -37.500010180.4258   14.7147
    7.5000   30.0000  -37.5000 9641.2686   14.7389
   -7.5000   37.5000  -37.5000 9208.3721   14.7317
    0.0000   37.5000  -37.5000 9667.0654   14.7423
    7.5000   37.5000  -37.5000 9145.1162   14.7609
   -7.5000   45.0000  -37.5000 8296.2988   14.4132
    0.0000   45.0000  -37.5000 8694.8027   14.4224
    7.5000   45.0000  -37.5000 8233.4912   14.4418
   -7.5000  -45.0000  -30.0000 9536.1416   15.5037
    0.0000  -45.0000  -30.000010016.5889   15.5137
    7.5000  -45.0000  -30.0000 9559.1396   15.5431
   -7.5000  -37.5000  -30.0000 9992.1553   15.4749
    0.0000  -37.5000  -30.000010497.7764   15.4810
    7.5000  -37.5000  -30.000010027.0410   15.5157
   -7.5000  -30.0000  -30.000010772.2520   15.4651
    0.0000  -30.0000  -30.000011314.3516   15.4698
    7.5000  -30.0000  -30.000010791.0605   15.5095
   -7.5000  -22.5000  -30.000011542.1426   15.4661
    0.0000  -22.5000  -30.000012112.9580   15.4733
    7.5000  -22.5000  -30.000011536.7314   15.5114
   -7.5000  -15.0000  -30.000012209.4873   15.4734
    0.0000  -15.0000  -30.000012808.9707   15.4843
    7.5000  -15.0000  -30.000012198.5879   15.5158
   -7.5000   -7.5000  -30.000012761.3271   15.4799
    0.0000   -7.5000  -30.000013403.3242   15.4921
    7.5000   -7.5000  -30.000012778.0166   15.5197
   -7.5000    0.0000  -30.000013203.0244   15.4796
    0.0000    0.0000  -30.000013856.6729   15.4894
    7.5000    0.0000  -30.000013227.1221   15.5187
   -7.5000    7.5000  -30.000012682.0215   15.4721
    0.0000    7.5000  -30.000013293.8945   15.4781
    7.5000    7.5000  -30.000012681.5029   15.5128
   -7.5000   15.0000  -30.000012044.8164   15.4651
    0.0000   15.0000  -30.000012609.6426   15.4698
    7.5000   15.0000  -30.000012013.2451   15.5095
   -7.5000   22.5000  -30.000011215.9521   15.4624
    0.0000   22.5000  -30.000011755.2646   15.4696
    7.5000   22.5000  -30.000011199.4111   15.5077
   -7.5000   30.0000  -30.000010339.6221   15.2689
    0.0000   30.0000  -30.000010843.8223   15.2797
    7.5000   30.0000  -30.000010320.5205   15.3108
   -7.5000   37.5000  -30.0000 9792.8877   15.2934
    0.0000   37.5000  -30.000010289.7178   15.3055
    7.5000   37.5000  -30.0000 9750.6396   15.3328
   -7.5000   45.0000  -30.0000 8806.7539   14.9708
    0.0000   45.0000  -30.0000 9240.1533   14.9808
    7.5000   45.0000  -30.0000 8752.4268   15.0089
   -7.5000  -45.0000  -22.500010257.3057   16.0124
    0.0000  -45.0000  -22.500010772.1904   16.0201
    7.5000  -45.0000  -22.500010291.6885   16.0479
   -7.5000  -37.5000  -22.500010755.0957   15.9832
    0.0000  -37.5000  -22.500011289.0391   15.9846
    7.5000  -37.5000  -22.500010788.4658   16.0167
   -7.5000  -30.0000  -22.500011622.0264   15.9732
    0.0000  -30.0000  -22.500012181.7139   15.9743
    7.5000  -30.0000  -22.500011632.8701   16.0106
   -7.5000  -22.5000  -22.500012427.2500   15.9732
    0.0000  -22.5000  -22.500012995.5449   15.9801
    7.5000  -22.5000  -22.500012404.9492   16.0158
   -7.5000  -15.0000  -22.500013116.8086   15.9796
    0.0000  -15.0000  -22.500013712.2012   15.9924
    7.5000  -15.0000  -22.500013110.4902   16.0226
   -7.5000   -7.5000  -22.500013708.4834   15.9867
    0.0000   -7.5000  -22.500014346.7441   15.9997
    7.5000   -7.5000  -22.500013721.9199   16.0262
   -7.5000    0.0000  -22.500014181.0312   15.9874
    0.0000    0.0000  -22.500014820.3691   15.9950
    7.5000    0.0000  -22.500014206.3936   16.0226
   -7.5000    7.5000  -22.500013580.8887   15.9803
    0.0000    7.5000  -22.500014188.5527   15.9818
    7.5000    7.5000  -22.500013571.6094   16.0138
   -7.5000   15.0000  -22.500012880.3672   15.9732
    0.0000   15.0000  -22.500013439.7529   15.9743
    7.5000   15.0000  -22.500012843.3125   16.0106
   -7.5000   22.5000  -22.500011975.8164   15.9682
    0.0000   22.5000  -22.500012513.7686   15.9752
    7.5000   22.5000  -22.500011972.2871   16.0109
   -7.5000   30.0000  -22.500011001.9375   15.7709
    0.0000   30.0000  -22.500011526.3799   15.7835
    7.5000   30.0000  -22.500011000.8857   15.8133
   -7.5000   37.5000  -22.500010401.0225   15.7963
    0.0000   37.5000  -22.500010910.8389   15.8092
    7.5000   37.5000  -22.500010373.2744   15.8353
   -7.5000   45.0000  -22.5000 9334.4668   15.4732
    0.0000   45.0000  -22.5000 9786.3350   15.4805
    7.5000   45.0000  -22.5000 9284.2158   15.5070
   -7.5000  -45.0000  -15.000010986.2295   16.3845
    0.0000  -45.0000  -15.000011527.6797   16.3892
    7.5000  -45.0000  -15.000011016.7432   16.4080
   -7.5000  -37.5000  -15.000011545.3955   16.3526
    0.0000  -37.5000  -15.000012104.1650   16.3520
    7.5000  -37.5000  -15.000011571.2842   16.3757
   -7.5000  -30.0000  -15.000012487.0889   16.3407
    0.0000  -30.0000  -15.000013090.4854   16.3422
    7.5000  -30.0000  -15.000012487.5684   16.3710
   -7.5000  -22.5000  -15.000013309.0791   16.3407
    0.0000  -22.5000  -15.000013939.3428   16.3500
    7.5000  -22.5000  -15.000013294.4062   16.3787
   -7.5000  -15.0000  -15.000014041.5273   16.3486
    0.0000  -15.0000  -15.000014681.9883   16.3635
    7.5000  -15.0000  -15.000014005.6406   16.3862
   -7.5000   -7.5000  -15.000014670.3291   16.3577
    0.0000   -7.5000  -15.000015345.7598   16.3700
    7.5000   -7.5000  -15.000014658.8232   16.3878
   -7.5000    0.0000  -15.000015165.4014   16.3588
    0.0000    0.0000  -15.000015838.9434   16.3635
    7.5000    0.0000  -15.000015153.3438   16.3821
   -7.5000    7.5000  -15.000014477.3174   16.3497
    0.0000    7.5000  -15.000015120.1074   16.3491
    7.5000    7.5000  -15.000014463.9619   16.3728
   -7.5000   15.0000  -15.000013697.2695   16.3407
    0.0000   15.0000  -15.000014265.4395   16.3422
    7.5000   15.0000  -15.000013667.9072   16.3710
   -7.5000   22.5000  -15.000012745.0947   16.3349
    0.0000   22.5000  -15.000013288.1924   16.3442
    7.5000   22.5000  -15.000012745.4814   16.3729
   -7.5000   30.0000  -15.000011719.8242   16.1373
    0.0000   30.0000  -15.000012203.4102   16.1520
    7.5000   30.0000  -15.000011698.7656   16.1744
   -7.5000   37.5000  -15.000011059.3691   16.1652
    0.0000   37.5000  -15.000011546.5547   16.1773
    7.5000   37.5000  -15.000011016.8496   16.1950
   -7.5000   45.0000  -15.0000 9914.3975   15.8417
    0.0000   45.0000  -15.000010345.5410   15.8460
    7.5000   45.0000  -15.0000 9846.7832   15.8639
   -7.5000  -45.0000   -7.500011769.2314   16.5889
    0.0000  -45.0000   -7.500012366.0508   16.5932
    7.5000  -45.0000   -7.500011796.0820   16.6039
   -7.5000  -37.5000   -7.500012365.5986   16.5535
    0.0000  -37.5000   -7.500012980.7217   16.5556
    7.5000  -37.5000   -7.500012374.0869   16.5737
   -7.5000  -30.0000   -7.500013367.2314   16.5381
    0.0000  -30.0000   -7.500014055.1387   16.5438
    7.5000  -30.0000   -7.500013354.0186   16.5693
   -7.5000  -22.5000   -7.500014260.5273   16.5383
    0.0000  -22.5000   -7.500014991.6074   16.5505
    7.5000  -22.5000   -7.500014228.5859   16.5752
   -7.5000  -15.0000   -7.500015033.0762   16.5492
    0.0000  -15.0000   -7.500015760.3633   16.5643
    7.5000  -15.0000   -7.500014961.7871   16.5812
   -7.5000   -7.5000   -7.500015726.7471   16.5614
    0.0000   -7.5000   -7.500016452.4746   16.5723
    7.5000   -7.5000   -7.500015649.5947   16.5821
   -7.5000    0.0000   -7.500016211.4375   16.5630
    0.0000    0.0000   -7.500016959.8984   16.5671
    7.5000    0.0000   -7.500016134.0693   16.5777
   -7.5000    7.5000   -7.500015453.4297   16.5506
    0.0000    7.5000   -7.500016132.5762   16.5526
    7.5000    7.5000   -7.500015371.2793   16.5707
   -7.5000   15.0000   -7.500014587.6455   16.5381
    0.0000   15.0000   -7.500015167.0742   16.5438
    7.5000   15.0000   -7.500014519.0410   16.5693
   -7.5000   22.5000   -7.500013596.5068   16.5306
    0.0000   22.5000   -7.500014145.6318   16.5428
    7.5000   22.5000   -7.500013551.4834   16.5676
   -7.5000   30.0000   -7.500012517.1963   16.3350
    0.0000   30.0000   -7.500013003.2285   16.3499
    7.5000   30.0000   -7.500012451.4658   16.3665
   -7.5000   37.5000   -7.500011798.1855   16.3665
    0.0000   37.5000   -7.500012298.5898   16.3772
    7.5000   37.5000   -7.500011735.1318   16.3869
   -7.5000   45.0000   -7.500010554.6670   16.0424
    0.0000   45.0000   -7.500011019.0244   16.0464
    7.5000   45.0000   -7.500010504.6875   16.0566
   -7.5000  -45.0000    0.000012481.4707   16.6465
    0.0000  -45.0000    0.000013106.6133   16.6534
    7.5000  -45.0000    0.000012499.0986   16.6652
   -7.5000  -37.5000    0.000013086.0420   16.6103
    0.0000  -37.5000    0.000013773.1279   16.6167
    7.5000  -37.5000    0.000013107.0029   16.6371
   -7.5000  -30.0000    0.000014167.8271   16.5931
    0.0000  -30.0000    0.000014958.3428   16.6020
    7.5000  -30.0000    0.000014164.9600   16.6309
   -7.5000  -22.5000    0.000015141.1885   16.5929
    0.0000  -22.5000    0.000015987.0244   16.6053
    7.5000  -22.5000    0.000015106.9268   16.6332
   -7.5000  -15.0000    0.000015981.2949   16.6048
    0.0000  -15.0000    0.000016784.4355   16.6186
    7.5000  -15.0000    0.000015854.2852   16.6375
   -7.5000   -7.5000    0.000016707.2344   16.6182
    0.0000   -7.5000    0.000017468.5137   16.6289
    7.5000   -7.5000    0.000016519.2324   16.6402
   -7.5000    0.0000    0.000017233.1465   16.6206
    0.0000    0.0000    0.000018011.8008   16.6272
    7.5000    0.0000    0.000017060.8281   16.6389
   -7.5000    7.5000    0.000016393.5078   16.6073
    0.0000    7.5000    0.000017124.1035   16.6136
    7.5000    7.5000    0.000016234.7549   16.6340
   -7.5000   15.0000    0.000015445.5459   16.5931
    0.0000   15.0000    0.000016116.8994   16.6020
    7.5000   15.0000    0.000015308.4043   16.6309
   -7.5000   22.5000    0.000014417.3408   16.5852
    0.0000   22.5000    0.000015057.9727   16.5977
    7.5000   22.5000    0.000014303.9893   16.6255
   -7.5000   30.0000    0.000013268.6387   16.3903
    0.0000   30.0000    0.000013846.8252   16.4039
    7.5000   30.0000    0.000013159.4658   16.4226
   -7.5000   37.5000    0.000012509.6602   16.4233
    0.0000   37.5000    0.000013073.6074   16.4338
    7.5000   37.5000    0.000012399.4219   16.4449
   -7.5000   45.0000    0.000011187.9121   16.0997
    0.0000   45.0000    0.000011695.1055   16.1065
    7.5000   45.0000    0.000011084.7852   16.1180
   -7.5000  -45.0000    7.500012174.8096   16.6561
    0.0000  -45.0000    7.500012828.7139   16.6662
    7.5000  -45.0000    7.500012183.2188   16.6890
   -7.5000  -37.5000    7.500012762.0254   16.6230
    0.0000  -37.5000    7.500013481.5322   16.6314
    7.5000  -37.5000    7.500012766.0449   16.6617
   -7.5000  -30.0000    7.500013886.0283   16.6087
    0.0000  -30.0000    7.500014731.1328   16.6173
    7.5000  -30.0000    7.500013866.9951   16.6546
   -7.5000  -22.5000    7.500014971.4092   16.6088
    0.0000  -22.5000    7.500015931.7402   16.6191
    7.5000  -22.5000    7.500014894.8994   16.6549
   -7.5000  -15.0000    7.500015889.8301   16.6186
    0.0000  -15.0000    7.500016829.0898   16.6306
    7.5000  -15.0000    7.500015683.8750   16.6583
   -7.5000   -7.5000    7.500016591.3926   16.6289
    0.0000   -7.5000    7.500017450.5527   16.6407
    7.5000   -7.5000    7.500016296.7656   16.6622
   -7.5000    0.0000    7.500017074.0469   16.6303
    0.0000    0.0000    7.500017922.1523   16.6401
    7.5000    0.0000    7.500016778.6621   16.6628
   -7.5000    7.5000    7.500016208.5713   16.6200
    0.0000    7.5000    7.500017010.4766   16.6283
    7.5000    7.5000    7.500015954.0830   16.6585
   -7.5000   15.0000    7.500015215.5732   16.6087
    0.0000   15.0000    7.500015981.7900   16.6173
    7.5000   15.0000    7.500015005.2021   16.6546
   -7.5000   22.5000    7.500014199.7188   16.6012
    0.0000   22.5000    7.500014929.8379   16.6115
    7.5000   22.5000    7.500014027.2559   16.6473
   -7.5000   30.0000    7.500013048.8838   16.4039
    0.0000   30.0000    7.500013710.9365   16.4158
    7.5000   30.0000    7.500012906.3057   16.4430
   -7.5000   37.5000    7.500012306.9971   16.4338
    0.0000   37.5000    7.500012915.6689   16.4454
    7.5000   37.5000    7.500012177.2520   16.4666
   -7.5000   45.0000    7.500010985.7246   16.1096
    0.0000   45.0000    7.500011523.3057   16.1198
    7.5000   45.0000    7.500010866.7754   16.1418
   -7.5000  -45.0000   15.000011784.8496   16.6455
    0.0000  -45.0000   15.000012397.6074   16.6562
    7.5000  -45.0000   15.000011748.2461   16.6876
   -7.5000  -37.5000   15.000012342.9600   16.6149
    0.0000  -37.5000   15.000013057.0693   16.6214
    7.5000  -37.5000   15.000012305.4814   16.6586
   -7.5000  -30.0000   15.000013494.1680   16.6042
    0.0000  -30.0000   15.000014415.1318   16.6092
    7.5000  -30.0000   15.000013465.8184   16.6517
   -7.5000  -22.5000   15.000014618.5908   16.6047
    0.0000  -22.5000   15.000015796.6504   16.6124
    7.5000  -22.5000   15.000014549.8760   16.6533
   -7.5000  -15.0000   15.000015508.8623   16.6122
    0.0000  -15.0000   15.000016771.2539   16.6238
    7.5000  -15.0000   15.000015376.1445   16.6576
   -7.5000   -7.5000   15.000016098.1621   16.6195
    0.0000   -7.5000   15.000017276.5254   16.6324
    7.5000   -7.5000   15.000015940.1338   16.6620
   -7.5000    0.0000   15.000016542.7383   16.6197
    0.0000    0.0000   15.000017651.8594   16.6301
    7.5000    0.0000   15.000016354.6348   16.6614
   -7.5000    7.5000   15.000015688.7422   16.6119
    0.0000    7.5000   15.000016666.1953   16.6183
    7.5000    7.5000   15.000015475.8594   16.6554
   -7.5000   15.0000   15.000014732.4121   16.6042
    0.0000   15.0000   15.000015596.3711   16.6092
    7.5000   15.0000   15.000014496.5879   16.6517
   -7.5000   22.5000   15.000013766.6836   16.5971
    0.0000   22.5000   15.000014511.4355   16.6048
    7.5000   22.5000   15.000013538.8340   16.6456
   -7.5000   30.0000   15.000012670.7832   16.3975
    0.0000   30.0000   15.000013304.2637   16.4090
    7.5000   30.0000   15.000012458.5928   16.4423
   -7.5000   37.5000   15.000011912.3486   16.4240
    0.0000   37.5000   15.000012491.9102   16.4369
    7.5000   37.5000   15.000011735.8965   16.4661
   -7.5000   45.0000   15.000010620.5986   16.0995
    0.0000   45.0000   15.000011149.1533   16.1101
    7.5000   45.0000   15.000010493.4834   16.1402
   -7.5000  -45.0000   22.500011250.3545   16.6469
    0.0000  -45.0000   22.500011908.5918   16.6551
    7.5000  -45.0000   22.500011231.7656   16.6838
   -7.5000  -37.5000   22.500011794.9834   16.6159
    0.0000  -37.5000   22.500012561.7783   16.6176
    7.5000  -37.5000   22.500011772.9814   16.6509
   -7.5000  -30.0000   22.500012860.9531   16.6052
    0.0000  -30.0000   22.500013851.2031   16.6064
    7.5000  -30.0000   22.500012815.4717   16.6442
   -7.5000  -22.5000   22.500013877.5156   16.6053
    0.0000  -22.5000   22.500015039.9717   16.6127
    7.5000  -22.5000   22.500013798.4873   16.6499
   -7.5000  -15.0000   22.500014661.6953   16.6127
    0.0000  -15.0000   22.500015800.5176   16.6262
    7.5000  -15.0000   22.500014562.5312   16.6575
   -7.5000   -7.5000   22.500015239.3740   16.6205
    0.0000   -7.5000   22.500016320.1162   16.6341
    7.5000   -7.5000   22.500015136.3447   16.6615
   -7.5000    0.0000   22.500015731.8643   16.6210
    0.0000    0.0000   22.500016753.3594   16.6290
    7.5000    0.0000   22.500015584.6191   16.6575
   -7.5000    7.5000   22.500014968.0400   16.6130
    0.0000    7.5000   22.500015892.3701   16.6146
    7.5000    7.5000   22.500014793.7656   16.6478
   -7.5000   15.0000   22.500014062.1738   16.6052
    0.0000   15.0000   22.500014869.1416   16.6064
    7.5000   15.0000   22.500013847.7168   16.6442
   -7.5000   22.5000   22.500013131.6494   16.5977
    0.0000   22.5000   22.500013813.0420   16.6051
    7.5000   22.5000   22.500012896.7539   16.6422
   -7.5000   30.0000   22.500012071.1992   16.3980
    0.0000   30.0000   22.500012672.5342   16.4113
    7.5000   30.0000   22.500011859.2578   16.4422
   -7.5000   37.5000   22.500011344.1924   16.4248
    0.0000   37.5000   22.500011896.0986   16.4384
    7.5000   37.5000   22.500011195.8867   16.4655
   -7.5000   45.0000   22.500010119.8057   16.1004
    0.0000   45.0000   22.500010613.8516   16.1082
    7.5000   45.0000   22.500010025.3428   16.1356
   -7.5000  -45.0000   30.000010632.7080   16.6772
    0.0000  -45.0000   30.000011160.1787   16.6818
    7.5000  -45.0000   30.000010585.4629   16.7003
   -7.5000  -37.5000   30.000011170.0967   16.6436
    0.0000  -37.5000   30.000011737.7549   16.6429
    7.5000  -37.5000   30.000011083.9268   16.6664
   -7.5000  -30.0000   30.000012128.1162   16.6313
    0.0000  -30.0000   30.000012804.9736   16.6327
    7.5000  -30.0000   30.000012026.2080   16.6615
   -7.5000  -22.5000   30.000013019.7988   16.6322
    0.0000  -22.5000   30.000013787.8711   16.6417
    7.5000  -22.5000   30.000012910.2676   16.6703
   -7.5000  -15.0000   30.000013724.1514   16.6413
    0.0000  -15.0000   30.000014470.0801   16.6564
    7.5000  -15.0000   30.000013637.8037   16.6789
   -7.5000   -7.5000   30.000014348.4395   16.6506
    0.0000   -7.5000   30.000015070.7256   16.6630
    7.5000   -7.5000   30.000014240.1982   16.6805
   -7.5000    0.0000   30.000014846.1426   16.6509
    0.0000    0.0000   30.000015558.7266   16.6555
    7.5000    0.0000   30.000014675.9111   16.6738
   -7.5000    7.5000   30.000014132.3027   16.6407
    0.0000    7.5000   30.000014821.4600   16.6399
    7.5000    7.5000   30.000013947.5527   16.6634
   -7.5000   15.0000   30.000013246.6562   16.6313
    0.0000   15.0000   30.000013902.4160   16.6327
    7.5000   15.0000   30.000013070.1748   16.6615
   -7.5000   22.5000   30.000012329.2920   16.6246
    0.0000   22.5000   30.000012940.7207   16.6340
    7.5000   22.5000   30.000012136.4619   16.6626
   -7.5000   30.0000   30.000011323.2266   16.4263
    0.0000   30.0000   30.000011878.3486   16.4412
    7.5000   30.0000   30.000011160.8652   16.4634
   -7.5000   37.5000   30.000010612.8203   16.4548
    0.0000   37.5000   30.000011167.7031   16.4670
    7.5000   37.5000   30.000010512.1592   16.4843
   -7.5000   45.0000   30.0000 9457.0068   16.1292
    0.0000   45.0000   30.0000 9931.1338   16.1334
    7.5000   45.0000   30.0000 9386.1006   16.1509
   -7.5000  -45.0000   37.500010334.0664   16.8499
    0.0000  -45.0000   37.500010762.2422   16.8543
    7.5000  -45.0000   37.500010260.2012   16.8638
   -7.5000  -37.5000   37.500010837.1914   16.8130
    0.0000  -37.5000   37.500011299.8154   16.8150
    7.5000  -37.5000   37.500010755.3633   16.8323
   -7.5000  -30.0000   37.500011738.4492   16.7975
    0.0000  -30.0000   37.500012279.4863   16.8033
    7.5000  -30.0000   37.500011675.5156   16.8282
   -7.5000  -22.5000   37.500012575.2754   16.7986
    0.0000  -22.5000   37.500013193.9346   16.8110
    7.5000  -22.5000   37.500012512.7393   16.8352
   -7.5000  -15.0000   37.500013259.3027   16.8105
    0.0000  -15.0000   37.500013885.9150   16.8259
    7.5000  -15.0000   37.500013197.2422   16.8419
   -7.5000   -7.5000   37.500013865.6621   16.8225
    0.0000   -7.5000   37.500014498.2520   16.8336
    7.5000   -7.5000   37.500013780.6709   16.8423
   -7.5000    0.0000   37.500014368.6807   16.8232
    0.0000    0.0000   37.500015031.1953   16.8274
    7.5000    0.0000   37.500014250.7949   16.8368
   -7.5000    7.5000   37.500013718.4668   16.8100
    0.0000    7.5000   37.500014356.7236   16.8120
    7.5000    7.5000   37.500013571.5654   16.8292
   -7.5000   15.0000   37.500012857.8770   16.7975
    0.0000   15.0000   37.500013466.5049   16.8033
    7.5000   15.0000   37.500012704.2246   16.8282
   -7.5000   22.5000   37.500011970.8506   16.7909
    0.0000   22.5000   37.500012543.1611   16.8032
    7.5000   22.5000   37.500011805.0781   16.8275
   -7.5000   30.0000   37.500010997.3730   16.5933
    0.0000   30.0000   37.500011505.3037   16.6085
    7.5000   30.0000   37.500010855.4971   16.6243
   -7.5000   37.5000   37.500010290.3252   16.6253
    0.0000   37.5000   37.500010775.2988   16.6362
    7.5000   37.5000   37.500010176.4492   16.6447
   -7.5000   45.0000   37.5000 9149.8809   16.2968
    0.0000   45.0000   37.5000 9592.6191   16.3008
    7.5000   45.0000   37.5000 9072.5479   16.3099
   -7.5000  -45.0000   45.0000 9478.8203   17.0579
    0.0000  -45.0000   45.0000 9895.8721   17.0649
    7.5000  -45.0000   45.0000 9443.2695   17.0755
   -7.5000  -37.5000   45.0000 9957.4297   17.0193
    0.0000  -37.5000   45.000010401.2031   17.0260
    7.5000  -37.5000   45.0000 9928.1709   17.0458
   -7.5000  -30.0000   45.000010795.8691   17.0014
    0.0000  -30.0000   45.000011294.6074   17.0110
    7.5000  -30.0000   45.000010779.0029   17.0395
   -7.5000  -22.5000   45.000011585.7246   17.0021
    0.0000  -22.5000   45.000012112.2295   17.0151
    7.5000  -22.5000   45.000011544.4277   17.0423
   -7.5000  -15.0000   45.000012217.4502   17.0152
    0.0000  -15.0000   45.000012769.9189   17.0292
    7.5000  -15.0000   45.000012151.2285   17.0470
   -7.5000   -7.5000   45.000012769.8945   17.0289
    0.0000   -7.5000   45.000013331.0820   17.0396
    7.5000   -7.5000   45.000012684.0791   17.0495
   -7.5000    0.0000   45.000013233.0957   17.0305
    0.0000    0.0000   45.000013834.2148   17.0373
    7.5000    0.0000   45.000013138.2070   17.0478
   -7.5000    7.5000   45.000012656.8818   17.0161
    0.0000    7.5000   45.000013245.0039   17.0228
    7.5000    7.5000   45.000012557.3496   17.0425
   -7.5000   15.0000   45.000011894.9482   17.0014
    0.0000   15.0000   45.000012428.3926   17.0110
    7.5000   15.0000   45.000011762.9736   17.0395
   -7.5000   22.5000   45.000011062.3682   16.9942
    0.0000   22.5000   45.000011547.3672   17.0072
    7.5000   22.5000   45.000010923.1826   17.0344
   -7.5000   30.0000   45.000010164.7988   16.7939
    0.0000   30.0000   45.000010607.1826   16.8078
    7.5000   30.0000   45.000010043.6982   16.8253
   -7.5000   37.5000   45.0000 9528.5908   16.8283
    0.0000   37.5000   45.0000 9948.5977   16.8389
    7.5000   37.5000   45.0000 9425.9404   16.8486
   -7.5000   45.0000   45.0000 8466.2178   16.5066
    0.0000   45.0000   45.0000 8833.3604   16.5136
    7.5000   45.0000   45.0000 8376.7119   16.5239

---------------------------------------------------------------------
imgreg_4dfp /opt/freesurfer/average/711-2C_as_mni_average_305 /opt/freesurfer/average/711-2B_as_mni_average_305_mask talsrcimg_g11 none talsrcimg_to_711-2C_as_mni_average_305_t4 4355
---------------------------------------------------------------------

freesurfer imgreg_4dfp.c
/opt/freesurfer/average/711-2C_as_mni_average_305.4dfp.img
       256       256       256         1
  1.000000  1.000000  1.000000
orientation T byte_order littleendian
Reading image: /opt/freesurfer/average/711-2C_as_mni_average_305.4dfp.img
dimensions:      256       256       256
mmppix:       1.0000   -1.0000   -1.0000
center:     128.0000 -129.0000 -129.0000
/opt/freesurfer/average/711-2B_as_mni_average_305_mask.4dfp.img
       256       256       256         1
  1.000000  1.000000  1.000000
orientation T byte_order littleendian
Reading mask: /opt/freesurfer/average/711-2B_as_mni_average_305_mask.4dfp.img (2306576 pixels)
talsrcimg_g11.4dfp.img
       256       256       256         1
  1.000000  1.000000  1.000000
orientation T byte_order littleendian
Reading image: talsrcimg_g11.4dfp.img
dimensions:      256       256       256
mmppix:       1.0000   -1.0000   -1.0000
center:     128.0000 -129.0000 -129.0000
rotation matrix determinant  1.000000
image alignment mode   4355 decimal     1103 hex
   -7.5000  -45.0000  -45.0000 2152.7954   17.2328
    0.0000  -45.0000  -45.0000 2168.1899   17.1645
    7.5000  -45.0000  -45.0000 2163.3071   17.2446
   -7.5000  -37.5000  -45.0000 2214.6973   16.1151
    0.0000  -37.5000  -45.0000 2232.8687   16.0708
    7.5000  -37.5000  -45.0000 2224.5752   16.1290
   -7.5000  -30.0000  -45.0000 2256.3813   15.3849
    0.0000  -30.0000  -45.0000 2276.9255   15.3248
    7.5000  -30.0000  -45.0000 2266.4607   15.3836
   -7.5000  -22.5000  -45.0000 2282.2063   14.9788
    0.0000  -22.5000  -45.0000 2305.5508   14.8967
    7.5000  -22.5000  -45.0000 2288.6418   14.9115
   -7.5000  -15.0000  -45.0000 2289.2947   14.8479
    0.0000  -15.0000  -45.0000 2310.9646   14.7488
    7.5000  -15.0000  -45.0000 2298.0505   14.8062
   -7.5000   -7.5000  -45.0000 2275.4062   15.0096
    0.0000   -7.5000  -45.0000 2302.3101   14.9181
    7.5000   -7.5000  -45.0000 2287.3481   14.9359
   -7.5000    0.0000  -45.0000 2236.5630   15.4620
    0.0000    0.0000  -45.0000 2261.3521   15.3576
    7.5000    0.0000  -45.0000 2247.7507   15.3606
   -7.5000    7.5000  -45.0000 2184.3921   16.1765
    0.0000    7.5000  -45.0000 2208.3003   16.0730
    7.5000    7.5000  -45.0000 2192.8503   16.1056
   -7.5000   15.0000  -45.0000 2115.4707   17.2881
    0.0000   15.0000  -45.0000 2131.9661   17.1606
    7.5000   15.0000  -45.0000 2118.4360   17.2587
   -7.5000   22.5000  -45.0000 2028.4878   18.8815
    0.0000   22.5000  -45.0000 2047.3395   18.7465
    7.5000   22.5000  -45.0000 2035.5890   18.8262
   -7.5000   30.0000  -45.0000 1927.4286   21.1175
    0.0000   30.0000  -45.0000 1945.2393   20.9224
    7.5000   30.0000  -45.0000 1929.3969   21.0423
   -7.5000   37.5000  -45.0000 1818.0070   24.2316
    0.0000   37.5000  -45.0000 1831.9617   23.9527
    7.5000   37.5000  -45.0000 1824.2479   24.0564
   -7.5000   45.0000  -45.0000 1706.8329   28.3758
    0.0000   45.0000  -45.0000 1722.2836   27.8912
    7.5000   45.0000  -45.0000 1709.9224   28.0909
   -7.5000  -45.0000  -37.5000 2243.3611   16.0230
    0.0000  -45.0000  -37.5000 2261.7742   15.9334
    7.5000  -45.0000  -37.5000 2249.6885   16.0017
   -7.5000  -37.5000  -37.5000 2305.5317   14.9461
    0.0000  -37.5000  -37.5000 2329.9272   14.8696
    7.5000  -37.5000  -37.5000 2318.9980   14.9496
   -7.5000  -30.0000  -37.5000 2349.9961   14.2434
    0.0000  -30.0000  -37.5000 2372.9077   14.1368
    7.5000  -30.0000  -37.5000 2357.8818   14.2402
   -7.5000  -22.5000  -37.5000 2381.2561   13.8252
    0.0000  -22.5000  -37.5000 2407.6431   13.7246
    7.5000  -22.5000  -37.5000 2386.4263   13.8144
   -7.5000  -15.0000  -37.5000 2392.8276   13.6827
    0.0000  -15.0000  -37.5000 2418.1169   13.5845
    7.5000  -15.0000  -37.5000 2399.6765   13.6480
   -7.5000   -7.5000  -37.5000 2377.9915   13.8142
    0.0000   -7.5000  -37.5000 2408.2283   13.7063
    7.5000   -7.5000  -37.5000 2392.3972   13.7706
   -7.5000    0.0000  -37.5000 2333.9905   14.2286
    0.0000    0.0000  -37.5000 2363.7183   14.1117
    7.5000    0.0000  -37.5000 2349.4639   14.1540
   -7.5000    7.5000  -37.5000 2280.1790   14.8806
    0.0000    7.5000  -37.5000 2310.1218   14.7644
    7.5000    7.5000  -37.5000 2291.0977   14.8144
   -7.5000   15.0000  -37.5000 2211.0220   15.8453
    0.0000   15.0000  -37.5000 2232.9084   15.7516
    7.5000   15.0000  -37.5000 2215.5229   15.8060
   -7.5000   22.5000  -37.5000 2121.6729   17.2673
    0.0000   22.5000  -37.5000 2139.8909   17.1731
    7.5000   22.5000  -37.5000 2125.3340   17.2317
   -7.5000   30.0000  -37.5000 2023.6838   19.2543
    0.0000   30.0000  -37.5000 2039.5529   19.1370
    7.5000   30.0000  -37.5000 2016.9963   19.1775
   -7.5000   37.5000  -37.5000 1906.7467   21.9950
    0.0000   37.5000  -37.5000 1918.9960   21.8469
    7.5000   37.5000  -37.5000 1902.7780   21.8658
   -7.5000   45.0000  -37.5000 1781.9178   25.5862
    0.0000   45.0000  -37.5000 1794.4502   25.3635
    7.5000   45.0000  -37.5000 1778.7516   25.4458
   -7.5000  -45.0000  -30.0000 2366.5845   15.4148
    0.0000  -45.0000  -30.0000 2389.1021   15.3142
    7.5000  -45.0000  -30.0000 2380.3113   15.4601
   -7.5000  -37.5000  -30.0000 2433.4158   14.3862
    0.0000  -37.5000  -30.0000 2459.0483   14.2955
    7.5000  -37.5000  -30.0000 2448.9888   14.3990
   -7.5000  -30.0000  -30.0000 2484.4453   13.6884
    0.0000  -30.0000  -30.0000 2507.0818   13.5710
    7.5000  -30.0000  -30.0000 2491.8682   13.6882
   -7.5000  -22.5000  -30.0000 2520.3005   13.2798
    0.0000  -22.5000  -30.0000 2549.5608   13.1283
    7.5000  -22.5000  -30.0000 2526.2683   13.2820
   -7.5000  -15.0000  -30.0000 2534.2034   13.0974
    0.0000  -15.0000  -30.0000 2560.1643   12.9604
    7.5000  -15.0000  -30.0000 2540.9021   13.1119
   -7.5000   -7.5000  -30.0000 2519.6584   13.2032
    0.0000   -7.5000  -30.0000 2550.6038   13.0764
    7.5000   -7.5000  -30.0000 2534.8323   13.1936
   -7.5000    0.0000  -30.0000 2480.2219   13.5623
    0.0000    0.0000  -30.0000 2510.2585   13.4433
    7.5000    0.0000  -30.0000 2496.0884   13.5485
   -7.5000    7.5000  -30.0000 2421.4441   14.1534
    0.0000    7.5000  -30.0000 2450.1289   14.0392
    7.5000    7.5000  -30.0000 2433.6650   14.1494
   -7.5000   15.0000  -30.0000 2343.1536   15.0184
    0.0000   15.0000  -30.0000 2367.4263   14.9138
    7.5000   15.0000  -30.0000 2348.5908   15.0476
   -7.5000   22.5000  -30.0000 2249.4905   16.3382
    0.0000   22.5000  -30.0000 2268.8665   16.2588
    7.5000   22.5000  -30.0000 2254.0474   16.3631
   -7.5000   30.0000  -30.0000 2141.2649   18.1696
    0.0000   30.0000  -30.0000 2162.8450   18.0787
    7.5000   30.0000  -30.0000 2142.8794   18.1644
   -7.5000   37.5000  -30.0000 2016.3984   20.6891
    0.0000   37.5000  -30.0000 2040.7974   20.5872
    7.5000   37.5000  -30.0000 2017.2793   20.6546
   -7.5000   45.0000  -30.0000 1886.6593   24.0943
    0.0000   45.0000  -30.0000 1902.2744   23.9461
    7.5000   45.0000  -30.0000 1882.6848   24.0494
   -7.5000  -45.0000  -22.5000 2461.7485   14.7611
    0.0000  -45.0000  -22.5000 2484.4976   14.6225
    7.5000  -45.0000  -22.5000 2475.1362   14.7118
   -7.5000  -37.5000  -22.5000 2536.4011   13.7355
    0.0000  -37.5000  -22.5000 2559.1975   13.5999
    7.5000  -37.5000  -22.5000 2550.6218   13.7082
   -7.5000  -30.0000  -22.5000 2592.8347   13.0651
    0.0000  -30.0000  -22.5000 2617.9644   12.9226
    7.5000  -30.0000  -22.5000 2605.5576   13.0451
   -7.5000  -22.5000  -22.5000 2633.8296   12.6525
    0.0000  -22.5000  -22.5000 2657.2927   12.4781
    7.5000  -22.5000  -22.5000 2639.9028   12.6433
   -7.5000  -15.0000  -22.5000 2645.4229   12.4500
    0.0000  -15.0000  -22.5000 2667.3003   12.2984
    7.5000  -15.0000  -22.5000 2655.9329   12.4807
   -7.5000   -7.5000  -22.5000 2637.0015   12.5384
    0.0000   -7.5000  -22.5000 2663.0923   12.4106
    7.5000   -7.5000  -22.5000 2650.5261   12.5392
   -7.5000    0.0000  -22.5000 2602.8723   12.8414
    0.0000    0.0000  -22.5000 2627.6914   12.7139
    7.5000    0.0000  -22.5000 2617.0513   12.8601
   -7.5000    7.5000  -22.5000 2540.7231   13.3690
    0.0000    7.5000  -22.5000 2565.1135   13.2385
    7.5000    7.5000  -22.5000 2549.7747   13.3948
   -7.5000   15.0000  -22.5000 2454.7908   14.1763
    0.0000   15.0000  -22.5000 2479.4072   14.0572
    7.5000   15.0000  -22.5000 2458.8210   14.2052
   -7.5000   22.5000  -22.5000 2351.5295   15.3716
    0.0000   22.5000  -22.5000 2374.3594   15.2434
    7.5000   22.5000  -22.5000 2361.0046   15.4058
   -7.5000   30.0000  -22.5000 2237.3872   17.0516
    0.0000   30.0000  -22.5000 2261.1262   16.9298
    7.5000   30.0000  -22.5000 2243.5730   17.0374
   -7.5000   37.5000  -22.5000 2105.3374   19.3482
    0.0000   37.5000  -22.5000 2129.1060   19.2800
    7.5000   37.5000  -22.5000 2110.4580   19.3166
   -7.5000   45.0000  -22.5000 1964.3241   22.5656
    0.0000   45.0000  -22.5000 1982.8792   22.4263
    7.5000   45.0000  -22.5000 1963.6525   22.4946
   -7.5000  -45.0000  -15.0000 2515.4250   14.1521
    0.0000  -45.0000  -15.0000 2535.1143   14.0091
    7.5000  -45.0000  -15.0000 2532.2258   14.0890
   -7.5000  -37.5000  -15.0000 2606.9482   13.1114
    0.0000  -37.5000  -15.0000 2630.0964   12.9672
    7.5000  -37.5000  -15.0000 2625.4995   13.0444
   -7.5000  -30.0000  -15.0000 2673.4929   12.4393
    0.0000  -30.0000  -15.0000 2695.3040   12.2846
    7.5000  -30.0000  -15.0000 2684.5405   12.3796
   -7.5000  -22.5000  -15.0000 2715.4390   12.0152
    0.0000  -22.5000  -15.0000 2737.5337   11.8565
    7.5000  -22.5000  -15.0000 2727.6804   11.9839
   -7.5000  -15.0000  -15.0000 2733.9541   11.8367
    0.0000  -15.0000  -15.0000 2756.1921   11.6711
    7.5000  -15.0000  -15.0000 2743.1487   11.8100
   -7.5000   -7.5000  -15.0000 2728.3494   11.9093
    0.0000   -7.5000  -15.0000 2757.8657   11.7506
    7.5000   -7.5000  -15.0000 2742.3530   11.8755
   -7.5000    0.0000  -15.0000 2694.1008   12.1907
    0.0000    0.0000  -15.0000 2721.9023   12.0263
    7.5000    0.0000  -15.0000 2706.6990   12.1622
   -7.5000    7.5000  -15.0000 2629.8459   12.6663
    0.0000    7.5000  -15.0000 2658.1121   12.4995
    7.5000    7.5000  -15.0000 2639.2383   12.6514
   -7.5000   15.0000  -15.0000 2540.2515   13.4191
    0.0000   15.0000  -15.0000 2564.4175   13.2697
    7.5000   15.0000  -15.0000 2549.8816   13.4129
   -7.5000   22.5000  -15.0000 2432.5640   14.5580
    0.0000   22.5000  -15.0000 2456.7070   14.4013
    7.5000   22.5000  -15.0000 2442.0774   14.5236
   -7.5000   30.0000  -15.0000 2312.2334   16.1101
    0.0000   30.0000  -15.0000 2329.0964   15.9748
    7.5000   30.0000  -15.0000 2315.7078   16.0800
   -7.5000   37.5000  -15.0000 2173.3774   18.2894
    0.0000   37.5000  -15.0000 2192.6802   18.1568
    7.5000   37.5000  -15.0000 2174.1887   18.2094
   -7.5000   45.0000  -15.0000 2026.8312   21.2548
    0.0000   45.0000  -15.0000 2039.0295   21.0956
    7.5000   45.0000  -15.0000 2020.1705   21.1041
   -7.5000  -45.0000   -7.5000 2540.8330   13.6380
    0.0000  -45.0000   -7.5000 2566.1909   13.4850
    7.5000  -45.0000   -7.5000 2564.8206   13.5462
   -7.5000  -37.5000   -7.5000 2645.9912   12.5865
    0.0000  -37.5000   -7.5000 2672.0852   12.4366
    7.5000  -37.5000   -7.5000 2668.8738   12.4860
   -7.5000  -30.0000   -7.5000 2722.8984   11.8914
    0.0000  -30.0000   -7.5000 2750.0891   11.7270
    7.5000  -30.0000   -7.5000 2739.9927   11.8084
   -7.5000  -22.5000   -7.5000 2778.4016   11.4685
    0.0000  -22.5000   -7.5000 2806.4968   11.3097
    7.5000  -22.5000   -7.5000 2792.2878   11.3895
   -7.5000  -15.0000   -7.5000 2807.4971   11.2769
    0.0000  -15.0000   -7.5000 2840.0925   11.0859
    7.5000  -15.0000   -7.5000 2817.4500   11.1941
   -7.5000   -7.5000   -7.5000 2809.0334   11.3442
    0.0000   -7.5000   -7.5000 2841.5591   11.1713
    7.5000   -7.5000   -7.5000 2818.2888   11.2691
   -7.5000    0.0000   -7.5000 2767.3523   11.6208
    0.0000    0.0000   -7.5000 2799.4668   11.4400
    7.5000    0.0000   -7.5000 2776.4299   11.5456
   -7.5000    7.5000   -7.5000 2704.9636   12.0675
    0.0000    7.5000   -7.5000 2733.1763   11.8896
    7.5000    7.5000   -7.5000 2712.9036   12.0159
   -7.5000   15.0000   -7.5000 2611.7268   12.7812
    0.0000   15.0000   -7.5000 2633.1367   12.5942
    7.5000   15.0000   -7.5000 2619.3420   12.7414
   -7.5000   22.5000   -7.5000 2500.2192   13.8616
    0.0000   22.5000   -7.5000 2522.8076   13.6703
    7.5000   22.5000   -7.5000 2507.6907   13.8006
   -7.5000   30.0000   -7.5000 2371.5559   15.3874
    0.0000   30.0000   -7.5000 2389.1174   15.2022
    7.5000   30.0000   -7.5000 2376.8542   15.3111
   -7.5000   37.5000   -7.5000 2226.2380   17.4422
    0.0000   37.5000   -7.5000 2245.1125   17.2615
    7.5000   37.5000   -7.5000 2225.7476   17.3211
   -7.5000   45.0000   -7.5000 2070.1624   20.1350
    0.0000   45.0000   -7.5000 2084.9402   19.9843
    7.5000   45.0000   -7.5000 2065.2119   20.0197
   -7.5000  -45.0000    0.0000 2555.9805   13.2789
    0.0000  -45.0000    0.0000 2580.6011   13.1098
    7.5000  -45.0000    0.0000 2578.1873   13.1547
   -7.5000  -37.5000    0.0000 2664.5063   12.2200
    0.0000  -37.5000    0.0000 2692.4985   12.0566
    7.5000  -37.5000    0.0000 2688.9065   12.1193
   -7.5000  -30.0000    0.0000 2755.1721   11.5218
    0.0000  -30.0000    0.0000 2789.2358   11.3583
    7.5000  -30.0000    0.0000 2775.3657   11.4269
   -7.5000  -22.5000    0.0000 2817.2949   11.0981
    0.0000  -22.5000    0.0000 2851.7334   10.9558
    7.5000  -22.5000    0.0000 2835.9900   11.0159
   -7.5000  -15.0000    0.0000 2857.4890   10.8997
    0.0000  -15.0000    0.0000 2895.0193   10.7289
    7.5000  -15.0000    0.0000 2865.2451   10.8083
   -7.5000   -7.5000    0.0000 2865.7280   10.9531
    0.0000   -7.5000    0.0000 2898.1270   10.7321
    7.5000   -7.5000    0.0000 2867.0242   10.8597
   -7.5000    0.0000    0.0000 2827.0669   11.2154
    0.0000    0.0000    0.0000 2856.1670   11.0237
    7.5000    0.0000    0.0000 2828.9868   11.1244
   -7.5000    7.5000    0.0000 2759.1309   11.6569
    0.0000    7.5000    0.0000 2789.4756   11.4607
    7.5000    7.5000    0.0000 2763.3237   11.5854
   -7.5000   15.0000    0.0000 2660.9863   12.3465
    0.0000   15.0000    0.0000 2689.3467   12.1249
    7.5000   15.0000    0.0000 2668.2258   12.2885
   -7.5000   22.5000    0.0000 2545.0823   13.3973
    0.0000   22.5000    0.0000 2572.7417   13.1592
    7.5000   22.5000    0.0000 2552.3601   13.3380
   -7.5000   30.0000    0.0000 2410.2356   14.8864
    0.0000   30.0000    0.0000 2435.6179   14.6442
    7.5000   30.0000    0.0000 2415.5984   14.8241
   -7.5000   37.5000    0.0000 2266.2144   16.8288
    0.0000   37.5000    0.0000 2288.9890   16.6424
    7.5000   37.5000    0.0000 2265.4922   16.7347
   -7.5000   45.0000    0.0000 2098.7461   19.3641
    0.0000   45.0000    0.0000 2119.1621   19.1849
    7.5000   45.0000    0.0000 2099.3721   19.2608
   -7.5000  -45.0000    7.5000 2552.7004   13.0212
    0.0000  -45.0000    7.5000 2576.3396   12.9102
    7.5000  -45.0000    7.5000 2573.5750   12.9548
   -7.5000  -37.5000    7.5000 2670.6895   11.9922
    0.0000  -37.5000    7.5000 2695.6418   11.8913
    7.5000  -37.5000    7.5000 2690.6426   11.9106
   -7.5000  -30.0000    7.5000 2772.9194   11.3316
    0.0000  -30.0000    7.5000 2807.9802   11.2255
    7.5000  -30.0000    7.5000 2793.2688   11.2281
   -7.5000  -22.5000    7.5000 2852.1555   10.9271
    0.0000  -22.5000    7.5000 2892.0925   10.8211
    7.5000  -22.5000    7.5000 2867.4802   10.8337
   -7.5000  -15.0000    7.5000 2896.3372   10.7444
    0.0000  -15.0000    7.5000 2939.3066   10.6253
    7.5000  -15.0000    7.5000 2902.6299   10.6505
   -7.5000   -7.5000    7.5000 2902.7100   10.7650
    0.0000   -7.5000    7.5000 2937.5454   10.6075
    7.5000   -7.5000    7.5000 2894.8757   10.6676
   -7.5000    0.0000    7.5000 2862.1086   10.9863
    0.0000    0.0000    7.5000 2894.4761   10.8244
    7.5000    0.0000    7.5000 2854.5088   10.9140
   -7.5000    7.5000    7.5000 2790.1350   11.3969
    0.0000    7.5000    7.5000 2820.4561   11.2596
    7.5000    7.5000    7.5000 2786.7256   11.3592
   -7.5000   15.0000    7.5000 2686.5574   12.1081
    0.0000   15.0000    7.5000 2716.6890   11.9459
    7.5000   15.0000    7.5000 2689.5813   12.0668
   -7.5000   22.5000    7.5000 2566.5674   13.1249
    0.0000   22.5000    7.5000 2596.7402   12.9725
    7.5000   22.5000    7.5000 2572.7590   13.1061
   -7.5000   30.0000    7.5000 2428.5852   14.5668
    0.0000   30.0000    7.5000 2458.0583   14.4289
    7.5000   30.0000    7.5000 2435.3240   14.5263
   -7.5000   37.5000    7.5000 2285.1853   16.4715
    0.0000   37.5000    7.5000 2307.8271   16.3561
    7.5000   37.5000    7.5000 2289.0471   16.4173
   -7.5000   45.0000    7.5000 2118.3604   18.9380
    0.0000   45.0000    7.5000 2136.5747   18.8183
    7.5000   45.0000    7.5000 2119.7939   18.8485
   -7.5000  -45.0000   15.0000 2534.4309   12.9956
    0.0000  -45.0000   15.0000 2553.9150   12.9111
    7.5000  -45.0000   15.0000 2547.9534   12.9322
   -7.5000  -37.5000   15.0000 2661.1260   11.9567
    0.0000  -37.5000   15.0000 2684.6008   11.8887
    7.5000  -37.5000   15.0000 2674.7998   11.8766
   -7.5000  -30.0000   15.0000 2775.1433   11.2799
    0.0000  -30.0000   15.0000 2808.8728   11.2677
    7.5000  -30.0000   15.0000 2790.2373   11.2094
   -7.5000  -22.5000   15.0000 2866.5076   10.9004
    0.0000  -22.5000   15.0000 2913.1567   10.9093
    7.5000  -22.5000   15.0000 2878.8962   10.8387
   -7.5000  -15.0000   15.0000 2919.8628   10.6788
    0.0000  -15.0000   15.0000 2972.5525   10.7129
    7.5000  -15.0000   15.0000 2921.1016   10.6423
   -7.5000   -7.5000   15.0000 2911.9497   10.6694
    0.0000   -7.5000   15.0000 2955.4595   10.6537
    7.5000   -7.5000   15.0000 2910.1179   10.6294
   -7.5000    0.0000   15.0000 2863.5139   10.8629
    0.0000    0.0000   15.0000 2900.0544   10.8017
    7.5000    0.0000   15.0000 2861.0757   10.8423
   -7.5000    7.5000   15.0000 2789.0444   11.3259
    0.0000    7.5000   15.0000 2821.3435   11.2214
    7.5000    7.5000   15.0000 2789.2893   11.2928
   -7.5000   15.0000   15.0000 2684.8074   12.0434
    0.0000   15.0000   15.0000 2714.4854   11.9117
    7.5000   15.0000   15.0000 2686.8513   12.0032
   -7.5000   22.5000   15.0000 2560.3501   13.0692
    0.0000   22.5000   15.0000 2584.8167   12.9276
    7.5000   22.5000   15.0000 2566.7468   13.0383
   -7.5000   30.0000   15.0000 2427.8696   14.4909
    0.0000   30.0000   15.0000 2448.7883   14.3567
    7.5000   30.0000   15.0000 2432.9070   14.4417
   -7.5000   37.5000   15.0000 2279.0801   16.3566
    0.0000   37.5000   15.0000 2300.5867   16.2449
    7.5000   37.5000   15.0000 2281.6873   16.3122
   -7.5000   45.0000   15.0000 2118.0374   18.8118
    0.0000   45.0000   15.0000 2133.7339   18.7045
    7.5000   45.0000   15.0000 2117.3416   18.7254
   -7.5000  -45.0000   22.5000 2498.7046   13.2124
    0.0000  -45.0000   22.5000 2515.3708   13.1814
    7.5000  -45.0000   22.5000 2507.7983   13.1903
   -7.5000  -37.5000   22.5000 2635.5911   12.0963
    0.0000  -37.5000   22.5000 2656.5608   12.0871
    7.5000  -37.5000   22.5000 2643.2603   12.0806
   -7.5000  -30.0000   22.5000 2760.7151   11.3926
    0.0000  -30.0000   22.5000 2790.8196   11.4194
    7.5000  -30.0000   22.5000 2766.2886   11.3725
   -7.5000  -22.5000   22.5000 2859.0796   10.9716
    0.0000  -22.5000   22.5000 2906.0950   11.0258
    7.5000  -22.5000   22.5000 2864.4182   10.9592
   -7.5000  -15.0000   22.5000 2913.4976   10.7363
    0.0000  -15.0000   22.5000 2964.5215   10.7530
    7.5000  -15.0000   22.5000 2910.0322   10.7336
   -7.5000   -7.5000   22.5000 2907.8691   10.7045
    0.0000   -7.5000   22.5000 2950.8657   10.6403
    7.5000   -7.5000   22.5000 2905.8889   10.6945
   -7.5000    0.0000   22.5000 2854.9041   10.9470
    0.0000    0.0000   22.5000 2886.7776   10.8442
    7.5000    0.0000   22.5000 2852.2224   10.9245
   -7.5000    7.5000   22.5000 2773.9761   11.4251
    0.0000    7.5000   22.5000 2802.4175   11.3183
    7.5000    7.5000   22.5000 2771.5298   11.4043
   -7.5000   15.0000   22.5000 2659.1538   12.1646
    0.0000   15.0000   22.5000 2683.3425   12.0398
    7.5000   15.0000   22.5000 2660.5645   12.1482
   -7.5000   22.5000   22.5000 2538.7122   13.2113
    0.0000   22.5000   22.5000 2553.9253   13.0747
    7.5000   22.5000   22.5000 2542.5088   13.1581
   -7.5000   30.0000   22.5000 2409.2234   14.5935
    0.0000   30.0000   22.5000 2425.4236   14.4444
    7.5000   30.0000   22.5000 2408.3008   14.5003
   -7.5000   37.5000   22.5000 2262.9226   16.3628
    0.0000   37.5000   22.5000 2278.2222   16.2349
    7.5000   37.5000   22.5000 2261.4763   16.2943
   -7.5000   45.0000   22.5000 2098.9348   18.7489
    0.0000   45.0000   22.5000 2115.3621   18.6023
    7.5000   45.0000   22.5000 2097.5227   18.6757
   -7.5000  -45.0000   30.0000 2461.0654   13.5956
    0.0000  -45.0000   30.0000 2473.0020   13.4783
    7.5000  -45.0000   30.0000 2466.7983   13.5797
   -7.5000  -37.5000   30.0000 2599.6140   12.4390
    0.0000  -37.5000   30.0000 2616.2964   12.3159
    7.5000  -37.5000   30.0000 2604.5681   12.4211
   -7.5000  -30.0000   30.0000 2722.5073   11.6888
    0.0000  -30.0000   30.0000 2750.0796   11.6000
    7.5000  -30.0000   30.0000 2728.1697   11.6600
   -7.5000  -22.5000   30.0000 2823.5771   11.2188
    0.0000  -22.5000   30.0000 2862.8516   11.1218
    7.5000  -22.5000   30.0000 2827.7058   11.1943
   -7.5000  -15.0000   30.0000 2876.6648   10.9476
    0.0000  -15.0000   30.0000 2916.7422   10.8498
    7.5000  -15.0000   30.0000 2874.5737   10.9612
   -7.5000   -7.5000   30.0000 2885.1799   10.9440
    0.0000   -7.5000   30.0000 2920.1982   10.7795
    7.5000   -7.5000   30.0000 2877.0437   10.9381
   -7.5000    0.0000   30.0000 2832.2700   11.2090
    0.0000    0.0000   30.0000 2856.8218   11.0627
    7.5000    0.0000   30.0000 2821.7703   11.1888
   -7.5000    7.5000   30.0000 2743.2375   11.7194
    0.0000    7.5000   30.0000 2766.4148   11.5370
    7.5000    7.5000   30.0000 2740.4014   11.6742
   -7.5000   15.0000   30.0000 2625.7766   12.4490
    0.0000   15.0000   30.0000 2644.7202   12.2694
    7.5000   15.0000   30.0000 2628.6233   12.4079
   -7.5000   22.5000   30.0000 2504.9658   13.4857
    0.0000   22.5000   30.0000 2518.0229   13.3354
    7.5000   22.5000   30.0000 2504.7039   13.4439
   -7.5000   30.0000   30.0000 2370.3618   14.8425
    0.0000   30.0000   30.0000 2384.2505   14.6876
    7.5000   30.0000   30.0000 2372.8130   14.7709
   -7.5000   37.5000   30.0000 2222.2107   16.6003
    0.0000   37.5000   30.0000 2239.8608   16.4449
    7.5000   37.5000   30.0000 2227.5798   16.5058
   -7.5000   45.0000   30.0000 2062.5024   18.9026
    0.0000   45.0000   30.0000 2074.6128   18.7467
    7.5000   45.0000   30.0000 2063.6492   18.7721
   -7.5000  -45.0000   37.5000 2420.0083   14.1553
    0.0000  -45.0000   37.5000 2434.0825   13.9685
    7.5000  -45.0000   37.5000 2425.9119   14.2013
   -7.5000  -37.5000   37.5000 2555.2283   12.9668
    0.0000  -37.5000   37.5000 2568.8818   12.7969
    7.5000  -37.5000   37.5000 2558.3865   12.9776
   -7.5000  -30.0000   37.5000 2673.3567   12.1431
    0.0000  -30.0000   37.5000 2693.0193   12.0009
    7.5000  -30.0000   37.5000 2678.7273   12.1546
   -7.5000  -22.5000   37.5000 2771.9343   11.6231
    0.0000  -22.5000   37.5000 2797.2925   11.4974
    7.5000  -22.5000   37.5000 2772.5090   11.6577
   -7.5000  -15.0000   37.5000 2816.6101   11.3642
    0.0000  -15.0000   37.5000 2850.9043   11.2125
    7.5000  -15.0000   37.5000 2813.9268   11.4122
   -7.5000   -7.5000   37.5000 2823.5132   11.3763
    0.0000   -7.5000   37.5000 2848.3384   11.2142
    7.5000   -7.5000   37.5000 2817.2888   11.3955
   -7.5000    0.0000   37.5000 2773.2017   11.6521
    0.0000    0.0000   37.5000 2794.6624   11.5011
    7.5000    0.0000   37.5000 2768.4297   11.6426
   -7.5000    7.5000   37.5000 2691.9265   12.1475
    0.0000    7.5000   37.5000 2709.9812   11.9897
    7.5000    7.5000   37.5000 2688.5142   12.1407
   -7.5000   15.0000   37.5000 2582.8691   12.8548
    0.0000   15.0000   37.5000 2600.8445   12.6908
    7.5000   15.0000   37.5000 2581.4370   12.8545
   -7.5000   22.5000   37.5000 2471.7056   13.8929
    0.0000   22.5000   37.5000 2487.5801   13.7367
    7.5000   22.5000   37.5000 2467.0798   13.8626
   -7.5000   30.0000   37.5000 2333.5325   15.2567
    0.0000   30.0000   37.5000 2346.1367   15.1269
    7.5000   30.0000   37.5000 2335.9087   15.2124
   -7.5000   37.5000   37.5000 2178.8550   17.0160
    0.0000   37.5000   37.5000 2194.2881   16.8711
    7.5000   37.5000   37.5000 2185.3223   16.9013
   -7.5000   45.0000   37.5000 2015.4481   19.2449
    0.0000   45.0000   37.5000 2030.4573   19.1051
    7.5000   45.0000   37.5000 2022.0526   19.1698
   -7.5000  -45.0000   45.0000 2374.1836   14.8947
    0.0000  -45.0000   45.0000 2386.4041   14.6921
    7.5000  -45.0000   45.0000 2376.7834   14.9866
   -7.5000  -37.5000   45.0000 2504.2109   13.6591
    0.0000  -37.5000   45.0000 2518.2258   13.4627
    7.5000  -37.5000   45.0000 2504.6917   13.7053
   -7.5000  -30.0000   45.0000 2618.2959   12.7749
    0.0000  -30.0000   45.0000 2636.3091   12.6072
    7.5000  -30.0000   45.0000 2620.2500   12.8405
   -7.5000  -22.5000   45.0000 2707.0916   12.2435
    0.0000  -22.5000   45.0000 2726.8772   12.0952
    7.5000  -22.5000   45.0000 2703.7683   12.3215
   -7.5000  -15.0000   45.0000 2746.2969   11.9843
    0.0000  -15.0000   45.0000 2769.1384   11.8380
    7.5000  -15.0000   45.0000 2734.2273   12.0446
   -7.5000   -7.5000   45.0000 2736.4678   12.0029
    0.0000   -7.5000   45.0000 2755.2532   11.8712
    7.5000   -7.5000   45.0000 2728.7424   12.0549
   -7.5000    0.0000   45.0000 2691.8987   12.2761
    0.0000    0.0000   45.0000 2711.0422   12.1194
    7.5000    0.0000   45.0000 2691.8101   12.2587
   -7.5000    7.5000   45.0000 2617.2791   12.7481
    0.0000    7.5000   45.0000 2640.0688   12.5887
    7.5000    7.5000   45.0000 2619.8301   12.7455
   -7.5000   15.0000   45.0000 2521.2571   13.4614
    0.0000   15.0000   45.0000 2540.2944   13.3056
    7.5000   15.0000   45.0000 2516.9565   13.4639
   -7.5000   22.5000   45.0000 2416.3506   14.4830
    0.0000   22.5000   45.0000 2428.6228   14.3229
    7.5000   22.5000   45.0000 2409.3770   14.4701
   -7.5000   30.0000   45.0000 2279.6340   15.8509
    0.0000   30.0000   45.0000 2291.1826   15.7268
    7.5000   30.0000   45.0000 2276.7307   15.8395
   -7.5000   37.5000   45.0000 2130.7317   17.6542
    0.0000   37.5000   45.0000 2145.8271   17.5352
    7.5000   37.5000   45.0000 2131.3335   17.5894
   -7.5000   45.0000   45.0000 1972.4407   19.9241
    0.0000   45.0000   45.0000 1989.4277   19.7891
    7.5000   45.0000   45.0000 1971.0785   19.8524

---------------------------------------------------------------------
imgreg_4dfp /opt/freesurfer/average/711-2C_as_mni_average_305 /opt/freesurfer/average/711-2B_as_mni_average_305_mask talsrcimg_g11 none talsrcimg_to_711-2C_as_mni_average_305_t4 1283
---------------------------------------------------------------------

freesurfer imgreg_4dfp.c
/opt/freesurfer/average/711-2C_as_mni_average_305.4dfp.img
       256       256       256         1
  1.000000  1.000000  1.000000
orientation T byte_order littleendian
Reading image: /opt/freesurfer/average/711-2C_as_mni_average_305.4dfp.img
dimensions:      256       256       256
mmppix:       1.0000   -1.0000   -1.0000
center:     128.0000 -129.0000 -129.0000
/opt/freesurfer/average/711-2B_as_mni_average_305_mask.4dfp.img
       256       256       256         1
  1.000000  1.000000  1.000000
orientation T byte_order littleendian
Reading mask: /opt/freesurfer/average/711-2B_as_mni_average_305_mask.4dfp.img (2306576 pixels)
talsrcimg_g11.4dfp.img
       256       256       256         1
  1.000000  1.000000  1.000000
orientation T byte_order littleendian
Reading image: talsrcimg_g11.4dfp.img
dimensions:      256       256       256
mmppix:       1.0000   -1.0000   -1.0000
center:     128.0000 -129.0000 -129.0000
rotation matrix determinant  1.000000
fimgreg.f
image alignment mode   1283 decimal      503 hex
parameters
    0.0000  -15.0000   15.0000    0.0000    0.0000    0.0000
eta,q 0.93184 10.73488
niter,ni,del,rscale     5    3   12.0000    1.2000
parameter  3 -0.652073 -> -0.500000 qaram    1.1500
parameter  4 23.100725 ->  0.500000 qaram    1.1500
parameters
    0.1175  -12.9598   18.4500   -3.4500    0.1746    1.8374
eta,q 0.94079 10.61703
  0.0821  0.0793  0.0773  0.0555  0.0647  0.0662
  0.0754  0.0740  0.0730  0.0591  0.0618  0.0631
  0.0705  0.0709  0.0695  0.0625  0.0606  0.0611
  0.0687  0.0686  0.0667  0.0652  0.0601  0.0601
  0.0704  0.0667  0.0656  0.0686  0.0604  0.0592
  0.0747  0.0675  0.0656  0.0720  0.0617  0.0593
  0.0811  0.0708  0.0654  0.0758  0.0640  0.0616
niter,ni,del,rscale     6    3   12.0000    1.2000
parameter  4  1.460760 ->  0.500000 qaram    1.3225
parameters
   -0.0102  -12.2836   17.6415   -7.4175    0.7120    0.7190
eta,q 0.94777 10.62891
  0.0714  0.0708  0.0656  0.0523  0.0611  0.0567
  0.0648  0.0646  0.0610  0.0522  0.0569  0.0541
  0.0608  0.0605  0.0587  0.0544  0.0540  0.0525
  0.0592  0.0592  0.0591  0.0587  0.0525  0.0523
  0.0613  0.0593  0.0607  0.0627  0.0528  0.0539
  0.0658  0.0616  0.0640  0.0668  0.0552  0.0574
  0.0722  0.0664  0.0691  0.0715  0.0586  0.0624
niter,ni,del,rscale     6    3   12.0000    1.2000
parameters
   -0.1425  -11.8429   16.6675  -10.8828    1.2035    0.5651
eta,q 0.94917 10.70797
  0.0667  0.0671  0.0616  0.0539  0.0589  0.0560
  0.0591  0.0594  0.0564  0.0509  0.0546  0.0532
  0.0540  0.0541  0.0522  0.0510  0.0519  0.0514
  0.0522  0.0522  0.0524  0.0518  0.0509  0.0508
  0.0547  0.0545  0.0564  0.0559  0.0513  0.0511
  0.0601  0.0581  0.0616  0.0615  0.0532  0.0533
  0.0678  0.0623  0.0668  0.0659  0.0565  0.0570
niter,ni,del,rscale     5    3   12.0000    1.2000
parameters
   -0.3585  -10.8726   14.9091  -12.4933    2.0761    0.4340
eta,q 0.95116 10.75294
  0.0658  0.0661  0.0568  0.0547  0.0585  0.0534
  0.0578  0.0576  0.0513  0.0506  0.0541  0.0506
  0.0523  0.0524  0.0494  0.0491  0.0508  0.0491
  0.0508  0.0508  0.0510  0.0496  0.0492  0.0488
  0.0537  0.0518  0.0546  0.0520  0.0489  0.0491
  0.0597  0.0544  0.0598  0.0556  0.0507  0.0507
  0.0676  0.0574  0.0657  0.0608  0.0546  0.0540
niter,ni,del,rscale     4    3   12.0000    1.2000
parameters
   -0.6308  -10.2494   14.3121  -13.7761    2.4426    0.2972
eta,q 0.95117 10.79768
  0.0639  0.0622  0.0593  0.0539  0.0568  0.0529
  0.0555  0.0541  0.0532  0.0508  0.0530  0.0502
  0.0502  0.0492  0.0497  0.0487  0.0504  0.0488
  0.0488  0.0488  0.0492  0.0491  0.0490  0.0489
  0.0518  0.0504  0.0518  0.0503  0.0491  0.0490
  0.0580  0.0528  0.0567  0.0539  0.0514  0.0502
  0.0661  0.0560  0.0625  0.0586  0.0555  0.0534
niter,ni,del,rscale     3    3   12.0000    1.2000
parameters
   -0.7436   -9.5726   13.9140  -15.0355    2.6933    0.1751
eta,q 0.95150 10.81083
  0.0645  0.0608  0.0592  0.0530  0.0559  0.0530
  0.0556  0.0529  0.0535  0.0503  0.0525  0.0502
  0.0502  0.0487  0.0500  0.0483  0.0501  0.0485
  0.0488  0.0488  0.0493  0.0493  0.0486  0.0485
  0.0515  0.0501  0.0508  0.0499  0.0489  0.0490
  0.0573  0.0517  0.0555  0.0527  0.0513  0.0503
  0.0647  0.0547  0.0615  0.0573  0.0553  0.0534
niter,ni,del,rscale     2    3   12.0000    1.2000
parameters
   -0.8712   -8.7476   13.4847  -16.1264    3.1562   -0.0826
eta,q 0.95254 10.78294
  0.0643  0.0592  0.0578  0.0534  0.0557  0.0526
  0.0550  0.0527  0.0532  0.0498  0.0522  0.0493
  0.0495  0.0490  0.0496  0.0474  0.0495  0.0474
  0.0485  0.0485  0.0487  0.0487  0.0477  0.0475
  0.0513  0.0492  0.0502  0.0504  0.0478  0.0486
  0.0571  0.0506  0.0547  0.0524  0.0501  0.0502
  0.0643  0.0537  0.0608  0.0563  0.0542  0.0529
niter,ni,del,rscale     1    3   12.0000    1.2000
parameters
   -1.1139   -8.0753   12.9763  -16.7166    3.5801   -0.2211
eta,q 0.95367 10.74888
  0.0638  0.0576  0.0569  0.0549  0.0556  0.0524
  0.0541  0.0527  0.0523  0.0503  0.0519  0.0487
  0.0481  0.0491  0.0484  0.0465  0.0486  0.0464
  0.0475  0.0473  0.0471  0.0471  0.0465  0.0464
  0.0511  0.0475  0.0493  0.0502  0.0468  0.0478
  0.0574  0.0498  0.0542  0.0526  0.0494  0.0497
  0.0648  0.0541  0.0604  0.0559  0.0543  0.0522
registration optimization eta report
parameter search radius
    6.0000    6.0000    6.9000    7.9350    6.0000    6.0000
100000*second partial in parameter space
       46.       24.       24.       13.       23.       16.
  0.0638  0.0576  0.0569  0.0549  0.0556  0.0524
  0.0541  0.0527  0.0523  0.0503  0.0519  0.0487
  0.0481  0.0491  0.0484  0.0465  0.0486  0.0464
  0.0475  0.0473  0.0471  0.0471  0.0465  0.0464
  0.0511  0.0475  0.0493  0.0502  0.0468  0.0478
  0.0574  0.0498  0.0542  0.0526  0.0494  0.0497
  0.0648  0.0541  0.0604  0.0559  0.0543  0.0522
   -1.1139   -8.0753   12.9763  -16.7166    3.5801   -0.2211
eta,q 0.95367 10.74888

---------------------------------------------------------------------
imgreg_4dfp /opt/freesurfer/average/711-2C_as_mni_average_305 /opt/freesurfer/average/711-2B_as_mni_average_305_mask talsrcimg_g11 none talsrcimg_to_711-2C_as_mni_average_305_t4 3335
---------------------------------------------------------------------

freesurfer imgreg_4dfp.c
/opt/freesurfer/average/711-2C_as_mni_average_305.4dfp.img
       256       256       256         1
  1.000000  1.000000  1.000000
orientation T byte_order littleendian
Reading image: /opt/freesurfer/average/711-2C_as_mni_average_305.4dfp.img
dimensions:      256       256       256
mmppix:       1.0000   -1.0000   -1.0000
center:     128.0000 -129.0000 -129.0000
/opt/freesurfer/average/711-2B_as_mni_average_305_mask.4dfp.img
       256       256       256         1
  1.000000  1.000000  1.000000
orientation T byte_order littleendian
Reading mask: /opt/freesurfer/average/711-2B_as_mni_average_305_mask.4dfp.img (2306576 pixels)
talsrcimg_g11.4dfp.img
       256       256       256         1
  1.000000  1.000000  1.000000
orientation T byte_order littleendian
Reading image: talsrcimg_g11.4dfp.img
dimensions:      256       256       256
mmppix:       1.0000   -1.0000   -1.0000
center:     128.0000 -129.0000 -129.0000
fimgreg.f
image alignment mode   3335 decimal      D07 hex
parameters
   -1.1139   -8.0753   12.9763   -0.1959   -4.2337   -4.4130
    2.1657   -5.8694   -0.3851   28.7867    6.2443  -28.7077
eta,q 0.95312 10.83451
niter,ni,del,rscale     5    3    5.0000    1.2000
parameter  5  5.836205 ->  0.500000 qaram    1.1500
parameter  6  0.647766 ->  0.500000 qaram    1.1500
parameters
   -1.2644   -7.8251   13.4403   -3.2586   -8.3737   -8.5530
    1.5129   -5.1704    0.2139   26.2506    4.3776  -27.7901
eta,q 0.96047 10.30689
  0.0500  0.0488  0.0491  0.0474  0.0382  0.0402  0.0421  0.0459  0.0422  0.0409  0.0401  0.0411
  0.0481  0.0477  0.0481  0.0466  0.0406  0.0400  0.0409  0.0430  0.0411  0.0401  0.0397  0.0404
  0.0471  0.0471  0.0473  0.0463  0.0434  0.0404  0.0402  0.0410  0.0403  0.0396  0.0396  0.0398
  0.0469  0.0469  0.0469  0.0468  0.0463  0.0414  0.0401  0.0401  0.0400  0.0400  0.0396  0.0396
  0.0475  0.0470  0.0468  0.0483  0.0492  0.0432  0.0405  0.0403  0.0401  0.0411  0.0399  0.0396
  0.0488  0.0474  0.0471  0.0505  0.0523  0.0462  0.0415  0.0417  0.0407  0.0427  0.0404  0.0399
  0.0508  0.0481  0.0479  0.0529  0.0558  0.0499  0.0429  0.0441  0.0416  0.0451  0.0411  0.0405
niter,ni,del,rscale     6    3    5.0000    1.2000
parameter  5  2.781730 ->  0.500000 qaram    1.3225
parameters
   -1.1974   -8.3425   12.7633   -2.9517  -13.1347  -11.4302
    1.1933   -4.9129    0.0813   25.5945    4.2584  -28.6181
eta,q 0.96579  9.91396
  0.0432  0.0409  0.0402  0.0418  0.0323  0.0357  0.0367  0.0393  0.0362  0.0369  0.0351  0.0353
  0.0412  0.0399  0.0395  0.0408  0.0340  0.0346  0.0354  0.0366  0.0352  0.0354  0.0347  0.0346
  0.0400  0.0394  0.0393  0.0399  0.0365  0.0343  0.0345  0.0349  0.0345  0.0345  0.0343  0.0343
  0.0395  0.0395  0.0394  0.0393  0.0392  0.0347  0.0343  0.0343  0.0342  0.0342  0.0342  0.0342
  0.0399  0.0402  0.0399  0.0392  0.0424  0.0359  0.0346  0.0347  0.0345  0.0348  0.0344  0.0346
  0.0410  0.0413  0.0408  0.0400  0.0458  0.0379  0.0357  0.0362  0.0353  0.0361  0.0347  0.0351
  0.0428  0.0426  0.0421  0.0419  0.0492  0.0410  0.0372  0.0386  0.0364  0.0382  0.0352  0.0359
niter,ni,del,rscale     6    3    5.0000    1.2000
parameter  5  0.880634 ->  0.500000 qaram    1.5209
parameters
   -1.1399   -8.3250   12.2990   -2.8034  -18.6098  -11.8630
    1.2995   -4.9859    0.0339   26.0973    4.5394  -30.4410
eta,q 0.96893  9.62976
  0.0379  0.0370  0.0353  0.0364  0.0315  0.0343  0.0344  0.0358  0.0336  0.0350  0.0322  0.0319
  0.0359  0.0355  0.0346  0.0354  0.0311  0.0326  0.0328  0.0332  0.0323  0.0331  0.0317  0.0313
  0.0346  0.0345  0.0342  0.0347  0.0320  0.0315  0.0317  0.0317  0.0315  0.0318  0.0313  0.0311
  0.0342  0.0342  0.0342  0.0341  0.0341  0.0312  0.0312  0.0312  0.0312  0.0312  0.0312  0.0312
  0.0346  0.0346  0.0347  0.0341  0.0369  0.0317  0.0315  0.0318  0.0315  0.0314  0.0313  0.0316
  0.0357  0.0355  0.0355  0.0349  0.0402  0.0330  0.0326  0.0335  0.0323  0.0324  0.0316  0.0323
  0.0375  0.0369  0.0367  0.0366  0.0439  0.0351  0.0343  0.0359  0.0336  0.0342  0.0321  0.0331
niter,ni,del,rscale     6    3    5.0000    1.2000
parameters
   -1.0855   -7.9227   12.1757   -2.5213  -21.2530  -11.8265
    1.4108   -5.0134   -0.0194   26.8228    4.4864  -31.3895
eta,q 0.96931  9.52591
  0.0348  0.0353  0.0326  0.0335  0.0340  0.0342  0.0338  0.0354  0.0329  0.0346  0.0317  0.0317
  0.0328  0.0332  0.0317  0.0324  0.0322  0.0324  0.0323  0.0329  0.0318  0.0327  0.0311  0.0311
  0.0315  0.0317  0.0311  0.0316  0.0309  0.0312  0.0312  0.0313  0.0310  0.0314  0.0308  0.0307
  0.0311  0.0311  0.0310  0.0310  0.0310  0.0308  0.0308  0.0308  0.0308  0.0308  0.0307  0.0307
  0.0314  0.0311  0.0313  0.0309  0.0327  0.0311  0.0311  0.0314  0.0310  0.0309  0.0308  0.0310
  0.0326  0.0319  0.0319  0.0317  0.0358  0.0323  0.0321  0.0330  0.0318  0.0317  0.0312  0.0316
  0.0345  0.0331  0.0329  0.0335  0.0394  0.0343  0.0337  0.0354  0.0330  0.0334  0.0317  0.0323
niter,ni,del,rscale     5    3    5.0000    1.2000
parameters
   -1.0621   -7.5893   12.0991   -2.2072  -22.0027  -11.8756
    1.4478   -4.9749   -0.0687   27.3364    4.4800  -31.7205
eta,q 0.96936  9.51028
  0.0343  0.0344  0.0322  0.0332  0.0351  0.0341  0.0337  0.0354  0.0327  0.0342  0.0316  0.0318
  0.0323  0.0325  0.0313  0.0321  0.0330  0.0323  0.0321  0.0328  0.0316  0.0324  0.0310  0.0311
  0.0311  0.0312  0.0308  0.0313  0.0314  0.0311  0.0311  0.0312  0.0309  0.0312  0.0307  0.0307
  0.0307  0.0307  0.0307  0.0307  0.0306  0.0307  0.0307  0.0307  0.0307  0.0307  0.0306  0.0307
  0.0311  0.0308  0.0309  0.0306  0.0313  0.0310  0.0310  0.0312  0.0309  0.0308  0.0307  0.0309
  0.0322  0.0315  0.0315  0.0314  0.0337  0.0322  0.0320  0.0328  0.0316  0.0317  0.0311  0.0313
  0.0341  0.0327  0.0324  0.0332  0.0369  0.0343  0.0336  0.0353  0.0328  0.0334  0.0316  0.0320
niter,ni,del,rscale     4    3    5.0000    1.2000
parameters
   -1.0589   -7.4580   12.0525   -2.1054  -22.2742  -11.8864
    1.4926   -4.9612   -0.1094   27.5424    4.5098  -31.8494
eta,q 0.96936  9.50503
  0.0342  0.0337  0.0322  0.0331  0.0354  0.0341  0.0336  0.0354  0.0327  0.0339  0.0316  0.0319
  0.0322  0.0320  0.0313  0.0320  0.0333  0.0323  0.0321  0.0328  0.0316  0.0322  0.0311  0.0311
  0.0310  0.0310  0.0308  0.0312  0.0316  0.0311  0.0310  0.0312  0.0309  0.0311  0.0307  0.0307
  0.0306  0.0306  0.0306  0.0306  0.0306  0.0307  0.0307  0.0307  0.0307  0.0307  0.0306  0.0306
  0.0310  0.0309  0.0308  0.0306  0.0311  0.0310  0.0310  0.0312  0.0309  0.0309  0.0307  0.0308
  0.0322  0.0317  0.0314  0.0315  0.0332  0.0322  0.0320  0.0328  0.0316  0.0319  0.0311  0.0313
  0.0341  0.0330  0.0323  0.0334  0.0364  0.0343  0.0336  0.0353  0.0327  0.0336  0.0316  0.0319
niter,ni,del,rscale     3    3    5.0000    1.2000
parameters
   -1.0588   -7.4097   12.0337   -2.0713  -22.3745  -11.8947
    1.5207   -4.9611   -0.1330   27.6217    4.5196  -31.9151
eta,q 0.96936  9.50309
  0.0341  0.0335  0.0322  0.0330  0.0355  0.0341  0.0336  0.0353  0.0327  0.0338  0.0316  0.0319
  0.0322  0.0319  0.0313  0.0320  0.0334  0.0323  0.0321  0.0328  0.0316  0.0321  0.0311  0.0312
  0.0310  0.0309  0.0308  0.0312  0.0316  0.0311  0.0310  0.0312  0.0309  0.0311  0.0307  0.0308
  0.0306  0.0306  0.0306  0.0306  0.0306  0.0306  0.0307  0.0306  0.0306  0.0306  0.0306  0.0306
  0.0310  0.0310  0.0308  0.0307  0.0310  0.0310  0.0310  0.0312  0.0309  0.0309  0.0307  0.0308
  0.0322  0.0318  0.0314  0.0316  0.0331  0.0322  0.0320  0.0329  0.0316  0.0319  0.0311  0.0313
  0.0341  0.0332  0.0322  0.0334  0.0362  0.0342  0.0336  0.0353  0.0327  0.0337  0.0316  0.0319
niter,ni,del,rscale     2    3    5.0000    1.2000
parameters
   -1.0606   -7.3923   12.0267   -2.0594  -22.4119  -11.8990
    1.5336   -4.9629   -0.1337   27.6530    4.5264  -31.9190
eta,q 0.96935  9.50214
  0.0341  0.0334  0.0322  0.0330  0.0355  0.0341  0.0336  0.0353  0.0327  0.0337  0.0316  0.0319
  0.0322  0.0318  0.0313  0.0320  0.0334  0.0323  0.0320  0.0328  0.0316  0.0321  0.0311  0.0312
  0.0310  0.0309  0.0308  0.0312  0.0317  0.0311  0.0310  0.0312  0.0309  0.0311  0.0307  0.0308
  0.0306  0.0306  0.0306  0.0306  0.0306  0.0307  0.0307  0.0307  0.0307  0.0307  0.0306  0.0307
  0.0311  0.0310  0.0308  0.0307  0.0310  0.0310  0.0310  0.0312  0.0309  0.0309  0.0307  0.0308
  0.0322  0.0319  0.0314  0.0316  0.0330  0.0322  0.0320  0.0329  0.0316  0.0320  0.0311  0.0313
  0.0341  0.0332  0.0322  0.0335  0.0361  0.0342  0.0336  0.0353  0.0327  0.0338  0.0316  0.0319
registration optimization eta report
parameter search radius
    2.4000    2.4000    2.4000    7.2000   10.9503    8.2800
    7.2000    7.2000    7.2000    7.2000    7.2000    7.2000
100000*second partial in parameter space
       61.       46.       28.        5.        4.        5.
        6.        9.        4.        6.        2.        2.
  0.0341  0.0334  0.0322  0.0330  0.0355  0.0341  0.0336  0.0353  0.0327  0.0337  0.0316  0.0319
  0.0322  0.0318  0.0313  0.0320  0.0334  0.0323  0.0320  0.0328  0.0316  0.0321  0.0311  0.0312
  0.0310  0.0309  0.0308  0.0312  0.0317  0.0311  0.0310  0.0312  0.0309  0.0311  0.0307  0.0308
  0.0306  0.0306  0.0306  0.0306  0.0306  0.0307  0.0307  0.0307  0.0307  0.0307  0.0306  0.0307
  0.0311  0.0310  0.0308  0.0307  0.0310  0.0310  0.0310  0.0312  0.0309  0.0309  0.0307  0.0308
  0.0322  0.0319  0.0314  0.0316  0.0330  0.0322  0.0320  0.0329  0.0316  0.0320  0.0311  0.0313
  0.0341  0.0332  0.0322  0.0335  0.0361  0.0342  0.0336  0.0353  0.0327  0.0338  0.0316  0.0319
   -1.0606   -7.3923   12.0267   -2.0594  -22.4119  -11.8990
    1.5336   -4.9629   -0.1337   27.6530    4.5264  -31.9190
eta,q 0.96935  9.50214

---------------------------------------------------------------------
imgreg_4dfp /opt/freesurfer/average/711-2C_as_mni_average_305 /opt/freesurfer/average/711-2B_as_mni_average_305_mask talsrcimg_g11 none talsrcimg_to_711-2C_as_mni_average_305_t4 2311
---------------------------------------------------------------------

freesurfer imgreg_4dfp.c
/opt/freesurfer/average/711-2C_as_mni_average_305.4dfp.img
       256       256       256         1
  1.000000  1.000000  1.000000
orientation T byte_order littleendian
Reading image: /opt/freesurfer/average/711-2C_as_mni_average_305.4dfp.img
dimensions:      256       256       256
mmppix:       1.0000   -1.0000   -1.0000
center:     128.0000 -129.0000 -129.0000
/opt/freesurfer/average/711-2B_as_mni_average_305_mask.4dfp.img
       256       256       256         1
  1.000000  1.000000  1.000000
orientation T byte_order littleendian
Reading mask: /opt/freesurfer/average/711-2B_as_mni_average_305_mask.4dfp.img (2306576 pixels)
talsrcimg_g11.4dfp.img
       256       256       256         1
  1.000000  1.000000  1.000000
orientation T byte_order littleendian
Reading image: talsrcimg_g11.4dfp.img
dimensions:      256       256       256
mmppix:       1.0000   -1.0000   -1.0000
center:     128.0000 -129.0000 -129.0000
fimgreg.f
image alignment mode   2311 decimal      907 hex
parameters
   -1.0606   -7.3923   12.0267   -2.0594  -22.4119  -11.8990
    1.5336   -4.9629   -0.1337   27.6530    4.5264  -31.9190
eta,q 0.96935  9.50215
niter,ni,del,rscale     5    3    5.0000    0.8000
parameters
   -1.0769   -7.4303   12.0025   -1.4389  -21.5820  -11.8494
    1.5330   -4.9582   -0.1596   27.8009    4.4558  -31.7983
eta,q 0.96948  9.57392
  0.0322  0.0318  0.0313  0.0320  0.0321  0.0318  0.0320  0.0328  0.0315  0.0320  0.0309  0.0312
  0.0313  0.0311  0.0309  0.0315  0.0314  0.0311  0.0312  0.0315  0.0309  0.0312  0.0307  0.0308
  0.0308  0.0307  0.0307  0.0310  0.0309  0.0307  0.0307  0.0308  0.0306  0.0307  0.0306  0.0306
  0.0307  0.0307  0.0306  0.0306  0.0306  0.0305  0.0305  0.0305  0.0305  0.0305  0.0305  0.0305
  0.0308  0.0308  0.0307  0.0306  0.0305  0.0306  0.0307  0.0308  0.0306  0.0306  0.0306  0.0306
  0.0314  0.0312  0.0310  0.0309  0.0308  0.0311  0.0312  0.0315  0.0310  0.0311  0.0307  0.0308
  0.0322  0.0319  0.0314  0.0316  0.0314  0.0318  0.0320  0.0328  0.0315  0.0319  0.0310  0.0311
niter,ni,del,rscale     4    3    5.0000    0.7000
parameters
   -1.1300   -7.5335   12.0360   -1.4018  -21.4071  -11.7302
    1.5989   -4.9882   -0.1516   27.7238    4.4352  -31.7417
eta,q 0.96951  9.58852
  0.0317  0.0313  0.0311  0.0315  0.0315  0.0315  0.0316  0.0322  0.0312  0.0316  0.0308  0.0310
  0.0310  0.0308  0.0308  0.0311  0.0310  0.0310  0.0310  0.0313  0.0308  0.0310  0.0306  0.0307
  0.0306  0.0306  0.0306  0.0307  0.0307  0.0306  0.0306  0.0307  0.0306  0.0306  0.0305  0.0306
  0.0305  0.0305  0.0305  0.0305  0.0305  0.0305  0.0305  0.0305  0.0305  0.0305  0.0305  0.0305
  0.0307  0.0307  0.0306  0.0305  0.0305  0.0306  0.0306  0.0307  0.0306  0.0306  0.0305  0.0305
  0.0311  0.0310  0.0307  0.0309  0.0308  0.0309  0.0310  0.0313  0.0308  0.0310  0.0306  0.0307
  0.0318  0.0316  0.0310  0.0316  0.0314  0.0314  0.0316  0.0323  0.0312  0.0317  0.0308  0.0309
niter,ni,del,rscale     3    3    5.0000    0.6000
parameters
   -1.1520   -7.5730   12.0746   -1.2958  -21.3166  -11.6881
    1.6005   -4.9997   -0.1580   27.7051    4.4107  -31.7027
eta,q 0.96952  9.59844
  0.0314  0.0312  0.0309  0.0313  0.0312  0.0312  0.0313  0.0318  0.0310  0.0313  0.0307  0.0308
  0.0309  0.0308  0.0307  0.0309  0.0309  0.0308  0.0308  0.0311  0.0307  0.0309  0.0306  0.0306
  0.0306  0.0305  0.0305  0.0306  0.0306  0.0306  0.0306  0.0306  0.0305  0.0306  0.0305  0.0305
  0.0305  0.0305  0.0305  0.0305  0.0305  0.0305  0.0305  0.0305  0.0305  0.0305  0.0305  0.0305
  0.0306  0.0306  0.0305  0.0305  0.0305  0.0305  0.0306  0.0306  0.0305  0.0306  0.0305  0.0305
  0.0309  0.0308  0.0307  0.0308  0.0308  0.0308  0.0308  0.0311  0.0307  0.0308  0.0306  0.0306
  0.0314  0.0312  0.0309  0.0313  0.0312  0.0312  0.0313  0.0318  0.0310  0.0313  0.0307  0.0308
niter,ni,del,rscale     2    3    5.0000    0.5000
parameters
   -1.1662   -7.5910   12.0898   -1.1948  -21.2606  -11.6535
    1.6167   -4.9980   -0.1602   27.7037    4.4005  -31.6684
eta,q 0.96952  9.60618
  0.0311  0.0310  0.0308  0.0311  0.0310  0.0310  0.0311  0.0314  0.0309  0.0311  0.0306  0.0307
  0.0308  0.0307  0.0306  0.0308  0.0307  0.0307  0.0307  0.0309  0.0306  0.0307  0.0306  0.0306
  0.0305  0.0305  0.0305  0.0306  0.0306  0.0305  0.0305  0.0306  0.0305  0.0305  0.0305  0.0305
  0.0305  0.0305  0.0305  0.0305  0.0305  0.0305  0.0305  0.0305  0.0305  0.0305  0.0305  0.0305
  0.0306  0.0305  0.0305  0.0305  0.0305  0.0305  0.0305  0.0306  0.0305  0.0305  0.0305  0.0305
  0.0308  0.0307  0.0306  0.0307  0.0307  0.0307  0.0307  0.0309  0.0306  0.0307  0.0306  0.0306
  0.0311  0.0310  0.0308  0.0310  0.0310  0.0310  0.0310  0.0314  0.0309  0.0311  0.0307  0.0307
niter,ni,del,rscale     1    3    5.0000    0.4000
parameters
   -1.1820   -7.6068   12.1076   -1.1159  -21.2174  -11.6112
    1.6365   -4.9907   -0.1660   27.7237    4.3861  -31.6453
eta,q 0.96953  9.61351
  0.0309  0.0308  0.0307  0.0309  0.0308  0.0308  0.0308  0.0311  0.0307  0.0309  0.0306  0.0306
  0.0306  0.0306  0.0306  0.0307  0.0306  0.0306  0.0306  0.0307  0.0306  0.0306  0.0305  0.0305
  0.0305  0.0305  0.0305  0.0305  0.0305  0.0305  0.0305  0.0305  0.0305  0.0305  0.0305  0.0305
  0.0305  0.0305  0.0305  0.0305  0.0305  0.0305  0.0305  0.0305  0.0305  0.0305  0.0305  0.0305
  0.0305  0.0305  0.0305  0.0305  0.0305  0.0305  0.0305  0.0305  0.0305  0.0305  0.0305  0.0305
  0.0307  0.0306  0.0306  0.0306  0.0306  0.0306  0.0306  0.0307  0.0306  0.0306  0.0305  0.0305
  0.0309  0.0308  0.0307  0.0308  0.0308  0.0308  0.0308  0.0311  0.0307  0.0308  0.0306  0.0306
registration optimization eta report
parameter search radius
    0.8000    0.8000    0.8000    2.4000    2.4000    2.4000
    2.4000    2.4000    2.4000    2.4000    2.4000    2.4000
100000*second partial in parameter space
       65.       50.       29.        7.        6.        6.
        6.       10.        4.        7.        2.        3.
  0.0309  0.0308  0.0307  0.0309  0.0308  0.0308  0.0308  0.0311  0.0307  0.0309  0.0306  0.0306
  0.0306  0.0306  0.0306  0.0307  0.0306  0.0306  0.0306  0.0307  0.0306  0.0306  0.0305  0.0305
  0.0305  0.0305  0.0305  0.0305  0.0305  0.0305  0.0305  0.0305  0.0305  0.0305  0.0305  0.0305
  0.0305  0.0305  0.0305  0.0305  0.0305  0.0305  0.0305  0.0305  0.0305  0.0305  0.0305  0.0305
  0.0305  0.0305  0.0305  0.0305  0.0305  0.0305  0.0305  0.0305  0.0305  0.0305  0.0305  0.0305
  0.0307  0.0306  0.0306  0.0306  0.0306  0.0306  0.0306  0.0307  0.0306  0.0306  0.0305  0.0305
  0.0309  0.0308  0.0307  0.0308  0.0308  0.0308  0.0308  0.0311  0.0307  0.0308  0.0306  0.0306
   -1.1820   -7.6068   12.1076   -1.1159  -21.2174  -11.6112
    1.6365   -4.9907   -0.1660   27.7237    4.3861  -31.6453
eta,q 0.96953  9.61351

---------------------------------------------------------------------
imgreg_4dfp /opt/freesurfer/average/711-2C_as_mni_average_305 /opt/freesurfer/average/711-2B_as_mni_average_305_mask talsrcimg_g11 none talsrcimg_to_711-2C_as_mni_average_305_t4 2311
---------------------------------------------------------------------

freesurfer imgreg_4dfp.c
/opt/freesurfer/average/711-2C_as_mni_average_305.4dfp.img
       256       256       256         1
  1.000000  1.000000  1.000000
orientation T byte_order littleendian
Reading image: /opt/freesurfer/average/711-2C_as_mni_average_305.4dfp.img
dimensions:      256       256       256
mmppix:       1.0000   -1.0000   -1.0000
center:     128.0000 -129.0000 -129.0000
/opt/freesurfer/average/711-2B_as_mni_average_305_mask.4dfp.img
       256       256       256         1
  1.000000  1.000000  1.000000
orientation T byte_order littleendian
Reading mask: /opt/freesurfer/average/711-2B_as_mni_average_305_mask.4dfp.img (2306576 pixels)
talsrcimg_g11.4dfp.img
       256       256       256         1
  1.000000  1.000000  1.000000
orientation T byte_order littleendian
Reading image: talsrcimg_g11.4dfp.img
dimensions:      256       256       256
mmppix:       1.0000   -1.0000   -1.0000
center:     128.0000 -129.0000 -129.0000
fimgreg.f
image alignment mode   2311 decimal      907 hex
parameters
   -1.1820   -7.6068   12.1076   -1.1159  -21.2174  -11.6112
    1.6365   -4.9907   -0.1660   27.7237    4.3861  -31.6453
eta,q 0.96953  9.61351
niter,ni,del,rscale     5    3    5.0000    0.8000
parameters
   -1.1615   -7.5865   12.1272   -1.5376  -21.3913  -11.6019
    1.6112   -5.0128   -0.1308   27.5982    4.4117  -31.6840
eta,q 0.96950  9.58706
  0.0322  0.0318  0.0313  0.0316  0.0317  0.0318  0.0319  0.0328  0.0315  0.0319  0.0309  0.0311
  0.0312  0.0311  0.0308  0.0311  0.0311  0.0311  0.0311  0.0315  0.0309  0.0311  0.0307  0.0308
  0.0307  0.0306  0.0306  0.0307  0.0307  0.0307  0.0307  0.0308  0.0306  0.0307  0.0305  0.0306
  0.0305  0.0305  0.0305  0.0305  0.0305  0.0305  0.0305  0.0305  0.0305  0.0305  0.0305  0.0305
  0.0307  0.0306  0.0305  0.0306  0.0306  0.0306  0.0307  0.0308  0.0306  0.0307  0.0305  0.0306
  0.0312  0.0310  0.0308  0.0312  0.0311  0.0311  0.0312  0.0315  0.0309  0.0312  0.0307  0.0308
  0.0321  0.0317  0.0312  0.0323  0.0319  0.0318  0.0320  0.0328  0.0315  0.0321  0.0309  0.0311
niter,ni,del,rscale     4    3    5.0000    0.7000
parameters
   -1.1461   -7.5780   12.1126   -1.4343  -21.3574  -11.6548
    1.5859   -4.9966   -0.1387   27.6391    4.4057  -31.7047
eta,q 0.96951  9.59127
  0.0318  0.0315  0.0311  0.0316  0.0315  0.0314  0.0316  0.0323  0.0312  0.0316  0.0308  0.0310
  0.0311  0.0309  0.0307  0.0311  0.0310  0.0309  0.0310  0.0313  0.0308  0.0310  0.0306  0.0307
  0.0306  0.0306  0.0306  0.0307  0.0306  0.0306  0.0306  0.0307  0.0306  0.0306  0.0305  0.0305
  0.0305  0.0305  0.0305  0.0305  0.0305  0.0305  0.0305  0.0305  0.0305  0.0305  0.0305  0.0305
  0.0306  0.0306  0.0306  0.0305  0.0306  0.0306  0.0306  0.0307  0.0306  0.0306  0.0305  0.0305
  0.0311  0.0309  0.0308  0.0309  0.0309  0.0309  0.0310  0.0313  0.0308  0.0310  0.0306  0.0307
  0.0317  0.0314  0.0311  0.0316  0.0315  0.0315  0.0316  0.0322  0.0312  0.0316  0.0308  0.0310
niter,ni,del,rscale     3    3    5.0000    0.6000
parameters
   -1.1515   -7.5839   12.0992   -1.3144  -21.3019  -11.6651
    1.5860   -4.9929   -0.1483   27.6795    4.3760  -31.6734
eta,q 0.96952  9.59867
  0.0314  0.0312  0.0309  0.0313  0.0312  0.0312  0.0313  0.0318  0.0310  0.0313  0.0307  0.0308
  0.0309  0.0308  0.0307  0.0309  0.0309  0.0308  0.0308  0.0311  0.0307  0.0309  0.0306  0.0306
  0.0306  0.0306  0.0305  0.0306  0.0306  0.0306  0.0306  0.0306  0.0305  0.0306  0.0305  0.0305
  0.0305  0.0305  0.0305  0.0305  0.0305  0.0305  0.0305  0.0305  0.0305  0.0305  0.0305  0.0305
  0.0306  0.0306  0.0305  0.0305  0.0305  0.0305  0.0306  0.0306  0.0306  0.0306  0.0305  0.0305
  0.0309  0.0308  0.0307  0.0308  0.0308  0.0308  0.0308  0.0311  0.0307  0.0308  0.0306  0.0306
  0.0314  0.0312  0.0309  0.0313  0.0312  0.0312  0.0313  0.0318  0.0310  0.0313  0.0307  0.0308
niter,ni,del,rscale     2    3    5.0000    0.5000
parameters
   -1.1649   -7.5954   12.0994   -1.2014  -21.2506  -11.6555
    1.6080   -4.9918   -0.1520   27.6902    4.3866  -31.6442
eta,q 0.96953  9.60578
  0.0311  0.0310  0.0308  0.0311  0.0310  0.0310  0.0311  0.0314  0.0309  0.0311  0.0306  0.0307
  0.0308  0.0307  0.0306  0.0308  0.0307  0.0307  0.0307  0.0309  0.0306  0.0308  0.0306  0.0306
  0.0305  0.0305  0.0305  0.0306  0.0306  0.0305  0.0305  0.0306  0.0305  0.0305  0.0305  0.0305
  0.0305  0.0305  0.0305  0.0305  0.0305  0.0305  0.0305  0.0305  0.0305  0.0305  0.0305  0.0305
  0.0306  0.0305  0.0305  0.0305  0.0305  0.0305  0.0305  0.0306  0.0305  0.0305  0.0305  0.0305
  0.0308  0.0307  0.0306  0.0307  0.0307  0.0307  0.0307  0.0309  0.0307  0.0307  0.0305  0.0306
  0.0311  0.0310  0.0308  0.0310  0.0310  0.0310  0.0310  0.0314  0.0309  0.0311  0.0307  0.0307
niter,ni,del,rscale     1    3    5.0000    0.4000
parameters
   -1.1802   -7.6059   12.1099   -1.1111  -21.2128  -11.6197
    1.6226   -4.9929   -0.1617   27.7121    4.3736  -31.6313
eta,q 0.96953  9.61305
  0.0309  0.0308  0.0307  0.0309  0.0308  0.0308  0.0308  0.0311  0.0307  0.0309  0.0306  0.0306
  0.0306  0.0306  0.0306  0.0307  0.0306  0.0306  0.0306  0.0307  0.0306  0.0306  0.0305  0.0305
  0.0305  0.0305  0.0305  0.0305  0.0305  0.0305  0.0305  0.0305  0.0305  0.0305  0.0305  0.0305
  0.0305  0.0305  0.0305  0.0305  0.0305  0.0305  0.0305  0.0305  0.0305  0.0305  0.0305  0.0305
  0.0305  0.0305  0.0305  0.0305  0.0305  0.0305  0.0305  0.0305  0.0305  0.0305  0.0305  0.0305
  0.0307  0.0306  0.0306  0.0306  0.0306  0.0306  0.0306  0.0307  0.0306  0.0306  0.0305  0.0305
  0.0309  0.0308  0.0307  0.0308  0.0308  0.0308  0.0308  0.0311  0.0307  0.0308  0.0306  0.0306
registration optimization eta report
parameter search radius
    0.8000    0.8000    0.8000    2.4000    2.4000    2.4000
    2.4000    2.4000    2.4000    2.4000    2.4000    2.4000
100000*second partial in parameter space
       66.       50.       30.        7.        6.        6.
        6.       10.        4.        7.        2.        3.
  0.0309  0.0308  0.0307  0.0309  0.0308  0.0308  0.0308  0.0311  0.0307  0.0309  0.0306  0.0306
  0.0306  0.0306  0.0306  0.0307  0.0306  0.0306  0.0306  0.0307  0.0306  0.0306  0.0305  0.0305
  0.0305  0.0305  0.0305  0.0305  0.0305  0.0305  0.0305  0.0305  0.0305  0.0305  0.0305  0.0305
  0.0305  0.0305  0.0305  0.0305  0.0305  0.0305  0.0305  0.0305  0.0305  0.0305  0.0305  0.0305
  0.0305  0.0305  0.0305  0.0305  0.0305  0.0305  0.0305  0.0305  0.0305  0.0305  0.0305  0.0305
  0.0307  0.0306  0.0306  0.0306  0.0306  0.0306  0.0306  0.0307  0.0306  0.0306  0.0305  0.0305
  0.0309  0.0308  0.0307  0.0308  0.0308  0.0308  0.0308  0.0311  0.0307  0.0308  0.0306  0.0306
   -1.1802   -7.6059   12.1099   -1.1111  -21.2128  -11.6197
    1.6226   -4.9929   -0.1617   27.7121    4.3736  -31.6313
eta,q 0.96953  9.61305

---------------------------------------------------------------------
compute_vox2vox talsrcimg talsrcimg_to_711-2C_as_mni_average_305_t4 /opt/freesurfer/average/711-2C_as_mni_average_305
---------------------------------------------------------------------

freesurfer compute_vox2vox.c
Reading: talsrcimg.4dfp.ifh
Reading: talsrcimg_to_711-2C_as_mni_average_305_t4
Reading: /opt/freesurfer/average/711-2C_as_mni_average_305.4dfp.ifh
Writing: talsrcimg_to_711-2C_as_mni_average_305_t4_vox2vox.txt

start time Thu Mar 12 09:48:07 CET 2026
end		time Thu Mar 12 09:49:33 CET 2026

mpr2mni305 success

avi2talxfm orig_nu.mgz /opt/freesurfer/average/mni305.cor.mgz talsrcimg_to_711-2C_as_mni_average_305_t4_vox2vox.txt transforms/talairach.auto.xfm
avi2talxfm done
mv -f /out/sourcedata/freesurfer/sub-v1s10x0051150_ses-1/mri/talsrcimg_to_711-2C_as_mni_average_305_t4_vox2vox.txt /out/sourcedata/freesurfer/sub-v1s10x0051150_ses-1/mri/transforms/talsrcimg_to_711-2C_as_mni_average_305_t4_vox2vox.txt
lta_convert --src orig_nu.mgz --trg /opt/freesurfer/average/mni305.cor.mgz --inxfm transforms/talairach.auto.xfm --outlta transforms/talairach.auto.xfm.lta --subject fsaverage
7.3.2

--src: orig_nu.mgz src image (geometry).
--trg: /opt/freesurfer/average/mni305.cor.mgz trg image (geometry).
--inmni: transforms/talairach.auto.xfm input MNI/XFM transform.
--outlta: transforms/talairach.auto.xfm.lta output LTA.
--s: fsaverage subject name
 LTA read, type : 1
 1.00874   0.05640   0.00187   0.09356;
-0.04368   1.00252   0.40339  -6.14996;
 0.01743  -0.35250   1.12736   10.19604;
 0.00000   0.00000   0.00000   1.00000;
setting subject to fsaverage
Writing  LTA to file transforms/talairach.auto.xfm.lta...
lta_convert successful.
 
 
Started at Thu Mar 12 09:48:07 CET 2026
Ended   at Thu Mar 12 09:49:34 CET 2026
talairach_avi done
