status file for recon-all
Thu Mar 12 03:42:38 CET 2026
#@# Tessellate lh Thu Mar 12 03:42:38 CET 2026
#@# Smooth1 lh Thu Mar 12 03:42:42 CET 2026
#@# Inflation1 lh Thu Mar 12 03:42:45 CET 2026
#@# QSphere lh Thu Mar 12 03:42:58 CET 2026
#@# Fix Topology lh Thu Mar 12 03:43:57 CET 2026
#@# Smooth2 lh Thu Mar 12 03:58:42 CET 2026
#@# Inflation2 lh Thu Mar 12 03:58:45 CET 2026
#@# Curv .H and .K lh Thu Mar 12 03:58:57 CET 2026
#@# Sphere lh Thu Mar 12 03:59:41 CET 2026
#@# Surf Reg lh Thu Mar 12 04:01:51 CET 2026
#@# Jacobian white lh Thu Mar 12 04:05:14 CET 2026
#@# AvgCurv lh Thu Mar 12 04:05:15 CET 2026
#@# Cortical Parc lh Thu Mar 12 04:05:15 CET 2026
#@# white curv lh Thu Mar 12 04:11:03 CET 2026
#@# white area lh Thu Mar 12 04:11:05 CET 2026
#@# pial curv lh Thu Mar 12 04:11:06 CET 2026
#@# pial area lh Thu Mar 12 04:11:08 CET 2026
#@# thickness lh Thu Mar 12 04:11:09 CET 2026
#@# area and vertex vol lh Thu Mar 12 04:11:37 CET 2026
#@# Curvature Stats lh Thu Mar 12 04:11:38 CET 2026
#@# Cortical Parc 2 lh Thu Mar 12 04:11:41 CET 2026
#@# Cortical Parc 3 lh Thu Mar 12 04:11:53 CET 2026
#@# WM/GM Contrast lh Thu Mar 12 04:12:03 CET 2026
recon-all -s sub-v1s10x0051006_ses-1 finished without error at Thu Mar 12 04:12:07 CET 2026



#New# invocation of recon-all 



status file for recon-all
Thu Mar 12 04:38:23 CET 2026
#@# white curv lh Thu Mar 12 04:38:23 CET 2026
#@# white area lh Thu Mar 12 04:38:23 CET 2026
#@# pial curv lh Thu Mar 12 04:38:23 CET 2026
#@# pial area lh Thu Mar 12 04:38:23 CET 2026
#@# thickness lh Thu Mar 12 04:38:23 CET 2026
#@# area and vertex vol lh Thu Mar 12 04:38:23 CET 2026
#@# Parcellation Stats lh Thu Mar 12 04:38:23 CET 2026
#@# Parcellation Stats 2 lh Thu Mar 12 04:38:39 CET 2026
#@# Parcellation Stats 3 lh Thu Mar 12 04:38:48 CET 2026
#@# BA_exvivo Labels lh Thu Mar 12 04:38:57 CET 2026
recon-all -s sub-v1s10x0051006_ses-1 finished without error at Thu Mar 12 04:41:30 CET 2026
