status file for recon-all
Thu Mar 12 06:53:55 CET 2026
#@# Tessellate rh Thu Mar 12 06:53:55 CET 2026
#@# Smooth1 rh Thu Mar 12 06:53:58 CET 2026
#@# Inflation1 rh Thu Mar 12 06:54:00 CET 2026
#@# QSphere rh Thu Mar 12 06:54:14 CET 2026
#@# Fix Topology rh Thu Mar 12 06:55:35 CET 2026
#@# Smooth2 rh Thu Mar 12 06:59:51 CET 2026
#@# Inflation2 rh Thu Mar 12 06:59:53 CET 2026
#@# Curv .H and .K rh Thu Mar 12 07:00:06 CET 2026
#@# Sphere rh Thu Mar 12 07:00:42 CET 2026
#@# Surf Reg rh Thu Mar 12 07:04:32 CET 2026
#@# Jacobian white rh Thu Mar 12 07:08:34 CET 2026
#@# AvgCurv rh Thu Mar 12 07:08:35 CET 2026
#@# Cortical Parc rh Thu Mar 12 07:08:36 CET 2026
#@# white curv rh Thu Mar 12 07:13:39 CET 2026
#@# white area rh Thu Mar 12 07:13:40 CET 2026
#@# pial curv rh Thu Mar 12 07:13:41 CET 2026
#@# pial area rh Thu Mar 12 07:13:42 CET 2026
#@# thickness rh Thu Mar 12 07:13:43 CET 2026
#@# area and vertex vol rh Thu Mar 12 07:14:01 CET 2026
#@# Curvature Stats rh Thu Mar 12 07:14:03 CET 2026
#@# Cortical Parc 2 rh Thu Mar 12 07:14:05 CET 2026
#@# Cortical Parc 3 rh Thu Mar 12 07:14:15 CET 2026
#@# WM/GM Contrast rh Thu Mar 12 07:14:22 CET 2026
recon-all -s sub-v1s10x0051045_ses-1 finished without error at Thu Mar 12 07:14:25 CET 2026



#New# invocation of recon-all 



status file for recon-all
Thu Mar 12 07:20:13 CET 2026
#@# white curv rh Thu Mar 12 07:20:13 CET 2026
#@# white area rh Thu Mar 12 07:20:13 CET 2026
#@# pial curv rh Thu Mar 12 07:20:13 CET 2026
#@# pial area rh Thu Mar 12 07:20:13 CET 2026
#@# thickness rh Thu Mar 12 07:20:13 CET 2026
#@# area and vertex vol rh Thu Mar 12 07:20:13 CET 2026
#@# Parcellation Stats rh Thu Mar 12 07:20:13 CET 2026
#@# Parcellation Stats 2 rh Thu Mar 12 07:20:28 CET 2026
#@# Parcellation Stats 3 rh Thu Mar 12 07:20:35 CET 2026
#@# BA_exvivo Labels rh Thu Mar 12 07:20:42 CET 2026
recon-all -s sub-v1s10x0051045_ses-1 finished without error at Thu Mar 12 07:22:52 CET 2026
