status file for recon-all
Thu Mar 12 05:22:23 CET 2026
#@# Tessellate lh Thu Mar 12 05:22:24 CET 2026
#@# Smooth1 lh Thu Mar 12 05:22:26 CET 2026
#@# Inflation1 lh Thu Mar 12 05:22:29 CET 2026
#@# QSphere lh Thu Mar 12 05:22:43 CET 2026
#@# Fix Topology lh Thu Mar 12 05:23:34 CET 2026
#@# Smooth2 lh Thu Mar 12 05:31:10 CET 2026
#@# Inflation2 lh Thu Mar 12 05:31:12 CET 2026
#@# Curv .H and .K lh Thu Mar 12 05:31:26 CET 2026
#@# Sphere lh Thu Mar 12 05:32:02 CET 2026
#@# Surf Reg lh Thu Mar 12 05:34:34 CET 2026
#@# Jacobian white lh Thu Mar 12 05:37:37 CET 2026
#@# AvgCurv lh Thu Mar 12 05:37:37 CET 2026
#@# Cortical Parc lh Thu Mar 12 05:37:38 CET 2026
#@# white curv lh Thu Mar 12 05:43:22 CET 2026
#@# white area lh Thu Mar 12 05:43:23 CET 2026
#@# pial curv lh Thu Mar 12 05:43:24 CET 2026
#@# pial area lh Thu Mar 12 05:43:25 CET 2026
#@# thickness lh Thu Mar 12 05:43:26 CET 2026
#@# area and vertex vol lh Thu Mar 12 05:43:46 CET 2026
#@# Curvature Stats lh Thu Mar 12 05:43:47 CET 2026
#@# Cortical Parc 2 lh Thu Mar 12 05:43:48 CET 2026
#@# Cortical Parc 3 lh Thu Mar 12 05:43:58 CET 2026
#@# WM/GM Contrast lh Thu Mar 12 05:44:05 CET 2026
recon-all -s sub-v1s10x0051040_ses-1 finished without error at Thu Mar 12 05:44:08 CET 2026



#New# invocation of recon-all 



status file for recon-all
Thu Mar 12 06:08:38 CET 2026
#@# white curv lh Thu Mar 12 06:08:39 CET 2026
#@# white area lh Thu Mar 12 06:08:39 CET 2026
#@# pial curv lh Thu Mar 12 06:08:39 CET 2026
#@# pial area lh Thu Mar 12 06:08:39 CET 2026
#@# thickness lh Thu Mar 12 06:08:39 CET 2026
#@# area and vertex vol lh Thu Mar 12 06:08:39 CET 2026
#@# Parcellation Stats lh Thu Mar 12 06:08:39 CET 2026
#@# Parcellation Stats 2 lh Thu Mar 12 06:08:53 CET 2026
#@# Parcellation Stats 3 lh Thu Mar 12 06:09:00 CET 2026
#@# BA_exvivo Labels lh Thu Mar 12 06:09:07 CET 2026
recon-all -s sub-v1s10x0051040_ses-1 finished without error at Thu Mar 12 06:11:07 CET 2026
