status file for recon-all
Thu Mar 12 04:25:32 CET 2026
#@# Tessellate rh Thu Mar 12 04:25:32 CET 2026
#@# Smooth1 rh Thu Mar 12 04:25:37 CET 2026
#@# Inflation1 rh Thu Mar 12 04:25:40 CET 2026
#@# QSphere rh Thu Mar 12 04:25:59 CET 2026
#@# Fix Topology rh Thu Mar 12 04:27:27 CET 2026
#@# Smooth2 rh Thu Mar 12 04:41:34 CET 2026
#@# Inflation2 rh Thu Mar 12 04:41:37 CET 2026
#@# Curv .H and .K rh Thu Mar 12 04:41:53 CET 2026
#@# Sphere rh Thu Mar 12 04:42:43 CET 2026
#@# Surf Reg rh Thu Mar 12 04:48:46 CET 2026
#@# Jacobian white rh Thu Mar 12 04:57:24 CET 2026
#@# AvgCurv rh Thu Mar 12 04:57:25 CET 2026
#@# Cortical Parc rh Thu Mar 12 04:57:26 CET 2026
#@# white curv rh Thu Mar 12 05:08:11 CET 2026
#@# white area rh Thu Mar 12 05:08:13 CET 2026
#@# pial curv rh Thu Mar 12 05:08:14 CET 2026
#@# pial area rh Thu Mar 12 05:08:16 CET 2026
#@# thickness rh Thu Mar 12 05:08:17 CET 2026
#@# area and vertex vol rh Thu Mar 12 05:08:47 CET 2026
#@# Curvature Stats rh Thu Mar 12 05:08:49 CET 2026
#@# Cortical Parc 2 rh Thu Mar 12 05:08:52 CET 2026
#@# Cortical Parc 3 rh Thu Mar 12 05:09:06 CET 2026
#@# WM/GM Contrast rh Thu Mar 12 05:09:16 CET 2026
recon-all -s sub-v1s10x0051011_ses-1 finished without error at Thu Mar 12 05:09:21 CET 2026



#New# invocation of recon-all 



status file for recon-all
Thu Mar 12 05:17:52 CET 2026
#@# white curv rh Thu Mar 12 05:17:52 CET 2026
#@# white area rh Thu Mar 12 05:17:52 CET 2026
#@# pial curv rh Thu Mar 12 05:17:52 CET 2026
#@# pial area rh Thu Mar 12 05:17:52 CET 2026
#@# thickness rh Thu Mar 12 05:17:52 CET 2026
#@# area and vertex vol rh Thu Mar 12 05:17:52 CET 2026
#@# Parcellation Stats rh Thu Mar 12 05:17:52 CET 2026
#@# Parcellation Stats 2 rh Thu Mar 12 05:18:13 CET 2026
#@# Parcellation Stats 3 rh Thu Mar 12 05:18:28 CET 2026
#@# BA_exvivo Labels rh Thu Mar 12 05:18:38 CET 2026
recon-all -s sub-v1s10x0051011_ses-1 finished without error at Thu Mar 12 05:21:38 CET 2026
