status file for recon-all
Wed Mar 11 22:50:24 CET 2026
#@# MotionCor Wed Mar 11 22:50:25 CET 2026
#@# Talairach Wed Mar 11 22:50:31 CET 2026
#@# Talairach Failure Detection Wed Mar 11 22:53:21 CET 2026
#@# Nu Intensity Correction Wed Mar 11 22:53:21 CET 2026
#@# Intensity Normalization Wed Mar 11 22:56:07 CET 2026
recon-all -s sub-v1s10x0050960_ses-1 finished without error at Wed Mar 11 22:57:06 CET 2026



#New# invocation of recon-all 



status file for recon-all
Wed Mar 11 23:02:50 CET 2026
#@# EM Registration Wed Mar 11 23:02:50 CET 2026
recon-all -s sub-v1s10x0050960_ses-1 finished without error at Wed Mar 11 23:04:42 CET 2026



#New# invocation of recon-all 



status file for recon-all
Wed Mar 11 23:04:44 CET 2026
#@# CA Normalize Wed Mar 11 23:04:44 CET 2026
#@# CA Reg Wed Mar 11 23:05:37 CET 2026
#@# SubCort Seg Wed Mar 11 23:59:59 CET 2026
#@# CC Seg Thu Mar 12 00:19:34 CET 2026
#@# Merge ASeg Thu Mar 12 00:19:56 CET 2026
#@# Intensity Normalization2 Thu Mar 12 00:19:56 CET 2026
#@# Mask BFS Thu Mar 12 00:21:26 CET 2026
#@# WM Segmentation Thu Mar 12 00:21:27 CET 2026
#@# Fill Thu Mar 12 00:22:54 CET 2026
recon-all -s sub-v1s10x0050960_ses-1 finished without error at Thu Mar 12 00:23:32 CET 2026



#New# invocation of recon-all 



status file for recon-all
Thu Mar 12 01:03:28 CET 2026
#@# white curv lh Thu Mar 12 01:03:28 CET 2026
#@# white area lh Thu Mar 12 01:03:28 CET 2026
#@# pial curv lh Thu Mar 12 01:03:28 CET 2026
#@# pial area lh Thu Mar 12 01:03:28 CET 2026
#@# thickness lh Thu Mar 12 01:03:28 CET 2026
#@# area and vertex vol lh Thu Mar 12 01:03:28 CET 2026
#@# white curv rh Thu Mar 12 01:03:28 CET 2026
#@# white area rh Thu Mar 12 01:03:28 CET 2026
#@# pial curv rh Thu Mar 12 01:03:28 CET 2026
#@# pial area rh Thu Mar 12 01:03:28 CET 2026
#@# thickness rh Thu Mar 12 01:03:28 CET 2026
#@# area and vertex vol rh Thu Mar 12 01:03:28 CET 2026
#@# Cortical ribbon mask Thu Mar 12 01:03:28 CET 2026
recon-all -s sub-v1s10x0050960_ses-1 finished without error at Thu Mar 12 01:06:54 CET 2026



#New# invocation of recon-all 



status file for recon-all
Thu Mar 12 01:12:06 CET 2026
#@# white curv lh Thu Mar 12 01:12:06 CET 2026
#@# white area lh Thu Mar 12 01:12:06 CET 2026
#@# pial curv lh Thu Mar 12 01:12:06 CET 2026
#@# pial area lh Thu Mar 12 01:12:06 CET 2026
#@# thickness lh Thu Mar 12 01:12:06 CET 2026
#@# area and vertex vol lh Thu Mar 12 01:12:06 CET 2026
#@# white curv rh Thu Mar 12 01:12:06 CET 2026
#@# white area rh Thu Mar 12 01:12:06 CET 2026
#@# pial curv rh Thu Mar 12 01:12:06 CET 2026
#@# pial area rh Thu Mar 12 01:12:06 CET 2026
#@# thickness rh Thu Mar 12 01:12:06 CET 2026
#@# area and vertex vol rh Thu Mar 12 01:12:06 CET 2026
#@# Curvature Stats lh Thu Mar 12 01:12:06 CET 2026
#@# Curvature Stats rh Thu Mar 12 01:12:08 CET 2026
#@# Relabel Hypointensities Thu Mar 12 01:12:10 CET 2026
#@# APas-to-ASeg Thu Mar 12 01:12:19 CET 2026
#@# AParc-to-ASeg aparc Thu Mar 12 01:12:26 CET 2026
#@# AParc-to-ASeg aparc.a2009s Thu Mar 12 01:12:44 CET 2026
#@# AParc-to-ASeg aparc.DKTatlas Thu Mar 12 01:13:01 CET 2026
#@# WMParc Thu Mar 12 01:13:21 CET 2026
#@# ASeg Stats Thu Mar 12 01:15:03 CET 2026
recon-all -s sub-v1s10x0050960_ses-1 finished without error at Thu Mar 12 01:15:20 CET 2026
