status file for recon-all
Thu Mar 12 10:56:27 CET 2026
#@# Tessellate rh Thu Mar 12 10:56:27 CET 2026
#@# Smooth1 rh Thu Mar 12 10:56:29 CET 2026
#@# Inflation1 rh Thu Mar 12 10:56:31 CET 2026
#@# QSphere rh Thu Mar 12 10:56:39 CET 2026
#@# Fix Topology rh Thu Mar 12 10:57:19 CET 2026
#@# Smooth2 rh Thu Mar 12 11:13:13 CET 2026
#@# Inflation2 rh Thu Mar 12 11:13:16 CET 2026
#@# Curv .H and .K rh Thu Mar 12 11:13:23 CET 2026
#@# Sphere rh Thu Mar 12 11:14:05 CET 2026
#@# Surf Reg rh Thu Mar 12 11:15:41 CET 2026
#@# Jacobian white rh Thu Mar 12 11:18:09 CET 2026
#@# AvgCurv rh Thu Mar 12 11:18:09 CET 2026
#@# Cortical Parc rh Thu Mar 12 11:18:10 CET 2026
#@# white curv rh Thu Mar 12 11:23:16 CET 2026
#@# white area rh Thu Mar 12 11:23:17 CET 2026
#@# pial curv rh Thu Mar 12 11:23:18 CET 2026
#@# pial area rh Thu Mar 12 11:23:19 CET 2026
#@# thickness rh Thu Mar 12 11:23:20 CET 2026
#@# area and vertex vol rh Thu Mar 12 11:23:42 CET 2026
#@# Curvature Stats rh Thu Mar 12 11:23:43 CET 2026
#@# Cortical Parc 2 rh Thu Mar 12 11:23:45 CET 2026
#@# Cortical Parc 3 rh Thu Mar 12 11:23:57 CET 2026
#@# WM/GM Contrast rh Thu Mar 12 11:24:05 CET 2026
recon-all -s sub-v1s10x0051131_ses-1 finished without error at Thu Mar 12 11:24:07 CET 2026



#New# invocation of recon-all 



status file for recon-all
Thu Mar 12 11:30:41 CET 2026
#@# white curv rh Thu Mar 12 11:30:41 CET 2026
#@# white area rh Thu Mar 12 11:30:41 CET 2026
#@# pial curv rh Thu Mar 12 11:30:41 CET 2026
#@# pial area rh Thu Mar 12 11:30:41 CET 2026
#@# thickness rh Thu Mar 12 11:30:41 CET 2026
#@# area and vertex vol rh Thu Mar 12 11:30:41 CET 2026
#@# Parcellation Stats rh Thu Mar 12 11:30:41 CET 2026
#@# Parcellation Stats 2 rh Thu Mar 12 11:30:59 CET 2026
#@# Parcellation Stats 3 rh Thu Mar 12 11:31:08 CET 2026
#@# BA_exvivo Labels rh Thu Mar 12 11:31:16 CET 2026
recon-all -s sub-v1s10x0051131_ses-1 finished without error at Thu Mar 12 11:33:24 CET 2026
