status file for recon-all
Thu Mar 12 01:59:22 CET 2026
#@# MotionCor Thu Mar 12 01:59:23 CET 2026
#@# Talairach Thu Mar 12 01:59:33 CET 2026
#@# Talairach Failure Detection Thu Mar 12 02:04:07 CET 2026
#@# Nu Intensity Correction Thu Mar 12 02:04:07 CET 2026
#@# Intensity Normalization Thu Mar 12 02:07:23 CET 2026
recon-all -s sub-v1s10x0051009_ses-1 finished without error at Thu Mar 12 02:08:46 CET 2026



#New# invocation of recon-all 



status file for recon-all
Thu Mar 12 02:16:06 CET 2026
#@# EM Registration Thu Mar 12 02:16:07 CET 2026
recon-all -s sub-v1s10x0051009_ses-1 finished without error at Thu Mar 12 02:18:23 CET 2026



#New# invocation of recon-all 



status file for recon-all
Thu Mar 12 02:18:24 CET 2026
#@# CA Normalize Thu Mar 12 02:18:24 CET 2026
#@# CA Reg Thu Mar 12 02:19:47 CET 2026
#@# SubCort Seg Thu Mar 12 03:07:28 CET 2026
#@# CC Seg Thu Mar 12 03:37:59 CET 2026
#@# Merge ASeg Thu Mar 12 03:38:45 CET 2026
#@# Intensity Normalization2 Thu Mar 12 03:38:45 CET 2026
#@# Mask BFS Thu Mar 12 03:41:03 CET 2026
#@# WM Segmentation Thu Mar 12 03:41:04 CET 2026
#@# Fill Thu Mar 12 03:42:59 CET 2026
recon-all -s sub-v1s10x0051009_ses-1 finished without error at Thu Mar 12 03:44:03 CET 2026



#New# invocation of recon-all 



status file for recon-all
Thu Mar 12 04:40:49 CET 2026
#@# white curv lh Thu Mar 12 04:40:49 CET 2026
#@# white area lh Thu Mar 12 04:40:49 CET 2026
#@# pial curv lh Thu Mar 12 04:40:49 CET 2026
#@# pial area lh Thu Mar 12 04:40:49 CET 2026
#@# thickness lh Thu Mar 12 04:40:49 CET 2026
#@# area and vertex vol lh Thu Mar 12 04:40:49 CET 2026
#@# white curv rh Thu Mar 12 04:40:49 CET 2026
#@# white area rh Thu Mar 12 04:40:49 CET 2026
#@# pial curv rh Thu Mar 12 04:40:49 CET 2026
#@# pial area rh Thu Mar 12 04:40:49 CET 2026
#@# thickness rh Thu Mar 12 04:40:49 CET 2026
#@# area and vertex vol rh Thu Mar 12 04:40:49 CET 2026
#@# Cortical ribbon mask Thu Mar 12 04:40:49 CET 2026
recon-all -s sub-v1s10x0051009_ses-1 finished without error at Thu Mar 12 04:45:01 CET 2026



#New# invocation of recon-all 



status file for recon-all
Thu Mar 12 04:52:53 CET 2026
#@# white curv lh Thu Mar 12 04:52:53 CET 2026
#@# white area lh Thu Mar 12 04:52:53 CET 2026
#@# pial curv lh Thu Mar 12 04:52:53 CET 2026
#@# pial area lh Thu Mar 12 04:52:53 CET 2026
#@# thickness lh Thu Mar 12 04:52:53 CET 2026
#@# area and vertex vol lh Thu Mar 12 04:52:53 CET 2026
#@# white curv rh Thu Mar 12 04:52:53 CET 2026
#@# white area rh Thu Mar 12 04:52:54 CET 2026
#@# pial curv rh Thu Mar 12 04:52:54 CET 2026
#@# pial area rh Thu Mar 12 04:52:54 CET 2026
#@# thickness rh Thu Mar 12 04:52:54 CET 2026
#@# area and vertex vol rh Thu Mar 12 04:52:54 CET 2026
#@# Curvature Stats lh Thu Mar 12 04:52:54 CET 2026
#@# Curvature Stats rh Thu Mar 12 04:52:57 CET 2026
#@# Relabel Hypointensities Thu Mar 12 04:53:00 CET 2026
#@# APas-to-ASeg Thu Mar 12 04:53:17 CET 2026
#@# AParc-to-ASeg aparc Thu Mar 12 04:53:28 CET 2026
#@# AParc-to-ASeg aparc.a2009s Thu Mar 12 04:54:14 CET 2026
#@# AParc-to-ASeg aparc.DKTatlas Thu Mar 12 04:55:04 CET 2026
#@# WMParc Thu Mar 12 04:55:56 CET 2026
#@# ASeg Stats Thu Mar 12 05:00:34 CET 2026
recon-all -s sub-v1s10x0051009_ses-1 finished without error at Thu Mar 12 05:01:18 CET 2026
