/out/sourcedata/freesurfer/sub-v1s10x0050970_ses-1/mri
/opt/freesurfer/bin/talairach_avi
--i orig_nu.mgz --xfm transforms/talairach.auto.xfm
talairach_avi 7.3.2
Linux dna002 5.14.0-427.37.1.el9_4.x86_64 #1 SMP PREEMPT_DYNAMIC Fri Sep 13 12:41:50 EDT 2024 x86_64 x86_64 x86_64 GNU/Linux
Thu Mar 12 00:29:47 CET 2026
mri_convert orig_nu.mgz talsrcimg.img 
reading from orig_nu.mgz...
TR=0.00, TE=0.00, TI=0.00, flip angle=0.00
i_ras = (-1, 0, 0)
j_ras = (0, 0, -1)
k_ras = (0, 1, 0)
writing to talsrcimg.img...
Analyze Output Matrix
-1.00000   0.00000   0.00000   126.05018;
 0.00000   0.00000   1.00000  -139.56625;
 0.00000  -1.00000   0.00000   127.83133;
 0.00000   0.00000   0.00000   1.00000;
--------------------
INFO: set hdr.hist.orient to -1
mpr2mni305 talsrcimg
Thu Mar 12 00:29:47 CET 2026
/opt/freesurfer/bin/mpr2mni305 talsrcimg
mpr2mni305 7.3.2
target=711-2C_as_mni_average_305

---------------------------------------------------------------------
analyzeto4dfp talsrcimg -O0 -y
---------------------------------------------------------------------

freesurfer ifh2hdr.c
Thu Mar 12 00:29:47 2026
Writing: talsrcimg.4dfp.hdr
freesurfer analyzeto4dfp.c
Reading: talsrcimg.hdr
header size 348 bytes
hdr.dime.datatype	offset=70	value=2
hdr.dime.bitpix		offset=72	value=8
hdr.hist.orient		offset=252	value=-1
dimensionality     4
dimensions       256       256       256         1
Reading: talsrcimg.img
Writing: talsrcimg.4dfp.img
Writing: talsrcimg.4dfp.ifh
ifh2hdr talsrcimg -r0to211
ori=2

---------------------------------------------------------------------
gauss_4dfp talsrcimg 1.1
---------------------------------------------------------------------

freesurfer gauss_4dfp.c
Reading: talsrcimg.4dfp.img
Writing: talsrcimg_g11.4dfp.img
image dimensions 256 256 256 padded to 288 288 288
processing volume 1freesurfer ifh2hdr.c
Thu Mar 12 00:29:49 2026
Writing: talsrcimg_g11.4dfp.hdr

Writing: talsrcimg_g11.4dfp.ifh
including: talsrcimg.4dfp.img.rec in talsrcimg_g11.4dfp.img.rec

---------------------------------------------------------------------
imgreg_4dfp /opt/freesurfer/average/711-2C_as_mni_average_305 none talsrcimg_g11 none talsrcimg_to_711-2C_as_mni_average_305_t4 4355
---------------------------------------------------------------------

freesurfer imgreg_4dfp.c
/opt/freesurfer/average/711-2C_as_mni_average_305.4dfp.img
       256       256       256         1
  1.000000  1.000000  1.000000
orientation T byte_order littleendian
Reading image: /opt/freesurfer/average/711-2C_as_mni_average_305.4dfp.img
dimensions:      256       256       256
mmppix:       1.0000   -1.0000   -1.0000
center:     128.0000 -129.0000 -129.0000
talsrcimg_g11.4dfp.img
       256       256       256         1
  1.000000  1.000000  1.000000
orientation T byte_order littleendian
Reading image: talsrcimg_g11.4dfp.img
dimensions:      256       256       256
mmppix:       1.0000   -1.0000   -1.0000
center:     128.0000 -129.0000 -129.0000
t4_read: open error in t4_sub.f l:  41 t4_file(1:l)talsrcimg_to_711-2C_as_mni_average_305_t4 
t4_read: transform initialized to I4
rotation matrix determinant  1.000000
image alignment mode   4355 decimal     1103 hex
   -7.5000  -45.0000  -45.0000 8343.6523   18.6736
    0.0000  -45.0000  -45.0000 8715.5967   18.6735
    7.5000  -45.0000  -45.0000 8305.8711   18.6816
   -7.5000  -37.5000  -45.0000 8785.3262   18.6725
    0.0000  -37.5000  -45.0000 9162.3867   18.6766
    7.5000  -37.5000  -45.0000 8720.6973   18.6816
   -7.5000  -30.0000  -45.0000 9465.2266   18.6720
    0.0000  -30.0000  -45.0000 9876.3096   18.6783
    7.5000  -30.0000  -45.0000 9392.5195   18.6733
   -7.5000  -22.5000  -45.000010087.4951   18.6767
    0.0000  -22.5000  -45.000010530.9814   18.6794
    7.5000  -22.5000  -45.000010021.5068   18.6655
   -7.5000  -15.0000  -45.000010678.1064   18.6797
    0.0000  -15.0000  -45.000011141.9004   18.6779
    7.5000  -15.0000  -45.000010598.9453   18.6662
   -7.5000   -7.5000  -45.000011230.9639   18.6751
    0.0000   -7.5000  -45.000011721.6816   18.6728
    7.5000   -7.5000  -45.000011132.6035   18.6728
   -7.5000    0.0000  -45.000011677.3047   18.6725
    0.0000    0.0000  -45.000012200.5000   18.6724
    7.5000    0.0000  -45.000011592.1826   18.6804
   -7.5000    7.5000  -45.000011227.1680   18.6725
    0.0000    7.5000  -45.000011746.8682   18.6766
    7.5000    7.5000  -45.000011155.8145   18.6816
   -7.5000   15.0000  -45.000010662.5732   18.6720
    0.0000   15.0000  -45.000011126.3203   18.6783
    7.5000   15.0000  -45.000010572.6055   18.6733
   -7.5000   22.5000  -45.0000 9916.9492   18.6741
    0.0000   22.5000  -45.000010330.9434   18.6768
    7.5000   22.5000  -45.0000 9785.4902   18.6630
   -7.5000   30.0000  -45.0000 9153.0400   18.4308
    0.0000   30.0000  -45.0000 9540.0488   18.4290
    7.5000   30.0000  -45.0000 9005.8086   18.4174
   -7.5000   37.5000  -45.0000 8736.9561   18.4262
    0.0000   37.5000  -45.0000 9111.5889   18.4239
    7.5000   37.5000  -45.0000 8613.6123   18.4240
   -7.5000   45.0000  -45.0000 7917.9473   17.9562
    0.0000   45.0000  -45.0000 8275.0049   17.9560
    7.5000   45.0000  -45.0000 7801.3091   17.9637
   -7.5000  -45.0000  -37.5000 8913.9912   18.5650
    0.0000  -45.0000  -37.5000 9302.5557   18.5746
    7.5000  -45.0000  -37.5000 8859.4443   18.5903
   -7.5000  -37.5000  -37.5000 9357.5430   18.5562
    0.0000  -37.5000  -37.5000 9771.8105   18.5709
    7.5000  -37.5000  -37.5000 9291.9170   18.5848
   -7.5000  -30.0000  -37.500010078.2031   18.5567
    0.0000  -30.0000  -37.500010516.8398   18.5737
    7.5000  -30.0000  -37.500010002.0449   18.5774
   -7.5000  -22.5000  -37.500010739.8271   18.5708
    0.0000  -22.5000  -37.500011191.6455   18.5834
    7.5000  -22.5000  -37.500010651.8613   18.5768
   -7.5000  -15.0000  -37.500011352.2510   18.5810
    0.0000  -15.0000  -37.500011820.9648   18.5881
    7.5000  -15.0000  -37.500011244.4316   18.5821
   -7.5000   -7.5000  -37.500011895.8799   18.5747
    0.0000   -7.5000  -37.500012396.5049   18.5810
    7.5000   -7.5000  -37.500011811.6191   18.5872
   -7.5000    0.0000  -37.500012359.3789   18.5639
    0.0000    0.0000  -37.500012877.7939   18.5735
    7.5000    0.0000  -37.500012252.3486   18.5891
   -7.5000    7.5000  -37.500011884.9912   18.5562
    0.0000    7.5000  -37.500012393.5918   18.5709
    7.5000    7.5000  -37.500011766.1445   18.5848
   -7.5000   15.0000  -37.500011258.5000   18.5567
    0.0000   15.0000  -37.500011724.7109   18.5737
    7.5000   15.0000  -37.500011125.9824   18.5774
   -7.5000   22.5000  -37.500010445.5820   18.5682
    0.0000   22.5000  -37.500010848.7246   18.5809
    7.5000   22.5000  -37.500010272.4199   18.5743
   -7.5000   30.0000  -37.5000 9598.7314   18.3334
    0.0000   30.0000  -37.5000 9999.0557   18.3404
    7.5000   30.0000  -37.5000 9453.8594   18.3345
   -7.5000   37.5000  -37.5000 9152.0850   18.3272
    0.0000   37.5000  -37.5000 9547.4541   18.3333
    7.5000   37.5000  -37.5000 9021.1504   18.3395
   -7.5000   45.0000  -37.5000 8280.1357   17.8517
    0.0000   45.0000  -37.5000 8650.7539   17.8609
    7.5000   45.0000  -37.5000 8156.3369   17.8759
   -7.5000  -45.0000  -30.0000 9646.3447   19.2810
    0.0000  -45.0000  -30.000010062.8916   19.2953
    7.5000  -45.0000  -30.0000 9554.5723   19.3080
   -7.5000  -37.5000  -30.000010125.3242   19.2669
    0.0000  -37.5000  -30.000010561.2363   19.2882
    7.5000  -37.5000  -30.000010021.1553   19.3000
   -7.5000  -30.0000  -30.000010897.1318   19.2663
    0.0000  -30.0000  -30.000011355.5928   19.2886
    7.5000  -30.0000  -30.000010780.6592   19.2933
   -7.5000  -22.5000  -30.000011597.2676   19.2828
    0.0000  -22.5000  -30.000012066.5596   19.2978
    7.5000  -22.5000  -30.000011478.0332   19.2939
   -7.5000  -15.0000  -30.000012224.5020   19.2958
    0.0000  -15.0000  -30.000012705.9404   19.3028
    7.5000  -15.0000  -30.000012101.9805   19.2985
   -7.5000   -7.5000  -30.000012790.4434   19.2925
    0.0000   -7.5000  -30.000013288.4824   19.2999
    7.5000   -7.5000  -30.000012644.2676   19.3048
   -7.5000    0.0000  -30.000013271.5283   19.2800
    0.0000    0.0000  -30.000013788.3398   19.2942
    7.5000    0.0000  -30.000013092.3359   19.3067
   -7.5000    7.5000  -30.000012719.5781   19.2669
    0.0000    7.5000  -30.000013242.5293   19.2882
    7.5000    7.5000  -30.000012569.3447   19.3000
   -7.5000   15.0000  -30.000012040.0029   19.2663
    0.0000   15.0000  -30.000012498.8682   19.2886
    7.5000   15.0000  -30.000011860.1230   19.2933
   -7.5000   22.5000  -30.000011150.1621   19.2781
    0.0000   22.5000  -30.000011553.3799   19.2932
    7.5000   22.5000  -30.000010941.5205   19.2893
   -7.5000   30.0000  -30.000010204.5918   19.0405
    0.0000   30.0000  -30.000010602.9971   19.0474
    7.5000   30.0000  -30.000010033.9873   19.0431
   -7.5000   37.5000  -30.0000 9706.2412   19.0372
    0.0000   37.5000  -30.000010115.1553   19.0445
    7.5000   37.5000  -30.0000 9563.9600   19.0493
   -7.5000   45.0000  -30.0000 8751.9229   18.5539
    0.0000   45.0000  -30.0000 9115.2412   18.5676
    7.5000   45.0000  -30.0000 8618.1982   18.5797
   -7.5000  -45.0000  -22.500010370.2510   19.9413
    0.0000  -45.0000  -22.500010806.0215   19.9492
    7.5000  -45.0000  -22.500010258.5361   19.9490
   -7.5000  -37.5000  -22.500010878.0742   19.9315
    0.0000  -37.5000  -22.500011331.3018   19.9464
    7.5000  -37.5000  -22.500010752.3496   19.9434
   -7.5000  -30.0000  -22.500011701.5293   19.9274
    0.0000  -30.0000  -22.500012193.3750   19.9420
    7.5000  -30.0000  -22.500011558.0264   19.9341
   -7.5000  -22.5000  -22.500012444.2334   19.9324
    0.0000  -22.5000  -22.500012957.5498   19.9377
    7.5000  -22.5000  -22.500012275.5859   19.9264
   -7.5000  -15.0000  -22.500013104.9326   19.9393
    0.0000  -15.0000  -22.500013636.5332   19.9352
    7.5000  -15.0000  -22.500012903.9453   19.9260
   -7.5000   -7.5000  -22.500013709.4209   19.9432
    0.0000   -7.5000  -22.500014229.8438   19.9413
    7.5000   -7.5000  -22.500013466.5713   19.9382
   -7.5000    0.0000  -22.500014193.6924   19.9403
    0.0000    0.0000  -22.500014743.1172   19.9480
    7.5000    0.0000  -22.500013955.0938   19.9478
   -7.5000    7.5000  -22.500013554.8516   19.9315
    0.0000    7.5000  -22.500014097.1533   19.9464
    7.5000    7.5000  -22.500013338.3477   19.9434
   -7.5000   15.0000  -22.500012774.7393   19.9274
    0.0000   15.0000  -22.500013257.8662   19.9420
    7.5000   15.0000  -22.500012558.8799   19.9341
   -7.5000   22.5000  -22.500011834.0039   19.9263
    0.0000   22.5000  -22.500012229.1797   19.9315
    7.5000   22.5000  -22.500011582.7148   19.9203
   -7.5000   30.0000  -22.500010835.0967   19.6785
    0.0000   30.0000  -22.500011212.1436   19.6744
    7.5000   30.0000  -22.500010592.6924   19.6654
   -7.5000   37.5000  -22.500010274.1045   19.6823
    0.0000   37.5000  -22.500010655.8174   19.6805
    7.5000   37.5000  -22.500010074.1602   19.6774
   -7.5000   45.0000  -22.5000 9247.3281   19.2038
    0.0000   45.0000  -22.5000 9588.8564   19.2112
    7.5000   45.0000  -22.5000 9078.3770   19.2109
   -7.5000  -45.0000  -15.000011116.4512   20.4644
    0.0000  -45.0000  -15.000011577.2285   20.4604
    7.5000  -45.0000  -15.000010973.9678   20.4506
   -7.5000  -37.5000  -15.000011638.9131   20.4633
    0.0000  -37.5000  -15.000012120.8506   20.4649
    7.5000  -37.5000  -15.000011485.2568   20.4493
   -7.5000  -30.0000  -15.000012488.6367   20.4558
    0.0000  -30.0000  -15.000013005.1934   20.4571
    7.5000  -30.0000  -15.000012330.7656   20.4353
   -7.5000  -22.5000  -15.000013261.0996   20.4470
    0.0000  -22.5000  -15.000013813.9092   20.4402
    7.5000  -22.5000  -15.000013060.1006   20.4173
   -7.5000  -15.0000  -15.000013960.3857   20.4455
    0.0000  -15.0000  -15.000014555.5908   20.4304
    7.5000  -15.0000  -15.000013718.7812   20.4128
   -7.5000   -7.5000  -15.000014638.7441   20.4542
    0.0000   -7.5000  -15.000015211.4844   20.4418
    7.5000   -7.5000  -15.000014329.1992   20.4310
   -7.5000    0.0000  -15.000015130.3135   20.4632
    0.0000    0.0000  -15.000015710.8848   20.4592
    7.5000    0.0000  -15.000014807.3691   20.4493
   -7.5000    7.5000  -15.000014408.8896   20.4633
    0.0000    7.5000  -15.000014955.4785   20.4649
    7.5000    7.5000  -15.000014103.5439   20.4493
   -7.5000   15.0000  -15.000013533.3594   20.4558
    0.0000   15.0000  -15.000014020.3438   20.4571
    7.5000   15.0000  -15.000013254.5498   20.4353
   -7.5000   22.5000  -15.000012512.9111   20.4398
    0.0000   22.5000  -15.000012937.1904   20.4329
    7.5000   22.5000  -15.000012216.3799   20.4100
   -7.5000   30.0000  -15.000011472.1943   20.1809
    0.0000   30.0000  -15.000011851.4414   20.1660
    7.5000   30.0000  -15.000011164.8750   20.1487
   -7.5000   37.5000  -15.000010883.0439   20.1895
    0.0000   37.5000  -15.000011240.4883   20.1772
    7.5000   37.5000  -15.000010594.7471   20.1666
   -7.5000   45.0000  -15.0000 9763.4570   19.7193
    0.0000   45.0000  -15.000010086.1377   19.7154
    7.5000   45.0000  -15.0000 9529.2441   19.7058
   -7.5000  -45.0000   -7.500011880.6084   20.7493
    0.0000  -45.0000   -7.500012382.5342   20.7420
    7.5000  -45.0000   -7.500011754.4766   20.7372
   -7.5000  -37.5000   -7.500012435.8281   20.7520
    0.0000  -37.5000   -7.500012949.8438   20.7491
    7.5000  -37.5000   -7.500012278.6260   20.7393
   -7.5000  -30.0000   -7.500013302.8643   20.7470
    0.0000  -30.0000   -7.500013866.4590   20.7454
    7.5000  -30.0000   -7.500013152.9580   20.7266
   -7.5000  -22.5000   -7.500014090.5234   20.7400
    0.0000  -22.5000   -7.500014704.9775   20.7328
    7.5000  -22.5000   -7.500013888.4844   20.7090
   -7.5000  -15.0000   -7.500014856.4072   20.7374
    0.0000  -15.0000   -7.500015465.4834   20.7241
    7.5000  -15.0000   -7.500014601.6758   20.7047
   -7.5000   -7.5000   -7.500015569.0010   20.7406
    0.0000   -7.5000   -7.500016154.8604   20.7284
    7.5000   -7.5000   -7.500015233.2578   20.7189
   -7.5000    0.0000   -7.500016065.3936   20.7481
    0.0000    0.0000   -7.500016643.7949   20.7407
    7.5000    0.0000   -7.500015731.8047   20.7358
   -7.5000    7.5000   -7.500015296.2148   20.7520
    0.0000    7.5000   -7.500015840.2666   20.7491
    7.5000    7.5000   -7.500014974.0020   20.7393
   -7.5000   15.0000   -7.500014351.3193   20.7470
    0.0000   15.0000   -7.500014865.3564   20.7454
    7.5000   15.0000   -7.500014035.1064   20.7266
   -7.5000   22.5000   -7.500013244.4053   20.7304
    0.0000   22.5000   -7.500013723.9688   20.7233
    7.5000   22.5000   -7.500012950.6240   20.6995
   -7.5000   30.0000   -7.500012142.5840   20.4685
    0.0000   30.0000   -7.500012540.7324   20.4553
    7.5000   30.0000   -7.500011836.9531   20.4362
   -7.5000   37.5000   -7.500011521.5596   20.4716
    0.0000   37.5000   -7.500011890.3643   20.4596
    7.5000   37.5000   -7.500011190.4287   20.4502
   -7.5000   45.0000   -7.500010293.7002   19.9975
    0.0000   45.0000   -7.500010633.9023   19.9904
    7.5000   45.0000   -7.500010055.7217   19.9857
   -7.5000  -45.0000    0.000012557.2080   20.7970
    0.0000  -45.0000    0.000013101.7500   20.7971
    7.5000  -45.0000    0.000012452.4951   20.8057
   -7.5000  -37.5000    0.000013111.1924   20.7956
    0.0000  -37.5000    0.000013675.1367   20.8004
    7.5000  -37.5000    0.000013004.1660   20.8059
   -7.5000  -30.0000    0.000014069.5762   20.7950
    0.0000  -30.0000    0.000014690.6426   20.8024
    7.5000  -30.0000    0.000013931.6865   20.7967
   -7.5000  -22.5000    0.000014887.2871   20.8003
    0.0000  -22.5000    0.000015541.1758   20.8036
    7.5000  -22.5000    0.000014675.3809   20.7880
   -7.5000  -15.0000    0.000015701.0635   20.8038
    0.0000  -15.0000    0.000016320.0010   20.8021
    7.5000  -15.0000    0.000015417.6572   20.7886
   -7.5000   -7.5000    0.000016423.7148   20.7987
    0.0000   -7.5000    0.000016987.6816   20.7963
    7.5000   -7.5000    0.000016081.6689   20.7959
   -7.5000    0.0000    0.000016921.0000   20.7958
    0.0000    0.0000    0.000017490.8262   20.7958
    7.5000    0.0000    0.000016575.6582   20.8044
   -7.5000    7.5000    0.000016093.7500   20.7956
    0.0000    7.5000    0.000016646.9141   20.8004
    7.5000    7.5000    0.000015777.9814   20.8059
   -7.5000   15.0000    0.000015077.2744   20.7950
    0.0000   15.0000    0.000015596.2559   20.8024
    7.5000   15.0000    0.000014760.2822   20.7967
   -7.5000   22.5000    0.000013935.3359   20.7907
    0.0000   22.5000    0.000014423.3154   20.7940
    7.5000   22.5000    0.000013639.6025   20.7784
   -7.5000   30.0000    0.000012790.6094   20.5346
    0.0000   30.0000    0.000013213.6084   20.5328
    7.5000   30.0000    0.000012496.0225   20.5195
   -7.5000   37.5000    0.000012089.4141   20.5296
    0.0000   37.5000    0.000012493.7695   20.5272
    7.5000   37.5000    0.000011797.1094   20.5268
   -7.5000   45.0000    0.000010766.4902   20.0451
    0.0000   45.0000    0.000011162.7383   20.0451
    7.5000   45.0000    0.000010531.6562   20.0533
   -7.5000  -45.0000    7.500012186.2773   20.7527
    0.0000  -45.0000    7.500012717.7041   20.7635
    7.5000  -45.0000    7.500012102.3242   20.7809
   -7.5000  -37.5000    7.500012740.7246   20.7427
    0.0000  -37.5000    7.500013316.1484   20.7593
    7.5000  -37.5000    7.500012687.2754   20.7748
   -7.5000  -30.0000    7.500013770.2354   20.7431
    0.0000  -30.0000    7.500014432.7793   20.7622
    7.5000  -30.0000    7.500013658.2061   20.7665
   -7.5000  -22.5000    7.500014530.1006   20.7589
    0.0000  -22.5000    7.500015192.6094   20.7732
    7.5000  -22.5000    7.500014417.5244   20.7658
   -7.5000  -15.0000    7.500015214.1670   20.7704
    0.0000  -15.0000    7.500015831.1758   20.7785
    7.5000  -15.0000    7.500015110.5156   20.7717
   -7.5000   -7.5000    7.500015862.7178   20.7636
    0.0000   -7.5000    7.500016389.4297   20.7706
    7.5000   -7.5000    7.500015718.0703   20.7773
   -7.5000    0.0000    7.500016389.1914   20.7515
    0.0000    0.0000    7.500016930.8594   20.7622
    7.5000    0.0000    7.500016183.1709   20.7796
   -7.5000    7.5000    7.500015609.1025   20.7427
    0.0000    7.5000    7.500016147.2148   20.7593
    7.5000    7.5000    7.500015374.4004   20.7748
   -7.5000   15.0000    7.500014614.6006   20.7431
    0.0000   15.0000    7.500015118.5146   20.7622
    7.5000   15.0000    7.500014320.0791   20.7665
   -7.5000   22.5000    7.500013509.1221   20.7493
    0.0000   22.5000    7.500013992.5957   20.7636
    7.5000   22.5000    7.500013198.2803   20.7562
   -7.5000   30.0000    7.500012381.4307   20.5016
    0.0000   30.0000    7.500012821.9785   20.5096
    7.5000   30.0000    7.500012103.2393   20.5028
   -7.5000   37.5000    7.500011716.0566   20.4948
    0.0000   37.5000    7.500012100.7871   20.5018
    7.5000   37.5000    7.500011436.3984   20.5084
   -7.5000   45.0000    7.500010432.2842   20.0024
    0.0000   45.0000    7.500010777.4805   20.0127
    7.5000   45.0000    7.500010188.7549   20.0295
   -7.5000  -45.0000   15.000011674.5234   20.7104
    0.0000  -45.0000   15.000012214.4424   20.7257
    7.5000  -45.0000   15.000011647.7842   20.7393
   -7.5000  -37.5000   15.000012178.8115   20.6951
    0.0000  -37.5000   15.000012732.5752   20.7180
    7.5000  -37.5000   15.000012203.4482   20.7306
   -7.5000  -30.0000   15.000013106.3389   20.6945
    0.0000  -30.0000   15.000013763.9375   20.7184
    7.5000  -30.0000   15.000013133.8428   20.7234
   -7.5000  -22.5000   15.000013948.1992   20.7122
    0.0000  -22.5000   15.000014617.0938   20.7284
    7.5000  -22.5000   15.000013893.9521   20.7242
   -7.5000  -15.0000   15.000014697.0273   20.7263
    0.0000  -15.0000   15.000015361.0840   20.7338
    7.5000  -15.0000   15.000014589.3438   20.7291
   -7.5000   -7.5000   15.000015339.8115   20.7227
    0.0000   -7.5000   15.000015921.5381   20.7306
    7.5000   -7.5000   15.000015153.9131   20.7359
   -7.5000    0.0000   15.000015827.9404   20.7092
    0.0000    0.0000   15.000016397.6445   20.7245
    7.5000    0.0000   15.000015574.8457   20.7380
   -7.5000    7.5000   15.000015013.8213   20.6951
    0.0000    7.5000   15.000015546.3809   20.7180
    7.5000    7.5000   15.000014749.2881   20.7306
   -7.5000   15.0000   15.000014032.9736   20.6945
    0.0000   15.0000   15.000014509.4053   20.7184
    7.5000   15.0000   15.000013758.4023   20.7234
   -7.5000   22.5000   15.000012951.4131   20.7027
    0.0000   22.5000   15.000013401.5791   20.7188
    7.5000   22.5000   15.000012661.5303   20.7146
   -7.5000   30.0000   15.000011891.2432   20.4581
    0.0000   30.0000   15.000012283.6621   20.4654
    7.5000   30.0000   15.000011611.1035   20.4609
   -7.5000   37.5000   15.000011196.6689   20.4546
    0.0000   37.5000   15.000011579.7490   20.4624
    7.5000   37.5000   15.000010969.6846   20.4676
   -7.5000   45.0000   15.0000 9960.8828   19.9617
    0.0000   45.0000   15.000010307.6279   19.9764
    7.5000   45.0000   15.0000 9765.9531   19.9893
   -7.5000  -45.0000   22.500011061.3281   20.7471
    0.0000  -45.0000   22.500011583.7314   20.7554
    7.5000  -45.0000   22.500011040.4131   20.7553
   -7.5000  -37.5000   22.500011563.3584   20.7368
    0.0000  -37.5000   22.500012099.8389   20.7524
    7.5000  -37.5000   22.500011543.0000   20.7493
   -7.5000  -30.0000   22.500012449.1914   20.7324
    0.0000  -30.0000   22.500013024.6768   20.7477
    7.5000  -30.0000   22.500012426.0029   20.7395
   -7.5000  -22.5000   22.500013275.1318   20.7377
    0.0000  -22.5000   22.500013859.3613   20.7432
    7.5000  -22.5000   22.500013189.4287   20.7314
   -7.5000  -15.0000   22.500014035.7549   20.7449
    0.0000  -15.0000   22.500014676.5117   20.7407
    7.5000  -15.0000   22.500013891.4912   20.7310
   -7.5000   -7.5000   22.500014680.5342   20.7490
    0.0000   -7.5000   22.500015315.6094   20.7472
    7.5000   -7.5000   22.500014471.9131   20.7439
   -7.5000    0.0000   22.500015125.6357   20.7460
    0.0000    0.0000   22.500015774.6807   20.7542
    7.5000    0.0000   22.500014915.1709   20.7539
   -7.5000    7.5000   22.500014289.7402   20.7368
    0.0000    7.5000   22.500014869.4541   20.7524
    7.5000    7.5000   22.500014095.6934   20.7493
   -7.5000   15.0000   22.500013330.2666   20.7324
    0.0000   15.0000   22.500013834.4805   20.7477
    7.5000   15.0000   22.500013131.9453   20.7395
   -7.5000   22.5000   22.500012252.5322   20.7281
    0.0000   22.5000   22.500012720.6895   20.7336
    7.5000   22.5000   22.500012061.1934   20.7218
   -7.5000   30.0000   22.500011197.0811   20.4764
    0.0000   30.0000   22.500011605.9600   20.4723
    7.5000   30.0000   22.500011026.1270   20.4627
   -7.5000   37.5000   22.500010526.0322   20.4805
    0.0000   37.5000   22.500010906.2676   20.4787
    7.5000   37.5000   22.500010386.5508   20.4754
   -7.5000   45.0000   22.5000 9371.9834   19.9971
    0.0000   45.0000   22.5000 9717.5117   20.0050
    7.5000   45.0000   22.5000 9266.6045   20.0047
   -7.5000  -45.0000   30.000010373.0742   20.8727
    0.0000  -45.0000   30.000010829.0596   20.8685
    7.5000  -45.0000   30.000010264.2119   20.8584
   -7.5000  -37.5000   30.000010857.2158   20.8711
    0.0000  -37.5000   30.000011319.1562   20.8727
    7.5000  -37.5000   30.000010757.0332   20.8565
   -7.5000  -30.0000   30.000011686.1162   20.8632
    0.0000  -30.0000   30.000012147.6816   20.8644
    7.5000  -30.0000   30.000011582.7852   20.8418
   -7.5000  -22.5000   30.000012427.8926   20.8546
    0.0000  -22.5000   30.000012898.5654   20.8474
    7.5000  -22.5000   30.000012311.4502   20.8235
   -7.5000  -15.0000   30.000013088.5762   20.8535
    0.0000  -15.0000   30.000013622.7227   20.8378
    7.5000  -15.0000   30.000012986.1475   20.8195
   -7.5000   -7.5000   30.000013684.8623   20.8626
    0.0000   -7.5000   30.000014237.4033   20.8497
    7.5000   -7.5000   30.000013576.8848   20.8384
   -7.5000    0.0000   30.000014162.8887   20.8715
    0.0000    0.0000   30.000014725.2529   20.8673
    7.5000    0.0000   30.000014051.9707   20.8570
   -7.5000    7.5000   30.000013443.7930   20.8711
    0.0000    7.5000   30.000013940.5244   20.8727
    7.5000    7.5000   30.000013312.7979   20.8565
   -7.5000   15.0000   30.000012560.7666   20.8632
    0.0000   15.0000   30.000013008.9219   20.8644
    7.5000   15.0000   30.000012391.3203   20.8418
   -7.5000   22.5000   30.000011540.0186   20.8450
    0.0000   22.5000   30.000011975.4189   20.8377
    7.5000   22.5000   30.000011396.6104   20.8139
   -7.5000   30.0000   30.000010511.4570   20.5836
    0.0000   30.0000   30.000010889.8506   20.5681
    7.5000   30.0000   30.000010378.3604   20.5500
   -7.5000   37.5000   30.0000 9835.8008   20.5926
    0.0000   37.5000   30.000010181.0098   20.5798
    7.5000   37.5000   30.0000 9694.0078   20.5687
   -7.5000   45.0000   30.0000 8735.9619   20.1180
    0.0000   45.0000   30.0000 9050.5527   20.1139
    7.5000   45.0000   30.0000 8620.9639   20.1040
   -7.5000  -45.0000   37.5000 9948.8994   21.1098
    0.0000  -45.0000   37.500010368.0176   21.1022
    7.5000  -45.0000   37.5000 9868.9951   21.0970
   -7.5000  -37.5000   37.500010407.6338   21.1119
    0.0000  -37.5000   37.500010843.4131   21.1088
    7.5000  -37.5000   37.500010352.3799   21.0986
   -7.5000  -30.0000   37.500011217.6924   21.1061
    0.0000  -30.0000   37.500011674.1875   21.1042
    7.5000  -30.0000   37.500011130.6758   21.0847
   -7.5000  -22.5000   37.500011935.3760   21.0990
    0.0000  -22.5000   37.500012409.6064   21.0913
    7.5000  -22.5000   37.500011843.7881   21.0661
   -7.5000  -15.0000   37.500012554.8662   21.0970
    0.0000  -15.0000   37.500013089.7139   21.0830
    7.5000  -15.0000   37.500012486.2764   21.0621
   -7.5000   -7.5000   37.500013129.3682   21.1009
    0.0000   -7.5000   37.500013690.2588   21.0882
    7.5000   -7.5000   37.500013050.2988   21.0777
   -7.5000    0.0000   37.500013613.4375   21.1086
    0.0000    0.0000   37.500014165.6689   21.1009
    7.5000    0.0000   37.500013538.7979   21.0956
   -7.5000    7.5000   37.500012939.7686   21.1119
    0.0000    7.5000   37.500013455.5664   21.1088
    7.5000    7.5000   37.500012846.5508   21.0986
   -7.5000   15.0000   37.500012106.9775   21.1061
    0.0000   15.0000   37.500012573.8701   21.1042
    7.5000   15.0000   37.500011986.0146   21.0847
   -7.5000   22.5000   37.500011147.7939   21.0893
    0.0000   22.5000   37.500011569.6182   21.0816
    7.5000   22.5000   37.500011034.0439   21.0564
   -7.5000   30.0000   37.500010164.4795   20.8240
    0.0000   30.0000   37.500010553.1494   20.8101
    7.5000   30.0000   37.500010048.4961   20.7895
   -7.5000   37.5000   37.5000 9484.2363   20.8279
    0.0000   37.5000   37.5000 9840.0654   20.8152
    7.5000   37.5000   37.5000 9354.6289   20.8049
   -7.5000   45.0000   37.5000 8432.4570   20.3465
    0.0000   45.0000   37.5000 8736.9004   20.3391
    7.5000   45.0000   37.5000 8316.7627   20.3339
   -7.5000  -45.0000   45.0000 9064.2539   21.3081
    0.0000  -45.0000   45.0000 9452.7178   21.3083
    7.5000  -45.0000   45.0000 8995.1416   21.3171
   -7.5000  -37.5000   45.0000 9499.9766   21.3061
    0.0000  -37.5000   45.0000 9915.9756   21.3110
    7.5000  -37.5000   45.0000 9441.6719   21.3156
   -7.5000  -30.0000   45.000010259.9707   21.3055
    0.0000  -30.0000   45.000010678.2822   21.3124
    7.5000  -30.0000   45.000010178.0391   21.3047
   -7.5000  -22.5000   45.000010920.9883   21.3117
    0.0000  -22.5000   45.000011362.5674   21.3140
    7.5000  -22.5000   45.000010841.2129   21.2960
   -7.5000  -15.0000   45.000011482.7803   21.3160
    0.0000  -15.0000   45.000011968.6846   21.3131
    7.5000  -15.0000   45.000011429.6621   21.2980
   -7.5000   -7.5000   45.000011999.3643   21.3105
    0.0000   -7.5000   45.000012507.4248   21.3076
    7.5000   -7.5000   45.000011950.3828   21.3069
   -7.5000    0.0000   45.000012438.7012   21.3068
    0.0000    0.0000   45.000012948.5752   21.3069
    7.5000    0.0000   45.000012386.3604   21.3156
   -7.5000    7.5000   45.000011859.4326   21.3061
    0.0000    7.5000   45.000012348.9453   21.3110
    7.5000    7.5000   45.000011793.2148   21.3156
   -7.5000   15.0000   45.000011091.6289   21.3055
    0.0000   15.0000   45.000011544.2480   21.3124
    7.5000   15.0000   45.000011003.5771   21.3047
   -7.5000   22.5000   45.000010234.6016   21.3018
    0.0000   22.5000   45.000010641.5986   21.3041
    7.5000   22.5000   45.000010124.3105   21.2861
   -7.5000   30.0000   45.0000 9347.1299   21.0383
    0.0000   30.0000   45.0000 9729.4844   21.0355
    7.5000   30.0000   45.0000 9247.3379   21.0206
   -7.5000   37.5000   45.0000 8733.2041   21.0329
    0.0000   37.5000   45.0000 9062.1641   21.0301
    7.5000   37.5000   45.0000 8642.0020   21.0293
   -7.5000   45.0000   45.0000 7764.0576   20.5467
    0.0000   45.0000   45.0000 8054.0068   20.5469
    7.5000   45.0000   45.0000 7702.8350   20.5552

---------------------------------------------------------------------
imgreg_4dfp /opt/freesurfer/average/711-2C_as_mni_average_305 /opt/freesurfer/average/711-2B_as_mni_average_305_mask talsrcimg_g11 none talsrcimg_to_711-2C_as_mni_average_305_t4 4355
---------------------------------------------------------------------

freesurfer imgreg_4dfp.c
/opt/freesurfer/average/711-2C_as_mni_average_305.4dfp.img
       256       256       256         1
  1.000000  1.000000  1.000000
orientation T byte_order littleendian
Reading image: /opt/freesurfer/average/711-2C_as_mni_average_305.4dfp.img
dimensions:      256       256       256
mmppix:       1.0000   -1.0000   -1.0000
center:     128.0000 -129.0000 -129.0000
/opt/freesurfer/average/711-2B_as_mni_average_305_mask.4dfp.img
       256       256       256         1
  1.000000  1.000000  1.000000
orientation T byte_order littleendian
Reading mask: /opt/freesurfer/average/711-2B_as_mni_average_305_mask.4dfp.img (2306576 pixels)
talsrcimg_g11.4dfp.img
       256       256       256         1
  1.000000  1.000000  1.000000
orientation T byte_order littleendian
Reading image: talsrcimg_g11.4dfp.img
dimensions:      256       256       256
mmppix:       1.0000   -1.0000   -1.0000
center:     128.0000 -129.0000 -129.0000
rotation matrix determinant  1.000000
image alignment mode   4355 decimal     1103 hex
   -7.5000  -45.0000  -45.0000 2108.4438   19.5290
    0.0000  -45.0000  -45.0000 2118.3569   19.5413
    7.5000  -45.0000  -45.0000 2110.9402   19.7582
   -7.5000  -37.5000  -45.0000 2183.2991   18.1399
    0.0000  -37.5000  -45.0000 2187.9724   18.1183
    7.5000  -37.5000  -45.0000 2179.6946   18.3459
   -7.5000  -30.0000  -45.0000 2231.3591   17.1961
    0.0000  -30.0000  -45.0000 2236.0930   17.1490
    7.5000  -30.0000  -45.0000 2225.2925   17.3343
   -7.5000  -22.5000  -45.0000 2250.9028   16.5746
    0.0000  -22.5000  -45.0000 2261.9551   16.5308
    7.5000  -22.5000  -45.0000 2255.4084   16.7179
   -7.5000  -15.0000  -45.0000 2258.2271   16.3209
    0.0000  -15.0000  -45.0000 2272.5457   16.2289
    7.5000  -15.0000  -45.0000 2262.6353   16.4651
   -7.5000   -7.5000  -45.0000 2248.6824   16.5229
    0.0000   -7.5000  -45.0000 2262.3638   16.4451
    7.5000   -7.5000  -45.0000 2245.2803   16.6750
   -7.5000    0.0000  -45.0000 2209.2554   17.1154
    0.0000    0.0000  -45.0000 2224.2854   16.9863
    7.5000    0.0000  -45.0000 2205.0911   17.2099
   -7.5000    7.5000  -45.0000 2148.8533   18.0388
    0.0000    7.5000  -45.0000 2165.1968   17.9377
    7.5000    7.5000  -45.0000 2145.8494   18.1576
   -7.5000   15.0000  -45.0000 2067.0486   19.3349
    0.0000   15.0000  -45.0000 2078.5837   19.2564
    7.5000   15.0000  -45.0000 2061.2903   19.4841
   -7.5000   22.5000  -45.0000 1966.6206   21.1253
    0.0000   22.5000  -45.0000 1978.4628   21.0533
    7.5000   22.5000  -45.0000 1960.2172   21.3655
   -7.5000   30.0000  -45.0000 1854.1038   23.7699
    0.0000   30.0000  -45.0000 1868.3580   23.6173
    7.5000   30.0000  -45.0000 1848.8270   23.9253
   -7.5000   37.5000  -45.0000 1739.3345   27.4045
    0.0000   37.5000  -45.0000 1747.7612   27.2467
    7.5000   37.5000  -45.0000 1737.7134   27.5544
   -7.5000   45.0000  -45.0000 1614.4868   32.2772
    0.0000   45.0000  -45.0000 1625.0156   32.0731
    7.5000   45.0000  -45.0000 1613.1560   32.5570
   -7.5000  -45.0000  -37.5000 2201.0215   17.9956
    0.0000  -45.0000  -37.5000 2206.7205   18.0154
    7.5000  -45.0000  -37.5000 2198.0667   18.2443
   -7.5000  -37.5000  -37.5000 2279.3293   16.7123
    0.0000  -37.5000  -37.5000 2281.8628   16.7251
    7.5000  -37.5000  -37.5000 2267.8459   16.9231
   -7.5000  -30.0000  -37.5000 2326.1821   15.8264
    0.0000  -30.0000  -37.5000 2334.2502   15.8110
    7.5000  -30.0000  -37.5000 2318.6914   16.0250
   -7.5000  -22.5000  -37.5000 2352.2976   15.3161
    0.0000  -22.5000  -37.5000 2363.1106   15.2513
    7.5000  -22.5000  -37.5000 2352.3281   15.4486
   -7.5000  -15.0000  -37.5000 2362.1680   15.0636
    0.0000  -15.0000  -37.5000 2375.4324   14.9834
    7.5000  -15.0000  -37.5000 2362.3313   15.1830
   -7.5000   -7.5000  -37.5000 2344.5227   15.2229
    0.0000   -7.5000  -37.5000 2362.2717   15.1261
    7.5000   -7.5000  -37.5000 2348.5237   15.3526
   -7.5000    0.0000  -37.5000 2307.8286   15.7022
    0.0000    0.0000  -37.5000 2324.6587   15.6013
    7.5000    0.0000  -37.5000 2305.8479   15.8431
   -7.5000    7.5000  -37.5000 2243.1082   16.5182
    0.0000    7.5000  -37.5000 2263.7966   16.4087
    7.5000    7.5000  -37.5000 2243.9832   16.6589
   -7.5000   15.0000  -37.5000 2155.9028   17.7218
    0.0000   15.0000  -37.5000 2173.8093   17.6085
    7.5000   15.0000  -37.5000 2155.2695   17.8658
   -7.5000   22.5000  -37.5000 2055.9709   19.4151
    0.0000   22.5000  -37.5000 2066.7947   19.3102
    7.5000   22.5000  -37.5000 2047.4736   19.5620
   -7.5000   30.0000  -37.5000 1936.3706   21.7915
    0.0000   30.0000  -37.5000 1951.2490   21.6908
    7.5000   30.0000  -37.5000 1931.2343   21.9128
   -7.5000   37.5000  -37.5000 1815.9834   24.9712
    0.0000   37.5000  -37.5000 1824.6450   24.7874
    7.5000   37.5000  -37.5000 1810.3003   25.1062
   -7.5000   45.0000  -37.5000 1681.3740   29.3441
    0.0000   45.0000  -37.5000 1686.7832   29.1038
    7.5000   45.0000  -37.5000 1674.9700   29.4620
   -7.5000  -45.0000  -30.0000 2324.6948   17.2346
    0.0000  -45.0000  -30.0000 2331.2788   17.2286
    7.5000  -45.0000  -30.0000 2314.9348   17.4302
   -7.5000  -37.5000  -30.0000 2409.7156   15.9656
    0.0000  -37.5000  -30.0000 2415.3708   15.9682
    7.5000  -37.5000  -30.0000 2397.1497   16.1669
   -7.5000  -30.0000  -30.0000 2466.7437   15.1236
    0.0000  -30.0000  -30.0000 2471.9500   15.0877
    7.5000  -30.0000  -30.0000 2455.0593   15.2994
   -7.5000  -22.5000  -30.0000 2502.7434   14.6552
    0.0000  -22.5000  -30.0000 2511.9814   14.5725
    7.5000  -22.5000  -30.0000 2496.2461   14.7777
   -7.5000  -15.0000  -30.0000 2512.8728   14.4597
    0.0000  -15.0000  -30.0000 2525.6204   14.3558
    7.5000  -15.0000  -30.0000 2511.4771   14.5769
   -7.5000   -7.5000  -30.0000 2493.7136   14.5922
    0.0000   -7.5000  -30.0000 2511.4788   14.4672
    7.5000   -7.5000  -30.0000 2496.9573   14.7145
   -7.5000    0.0000  -30.0000 2454.9094   15.0297
    0.0000    0.0000  -30.0000 2473.9678   14.8820
    7.5000    0.0000  -30.0000 2449.8743   15.1618
   -7.5000    7.5000  -30.0000 2384.8357   15.7873
    0.0000    7.5000  -30.0000 2405.8503   15.6426
    7.5000    7.5000  -30.0000 2384.5020   15.9044
   -7.5000   15.0000  -30.0000 2291.2146   16.9078
    0.0000   15.0000  -30.0000 2305.5122   16.7802
    7.5000   15.0000  -30.0000 2283.4980   17.0420
   -7.5000   22.5000  -30.0000 2182.8516   18.4789
    0.0000   22.5000  -30.0000 2191.7358   18.3634
    7.5000   22.5000  -30.0000 2172.1060   18.6384
   -7.5000   30.0000  -30.0000 2049.8633   20.7368
    0.0000   30.0000  -30.0000 2064.3176   20.6139
    7.5000   30.0000  -30.0000 2047.1298   20.8282
   -7.5000   37.5000  -30.0000 1921.2308   23.6179
    0.0000   37.5000  -30.0000 1932.9154   23.5457
    7.5000   37.5000  -30.0000 1910.6000   23.8287
   -7.5000   45.0000  -30.0000 1776.4681   27.7010
    0.0000   45.0000  -30.0000 1779.8351   27.5086
    7.5000   45.0000  -30.0000 1765.2299   27.8652
   -7.5000  -45.0000  -22.5000 2414.1973   16.4366
    0.0000  -45.0000  -22.5000 2421.1582   16.3796
    7.5000  -45.0000  -22.5000 2403.4941   16.5919
   -7.5000  -37.5000  -22.5000 2511.5959   15.2025
    0.0000  -37.5000  -22.5000 2520.6868   15.1419
    7.5000  -37.5000  -22.5000 2504.6765   15.3476
   -7.5000  -30.0000  -22.5000 2579.6875   14.3781
    0.0000  -30.0000  -22.5000 2589.4319   14.3167
    7.5000  -30.0000  -22.5000 2572.2065   14.5245
   -7.5000  -22.5000  -22.5000 2630.0139   13.9164
    0.0000  -22.5000  -22.5000 2638.3127   13.8252
    7.5000  -22.5000  -22.5000 2618.7488   14.0328
   -7.5000  -15.0000  -22.5000 2643.3503   13.7663
    0.0000  -15.0000  -22.5000 2656.5081   13.6637
    7.5000  -15.0000  -22.5000 2638.6079   13.8695
   -7.5000   -7.5000  -22.5000 2626.6658   13.9319
    0.0000   -7.5000  -22.5000 2640.9258   13.8080
    7.5000   -7.5000  -22.5000 2620.1919   14.0174
   -7.5000    0.0000  -22.5000 2582.8069   14.3239
    0.0000    0.0000  -22.5000 2603.2007   14.1946
    7.5000    0.0000  -22.5000 2577.3447   14.4296
   -7.5000    7.5000  -22.5000 2505.5552   15.0389
    0.0000    7.5000  -22.5000 2525.7500   14.8999
    7.5000    7.5000  -22.5000 2499.7830   15.1380
   -7.5000   15.0000  -22.5000 2400.5256   16.0581
    0.0000   15.0000  -22.5000 2412.7236   15.9505
    7.5000   15.0000  -22.5000 2393.9272   16.2000
   -7.5000   22.5000  -22.5000 2285.5735   17.5774
    0.0000   22.5000  -22.5000 2291.0088   17.4433
    7.5000   22.5000  -22.5000 2273.6865   17.6957
   -7.5000   30.0000  -22.5000 2147.7585   19.6235
    0.0000   30.0000  -22.5000 2158.4731   19.4910
    7.5000   30.0000  -22.5000 2135.2498   19.7502
   -7.5000   37.5000  -22.5000 2002.1627   22.4271
    0.0000   37.5000  -22.5000 2015.4207   22.3027
    7.5000   37.5000  -22.5000 1989.2703   22.5247
   -7.5000   45.0000  -22.5000 1850.4413   26.1512
    0.0000   45.0000  -22.5000 1851.8693   25.9832
    7.5000   45.0000  -22.5000 1835.6075   26.2889
   -7.5000  -45.0000  -15.0000 2474.1680   15.6682
    0.0000  -45.0000  -15.0000 2486.3083   15.5904
    7.5000  -45.0000  -15.0000 2462.5303   15.8412
   -7.5000  -37.5000  -15.0000 2583.2661   14.4952
    0.0000  -37.5000  -15.0000 2597.8469   14.4041
    7.5000  -37.5000  -15.0000 2578.4170   14.6126
   -7.5000  -30.0000  -15.0000 2662.4509   13.7054
    0.0000  -30.0000  -15.0000 2675.9436   13.6289
    7.5000  -30.0000  -15.0000 2658.3413   13.8148
   -7.5000  -22.5000  -15.0000 2719.3054   13.2277
    0.0000  -22.5000  -15.0000 2730.7014   13.1479
    7.5000  -22.5000  -15.0000 2711.9609   13.3293
   -7.5000  -15.0000  -15.0000 2745.5229   13.0771
    0.0000  -15.0000  -15.0000 2758.2871   13.0034
    7.5000  -15.0000  -15.0000 2737.0134   13.1791
   -7.5000   -7.5000  -15.0000 2734.9988   13.2439
    0.0000   -7.5000  -15.0000 2751.3667   13.1562
    7.5000   -7.5000  -15.0000 2724.2241   13.3348
   -7.5000    0.0000  -15.0000 2688.7432   13.6685
    0.0000    0.0000  -15.0000 2705.8462   13.5425
    7.5000    0.0000  -15.0000 2673.2112   13.7421
   -7.5000    7.5000  -15.0000 2600.1240   14.3527
    0.0000    7.5000  -15.0000 2616.5300   14.2151
    7.5000    7.5000  -15.0000 2585.8918   14.4407
   -7.5000   15.0000  -15.0000 2486.4004   15.3393
    0.0000   15.0000  -15.0000 2494.6770   15.2022
    7.5000   15.0000  -15.0000 2475.6748   15.4492
   -7.5000   22.5000  -15.0000 2357.8071   16.7569
    0.0000   22.5000  -15.0000 2365.7952   16.5933
    7.5000   22.5000  -15.0000 2345.4453   16.8548
   -7.5000   30.0000  -15.0000 2214.3933   18.7038
    0.0000   30.0000  -15.0000 2218.7156   18.5331
    7.5000   30.0000  -15.0000 2195.8340   18.7760
   -7.5000   37.5000  -15.0000 2061.5398   21.4017
    0.0000   37.5000  -15.0000 2065.2407   21.1454
    7.5000   37.5000  -15.0000 2042.5719   21.3606
   -7.5000   45.0000  -15.0000 1906.2821   24.9493
    0.0000   45.0000  -15.0000 1908.1472   24.6902
    7.5000   45.0000  -15.0000 1885.6180   24.9380
   -7.5000  -45.0000   -7.5000 2511.3975   15.0125
    0.0000  -45.0000   -7.5000 2526.7068   14.9353
    7.5000  -45.0000   -7.5000 2504.5994   15.2087
   -7.5000  -37.5000   -7.5000 2634.3325   13.8698
    0.0000  -37.5000   -7.5000 2653.5818   13.7784
    7.5000  -37.5000   -7.5000 2629.2781   14.0158
   -7.5000  -30.0000   -7.5000 2727.6108   13.0727
    0.0000  -30.0000   -7.5000 2746.6296   13.0000
    7.5000  -30.0000   -7.5000 2722.5557   13.2086
   -7.5000  -22.5000   -7.5000 2795.4333   12.5845
    0.0000  -22.5000   -7.5000 2813.6902   12.5246
    7.5000  -22.5000   -7.5000 2784.0427   12.7169
   -7.5000  -15.0000   -7.5000 2832.5669   12.4461
    0.0000  -15.0000   -7.5000 2846.1934   12.3892
    7.5000  -15.0000   -7.5000 2813.6804   12.5720
   -7.5000   -7.5000   -7.5000 2825.4121   12.6207
    0.0000   -7.5000   -7.5000 2840.3247   12.5355
    7.5000   -7.5000   -7.5000 2802.8274   12.7272
   -7.5000    0.0000   -7.5000 2766.3855   13.0336
    0.0000    0.0000   -7.5000 2782.6560   12.9194
    7.5000    0.0000   -7.5000 2746.7402   13.1389
   -7.5000    7.5000   -7.5000 2672.7490   13.6946
    0.0000    7.5000   -7.5000 2687.7336   13.5642
    7.5000    7.5000   -7.5000 2655.6145   13.8088
   -7.5000   15.0000   -7.5000 2548.9021   14.6700
    0.0000   15.0000   -7.5000 2561.2595   14.5397
    7.5000   15.0000   -7.5000 2532.1731   14.8006
   -7.5000   22.5000   -7.5000 2406.7983   16.0775
    0.0000   22.5000   -7.5000 2420.1672   15.9009
    7.5000   22.5000   -7.5000 2395.1812   16.1944
   -7.5000   30.0000   -7.5000 2255.6484   17.9532
    0.0000   30.0000   -7.5000 2264.2407   17.7699
    7.5000   30.0000   -7.5000 2244.2754   18.0703
   -7.5000   37.5000   -7.5000 2104.1016   20.4670
    0.0000   37.5000   -7.5000 2109.5239   20.2447
    7.5000   37.5000   -7.5000 2085.1406   20.5588
   -7.5000   45.0000   -7.5000 1938.7554   23.8612
    0.0000   45.0000   -7.5000 1940.5088   23.6478
    7.5000   45.0000   -7.5000 1925.8524   23.9549
   -7.5000  -45.0000    0.0000 2529.9600   14.5900
    0.0000  -45.0000    0.0000 2542.8650   14.5032
    7.5000  -45.0000    0.0000 2524.8987   14.8532
   -7.5000  -37.5000    0.0000 2663.3716   13.4057
    0.0000  -37.5000    0.0000 2683.1697   13.3430
    7.5000  -37.5000    0.0000 2657.3083   13.6669
   -7.5000  -30.0000    0.0000 2774.4768   12.6275
    0.0000  -30.0000    0.0000 2796.3350   12.5588
    7.5000  -30.0000    0.0000 2767.6228   12.8438
   -7.5000  -22.5000    0.0000 2859.4202   12.1283
    0.0000  -22.5000    0.0000 2888.9009   12.0592
    7.5000  -22.5000    0.0000 2845.8362   12.3148
   -7.5000  -15.0000    0.0000 2908.6875   11.9918
    0.0000  -15.0000    0.0000 2932.9412   11.9083
    7.5000  -15.0000    0.0000 2876.9485   12.1735
   -7.5000   -7.5000    0.0000 2895.2539   12.1630
    0.0000   -7.5000    0.0000 2910.1389   12.0546
    7.5000   -7.5000    0.0000 2859.5640   12.3135
   -7.5000    0.0000    0.0000 2818.4814   12.5741
    0.0000    0.0000    0.0000 2838.4363   12.4325
    7.5000    0.0000    0.0000 2796.5891   12.7108
   -7.5000    7.5000    0.0000 2716.4680   13.2316
    0.0000    7.5000    0.0000 2738.4504   13.0827
    7.5000    7.5000    0.0000 2701.7339   13.3840
   -7.5000   15.0000    0.0000 2588.2529   14.1801
    0.0000   15.0000    0.0000 2601.4717   14.0548
    7.5000   15.0000    0.0000 2569.8135   14.3794
   -7.5000   22.5000    0.0000 2441.7090   15.5902
    0.0000   22.5000    0.0000 2455.5479   15.4378
    7.5000   22.5000    0.0000 2426.9834   15.7826
   -7.5000   30.0000    0.0000 2284.2437   17.4173
    0.0000   30.0000    0.0000 2296.1191   17.2843
    7.5000   30.0000    0.0000 2268.8975   17.6196
   -7.5000   37.5000    0.0000 2119.6628   19.8051
    0.0000   37.5000    0.0000 2135.1929   19.6578
    7.5000   37.5000    0.0000 2111.8640   20.0289
   -7.5000   45.0000    0.0000 1949.4741   22.9550
    0.0000   45.0000    0.0000 1962.9313   22.7648
    7.5000   45.0000    0.0000 1942.7524   23.1641
   -7.5000  -45.0000    7.5000 2532.0098   14.3399
    0.0000  -45.0000    7.5000 2544.8979   14.2761
    7.5000  -45.0000    7.5000 2521.9150   14.6911
   -7.5000  -37.5000    7.5000 2671.4697   13.1627
    0.0000  -37.5000    7.5000 2693.1392   13.0948
    7.5000  -37.5000    7.5000 2665.3726   13.4938
   -7.5000  -30.0000    7.5000 2799.2710   12.3885
    0.0000  -30.0000    7.5000 2826.4160   12.3237
    7.5000  -30.0000    7.5000 2793.6038   12.6697
   -7.5000  -22.5000    7.5000 2907.8181   11.8763
    0.0000  -22.5000    7.5000 2943.2109   11.8179
    7.5000  -22.5000    7.5000 2889.5867   12.1137
   -7.5000  -15.0000    7.5000 2963.0176   11.6554
    0.0000  -15.0000    7.5000 2994.7007   11.5858
    7.5000  -15.0000    7.5000 2921.8284   11.9526
   -7.5000   -7.5000    7.5000 2937.5635   11.8340
    0.0000   -7.5000    7.5000 2951.0720   11.7363
    7.5000   -7.5000    7.5000 2893.6592   12.1281
   -7.5000    0.0000    7.5000 2848.1086   12.2863
    0.0000    0.0000    7.5000 2864.7446   12.1845
    7.5000    0.0000    7.5000 2820.4248   12.5188
   -7.5000    7.5000    7.5000 2737.8464   12.9457
    0.0000    7.5000    7.5000 2759.5183   12.8336
    7.5000    7.5000    7.5000 2720.3223   13.1539
   -7.5000   15.0000    7.5000 2600.5818   13.9225
    0.0000   15.0000    7.5000 2615.9009   13.8293
    7.5000   15.0000    7.5000 2580.8801   14.1170
   -7.5000   22.5000    7.5000 2455.5837   15.3226
    0.0000   22.5000    7.5000 2465.1831   15.2100
    7.5000   22.5000    7.5000 2433.5894   15.4732
   -7.5000   30.0000    7.5000 2291.3762   17.1389
    0.0000   30.0000    7.5000 2300.9878   17.0182
    7.5000   30.0000    7.5000 2279.2920   17.2871
   -7.5000   37.5000    7.5000 2131.4836   19.4976
    0.0000   37.5000    7.5000 2137.9504   19.3135
    7.5000   37.5000    7.5000 2121.3350   19.6676
   -7.5000   45.0000    7.5000 1955.3031   22.5823
    0.0000   45.0000    7.5000 1966.9269   22.3591
    7.5000   45.0000    7.5000 1949.6866   22.7798
   -7.5000  -45.0000   15.0000 2516.4553   14.3700
    0.0000  -45.0000   15.0000 2535.9548   14.3266
    7.5000  -45.0000   15.0000 2506.5239   14.7823
   -7.5000  -37.5000   15.0000 2659.4897   13.1506
    0.0000  -37.5000   15.0000 2677.6067   13.0815
    7.5000  -37.5000   15.0000 2651.1970   13.5440
   -7.5000  -30.0000   15.0000 2787.1580   12.3662
    0.0000  -30.0000   15.0000 2812.5933   12.3114
    7.5000  -30.0000   15.0000 2782.1602   12.7094
   -7.5000  -22.5000   15.0000 2900.7244   11.8917
    0.0000  -22.5000   15.0000 2934.6289   11.8264
    7.5000  -22.5000   15.0000 2881.4531   12.1556
   -7.5000  -15.0000   15.0000 2956.5154   11.7203
    0.0000  -15.0000   15.0000 2989.0203   11.6531
    7.5000  -15.0000   15.0000 2920.9822   11.9714
   -7.5000   -7.5000   15.0000 2936.0337   11.8231
    0.0000   -7.5000   15.0000 2951.6584   11.7835
    7.5000   -7.5000   15.0000 2896.9668   12.0893
   -7.5000    0.0000   15.0000 2847.7971   12.2374
    0.0000    0.0000   15.0000 2865.1431   12.1940
    7.5000    0.0000   15.0000 2820.0864   12.4714
   -7.5000    7.5000   15.0000 2727.0654   12.9137
    0.0000    7.5000   15.0000 2746.7546   12.8376
    7.5000    7.5000   15.0000 2712.0459   13.1012
   -7.5000   15.0000   15.0000 2592.5134   13.9141
    0.0000   15.0000   15.0000 2603.2639   13.8093
    7.5000   15.0000   15.0000 2575.8870   14.0647
   -7.5000   22.5000   15.0000 2446.7100   15.2872
    0.0000   22.5000   15.0000 2451.9348   15.1837
    7.5000   22.5000   15.0000 2426.7715   15.4067
   -7.5000   30.0000   15.0000 2283.4956   17.0961
    0.0000   30.0000   15.0000 2288.2842   16.9578
    7.5000   30.0000   15.0000 2269.3608   17.2353
   -7.5000   37.5000   15.0000 2117.5093   19.4431
    0.0000   37.5000   15.0000 2123.0586   19.2617
    7.5000   37.5000   15.0000 2104.4480   19.5698
   -7.5000   45.0000   15.0000 1943.1952   22.3909
    0.0000   45.0000   15.0000 1955.5186   22.1873
    7.5000   45.0000   15.0000 1939.7755   22.5358
   -7.5000  -45.0000   22.5000 2493.6436   14.7217
    0.0000  -45.0000   22.5000 2511.7646   14.6742
    7.5000  -45.0000   22.5000 2484.4880   15.1466
   -7.5000  -37.5000   22.5000 2633.2124   13.5257
    0.0000  -37.5000   22.5000 2648.6606   13.4701
    7.5000  -37.5000   22.5000 2622.9299   13.8800
   -7.5000  -30.0000   22.5000 2759.0071   12.7496
    0.0000  -30.0000   22.5000 2775.6147   12.7054
    7.5000  -30.0000   22.5000 2745.9438   13.0372
   -7.5000  -22.5000   22.5000 2862.0105   12.2367
    0.0000  -22.5000   22.5000 2886.4709   12.1448
    7.5000  -22.5000   22.5000 2839.2815   12.5058
   -7.5000  -15.0000   22.5000 2906.5837   12.0968
    0.0000  -15.0000   22.5000 2931.8970   12.0227
    7.5000  -15.0000   22.5000 2882.7542   12.3112
   -7.5000   -7.5000   22.5000 2891.0210   12.2238
    0.0000   -7.5000   22.5000 2907.0823   12.1631
    7.5000   -7.5000   22.5000 2865.7283   12.3911
   -7.5000    0.0000   22.5000 2813.7312   12.6227
    0.0000    0.0000   22.5000 2830.3928   12.5636
    7.5000    0.0000   22.5000 2793.5623   12.7819
   -7.5000    7.5000   22.5000 2697.4272   13.2434
    0.0000    7.5000   22.5000 2708.4041   13.1601
    7.5000    7.5000   22.5000 2682.5229   13.3907
   -7.5000   15.0000   22.5000 2566.0598   14.1726
    0.0000   15.0000   22.5000 2573.4163   14.0488
    7.5000   15.0000   22.5000 2553.0598   14.2835
   -7.5000   22.5000   22.5000 2422.0852   15.4708
    0.0000   22.5000   22.5000 2425.5042   15.3463
    7.5000   22.5000   22.5000 2406.6716   15.5822
   -7.5000   30.0000   22.5000 2258.3237   17.2096
    0.0000   30.0000   22.5000 2261.7129   17.0762
    7.5000   30.0000   22.5000 2248.5090   17.3557
   -7.5000   37.5000   22.5000 2093.6985   19.5534
    0.0000   37.5000   22.5000 2100.1536   19.3905
    7.5000   37.5000   22.5000 2085.8601   19.7044
   -7.5000   45.0000   22.5000 1925.4613   22.5644
    0.0000   45.0000   22.5000 1933.0233   22.3355
    7.5000   45.0000   22.5000 1918.8077   22.6939
   -7.5000  -45.0000   30.0000 2466.0623   15.4722
    0.0000  -45.0000   30.0000 2478.3464   15.3940
    7.5000  -45.0000   30.0000 2450.6399   15.8344
   -7.5000  -37.5000   30.0000 2599.1479   14.2525
    0.0000  -37.5000   30.0000 2609.6233   14.1898
    7.5000  -37.5000   30.0000 2582.6150   14.5536
   -7.5000  -30.0000   30.0000 2717.1860   13.4040
    0.0000  -30.0000   30.0000 2727.6938   13.3123
    7.5000  -30.0000   30.0000 2696.0352   13.6648
   -7.5000  -22.5000   30.0000 2803.3943   12.8569
    0.0000  -22.5000   30.0000 2818.2603   12.7462
    7.5000  -22.5000   30.0000 2777.3621   13.0958
   -7.5000  -15.0000   30.0000 2833.4783   12.7038
    0.0000  -15.0000   30.0000 2851.4646   12.5978
    7.5000  -15.0000   30.0000 2817.6116   12.8762
   -7.5000   -7.5000   30.0000 2817.6326   12.7825
    0.0000   -7.5000   30.0000 2832.8623   12.6928
    7.5000   -7.5000   30.0000 2803.3804   12.9696
   -7.5000    0.0000   30.0000 2750.4917   13.1574
    0.0000    0.0000   30.0000 2764.5435   13.0868
    7.5000    0.0000   30.0000 2740.4297   13.3567
   -7.5000    7.5000   30.0000 2642.6013   13.8177
    0.0000    7.5000   30.0000 2651.6653   13.7434
    7.5000    7.5000   30.0000 2637.8459   13.9900
   -7.5000   15.0000   30.0000 2519.8171   14.7340
    0.0000   15.0000   30.0000 2529.8713   14.6217
    7.5000   15.0000   30.0000 2514.0442   14.8374
   -7.5000   22.5000   30.0000 2379.8521   15.9700
    0.0000   22.5000   30.0000 2389.7888   15.8447
    7.5000   22.5000   30.0000 2377.7480   16.0687
   -7.5000   30.0000   30.0000 2219.9561   17.6617
    0.0000   30.0000   30.0000 2225.7947   17.5289
    7.5000   30.0000   30.0000 2218.5044   17.7840
   -7.5000   37.5000   30.0000 2058.4683   19.9834
    0.0000   37.5000   30.0000 2066.6829   19.8090
    7.5000   37.5000   30.0000 2054.0063   20.0877
   -7.5000   45.0000   30.0000 1897.0214   22.9771
    0.0000   45.0000   30.0000 1901.8093   22.7683
    7.5000   45.0000   30.0000 1887.2833   23.0936
   -7.5000  -45.0000   37.5000 2430.7017   16.3961
    0.0000  -45.0000   37.5000 2440.6001   16.2928
    7.5000  -45.0000   37.5000 2408.8601   16.7397
   -7.5000  -37.5000   37.5000 2553.7349   15.1290
    0.0000  -37.5000   37.5000 2565.5356   15.0402
    7.5000  -37.5000   37.5000 2536.6284   15.4439
   -7.5000  -30.0000   37.5000 2659.3079   14.2600
    0.0000  -30.0000   37.5000 2672.9561   14.1442
    7.5000  -30.0000   37.5000 2634.7795   14.5139
   -7.5000  -22.5000   37.5000 2731.4446   13.7098
    0.0000  -22.5000   37.5000 2742.9185   13.6064
    7.5000  -22.5000   37.5000 2707.0476   13.9147
   -7.5000  -15.0000   37.5000 2748.4175   13.5084
    0.0000  -15.0000   37.5000 2766.2173   13.4125
    7.5000  -15.0000   37.5000 2736.6538   13.6741
   -7.5000   -7.5000   37.5000 2731.0098   13.5599
    0.0000   -7.5000   37.5000 2749.5823   13.4763
    7.5000   -7.5000   37.5000 2721.7759   13.7253
   -7.5000    0.0000   37.5000 2667.3276   13.9160
    0.0000    0.0000   37.5000 2680.3145   13.8383
    7.5000    0.0000   37.5000 2662.4375   14.0854
   -7.5000    7.5000   37.5000 2570.4412   14.5401
    0.0000    7.5000   37.5000 2581.3669   14.4478
    7.5000    7.5000   37.5000 2566.1826   14.7152
   -7.5000   15.0000   37.5000 2457.6877   15.4415
    0.0000   15.0000   37.5000 2467.4087   15.3436
    7.5000   15.0000   37.5000 2448.6213   15.5988
   -7.5000   22.5000   37.5000 2323.1382   16.6871
    0.0000   22.5000   37.5000 2336.6479   16.5791
    7.5000   22.5000   37.5000 2323.2576   16.8151
   -7.5000   30.0000   37.5000 2169.6047   18.4134
    0.0000   30.0000   37.5000 2182.7637   18.3015
    7.5000   30.0000   37.5000 2171.9954   18.5245
   -7.5000   37.5000   37.5000 2013.3236   20.6622
    0.0000   37.5000   37.5000 2024.9607   20.5484
    7.5000   37.5000   37.5000 2010.1196   20.8160
   -7.5000   45.0000   37.5000 1860.6240   23.6881
    0.0000   45.0000   37.5000 1865.6354   23.5282
    7.5000   45.0000   37.5000 1853.7760   23.8649
   -7.5000  -45.0000   45.0000 2376.5334   17.4855
    0.0000  -45.0000   45.0000 2385.3293   17.3575
    7.5000  -45.0000   45.0000 2350.5559   17.8025
   -7.5000  -37.5000   45.0000 2489.4077   16.1810
    0.0000  -37.5000   45.0000 2504.9299   16.1017
    7.5000  -37.5000   45.0000 2467.4929   16.4791
   -7.5000  -30.0000   45.0000 2583.2783   15.3069
    0.0000  -30.0000   45.0000 2596.2139   15.1878
    7.5000  -30.0000   45.0000 2557.1653   15.5355
   -7.5000  -22.5000   45.0000 2642.3621   14.7401
    0.0000  -22.5000   45.0000 2652.6411   14.6326
    7.5000  -22.5000   45.0000 2621.4585   14.9161
   -7.5000  -15.0000   45.0000 2654.6924   14.4974
    0.0000  -15.0000   45.0000 2668.2810   14.3810
    7.5000  -15.0000   45.0000 2642.6787   14.6378
   -7.5000   -7.5000   45.0000 2635.0447   14.5014
    0.0000   -7.5000   45.0000 2647.8530   14.4196
    7.5000   -7.5000   45.0000 2628.3657   14.6479
   -7.5000    0.0000   45.0000 2573.2859   14.8076
    0.0000    0.0000   45.0000 2585.5764   14.7392
    7.5000    0.0000   45.0000 2569.4224   14.9732
   -7.5000    7.5000   45.0000 2493.0115   15.3977
    0.0000    7.5000   45.0000 2502.3054   15.2900
    7.5000    7.5000   45.0000 2486.9678   15.5203
   -7.5000   15.0000   45.0000 2385.1294   16.2624
    0.0000   15.0000   45.0000 2395.3516   16.1691
    7.5000   15.0000   45.0000 2377.3342   16.3784
   -7.5000   22.5000   45.0000 2260.0200   17.5162
    0.0000   22.5000   45.0000 2271.5649   17.4348
    7.5000   22.5000   45.0000 2252.5530   17.6397
   -7.5000   30.0000   45.0000 2112.8069   19.2888
    0.0000   30.0000   45.0000 2127.7808   19.2254
    7.5000   30.0000   45.0000 2111.3716   19.3978
   -7.5000   37.5000   45.0000 1963.8860   21.5725
    0.0000   37.5000   45.0000 1972.3779   21.5128
    7.5000   37.5000   45.0000 1963.1858   21.7337
   -7.5000   45.0000   45.0000 1815.0317   24.6136
    0.0000   45.0000   45.0000 1821.7212   24.5177
    7.5000   45.0000   45.0000 1815.0907   24.8450

---------------------------------------------------------------------
imgreg_4dfp /opt/freesurfer/average/711-2C_as_mni_average_305 /opt/freesurfer/average/711-2B_as_mni_average_305_mask talsrcimg_g11 none talsrcimg_to_711-2C_as_mni_average_305_t4 1283
---------------------------------------------------------------------

freesurfer imgreg_4dfp.c
/opt/freesurfer/average/711-2C_as_mni_average_305.4dfp.img
       256       256       256         1
  1.000000  1.000000  1.000000
orientation T byte_order littleendian
Reading image: /opt/freesurfer/average/711-2C_as_mni_average_305.4dfp.img
dimensions:      256       256       256
mmppix:       1.0000   -1.0000   -1.0000
center:     128.0000 -129.0000 -129.0000
/opt/freesurfer/average/711-2B_as_mni_average_305_mask.4dfp.img
       256       256       256         1
  1.000000  1.000000  1.000000
orientation T byte_order littleendian
Reading mask: /opt/freesurfer/average/711-2B_as_mni_average_305_mask.4dfp.img (2306576 pixels)
talsrcimg_g11.4dfp.img
       256       256       256         1
  1.000000  1.000000  1.000000
orientation T byte_order littleendian
Reading image: talsrcimg_g11.4dfp.img
dimensions:      256       256       256
mmppix:       1.0000   -1.0000   -1.0000
center:     128.0000 -129.0000 -129.0000
rotation matrix determinant  1.000000
fimgreg.f
image alignment mode   1283 decimal      503 hex
parameters
    0.0000  -15.0000    7.5000    0.0000    0.0000    0.0000
eta,q 0.94017 11.56092
niter,ni,del,rscale     5    3   12.0000    1.2000
parameter  3 -0.505709 -> -0.500000 qaram    1.1500
parameter  6  0.556698 ->  0.500000 qaram    1.1500
parameters
   -1.3021  -15.0920   10.9500   -1.3263    2.3659   -3.4500
eta,q 0.94709 11.42938
  0.0667  0.0695  0.0681  0.0581  0.0656  0.0539
  0.0607  0.0624  0.0632  0.0571  0.0613  0.0529
  0.0579  0.0583  0.0598  0.0558  0.0577  0.0533
  0.0587  0.0576  0.0574  0.0553  0.0553  0.0543
  0.0630  0.0599  0.0555  0.0568  0.0544  0.0559
  0.0695  0.0642  0.0552  0.0598  0.0549  0.0582
  0.0756  0.0689  0.0574  0.0627  0.0567  0.0615
niter,ni,del,rscale     6    3   12.0000    1.2000
parameters
   -2.3260  -13.9171   10.2377   -2.8898    4.6409   -4.1963
eta,q 0.94975 11.49522
  0.0623  0.0683  0.0583  0.0544  0.0593  0.0551
  0.0564  0.0617  0.0547  0.0537  0.0562  0.0524
  0.0531  0.0567  0.0520  0.0523  0.0537  0.0504
  0.0529  0.0526  0.0513  0.0513  0.0519  0.0505
  0.0562  0.0516  0.0532  0.0535  0.0506  0.0520
  0.0629  0.0553  0.0565  0.0575  0.0508  0.0544
  0.0718  0.0602  0.0625  0.0610  0.0533  0.0568
niter,ni,del,rscale     5    3   12.0000    1.2000
parameters
   -3.5704  -13.1494    9.9162   -4.7595    5.9296   -4.8552
eta,q 0.95204 11.51823
  0.0597  0.0635  0.0579  0.0511  0.0588  0.0535
  0.0532  0.0580  0.0532  0.0499  0.0556  0.0510
  0.0503  0.0535  0.0504  0.0491  0.0521  0.0485
  0.0503  0.0497  0.0489  0.0489  0.0491  0.0480
  0.0554  0.0490  0.0508  0.0504  0.0481  0.0497
  0.0624  0.0529  0.0542  0.0551  0.0505  0.0527
  0.0699  0.0592  0.0598  0.0595  0.0540  0.0557
niter,ni,del,rscale     4    3   12.0000    1.2000
parameters
   -3.8348  -12.5222    9.6024   -5.5972    6.3116   -4.9824
eta,q 0.95256 11.50857
  0.0644  0.0622  0.0579  0.0517  0.0574  0.0538
  0.0555  0.0561  0.0528  0.0497  0.0536  0.0513
  0.0502  0.0518  0.0494  0.0482  0.0497  0.0485
  0.0480  0.0480  0.0474  0.0474  0.0475  0.0475
  0.0512  0.0478  0.0507  0.0483  0.0485  0.0485
  0.0588  0.0521  0.0543  0.0512  0.0517  0.0513
  0.0665  0.0584  0.0594  0.0564  0.0557  0.0545
niter,ni,del,rscale     3    3   12.0000    1.2000
parameters
   -3.8325  -12.2379    9.4421   -5.8486    6.3887   -5.0081
eta,q 0.95261 11.50431
  0.0655  0.0609  0.0589  0.0527  0.0568  0.0540
  0.0562  0.0550  0.0531  0.0503  0.0528  0.0514
  0.0501  0.0506  0.0494  0.0486  0.0490  0.0485
  0.0474  0.0474  0.0473  0.0473  0.0474  0.0474
  0.0500  0.0481  0.0505  0.0477  0.0489  0.0483
  0.0571  0.0530  0.0547  0.0502  0.0522  0.0511
  0.0649  0.0594  0.0591  0.0548  0.0565  0.0544
niter,ni,del,rscale     2    3   12.0000    1.2000
parameters
   -3.8112  -12.1415    9.3930   -5.9218    6.3903   -5.0114
eta,q 0.95264 11.50362
  0.0655  0.0601  0.0595  0.0532  0.0567  0.0540
  0.0561  0.0544  0.0534  0.0505  0.0526  0.0514
  0.0500  0.0501  0.0496  0.0488  0.0489  0.0485
  0.0474  0.0474  0.0473  0.0473  0.0474  0.0474
  0.0499  0.0484  0.0504  0.0476  0.0490  0.0483
  0.0569  0.0535  0.0547  0.0500  0.0524  0.0510
  0.0646  0.0600  0.0588  0.0544  0.0567  0.0544
niter,ni,del,rscale     1    3   12.0000    1.2000
parameters
   -3.7982  -12.1101    9.3807   -5.9449    6.3842   -5.0104
eta,q 0.95264 11.50363
  0.0654  0.0599  0.0597  0.0533  0.0566  0.0540
  0.0560  0.0542  0.0535  0.0506  0.0525  0.0514
  0.0499  0.0500  0.0496  0.0489  0.0489  0.0485
  0.0474  0.0474  0.0473  0.0473  0.0474  0.0474
  0.0499  0.0486  0.0503  0.0475  0.0490  0.0483
  0.0568  0.0537  0.0547  0.0499  0.0524  0.0510
  0.0646  0.0603  0.0588  0.0543  0.0567  0.0544
registration optimization eta report
parameter search radius
    6.0000    6.0000    6.9000    6.0000    6.0000    6.9000
100000*second partial in parameter space
       48.       34.       23.       18.       25.       14.
  0.0654  0.0599  0.0597  0.0533  0.0566  0.0540
  0.0560  0.0542  0.0535  0.0506  0.0525  0.0514
  0.0499  0.0500  0.0496  0.0489  0.0489  0.0485
  0.0474  0.0474  0.0473  0.0473  0.0474  0.0474
  0.0499  0.0486  0.0503  0.0475  0.0490  0.0483
  0.0568  0.0537  0.0547  0.0499  0.0524  0.0510
  0.0646  0.0603  0.0588  0.0543  0.0567  0.0544
   -3.7982  -12.1101    9.3807   -5.9449    6.3842   -5.0104
eta,q 0.95264 11.50363

---------------------------------------------------------------------
imgreg_4dfp /opt/freesurfer/average/711-2C_as_mni_average_305 /opt/freesurfer/average/711-2B_as_mni_average_305_mask talsrcimg_g11 none talsrcimg_to_711-2C_as_mni_average_305_t4 3335
---------------------------------------------------------------------

freesurfer imgreg_4dfp.c
/opt/freesurfer/average/711-2C_as_mni_average_305.4dfp.img
       256       256       256         1
  1.000000  1.000000  1.000000
orientation T byte_order littleendian
Reading image: /opt/freesurfer/average/711-2C_as_mni_average_305.4dfp.img
dimensions:      256       256       256
mmppix:       1.0000   -1.0000   -1.0000
center:     128.0000 -129.0000 -129.0000
/opt/freesurfer/average/711-2B_as_mni_average_305_mask.4dfp.img
       256       256       256         1
  1.000000  1.000000  1.000000
orientation T byte_order littleendian
Reading mask: /opt/freesurfer/average/711-2B_as_mni_average_305_mask.4dfp.img (2306576 pixels)
talsrcimg_g11.4dfp.img
       256       256       256         1
  1.000000  1.000000  1.000000
orientation T byte_order littleendian
Reading image: talsrcimg_g11.4dfp.img
dimensions:      256       256       256
mmppix:       1.0000   -1.0000   -1.0000
center:     128.0000 -129.0000 -129.0000
fimgreg.f
image alignment mode   3335 decimal      D07 hex
parameters
   -3.7982  -12.1101    9.3807   -0.9999   -1.0184   -1.1546
    9.8339  -10.1128   -8.6794   11.2835   11.1194  -10.2930
eta,q 0.95234 11.52692
niter,ni,del,rscale     5    3    5.0000    1.2000
parameter  4  0.741124 ->  0.500000 qaram    1.1500
parameter  5  3.056290 ->  0.500000 qaram    1.1500
parameter  6  0.867680 ->  0.500000 qaram    1.1500
parameters
   -3.7624  -12.2429    9.8694   -5.1399   -5.1584   -5.2946
    9.0478   -7.5675   -6.4875    8.1116   11.1294  -13.1682
eta,q 0.96588 10.97663
  0.0509  0.0496  0.0494  0.0459  0.0364  0.0366  0.0378  0.0440  0.0388  0.0355  0.0362  0.0347
  0.0492  0.0485  0.0485  0.0459  0.0391  0.0360  0.0367  0.0408  0.0371  0.0345  0.0353  0.0342
  0.0481  0.0478  0.0479  0.0464  0.0422  0.0370  0.0361  0.0381  0.0359  0.0344  0.0346  0.0341
  0.0477  0.0477  0.0477  0.0476  0.0459  0.0399  0.0361  0.0360  0.0352  0.0350  0.0344  0.0344
  0.0480  0.0480  0.0476  0.0497  0.0500  0.0430  0.0365  0.0352  0.0350  0.0365  0.0346  0.0349
  0.0490  0.0488  0.0478  0.0527  0.0544  0.0469  0.0374  0.0359  0.0353  0.0389  0.0352  0.0358
  0.0508  0.0501  0.0484  0.0563  0.0592  0.0516  0.0387  0.0378  0.0361  0.0421  0.0362  0.0368
niter,ni,del,rscale     7    3    5.0000    1.2000
parameter  5  1.429619 ->  0.500000 qaram    1.3225
parameters
   -3.6371  -12.0439    9.4226   -5.2763   -9.9194   -7.2686
    9.0682   -7.5028   -6.4931    8.9724   11.9055  -14.1077
eta,q 0.97023 10.66834
  0.0381  0.0372  0.0357  0.0376  0.0279  0.0324  0.0323  0.0344  0.0324  0.0340  0.0314  0.0308
  0.0360  0.0355  0.0347  0.0360  0.0289  0.0313  0.0311  0.0321  0.0311  0.0321  0.0307  0.0301
  0.0347  0.0345  0.0341  0.0347  0.0310  0.0303  0.0302  0.0305  0.0302  0.0307  0.0301  0.0298
  0.0341  0.0341  0.0341  0.0340  0.0341  0.0294  0.0299  0.0299  0.0299  0.0299  0.0298  0.0298
  0.0344  0.0343  0.0347  0.0342  0.0377  0.0307  0.0302  0.0304  0.0302  0.0299  0.0298  0.0301
  0.0355  0.0350  0.0359  0.0356  0.0420  0.0348  0.0310  0.0319  0.0311  0.0309  0.0302  0.0306
  0.0374  0.0362  0.0376  0.0384  0.0469  0.0391  0.0323  0.0344  0.0324  0.0326  0.0309  0.0314
niter,ni,del,rscale     7    3    5.0000    1.2000
parameter  5  0.639813 ->  0.500000 qaram    1.5209
parameters
   -3.6130  -11.8963    9.1023   -4.2743  -15.3945   -7.6020
    9.4772   -7.5475   -6.8120    9.6158   12.1522  -15.0556
eta,q 0.97208 10.40051
  0.0334  0.0333  0.0311  0.0336  0.0283  0.0317  0.0305  0.0325  0.0299  0.0315  0.0294  0.0287
  0.0314  0.0315  0.0302  0.0320  0.0279  0.0301  0.0292  0.0302  0.0288  0.0298  0.0287  0.0282
  0.0302  0.0303  0.0298  0.0306  0.0282  0.0290  0.0284  0.0286  0.0282  0.0286  0.0282  0.0280
  0.0298  0.0298  0.0298  0.0297  0.0295  0.0279  0.0280  0.0280  0.0280  0.0280  0.0280  0.0279
  0.0302  0.0300  0.0301  0.0295  0.0323  0.0275  0.0282  0.0286  0.0283  0.0281  0.0280  0.0281
  0.0313  0.0310  0.0309  0.0304  0.0360  0.0297  0.0289  0.0302  0.0291  0.0289  0.0285  0.0286
  0.0332  0.0325  0.0320  0.0325  0.0406  0.0336  0.0300  0.0327  0.0302  0.0305  0.0293  0.0292
niter,ni,del,rscale     7    3    5.0000    1.2000
parameters
   -3.6381  -11.6353    9.2969   -4.0654  -17.2655   -7.4263
    9.5954   -7.5687   -7.0131   10.2058   12.1169  -15.1225
eta,q 0.97220 10.31168
  0.0313  0.0312  0.0297  0.0313  0.0310  0.0319  0.0300  0.0323  0.0296  0.0310  0.0291  0.0287
  0.0294  0.0294  0.0287  0.0298  0.0292  0.0302  0.0289  0.0300  0.0286  0.0294  0.0284  0.0282
  0.0283  0.0284  0.0281  0.0286  0.0281  0.0290  0.0281  0.0284  0.0280  0.0283  0.0280  0.0279
  0.0279  0.0279  0.0279  0.0279  0.0279  0.0279  0.0278  0.0278  0.0278  0.0278  0.0278  0.0278
  0.0284  0.0281  0.0280  0.0279  0.0286  0.0273  0.0281  0.0284  0.0281  0.0280  0.0279  0.0279
  0.0296  0.0288  0.0285  0.0291  0.0311  0.0290  0.0288  0.0300  0.0288  0.0287  0.0284  0.0282
  0.0314  0.0299  0.0292  0.0315  0.0351  0.0327  0.0299  0.0324  0.0298  0.0302  0.0292  0.0287
niter,ni,del,rscale     6    3    5.0000    1.2000
parameters
   -3.6916  -11.4803    9.4085   -4.1364  -17.5848   -7.3288
    9.6527   -7.5702   -7.0393   10.4189   12.0937  -15.1203
eta,q 0.97222 10.29611
  0.0311  0.0305  0.0295  0.0310  0.0319  0.0318  0.0299  0.0323  0.0297  0.0307  0.0291  0.0287
  0.0292  0.0290  0.0286  0.0296  0.0298  0.0302  0.0288  0.0300  0.0286  0.0292  0.0284  0.0282
  0.0281  0.0281  0.0280  0.0285  0.0284  0.0290  0.0281  0.0284  0.0280  0.0282  0.0280  0.0279
  0.0278  0.0278  0.0278  0.0278  0.0278  0.0278  0.0278  0.0278  0.0278  0.0278  0.0278  0.0278
  0.0283  0.0280  0.0279  0.0279  0.0280  0.0272  0.0280  0.0283  0.0280  0.0280  0.0279  0.0279
  0.0295  0.0287  0.0284  0.0292  0.0296  0.0291  0.0288  0.0299  0.0287  0.0289  0.0284  0.0282
  0.0313  0.0298  0.0292  0.0317  0.0330  0.0328  0.0299  0.0324  0.0296  0.0304  0.0292  0.0287
niter,ni,del,rscale     5    3    5.0000    1.2000
parameters
   -3.7100  -11.4406    9.4326   -4.1681  -17.6451   -7.3054
    9.6639   -7.5684   -7.0378   10.4698   12.0963  -15.1226
eta,q 0.97222 10.29276
  0.0311  0.0303  0.0294  0.0310  0.0320  0.0318  0.0299  0.0323  0.0296  0.0305  0.0291  0.0287
  0.0293  0.0288  0.0285  0.0296  0.0299  0.0302  0.0288  0.0300  0.0286  0.0291  0.0284  0.0282
  0.0281  0.0280  0.0279  0.0285  0.0284  0.0289  0.0280  0.0284  0.0280  0.0281  0.0280  0.0279
  0.0278  0.0278  0.0278  0.0278  0.0278  0.0278  0.0278  0.0278  0.0278  0.0278  0.0278  0.0278
  0.0282  0.0281  0.0280  0.0279  0.0280  0.0272  0.0280  0.0283  0.0280  0.0281  0.0279  0.0279
  0.0294  0.0288  0.0285  0.0291  0.0294  0.0293  0.0288  0.0299  0.0286  0.0289  0.0284  0.0282
  0.0312  0.0300  0.0293  0.0316  0.0327  0.0329  0.0299  0.0324  0.0296  0.0305  0.0292  0.0287
niter,ni,del,rscale     4    3    5.0000    1.2000
parameters
   -3.7132  -11.4315    9.4410   -4.1739  -17.6622   -7.2947
    9.6690   -7.5697   -7.0429   10.4794   12.0956  -15.1137
eta,q 0.97222 10.29199
  0.0312  0.0302  0.0294  0.0310  0.0320  0.0318  0.0299  0.0323  0.0296  0.0305  0.0291  0.0287
  0.0293  0.0288  0.0285  0.0296  0.0299  0.0302  0.0288  0.0300  0.0286  0.0291  0.0284  0.0282
  0.0281  0.0280  0.0279  0.0285  0.0284  0.0289  0.0280  0.0284  0.0280  0.0281  0.0280  0.0279
  0.0278  0.0278  0.0278  0.0278  0.0278  0.0278  0.0278  0.0278  0.0278  0.0278  0.0278  0.0278
  0.0282  0.0281  0.0280  0.0279  0.0280  0.0272  0.0280  0.0283  0.0280  0.0281  0.0279  0.0279
  0.0294  0.0289  0.0285  0.0291  0.0294  0.0293  0.0288  0.0299  0.0287  0.0290  0.0284  0.0282
  0.0312  0.0300  0.0293  0.0316  0.0326  0.0329  0.0299  0.0324  0.0296  0.0306  0.0292  0.0287
registration optimization eta report
parameter search radius
    2.4000    2.4000    2.4000    8.2800   10.9503    8.2800
    7.2000    7.2000    7.2000    7.2000    7.2000    7.2000
100000*second partial in parameter space
       59.       40.       27.        5.        4.        7.
        4.        9.        4.        5.        3.        2.
  0.0312  0.0302  0.0294  0.0310  0.0320  0.0318  0.0299  0.0323  0.0296  0.0305  0.0291  0.0287
  0.0293  0.0288  0.0285  0.0296  0.0299  0.0302  0.0288  0.0300  0.0286  0.0291  0.0284  0.0282
  0.0281  0.0280  0.0279  0.0285  0.0284  0.0289  0.0280  0.0284  0.0280  0.0281  0.0280  0.0279
  0.0278  0.0278  0.0278  0.0278  0.0278  0.0278  0.0278  0.0278  0.0278  0.0278  0.0278  0.0278
  0.0282  0.0281  0.0280  0.0279  0.0280  0.0272  0.0280  0.0283  0.0280  0.0281  0.0279  0.0279
  0.0294  0.0289  0.0285  0.0291  0.0294  0.0293  0.0288  0.0299  0.0287  0.0290  0.0284  0.0282
  0.0312  0.0300  0.0293  0.0316  0.0326  0.0329  0.0299  0.0324  0.0296  0.0306  0.0292  0.0287
   -3.7132  -11.4315    9.4410   -4.1739  -17.6622   -7.2947
    9.6690   -7.5697   -7.0429   10.4794   12.0956  -15.1137
eta,q 0.97222 10.29199

---------------------------------------------------------------------
imgreg_4dfp /opt/freesurfer/average/711-2C_as_mni_average_305 /opt/freesurfer/average/711-2B_as_mni_average_305_mask talsrcimg_g11 none talsrcimg_to_711-2C_as_mni_average_305_t4 2311
---------------------------------------------------------------------

freesurfer imgreg_4dfp.c
/opt/freesurfer/average/711-2C_as_mni_average_305.4dfp.img
       256       256       256         1
  1.000000  1.000000  1.000000
orientation T byte_order littleendian
Reading image: /opt/freesurfer/average/711-2C_as_mni_average_305.4dfp.img
dimensions:      256       256       256
mmppix:       1.0000   -1.0000   -1.0000
center:     128.0000 -129.0000 -129.0000
/opt/freesurfer/average/711-2B_as_mni_average_305_mask.4dfp.img
       256       256       256         1
  1.000000  1.000000  1.000000
orientation T byte_order littleendian
Reading mask: /opt/freesurfer/average/711-2B_as_mni_average_305_mask.4dfp.img (2306576 pixels)
talsrcimg_g11.4dfp.img
       256       256       256         1
  1.000000  1.000000  1.000000
orientation T byte_order littleendian
Reading image: talsrcimg_g11.4dfp.img
dimensions:      256       256       256
mmppix:       1.0000   -1.0000   -1.0000
center:     128.0000 -129.0000 -129.0000
fimgreg.f
image alignment mode   2311 decimal      907 hex
parameters
   -3.7132  -11.4315    9.4410   -4.1739  -17.6622   -7.2946
    9.6690   -7.5697   -7.0429   10.4794   12.0956  -15.1137
eta,q 0.97222 10.29200
niter,ni,del,rscale     5    3    5.0000    0.8000
parameters
   -3.7270  -11.4859    9.4210   -3.4333  -16.5971   -5.9983
    9.7308   -7.6923   -7.0045   10.1257   11.8621  -15.4959
eta,q 0.97276 10.41969
  0.0293  0.0288  0.0285  0.0293  0.0287  0.0298  0.0283  0.0298  0.0281  0.0285  0.0280  0.0276
  0.0284  0.0282  0.0281  0.0286  0.0282  0.0290  0.0277  0.0284  0.0276  0.0278  0.0276  0.0274
  0.0279  0.0279  0.0278  0.0281  0.0279  0.0283  0.0274  0.0275  0.0273  0.0273  0.0273  0.0273
  0.0278  0.0278  0.0278  0.0278  0.0277  0.0277  0.0273  0.0273  0.0273  0.0273  0.0273  0.0272
  0.0280  0.0279  0.0279  0.0277  0.0277  0.0272  0.0274  0.0277  0.0274  0.0275  0.0274  0.0273
  0.0285  0.0283  0.0281  0.0280  0.0278  0.0274  0.0277  0.0286  0.0276  0.0280  0.0277  0.0275
  0.0293  0.0289  0.0285  0.0287  0.0281  0.0286  0.0283  0.0300  0.0281  0.0289  0.0282  0.0277
niter,ni,del,rscale     4    3    5.0000    0.7000
parameters
   -3.6852  -11.4969    9.5954   -3.6819  -16.5265   -5.8309
    9.7102   -7.6290   -6.9475   10.1696   11.7984  -15.3490
eta,q 0.97281 10.42098
  0.0286  0.0281  0.0281  0.0282  0.0278  0.0290  0.0280  0.0293  0.0279  0.0283  0.0278  0.0276
  0.0279  0.0276  0.0277  0.0277  0.0275  0.0284  0.0275  0.0282  0.0275  0.0277  0.0275  0.0274
  0.0274  0.0273  0.0274  0.0274  0.0273  0.0278  0.0273  0.0275  0.0273  0.0273  0.0273  0.0272
  0.0272  0.0272  0.0272  0.0272  0.0272  0.0272  0.0272  0.0272  0.0272  0.0272  0.0272  0.0272
  0.0274  0.0273  0.0273  0.0273  0.0273  0.0271  0.0273  0.0274  0.0273  0.0273  0.0273  0.0272
  0.0278  0.0276  0.0274  0.0278  0.0275  0.0277  0.0275  0.0281  0.0275  0.0277  0.0275  0.0273
  0.0284  0.0281  0.0278  0.0286  0.0278  0.0292  0.0280  0.0292  0.0279  0.0283  0.0279  0.0275
niter,ni,del,rscale     3    3    5.0000    0.6000
parameters
   -3.6907  -11.5216    9.6381   -3.6746  -16.4686   -5.6052
    9.6939   -7.6213   -6.9299   10.1049   11.7642  -15.3765
eta,q 0.97286 10.42948
  0.0281  0.0278  0.0278  0.0280  0.0276  0.0286  0.0277  0.0287  0.0277  0.0279  0.0276  0.0274
  0.0276  0.0275  0.0275  0.0276  0.0274  0.0281  0.0274  0.0279  0.0274  0.0275  0.0274  0.0272
  0.0273  0.0272  0.0273  0.0273  0.0272  0.0276  0.0272  0.0273  0.0272  0.0272  0.0272  0.0272
  0.0272  0.0272  0.0272  0.0272  0.0272  0.0272  0.0271  0.0271  0.0271  0.0271  0.0271  0.0271
  0.0273  0.0273  0.0272  0.0272  0.0272  0.0271  0.0272  0.0273  0.0272  0.0272  0.0272  0.0272
  0.0276  0.0275  0.0274  0.0275  0.0273  0.0276  0.0274  0.0279  0.0274  0.0275  0.0274  0.0273
  0.0282  0.0278  0.0277  0.0281  0.0276  0.0286  0.0277  0.0287  0.0276  0.0280  0.0276  0.0274
niter,ni,del,rscale     2    3    5.0000    0.5000
parameters
   -3.6909  -11.5279    9.6868   -3.6763  -16.4269   -5.3778
    9.6892   -7.6230   -6.9256   10.0574   11.7093  -15.4083
eta,q 0.97290 10.43670
  0.0278  0.0276  0.0276  0.0277  0.0274  0.0283  0.0275  0.0283  0.0275  0.0277  0.0274  0.0273
  0.0274  0.0273  0.0273  0.0274  0.0273  0.0279  0.0273  0.0276  0.0273  0.0274  0.0273  0.0272
  0.0272  0.0272  0.0272  0.0272  0.0272  0.0274  0.0271  0.0272  0.0271  0.0272  0.0271  0.0271
  0.0271  0.0271  0.0271  0.0271  0.0271  0.0271  0.0271  0.0271  0.0271  0.0271  0.0271  0.0271
  0.0272  0.0272  0.0272  0.0272  0.0272  0.0271  0.0271  0.0272  0.0271  0.0272  0.0271  0.0271
  0.0274  0.0273  0.0273  0.0274  0.0273  0.0274  0.0273  0.0276  0.0273  0.0274  0.0273  0.0272
  0.0278  0.0276  0.0275  0.0277  0.0274  0.0282  0.0275  0.0282  0.0275  0.0277  0.0275  0.0273
niter,ni,del,rscale     1    3    5.0000    0.4000
parameters
   -3.6965  -11.5330    9.7387   -3.6959  -16.4045   -5.1786
    9.7014   -7.6177   -6.9129   10.0157   11.6921  -15.4373
eta,q 0.97293 10.44147
  0.0275  0.0274  0.0274  0.0275  0.0273  0.0279  0.0273  0.0278  0.0273  0.0275  0.0273  0.0272
  0.0273  0.0272  0.0272  0.0273  0.0272  0.0276  0.0272  0.0274  0.0272  0.0272  0.0272  0.0271
  0.0271  0.0271  0.0271  0.0272  0.0271  0.0273  0.0271  0.0272  0.0271  0.0271  0.0271  0.0271
  0.0271  0.0271  0.0271  0.0271  0.0271  0.0271  0.0271  0.0271  0.0271  0.0271  0.0271  0.0271
  0.0272  0.0271  0.0271  0.0271  0.0271  0.0271  0.0271  0.0272  0.0271  0.0271  0.0271  0.0271
  0.0273  0.0272  0.0272  0.0273  0.0272  0.0273  0.0272  0.0274  0.0272  0.0273  0.0272  0.0271
  0.0275  0.0274  0.0273  0.0275  0.0273  0.0278  0.0273  0.0278  0.0273  0.0275  0.0273  0.0272
registration optimization eta report
parameter search radius
    0.8000    0.8000    0.8000    2.4000    2.4000    2.4000
    2.4000    2.4000    2.4000    2.4000    2.4000    2.4000
100000*second partial in parameter space
       67.       45.       40.        7.        3.       14.
        5.       13.        4.        7.        4.        2.
  0.0275  0.0274  0.0274  0.0275  0.0273  0.0279  0.0273  0.0278  0.0273  0.0275  0.0273  0.0272
  0.0273  0.0272  0.0272  0.0273  0.0272  0.0276  0.0272  0.0274  0.0272  0.0272  0.0272  0.0271
  0.0271  0.0271  0.0271  0.0272  0.0271  0.0273  0.0271  0.0272  0.0271  0.0271  0.0271  0.0271
  0.0271  0.0271  0.0271  0.0271  0.0271  0.0271  0.0271  0.0271  0.0271  0.0271  0.0271  0.0271
  0.0272  0.0271  0.0271  0.0271  0.0271  0.0271  0.0271  0.0272  0.0271  0.0271  0.0271  0.0271
  0.0273  0.0272  0.0272  0.0273  0.0272  0.0273  0.0272  0.0274  0.0272  0.0273  0.0272  0.0271
  0.0275  0.0274  0.0273  0.0275  0.0273  0.0278  0.0273  0.0278  0.0273  0.0275  0.0273  0.0272
   -3.6965  -11.5330    9.7387   -3.6959  -16.4045   -5.1786
    9.7014   -7.6177   -6.9129   10.0157   11.6921  -15.4373
eta,q 0.97293 10.44147

---------------------------------------------------------------------
imgreg_4dfp /opt/freesurfer/average/711-2C_as_mni_average_305 /opt/freesurfer/average/711-2B_as_mni_average_305_mask talsrcimg_g11 none talsrcimg_to_711-2C_as_mni_average_305_t4 2311
---------------------------------------------------------------------

freesurfer imgreg_4dfp.c
/opt/freesurfer/average/711-2C_as_mni_average_305.4dfp.img
       256       256       256         1
  1.000000  1.000000  1.000000
orientation T byte_order littleendian
Reading image: /opt/freesurfer/average/711-2C_as_mni_average_305.4dfp.img
dimensions:      256       256       256
mmppix:       1.0000   -1.0000   -1.0000
center:     128.0000 -129.0000 -129.0000
/opt/freesurfer/average/711-2B_as_mni_average_305_mask.4dfp.img
       256       256       256         1
  1.000000  1.000000  1.000000
orientation T byte_order littleendian
Reading mask: /opt/freesurfer/average/711-2B_as_mni_average_305_mask.4dfp.img (2306576 pixels)
talsrcimg_g11.4dfp.img
       256       256       256         1
  1.000000  1.000000  1.000000
orientation T byte_order littleendian
Reading image: talsrcimg_g11.4dfp.img
dimensions:      256       256       256
mmppix:       1.0000   -1.0000   -1.0000
center:     128.0000 -129.0000 -129.0000
fimgreg.f
image alignment mode   2311 decimal      907 hex
parameters
   -3.6965  -11.5330    9.7387   -3.6959  -16.4045   -5.1786
    9.7014   -7.6177   -6.9129   10.0157   11.6921  -15.4373
eta,q 0.97293 10.44147
niter,ni,del,rscale     5    3    5.0000    0.8000
parameters
   -3.6873  -11.5173    9.7685   -4.0668  -16.6900   -5.7669
    9.6759   -7.5848   -6.9202   10.2149   11.7715  -15.0867
eta,q 0.97279 10.39989
  0.0288  0.0283  0.0282  0.0283  0.0278  0.0290  0.0282  0.0298  0.0281  0.0287  0.0280  0.0277
  0.0278  0.0276  0.0276  0.0277  0.0274  0.0283  0.0277  0.0285  0.0276  0.0279  0.0276  0.0274
  0.0273  0.0272  0.0272  0.0272  0.0272  0.0276  0.0273  0.0275  0.0273  0.0274  0.0273  0.0273
  0.0271  0.0271  0.0271  0.0271  0.0271  0.0271  0.0272  0.0272  0.0272  0.0272  0.0272  0.0272
  0.0273  0.0272  0.0272  0.0272  0.0272  0.0274  0.0273  0.0275  0.0273  0.0273  0.0273  0.0272
  0.0278  0.0276  0.0275  0.0278  0.0275  0.0287  0.0277  0.0284  0.0276  0.0278  0.0276  0.0274
  0.0287  0.0282  0.0281  0.0288  0.0281  0.0308  0.0282  0.0297  0.0281  0.0285  0.0280  0.0276
niter,ni,del,rscale     4    3    5.0000    0.7000
parameters
   -3.7029  -11.5387    9.6791   -3.8006  -16.5635   -5.7858
    9.6700   -7.6091   -6.9402   10.1183   11.7754  -15.1958
eta,q 0.97281 10.41501
  0.0285  0.0281  0.0278  0.0283  0.0278  0.0289  0.0280  0.0292  0.0279  0.0282  0.0278  0.0275
  0.0278  0.0276  0.0275  0.0278  0.0275  0.0283  0.0275  0.0282  0.0275  0.0277  0.0275  0.0273
  0.0273  0.0273  0.0273  0.0274  0.0273  0.0277  0.0273  0.0274  0.0273  0.0273  0.0273  0.0272
  0.0272  0.0272  0.0272  0.0272  0.0272  0.0272  0.0272  0.0272  0.0272  0.0272  0.0272  0.0272
  0.0274  0.0273  0.0273  0.0272  0.0272  0.0271  0.0273  0.0275  0.0273  0.0273  0.0273  0.0272
  0.0278  0.0276  0.0276  0.0275  0.0274  0.0279  0.0275  0.0282  0.0275  0.0277  0.0275  0.0274
  0.0285  0.0281  0.0280  0.0282  0.0278  0.0294  0.0280  0.0293  0.0279  0.0283  0.0278  0.0275
niter,ni,del,rscale     3    3    5.0000    0.6000
parameters
   -3.6938  -11.5431    9.6624   -3.6979  -16.4718   -5.5911
    9.6861   -7.6195   -6.9334   10.0720   11.7406  -15.3345
eta,q 0.97286 10.42841
  0.0282  0.0278  0.0277  0.0280  0.0276  0.0286  0.0277  0.0287  0.0277  0.0280  0.0276  0.0274
  0.0276  0.0275  0.0274  0.0276  0.0274  0.0281  0.0274  0.0279  0.0274  0.0275  0.0274  0.0272
  0.0273  0.0273  0.0272  0.0273  0.0272  0.0276  0.0272  0.0273  0.0272  0.0272  0.0272  0.0271
  0.0272  0.0272  0.0272  0.0272  0.0272  0.0272  0.0271  0.0271  0.0271  0.0271  0.0271  0.0271
  0.0273  0.0273  0.0273  0.0272  0.0272  0.0271  0.0272  0.0273  0.0272  0.0272  0.0272  0.0272
  0.0276  0.0275  0.0274  0.0275  0.0273  0.0276  0.0274  0.0279  0.0274  0.0275  0.0274  0.0273
  0.0281  0.0278  0.0277  0.0280  0.0276  0.0287  0.0277  0.0287  0.0276  0.0280  0.0276  0.0274
niter,ni,del,rscale     2    3    5.0000    0.5000
parameters
   -3.6951  -11.5361    9.6936   -3.6773  -16.4246   -5.3736
    9.6932   -7.6211   -6.9272   10.0401   11.7075  -15.3925
eta,q 0.97290 10.43668
  0.0278  0.0276  0.0275  0.0277  0.0274  0.0283  0.0275  0.0283  0.0275  0.0277  0.0274  0.0273
  0.0274  0.0273  0.0273  0.0274  0.0273  0.0278  0.0273  0.0276  0.0273  0.0274  0.0273  0.0272
  0.0272  0.0272  0.0272  0.0272  0.0272  0.0274  0.0271  0.0272  0.0271  0.0272  0.0271  0.0271
  0.0271  0.0271  0.0271  0.0271  0.0271  0.0271  0.0271  0.0271  0.0271  0.0271  0.0271  0.0271
  0.0272  0.0272  0.0272  0.0272  0.0272  0.0271  0.0271  0.0272  0.0271  0.0272  0.0271  0.0271
  0.0274  0.0273  0.0273  0.0274  0.0273  0.0274  0.0273  0.0276  0.0273  0.0274  0.0273  0.0272
  0.0278  0.0276  0.0275  0.0277  0.0274  0.0282  0.0275  0.0282  0.0275  0.0277  0.0275  0.0273
niter,ni,del,rscale     1    3    5.0000    0.4000
parameters
   -3.6949  -11.5340    9.7376   -3.6826  -16.3948   -5.1827
    9.7104   -7.6191   -6.9096   10.0111   11.6858  -15.4470
eta,q 0.97293 10.44237
  0.0275  0.0274  0.0274  0.0275  0.0273  0.0279  0.0273  0.0278  0.0273  0.0275  0.0273  0.0272
  0.0273  0.0272  0.0272  0.0273  0.0272  0.0276  0.0272  0.0274  0.0272  0.0273  0.0272  0.0271
  0.0271  0.0271  0.0271  0.0272  0.0271  0.0273  0.0271  0.0272  0.0271  0.0271  0.0271  0.0271
  0.0271  0.0271  0.0271  0.0271  0.0271  0.0271  0.0271  0.0271  0.0271  0.0271  0.0271  0.0271
  0.0271  0.0271  0.0271  0.0271  0.0271  0.0271  0.0271  0.0272  0.0271  0.0271  0.0271  0.0271
  0.0273  0.0272  0.0272  0.0273  0.0272  0.0273  0.0272  0.0274  0.0272  0.0273  0.0272  0.0271
  0.0275  0.0274  0.0273  0.0275  0.0273  0.0278  0.0273  0.0278  0.0273  0.0275  0.0273  0.0272
registration optimization eta report
parameter search radius
    0.8000    0.8000    0.8000    2.4000    2.4000    2.4000
    2.4000    2.4000    2.4000    2.4000    2.4000    2.4000
100000*second partial in parameter space
       67.       44.       40.        7.        3.       14.
        5.       13.        4.        7.        4.        2.
  0.0275  0.0274  0.0274  0.0275  0.0273  0.0279  0.0273  0.0278  0.0273  0.0275  0.0273  0.0272
  0.0273  0.0272  0.0272  0.0273  0.0272  0.0276  0.0272  0.0274  0.0272  0.0273  0.0272  0.0271
  0.0271  0.0271  0.0271  0.0272  0.0271  0.0273  0.0271  0.0272  0.0271  0.0271  0.0271  0.0271
  0.0271  0.0271  0.0271  0.0271  0.0271  0.0271  0.0271  0.0271  0.0271  0.0271  0.0271  0.0271
  0.0271  0.0271  0.0271  0.0271  0.0271  0.0271  0.0271  0.0272  0.0271  0.0271  0.0271  0.0271
  0.0273  0.0272  0.0272  0.0273  0.0272  0.0273  0.0272  0.0274  0.0272  0.0273  0.0272  0.0271
  0.0275  0.0274  0.0273  0.0275  0.0273  0.0278  0.0273  0.0278  0.0273  0.0275  0.0273  0.0272
   -3.6949  -11.5340    9.7376   -3.6826  -16.3948   -5.1827
    9.7104   -7.6191   -6.9096   10.0111   11.6858  -15.4470
eta,q 0.97293 10.44237

---------------------------------------------------------------------
compute_vox2vox talsrcimg talsrcimg_to_711-2C_as_mni_average_305_t4 /opt/freesurfer/average/711-2C_as_mni_average_305
---------------------------------------------------------------------

freesurfer compute_vox2vox.c
Reading: talsrcimg.4dfp.ifh
Reading: talsrcimg_to_711-2C_as_mni_average_305_t4
Reading: /opt/freesurfer/average/711-2C_as_mni_average_305.4dfp.ifh
Writing: talsrcimg_to_711-2C_as_mni_average_305_t4_vox2vox.txt

start time Thu Mar 12 00:29:47 CET 2026
end		time Thu Mar 12 00:31:15 CET 2026

mpr2mni305 success

avi2talxfm orig_nu.mgz /opt/freesurfer/average/mni305.cor.mgz talsrcimg_to_711-2C_as_mni_average_305_t4_vox2vox.txt transforms/talairach.auto.xfm
avi2talxfm done
mv -f /out/sourcedata/freesurfer/sub-v1s10x0050970_ses-1/mri/talsrcimg_to_711-2C_as_mni_average_305_t4_vox2vox.txt /out/sourcedata/freesurfer/sub-v1s10x0050970_ses-1/mri/transforms/talsrcimg_to_711-2C_as_mni_average_305_t4_vox2vox.txt
lta_convert --src orig_nu.mgz --trg /opt/freesurfer/average/mni305.cor.mgz --inxfm transforms/talairach.auto.xfm --outlta transforms/talairach.auto.xfm.lta --subject fsaverage
7.3.2

--src: orig_nu.mgz src image (geometry).
--trg: /opt/freesurfer/average/mni305.cor.mgz trg image (geometry).
--inmni: transforms/talairach.auto.xfm input MNI/XFM transform.
--outlta: transforms/talairach.auto.xfm.lta output LTA.
--s: fsaverage subject name
 LTA read, type : 1
 1.01973   0.09264  -0.10132   5.65819;
-0.10981   1.02450   0.20204   2.71031;
 0.09742  -0.11502   1.16353   15.21696;
 0.00000   0.00000   0.00000   1.00000;
setting subject to fsaverage
Writing  LTA to file transforms/talairach.auto.xfm.lta...
lta_convert successful.
 
 
Started at Thu Mar 12 00:29:47 CET 2026
Ended   at Thu Mar 12 00:31:15 CET 2026
talairach_avi done
