status file for recon-all
Thu Mar 12 03:46:38 CET 2026
#@# Tessellate rh Thu Mar 12 03:46:38 CET 2026
#@# Smooth1 rh Thu Mar 12 03:46:41 CET 2026
#@# Inflation1 rh Thu Mar 12 03:46:43 CET 2026
#@# QSphere rh Thu Mar 12 03:46:52 CET 2026
#@# Fix Topology rh Thu Mar 12 03:47:45 CET 2026
#@# Smooth2 rh Thu Mar 12 03:52:53 CET 2026
#@# Inflation2 rh Thu Mar 12 03:52:56 CET 2026
#@# Curv .H and .K rh Thu Mar 12 03:53:05 CET 2026
#@# Sphere rh Thu Mar 12 03:53:46 CET 2026
#@# Surf Reg rh Thu Mar 12 03:57:02 CET 2026
#@# Jacobian white rh Thu Mar 12 03:59:46 CET 2026
#@# AvgCurv rh Thu Mar 12 03:59:47 CET 2026
#@# Cortical Parc rh Thu Mar 12 03:59:47 CET 2026
#@# white curv rh Thu Mar 12 04:04:49 CET 2026
#@# white area rh Thu Mar 12 04:04:50 CET 2026
#@# pial curv rh Thu Mar 12 04:04:50 CET 2026
#@# pial area rh Thu Mar 12 04:04:52 CET 2026
#@# thickness rh Thu Mar 12 04:04:52 CET 2026
#@# area and vertex vol rh Thu Mar 12 04:05:18 CET 2026
#@# Curvature Stats rh Thu Mar 12 04:05:19 CET 2026
#@# Cortical Parc 2 rh Thu Mar 12 04:05:21 CET 2026
#@# Cortical Parc 3 rh Thu Mar 12 04:05:33 CET 2026
#@# WM/GM Contrast rh Thu Mar 12 04:05:42 CET 2026
recon-all -s sub-v1s10x0051007_ses-1 finished without error at Thu Mar 12 04:05:45 CET 2026



#New# invocation of recon-all 



status file for recon-all
Thu Mar 12 04:12:20 CET 2026
#@# white curv rh Thu Mar 12 04:12:20 CET 2026
#@# white area rh Thu Mar 12 04:12:20 CET 2026
#@# pial curv rh Thu Mar 12 04:12:20 CET 2026
#@# pial area rh Thu Mar 12 04:12:20 CET 2026
#@# thickness rh Thu Mar 12 04:12:20 CET 2026
#@# area and vertex vol rh Thu Mar 12 04:12:20 CET 2026
#@# Parcellation Stats rh Thu Mar 12 04:12:20 CET 2026
#@# Parcellation Stats 2 rh Thu Mar 12 04:12:36 CET 2026
#@# Parcellation Stats 3 rh Thu Mar 12 04:12:43 CET 2026
#@# BA_exvivo Labels rh Thu Mar 12 04:12:51 CET 2026
recon-all -s sub-v1s10x0051007_ses-1 finished without error at Thu Mar 12 04:14:59 CET 2026
