status file for recon-all
Thu Mar 12 07:03:56 CET 2026
#@# Tessellate lh Thu Mar 12 07:03:56 CET 2026
#@# Smooth1 lh Thu Mar 12 07:03:58 CET 2026
#@# Inflation1 lh Thu Mar 12 07:04:00 CET 2026
#@# QSphere lh Thu Mar 12 07:04:10 CET 2026
#@# Fix Topology lh Thu Mar 12 07:04:55 CET 2026
#@# Smooth2 lh Thu Mar 12 07:09:40 CET 2026
#@# Inflation2 lh Thu Mar 12 07:09:42 CET 2026
#@# Curv .H and .K lh Thu Mar 12 07:09:52 CET 2026
#@# Sphere lh Thu Mar 12 07:10:24 CET 2026
#@# Surf Reg lh Thu Mar 12 07:12:16 CET 2026
#@# Jacobian white lh Thu Mar 12 07:14:50 CET 2026
#@# AvgCurv lh Thu Mar 12 07:14:50 CET 2026
#@# Cortical Parc lh Thu Mar 12 07:14:51 CET 2026
#@# white curv lh Thu Mar 12 07:19:05 CET 2026
#@# white area lh Thu Mar 12 07:19:06 CET 2026
#@# pial curv lh Thu Mar 12 07:19:06 CET 2026
#@# pial area lh Thu Mar 12 07:19:08 CET 2026
#@# thickness lh Thu Mar 12 07:19:08 CET 2026
#@# area and vertex vol lh Thu Mar 12 07:19:24 CET 2026
#@# Curvature Stats lh Thu Mar 12 07:19:25 CET 2026
#@# Cortical Parc 2 lh Thu Mar 12 07:19:26 CET 2026
#@# Cortical Parc 3 lh Thu Mar 12 07:19:35 CET 2026
#@# WM/GM Contrast lh Thu Mar 12 07:19:41 CET 2026
recon-all -s sub-v1s10x0051066_ses-1 finished without error at Thu Mar 12 07:19:43 CET 2026



#New# invocation of recon-all 



status file for recon-all
Thu Mar 12 07:38:23 CET 2026
#@# white curv lh Thu Mar 12 07:38:23 CET 2026
#@# white area lh Thu Mar 12 07:38:23 CET 2026
#@# pial curv lh Thu Mar 12 07:38:23 CET 2026
#@# pial area lh Thu Mar 12 07:38:23 CET 2026
#@# thickness lh Thu Mar 12 07:38:23 CET 2026
#@# area and vertex vol lh Thu Mar 12 07:38:23 CET 2026
#@# Parcellation Stats lh Thu Mar 12 07:38:23 CET 2026
#@# Parcellation Stats 2 lh Thu Mar 12 07:38:34 CET 2026
#@# Parcellation Stats 3 lh Thu Mar 12 07:38:40 CET 2026
#@# BA_exvivo Labels lh Thu Mar 12 07:38:46 CET 2026
recon-all -s sub-v1s10x0051066_ses-1 finished without error at Thu Mar 12 07:40:36 CET 2026
