status file for recon-all
Thu Mar 12 09:47:14 CET 2026
#@# MotionCor Thu Mar 12 09:47:16 CET 2026
#@# Talairach Thu Mar 12 09:47:24 CET 2026
#@# Talairach Failure Detection Thu Mar 12 09:51:47 CET 2026
#@# Nu Intensity Correction Thu Mar 12 09:51:47 CET 2026
#@# Intensity Normalization Thu Mar 12 09:55:01 CET 2026
recon-all -s sub-v1s10x0051153_ses-1 finished without error at Thu Mar 12 09:56:29 CET 2026



#New# invocation of recon-all 



status file for recon-all
Thu Mar 12 10:03:16 CET 2026
#@# EM Registration Thu Mar 12 10:03:16 CET 2026
recon-all -s sub-v1s10x0051153_ses-1 finished without error at Thu Mar 12 10:04:40 CET 2026



#New# invocation of recon-all 



status file for recon-all
Thu Mar 12 10:04:42 CET 2026
#@# CA Normalize Thu Mar 12 10:04:42 CET 2026
#@# CA Reg Thu Mar 12 10:06:03 CET 2026
#@# SubCort Seg Thu Mar 12 10:45:15 CET 2026
#@# CC Seg Thu Mar 12 11:11:59 CET 2026
#@# Merge ASeg Thu Mar 12 11:12:42 CET 2026
#@# Intensity Normalization2 Thu Mar 12 11:12:42 CET 2026
#@# Mask BFS Thu Mar 12 11:14:55 CET 2026
#@# WM Segmentation Thu Mar 12 11:14:56 CET 2026
#@# Fill Thu Mar 12 11:16:46 CET 2026
recon-all -s sub-v1s10x0051153_ses-1 finished without error at Thu Mar 12 11:17:47 CET 2026



#New# invocation of recon-all 



status file for recon-all
Thu Mar 12 12:16:37 CET 2026
#@# white curv lh Thu Mar 12 12:16:37 CET 2026
#@# white area lh Thu Mar 12 12:16:37 CET 2026
#@# pial curv lh Thu Mar 12 12:16:37 CET 2026
#@# pial area lh Thu Mar 12 12:16:37 CET 2026
#@# thickness lh Thu Mar 12 12:16:37 CET 2026
#@# area and vertex vol lh Thu Mar 12 12:16:37 CET 2026
#@# white curv rh Thu Mar 12 12:16:37 CET 2026
#@# white area rh Thu Mar 12 12:16:37 CET 2026
#@# pial curv rh Thu Mar 12 12:16:37 CET 2026
#@# pial area rh Thu Mar 12 12:16:37 CET 2026
#@# thickness rh Thu Mar 12 12:16:37 CET 2026
#@# area and vertex vol rh Thu Mar 12 12:16:37 CET 2026
#@# Cortical ribbon mask Thu Mar 12 12:16:37 CET 2026
recon-all -s sub-v1s10x0051153_ses-1 finished without error at Thu Mar 12 12:21:23 CET 2026



#New# invocation of recon-all 



status file for recon-all
Thu Mar 12 12:27:46 CET 2026
#@# white curv lh Thu Mar 12 12:27:46 CET 2026
#@# white area lh Thu Mar 12 12:27:46 CET 2026
#@# pial curv lh Thu Mar 12 12:27:46 CET 2026
#@# pial area lh Thu Mar 12 12:27:46 CET 2026
#@# thickness lh Thu Mar 12 12:27:46 CET 2026
#@# area and vertex vol lh Thu Mar 12 12:27:46 CET 2026
#@# white curv rh Thu Mar 12 12:27:47 CET 2026
#@# white area rh Thu Mar 12 12:27:47 CET 2026
#@# pial curv rh Thu Mar 12 12:27:47 CET 2026
#@# pial area rh Thu Mar 12 12:27:47 CET 2026
#@# thickness rh Thu Mar 12 12:27:47 CET 2026
#@# area and vertex vol rh Thu Mar 12 12:27:47 CET 2026
#@# Curvature Stats lh Thu Mar 12 12:27:47 CET 2026
#@# Curvature Stats rh Thu Mar 12 12:27:49 CET 2026
#@# Relabel Hypointensities Thu Mar 12 12:27:51 CET 2026
#@# APas-to-ASeg Thu Mar 12 12:28:06 CET 2026
#@# AParc-to-ASeg aparc Thu Mar 12 12:28:13 CET 2026
#@# AParc-to-ASeg aparc.a2009s Thu Mar 12 12:28:48 CET 2026
#@# AParc-to-ASeg aparc.DKTatlas Thu Mar 12 12:29:26 CET 2026
#@# WMParc Thu Mar 12 12:30:03 CET 2026
#@# ASeg Stats Thu Mar 12 12:33:37 CET 2026
recon-all -s sub-v1s10x0051153_ses-1 finished without error at Thu Mar 12 12:34:09 CET 2026
