status file for recon-all
Thu Mar 12 09:15:33 CET 2026
#@# Tessellate lh Thu Mar 12 09:15:33 CET 2026
#@# Smooth1 lh Thu Mar 12 09:15:38 CET 2026
#@# Inflation1 lh Thu Mar 12 09:15:40 CET 2026
#@# QSphere lh Thu Mar 12 09:15:53 CET 2026
#@# Fix Topology lh Thu Mar 12 09:16:54 CET 2026
#@# Smooth2 lh Thu Mar 12 09:22:20 CET 2026
#@# Inflation2 lh Thu Mar 12 09:22:23 CET 2026
#@# Curv .H and .K lh Thu Mar 12 09:22:36 CET 2026
#@# Sphere lh Thu Mar 12 09:23:20 CET 2026
#@# Surf Reg lh Thu Mar 12 09:25:30 CET 2026
#@# Jacobian white lh Thu Mar 12 09:29:01 CET 2026
#@# AvgCurv lh Thu Mar 12 09:29:02 CET 2026
#@# Cortical Parc lh Thu Mar 12 09:29:03 CET 2026
#@# white curv lh Thu Mar 12 09:34:52 CET 2026
#@# white area lh Thu Mar 12 09:34:53 CET 2026
#@# pial curv lh Thu Mar 12 09:34:54 CET 2026
#@# pial area lh Thu Mar 12 09:34:56 CET 2026
#@# thickness lh Thu Mar 12 09:34:56 CET 2026
#@# area and vertex vol lh Thu Mar 12 09:35:24 CET 2026
#@# Curvature Stats lh Thu Mar 12 09:35:25 CET 2026
#@# Cortical Parc 2 lh Thu Mar 12 09:35:28 CET 2026
#@# Cortical Parc 3 lh Thu Mar 12 09:35:40 CET 2026
#@# WM/GM Contrast lh Thu Mar 12 09:35:50 CET 2026
recon-all -s sub-v1s10x0051105_ses-1 finished without error at Thu Mar 12 09:35:54 CET 2026



#New# invocation of recon-all 



status file for recon-all
Thu Mar 12 10:02:23 CET 2026
#@# white curv lh Thu Mar 12 10:02:23 CET 2026
#@# white area lh Thu Mar 12 10:02:23 CET 2026
#@# pial curv lh Thu Mar 12 10:02:23 CET 2026
#@# pial area lh Thu Mar 12 10:02:23 CET 2026
#@# thickness lh Thu Mar 12 10:02:23 CET 2026
#@# area and vertex vol lh Thu Mar 12 10:02:23 CET 2026
#@# Parcellation Stats lh Thu Mar 12 10:02:23 CET 2026
#@# Parcellation Stats 2 lh Thu Mar 12 10:02:39 CET 2026
#@# Parcellation Stats 3 lh Thu Mar 12 10:02:48 CET 2026
#@# BA_exvivo Labels lh Thu Mar 12 10:02:57 CET 2026
recon-all -s sub-v1s10x0051105_ses-1 finished without error at Thu Mar 12 10:05:21 CET 2026
