status file for recon-all
Wed Mar 11 23:46:01 CET 2026
#@# MotionCor Wed Mar 11 23:46:02 CET 2026
#@# Talairach Wed Mar 11 23:46:08 CET 2026
#@# Talairach Failure Detection Wed Mar 11 23:48:57 CET 2026
#@# Nu Intensity Correction Wed Mar 11 23:48:57 CET 2026
#@# Intensity Normalization Wed Mar 11 23:51:41 CET 2026
recon-all -s sub-v1s10x0050967_ses-1 finished without error at Wed Mar 11 23:52:36 CET 2026



#New# invocation of recon-all 



status file for recon-all
Wed Mar 11 23:58:21 CET 2026
#@# EM Registration Wed Mar 11 23:58:21 CET 2026
recon-all -s sub-v1s10x0050967_ses-1 finished without error at Wed Mar 11 23:59:58 CET 2026



#New# invocation of recon-all 



status file for recon-all
Thu Mar 12 00:00:00 CET 2026
#@# CA Normalize Thu Mar 12 00:00:00 CET 2026
#@# CA Reg Thu Mar 12 00:00:53 CET 2026
#@# SubCort Seg Thu Mar 12 00:37:56 CET 2026
#@# CC Seg Thu Mar 12 00:56:06 CET 2026
#@# Merge ASeg Thu Mar 12 00:56:23 CET 2026
#@# Intensity Normalization2 Thu Mar 12 00:56:23 CET 2026
#@# Mask BFS Thu Mar 12 00:57:39 CET 2026
#@# WM Segmentation Thu Mar 12 00:57:40 CET 2026
#@# Fill Thu Mar 12 00:59:01 CET 2026
recon-all -s sub-v1s10x0050967_ses-1 finished without error at Thu Mar 12 00:59:39 CET 2026



#New# invocation of recon-all 



status file for recon-all
Thu Mar 12 01:32:24 CET 2026
#@# white curv lh Thu Mar 12 01:32:24 CET 2026
#@# white area lh Thu Mar 12 01:32:24 CET 2026
#@# pial curv lh Thu Mar 12 01:32:24 CET 2026
#@# pial area lh Thu Mar 12 01:32:24 CET 2026
#@# thickness lh Thu Mar 12 01:32:24 CET 2026
#@# area and vertex vol lh Thu Mar 12 01:32:24 CET 2026
#@# white curv rh Thu Mar 12 01:32:24 CET 2026
#@# white area rh Thu Mar 12 01:32:24 CET 2026
#@# pial curv rh Thu Mar 12 01:32:24 CET 2026
#@# pial area rh Thu Mar 12 01:32:24 CET 2026
#@# thickness rh Thu Mar 12 01:32:24 CET 2026
#@# area and vertex vol rh Thu Mar 12 01:32:24 CET 2026
#@# Cortical ribbon mask Thu Mar 12 01:32:24 CET 2026
recon-all -s sub-v1s10x0050967_ses-1 finished without error at Thu Mar 12 01:35:20 CET 2026



#New# invocation of recon-all 



status file for recon-all
Thu Mar 12 01:39:46 CET 2026
#@# white curv lh Thu Mar 12 01:39:47 CET 2026
#@# white area lh Thu Mar 12 01:39:47 CET 2026
#@# pial curv lh Thu Mar 12 01:39:47 CET 2026
#@# pial area lh Thu Mar 12 01:39:47 CET 2026
#@# thickness lh Thu Mar 12 01:39:47 CET 2026
#@# area and vertex vol lh Thu Mar 12 01:39:47 CET 2026
#@# white curv rh Thu Mar 12 01:39:47 CET 2026
#@# white area rh Thu Mar 12 01:39:47 CET 2026
#@# pial curv rh Thu Mar 12 01:39:47 CET 2026
#@# pial area rh Thu Mar 12 01:39:47 CET 2026
#@# thickness rh Thu Mar 12 01:39:47 CET 2026
#@# area and vertex vol rh Thu Mar 12 01:39:47 CET 2026
#@# Curvature Stats lh Thu Mar 12 01:39:47 CET 2026
#@# Curvature Stats rh Thu Mar 12 01:39:48 CET 2026
#@# Relabel Hypointensities Thu Mar 12 01:39:49 CET 2026
#@# APas-to-ASeg Thu Mar 12 01:39:59 CET 2026
#@# AParc-to-ASeg aparc Thu Mar 12 01:40:05 CET 2026
#@# AParc-to-ASeg aparc.a2009s Thu Mar 12 01:40:30 CET 2026
#@# AParc-to-ASeg aparc.DKTatlas Thu Mar 12 01:40:55 CET 2026
#@# WMParc Thu Mar 12 01:41:19 CET 2026
#@# ASeg Stats Thu Mar 12 01:43:21 CET 2026
recon-all -s sub-v1s10x0050967_ses-1 finished without error at Thu Mar 12 01:43:42 CET 2026
