/out/sourcedata/freesurfer/sub-v1s10x0051091_ses-1/mri
/opt/freesurfer/bin/talairach_avi
--i orig_nu.mgz --xfm transforms/talairach.auto.xfm
talairach_avi 7.3.2
Linux dna003 5.14.0-427.37.1.el9_4.x86_64 #1 SMP PREEMPT_DYNAMIC Fri Sep 13 12:41:50 EDT 2024 x86_64 x86_64 x86_64 GNU/Linux
Thu Mar 12 06:44:20 CET 2026
mri_convert orig_nu.mgz talsrcimg.img 
reading from orig_nu.mgz...
TR=0.00, TE=0.00, TI=0.00, flip angle=0.00
i_ras = (-1, 0, 0)
j_ras = (0, 0, -1)
k_ras = (0, 1, 0)
writing to talsrcimg.img...
Analyze Output Matrix
-1.00000   0.00000   0.00000   129.66513;
 0.00000   0.00000   1.00000  -128.00000;
 0.00000  -1.00000   0.00000   130.00000;
 0.00000   0.00000   0.00000   1.00000;
--------------------
INFO: set hdr.hist.orient to -1
mpr2mni305 talsrcimg
Thu Mar 12 06:44:21 CET 2026
/opt/freesurfer/bin/mpr2mni305 talsrcimg
mpr2mni305 7.3.2
target=711-2C_as_mni_average_305

---------------------------------------------------------------------
analyzeto4dfp talsrcimg -O0 -y
---------------------------------------------------------------------

freesurfer ifh2hdr.c
Thu Mar 12 06:44:21 2026
Writing: talsrcimg.4dfp.hdr
freesurfer analyzeto4dfp.c
Reading: talsrcimg.hdr
header size 348 bytes
hdr.dime.datatype	offset=70	value=2
hdr.dime.bitpix		offset=72	value=8
hdr.hist.orient		offset=252	value=-1
dimensionality     4
dimensions       256       256       256         1
Reading: talsrcimg.img
Writing: talsrcimg.4dfp.img
Writing: talsrcimg.4dfp.ifh
ifh2hdr talsrcimg -r0to221
ori=2

---------------------------------------------------------------------
gauss_4dfp talsrcimg 1.1
---------------------------------------------------------------------

freesurfer gauss_4dfp.c
Reading: talsrcimg.4dfp.img
Writing: talsrcimg_g11.4dfp.img
image dimensions 256 256 256 padded to 288 288 288
processing volume 1freesurfer ifh2hdr.c
Thu Mar 12 06:44:22 2026
Writing: talsrcimg_g11.4dfp.hdr

Writing: talsrcimg_g11.4dfp.ifh
including: talsrcimg.4dfp.img.rec in talsrcimg_g11.4dfp.img.rec

---------------------------------------------------------------------
imgreg_4dfp /opt/freesurfer/average/711-2C_as_mni_average_305 none talsrcimg_g11 none talsrcimg_to_711-2C_as_mni_average_305_t4 4355
---------------------------------------------------------------------

freesurfer imgreg_4dfp.c
/opt/freesurfer/average/711-2C_as_mni_average_305.4dfp.img
       256       256       256         1
  1.000000  1.000000  1.000000
orientation T byte_order littleendian
Reading image: /opt/freesurfer/average/711-2C_as_mni_average_305.4dfp.img
dimensions:      256       256       256
mmppix:       1.0000   -1.0000   -1.0000
center:     128.0000 -129.0000 -129.0000
talsrcimg_g11.4dfp.img
       256       256       256         1
  1.000000  1.000000  1.000000
orientation T byte_order littleendian
Reading image: talsrcimg_g11.4dfp.img
dimensions:      256       256       256
mmppix:       1.0000   -1.0000   -1.0000
center:     128.0000 -129.0000 -129.0000
t4_read: open error in t4_sub.f l:  41 t4_file(1:l)talsrcimg_to_711-2C_as_mni_average_305_t4 
t4_read: transform initialized to I4
rotation matrix determinant  1.000000
image alignment mode   4355 decimal     1103 hex
   -7.5000  -45.0000  -45.0000 8406.7861   17.5375
    0.0000  -45.0000  -45.0000 8836.6064   17.5549
    7.5000  -45.0000  -45.0000 8537.7021   17.5185
   -7.5000  -37.5000  -45.0000 8873.8291   17.5257
    0.0000  -37.5000  -45.0000 9347.3799   17.5351
    7.5000  -37.5000  -45.0000 9018.7275   17.4970
   -7.5000  -30.0000  -45.0000 9613.7061   17.5172
    0.0000  -30.0000  -45.000010126.0586   17.5213
    7.5000  -30.0000  -45.0000 9778.2646   17.4853
   -7.5000  -22.5000  -45.000010304.7979   17.4981
    0.0000  -22.5000  -45.000010869.3115   17.5067
    7.5000  -22.5000  -45.000010490.6719   17.4763
   -7.5000  -15.0000  -45.000010928.3633   17.4845
    0.0000  -15.0000  -45.000011538.6221   17.5009
    7.5000  -15.0000  -45.000011146.4600   17.4738
   -7.5000   -7.5000  -45.000011479.6807   17.4886
    0.0000   -7.5000  -45.000012101.0068   17.5084
    7.5000   -7.5000  -45.000011714.2031   17.4779
   -7.5000    0.0000  -45.000011938.7480   17.5035
    0.0000    0.0000  -45.000012554.9453   17.5210
    7.5000    0.0000  -45.000012144.5850   17.4849
   -7.5000    7.5000  -45.000011526.3213   17.5183
    0.0000    7.5000  -45.000012093.7686   17.5278
    7.5000    7.5000  -45.000011696.8232   17.4897
   -7.5000   15.0000  -45.000010967.7109   17.5171
    0.0000   15.0000  -45.000011489.5283   17.5212
    7.5000   15.0000  -45.000011113.6650   17.4852
   -7.5000   22.5000  -45.000010205.6436   17.4957
    0.0000   22.5000  -45.000010692.3721   17.5043
    7.5000   22.5000  -45.000010353.9209   17.4739
   -7.5000   30.0000  -45.0000 9394.4941   17.2515
    0.0000   30.0000  -45.0000 9855.5947   17.2676
    7.5000   30.0000  -45.0000 9532.3330   17.2409
   -7.5000   37.5000  -45.0000 8924.9199   17.2557
    0.0000   37.5000  -45.0000 9355.8525   17.2752
    7.5000   37.5000  -45.0000 9040.7080   17.2451
   -7.5000   45.0000  -45.0000 8109.4521   16.8477
    0.0000   45.0000  -45.0000 8481.0508   16.8646
    7.5000   45.0000  -45.0000 8192.1104   16.8299
   -7.5000  -45.0000  -37.5000 8905.9746   17.4782
    0.0000  -45.0000  -37.5000 9388.7295   17.5047
    7.5000  -45.0000  -37.5000 9071.8438   17.4659
   -7.5000  -37.5000  -37.5000 9395.6113   17.4623
    0.0000  -37.5000  -37.5000 9914.0137   17.4810
    7.5000  -37.5000  -37.5000 9575.2910   17.4375
   -7.5000  -30.0000  -37.500010164.9805   17.4454
    0.0000  -30.0000  -37.500010732.6553   17.4604
    7.5000  -30.0000  -37.500010370.1846   17.4178
   -7.5000  -22.5000  -37.500010898.1553   17.4218
    0.0000  -22.5000  -37.500011508.8330   17.4430
    7.5000  -22.5000  -37.500011123.8027   17.4077
   -7.5000  -15.0000  -37.500011524.5049   17.4117
    0.0000  -15.0000  -37.500012198.2949   17.4407
    7.5000  -15.0000  -37.500011795.0703   17.4113
   -7.5000   -7.5000  -37.500012094.2188   17.4246
    0.0000   -7.5000  -37.500012791.6670   17.4553
    7.5000   -7.5000  -37.500012368.9580   17.4233
   -7.5000    0.0000  -37.500012537.6396   17.4443
    0.0000    0.0000  -37.500013244.8955   17.4709
    7.5000    0.0000  -37.500012788.9932   17.4323
   -7.5000    7.5000  -37.500012079.2832   17.4550
    0.0000    7.5000  -37.500012743.7451   17.4737
    7.5000    7.5000  -37.500012296.9160   17.4302
   -7.5000   15.0000  -37.500011479.8242   17.4454
    0.0000   15.0000  -37.500012075.6660   17.4604
    7.5000   15.0000  -37.500011687.1201   17.4178
   -7.5000   22.5000  -37.500010660.8877   17.4194
    0.0000   22.5000  -37.500011212.3848   17.4406
    7.5000   22.5000  -37.500010861.1289   17.4053
   -7.5000   30.0000  -37.5000 9797.8135   17.1797
    0.0000   30.0000  -37.500010282.9346   17.2083
    7.5000   30.0000  -37.5000 9981.9590   17.1793
   -7.5000   37.5000  -37.5000 9307.2568   17.1926
    0.0000   37.5000  -37.5000 9749.4805   17.2229
    7.5000   37.5000  -37.5000 9458.6787   17.1912
   -7.5000   45.0000  -37.5000 8449.5332   16.7905
    0.0000   45.0000  -37.5000 8837.5664   16.8161
    7.5000   45.0000  -37.5000 8579.5693   16.7790
   -7.5000  -45.0000  -30.0000 9550.2412   18.2008
    0.0000  -45.0000  -30.000010110.1914   18.2392
    7.5000  -45.0000  -30.0000 9742.7227   18.1964
   -7.5000  -37.5000  -30.000010080.5146   18.1918
    0.0000  -37.5000  -30.000010674.4092   18.2215
    7.5000  -37.5000  -30.000010310.9863   18.1751
   -7.5000  -30.0000  -30.000010920.2373   18.1806
    0.0000  -30.0000  -30.000011550.1250   18.2079
    7.5000  -30.0000  -30.000011166.4004   18.1611
   -7.5000  -22.5000  -30.000011675.3184   18.1544
    0.0000  -22.5000  -30.000012377.1445   18.1899
    7.5000  -22.5000  -30.000011981.6162   18.1482
   -7.5000  -15.0000  -30.000012311.0166   18.1377
    0.0000  -15.0000  -30.000013067.6250   18.1819
    7.5000  -15.0000  -30.000012660.2295   18.1447
   -7.5000   -7.5000  -30.000012910.4512   18.1452
    0.0000   -7.5000  -30.000013687.0068   18.1897
    7.5000   -7.5000  -30.000013259.4248   18.1512
   -7.5000    0.0000  -30.000013397.3457   18.1653
    0.0000    0.0000  -30.000014183.8008   18.2037
    7.5000    0.0000  -30.000013731.4551   18.1612
   -7.5000    7.5000  -30.000012867.6660   18.1841
    0.0000    7.5000  -30.000013609.9990   18.2138
    7.5000    7.5000  -30.000013174.9531   18.1674
   -7.5000   15.0000  -30.000012211.3389   18.1806
    0.0000   15.0000  -30.000012881.7178   18.2079
    7.5000   15.0000  -30.000012503.4697   18.1611
   -7.5000   22.5000  -30.000011347.7695   18.1501
    0.0000   22.5000  -30.000011959.3320   18.1855
    7.5000   22.5000  -30.000011613.8643   18.1439
   -7.5000   30.0000  -30.000010401.7646   17.8977
    0.0000   30.0000  -30.000010927.0391   17.9413
    7.5000   30.0000  -30.000010633.1348   17.9046
   -7.5000   37.5000  -30.0000 9856.1270   17.9053
    0.0000   37.5000  -30.000010337.8711   17.9492
    7.5000   37.5000  -30.000010051.6182   17.9112
   -7.5000   45.0000  -30.0000 8915.0117   17.4975
    0.0000   45.0000  -30.0000 9333.3896   17.5344
    7.5000   45.0000  -30.0000 9070.5674   17.4935
   -7.5000  -45.0000  -22.500010209.0264   18.7985
    0.0000  -45.0000  -22.500010808.3027   18.8381
    7.5000  -45.0000  -22.500010455.2734   18.7959
   -7.5000  -37.5000  -22.500010753.7344   18.8049
    0.0000  -37.5000  -22.500011417.7568   18.8352
    7.5000  -37.5000  -22.500011062.7568   18.7928
   -7.5000  -30.0000  -22.500011643.1094   18.8131
    0.0000  -30.0000  -22.500012367.2969   18.8406
    7.5000  -30.0000  -22.500011987.8828   18.7975
   -7.5000  -22.5000  -22.500012424.2510   18.7897
    0.0000  -22.5000  -22.500013237.7275   18.8258
    7.5000  -22.5000  -22.500012825.2070   18.7837
   -7.5000  -15.0000  -22.500013112.4268   18.7593
    0.0000  -15.0000  -22.500013966.5557   18.8051
    7.5000  -15.0000  -22.500013532.4727   18.7635
   -7.5000   -7.5000  -22.500013761.4287   18.7475
    0.0000   -7.5000  -22.500014633.6729   18.7941
    7.5000   -7.5000  -22.500014200.4766   18.7519
   -7.5000    0.0000  -22.500014262.6006   18.7619
    0.0000    0.0000  -22.500015176.4551   18.8015
    7.5000    0.0000  -22.500014724.3252   18.7595
   -7.5000    7.5000  -22.500013646.1182   18.7969
    0.0000    7.5000  -22.500014490.3467   18.8272
    7.5000    7.5000  -22.500014062.7900   18.7849
   -7.5000   15.0000  -22.500012949.3398   18.8130
    0.0000   15.0000  -22.500013701.5234   18.8406
    7.5000   15.0000  -22.500013307.9941   18.7974
   -7.5000   22.5000  -22.500012043.6680   18.7839
    0.0000   22.5000  -22.500012706.8730   18.8200
    7.5000   22.5000  -22.500012359.6934   18.7779
   -7.5000   30.0000  -22.500011036.9785   18.5139
    0.0000   30.0000  -22.500011613.6699   18.5591
    7.5000   30.0000  -22.500011312.8691   18.5181
   -7.5000   37.5000  -22.500010441.9199   18.5024
    0.0000   37.5000  -22.500010975.1143   18.5484
    7.5000   37.5000  -22.500010682.1475   18.5067
   -7.5000   45.0000  -22.5000 9417.7852   18.0861
    0.0000   45.0000  -22.5000 9869.4219   18.1242
    7.5000   45.0000  -22.5000 9587.1006   18.0837
   -7.5000  -45.0000  -15.000010865.0078   19.2206
    0.0000  -45.0000  -15.000011508.4619   19.2513
    7.5000  -45.0000  -15.000011154.4121   19.2110
   -7.5000  -37.5000  -15.000011459.2881   19.2342
    0.0000  -37.5000  -15.000012175.4365   19.2556
    7.5000  -37.5000  -15.000011809.7109   19.2178
   -7.5000  -30.0000  -15.000012408.4561   19.2552
    0.0000  -30.0000  -15.000013204.1201   19.2720
    7.5000  -30.0000  -15.000012810.2637   19.2345
   -7.5000  -22.5000  -15.000013215.1982   19.2375
    0.0000  -22.5000  -15.000014094.4805   19.2611
    7.5000  -22.5000  -15.000013677.5029   19.2227
   -7.5000  -15.0000  -15.000013944.1826   19.2007
    0.0000  -15.0000  -15.000014831.9863   19.2341
    7.5000  -15.0000  -15.000014403.2754   19.1940
   -7.5000   -7.5000  -15.000014637.3652   19.1756
    0.0000   -7.5000  -15.000015549.5049   19.2115
    7.5000   -7.5000  -15.000015109.4512   19.1701
   -7.5000    0.0000  -15.000015142.3633   19.1834
    0.0000    0.0000  -15.000016124.4180   19.2142
    7.5000    0.0000  -15.000015682.4756   19.1741
   -7.5000    7.5000  -15.000014468.7354   19.2260
    0.0000    7.5000  -15.000015369.3125   19.2475
    7.5000    7.5000  -15.000014953.9883   19.2097
   -7.5000   15.0000  -15.000013697.8340   19.2552
    0.0000   15.0000  -15.000014515.4072   19.2719
    7.5000   15.0000  -15.000014120.8350   19.2344
   -7.5000   22.5000  -15.000012751.1592   19.2307
    0.0000   22.5000  -15.000013472.5850   19.2543
    7.5000   22.5000  -15.000013141.6133   19.2159
   -7.5000   30.0000  -15.000011692.4395   18.9522
    0.0000   30.0000  -15.000012328.2744   18.9852
    7.5000   30.0000  -15.000012049.8252   18.9456
   -7.5000   37.5000  -15.000011061.4561   18.9275
    0.0000   37.5000  -15.000011616.1768   18.9630
    7.5000   37.5000  -15.000011354.8828   18.9221
   -7.5000   45.0000  -15.0000 9949.5020   18.5038
    0.0000   45.0000  -15.000010417.2383   18.5334
    7.5000   45.0000  -15.000010167.9873   18.4949
   -7.5000  -45.0000   -7.500011539.3115   19.4467
    0.0000  -45.0000   -7.500012242.1006   19.4670
    7.5000  -45.0000   -7.500011875.7891   19.4270
   -7.5000  -37.5000   -7.500012171.6309   19.4495
    0.0000  -37.5000   -7.500012921.9873   19.4613
    7.5000  -37.5000   -7.500012545.8945   19.4230
   -7.5000  -30.0000   -7.500013180.9375   19.4614
    0.0000  -30.0000   -7.500014053.8770   19.4670
    7.5000  -30.0000   -7.500013660.3887   19.4308
   -7.5000  -22.5000   -7.500014061.4473   19.4455
    0.0000  -22.5000   -7.500015030.3691   19.4560
    7.5000  -22.5000   -7.500014629.4521   19.4213
   -7.5000  -15.0000   -7.500014843.6846   19.4174
    0.0000  -15.0000   -7.500015758.8105   19.4367
    7.5000  -15.0000   -7.500015361.1650   19.4016
   -7.5000   -7.5000   -7.500015544.1328   19.4009
    0.0000   -7.5000   -7.500016474.1504   19.4243
    7.5000   -7.5000   -7.500016092.5244   19.3861
   -7.5000    0.0000   -7.500016056.5508   19.4092
    0.0000    0.0000   -7.500017043.8008   19.4296
    7.5000    0.0000   -7.500016675.3672   19.3899
   -7.5000    7.5000   -7.500015329.7197   19.4413
    0.0000    7.5000   -7.500016268.9102   19.4532
    7.5000    7.5000   -7.500015918.8682   19.4150
   -7.5000   15.0000   -7.500014506.7725   19.4613
    0.0000   15.0000   -7.500015355.0205   19.4670
    7.5000   15.0000   -7.500015033.1855   19.4308
   -7.5000   22.5000   -7.500013529.5186   19.4366
    0.0000   22.5000   -7.500014291.9160   19.4470
    7.5000   22.5000   -7.500014001.2100   19.4124
   -7.5000   30.0000   -7.500012424.7461   19.1656
    0.0000   30.0000   -7.500013114.0400   19.1847
    7.5000   30.0000   -7.500012871.9824   19.1500
   -7.5000   37.5000   -7.500011752.8652   19.1494
    0.0000   37.5000   -7.500012356.2949   19.1726
    7.5000   37.5000   -7.500012129.2861   19.1348
   -7.5000   45.0000   -7.500010577.1387   18.7248
    0.0000   45.0000   -7.500011089.7539   18.7446
    7.5000   45.0000   -7.500010851.1748   18.7064
   -7.5000  -45.0000    0.000012152.9053   19.5116
    0.0000  -45.0000    0.000012869.8789   19.5306
    7.5000  -45.0000    0.000012513.0547   19.4898
   -7.5000  -37.5000    0.000012810.4238   19.4991
    0.0000  -37.5000    0.000013544.3965   19.5094
    7.5000  -37.5000    0.000013178.8877   19.4666
   -7.5000  -30.0000    0.000013890.0635   19.4906
    0.0000  -30.0000    0.000014766.5254   19.4953
    7.5000  -30.0000    0.000014365.4561   19.4548
   -7.5000  -22.5000    0.000014870.8887   19.4701
    0.0000  -22.5000    0.000015888.5039   19.4798
    7.5000  -22.5000    0.000015537.4717   19.4453
   -7.5000  -15.0000    0.000015688.6719   19.4548
    0.0000  -15.0000    0.000016644.6934   19.4728
    7.5000  -15.0000    0.000016357.2354   19.4421
   -7.5000   -7.5000    0.000016389.4590   19.4584
    0.0000   -7.5000    0.000017303.0547   19.4799
    7.5000   -7.5000    0.000017046.2734   19.4455
   -7.5000    0.0000    0.000016932.8281   19.4740
    0.0000    0.0000    0.000017889.6973   19.4931
    7.5000    0.0000    0.000017630.4141   19.4526
   -7.5000    7.5000    0.000016175.0488   19.4909
    0.0000    7.5000    0.000017091.4531   19.5014
    7.5000    7.5000    0.000016847.4062   19.4586
   -7.5000   15.0000    0.000015323.8604   19.4906
    0.0000   15.0000    0.000016173.8291   19.4952
    7.5000   15.0000    0.000015904.2783   19.4547
   -7.5000   22.5000    0.000014291.3877   19.4611
    0.0000   22.5000    0.000015067.7695   19.4708
    7.5000   22.5000    0.000014793.8877   19.4364
   -7.5000   30.0000    0.000013131.3584   19.2030
    0.0000   30.0000    0.000013874.2061   19.2207
    7.5000   30.0000    0.000013611.7920   19.1904
   -7.5000   37.5000    0.000012407.2412   19.2067
    0.0000   37.5000    0.000013080.3496   19.2280
    7.5000   37.5000    0.000012802.2168   19.1940
   -7.5000   45.0000    0.000011151.2559   18.7884
    0.0000   45.0000    0.000011737.4346   18.8069
    7.5000   45.0000    0.000011453.4326   18.7680
   -7.5000  -45.0000    7.500011790.4590   19.5397
    0.0000  -45.0000    7.500012494.1406   19.5693
    7.5000  -45.0000    7.500012131.5205   19.5259
   -7.5000  -37.5000    7.500012429.1641   19.5215
    0.0000  -37.5000    7.500013140.4180   19.5423
    7.5000  -37.5000    7.500012792.6592   19.4936
   -7.5000  -30.0000    7.500013508.1221   19.5022
    0.0000  -30.0000    7.500014332.4199   19.5190
    7.5000  -30.0000    7.500014029.4785   19.4713
   -7.5000  -22.5000    7.500014528.1650   19.4758
    0.0000  -22.5000    7.500015524.6025   19.4996
    7.5000  -22.5000    7.500015322.3721   19.4600
   -7.5000  -15.0000    7.500015418.5322   19.4650
    0.0000  -15.0000    7.500016438.8984   19.4975
    7.5000  -15.0000    7.500016168.9883   19.4644
   -7.5000   -7.5000    7.500016149.9902   19.4798
    0.0000   -7.5000    7.500017110.7324   19.5141
    7.5000   -7.5000    7.500016746.4414   19.4783
   -7.5000    0.0000    7.500016687.7559   19.5018
    0.0000    0.0000    7.500017637.8555   19.5316
    7.5000    0.0000    7.500017218.6914   19.4884
   -7.5000    7.5000    7.500015846.7334   19.5132
    0.0000    7.5000    7.500016784.3164   19.5342
    7.5000    7.5000    7.500016382.7812   19.4856
   -7.5000   15.0000    7.500014915.5195   19.5021
    0.0000   15.0000    7.500015836.1445   19.5189
    7.5000   15.0000    7.500015376.2441   19.4712
   -7.5000   22.5000    7.500013881.7832   19.4669
    0.0000   22.5000    7.500014745.6416   19.4906
    7.5000   22.5000    7.500014279.7031   19.4511
   -7.5000   30.0000    7.500012702.8115   19.2131
    0.0000   30.0000    7.500013542.8164   19.2451
    7.5000   30.0000    7.500013114.5723   19.2125
   -7.5000   37.5000    7.500011993.4688   19.2279
    0.0000   37.5000    7.500012754.8037   19.2618
    7.5000   37.5000    7.500012367.1250   19.2264
   -7.5000   45.0000    7.500010775.5400   18.8150
    0.0000   45.0000    7.500011427.2500   18.8438
    7.5000   45.0000    7.500011091.6328   18.8022
   -7.5000  -45.0000   15.000011335.4883   19.5670
    0.0000  -45.0000   15.000011935.8252   19.6085
    7.5000  -45.0000   15.000011651.5469   19.5627
   -7.5000  -37.5000   15.000011969.6270   19.5575
    0.0000  -37.5000   15.000012601.1318   19.5896
    7.5000  -37.5000   15.000012271.5020   19.5398
   -7.5000  -30.0000   15.000013021.0322   19.5457
    0.0000  -30.0000   15.000013801.3428   19.5751
    7.5000  -30.0000   15.000013420.9834   19.5249
   -7.5000  -22.5000   15.000013980.1348   19.5175
    0.0000  -22.5000   15.000014990.3047   19.5557
    7.5000  -22.5000   15.000014425.7490   19.5110
   -7.5000  -15.0000   15.000014822.3359   19.4995
    0.0000  -15.0000   15.000015975.2480   19.5471
    7.5000  -15.0000   15.000015190.4678   19.5072
   -7.5000   -7.5000   15.000015547.5996   19.5073
    0.0000   -7.5000   15.000016799.5742   19.5553
    7.5000   -7.5000   15.000015912.2002   19.5141
   -7.5000    0.0000   15.000016056.8486   19.5289
    0.0000    0.0000   15.000017300.3926   19.5704
    7.5000    0.0000   15.000016493.6289   19.5248
   -7.5000    7.5000   15.000015208.0879   19.5492
    0.0000    7.5000   15.000016354.3994   19.5813
    7.5000    7.5000   15.000015700.8408   19.5316
   -7.5000   15.0000   15.000014279.2793   19.5456
    0.0000   15.0000   15.000015287.8447   19.5751
    7.5000   15.0000   15.000014692.4697   19.5248
   -7.5000   22.5000   15.000013290.4902   19.5085
    0.0000   22.5000   15.000014176.2285   19.5467
    7.5000   22.5000   15.000013657.4453   19.5021
   -7.5000   30.0000   15.000012189.8574   19.2471
    0.0000   30.0000   15.000013008.2930   19.2941
    7.5000   30.0000   15.000012551.9062   19.2547
   -7.5000   37.5000   15.000011515.0742   19.2550
    0.0000   37.5000   15.000012257.7275   19.3024
    7.5000   37.5000   15.000011890.1787   19.2617
   -7.5000   45.0000   15.000010354.1562   18.8413
    0.0000   45.0000   15.000010965.9355   18.8814
    7.5000   45.0000   15.000010637.4697   18.8374
   -7.5000  -45.0000   22.500010713.3330   19.5980
    0.0000  -45.0000   22.500011393.2910   19.6398
    7.5000  -45.0000   22.500010986.9570   19.5963
   -7.5000  -37.5000   22.500011315.8721   19.6047
    0.0000  -37.5000   22.500012041.6963   19.6366
    7.5000  -37.5000   22.500011567.0244   19.5929
   -7.5000  -30.0000   22.500012252.9863   19.6128
    0.0000  -30.0000   22.500013111.7871   19.6417
    7.5000  -30.0000   22.500012571.0566   19.5971
   -7.5000  -22.5000   22.500013170.1533   19.5879
    0.0000  -22.5000   22.500014101.2803   19.6258
    7.5000  -22.5000   22.500013427.8330   19.5823
   -7.5000  -15.0000   22.500013962.1445   19.5560
    0.0000  -15.0000   22.500014913.6709   19.6042
    7.5000  -15.0000   22.500014168.6758   19.5614
   -7.5000   -7.5000   22.500014667.6348   19.5440
    0.0000   -7.5000   22.500015695.8711   19.5931
    7.5000   -7.5000   22.500014935.3164   19.5498
   -7.5000    0.0000   22.500015197.8721   19.5597
    0.0000    0.0000   22.500016305.3799   19.6014
    7.5000    0.0000   22.500015597.0205   19.5582
   -7.5000    7.5000   22.500014472.0137   19.5962
    0.0000    7.5000   22.500015547.8672   19.6282
    7.5000    7.5000   22.500014952.0527   19.5846
   -7.5000   15.0000   22.500013579.5400   19.6127
    0.0000   15.0000   22.500014540.3379   19.6416
    7.5000   15.0000   22.500013991.8164   19.5971
   -7.5000   22.5000   22.500012614.8145   19.5789
    0.0000   22.5000   22.500013496.3037   19.6167
    7.5000   22.5000   22.500013001.7500   19.5733
   -7.5000   30.0000   22.500011550.0938   19.3029
    0.0000   30.0000   22.500012347.3477   19.3504
    7.5000   30.0000   22.500011888.9580   19.3083
   -7.5000   37.5000   22.500010912.9756   19.2913
    0.0000   37.5000   22.500011591.0156   19.3397
    7.5000   37.5000   22.500011187.9385   19.2969
   -7.5000   45.0000   22.5000 9791.1260   18.8715
    0.0000   45.0000   22.500010327.6641   18.9118
    7.5000   45.0000   22.5000 9973.2891   18.8701
   -7.5000  -45.0000   30.0000 9941.2930   19.6476
    0.0000  -45.0000   30.000010501.8389   19.6798
    7.5000  -45.0000   30.000010195.9746   19.6395
   -7.5000  -37.5000   30.000010481.1250   19.6608
    0.0000  -37.5000   30.000011075.7891   19.6833
    7.5000  -37.5000   30.000010738.0010   19.6456
   -7.5000  -30.0000   30.000011374.8369   19.6817
    0.0000  -30.0000   30.000012035.1484   19.6994
    7.5000  -30.0000   30.000011643.1289   19.6620
   -7.5000  -22.5000   30.000012230.9609   19.6636
    0.0000  -22.5000   30.000012936.6025   19.6883
    7.5000  -22.5000   30.000012436.6230   19.6500
   -7.5000  -15.0000   30.000012971.4668   19.6263
    0.0000  -15.0000   30.000013658.0146   19.6613
    7.5000  -15.0000   30.000013140.2227   19.6213
   -7.5000   -7.5000   30.000013614.5273   19.6011
    0.0000   -7.5000   30.000014373.1523   19.6388
    7.5000   -7.5000   30.000013831.9521   19.5972
   -7.5000    0.0000   30.000014147.1660   19.6092
    0.0000    0.0000   30.000014963.8350   19.6414
    7.5000    0.0000   30.000014390.3516   19.6015
   -7.5000    7.5000   30.000013533.6250   19.6523
    0.0000    7.5000   30.000014334.8750   19.6749
    7.5000    7.5000   30.000013801.3076   19.6373
   -7.5000   15.0000   30.000012696.9785   19.6817
    0.0000   15.0000   30.000013455.0146   19.6993
    7.5000   15.0000   30.000012972.7256   19.6619
   -7.5000   22.5000   30.000011791.2275   19.6545
    0.0000   22.5000   30.000012484.8525   19.6793
    7.5000   22.5000   30.000012061.7949   19.6410
   -7.5000   30.0000   30.000010793.8252   19.3723
    0.0000   30.0000   30.000011427.5234   19.4069
    7.5000   30.0000   30.000011057.5215   19.3673
   -7.5000   37.5000   30.000010173.9629   19.3475
    0.0000   37.5000   30.000010715.4980   19.3847
    7.5000   37.5000   30.000010380.8848   19.3437
   -7.5000   45.0000   30.0000 9101.4277   18.9192
    0.0000   45.0000   30.0000 9535.4678   18.9503
    7.5000   45.0000   30.0000 9245.8018   18.9118
   -7.5000  -45.0000   37.5000 9519.7314   19.9247
    0.0000  -45.0000   37.500010030.4023   19.9469
    7.5000  -45.0000   37.5000 9749.0684   19.9062
   -7.5000  -37.5000   37.500010029.8506   19.9271
    0.0000  -37.5000   37.500010582.9150   19.9403
    7.5000  -37.5000   37.500010271.3906   19.9015
   -7.5000  -30.0000   37.500010922.4912   19.9387
    0.0000  -30.0000   37.500011510.1504   19.9456
    7.5000  -30.0000   37.500011141.2891   19.9091
   -7.5000  -22.5000   37.500011750.4326   19.9221
    0.0000  -22.5000   37.500012365.2451   19.9340
    7.5000  -22.5000   37.500011922.4375   19.8990
   -7.5000  -15.0000   37.500012435.6670   19.8932
    0.0000  -15.0000   37.500013040.8584   19.9144
    7.5000  -15.0000   37.500012588.0400   19.8788
   -7.5000   -7.5000   37.500013049.8096   19.8766
    0.0000   -7.5000   37.500013709.2266   19.9021
    7.5000   -7.5000   37.500013223.8828   19.8632
   -7.5000    0.0000   37.500013574.4219   19.8855
    0.0000    0.0000   37.500014264.2559   19.9078
    7.5000    0.0000   37.500013730.2363   19.8673
   -7.5000    7.5000   37.500013015.0654   19.9185
    0.0000    7.5000   37.500013683.1943   19.9318
    7.5000    7.5000   37.500013182.5996   19.8931
   -7.5000   15.0000   37.500012233.2354   19.9386
    0.0000   15.0000   37.500012867.4854   19.9455
    7.5000   15.0000   37.500012415.0674   19.9090
   -7.5000   22.5000   37.500011346.6973   19.9129
    0.0000   22.5000   37.500011928.6279   19.9248
    7.5000   22.5000   37.500011520.5938   19.8899
   -7.5000   30.0000   37.500010393.8701   19.6358
    0.0000   30.0000   37.500010924.7588   19.6567
    7.5000   30.0000   37.500010554.9824   19.6216
   -7.5000   37.5000   37.5000 9785.8750   19.6194
    0.0000   37.5000   37.500010247.9570   19.6445
    7.5000   37.5000   37.5000 9919.3203   19.6061
   -7.5000   45.0000   37.5000 8770.2480   19.1826
    0.0000   45.0000   37.5000 9122.0400   19.2042
    7.5000   45.0000   37.5000 8844.3486   19.1653
   -7.5000  -45.0000   45.0000 8729.4297   20.3147
    0.0000  -45.0000   45.0000 9189.3105   20.3397
    7.5000  -45.0000   45.0000 8963.8037   20.2972
   -7.5000  -37.5000   45.0000 9211.3701   20.2976
    0.0000  -37.5000   45.0000 9690.7021   20.3131
    7.5000  -37.5000   45.0000 9454.3047   20.2685
   -7.5000  -30.0000   45.000010007.5742   20.2845
    0.0000  -30.0000   45.000010527.1299   20.2943
    7.5000  -30.0000   45.000010249.7510   20.2533
   -7.5000  -22.5000   45.000010768.8457   20.2617
    0.0000  -22.5000   45.000011293.2705   20.2779
    7.5000  -22.5000   45.000010964.3457   20.2444
   -7.5000  -15.0000   45.000011392.7393   20.2481
    0.0000  -15.0000   45.000011932.3242   20.2736
    7.5000  -15.0000   45.000011583.6592   20.2442
   -7.5000   -7.5000   45.000011944.9785   20.2557
    0.0000   -7.5000   45.000012526.6475   20.2845
    7.5000   -7.5000   45.000012136.3877   20.2499
   -7.5000    0.0000   45.000012470.0654   20.2736
    0.0000    0.0000   45.000013060.3887   20.2988
    7.5000    0.0000   45.000012596.3350   20.2567
   -7.5000    7.5000   45.000011960.9229   20.2887
    0.0000    7.5000   45.000012529.2861   20.3043
    7.5000    7.5000   45.000012100.2344   20.2598
   -7.5000   15.0000   45.000011229.8955   20.2844
    0.0000   15.0000   45.000011777.1221   20.2943
    7.5000   15.0000   45.000011411.8018   20.2533
   -7.5000   22.5000   45.000010423.4893   20.2523
    0.0000   22.5000   45.000010919.8369   20.2685
    7.5000   22.5000   45.000010562.4199   20.2350
   -7.5000   30.0000   45.0000 9539.3330   19.9843
    0.0000   30.0000   45.000010002.7266   20.0095
    7.5000   30.0000   45.0000 9685.8477   19.9805
   -7.5000   37.5000   45.0000 9003.4795   19.9918
    0.0000   37.5000   45.0000 9418.9961   20.0203
    7.5000   37.5000   45.0000 9131.0625   19.9861
   -7.5000   45.0000   45.0000 8062.1768   19.5618
    0.0000   45.0000   45.0000 8400.3740   19.5862
    7.5000   45.0000   45.0000 8133.4023   19.5456

---------------------------------------------------------------------
imgreg_4dfp /opt/freesurfer/average/711-2C_as_mni_average_305 /opt/freesurfer/average/711-2B_as_mni_average_305_mask talsrcimg_g11 none talsrcimg_to_711-2C_as_mni_average_305_t4 4355
---------------------------------------------------------------------

freesurfer imgreg_4dfp.c
/opt/freesurfer/average/711-2C_as_mni_average_305.4dfp.img
       256       256       256         1
  1.000000  1.000000  1.000000
orientation T byte_order littleendian
Reading image: /opt/freesurfer/average/711-2C_as_mni_average_305.4dfp.img
dimensions:      256       256       256
mmppix:       1.0000   -1.0000   -1.0000
center:     128.0000 -129.0000 -129.0000
/opt/freesurfer/average/711-2B_as_mni_average_305_mask.4dfp.img
       256       256       256         1
  1.000000  1.000000  1.000000
orientation T byte_order littleendian
Reading mask: /opt/freesurfer/average/711-2B_as_mni_average_305_mask.4dfp.img (2306576 pixels)
talsrcimg_g11.4dfp.img
       256       256       256         1
  1.000000  1.000000  1.000000
orientation T byte_order littleendian
Reading image: talsrcimg_g11.4dfp.img
dimensions:      256       256       256
mmppix:       1.0000   -1.0000   -1.0000
center:     128.0000 -129.0000 -129.0000
rotation matrix determinant  1.000000
image alignment mode   4355 decimal     1103 hex
   -7.5000  -45.0000  -45.0000 2187.3652   19.1224
    0.0000  -45.0000  -45.0000 2195.8208   18.8581
    7.5000  -45.0000  -45.0000 2196.6921   18.8883
   -7.5000  -37.5000  -45.0000 2256.1711   17.7811
    0.0000  -37.5000  -45.0000 2269.8784   17.5233
    7.5000  -37.5000  -45.0000 2266.1213   17.5365
   -7.5000  -30.0000  -45.0000 2301.4880   16.8232
    0.0000  -30.0000  -45.0000 2320.1848   16.5588
    7.5000  -30.0000  -45.0000 2317.8828   16.5954
   -7.5000  -22.5000  -45.0000 2333.0068   16.1932
    0.0000  -22.5000  -45.0000 2355.5862   15.9054
    7.5000  -22.5000  -45.0000 2351.6882   15.9340
   -7.5000  -15.0000  -45.0000 2346.9167   15.9035
    0.0000  -15.0000  -45.0000 2367.0249   15.6133
    7.5000  -15.0000  -45.0000 2363.3035   15.6265
   -7.5000   -7.5000  -45.0000 2344.1797   15.9635
    0.0000   -7.5000  -45.0000 2366.4116   15.6433
    7.5000   -7.5000  -45.0000 2362.0361   15.6392
   -7.5000    0.0000  -45.0000 2315.9727   16.3672
    0.0000    0.0000  -45.0000 2339.7566   16.0421
    7.5000    0.0000  -45.0000 2338.0862   16.0388
   -7.5000    7.5000  -45.0000 2270.3005   17.1348
    0.0000    7.5000  -45.0000 2297.0015   16.7761
    7.5000    7.5000  -45.0000 2299.1199   16.7401
   -7.5000   15.0000  -45.0000 2202.5056   18.2562
    0.0000   15.0000  -45.0000 2229.6345   17.7969
    7.5000   15.0000  -45.0000 2231.8928   17.7741
   -7.5000   22.5000  -45.0000 2112.4146   19.7495
    0.0000   22.5000  -45.0000 2138.7805   19.2028
    7.5000   22.5000  -45.0000 2143.1631   19.2107
   -7.5000   30.0000  -45.0000 2001.9808   21.7969
    0.0000   30.0000  -45.0000 2028.0039   21.2151
    7.5000   30.0000  -45.0000 2034.9285   21.2170
   -7.5000   37.5000  -45.0000 1892.5238   24.5661
    0.0000   37.5000  -45.0000 1911.3025   24.0067
    7.5000   37.5000  -45.0000 1922.2484   23.9989
   -7.5000   45.0000  -45.0000 1767.8224   28.4473
    0.0000   45.0000  -45.0000 1790.8657   27.7527
    7.5000   45.0000  -45.0000 1798.9102   27.6621
   -7.5000  -45.0000  -37.5000 2269.9653   17.8567
    0.0000  -45.0000  -37.5000 2286.5671   17.6398
    7.5000  -45.0000  -37.5000 2284.2058   17.6292
   -7.5000  -37.5000  -37.5000 2344.2012   16.5669
    0.0000  -37.5000  -37.5000 2363.8047   16.3456
    7.5000  -37.5000  -37.5000 2358.8665   16.3505
   -7.5000  -30.0000  -37.5000 2393.0032   15.6703
    0.0000  -30.0000  -37.5000 2418.4700   15.4211
    7.5000  -30.0000  -37.5000 2416.1270   15.4194
   -7.5000  -22.5000  -37.5000 2430.4585   15.0764
    0.0000  -22.5000  -37.5000 2454.8303   14.8439
    7.5000  -22.5000  -37.5000 2453.2969   14.8368
   -7.5000  -15.0000  -37.5000 2445.9458   14.7981
    0.0000  -15.0000  -37.5000 2469.6907   14.5603
    7.5000  -15.0000  -37.5000 2467.7168   14.5438
   -7.5000   -7.5000  -37.5000 2442.0420   14.8767
    0.0000   -7.5000  -37.5000 2470.4167   14.5825
    7.5000   -7.5000  -37.5000 2466.7117   14.5559
   -7.5000    0.0000  -37.5000 2410.2549   15.2435
    0.0000    0.0000  -37.5000 2445.3054   14.9264
    7.5000    0.0000  -37.5000 2440.6016   14.8917
   -7.5000    7.5000  -37.5000 2361.4700   15.9222
    0.0000    7.5000  -37.5000 2397.4504   15.5833
    7.5000    7.5000  -37.5000 2398.1792   15.5305
   -7.5000   15.0000  -37.5000 2291.0400   16.9280
    0.0000   15.0000  -37.5000 2319.5996   16.5246
    7.5000   15.0000  -37.5000 2326.0481   16.4823
   -7.5000   22.5000  -37.5000 2192.5103   18.2547
    0.0000   22.5000  -37.5000 2225.9814   17.8239
    7.5000   22.5000  -37.5000 2230.8899   17.7933
   -7.5000   30.0000  -37.5000 2077.9524   20.0585
    0.0000   30.0000  -37.5000 2110.5691   19.6378
    7.5000   30.0000  -37.5000 2114.4626   19.5947
   -7.5000   37.5000  -37.5000 1960.8213   22.6442
    0.0000   37.5000  -37.5000 1990.9065   22.2025
    7.5000   37.5000  -37.5000 1996.1761   22.1649
   -7.5000   45.0000  -37.5000 1835.5229   26.1712
    0.0000   45.0000  -37.5000 1866.0437   25.6287
    7.5000   45.0000  -37.5000 1872.3081   25.5450
   -7.5000  -45.0000  -30.0000 2383.8862   17.2954
    0.0000  -45.0000  -30.0000 2409.1665   17.1441
    7.5000  -45.0000  -30.0000 2400.0027   17.0915
   -7.5000  -37.5000  -30.0000 2467.5063   16.0513
    0.0000  -37.5000  -30.0000 2492.2639   15.8638
    7.5000  -37.5000  -30.0000 2486.3318   15.8121
   -7.5000  -30.0000  -30.0000 2528.8291   15.1629
    0.0000  -30.0000  -30.0000 2550.6826   14.9556
    7.5000  -30.0000  -30.0000 2548.7209   14.8968
   -7.5000  -22.5000  -30.0000 2571.9304   14.5864
    0.0000  -22.5000  -30.0000 2596.7974   14.3742
    7.5000  -22.5000  -30.0000 2597.6294   14.3192
   -7.5000  -15.0000  -30.0000 2584.5195   14.3101
    0.0000  -15.0000  -30.0000 2613.9070   14.0801
    7.5000  -15.0000  -30.0000 2616.2515   14.0561
   -7.5000   -7.5000  -30.0000 2580.0774   14.3621
    0.0000   -7.5000  -30.0000 2616.2993   14.0977
    7.5000   -7.5000  -30.0000 2616.6011   14.0615
   -7.5000    0.0000  -30.0000 2552.4341   14.7034
    0.0000    0.0000  -30.0000 2592.3435   14.4289
    7.5000    0.0000  -30.0000 2593.1521   14.3815
   -7.5000    7.5000  -30.0000 2499.1245   15.3424
    0.0000    7.5000  -30.0000 2537.5415   15.0306
    7.5000    7.5000  -30.0000 2542.2402   14.9744
   -7.5000   15.0000  -30.0000 2419.0857   16.2886
    0.0000   15.0000  -30.0000 2451.8916   15.9343
    7.5000   15.0000  -30.0000 2463.2449   15.8988
   -7.5000   22.5000  -30.0000 2315.7163   17.5540
    0.0000   22.5000  -30.0000 2352.5964   17.1660
    7.5000   22.5000  -30.0000 2359.9995   17.1532
   -7.5000   30.0000  -30.0000 2197.7021   19.2601
    0.0000   30.0000  -30.0000 2230.2229   18.8985
    7.5000   30.0000  -30.0000 2235.8621   18.8496
   -7.5000   37.5000  -30.0000 2072.5977   21.6862
    0.0000   37.5000  -30.0000 2100.4062   21.3361
    7.5000   37.5000  -30.0000 2107.3293   21.2838
   -7.5000   45.0000  -30.0000 1932.8282   25.0545
    0.0000   45.0000  -30.0000 1962.0975   24.6041
    7.5000   45.0000  -30.0000 1968.8202   24.5398
   -7.5000  -45.0000  -22.5000 2464.9585   16.6250
    0.0000  -45.0000  -22.5000 2492.4778   16.4272
    7.5000  -45.0000  -22.5000 2483.8020   16.4235
   -7.5000  -37.5000  -22.5000 2552.7092   15.3927
    0.0000  -37.5000  -22.5000 2583.7798   15.1950
    7.5000  -37.5000  -22.5000 2579.5415   15.1727
   -7.5000  -30.0000  -22.5000 2624.6753   14.5259
    0.0000  -30.0000  -22.5000 2651.4663   14.3451
    7.5000  -30.0000  -22.5000 2651.8889   14.2958
   -7.5000  -22.5000  -22.5000 2674.3557   13.9468
    0.0000  -22.5000  -22.5000 2705.3806   13.7537
    7.5000  -22.5000  -22.5000 2707.2073   13.7059
   -7.5000  -15.0000  -22.5000 2697.4458   13.6598
    0.0000  -15.0000  -22.5000 2736.7781   13.4401
    7.5000  -15.0000  -22.5000 2735.2239   13.4110
   -7.5000   -7.5000  -22.5000 2698.7749   13.7264
    0.0000   -7.5000  -22.5000 2741.1843   13.4556
    7.5000   -7.5000  -22.5000 2742.0837   13.4277
   -7.5000    0.0000  -22.5000 2668.1628   14.0509
    0.0000    0.0000  -22.5000 2714.9658   13.7820
    7.5000    0.0000  -22.5000 2717.1660   13.7305
   -7.5000    7.5000  -22.5000 2611.4331   14.6581
    0.0000    7.5000  -22.5000 2654.9355   14.3610
    7.5000    7.5000  -22.5000 2659.8760   14.2986
   -7.5000   15.0000  -22.5000 2527.4099   15.5673
    0.0000   15.0000  -22.5000 2566.2292   15.2217
    7.5000   15.0000  -22.5000 2572.6372   15.1790
   -7.5000   22.5000  -22.5000 2419.1414   16.7762
    0.0000   22.5000  -22.5000 2456.4971   16.4156
    7.5000   22.5000  -22.5000 2462.3164   16.3690
   -7.5000   30.0000  -22.5000 2292.5166   18.4250
    0.0000   30.0000  -22.5000 2328.1072   18.0809
    7.5000   30.0000  -22.5000 2337.2927   18.0169
   -7.5000   37.5000  -22.5000 2158.5708   20.6540
    0.0000   37.5000  -22.5000 2190.6016   20.2896
    7.5000   37.5000  -22.5000 2198.1501   20.2137
   -7.5000   45.0000  -22.5000 2008.8339   23.8046
    0.0000   45.0000  -22.5000 2037.9834   23.3652
    7.5000   45.0000  -22.5000 2041.5898   23.2478
   -7.5000  -45.0000  -15.0000 2512.4177   16.0283
    0.0000  -45.0000  -15.0000 2538.6101   15.7760
    7.5000  -45.0000  -15.0000 2532.1787   15.7560
   -7.5000  -37.5000  -15.0000 2609.6479   14.7892
    0.0000  -37.5000  -15.0000 2642.8064   14.5327
    7.5000  -37.5000  -15.0000 2640.7083   14.5424
   -7.5000  -30.0000  -15.0000 2693.0100   13.8902
    0.0000  -30.0000  -15.0000 2723.5925   13.6609
    7.5000  -30.0000  -15.0000 2723.0835   13.6586
   -7.5000  -22.5000  -15.0000 2747.5750   13.3314
    0.0000  -22.5000  -15.0000 2784.6509   13.1109
    7.5000  -22.5000  -15.0000 2782.9768   13.0843
   -7.5000  -15.0000  -15.0000 2777.3877   13.0400
    0.0000  -15.0000  -15.0000 2822.0752   12.7531
    7.5000  -15.0000  -15.0000 2819.8079   12.7545
   -7.5000   -7.5000  -15.0000 2784.1179   13.0816
    0.0000   -7.5000  -15.0000 2825.8391   12.7824
    7.5000   -7.5000  -15.0000 2829.7310   12.7691
   -7.5000    0.0000  -15.0000 2751.1440   13.3838
    0.0000    0.0000  -15.0000 2797.9407   13.1039
    7.5000    0.0000  -15.0000 2806.5449   13.0723
   -7.5000    7.5000  -15.0000 2691.6716   13.9876
    0.0000    7.5000  -15.0000 2737.3696   13.6578
    7.5000    7.5000  -15.0000 2742.8557   13.5993
   -7.5000   15.0000  -15.0000 2602.6274   14.8615
    0.0000   15.0000  -15.0000 2645.3616   14.4924
    7.5000   15.0000  -15.0000 2650.8650   14.4233
   -7.5000   22.5000  -15.0000 2488.1064   16.0415
    0.0000   22.5000  -15.0000 2527.8325   15.6595
    7.5000   22.5000  -15.0000 2535.3545   15.6092
   -7.5000   30.0000  -15.0000 2354.1685   17.6337
    0.0000   30.0000  -15.0000 2391.2017   17.2499
    7.5000   30.0000  -15.0000 2400.9668   17.1999
   -7.5000   37.5000  -15.0000 2212.6663   19.7369
    0.0000   37.5000  -15.0000 2246.6189   19.3105
    7.5000   37.5000  -15.0000 2254.0686   19.2464
   -7.5000   45.0000  -15.0000 2058.6370   22.6310
    0.0000   45.0000  -15.0000 2091.7629   22.1386
    7.5000   45.0000  -15.0000 2097.2678   22.0568
   -7.5000  -45.0000   -7.5000 2532.8679   15.5286
    0.0000  -45.0000   -7.5000 2560.3384   15.2054
    7.5000  -45.0000   -7.5000 2558.3347   15.2079
   -7.5000  -37.5000   -7.5000 2644.2241   14.2621
    0.0000  -37.5000   -7.5000 2674.9578   13.9746
    7.5000  -37.5000   -7.5000 2675.3032   13.9789
   -7.5000  -30.0000   -7.5000 2734.9683   13.3543
    0.0000  -30.0000   -7.5000 2771.0559   13.0822
    7.5000  -30.0000   -7.5000 2769.3779   13.1000
   -7.5000  -22.5000   -7.5000 2797.8345   12.7984
    0.0000  -22.5000   -7.5000 2841.2292   12.5368
    7.5000  -22.5000   -7.5000 2846.9377   12.5379
   -7.5000  -15.0000   -7.5000 2835.3018   12.4990
    0.0000  -15.0000   -7.5000 2885.4893   12.1512
    7.5000  -15.0000   -7.5000 2890.4956   12.1718
   -7.5000   -7.5000   -7.5000 2838.8293   12.5305
    0.0000   -7.5000   -7.5000 2886.9797   12.1554
    7.5000   -7.5000   -7.5000 2902.2427   12.1528
   -7.5000    0.0000   -7.5000 2805.9155   12.8069
    0.0000    0.0000   -7.5000 2854.7227   12.4863
    7.5000    0.0000   -7.5000 2874.0251   12.4557
   -7.5000    7.5000   -7.5000 2745.0969   13.3687
    0.0000    7.5000   -7.5000 2794.6101   13.0237
    7.5000    7.5000   -7.5000 2806.9382   12.9974
   -7.5000   15.0000   -7.5000 2652.3936   14.2285
    0.0000   15.0000   -7.5000 2694.1702   13.8218
    7.5000   15.0000   -7.5000 2708.3657   13.7892
   -7.5000   22.5000   -7.5000 2534.3489   15.3922
    0.0000   22.5000   -7.5000 2570.3413   14.9581
    7.5000   22.5000   -7.5000 2585.9998   14.9432
   -7.5000   30.0000   -7.5000 2397.7368   16.9505
    0.0000   30.0000   -7.5000 2436.3772   16.5022
    7.5000   30.0000   -7.5000 2451.0181   16.5048
   -7.5000   37.5000   -7.5000 2253.6187   19.0036
    0.0000   37.5000   -7.5000 2286.9119   18.5107
    7.5000   37.5000   -7.5000 2300.6814   18.5059
   -7.5000   45.0000   -7.5000 2096.2397   21.7293
    0.0000   45.0000   -7.5000 2130.9058   21.2103
    7.5000   45.0000   -7.5000 2138.9446   21.2092
   -7.5000  -45.0000    0.0000 2538.4431   15.3257
    0.0000  -45.0000    0.0000 2564.4553   14.9095
    7.5000  -45.0000    0.0000 2563.5879   14.8953
   -7.5000  -37.5000    0.0000 2661.4099   14.0228
    0.0000  -37.5000    0.0000 2684.8628   13.6419
    7.5000  -37.5000    0.0000 2687.5496   13.6246
   -7.5000  -30.0000    0.0000 2761.9858   13.1087
    0.0000  -30.0000    0.0000 2796.7642   12.7260
    7.5000  -30.0000    0.0000 2801.5620   12.7373
   -7.5000  -22.5000    0.0000 2837.7905   12.5394
    0.0000  -22.5000    0.0000 2877.4182   12.1765
    7.5000  -22.5000    0.0000 2892.3770   12.1904
   -7.5000  -15.0000    0.0000 2874.7163   12.2198
    0.0000  -15.0000    0.0000 2925.8296   11.8138
    7.5000  -15.0000    0.0000 2947.6211   11.8874
   -7.5000   -7.5000    0.0000 2875.7754   12.2162
    0.0000   -7.5000    0.0000 2926.8723   11.7669
    7.5000   -7.5000    0.0000 2956.5879   11.8492
   -7.5000    0.0000    0.0000 2841.2898   12.4811
    0.0000    0.0000    0.0000 2889.8418   12.0387
    7.5000    0.0000    0.0000 2921.5713   12.1175
   -7.5000    7.5000    0.0000 2778.9998   13.0380
    0.0000    7.5000    0.0000 2822.8467   12.5845
    7.5000    7.5000    0.0000 2851.1155   12.6301
   -7.5000   15.0000    0.0000 2686.6929   13.9074
    0.0000   15.0000    0.0000 2725.9451   13.3929
    7.5000   15.0000    0.0000 2745.2744   13.4144
   -7.5000   22.5000    0.0000 2564.2905   15.0700
    0.0000   22.5000    0.0000 2597.5876   14.5401
    7.5000   22.5000    0.0000 2613.5371   14.5715
   -7.5000   30.0000    0.0000 2422.9937   16.5939
    0.0000   30.0000    0.0000 2461.1553   16.0548
    7.5000   30.0000    0.0000 2474.1707   16.1048
   -7.5000   37.5000    0.0000 2270.3000   18.6101
    0.0000   37.5000    0.0000 2308.0073   18.0583
    7.5000   37.5000    0.0000 2318.3557   18.0801
   -7.5000   45.0000    0.0000 2115.1697   21.1901
    0.0000   45.0000    0.0000 2149.9524   20.6401
    7.5000   45.0000    0.0000 2160.5837   20.5985
   -7.5000  -45.0000    7.5000 2525.9558   15.3476
    0.0000  -45.0000    7.5000 2553.8586   14.8586
    7.5000  -45.0000    7.5000 2548.3809   14.7621
   -7.5000  -37.5000    7.5000 2649.7390   14.0320
    0.0000  -37.5000    7.5000 2680.6697   13.5662
    7.5000  -37.5000    7.5000 2685.5212   13.4795
   -7.5000  -30.0000    7.5000 2757.9678   13.1169
    0.0000  -30.0000    7.5000 2799.0149   12.6522
    7.5000  -30.0000    7.5000 2813.1753   12.6091
   -7.5000  -22.5000    7.5000 2847.8823   12.5450
    0.0000  -22.5000    7.5000 2894.0159   12.1306
    7.5000  -22.5000    7.5000 2921.2173   12.1247
   -7.5000  -15.0000    7.5000 2895.5149   12.2051
    0.0000  -15.0000    7.5000 2956.3513   11.8399
    7.5000  -15.0000    7.5000 2988.6584   11.8477
   -7.5000   -7.5000    7.5000 2894.8164   12.1784
    0.0000   -7.5000    7.5000 2958.0664   11.7381
    7.5000   -7.5000    7.5000 2992.1616   11.7346
   -7.5000    0.0000    7.5000 2854.9062   12.4335
    0.0000    0.0000    7.5000 2911.9399   11.9822
    7.5000    0.0000    7.5000 2945.6418   11.9174
   -7.5000    7.5000    7.5000 2784.1711   12.9526
    0.0000    7.5000    7.5000 2832.7703   12.5166
    7.5000    7.5000    7.5000 2861.4160   12.4519
   -7.5000   15.0000    7.5000 2685.8223   13.7762
    0.0000   15.0000    7.5000 2734.6714   13.3347
    7.5000   15.0000    7.5000 2745.5940   13.2484
   -7.5000   22.5000    7.5000 2564.7610   14.8989
    0.0000   22.5000    7.5000 2612.7200   14.4752
    7.5000   22.5000    7.5000 2618.8247   14.3723
   -7.5000   30.0000    7.5000 2422.0510   16.3478
    0.0000   30.0000    7.5000 2477.9592   15.9377
    7.5000   30.0000    7.5000 2480.4998   15.8307
   -7.5000   37.5000    7.5000 2273.9402   18.3207
    0.0000   37.5000    7.5000 2320.6223   17.9245
    7.5000   37.5000    7.5000 2326.0405   17.7996
   -7.5000   45.0000    7.5000 2119.9658   20.9258
    0.0000   45.0000    7.5000 2158.1741   20.4719
    7.5000   45.0000    7.5000 2163.9529   20.3117
   -7.5000  -45.0000   15.0000 2493.3264   15.6411
    0.0000  -45.0000   15.0000 2516.1392   15.0144
    7.5000  -45.0000   15.0000 2523.2896   14.8776
   -7.5000  -37.5000   15.0000 2618.6360   14.2906
    0.0000  -37.5000   15.0000 2651.1838   13.7434
    7.5000  -37.5000   15.0000 2663.2759   13.5882
   -7.5000  -30.0000   15.0000 2732.8682   13.3611
    0.0000  -30.0000   15.0000 2777.8396   12.8977
    7.5000  -30.0000   15.0000 2790.5308   12.7010
   -7.5000  -22.5000   15.0000 2825.5300   12.7125
    0.0000  -22.5000   15.0000 2884.7092   12.3822
    7.5000  -22.5000   15.0000 2901.9084   12.1620
   -7.5000  -15.0000   15.0000 2877.8206   12.3553
    0.0000  -15.0000   15.0000 2952.8442   12.0401
    7.5000  -15.0000   15.0000 2973.1189   11.7789
   -7.5000   -7.5000   15.0000 2882.8911   12.3327
    0.0000   -7.5000   15.0000 2961.0718   12.0420
    7.5000   -7.5000   15.0000 2977.4397   11.7239
   -7.5000    0.0000   15.0000 2841.7512   12.5488
    0.0000    0.0000   15.0000 2913.7090   12.2482
    7.5000    0.0000   15.0000 2933.7588   12.0070
   -7.5000    7.5000   15.0000 2766.4180   13.0483
    0.0000    7.5000   15.0000 2826.9385   12.7103
    7.5000    7.5000   15.0000 2848.4609   12.5649
   -7.5000   15.0000   15.0000 2668.8945   13.8556
    0.0000   15.0000   15.0000 2719.1526   13.4664
    7.5000   15.0000   15.0000 2728.8284   13.3482
   -7.5000   22.5000   15.0000 2552.9077   14.9590
    0.0000   22.5000   15.0000 2596.7021   14.5500
    7.5000   22.5000   15.0000 2609.1882   14.4553
   -7.5000   30.0000   15.0000 2412.7759   16.4190
    0.0000   30.0000   15.0000 2460.4583   15.9695
    7.5000   30.0000   15.0000 2473.5925   15.9202
   -7.5000   37.5000   15.0000 2261.6208   18.3963
    0.0000   37.5000   15.0000 2304.7366   17.8839
    7.5000   37.5000   15.0000 2320.2385   17.8761
   -7.5000   45.0000   15.0000 2106.8865   21.0039
    0.0000   45.0000   15.0000 2138.5857   20.4276
    7.5000   45.0000   15.0000 2147.3064   20.4207
   -7.5000  -45.0000   22.5000 2451.7283   16.1137
    0.0000  -45.0000   22.5000 2476.6868   15.5440
    7.5000  -45.0000   22.5000 2484.5281   15.2725
   -7.5000  -37.5000   22.5000 2575.4111   14.7456
    0.0000  -37.5000   22.5000 2608.8354   14.2222
    7.5000  -37.5000   22.5000 2620.4714   13.9243
   -7.5000  -30.0000   22.5000 2686.3049   13.7521
    0.0000  -30.0000   22.5000 2736.8950   13.3059
    7.5000  -30.0000   22.5000 2748.5593   13.0011
   -7.5000  -22.5000   22.5000 2786.9644   13.0796
    0.0000  -22.5000   22.5000 2846.1658   12.7008
    7.5000  -22.5000   22.5000 2862.0647   12.4317
   -7.5000  -15.0000   22.5000 2840.5037   12.7144
    0.0000  -15.0000   22.5000 2914.9983   12.3481
    7.5000  -15.0000   22.5000 2930.1855   12.0452
   -7.5000   -7.5000   22.5000 2847.5132   12.6697
    0.0000   -7.5000   22.5000 2921.4417   12.3321
    7.5000   -7.5000   22.5000 2939.6145   12.0951
   -7.5000    0.0000   22.5000 2805.9802   12.8944
    0.0000    0.0000   22.5000 2877.0984   12.5885
    7.5000    0.0000   22.5000 2901.7468   12.4384
   -7.5000    7.5000   22.5000 2732.7947   13.4173
    0.0000    7.5000   22.5000 2792.5173   13.1303
    7.5000    7.5000   22.5000 2823.4148   13.0100
   -7.5000   15.0000   22.5000 2632.8503   14.2192
    0.0000   15.0000   22.5000 2681.8796   13.9110
    7.5000   15.0000   22.5000 2698.9868   13.8431
   -7.5000   22.5000   22.5000 2518.6826   15.2928
    0.0000   22.5000   22.5000 2569.0171   14.9267
    7.5000   22.5000   22.5000 2581.6946   14.8912
   -7.5000   30.0000   22.5000 2381.1938   16.6918
    0.0000   30.0000   22.5000 2428.8342   16.2752
    7.5000   30.0000   22.5000 2442.0137   16.2154
   -7.5000   37.5000   22.5000 2240.9241   18.5819
    0.0000   37.5000   22.5000 2275.8843   18.0915
    7.5000   37.5000   22.5000 2289.0776   18.0266
   -7.5000   45.0000   22.5000 2083.7610   21.1692
    0.0000   45.0000   22.5000 2108.2415   20.5621
    7.5000   45.0000   22.5000 2120.6519   20.4825
   -7.5000  -45.0000   30.0000 2400.8938   16.8182
    0.0000  -45.0000   30.0000 2433.7202   16.1443
    7.5000  -45.0000   30.0000 2444.9851   15.9016
   -7.5000  -37.5000   30.0000 2522.5403   15.3989
    0.0000  -37.5000   30.0000 2561.9875   14.7863
    7.5000  -37.5000   30.0000 2578.5706   14.5261
   -7.5000  -30.0000   30.0000 2633.2476   14.3616
    0.0000  -30.0000   30.0000 2684.5842   13.8386
    7.5000  -30.0000   30.0000 2702.0173   13.6034
   -7.5000  -22.5000   30.0000 2729.5444   13.6564
    0.0000  -22.5000   30.0000 2787.5242   13.2186
    7.5000  -22.5000   30.0000 2809.3118   12.9415
   -7.5000  -15.0000   30.0000 2779.7756   13.2808
    0.0000  -15.0000   30.0000 2841.9358   12.8523
    7.5000  -15.0000   30.0000 2864.5139   12.6119
   -7.5000   -7.5000   30.0000 2783.1716   13.2281
    0.0000   -7.5000   30.0000 2850.2061   12.8425
    7.5000   -7.5000   30.0000 2872.8740   12.6427
   -7.5000    0.0000   30.0000 2744.4045   13.4624
    0.0000    0.0000   30.0000 2812.1985   13.1062
    7.5000    0.0000   30.0000 2833.9255   12.9582
   -7.5000    7.5000   30.0000 2678.7295   13.9955
    0.0000    7.5000   30.0000 2740.8435   13.6525
    7.5000    7.5000   30.0000 2766.9336   13.5100
   -7.5000   15.0000   30.0000 2583.2329   14.7669
    0.0000   15.0000   30.0000 2637.4521   14.4264
    7.5000   15.0000   30.0000 2656.7942   14.3281
   -7.5000   22.5000   30.0000 2473.0835   15.8332
    0.0000   22.5000   30.0000 2521.2056   15.4773
    7.5000   22.5000   30.0000 2540.5823   15.4151
   -7.5000   30.0000   30.0000 2340.5808   17.2267
    0.0000   30.0000   30.0000 2381.6592   16.8301
    7.5000   30.0000   30.0000 2401.1848   16.7636
   -7.5000   37.5000   30.0000 2200.6646   19.0253
    0.0000   37.5000   30.0000 2231.1919   18.5632
    7.5000   37.5000   30.0000 2244.1448   18.5101
   -7.5000   45.0000   30.0000 2041.8770   21.5087
    0.0000   45.0000   30.0000 2064.1985   20.9494
    7.5000   45.0000   30.0000 2080.1365   20.8843
   -7.5000  -45.0000   37.5000 2354.5913   17.7365
    0.0000  -45.0000   37.5000 2389.7893   16.9613
    7.5000  -45.0000   37.5000 2405.4775   16.6891
   -7.5000  -37.5000   37.5000 2465.4441   16.2486
    0.0000  -37.5000   37.5000 2511.6355   15.5428
    7.5000  -37.5000   37.5000 2535.0662   15.3176
   -7.5000  -30.0000   37.5000 2576.7964   15.1830
    0.0000  -30.0000   37.5000 2629.6946   14.5553
    7.5000  -30.0000   37.5000 2651.5046   14.3201
   -7.5000  -22.5000   37.5000 2664.4778   14.4618
    0.0000  -22.5000   37.5000 2723.6943   13.9169
    7.5000  -22.5000   37.5000 2748.0610   13.6534
   -7.5000  -15.0000   37.5000 2702.9673   14.0485
    0.0000  -15.0000   37.5000 2765.1902   13.5521
    7.5000  -15.0000   37.5000 2788.7712   13.3617
   -7.5000   -7.5000   37.5000 2706.5010   13.9592
    0.0000   -7.5000   37.5000 2768.3154   13.5504
    7.5000   -7.5000   37.5000 2793.2781   13.3386
   -7.5000    0.0000   37.5000 2670.8303   14.1773
    0.0000    0.0000   37.5000 2726.8853   13.8072
    7.5000    0.0000   37.5000 2748.5122   13.6089
   -7.5000    7.5000   37.5000 2611.5088   14.7107
    0.0000    7.5000   37.5000 2665.9346   14.3353
    7.5000    7.5000   37.5000 2689.3901   14.1389
   -7.5000   15.0000   37.5000 2519.7837   15.4894
    0.0000   15.0000   37.5000 2570.0659   15.0976
    7.5000   15.0000   37.5000 2590.8079   14.9383
   -7.5000   22.5000   37.5000 2417.9121   16.5116
    0.0000   22.5000   37.5000 2463.6282   16.1074
    7.5000   22.5000   37.5000 2478.1960   16.0141
   -7.5000   30.0000   37.5000 2288.8325   17.9340
    0.0000   30.0000   37.5000 2328.1118   17.4705
    7.5000   30.0000   37.5000 2344.6780   17.4159
   -7.5000   37.5000   37.5000 2145.3040   19.7899
    0.0000   37.5000   37.5000 2174.5852   19.2748
    7.5000   37.5000   37.5000 2192.9919   19.2201
   -7.5000   45.0000   37.5000 2001.2095   22.2717
    0.0000   45.0000   37.5000 2018.9211   21.5897
    7.5000   45.0000   37.5000 2033.4711   21.5216
   -7.5000  -45.0000   45.0000 2298.2437   18.8366
    0.0000  -45.0000   45.0000 2331.6724   17.9695
    7.5000  -45.0000   45.0000 2359.3562   17.7620
   -7.5000  -37.5000   45.0000 2408.3147   17.2905
    0.0000  -37.5000   45.0000 2450.6306   16.5014
    7.5000  -37.5000   45.0000 2482.0601   16.2948
   -7.5000  -30.0000   45.0000 2506.5552   16.1614
    0.0000  -30.0000   45.0000 2559.2993   15.4628
    7.5000  -30.0000   45.0000 2590.7622   15.2509
   -7.5000  -22.5000   45.0000 2585.6360   15.4164
    0.0000  -22.5000   45.0000 2639.5654   14.8059
    7.5000  -22.5000   45.0000 2674.0688   14.5929
   -7.5000  -15.0000   45.0000 2617.2388   14.9994
    0.0000  -15.0000   45.0000 2675.3972   14.4450
    7.5000  -15.0000   45.0000 2704.5610   14.2801
   -7.5000   -7.5000   45.0000 2615.8066   14.8800
    0.0000   -7.5000   45.0000 2671.9888   14.4323
    7.5000   -7.5000   45.0000 2700.4487   14.2324
   -7.5000    0.0000   45.0000 2587.4443   15.1041
    0.0000    0.0000   45.0000 2634.7900   14.6888
    7.5000    0.0000   45.0000 2653.8340   14.4973
   -7.5000    7.5000   45.0000 2531.4573   15.6122
    0.0000    7.5000   45.0000 2577.2361   15.1730
    7.5000    7.5000   45.0000 2596.6746   14.9712
   -7.5000   15.0000   45.0000 2445.3577   16.3663
    0.0000   15.0000   45.0000 2490.1462   15.8771
    7.5000   15.0000   45.0000 2514.5220   15.7051
   -7.5000   22.5000   45.0000 2348.5540   17.3639
    0.0000   22.5000   45.0000 2390.9712   16.9111
    7.5000   22.5000   45.0000 2403.4780   16.7683
   -7.5000   30.0000   45.0000 2221.3228   18.8188
    0.0000   30.0000   45.0000 2260.3933   18.3203
    7.5000   30.0000   45.0000 2274.7810   18.2297
   -7.5000   37.5000   45.0000 2085.2170   20.7457
    0.0000   37.5000   45.0000 2117.7529   20.2163
    7.5000   37.5000   45.0000 2133.6873   20.1373
   -7.5000   45.0000   45.0000 1945.7188   23.3031
    0.0000   45.0000   45.0000 1966.8956   22.6509
    7.5000   45.0000   45.0000 1977.0231   22.5905

---------------------------------------------------------------------
imgreg_4dfp /opt/freesurfer/average/711-2C_as_mni_average_305 /opt/freesurfer/average/711-2B_as_mni_average_305_mask talsrcimg_g11 none talsrcimg_to_711-2C_as_mni_average_305_t4 1283
---------------------------------------------------------------------

freesurfer imgreg_4dfp.c
/opt/freesurfer/average/711-2C_as_mni_average_305.4dfp.img
       256       256       256         1
  1.000000  1.000000  1.000000
orientation T byte_order littleendian
Reading image: /opt/freesurfer/average/711-2C_as_mni_average_305.4dfp.img
dimensions:      256       256       256
mmppix:       1.0000   -1.0000   -1.0000
center:     128.0000 -129.0000 -129.0000
/opt/freesurfer/average/711-2B_as_mni_average_305_mask.4dfp.img
       256       256       256         1
  1.000000  1.000000  1.000000
orientation T byte_order littleendian
Reading mask: /opt/freesurfer/average/711-2B_as_mni_average_305_mask.4dfp.img (2306576 pixels)
talsrcimg_g11.4dfp.img
       256       256       256         1
  1.000000  1.000000  1.000000
orientation T byte_order littleendian
Reading image: talsrcimg_g11.4dfp.img
dimensions:      256       256       256
mmppix:       1.0000   -1.0000   -1.0000
center:     128.0000 -129.0000 -129.0000
rotation matrix determinant  1.000000
fimgreg.f
image alignment mode   1283 decimal      503 hex
parameters
    7.5000   -7.5000    7.5000    0.0000    0.0000    0.0000
eta,q 0.93855 11.73946
niter,ni,del,rscale     5    3   12.0000    1.2000
parameter  2  0.601998 ->  0.500000 qaram    1.1500
parameter  4-65.917496 ->  0.500000 qaram    1.1500
parameters
    5.9503  -10.9500    9.3906   -3.4500   -2.2040   -2.9397
eta,q 0.94811 11.57283
  0.0667  0.0579  0.0707  0.0491  0.0531  0.0527
  0.0626  0.0581  0.0665  0.0512  0.0532  0.0520
  0.0597  0.0591  0.0623  0.0541  0.0525  0.0519
  0.0604  0.0597  0.0586  0.0568  0.0520  0.0525
  0.0653  0.0619  0.0567  0.0590  0.0536  0.0539
  0.0709  0.0674  0.0590  0.0616  0.0578  0.0559
  0.0761  0.0741  0.0622  0.0640  0.0633  0.0584
niter,ni,del,rscale     6    3   12.0000    1.2000
parameter  4  1.458693 ->  0.500000 qaram    1.3225
parameters
    5.4932   -9.9634    9.5042   -7.4175   -3.6443   -3.1047
eta,q 0.95220 11.53855
  0.0629  0.0674  0.0609  0.0475  0.0510  0.0516
  0.0562  0.0590  0.0560  0.0481  0.0481  0.0494
  0.0525  0.0538  0.0530  0.0496  0.0476  0.0481
  0.0519  0.0519  0.0523  0.0523  0.0484  0.0478
  0.0537  0.0533  0.0533  0.0552  0.0494  0.0484
  0.0594  0.0564  0.0561  0.0590  0.0518  0.0497
  0.0664  0.0593  0.0598  0.0621  0.0553  0.0520
niter,ni,del,rscale     6    3   12.0000    1.2000
parameter  4  0.836334 ->  0.500000 qaram    1.5209
parameters
    5.8885   -8.0817    8.9060  -11.9801   -4.1137   -3.4858
eta,q 0.95655 11.63646
  0.0628  0.0680  0.0546  0.0462  0.0513  0.0483
  0.0555  0.0587  0.0509  0.0438  0.0465  0.0460
  0.0491  0.0507  0.0492  0.0449  0.0437  0.0442
  0.0478  0.0479  0.0482  0.0485  0.0437  0.0435
  0.0484  0.0483  0.0490  0.0530  0.0456  0.0443
  0.0523  0.0496  0.0534  0.0568  0.0490  0.0465
  0.0596  0.0534  0.0580  0.0606  0.0531  0.0502
niter,ni,del,rscale     6    3   12.0000    1.2000
parameters
    5.9929   -7.2298    8.2053  -12.1468   -3.9758   -3.3427
eta,q 0.95713 11.61929
  0.0617  0.0631  0.0517  0.0573  0.0519  0.0483
  0.0523  0.0550  0.0466  0.0501  0.0470  0.0458
  0.0445  0.0477  0.0436  0.0450  0.0434  0.0438
  0.0434  0.0435  0.0430  0.0428  0.0428  0.0429
  0.0459  0.0434  0.0451  0.0466  0.0441  0.0434
  0.0517  0.0480  0.0505  0.0522  0.0468  0.0451
  0.0597  0.0567  0.0567  0.0568  0.0506  0.0481
niter,ni,del,rscale     5    3   12.0000    1.2000
parameters
    6.0928   -7.2315    8.0811  -12.1658   -3.9664   -3.2939
eta,q 0.95703 11.61959
  0.0607  0.0600  0.0537  0.0576  0.0512  0.0481
  0.0511  0.0518  0.0479  0.0506  0.0465  0.0457
  0.0434  0.0455  0.0444  0.0453  0.0433  0.0437
  0.0429  0.0430  0.0430  0.0430  0.0430  0.0430
  0.0450  0.0446  0.0442  0.0465  0.0441  0.0435
  0.0506  0.0513  0.0484  0.0519  0.0469  0.0452
  0.0587  0.0606  0.0549  0.0565  0.0507  0.0482
niter,ni,del,rscale     4    3   12.0000    1.2000
parameters
    6.1170   -7.2451    8.0567  -12.1623   -3.9667   -3.2827
eta,q 0.95700 11.61997
  0.0603  0.0600  0.0540  0.0577  0.0511  0.0480
  0.0506  0.0517  0.0482  0.0506  0.0465  0.0457
  0.0432  0.0455  0.0446  0.0454  0.0434  0.0437
  0.0430  0.0430  0.0430  0.0430  0.0430  0.0430
  0.0452  0.0447  0.0441  0.0465  0.0441  0.0436
  0.0509  0.0514  0.0481  0.0518  0.0468  0.0453
  0.0591  0.0607  0.0545  0.0565  0.0506  0.0483
registration optimization eta report
parameter search radius
    6.0000    6.9000    6.0000    9.1253    6.0000    6.0000
100000*second partial in parameter space
       48.       36.       31.       16.       22.       14.
  0.0603  0.0600  0.0540  0.0577  0.0511  0.0480
  0.0506  0.0517  0.0482  0.0506  0.0465  0.0457
  0.0432  0.0455  0.0446  0.0454  0.0434  0.0437
  0.0430  0.0430  0.0430  0.0430  0.0430  0.0430
  0.0452  0.0447  0.0441  0.0465  0.0441  0.0436
  0.0509  0.0514  0.0481  0.0518  0.0468  0.0453
  0.0591  0.0607  0.0545  0.0565  0.0506  0.0483
    6.1170   -7.2451    8.0567  -12.1623   -3.9667   -3.2827
eta,q 0.95700 11.61997

---------------------------------------------------------------------
imgreg_4dfp /opt/freesurfer/average/711-2C_as_mni_average_305 /opt/freesurfer/average/711-2B_as_mni_average_305_mask talsrcimg_g11 none talsrcimg_to_711-2C_as_mni_average_305_t4 3335
---------------------------------------------------------------------

freesurfer imgreg_4dfp.c
/opt/freesurfer/average/711-2C_as_mni_average_305.4dfp.img
       256       256       256         1
  1.000000  1.000000  1.000000
orientation T byte_order littleendian
Reading image: /opt/freesurfer/average/711-2C_as_mni_average_305.4dfp.img
dimensions:      256       256       256
mmppix:       1.0000   -1.0000   -1.0000
center:     128.0000 -129.0000 -129.0000
/opt/freesurfer/average/711-2B_as_mni_average_305_mask.4dfp.img
       256       256       256         1
  1.000000  1.000000  1.000000
orientation T byte_order littleendian
Reading mask: /opt/freesurfer/average/711-2B_as_mni_average_305_mask.4dfp.img (2306576 pixels)
talsrcimg_g11.4dfp.img
       256       256       256         1
  1.000000  1.000000  1.000000
orientation T byte_order littleendian
Reading image: talsrcimg_g11.4dfp.img
dimensions:      256       256       256
mmppix:       1.0000   -1.0000   -1.0000
center:     128.0000 -129.0000 -129.0000
fimgreg.f
image alignment mode   3335 decimal      D07 hex
parameters
    6.1170   -7.2451    8.0567   -0.4033   -2.3215   -2.4787
    4.1427    7.9578   -5.7125   20.6464   -6.9177  -21.0177
eta,q 0.95886 11.72818
niter,ni,del,rscale     5    3    5.0000    1.2000
parameter  4  1.239540 ->  0.500000 qaram    1.1500
parameter  5  2.556928 ->  0.500000 qaram    1.1500
parameter  6  0.593947 ->  0.500000 qaram    1.1500
parameters
    6.3793   -7.2449    7.9190   -4.5433   -6.4615   -6.6187
    1.9691   10.3859   -2.8568   17.5442   -3.6443  -22.6440
eta,q 0.97034 11.40923
  0.0458  0.0432  0.0432  0.0367  0.0309  0.0327  0.0333  0.0393  0.0348  0.0311  0.0331  0.0305
  0.0437  0.0420  0.0420  0.0374  0.0327  0.0323  0.0323  0.0366  0.0331  0.0303  0.0318  0.0299
  0.0420  0.0413  0.0413  0.0386  0.0350  0.0323  0.0319  0.0341  0.0318  0.0301  0.0307  0.0297
  0.0411  0.0411  0.0411  0.0411  0.0377  0.0333  0.0322  0.0319  0.0310  0.0307  0.0301  0.0298
  0.0413  0.0413  0.0414  0.0452  0.0407  0.0359  0.0331  0.0310  0.0307  0.0319  0.0298  0.0302
  0.0424  0.0421  0.0424  0.0491  0.0442  0.0401  0.0344  0.0316  0.0308  0.0338  0.0298  0.0308
  0.0443  0.0432  0.0438  0.0529  0.0478  0.0435  0.0362  0.0340  0.0314  0.0363  0.0302  0.0316
niter,ni,del,rscale     7    3    5.0000    1.2000
parameter  5  1.076412 ->  0.500000 qaram    1.3225
parameters
    6.4149   -7.0857    7.5293   -7.1110  -11.2225   -7.1571
    2.6724    9.6966   -3.3941   18.2826   -3.1371  -23.7271
eta,q 0.97325 11.07756
  0.0338  0.0325  0.0309  0.0315  0.0263  0.0304  0.0297  0.0311  0.0286  0.0303  0.0282  0.0277
  0.0315  0.0310  0.0300  0.0304  0.0266  0.0286  0.0283  0.0286  0.0275  0.0286  0.0274  0.0271
  0.0301  0.0300  0.0296  0.0296  0.0276  0.0275  0.0274  0.0271  0.0269  0.0274  0.0269  0.0268
  0.0297  0.0297  0.0297  0.0296  0.0295  0.0268  0.0269  0.0269  0.0268  0.0268  0.0268  0.0268
  0.0301  0.0298  0.0301  0.0311  0.0321  0.0266  0.0270  0.0279  0.0272  0.0269  0.0269  0.0271
  0.0314  0.0306  0.0309  0.0347  0.0351  0.0286  0.0277  0.0300  0.0280  0.0277  0.0273  0.0277
  0.0335  0.0318  0.0319  0.0393  0.0385  0.0328  0.0288  0.0330  0.0292  0.0292  0.0278  0.0285
niter,ni,del,rscale     7    3    5.0000    1.2000
parameters
    6.4566   -7.1676    7.3673   -7.3897  -15.0273   -7.0624
    2.4671    9.7148   -3.6194   19.1686   -3.1375  -24.7654
eta,q 0.97386 10.86928
  0.0304  0.0292  0.0281  0.0301  0.0276  0.0301  0.0285  0.0313  0.0281  0.0295  0.0275  0.0272
  0.0285  0.0278  0.0272  0.0288  0.0266  0.0283  0.0272  0.0286  0.0270  0.0279  0.0267  0.0265
  0.0273  0.0270  0.0268  0.0276  0.0262  0.0270  0.0264  0.0268  0.0264  0.0267  0.0263  0.0262
  0.0267  0.0267  0.0267  0.0267  0.0268  0.0262  0.0262  0.0262  0.0262  0.0262  0.0262  0.0262
  0.0271  0.0271  0.0270  0.0269  0.0284  0.0258  0.0266  0.0268  0.0266  0.0263  0.0264  0.0265
  0.0282  0.0281  0.0276  0.0283  0.0310  0.0273  0.0274  0.0286  0.0273  0.0270  0.0268  0.0271
  0.0302  0.0296  0.0284  0.0315  0.0343  0.0308  0.0287  0.0313  0.0283  0.0282  0.0274  0.0279
niter,ni,del,rscale     6    3    5.0000    1.2000
parameters
    6.4388   -7.1941    7.4895   -7.4789  -15.5662   -6.8339
    2.3655    9.7319   -3.6047   19.3821   -3.2421  -24.8043
eta,q 0.97390 10.84753
  0.0296  0.0287  0.0278  0.0296  0.0295  0.0302  0.0285  0.0312  0.0282  0.0289  0.0274  0.0275
  0.0278  0.0272  0.0269  0.0282  0.0278  0.0284  0.0272  0.0286  0.0270  0.0274  0.0266  0.0267
  0.0266  0.0264  0.0263  0.0270  0.0266  0.0270  0.0263  0.0267  0.0263  0.0265  0.0262  0.0262
  0.0261  0.0261  0.0261  0.0261  0.0262  0.0262  0.0261  0.0261  0.0261  0.0261  0.0261  0.0261
  0.0265  0.0265  0.0263  0.0263  0.0266  0.0257  0.0264  0.0267  0.0264  0.0264  0.0263  0.0263
  0.0278  0.0274  0.0267  0.0276  0.0281  0.0272  0.0273  0.0285  0.0271  0.0273  0.0267  0.0267
  0.0298  0.0286  0.0274  0.0305  0.0306  0.0307  0.0285  0.0312  0.0281  0.0286  0.0273  0.0275
niter,ni,del,rscale     5    3    5.0000    1.2000
parameters
    6.4389   -7.1789    7.5616   -7.5128  -15.6536   -6.7505
    2.3476    9.7455   -3.5825   19.4164   -3.2872  -24.7754
eta,q 0.97391 10.84507
  0.0296  0.0287  0.0277  0.0296  0.0297  0.0301  0.0285  0.0312  0.0282  0.0288  0.0274  0.0275
  0.0277  0.0272  0.0268  0.0282  0.0279  0.0283  0.0272  0.0286  0.0270  0.0273  0.0266  0.0267
  0.0266  0.0263  0.0262  0.0270  0.0267  0.0270  0.0263  0.0267  0.0263  0.0264  0.0262  0.0262
  0.0261  0.0261  0.0261  0.0261  0.0261  0.0261  0.0261  0.0261  0.0261  0.0261  0.0261  0.0261
  0.0265  0.0265  0.0263  0.0262  0.0264  0.0257  0.0264  0.0267  0.0264  0.0264  0.0263  0.0263
  0.0277  0.0273  0.0268  0.0275  0.0277  0.0273  0.0273  0.0285  0.0271  0.0273  0.0267  0.0267
  0.0296  0.0285  0.0274  0.0304  0.0301  0.0310  0.0285  0.0312  0.0281  0.0287  0.0273  0.0274
niter,ni,del,rscale     4    3    5.0000    1.2000
parameters
    6.4433   -7.1730    7.5884   -7.5233  -15.6685   -6.7244
    2.3458    9.7543   -3.5778   19.4262   -3.3035  -24.7561
eta,q 0.97391 10.84494
  0.0296  0.0287  0.0277  0.0296  0.0297  0.0301  0.0285  0.0312  0.0282  0.0288  0.0274  0.0275
  0.0277  0.0272  0.0267  0.0282  0.0279  0.0283  0.0272  0.0285  0.0270  0.0273  0.0266  0.0267
  0.0265  0.0263  0.0262  0.0270  0.0267  0.0270  0.0263  0.0267  0.0263  0.0264  0.0262  0.0262
  0.0261  0.0261  0.0261  0.0261  0.0261  0.0261  0.0261  0.0261  0.0261  0.0261  0.0261  0.0261
  0.0265  0.0265  0.0263  0.0262  0.0264  0.0256  0.0264  0.0267  0.0264  0.0264  0.0263  0.0263
  0.0276  0.0273  0.0268  0.0275  0.0277  0.0273  0.0272  0.0285  0.0271  0.0273  0.0267  0.0267
  0.0296  0.0285  0.0275  0.0304  0.0300  0.0311  0.0285  0.0312  0.0281  0.0287  0.0273  0.0274
niter,ni,del,rscale     3    3    5.0000    1.2000
parameters
    6.4458   -7.1720    7.5949   -7.5291  -15.6669   -6.7150
    2.3488    9.7572   -3.5779   19.4225   -3.3114  -24.7502
eta,q 0.97391 10.84506
  0.0295  0.0286  0.0276  0.0296  0.0297  0.0301  0.0285  0.0312  0.0282  0.0288  0.0274  0.0275
  0.0277  0.0272  0.0267  0.0282  0.0279  0.0283  0.0272  0.0285  0.0270  0.0273  0.0266  0.0267
  0.0265  0.0263  0.0262  0.0270  0.0267  0.0270  0.0263  0.0267  0.0263  0.0264  0.0262  0.0262
  0.0261  0.0261  0.0261  0.0261  0.0261  0.0261  0.0261  0.0261  0.0261  0.0261  0.0261  0.0261
  0.0265  0.0265  0.0263  0.0262  0.0264  0.0256  0.0264  0.0267  0.0264  0.0264  0.0263  0.0263
  0.0276  0.0273  0.0268  0.0275  0.0277  0.0273  0.0272  0.0285  0.0271  0.0273  0.0267  0.0267
  0.0296  0.0285  0.0275  0.0303  0.0300  0.0311  0.0285  0.0312  0.0281  0.0287  0.0273  0.0274
registration optimization eta report
parameter search radius
    2.4000    2.4000    2.4000    8.2800    9.5220    8.2800
    7.2000    7.2000    7.2000    7.2000    7.2000    7.2000
100000*second partial in parameter space
       60.       43.       25.        6.        4.        7.
        5.       10.        4.        5.        2.        3.
  0.0295  0.0286  0.0276  0.0296  0.0297  0.0301  0.0285  0.0312  0.0282  0.0288  0.0274  0.0275
  0.0277  0.0272  0.0267  0.0282  0.0279  0.0283  0.0272  0.0285  0.0270  0.0273  0.0266  0.0267
  0.0265  0.0263  0.0262  0.0270  0.0267  0.0270  0.0263  0.0267  0.0263  0.0264  0.0262  0.0262
  0.0261  0.0261  0.0261  0.0261  0.0261  0.0261  0.0261  0.0261  0.0261  0.0261  0.0261  0.0261
  0.0265  0.0265  0.0263  0.0262  0.0264  0.0256  0.0264  0.0267  0.0264  0.0264  0.0263  0.0263
  0.0276  0.0273  0.0268  0.0275  0.0277  0.0273  0.0272  0.0285  0.0271  0.0273  0.0267  0.0267
  0.0296  0.0285  0.0275  0.0303  0.0300  0.0311  0.0285  0.0312  0.0281  0.0287  0.0273  0.0274
    6.4458   -7.1720    7.5949   -7.5291  -15.6669   -6.7150
    2.3488    9.7572   -3.5779   19.4225   -3.3114  -24.7502
eta,q 0.97391 10.84506

---------------------------------------------------------------------
imgreg_4dfp /opt/freesurfer/average/711-2C_as_mni_average_305 /opt/freesurfer/average/711-2B_as_mni_average_305_mask talsrcimg_g11 none talsrcimg_to_711-2C_as_mni_average_305_t4 2311
---------------------------------------------------------------------

freesurfer imgreg_4dfp.c
/opt/freesurfer/average/711-2C_as_mni_average_305.4dfp.img
       256       256       256         1
  1.000000  1.000000  1.000000
orientation T byte_order littleendian
Reading image: /opt/freesurfer/average/711-2C_as_mni_average_305.4dfp.img
dimensions:      256       256       256
mmppix:       1.0000   -1.0000   -1.0000
center:     128.0000 -129.0000 -129.0000
/opt/freesurfer/average/711-2B_as_mni_average_305_mask.4dfp.img
       256       256       256         1
  1.000000  1.000000  1.000000
orientation T byte_order littleendian
Reading mask: /opt/freesurfer/average/711-2B_as_mni_average_305_mask.4dfp.img (2306576 pixels)
talsrcimg_g11.4dfp.img
       256       256       256         1
  1.000000  1.000000  1.000000
orientation T byte_order littleendian
Reading image: talsrcimg_g11.4dfp.img
dimensions:      256       256       256
mmppix:       1.0000   -1.0000   -1.0000
center:     128.0000 -129.0000 -129.0000
fimgreg.f
image alignment mode   2311 decimal      907 hex
parameters
    6.4458   -7.1720    7.5949   -7.5291  -15.6669   -6.7150
    2.3488    9.7572   -3.5779   19.4225   -3.3114  -24.7502
eta,q 0.97391 10.84506
niter,ni,del,rscale     5    3    5.0000    0.8000
parameters
    6.4681   -7.2385    7.5023   -6.6422  -15.1854   -5.8355
    2.3036    9.8799   -3.4850   19.3944   -3.3636  -24.5460
eta,q 0.97428 10.93646
  0.0277  0.0272  0.0267  0.0279  0.0271  0.0277  0.0268  0.0288  0.0267  0.0270  0.0265  0.0265
  0.0268  0.0265  0.0263  0.0272  0.0265  0.0270  0.0262  0.0273  0.0262  0.0263  0.0261  0.0261
  0.0263  0.0262  0.0261  0.0265  0.0261  0.0264  0.0258  0.0261  0.0258  0.0259  0.0258  0.0258
  0.0261  0.0261  0.0261  0.0261  0.0260  0.0259  0.0257  0.0257  0.0257  0.0257  0.0257  0.0257
  0.0262  0.0263  0.0262  0.0260  0.0260  0.0256  0.0259  0.0260  0.0258  0.0259  0.0258  0.0258
  0.0268  0.0267  0.0264  0.0263  0.0262  0.0259  0.0263  0.0270  0.0261  0.0263  0.0261  0.0260
  0.0277  0.0273  0.0268  0.0270  0.0268  0.0270  0.0269  0.0285  0.0266  0.0270  0.0265  0.0263
niter,ni,del,rscale     4    3    5.0000    0.7000
parameters
    6.4206   -7.2644    7.7218   -6.7124  -15.2381   -5.4258
    2.3385    9.8274   -3.5084   19.4105   -3.5100  -24.2781
eta,q 0.97438 10.94416
  0.0270  0.0266  0.0266  0.0269  0.0265  0.0271  0.0265  0.0279  0.0264  0.0266  0.0262  0.0262
  0.0263  0.0261  0.0261  0.0264  0.0261  0.0266  0.0260  0.0267  0.0259  0.0261  0.0259  0.0259
  0.0258  0.0258  0.0258  0.0259  0.0258  0.0261  0.0257  0.0259  0.0257  0.0257  0.0257  0.0257
  0.0257  0.0257  0.0257  0.0257  0.0257  0.0257  0.0256  0.0256  0.0256  0.0256  0.0256  0.0256
  0.0259  0.0258  0.0257  0.0259  0.0258  0.0255  0.0257  0.0259  0.0257  0.0257  0.0257  0.0257
  0.0264  0.0262  0.0259  0.0264  0.0261  0.0259  0.0260  0.0268  0.0260  0.0261  0.0260  0.0258
  0.0272  0.0267  0.0261  0.0271  0.0265  0.0269  0.0265  0.0280  0.0264  0.0266  0.0263  0.0261
niter,ni,del,rscale     3    3    5.0000    0.6000
parameters
    6.4077   -7.2697    7.8459   -6.7459  -15.2358   -5.0731
    2.3260    9.8334   -3.5060   19.4399   -3.6292  -24.0781
eta,q 0.97446 10.95350
  0.0266  0.0263  0.0262  0.0266  0.0262  0.0268  0.0262  0.0273  0.0261  0.0263  0.0260  0.0260
  0.0261  0.0259  0.0259  0.0261  0.0259  0.0263  0.0258  0.0264  0.0258  0.0259  0.0257  0.0257
  0.0257  0.0257  0.0257  0.0258  0.0257  0.0259  0.0256  0.0258  0.0256  0.0256  0.0256  0.0256
  0.0256  0.0256  0.0256  0.0256  0.0256  0.0256  0.0255  0.0255  0.0255  0.0255  0.0255  0.0255
  0.0257  0.0257  0.0256  0.0257  0.0257  0.0255  0.0256  0.0258  0.0256  0.0256  0.0256  0.0256
  0.0261  0.0259  0.0258  0.0261  0.0259  0.0258  0.0258  0.0264  0.0258  0.0259  0.0258  0.0257
  0.0266  0.0263  0.0260  0.0267  0.0262  0.0266  0.0262  0.0273  0.0261  0.0263  0.0261  0.0259
niter,ni,del,rscale     2    3    5.0000    0.5000
parameters
    6.3987   -7.2726    7.9525   -6.7650  -15.2600   -4.7345
    2.3234    9.8406   -3.5187   19.4891   -3.6922  -23.8912
eta,q 0.97452 10.96082
  0.0262  0.0260  0.0260  0.0263  0.0259  0.0265  0.0259  0.0268  0.0259  0.0261  0.0258  0.0258
  0.0259  0.0257  0.0257  0.0259  0.0257  0.0261  0.0257  0.0261  0.0257  0.0257  0.0256  0.0256
  0.0256  0.0256  0.0256  0.0257  0.0256  0.0258  0.0255  0.0256  0.0255  0.0255  0.0255  0.0255
  0.0255  0.0255  0.0255  0.0255  0.0255  0.0255  0.0255  0.0255  0.0255  0.0255  0.0255  0.0255
  0.0256  0.0256  0.0256  0.0256  0.0256  0.0254  0.0255  0.0256  0.0255  0.0255  0.0255  0.0255
  0.0259  0.0258  0.0257  0.0259  0.0257  0.0257  0.0257  0.0261  0.0257  0.0257  0.0256  0.0256
  0.0263  0.0260  0.0258  0.0263  0.0259  0.0263  0.0259  0.0268  0.0259  0.0260  0.0258  0.0257
niter,ni,del,rscale     1    3    5.0000    0.4000
parameters
    6.3912   -7.2736    8.0708   -6.7911  -15.2843   -4.3994
    2.3240    9.8383   -3.5103   19.5282   -3.7448  -23.6689
eta,q 0.97458 10.96636
  0.0259  0.0258  0.0258  0.0260  0.0257  0.0262  0.0257  0.0263  0.0257  0.0258  0.0256  0.0256
  0.0257  0.0256  0.0256  0.0257  0.0256  0.0259  0.0256  0.0258  0.0255  0.0256  0.0255  0.0255
  0.0255  0.0255  0.0255  0.0255  0.0255  0.0257  0.0255  0.0255  0.0255  0.0255  0.0254  0.0255
  0.0255  0.0255  0.0255  0.0255  0.0255  0.0255  0.0254  0.0254  0.0254  0.0254  0.0254  0.0254
  0.0255  0.0255  0.0255  0.0255  0.0255  0.0254  0.0255  0.0255  0.0255  0.0255  0.0255  0.0254
  0.0257  0.0256  0.0255  0.0257  0.0256  0.0256  0.0256  0.0258  0.0255  0.0256  0.0255  0.0255
  0.0259  0.0258  0.0256  0.0260  0.0257  0.0260  0.0257  0.0263  0.0257  0.0258  0.0257  0.0256
registration optimization eta report
parameter search radius
    0.8000    0.8000    0.8000    2.4000    2.4000    2.4000
    2.4000    2.4000    2.4000    2.4000    2.4000    2.4000
100000*second partial in parameter space
       71.       48.       35.        9.        4.       10.
        5.       15.        5.        6.        4.        3.
  0.0259  0.0258  0.0258  0.0260  0.0257  0.0262  0.0257  0.0263  0.0257  0.0258  0.0256  0.0256
  0.0257  0.0256  0.0256  0.0257  0.0256  0.0259  0.0256  0.0258  0.0255  0.0256  0.0255  0.0255
  0.0255  0.0255  0.0255  0.0255  0.0255  0.0257  0.0255  0.0255  0.0255  0.0255  0.0254  0.0255
  0.0255  0.0255  0.0255  0.0255  0.0255  0.0255  0.0254  0.0254  0.0254  0.0254  0.0254  0.0254
  0.0255  0.0255  0.0255  0.0255  0.0255  0.0254  0.0255  0.0255  0.0255  0.0255  0.0255  0.0254
  0.0257  0.0256  0.0255  0.0257  0.0256  0.0256  0.0256  0.0258  0.0255  0.0256  0.0255  0.0255
  0.0259  0.0258  0.0256  0.0260  0.0257  0.0260  0.0257  0.0263  0.0257  0.0258  0.0257  0.0256
    6.3912   -7.2736    8.0708   -6.7911  -15.2843   -4.3994
    2.3240    9.8383   -3.5103   19.5282   -3.7448  -23.6689
eta,q 0.97458 10.96636

---------------------------------------------------------------------
imgreg_4dfp /opt/freesurfer/average/711-2C_as_mni_average_305 /opt/freesurfer/average/711-2B_as_mni_average_305_mask talsrcimg_g11 none talsrcimg_to_711-2C_as_mni_average_305_t4 2311
---------------------------------------------------------------------

freesurfer imgreg_4dfp.c
/opt/freesurfer/average/711-2C_as_mni_average_305.4dfp.img
       256       256       256         1
  1.000000  1.000000  1.000000
orientation T byte_order littleendian
Reading image: /opt/freesurfer/average/711-2C_as_mni_average_305.4dfp.img
dimensions:      256       256       256
mmppix:       1.0000   -1.0000   -1.0000
center:     128.0000 -129.0000 -129.0000
/opt/freesurfer/average/711-2B_as_mni_average_305_mask.4dfp.img
       256       256       256         1
  1.000000  1.000000  1.000000
orientation T byte_order littleendian
Reading mask: /opt/freesurfer/average/711-2B_as_mni_average_305_mask.4dfp.img (2306576 pixels)
talsrcimg_g11.4dfp.img
       256       256       256         1
  1.000000  1.000000  1.000000
orientation T byte_order littleendian
Reading image: talsrcimg_g11.4dfp.img
dimensions:      256       256       256
mmppix:       1.0000   -1.0000   -1.0000
center:     128.0000 -129.0000 -129.0000
fimgreg.f
image alignment mode   2311 decimal      907 hex
parameters
    6.3912   -7.2736    8.0708   -6.7911  -15.2843   -4.3994
    2.3240    9.8383   -3.5103   19.5282   -3.7448  -23.6689
eta,q 0.97458 10.96636
niter,ni,del,rscale     5    3    5.0000    0.8000
parameters
    6.3708   -7.2376    8.2473   -7.1408  -15.4310   -4.9380
    2.3983    9.7556   -3.5540   19.4278   -3.9009  -23.8200
eta,q 0.97444 10.93385
  0.0271  0.0267  0.0266  0.0268  0.0264  0.0271  0.0268  0.0284  0.0266  0.0268  0.0263  0.0262
  0.0262  0.0260  0.0260  0.0262  0.0259  0.0265  0.0261  0.0269  0.0260  0.0261  0.0259  0.0258
  0.0256  0.0256  0.0256  0.0257  0.0255  0.0259  0.0257  0.0259  0.0257  0.0257  0.0256  0.0256
  0.0254  0.0254  0.0254  0.0254  0.0254  0.0254  0.0256  0.0256  0.0256  0.0256  0.0256  0.0256
  0.0256  0.0256  0.0255  0.0257  0.0256  0.0255  0.0257  0.0260  0.0257  0.0257  0.0257  0.0257
  0.0262  0.0260  0.0257  0.0264  0.0259  0.0267  0.0261  0.0270  0.0260  0.0262  0.0260  0.0259
  0.0273  0.0265  0.0262  0.0275  0.0266  0.0288  0.0267  0.0286  0.0266  0.0270  0.0263  0.0263
niter,ni,del,rscale     4    3    5.0000    0.7000
parameters
    6.4081   -7.2376    8.0418   -6.9647  -15.2753   -5.0352
    2.3422    9.8538   -3.5153   19.4160   -3.8491  -23.9494
eta,q 0.97445 10.94588
  0.0269  0.0265  0.0260  0.0269  0.0264  0.0269  0.0264  0.0280  0.0263  0.0266  0.0262  0.0260
  0.0262  0.0260  0.0257  0.0263  0.0259  0.0264  0.0259  0.0267  0.0259  0.0260  0.0258  0.0258
  0.0257  0.0256  0.0256  0.0258  0.0256  0.0259  0.0256  0.0259  0.0256  0.0257  0.0256  0.0256
  0.0256  0.0256  0.0256  0.0255  0.0255  0.0255  0.0255  0.0255  0.0255  0.0255  0.0255  0.0255
  0.0257  0.0257  0.0257  0.0256  0.0256  0.0255  0.0257  0.0258  0.0256  0.0257  0.0256  0.0256
  0.0261  0.0260  0.0260  0.0260  0.0258  0.0261  0.0260  0.0265  0.0259  0.0260  0.0258  0.0258
  0.0268  0.0265  0.0263  0.0268  0.0263  0.0275  0.0265  0.0278  0.0263  0.0266  0.0261  0.0261
niter,ni,del,rscale     3    3    5.0000    0.6000
parameters
    6.4129   -7.2546    7.9873   -6.8607  -15.2557   -4.9088
    2.3339    9.8820   -3.5047   19.4366   -3.8063  -23.9322
eta,q 0.97449 10.95365
  0.0265  0.0262  0.0260  0.0266  0.0261  0.0267  0.0262  0.0273  0.0261  0.0263  0.0260  0.0259
  0.0260  0.0258  0.0257  0.0261  0.0258  0.0262  0.0258  0.0264  0.0258  0.0259  0.0257  0.0257
  0.0257  0.0256  0.0256  0.0257  0.0256  0.0259  0.0256  0.0257  0.0256  0.0256  0.0256  0.0256
  0.0255  0.0255  0.0255  0.0255  0.0255  0.0255  0.0255  0.0255  0.0255  0.0255  0.0255  0.0255
  0.0256  0.0256  0.0256  0.0256  0.0256  0.0254  0.0256  0.0257  0.0256  0.0256  0.0256  0.0256
  0.0260  0.0259  0.0258  0.0260  0.0258  0.0259  0.0258  0.0263  0.0258  0.0259  0.0257  0.0257
  0.0265  0.0262  0.0260  0.0265  0.0261  0.0268  0.0262  0.0273  0.0261  0.0263  0.0260  0.0259
niter,ni,del,rscale     2    3    5.0000    0.5000
parameters
    6.4068   -7.2658    8.0178   -6.8173  -15.2731   -4.6660
    2.3308    9.8740   -3.5122   19.4837   -3.7820  -23.8311
eta,q 0.97454 10.96028
  0.0262  0.0260  0.0259  0.0263  0.0259  0.0264  0.0259  0.0268  0.0259  0.0260  0.0258  0.0258
  0.0258  0.0257  0.0257  0.0259  0.0257  0.0261  0.0257  0.0261  0.0256  0.0257  0.0256  0.0256
  0.0256  0.0255  0.0255  0.0256  0.0256  0.0258  0.0255  0.0256  0.0255  0.0255  0.0255  0.0255
  0.0255  0.0255  0.0255  0.0255  0.0255  0.0255  0.0255  0.0255  0.0255  0.0255  0.0255  0.0255
  0.0256  0.0256  0.0255  0.0256  0.0255  0.0254  0.0255  0.0256  0.0255  0.0255  0.0255  0.0255
  0.0258  0.0257  0.0257  0.0258  0.0257  0.0257  0.0257  0.0261  0.0257  0.0257  0.0256  0.0256
  0.0262  0.0260  0.0258  0.0263  0.0259  0.0264  0.0259  0.0268  0.0259  0.0260  0.0258  0.0257
niter,ni,del,rscale     1    3    5.0000    0.4000
parameters
    6.4012   -7.2689    8.0988   -6.8171  -15.3033   -4.3727
    2.3343    9.8665   -3.5219   19.5299   -3.7830  -23.6475
eta,q 0.97459 10.96522
  0.0259  0.0258  0.0257  0.0259  0.0257  0.0262  0.0257  0.0263  0.0257  0.0258  0.0257  0.0256
  0.0257  0.0256  0.0256  0.0257  0.0256  0.0259  0.0256  0.0258  0.0255  0.0256  0.0255  0.0255
  0.0255  0.0255  0.0255  0.0255  0.0255  0.0257  0.0255  0.0255  0.0254  0.0255  0.0254  0.0254
  0.0255  0.0255  0.0255  0.0255  0.0255  0.0255  0.0254  0.0254  0.0254  0.0254  0.0254  0.0254
  0.0255  0.0255  0.0255  0.0255  0.0255  0.0254  0.0254  0.0255  0.0254  0.0254  0.0254  0.0254
  0.0257  0.0256  0.0255  0.0257  0.0256  0.0256  0.0255  0.0258  0.0255  0.0256  0.0255  0.0255
  0.0259  0.0258  0.0256  0.0260  0.0257  0.0260  0.0257  0.0263  0.0257  0.0258  0.0257  0.0256
registration optimization eta report
parameter search radius
    0.8000    0.8000    0.8000    2.4000    2.4000    2.4000
    2.4000    2.4000    2.4000    2.4000    2.4000    2.4000
100000*second partial in parameter space
       71.       48.       35.        9.        4.       11.
        5.       15.        5.        6.        4.        3.
  0.0259  0.0258  0.0257  0.0259  0.0257  0.0262  0.0257  0.0263  0.0257  0.0258  0.0257  0.0256
  0.0257  0.0256  0.0256  0.0257  0.0256  0.0259  0.0256  0.0258  0.0255  0.0256  0.0255  0.0255
  0.0255  0.0255  0.0255  0.0255  0.0255  0.0257  0.0255  0.0255  0.0254  0.0255  0.0254  0.0254
  0.0255  0.0255  0.0255  0.0255  0.0255  0.0255  0.0254  0.0254  0.0254  0.0254  0.0254  0.0254
  0.0255  0.0255  0.0255  0.0255  0.0255  0.0254  0.0254  0.0255  0.0254  0.0254  0.0254  0.0254
  0.0257  0.0256  0.0255  0.0257  0.0256  0.0256  0.0255  0.0258  0.0255  0.0256  0.0255  0.0255
  0.0259  0.0258  0.0256  0.0260  0.0257  0.0260  0.0257  0.0263  0.0257  0.0258  0.0257  0.0256
    6.4012   -7.2689    8.0988   -6.8171  -15.3033   -4.3727
    2.3343    9.8665   -3.5219   19.5299   -3.7830  -23.6475
eta,q 0.97459 10.96522

---------------------------------------------------------------------
compute_vox2vox talsrcimg talsrcimg_to_711-2C_as_mni_average_305_t4 /opt/freesurfer/average/711-2C_as_mni_average_305
---------------------------------------------------------------------

freesurfer compute_vox2vox.c
Reading: talsrcimg.4dfp.ifh
Reading: talsrcimg_to_711-2C_as_mni_average_305_t4
Reading: /opt/freesurfer/average/711-2C_as_mni_average_305.4dfp.ifh
Writing: talsrcimg_to_711-2C_as_mni_average_305_t4_vox2vox.txt

start time Thu Mar 12 06:44:21 CET 2026
end		time Thu Mar 12 06:45:46 CET 2026

mpr2mni305 success

avi2talxfm orig_nu.mgz /opt/freesurfer/average/mni305.cor.mgz talsrcimg_to_711-2C_as_mni_average_305_t4_vox2vox.txt transforms/talairach.auto.xfm
avi2talxfm done
mv -f /out/sourcedata/freesurfer/sub-v1s10x0051091_ses-1/mri/talsrcimg_to_711-2C_as_mni_average_305_t4_vox2vox.txt /out/sourcedata/freesurfer/sub-v1s10x0051091_ses-1/mri/transforms/talsrcimg_to_711-2C_as_mni_average_305_t4_vox2vox.txt
lta_convert --src orig_nu.mgz --trg /opt/freesurfer/average/mni305.cor.mgz --inxfm transforms/talairach.auto.xfm --outlta transforms/talairach.auto.xfm.lta --subject fsaverage
7.3.2

--src: orig_nu.mgz src image (geometry).
--trg: /opt/freesurfer/average/mni305.cor.mgz trg image (geometry).
--inmni: transforms/talairach.auto.xfm input MNI/XFM transform.
--outlta: transforms/talairach.auto.xfm.lta output LTA.
--s: fsaverage subject name
 LTA read, type : 1
 1.06701  -0.09847  -0.05690  -7.09911;
 0.05031   0.98467   0.27354  -7.61546;
 0.03277  -0.23115   1.11524   8.63179;
 0.00000   0.00000   0.00000   1.00000;
setting subject to fsaverage
Writing  LTA to file transforms/talairach.auto.xfm.lta...
lta_convert successful.
 
 
Started at Thu Mar 12 06:44:20 CET 2026
Ended   at Thu Mar 12 06:45:46 CET 2026
talairach_avi done
