status file for recon-all
Thu Mar 12 02:34:49 CET 2026
#@# Tessellate lh Thu Mar 12 02:34:49 CET 2026
#@# Smooth1 lh Thu Mar 12 02:34:54 CET 2026
#@# Inflation1 lh Thu Mar 12 02:34:56 CET 2026
#@# QSphere lh Thu Mar 12 02:35:09 CET 2026
#@# Fix Topology lh Thu Mar 12 02:36:20 CET 2026
#@# Smooth2 lh Thu Mar 12 02:47:26 CET 2026
#@# Inflation2 lh Thu Mar 12 02:47:29 CET 2026
#@# Curv .H and .K lh Thu Mar 12 02:47:46 CET 2026
#@# Sphere lh Thu Mar 12 02:48:33 CET 2026
#@# Surf Reg lh Thu Mar 12 02:53:12 CET 2026
#@# Jacobian white lh Thu Mar 12 02:59:22 CET 2026
#@# AvgCurv lh Thu Mar 12 02:59:23 CET 2026
#@# Cortical Parc lh Thu Mar 12 02:59:24 CET 2026
#@# white curv lh Thu Mar 12 03:07:27 CET 2026
#@# white area lh Thu Mar 12 03:07:28 CET 2026
#@# pial curv lh Thu Mar 12 03:07:29 CET 2026
#@# pial area lh Thu Mar 12 03:07:31 CET 2026
#@# thickness lh Thu Mar 12 03:07:32 CET 2026
#@# area and vertex vol lh Thu Mar 12 03:08:00 CET 2026
#@# Curvature Stats lh Thu Mar 12 03:08:02 CET 2026
#@# Cortical Parc 2 lh Thu Mar 12 03:08:05 CET 2026
#@# Cortical Parc 3 lh Thu Mar 12 03:08:18 CET 2026
#@# WM/GM Contrast lh Thu Mar 12 03:08:28 CET 2026
recon-all -s sub-v1s10x0050978_ses-1 finished without error at Thu Mar 12 03:08:32 CET 2026



#New# invocation of recon-all 



status file for recon-all
Thu Mar 12 03:38:32 CET 2026
#@# white curv lh Thu Mar 12 03:38:32 CET 2026
#@# white area lh Thu Mar 12 03:38:32 CET 2026
#@# pial curv lh Thu Mar 12 03:38:32 CET 2026
#@# pial area lh Thu Mar 12 03:38:32 CET 2026
#@# thickness lh Thu Mar 12 03:38:33 CET 2026
#@# area and vertex vol lh Thu Mar 12 03:38:33 CET 2026
#@# Parcellation Stats lh Thu Mar 12 03:38:33 CET 2026
#@# Parcellation Stats 2 lh Thu Mar 12 03:38:51 CET 2026
#@# Parcellation Stats 3 lh Thu Mar 12 03:39:01 CET 2026
#@# BA_exvivo Labels lh Thu Mar 12 03:39:11 CET 2026
recon-all -s sub-v1s10x0050978_ses-1 finished without error at Thu Mar 12 03:41:43 CET 2026
