status file for recon-all
Thu Mar 12 03:16:31 CET 2026
#@# Tessellate lh Thu Mar 12 03:16:31 CET 2026
#@# Smooth1 lh Thu Mar 12 03:16:35 CET 2026
#@# Inflation1 lh Thu Mar 12 03:16:38 CET 2026
#@# QSphere lh Thu Mar 12 03:16:51 CET 2026
#@# Fix Topology lh Thu Mar 12 03:17:54 CET 2026
#@# Smooth2 lh Thu Mar 12 03:24:12 CET 2026
#@# Inflation2 lh Thu Mar 12 03:24:14 CET 2026
#@# Curv .H and .K lh Thu Mar 12 03:24:29 CET 2026
#@# Sphere lh Thu Mar 12 03:25:11 CET 2026
#@# Surf Reg lh Thu Mar 12 03:27:25 CET 2026
#@# Jacobian white lh Thu Mar 12 03:30:44 CET 2026
#@# AvgCurv lh Thu Mar 12 03:30:45 CET 2026
#@# Cortical Parc lh Thu Mar 12 03:30:46 CET 2026
#@# white curv lh Thu Mar 12 03:36:23 CET 2026
#@# white area lh Thu Mar 12 03:36:25 CET 2026
#@# pial curv lh Thu Mar 12 03:36:25 CET 2026
#@# pial area lh Thu Mar 12 03:36:27 CET 2026
#@# thickness lh Thu Mar 12 03:36:28 CET 2026
#@# area and vertex vol lh Thu Mar 12 03:36:55 CET 2026
#@# Curvature Stats lh Thu Mar 12 03:36:56 CET 2026
#@# Cortical Parc 2 lh Thu Mar 12 03:36:58 CET 2026
#@# Cortical Parc 3 lh Thu Mar 12 03:37:11 CET 2026
#@# WM/GM Contrast lh Thu Mar 12 03:37:21 CET 2026
recon-all -s sub-v1s10x0050991_ses-1 finished without error at Thu Mar 12 03:37:25 CET 2026



#New# invocation of recon-all 



status file for recon-all
Thu Mar 12 04:04:14 CET 2026
#@# white curv lh Thu Mar 12 04:04:14 CET 2026
#@# white area lh Thu Mar 12 04:04:14 CET 2026
#@# pial curv lh Thu Mar 12 04:04:14 CET 2026
#@# pial area lh Thu Mar 12 04:04:14 CET 2026
#@# thickness lh Thu Mar 12 04:04:14 CET 2026
#@# area and vertex vol lh Thu Mar 12 04:04:14 CET 2026
#@# Parcellation Stats lh Thu Mar 12 04:04:14 CET 2026
#@# Parcellation Stats 2 lh Thu Mar 12 04:04:29 CET 2026
#@# Parcellation Stats 3 lh Thu Mar 12 04:04:37 CET 2026
#@# BA_exvivo Labels lh Thu Mar 12 04:04:45 CET 2026
recon-all -s sub-v1s10x0050991_ses-1 finished without error at Thu Mar 12 04:07:11 CET 2026
