status file for recon-all
Thu Mar 12 09:27:41 CET 2026
#@# MotionCor Thu Mar 12 09:27:42 CET 2026
#@# Talairach Thu Mar 12 09:27:47 CET 2026
#@# Talairach Failure Detection Thu Mar 12 09:30:37 CET 2026
#@# Nu Intensity Correction Thu Mar 12 09:30:37 CET 2026
#@# Intensity Normalization Thu Mar 12 09:33:22 CET 2026
recon-all -s sub-v1s10x0051149_ses-1 finished without error at Thu Mar 12 09:34:15 CET 2026



#New# invocation of recon-all 



status file for recon-all
Thu Mar 12 09:40:03 CET 2026
#@# EM Registration Thu Mar 12 09:40:03 CET 2026
recon-all -s sub-v1s10x0051149_ses-1 finished without error at Thu Mar 12 09:41:23 CET 2026



#New# invocation of recon-all 



status file for recon-all
Thu Mar 12 09:41:25 CET 2026
#@# CA Normalize Thu Mar 12 09:41:25 CET 2026
#@# CA Reg Thu Mar 12 09:42:17 CET 2026
#@# SubCort Seg Thu Mar 12 10:18:03 CET 2026
#@# CC Seg Thu Mar 12 10:37:02 CET 2026
#@# Merge ASeg Thu Mar 12 10:37:22 CET 2026
#@# Intensity Normalization2 Thu Mar 12 10:37:22 CET 2026
#@# Mask BFS Thu Mar 12 10:38:41 CET 2026
#@# WM Segmentation Thu Mar 12 10:38:42 CET 2026
#@# Fill Thu Mar 12 10:40:07 CET 2026
recon-all -s sub-v1s10x0051149_ses-1 finished without error at Thu Mar 12 10:40:45 CET 2026



#New# invocation of recon-all 



status file for recon-all
Thu Mar 12 11:12:32 CET 2026
#@# white curv lh Thu Mar 12 11:12:32 CET 2026
#@# white area lh Thu Mar 12 11:12:32 CET 2026
#@# pial curv lh Thu Mar 12 11:12:32 CET 2026
#@# pial area lh Thu Mar 12 11:12:32 CET 2026
#@# thickness lh Thu Mar 12 11:12:32 CET 2026
#@# area and vertex vol lh Thu Mar 12 11:12:32 CET 2026
#@# white curv rh Thu Mar 12 11:12:32 CET 2026
#@# white area rh Thu Mar 12 11:12:32 CET 2026
#@# pial curv rh Thu Mar 12 11:12:32 CET 2026
#@# pial area rh Thu Mar 12 11:12:32 CET 2026
#@# thickness rh Thu Mar 12 11:12:32 CET 2026
#@# area and vertex vol rh Thu Mar 12 11:12:32 CET 2026
#@# Cortical ribbon mask Thu Mar 12 11:12:32 CET 2026
recon-all -s sub-v1s10x0051149_ses-1 finished without error at Thu Mar 12 11:16:26 CET 2026



#New# invocation of recon-all 



status file for recon-all
Thu Mar 12 11:21:10 CET 2026
#@# white curv lh Thu Mar 12 11:21:10 CET 2026
#@# white area lh Thu Mar 12 11:21:10 CET 2026
#@# pial curv lh Thu Mar 12 11:21:10 CET 2026
#@# pial area lh Thu Mar 12 11:21:10 CET 2026
#@# thickness lh Thu Mar 12 11:21:11 CET 2026
#@# area and vertex vol lh Thu Mar 12 11:21:11 CET 2026
#@# white curv rh Thu Mar 12 11:21:11 CET 2026
#@# white area rh Thu Mar 12 11:21:11 CET 2026
#@# pial curv rh Thu Mar 12 11:21:11 CET 2026
#@# pial area rh Thu Mar 12 11:21:11 CET 2026
#@# thickness rh Thu Mar 12 11:21:11 CET 2026
#@# area and vertex vol rh Thu Mar 12 11:21:11 CET 2026
#@# Curvature Stats lh Thu Mar 12 11:21:11 CET 2026
#@# Curvature Stats rh Thu Mar 12 11:21:12 CET 2026
#@# Relabel Hypointensities Thu Mar 12 11:21:14 CET 2026
#@# APas-to-ASeg Thu Mar 12 11:21:23 CET 2026
#@# AParc-to-ASeg aparc Thu Mar 12 11:21:29 CET 2026
#@# AParc-to-ASeg aparc.a2009s Thu Mar 12 11:21:50 CET 2026
#@# AParc-to-ASeg aparc.DKTatlas Thu Mar 12 11:22:12 CET 2026
#@# WMParc Thu Mar 12 11:22:29 CET 2026
#@# ASeg Stats Thu Mar 12 11:24:21 CET 2026
recon-all -s sub-v1s10x0051149_ses-1 finished without error at Thu Mar 12 11:24:44 CET 2026
