/out/sourcedata/freesurfer/sub-v1s10x0051068_ses-1/mri
/opt/freesurfer/bin/talairach_avi
--i orig_nu.mgz --xfm transforms/talairach.auto.xfm
talairach_avi 7.3.2
Linux dna013 5.14.0-427.37.1.el9_4.x86_64 #1 SMP PREEMPT_DYNAMIC Fri Sep 13 12:41:50 EDT 2024 x86_64 x86_64 x86_64 GNU/Linux
Thu Mar 12 05:52:49 CET 2026
mri_convert orig_nu.mgz talsrcimg.img 
reading from orig_nu.mgz...
TR=0.00, TE=0.00, TI=0.00, flip angle=0.00
i_ras = (-1, 0, 0)
j_ras = (0, 0, -1)
k_ras = (0, 1, 0)
writing to talsrcimg.img...
Analyze Output Matrix
-1.00000   0.00000   0.00000   131.83380;
 0.00000   0.00000   1.00000  -141.73492;
 0.00000  -1.00000   0.00000   130.00000;
 0.00000   0.00000   0.00000   1.00000;
--------------------
INFO: set hdr.hist.orient to -1
mpr2mni305 talsrcimg
Thu Mar 12 05:52:49 CET 2026
/opt/freesurfer/bin/mpr2mni305 talsrcimg
mpr2mni305 7.3.2
target=711-2C_as_mni_average_305

---------------------------------------------------------------------
analyzeto4dfp talsrcimg -O0 -y
---------------------------------------------------------------------

freesurfer ifh2hdr.c
Thu Mar 12 05:52:49 2026
Writing: talsrcimg.4dfp.hdr
freesurfer analyzeto4dfp.c
Reading: talsrcimg.hdr
header size 348 bytes
hdr.dime.datatype	offset=70	value=2
hdr.dime.bitpix		offset=72	value=8
hdr.hist.orient		offset=252	value=-1
dimensionality     4
dimensions       256       256       256         1
Reading: talsrcimg.img
Writing: talsrcimg.4dfp.img
Writing: talsrcimg.4dfp.ifh
ifh2hdr talsrcimg -r0to210
ori=2

---------------------------------------------------------------------
gauss_4dfp talsrcimg 1.1
---------------------------------------------------------------------

freesurfer gauss_4dfp.c
Reading: talsrcimg.4dfp.img
Writing: talsrcimg_g11.4dfp.img
image dimensions 256 256 256 padded to 288 288 288
processing volume 1freesurfer ifh2hdr.c
Thu Mar 12 05:52:51 2026
Writing: talsrcimg_g11.4dfp.hdr

Writing: talsrcimg_g11.4dfp.ifh
including: talsrcimg.4dfp.img.rec in talsrcimg_g11.4dfp.img.rec

---------------------------------------------------------------------
imgreg_4dfp /opt/freesurfer/average/711-2C_as_mni_average_305 none talsrcimg_g11 none talsrcimg_to_711-2C_as_mni_average_305_t4 4355
---------------------------------------------------------------------

freesurfer imgreg_4dfp.c
/opt/freesurfer/average/711-2C_as_mni_average_305.4dfp.img
       256       256       256         1
  1.000000  1.000000  1.000000
orientation T byte_order littleendian
Reading image: /opt/freesurfer/average/711-2C_as_mni_average_305.4dfp.img
dimensions:      256       256       256
mmppix:       1.0000   -1.0000   -1.0000
center:     128.0000 -129.0000 -129.0000
talsrcimg_g11.4dfp.img
       256       256       256         1
  1.000000  1.000000  1.000000
orientation T byte_order littleendian
Reading image: talsrcimg_g11.4dfp.img
dimensions:      256       256       256
mmppix:       1.0000   -1.0000   -1.0000
center:     128.0000 -129.0000 -129.0000
t4_read: open error in t4_sub.f l:  41 t4_file(1:l)talsrcimg_to_711-2C_as_mni_average_305_t4 
t4_read: transform initialized to I4
rotation matrix determinant  1.000000
image alignment mode   4355 decimal     1103 hex
   -7.5000  -45.0000  -45.0000 7875.9155   16.8150
    0.0000  -45.0000  -45.0000 8180.2515   16.8046
    7.5000  -45.0000  -45.0000 7751.6680   16.8111
   -7.5000  -37.5000  -45.0000 8332.0996   16.7538
    0.0000  -37.5000  -45.0000 8666.3623   16.7455
    7.5000  -37.5000  -45.0000 8221.6455   16.7529
   -7.5000  -30.0000  -45.0000 9067.6582   16.7195
    0.0000  -30.0000  -45.0000 9438.6719   16.7150
    7.5000  -30.0000  -45.0000 8946.4834   16.7172
   -7.5000  -22.5000  -45.0000 9726.6914   16.7413
    0.0000  -22.5000  -45.000010134.2598   16.7381
    7.5000  -22.5000  -45.0000 9614.7168   16.7333
   -7.5000  -15.0000  -45.000010336.9316   16.7755
    0.0000  -15.0000  -45.000010757.9541   16.7701
    7.5000  -15.0000  -45.000010233.4268   16.7634
   -7.5000   -7.5000  -45.000010870.5332   16.7882
    0.0000   -7.5000  -45.000011335.8076   16.7793
    7.5000   -7.5000  -45.000010787.5938   16.7788
   -7.5000    0.0000  -45.000011321.6992   16.7736
    0.0000    0.0000  -45.000011813.1377   16.7630
    7.5000    0.0000  -45.000011233.8262   16.7695
   -7.5000    7.5000  -45.000010899.5312   16.7390
    0.0000    7.5000  -45.000011393.4785   16.7307
    7.5000    7.5000  -45.000010830.8887   16.7380
   -7.5000   15.0000  -45.000010420.1885   16.7195
    0.0000   15.0000  -45.000010903.9814   16.7150
    7.5000   15.0000  -45.000010369.3506   16.7172
   -7.5000   22.5000  -45.0000 9854.1582   16.7390
    0.0000   22.5000  -45.000010295.9297   16.7358
    7.5000   22.5000  -45.0000 9774.0020   16.7310
   -7.5000   30.0000  -45.0000 9156.3984   16.5520
    0.0000   30.0000  -45.0000 9552.4473   16.5466
    7.5000   30.0000  -45.0000 9055.0049   16.5400
   -7.5000   37.5000  -45.0000 8759.8418   16.5657
    0.0000   37.5000  -45.0000 9130.9287   16.5569
    7.5000   37.5000  -45.0000 8641.5137   16.5565
   -7.5000   45.0000  -45.0000 8047.1240   16.1507
    0.0000   45.0000  -45.0000 8366.6572   16.1407
    7.5000   45.0000  -45.0000 7904.2476   16.1469
   -7.5000  -45.0000  -37.5000 8374.0342   16.6767
    0.0000  -45.0000  -37.5000 8699.1133   16.6656
    7.5000  -45.0000  -37.5000 8254.3086   16.6733
   -7.5000  -37.5000  -37.5000 8873.0664   16.6084
    0.0000  -37.5000  -37.5000 9222.5537   16.5982
    7.5000  -37.5000  -37.5000 8742.0781   16.6075
   -7.5000  -30.0000  -37.5000 9625.1240   16.5700
    0.0000  -30.0000  -37.500010020.3740   16.5646
    7.5000  -30.0000  -37.5000 9497.9805   16.5680
   -7.5000  -22.5000  -37.500010295.6006   16.5953
    0.0000  -22.5000  -37.500010728.3477   16.5933
    7.5000  -22.5000  -37.500010198.8906   16.5883
   -7.5000  -15.0000  -37.500010937.1660   16.6369
    0.0000  -15.0000  -37.500011387.1494   16.6337
    7.5000  -15.0000  -37.500010816.2842   16.6266
   -7.5000   -7.5000  -37.500011492.7031   16.6540
    0.0000   -7.5000  -37.500011993.1533   16.6463
    7.5000   -7.5000  -37.500011395.8594   16.6458
   -7.5000    0.0000  -37.500011965.4404   16.6361
    0.0000    0.0000  -37.500012486.0117   16.6247
    7.5000    0.0000  -37.500011865.1738   16.6324
   -7.5000    7.5000  -37.500011507.8408   16.5937
    0.0000    7.5000  -37.500012028.4971   16.5835
    7.5000    7.5000  -37.500011440.0410   16.5928
   -7.5000   15.0000  -37.500011008.4502   16.5700
    0.0000   15.0000  -37.500011512.3730   16.5646
    7.5000   15.0000  -37.500010947.1953   16.5679
   -7.5000   22.5000  -37.500010398.9727   16.5930
    0.0000   22.5000  -37.500010881.3887   16.5910
    7.5000   22.5000  -37.500010322.4326   16.5861
   -7.5000   30.0000  -37.5000 9640.6865   16.4152
    0.0000   30.0000  -37.500010078.1543   16.4121
    7.5000   30.0000  -37.5000 9538.6943   16.4050
   -7.5000   37.5000  -37.5000 9186.9590   16.4334
    0.0000   37.5000  -37.5000 9603.5312   16.4257
    7.5000   37.5000  -37.5000 9084.0996   16.4253
   -7.5000   45.0000  -37.5000 8422.0176   16.0180
    0.0000   45.0000  -37.5000 8781.2949   16.0072
    7.5000   45.0000  -37.5000 8297.3770   16.0147
   -7.5000  -45.0000  -30.0000 9079.4697   17.3653
    0.0000  -45.0000  -30.0000 9431.3311   17.3566
    7.5000  -45.0000  -30.0000 8928.4951   17.3682
   -7.5000  -37.5000  -30.0000 9613.1924   17.2949
    0.0000  -37.5000  -30.0000 9987.9111   17.2845
    7.5000  -37.5000  -30.0000 9451.5508   17.2960
   -7.5000  -30.0000  -30.000010415.0234   17.2604
    0.0000  -30.0000  -30.000010825.4854   17.2541
    7.5000  -30.0000  -30.000010260.1895   17.2571
   -7.5000  -22.5000  -30.000011139.3760   17.2906
    0.0000  -22.5000  -30.000011590.9902   17.2897
    7.5000  -22.5000  -30.000011019.5879   17.2843
   -7.5000  -15.0000  -30.000011829.9668   17.3332
    0.0000  -15.0000  -30.000012328.5039   17.3336
    7.5000  -15.0000  -30.000011682.9131   17.3280
   -7.5000   -7.5000  -30.000012441.4297   17.3467
    0.0000   -7.5000  -30.000012977.7188   17.3430
    7.5000   -7.5000  -30.000012295.2822   17.3459
   -7.5000    0.0000  -30.000012930.3955   17.3231
    0.0000    0.0000  -30.000013494.8623   17.3141
    7.5000    0.0000  -30.000012765.5859   17.3257
   -7.5000    7.5000  -30.000012407.5586   17.2794
    0.0000    7.5000  -30.000012991.2920   17.2691
    7.5000    7.5000  -30.000012324.7139   17.2807
   -7.5000   15.0000  -30.000011837.3691   17.2604
    0.0000   15.0000  -30.000012388.3926   17.2541
    7.5000   15.0000  -30.000011758.0889   17.2571
   -7.5000   22.5000  -30.000011152.0352   17.2864
    0.0000   22.5000  -30.000011672.2314   17.2856
    7.5000   22.5000  -30.000011090.8506   17.2801
   -7.5000   30.0000  -30.000010322.1309   17.1038
    0.0000   30.0000  -30.000010796.0879   17.1042
    7.5000   30.0000  -30.000010234.3955   17.0987
   -7.5000   37.5000  -30.0000 9786.7812   17.1185
    0.0000   37.5000  -30.000010261.2002   17.1149
    7.5000   37.5000  -30.0000 9715.6094   17.1177
   -7.5000   45.0000  -30.0000 8961.2930   16.6914
    0.0000   45.0000  -30.0000 9380.1299   16.6829
    7.5000   45.0000  -30.0000 8871.8564   16.6942
   -7.5000  -45.0000  -22.5000 9785.9795   17.9762
    0.0000  -45.0000  -22.500010165.2070   17.9706
    7.5000  -45.0000  -22.5000 9640.1719   17.9844
   -7.5000  -37.5000  -22.500010333.4902   17.9139
    0.0000  -37.5000  -22.500010725.7812   17.9045
    7.5000  -37.5000  -22.500010166.1748   17.9142
   -7.5000  -30.0000  -22.500011196.8965   17.8882
    0.0000  -30.0000  -22.500011627.0264   17.8809
    7.5000  -30.0000  -22.500011028.7061   17.8802
   -7.5000  -22.5000  -22.500012002.6787   17.9172
    0.0000  -22.5000  -22.500012488.2119   17.9158
    7.5000  -22.5000  -22.500011849.3564   17.9091
   -7.5000  -15.0000  -22.500012750.5586   17.9509
    0.0000  -15.0000  -22.500013263.7852   17.9530
    7.5000  -15.0000  -22.500012549.2578   17.9494
   -7.5000   -7.5000  -22.500013401.2754   17.9563
    0.0000   -7.5000  -22.500013962.0312   17.9559
    7.5000   -7.5000  -22.500013185.6201   17.9625
   -7.5000    0.0000  -22.500013888.3105   17.9324
    0.0000    0.0000  -22.500014521.7139   17.9265
    7.5000    0.0000  -22.500013701.3193   17.9403
   -7.5000    7.5000  -22.500013318.3320   17.8979
    0.0000    7.5000  -22.500013939.3828   17.8885
    7.5000    7.5000  -22.500013185.9805   17.8983
   -7.5000   15.0000  -22.500012657.6230   17.8882
    0.0000   15.0000  -22.500013241.0674   17.8809
    7.5000   15.0000  -22.500012549.1396   17.8802
   -7.5000   22.5000  -22.500011892.7783   17.9117
    0.0000   22.5000  -22.500012438.5664   17.9103
    7.5000   22.5000  -22.500011801.2949   17.9036
   -7.5000   30.0000  -22.500011014.1582   17.7161
    0.0000   30.0000  -22.500011521.6680   17.7182
    7.5000   30.0000  -22.500010910.4248   17.7147
   -7.5000   37.5000  -22.500010429.3936   17.7229
    0.0000   37.5000  -22.500010934.2090   17.7225
    7.5000   37.5000  -22.500010343.9844   17.7290
   -7.5000   45.0000  -22.5000 9521.4336   17.2912
    0.0000   45.0000  -22.5000 9968.5498   17.2856
    7.5000   45.0000  -22.5000 9435.7930   17.2992
   -7.5000  -45.0000  -15.000010487.4648   18.4218
    0.0000  -45.0000  -15.000010900.4482   18.4171
    7.5000  -45.0000  -15.000010336.4912   18.4306
   -7.5000  -37.5000  -15.000011048.2432   18.3684
    0.0000  -37.5000  -15.000011478.4902   18.3601
    7.5000  -37.5000  -15.000010889.3252   18.3678
   -7.5000  -30.0000  -15.000011958.9287   18.3478
    0.0000  -30.0000  -15.000012436.4033   18.3405
    7.5000  -30.0000  -15.000011793.4707   18.3374
   -7.5000  -22.5000  -15.000012823.3848   18.3722
    0.0000  -22.5000  -15.000013340.4209   18.3695
    7.5000  -22.5000  -15.000012653.8398   18.3615
   -7.5000  -15.0000  -15.000013614.4980   18.3965
    0.0000  -15.0000  -15.000014150.7012   18.3971
    7.5000  -15.0000  -15.000013379.1865   18.3935
   -7.5000   -7.5000  -15.000014311.5742   18.3968
    0.0000   -7.5000  -15.000014919.3750   18.3959
    7.5000   -7.5000  -15.000014086.0898   18.4030
   -7.5000    0.0000  -15.000014841.0771   18.3768
    0.0000    0.0000  -15.000015509.9229   18.3718
    7.5000    0.0000  -15.000014616.4854   18.3853
   -7.5000    7.5000  -15.000014222.0654   18.3521
    0.0000    7.5000  -15.000014883.3740   18.3438
    7.5000    7.5000  -15.000014055.7871   18.3516
   -7.5000   15.0000  -15.000013459.0059   18.3478
    0.0000   15.0000  -15.000014107.0010   18.3404
    7.5000   15.0000  -15.000013324.5400   18.3374
   -7.5000   22.5000  -15.000012608.8926   18.3657
    0.0000   22.5000  -15.000013217.8086   18.3630
    7.5000   22.5000  -15.000012516.1650   18.3550
   -7.5000   30.0000  -15.000011673.6426   18.1584
    0.0000   30.0000  -15.000012247.2627   18.1590
    7.5000   30.0000  -15.000011598.0732   18.1555
   -7.5000   37.5000  -15.000011092.5342   18.1602
    0.0000   37.5000  -15.000011644.2549   18.1593
    7.5000   37.5000  -15.000011017.8311   18.1663
   -7.5000   45.0000  -15.000010113.9424   17.7305
    0.0000   45.0000  -15.000010607.6084   17.7258
    7.5000   45.0000  -15.000010025.3574   17.7391
   -7.5000  -45.0000   -7.500011256.5039   18.6371
    0.0000  -45.0000   -7.500011703.6045   18.6297
    7.5000  -45.0000   -7.500011100.7363   18.6403
   -7.5000  -37.5000   -7.500011824.9424   18.5807
    0.0000  -37.5000   -7.500012308.3203   18.5729
    7.5000  -37.5000   -7.500011678.7246   18.5805
   -7.5000  -30.0000   -7.500012771.3096   18.5532
    0.0000  -30.0000   -7.500013301.7373   18.5474
    7.5000  -30.0000   -7.500012629.1396   18.5465
   -7.5000  -22.5000   -7.500013663.6602   18.5747
    0.0000  -22.5000   -7.500014226.7656   18.5712
    7.5000  -22.5000   -7.500013494.9463   18.5641
   -7.5000  -15.0000   -7.500014483.4062   18.6015
    0.0000  -15.0000   -7.500015062.5293   18.5982
    7.5000  -15.0000   -7.500014265.1074   18.5925
   -7.5000   -7.5000   -7.500015233.6113   18.6071
    0.0000   -7.5000   -7.500015904.7578   18.6018
    7.5000   -7.5000   -7.500014991.0742   18.6052
   -7.5000    0.0000   -7.500015805.3281   18.5915
    0.0000    0.0000   -7.500016533.4355   18.5839
    7.5000    0.0000   -7.500015559.9316   18.5945
   -7.5000    7.5000   -7.500015130.5654   18.5643
    0.0000    7.5000   -7.500015858.4453   18.5565
    7.5000    7.5000   -7.500014934.8564   18.5641
   -7.5000   15.0000   -7.500014287.8428   18.5531
    0.0000   15.0000   -7.500014996.8340   18.5474
    7.5000   15.0000   -7.500014141.9482   18.5465
   -7.5000   22.5000   -7.500013382.2705   18.5661
    0.0000   22.5000   -7.500014032.5137   18.5626
    7.5000   22.5000   -7.500013282.6045   18.5555
   -7.5000   30.0000   -7.500012395.1738   18.3603
    0.0000   30.0000   -7.500013010.6113   18.3570
    7.5000   30.0000   -7.500012303.4902   18.3513
   -7.5000   37.5000   -7.500011783.9834   18.3672
    0.0000   37.5000   -7.500012362.7715   18.3620
    7.5000   37.5000   -7.500011690.2188   18.3653
   -7.5000   45.0000   -7.500010715.1816   17.9414
    0.0000   45.0000   -7.500011258.1367   17.9342
    7.5000   45.0000   -7.500010608.0928   17.9445
   -7.5000  -45.0000    0.000011911.6621   18.6642
    0.0000  -45.0000    0.000012404.7510   18.6529
    7.5000  -45.0000    0.000011759.3945   18.6601
   -7.5000  -37.5000    0.000012518.7139   18.5965
    0.0000  -37.5000    0.000013043.9111   18.5872
    7.5000  -37.5000    0.000012376.3779   18.5952
   -7.5000  -30.0000    0.000013543.2021   18.5573
    0.0000  -30.0000    0.000014091.0107   18.5522
    7.5000  -30.0000    0.000013383.7314   18.5543
   -7.5000  -22.5000    0.000014492.7012   18.5801
    0.0000  -22.5000    0.000015113.6807   18.5767
    7.5000  -22.5000    0.000014334.0303   18.5710
   -7.5000  -15.0000    0.000015307.5498   18.6180
    0.0000  -15.0000    0.000015995.4873   18.6122
    7.5000  -15.0000    0.000015135.2373   18.6046
   -7.5000   -7.5000    0.000016073.7070   18.6335
    0.0000   -7.5000    0.000016852.5098   18.6239
    7.5000   -7.5000    0.000015862.5078   18.6233
   -7.5000    0.0000    0.000016696.4883   18.6186
    0.0000    0.0000    0.000017510.8145   18.6071
    7.5000    0.0000    0.000016500.1094   18.6143
   -7.5000    7.5000    0.000016023.5918   18.5802
    0.0000    7.5000    0.000016809.4688   18.5708
    7.5000    7.5000    0.000015863.0586   18.5788
   -7.5000   15.0000    0.000015107.2373   18.5573
    0.0000   15.0000    0.000015876.5859   18.5522
    7.5000   15.0000    0.000015005.6562   18.5543
   -7.5000   22.5000    0.000014106.1689   18.5715
    0.0000   22.5000    0.000014837.6094   18.5681
    7.5000   22.5000    0.000014060.7295   18.5624
   -7.5000   30.0000    0.000013088.5762   18.3770
    0.0000   30.0000    0.000013786.6885   18.3714
    7.5000   30.0000    0.000013024.0479   18.3638
   -7.5000   37.5000    0.000012477.8115   18.3937
    0.0000   37.5000    0.000013105.0410   18.3843
    7.5000   37.5000    0.000012372.7842   18.3837
   -7.5000   45.0000    0.000011322.8174   17.9693
    0.0000   45.0000    0.000011895.1562   17.9583
    7.5000   45.0000    0.000011169.3145   17.9653
   -7.5000  -45.0000    7.500011644.8252   18.6502
    0.0000  -45.0000    7.500012121.1338   18.6378
    7.5000  -45.0000    7.500011521.6943   18.6464
   -7.5000  -37.5000    7.500012277.2520   18.5737
    0.0000  -37.5000    7.500012782.6055   18.5624
    7.5000  -37.5000    7.500012131.5771   18.5728
   -7.5000  -30.0000    7.500013339.8262   18.5307
    0.0000  -30.0000    7.500013913.6143   18.5247
    7.5000  -30.0000    7.500013159.5879   18.5284
   -7.5000  -22.5000    7.500014315.6748   18.5589
    0.0000  -22.5000    7.500014978.9316   18.5567
    7.5000  -22.5000    7.500014120.8203   18.5511
   -7.5000  -15.0000    7.500015089.6006   18.6055
    0.0000  -15.0000    7.500015832.9424   18.6019
    7.5000  -15.0000    7.500014906.8906   18.5939
   -7.5000   -7.5000    7.500015769.1562   18.6248
    0.0000   -7.5000    7.500016530.3652   18.6161
    7.5000   -7.5000    7.500015601.5166   18.6155
   -7.5000    0.0000    7.500016329.7725   18.6048
    0.0000    0.0000    7.500017115.6113   18.5922
    7.5000    0.0000    7.500016219.9707   18.6007
   -7.5000    7.5000    7.500015680.3613   18.5573
    0.0000    7.5000    7.500016435.5645   18.5460
    7.5000    7.5000    7.500015601.3789   18.5564
   -7.5000   15.0000    7.500014814.9863   18.5307
    0.0000   15.0000    7.500015560.7119   18.5246
    7.5000   15.0000    7.500014762.2412   18.5284
   -7.5000   22.5000    7.500013856.5605   18.5503
    0.0000   22.5000    7.500014566.8145   18.5481
    7.5000   22.5000    7.500013787.9336   18.5425
   -7.5000   30.0000    7.500012876.3428   18.3648
    0.0000   30.0000    7.500013532.4863   18.3612
    7.5000   30.0000    7.500012756.0283   18.3533
   -7.5000   37.5000    7.500012257.8965   18.3852
    0.0000   37.5000    7.500012869.2305   18.3766
    7.5000   37.5000    7.500012102.9746   18.3761
   -7.5000   45.0000    7.500011094.5215   17.9558
    0.0000   45.0000    7.500011647.0088   17.9437
    7.5000   45.0000    7.500010922.8779   17.9520
   -7.5000  -45.0000   15.000011256.5674   18.6493
    0.0000  -45.0000   15.000011743.3828   18.6401
    7.5000  -45.0000   15.000011140.3496   18.6525
   -7.5000  -37.5000   15.000011883.6543   18.5733
    0.0000  -37.5000   15.000012408.4023   18.5623
    7.5000  -37.5000   15.000011753.3457   18.5747
   -7.5000  -30.0000   15.000012934.1748   18.5361
    0.0000  -30.0000   15.000013562.6709   18.5294
    7.5000  -30.0000   15.000012805.7715   18.5326
   -7.5000  -22.5000   15.000013911.0479   18.5684
    0.0000  -22.5000   15.000014654.6279   18.5677
    7.5000  -22.5000   15.000013715.8418   18.5618
   -7.5000  -15.0000   15.000014626.3398   18.6144
    0.0000  -15.0000   15.000015394.3789   18.6150
    7.5000  -15.0000   15.000014452.5615   18.6090
   -7.5000   -7.5000   15.000015258.2949   18.6292
    0.0000   -7.5000   15.000015978.8623   18.6254
    7.5000   -7.5000   15.000015114.7441   18.6285
   -7.5000    0.0000   15.000015807.4521   18.6039
    0.0000    0.0000   15.000016516.2266   18.5944
    7.5000    0.0000   15.000015689.9072   18.6068
   -7.5000    7.5000   15.000015189.6152   18.5568
    0.0000    7.5000   15.000015888.6396   18.5458
    7.5000    7.5000   15.000015053.4902   18.5582
   -7.5000   15.0000   15.000014338.0654   18.5361
    0.0000   15.0000   15.000015034.4131   18.5294
    7.5000   15.0000   15.000014216.8047   18.5326
   -7.5000   22.5000   15.000013408.4297   18.5599
    0.0000   22.5000   15.000014060.8311   18.5591
    7.5000   22.5000   15.000013257.7725   18.5532
   -7.5000   30.0000   15.000012451.5947   18.3735
    0.0000   30.0000   15.000013071.3496   18.3741
    7.5000   30.0000   15.000012288.5850   18.3682
   -7.5000   37.5000   15.000011824.3105   18.3896
    0.0000   37.5000   15.000012411.9736   18.3858
    7.5000   37.5000   15.000011672.2354   18.3889
   -7.5000   45.0000   15.000010688.2197   17.9546
    0.0000   45.0000   15.000011223.5801   17.9455
    7.5000   45.0000   15.000010539.3271   17.9577
   -7.5000  -45.0000   22.500010727.9043   18.6850
    0.0000  -45.0000   22.500011221.4111   18.6796
    7.5000  -45.0000   22.500010665.1035   18.6938
   -7.5000  -37.5000   22.500011334.8926   18.6201
    0.0000  -37.5000   22.500011858.6875   18.6107
    7.5000  -37.5000   22.500011252.6064   18.6207
   -7.5000  -30.0000   22.500012326.0879   18.5931
    0.0000  -30.0000   22.500012955.6973   18.5859
    7.5000  -30.0000   22.500012231.1230   18.5850
   -7.5000  -22.5000   22.500013266.8486   18.6232
    0.0000  -22.5000   22.500013996.0195   18.6222
    7.5000  -22.5000   22.500013085.0771   18.6149
   -7.5000  -15.0000   22.500014062.7373   18.6584
    0.0000  -15.0000   22.500014768.8301   18.6609
    7.5000  -15.0000   22.500013832.6689   18.6571
   -7.5000   -7.5000   22.500014788.0264   18.6641
    0.0000   -7.5000   22.500015461.7266   18.6642
    7.5000   -7.5000   22.500014519.4688   18.6709
   -7.5000    0.0000   22.500015368.7305   18.6394
    0.0000    0.0000   22.500016066.8701   18.6337
    7.5000    0.0000   22.500015100.0547   18.6479
   -7.5000    7.5000   22.500014696.3613   18.6034
    0.0000    7.5000   22.500015393.4521   18.5941
    7.5000    7.5000   22.500014460.5381   18.6041
   -7.5000   15.0000   22.500013803.6709   18.5931
    0.0000   15.0000   22.500014483.6406   18.5859
    7.5000   15.0000   22.500013639.5537   18.5849
   -7.5000   22.5000   22.500012826.1992   18.6146
    0.0000   22.5000   22.500013448.7012   18.6136
    7.5000   22.5000   22.500012698.0400   18.6064
   -7.5000   30.0000   22.500011866.3145   18.4169
    0.0000   30.0000   22.500012411.3594   18.4194
    7.5000   30.0000   22.500011750.5020   18.4156
   -7.5000   37.5000   22.500011267.5449   18.4241
    0.0000   37.5000   22.500011791.0898   18.4241
    7.5000   37.5000   22.500011151.5918   18.4308
   -7.5000   45.0000   22.500010172.4092   17.9885
    0.0000   45.0000   22.500010648.6074   17.9832
    7.5000   45.0000   22.500010060.6074   17.9972
   -7.5000  -45.0000   30.000010100.9170   18.7404
    0.0000  -45.0000   30.000010579.8633   18.7363
    7.5000  -45.0000   30.000010037.7324   18.7501
   -7.5000  -37.5000   30.000010684.1025   18.6858
    0.0000  -37.5000   30.000011163.9277   18.6782
    7.5000  -37.5000   30.000010595.1885   18.6860
   -7.5000  -30.0000   30.000011615.6611   18.6646
    0.0000  -30.0000   30.000012171.9668   18.6579
    7.5000  -30.0000   30.000011503.5830   18.6546
   -7.5000  -22.5000   30.000012481.9131   18.6895
    0.0000  -22.5000   30.000013094.1953   18.6874
    7.5000  -22.5000   30.000012312.1924   18.6789
   -7.5000  -15.0000   30.000013256.5664   18.7143
    0.0000  -15.0000   30.000013855.7920   18.7155
    7.5000  -15.0000   30.000013023.5869   18.7117
   -7.5000   -7.5000   30.000013964.0762   18.7147
    0.0000   -7.5000   30.000014545.5176   18.7145
    7.5000   -7.5000   30.000013730.9785   18.7216
   -7.5000    0.0000   30.000014487.2734   18.6944
    0.0000    0.0000   30.000015091.8662   18.6900
    7.5000    0.0000   30.000014287.1914   18.7038
   -7.5000    7.5000   30.000013856.4795   18.6692
    0.0000    7.5000   30.000014474.9297   18.6615
    7.5000    7.5000   30.000013709.5332   18.6694
   -7.5000   15.0000   30.000013052.7471   18.6646
    0.0000   15.0000   30.000013644.0205   18.6579
    7.5000   15.0000   30.000012950.5215   18.6546
   -7.5000   22.5000   30.000012130.7607   18.6808
    0.0000   22.5000   30.000012656.9238   18.6788
    7.5000   22.5000   30.000012012.7480   18.6703
   -7.5000   30.0000   30.000011190.6904   18.4721
    0.0000   30.0000   30.000011658.5352   18.4733
    7.5000   30.0000   30.000011070.3545   18.4695
   -7.5000   37.5000   30.000010604.4902   18.4740
    0.0000   37.5000   30.000011086.3232   18.4738
    7.5000   37.5000   30.000010533.2207   18.4808
   -7.5000   45.0000   30.0000 9574.2588   18.0417
    0.0000   45.0000   30.000010003.3535   18.0377
    7.5000   45.0000   30.0000 9477.4375   18.0512
   -7.5000  -45.0000   37.5000 9807.7871   18.7971
    0.0000  -45.0000   37.500010272.6133   18.7902
    7.5000  -45.0000   37.5000 9710.7354   18.8009
   -7.5000  -37.5000   37.500010351.3740   18.7398
    0.0000  -37.5000   37.500010809.8398   18.7326
    7.5000  -37.5000   37.500010255.5322   18.7401
   -7.5000  -30.0000   37.500011228.5000   18.7120
    0.0000  -30.0000   37.500011739.7676   18.7067
    7.5000  -30.0000   37.500011150.6201   18.7055
   -7.5000  -22.5000   37.500012059.2178   18.7339
    0.0000  -22.5000   37.500012584.4326   18.7309
    7.5000  -22.5000   37.500011955.7393   18.7233
   -7.5000  -15.0000   37.500012803.3721   18.7613
    0.0000  -15.0000   37.500013314.3193   18.7585
    7.5000  -15.0000   37.500012679.4521   18.7523
   -7.5000   -7.5000   37.500013453.8701   18.7668
    0.0000   -7.5000   37.500013969.9805   18.7620
    7.5000   -7.5000   37.500013337.7412   18.7653
   -7.5000    0.0000   37.500013936.5791   18.7508
    0.0000    0.0000   37.500014470.8145   18.7437
    7.5000    0.0000   37.500013828.8564   18.7544
   -7.5000    7.5000   37.500013346.7129   18.7232
    0.0000    7.5000   37.500013893.9053   18.7160
    7.5000    7.5000   37.500013249.8301   18.7235
   -7.5000   15.0000   37.500012636.2803   18.7120
    0.0000   15.0000   37.500013142.3057   18.7067
    7.5000   15.0000   37.500012542.4238   18.7055
   -7.5000   22.5000   37.500011764.4023   18.7253
    0.0000   22.5000   37.500012231.0547   18.7223
    7.5000   22.5000   37.500011660.8262   18.7147
   -7.5000   30.0000   37.500010849.8135   18.5185
    0.0000   30.0000   37.500011264.8037   18.5157
    7.5000   30.0000   37.500010728.0371   18.5097
   -7.5000   37.5000   37.500010294.0488   18.5254
    0.0000   37.5000   37.500010699.3467   18.5206
    7.5000   37.5000   37.500010183.4199   18.5239
   -7.5000   45.0000   37.5000 9283.4229   18.0967
    0.0000   45.0000   37.5000 9664.5586   18.0900
    7.5000   45.0000   37.5000 9177.0322   18.1004
   -7.5000  -45.0000   45.0000 8995.7285   18.9162
    0.0000  -45.0000   45.0000 9402.2871   18.9049
    7.5000  -45.0000   45.0000 8932.3984   18.9116
   -7.5000  -37.5000   45.0000 9529.5215   18.8462
    0.0000  -37.5000   45.0000 9930.1846   18.8372
    7.5000  -37.5000   45.0000 9443.6191   18.8447
   -7.5000  -30.0000   45.000010334.9473   18.8054
    0.0000  -30.0000   45.000010801.3047   18.8007
    7.5000  -30.0000   45.000010270.6104   18.8020
   -7.5000  -22.5000   45.000011093.5000   18.8286
    0.0000  -22.5000   45.000011575.1377   18.8257
    7.5000  -22.5000   45.000011038.8379   18.8188
   -7.5000  -15.0000   45.000011773.6016   18.8677
    0.0000  -15.0000   45.000012247.4229   18.8623
    7.5000  -15.0000   45.000011713.1426   18.8535
   -7.5000   -7.5000   45.000012358.3037   18.8841
    0.0000   -7.5000   45.000012862.6689   18.8747
    7.5000   -7.5000   45.000012307.5186   18.8731
   -7.5000    0.0000   45.000012783.5938   18.8691
    0.0000    0.0000   45.000013303.5762   18.8576
    7.5000    0.0000   45.000012728.4775   18.8642
   -7.5000    7.5000   45.000012293.9863   18.8294
    0.0000    7.5000   45.000012783.8076   18.8203
    7.5000    7.5000   45.000012203.6758   18.8278
   -7.5000   15.0000   45.000011657.6689   18.8054
    0.0000   15.0000   45.000012090.8770   18.8007
    7.5000   15.0000   45.000011536.6523   18.8020
   -7.5000   22.5000   45.000010856.6270   18.8199
    0.0000   22.5000   45.000011288.5947   18.8169
    7.5000   22.5000   45.000010748.1260   18.8101
   -7.5000   30.0000   45.0000 9980.5791   18.6219
    0.0000   30.0000   45.000010382.8232   18.6166
    7.5000   30.0000   45.0000 9868.5312   18.6079
   -7.5000   37.5000   45.0000 9469.8857   18.6395
    0.0000   37.5000   45.0000 9845.5000   18.6302
    7.5000   37.5000   45.0000 9357.9629   18.6287
   -7.5000   45.0000   45.0000 8561.9902   18.2198
    0.0000   45.0000   45.0000 8903.5986   18.2088
    7.5000   45.0000   45.0000 8471.2363   18.2152

---------------------------------------------------------------------
imgreg_4dfp /opt/freesurfer/average/711-2C_as_mni_average_305 /opt/freesurfer/average/711-2B_as_mni_average_305_mask talsrcimg_g11 none talsrcimg_to_711-2C_as_mni_average_305_t4 4355
---------------------------------------------------------------------

freesurfer imgreg_4dfp.c
/opt/freesurfer/average/711-2C_as_mni_average_305.4dfp.img
       256       256       256         1
  1.000000  1.000000  1.000000
orientation T byte_order littleendian
Reading image: /opt/freesurfer/average/711-2C_as_mni_average_305.4dfp.img
dimensions:      256       256       256
mmppix:       1.0000   -1.0000   -1.0000
center:     128.0000 -129.0000 -129.0000
/opt/freesurfer/average/711-2B_as_mni_average_305_mask.4dfp.img
       256       256       256         1
  1.000000  1.000000  1.000000
orientation T byte_order littleendian
Reading mask: /opt/freesurfer/average/711-2B_as_mni_average_305_mask.4dfp.img (2306576 pixels)
talsrcimg_g11.4dfp.img
       256       256       256         1
  1.000000  1.000000  1.000000
orientation T byte_order littleendian
Reading image: talsrcimg_g11.4dfp.img
dimensions:      256       256       256
mmppix:       1.0000   -1.0000   -1.0000
center:     128.0000 -129.0000 -129.0000
rotation matrix determinant  1.000000
image alignment mode   4355 decimal     1103 hex
   -7.5000  -45.0000  -45.0000 2035.6046   19.0878
    0.0000  -45.0000  -45.0000 2031.3567   19.1154
    7.5000  -45.0000  -45.0000 2010.8767   19.3102
   -7.5000  -37.5000  -45.0000 2118.6521   17.5688
    0.0000  -37.5000  -45.0000 2113.1045   17.6164
    7.5000  -37.5000  -45.0000 2094.8799   17.8211
   -7.5000  -30.0000  -45.0000 2183.0564   16.4867
    0.0000  -30.0000  -45.0000 2180.3547   16.5310
    7.5000  -30.0000  -45.0000 2155.4634   16.7188
   -7.5000  -22.5000  -45.0000 2223.7888   15.8319
    0.0000  -22.5000  -45.0000 2218.5557   15.8705
    7.5000  -22.5000  -45.0000 2196.9204   16.0767
   -7.5000  -15.0000  -45.0000 2237.5339   15.5485
    0.0000  -15.0000  -45.0000 2234.6631   15.5375
    7.5000  -15.0000  -45.0000 2214.8184   15.7542
   -7.5000   -7.5000  -45.0000 2231.5847   15.5463
    0.0000   -7.5000  -45.0000 2229.2473   15.5420
    7.5000   -7.5000  -45.0000 2209.0957   15.7557
   -7.5000    0.0000  -45.0000 2201.4238   15.9254
    0.0000    0.0000  -45.0000 2204.9915   15.8979
    7.5000    0.0000  -45.0000 2179.1262   16.0914
   -7.5000    7.5000  -45.0000 2147.7295   16.5556
    0.0000    7.5000  -45.0000 2154.3254   16.5308
    7.5000    7.5000  -45.0000 2125.8323   16.7403
   -7.5000   15.0000  -45.0000 2078.9446   17.4360
    0.0000   15.0000  -45.0000 2086.3591   17.3998
    7.5000   15.0000  -45.0000 2058.9717   17.6448
   -7.5000   22.5000  -45.0000 1991.1864   18.8968
    0.0000   22.5000  -45.0000 1991.9973   18.8121
    7.5000   22.5000  -45.0000 1970.4822   19.1043
   -7.5000   30.0000  -45.0000 1888.1169   20.9848
    0.0000   30.0000  -45.0000 1888.8898   20.8780
    7.5000   30.0000  -45.0000 1872.6533   21.2093
   -7.5000   37.5000  -45.0000 1783.2368   23.9707
    0.0000   37.5000  -45.0000 1784.3505   23.7809
    7.5000   37.5000  -45.0000 1765.4182   24.2193
   -7.5000   45.0000  -45.0000 1668.5228   28.0069
    0.0000   45.0000  -45.0000 1672.7946   27.7753
    7.5000   45.0000  -45.0000 1659.3876   28.2358
   -7.5000  -45.0000  -37.5000 2117.3943   17.6004
    0.0000  -45.0000  -37.5000 2113.9092   17.6640
    7.5000  -45.0000  -37.5000 2099.0608   17.8218
   -7.5000  -37.5000  -37.5000 2212.0491   16.1622
    0.0000  -37.5000  -37.5000 2208.0383   16.2272
    7.5000  -37.5000  -37.5000 2189.3152   16.4020
   -7.5000  -30.0000  -37.5000 2273.2095   15.1879
    0.0000  -30.0000  -37.5000 2276.1135   15.2316
    7.5000  -30.0000  -37.5000 2250.0581   15.3947
   -7.5000  -22.5000  -37.5000 2314.9985   14.6064
    0.0000  -22.5000  -37.5000 2314.3887   14.6237
    7.5000  -22.5000  -37.5000 2295.2456   14.8061
   -7.5000  -15.0000  -37.5000 2334.5676   14.3547
    0.0000  -15.0000  -37.5000 2336.0950   14.3253
    7.5000  -15.0000  -37.5000 2312.4819   14.5086
   -7.5000   -7.5000  -37.5000 2332.8574   14.3287
    0.0000   -7.5000  -37.5000 2332.4866   14.3261
    7.5000   -7.5000  -37.5000 2306.7732   14.5006
   -7.5000    0.0000  -37.5000 2305.0303   14.5994
    0.0000    0.0000  -37.5000 2308.2178   14.5963
    7.5000    0.0000  -37.5000 2279.3936   14.7643
   -7.5000    7.5000  -37.5000 2249.9421   15.1668
    0.0000    7.5000  -37.5000 2256.7036   15.1416
    7.5000    7.5000  -37.5000 2230.4053   15.3246
   -7.5000   15.0000  -37.5000 2177.2866   15.9538
    0.0000   15.0000  -37.5000 2183.9006   15.9352
    7.5000   15.0000  -37.5000 2162.9358   16.1218
   -7.5000   22.5000  -37.5000 2088.2527   17.2174
    0.0000   22.5000  -37.5000 2092.3447   17.1745
    7.5000   22.5000  -37.5000 2070.7629   17.4008
   -7.5000   30.0000  -37.5000 1976.6980   19.1251
    0.0000   30.0000  -37.5000 1982.2327   19.0299
    7.5000   30.0000  -37.5000 1962.4194   19.3071
   -7.5000   37.5000  -37.5000 1863.5563   21.7823
    0.0000   37.5000  -37.5000 1870.6887   21.6067
    7.5000   37.5000  -37.5000 1848.1151   21.9256
   -7.5000   45.0000  -37.5000 1741.2472   25.2968
    0.0000   45.0000  -37.5000 1745.9557   25.0933
    7.5000   45.0000  -37.5000 1729.3175   25.4825
   -7.5000  -45.0000  -30.0000 2237.7556   16.9728
    0.0000  -45.0000  -30.0000 2238.5730   17.0324
    7.5000  -45.0000  -30.0000 2218.7632   17.1685
   -7.5000  -37.5000  -30.0000 2344.6533   15.5573
    0.0000  -37.5000  -30.0000 2343.4358   15.5790
    7.5000  -37.5000  -30.0000 2316.4324   15.7153
   -7.5000  -30.0000  -30.0000 2412.7361   14.5939
    0.0000  -30.0000  -30.0000 2413.8821   14.6099
    7.5000  -30.0000  -30.0000 2385.9592   14.7448
   -7.5000  -22.5000  -30.0000 2453.8586   14.0692
    0.0000  -22.5000  -30.0000 2455.3313   14.0535
    7.5000  -22.5000  -30.0000 2431.9790   14.1805
   -7.5000  -15.0000  -30.0000 2479.3540   13.8132
    0.0000  -15.0000  -30.0000 2482.7363   13.7676
    7.5000  -15.0000  -30.0000 2453.0686   13.9251
   -7.5000   -7.5000  -30.0000 2478.8728   13.7648
    0.0000   -7.5000  -30.0000 2480.9666   13.7403
    7.5000   -7.5000  -30.0000 2450.7798   13.9065
   -7.5000    0.0000  -30.0000 2452.7314   13.9805
    0.0000    0.0000  -30.0000 2456.1011   13.9723
    7.5000    0.0000  -30.0000 2422.4514   14.1538
   -7.5000    7.5000  -30.0000 2397.1084   14.4535
    0.0000    7.5000  -30.0000 2405.5439   14.4395
    7.5000    7.5000  -30.0000 2375.7634   14.6468
   -7.5000   15.0000  -30.0000 2318.1047   15.2071
    0.0000   15.0000  -30.0000 2326.7864   15.1903
    7.5000   15.0000  -30.0000 2302.2390   15.3869
   -7.5000   22.5000  -30.0000 2219.1067   16.3715
    0.0000   22.5000  -30.0000 2226.3667   16.3469
    7.5000   22.5000  -30.0000 2207.5549   16.5370
   -7.5000   30.0000  -30.0000 2101.0239   18.1237
    0.0000   30.0000  -30.0000 2105.1589   18.0756
    7.5000   30.0000  -30.0000 2089.3970   18.2692
   -7.5000   37.5000  -30.0000 1978.7952   20.5624
    0.0000   37.5000  -30.0000 1985.4175   20.4528
    7.5000   37.5000  -30.0000 1962.7937   20.6461
   -7.5000   45.0000  -30.0000 1844.4830   23.7543
    0.0000   45.0000  -30.0000 1855.6041   23.6215
    7.5000   45.0000  -30.0000 1835.5916   23.9181
   -7.5000  -45.0000  -22.5000 2329.3494   16.2970
    0.0000  -45.0000  -22.5000 2329.0264   16.2995
    7.5000  -45.0000  -22.5000 2308.1755   16.4540
   -7.5000  -37.5000  -22.5000 2439.1335   14.8959
    0.0000  -37.5000  -22.5000 2440.3931   14.8625
    7.5000  -37.5000  -22.5000 2413.7646   15.0026
   -7.5000  -30.0000  -22.5000 2520.2727   13.9586
    0.0000  -30.0000  -22.5000 2517.9634   13.9148
    7.5000  -30.0000  -22.5000 2496.0854   14.0589
   -7.5000  -22.5000  -22.5000 2570.6108   13.4375
    0.0000  -22.5000  -22.5000 2573.5388   13.3924
    7.5000  -22.5000  -22.5000 2548.9856   13.5024
   -7.5000  -15.0000  -22.5000 2601.8416   13.1840
    0.0000  -15.0000  -22.5000 2598.1343   13.1390
    7.5000  -15.0000  -22.5000 2569.0029   13.2363
   -7.5000   -7.5000  -22.5000 2601.9084   13.1484
    0.0000   -7.5000  -22.5000 2603.1045   13.0897
    7.5000   -7.5000  -22.5000 2570.5132   13.2194
   -7.5000    0.0000  -22.5000 2574.0828   13.3356
    0.0000    0.0000  -22.5000 2576.4272   13.2834
    7.5000    0.0000  -22.5000 2545.8740   13.4455
   -7.5000    7.5000  -22.5000 2519.7275   13.7541
    0.0000    7.5000  -22.5000 2526.4529   13.7103
    7.5000    7.5000  -22.5000 2494.8867   13.8766
   -7.5000   15.0000  -22.5000 2435.5063   14.4300
    0.0000   15.0000  -22.5000 2444.0496   14.4022
    7.5000   15.0000  -22.5000 2415.8728   14.5459
   -7.5000   22.5000  -22.5000 2324.0869   15.4695
    0.0000   22.5000  -22.5000 2336.4543   15.4407
    7.5000   22.5000  -22.5000 2312.8486   15.5789
   -7.5000   30.0000  -22.5000 2201.0376   17.0634
    0.0000   30.0000  -22.5000 2211.5054   17.0348
    7.5000   30.0000  -22.5000 2189.5371   17.1874
   -7.5000   37.5000  -22.5000 2068.4055   19.2548
    0.0000   37.5000  -22.5000 2080.0024   19.1957
    7.5000   37.5000  -22.5000 2054.7944   19.3875
   -7.5000   45.0000  -22.5000 1931.0884   22.2688
    0.0000   45.0000  -22.5000 1939.1885   22.1755
    7.5000   45.0000  -22.5000 1918.5000   22.4294
   -7.5000  -45.0000  -15.0000 2387.2056   15.6393
    0.0000  -45.0000  -15.0000 2385.9458   15.6100
    7.5000  -45.0000  -15.0000 2362.7820   15.8048
   -7.5000  -37.5000  -15.0000 2500.1462   14.2604
    0.0000  -37.5000  -15.0000 2498.1968   14.2217
    7.5000  -37.5000  -15.0000 2473.9529   14.3896
   -7.5000  -30.0000  -15.0000 2596.7483   13.3316
    0.0000  -30.0000  -15.0000 2594.0520   13.2693
    7.5000  -30.0000  -15.0000 2569.5811   13.3866
   -7.5000  -22.5000  -15.0000 2660.6799   12.7630
    0.0000  -22.5000  -15.0000 2660.8411   12.6945
    7.5000  -22.5000  -15.0000 2635.4817   12.7957
   -7.5000  -15.0000  -15.0000 2698.9775   12.5139
    0.0000  -15.0000  -15.0000 2689.2693   12.4444
    7.5000  -15.0000  -15.0000 2661.4053   12.5218
   -7.5000   -7.5000  -15.0000 2698.7048   12.4872
    0.0000   -7.5000  -15.0000 2700.1060   12.4261
    7.5000   -7.5000  -15.0000 2670.7920   12.5434
   -7.5000    0.0000  -15.0000 2674.0051   12.6824
    0.0000    0.0000  -15.0000 2680.9688   12.6200
    7.5000    0.0000  -15.0000 2646.9011   12.7467
   -7.5000    7.5000  -15.0000 2617.8752   13.0777
    0.0000    7.5000  -15.0000 2629.2825   13.0148
    7.5000    7.5000  -15.0000 2596.0249   13.1509
   -7.5000   15.0000  -15.0000 2528.6069   13.6972
    0.0000   15.0000  -15.0000 2541.9629   13.6490
    7.5000   15.0000  -15.0000 2510.6890   13.7708
   -7.5000   22.5000  -15.0000 2410.4719   14.6460
    0.0000   22.5000  -15.0000 2423.8506   14.5904
    7.5000   22.5000  -15.0000 2403.4961   14.7485
   -7.5000   30.0000  -15.0000 2278.6641   16.1027
    0.0000   30.0000  -15.0000 2293.1323   16.0542
    7.5000   30.0000  -15.0000 2271.6487   16.2173
   -7.5000   37.5000  -15.0000 2138.7954   18.1246
    0.0000   37.5000  -15.0000 2153.5391   18.0574
    7.5000   37.5000  -15.0000 2130.9861   18.2378
   -7.5000   45.0000  -15.0000 1994.9659   20.9014
    0.0000   45.0000  -15.0000 2006.9214   20.8434
    7.5000   45.0000  -15.0000 1982.7151   21.0329
   -7.5000  -45.0000   -7.5000 2425.5039   15.0069
    0.0000  -45.0000   -7.5000 2426.6748   14.9518
    7.5000  -45.0000   -7.5000 2404.6125   15.1556
   -7.5000  -37.5000   -7.5000 2544.3936   13.6712
    0.0000  -37.5000   -7.5000 2545.9866   13.6123
    7.5000  -37.5000   -7.5000 2523.4883   13.7912
   -7.5000  -30.0000   -7.5000 2648.7524   12.6951
    0.0000  -30.0000   -7.5000 2651.8821   12.6409
    7.5000  -30.0000   -7.5000 2630.2939   12.7844
   -7.5000  -22.5000   -7.5000 2727.4731   12.1007
    0.0000  -22.5000   -7.5000 2732.1248   12.0260
    7.5000  -22.5000   -7.5000 2704.6538   12.1641
   -7.5000  -15.0000   -7.5000 2775.6794   11.8191
    0.0000  -15.0000   -7.5000 2772.9888   11.7676
    7.5000  -15.0000   -7.5000 2745.9817   11.8749
   -7.5000   -7.5000   -7.5000 2785.7263   11.8283
    0.0000   -7.5000   -7.5000 2791.9084   11.7891
    7.5000   -7.5000   -7.5000 2758.3665   11.8736
   -7.5000    0.0000   -7.5000 2760.0315   12.0284
    0.0000    0.0000   -7.5000 2770.7119   11.9909
    7.5000    0.0000   -7.5000 2734.5422   12.0901
   -7.5000    7.5000   -7.5000 2702.0254   12.4072
    0.0000    7.5000   -7.5000 2715.9551   12.3605
    7.5000    7.5000   -7.5000 2678.6487   12.4744
   -7.5000   15.0000   -7.5000 2609.3518   12.9991
    0.0000   15.0000   -7.5000 2625.8755   12.9527
    7.5000   15.0000   -7.5000 2588.6282   13.0836
   -7.5000   22.5000   -7.5000 2489.5737   13.8932
    0.0000   22.5000   -7.5000 2498.3633   13.8232
    7.5000   22.5000   -7.5000 2476.9924   13.9742
   -7.5000   30.0000   -7.5000 2345.6609   15.2662
    0.0000   30.0000   -7.5000 2358.9612   15.1960
    7.5000   30.0000   -7.5000 2337.2217   15.3844
   -7.5000   37.5000   -7.5000 2191.7917   17.1854
    0.0000   37.5000   -7.5000 2204.9333   17.0987
    7.5000   37.5000   -7.5000 2184.6248   17.3010
   -7.5000   45.0000   -7.5000 2043.2184   19.7804
    0.0000   45.0000   -7.5000 2055.5024   19.6719
    7.5000   45.0000   -7.5000 2031.0870   19.8651
   -7.5000  -45.0000    0.0000 2445.1875   14.5132
    0.0000  -45.0000    0.0000 2444.7617   14.4756
    7.5000  -45.0000    0.0000 2422.8215   14.6880
   -7.5000  -37.5000    0.0000 2571.9702   13.1841
    0.0000  -37.5000    0.0000 2573.6741   13.1611
    7.5000  -37.5000    0.0000 2550.8599   13.3407
   -7.5000  -30.0000    0.0000 2687.0657   12.2185
    0.0000  -30.0000    0.0000 2684.9185   12.1741
    7.5000  -30.0000    0.0000 2663.6506   12.3459
   -7.5000  -22.5000    0.0000 2782.5420   11.6110
    0.0000  -22.5000    0.0000 2788.7983   11.5532
    7.5000  -22.5000    0.0000 2757.8179   11.7074
   -7.5000  -15.0000    0.0000 2840.8643   11.2921
    0.0000  -15.0000    0.0000 2845.6514   11.2534
    7.5000  -15.0000    0.0000 2806.7783   11.4059
   -7.5000   -7.5000    0.0000 2855.8918   11.2945
    0.0000   -7.5000    0.0000 2866.0928   11.2594
    7.5000   -7.5000    0.0000 2826.9788   11.3792
   -7.5000    0.0000    0.0000 2829.3765   11.4947
    0.0000    0.0000    0.0000 2841.8704   11.4585
    7.5000    0.0000    0.0000 2809.3398   11.5679
   -7.5000    7.5000    0.0000 2769.5396   11.8651
    0.0000    7.5000    0.0000 2782.5347   11.8173
    7.5000    7.5000    0.0000 2748.5281   11.9597
   -7.5000   15.0000    0.0000 2668.6196   12.4495
    0.0000   15.0000    0.0000 2685.4307   12.4052
    7.5000   15.0000    0.0000 2648.9727   12.5745
   -7.5000   22.5000    0.0000 2540.0818   13.3501
    0.0000   22.5000    0.0000 2552.1082   13.2767
    7.5000   22.5000    0.0000 2527.6016   13.4674
   -7.5000   30.0000    0.0000 2396.5056   14.6624
    0.0000   30.0000    0.0000 2406.4639   14.5758
    7.5000   30.0000    0.0000 2378.3188   14.8087
   -7.5000   37.5000    0.0000 2239.8223   16.4977
    0.0000   37.5000    0.0000 2247.4536   16.4454
    7.5000   37.5000    0.0000 2221.9722   16.6558
   -7.5000   45.0000    0.0000 2081.0605   18.8891
    0.0000   45.0000    0.0000 2088.5369   18.8451
    7.5000   45.0000    0.0000 2063.2468   19.0812
   -7.5000  -45.0000    7.5000 2446.4045   14.2804
    0.0000  -45.0000    7.5000 2445.4211   14.2195
    7.5000  -45.0000    7.5000 2427.0637   14.4586
   -7.5000  -37.5000    7.5000 2581.1599   12.9447
    0.0000  -37.5000    7.5000 2579.5771   12.8774
    7.5000  -37.5000    7.5000 2558.3364   13.0812
   -7.5000  -30.0000    7.5000 2708.2393   12.0070
    0.0000  -30.0000    7.5000 2707.0684   11.9375
    7.5000  -30.0000    7.5000 2683.3618   12.1155
   -7.5000  -22.5000    7.5000 2816.9802   11.3674
    0.0000  -22.5000    7.5000 2824.2454   11.3059
    7.5000  -22.5000    7.5000 2788.7622   11.4471
   -7.5000  -15.0000    7.5000 2889.0396   10.9901
    0.0000  -15.0000    7.5000 2902.4973   10.9353
    7.5000  -15.0000    7.5000 2851.6790   11.0997
   -7.5000   -7.5000    7.5000 2914.0371   10.9139
    0.0000   -7.5000    7.5000 2923.3491   10.8517
    7.5000   -7.5000    7.5000 2876.4983   11.0500
   -7.5000    0.0000    7.5000 2876.5071   11.1070
    0.0000    0.0000    7.5000 2890.8726   11.0258
    7.5000    0.0000    7.5000 2852.9001   11.2297
   -7.5000    7.5000    7.5000 2808.0884   11.4986
    0.0000    7.5000    7.5000 2820.7336   11.4028
    7.5000    7.5000    7.5000 2791.7097   11.6197
   -7.5000   15.0000    7.5000 2701.3892   12.1186
    0.0000   15.0000    7.5000 2717.2290   12.0355
    7.5000   15.0000    7.5000 2687.2117   12.2503
   -7.5000   22.5000    7.5000 2570.4104   13.0452
    0.0000   22.5000    7.5000 2580.9153   12.9520
    7.5000   22.5000    7.5000 2553.0950   13.1622
   -7.5000   30.0000    7.5000 2422.0376   14.3556
    0.0000   30.0000    7.5000 2427.6558   14.2645
    7.5000   30.0000    7.5000 2399.2051   14.4934
   -7.5000   37.5000    7.5000 2264.2251   16.1373
    0.0000   37.5000    7.5000 2271.5669   16.0689
    7.5000   37.5000    7.5000 2247.3501   16.2879
   -7.5000   45.0000    7.5000 2095.5869   18.4528
    0.0000   45.0000    7.5000 2106.0261   18.4128
    7.5000   45.0000    7.5000 2079.7966   18.6628
   -7.5000  -45.0000   15.0000 2428.6367   14.2987
    0.0000  -45.0000   15.0000 2427.3984   14.1934
    7.5000  -45.0000   15.0000 2405.0420   14.4375
   -7.5000  -37.5000   15.0000 2569.9956   12.9323
    0.0000  -37.5000   15.0000 2567.9043   12.8424
    7.5000  -37.5000   15.0000 2544.2058   13.0385
   -7.5000  -30.0000   15.0000 2701.1943   11.9614
    0.0000  -30.0000   15.0000 2703.7073   11.8896
    7.5000  -30.0000   15.0000 2677.9658   12.0427
   -7.5000  -22.5000   15.0000 2819.7219   11.3246
    0.0000  -22.5000   15.0000 2826.6387   11.2545
    7.5000  -22.5000   15.0000 2791.0913   11.3964
   -7.5000  -15.0000   15.0000 2895.6665   10.9167
    0.0000  -15.0000   15.0000 2916.6018   10.8538
    7.5000  -15.0000   15.0000 2866.3281   11.0022
   -7.5000   -7.5000   15.0000 2922.0947   10.7852
    0.0000   -7.5000   15.0000 2942.6445   10.7056
    7.5000   -7.5000   15.0000 2887.0867   10.9041
   -7.5000    0.0000   15.0000 2889.9060   10.9386
    0.0000    0.0000   15.0000 2905.3391   10.8220
    7.5000    0.0000   15.0000 2862.3508   11.0667
   -7.5000    7.5000   15.0000 2818.8557   11.3207
    0.0000    7.5000   15.0000 2832.4612   11.1996
    7.5000    7.5000   15.0000 2797.0254   11.4143
   -7.5000   15.0000   15.0000 2703.2275   11.9591
    0.0000   15.0000   15.0000 2720.3838   11.8614
    7.5000   15.0000   15.0000 2691.6970   12.0367
   -7.5000   22.5000   15.0000 2568.4641   12.9485
    0.0000   22.5000   15.0000 2581.0095   12.8537
    7.5000   22.5000   15.0000 2554.5645   12.9997
   -7.5000   30.0000   15.0000 2418.9172   14.2653
    0.0000   30.0000   15.0000 2426.9519   14.1987
    7.5000   30.0000   15.0000 2403.4365   14.3708
   -7.5000   37.5000   15.0000 2260.9775   16.0352
    0.0000   37.5000   15.0000 2271.0950   15.9636
    7.5000   37.5000   15.0000 2248.9597   16.1498
   -7.5000   45.0000   15.0000 2092.2092   18.2699
    0.0000   45.0000   15.0000 2105.2344   18.2379
    7.5000   45.0000   15.0000 2085.9829   18.4261
   -7.5000  -45.0000   22.5000 2395.7292   14.4775
    0.0000  -45.0000   22.5000 2396.8254   14.3502
    7.5000  -45.0000   22.5000 2375.1733   14.6385
   -7.5000  -37.5000   22.5000 2538.4958   13.0898
    0.0000  -37.5000   22.5000 2542.2766   12.9826
    7.5000  -37.5000   22.5000 2521.6108   13.2074
   -7.5000  -30.0000   22.5000 2669.9043   12.1070
    0.0000  -30.0000   22.5000 2679.2739   12.0031
    7.5000  -30.0000   22.5000 2658.9304   12.1776
   -7.5000  -22.5000   22.5000 2792.1719   11.5009
    0.0000  -22.5000   22.5000 2802.3167   11.4114
    7.5000  -22.5000   22.5000 2769.6838   11.5291
   -7.5000  -15.0000   22.5000 2875.5510   11.1111
    0.0000  -15.0000   22.5000 2896.2351   11.0391
    7.5000  -15.0000   22.5000 2849.7505   11.1511
   -7.5000   -7.5000   22.5000 2907.5837   10.9998
    0.0000   -7.5000   22.5000 2926.1267   10.8957
    7.5000   -7.5000   22.5000 2876.2593   11.0765
   -7.5000    0.0000   22.5000 2882.2825   11.1050
    0.0000    0.0000   22.5000 2902.5090   10.9908
    7.5000    0.0000   22.5000 2859.2180   11.2021
   -7.5000    7.5000   22.5000 2806.1304   11.4421
    0.0000    7.5000   22.5000 2824.2017   11.3329
    7.5000    7.5000   22.5000 2788.6919   11.5206
   -7.5000   15.0000   22.5000 2694.0728   12.0513
    0.0000   15.0000   22.5000 2709.9536   11.9584
    7.5000   15.0000   22.5000 2682.4253   12.1178
   -7.5000   22.5000   22.5000 2553.6140   13.0120
    0.0000   22.5000   22.5000 2567.7957   12.8971
    7.5000   22.5000   22.5000 2549.2314   13.0623
   -7.5000   30.0000   22.5000 2403.0923   14.2987
    0.0000   30.0000   22.5000 2410.2488   14.2275
    7.5000   30.0000   22.5000 2398.3765   14.3981
   -7.5000   37.5000   22.5000 2246.9951   16.0229
    0.0000   37.5000   22.5000 2255.8984   15.9710
    7.5000   37.5000   22.5000 2239.1697   16.1610
   -7.5000   45.0000   22.5000 2077.9478   18.2312
    0.0000   45.0000   22.5000 2089.0662   18.2207
    7.5000   45.0000   22.5000 2073.2358   18.3997
   -7.5000  -45.0000   30.0000 2350.3035   14.9550
    0.0000  -45.0000   30.0000 2356.5959   14.8048
    7.5000  -45.0000   30.0000 2334.4385   15.0735
   -7.5000  -37.5000   30.0000 2490.9421   13.5018
    0.0000  -37.5000   30.0000 2496.2307   13.3906
    7.5000  -37.5000   30.0000 2477.7893   13.6203
   -7.5000  -30.0000   30.0000 2620.5757   12.5086
    0.0000  -30.0000   30.0000 2629.4473   12.4074
    7.5000  -30.0000   30.0000 2607.0032   12.5754
   -7.5000  -22.5000   30.0000 2735.7747   11.8765
    0.0000  -22.5000   30.0000 2749.7156   11.7704
    7.5000  -22.5000   30.0000 2719.5989   11.9000
   -7.5000  -15.0000   30.0000 2824.3738   11.4813
    0.0000  -15.0000   30.0000 2846.1030   11.3429
    7.5000  -15.0000   30.0000 2797.4133   11.5172
   -7.5000   -7.5000   30.0000 2860.1643   11.4105
    0.0000   -7.5000   30.0000 2875.1689   11.2615
    7.5000   -7.5000   30.0000 2831.8015   11.4639
   -7.5000    0.0000   30.0000 2841.3762   11.4791
    0.0000    0.0000   30.0000 2854.5815   11.3572
    7.5000    0.0000   30.0000 2818.5117   11.5613
   -7.5000    7.5000   30.0000 2764.2566   11.7715
    0.0000    7.5000   30.0000 2781.3574   11.6579
    7.5000    7.5000   30.0000 2751.5645   11.8573
   -7.5000   15.0000   30.0000 2652.6475   12.3684
    0.0000   15.0000   30.0000 2671.0466   12.2649
    7.5000   15.0000   30.0000 2645.5686   12.4485
   -7.5000   22.5000   30.0000 2521.5188   13.3158
    0.0000   22.5000   30.0000 2537.6333   13.1746
    7.5000   22.5000   30.0000 2517.7354   13.3553
   -7.5000   30.0000   30.0000 2378.5334   14.5525
    0.0000   30.0000   30.0000 2385.2310   14.4627
    7.5000   30.0000   30.0000 2369.7556   14.6690
   -7.5000   37.5000   30.0000 2218.6165   16.2130
    0.0000   37.5000   30.0000 2227.9429   16.1694
    7.5000   37.5000   30.0000 2214.4316   16.3799
   -7.5000   45.0000   30.0000 2052.1892   18.4155
    0.0000   45.0000   30.0000 2063.3594   18.3611
    7.5000   45.0000   30.0000 2046.9570   18.5706
   -7.5000  -45.0000   37.5000 2301.4702   15.7191
    0.0000  -45.0000   37.5000 2308.9707   15.5811
    7.5000  -45.0000   37.5000 2283.7808   15.7993
   -7.5000  -37.5000   37.5000 2435.9092   14.1843
    0.0000  -37.5000   37.5000 2442.9775   14.0325
    7.5000  -37.5000   37.5000 2424.3083   14.2557
   -7.5000  -30.0000   37.5000 2558.3892   13.1225
    0.0000  -30.0000   37.5000 2569.8140   12.9548
    7.5000  -30.0000   37.5000 2550.5078   13.1660
   -7.5000  -22.5000   37.5000 2671.3945   12.4144
    0.0000  -22.5000   37.5000 2685.9956   12.2350
    7.5000  -22.5000   37.5000 2661.7490   12.4471
   -7.5000  -15.0000   37.5000 2754.4299   12.0336
    0.0000  -15.0000   37.5000 2775.0940   11.8201
    7.5000  -15.0000   37.5000 2739.3000   12.0511
   -7.5000   -7.5000   37.5000 2788.2693   11.9303
    0.0000   -7.5000   37.5000 2802.9812   11.7422
    7.5000   -7.5000   37.5000 2770.4084   11.9749
   -7.5000    0.0000   37.5000 2766.1755   12.0188
    0.0000    0.0000   37.5000 2780.0447   11.8429
    7.5000    0.0000   37.5000 2748.4729   12.0878
   -7.5000    7.5000   37.5000 2694.5908   12.3036
    0.0000    7.5000   37.5000 2713.4009   12.1593
    7.5000    7.5000   37.5000 2682.5940   12.3823
   -7.5000   15.0000   37.5000 2594.8711   12.8624
    0.0000   15.0000   37.5000 2609.2476   12.7454
    7.5000   15.0000   37.5000 2585.8357   12.9405
   -7.5000   22.5000   37.5000 2478.2026   13.7629
    0.0000   22.5000   37.5000 2489.9766   13.6222
    7.5000   22.5000   37.5000 2471.0977   13.8209
   -7.5000   30.0000   37.5000 2339.4563   14.9974
    0.0000   30.0000   37.5000 2348.0791   14.8598
    7.5000   30.0000   37.5000 2330.7634   15.0650
   -7.5000   37.5000   37.5000 2177.5508   16.6824
    0.0000   37.5000   37.5000 2187.1619   16.5461
    7.5000   37.5000   37.5000 2172.5586   16.7709
   -7.5000   45.0000   37.5000 2016.9535   18.7826
    0.0000   45.0000   37.5000 2030.7870   18.6931
    7.5000   45.0000   37.5000 2015.1671   18.9370
   -7.5000  -45.0000   45.0000 2239.9109   16.7216
    0.0000  -45.0000   45.0000 2251.0813   16.5132
    7.5000  -45.0000   45.0000 2231.2275   16.7666
   -7.5000  -37.5000   45.0000 2374.9146   15.0713
    0.0000  -37.5000   45.0000 2391.1338   14.8334
    7.5000  -37.5000   45.0000 2368.7412   15.0938
   -7.5000  -30.0000   45.0000 2491.9585   13.9227
    0.0000  -30.0000   45.0000 2515.5564   13.7091
    7.5000  -30.0000   45.0000 2489.5454   13.9610
   -7.5000  -22.5000   45.0000 2595.8091   13.1556
    0.0000  -22.5000   45.0000 2621.0027   12.9611
    7.5000  -22.5000   45.0000 2593.3728   13.2038
   -7.5000  -15.0000   45.0000 2668.6345   12.7396
    0.0000  -15.0000   45.0000 2691.2473   12.5531
    7.5000  -15.0000   45.0000 2661.6794   12.8033
   -7.5000   -7.5000   45.0000 2696.6094   12.6252
    0.0000   -7.5000   45.0000 2718.8479   12.4312
    7.5000   -7.5000   45.0000 2691.5735   12.6715
   -7.5000    0.0000   45.0000 2667.7388   12.7216
    0.0000    0.0000   45.0000 2685.8286   12.5297
    7.5000    0.0000   45.0000 2660.4294   12.7737
   -7.5000    7.5000   45.0000 2611.7024   13.0054
    0.0000    7.5000   45.0000 2627.7476   12.8381
    7.5000    7.5000   45.0000 2600.0227   13.0621
   -7.5000   15.0000   45.0000 2522.1753   13.5462
    0.0000   15.0000   45.0000 2529.3352   13.3840
    7.5000   15.0000   45.0000 2508.1709   13.5993
   -7.5000   22.5000   45.0000 2414.8423   14.4102
    0.0000   22.5000   45.0000 2428.4114   14.2604
    7.5000   22.5000   45.0000 2407.1292   14.4464
   -7.5000   30.0000   45.0000 2281.1873   15.6333
    0.0000   30.0000   45.0000 2297.3108   15.4799
    7.5000   30.0000   45.0000 2274.0808   15.6833
   -7.5000   37.5000   45.0000 2130.9709   17.3024
    0.0000   37.5000   45.0000 2141.2754   17.1627
    7.5000   37.5000   45.0000 2123.7642   17.3766
   -7.5000   45.0000   45.0000 1978.9133   19.4283
    0.0000   45.0000   45.0000 1990.1307   19.3438
    7.5000   45.0000   45.0000 1975.5704   19.5783

---------------------------------------------------------------------
imgreg_4dfp /opt/freesurfer/average/711-2C_as_mni_average_305 /opt/freesurfer/average/711-2B_as_mni_average_305_mask talsrcimg_g11 none talsrcimg_to_711-2C_as_mni_average_305_t4 1283
---------------------------------------------------------------------

freesurfer imgreg_4dfp.c
/opt/freesurfer/average/711-2C_as_mni_average_305.4dfp.img
       256       256       256         1
  1.000000  1.000000  1.000000
orientation T byte_order littleendian
Reading image: /opt/freesurfer/average/711-2C_as_mni_average_305.4dfp.img
dimensions:      256       256       256
mmppix:       1.0000   -1.0000   -1.0000
center:     128.0000 -129.0000 -129.0000
/opt/freesurfer/average/711-2B_as_mni_average_305_mask.4dfp.img
       256       256       256         1
  1.000000  1.000000  1.000000
orientation T byte_order littleendian
Reading mask: /opt/freesurfer/average/711-2B_as_mni_average_305_mask.4dfp.img (2306576 pixels)
talsrcimg_g11.4dfp.img
       256       256       256         1
  1.000000  1.000000  1.000000
orientation T byte_order littleendian
Reading image: talsrcimg_g11.4dfp.img
dimensions:      256       256       256
mmppix:       1.0000   -1.0000   -1.0000
center:     128.0000 -129.0000 -129.0000
rotation matrix determinant  1.000000
fimgreg.f
image alignment mode   1283 decimal      503 hex
parameters
    0.0000   -7.5000   15.0000    0.0000    0.0000    0.0000
eta,q 0.92422 10.68939
niter,ni,del,rscale     5    3   12.0000    1.2000
parameter  4 -3.713029 ->  0.500000 qaram    1.1500
parameter  5  0.515548 ->  0.500000 qaram    1.1500
parameters
   -1.5277   -8.6001   16.8088   -3.4500   -3.4500    2.1207
eta,q 0.93200 10.65588
  0.0814  0.0781  0.0774  0.0656  0.0696  0.0747
  0.0765  0.0756  0.0767  0.0685  0.0686  0.0728
  0.0748  0.0744  0.0754  0.0721  0.0690  0.0703
  0.0754  0.0745  0.0743  0.0740  0.0696  0.0686
  0.0789  0.0760  0.0742  0.0754  0.0714  0.0680
  0.0851  0.0782  0.0746  0.0774  0.0751  0.0684
  0.0912  0.0822  0.0755  0.0804  0.0783  0.0702
niter,ni,del,rscale     6    3   12.0000    1.2000
parameter  4  1.164493 ->  0.500000 qaram    1.3225
parameters
   -0.5291   -6.3019   17.8692   -7.4175   -3.8944    1.7145
eta,q 0.93935 10.52379
  0.0873  0.0829  0.0712  0.0592  0.0657  0.0658
  0.0782  0.0777  0.0686  0.0600  0.0633  0.0630
  0.0707  0.0729  0.0668  0.0619  0.0616  0.0613
  0.0680  0.0685  0.0658  0.0650  0.0604  0.0606
  0.0696  0.0658  0.0644  0.0696  0.0610  0.0613
  0.0728  0.0677  0.0653  0.0756  0.0638  0.0639
  0.0770  0.0713  0.0690  0.0806  0.0682  0.0678
niter,ni,del,rscale     6    3   12.0000    1.2000
parameter  4  0.584479 ->  0.500000 qaram    1.5209
parameters
   -0.2481   -5.7765   16.5004  -11.9801   -4.0764    2.2423
eta,q 0.94171 10.55280
  0.0760  0.0753  0.0628  0.0605  0.0652  0.0628
  0.0670  0.0672  0.0618  0.0584  0.0615  0.0610
  0.0614  0.0620  0.0620  0.0589  0.0589  0.0596
  0.0606  0.0608  0.0611  0.0618  0.0584  0.0584
  0.0625  0.0630  0.0610  0.0648  0.0587  0.0583
  0.0664  0.0661  0.0636  0.0686  0.0614  0.0597
  0.0721  0.0695  0.0689  0.0752  0.0666  0.0620
niter,ni,del,rscale     6    3   12.0000    1.2000
parameters
   -0.5083   -4.4265   14.0179  -15.0880   -3.9996    2.1777
eta,q 0.94566 10.58565
  0.0701  0.0741  0.0592  0.0606  0.0608  0.0592
  0.0617  0.0659  0.0572  0.0567  0.0580  0.0571
  0.0577  0.0601  0.0569  0.0544  0.0563  0.0554
  0.0583  0.0580  0.0582  0.0567  0.0544  0.0543
  0.0608  0.0586  0.0603  0.0615  0.0542  0.0548
  0.0648  0.0601  0.0639  0.0661  0.0570  0.0570
  0.0703  0.0635  0.0685  0.0716  0.0617  0.0599
niter,ni,del,rscale     5    3   12.0000    1.2000
parameters
   -0.5364   -3.2794   12.8363  -16.9414   -4.0749    1.3792
eta,q 0.94664 10.63660
  0.0687  0.0704  0.0591  0.0611  0.0603  0.0570
  0.0596  0.0634  0.0560  0.0577  0.0568  0.0550
  0.0546  0.0574  0.0540  0.0537  0.0544  0.0538
  0.0543  0.0543  0.0543  0.0538  0.0532  0.0532
  0.0569  0.0549  0.0569  0.0576  0.0536  0.0542
  0.0613  0.0573  0.0604  0.0639  0.0568  0.0568
  0.0671  0.0617  0.0637  0.0700  0.0610  0.0600
niter,ni,del,rscale     4    3   12.0000    1.2000
parameters
   -0.4986   -2.6539   12.3729  -17.9732   -4.1174    0.8323
eta,q 0.94687 10.67028
  0.0685  0.0668  0.0610  0.0621  0.0606  0.0571
  0.0601  0.0607  0.0564  0.0585  0.0571  0.0546
  0.0548  0.0555  0.0537  0.0549  0.0543  0.0535
  0.0534  0.0534  0.0533  0.0532  0.0530  0.0530
  0.0550  0.0541  0.0553  0.0559  0.0536  0.0537
  0.0601  0.0571  0.0592  0.0612  0.0570  0.0559
  0.0678  0.0624  0.0626  0.0679  0.0613  0.0589
niter,ni,del,rscale     3    3   12.0000    1.2000
parameters
   -0.4661   -2.2556   12.0764  -18.5289   -4.1486    0.6230
eta,q 0.94697 10.68841
  0.0685  0.0652  0.0619  0.0630  0.0610  0.0576
  0.0602  0.0597  0.0568  0.0592  0.0575  0.0547
  0.0548  0.0553  0.0537  0.0555  0.0545  0.0534
  0.0531  0.0531  0.0531  0.0530  0.0530  0.0530
  0.0546  0.0538  0.0551  0.0553  0.0538  0.0535
  0.0600  0.0572  0.0590  0.0602  0.0572  0.0554
  0.0682  0.0629  0.0628  0.0666  0.0617  0.0582
niter,ni,del,rscale     2    3   12.0000    1.2000
parameters
   -0.4506   -2.0690   11.9250  -18.7809   -4.1631    0.5520
eta,q 0.94701 10.69612
  0.0685  0.0642  0.0626  0.0637  0.0613  0.0579
  0.0603  0.0590  0.0573  0.0597  0.0577  0.0549
  0.0548  0.0550  0.0540  0.0559  0.0546  0.0534
  0.0530  0.0530  0.0530  0.0530  0.0530  0.0530
  0.0546  0.0539  0.0549  0.0549  0.0538  0.0535
  0.0600  0.0577  0.0588  0.0597  0.0573  0.0552
  0.0685  0.0634  0.0628  0.0659  0.0619  0.0580
niter,ni,del,rscale     1    3   12.0000    1.2000
parameters
   -0.4429   -1.9941   11.8495  -18.8967   -4.1701    0.5227
eta,q 0.94701 10.69930
  0.0685  0.0636  0.0631  0.0640  0.0614  0.0580
  0.0603  0.0586  0.0576  0.0599  0.0578  0.0549
  0.0548  0.0549  0.0541  0.0562  0.0546  0.0534
  0.0530  0.0530  0.0530  0.0530  0.0530  0.0530
  0.0546  0.0541  0.0548  0.0548  0.0538  0.0535
  0.0601  0.0579  0.0587  0.0595  0.0573  0.0552
  0.0686  0.0636  0.0628  0.0656  0.0620  0.0580
registration optimization eta report
parameter search radius
    6.0000    6.0000    6.0000    9.1253    6.9000    6.0000
100000*second partial in parameter space
       43.       29.       27.       13.       18.       14.
  0.0685  0.0636  0.0631  0.0640  0.0614  0.0580
  0.0603  0.0586  0.0576  0.0599  0.0578  0.0549
  0.0548  0.0549  0.0541  0.0562  0.0546  0.0534
  0.0530  0.0530  0.0530  0.0530  0.0530  0.0530
  0.0546  0.0541  0.0548  0.0548  0.0538  0.0535
  0.0601  0.0579  0.0587  0.0595  0.0573  0.0552
  0.0686  0.0636  0.0628  0.0656  0.0620  0.0580
   -0.4429   -1.9941   11.8495  -18.8967   -4.1701    0.5227
eta,q 0.94701 10.69930

---------------------------------------------------------------------
imgreg_4dfp /opt/freesurfer/average/711-2C_as_mni_average_305 /opt/freesurfer/average/711-2B_as_mni_average_305_mask talsrcimg_g11 none talsrcimg_to_711-2C_as_mni_average_305_t4 3335
---------------------------------------------------------------------

freesurfer imgreg_4dfp.c
/opt/freesurfer/average/711-2C_as_mni_average_305.4dfp.img
       256       256       256         1
  1.000000  1.000000  1.000000
orientation T byte_order littleendian
Reading image: /opt/freesurfer/average/711-2C_as_mni_average_305.4dfp.img
dimensions:      256       256       256
mmppix:       1.0000   -1.0000   -1.0000
center:     128.0000 -129.0000 -129.0000
/opt/freesurfer/average/711-2B_as_mni_average_305_mask.4dfp.img
       256       256       256         1
  1.000000  1.000000  1.000000
orientation T byte_order littleendian
Reading mask: /opt/freesurfer/average/711-2B_as_mni_average_305_mask.4dfp.img (2306576 pixels)
talsrcimg_g11.4dfp.img
       256       256       256         1
  1.000000  1.000000  1.000000
orientation T byte_order littleendian
Reading image: talsrcimg_g11.4dfp.img
dimensions:      256       256       256
mmppix:       1.0000   -1.0000   -1.0000
center:     128.0000 -129.0000 -129.0000
fimgreg.f
image alignment mode   3335 decimal      D07 hex
parameters
   -0.4429   -1.9941   11.8495   -0.2689   -5.4150   -5.6401
   -3.2181    6.5841    0.9099   32.4477   -7.2718  -32.3006
eta,q 0.94593 10.75131
niter,ni,del,rscale     5    3    5.0000    1.2000
parameter  4  1.189699 ->  0.500000 qaram    1.1500
parameter  5  4.296074 ->  0.500000 qaram    1.1500
parameter  6  1.372003 ->  0.500000 qaram    1.1500
parameter 10  0.733451 ->  0.500000 qaram    1.1500
parameters
   -0.6304   -1.8348   12.0532   -4.4089   -9.5550   -9.7801
   -2.8715    6.5473    2.8814   28.3077   -7.3059  -30.2695
eta,q 0.96101 10.23548
  0.0564  0.0561  0.0557  0.0507  0.0406  0.0399  0.0436  0.0456  0.0442  0.0393  0.0404  0.0412
  0.0550  0.0550  0.0548  0.0511  0.0439  0.0406  0.0422  0.0432  0.0427  0.0390  0.0397  0.0402
  0.0542  0.0543  0.0543  0.0522  0.0474  0.0423  0.0413  0.0416  0.0416  0.0395  0.0392  0.0395
  0.0541  0.0541  0.0541  0.0540  0.0513  0.0448  0.0410  0.0410  0.0410  0.0408  0.0391  0.0391
  0.0545  0.0542  0.0542  0.0565  0.0555  0.0476  0.0412  0.0415  0.0408  0.0427  0.0392  0.0390
  0.0556  0.0548  0.0545  0.0594  0.0601  0.0511  0.0419  0.0432  0.0411  0.0455  0.0397  0.0392
  0.0573  0.0556  0.0552  0.0624  0.0648  0.0552  0.0431  0.0458  0.0420  0.0488  0.0405  0.0396
niter,ni,del,rscale     7    3    5.0000    1.2000
parameter  5  2.365198 ->  0.500000 qaram    1.3225
parameters
   -0.5901   -1.7621   12.2210   -6.9172  -14.3160  -13.2624
   -3.2501    6.4021    3.5152   27.4899   -8.6796  -31.3692
eta,q 0.96764  9.85638
  0.0427  0.0413  0.0411  0.0406  0.0302  0.0341  0.0345  0.0372  0.0353  0.0356  0.0332  0.0334
  0.0407  0.0401  0.0400  0.0396  0.0326  0.0329  0.0333  0.0347  0.0339  0.0339  0.0327  0.0327
  0.0395  0.0393  0.0393  0.0389  0.0354  0.0325  0.0326  0.0330  0.0329  0.0328  0.0324  0.0324
  0.0390  0.0390  0.0390  0.0390  0.0388  0.0333  0.0325  0.0325  0.0325  0.0324  0.0325  0.0324
  0.0394  0.0392  0.0391  0.0403  0.0429  0.0352  0.0328  0.0331  0.0326  0.0330  0.0328  0.0327
  0.0405  0.0399  0.0396  0.0427  0.0474  0.0383  0.0337  0.0349  0.0333  0.0347  0.0333  0.0333
  0.0425  0.0411  0.0406  0.0457  0.0522  0.0419  0.0350  0.0376  0.0345  0.0376  0.0340  0.0341
niter,ni,del,rscale     7    3    5.0000    1.2000
parameter  5  1.554690 ->  0.500000 qaram    1.5209
parameters
   -0.5303   -1.8396   11.7968   -6.3884  -19.7911  -14.0590
   -3.7365    6.4515    3.5734   28.3052   -9.1840  -32.9634
eta,q 0.97268  9.60714
  0.0360  0.0347  0.0336  0.0358  0.0256  0.0311  0.0297  0.0326  0.0301  0.0327  0.0286  0.0284
  0.0340  0.0333  0.0328  0.0344  0.0270  0.0292  0.0284  0.0300  0.0287  0.0302  0.0279  0.0277
  0.0328  0.0325  0.0324  0.0332  0.0293  0.0280  0.0277  0.0282  0.0278  0.0284  0.0275  0.0273
  0.0324  0.0324  0.0324  0.0323  0.0322  0.0276  0.0275  0.0275  0.0275  0.0275  0.0275  0.0274
  0.0327  0.0327  0.0328  0.0322  0.0357  0.0284  0.0280  0.0281  0.0278  0.0277  0.0277  0.0280
  0.0338  0.0336  0.0337  0.0333  0.0400  0.0302  0.0289  0.0299  0.0286  0.0289  0.0282  0.0288
  0.0357  0.0349  0.0350  0.0355  0.0449  0.0329  0.0303  0.0325  0.0301  0.0312  0.0290  0.0297
niter,ni,del,rscale     7    3    5.0000    1.2000
parameter  5  0.616520 ->  0.500000 qaram    1.7490
parameters
   -0.5391   -1.9056   11.6637   -6.1470  -26.0876  -13.8065
   -3.9600    6.4497    3.5615   29.0065   -9.3002  -34.0344
eta,q 0.97517  9.32280
  0.0310  0.0302  0.0292  0.0306  0.0262  0.0294  0.0277  0.0299  0.0278  0.0304  0.0261  0.0261
  0.0290  0.0285  0.0282  0.0292  0.0251  0.0274  0.0262  0.0273  0.0263  0.0278  0.0254  0.0253
  0.0277  0.0276  0.0275  0.0281  0.0254  0.0258  0.0252  0.0256  0.0253  0.0259  0.0250  0.0249
  0.0273  0.0273  0.0273  0.0273  0.0273  0.0250  0.0250  0.0250  0.0250  0.0250  0.0249  0.0249
  0.0277  0.0278  0.0276  0.0273  0.0303  0.0254  0.0254  0.0256  0.0253  0.0252  0.0251  0.0253
  0.0290  0.0288  0.0285  0.0285  0.0341  0.0268  0.0265  0.0273  0.0263  0.0266  0.0255  0.0260
  0.0311  0.0304  0.0298  0.0308  0.0389  0.0292  0.0280  0.0299  0.0278  0.0290  0.0262  0.0269
niter,ni,del,rscale     7    3    5.0000    1.2000
parameters
   -0.5541   -1.6946   11.6570   -5.9715  -26.9947  -13.7487
   -3.9767    6.4332    3.5337   29.4156   -9.3476  -34.2658
eta,q 0.97521  9.29561
  0.0285  0.0287  0.0268  0.0281  0.0308  0.0292  0.0277  0.0298  0.0276  0.0300  0.0260  0.0263
  0.0265  0.0266  0.0257  0.0267  0.0279  0.0272  0.0262  0.0272  0.0261  0.0275  0.0253  0.0254
  0.0253  0.0253  0.0251  0.0256  0.0257  0.0256  0.0252  0.0254  0.0252  0.0257  0.0249  0.0249
  0.0248  0.0248  0.0248  0.0248  0.0248  0.0248  0.0248  0.0248  0.0248  0.0248  0.0248  0.0248
  0.0253  0.0251  0.0251  0.0248  0.0260  0.0253  0.0252  0.0254  0.0252  0.0252  0.0249  0.0251
  0.0265  0.0260  0.0258  0.0261  0.0290  0.0268  0.0262  0.0272  0.0261  0.0267  0.0254  0.0256
  0.0287  0.0275  0.0268  0.0283  0.0331  0.0293  0.0277  0.0298  0.0276  0.0292  0.0260  0.0264
niter,ni,del,rscale     6    3    5.0000    1.2000
parameters
   -0.5461   -1.5717   11.6482   -5.9182  -27.2103  -13.7335
   -3.9802    6.4412    3.5225   29.5867   -9.3643  -34.3259
eta,q 0.97521  9.29095
  0.0286  0.0283  0.0267  0.0280  0.0313  0.0291  0.0277  0.0298  0.0276  0.0297  0.0260  0.0263
  0.0265  0.0264  0.0257  0.0266  0.0283  0.0271  0.0261  0.0272  0.0261  0.0273  0.0253  0.0255
  0.0252  0.0252  0.0250  0.0256  0.0260  0.0256  0.0251  0.0254  0.0251  0.0255  0.0249  0.0249
  0.0248  0.0248  0.0248  0.0248  0.0248  0.0248  0.0248  0.0248  0.0248  0.0248  0.0248  0.0248
  0.0252  0.0251  0.0250  0.0248  0.0256  0.0253  0.0252  0.0254  0.0251  0.0252  0.0249  0.0250
  0.0265  0.0261  0.0257  0.0261  0.0283  0.0268  0.0262  0.0272  0.0261  0.0269  0.0254  0.0256
  0.0285  0.0276  0.0268  0.0284  0.0322  0.0294  0.0276  0.0298  0.0276  0.0295  0.0260  0.0263
niter,ni,del,rscale     5    3    5.0000    1.2000
parameters
   -0.5422   -1.5313   11.6493   -5.9073  -27.2711  -13.7225
   -3.9797    6.4444    3.5235   29.6461   -9.3740  -34.3389
eta,q 0.97520  9.28986
  0.0285  0.0281  0.0267  0.0279  0.0314  0.0291  0.0277  0.0298  0.0276  0.0296  0.0260  0.0263
  0.0265  0.0262  0.0257  0.0266  0.0284  0.0271  0.0261  0.0272  0.0261  0.0272  0.0253  0.0255
  0.0252  0.0251  0.0250  0.0256  0.0261  0.0256  0.0251  0.0254  0.0251  0.0255  0.0249  0.0250
  0.0248  0.0248  0.0248  0.0248  0.0248  0.0248  0.0248  0.0248  0.0248  0.0248  0.0248  0.0248
  0.0252  0.0252  0.0250  0.0249  0.0255  0.0253  0.0252  0.0254  0.0251  0.0253  0.0249  0.0250
  0.0265  0.0262  0.0257  0.0262  0.0281  0.0268  0.0262  0.0272  0.0261  0.0270  0.0254  0.0255
  0.0285  0.0278  0.0267  0.0284  0.0320  0.0294  0.0276  0.0298  0.0276  0.0296  0.0260  0.0263
niter,ni,del,rscale     4    3    5.0000    1.2000
parameters
   -0.5402   -1.5157   11.6531   -5.9001  -27.2953  -13.7153
   -3.9808    6.4471    3.5206   29.6644   -9.3791  -34.3442
eta,q 0.97521  9.28950
  0.0285  0.0280  0.0267  0.0279  0.0315  0.0291  0.0277  0.0298  0.0275  0.0296  0.0260  0.0263
  0.0265  0.0262  0.0257  0.0266  0.0284  0.0271  0.0261  0.0272  0.0261  0.0272  0.0254  0.0255
  0.0252  0.0251  0.0250  0.0256  0.0261  0.0256  0.0251  0.0254  0.0251  0.0255  0.0249  0.0250
  0.0248  0.0248  0.0248  0.0248  0.0248  0.0248  0.0248  0.0248  0.0248  0.0248  0.0248  0.0248
  0.0252  0.0252  0.0250  0.0249  0.0255  0.0253  0.0252  0.0254  0.0251  0.0253  0.0249  0.0250
  0.0265  0.0262  0.0257  0.0262  0.0281  0.0268  0.0262  0.0272  0.0261  0.0270  0.0254  0.0255
  0.0286  0.0278  0.0267  0.0284  0.0319  0.0294  0.0276  0.0298  0.0276  0.0296  0.0260  0.0263
registration optimization eta report
parameter search radius
    2.4000    2.4000    2.4000    8.2800   12.5928    8.2800
    7.2000    7.2000    7.2000    8.2800    7.2000    7.2000
100000*second partial in parameter space
       65.       54.       33.        5.        4.        6.
        5.       10.        5.        7.        2.        3.
  0.0285  0.0280  0.0267  0.0279  0.0315  0.0291  0.0277  0.0298  0.0275  0.0296  0.0260  0.0263
  0.0265  0.0262  0.0257  0.0266  0.0284  0.0271  0.0261  0.0272  0.0261  0.0272  0.0254  0.0255
  0.0252  0.0251  0.0250  0.0256  0.0261  0.0256  0.0251  0.0254  0.0251  0.0255  0.0249  0.0250
  0.0248  0.0248  0.0248  0.0248  0.0248  0.0248  0.0248  0.0248  0.0248  0.0248  0.0248  0.0248
  0.0252  0.0252  0.0250  0.0249  0.0255  0.0253  0.0252  0.0254  0.0251  0.0253  0.0249  0.0250
  0.0265  0.0262  0.0257  0.0262  0.0281  0.0268  0.0262  0.0272  0.0261  0.0270  0.0254  0.0255
  0.0286  0.0278  0.0267  0.0284  0.0319  0.0294  0.0276  0.0298  0.0276  0.0296  0.0260  0.0263
   -0.5402   -1.5157   11.6531   -5.9001  -27.2953  -13.7153
   -3.9808    6.4471    3.5206   29.6644   -9.3791  -34.3442
eta,q 0.97521  9.28950

---------------------------------------------------------------------
imgreg_4dfp /opt/freesurfer/average/711-2C_as_mni_average_305 /opt/freesurfer/average/711-2B_as_mni_average_305_mask talsrcimg_g11 none talsrcimg_to_711-2C_as_mni_average_305_t4 2311
---------------------------------------------------------------------

freesurfer imgreg_4dfp.c
/opt/freesurfer/average/711-2C_as_mni_average_305.4dfp.img
       256       256       256         1
  1.000000  1.000000  1.000000
orientation T byte_order littleendian
Reading image: /opt/freesurfer/average/711-2C_as_mni_average_305.4dfp.img
dimensions:      256       256       256
mmppix:       1.0000   -1.0000   -1.0000
center:     128.0000 -129.0000 -129.0000
/opt/freesurfer/average/711-2B_as_mni_average_305_mask.4dfp.img
       256       256       256         1
  1.000000  1.000000  1.000000
orientation T byte_order littleendian
Reading mask: /opt/freesurfer/average/711-2B_as_mni_average_305_mask.4dfp.img (2306576 pixels)
talsrcimg_g11.4dfp.img
       256       256       256         1
  1.000000  1.000000  1.000000
orientation T byte_order littleendian
Reading image: talsrcimg_g11.4dfp.img
dimensions:      256       256       256
mmppix:       1.0000   -1.0000   -1.0000
center:     128.0000 -129.0000 -129.0000
fimgreg.f
image alignment mode   2311 decimal      907 hex
parameters
   -0.5402   -1.5157   11.6531   -5.9001  -27.2953  -13.7153
   -3.9808    6.4471    3.5206   29.6644   -9.3791  -34.3442
eta,q 0.97521  9.28950
niter,ni,del,rscale     5    3    5.0000    0.8000
parameters
   -0.5268   -1.5506   11.6526   -5.1138  -26.6651  -13.5892
   -4.0732    6.5324    3.5364   29.7489   -9.2141  -34.2808
eta,q 0.97535  9.35146
  0.0265  0.0262  0.0257  0.0263  0.0263  0.0265  0.0260  0.0272  0.0260  0.0265  0.0253  0.0255
  0.0256  0.0254  0.0252  0.0257  0.0255  0.0256  0.0253  0.0259  0.0253  0.0255  0.0250  0.0250
  0.0250  0.0249  0.0249  0.0252  0.0250  0.0249  0.0248  0.0250  0.0248  0.0249  0.0247  0.0247
  0.0248  0.0248  0.0248  0.0248  0.0247  0.0247  0.0247  0.0247  0.0247  0.0247  0.0247  0.0247
  0.0250  0.0250  0.0249  0.0247  0.0247  0.0249  0.0249  0.0249  0.0248  0.0248  0.0247  0.0248
  0.0255  0.0255  0.0252  0.0250  0.0250  0.0254  0.0254  0.0257  0.0252  0.0254  0.0249  0.0250
  0.0265  0.0262  0.0257  0.0257  0.0257  0.0263  0.0261  0.0270  0.0260  0.0264  0.0252  0.0254
niter,ni,del,rscale     4    3    5.0000    0.7000
parameters
   -0.5191   -1.6078   11.7240   -5.0764  -26.5822  -13.4825
   -4.0686    6.5388    3.5612   29.7153   -9.1825  -34.2342
eta,q 0.97535  9.35887
  0.0260  0.0257  0.0254  0.0258  0.0257  0.0261  0.0258  0.0266  0.0257  0.0260  0.0251  0.0253
  0.0253  0.0251  0.0250  0.0253  0.0252  0.0253  0.0251  0.0255  0.0251  0.0253  0.0249  0.0249
  0.0248  0.0247  0.0248  0.0249  0.0248  0.0248  0.0248  0.0249  0.0248  0.0248  0.0247  0.0247
  0.0247  0.0247  0.0247  0.0246  0.0246  0.0246  0.0246  0.0246  0.0246  0.0246  0.0246  0.0246
  0.0248  0.0248  0.0247  0.0247  0.0247  0.0248  0.0248  0.0249  0.0248  0.0248  0.0247  0.0247
  0.0253  0.0252  0.0249  0.0251  0.0251  0.0253  0.0252  0.0255  0.0251  0.0253  0.0249  0.0249
  0.0260  0.0258  0.0253  0.0258  0.0257  0.0259  0.0257  0.0266  0.0257  0.0261  0.0251  0.0252
niter,ni,del,rscale     3    3    5.0000    0.6000
parameters
   -0.5157   -1.6223   11.7571   -4.9970  -26.5478  -13.4493
   -4.0895    6.5431    3.5744   29.7085   -9.1709  -34.2220
eta,q 0.97536  9.36392
  0.0257  0.0255  0.0252  0.0255  0.0254  0.0257  0.0255  0.0261  0.0254  0.0257  0.0250  0.0251
  0.0251  0.0250  0.0249  0.0251  0.0250  0.0251  0.0250  0.0253  0.0250  0.0251  0.0248  0.0248
  0.0248  0.0247  0.0247  0.0248  0.0248  0.0248  0.0247  0.0248  0.0247  0.0248  0.0247  0.0247
  0.0246  0.0246  0.0246  0.0246  0.0246  0.0246  0.0246  0.0246  0.0246  0.0246  0.0246  0.0246
  0.0248  0.0248  0.0247  0.0247  0.0247  0.0248  0.0247  0.0248  0.0247  0.0247  0.0247  0.0247
  0.0251  0.0250  0.0249  0.0250  0.0250  0.0251  0.0250  0.0253  0.0250  0.0251  0.0248  0.0249
  0.0257  0.0255  0.0251  0.0255  0.0254  0.0257  0.0255  0.0261  0.0254  0.0257  0.0250  0.0251
niter,ni,del,rscale     2    3    5.0000    0.5000
parameters
   -0.5103   -1.6323   11.7688   -4.9059  -26.5167  -13.4646
   -4.1030    6.5510    3.5877   29.7068   -9.1437  -34.2270
eta,q 0.97536  9.36819
  0.0254  0.0252  0.0250  0.0253  0.0252  0.0254  0.0252  0.0256  0.0252  0.0254  0.0249  0.0250
  0.0250  0.0249  0.0248  0.0250  0.0249  0.0250  0.0249  0.0251  0.0249  0.0250  0.0247  0.0248
  0.0247  0.0247  0.0247  0.0248  0.0247  0.0247  0.0247  0.0248  0.0247  0.0247  0.0247  0.0247
  0.0246  0.0246  0.0246  0.0246  0.0246  0.0246  0.0246  0.0246  0.0246  0.0246  0.0246  0.0246
  0.0247  0.0247  0.0247  0.0247  0.0247  0.0247  0.0247  0.0247  0.0247  0.0247  0.0247  0.0247
  0.0249  0.0249  0.0248  0.0249  0.0249  0.0250  0.0249  0.0251  0.0249  0.0250  0.0247  0.0248
  0.0253  0.0252  0.0250  0.0253  0.0252  0.0254  0.0252  0.0256  0.0252  0.0254  0.0249  0.0250
niter,ni,del,rscale     1    3    5.0000    0.4000
parameters
   -0.5106   -1.6405   11.7676   -4.8377  -26.4945  -13.4950
   -4.1146    6.5516    3.5972   29.7178   -9.1371  -34.2364
eta,q 0.97537  9.37126
  0.0251  0.0250  0.0249  0.0251  0.0250  0.0251  0.0250  0.0253  0.0250  0.0251  0.0248  0.0248
  0.0248  0.0248  0.0248  0.0249  0.0248  0.0248  0.0248  0.0249  0.0248  0.0248  0.0247  0.0247
  0.0247  0.0247  0.0247  0.0247  0.0247  0.0247  0.0247  0.0247  0.0247  0.0247  0.0247  0.0247
  0.0246  0.0246  0.0246  0.0246  0.0246  0.0246  0.0246  0.0246  0.0246  0.0246  0.0246  0.0246
  0.0247  0.0247  0.0247  0.0247  0.0247  0.0247  0.0247  0.0247  0.0247  0.0247  0.0247  0.0247
  0.0248  0.0248  0.0247  0.0248  0.0248  0.0249  0.0248  0.0249  0.0248  0.0248  0.0247  0.0247
  0.0251  0.0250  0.0249  0.0250  0.0250  0.0251  0.0250  0.0253  0.0250  0.0251  0.0248  0.0248
registration optimization eta report
parameter search radius
    0.8000    0.8000    0.8000    2.4000    2.4000    2.4000
    2.4000    2.4000    2.4000    2.4000    2.4000    2.4000
100000*second partial in parameter space
       72.       58.       37.        7.        6.        9.
        7.       11.        6.        8.        3.        4.
  0.0251  0.0250  0.0249  0.0251  0.0250  0.0251  0.0250  0.0253  0.0250  0.0251  0.0248  0.0248
  0.0248  0.0248  0.0248  0.0249  0.0248  0.0248  0.0248  0.0249  0.0248  0.0248  0.0247  0.0247
  0.0247  0.0247  0.0247  0.0247  0.0247  0.0247  0.0247  0.0247  0.0247  0.0247  0.0247  0.0247
  0.0246  0.0246  0.0246  0.0246  0.0246  0.0246  0.0246  0.0246  0.0246  0.0246  0.0246  0.0246
  0.0247  0.0247  0.0247  0.0247  0.0247  0.0247  0.0247  0.0247  0.0247  0.0247  0.0247  0.0247
  0.0248  0.0248  0.0247  0.0248  0.0248  0.0249  0.0248  0.0249  0.0248  0.0248  0.0247  0.0247
  0.0251  0.0250  0.0249  0.0250  0.0250  0.0251  0.0250  0.0253  0.0250  0.0251  0.0248  0.0248
   -0.5106   -1.6405   11.7676   -4.8377  -26.4945  -13.4950
   -4.1146    6.5516    3.5972   29.7178   -9.1371  -34.2364
eta,q 0.97537  9.37126

---------------------------------------------------------------------
imgreg_4dfp /opt/freesurfer/average/711-2C_as_mni_average_305 /opt/freesurfer/average/711-2B_as_mni_average_305_mask talsrcimg_g11 none talsrcimg_to_711-2C_as_mni_average_305_t4 2311
---------------------------------------------------------------------

freesurfer imgreg_4dfp.c
/opt/freesurfer/average/711-2C_as_mni_average_305.4dfp.img
       256       256       256         1
  1.000000  1.000000  1.000000
orientation T byte_order littleendian
Reading image: /opt/freesurfer/average/711-2C_as_mni_average_305.4dfp.img
dimensions:      256       256       256
mmppix:       1.0000   -1.0000   -1.0000
center:     128.0000 -129.0000 -129.0000
/opt/freesurfer/average/711-2B_as_mni_average_305_mask.4dfp.img
       256       256       256         1
  1.000000  1.000000  1.000000
orientation T byte_order littleendian
Reading mask: /opt/freesurfer/average/711-2B_as_mni_average_305_mask.4dfp.img (2306576 pixels)
talsrcimg_g11.4dfp.img
       256       256       256         1
  1.000000  1.000000  1.000000
orientation T byte_order littleendian
Reading image: talsrcimg_g11.4dfp.img
dimensions:      256       256       256
mmppix:       1.0000   -1.0000   -1.0000
center:     128.0000 -129.0000 -129.0000
fimgreg.f
image alignment mode   2311 decimal      907 hex
parameters
   -0.5106   -1.6405   11.7676   -4.8377  -26.4945  -13.4950
   -4.1146    6.5516    3.5972   29.7178   -9.1371  -34.2364
eta,q 0.97537  9.37126
niter,ni,del,rscale     5    3    5.0000    0.8000
parameters
   -0.5185   -1.6155   11.7641   -5.1801  -26.5941  -13.4260
   -4.0518    6.5231    3.5583   29.6886   -9.2173  -34.2059
eta,q 0.97535  9.35567
  0.0264  0.0262  0.0256  0.0259  0.0259  0.0264  0.0261  0.0271  0.0260  0.0264  0.0252  0.0255
  0.0254  0.0253  0.0250  0.0253  0.0253  0.0255  0.0253  0.0258  0.0252  0.0255  0.0249  0.0250
  0.0248  0.0248  0.0247  0.0248  0.0248  0.0249  0.0248  0.0249  0.0248  0.0249  0.0247  0.0247
  0.0246  0.0246  0.0246  0.0246  0.0247  0.0246  0.0246  0.0246  0.0247  0.0247  0.0247  0.0247
  0.0248  0.0248  0.0247  0.0248  0.0248  0.0249  0.0248  0.0249  0.0248  0.0248  0.0247  0.0248
  0.0254  0.0253  0.0251  0.0254  0.0253  0.0254  0.0253  0.0258  0.0253  0.0255  0.0249  0.0250
  0.0265  0.0260  0.0256  0.0265  0.0261  0.0263  0.0260  0.0272  0.0260  0.0265  0.0253  0.0254
niter,ni,del,rscale     4    3    5.0000    0.7000
parameters
   -0.5170   -1.6164   11.7711   -5.1039  -26.5722  -13.4208
   -4.0739    6.5407    3.5595   29.6984   -9.2027  -34.1991
eta,q 0.97535  9.35959
  0.0260  0.0258  0.0254  0.0258  0.0257  0.0260  0.0258  0.0266  0.0257  0.0260  0.0251  0.0253
  0.0253  0.0251  0.0250  0.0253  0.0252  0.0253  0.0251  0.0255  0.0251  0.0253  0.0249  0.0249
  0.0248  0.0248  0.0247  0.0249  0.0248  0.0248  0.0248  0.0249  0.0248  0.0248  0.0247  0.0247
  0.0247  0.0247  0.0247  0.0247  0.0246  0.0246  0.0246  0.0246  0.0246  0.0246  0.0246  0.0246
  0.0248  0.0248  0.0247  0.0247  0.0248  0.0248  0.0248  0.0249  0.0248  0.0248  0.0247  0.0247
  0.0253  0.0252  0.0250  0.0251  0.0251  0.0253  0.0252  0.0255  0.0251  0.0253  0.0249  0.0249
  0.0260  0.0258  0.0254  0.0258  0.0257  0.0260  0.0258  0.0266  0.0257  0.0260  0.0251  0.0252
niter,ni,del,rscale     3    3    5.0000    0.6000
parameters
   -0.5124   -1.6215   11.7764   -5.0036  -26.5416  -13.4236
   -4.0910    6.5510    3.5710   29.7042   -9.1766  -34.2040
eta,q 0.97536  9.36450
  0.0257  0.0255  0.0252  0.0255  0.0254  0.0257  0.0255  0.0261  0.0254  0.0257  0.0250  0.0251
  0.0251  0.0250  0.0249  0.0251  0.0250  0.0251  0.0250  0.0253  0.0250  0.0251  0.0248  0.0248
  0.0248  0.0247  0.0247  0.0248  0.0247  0.0248  0.0247  0.0248  0.0247  0.0248  0.0247  0.0247
  0.0246  0.0246  0.0246  0.0246  0.0246  0.0246  0.0246  0.0246  0.0246  0.0246  0.0246  0.0246
  0.0248  0.0248  0.0247  0.0247  0.0247  0.0248  0.0247  0.0248  0.0247  0.0247  0.0247  0.0247
  0.0251  0.0250  0.0249  0.0250  0.0250  0.0251  0.0250  0.0253  0.0250  0.0251  0.0248  0.0249
  0.0257  0.0255  0.0252  0.0255  0.0254  0.0257  0.0255  0.0261  0.0254  0.0257  0.0250  0.0251
niter,ni,del,rscale     2    3    5.0000    0.5000
parameters
   -0.5100   -1.6274   11.7799   -4.9117  -26.5219  -13.4430
   -4.1016    6.5550    3.5791   29.7116   -9.1599  -34.2285
eta,q 0.97537  9.36839
  0.0254  0.0252  0.0250  0.0253  0.0252  0.0254  0.0252  0.0256  0.0252  0.0254  0.0249  0.0250
  0.0250  0.0249  0.0248  0.0250  0.0249  0.0250  0.0249  0.0251  0.0249  0.0250  0.0247  0.0248
  0.0247  0.0247  0.0247  0.0248  0.0247  0.0247  0.0247  0.0248  0.0247  0.0247  0.0247  0.0247
  0.0246  0.0246  0.0246  0.0246  0.0246  0.0246  0.0246  0.0246  0.0246  0.0246  0.0246  0.0246
  0.0247  0.0247  0.0247  0.0247  0.0247  0.0247  0.0247  0.0248  0.0247  0.0247  0.0247  0.0247
  0.0250  0.0249  0.0248  0.0249  0.0249  0.0250  0.0249  0.0251  0.0249  0.0250  0.0248  0.0248
  0.0253  0.0252  0.0250  0.0253  0.0252  0.0254  0.0252  0.0256  0.0252  0.0254  0.0249  0.0250
niter,ni,del,rscale     1    3    5.0000    0.4000
parameters
   -0.5098   -1.6358   11.7750   -4.8410  -26.5071  -13.4887
   -4.1135    6.5549    3.6001   29.7195   -9.1372  -34.2482
eta,q 0.97536  9.37083
  0.0251  0.0250  0.0249  0.0251  0.0250  0.0251  0.0250  0.0253  0.0250  0.0251  0.0248  0.0248
  0.0248  0.0248  0.0247  0.0249  0.0248  0.0248  0.0248  0.0249  0.0248  0.0248  0.0247  0.0247
  0.0247  0.0247  0.0247  0.0247  0.0247  0.0247  0.0247  0.0247  0.0247  0.0247  0.0247  0.0247
  0.0246  0.0246  0.0246  0.0246  0.0246  0.0246  0.0246  0.0246  0.0246  0.0246  0.0246  0.0246
  0.0247  0.0247  0.0247  0.0247  0.0247  0.0247  0.0247  0.0247  0.0247  0.0247  0.0246  0.0247
  0.0248  0.0248  0.0247  0.0248  0.0248  0.0249  0.0248  0.0249  0.0248  0.0248  0.0247  0.0247
  0.0251  0.0250  0.0249  0.0250  0.0250  0.0251  0.0250  0.0253  0.0250  0.0251  0.0248  0.0248
registration optimization eta report
parameter search radius
    0.8000    0.8000    0.8000    2.4000    2.4000    2.4000
    2.4000    2.4000    2.4000    2.4000    2.4000    2.4000
100000*second partial in parameter space
       71.       58.       37.        7.        6.        8.
        7.       11.        6.        8.        3.        4.
  0.0251  0.0250  0.0249  0.0251  0.0250  0.0251  0.0250  0.0253  0.0250  0.0251  0.0248  0.0248
  0.0248  0.0248  0.0247  0.0249  0.0248  0.0248  0.0248  0.0249  0.0248  0.0248  0.0247  0.0247
  0.0247  0.0247  0.0247  0.0247  0.0247  0.0247  0.0247  0.0247  0.0247  0.0247  0.0247  0.0247
  0.0246  0.0246  0.0246  0.0246  0.0246  0.0246  0.0246  0.0246  0.0246  0.0246  0.0246  0.0246
  0.0247  0.0247  0.0247  0.0247  0.0247  0.0247  0.0247  0.0247  0.0247  0.0247  0.0246  0.0247
  0.0248  0.0248  0.0247  0.0248  0.0248  0.0249  0.0248  0.0249  0.0248  0.0248  0.0247  0.0247
  0.0251  0.0250  0.0249  0.0250  0.0250  0.0251  0.0250  0.0253  0.0250  0.0251  0.0248  0.0248
   -0.5098   -1.6358   11.7750   -4.8410  -26.5071  -13.4887
   -4.1135    6.5549    3.6001   29.7195   -9.1372  -34.2482
eta,q 0.97536  9.37083

---------------------------------------------------------------------
compute_vox2vox talsrcimg talsrcimg_to_711-2C_as_mni_average_305_t4 /opt/freesurfer/average/711-2C_as_mni_average_305
---------------------------------------------------------------------

freesurfer compute_vox2vox.c
Reading: talsrcimg.4dfp.ifh
Reading: talsrcimg_to_711-2C_as_mni_average_305_t4
Reading: /opt/freesurfer/average/711-2C_as_mni_average_305.4dfp.ifh
Writing: talsrcimg_to_711-2C_as_mni_average_305_t4_vox2vox.txt

start time Thu Mar 12 05:52:49 CET 2026
end		time Thu Mar 12 05:54:17 CET 2026

mpr2mni305 success

avi2talxfm orig_nu.mgz /opt/freesurfer/average/mni305.cor.mgz talsrcimg_to_711-2C_as_mni_average_305_t4_vox2vox.txt transforms/talairach.auto.xfm
avi2talxfm done
mv -f /out/sourcedata/freesurfer/sub-v1s10x0051068_ses-1/mri/talsrcimg_to_711-2C_as_mni_average_305_t4_vox2vox.txt /out/sourcedata/freesurfer/sub-v1s10x0051068_ses-1/mri/transforms/talsrcimg_to_711-2C_as_mni_average_305_t4_vox2vox.txt
lta_convert --src orig_nu.mgz --trg /opt/freesurfer/average/mni305.cor.mgz --inxfm transforms/talairach.auto.xfm --outlta transforms/talairach.auto.xfm.lta --subject fsaverage
7.3.2

--src: orig_nu.mgz src image (geometry).
--trg: /opt/freesurfer/average/mni305.cor.mgz trg image (geometry).
--inmni: transforms/talairach.auto.xfm input MNI/XFM transform.
--outlta: transforms/talairach.auto.xfm.lta output LTA.
--s: fsaverage subject name
 LTA read, type : 1
 1.04198  -0.08533   0.01856  -2.57697;
 0.07745   0.99006   0.46571   1.05656;
-0.08236  -0.39619   1.17144   0.15970;
 0.00000   0.00000   0.00000   1.00000;
setting subject to fsaverage
Writing  LTA to file transforms/talairach.auto.xfm.lta...
lta_convert successful.
 
 
Started at Thu Mar 12 05:52:49 CET 2026
Ended   at Thu Mar 12 05:54:17 CET 2026
talairach_avi done
