Log file for defect2seg
Thu Mar 12 03:46:50 CET 2026

setenv SUBJECTS_DIR /out/sourcedata/freesurfer
cd /out/sourcedata/freesurfer/sub-v1s10x0050999_ses-1/scripts
/opt/freesurfer/bin/defect2seg --s sub-v1s10x0050999_ses-1 --rh-only --cortex

freesurfer-linux-ubuntu22_x86_64-7.3.2-20220804-6354275
defect2seg 7.3.2
Linux dna003 5.14.0-427.37.1.el9_4.x86_64 #1 SMP PREEMPT_DYNAMIC Fri Sep 13 12:41:50 EDT 2024 x86_64 x86_64 x86_64 GNU/Linux
pid 383864
mri_label2label --label-cortex /out/sourcedata/freesurfer/sub-v1s10x0050999_ses-1/surf/rh.orig.nofix /out/sourcedata/freesurfer/sub-v1s10x0050999_ses-1/mri/aseg.presurf.mgz 0 /out/sourcedata/freesurfer/sub-v1s10x0050999_ses-1/label/rh.nofix.cortex.label

 Generating cortex label... RemoveHipAmgy=0
 NucAccIsMedialWall=0
 mris->useRealRAS=0
26 non-cortical segments detected
only using segment with 7326 vertices
erasing segment 1 (vno[0] = 61998)
erasing segment 2 (vno[0] = 63088)
erasing segment 3 (vno[0] = 64257)
erasing segment 4 (vno[0] = 68489)
erasing segment 5 (vno[0] = 77288)
erasing segment 6 (vno[0] = 85295)
erasing segment 7 (vno[0] = 89266)
erasing segment 8 (vno[0] = 90714)
erasing segment 9 (vno[0] = 95015)
erasing segment 10 (vno[0] = 95954)
erasing segment 11 (vno[0] = 96698)
erasing segment 12 (vno[0] = 96740)
erasing segment 13 (vno[0] = 96852)
erasing segment 14 (vno[0] = 97623)
erasing segment 15 (vno[0] = 97764)
erasing segment 16 (vno[0] = 99348)
erasing segment 17 (vno[0] = 99405)
erasing segment 18 (vno[0] = 99416)
erasing segment 19 (vno[0] = 100290)
erasing segment 20 (vno[0] = 100381)
erasing segment 21 (vno[0] = 101987)
erasing segment 22 (vno[0] = 103754)
erasing segment 23 (vno[0] = 106874)
erasing segment 24 (vno[0] = 110409)
erasing segment 25 (vno[0] = 112821)
mri_label2vol --defects /out/sourcedata/freesurfer/sub-v1s10x0050999_ses-1/surf/rh.orig.nofix /out/sourcedata/freesurfer/sub-v1s10x0050999_ses-1/surf/rh.defect_labels /out/sourcedata/freesurfer/sub-v1s10x0050999_ses-1/mri/orig.mgz 2000 0 /out/sourcedata/freesurfer/sub-v1s10x0050999_ses-1/mri/rh.surface.defects.mgz /out/sourcedata/freesurfer/sub-v1s10x0050999_ses-1/label/rh.nofix.cortex.label
mri_label2vol supposed to be reproducible but seed not set
Contraining to label /out/sourcedata/freesurfer/sub-v1s10x0050999_ses-1/label/rh.nofix.cortex.label
Changing input type 0 to MRI_INT
Converting defects to volume: offset=2000, merge=0
Writing to /out/sourcedata/freesurfer/sub-v1s10x0050999_ses-1/mri/rh.surface.defects.mgz
mris_defects_pointset -s /out/sourcedata/freesurfer/sub-v1s10x0050999_ses-1/surf/rh.orig.nofix -d /out/sourcedata/freesurfer/sub-v1s10x0050999_ses-1/surf/rh.defect_labels -o /out/sourcedata/freesurfer/sub-v1s10x0050999_ses-1/surf/rh.defects.pointset --label /out/sourcedata/freesurfer/sub-v1s10x0050999_ses-1/label/rh.nofix.cortex.label
Reading in surface /out/sourcedata/freesurfer/sub-v1s10x0050999_ses-1/surf/rh.orig.nofix
Reading in defect segmentation /out/sourcedata/freesurfer/sub-v1s10x0050999_ses-1/surf/rh.defect_labels
Reading in label /out/sourcedata/freesurfer/sub-v1s10x0050999_ses-1/label/rh.nofix.cortex.label
#VMPC# mris_defects_pointset 1528776
mris_defects_pointset done
 
Started at Thu Mar 12 03:46:50 CET 2026 
Ended   at Thu Mar 12 03:47:06 CET 2026
Defect2seg-Run-Time-Sec 16
Defect2seg-Run-Time-Min 0.32
Defect2seg-Run-Time-Hours 0.00
 
defect2seg Done
