status file for recon-all
Thu Mar 12 03:25:44 CET 2026
#@# Tessellate lh Thu Mar 12 03:25:44 CET 2026
#@# Smooth1 lh Thu Mar 12 03:25:47 CET 2026
#@# Inflation1 lh Thu Mar 12 03:25:50 CET 2026
#@# QSphere lh Thu Mar 12 03:25:59 CET 2026
#@# Fix Topology lh Thu Mar 12 03:26:50 CET 2026
#@# Smooth2 lh Thu Mar 12 03:32:41 CET 2026
#@# Inflation2 lh Thu Mar 12 03:32:44 CET 2026
#@# Curv .H and .K lh Thu Mar 12 03:32:53 CET 2026
#@# Sphere lh Thu Mar 12 03:33:36 CET 2026
#@# Surf Reg lh Thu Mar 12 03:35:24 CET 2026
#@# Jacobian white lh Thu Mar 12 03:38:12 CET 2026
#@# AvgCurv lh Thu Mar 12 03:38:13 CET 2026
#@# Cortical Parc lh Thu Mar 12 03:38:13 CET 2026
#@# white curv lh Thu Mar 12 03:43:09 CET 2026
#@# white area lh Thu Mar 12 03:43:10 CET 2026
#@# pial curv lh Thu Mar 12 03:43:11 CET 2026
#@# pial area lh Thu Mar 12 03:43:12 CET 2026
#@# thickness lh Thu Mar 12 03:43:13 CET 2026
#@# area and vertex vol lh Thu Mar 12 03:43:40 CET 2026
#@# Curvature Stats lh Thu Mar 12 03:43:41 CET 2026
#@# Cortical Parc 2 lh Thu Mar 12 03:43:43 CET 2026
#@# Cortical Parc 3 lh Thu Mar 12 03:43:55 CET 2026
#@# WM/GM Contrast lh Thu Mar 12 03:44:04 CET 2026
recon-all -s sub-v1s10x0050999_ses-1 finished without error at Thu Mar 12 03:44:08 CET 2026



#New# invocation of recon-all 



status file for recon-all
Thu Mar 12 04:06:04 CET 2026
#@# white curv lh Thu Mar 12 04:06:04 CET 2026
#@# white area lh Thu Mar 12 04:06:04 CET 2026
#@# pial curv lh Thu Mar 12 04:06:04 CET 2026
#@# pial area lh Thu Mar 12 04:06:04 CET 2026
#@# thickness lh Thu Mar 12 04:06:04 CET 2026
#@# area and vertex vol lh Thu Mar 12 04:06:04 CET 2026
#@# Parcellation Stats lh Thu Mar 12 04:06:04 CET 2026
#@# Parcellation Stats 2 lh Thu Mar 12 04:06:20 CET 2026
#@# Parcellation Stats 3 lh Thu Mar 12 04:06:28 CET 2026
#@# BA_exvivo Labels lh Thu Mar 12 04:06:36 CET 2026
recon-all -s sub-v1s10x0050999_ses-1 finished without error at Thu Mar 12 04:08:49 CET 2026
