status file for recon-all
Thu Mar 12 02:42:05 CET 2026
#@# MotionCor Thu Mar 12 02:42:06 CET 2026
#@# Talairach Thu Mar 12 02:42:16 CET 2026
#@# Talairach Failure Detection Thu Mar 12 02:46:42 CET 2026
#@# Nu Intensity Correction Thu Mar 12 02:46:42 CET 2026
#@# Intensity Normalization Thu Mar 12 02:49:58 CET 2026
recon-all -s sub-v1s10x0051019_ses-1 finished without error at Thu Mar 12 02:51:24 CET 2026



#New# invocation of recon-all 



status file for recon-all
Thu Mar 12 02:58:39 CET 2026
#@# EM Registration Thu Mar 12 02:58:39 CET 2026
recon-all -s sub-v1s10x0051019_ses-1 finished without error at Thu Mar 12 03:00:49 CET 2026



#New# invocation of recon-all 



status file for recon-all
Thu Mar 12 03:00:51 CET 2026
#@# CA Normalize Thu Mar 12 03:00:51 CET 2026
#@# CA Reg Thu Mar 12 03:02:10 CET 2026
#@# SubCort Seg Thu Mar 12 03:52:17 CET 2026
#@# CC Seg Thu Mar 12 04:21:06 CET 2026
#@# Merge ASeg Thu Mar 12 04:22:01 CET 2026
#@# Intensity Normalization2 Thu Mar 12 04:22:01 CET 2026
#@# Mask BFS Thu Mar 12 04:24:11 CET 2026
#@# WM Segmentation Thu Mar 12 04:24:12 CET 2026
#@# Fill Thu Mar 12 04:26:12 CET 2026
recon-all -s sub-v1s10x0051019_ses-1 finished without error at Thu Mar 12 04:27:16 CET 2026



#New# invocation of recon-all 



status file for recon-all
Thu Mar 12 05:17:25 CET 2026
#@# white curv lh Thu Mar 12 05:17:25 CET 2026
#@# white area lh Thu Mar 12 05:17:25 CET 2026
#@# pial curv lh Thu Mar 12 05:17:25 CET 2026
#@# pial area lh Thu Mar 12 05:17:25 CET 2026
#@# thickness lh Thu Mar 12 05:17:25 CET 2026
#@# area and vertex vol lh Thu Mar 12 05:17:25 CET 2026
#@# white curv rh Thu Mar 12 05:17:25 CET 2026
#@# white area rh Thu Mar 12 05:17:25 CET 2026
#@# pial curv rh Thu Mar 12 05:17:25 CET 2026
#@# pial area rh Thu Mar 12 05:17:25 CET 2026
#@# thickness rh Thu Mar 12 05:17:25 CET 2026
#@# area and vertex vol rh Thu Mar 12 05:17:25 CET 2026
#@# Cortical ribbon mask Thu Mar 12 05:17:25 CET 2026
recon-all -s sub-v1s10x0051019_ses-1 finished without error at Thu Mar 12 05:21:53 CET 2026



#New# invocation of recon-all 



status file for recon-all
Thu Mar 12 05:29:43 CET 2026
#@# white curv lh Thu Mar 12 05:29:43 CET 2026
#@# white area lh Thu Mar 12 05:29:43 CET 2026
#@# pial curv lh Thu Mar 12 05:29:43 CET 2026
#@# pial area lh Thu Mar 12 05:29:43 CET 2026
#@# thickness lh Thu Mar 12 05:29:43 CET 2026
#@# area and vertex vol lh Thu Mar 12 05:29:43 CET 2026
#@# white curv rh Thu Mar 12 05:29:43 CET 2026
#@# white area rh Thu Mar 12 05:29:43 CET 2026
#@# pial curv rh Thu Mar 12 05:29:43 CET 2026
#@# pial area rh Thu Mar 12 05:29:43 CET 2026
#@# thickness rh Thu Mar 12 05:29:43 CET 2026
#@# area and vertex vol rh Thu Mar 12 05:29:43 CET 2026
#@# Curvature Stats lh Thu Mar 12 05:29:43 CET 2026
#@# Curvature Stats rh Thu Mar 12 05:29:47 CET 2026
#@# Relabel Hypointensities Thu Mar 12 05:29:50 CET 2026
#@# APas-to-ASeg Thu Mar 12 05:30:06 CET 2026
#@# AParc-to-ASeg aparc Thu Mar 12 05:30:15 CET 2026
#@# AParc-to-ASeg aparc.a2009s Thu Mar 12 05:30:57 CET 2026
#@# AParc-to-ASeg aparc.DKTatlas Thu Mar 12 05:31:38 CET 2026
#@# WMParc Thu Mar 12 05:32:21 CET 2026
#@# ASeg Stats Thu Mar 12 05:37:04 CET 2026
recon-all -s sub-v1s10x0051019_ses-1 finished without error at Thu Mar 12 05:37:45 CET 2026
