/out/sourcedata/freesurfer/sub-v1s10x0051048_ses-1/mri
/opt/freesurfer/bin/talairach_avi
--i orig_nu.mgz --xfm transforms/talairach.auto.xfm
talairach_avi 7.3.2
Linux dna030 5.14.0-427.37.1.el9_4.x86_64 #1 SMP PREEMPT_DYNAMIC Fri Sep 13 12:41:50 EDT 2024 x86_64 x86_64 x86_64 GNU/Linux
Thu Mar 12 05:14:17 CET 2026
mri_convert orig_nu.mgz talsrcimg.img 
reading from orig_nu.mgz...
TR=0.00, TE=0.00, TI=0.00, flip angle=0.00
i_ras = (-1, 0, 0)
j_ras = (0, 0, -1)
k_ras = (0, 1, 0)
writing to talsrcimg.img...
Analyze Output Matrix
-1.00000   0.00000   0.00000   139.78510;
 0.00000   0.00000   1.00000  -128.00000;
 0.00000  -1.00000   0.00000   129.27710;
 0.00000   0.00000   0.00000   1.00000;
--------------------
INFO: set hdr.hist.orient to -1
mpr2mni305 talsrcimg
Thu Mar 12 05:14:18 CET 2026
/opt/freesurfer/bin/mpr2mni305 talsrcimg
mpr2mni305 7.3.2
target=711-2C_as_mni_average_305

---------------------------------------------------------------------
analyzeto4dfp talsrcimg -O0 -y
---------------------------------------------------------------------

freesurfer ifh2hdr.c
Thu Mar 12 05:14:18 2026
Writing: talsrcimg.4dfp.hdr
freesurfer analyzeto4dfp.c
Reading: talsrcimg.hdr
header size 348 bytes
hdr.dime.datatype	offset=70	value=2
hdr.dime.bitpix		offset=72	value=8
hdr.hist.orient		offset=252	value=-1
dimensionality     4
dimensions       256       256       256         1
Reading: talsrcimg.img
Writing: talsrcimg.4dfp.img
Writing: talsrcimg.4dfp.ifh
ifh2hdr talsrcimg -r0to224
ori=2

---------------------------------------------------------------------
gauss_4dfp talsrcimg 1.1
---------------------------------------------------------------------

freesurfer gauss_4dfp.c
Reading: talsrcimg.4dfp.img
Writing: talsrcimg_g11.4dfp.img
image dimensions 256 256 256 padded to 288 288 288
processing volume 1freesurfer ifh2hdr.c
Thu Mar 12 05:14:20 2026
Writing: talsrcimg_g11.4dfp.hdr

Writing: talsrcimg_g11.4dfp.ifh
including: talsrcimg.4dfp.img.rec in talsrcimg_g11.4dfp.img.rec

---------------------------------------------------------------------
imgreg_4dfp /opt/freesurfer/average/711-2C_as_mni_average_305 none talsrcimg_g11 none talsrcimg_to_711-2C_as_mni_average_305_t4 4355
---------------------------------------------------------------------

freesurfer imgreg_4dfp.c
/opt/freesurfer/average/711-2C_as_mni_average_305.4dfp.img
       256       256       256         1
  1.000000  1.000000  1.000000
orientation T byte_order littleendian
Reading image: /opt/freesurfer/average/711-2C_as_mni_average_305.4dfp.img
dimensions:      256       256       256
mmppix:       1.0000   -1.0000   -1.0000
center:     128.0000 -129.0000 -129.0000
talsrcimg_g11.4dfp.img
       256       256       256         1
  1.000000  1.000000  1.000000
orientation T byte_order littleendian
Reading image: talsrcimg_g11.4dfp.img
dimensions:      256       256       256
mmppix:       1.0000   -1.0000   -1.0000
center:     128.0000 -129.0000 -129.0000
t4_read: open error in t4_sub.f l:  41 t4_file(1:l)talsrcimg_to_711-2C_as_mni_average_305_t4 
t4_read: transform initialized to I4
rotation matrix determinant  1.000000
image alignment mode   4355 decimal     1103 hex
   -7.5000  -45.0000  -45.0000 9157.8809   16.7044
    0.0000  -45.0000  -45.0000 9519.7051   16.7129
    7.5000  -45.0000  -45.0000 9008.9424   16.7291
   -7.5000  -37.5000  -45.0000 9625.5820   16.6689
    0.0000  -37.5000  -45.0000 9997.2422   16.6837
    7.5000  -37.5000  -45.0000 9469.7246   16.7030
   -7.5000  -30.0000  -45.000010379.6963   16.6675
    0.0000  -30.0000  -45.000010795.5303   16.6827
    7.5000  -30.0000  -45.000010221.2324   16.7016
   -7.5000  -22.5000  -45.000011067.7979   16.6956
    0.0000  -22.5000  -45.000011499.5166   16.7033
    7.5000  -22.5000  -45.000010888.2139   16.7152
   -7.5000  -15.0000  -45.000011706.0537   16.7122
    0.0000  -15.0000  -45.000012137.5361   16.7135
    7.5000  -15.0000  -45.000011480.2666   16.7223
   -7.5000   -7.5000  -45.000012243.1699   16.6899
    0.0000   -7.5000  -45.000012700.1182   16.6925
    7.5000   -7.5000  -45.000012009.7861   16.7050
   -7.5000    0.0000  -45.000012639.4355   16.6622
    0.0000    0.0000  -45.000013124.7559   16.6707
    7.5000    0.0000  -45.000012411.3623   16.6866
   -7.5000    7.5000  -45.000012081.1318   16.6527
    0.0000    7.5000  -45.000012561.6182   16.6675
    7.5000    7.5000  -45.000011878.5967   16.6865
   -7.5000   15.0000  -45.000011439.5762   16.6639
    0.0000   15.0000  -45.000011879.7793   16.6791
    7.5000   15.0000  -45.000011245.6455   16.6978
   -7.5000   22.5000  -45.000010718.6982   16.6933
    0.0000   22.5000  -45.000011095.5088   16.7009
    7.5000   22.5000  -45.000010494.5342   16.7128
   -7.5000   30.0000  -45.0000 9876.3291   16.4906
    0.0000   30.0000  -45.000010203.5732   16.4918
    7.5000   30.0000  -45.0000 9650.3359   16.5006
   -7.5000   37.5000  -45.0000 9357.8818   16.4770
    0.0000   37.5000  -45.0000 9673.2910   16.4795
    7.5000   37.5000  -45.0000 9127.7812   16.4921
   -7.5000   45.0000  -45.0000 8441.5654   16.0646
    0.0000   45.0000  -45.0000 8717.9854   16.0731
    7.5000   45.0000  -45.0000 8230.7471   16.0890
   -7.5000  -45.0000  -37.5000 9611.9473   16.7523
    0.0000  -45.0000  -37.5000 9978.9355   16.7576
    7.5000  -45.0000  -37.5000 9464.8359   16.7664
   -7.5000  -37.5000  -37.500010083.5049   16.7140
    0.0000  -37.5000  -37.500010475.8223   16.7260
    7.5000  -37.5000  -37.5000 9941.3965   16.7401
   -7.5000  -30.0000  -37.500010877.9072   16.7122
    0.0000  -30.0000  -37.500011285.7285   16.7264
    7.5000  -30.0000  -37.500010700.8086   16.7421
   -7.5000  -22.5000  -37.500011604.8047   16.7427
    0.0000  -22.5000  -37.500012033.8389   16.7505
    7.5000  -22.5000  -37.500011391.1621   16.7602
   -7.5000  -15.0000  -37.500012250.5518   16.7620
    0.0000  -15.0000  -37.500012686.4219   16.7632
    7.5000  -15.0000  -37.500011988.9492   16.7679
   -7.5000   -7.5000  -37.500012816.3271   16.7402
    0.0000   -7.5000  -37.500013278.4189   16.7410
    7.5000   -7.5000  -37.500012529.5342   16.7462
   -7.5000    0.0000  -37.500013202.6270   16.7100
    0.0000    0.0000  -37.500013697.7773   16.7152
    7.5000    0.0000  -37.500012929.9678   16.7236
   -7.5000    7.5000  -37.500012611.7705   16.6978
    0.0000    7.5000  -37.500013095.6055   16.7097
    7.5000    7.5000  -37.500012354.2686   16.7235
   -7.5000   15.0000  -37.500011927.2090   16.7086
    0.0000   15.0000  -37.500012382.3770   16.7227
    7.5000   15.0000  -37.500011685.5156   16.7383
   -7.5000   22.5000  -37.500011133.5459   16.7404
    0.0000   22.5000  -37.500011528.7031   16.7481
    7.5000   22.5000  -37.500010884.7979   16.7578
   -7.5000   30.0000  -37.500010223.8672   16.5396
    0.0000   30.0000  -37.500010541.1787   16.5407
    7.5000   30.0000  -37.5000 9970.6250   16.5455
   -7.5000   37.5000  -37.5000 9655.9082   16.5268
    0.0000   37.5000  -37.5000 9992.7891   16.5276
    7.5000   37.5000  -37.5000 9444.4277   16.5330
   -7.5000   45.0000  -37.5000 8716.6416   16.1113
    0.0000   45.0000  -37.5000 9027.8672   16.1166
    7.5000   45.0000  -37.5000 8524.9385   16.1253
   -7.5000  -45.0000  -30.000010263.1475   17.4774
    0.0000  -45.0000  -30.000010628.5430   17.4804
    7.5000  -45.0000  -30.000010043.6191   17.4782
   -7.5000  -37.5000  -30.000010770.3613   17.4338
    0.0000  -37.5000  -30.000011148.9043   17.4450
    7.5000  -37.5000  -30.000010527.5850   17.4522
   -7.5000  -30.0000  -30.000011588.2354   17.4266
    0.0000  -30.0000  -30.000012003.6943   17.4394
    7.5000  -30.0000  -30.000011345.2451   17.4508
   -7.5000  -22.5000  -30.000012338.4092   17.4538
    0.0000  -22.5000  -30.000012787.6982   17.4584
    7.5000  -22.5000  -30.000012077.4990   17.4634
   -7.5000  -15.0000  -30.000013007.2920   17.4754
    0.0000  -15.0000  -30.000013465.9316   17.4729
    7.5000  -15.0000  -30.000012702.2832   17.4692
   -7.5000   -7.5000  -30.000013596.3486   17.4607
    0.0000   -7.5000  -30.000014079.5303   17.4582
    7.5000   -7.5000  -30.000013254.6230   17.4514
   -7.5000    0.0000  -30.000014004.8623   17.4330
    0.0000    0.0000  -30.000014521.3799   17.4360
    7.5000    0.0000  -30.000013683.4170   17.4334
   -7.5000    7.5000  -30.000013373.5498   17.4168
    0.0000    7.5000  -30.000013858.4971   17.4279
    7.5000    7.5000  -30.000013049.9082   17.4347
   -7.5000   15.0000  -30.000012615.0127   17.4228
    0.0000   15.0000  -30.000013073.4805   17.4354
    7.5000   15.0000  -30.000012320.6670   17.4467
   -7.5000   22.5000  -30.000011758.8604   17.4495
    0.0000   22.5000  -30.000012170.2363   17.4541
    7.5000   22.5000  -30.000011469.0098   17.4591
   -7.5000   30.0000  -30.000010793.2666   17.2452
    0.0000   30.0000  -30.000011146.1123   17.2427
    7.5000   30.0000  -30.000010528.4639   17.2391
   -7.5000   37.5000  -30.000010189.8936   17.2399
    0.0000   37.5000  -30.000010519.1719   17.2374
    7.5000   37.5000  -30.0000 9941.2637   17.2311
   -7.5000   45.0000  -30.0000 9175.3818   16.8210
    0.0000   45.0000  -30.0000 9493.5146   16.8241
    7.5000   45.0000  -30.0000 8962.8555   16.8220
   -7.5000  -45.0000  -22.500010868.0576   18.0738
    0.0000  -45.0000  -22.500011246.2471   18.0780
    7.5000  -45.0000  -22.500010614.8535   18.0719
   -7.5000  -37.5000  -22.500011393.5508   18.0290
    0.0000  -37.5000  -22.500011802.6211   18.0422
    7.5000  -37.5000  -22.500011110.8643   18.0473
   -7.5000  -30.0000  -22.500012232.4766   18.0174
    0.0000  -30.0000  -22.500012680.6826   18.0296
    7.5000  -30.0000  -22.500011956.5684   18.0400
   -7.5000  -22.5000  -22.500013001.4014   18.0378
    0.0000  -22.5000  -22.500013461.9980   18.0390
    7.5000  -22.5000  -22.500012700.1416   18.0418
   -7.5000  -15.0000  -22.500013684.6035   18.0578
    0.0000  -15.0000  -22.500014155.1719   18.0517
    7.5000  -15.0000  -22.500013354.8867   18.0440
   -7.5000   -7.5000  -22.500014307.7500   18.0497
    0.0000   -7.5000  -22.500014803.3428   18.0457
    7.5000   -7.5000  -22.500013936.8516   18.0342
   -7.5000    0.0000  -22.500014760.5469   18.0277
    0.0000    0.0000  -22.500015278.5684   18.0319
    7.5000    0.0000  -22.500014378.6318   18.0253
   -7.5000    7.5000  -22.500014052.6621   18.0112
    0.0000    7.5000  -22.500014545.2803   18.0243
    7.5000    7.5000  -22.500013713.4062   18.0291
   -7.5000   15.0000  -22.500013240.4707   18.0132
    0.0000   15.0000  -22.500013714.6611   18.0254
    7.5000   15.0000  -22.500012942.6318   18.0356
   -7.5000   22.5000  -22.500012363.3799   18.0322
    0.0000   22.5000  -22.500012790.8545   18.0334
    7.5000   22.5000  -22.500012054.8193   18.0361
   -7.5000   30.0000  -22.500011369.5254   17.8228
    0.0000   30.0000  -22.500011751.0000   17.8168
    7.5000   30.0000  -22.500011064.4316   17.8093
   -7.5000   37.5000  -22.500010704.4092   17.8241
    0.0000   37.5000  -22.500011068.2539   17.8201
    7.5000   37.5000  -22.500010436.0244   17.8091
   -7.5000   45.0000  -22.5000 9619.5664   17.4072
    0.0000   45.0000  -22.5000 9958.0879   17.4116
    7.5000   45.0000  -22.5000 9381.8008   17.4055
   -7.5000  -45.0000  -15.000011470.4131   18.4759
    0.0000  -45.0000  -15.000011880.5078   18.4836
    7.5000  -45.0000  -15.000011198.7793   18.4840
   -7.5000  -37.5000  -15.000011994.2256   18.4319
    0.0000  -37.5000  -15.000012435.2920   18.4483
    7.5000  -37.5000  -15.000011713.8398   18.4578
   -7.5000  -30.0000  -15.000012876.2822   18.4201
    0.0000  -30.0000  -15.000013338.6475   18.4334
    7.5000  -30.0000  -15.000012599.8799   18.4466
   -7.5000  -22.5000  -15.000013626.3389   18.4391
    0.0000  -22.5000  -15.000014113.4727   18.4393
    7.5000  -22.5000  -15.000013370.2617   18.4441
   -7.5000  -15.0000  -15.000014290.4404   18.4572
    0.0000  -15.0000  -15.000014798.0156   18.4503
    7.5000  -15.0000  -15.000014016.8896   18.4467
   -7.5000   -7.5000  -15.000014946.9717   18.4490
    0.0000   -7.5000  -15.000015476.9678   18.4464
    7.5000   -7.5000  -15.000014642.7451   18.4418
   -7.5000    0.0000  -15.000015434.3037   18.4286
    0.0000    0.0000  -15.000016012.5273   18.4364
    7.5000    0.0000  -15.000015121.7461   18.4364
   -7.5000    7.5000  -15.000014705.5449   18.4138
    0.0000    7.5000  -15.000015232.4502   18.4300
    7.5000    7.5000  -15.000014387.7666   18.4391
   -7.5000   15.0000  -15.000013816.9082   18.4158
    0.0000   15.0000  -15.000014335.0205   18.4289
    7.5000   15.0000  -15.000013541.5508   18.4420
   -7.5000   22.5000  -15.000012905.4727   18.4325
    0.0000   22.5000  -15.000013369.3564   18.4327
    7.5000   22.5000  -15.000012622.8496   18.4375
   -7.5000   30.0000  -15.000011910.4834   18.2197
    0.0000   30.0000  -15.000012294.9160   18.2128
    7.5000   30.0000  -15.000011596.4658   18.2093
   -7.5000   37.5000  -15.000011251.8672   18.2207
    0.0000   37.5000  -15.000011595.7559   18.2182
    7.5000   37.5000  -15.000010924.2158   18.2139
   -7.5000   45.0000  -15.000010088.8340   17.8044
    0.0000   45.0000  -15.000010391.4346   17.8123
    7.5000   45.0000  -15.0000 9769.2461   17.8126
   -7.5000  -45.0000   -7.500012050.4941   18.6568
    0.0000  -45.0000   -7.500012475.6211   18.6671
    7.5000  -45.0000   -7.500011749.5439   18.6801
   -7.5000  -37.5000   -7.500012572.5400   18.6153
    0.0000  -37.5000   -7.500013034.6816   18.6331
    7.5000  -37.5000   -7.500012288.0479   18.6513
   -7.5000  -30.0000   -7.500013500.2520   18.6084
    0.0000  -30.0000   -7.500013988.3945   18.6236
    7.5000  -30.0000   -7.500013213.7725   18.6423
   -7.5000  -22.5000   -7.500014288.2471   18.6330
    0.0000  -22.5000   -7.500014847.9453   18.6367
    7.5000  -22.5000   -7.500014072.6973   18.6466
   -7.5000  -15.0000   -7.500014936.8760   18.6507
    0.0000  -15.0000   -7.500015515.1904   18.6475
    7.5000  -15.0000   -7.500014779.2969   18.6526
   -7.5000   -7.5000   -7.500015576.7646   18.6342
    0.0000   -7.5000   -7.500016211.2920   18.6350
    7.5000   -7.5000   -7.500015457.0410   18.6434
   -7.5000    0.0000   -7.500016108.4619   18.6094
    0.0000    0.0000   -7.500016785.9746   18.6197
    7.5000    0.0000   -7.500015967.4229   18.6323
   -7.5000    7.5000   -7.500015365.5635   18.5971
    0.0000    7.5000   -7.500016009.9531   18.6147
    7.5000    7.5000   -7.500015157.8760   18.6327
   -7.5000   15.0000   -7.500014505.2080   18.6042
    0.0000   15.0000   -7.500015090.6348   18.6193
    7.5000   15.0000   -7.500014226.3330   18.6379
   -7.5000   22.5000   -7.500013574.8545   18.6244
    0.0000   22.5000   -7.500014036.8887   18.6280
    7.5000   22.5000   -7.500013220.1523   18.6379
   -7.5000   30.0000   -7.500012539.3887   18.4102
    0.0000   30.0000   -7.500012923.7461   18.4070
    7.5000   30.0000   -7.500012155.9199   18.4121
   -7.5000   37.5000   -7.500011818.4092   18.4030
    0.0000   37.5000   -7.500012161.5371   18.4038
    7.5000   37.5000   -7.500011435.6201   18.4124
   -7.5000   45.0000   -7.500010571.5029   17.9823
    0.0000   45.0000   -7.500010870.1934   17.9926
    7.5000   45.0000   -7.500010199.6074   18.0054
   -7.5000  -45.0000    0.000012453.3799   18.6823
    0.0000  -45.0000    0.000012913.8115   18.6916
    7.5000  -45.0000    0.000012211.3066   18.7099
   -7.5000  -37.5000    0.000012961.0371   18.6427
    0.0000  -37.5000    0.000013493.8174   18.6589
    7.5000  -37.5000    0.000012784.7168   18.6807
   -7.5000  -30.0000    0.000013931.8906   18.6413
    0.0000  -30.0000    0.000014527.7324   18.6580
    7.5000  -30.0000    0.000013749.5801   18.6793
   -7.5000  -22.5000    0.000014859.4424   18.6728
    0.0000  -22.5000    0.000015517.4346   18.6811
    7.5000  -22.5000    0.000014677.3145   18.6946
   -7.5000  -15.0000    0.000015539.9814   18.6914
    0.0000  -15.0000    0.000016237.1084   18.6925
    7.5000  -15.0000    0.000015450.8145   18.7026
   -7.5000   -7.5000    0.000016134.3701   18.6663
    0.0000   -7.5000    0.000016861.2441   18.6689
    7.5000   -7.5000    0.000016102.2881   18.6831
   -7.5000    0.0000    0.000016664.2168   18.6352
    0.0000    0.0000    0.000017368.9902   18.6444
    7.5000    0.0000    0.000016568.4277   18.6623
   -7.5000    7.5000    0.000015957.7070   18.6247
    0.0000    7.5000    0.000016589.2969   18.6408
    7.5000    7.5000    0.000015742.1211   18.6623
   -7.5000   15.0000    0.000015092.6348   18.6373
    0.0000   15.0000    0.000015634.6338   18.6539
    7.5000   15.0000    0.000014783.9551   18.6750
   -7.5000   22.5000    0.000014063.1592   18.6642
    0.0000   22.5000    0.000014516.1553   18.6724
    7.5000   22.5000    0.000013716.1543   18.6859
   -7.5000   30.0000    0.000012972.2842   18.4507
    0.0000   30.0000    0.000013369.1836   18.4518
    7.5000   30.0000    0.000012610.4307   18.4618
   -7.5000   37.5000    0.000012204.9141   18.4353
    0.0000   37.5000    0.000012571.3223   18.4379
    7.5000   37.5000    0.000011861.3643   18.4521
   -7.5000   45.0000    0.000010887.1182   18.0091
    0.0000   45.0000    0.000011214.4932   18.0184
    7.5000   45.0000    0.000010562.9648   18.0364
   -7.5000  -45.0000    7.500011864.1172   18.7460
    0.0000  -45.0000    7.500012341.7227   18.7519
    7.5000  -45.0000    7.500011697.6133   18.7617
   -7.5000  -37.5000    7.500012370.8857   18.7031
    0.0000  -37.5000    7.500012895.2529   18.7165
    7.5000  -37.5000    7.500012263.3428   18.7323
   -7.5000  -30.0000    7.500013309.9902   18.7011
    0.0000  -30.0000    7.500013886.6133   18.7170
    7.5000  -30.0000    7.500013211.9971   18.7346
   -7.5000  -22.5000    7.500014183.3057   18.7353
    0.0000  -22.5000    7.500014768.5469   18.7440
    7.5000  -22.5000    7.500014087.1113   18.7549
   -7.5000  -15.0000    7.500014911.8896   18.7569
    0.0000  -15.0000    7.500015531.7070   18.7582
    7.5000  -15.0000    7.500014799.5547   18.7635
   -7.5000   -7.5000    7.500015642.6094   18.7324
    0.0000   -7.5000    7.500016264.4492   18.7333
    7.5000   -7.5000    7.500015445.9531   18.7391
   -7.5000    0.0000    7.500016171.8750   18.6986
    0.0000    0.0000    7.500016756.6113   18.7044
    7.5000    0.0000    7.500015922.7412   18.7138
   -7.5000    7.5000    7.500015421.0889   18.6850
    0.0000    7.5000    7.500015957.6221   18.6983
    7.5000    7.5000    7.500015146.3457   18.7138
   -7.5000   15.0000    7.500014493.6553   18.6971
    0.0000   15.0000    7.500015005.6738   18.7129
    7.5000   15.0000    7.500014202.7334   18.7303
   -7.5000   22.5000    7.500013429.5928   18.7266
    0.0000   22.5000    7.500013885.1699   18.7353
    7.5000   22.5000    7.500013158.6963   18.7461
   -7.5000   30.0000    7.500012334.1826   18.5152
    0.0000   30.0000    7.500012729.1562   18.5165
    7.5000   30.0000    7.500012069.9727   18.5218
   -7.5000   37.5000    7.500011600.0127   18.5008
    0.0000   37.5000    7.500011978.7939   18.5017
    7.5000   37.5000    7.500011364.2266   18.5078
   -7.5000   45.0000    7.500010369.0547   18.0712
    0.0000   45.0000    7.500010700.3457   18.0771
    7.5000   45.0000    7.500010130.9180   18.0869
   -7.5000  -45.0000   15.000011172.1914   18.8301
    0.0000  -45.0000   15.000011600.4375   18.8338
    7.5000  -45.0000   15.000011022.9561   18.8317
   -7.5000  -37.5000   15.000011682.4248   18.7831
    0.0000  -37.5000   15.000012142.1475   18.7954
    7.5000  -37.5000   15.000011557.0273   18.8034
   -7.5000  -30.0000   15.000012577.8604   18.7752
    0.0000  -30.0000   15.000013096.9365   18.7891
    7.5000  -30.0000   15.000012461.8252   18.8017
   -7.5000  -22.5000   15.000013375.0898   18.8043
    0.0000  -22.5000   15.000013910.4033   18.8095
    7.5000  -22.5000   15.000013275.6670   18.8151
   -7.5000  -15.0000   15.000014109.9971   18.8275
    0.0000  -15.0000   15.000014664.1768   18.8252
    7.5000  -15.0000   15.000013979.8584   18.8214
   -7.5000   -7.5000   15.000014833.5059   18.8117
    0.0000   -7.5000   15.000015410.2891   18.8095
    7.5000   -7.5000   15.000014645.7383   18.8025
   -7.5000    0.0000   15.000015359.8926   18.7822
    0.0000    0.0000   15.000015915.1230   18.7858
    7.5000    0.0000   15.000015121.8340   18.7832
   -7.5000    7.5000   15.000014635.8340   18.7647
    0.0000    7.5000   15.000015155.9648   18.7769
    7.5000    7.5000   15.000014396.2197   18.7846
   -7.5000   15.0000   15.000013730.3682   18.7710
    0.0000   15.0000   15.000014229.6904   18.7849
    7.5000   15.0000   15.000013471.6191   18.7973
   -7.5000   22.5000   15.000012710.9053   18.7955
    0.0000   22.5000   15.000013152.5830   18.8008
    7.5000   22.5000   15.000012461.4941   18.8063
   -7.5000   30.0000   15.000011643.1641   18.5849
    0.0000   30.0000   15.000012017.5391   18.5827
    7.5000   30.0000   15.000011403.6230   18.5790
   -7.5000   37.5000   15.000010925.0898   18.5793
    0.0000   37.5000   15.000011285.3809   18.5772
    7.5000   37.5000   15.000010722.7998   18.5706
   -7.5000   45.0000   15.0000 9699.1064   18.1523
    0.0000   45.0000   15.000010021.5400   18.1560
    7.5000   45.0000   15.0000 9530.1270   18.1540
   -7.5000  -45.0000   22.500010349.4062   18.9167
    0.0000  -45.0000   22.500010736.1924   18.9219
    7.5000  -45.0000   22.500010193.8994   18.9158
   -7.5000  -37.5000   22.500010834.0244   18.8691
    0.0000  -37.5000   22.500011276.7666   18.8836
    7.5000  -37.5000   22.500010714.3545   18.8892
   -7.5000  -30.0000   22.500011684.8682   18.8569
    0.0000  -30.0000   22.500012158.0537   18.8701
    7.5000  -30.0000   22.500011572.8135   18.8811
   -7.5000  -22.5000   22.500012474.9414   18.8787
    0.0000  -22.5000   22.500012947.8350   18.8802
    7.5000  -22.5000   22.500012352.8838   18.8833
   -7.5000  -15.0000   22.500013198.5527   18.9000
    0.0000  -15.0000   22.500013688.5879   18.8940
    7.5000  -15.0000   22.500013038.1230   18.8862
   -7.5000   -7.5000   22.500013842.7080   18.8914
    0.0000   -7.5000   22.500014376.1963   18.8879
    7.5000   -7.5000   22.500013686.2891   18.8763
   -7.5000    0.0000   22.500014330.6299   18.8680
    0.0000    0.0000   22.500014865.1973   18.8732
    7.5000    0.0000   22.500014165.6924   18.8667
   -7.5000    7.5000   22.500013678.0010   18.8504
    0.0000    7.5000   22.500014188.0732   18.8647
    7.5000    7.5000   22.500013493.7061   18.8700
   -7.5000   15.0000   22.500012825.6621   18.8525
    0.0000   15.0000   22.500013294.9766   18.8655
    7.5000   15.0000   22.500012624.3223   18.8765
   -7.5000   22.5000   22.500011891.1855   18.8699
    0.0000   22.5000   22.500012310.5752   18.8715
    7.5000   22.5000   22.500011679.1191   18.8745
   -7.5000   30.0000   22.500010881.4424   18.6567
    0.0000   30.0000   22.500011246.6260   18.6508
    7.5000   30.0000   22.500010674.4043   18.6431
   -7.5000   37.5000   22.500010187.1357   18.6580
    0.0000   37.5000   22.500010527.1104   18.6546
    7.5000   37.5000   22.5000 9991.8047   18.6434
   -7.5000   45.0000   22.5000 9020.6670   18.2348
    0.0000   45.0000   22.5000 9345.0430   18.2402
    7.5000   45.0000   22.5000 8868.4873   18.2342
   -7.5000  -45.0000   30.0000 9505.3311   19.1507
    0.0000  -45.0000   30.0000 9868.7559   19.1608
    7.5000  -45.0000   30.0000 9350.2695   19.1624
   -7.5000  -37.5000   30.0000 9973.3311   19.1037
    0.0000  -37.5000   30.000010368.7178   19.1227
    7.5000  -37.5000   30.0000 9842.2998   19.1336
   -7.5000  -30.0000   30.000010748.7598   19.0906
    0.0000  -30.0000   30.000011183.7803   19.1059
    7.5000  -30.0000   30.000010639.0039   19.1206
   -7.5000  -22.5000   30.000011493.0117   19.1105
    0.0000  -22.5000   30.000011935.6494   19.1119
    7.5000  -22.5000   30.000011351.1182   19.1178
   -7.5000  -15.0000   30.000012154.1924   19.1300
    0.0000  -15.0000   30.000012614.3330   19.1242
    7.5000  -15.0000   30.000012001.2158   19.1212
   -7.5000   -7.5000   30.000012728.5264   19.1219
    0.0000   -7.5000   30.000013219.7471   19.1210
    7.5000   -7.5000   30.000012595.3477   19.1173
   -7.5000    0.0000   30.000013171.5117   19.1007
    0.0000    0.0000   30.000013694.7822   19.1108
    7.5000    0.0000   30.000013066.0127   19.1119
   -7.5000    7.5000   30.000012600.0264   19.0845
    0.0000    7.5000   30.000013101.5020   19.1032
    7.5000    7.5000   30.000012464.9492   19.1139
   -7.5000   15.0000   30.000011820.3936   19.0860
    0.0000   15.0000   30.000012275.0059   19.1012
    7.5000   15.0000   30.000011679.1641   19.1158
   -7.5000   22.5000   30.000010962.0986   19.1016
    0.0000   22.5000   30.000011371.0010   19.1031
    7.5000   22.5000   30.000010804.7881   19.1089
   -7.5000   30.0000   30.000010034.6064   18.8839
    0.0000   30.0000   30.000010374.3242   18.8781
    7.5000   30.0000   30.0000 9881.7217   18.8753
   -7.5000   37.5000   30.0000 9395.6514   18.8855
    0.0000   37.5000   30.0000 9709.5674   18.8847
    7.5000   37.5000   30.0000 9229.9980   18.8813
   -7.5000   45.0000   30.0000 8341.9639   18.4595
    0.0000   45.0000   30.0000 8630.8193   18.4698
    7.5000   45.0000   30.0000 8205.1709   18.4713
   -7.5000  -45.0000   37.5000 9057.1201   19.5904
    0.0000  -45.0000   37.5000 9409.4316   19.6030
    7.5000  -45.0000   37.5000 8898.1660   19.6181
   -7.5000  -37.5000   37.5000 9505.5332   19.5453
    0.0000  -37.5000   37.5000 9879.4062   19.5656
    7.5000  -37.5000   37.5000 9361.9375   19.5856
   -7.5000  -30.0000   37.500010251.5049   19.5391
    0.0000  -30.0000   37.500010658.1211   19.5568
    7.5000  -30.0000   37.500010113.2988   19.5769
   -7.5000  -22.5000   37.500010970.3838   19.5675
    0.0000  -22.5000   37.500011399.8408   19.5732
    7.5000  -22.5000   37.500010830.6465   19.5839
   -7.5000  -15.0000   37.500011599.5381   19.5867
    0.0000  -15.0000   37.500012034.2637   19.5854
    7.5000  -15.0000   37.500011448.6943   19.5914
   -7.5000   -7.5000   37.500012133.7568   19.5667
    0.0000   -7.5000   37.500012588.4180   19.5698
    7.5000   -7.5000   37.500011990.0059   19.5798
   -7.5000    0.0000   37.500012548.0762   19.5383
    0.0000    0.0000   37.500013044.0264   19.5509
    7.5000    0.0000   37.500012454.4902   19.5655
   -7.5000    7.5000   37.500012028.0215   19.5253
    0.0000    7.5000   37.500012499.6221   19.5454
    7.5000    7.5000   37.500011916.8701   19.5651
   -7.5000   15.0000   37.500011316.3818   19.5345
    0.0000   15.0000   37.500011753.8408   19.5520
    7.5000   15.0000   37.500011191.3096   19.5719
   -7.5000   22.5000   37.500010478.5850   19.5584
    0.0000   22.5000   37.500010876.5850   19.5641
    7.5000   22.5000   37.500010347.1230   19.5748
   -7.5000   30.0000   37.5000 9588.7705   19.3346
    0.0000   30.0000   37.5000 9932.0752   19.3334
    7.5000   30.0000   37.5000 9465.3965   19.3394
   -7.5000   37.5000   37.5000 9003.7900   19.3250
    0.0000   37.5000   37.5000 9329.4121   19.3280
    7.5000   37.5000   37.5000 8862.6777   19.3382
   -7.5000   45.0000   37.5000 8007.6772   18.8828
    0.0000   45.0000   37.5000 8305.9336   18.8954
    7.5000   45.0000   37.5000 7893.3257   18.9102
   -7.5000  -45.0000   45.0000 8259.5977   20.1596
    0.0000  -45.0000   45.0000 8580.2246   20.1686
    7.5000  -45.0000   45.0000 8115.9683   20.1797
   -7.5000  -37.5000   45.0000 8686.5576   20.1163
    0.0000  -37.5000   45.0000 9027.1143   20.1327
    7.5000  -37.5000   45.0000 8532.6758   20.1470
   -7.5000  -30.0000   45.0000 9388.4609   20.1159
    0.0000  -30.0000   45.0000 9754.8740   20.1331
    7.5000  -30.0000   45.0000 9230.4150   20.1470
   -7.5000  -22.5000   45.000010038.8311   20.1512
    0.0000  -22.5000   45.000010434.3281   20.1593
    7.5000  -22.5000   45.0000 9879.5889   20.1653
   -7.5000  -15.0000   45.000010627.0322   20.1697
    0.0000  -15.0000   45.000011013.8945   20.1702
    7.5000  -15.0000   45.000010454.4619   20.1730
   -7.5000   -7.5000   45.000011106.2979   20.1390
    0.0000   -7.5000   45.000011523.9639   20.1410
    7.5000   -7.5000   45.000010967.1348   20.1483
   -7.5000    0.0000   45.000011500.6182   20.1043
    0.0000    0.0000   45.000011953.0381   20.1133
    7.5000    0.0000   45.000011393.3926   20.1239
   -7.5000    7.5000   45.000011037.1270   20.0951
    0.0000    7.5000   45.000011480.6455   20.1115
    7.5000    7.5000   45.000010928.1201   20.1254
   -7.5000   15.0000   45.000010421.7920   20.1112
    0.0000   15.0000   45.000010825.2354   20.1282
    7.5000   15.0000   45.000010287.9229   20.1420
   -7.5000   22.5000   45.0000 9650.2549   20.1418
    0.0000   22.5000   45.000010025.2607   20.1499
    7.5000   22.5000   45.0000 9505.2285   20.1559
   -7.5000   30.0000   45.0000 8817.0010   19.9076
    0.0000   30.0000   45.0000 9148.9258   19.9081
    7.5000   30.0000   45.0000 8682.7578   19.9109
   -7.5000   37.5000   45.0000 8294.6064   19.8859
    0.0000   37.5000   45.0000 8588.0547   19.8879
    7.5000   37.5000   45.0000 8137.7959   19.8954
   -7.5000   45.0000   45.0000 7397.2173   19.4349
    0.0000   45.0000   45.0000 7672.9907   19.4440
    7.5000   45.0000   45.0000 7272.1694   19.4549

---------------------------------------------------------------------
imgreg_4dfp /opt/freesurfer/average/711-2C_as_mni_average_305 /opt/freesurfer/average/711-2B_as_mni_average_305_mask talsrcimg_g11 none talsrcimg_to_711-2C_as_mni_average_305_t4 4355
---------------------------------------------------------------------

freesurfer imgreg_4dfp.c
/opt/freesurfer/average/711-2C_as_mni_average_305.4dfp.img
       256       256       256         1
  1.000000  1.000000  1.000000
orientation T byte_order littleendian
Reading image: /opt/freesurfer/average/711-2C_as_mni_average_305.4dfp.img
dimensions:      256       256       256
mmppix:       1.0000   -1.0000   -1.0000
center:     128.0000 -129.0000 -129.0000
/opt/freesurfer/average/711-2B_as_mni_average_305_mask.4dfp.img
       256       256       256         1
  1.000000  1.000000  1.000000
orientation T byte_order littleendian
Reading mask: /opt/freesurfer/average/711-2B_as_mni_average_305_mask.4dfp.img (2306576 pixels)
talsrcimg_g11.4dfp.img
       256       256       256         1
  1.000000  1.000000  1.000000
orientation T byte_order littleendian
Reading image: talsrcimg_g11.4dfp.img
dimensions:      256       256       256
mmppix:       1.0000   -1.0000   -1.0000
center:     128.0000 -129.0000 -129.0000
rotation matrix determinant  1.000000
image alignment mode   4355 decimal     1103 hex
   -7.5000  -45.0000  -45.0000 2250.7644   15.2100
    0.0000  -45.0000  -45.0000 2253.2405   15.2279
    7.5000  -45.0000  -45.0000 2226.2078   15.5010
   -7.5000  -37.5000  -45.0000 2332.5676   14.0697
    0.0000  -37.5000  -45.0000 2333.0068   14.1115
    7.5000  -37.5000  -45.0000 2303.5234   14.3984
   -7.5000  -30.0000  -45.0000 2388.5344   13.3529
    0.0000  -30.0000  -45.0000 2392.4270   13.3914
    7.5000  -30.0000  -45.0000 2357.8149   13.6610
   -7.5000  -22.5000  -45.0000 2426.9556   12.9183
    0.0000  -22.5000  -45.0000 2426.6650   12.9584
    7.5000  -22.5000  -45.0000 2392.5942   13.2347
   -7.5000  -15.0000  -45.0000 2446.2263   12.7547
    0.0000  -15.0000  -45.0000 2444.8682   12.7590
    7.5000  -15.0000  -45.0000 2400.7290   13.0451
   -7.5000   -7.5000  -45.0000 2436.5081   12.7939
    0.0000   -7.5000  -45.0000 2438.7517   12.8094
    7.5000   -7.5000  -45.0000 2391.5286   13.0988
   -7.5000    0.0000  -45.0000 2393.5120   13.1078
    0.0000    0.0000  -45.0000 2396.1218   13.1182
    7.5000    0.0000  -45.0000 2348.9631   13.4514
   -7.5000    7.5000  -45.0000 2319.2668   13.6918
    0.0000    7.5000  -45.0000 2326.5823   13.7062
    7.5000    7.5000  -45.0000 2280.4011   14.0367
   -7.5000   15.0000  -45.0000 2225.1506   14.5790
    0.0000   15.0000  -45.0000 2230.8398   14.6051
    7.5000   15.0000  -45.0000 2191.9414   14.9564
   -7.5000   22.5000  -45.0000 2120.5100   15.8410
    0.0000   22.5000  -45.0000 2126.0547   15.8881
    7.5000   22.5000  -45.0000 2094.9578   16.2746
   -7.5000   30.0000  -45.0000 2001.0657   17.6799
    0.0000   30.0000  -45.0000 2005.4972   17.6847
    7.5000   30.0000  -45.0000 1978.3162   18.1133
   -7.5000   37.5000  -45.0000 1886.7465   20.2016
    0.0000   37.5000  -45.0000 1894.5685   20.2586
    7.5000   37.5000  -45.0000 1855.6425   20.6505
   -7.5000   45.0000  -45.0000 1744.1483   23.4897
    0.0000   45.0000  -45.0000 1749.5461   23.6276
    7.5000   45.0000  -45.0000 1721.2886   24.0345
   -7.5000  -45.0000  -37.5000 2317.8691   14.3469
    0.0000  -45.0000  -37.5000 2318.4272   14.3541
    7.5000  -45.0000  -37.5000 2288.9131   14.6243
   -7.5000  -37.5000  -37.5000 2406.6533   13.2571
    0.0000  -37.5000  -37.5000 2408.7737   13.2787
    7.5000  -37.5000  -37.5000 2375.4468   13.5516
   -7.5000  -30.0000  -37.5000 2469.9995   12.5609
    0.0000  -30.0000  -37.5000 2473.2617   12.5810
    7.5000  -30.0000  -37.5000 2436.1030   12.8425
   -7.5000  -22.5000  -37.5000 2514.6489   12.1755
    0.0000  -22.5000  -37.5000 2515.0415   12.1924
    7.5000  -22.5000  -37.5000 2475.0100   12.4237
   -7.5000  -15.0000  -37.5000 2530.1182   12.0356
    0.0000  -15.0000  -37.5000 2532.6770   12.0413
    7.5000  -15.0000  -37.5000 2488.9089   12.2926
   -7.5000   -7.5000  -37.5000 2526.2180   12.0648
    0.0000   -7.5000  -37.5000 2526.7583   12.0768
    7.5000   -7.5000  -37.5000 2480.0620   12.3318
   -7.5000    0.0000  -37.5000 2478.6838   12.3324
    0.0000    0.0000  -37.5000 2482.1025   12.3493
    7.5000    0.0000  -37.5000 2439.0391   12.6256
   -7.5000    7.5000  -37.5000 2409.3750   12.8335
    0.0000    7.5000  -37.5000 2417.5974   12.8569
    7.5000    7.5000  -37.5000 2373.4619   13.1501
   -7.5000   15.0000  -37.5000 2309.0325   13.6421
    0.0000   15.0000  -37.5000 2320.7212   13.6661
    7.5000   15.0000  -37.5000 2279.9543   13.9709
   -7.5000   22.5000  -37.5000 2195.8125   14.8187
    0.0000   22.5000  -37.5000 2203.4165   14.8686
    7.5000   22.5000  -37.5000 2167.4646   15.2031
   -7.5000   30.0000  -37.5000 2065.2771   16.4747
    0.0000   30.0000  -37.5000 2068.9285   16.4949
    7.5000   30.0000  -37.5000 2038.8823   16.9058
   -7.5000   37.5000  -37.5000 1941.5597   18.7431
    0.0000   37.5000  -37.5000 1948.3633   18.7731
    7.5000   37.5000  -37.5000 1916.4681   19.2173
   -7.5000   45.0000  -37.5000 1805.3234   21.8025
    0.0000   45.0000  -37.5000 1809.0951   21.8615
    7.5000   45.0000  -37.5000 1782.9949   22.3088
   -7.5000  -45.0000  -30.0000 2423.0776   14.0523
    0.0000  -45.0000  -30.0000 2421.1223   14.0475
    7.5000  -45.0000  -30.0000 2383.0125   14.3104
   -7.5000  -37.5000  -30.0000 2526.7219   12.9553
    0.0000  -37.5000  -30.0000 2524.1223   12.9670
    7.5000  -37.5000  -30.0000 2482.9583   13.2097
   -7.5000  -30.0000  -30.0000 2600.9036   12.2481
    0.0000  -30.0000  -30.0000 2602.5034   12.2410
    7.5000  -30.0000  -30.0000 2558.7803   12.5024
   -7.5000  -22.5000  -30.0000 2652.2417   11.8484
    0.0000  -22.5000  -30.0000 2657.4695   11.8481
    7.5000  -22.5000  -30.0000 2609.4463   12.0889
   -7.5000  -15.0000  -30.0000 2667.8860   11.7404
    0.0000  -15.0000  -30.0000 2674.5591   11.7267
    7.5000  -15.0000  -30.0000 2625.6089   11.9507
   -7.5000   -7.5000  -30.0000 2662.3315   11.7991
    0.0000   -7.5000  -30.0000 2668.6895   11.8033
    7.5000   -7.5000  -30.0000 2616.8184   12.0188
   -7.5000    0.0000  -30.0000 2617.9614   12.0512
    0.0000    0.0000  -30.0000 2625.2612   12.0757
    7.5000    0.0000  -30.0000 2578.5713   12.3039
   -7.5000    7.5000  -30.0000 2546.7361   12.5313
    0.0000    7.5000  -30.0000 2554.2466   12.5363
    7.5000    7.5000  -30.0000 2508.8533   12.8031
   -7.5000   15.0000  -30.0000 2443.0061   13.2451
    0.0000   15.0000  -30.0000 2452.6790   13.2712
    7.5000   15.0000  -30.0000 2407.8865   13.5677
   -7.5000   22.5000  -30.0000 2318.8386   14.3764
    0.0000   22.5000  -30.0000 2326.5923   14.4211
    7.5000   22.5000  -30.0000 2283.8538   14.7677
   -7.5000   30.0000  -30.0000 2182.8423   15.9817
    0.0000   30.0000  -30.0000 2184.3303   16.0054
    7.5000   30.0000  -30.0000 2150.9722   16.3867
   -7.5000   37.5000  -30.0000 2044.6754   18.1467
    0.0000   37.5000  -30.0000 2045.9478   18.1501
    7.5000   37.5000  -30.0000 2014.3619   18.5944
   -7.5000   45.0000  -30.0000 1895.1566   21.0131
    0.0000   45.0000  -30.0000 1897.9449   20.9936
    7.5000   45.0000  -30.0000 1867.0692   21.5210
   -7.5000  -45.0000  -22.5000 2488.7654   13.6631
    0.0000  -45.0000  -22.5000 2487.5356   13.6622
    7.5000  -45.0000  -22.5000 2452.0696   13.9326
   -7.5000  -37.5000  -22.5000 2605.5049   12.5477
    0.0000  -37.5000  -22.5000 2606.3633   12.5617
    7.5000  -37.5000  -22.5000 2564.5107   12.8259
   -7.5000  -30.0000  -22.5000 2695.0999   11.8167
    0.0000  -30.0000  -22.5000 2701.3015   11.8151
    7.5000  -30.0000  -22.5000 2650.1707   12.1024
   -7.5000  -22.5000  -22.5000 2759.8408   11.4039
    0.0000  -22.5000  -22.5000 2763.7041   11.4073
    7.5000  -22.5000  -22.5000 2709.8242   11.6654
   -7.5000  -15.0000  -22.5000 2784.2871   11.3026
    0.0000  -15.0000  -22.5000 2785.8809   11.2882
    7.5000  -15.0000  -22.5000 2732.3376   11.5006
   -7.5000   -7.5000  -22.5000 2778.1624   11.3987
    0.0000   -7.5000  -22.5000 2783.8408   11.3998
    7.5000   -7.5000  -22.5000 2725.7603   11.5963
   -7.5000    0.0000  -22.5000 2732.3069   11.6764
    0.0000    0.0000  -22.5000 2741.7771   11.6794
    7.5000    0.0000  -22.5000 2683.5540   11.9020
   -7.5000    7.5000  -22.5000 2649.5583   12.1281
    0.0000    7.5000  -22.5000 2660.8564   12.1421
    7.5000    7.5000  -22.5000 2610.0198   12.4054
   -7.5000   15.0000  -22.5000 2542.4963   12.8216
    0.0000   15.0000  -22.5000 2551.3206   12.8391
    7.5000   15.0000  -22.5000 2504.2793   13.1406
   -7.5000   22.5000  -22.5000 2415.9458   13.8935
    0.0000   22.5000  -22.5000 2424.7107   13.9074
    7.5000   22.5000  -22.5000 2376.1492   14.2592
   -7.5000   30.0000  -22.5000 2271.0684   15.4591
    0.0000   30.0000  -22.5000 2275.4365   15.4612
    7.5000   30.0000  -22.5000 2233.1309   15.7912
   -7.5000   37.5000  -22.5000 2117.7656   17.4799
    0.0000   37.5000  -22.5000 2119.2861   17.5061
    7.5000   37.5000  -22.5000 2085.8628   17.8675
   -7.5000   45.0000  -22.5000 1959.7291   20.2021
    0.0000   45.0000  -22.5000 1965.4583   20.1863
    7.5000   45.0000  -22.5000 1932.3170   20.6678
   -7.5000  -45.0000  -15.0000 2525.6084   13.2914
    0.0000  -45.0000  -15.0000 2523.8428   13.3034
    7.5000  -45.0000  -15.0000 2485.6201   13.6386
   -7.5000  -37.5000  -15.0000 2649.2964   12.1701
    0.0000  -37.5000  -15.0000 2654.1213   12.1920
    7.5000  -37.5000  -15.0000 2607.4175   12.5213
   -7.5000  -30.0000  -15.0000 2750.8384   11.4093
    0.0000  -30.0000  -15.0000 2757.9639   11.4285
    7.5000  -30.0000  -15.0000 2704.3992   11.7853
   -7.5000  -22.5000  -15.0000 2829.3213   10.9912
    0.0000  -22.5000  -15.0000 2834.3560   11.0030
    7.5000  -22.5000  -15.0000 2772.5864   11.3261
   -7.5000  -15.0000  -15.0000 2863.0835   10.8562
    0.0000  -15.0000  -15.0000 2866.3748   10.8531
    7.5000  -15.0000  -15.0000 2801.3301   11.1533
   -7.5000   -7.5000  -15.0000 2859.1594   10.9795
    0.0000   -7.5000  -15.0000 2867.1345   10.9711
    7.5000   -7.5000  -15.0000 2800.6265   11.2464
   -7.5000    0.0000  -15.0000 2809.0867   11.2860
    0.0000    0.0000  -15.0000 2820.7346   11.2866
    7.5000    0.0000  -15.0000 2752.9209   11.5583
   -7.5000    7.5000  -15.0000 2722.1177   11.7541
    0.0000    7.5000  -15.0000 2732.5813   11.7853
    7.5000    7.5000  -15.0000 2669.2690   12.0740
   -7.5000   15.0000  -15.0000 2603.6875   12.4311
    0.0000   15.0000  -15.0000 2616.5144   12.4510
    7.5000   15.0000  -15.0000 2561.1772   12.7948
   -7.5000   22.5000  -15.0000 2470.6404   13.4428
    0.0000   22.5000  -15.0000 2479.4790   13.4848
    7.5000   22.5000  -15.0000 2432.4373   13.8427
   -7.5000   30.0000  -15.0000 2318.6016   14.9127
    0.0000   30.0000  -15.0000 2324.6416   14.9694
    7.5000   30.0000  -15.0000 2284.2600   15.3140
   -7.5000   37.5000  -15.0000 2170.0447   16.8933
    0.0000   37.5000  -15.0000 2172.0393   16.9524
    7.5000   37.5000  -15.0000 2133.6675   17.3408
   -7.5000   45.0000  -15.0000 2001.4261   19.4896
    0.0000   45.0000  -15.0000 2004.3160   19.5348
    7.5000   45.0000  -15.0000 1970.3135   19.9568
   -7.5000  -45.0000   -7.5000 2533.3372   13.0120
    0.0000  -45.0000   -7.5000 2534.4749   13.0437
    7.5000  -45.0000   -7.5000 2493.5168   13.4465
   -7.5000  -37.5000   -7.5000 2662.8682   11.8880
    0.0000  -37.5000   -7.5000 2668.3601   11.9272
    7.5000  -37.5000   -7.5000 2621.5210   12.3150
   -7.5000  -30.0000   -7.5000 2779.4885   11.1370
    0.0000  -30.0000   -7.5000 2782.5374   11.1512
    7.5000  -30.0000   -7.5000 2726.6458   11.5355
   -7.5000  -22.5000   -7.5000 2870.4202   10.7053
    0.0000  -22.5000   -7.5000 2876.9619   10.7332
    7.5000  -22.5000   -7.5000 2803.8577   11.0963
   -7.5000  -15.0000   -7.5000 2917.5322   10.4887
    0.0000  -15.0000   -7.5000 2920.3767   10.5297
    7.5000  -15.0000   -7.5000 2844.4858   10.9272
   -7.5000   -7.5000   -7.5000 2903.3147   10.6219
    0.0000   -7.5000   -7.5000 2916.1963   10.6588
    7.5000   -7.5000   -7.5000 2843.4170   11.0195
   -7.5000    0.0000   -7.5000 2850.2400   10.9475
    0.0000    0.0000   -7.5000 2866.5098   10.9961
    7.5000    0.0000   -7.5000 2795.0144   11.3045
   -7.5000    7.5000   -7.5000 2755.9609   11.4682
    0.0000    7.5000   -7.5000 2773.1025   11.5050
    7.5000    7.5000   -7.5000 2705.1277   11.7944
   -7.5000   15.0000   -7.5000 2633.8291   12.1714
    0.0000   15.0000   -7.5000 2647.9849   12.2269
    7.5000   15.0000   -7.5000 2588.5066   12.5220
   -7.5000   22.5000   -7.5000 2499.1616   13.1827
    0.0000   22.5000   -7.5000 2501.2571   13.2273
    7.5000   22.5000   -7.5000 2457.1321   13.5691
   -7.5000   30.0000   -7.5000 2345.0098   14.6174
    0.0000   30.0000   -7.5000 2351.7305   14.6455
    7.5000   30.0000   -7.5000 2311.8491   14.9867
   -7.5000   37.5000   -7.5000 2187.7039   16.5207
    0.0000   37.5000   -7.5000 2194.0950   16.5551
    7.5000   37.5000   -7.5000 2156.6348   16.9370
   -7.5000   45.0000   -7.5000 2017.5355   18.9793
    0.0000   45.0000   -7.5000 2022.3865   19.0197
    7.5000   45.0000   -7.5000 1985.7618   19.4600
   -7.5000  -45.0000    0.0000 2519.9543   12.9691
    0.0000  -45.0000    0.0000 2521.1658   13.0151
    7.5000  -45.0000    0.0000 2478.2598   13.4799
   -7.5000  -37.5000    0.0000 2652.3367   11.7971
    0.0000  -37.5000    0.0000 2659.7661   11.8625
    7.5000  -37.5000    0.0000 2610.5000   12.3330
   -7.5000  -30.0000    0.0000 2770.3193   11.0363
    0.0000  -30.0000    0.0000 2781.4348   11.0940
    7.5000  -30.0000    0.0000 2724.9580   11.5497
   -7.5000  -22.5000    0.0000 2870.0803   10.6408
    0.0000  -22.5000    0.0000 2882.6870   10.6970
    7.5000  -22.5000    0.0000 2814.5652   11.0864
   -7.5000  -15.0000    0.0000 2926.1685   10.4582
    0.0000  -15.0000    0.0000 2941.1396   10.5160
    7.5000  -15.0000    0.0000 2859.3916   10.9052
   -7.5000   -7.5000    0.0000 2918.3074   10.5084
    0.0000   -7.5000    0.0000 2938.3853   10.5563
    7.5000   -7.5000    0.0000 2857.8960   10.9456
   -7.5000    0.0000    0.0000 2860.4814   10.7941
    0.0000    0.0000    0.0000 2874.2417   10.8248
    7.5000    0.0000    0.0000 2806.2959   11.1934
   -7.5000    7.5000    0.0000 2762.9570   11.3473
    0.0000    7.5000    0.0000 2777.4482   11.3666
    7.5000    7.5000    0.0000 2716.0396   11.7014
   -7.5000   15.0000    0.0000 2635.6365   12.1345
    0.0000   15.0000    0.0000 2651.4944   12.1514
    7.5000   15.0000    0.0000 2598.6592   12.4680
   -7.5000   22.5000    0.0000 2496.0222   13.1440
    0.0000   22.5000    0.0000 2501.5996   13.1843
    7.5000   22.5000    0.0000 2460.0959   13.5128
   -7.5000   30.0000    0.0000 2344.3447   14.5236
    0.0000   30.0000    0.0000 2349.1909   14.5626
    7.5000   30.0000    0.0000 2312.3616   14.9182
   -7.5000   37.5000    0.0000 2187.4944   16.3386
    0.0000   37.5000    0.0000 2189.9275   16.3937
    7.5000   37.5000    0.0000 2158.2078   16.7748
   -7.5000   45.0000    0.0000 2015.1313   18.7682
    0.0000   45.0000    0.0000 2019.9044   18.7980
    7.5000   45.0000    0.0000 1990.7030   19.2149
   -7.5000  -45.0000    7.5000 2488.4375   13.1728
    0.0000  -45.0000    7.5000 2495.4739   13.2330
    7.5000  -45.0000    7.5000 2456.1555   13.7711
   -7.5000  -37.5000    7.5000 2623.6245   11.9807
    0.0000  -37.5000    7.5000 2634.1895   12.0608
    7.5000  -37.5000    7.5000 2585.4375   12.5914
   -7.5000  -30.0000    7.5000 2744.6584   11.2145
    0.0000  -30.0000    7.5000 2757.3044   11.2793
    7.5000  -30.0000    7.5000 2702.5232   11.7672
   -7.5000  -22.5000    7.5000 2845.4211   10.8040
    0.0000  -22.5000    7.5000 2859.1562   10.8477
    7.5000  -22.5000    7.5000 2794.3557   11.2829
   -7.5000  -15.0000    7.5000 2896.2451   10.6282
    0.0000  -15.0000    7.5000 2913.1826   10.6606
    7.5000  -15.0000    7.5000 2839.3777   11.0774
   -7.5000   -7.5000    7.5000 2897.9954   10.7026
    0.0000   -7.5000    7.5000 2912.4797   10.7074
    7.5000   -7.5000    7.5000 2842.9885   11.0958
   -7.5000    0.0000    7.5000 2838.2048   10.9996
    0.0000    0.0000    7.5000 2848.7991   11.0092
    7.5000    0.0000    7.5000 2790.1997   11.3446
   -7.5000    7.5000    7.5000 2746.3694   11.4895
    0.0000    7.5000    7.5000 2757.9114   11.4973
    7.5000    7.5000    7.5000 2705.5244   11.8290
   -7.5000   15.0000    7.5000 2619.5249   12.2574
    0.0000   15.0000    7.5000 2637.1160   12.2560
    7.5000   15.0000    7.5000 2586.9626   12.5945
   -7.5000   22.5000    7.5000 2478.8623   13.2980
    0.0000   22.5000    7.5000 2487.5056   13.2994
    7.5000   22.5000    7.5000 2450.6768   13.6388
   -7.5000   30.0000    7.5000 2330.5076   14.6494
    0.0000   30.0000    7.5000 2331.0747   14.6697
    7.5000   30.0000    7.5000 2302.6123   15.0343
   -7.5000   37.5000    7.5000 2171.5605   16.4021
    0.0000   37.5000    7.5000 2176.9946   16.4322
    7.5000   37.5000    7.5000 2147.5962   16.8249
   -7.5000   45.0000    7.5000 2001.9977   18.7934
    0.0000   45.0000    7.5000 2006.9412   18.8174
    7.5000   45.0000    7.5000 1978.0400   19.2578
   -7.5000  -45.0000   15.0000 2448.3867   13.6409
    0.0000  -45.0000   15.0000 2454.9028   13.6970
    7.5000  -45.0000   15.0000 2414.9392   14.2784
   -7.5000  -37.5000   15.0000 2575.2437   12.4488
    0.0000  -37.5000   15.0000 2586.4199   12.4948
    7.5000  -37.5000   15.0000 2540.6316   13.0283
   -7.5000  -30.0000   15.0000 2694.5642   11.6359
    0.0000  -30.0000   15.0000 2705.9998   11.6833
    7.5000  -30.0000   15.0000 2655.2961   12.1648
   -7.5000  -22.5000   15.0000 2795.4658   11.1832
    0.0000  -22.5000   15.0000 2807.1436   11.2107
    7.5000  -22.5000   15.0000 2746.7512   11.6668
   -7.5000  -15.0000   15.0000 2851.3972   10.9794
    0.0000  -15.0000   15.0000 2861.1389   10.9877
    7.5000  -15.0000   15.0000 2794.6257   11.4205
   -7.5000   -7.5000   15.0000 2858.2415   11.0435
    0.0000   -7.5000   15.0000 2870.7837   11.0447
    7.5000   -7.5000   15.0000 2804.2134   11.3986
   -7.5000    0.0000   15.0000 2797.6316   11.3247
    0.0000    0.0000   15.0000 2810.4932   11.3220
    7.5000    0.0000   15.0000 2752.2756   11.6601
   -7.5000    7.5000   15.0000 2701.9993   11.8112
    0.0000    7.5000   15.0000 2715.5032   11.8071
    7.5000    7.5000   15.0000 2667.7056   12.1551
   -7.5000   15.0000   15.0000 2581.9211   12.5754
    0.0000   15.0000   15.0000 2595.4434   12.5589
    7.5000   15.0000   15.0000 2550.3892   12.9082
   -7.5000   22.5000   15.0000 2445.8059   13.6181
    0.0000   22.5000   15.0000 2453.4426   13.6144
    7.5000   22.5000   15.0000 2415.9336   13.9532
   -7.5000   30.0000   15.0000 2300.8337   14.9750
    0.0000   30.0000   15.0000 2301.3899   14.9949
    7.5000   30.0000   15.0000 2275.2136   15.3214
   -7.5000   37.5000   15.0000 2143.3838   16.7625
    0.0000   37.5000   15.0000 2145.7483   16.7489
    7.5000   37.5000   15.0000 2123.9622   17.1022
   -7.5000   45.0000   15.0000 1974.6300   19.0480
    0.0000   45.0000   15.0000 1980.1827   19.0617
    7.5000   45.0000   15.0000 1953.6941   19.4397
   -7.5000  -45.0000   22.5000 2400.5833   14.3615
    0.0000  -45.0000   22.5000 2409.3535   14.3611
    7.5000  -45.0000   22.5000 2367.0710   14.9018
   -7.5000  -37.5000   22.5000 2520.6094   13.0971
    0.0000  -37.5000   22.5000 2534.4934   13.1423
    7.5000  -37.5000   22.5000 2490.1543   13.6585
   -7.5000  -30.0000   22.5000 2634.4612   12.2768
    0.0000  -30.0000   22.5000 2646.7720   12.3162
    7.5000  -30.0000   22.5000 2598.5149   12.7863
   -7.5000  -22.5000   22.5000 2731.0850   11.7772
    0.0000  -22.5000   22.5000 2743.1660   11.7814
    7.5000  -22.5000   22.5000 2688.2607   12.2212
   -7.5000  -15.0000   22.5000 2780.3862   11.5695
    0.0000  -15.0000   22.5000 2788.3772   11.5759
    7.5000  -15.0000   22.5000 2734.5427   11.9534
   -7.5000   -7.5000   22.5000 2781.2615   11.6137
    0.0000   -7.5000   22.5000 2794.3013   11.6166
    7.5000   -7.5000   22.5000 2743.2039   11.9493
   -7.5000    0.0000   22.5000 2732.9609   11.8477
    0.0000    0.0000   22.5000 2742.7439   11.8489
    7.5000    0.0000   22.5000 2695.3401   12.1842
   -7.5000    7.5000   22.5000 2645.9961   12.3073
    0.0000    7.5000   22.5000 2655.3708   12.3150
    7.5000    7.5000   22.5000 2606.8782   12.6599
   -7.5000   15.0000   22.5000 2531.9468   13.0316
    0.0000   15.0000   22.5000 2541.0334   13.0345
    7.5000   15.0000   22.5000 2497.8469   13.3771
   -7.5000   22.5000   22.5000 2405.6052   14.0771
    0.0000   22.5000   22.5000 2415.1812   14.0759
    7.5000   22.5000   22.5000 2375.4968   14.4131
   -7.5000   30.0000   22.5000 2260.5959   15.4499
    0.0000   30.0000   22.5000 2264.9797   15.4581
    7.5000   30.0000   22.5000 2235.1641   15.7891
   -7.5000   37.5000   22.5000 2102.9053   17.1811
    0.0000   37.5000   22.5000 2108.5132   17.1744
    7.5000   37.5000   22.5000 2084.0491   17.5467
   -7.5000   45.0000   22.5000 1936.9038   19.4886
    0.0000   45.0000   22.5000 1944.1089   19.5155
    7.5000   45.0000   22.5000 1918.4900   19.8900
   -7.5000  -45.0000   30.0000 2344.0322   15.2524
    0.0000  -45.0000   30.0000 2353.5786   15.2580
    7.5000  -45.0000   30.0000 2309.0334   15.7484
   -7.5000  -37.5000   30.0000 2460.3311   13.9568
    0.0000  -37.5000   30.0000 2473.3118   13.9770
    7.5000  -37.5000   30.0000 2428.2900   14.4723
   -7.5000  -30.0000   30.0000 2562.8035   13.0912
    0.0000  -30.0000   30.0000 2579.2007   13.1232
    7.5000  -30.0000   30.0000 2531.7195   13.5610
   -7.5000  -22.5000   30.0000 2649.9390   12.5622
    0.0000  -22.5000   30.0000 2664.8945   12.5631
    7.5000  -22.5000   30.0000 2613.0647   12.9662
   -7.5000  -15.0000   30.0000 2692.5229   12.3260
    0.0000  -15.0000   30.0000 2701.6367   12.3340
    7.5000  -15.0000   30.0000 2656.1882   12.6697
   -7.5000   -7.5000   30.0000 2687.9805   12.3352
    0.0000   -7.5000   30.0000 2697.7146   12.3651
    7.5000   -7.5000   30.0000 2658.5544   12.6670
   -7.5000    0.0000   30.0000 2638.5610   12.5604
    0.0000    0.0000   30.0000 2649.9490   12.5781
    7.5000    0.0000   30.0000 2614.8096   12.8954
   -7.5000    7.5000   30.0000 2565.7209   13.0161
    0.0000    7.5000   30.0000 2576.6787   13.0319
    7.5000    7.5000   30.0000 2533.6497   13.3607
   -7.5000   15.0000   30.0000 2462.3867   13.6892
    0.0000   15.0000   30.0000 2469.0017   13.7132
    7.5000   15.0000   30.0000 2430.8799   14.0370
   -7.5000   22.5000   30.0000 2344.9768   14.7086
    0.0000   22.5000   30.0000 2353.2048   14.7078
    7.5000   22.5000   30.0000 2316.0215   15.0514
   -7.5000   30.0000   30.0000 2208.4995   16.0684
    0.0000   30.0000   30.0000 2210.2002   16.0673
    7.5000   30.0000   30.0000 2184.1997   16.4244
   -7.5000   37.5000   30.0000 2054.9436   17.8194
    0.0000   37.5000   30.0000 2058.9954   17.8464
    7.5000   37.5000   30.0000 2034.3906   18.2053
   -7.5000   45.0000   30.0000 1898.2275   20.1287
    0.0000   45.0000   30.0000 1902.1687   20.1813
    7.5000   45.0000   30.0000 1879.9512   20.5977
   -7.5000  -45.0000   37.5000 2285.5581   16.3931
    0.0000  -45.0000   37.5000 2293.5483   16.3830
    7.5000  -45.0000   37.5000 2248.5710   16.8505
   -7.5000  -37.5000   37.5000 2392.7375   15.0212
    0.0000  -37.5000   37.5000 2403.3132   15.0363
    7.5000  -37.5000   37.5000 2361.2319   15.4766
   -7.5000  -30.0000   37.5000 2485.2651   14.1097
    0.0000  -30.0000   37.5000 2500.6450   14.1111
    7.5000  -30.0000   37.5000 2454.4028   14.5242
   -7.5000  -22.5000   37.5000 2565.5247   13.5421
    0.0000  -22.5000   37.5000 2577.0686   13.5535
    7.5000  -22.5000   37.5000 2530.9409   13.9160
   -7.5000  -15.0000   37.5000 2599.0237   13.2658
    0.0000  -15.0000   37.5000 2608.0769   13.2661
    7.5000  -15.0000   37.5000 2567.8101   13.5930
   -7.5000   -7.5000   37.5000 2589.0042   13.2239
    0.0000   -7.5000   37.5000 2596.1426   13.2288
    7.5000   -7.5000   37.5000 2561.6770   13.5529
   -7.5000    0.0000   37.5000 2539.4978   13.4409
    0.0000    0.0000   37.5000 2548.5125   13.4420
    7.5000    0.0000   37.5000 2522.1157   13.7597
   -7.5000    7.5000   37.5000 2475.4382   13.8770
    0.0000    7.5000   37.5000 2483.1663   13.8921
    7.5000    7.5000   37.5000 2454.3179   14.2283
   -7.5000   15.0000   37.5000 2380.7969   14.5456
    0.0000   15.0000   37.5000 2389.1106   14.5883
    7.5000   15.0000   37.5000 2357.0779   14.9402
   -7.5000   22.5000   37.5000 2271.0266   15.5446
    0.0000   22.5000   37.5000 2278.5215   15.5680
    7.5000   22.5000   37.5000 2248.1606   15.9292
   -7.5000   30.0000   37.5000 2142.5386   16.9400
    0.0000   30.0000   37.5000 2145.4294   16.9344
    7.5000   30.0000   37.5000 2122.6074   17.2737
   -7.5000   37.5000   37.5000 1998.7603   18.7084
    0.0000   37.5000   37.5000 2005.6333   18.7109
    7.5000   37.5000   37.5000 1984.6263   19.0925
   -7.5000   45.0000   37.5000 1847.6777   21.0621
    0.0000   45.0000   37.5000 1854.7341   21.1316
    7.5000   45.0000   37.5000 1837.6625   21.5038
   -7.5000  -45.0000   45.0000 2209.1514   17.7993
    0.0000  -45.0000   45.0000 2217.5061   17.7920
    7.5000  -45.0000   45.0000 2180.6897   18.2294
   -7.5000  -37.5000   45.0000 2315.9988   16.3515
    0.0000  -37.5000   45.0000 2324.2659   16.3525
    7.5000  -37.5000   45.0000 2283.4282   16.7324
   -7.5000  -30.0000   45.0000 2399.9387   15.3598
    0.0000  -30.0000   45.0000 2414.8433   15.3398
    7.5000  -30.0000   45.0000 2370.4170   15.7162
   -7.5000  -22.5000   45.0000 2467.8337   14.7317
    0.0000  -22.5000   45.0000 2479.0664   14.7232
    7.5000  -22.5000   45.0000 2436.3298   15.0422
   -7.5000  -15.0000   45.0000 2495.9836   14.4169
    0.0000  -15.0000   45.0000 2504.5012   14.3851
    7.5000  -15.0000   45.0000 2465.4673   14.6968
   -7.5000   -7.5000   45.0000 2484.0591   14.3327
    0.0000   -7.5000   45.0000 2491.6858   14.3248
    7.5000   -7.5000   45.0000 2462.7629   14.6265
   -7.5000    0.0000   45.0000 2439.5522   14.5111
    0.0000    0.0000   45.0000 2448.6780   14.5211
    7.5000    0.0000   45.0000 2423.5657   14.8191
   -7.5000    7.5000   45.0000 2376.7014   14.9517
    0.0000    7.5000   45.0000 2388.6631   14.9804
    7.5000    7.5000   45.0000 2362.5173   15.3105
   -7.5000   15.0000   45.0000 2295.3462   15.6404
    0.0000   15.0000   45.0000 2300.8757   15.6535
    7.5000   15.0000   45.0000 2275.6689   16.0178
   -7.5000   22.5000   45.0000 2189.9551   16.6609
    0.0000   22.5000   45.0000 2199.2971   16.6691
    7.5000   22.5000   45.0000 2169.5076   17.0088
   -7.5000   30.0000   45.0000 2065.3237   18.0751
    0.0000   30.0000   45.0000 2074.8992   18.0316
    7.5000   30.0000   45.0000 2048.1318   18.3901
   -7.5000   37.5000   45.0000 1937.1429   19.8932
    0.0000   37.5000   45.0000 1942.8417   19.8483
    7.5000   37.5000   45.0000 1917.2311   20.2101
   -7.5000   45.0000   45.0000 1794.9553   22.3391
    0.0000   45.0000   45.0000 1800.5419   22.3663
    7.5000   45.0000   45.0000 1781.1759   22.7455

---------------------------------------------------------------------
imgreg_4dfp /opt/freesurfer/average/711-2C_as_mni_average_305 /opt/freesurfer/average/711-2B_as_mni_average_305_mask talsrcimg_g11 none talsrcimg_to_711-2C_as_mni_average_305_t4 1283
---------------------------------------------------------------------

freesurfer imgreg_4dfp.c
/opt/freesurfer/average/711-2C_as_mni_average_305.4dfp.img
       256       256       256         1
  1.000000  1.000000  1.000000
orientation T byte_order littleendian
Reading image: /opt/freesurfer/average/711-2C_as_mni_average_305.4dfp.img
dimensions:      256       256       256
mmppix:       1.0000   -1.0000   -1.0000
center:     128.0000 -129.0000 -129.0000
/opt/freesurfer/average/711-2B_as_mni_average_305_mask.4dfp.img
       256       256       256         1
  1.000000  1.000000  1.000000
orientation T byte_order littleendian
Reading mask: /opt/freesurfer/average/711-2B_as_mni_average_305_mask.4dfp.img (2306576 pixels)
talsrcimg_g11.4dfp.img
       256       256       256         1
  1.000000  1.000000  1.000000
orientation T byte_order littleendian
Reading image: talsrcimg_g11.4dfp.img
dimensions:      256       256       256
mmppix:       1.0000   -1.0000   -1.0000
center:     128.0000 -129.0000 -129.0000
rotation matrix determinant  1.000000
fimgreg.f
image alignment mode   1283 decimal      503 hex
parameters
    0.0000  -15.0000    0.0000    0.0000    0.0000    0.0000
eta,q 0.92292 10.51583
niter,ni,del,rscale     5    3   12.0000    1.2000
parameter  2 -0.823761 -> -0.500000 qaram    1.1500
parameter  4 -3.942760 ->  0.500000 qaram    1.1500
parameter  6  0.544772 ->  0.500000 qaram    1.1500
parameters
   -2.2236  -11.5500   -0.4068   -3.4500   -0.6509   -3.4500
eta,q 0.93452 10.31481
  0.0817  0.0884  0.0759  0.0627  0.0717  0.0661
  0.0778  0.0818  0.0738  0.0653  0.0691  0.0655
  0.0757  0.0778  0.0719  0.0684  0.0672  0.0657
  0.0784  0.0755  0.0710  0.0708  0.0661  0.0663
  0.0834  0.0729  0.0723  0.0735  0.0674  0.0676
  0.0896  0.0710  0.0747  0.0757  0.0708  0.0698
  0.0988  0.0717  0.0774  0.0773  0.0754  0.0724
niter,ni,del,rscale     7    3   12.0000    1.2000
parameter  4  1.462152 ->  0.500000 qaram    1.3225
parameters
   -2.9532  -11.2974   -0.0214   -7.4175   -0.9921   -3.4061
eta,q 0.93823 10.35461
  0.0757  0.0807  0.0738  0.0609  0.0677  0.0657
  0.0703  0.0739  0.0717  0.0615  0.0644  0.0633
  0.0667  0.0688  0.0683  0.0625  0.0626  0.0622
  0.0655  0.0655  0.0653  0.0650  0.0617  0.0618
  0.0690  0.0666  0.0650  0.0692  0.0624  0.0617
  0.0749  0.0723  0.0684  0.0726  0.0652  0.0630
  0.0814  0.0793  0.0738  0.0749  0.0697  0.0659
niter,ni,del,rscale     7    3   12.0000    1.2000
parameter  4  0.679829 ->  0.500000 qaram    1.5209
parameters
   -2.9877  -10.6333    0.6235  -11.9801   -1.0352   -4.2174
eta,q 0.94048 10.40203
  0.0754  0.0795  0.0711  0.0597  0.0664  0.0640
  0.0692  0.0691  0.0692  0.0594  0.0634  0.0616
  0.0645  0.0630  0.0653  0.0604  0.0610  0.0600
  0.0618  0.0618  0.0621  0.0619  0.0595  0.0596
  0.0638  0.0638  0.0625  0.0631  0.0603  0.0608
  0.0693  0.0674  0.0654  0.0671  0.0634  0.0634
  0.0761  0.0720  0.0695  0.0721  0.0669  0.0667
niter,ni,del,rscale     7    3   12.0000    1.2000
parameters
   -3.0929   -9.1913    0.2076  -15.8914   -0.7837   -4.4518
eta,q 0.94346 10.36718
  0.0753  0.0793  0.0661  0.0603  0.0646  0.0628
  0.0674  0.0710  0.0616  0.0563  0.0602  0.0598
  0.0618  0.0649  0.0588  0.0568  0.0575  0.0576
  0.0595  0.0595  0.0584  0.0583  0.0565  0.0565
  0.0628  0.0590  0.0598  0.0619  0.0574  0.0574
  0.0691  0.0633  0.0633  0.0641  0.0598  0.0602
  0.0755  0.0684  0.0685  0.0672  0.0630  0.0641
niter,ni,del,rscale     6    3   12.0000    1.2000
parameters
   -3.4590   -7.1763   -0.6539  -18.8063   -0.3133   -4.8648
eta,q 0.94774 10.34638
  0.0708  0.0798  0.0618  0.0595  0.0638  0.0592
  0.0626  0.0711  0.0577  0.0544  0.0587  0.0561
  0.0579  0.0622  0.0553  0.0521  0.0539  0.0535
  0.0565  0.0564  0.0553  0.0550  0.0521  0.0522
  0.0601  0.0553  0.0573  0.0592  0.0536  0.0533
  0.0664  0.0582  0.0614  0.0647  0.0568  0.0569
  0.0732  0.0637  0.0667  0.0677  0.0605  0.0617
niter,ni,del,rscale     5    3   12.0000    1.2000
parameters
   -3.4038   -6.1100   -1.3467  -19.7715   -0.3358   -5.0648
eta,q 0.94860 10.35603
  0.0717  0.0767  0.0617  0.0628  0.0611  0.0584
  0.0624  0.0666  0.0565  0.0575  0.0562  0.0553
  0.0554  0.0571  0.0529  0.0521  0.0521  0.0526
  0.0523  0.0523  0.0523  0.0521  0.0514  0.0514
  0.0550  0.0539  0.0548  0.0559  0.0533  0.0521
  0.0621  0.0592  0.0602  0.0615  0.0565  0.0552
  0.0709  0.0653  0.0673  0.0672  0.0607  0.0600
niter,ni,del,rscale     4    3   12.0000    1.2000
parameters
   -3.2278   -5.7872   -1.6250  -20.1765   -0.4858   -5.0886
eta,q 0.94865 10.36659
  0.0715  0.0730  0.0630  0.0645  0.0604  0.0584
  0.0620  0.0626  0.0572  0.0589  0.0557  0.0552
  0.0545  0.0542  0.0530  0.0532  0.0520  0.0525
  0.0514  0.0514  0.0516  0.0516  0.0514  0.0514
  0.0539  0.0554  0.0533  0.0550  0.0533  0.0519
  0.0607  0.0616  0.0581  0.0602  0.0565  0.0547
  0.0692  0.0680  0.0661  0.0667  0.0609  0.0591
niter,ni,del,rscale     3    3   12.0000    1.2000
parameters
   -3.1302   -5.6957   -1.7204  -20.3334   -0.5683   -5.0810
eta,q 0.94865 10.37090
  0.0709  0.0718  0.0636  0.0652  0.0605  0.0585
  0.0614  0.0615  0.0576  0.0594  0.0559  0.0551
  0.0541  0.0535  0.0532  0.0538  0.0522  0.0525
  0.0514  0.0514  0.0514  0.0514  0.0514  0.0514
  0.0542  0.0561  0.0528  0.0546  0.0531  0.0519
  0.0609  0.0626  0.0572  0.0596  0.0563  0.0546
  0.0694  0.0687  0.0653  0.0662  0.0607  0.0590
niter,ni,del,rscale     2    3   12.0000    1.2000
parameters
   -3.0819   -5.6639   -1.7492  -20.3894   -0.6107   -5.0712
eta,q 0.94864 10.37275
  0.0706  0.0715  0.0638  0.0655  0.0606  0.0585
  0.0612  0.0612  0.0577  0.0596  0.0561  0.0551
  0.0539  0.0533  0.0533  0.0541  0.0523  0.0524
  0.0514  0.0514  0.0514  0.0514  0.0514  0.0514
  0.0543  0.0563  0.0526  0.0544  0.0530  0.0520
  0.0611  0.0628  0.0569  0.0594  0.0562  0.0546
  0.0695  0.0689  0.0650  0.0660  0.0606  0.0589
registration optimization eta report
parameter search radius
    6.0000    6.9000    6.0000    9.1253    6.0000    6.9000
100000*second partial in parameter space
       51.       38.       36.       16.       25.       15.
  0.0706  0.0715  0.0638  0.0655  0.0606  0.0585
  0.0612  0.0612  0.0577  0.0596  0.0561  0.0551
  0.0539  0.0533  0.0533  0.0541  0.0523  0.0524
  0.0514  0.0514  0.0514  0.0514  0.0514  0.0514
  0.0543  0.0563  0.0526  0.0544  0.0530  0.0520
  0.0611  0.0628  0.0569  0.0594  0.0562  0.0546
  0.0695  0.0689  0.0650  0.0660  0.0606  0.0589
   -3.0819   -5.6639   -1.7492  -20.3894   -0.6107   -5.0712
eta,q 0.94864 10.37275

---------------------------------------------------------------------
imgreg_4dfp /opt/freesurfer/average/711-2C_as_mni_average_305 /opt/freesurfer/average/711-2B_as_mni_average_305_mask talsrcimg_g11 none talsrcimg_to_711-2C_as_mni_average_305_t4 3335
---------------------------------------------------------------------

freesurfer imgreg_4dfp.c
/opt/freesurfer/average/711-2C_as_mni_average_305.4dfp.img
       256       256       256         1
  1.000000  1.000000  1.000000
orientation T byte_order littleendian
Reading image: /opt/freesurfer/average/711-2C_as_mni_average_305.4dfp.img
dimensions:      256       256       256
mmppix:       1.0000   -1.0000   -1.0000
center:     128.0000 -129.0000 -129.0000
/opt/freesurfer/average/711-2B_as_mni_average_305_mask.4dfp.img
       256       256       256         1
  1.000000  1.000000  1.000000
orientation T byte_order littleendian
Reading mask: /opt/freesurfer/average/711-2B_as_mni_average_305_mask.4dfp.img (2306576 pixels)
talsrcimg_g11.4dfp.img
       256       256       256         1
  1.000000  1.000000  1.000000
orientation T byte_order littleendian
Reading image: talsrcimg_g11.4dfp.img
dimensions:      256       256       256
mmppix:       1.0000   -1.0000   -1.0000
center:     128.0000 -129.0000 -129.0000
fimgreg.f
image alignment mode   3335 decimal      D07 hex
parameters
   -3.0819   -5.6639   -1.7492   -0.3971   -6.5995   -6.2707
    7.9157    4.0749   -8.8389   34.6152   -1.0659  -34.8379
eta,q 0.94783 10.46076
niter,ni,del,rscale     5    3    5.0000    1.2000
parameter  4  1.714766 ->  0.500000 qaram    1.1500
parameter  5  2.422139 ->  0.500000 qaram    1.1500
parameter 10  1.005639 ->  0.500000 qaram    1.1500
parameter 12  1.642503 ->  0.500000 qaram    1.1500
parameters
   -3.4116   -5.7641   -1.9891   -4.5371  -10.7395   -9.3524
    6.4753    4.0705   -6.5256   30.4752   -2.7861  -38.9779
eta,q 0.96326  9.91474
  0.0543  0.0544  0.0536  0.0446  0.0388  0.0424  0.0428  0.0467  0.0444  0.0373  0.0386  0.0364
  0.0529  0.0531  0.0527  0.0461  0.0410  0.0416  0.0417  0.0437  0.0429  0.0377  0.0381  0.0366
  0.0522  0.0523  0.0522  0.0485  0.0436  0.0412  0.0411  0.0418  0.0418  0.0389  0.0379  0.0372
  0.0522  0.0521  0.0521  0.0521  0.0467  0.0417  0.0412  0.0411  0.0411  0.0409  0.0380  0.0379
  0.0528  0.0525  0.0525  0.0561  0.0503  0.0436  0.0419  0.0418  0.0409  0.0436  0.0383  0.0388
  0.0540  0.0534  0.0532  0.0605  0.0544  0.0467  0.0431  0.0438  0.0411  0.0472  0.0389  0.0398
  0.0558  0.0547  0.0544  0.0656  0.0587  0.0503  0.0449  0.0466  0.0418  0.0514  0.0396  0.0408
niter,ni,del,rscale     7    3    5.0000    1.2000
parameter  4  0.600969 ->  0.500000 qaram    1.3225
parameter  5  1.472046 ->  0.500000 qaram    1.3225
parameter 12  0.820348 ->  0.500000 qaram    1.3225
parameters
   -3.2441   -5.1894   -1.8567   -9.2981  -15.5005   -9.5131
    6.6470    4.3931   -6.5553   28.0765   -3.0735  -43.7389
eta,q 0.97046  9.48180
  0.0413  0.0408  0.0383  0.0355  0.0292  0.0326  0.0337  0.0361  0.0332  0.0325  0.0311  0.0298
  0.0390  0.0389  0.0374  0.0350  0.0303  0.0318  0.0322  0.0334  0.0319  0.0312  0.0307  0.0295
  0.0374  0.0375  0.0368  0.0352  0.0322  0.0312  0.0312  0.0315  0.0310  0.0305  0.0305  0.0298
  0.0367  0.0367  0.0365  0.0365  0.0349  0.0307  0.0308  0.0308  0.0307  0.0307  0.0305  0.0305
  0.0370  0.0365  0.0366  0.0393  0.0384  0.0304  0.0310  0.0311  0.0310  0.0320  0.0306  0.0314
  0.0382  0.0370  0.0371  0.0435  0.0424  0.0311  0.0320  0.0327  0.0319  0.0345  0.0308  0.0325
  0.0402  0.0382  0.0380  0.0482  0.0468  0.0337  0.0335  0.0353  0.0332  0.0379  0.0312  0.0335
niter,ni,del,rscale     7    3    5.0000    1.2000
parameter  5  0.750960 ->  0.500000 qaram    1.5209
parameters
   -2.8878   -5.0950   -1.8369  -10.8035  -20.9756  -10.3796
    6.2050    4.4901   -6.7966   28.5429   -3.5698  -45.9648
eta,q 0.97315  9.15446
  0.0346  0.0329  0.0312  0.0326  0.0272  0.0286  0.0297  0.0317  0.0296  0.0321  0.0278  0.0285
  0.0322  0.0310  0.0303  0.0310  0.0271  0.0278  0.0283  0.0292  0.0282  0.0297  0.0274  0.0273
  0.0304  0.0299  0.0297  0.0299  0.0278  0.0274  0.0274  0.0276  0.0274  0.0280  0.0272  0.0268
  0.0295  0.0295  0.0295  0.0295  0.0296  0.0272  0.0272  0.0272  0.0272  0.0272  0.0272  0.0272
  0.0296  0.0298  0.0296  0.0302  0.0324  0.0272  0.0277  0.0278  0.0276  0.0275  0.0273  0.0280
  0.0306  0.0308  0.0302  0.0324  0.0365  0.0280  0.0288  0.0291  0.0285  0.0289  0.0276  0.0290
  0.0323  0.0324  0.0312  0.0366  0.0413  0.0304  0.0303  0.0313  0.0298  0.0312  0.0280  0.0302
niter,ni,del,rscale     7    3    5.0000    1.2000
parameters
   -2.7016   -4.7539   -1.9834  -10.6581  -23.6866  -10.5619
    5.9808    4.6212   -6.7976   29.2592   -3.5214  -46.8050
eta,q 0.97352  9.04750
  0.0312  0.0310  0.0283  0.0308  0.0295  0.0286  0.0292  0.0313  0.0291  0.0319  0.0275  0.0286
  0.0290  0.0289  0.0274  0.0289  0.0277  0.0276  0.0278  0.0287  0.0278  0.0294  0.0270  0.0272
  0.0275  0.0275  0.0269  0.0276  0.0267  0.0270  0.0269  0.0270  0.0269  0.0275  0.0266  0.0265
  0.0268  0.0268  0.0268  0.0268  0.0267  0.0266  0.0266  0.0266  0.0266  0.0266  0.0266  0.0266
  0.0271  0.0269  0.0271  0.0269  0.0282  0.0266  0.0270  0.0272  0.0270  0.0269  0.0267  0.0272
  0.0282  0.0277  0.0277  0.0281  0.0311  0.0273  0.0280  0.0286  0.0278  0.0282  0.0270  0.0280
  0.0301  0.0291  0.0287  0.0311  0.0356  0.0293  0.0295  0.0308  0.0291  0.0304  0.0274  0.0290
niter,ni,del,rscale     6    3    5.0000    1.2000
parameters
   -2.6568   -4.6008   -2.0362  -10.6224  -24.1329  -10.5912
    5.9268    4.6755   -6.7728   29.5678   -3.4536  -47.0694
eta,q 0.97351  9.03755
  0.0303  0.0299  0.0281  0.0303  0.0309  0.0286  0.0292  0.0312  0.0290  0.0314  0.0275  0.0288
  0.0283  0.0281  0.0272  0.0285  0.0287  0.0276  0.0277  0.0285  0.0277  0.0289  0.0269  0.0274
  0.0270  0.0269  0.0267  0.0273  0.0272  0.0269  0.0268  0.0269  0.0268  0.0273  0.0266  0.0266
  0.0265  0.0265  0.0265  0.0265  0.0265  0.0265  0.0265  0.0265  0.0265  0.0265  0.0265  0.0265
  0.0269  0.0268  0.0267  0.0266  0.0269  0.0265  0.0269  0.0272  0.0268  0.0270  0.0266  0.0270
  0.0281  0.0276  0.0273  0.0279  0.0288  0.0271  0.0278  0.0286  0.0277  0.0285  0.0269  0.0278
  0.0300  0.0291  0.0282  0.0308  0.0322  0.0291  0.0292  0.0308  0.0289  0.0308  0.0274  0.0288
niter,ni,del,rscale     5    3    5.0000    1.2000
parameters
   -2.6446   -4.5491   -2.0588  -10.6240  -24.2151  -10.6008
    5.9180    4.6923   -6.7613   29.6709   -3.4404  -47.1455
eta,q 0.97351  9.03688
  0.0302  0.0296  0.0281  0.0302  0.0311  0.0286  0.0292  0.0311  0.0290  0.0312  0.0275  0.0289
  0.0282  0.0278  0.0272  0.0285  0.0289  0.0276  0.0277  0.0285  0.0276  0.0288  0.0269  0.0275
  0.0269  0.0268  0.0267  0.0273  0.0273  0.0269  0.0268  0.0269  0.0268  0.0272  0.0266  0.0266
  0.0265  0.0265  0.0265  0.0265  0.0265  0.0265  0.0265  0.0265  0.0265  0.0265  0.0265  0.0265
  0.0269  0.0268  0.0267  0.0266  0.0268  0.0265  0.0268  0.0272  0.0268  0.0270  0.0266  0.0270
  0.0281  0.0278  0.0272  0.0279  0.0285  0.0271  0.0278  0.0286  0.0277  0.0286  0.0270  0.0278
  0.0301  0.0292  0.0281  0.0309  0.0318  0.0291  0.0292  0.0309  0.0289  0.0310  0.0274  0.0287
niter,ni,del,rscale     4    3    5.0000    1.2000
parameters
   -2.6410   -4.5353   -2.0647  -10.6250  -24.2371  -10.5964
    5.9149    4.6988   -6.7547   29.7042   -3.4262  -47.1788
eta,q 0.97351  9.03720
  0.0301  0.0295  0.0281  0.0302  0.0311  0.0286  0.0292  0.0311  0.0290  0.0311  0.0275  0.0289
  0.0282  0.0278  0.0272  0.0285  0.0289  0.0276  0.0277  0.0285  0.0276  0.0287  0.0269  0.0275
  0.0269  0.0268  0.0267  0.0273  0.0273  0.0269  0.0268  0.0269  0.0268  0.0271  0.0266  0.0266
  0.0265  0.0265  0.0265  0.0265  0.0265  0.0265  0.0265  0.0265  0.0265  0.0265  0.0265  0.0265
  0.0269  0.0269  0.0267  0.0266  0.0268  0.0265  0.0268  0.0272  0.0268  0.0271  0.0266  0.0270
  0.0281  0.0279  0.0272  0.0279  0.0285  0.0271  0.0278  0.0286  0.0277  0.0287  0.0269  0.0278
  0.0301  0.0293  0.0281  0.0309  0.0317  0.0291  0.0292  0.0309  0.0289  0.0310  0.0274  0.0287
registration optimization eta report
parameter search radius
    2.4000    2.4000    2.4000    9.5220   10.9503    7.2000
    7.2000    7.2000    7.2000    8.2800    7.2000    9.5220
100000*second partial in parameter space
       63.       51.       28.        4.        4.        5.
        5.        9.        5.        7.        2.        3.
  0.0301  0.0295  0.0281  0.0302  0.0311  0.0286  0.0292  0.0311  0.0290  0.0311  0.0275  0.0289
  0.0282  0.0278  0.0272  0.0285  0.0289  0.0276  0.0277  0.0285  0.0276  0.0287  0.0269  0.0275
  0.0269  0.0268  0.0267  0.0273  0.0273  0.0269  0.0268  0.0269  0.0268  0.0271  0.0266  0.0266
  0.0265  0.0265  0.0265  0.0265  0.0265  0.0265  0.0265  0.0265  0.0265  0.0265  0.0265  0.0265
  0.0269  0.0269  0.0267  0.0266  0.0268  0.0265  0.0268  0.0272  0.0268  0.0271  0.0266  0.0270
  0.0281  0.0279  0.0272  0.0279  0.0285  0.0271  0.0278  0.0286  0.0277  0.0287  0.0269  0.0278
  0.0301  0.0293  0.0281  0.0309  0.0317  0.0291  0.0292  0.0309  0.0289  0.0310  0.0274  0.0287
   -2.6410   -4.5353   -2.0647  -10.6250  -24.2371  -10.5964
    5.9149    4.6988   -6.7547   29.7042   -3.4262  -47.1788
eta,q 0.97351  9.03720

---------------------------------------------------------------------
imgreg_4dfp /opt/freesurfer/average/711-2C_as_mni_average_305 /opt/freesurfer/average/711-2B_as_mni_average_305_mask talsrcimg_g11 none talsrcimg_to_711-2C_as_mni_average_305_t4 2311
---------------------------------------------------------------------

freesurfer imgreg_4dfp.c
/opt/freesurfer/average/711-2C_as_mni_average_305.4dfp.img
       256       256       256         1
  1.000000  1.000000  1.000000
orientation T byte_order littleendian
Reading image: /opt/freesurfer/average/711-2C_as_mni_average_305.4dfp.img
dimensions:      256       256       256
mmppix:       1.0000   -1.0000   -1.0000
center:     128.0000 -129.0000 -129.0000
/opt/freesurfer/average/711-2B_as_mni_average_305_mask.4dfp.img
       256       256       256         1
  1.000000  1.000000  1.000000
orientation T byte_order littleendian
Reading mask: /opt/freesurfer/average/711-2B_as_mni_average_305_mask.4dfp.img (2306576 pixels)
talsrcimg_g11.4dfp.img
       256       256       256         1
  1.000000  1.000000  1.000000
orientation T byte_order littleendian
Reading image: talsrcimg_g11.4dfp.img
dimensions:      256       256       256
mmppix:       1.0000   -1.0000   -1.0000
center:     128.0000 -129.0000 -129.0000
fimgreg.f
image alignment mode   2311 decimal      907 hex
parameters
   -2.6410   -4.5353   -2.0647  -10.6250  -24.2371  -10.5964
    5.9149    4.6988   -6.7547   29.7042   -3.4262  -47.1788
eta,q 0.97351  9.03721
niter,ni,del,rscale     5    3    5.0000    0.8000
parameters
   -2.6335   -4.5789   -2.0695   -9.5726  -23.3783   -9.8895
    5.8344    4.6915   -6.6910   29.8848   -3.1315  -47.4088
eta,q 0.97372  9.15168
  0.0282  0.0278  0.0272  0.0279  0.0277  0.0276  0.0276  0.0286  0.0275  0.0282  0.0269  0.0270
  0.0273  0.0270  0.0268  0.0273  0.0271  0.0270  0.0268  0.0272  0.0268  0.0272  0.0266  0.0266
  0.0267  0.0266  0.0266  0.0268  0.0267  0.0266  0.0264  0.0265  0.0264  0.0265  0.0264  0.0263
  0.0265  0.0265  0.0265  0.0265  0.0264  0.0263  0.0263  0.0263  0.0263  0.0263  0.0263  0.0263
  0.0267  0.0267  0.0266  0.0264  0.0264  0.0263  0.0265  0.0266  0.0264  0.0265  0.0263  0.0264
  0.0272  0.0272  0.0268  0.0266  0.0266  0.0265  0.0269  0.0273  0.0268  0.0270  0.0265  0.0267
  0.0281  0.0279  0.0272  0.0271  0.0271  0.0271  0.0277  0.0285  0.0274  0.0279  0.0267  0.0272
niter,ni,del,rscale     4    3    5.0000    0.7000
parameters
   -2.7306   -4.6265   -1.9987   -9.4672  -23.4518   -9.6198
    5.8678    4.6140   -6.7096   29.9872   -2.9983  -47.3830
eta,q 0.97375  9.16422
  0.0274  0.0273  0.0270  0.0272  0.0271  0.0272  0.0273  0.0279  0.0272  0.0277  0.0267  0.0269
  0.0268  0.0267  0.0266  0.0268  0.0266  0.0268  0.0267  0.0269  0.0267  0.0269  0.0264  0.0266
  0.0264  0.0264  0.0264  0.0264  0.0264  0.0264  0.0264  0.0264  0.0263  0.0264  0.0263  0.0263
  0.0263  0.0263  0.0263  0.0263  0.0263  0.0263  0.0263  0.0263  0.0263  0.0263  0.0262  0.0262
  0.0265  0.0264  0.0263  0.0263  0.0264  0.0263  0.0264  0.0265  0.0264  0.0264  0.0263  0.0263
  0.0270  0.0268  0.0265  0.0266  0.0266  0.0265  0.0267  0.0271  0.0267  0.0268  0.0264  0.0266
  0.0278  0.0274  0.0268  0.0272  0.0271  0.0271  0.0273  0.0280  0.0272  0.0276  0.0266  0.0269
niter,ni,del,rscale     3    3    5.0000    0.6000
parameters
   -2.7579   -4.6269   -1.9544   -9.3968  -23.4728   -9.3934
    5.8736    4.5844   -6.7017   30.0508   -2.9614  -47.3155
eta,q 0.97376  9.17419
  0.0272  0.0270  0.0268  0.0270  0.0268  0.0269  0.0270  0.0275  0.0269  0.0273  0.0266  0.0268
  0.0267  0.0266  0.0265  0.0266  0.0265  0.0266  0.0266  0.0268  0.0265  0.0267  0.0264  0.0265
  0.0263  0.0263  0.0263  0.0264  0.0263  0.0264  0.0263  0.0264  0.0263  0.0264  0.0263  0.0263
  0.0262  0.0262  0.0262  0.0262  0.0262  0.0262  0.0262  0.0262  0.0262  0.0262  0.0262  0.0262
  0.0264  0.0263  0.0263  0.0263  0.0263  0.0263  0.0263  0.0264  0.0263  0.0263  0.0263  0.0263
  0.0267  0.0266  0.0264  0.0265  0.0265  0.0264  0.0266  0.0268  0.0265  0.0267  0.0264  0.0265
  0.0273  0.0270  0.0267  0.0270  0.0269  0.0269  0.0270  0.0275  0.0269  0.0272  0.0265  0.0267
niter,ni,del,rscale     2    3    5.0000    0.5000
parameters
   -2.7764   -4.6323   -1.9225   -9.3306  -23.4518   -9.1991
    5.8730    4.5759   -6.7013   30.0902   -2.9155  -47.2474
eta,q 0.97377  9.18423
  0.0269  0.0268  0.0266  0.0268  0.0267  0.0267  0.0268  0.0271  0.0267  0.0270  0.0265  0.0266
  0.0265  0.0265  0.0264  0.0265  0.0264  0.0265  0.0265  0.0266  0.0264  0.0266  0.0263  0.0264
  0.0263  0.0263  0.0263  0.0263  0.0263  0.0263  0.0263  0.0263  0.0263  0.0263  0.0262  0.0263
  0.0262  0.0262  0.0262  0.0262  0.0262  0.0262  0.0262  0.0262  0.0262  0.0262  0.0262  0.0262
  0.0263  0.0263  0.0263  0.0263  0.0263  0.0262  0.0263  0.0263  0.0263  0.0263  0.0263  0.0263
  0.0266  0.0265  0.0264  0.0265  0.0264  0.0264  0.0265  0.0266  0.0264  0.0265  0.0263  0.0264
  0.0270  0.0268  0.0265  0.0267  0.0267  0.0267  0.0268  0.0271  0.0267  0.0269  0.0264  0.0266
niter,ni,del,rscale     1    3    5.0000    0.4000
parameters
   -2.7909   -4.6383   -1.8928   -9.2738  -23.4475   -9.0456
    5.8834    4.5743   -6.7101   30.1163   -2.8939  -47.1876
eta,q 0.97378  9.19149
  0.0267  0.0266  0.0265  0.0266  0.0265  0.0266  0.0266  0.0268  0.0265  0.0267  0.0264  0.0265
  0.0264  0.0264  0.0263  0.0264  0.0263  0.0264  0.0264  0.0265  0.0264  0.0264  0.0263  0.0263
  0.0263  0.0263  0.0263  0.0263  0.0263  0.0263  0.0263  0.0263  0.0263  0.0263  0.0262  0.0263
  0.0262  0.0262  0.0262  0.0262  0.0262  0.0262  0.0262  0.0262  0.0262  0.0262  0.0262  0.0262
  0.0263  0.0263  0.0262  0.0263  0.0263  0.0262  0.0263  0.0263  0.0263  0.0263  0.0262  0.0262
  0.0264  0.0264  0.0263  0.0264  0.0263  0.0263  0.0264  0.0265  0.0264  0.0264  0.0263  0.0263
  0.0267  0.0266  0.0264  0.0266  0.0265  0.0265  0.0266  0.0268  0.0265  0.0267  0.0264  0.0265
registration optimization eta report
parameter search radius
    0.8000    0.8000    0.8000    2.4000    2.4000    2.4000
    2.4000    2.4000    2.4000    2.4000    2.4000    2.4000
100000*second partial in parameter space
       71.       56.       34.        6.        5.        5.
        6.       10.        5.        8.        2.        4.
  0.0267  0.0266  0.0265  0.0266  0.0265  0.0266  0.0266  0.0268  0.0265  0.0267  0.0264  0.0265
  0.0264  0.0264  0.0263  0.0264  0.0263  0.0264  0.0264  0.0265  0.0264  0.0264  0.0263  0.0263
  0.0263  0.0263  0.0263  0.0263  0.0263  0.0263  0.0263  0.0263  0.0263  0.0263  0.0262  0.0263
  0.0262  0.0262  0.0262  0.0262  0.0262  0.0262  0.0262  0.0262  0.0262  0.0262  0.0262  0.0262
  0.0263  0.0263  0.0262  0.0263  0.0263  0.0262  0.0263  0.0263  0.0263  0.0263  0.0262  0.0262
  0.0264  0.0264  0.0263  0.0264  0.0263  0.0263  0.0264  0.0265  0.0264  0.0264  0.0263  0.0263
  0.0267  0.0266  0.0264  0.0266  0.0265  0.0265  0.0266  0.0268  0.0265  0.0267  0.0264  0.0265
   -2.7909   -4.6383   -1.8928   -9.2738  -23.4475   -9.0456
    5.8834    4.5743   -6.7101   30.1163   -2.8939  -47.1876
eta,q 0.97378  9.19149

---------------------------------------------------------------------
imgreg_4dfp /opt/freesurfer/average/711-2C_as_mni_average_305 /opt/freesurfer/average/711-2B_as_mni_average_305_mask talsrcimg_g11 none talsrcimg_to_711-2C_as_mni_average_305_t4 2311
---------------------------------------------------------------------

freesurfer imgreg_4dfp.c
/opt/freesurfer/average/711-2C_as_mni_average_305.4dfp.img
       256       256       256         1
  1.000000  1.000000  1.000000
orientation T byte_order littleendian
Reading image: /opt/freesurfer/average/711-2C_as_mni_average_305.4dfp.img
dimensions:      256       256       256
mmppix:       1.0000   -1.0000   -1.0000
center:     128.0000 -129.0000 -129.0000
/opt/freesurfer/average/711-2B_as_mni_average_305_mask.4dfp.img
       256       256       256         1
  1.000000  1.000000  1.000000
orientation T byte_order littleendian
Reading mask: /opt/freesurfer/average/711-2B_as_mni_average_305_mask.4dfp.img (2306576 pixels)
talsrcimg_g11.4dfp.img
       256       256       256         1
  1.000000  1.000000  1.000000
orientation T byte_order littleendian
Reading image: talsrcimg_g11.4dfp.img
dimensions:      256       256       256
mmppix:       1.0000   -1.0000   -1.0000
center:     128.0000 -129.0000 -129.0000
fimgreg.f
image alignment mode   2311 decimal      907 hex
parameters
   -2.7909   -4.6383   -1.8928   -9.2738  -23.4475   -9.0456
    5.8834    4.5743   -6.7101   30.1163   -2.8939  -47.1876
eta,q 0.97378  9.19148
niter,ni,del,rscale     5    3    5.0000    0.8000
parameters
   -2.7966   -4.6144   -1.8839   -9.5305  -23.6097   -9.5211
    5.9350    4.5723   -6.7102   29.9862   -3.0506  -47.3206
eta,q 0.97375  9.15706
  0.0280  0.0277  0.0271  0.0273  0.0272  0.0272  0.0276  0.0285  0.0274  0.0279  0.0267  0.0270
  0.0270  0.0269  0.0266  0.0268  0.0267  0.0267  0.0269  0.0272  0.0268  0.0270  0.0265  0.0266
  0.0264  0.0264  0.0263  0.0264  0.0264  0.0264  0.0264  0.0265  0.0264  0.0264  0.0263  0.0263
  0.0262  0.0262  0.0262  0.0262  0.0262  0.0262  0.0263  0.0263  0.0263  0.0263  0.0263  0.0263
  0.0264  0.0264  0.0263  0.0264  0.0264  0.0263  0.0264  0.0265  0.0264  0.0265  0.0263  0.0264
  0.0270  0.0268  0.0266  0.0269  0.0267  0.0269  0.0268  0.0273  0.0268  0.0271  0.0265  0.0267
  0.0280  0.0276  0.0271  0.0277  0.0274  0.0280  0.0275  0.0284  0.0274  0.0281  0.0268  0.0271
niter,ni,del,rscale     4    3    5.0000    0.7000
parameters
   -2.7551   -4.6083   -1.9321   -9.4833  -23.5121   -9.5345
    5.8685    4.5859   -6.7066   30.0022   -3.0404  -47.3479
eta,q 0.97376  9.16349
  0.0277  0.0273  0.0268  0.0272  0.0271  0.0271  0.0272  0.0280  0.0272  0.0276  0.0267  0.0269
  0.0269  0.0267  0.0265  0.0267  0.0267  0.0267  0.0267  0.0270  0.0267  0.0269  0.0264  0.0265
  0.0264  0.0264  0.0263  0.0264  0.0264  0.0264  0.0264  0.0264  0.0263  0.0264  0.0263  0.0263
  0.0262  0.0262  0.0262  0.0262  0.0262  0.0262  0.0262  0.0262  0.0262  0.0262  0.0262  0.0262
  0.0264  0.0264  0.0263  0.0263  0.0263  0.0263  0.0264  0.0265  0.0264  0.0264  0.0263  0.0263
  0.0268  0.0267  0.0266  0.0267  0.0266  0.0266  0.0267  0.0270  0.0267  0.0269  0.0264  0.0266
  0.0275  0.0273  0.0269  0.0272  0.0271  0.0273  0.0273  0.0279  0.0272  0.0276  0.0266  0.0269
niter,ni,del,rscale     3    3    5.0000    0.6000
parameters
   -2.7574   -4.6205   -1.9350   -9.4042  -23.4763   -9.3810
    5.8625    4.5819   -6.7036   30.0422   -2.9828  -47.3095
eta,q 0.97376  9.17375
  0.0272  0.0270  0.0267  0.0270  0.0269  0.0269  0.0270  0.0275  0.0269  0.0273  0.0266  0.0267
  0.0267  0.0266  0.0265  0.0266  0.0265  0.0266  0.0266  0.0268  0.0265  0.0267  0.0264  0.0265
  0.0263  0.0263  0.0263  0.0264  0.0263  0.0264  0.0263  0.0264  0.0263  0.0264  0.0263  0.0263
  0.0262  0.0262  0.0262  0.0262  0.0262  0.0262  0.0262  0.0262  0.0262  0.0262  0.0262  0.0262
  0.0264  0.0263  0.0263  0.0263  0.0263  0.0263  0.0263  0.0264  0.0263  0.0264  0.0263  0.0263
  0.0267  0.0266  0.0265  0.0265  0.0265  0.0264  0.0266  0.0268  0.0265  0.0267  0.0264  0.0265
  0.0272  0.0270  0.0267  0.0270  0.0269  0.0269  0.0270  0.0275  0.0269  0.0272  0.0265  0.0267
niter,ni,del,rscale     2    3    5.0000    0.5000
parameters
   -2.7717   -4.6310   -1.9164   -9.3342  -23.4580   -9.2060
    5.8763    4.5776   -6.7074   30.0834   -2.9394  -47.2482
eta,q 0.97377  9.18338
  0.0269  0.0268  0.0266  0.0268  0.0267  0.0267  0.0268  0.0271  0.0267  0.0270  0.0265  0.0266
  0.0265  0.0265  0.0264  0.0265  0.0264  0.0265  0.0265  0.0266  0.0264  0.0266  0.0263  0.0264
  0.0263  0.0263  0.0263  0.0263  0.0263  0.0263  0.0263  0.0263  0.0263  0.0263  0.0263  0.0263
  0.0262  0.0262  0.0262  0.0262  0.0262  0.0262  0.0262  0.0262  0.0262  0.0262  0.0262  0.0262
  0.0263  0.0263  0.0263  0.0263  0.0263  0.0262  0.0263  0.0263  0.0263  0.0263  0.0262  0.0263
  0.0266  0.0265  0.0264  0.0265  0.0264  0.0264  0.0265  0.0266  0.0264  0.0265  0.0263  0.0264
  0.0270  0.0268  0.0266  0.0267  0.0267  0.0267  0.0268  0.0271  0.0267  0.0269  0.0264  0.0266
niter,ni,del,rscale     1    3    5.0000    0.4000
parameters
   -2.7907   -4.6372   -1.8898   -9.2743  -23.4499   -9.0440
    5.8866    4.5784   -6.7105   30.1123   -2.8901  -47.1820
eta,q 0.97378  9.19126
  0.0267  0.0266  0.0265  0.0266  0.0265  0.0266  0.0266  0.0268  0.0265  0.0267  0.0264  0.0265
  0.0264  0.0264  0.0263  0.0264  0.0264  0.0264  0.0264  0.0265  0.0264  0.0264  0.0263  0.0263
  0.0263  0.0263  0.0263  0.0263  0.0263  0.0263  0.0263  0.0263  0.0263  0.0263  0.0262  0.0263
  0.0262  0.0262  0.0262  0.0262  0.0262  0.0262  0.0262  0.0262  0.0262  0.0262  0.0262  0.0262
  0.0263  0.0263  0.0262  0.0263  0.0263  0.0262  0.0263  0.0263  0.0263  0.0263  0.0262  0.0262
  0.0264  0.0264  0.0263  0.0264  0.0263  0.0263  0.0264  0.0265  0.0264  0.0264  0.0263  0.0263
  0.0267  0.0266  0.0264  0.0266  0.0265  0.0265  0.0266  0.0268  0.0265  0.0267  0.0264  0.0264
registration optimization eta report
parameter search radius
    0.8000    0.8000    0.8000    2.4000    2.4000    2.4000
    2.4000    2.4000    2.4000    2.4000    2.4000    2.4000
100000*second partial in parameter space
       70.       56.       35.        6.        5.        5.
        6.       10.        5.        8.        2.        4.
  0.0267  0.0266  0.0265  0.0266  0.0265  0.0266  0.0266  0.0268  0.0265  0.0267  0.0264  0.0265
  0.0264  0.0264  0.0263  0.0264  0.0264  0.0264  0.0264  0.0265  0.0264  0.0264  0.0263  0.0263
  0.0263  0.0263  0.0263  0.0263  0.0263  0.0263  0.0263  0.0263  0.0263  0.0263  0.0262  0.0263
  0.0262  0.0262  0.0262  0.0262  0.0262  0.0262  0.0262  0.0262  0.0262  0.0262  0.0262  0.0262
  0.0263  0.0263  0.0262  0.0263  0.0263  0.0262  0.0263  0.0263  0.0263  0.0263  0.0262  0.0262
  0.0264  0.0264  0.0263  0.0264  0.0263  0.0263  0.0264  0.0265  0.0264  0.0264  0.0263  0.0263
  0.0267  0.0266  0.0264  0.0266  0.0265  0.0265  0.0266  0.0268  0.0265  0.0267  0.0264  0.0264
   -2.7907   -4.6372   -1.8898   -9.2743  -23.4499   -9.0440
    5.8866    4.5784   -6.7105   30.1123   -2.8901  -47.1820
eta,q 0.97378  9.19126

---------------------------------------------------------------------
compute_vox2vox talsrcimg talsrcimg_to_711-2C_as_mni_average_305_t4 /opt/freesurfer/average/711-2C_as_mni_average_305
---------------------------------------------------------------------

freesurfer compute_vox2vox.c
Reading: talsrcimg.4dfp.ifh
Reading: talsrcimg_to_711-2C_as_mni_average_305_t4
Reading: /opt/freesurfer/average/711-2C_as_mni_average_305.4dfp.ifh
Writing: talsrcimg_to_711-2C_as_mni_average_305_t4_vox2vox.txt

start time Thu Mar 12 05:14:18 CET 2026
end		time Thu Mar 12 05:15:48 CET 2026

mpr2mni305 success

avi2talxfm orig_nu.mgz /opt/freesurfer/average/mni305.cor.mgz talsrcimg_to_711-2C_as_mni_average_305_t4_vox2vox.txt transforms/talairach.auto.xfm
avi2talxfm done
mv -f /out/sourcedata/freesurfer/sub-v1s10x0051048_ses-1/mri/talsrcimg_to_711-2C_as_mni_average_305_t4_vox2vox.txt /out/sourcedata/freesurfer/sub-v1s10x0051048_ses-1/mri/transforms/talsrcimg_to_711-2C_as_mni_average_305_t4_vox2vox.txt
lta_convert --src orig_nu.mgz --trg /opt/freesurfer/average/mni305.cor.mgz --inxfm transforms/talairach.auto.xfm --outlta transforms/talairach.auto.xfm.lta --subject fsaverage
7.3.2

--src: orig_nu.mgz src image (geometry).
--trg: /opt/freesurfer/average/mni305.cor.mgz trg image (geometry).
--inmni: transforms/talairach.auto.xfm input MNI/XFM transform.
--outlta: transforms/talairach.auto.xfm.lta output LTA.
--s: fsaverage subject name
 LTA read, type : 1
 1.09425  -0.02261  -0.09808  -9.21825;
 0.07020   0.91166   0.55651   2.58803;
 0.06831  -0.36060   1.07882   3.47620;
 0.00000   0.00000   0.00000   1.00000;
setting subject to fsaverage
Writing  LTA to file transforms/talairach.auto.xfm.lta...
lta_convert successful.
 
 
Started at Thu Mar 12 05:14:17 CET 2026
Ended   at Thu Mar 12 05:15:48 CET 2026
talairach_avi done
