status file for recon-all
Thu Mar 12 12:00:01 CET 2026
#@# Tessellate rh Thu Mar 12 12:00:01 CET 2026
#@# Smooth1 rh Thu Mar 12 12:00:05 CET 2026
#@# Inflation1 rh Thu Mar 12 12:00:08 CET 2026
#@# QSphere rh Thu Mar 12 12:00:21 CET 2026
#@# Fix Topology rh Thu Mar 12 12:01:36 CET 2026
#@# Smooth2 rh Thu Mar 12 12:09:18 CET 2026
#@# Inflation2 rh Thu Mar 12 12:09:21 CET 2026
#@# Curv .H and .K rh Thu Mar 12 12:09:36 CET 2026
#@# Sphere rh Thu Mar 12 12:10:21 CET 2026
#@# Surf Reg rh Thu Mar 12 12:13:29 CET 2026
#@# Jacobian white rh Thu Mar 12 12:16:56 CET 2026
#@# AvgCurv rh Thu Mar 12 12:16:57 CET 2026
#@# Cortical Parc rh Thu Mar 12 12:16:58 CET 2026
#@# white curv rh Thu Mar 12 12:23:28 CET 2026
#@# white area rh Thu Mar 12 12:23:30 CET 2026
#@# pial curv rh Thu Mar 12 12:23:31 CET 2026
#@# pial area rh Thu Mar 12 12:23:33 CET 2026
#@# thickness rh Thu Mar 12 12:23:33 CET 2026
#@# area and vertex vol rh Thu Mar 12 12:24:05 CET 2026
#@# Curvature Stats rh Thu Mar 12 12:24:07 CET 2026
#@# Cortical Parc 2 rh Thu Mar 12 12:24:09 CET 2026
#@# Cortical Parc 3 rh Thu Mar 12 12:24:23 CET 2026
#@# WM/GM Contrast rh Thu Mar 12 12:24:33 CET 2026
recon-all -s sub-v1s10x0051154_ses-1 finished without error at Thu Mar 12 12:24:37 CET 2026



#New# invocation of recon-all 



status file for recon-all
Thu Mar 12 12:33:59 CET 2026
#@# white curv rh Thu Mar 12 12:33:59 CET 2026
#@# white area rh Thu Mar 12 12:33:59 CET 2026
#@# pial curv rh Thu Mar 12 12:33:59 CET 2026
#@# pial area rh Thu Mar 12 12:33:59 CET 2026
#@# thickness rh Thu Mar 12 12:33:59 CET 2026
#@# area and vertex vol rh Thu Mar 12 12:33:59 CET 2026
#@# Parcellation Stats rh Thu Mar 12 12:33:59 CET 2026
#@# Parcellation Stats 2 rh Thu Mar 12 12:34:18 CET 2026
#@# Parcellation Stats 3 rh Thu Mar 12 12:34:27 CET 2026
#@# BA_exvivo Labels rh Thu Mar 12 12:34:36 CET 2026
recon-all -s sub-v1s10x0051154_ses-1 finished without error at Thu Mar 12 12:37:16 CET 2026
