status file for recon-all
Thu Mar 12 09:47:30 CET 2026
#@# MotionCor Thu Mar 12 09:47:32 CET 2026
#@# Talairach Thu Mar 12 09:47:42 CET 2026
#@# Talairach Failure Detection Thu Mar 12 09:52:06 CET 2026
#@# Nu Intensity Correction Thu Mar 12 09:52:06 CET 2026
#@# Intensity Normalization Thu Mar 12 09:55:23 CET 2026
recon-all -s sub-v1s10x0051154_ses-1 finished without error at Thu Mar 12 09:56:58 CET 2026



#New# invocation of recon-all 



status file for recon-all
Thu Mar 12 10:04:03 CET 2026
#@# EM Registration Thu Mar 12 10:04:03 CET 2026
recon-all -s sub-v1s10x0051154_ses-1 finished without error at Thu Mar 12 10:05:54 CET 2026



#New# invocation of recon-all 



status file for recon-all
Thu Mar 12 10:05:57 CET 2026
#@# CA Normalize Thu Mar 12 10:05:57 CET 2026
#@# CA Reg Thu Mar 12 10:07:18 CET 2026
#@# SubCort Seg Thu Mar 12 11:00:46 CET 2026
#@# CC Seg Thu Mar 12 11:29:36 CET 2026
#@# Merge ASeg Thu Mar 12 11:30:11 CET 2026
#@# Intensity Normalization2 Thu Mar 12 11:30:12 CET 2026
#@# Mask BFS Thu Mar 12 11:32:25 CET 2026
#@# WM Segmentation Thu Mar 12 11:32:26 CET 2026
#@# Fill Thu Mar 12 11:34:28 CET 2026
recon-all -s sub-v1s10x0051154_ses-1 finished without error at Thu Mar 12 11:35:31 CET 2026



#New# invocation of recon-all 



status file for recon-all
Thu Mar 12 12:24:41 CET 2026
#@# white curv lh Thu Mar 12 12:24:41 CET 2026
#@# white area lh Thu Mar 12 12:24:41 CET 2026
#@# pial curv lh Thu Mar 12 12:24:41 CET 2026
#@# pial area lh Thu Mar 12 12:24:41 CET 2026
#@# thickness lh Thu Mar 12 12:24:41 CET 2026
#@# area and vertex vol lh Thu Mar 12 12:24:41 CET 2026
#@# white curv rh Thu Mar 12 12:24:41 CET 2026
#@# white area rh Thu Mar 12 12:24:41 CET 2026
#@# pial curv rh Thu Mar 12 12:24:41 CET 2026
#@# pial area rh Thu Mar 12 12:24:41 CET 2026
#@# thickness rh Thu Mar 12 12:24:41 CET 2026
#@# area and vertex vol rh Thu Mar 12 12:24:41 CET 2026
#@# Cortical ribbon mask Thu Mar 12 12:24:41 CET 2026
recon-all -s sub-v1s10x0051154_ses-1 finished without error at Thu Mar 12 12:30:33 CET 2026



#New# invocation of recon-all 



status file for recon-all
Thu Mar 12 12:37:19 CET 2026
#@# white curv lh Thu Mar 12 12:37:19 CET 2026
#@# white area lh Thu Mar 12 12:37:19 CET 2026
#@# pial curv lh Thu Mar 12 12:37:19 CET 2026
#@# pial area lh Thu Mar 12 12:37:19 CET 2026
#@# thickness lh Thu Mar 12 12:37:19 CET 2026
#@# area and vertex vol lh Thu Mar 12 12:37:19 CET 2026
#@# white curv rh Thu Mar 12 12:37:20 CET 2026
#@# white area rh Thu Mar 12 12:37:20 CET 2026
#@# pial curv rh Thu Mar 12 12:37:20 CET 2026
#@# pial area rh Thu Mar 12 12:37:20 CET 2026
#@# thickness rh Thu Mar 12 12:37:20 CET 2026
#@# area and vertex vol rh Thu Mar 12 12:37:20 CET 2026
#@# Curvature Stats lh Thu Mar 12 12:37:20 CET 2026
#@# Curvature Stats rh Thu Mar 12 12:37:22 CET 2026
#@# Relabel Hypointensities Thu Mar 12 12:37:25 CET 2026
#@# APas-to-ASeg Thu Mar 12 12:37:40 CET 2026
#@# AParc-to-ASeg aparc Thu Mar 12 12:37:49 CET 2026
#@# AParc-to-ASeg aparc.a2009s Thu Mar 12 12:38:16 CET 2026
#@# AParc-to-ASeg aparc.DKTatlas Thu Mar 12 12:38:47 CET 2026
#@# WMParc Thu Mar 12 12:39:19 CET 2026
#@# ASeg Stats Thu Mar 12 12:43:31 CET 2026
recon-all -s sub-v1s10x0051154_ses-1 finished without error at Thu Mar 12 12:44:09 CET 2026
