status file for recon-all
Thu Mar 12 11:35:35 CET 2026
#@# Tessellate lh Thu Mar 12 11:35:35 CET 2026
#@# Smooth1 lh Thu Mar 12 11:35:39 CET 2026
#@# Inflation1 lh Thu Mar 12 11:35:41 CET 2026
#@# QSphere lh Thu Mar 12 11:35:54 CET 2026
#@# Fix Topology lh Thu Mar 12 11:36:59 CET 2026
#@# Smooth2 lh Thu Mar 12 11:44:51 CET 2026
#@# Inflation2 lh Thu Mar 12 11:44:54 CET 2026
#@# Curv .H and .K lh Thu Mar 12 11:45:11 CET 2026
#@# Sphere lh Thu Mar 12 11:45:57 CET 2026
#@# Surf Reg lh Thu Mar 12 11:48:18 CET 2026
#@# Jacobian white lh Thu Mar 12 11:51:42 CET 2026
#@# AvgCurv lh Thu Mar 12 11:51:43 CET 2026
#@# Cortical Parc lh Thu Mar 12 11:51:44 CET 2026
#@# white curv lh Thu Mar 12 11:58:49 CET 2026
#@# white area lh Thu Mar 12 11:58:51 CET 2026
#@# pial curv lh Thu Mar 12 11:58:52 CET 2026
#@# pial area lh Thu Mar 12 11:58:54 CET 2026
#@# thickness lh Thu Mar 12 11:58:55 CET 2026
#@# area and vertex vol lh Thu Mar 12 11:59:25 CET 2026
#@# Curvature Stats lh Thu Mar 12 11:59:27 CET 2026
#@# Cortical Parc 2 lh Thu Mar 12 11:59:29 CET 2026
#@# Cortical Parc 3 lh Thu Mar 12 11:59:42 CET 2026
#@# WM/GM Contrast lh Thu Mar 12 11:59:52 CET 2026
recon-all -s sub-v1s10x0051154_ses-1 finished without error at Thu Mar 12 11:59:57 CET 2026



#New# invocation of recon-all 



status file for recon-all
Thu Mar 12 12:30:38 CET 2026
#@# white curv lh Thu Mar 12 12:30:38 CET 2026
#@# white area lh Thu Mar 12 12:30:38 CET 2026
#@# pial curv lh Thu Mar 12 12:30:38 CET 2026
#@# pial area lh Thu Mar 12 12:30:38 CET 2026
#@# thickness lh Thu Mar 12 12:30:38 CET 2026
#@# area and vertex vol lh Thu Mar 12 12:30:38 CET 2026
#@# Parcellation Stats lh Thu Mar 12 12:30:38 CET 2026
#@# Parcellation Stats 2 lh Thu Mar 12 12:30:57 CET 2026
#@# Parcellation Stats 3 lh Thu Mar 12 12:31:06 CET 2026
#@# BA_exvivo Labels lh Thu Mar 12 12:31:16 CET 2026
recon-all -s sub-v1s10x0051154_ses-1 finished without error at Thu Mar 12 12:33:57 CET 2026
