status file for recon-all
Thu Mar 12 08:00:12 CET 2026
#@# MotionCor Thu Mar 12 08:00:13 CET 2026
#@# Talairach Thu Mar 12 08:00:23 CET 2026
#@# Talairach Failure Detection Thu Mar 12 08:04:48 CET 2026
#@# Nu Intensity Correction Thu Mar 12 08:04:48 CET 2026
#@# Intensity Normalization Thu Mar 12 08:08:06 CET 2026
recon-all -s sub-v1s10x0051115_ses-1 finished without error at Thu Mar 12 08:09:34 CET 2026



#New# invocation of recon-all 



status file for recon-all
Thu Mar 12 08:16:54 CET 2026
#@# EM Registration Thu Mar 12 08:16:54 CET 2026
recon-all -s sub-v1s10x0051115_ses-1 finished without error at Thu Mar 12 08:19:07 CET 2026



#New# invocation of recon-all 



status file for recon-all
Thu Mar 12 08:19:10 CET 2026
#@# CA Normalize Thu Mar 12 08:19:10 CET 2026
#@# CA Reg Thu Mar 12 08:20:32 CET 2026
#@# SubCort Seg Thu Mar 12 09:12:32 CET 2026
#@# CC Seg Thu Mar 12 09:44:43 CET 2026
#@# Merge ASeg Thu Mar 12 09:45:24 CET 2026
#@# Intensity Normalization2 Thu Mar 12 09:45:24 CET 2026
#@# Mask BFS Thu Mar 12 09:47:39 CET 2026
#@# WM Segmentation Thu Mar 12 09:47:40 CET 2026
#@# Fill Thu Mar 12 09:49:35 CET 2026
recon-all -s sub-v1s10x0051115_ses-1 finished without error at Thu Mar 12 09:50:41 CET 2026



#New# invocation of recon-all 



status file for recon-all
Thu Mar 12 10:39:42 CET 2026
#@# white curv lh Thu Mar 12 10:39:42 CET 2026
#@# white area lh Thu Mar 12 10:39:42 CET 2026
#@# pial curv lh Thu Mar 12 10:39:42 CET 2026
#@# pial area lh Thu Mar 12 10:39:42 CET 2026
#@# thickness lh Thu Mar 12 10:39:42 CET 2026
#@# area and vertex vol lh Thu Mar 12 10:39:42 CET 2026
#@# white curv rh Thu Mar 12 10:39:42 CET 2026
#@# white area rh Thu Mar 12 10:39:42 CET 2026
#@# pial curv rh Thu Mar 12 10:39:42 CET 2026
#@# pial area rh Thu Mar 12 10:39:42 CET 2026
#@# thickness rh Thu Mar 12 10:39:42 CET 2026
#@# area and vertex vol rh Thu Mar 12 10:39:42 CET 2026
#@# Cortical ribbon mask Thu Mar 12 10:39:42 CET 2026
recon-all -s sub-v1s10x0051115_ses-1 finished without error at Thu Mar 12 10:46:32 CET 2026



#New# invocation of recon-all 



status file for recon-all
Thu Mar 12 10:53:38 CET 2026
#@# white curv lh Thu Mar 12 10:53:38 CET 2026
#@# white area lh Thu Mar 12 10:53:38 CET 2026
#@# pial curv lh Thu Mar 12 10:53:38 CET 2026
#@# pial area lh Thu Mar 12 10:53:38 CET 2026
#@# thickness lh Thu Mar 12 10:53:38 CET 2026
#@# area and vertex vol lh Thu Mar 12 10:53:38 CET 2026
#@# white curv rh Thu Mar 12 10:53:38 CET 2026
#@# white area rh Thu Mar 12 10:53:38 CET 2026
#@# pial curv rh Thu Mar 12 10:53:38 CET 2026
#@# pial area rh Thu Mar 12 10:53:38 CET 2026
#@# thickness rh Thu Mar 12 10:53:39 CET 2026
#@# area and vertex vol rh Thu Mar 12 10:53:39 CET 2026
#@# Curvature Stats lh Thu Mar 12 10:53:39 CET 2026
#@# Curvature Stats rh Thu Mar 12 10:53:41 CET 2026
#@# Relabel Hypointensities Thu Mar 12 10:53:44 CET 2026
#@# APas-to-ASeg Thu Mar 12 10:54:01 CET 2026
#@# AParc-to-ASeg aparc Thu Mar 12 10:54:09 CET 2026
#@# AParc-to-ASeg aparc.a2009s Thu Mar 12 10:54:49 CET 2026
#@# AParc-to-ASeg aparc.DKTatlas Thu Mar 12 10:55:30 CET 2026
#@# WMParc Thu Mar 12 10:56:12 CET 2026
#@# ASeg Stats Thu Mar 12 11:00:22 CET 2026
recon-all -s sub-v1s10x0051115_ses-1 finished without error at Thu Mar 12 11:01:06 CET 2026
