/out/sourcedata/freesurfer/sub-v1s10x0051008_ses-1/mri
/opt/freesurfer/bin/talairach_avi
--i orig_nu.mgz --xfm transforms/talairach.auto.xfm
talairach_avi 7.3.2
Linux dna034 5.14.0-427.37.1.el9_4.x86_64 #1 SMP PREEMPT_DYNAMIC Fri Sep 13 12:41:50 EDT 2024 x86_64 x86_64 x86_64 GNU/Linux
Thu Mar 12 01:57:55 CET 2026
mri_convert orig_nu.mgz talsrcimg.img 
reading from orig_nu.mgz...
TR=0.00, TE=0.00, TI=0.00, flip angle=0.00
i_ras = (-1, 0, 0)
j_ras = (0, 0, -1)
k_ras = (0, 1, 0)
writing to talsrcimg.img...
Analyze Output Matrix
-1.00000   0.00000   0.00000   129.66513;
 0.00000   0.00000   1.00000  -128.00000;
 0.00000  -1.00000   0.00000   130.00000;
 0.00000   0.00000   0.00000   1.00000;
--------------------
INFO: set hdr.hist.orient to -1
mpr2mni305 talsrcimg
Thu Mar 12 01:57:56 CET 2026
/opt/freesurfer/bin/mpr2mni305 talsrcimg
mpr2mni305 7.3.2
target=711-2C_as_mni_average_305

---------------------------------------------------------------------
analyzeto4dfp talsrcimg -O0 -y
---------------------------------------------------------------------

freesurfer ifh2hdr.c
Thu Mar 12 01:57:56 2026
Writing: talsrcimg.4dfp.hdr
freesurfer analyzeto4dfp.c
Reading: talsrcimg.hdr
header size 348 bytes
hdr.dime.datatype	offset=70	value=2
hdr.dime.bitpix		offset=72	value=8
hdr.hist.orient		offset=252	value=-1
dimensionality     4
dimensions       256       256       256         1
Reading: talsrcimg.img
Writing: talsrcimg.4dfp.img
Writing: talsrcimg.4dfp.ifh
ifh2hdr talsrcimg -r0to225
ori=2

---------------------------------------------------------------------
gauss_4dfp talsrcimg 1.1
---------------------------------------------------------------------

freesurfer gauss_4dfp.c
Reading: talsrcimg.4dfp.img
Writing: talsrcimg_g11.4dfp.img
image dimensions 256 256 256 padded to 288 288 288
processing volume 1freesurfer ifh2hdr.c
Thu Mar 12 01:57:58 2026
Writing: talsrcimg_g11.4dfp.hdr

Writing: talsrcimg_g11.4dfp.ifh
including: talsrcimg.4dfp.img.rec in talsrcimg_g11.4dfp.img.rec

---------------------------------------------------------------------
imgreg_4dfp /opt/freesurfer/average/711-2C_as_mni_average_305 none talsrcimg_g11 none talsrcimg_to_711-2C_as_mni_average_305_t4 4355
---------------------------------------------------------------------

freesurfer imgreg_4dfp.c
/opt/freesurfer/average/711-2C_as_mni_average_305.4dfp.img
       256       256       256         1
  1.000000  1.000000  1.000000
orientation T byte_order littleendian
Reading image: /opt/freesurfer/average/711-2C_as_mni_average_305.4dfp.img
dimensions:      256       256       256
mmppix:       1.0000   -1.0000   -1.0000
center:     128.0000 -129.0000 -129.0000
talsrcimg_g11.4dfp.img
       256       256       256         1
  1.000000  1.000000  1.000000
orientation T byte_order littleendian
Reading image: talsrcimg_g11.4dfp.img
dimensions:      256       256       256
mmppix:       1.0000   -1.0000   -1.0000
center:     128.0000 -129.0000 -129.0000
t4_read: open error in t4_sub.f l:  41 t4_file(1:l)talsrcimg_to_711-2C_as_mni_average_305_t4 
t4_read: transform initialized to I4
rotation matrix determinant  1.000000
image alignment mode   4355 decimal     1103 hex
   -7.5000  -45.0000  -45.0000 9633.0762   16.2526
    0.0000  -45.0000  -45.0000 9862.8867   16.2138
    7.5000  -45.0000  -45.0000 9318.0771   16.1742
   -7.5000  -37.5000  -45.0000 9850.7803   16.2380
    0.0000  -37.5000  -45.000010110.9258   16.1977
    7.5000  -37.5000  -45.0000 9544.2666   16.1608
   -7.5000  -30.0000  -45.000010417.7383   16.2223
    0.0000  -30.0000  -45.000010682.6475   16.1823
    7.5000  -30.0000  -45.000010101.4404   16.1415
   -7.5000  -22.5000  -45.000010944.9619   16.2217
    0.0000  -22.5000  -45.000011198.1855   16.1825
    7.5000  -22.5000  -45.000010576.4277   16.1341
   -7.5000  -15.0000  -45.000011366.1494   16.2377
    0.0000  -15.0000  -45.000011640.6016   16.2002
    7.5000  -15.0000  -45.000010983.9883   16.1483
   -7.5000   -7.5000  -45.000011694.1035   16.2528
    0.0000   -7.5000  -45.000011989.2891   16.2161
    7.5000   -7.5000  -45.000011300.0566   16.1691
   -7.5000    0.0000  -45.000011848.1709   16.2526
    0.0000    0.0000  -45.000012123.1514   16.2138
    7.5000    0.0000  -45.000011408.9482   16.1742
   -7.5000    7.5000  -45.000011062.3408   16.2380
    0.0000    7.5000  -45.000011293.2627   16.1977
    7.5000    7.5000  -45.000010604.1201   16.1608
   -7.5000   15.0000  -45.000010182.9033   16.2228
    0.0000   15.0000  -45.000010390.1924   16.1827
    7.5000   15.0000  -45.0000 9771.8750   16.1420
   -7.5000   22.5000  -45.0000 9207.3145   16.2322
    0.0000   22.5000  -45.0000 9399.2363   16.1930
    7.5000   22.5000  -45.0000 8810.9014   16.1447
   -7.5000   30.0000  -45.0000 8179.9814   16.0739
    0.0000   30.0000  -45.0000 8350.8906   16.0370
    7.5000   30.0000  -45.0000 7815.0620   15.9858
   -7.5000   37.5000  -45.0000 7447.5195   16.1937
    0.0000   37.5000  -45.0000 7591.7241   16.1575
    7.5000   37.5000  -45.0000 7086.6138   16.1110
   -7.5000   45.0000  -45.0000 6412.9819   15.9802
    0.0000   45.0000  -45.0000 6567.0439   15.9426
    7.5000   45.0000  -45.0000 6121.3901   15.9049
   -7.5000  -45.0000  -37.500010135.2656   16.2273
    0.0000  -45.0000  -37.500010400.4082   16.1815
    7.5000  -45.0000  -37.5000 9833.0703   16.1410
   -7.5000  -37.5000  -37.500010374.6621   16.2093
    0.0000  -37.5000  -37.500010672.4561   16.1628
    7.5000  -37.5000  -37.500010069.0029   16.1245
   -7.5000  -30.0000  -37.500010978.1748   16.1932
    0.0000  -30.0000  -37.500011281.5107   16.1495
    7.5000  -30.0000  -37.500010658.6777   16.1057
   -7.5000  -22.5000  -37.500011507.1777   16.1962
    0.0000  -22.5000  -37.500011814.2676   16.1553
    7.5000  -22.5000  -37.500011144.1660   16.1032
   -7.5000  -15.0000  -37.500011919.6211   16.2154
    0.0000  -15.0000  -37.500012240.0674   16.1759
    7.5000  -15.0000  -37.500011536.0908   16.1214
   -7.5000   -7.5000  -37.500012244.5947   16.2303
    0.0000   -7.5000  -37.500012583.7754   16.1888
    7.5000   -7.5000  -37.500011857.3008   16.1406
   -7.5000    0.0000  -37.500012393.6895   16.2273
    0.0000    0.0000  -37.500012742.1768   16.1815
    7.5000    0.0000  -37.500012022.4424   16.1410
   -7.5000    7.5000  -37.500011559.9004   16.2093
    0.0000    7.5000  -37.500011838.7578   16.1628
    7.5000    7.5000  -37.500011154.8184   16.1245
   -7.5000   15.0000  -37.500010674.6338   16.1936
    0.0000   15.0000  -37.500010905.5957   16.1499
    7.5000   15.0000  -37.500010265.4893   16.1062
   -7.5000   22.5000  -37.5000 9618.5244   16.2069
    0.0000   22.5000  -37.5000 9832.7949   16.1658
    7.5000   22.5000  -37.5000 9250.2168   16.1137
   -7.5000   30.0000  -37.5000 8527.4609   16.0517
    0.0000   30.0000  -37.5000 8730.8623   16.0126
    7.5000   30.0000  -37.5000 8211.7969   15.9588
   -7.5000   37.5000  -37.5000 7743.9995   16.1712
    0.0000   37.5000  -37.5000 7919.8970   16.1301
    7.5000   37.5000  -37.5000 7429.5610   16.0826
   -7.5000   45.0000  -37.5000 6698.2739   15.9513
    0.0000   45.0000  -37.5000 6870.9683   15.9067
    7.5000   45.0000  -37.5000 6434.6880   15.8690
   -7.5000  -45.0000  -30.000010831.0508   16.8929
    0.0000  -45.0000  -30.000011143.4082   16.8462
    7.5000  -45.0000  -30.000010533.5137   16.8124
   -7.5000  -37.5000  -30.000011095.6279   16.8790
    0.0000  -37.5000  -30.000011428.6455   16.8331
    7.5000  -37.5000  -30.000010796.8213   16.7981
   -7.5000  -30.0000  -30.000011725.6904   16.8678
    0.0000  -30.0000  -30.000012090.2441   16.8271
    7.5000  -30.0000  -30.000011426.7012   16.7835
   -7.5000  -22.5000  -30.000012254.5723   16.8720
    0.0000  -22.5000  -30.000012635.5068   16.8353
    7.5000  -22.5000  -30.000011931.8486   16.7843
   -7.5000  -15.0000  -30.000012658.0361   16.8876
    0.0000  -15.0000  -30.000013044.3027   16.8518
    7.5000  -15.0000  -30.000012307.8613   16.8021
   -7.5000   -7.5000  -30.000012969.7539   16.8971
    0.0000   -7.5000  -30.000013388.2070   16.8566
    7.5000   -7.5000  -30.000012626.7500   16.8156
   -7.5000    0.0000  -30.000013143.1748   16.8929
    0.0000    0.0000  -30.000013558.8203   16.8462
    7.5000    0.0000  -30.000012811.9893   16.8124
   -7.5000    7.5000  -30.000012234.4434   16.8790
    0.0000    7.5000  -30.000012594.8857   16.8331
    7.5000    7.5000  -30.000011910.4980   16.7981
   -7.5000   15.0000  -30.000011309.7295   16.8683
    0.0000   15.0000  -30.000011588.0439   16.8276
    7.5000   15.0000  -30.000010914.3857   16.7841
   -7.5000   22.5000  -30.000010181.5156   16.8816
    0.0000   22.5000  -30.000010430.2949   16.8448
    7.5000   22.5000  -30.0000 9826.2520   16.7937
   -7.5000   30.0000  -30.0000 9016.0742   16.7185
    0.0000   30.0000  -30.0000 9245.4043   16.6832
    7.5000   30.0000  -30.0000 8712.1670   16.6342
   -7.5000   37.5000  -30.0000 8185.2070   16.8365
    0.0000   37.5000  -30.0000 8379.3164   16.7966
    7.5000   37.5000  -30.0000 7900.5200   16.7564
   -7.5000   45.0000  -30.0000 7088.6919   16.6154
    0.0000   45.0000  -30.0000 7268.1064   16.5706
    7.5000   45.0000  -30.0000 6843.7554   16.5401
   -7.5000  -45.0000  -22.500011506.4795   17.4668
    0.0000  -45.0000  -22.500011861.0449   17.4273
    7.5000  -45.0000  -22.500011232.3008   17.4018
   -7.5000  -37.5000  -22.500011796.9863   17.4624
    0.0000  -37.5000  -22.500012174.0508   17.4240
    7.5000  -37.5000  -22.500011519.1514   17.3939
   -7.5000  -30.0000  -22.500012482.8672   17.4578
    0.0000  -30.0000  -22.500012873.4482   17.4245
    7.5000  -30.0000  -22.500012172.6523   17.3838
   -7.5000  -22.5000  -22.500013028.2676   17.4585
    0.0000  -22.5000  -22.500013433.1592   17.4287
    7.5000  -22.5000  -22.500012700.9453   17.3830
   -7.5000  -15.0000  -22.500013437.2549   17.4648
    0.0000  -15.0000  -22.500013854.1621   17.4359
    7.5000  -15.0000  -22.500013103.5117   17.3949
   -7.5000   -7.5000  -22.500013746.9492   17.4684
    0.0000   -7.5000  -22.500014208.2695   17.4348
    7.5000   -7.5000  -22.500013431.8223   17.4036
   -7.5000    0.0000  -22.500013937.1748   17.4668
    0.0000    0.0000  -22.500014408.1904   17.4273
    7.5000    0.0000  -22.500013627.9102   17.4018
   -7.5000    7.5000  -22.500012963.6904   17.4624
    0.0000    7.5000  -22.500013398.6416   17.4240
    7.5000    7.5000  -22.500012672.9902   17.3939
   -7.5000   15.0000  -22.500011940.3994   17.4584
    0.0000   15.0000  -22.500012278.7070   17.4252
    7.5000   15.0000  -22.500011573.4512   17.3845
   -7.5000   22.5000  -22.500010759.3223   17.4672
    0.0000   22.5000  -22.500011037.3574   17.4374
    7.5000   22.5000  -22.500010414.1162   17.3916
   -7.5000   30.0000  -22.5000 9528.7217   17.2926
    0.0000   30.0000  -22.5000 9789.2285   17.2641
    7.5000   30.0000  -22.5000 9215.2695   17.2238
   -7.5000   37.5000  -22.5000 8633.4121   17.4074
    0.0000   37.5000  -22.5000 8853.4785   17.3748
    7.5000   37.5000  -22.5000 8337.5244   17.3443
   -7.5000   45.0000  -22.5000 7493.6655   17.1944
    0.0000   45.0000  -22.5000 7680.6704   17.1574
    7.5000   45.0000  -22.5000 7243.9077   17.1350
   -7.5000  -45.0000  -15.000012180.2734   17.8939
    0.0000  -45.0000  -15.000012591.8477   17.8616
    7.5000  -45.0000  -15.000011903.5537   17.8369
   -7.5000  -37.5000  -15.000012481.9531   17.8929
    0.0000  -37.5000  -15.000012892.2744   17.8611
    7.5000  -37.5000  -15.000012181.1973   17.8320
   -7.5000  -30.0000  -15.000013222.2725   17.8888
    0.0000  -30.0000  -15.000013638.7930   17.8599
    7.5000  -30.0000  -15.000012857.3691   17.8215
   -7.5000  -22.5000  -15.000013820.0732   17.8861
    0.0000  -22.5000  -15.000014265.4209   17.8588
    7.5000  -22.5000  -15.000013451.3428   17.8163
   -7.5000  -15.0000  -15.000014231.6328   17.8894
    0.0000  -15.0000  -15.000014702.0869   17.8627
    7.5000  -15.0000  -15.000013874.0049   17.8244
   -7.5000   -7.5000  -15.000014562.2588   17.8929
    0.0000   -7.5000  -15.000015055.6191   17.8642
    7.5000   -7.5000  -15.000014174.2080   17.8344
   -7.5000    0.0000  -15.000014760.9121   17.8939
    0.0000    0.0000  -15.000015276.4053   17.8616
    7.5000    0.0000  -15.000014395.9688   17.8369
   -7.5000    7.5000  -15.000013760.8760   17.8929
    0.0000    7.5000  -15.000014242.6162   17.8611
    7.5000    7.5000  -15.000013408.4541   17.8320
   -7.5000   15.0000  -15.000012620.2803   17.8895
    0.0000   15.0000  -15.000013016.1914   17.8607
    7.5000   15.0000  -15.000012232.8135   17.8223
   -7.5000   22.5000  -15.000011358.6982   17.8941
    0.0000   22.5000  -15.000011684.8271   17.8668
    7.5000   22.5000  -15.000010985.8496   17.8243
   -7.5000   30.0000  -15.000010056.0820   17.7156
    0.0000   30.0000  -15.000010327.6543   17.6894
    7.5000   30.0000  -15.0000 9700.9580   17.6517
   -7.5000   37.5000  -15.0000 9081.3818   17.8327
    0.0000   37.5000  -15.0000 9309.6162   17.8050
    7.5000   37.5000  -15.0000 8765.9805   17.7759
   -7.5000   45.0000  -15.0000 7843.7705   17.6293
    0.0000   45.0000  -15.0000 8035.3618   17.5996
    7.5000   45.0000  -15.0000 7602.0381   17.5773
   -7.5000  -45.0000   -7.500013056.1543   18.1181
    0.0000  -45.0000   -7.500013495.7705   18.0844
    7.5000  -45.0000   -7.500012594.4023   18.0506
   -7.5000  -37.5000   -7.500013319.8174   18.1110
    0.0000  -37.5000   -7.500013744.0645   18.0766
    7.5000  -37.5000   -7.500012864.2529   18.0424
   -7.5000  -30.0000   -7.500014130.4570   18.1011
    0.0000  -30.0000   -7.500014554.7627   18.0671
    7.5000  -30.0000   -7.500013584.1533   18.0269
   -7.5000  -22.5000   -7.500014786.7803   18.0985
    0.0000  -22.5000   -7.500015234.6797   18.0647
    7.5000  -22.5000   -7.500014223.7666   18.0186
   -7.5000  -15.0000   -7.500015227.4766   18.1078
    0.0000  -15.0000   -7.500015712.2715   18.0751
    7.5000  -15.0000   -7.500014693.1963   18.0286
   -7.5000   -7.5000   -7.500015564.0830   18.1173
    0.0000   -7.5000   -7.500016072.1162   18.0853
    7.5000   -7.5000   -7.500015028.4854   18.0451
   -7.5000    0.0000   -7.500015796.6221   18.1181
    0.0000    0.0000   -7.500016287.6611   18.0844
    7.5000    0.0000   -7.500015227.6641   18.0506
   -7.5000    7.5000   -7.500014753.0225   18.1110
    0.0000    7.5000   -7.500015179.7432   18.0766
    7.5000    7.5000   -7.500014191.9102   18.0424
   -7.5000   15.0000   -7.500013472.5635   18.1017
    0.0000   15.0000   -7.500013842.8291   18.0677
    7.5000   15.0000   -7.500012951.7549   18.0276
   -7.5000   22.5000   -7.500012065.9629   18.1045
    0.0000   22.5000   -7.500012360.5088   18.0707
    7.5000   22.5000   -7.500011583.2217   18.0247
   -7.5000   30.0000   -7.500010675.1299   17.9317
    0.0000   30.0000   -7.500010900.5010   17.8994
    7.5000   30.0000   -7.500010218.2734   17.8536
   -7.5000   37.5000   -7.5000 9581.4561   18.0568
    0.0000   37.5000   -7.5000 9783.7373   18.0255
    7.5000   37.5000   -7.5000 9191.2598   17.9859
   -7.5000   45.0000   -7.5000 8230.1592   17.8559
    0.0000   45.0000   -7.5000 8419.3945   17.8241
    7.5000   45.0000   -7.5000 7952.9185   17.7922
   -7.5000  -45.0000    0.000014273.7178   18.1642
    0.0000  -45.0000    0.000014521.1582   18.1212
    7.5000  -45.0000    0.000013268.2168   18.0769
   -7.5000  -37.5000    0.000014396.3965   18.1486
    0.0000  -37.5000    0.000014687.5225   18.1038
    7.5000  -37.5000    0.000013560.5684   18.0625
   -7.5000  -30.0000    0.000014990.6631   18.1320
    0.0000  -30.0000    0.000015384.1631   18.0873
    7.5000  -30.0000    0.000014253.0518   18.0417
   -7.5000  -22.5000    0.000015621.6416   18.1314
    0.0000  -22.5000    0.000016043.3574   18.0878
    7.5000  -22.5000    0.000014906.6484   18.0338
   -7.5000  -15.0000    0.000016167.8682   18.1487
    0.0000  -15.0000    0.000016575.3574   18.1070
    7.5000  -15.0000    0.000015428.2969   18.0491
   -7.5000   -7.5000    0.000016561.7051   18.1648
    0.0000   -7.5000    0.000016926.2051   18.1240
    7.5000   -7.5000    0.000015769.9453   18.0716
   -7.5000    0.0000    0.000016801.7227   18.1642
    0.0000    0.0000    0.000017165.7969   18.1212
    7.5000    0.0000    0.000015973.1621   18.0769
   -7.5000    7.5000    0.000015661.8428   18.1486
    0.0000    7.5000    0.000015989.7773   18.1038
    7.5000    7.5000    0.000014854.8613   18.0625
   -7.5000   15.0000    0.000014277.2393   18.1325
    0.0000   15.0000    0.000014555.7070   18.0878
    7.5000   15.0000    0.000013520.4443   18.0422
   -7.5000   22.5000    0.000012739.3799   18.1373
    0.0000   22.5000    0.000012986.8604   18.0937
    7.5000   22.5000    0.000012054.7920   18.0397
   -7.5000   30.0000    0.000011245.5967   17.9726
    0.0000   30.0000    0.000011460.9287   17.9314
    7.5000   30.0000    0.000010666.2490   17.8743
   -7.5000   37.5000    0.000010093.1533   18.1056
    0.0000   37.5000    0.000010275.5508   18.0653
    7.5000   37.5000    0.0000 9602.5898   18.0134
   -7.5000   45.0000    0.0000 8626.5195   17.9014
    0.0000   45.0000    0.0000 8808.8770   17.8596
    7.5000   45.0000    0.0000 8256.7939   17.8174
   -7.5000  -45.0000    7.500014237.1328   18.1580
    0.0000  -45.0000    7.500014174.6523   18.1067
    7.5000  -45.0000    7.500012731.9570   18.0615
   -7.5000  -37.5000    7.500014158.6562   18.1379
    0.0000  -37.5000    7.500014235.9395   18.0859
    7.5000  -37.5000    7.500013003.5566   18.0431
   -7.5000  -30.0000    7.500014638.2168   18.1198
    0.0000  -30.0000    7.500014815.4434   18.0709
    7.5000  -30.0000    7.500013673.6338   18.0220
   -7.5000  -22.5000    7.500015256.2129   18.1229
    0.0000  -22.5000    7.500015463.0723   18.0771
    7.5000  -22.5000    7.500014272.5820   18.0189
   -7.5000  -15.0000    7.500015808.3057   18.1442
    0.0000  -15.0000    7.500016001.8623   18.1001
    7.5000  -15.0000    7.500014783.4072   18.0391
   -7.5000   -7.5000    7.500016169.0996   18.1611
    0.0000   -7.5000    7.500016371.0391   18.1147
    7.5000   -7.5000    7.500015137.7715   18.0608
   -7.5000    0.0000    7.500016350.8955   18.1580
    0.0000    0.0000    7.500016602.5938   18.1067
    7.5000    0.0000    7.500015334.3154   18.0615
   -7.5000    7.5000    7.500015233.5000   18.1379
    0.0000    7.5000    7.500015473.3555   18.0859
    7.5000    7.5000    7.500014277.8037   18.0431
   -7.5000   15.0000    7.500013842.6689   18.1203
    0.0000   15.0000    7.500014068.0957   18.0714
    7.5000   15.0000    7.500012986.9365   18.0225
   -7.5000   22.5000    7.500012313.9473   18.1290
    0.0000   22.5000    7.500012517.2373   18.0831
    7.5000   22.5000    7.500011578.8916   18.0249
   -7.5000   30.0000    7.500010851.9297   17.9680
    0.0000   30.0000    7.500011023.5410   17.9244
    7.5000   30.0000    7.500010234.4678   17.8642
   -7.5000   37.5000    7.5000 9723.9824   18.1020
    0.0000   37.5000    7.5000 9882.8799   18.0561
    7.5000   37.5000    7.5000 9203.2559   18.0028
   -7.5000   45.0000    7.5000 8330.3965   17.8912
    0.0000   45.0000    7.5000 8489.2842   17.8412
    7.5000   45.0000    7.5000 7913.9243   17.7989
   -7.5000  -45.0000   15.000013235.6836   18.1698
    0.0000  -45.0000   15.000013273.7627   18.1197
    7.5000  -45.0000   15.000012090.2891   18.0834
   -7.5000  -37.5000   15.000013280.3604   18.1553
    0.0000  -37.5000   15.000013379.9912   18.1061
    7.5000  -37.5000   15.000012362.8555   18.0685
   -7.5000  -30.0000   15.000013934.2949   18.1438
    0.0000  -30.0000   15.000014039.9570   18.1002
    7.5000  -30.0000   15.000013001.1953   18.0534
   -7.5000  -22.5000   15.000014622.9033   18.1483
    0.0000  -22.5000   15.000014730.4805   18.1090
    7.5000  -22.5000   15.000013594.9580   18.0543
   -7.5000  -15.0000   15.000015125.4189   18.1646
    0.0000  -15.0000   15.000015230.9912   18.1262
    7.5000  -15.0000   15.000014063.0869   18.0729
   -7.5000   -7.5000   15.000015412.9951   18.1745
    0.0000   -7.5000   15.000015586.3584   18.1309
    7.5000   -7.5000   15.000014372.9668   18.0869
   -7.5000    0.0000   15.000015525.5439   18.1698
    0.0000    0.0000   15.000015774.4707   18.1197
    7.5000    0.0000   15.000014521.7637   18.0834
   -7.5000    7.5000   15.000014425.6143   18.1553
    0.0000    7.5000   15.000014696.3604   18.1061
    7.5000    7.5000   15.000013544.6328   18.0685
   -7.5000   15.0000   15.000013085.3594   18.1444
    0.0000   15.0000   15.000013362.0527   18.1008
    7.5000   15.0000   15.000012343.3496   18.0540
   -7.5000   22.5000   15.000011653.3730   18.1546
    0.0000   22.5000   15.000011905.6768   18.1152
    7.5000   22.5000   15.000011040.2480   18.0604
   -7.5000   30.0000   15.000010286.0088   17.9882
    0.0000   30.0000   15.000010503.6064   17.9502
    7.5000   30.0000   15.0000 9762.4551   17.8976
   -7.5000   37.5000   15.0000 9271.0205   18.1148
    0.0000   37.5000   15.0000 9459.8086   18.0720
    7.5000   37.5000   15.0000 8783.0371   18.0288
   -7.5000   45.0000   15.0000 7927.1890   17.9010
    0.0000   45.0000   15.0000 8094.5713   17.8527
    7.5000   45.0000   15.0000 7539.6235   17.8199
   -7.5000  -45.0000   22.500012056.4971   18.2104
    0.0000  -45.0000   22.500012339.5107   18.1693
    7.5000  -45.0000   22.500011420.5156   18.1428
   -7.5000  -37.5000   22.500012157.9873   18.2066
    0.0000  -37.5000   22.500012490.8760   18.1667
    7.5000  -37.5000   22.500011668.6523   18.1354
   -7.5000  -30.0000   22.500012887.8457   18.2021
    0.0000  -30.0000   22.500013188.2285   18.1674
    7.5000  -30.0000   22.500012275.1094   18.1251
   -7.5000  -22.5000   22.500013573.3906   18.2021
    0.0000  -22.5000   22.500013868.4346   18.1711
    7.5000  -22.5000   22.500012860.4697   18.1237
   -7.5000  -15.0000   22.500014083.9502   18.2078
    0.0000  -15.0000   22.500014371.4160   18.1777
    7.5000  -15.0000   22.500013302.6689   18.1353
   -7.5000   -7.5000   22.500014403.8936   18.2115
    0.0000   -7.5000   22.500014686.2275   18.1765
    7.5000   -7.5000   22.500013578.4814   18.1442
   -7.5000    0.0000   22.500014502.2031   18.2104
    0.0000    0.0000   22.500014824.2490   18.1693
    7.5000    0.0000   22.500013699.2842   18.1428
   -7.5000    7.5000   22.500013465.1436   18.2066
    0.0000    7.5000   22.500013784.9082   18.1667
    7.5000    7.5000   22.500012778.8633   18.1354
   -7.5000   15.0000   22.500012230.2676   18.2028
    0.0000   15.0000   22.500012523.2744   18.1681
    7.5000   15.0000   22.500011655.2646   18.1258
   -7.5000   22.5000   22.500010875.6514   18.2084
    0.0000   22.5000   22.500011134.6611   18.1774
    7.5000   22.5000   22.500010409.7520   18.1300
   -7.5000   30.0000   22.5000 9614.5605   18.0311
    0.0000   30.0000   22.5000 9842.5742   18.0014
    7.5000   30.0000   22.5000 9222.4473   17.9596
   -7.5000   37.5000   22.5000 8702.7764   18.1512
    0.0000   37.5000   22.5000 8893.3818   18.1172
    7.5000   37.5000   22.5000 8302.7188   18.0857
   -7.5000   45.0000   22.5000 7427.2734   17.9438
    0.0000   45.0000   22.5000 7579.7695   17.9051
    7.5000   45.0000   22.5000 7096.0020   17.8820
   -7.5000  -45.0000   30.000011105.1387   18.4456
    0.0000  -45.0000   30.000011450.3838   18.4114
    7.5000  -45.0000   30.000010698.4365   18.3861
   -7.5000  -37.5000   30.000011265.7539   18.4449
    0.0000  -37.5000   30.000011612.2725   18.4113
    7.5000  -37.5000   30.000010919.7178   18.3813
   -7.5000  -30.0000   30.000011935.9668   18.4408
    0.0000  -30.0000   30.000012268.5352   18.4106
    7.5000  -30.0000   30.000011470.6787   18.3709
   -7.5000  -22.5000   30.000012562.9258   18.4377
    0.0000  -22.5000   30.000012900.8105   18.4093
    7.5000  -22.5000   30.000012029.3008   18.3656
   -7.5000  -15.0000   30.000013036.1514   18.4408
    0.0000  -15.0000   30.000013364.1846   18.4130
    7.5000  -15.0000   30.000012457.0039   18.3738
   -7.5000   -7.5000   30.000013357.1982   18.4445
    0.0000   -7.5000   30.000013672.7881   18.4143
    7.5000   -7.5000   30.000012724.0635   18.3838
   -7.5000    0.0000   30.000013480.4727   18.4456
    0.0000    0.0000   30.000013807.4912   18.4114
    7.5000    0.0000   30.000012808.6133   18.3861
   -7.5000    7.5000   30.000012496.3896   18.4449
    0.0000    7.5000   30.000012820.0420   18.4113
    7.5000    7.5000   30.000011965.7617   18.3813
   -7.5000   15.0000   30.000011359.7939   18.4416
    0.0000   15.0000   30.000011637.0156   18.4114
    7.5000   15.0000   30.000010896.4482   18.3717
   -7.5000   22.5000   30.000010093.1973   18.4443
    0.0000   22.5000   30.000010328.3066   18.4159
    7.5000   22.5000   30.0000 9716.1270   18.3722
   -7.5000   30.0000   30.0000 8914.3252   18.2627
    0.0000   30.0000   30.0000 9112.9756   18.2353
    7.5000   30.0000   30.0000 8579.8438   18.1968
   -7.5000   37.5000   30.0000 8031.0708   18.3854
    0.0000   37.5000   30.0000 8198.4971   18.3562
    7.5000   37.5000   30.0000 7712.3442   18.3265
   -7.5000   45.0000   30.0000 6856.0112   18.1845
    0.0000   45.0000   30.0000 7001.3110   18.1530
    7.5000   45.0000   30.0000 6612.3516   18.1302
   -7.5000  -45.0000   37.500010687.5703   18.8661
    0.0000  -45.0000   37.500011024.2227   18.8290
    7.5000  -45.0000   37.500010363.9941   18.7925
   -7.5000  -37.5000   37.500010864.8125   18.8578
    0.0000  -37.5000   37.500011196.9150   18.8201
    7.5000  -37.5000   37.500010567.2607   18.7830
   -7.5000  -30.0000   37.500011488.5596   18.8466
    0.0000  -30.0000   37.500011811.2461   18.8096
    7.5000  -30.0000   37.500011089.7920   18.7663
   -7.5000  -22.5000   37.500012077.7939   18.8440
    0.0000  -22.5000   37.500012396.0088   18.8070
    7.5000  -22.5000   37.500011621.0166   18.7579
   -7.5000  -15.0000   37.500012540.4941   18.8547
    0.0000  -15.0000   37.500012858.5010   18.8187
    7.5000  -15.0000   37.500012045.2246   18.7691
   -7.5000   -7.5000   37.500012865.0410   18.8654
    0.0000   -7.5000   37.500013178.1768   18.8300
    7.5000   -7.5000   37.500012319.4863   18.7870
   -7.5000    0.0000   37.500012973.3203   18.8661
    0.0000    0.0000   37.500013290.3623   18.8290
    7.5000    0.0000   37.500012410.4961   18.7925
   -7.5000    7.5000   37.500012040.0352   18.8578
    0.0000    7.5000   37.500012349.7275   18.8201
    7.5000    7.5000   37.500011575.1152   18.7830
   -7.5000   15.0000   37.500010944.4766   18.8473
    0.0000   15.0000   37.500011200.7656   18.8103
    7.5000   15.0000   37.500010529.2461   18.7670
   -7.5000   22.5000   37.5000 9723.1953   18.8508
    0.0000   22.5000   37.5000 9955.6025   18.8139
    7.5000   22.5000   37.5000 9392.4951   18.7647
   -7.5000   30.0000   37.5000 8552.2822   18.6741
    0.0000   30.0000   37.5000 8774.3369   18.6386
    7.5000   30.0000   37.5000 8281.8447   18.5897
   -7.5000   37.5000   37.5000 7668.7002   18.8086
    0.0000   37.5000   37.5000 7849.6118   18.7740
    7.5000   37.5000   37.5000 7404.7471   18.7317
   -7.5000   45.0000   37.5000 6540.3418   18.6027
    0.0000   45.0000   37.5000 6691.5015   18.5677
    7.5000   45.0000   37.5000 6333.9458   18.5332
   -7.5000  -45.0000   45.0000 9851.1426   19.3012
    0.0000  -45.0000   45.000010141.8311   19.2534
    7.5000  -45.0000   45.0000 9564.4609   19.2051
   -7.5000  -37.5000   45.000010040.5381   19.2823
    0.0000  -37.5000   45.000010335.8438   19.2331
    7.5000  -37.5000   45.0000 9752.9541   19.1884
   -7.5000  -30.0000   45.000010586.8594   19.2627
    0.0000  -30.0000   45.000010901.1504   19.2137
    7.5000  -30.0000   45.000010252.2842   19.1650
   -7.5000  -22.5000   45.000011110.8086   19.2627
    0.0000  -22.5000   45.000011418.8770   19.2142
    7.5000  -22.5000   45.000010731.5264   19.1566
   -7.5000  -15.0000   45.000011529.5244   19.2833
    0.0000  -15.0000   45.000011825.3057   19.2365
    7.5000  -15.0000   45.000011104.1533   19.1744
   -7.5000   -7.5000   45.000011849.0215   19.3022
    0.0000   -7.5000   45.000012116.6719   19.2563
    7.5000   -7.5000   45.000011361.4629   19.1995
   -7.5000    0.0000   45.000011943.9619   19.3012
    0.0000    0.0000   45.000012229.5264   19.2534
    7.5000    0.0000   45.000011453.5771   19.2051
   -7.5000    7.5000   45.000011072.2285   19.2823
    0.0000    7.5000   45.000011343.2734   19.2331
    7.5000    7.5000   45.000010668.7275   19.1884
   -7.5000   15.0000   45.000010071.7344   19.2630
    0.0000   15.0000   45.000010301.8672   19.2140
    7.5000   15.0000   45.0000 9699.4893   19.1653
   -7.5000   22.5000   45.0000 8953.5000   19.2678
    0.0000   22.5000   45.0000 9179.6006   19.2193
    7.5000   22.5000   45.0000 8653.1777   19.1617
   -7.5000   30.0000   45.0000 7874.0557   19.0915
    0.0000   30.0000   45.0000 8079.9043   19.0452
    7.5000   30.0000   45.0000 7611.6465   18.9840
   -7.5000   37.5000   45.0000 7062.2090   19.2340
    0.0000   37.5000   45.0000 7234.4536   19.1886
    7.5000   37.5000   45.0000 6819.6826   19.1326
   -7.5000   45.0000   45.0000 6025.5278   19.0285
    0.0000   45.0000   45.0000 6181.2979   18.9819
    7.5000   45.0000   45.0000 5847.5732   18.9359

---------------------------------------------------------------------
imgreg_4dfp /opt/freesurfer/average/711-2C_as_mni_average_305 /opt/freesurfer/average/711-2B_as_mni_average_305_mask talsrcimg_g11 none talsrcimg_to_711-2C_as_mni_average_305_t4 4355
---------------------------------------------------------------------

freesurfer imgreg_4dfp.c
/opt/freesurfer/average/711-2C_as_mni_average_305.4dfp.img
       256       256       256         1
  1.000000  1.000000  1.000000
orientation T byte_order littleendian
Reading image: /opt/freesurfer/average/711-2C_as_mni_average_305.4dfp.img
dimensions:      256       256       256
mmppix:       1.0000   -1.0000   -1.0000
center:     128.0000 -129.0000 -129.0000
/opt/freesurfer/average/711-2B_as_mni_average_305_mask.4dfp.img
       256       256       256         1
  1.000000  1.000000  1.000000
orientation T byte_order littleendian
Reading mask: /opt/freesurfer/average/711-2B_as_mni_average_305_mask.4dfp.img (2306576 pixels)
talsrcimg_g11.4dfp.img
       256       256       256         1
  1.000000  1.000000  1.000000
orientation T byte_order littleendian
Reading image: talsrcimg_g11.4dfp.img
dimensions:      256       256       256
mmppix:       1.0000   -1.0000   -1.0000
center:     128.0000 -129.0000 -129.0000
rotation matrix determinant  1.000000
image alignment mode   4355 decimal     1103 hex
   -7.5000  -45.0000  -45.0000 2410.0361   14.6277
    0.0000  -45.0000  -45.0000 2389.3052   14.6974
    7.5000  -45.0000  -45.0000 2351.1057   15.0798
   -7.5000  -37.5000  -45.0000 2431.5730   14.3275
    0.0000  -37.5000  -45.0000 2411.4585   14.4073
    7.5000  -37.5000  -45.0000 2372.3403   14.7822
   -7.5000  -30.0000  -45.0000 2419.3345   14.3221
    0.0000  -30.0000  -45.0000 2399.2922   14.3810
    7.5000  -30.0000  -45.0000 2363.0540   14.7801
   -7.5000  -22.5000  -45.0000 2391.4141   14.5516
    0.0000  -22.5000  -45.0000 2368.3206   14.6045
    7.5000  -22.5000  -45.0000 2328.3337   15.0221
   -7.5000  -15.0000  -45.0000 2331.3508   15.0662
    0.0000  -15.0000  -45.0000 2313.7156   15.1257
    7.5000  -15.0000  -45.0000 2274.6448   15.5252
   -7.5000   -7.5000  -45.0000 2249.0347   15.9671
    0.0000   -7.5000  -45.0000 2234.4546   16.0150
    7.5000   -7.5000  -45.0000 2198.3325   16.4536
   -7.5000    0.0000  -45.0000 2150.4365   17.2827
    0.0000    0.0000  -45.0000 2131.7585   17.3451
    7.5000    0.0000  -45.0000 2097.9265   17.8392
   -7.5000    7.5000  -45.0000 2041.6108   19.1040
    0.0000    7.5000  -45.0000 2028.6331   19.1393
    7.5000    7.5000  -45.0000 1989.8378   19.6596
   -7.5000   15.0000  -45.0000 1912.4629   21.4399
    0.0000   15.0000  -45.0000 1906.3988   21.5275
    7.5000   15.0000  -45.0000 1878.6700   22.0031
   -7.5000   22.5000  -45.0000 1792.7343   24.5154
    0.0000   22.5000  -45.0000 1784.9922   24.7334
    7.5000   22.5000  -45.0000 1757.8960   25.3089
   -7.5000   30.0000  -45.0000 1666.5446   28.9729
    0.0000   30.0000  -45.0000 1651.2783   29.2460
    7.5000   30.0000  -45.0000 1624.9021   29.9765
   -7.5000   37.5000  -45.0000 1531.6499   35.6168
    0.0000   37.5000  -45.0000 1517.0999   35.7520
    7.5000   37.5000  -45.0000 1491.9548   36.4973
   -7.5000   45.0000  -45.0000 1371.8329   44.8665
    0.0000   45.0000  -45.0000 1368.3562   44.9570
    7.5000   45.0000  -45.0000 1335.9384   45.9078
   -7.5000  -45.0000  -37.5000 2498.1995   13.6143
    0.0000  -45.0000  -37.5000 2470.3665   13.7203
    7.5000  -45.0000  -37.5000 2432.4229   14.0600
   -7.5000  -37.5000  -37.5000 2525.5042   13.3063
    0.0000  -37.5000  -37.5000 2503.2141   13.4200
    7.5000  -37.5000  -37.5000 2458.8162   13.7419
   -7.5000  -30.0000  -37.5000 2518.7095   13.2879
    0.0000  -30.0000  -37.5000 2495.0171   13.3691
    7.5000  -30.0000  -37.5000 2454.4275   13.6948
   -7.5000  -22.5000  -37.5000 2490.9790   13.4591
    0.0000  -22.5000  -37.5000 2466.3101   13.5375
    7.5000  -22.5000  -37.5000 2421.4746   13.8702
   -7.5000  -15.0000  -37.5000 2431.0217   13.9019
    0.0000  -15.0000  -37.5000 2408.5283   13.9994
    7.5000  -15.0000  -37.5000 2363.7192   14.3283
   -7.5000   -7.5000  -37.5000 2346.2451   14.7141
    0.0000   -7.5000  -37.5000 2327.0034   14.7796
    7.5000   -7.5000  -37.5000 2283.1707   15.1691
   -7.5000    0.0000  -37.5000 2235.7156   15.8993
    0.0000    0.0000  -37.5000 2222.2373   15.9597
    7.5000    0.0000  -37.5000 2183.3674   16.3974
   -7.5000    7.5000  -37.5000 2121.2065   17.5164
    0.0000    7.5000  -37.5000 2105.2039   17.5452
    7.5000    7.5000  -37.5000 2069.6372   18.0335
   -7.5000   15.0000  -37.5000 1999.3867   19.6647
    0.0000   15.0000  -37.5000 1986.0181   19.7323
    7.5000   15.0000  -37.5000 1954.0851   20.1693
   -7.5000   22.5000  -37.5000 1860.9728   22.4649
    0.0000   22.5000  -37.5000 1853.0214   22.6700
    7.5000   22.5000  -37.5000 1829.4019   23.1922
   -7.5000   30.0000  -37.5000 1726.3347   26.4716
    0.0000   30.0000  -37.5000 1717.0028   26.7330
    7.5000   30.0000  -37.5000 1688.1736   27.3483
   -7.5000   37.5000  -37.5000 1592.6653   32.2850
    0.0000   37.5000  -37.5000 1579.8000   32.4488
    7.5000   37.5000  -37.5000 1549.8418   33.1916
   -7.5000   45.0000  -37.5000 1442.8362   40.5403
    0.0000   45.0000  -37.5000 1429.6880   40.6816
    7.5000   45.0000  -37.5000 1405.1377   41.5584
   -7.5000  -45.0000  -30.0000 2623.4395   13.1392
    0.0000  -45.0000  -30.0000 2597.9360   13.3067
    7.5000  -45.0000  -30.0000 2555.1079   13.6375
   -7.5000  -37.5000  -30.0000 2660.7625   12.8467
    0.0000  -37.5000  -30.0000 2634.2188   12.9925
    7.5000  -37.5000  -30.0000 2588.6394   13.3146
   -7.5000  -30.0000  -30.0000 2656.1670   12.8078
    0.0000  -30.0000  -30.0000 2634.3813   12.9221
    7.5000  -30.0000  -30.0000 2590.3899   13.2141
   -7.5000  -22.5000  -30.0000 2627.1555   12.9425
    0.0000  -22.5000  -30.0000 2605.9509   13.0628
    7.5000  -22.5000  -30.0000 2561.3076   13.3395
   -7.5000  -15.0000  -30.0000 2569.4219   13.3456
    0.0000  -15.0000  -30.0000 2545.0610   13.4588
    7.5000  -15.0000  -30.0000 2495.8367   13.7735
   -7.5000   -7.5000  -30.0000 2480.3901   14.0856
    0.0000   -7.5000  -30.0000 2464.1633   14.1902
    7.5000   -7.5000  -30.0000 2413.6001   14.5626
   -7.5000    0.0000  -30.0000 2366.2517   15.1996
    0.0000    0.0000  -30.0000 2351.3665   15.2646
    7.5000    0.0000  -30.0000 2306.2012   15.6958
   -7.5000    7.5000  -30.0000 2231.9033   16.7020
    0.0000    7.5000  -30.0000 2222.5254   16.7475
    7.5000    7.5000  -30.0000 2186.4131   17.2448
   -7.5000   15.0000  -30.0000 2109.1597   18.7385
    0.0000   15.0000  -30.0000 2093.9070   18.8113
    7.5000   15.0000  -30.0000 2060.9341   19.2838
   -7.5000   22.5000  -30.0000 1963.1292   21.4911
    0.0000   22.5000  -30.0000 1950.9136   21.6395
    7.5000   22.5000  -30.0000 1930.1896   22.1579
   -7.5000   30.0000  -30.0000 1819.0652   25.2586
    0.0000   30.0000  -30.0000 1809.9150   25.4737
    7.5000   30.0000  -30.0000 1781.7244   26.1202
   -7.5000   37.5000  -30.0000 1681.7467   30.5251
    0.0000   37.5000  -30.0000 1670.4170   30.7435
    7.5000   37.5000  -30.0000 1635.3987   31.5452
   -7.5000   45.0000  -30.0000 1528.4382   38.1143
    0.0000   45.0000  -30.0000 1519.8126   38.2977
    7.5000   45.0000  -30.0000 1487.2610   39.2186
   -7.5000  -45.0000  -22.5000 2719.9438   12.5938
    0.0000  -45.0000  -22.5000 2693.0623   12.7724
    7.5000  -45.0000  -22.5000 2649.1182   13.1506
   -7.5000  -37.5000  -22.5000 2761.6042   12.3089
    0.0000  -37.5000  -22.5000 2741.7563   12.4536
    7.5000  -37.5000  -22.5000 2691.9822   12.7984
   -7.5000  -30.0000  -22.5000 2768.2024   12.2704
    0.0000  -30.0000  -22.5000 2747.2725   12.3895
    7.5000  -30.0000  -22.5000 2697.8391   12.7058
   -7.5000  -22.5000  -22.5000 2738.4414   12.4200
    0.0000  -22.5000  -22.5000 2717.7007   12.5500
    7.5000  -22.5000  -22.5000 2673.2344   12.8288
   -7.5000  -15.0000  -22.5000 2680.1975   12.7815
    0.0000  -15.0000  -22.5000 2657.3005   12.9060
    7.5000  -15.0000  -22.5000 2614.4285   13.2308
   -7.5000   -7.5000  -22.5000 2588.2932   13.4616
    0.0000   -7.5000  -22.5000 2572.7034   13.5769
    7.5000   -7.5000  -22.5000 2524.1853   13.9756
   -7.5000    0.0000  -22.5000 2471.7100   14.5022
    0.0000    0.0000  -22.5000 2455.1025   14.6001
    7.5000    0.0000  -22.5000 2412.8198   15.0470
   -7.5000    7.5000  -22.5000 2326.5195   15.9636
    0.0000    7.5000  -22.5000 2317.6484   16.0283
    7.5000    7.5000  -22.5000 2287.6626   16.5167
   -7.5000   15.0000  -22.5000 2190.7463   17.8998
    0.0000   15.0000  -22.5000 2178.5327   17.9892
    7.5000   15.0000  -22.5000 2148.0583   18.5035
   -7.5000   22.5000  -22.5000 2043.7585   20.5359
    0.0000   22.5000  -22.5000 2026.5249   20.6616
    7.5000   22.5000  -22.5000 2008.1348   21.1951
   -7.5000   30.0000  -22.5000 1890.6060   24.0913
    0.0000   30.0000  -22.5000 1878.2848   24.2504
    7.5000   30.0000  -22.5000 1855.2234   24.8736
   -7.5000   37.5000  -22.5000 1746.4623   28.9814
    0.0000   37.5000  -22.5000 1728.8920   29.1512
    7.5000   37.5000  -22.5000 1699.5192   29.9335
   -7.5000   45.0000  -22.5000 1591.1763   35.8239
    0.0000   45.0000  -22.5000 1579.5742   35.9008
    7.5000   45.0000  -22.5000 1548.8523   36.8562
   -7.5000  -45.0000  -15.0000 2778.3291   12.1134
    0.0000  -45.0000  -15.0000 2751.9204   12.3034
    7.5000  -45.0000  -15.0000 2710.2461   12.7159
   -7.5000  -37.5000  -15.0000 2832.7930   11.8071
    0.0000  -37.5000  -15.0000 2809.4768   11.9502
    7.5000  -37.5000  -15.0000 2762.3049   12.3345
   -7.5000  -30.0000  -15.0000 2847.2129   11.7593
    0.0000  -30.0000  -15.0000 2822.8723   11.8917
    7.5000  -30.0000  -15.0000 2772.1060   12.2402
   -7.5000  -22.5000  -15.0000 2817.7390   11.9250
    0.0000  -22.5000  -15.0000 2797.6140   12.0636
    7.5000  -22.5000  -15.0000 2748.9690   12.3724
   -7.5000  -15.0000  -15.0000 2754.5640   12.2857
    0.0000  -15.0000  -15.0000 2737.1995   12.4306
    7.5000  -15.0000  -15.0000 2689.9978   12.7746
   -7.5000   -7.5000  -15.0000 2665.3328   12.9142
    0.0000   -7.5000  -15.0000 2650.8054   13.0656
    7.5000   -7.5000  -15.0000 2596.8638   13.4766
   -7.5000    0.0000  -15.0000 2545.8013   13.9155
    0.0000    0.0000  -15.0000 2534.1382   14.0723
    7.5000    0.0000  -15.0000 2482.6592   14.5119
   -7.5000    7.5000  -15.0000 2398.3926   15.3236
    0.0000    7.5000  -15.0000 2393.5232   15.4743
    7.5000    7.5000  -15.0000 2350.6848   15.9313
   -7.5000   15.0000  -15.0000 2248.6211   17.1818
    0.0000   15.0000  -15.0000 2240.0874   17.3437
    7.5000   15.0000  -15.0000 2201.5000   17.7937
   -7.5000   22.5000  -15.0000 2090.2153   19.6676
    0.0000   22.5000  -15.0000 2081.7002   19.8299
    7.5000   22.5000  -15.0000 2051.9631   20.3195
   -7.5000   30.0000  -15.0000 1929.6047   22.9822
    0.0000   30.0000  -15.0000 1921.4453   23.2091
    7.5000   30.0000  -15.0000 1894.0782   23.7517
   -7.5000   37.5000  -15.0000 1780.6281   27.6281
    0.0000   37.5000  -15.0000 1763.0560   27.8550
    7.5000   37.5000  -15.0000 1737.9005   28.5645
   -7.5000   45.0000  -15.0000 1616.4788   34.1598
    0.0000   45.0000  -15.0000 1606.3746   34.1887
    7.5000   45.0000  -15.0000 1581.7520   34.9573
   -7.5000  -45.0000   -7.5000 2811.7019   11.8431
    0.0000  -45.0000   -7.5000 2796.2522   12.0276
    7.5000  -45.0000   -7.5000 2744.5120   12.3514
   -7.5000  -37.5000   -7.5000 2874.2646   11.4007
    0.0000  -37.5000   -7.5000 2853.6934   11.5804
    7.5000  -37.5000   -7.5000 2800.9016   11.9476
   -7.5000  -30.0000   -7.5000 2892.7676   11.3441
    0.0000  -30.0000   -7.5000 2874.7446   11.4928
    7.5000  -30.0000   -7.5000 2812.3389   11.8247
   -7.5000  -22.5000   -7.5000 2871.2241   11.5062
    0.0000  -22.5000   -7.5000 2853.2271   11.6471
    7.5000  -22.5000   -7.5000 2796.0056   11.9479
   -7.5000  -15.0000   -7.5000 2808.7410   11.8643
    0.0000  -15.0000   -7.5000 2794.5022   12.0301
    7.5000  -15.0000   -7.5000 2740.6211   12.3413
   -7.5000   -7.5000   -7.5000 2713.4158   12.4906
    0.0000   -7.5000   -7.5000 2705.2236   12.6698
    7.5000   -7.5000   -7.5000 2648.3701   13.0373
   -7.5000    0.0000   -7.5000 2595.7144   13.4721
    0.0000    0.0000   -7.5000 2585.4377   13.6616
    7.5000    0.0000   -7.5000 2531.4016   14.0581
   -7.5000    7.5000   -7.5000 2452.7700   14.8620
    0.0000    7.5000   -7.5000 2440.4800   15.0102
    7.5000    7.5000   -7.5000 2394.7393   15.4211
   -7.5000   15.0000   -7.5000 2288.5269   16.6522
    0.0000   15.0000   -7.5000 2279.4150   16.7983
    7.5000   15.0000   -7.5000 2239.8765   17.2507
   -7.5000   22.5000   -7.5000 2118.4424   18.9812
    0.0000   22.5000   -7.5000 2107.1985   19.1380
    7.5000   22.5000   -7.5000 2080.8936   19.6125
   -7.5000   30.0000   -7.5000 1957.3527   22.1127
    0.0000   30.0000   -7.5000 1946.6577   22.3616
    7.5000   30.0000   -7.5000 1917.4873   22.8862
   -7.5000   37.5000   -7.5000 1797.9955   26.5528
    0.0000   37.5000   -7.5000 1780.7866   26.7001
    7.5000   37.5000   -7.5000 1756.7389   27.3942
   -7.5000   45.0000   -7.5000 1631.6500   32.7771
    0.0000   45.0000   -7.5000 1621.5795   32.9567
    7.5000   45.0000   -7.5000 1604.7501   33.5864
   -7.5000  -45.0000    0.0000 2849.4790   11.8969
    0.0000  -45.0000    0.0000 2827.8215   11.9896
    7.5000  -45.0000    0.0000 2777.6560   12.1795
   -7.5000  -37.5000    0.0000 2895.8804   11.3088
    0.0000  -37.5000    0.0000 2873.2776   11.4254
    7.5000  -37.5000    0.0000 2830.0032   11.7608
   -7.5000  -30.0000    0.0000 2907.2881   11.1130
    0.0000  -30.0000    0.0000 2887.2678   11.2294
    7.5000  -30.0000    0.0000 2836.8022   11.5593
   -7.5000  -22.5000    0.0000 2887.0454   11.1914
    0.0000  -22.5000    0.0000 2867.4238   11.3390
    7.5000  -22.5000    0.0000 2818.5623   11.6730
   -7.5000  -15.0000    0.0000 2834.0371   11.5992
    0.0000  -15.0000    0.0000 2814.0544   11.7298
    7.5000  -15.0000    0.0000 2766.7266   12.0866
   -7.5000   -7.5000    0.0000 2739.5913   12.3242
    0.0000   -7.5000    0.0000 2717.0515   12.4249
    7.5000   -7.5000    0.0000 2676.1711   12.7624
   -7.5000    0.0000    0.0000 2617.8811   13.3431
    0.0000    0.0000    0.0000 2603.6235   13.3953
    7.5000    0.0000    0.0000 2560.1489   13.7683
   -7.5000    7.5000    0.0000 2482.9294   14.7220
    0.0000    7.5000    0.0000 2465.3445   14.7478
    7.5000    7.5000    0.0000 2420.9673   15.1268
   -7.5000   15.0000    0.0000 2316.6174   16.4751
    0.0000   15.0000    0.0000 2297.3323   16.5197
    7.5000   15.0000    0.0000 2260.2810   16.8562
   -7.5000   22.5000    0.0000 2141.7866   18.7310
    0.0000   22.5000    0.0000 2126.1274   18.8122
    7.5000   22.5000    0.0000 2091.6653   19.2090
   -7.5000   30.0000    0.0000 1969.0638   21.7375
    0.0000   30.0000    0.0000 1959.1896   21.8939
    7.5000   30.0000    0.0000 1929.9464   22.3748
   -7.5000   37.5000    0.0000 1800.2006   25.8625
    0.0000   37.5000    0.0000 1790.5446   26.0491
    7.5000   37.5000    0.0000 1768.7338   26.6966
   -7.5000   45.0000    0.0000 1626.1825   31.5924
    0.0000   45.0000    0.0000 1628.4222   31.7581
    7.5000   45.0000    0.0000 1607.2091   32.4784
   -7.5000  -45.0000    7.5000 2873.3525   12.1935
    0.0000  -45.0000    7.5000 2829.8882   12.0519
    7.5000  -45.0000    7.5000 2779.6489   12.1608
   -7.5000  -37.5000    7.5000 2915.6182   11.4208
    0.0000  -37.5000    7.5000 2874.3635   11.4145
    7.5000  -37.5000    7.5000 2830.8882   11.6874
   -7.5000  -30.0000    7.5000 2909.1433   11.0237
    0.0000  -30.0000    7.5000 2883.8103   11.1079
    7.5000  -30.0000    7.5000 2843.8611   11.4608
   -7.5000  -22.5000    7.5000 2891.0996   11.1080
    0.0000  -22.5000    7.5000 2871.0327   11.1928
    7.5000  -22.5000    7.5000 2827.1895   11.5477
   -7.5000  -15.0000    7.5000 2838.1345   11.5873
    0.0000  -15.0000    7.5000 2815.5820   11.6372
    7.5000  -15.0000    7.5000 2771.7234   11.9619
   -7.5000   -7.5000    7.5000 2742.3606   12.3524
    0.0000   -7.5000    7.5000 2720.5056   12.3535
    7.5000   -7.5000    7.5000 2683.8232   12.6767
   -7.5000    0.0000    7.5000 2617.8640   13.3910
    0.0000    0.0000    7.5000 2607.4307   13.3669
    7.5000    0.0000    7.5000 2566.2903   13.6837
   -7.5000    7.5000    7.5000 2491.1570   14.7434
    0.0000    7.5000    7.5000 2472.3699   14.7247
    7.5000    7.5000    7.5000 2425.0020   15.0094
   -7.5000   15.0000    7.5000 2331.0212   16.4835
    0.0000   15.0000    7.5000 2308.6309   16.4465
    7.5000   15.0000    7.5000 2267.2751   16.7367
   -7.5000   22.5000    7.5000 2150.6729   18.6979
    0.0000   22.5000    7.5000 2131.3137   18.6975
    7.5000   22.5000    7.5000 2097.7754   19.0067
   -7.5000   30.0000    7.5000 1977.1696   21.6255
    0.0000   30.0000    7.5000 1958.4901   21.6777
    7.5000   30.0000    7.5000 1934.6638   22.1113
   -7.5000   37.5000    7.5000 1799.2681   25.5420
    0.0000   37.5000    7.5000 1790.6549   25.7532
    7.5000   37.5000    7.5000 1772.1757   26.3213
   -7.5000   45.0000    7.5000 1633.0952   31.0829
    0.0000   45.0000    7.5000 1633.4495   31.2310
    7.5000   45.0000    7.5000 1606.4237   31.9784
   -7.5000  -45.0000   15.0000 2849.5115   12.3673
    0.0000  -45.0000   15.0000 2808.7095   12.2748
    7.5000  -45.0000   15.0000 2760.5188   12.3650
   -7.5000  -37.5000   15.0000 2900.4265   11.5846
    0.0000  -37.5000   15.0000 2862.3291   11.6201
    7.5000  -37.5000   15.0000 2816.2759   11.8770
   -7.5000  -30.0000   15.0000 2913.4443   11.2985
    0.0000  -30.0000   15.0000 2879.7827   11.3332
    7.5000  -30.0000   15.0000 2833.5557   11.6366
   -7.5000  -22.5000   15.0000 2900.7278   11.4413
    0.0000  -22.5000   15.0000 2869.3474   11.4492
    7.5000  -22.5000   15.0000 2817.7424   11.7121
   -7.5000  -15.0000   15.0000 2838.6387   11.8453
    0.0000  -15.0000   15.0000 2804.5596   11.8564
    7.5000  -15.0000   15.0000 2761.3252   12.1038
   -7.5000   -7.5000   15.0000 2729.8015   12.5436
    0.0000   -7.5000   15.0000 2709.3535   12.5469
    7.5000   -7.5000   15.0000 2668.4956   12.7927
   -7.5000    0.0000   15.0000 2599.2900   13.5338
    0.0000    0.0000   15.0000 2589.8435   13.5146
    7.5000    0.0000   15.0000 2545.1536   13.7591
   -7.5000    7.5000   15.0000 2467.0579   14.8186
    0.0000    7.5000   15.0000 2455.2666   14.8093
    7.5000    7.5000   15.0000 2409.3655   15.0502
   -7.5000   15.0000   15.0000 2311.8250   16.4827
    0.0000   15.0000   15.0000 2293.5029   16.4859
    7.5000   15.0000   15.0000 2256.8433   16.7635
   -7.5000   22.5000   15.0000 2134.9980   18.6982
    0.0000   22.5000   15.0000 2120.2578   18.7448
    7.5000   22.5000   15.0000 2094.4275   19.0575
   -7.5000   30.0000   15.0000 1968.3652   21.6587
    0.0000   30.0000   15.0000 1949.9565   21.7870
    7.5000   30.0000   15.0000 1925.2778   22.0993
   -7.5000   37.5000   15.0000 1798.3723   25.5788
    0.0000   37.5000   15.0000 1787.9198   25.7332
    7.5000   37.5000   15.0000 1760.4078   26.2758
   -7.5000   45.0000   15.0000 1628.2653   30.9143
    0.0000   45.0000   15.0000 1620.2123   31.0453
    7.5000   45.0000   15.0000 1594.5028   31.8361
   -7.5000  -45.0000   22.5000 2800.0049   12.4540
    0.0000  -45.0000   22.5000 2773.3035   12.5461
    7.5000  -45.0000   22.5000 2726.2141   12.7656
   -7.5000  -37.5000   22.5000 2863.6707   11.7693
    0.0000  -37.5000   22.5000 2837.0686   11.8954
    7.5000  -37.5000   22.5000 2787.2168   12.2495
   -7.5000  -30.0000   22.5000 2894.0591   11.6075
    0.0000  -30.0000   22.5000 2864.6064   11.6882
    7.5000  -30.0000   22.5000 2805.6174   11.9927
   -7.5000  -22.5000   22.5000 2876.0806   11.7702
    0.0000  -22.5000   22.5000 2850.4365   11.8383
    7.5000  -22.5000   22.5000 2795.2383   12.0552
   -7.5000  -15.0000   22.5000 2808.9404   12.2023
    0.0000  -15.0000   22.5000 2783.8210   12.2756
    7.5000  -15.0000   22.5000 2732.9993   12.4616
   -7.5000   -7.5000   22.5000 2705.2200   12.8655
    0.0000   -7.5000   22.5000 2683.5640   12.9255
    7.5000   -7.5000   22.5000 2635.9382   13.1260
   -7.5000    0.0000   22.5000 2572.9856   13.8266
    0.0000    0.0000   22.5000 2561.0432   13.8447
    7.5000    0.0000   22.5000 2515.7913   14.0840
   -7.5000    7.5000   22.5000 2431.2275   15.1150
    0.0000    7.5000   22.5000 2422.1514   15.1071
    7.5000    7.5000   22.5000 2385.2388   15.3572
   -7.5000   15.0000   22.5000 2272.4009   16.7590
    0.0000   15.0000   22.5000 2262.9719   16.7407
    7.5000   15.0000   22.5000 2237.7100   17.0203
   -7.5000   22.5000   22.5000 2103.7891   18.8775
    0.0000   22.5000   22.5000 2093.8574   18.9389
    7.5000   22.5000   22.5000 2073.8789   19.2931
   -7.5000   30.0000   22.5000 1944.9047   21.8312
    0.0000   30.0000   22.5000 1934.7074   21.9611
    7.5000   30.0000   22.5000 1910.5850   22.3712
   -7.5000   37.5000   22.5000 1791.6252   25.7532
    0.0000   37.5000   22.5000 1778.6572   25.9094
    7.5000   37.5000   22.5000 1742.7063   26.4910
   -7.5000   45.0000   22.5000 1610.1926   31.1899
    0.0000   45.0000   22.5000 1601.6621   31.2340
    7.5000   45.0000   22.5000 1579.4469   32.1042
   -7.5000  -45.0000   30.0000 2736.3286   12.8166
    0.0000  -45.0000   30.0000 2718.1416   12.9836
    7.5000  -45.0000   30.0000 2677.6155   13.3046
   -7.5000  -37.5000   30.0000 2802.0276   12.2545
    0.0000  -37.5000   30.0000 2780.8811   12.3947
    7.5000  -37.5000   30.0000 2736.7178   12.7854
   -7.5000  -30.0000   30.0000 2827.1460   12.1264
    0.0000  -30.0000   30.0000 2806.9753   12.2130
    7.5000  -30.0000   30.0000 2751.7590   12.5276
   -7.5000  -22.5000   30.0000 2810.8860   12.2512
    0.0000  -22.5000   30.0000 2793.1008   12.3432
    7.5000  -22.5000   30.0000 2745.0371   12.5722
   -7.5000  -15.0000   30.0000 2749.9890   12.6364
    0.0000  -15.0000   30.0000 2731.6489   12.7238
    7.5000  -15.0000   30.0000 2688.4565   12.9429
   -7.5000   -7.5000   30.0000 2656.0615   13.3074
    0.0000   -7.5000   30.0000 2637.1406   13.3925
    7.5000   -7.5000   30.0000 2595.2476   13.6021
   -7.5000    0.0000   30.0000 2530.2954   14.2852
    0.0000    0.0000   30.0000 2518.3110   14.3361
    7.5000    0.0000   30.0000 2470.3376   14.5721
   -7.5000    7.5000   30.0000 2382.7205   15.5417
    0.0000    7.5000   30.0000 2375.3501   15.5955
    7.5000    7.5000   30.0000 2344.5417   15.8374
   -7.5000   15.0000   30.0000 2228.9229   17.2073
    0.0000   15.0000   30.0000 2215.2410   17.2348
    7.5000   15.0000   30.0000 2191.0447   17.5284
   -7.5000   22.5000   30.0000 2066.6702   19.3510
    0.0000   22.5000   30.0000 2055.1597   19.4377
    7.5000   22.5000   30.0000 2039.4857   19.7937
   -7.5000   30.0000   30.0000 1915.7866   22.2447
    0.0000   30.0000   30.0000 1905.0427   22.3739
    7.5000   30.0000   30.0000 1883.4802   22.8299
   -7.5000   37.5000   30.0000 1767.2416   26.2374
    0.0000   37.5000   30.0000 1757.5726   26.3457
    7.5000   37.5000   30.0000 1729.6821   26.9693
   -7.5000   45.0000   30.0000 1593.2024   31.8699
    0.0000   45.0000   30.0000 1581.3397   31.9460
    7.5000   45.0000   30.0000 1562.1869   32.6906
   -7.5000  -45.0000   37.5000 2670.5481   13.4493
    0.0000  -45.0000   37.5000 2649.5632   13.5932
    7.5000  -45.0000   37.5000 2613.5884   14.0095
   -7.5000  -37.5000   37.5000 2725.6968   12.9462
    0.0000  -37.5000   37.5000 2706.5391   13.0526
    7.5000  -37.5000   37.5000 2669.0715   13.4862
   -7.5000  -30.0000   37.5000 2744.7380   12.7994
    0.0000  -30.0000   37.5000 2727.7681   12.8687
    7.5000  -30.0000   37.5000 2682.3206   13.2138
   -7.5000  -22.5000   37.5000 2728.4497   12.9040
    0.0000  -22.5000   37.5000 2713.8765   12.9729
    7.5000  -22.5000   37.5000 2674.7705   13.2424
   -7.5000  -15.0000   37.5000 2680.9805   13.2379
    0.0000  -15.0000   37.5000 2663.3958   13.3228
    7.5000  -15.0000   37.5000 2629.1006   13.5728
   -7.5000   -7.5000   37.5000 2594.4719   13.8827
    0.0000   -7.5000   37.5000 2577.4399   13.9786
    7.5000   -7.5000   37.5000 2540.3523   14.2431
   -7.5000    0.0000   37.5000 2472.6465   14.8569
    0.0000    0.0000   37.5000 2458.2444   14.9308
    7.5000    0.0000   37.5000 2419.1541   15.2049
   -7.5000    7.5000   37.5000 2328.0239   16.1681
    0.0000    7.5000   37.5000 2320.0410   16.2382
    7.5000    7.5000   37.5000 2289.1084   16.4986
   -7.5000   15.0000   37.5000 2178.0620   17.8482
    0.0000   15.0000   37.5000 2166.9646   17.9101
    7.5000   15.0000   37.5000 2142.6936   18.2291
   -7.5000   22.5000   37.5000 2025.7455   20.0714
    0.0000   22.5000   37.5000 2017.7843   20.1326
    7.5000   22.5000   37.5000 2001.4453   20.4865
   -7.5000   30.0000   37.5000 1874.2379   23.0428
    0.0000   30.0000   37.5000 1871.1375   23.1579
    7.5000   30.0000   37.5000 1853.3989   23.5684
   -7.5000   37.5000   37.5000 1733.2104   27.1449
    0.0000   37.5000   37.5000 1721.2451   27.2528
    7.5000   37.5000   37.5000 1695.0787   27.8466
   -7.5000   45.0000   37.5000 1572.4241   32.7936
    0.0000   45.0000   37.5000 1559.8993   32.8650
    7.5000   45.0000   37.5000 1539.1522   33.5764
   -7.5000  -45.0000   45.0000 2589.3916   14.3355
    0.0000  -45.0000   45.0000 2569.7463   14.4609
    7.5000  -45.0000   45.0000 2538.7617   14.9374
   -7.5000  -37.5000   45.0000 2641.2917   13.8312
    0.0000  -37.5000   45.0000 2624.2654   13.9075
    7.5000  -37.5000   45.0000 2589.4041   14.3486
   -7.5000  -30.0000   45.0000 2652.9749   13.6305
    0.0000  -30.0000   45.0000 2642.9504   13.7018
    7.5000  -30.0000   45.0000 2604.1189   14.0536
   -7.5000  -22.5000   45.0000 2636.2590   13.7018
    0.0000  -22.5000   45.0000 2626.3374   13.7692
    7.5000  -22.5000   45.0000 2594.2375   14.0820
   -7.5000  -15.0000   45.0000 2591.4695   14.0202
    0.0000  -15.0000   45.0000 2579.2830   14.0937
    7.5000  -15.0000   45.0000 2548.7002   14.3993
   -7.5000   -7.5000   45.0000 2518.0559   14.6558
    0.0000   -7.5000   45.0000 2498.8269   14.7347
    7.5000   -7.5000   45.0000 2466.2251   15.0190
   -7.5000    0.0000   45.0000 2403.7390   15.5641
    0.0000    0.0000   45.0000 2390.1877   15.6590
    7.5000    0.0000   45.0000 2358.6047   15.9438
   -7.5000    7.5000   45.0000 2262.2603   16.8916
    0.0000    7.5000   45.0000 2253.3184   16.9414
    7.5000    7.5000   45.0000 2232.4482   17.2489
   -7.5000   15.0000   45.0000 2120.9639   18.6678
    0.0000   15.0000   45.0000 2111.6597   18.6822
    7.5000   15.0000   45.0000 2089.1226   19.0157
   -7.5000   22.5000   45.0000 1982.9470   20.9508
    0.0000   22.5000   45.0000 1976.2257   21.0010
    7.5000   22.5000   45.0000 1950.2644   21.3643
   -7.5000   30.0000   45.0000 1839.8906   23.9770
    0.0000   30.0000   45.0000 1831.8595   24.0560
    7.5000   30.0000   45.0000 1807.7043   24.5801
   -7.5000   37.5000   45.0000 1690.2435   28.2891
    0.0000   37.5000   45.0000 1677.9167   28.3277
    7.5000   37.5000   45.0000 1656.9415   28.9934
   -7.5000   45.0000   45.0000 1529.2097   33.9877
    0.0000   45.0000   45.0000 1523.7618   34.1056
    7.5000   45.0000   45.0000 1509.5612   34.8460

---------------------------------------------------------------------
imgreg_4dfp /opt/freesurfer/average/711-2C_as_mni_average_305 /opt/freesurfer/average/711-2B_as_mni_average_305_mask talsrcimg_g11 none talsrcimg_to_711-2C_as_mni_average_305_t4 1283
---------------------------------------------------------------------

freesurfer imgreg_4dfp.c
/opt/freesurfer/average/711-2C_as_mni_average_305.4dfp.img
       256       256       256         1
  1.000000  1.000000  1.000000
orientation T byte_order littleendian
Reading image: /opt/freesurfer/average/711-2C_as_mni_average_305.4dfp.img
dimensions:      256       256       256
mmppix:       1.0000   -1.0000   -1.0000
center:     128.0000 -129.0000 -129.0000
/opt/freesurfer/average/711-2B_as_mni_average_305_mask.4dfp.img
       256       256       256         1
  1.000000  1.000000  1.000000
orientation T byte_order littleendian
Reading mask: /opt/freesurfer/average/711-2B_as_mni_average_305_mask.4dfp.img (2306576 pixels)
talsrcimg_g11.4dfp.img
       256       256       256         1
  1.000000  1.000000  1.000000
orientation T byte_order littleendian
Reading image: talsrcimg_g11.4dfp.img
dimensions:      256       256       256
mmppix:       1.0000   -1.0000   -1.0000
center:     128.0000 -129.0000 -129.0000
rotation matrix determinant  1.000000
fimgreg.f
image alignment mode   1283 decimal      503 hex
parameters
   -7.5000  -37.5000    7.5000    0.0000    0.0000    0.0000
eta,q 0.91629 11.51043
niter,ni,del,rscale     5    3   12.0000    1.2000
parameter  2 -0.781390 -> -0.500000 qaram    1.1500
parameter  3 -0.736057 -> -0.500000 qaram    1.1500
parameter  4  0.947305 ->  0.500000 qaram    1.1500
parameters
   -6.9856  -34.0500   10.9500   -3.4500    0.2143    1.8567
eta,q 0.91974 11.28404
  0.0990  0.0950  0.0882  0.0807  0.0841  0.0856
  0.0916  0.0920  0.0876  0.0805  0.0819  0.0831
  0.0878  0.0899  0.0865  0.0808  0.0806  0.0813
  0.0873  0.0878  0.0842  0.0826  0.0805  0.0804
  0.0883  0.0853  0.0822  0.0847  0.0808  0.0803
  0.0908  0.0839  0.0826  0.0875  0.0819  0.0807
  0.0943  0.0863  0.0840  0.0893  0.0833  0.0816
niter,ni,del,rscale     7    3   12.0000    1.2000
parameter  4  0.563300 ->  0.500000 qaram    1.3225
parameters
   -7.0960  -33.1399    9.7218   -7.4175    0.5940    1.4823
eta,q 0.92130 11.35495
  0.0882  0.0915  0.0835  0.0784  0.0829  0.0811
  0.0847  0.0866  0.0804  0.0785  0.0808  0.0795
  0.0815  0.0826  0.0789  0.0788  0.0790  0.0788
  0.0803  0.0802  0.0798  0.0791  0.0786  0.0787
  0.0819  0.0807  0.0815  0.0806  0.0791  0.0788
  0.0844  0.0848  0.0834  0.0839  0.0800  0.0800
  0.0892  0.0864  0.0866  0.0878  0.0819  0.0820
niter,ni,del,rscale     7    3   12.0000    1.2000
parameters
   -7.5281  -32.2203    8.8137  -10.8250    1.1419    1.8112
eta,q 0.92383 11.29249
  0.0868  0.0879  0.0826  0.0778  0.0817  0.0809
  0.0816  0.0825  0.0787  0.0770  0.0789  0.0780
  0.0784  0.0797  0.0770  0.0762  0.0771  0.0763
  0.0787  0.0783  0.0778  0.0773  0.0762  0.0761
  0.0810  0.0779  0.0796  0.0793  0.0762  0.0766
  0.0839  0.0806  0.0815  0.0809  0.0778  0.0777
  0.0883  0.0835  0.0847  0.0844  0.0800  0.0796
niter,ni,del,rscale     6    3   12.0000    1.2000
parameters
   -8.0998  -31.3940    8.3176  -12.7869    1.4732    1.9649
eta,q 0.92394 11.27027
  0.0853  0.0859  0.0812  0.0770  0.0820  0.0801
  0.0796  0.0809  0.0784  0.0774  0.0789  0.0774
  0.0757  0.0776  0.0754  0.0767  0.0772  0.0761
  0.0762  0.0756  0.0752  0.0750  0.0761  0.0760
  0.0795  0.0754  0.0767  0.0759  0.0762  0.0764
  0.0831  0.0788  0.0792  0.0794  0.0783  0.0775
  0.0877  0.0818  0.0835  0.0825  0.0809  0.0793
niter,ni,del,rscale     5    3   12.0000    1.2000
parameters
   -8.3075  -30.9626    7.4427  -14.2539    1.3465    1.4798
eta,q 0.92386 11.27264
  0.0873  0.0831  0.0807  0.0769  0.0814  0.0793
  0.0809  0.0779  0.0778  0.0764  0.0787  0.0772
  0.0768  0.0763  0.0753  0.0766  0.0771  0.0763
  0.0761  0.0759  0.0758  0.0753  0.0762  0.0762
  0.0788  0.0764  0.0777  0.0749  0.0768  0.0768
  0.0828  0.0788  0.0801  0.0772  0.0790  0.0782
  0.0878  0.0802  0.0831  0.0813  0.0820  0.0803
niter,ni,del,rscale     4    3   12.0000    1.2000
parameters
   -8.1349  -31.7814    6.7033  -14.9258    1.2395    0.7885
eta,q 0.92457 11.31524
  0.0892  0.0798  0.0816  0.0773  0.0804  0.0791
  0.0824  0.0759  0.0783  0.0754  0.0778  0.0765
  0.0779  0.0758  0.0753  0.0751  0.0762  0.0755
  0.0761  0.0762  0.0762  0.0756  0.0756  0.0756
  0.0780  0.0766  0.0785  0.0752  0.0761  0.0765
  0.0817  0.0790  0.0807  0.0759  0.0779  0.0784
  0.0875  0.0805  0.0829  0.0784  0.0809  0.0806
niter,ni,del,rscale     3    3   12.0000    1.2000
parameters
   -7.8703  -32.1922    6.4576  -15.3316    1.1932    0.5777
eta,q 0.92510 11.34361
  0.0889  0.0809  0.0826  0.0773  0.0799  0.0796
  0.0820  0.0755  0.0791  0.0753  0.0771  0.0767
  0.0775  0.0745  0.0751  0.0745  0.0754  0.0752
  0.0754  0.0755  0.0753  0.0751  0.0749  0.0749
  0.0767  0.0758  0.0780  0.0754  0.0755  0.0756
  0.0804  0.0785  0.0803  0.0759  0.0771  0.0776
  0.0868  0.0806  0.0823  0.0774  0.0801  0.0800
niter,ni,del,rscale     2    3   12.0000    1.2000
parameters
   -7.7670  -32.2225    6.3612  -15.4777    1.1471    0.5307
eta,q 0.92528 11.34561
  0.0881  0.0822  0.0831  0.0775  0.0797  0.0798
  0.0813  0.0758  0.0793  0.0755  0.0769  0.0769
  0.0768  0.0741  0.0750  0.0743  0.0752  0.0751
  0.0749  0.0749  0.0749  0.0748  0.0747  0.0747
  0.0763  0.0757  0.0778  0.0755  0.0753  0.0754
  0.0805  0.0780  0.0802  0.0758  0.0769  0.0773
  0.0875  0.0805  0.0822  0.0772  0.0799  0.0797
niter,ni,del,rscale     1    3   12.0000    1.2000
parameters
   -7.7370  -32.2407    6.3332  -15.5288    1.1370    0.5203
eta,q 0.92534 11.34728
  0.0878  0.0823  0.0833  0.0775  0.0797  0.0799
  0.0811  0.0758  0.0794  0.0755  0.0769  0.0769
  0.0765  0.0740  0.0750  0.0743  0.0751  0.0751
  0.0747  0.0747  0.0747  0.0747  0.0747  0.0747
  0.0762  0.0756  0.0777  0.0755  0.0752  0.0753
  0.0806  0.0779  0.0802  0.0758  0.0768  0.0772
  0.0878  0.0805  0.0821  0.0771  0.0798  0.0797
registration optimization eta report
parameter search radius
    6.0000    6.9000    6.9000    7.9350    6.0000    6.0000
100000*second partial in parameter space
       36.       15.       16.        4.       14.       14.
  0.0878  0.0823  0.0833  0.0775  0.0797  0.0799
  0.0811  0.0758  0.0794  0.0755  0.0769  0.0769
  0.0765  0.0740  0.0750  0.0743  0.0751  0.0751
  0.0747  0.0747  0.0747  0.0747  0.0747  0.0747
  0.0762  0.0756  0.0777  0.0755  0.0752  0.0753
  0.0806  0.0779  0.0802  0.0758  0.0768  0.0772
  0.0878  0.0805  0.0821  0.0771  0.0798  0.0797
   -7.7370  -32.2407    6.3332  -15.5288    1.1370    0.5203
eta,q 0.92534 11.34728

---------------------------------------------------------------------
imgreg_4dfp /opt/freesurfer/average/711-2C_as_mni_average_305 /opt/freesurfer/average/711-2B_as_mni_average_305_mask talsrcimg_g11 none talsrcimg_to_711-2C_as_mni_average_305_t4 3335
---------------------------------------------------------------------

freesurfer imgreg_4dfp.c
/opt/freesurfer/average/711-2C_as_mni_average_305.4dfp.img
       256       256       256         1
  1.000000  1.000000  1.000000
orientation T byte_order littleendian
Reading image: /opt/freesurfer/average/711-2C_as_mni_average_305.4dfp.img
dimensions:      256       256       256
mmppix:       1.0000   -1.0000   -1.0000
center:     128.0000 -129.0000 -129.0000
/opt/freesurfer/average/711-2B_as_mni_average_305_mask.4dfp.img
       256       256       256         1
  1.000000  1.000000  1.000000
orientation T byte_order littleendian
Reading mask: /opt/freesurfer/average/711-2B_as_mni_average_305_mask.4dfp.img (2306576 pixels)
talsrcimg_g11.4dfp.img
       256       256       256         1
  1.000000  1.000000  1.000000
orientation T byte_order littleendian
Reading image: talsrcimg_g11.4dfp.img
dimensions:      256       256       256
mmppix:       1.0000   -1.0000   -1.0000
center:     128.0000 -129.0000 -129.0000
fimgreg.f
image alignment mode   3335 decimal      D07 hex
parameters
   -7.7370  -32.2407    6.3332   -0.0238   -3.6496   -3.6694
   -0.3437   -2.1549    0.9079   26.7538    1.9843  -26.7670
eta,q 0.92515 11.51155
niter,ni,del,rscale     5    3    5.0000    1.2000
parameter  4  3.226111 ->  0.500000 qaram    1.1500
parameter  5 -8.448549 ->  0.500000 qaram    1.1500
parameter  6  1.535569 ->  0.500000 qaram    1.1500
parameter 10  0.592294 ->  0.500000 qaram    1.1500
parameter 12 -0.705047 -> -0.500000 qaram    1.1500
parameters
   -7.7330  -32.3425    5.7134   -4.1638   -7.7896   -7.8094
   -0.0391   -0.9841    3.0386   22.6138    2.4639  -22.6270
eta,q 0.94653 11.23282
  0.0770  0.0756  0.0756  0.0662  0.0551  0.0527  0.0580  0.0620  0.0577  0.0544  0.0558  0.0574
  0.0758  0.0751  0.0750  0.0679  0.0596  0.0545  0.0565  0.0588  0.0565  0.0540  0.0548  0.0559
  0.0750  0.0749  0.0748  0.0708  0.0643  0.0573  0.0556  0.0564  0.0556  0.0543  0.0543  0.0548
  0.0748  0.0748  0.0748  0.0747  0.0686  0.0609  0.0552  0.0552  0.0551  0.0550  0.0540  0.0540
  0.0751  0.0750  0.0753  0.0790  0.0729  0.0661  0.0554  0.0553  0.0550  0.0562  0.0541  0.0536
  0.0758  0.0753  0.0761  0.0831  0.0770  0.0722  0.0562  0.0565  0.0552  0.0582  0.0546  0.0534
  0.0769  0.0756  0.0770  0.0866  0.0806  0.0778  0.0575  0.0587  0.0558  0.0609  0.0553  0.0534
niter,ni,del,rscale     7    3    5.0000    1.2000
parameter  4  0.639280 ->  0.500000 qaram    1.3225
parameter  5  2.245280 ->  0.500000 qaram    1.3225
parameter  6  0.606450 ->  0.500000 qaram    1.3225
parameters
   -7.3416  -32.3768    4.8361   -8.9248  -12.5506  -12.5704
   -1.1595   -1.4431    3.1372   22.2328    5.5295  -21.8512
eta,q 0.95544 10.69823
  0.0578  0.0551  0.0538  0.0517  0.0438  0.0445  0.0464  0.0471  0.0460  0.0469  0.0450  0.0455
  0.0557  0.0540  0.0533  0.0519  0.0453  0.0446  0.0453  0.0456  0.0452  0.0455  0.0448  0.0449
  0.0542  0.0535  0.0531  0.0522  0.0480  0.0451  0.0447  0.0448  0.0448  0.0447  0.0447  0.0446
  0.0535  0.0534  0.0534  0.0532  0.0519  0.0459  0.0447  0.0446  0.0446  0.0446  0.0446  0.0445
  0.0535  0.0537  0.0539  0.0558  0.0561  0.0476  0.0453  0.0451  0.0447  0.0449  0.0446  0.0446
  0.0543  0.0543  0.0548  0.0600  0.0604  0.0508  0.0464  0.0462  0.0452  0.0458  0.0446  0.0448
  0.0557  0.0550  0.0559  0.0648  0.0647  0.0559  0.0478  0.0478  0.0459  0.0474  0.0446  0.0451
niter,ni,del,rscale     7    3    5.0000    1.2000
parameter  2 -0.635160 -> -0.500000 qaram    1.1500
parameter  5  0.895398 ->  0.500000 qaram    1.5209
parameters
   -7.2176  -30.9968    5.4580  -11.3236  -18.0257  -14.6405
   -1.6390   -1.7160    5.2419   20.1347    6.9448  -22.8996
eta,q 0.95929 10.14505
  0.0473  0.0491  0.0450  0.0448  0.0407  0.0424  0.0429  0.0437  0.0421  0.0420  0.0411  0.0411
  0.0458  0.0471  0.0444  0.0440  0.0408  0.0416  0.0418  0.0422  0.0416  0.0411  0.0410  0.0409
  0.0449  0.0456  0.0440  0.0436  0.0416  0.0411  0.0411  0.0412  0.0412  0.0408  0.0408  0.0407
  0.0446  0.0446  0.0437  0.0437  0.0436  0.0409  0.0410  0.0410  0.0410  0.0409  0.0407  0.0407
  0.0447  0.0439  0.0437  0.0440  0.0473  0.0414  0.0414  0.0414  0.0409  0.0415  0.0407  0.0408
  0.0455  0.0437  0.0438  0.0455  0.0515  0.0430  0.0422  0.0425  0.0410  0.0426  0.0408  0.0410
  0.0468  0.0440  0.0442  0.0486  0.0556  0.0454  0.0434  0.0441  0.0413  0.0443  0.0409  0.0414
niter,ni,del,rscale     7    3    5.0000    1.2000
parameter  2 -0.716664 -> -0.500000 qaram    1.3225
parameter  5  0.504517 ->  0.500000 qaram    1.7490
parameter 12  0.683535 ->  0.500000 qaram    1.3225
parameters
   -7.2378  -29.4098    5.0874   -9.6609  -24.3222  -14.4478
   -2.2463   -1.9662    7.2759   19.6262    8.2060  -27.6606
eta,q 0.96124  9.90895
  0.0430  0.0454  0.0402  0.0424  0.0397  0.0411  0.0404  0.0414  0.0399  0.0405  0.0393  0.0388
  0.0417  0.0435  0.0398  0.0411  0.0392  0.0403  0.0395  0.0401  0.0395  0.0396  0.0392  0.0388
  0.0409  0.0419  0.0397  0.0402  0.0389  0.0396  0.0391  0.0393  0.0392  0.0391  0.0390  0.0388
  0.0407  0.0407  0.0397  0.0397  0.0396  0.0390  0.0390  0.0390  0.0390  0.0389  0.0389  0.0389
  0.0410  0.0400  0.0399  0.0396  0.0422  0.0391  0.0393  0.0394  0.0389  0.0392  0.0389  0.0391
  0.0418  0.0397  0.0402  0.0398  0.0464  0.0398  0.0400  0.0404  0.0390  0.0399  0.0390  0.0394
  0.0431  0.0399  0.0406  0.0412  0.0505  0.0413  0.0410  0.0418  0.0393  0.0410  0.0392  0.0396
niter,ni,del,rscale     7    3    5.0000    1.2000
parameters
   -7.1022  -28.3315    4.7728   -8.3022  -27.8499  -14.7500
   -2.9275   -2.8004    8.7382   20.3947    8.2781  -29.3894
eta,q 0.96153  9.80530
  0.0411  0.0425  0.0391  0.0412  0.0402  0.0407  0.0399  0.0405  0.0394  0.0405  0.0389  0.0389
  0.0399  0.0407  0.0387  0.0400  0.0393  0.0398  0.0391  0.0394  0.0390  0.0395  0.0387  0.0386
  0.0391  0.0395  0.0385  0.0391  0.0387  0.0391  0.0387  0.0387  0.0387  0.0388  0.0386  0.0385
  0.0388  0.0387  0.0385  0.0385  0.0383  0.0386  0.0386  0.0386  0.0386  0.0385  0.0385  0.0385
  0.0389  0.0385  0.0387  0.0381  0.0392  0.0388  0.0389  0.0391  0.0385  0.0387  0.0385  0.0387
  0.0395  0.0388  0.0390  0.0385  0.0426  0.0397  0.0396  0.0401  0.0386  0.0391  0.0387  0.0390
  0.0406  0.0395  0.0394  0.0404  0.0471  0.0413  0.0405  0.0417  0.0389  0.0398  0.0389  0.0393
niter,ni,del,rscale     6    3    5.0000    1.2000
parameters
   -6.9062  -27.8905    4.7308   -7.9645  -29.4063  -14.9568
   -3.7530   -3.3978    9.5884   20.7984    7.7974  -29.9420
eta,q 0.96146  9.75033
  0.0407  0.0409  0.0392  0.0408  0.0409  0.0407  0.0398  0.0406  0.0393  0.0402  0.0389  0.0392
  0.0396  0.0396  0.0387  0.0397  0.0398  0.0398  0.0391  0.0395  0.0389  0.0393  0.0387  0.0388
  0.0389  0.0388  0.0385  0.0389  0.0390  0.0391  0.0386  0.0388  0.0387  0.0387  0.0386  0.0385
  0.0385  0.0384  0.0384  0.0384  0.0384  0.0386  0.0386  0.0386  0.0386  0.0385  0.0385  0.0386
  0.0385  0.0385  0.0385  0.0382  0.0384  0.0388  0.0389  0.0390  0.0386  0.0387  0.0386  0.0387
  0.0391  0.0390  0.0388  0.0388  0.0400  0.0396  0.0396  0.0399  0.0387  0.0392  0.0388  0.0390
  0.0402  0.0398  0.0392  0.0411  0.0442  0.0412  0.0406  0.0414  0.0390  0.0398  0.0391  0.0392
niter,ni,del,rscale     5    3    5.0000    1.2000
parameters
   -6.7716  -27.6478    4.7157   -7.8353  -29.9885  -15.1120
   -4.2968   -3.6247   10.2258   21.0166    7.4238  -30.0126
eta,q 0.96141  9.72746
  0.0407  0.0406  0.0393  0.0408  0.0411  0.0406  0.0400  0.0408  0.0393  0.0401  0.0389  0.0393
  0.0396  0.0394  0.0389  0.0397  0.0400  0.0398  0.0392  0.0396  0.0389  0.0392  0.0388  0.0389
  0.0389  0.0388  0.0386  0.0391  0.0391  0.0391  0.0387  0.0389  0.0387  0.0387  0.0386  0.0386
  0.0385  0.0385  0.0385  0.0385  0.0385  0.0386  0.0386  0.0386  0.0386  0.0386  0.0386  0.0386
  0.0386  0.0387  0.0386  0.0383  0.0383  0.0387  0.0389  0.0389  0.0386  0.0388  0.0386  0.0387
  0.0392  0.0392  0.0389  0.0390  0.0394  0.0395  0.0395  0.0398  0.0388  0.0392  0.0388  0.0390
  0.0404  0.0399  0.0393  0.0413  0.0429  0.0411  0.0405  0.0411  0.0391  0.0398  0.0391  0.0392
niter,ni,del,rscale     4    3    5.0000    1.2000
parameters
   -6.6895  -27.5090    4.6655   -7.8040  -30.3012  -15.2804
   -4.6179   -3.7192   10.6752   21.1454    7.1307  -29.9917
eta,q 0.96135  9.71045
  0.0407  0.0404  0.0393  0.0409  0.0412  0.0405  0.0401  0.0409  0.0393  0.0400  0.0390  0.0393
  0.0396  0.0393  0.0389  0.0398  0.0401  0.0397  0.0393  0.0397  0.0390  0.0392  0.0388  0.0390
  0.0389  0.0387  0.0387  0.0391  0.0392  0.0391  0.0388  0.0389  0.0388  0.0387  0.0387  0.0387
  0.0386  0.0386  0.0386  0.0386  0.0386  0.0386  0.0386  0.0386  0.0386  0.0386  0.0386  0.0386
  0.0387  0.0388  0.0387  0.0385  0.0383  0.0387  0.0389  0.0389  0.0387  0.0389  0.0387  0.0388
  0.0393  0.0393  0.0389  0.0391  0.0393  0.0395  0.0395  0.0397  0.0388  0.0393  0.0388  0.0390
  0.0405  0.0400  0.0393  0.0415  0.0425  0.0410  0.0405  0.0411  0.0392  0.0398  0.0391  0.0393
niter,ni,del,rscale     3    3    5.0000    1.2000
parameters
   -6.6324  -27.4148    4.6076   -7.7954  -30.5377  -15.4344
   -4.8221   -3.7694   11.0491   21.2475    6.8562  -29.8483
eta,q 0.96129  9.69470
  0.0407  0.0404  0.0393  0.0409  0.0412  0.0405  0.0402  0.0409  0.0393  0.0400  0.0390  0.0394
  0.0397  0.0393  0.0389  0.0399  0.0401  0.0397  0.0394  0.0397  0.0390  0.0392  0.0389  0.0390
  0.0390  0.0388  0.0387  0.0392  0.0393  0.0392  0.0389  0.0390  0.0388  0.0388  0.0388  0.0388
  0.0386  0.0386  0.0387  0.0387  0.0386  0.0387  0.0387  0.0387  0.0387  0.0387  0.0387  0.0387
  0.0388  0.0389  0.0387  0.0385  0.0384  0.0388  0.0389  0.0389  0.0387  0.0389  0.0387  0.0388
  0.0394  0.0394  0.0390  0.0392  0.0393  0.0395  0.0395  0.0397  0.0389  0.0393  0.0389  0.0391
  0.0406  0.0400  0.0394  0.0416  0.0423  0.0410  0.0405  0.0410  0.0392  0.0398  0.0391  0.0393
niter,ni,del,rscale     2    3    5.0000    1.2000
parameters
   -6.5918  -27.3309    4.5261   -7.8071  -30.7572  -15.5927
   -4.9762   -3.7891   11.4243   21.3394    6.5014  -29.6698
eta,q 0.96125  9.67823
  0.0407  0.0403  0.0393  0.0409  0.0411  0.0405  0.0403  0.0410  0.0394  0.0400  0.0390  0.0394
  0.0397  0.0393  0.0390  0.0399  0.0401  0.0397  0.0395  0.0398  0.0391  0.0392  0.0389  0.0391
  0.0390  0.0388  0.0388  0.0392  0.0393  0.0392  0.0390  0.0391  0.0388  0.0388  0.0388  0.0388
  0.0387  0.0387  0.0387  0.0387  0.0387  0.0387  0.0388  0.0388  0.0387  0.0387  0.0388  0.0387
  0.0389  0.0389  0.0388  0.0386  0.0385  0.0388  0.0389  0.0390  0.0388  0.0389  0.0388  0.0389
  0.0395  0.0394  0.0390  0.0392  0.0393  0.0395  0.0396  0.0398  0.0389  0.0393  0.0389  0.0391
  0.0406  0.0400  0.0394  0.0416  0.0422  0.0409  0.0405  0.0410  0.0393  0.0398  0.0391  0.0393
niter,ni,del,rscale     1    3    5.0000    1.2000
parameters
   -6.5531  -27.2458    4.4274   -7.8116  -31.0029  -15.7794
   -5.1233   -3.7932   11.8209   21.4742    5.9982  -29.4072
eta,q 0.96119  9.65962
  0.0407  0.0404  0.0393  0.0410  0.0411  0.0404  0.0403  0.0410  0.0394  0.0399  0.0391  0.0395
  0.0397  0.0394  0.0390  0.0400  0.0401  0.0397  0.0396  0.0398  0.0391  0.0392  0.0389  0.0391
  0.0391  0.0389  0.0388  0.0393  0.0393  0.0392  0.0390  0.0391  0.0389  0.0389  0.0388  0.0389
  0.0388  0.0388  0.0388  0.0388  0.0388  0.0388  0.0388  0.0388  0.0388  0.0388  0.0388  0.0388
  0.0389  0.0390  0.0389  0.0387  0.0385  0.0388  0.0390  0.0390  0.0388  0.0390  0.0388  0.0389
  0.0396  0.0394  0.0391  0.0393  0.0394  0.0395  0.0396  0.0398  0.0390  0.0393  0.0390  0.0391
  0.0407  0.0400  0.0394  0.0416  0.0422  0.0409  0.0405  0.0410  0.0393  0.0398  0.0392  0.0393
registration optimization eta report
parameter search radius
    2.4000    3.1740    2.4000    9.5220   12.5928    9.5220
    7.2000    7.2000    7.2000    8.2800    7.2000    9.5220
100000*second partial in parameter space
       33.       14.       11.        3.        2.        2.
        3.        4.        1.        2.        1.        1.
  0.0407  0.0404  0.0393  0.0410  0.0411  0.0404  0.0403  0.0410  0.0394  0.0399  0.0391  0.0395
  0.0397  0.0394  0.0390  0.0400  0.0401  0.0397  0.0396  0.0398  0.0391  0.0392  0.0389  0.0391
  0.0391  0.0389  0.0388  0.0393  0.0393  0.0392  0.0390  0.0391  0.0389  0.0389  0.0388  0.0389
  0.0388  0.0388  0.0388  0.0388  0.0388  0.0388  0.0388  0.0388  0.0388  0.0388  0.0388  0.0388
  0.0389  0.0390  0.0389  0.0387  0.0385  0.0388  0.0390  0.0390  0.0388  0.0390  0.0388  0.0389
  0.0396  0.0394  0.0391  0.0393  0.0394  0.0395  0.0396  0.0398  0.0390  0.0393  0.0390  0.0391
  0.0407  0.0400  0.0394  0.0416  0.0422  0.0409  0.0405  0.0410  0.0393  0.0398  0.0392  0.0393
   -6.5531  -27.2458    4.4274   -7.8116  -31.0029  -15.7794
   -5.1233   -3.7932   11.8209   21.4742    5.9982  -29.4072
eta,q 0.96119  9.65962

---------------------------------------------------------------------
imgreg_4dfp /opt/freesurfer/average/711-2C_as_mni_average_305 /opt/freesurfer/average/711-2B_as_mni_average_305_mask talsrcimg_g11 none talsrcimg_to_711-2C_as_mni_average_305_t4 2311
---------------------------------------------------------------------

freesurfer imgreg_4dfp.c
/opt/freesurfer/average/711-2C_as_mni_average_305.4dfp.img
       256       256       256         1
  1.000000  1.000000  1.000000
orientation T byte_order littleendian
Reading image: /opt/freesurfer/average/711-2C_as_mni_average_305.4dfp.img
dimensions:      256       256       256
mmppix:       1.0000   -1.0000   -1.0000
center:     128.0000 -129.0000 -129.0000
/opt/freesurfer/average/711-2B_as_mni_average_305_mask.4dfp.img
       256       256       256         1
  1.000000  1.000000  1.000000
orientation T byte_order littleendian
Reading mask: /opt/freesurfer/average/711-2B_as_mni_average_305_mask.4dfp.img (2306576 pixels)
talsrcimg_g11.4dfp.img
       256       256       256         1
  1.000000  1.000000  1.000000
orientation T byte_order littleendian
Reading image: talsrcimg_g11.4dfp.img
dimensions:      256       256       256
mmppix:       1.0000   -1.0000   -1.0000
center:     128.0000 -129.0000 -129.0000
fimgreg.f
image alignment mode   2311 decimal      907 hex
parameters
   -6.5531  -27.2458    4.4274   -7.8116  -31.0029  -15.7794
   -5.1233   -3.7932   11.8209   21.4742    5.9982  -29.4072
eta,q 0.96119  9.65962
niter,ni,del,rscale     5    3    5.0000    0.8000
parameter  5 -0.905689 -> -0.500000 qaram    1.1500
parameters
   -6.4616  -27.3900    4.2196   -5.6518  -28.2429  -14.7579
   -5.9063   -3.5718    9.6098   20.6123    6.0587  -29.3747
eta,q 0.96172  9.89145
  0.0398  0.0391  0.0390  0.0396  0.0393  0.0392  0.0390  0.0397  0.0384  0.0387  0.0385  0.0385
  0.0393  0.0389  0.0389  0.0393  0.0391  0.0389  0.0386  0.0390  0.0383  0.0384  0.0384  0.0384
  0.0390  0.0388  0.0388  0.0390  0.0389  0.0387  0.0384  0.0386  0.0383  0.0383  0.0383  0.0383
  0.0388  0.0388  0.0388  0.0388  0.0387  0.0385  0.0384  0.0384  0.0384  0.0383  0.0383  0.0383
  0.0389  0.0389  0.0389  0.0387  0.0386  0.0384  0.0386  0.0385  0.0385  0.0384  0.0383  0.0383
  0.0391  0.0390  0.0390  0.0387  0.0385  0.0385  0.0390  0.0388  0.0387  0.0387  0.0384  0.0384
  0.0396  0.0392  0.0391  0.0389  0.0385  0.0388  0.0396  0.0395  0.0390  0.0390  0.0385  0.0385
niter,ni,del,rscale     5    3    5.0000    0.8000
parameters
   -6.6464  -27.8368    4.6195   -5.7361  -27.3512  -14.2627
   -4.9499   -3.3173    8.7871   20.7141    6.3429  -29.7777
eta,q 0.96196  9.95856
  0.0390  0.0385  0.0387  0.0390  0.0390  0.0389  0.0395  0.0395  0.0384  0.0387  0.0383  0.0382
  0.0386  0.0383  0.0385  0.0387  0.0387  0.0386  0.0388  0.0387  0.0382  0.0383  0.0382  0.0381
  0.0383  0.0382  0.0383  0.0384  0.0384  0.0383  0.0383  0.0383  0.0381  0.0381  0.0381  0.0380
  0.0383  0.0383  0.0382  0.0382  0.0382  0.0381  0.0381  0.0381  0.0381  0.0381  0.0381  0.0380
  0.0385  0.0384  0.0382  0.0382  0.0381  0.0381  0.0381  0.0382  0.0382  0.0381  0.0381  0.0381
  0.0389  0.0387  0.0383  0.0385  0.0383  0.0383  0.0383  0.0385  0.0384  0.0383  0.0381  0.0382
  0.0395  0.0390  0.0384  0.0393  0.0387  0.0387  0.0387  0.0392  0.0386  0.0386  0.0383  0.0383
niter,ni,del,rscale     4    3    5.0000    0.7000
parameters
   -6.8266  -27.9728    4.8247   -5.6736  -26.9049  -13.9958
   -4.4045   -3.2580    8.1890   20.9634    6.2113  -30.1676
eta,q 0.96205 10.00290
  0.0386  0.0384  0.0384  0.0387  0.0387  0.0386  0.0390  0.0390  0.0382  0.0385  0.0381  0.0381
  0.0383  0.0382  0.0382  0.0384  0.0384  0.0384  0.0385  0.0384  0.0381  0.0382  0.0380  0.0380
  0.0381  0.0381  0.0381  0.0382  0.0382  0.0381  0.0381  0.0381  0.0380  0.0380  0.0380  0.0380
  0.0380  0.0380  0.0380  0.0380  0.0380  0.0380  0.0380  0.0380  0.0380  0.0380  0.0380  0.0380
  0.0382  0.0381  0.0380  0.0380  0.0380  0.0380  0.0380  0.0381  0.0381  0.0380  0.0380  0.0380
  0.0385  0.0383  0.0381  0.0382  0.0382  0.0382  0.0382  0.0384  0.0382  0.0382  0.0380  0.0381
  0.0390  0.0385  0.0382  0.0388  0.0386  0.0385  0.0386  0.0390  0.0384  0.0384  0.0382  0.0382
niter,ni,del,rscale     3    3    5.0000    0.6000
parameters
   -6.9215  -28.0476    4.9303   -5.5282  -26.5879  -13.8157
   -4.0962   -3.1708    7.8508   21.2478    5.8959  -30.4033
eta,q 0.96210 10.03948
  0.0385  0.0382  0.0382  0.0385  0.0385  0.0384  0.0387  0.0387  0.0381  0.0384  0.0380  0.0380
  0.0382  0.0381  0.0381  0.0383  0.0383  0.0382  0.0383  0.0383  0.0380  0.0381  0.0380  0.0380
  0.0380  0.0380  0.0380  0.0381  0.0381  0.0380  0.0380  0.0380  0.0379  0.0380  0.0379  0.0379
  0.0380  0.0380  0.0379  0.0379  0.0379  0.0379  0.0379  0.0379  0.0379  0.0379  0.0379  0.0379
  0.0381  0.0380  0.0380  0.0379  0.0379  0.0379  0.0380  0.0380  0.0380  0.0379  0.0379  0.0379
  0.0383  0.0381  0.0380  0.0381  0.0381  0.0381  0.0381  0.0382  0.0381  0.0380  0.0380  0.0380
  0.0386  0.0383  0.0381  0.0385  0.0384  0.0384  0.0384  0.0386  0.0382  0.0382  0.0381  0.0381
niter,ni,del,rscale     2    3    5.0000    0.5000
parameters
   -6.9803  -28.1111    4.9841   -5.3546  -26.2858  -13.6800
   -3.9038   -3.0902    7.5567   21.4759    5.5434  -30.5433
eta,q 0.96213 10.07245
  0.0383  0.0381  0.0381  0.0383  0.0383  0.0383  0.0384  0.0384  0.0380  0.0382  0.0379  0.0380
  0.0381  0.0380  0.0380  0.0381  0.0382  0.0381  0.0381  0.0381  0.0379  0.0380  0.0379  0.0379
  0.0379  0.0379  0.0379  0.0380  0.0380  0.0379  0.0379  0.0379  0.0379  0.0379  0.0379  0.0379
  0.0379  0.0379  0.0379  0.0379  0.0379  0.0379  0.0379  0.0379  0.0379  0.0379  0.0379  0.0379
  0.0380  0.0379  0.0379  0.0379  0.0379  0.0379  0.0379  0.0379  0.0379  0.0379  0.0379  0.0379
  0.0381  0.0380  0.0380  0.0380  0.0380  0.0380  0.0380  0.0381  0.0380  0.0380  0.0379  0.0379
  0.0384  0.0382  0.0380  0.0383  0.0383  0.0382  0.0383  0.0384  0.0381  0.0381  0.0380  0.0380
niter,ni,del,rscale     1    3    5.0000    0.4000
parameters
   -7.0258  -28.1801    5.0307   -5.2146  -26.0338  -13.5536
   -3.7479   -3.0043    7.3282   21.6726    5.3311  -30.6966
eta,q 0.96214 10.10082
  0.0381  0.0380  0.0380  0.0382  0.0382  0.0381  0.0382  0.0382  0.0380  0.0381  0.0379  0.0379
  0.0380  0.0379  0.0379  0.0380  0.0380  0.0380  0.0380  0.0380  0.0379  0.0379  0.0379  0.0379
  0.0379  0.0379  0.0379  0.0379  0.0379  0.0379  0.0379  0.0379  0.0379  0.0379  0.0379  0.0379
  0.0379  0.0379  0.0379  0.0379  0.0379  0.0379  0.0379  0.0379  0.0379  0.0379  0.0379  0.0379
  0.0379  0.0379  0.0379  0.0379  0.0379  0.0379  0.0379  0.0379  0.0379  0.0379  0.0379  0.0379
  0.0380  0.0380  0.0379  0.0380  0.0379  0.0380  0.0380  0.0380  0.0379  0.0379  0.0379  0.0379
  0.0382  0.0381  0.0380  0.0381  0.0381  0.0381  0.0381  0.0382  0.0380  0.0380  0.0379  0.0379
registration optimization eta report
parameter search radius
    0.8000    0.8000    0.8000    2.4000    2.7600    2.4000
    2.4000    2.4000    2.4000    2.4000    2.4000    2.4000
100000*second partial in parameter space
       44.       24.       17.        5.        4.        4.
        5.        6.        2.        3.        1.        1.
  0.0381  0.0380  0.0380  0.0382  0.0382  0.0381  0.0382  0.0382  0.0380  0.0381  0.0379  0.0379
  0.0380  0.0379  0.0379  0.0380  0.0380  0.0380  0.0380  0.0380  0.0379  0.0379  0.0379  0.0379
  0.0379  0.0379  0.0379  0.0379  0.0379  0.0379  0.0379  0.0379  0.0379  0.0379  0.0379  0.0379
  0.0379  0.0379  0.0379  0.0379  0.0379  0.0379  0.0379  0.0379  0.0379  0.0379  0.0379  0.0379
  0.0379  0.0379  0.0379  0.0379  0.0379  0.0379  0.0379  0.0379  0.0379  0.0379  0.0379  0.0379
  0.0380  0.0380  0.0379  0.0380  0.0379  0.0380  0.0380  0.0380  0.0379  0.0379  0.0379  0.0379
  0.0382  0.0381  0.0380  0.0381  0.0381  0.0381  0.0381  0.0382  0.0380  0.0380  0.0379  0.0379
   -7.0258  -28.1801    5.0307   -5.2146  -26.0338  -13.5536
   -3.7479   -3.0043    7.3282   21.6726    5.3311  -30.6966
eta,q 0.96214 10.10082

---------------------------------------------------------------------
imgreg_4dfp /opt/freesurfer/average/711-2C_as_mni_average_305 /opt/freesurfer/average/711-2B_as_mni_average_305_mask talsrcimg_g11 none talsrcimg_to_711-2C_as_mni_average_305_t4 2311
---------------------------------------------------------------------

freesurfer imgreg_4dfp.c
/opt/freesurfer/average/711-2C_as_mni_average_305.4dfp.img
       256       256       256         1
  1.000000  1.000000  1.000000
orientation T byte_order littleendian
Reading image: /opt/freesurfer/average/711-2C_as_mni_average_305.4dfp.img
dimensions:      256       256       256
mmppix:       1.0000   -1.0000   -1.0000
center:     128.0000 -129.0000 -129.0000
/opt/freesurfer/average/711-2B_as_mni_average_305_mask.4dfp.img
       256       256       256         1
  1.000000  1.000000  1.000000
orientation T byte_order littleendian
Reading mask: /opt/freesurfer/average/711-2B_as_mni_average_305_mask.4dfp.img (2306576 pixels)
talsrcimg_g11.4dfp.img
       256       256       256         1
  1.000000  1.000000  1.000000
orientation T byte_order littleendian
Reading image: talsrcimg_g11.4dfp.img
dimensions:      256       256       256
mmppix:       1.0000   -1.0000   -1.0000
center:     128.0000 -129.0000 -129.0000
fimgreg.f
image alignment mode   2311 decimal      907 hex
parameters
   -7.0258  -28.1801    5.0307   -5.2146  -26.0338  -13.5536
   -3.7479   -3.0043    7.3282   21.6726    5.3311  -30.6966
eta,q 0.96214 10.10082
niter,ni,del,rscale     5    3    5.0000    0.8000
parameters
   -7.0370  -28.2310    5.0190   -5.9703  -26.2353  -13.6134
   -3.5451   -2.9996    7.4690   21.7053    5.9213  -30.7524
eta,q 0.96210 10.06533
  0.0390  0.0384  0.0383  0.0385  0.0386  0.0387  0.0391  0.0393  0.0384  0.0386  0.0382  0.0382
  0.0383  0.0381  0.0381  0.0383  0.0383  0.0383  0.0385  0.0385  0.0381  0.0382  0.0381  0.0380
  0.0380  0.0379  0.0379  0.0380  0.0381  0.0380  0.0381  0.0381  0.0380  0.0380  0.0380  0.0379
  0.0379  0.0379  0.0379  0.0379  0.0379  0.0379  0.0379  0.0379  0.0379  0.0379  0.0379  0.0379
  0.0380  0.0379  0.0379  0.0380  0.0379  0.0380  0.0380  0.0380  0.0380  0.0380  0.0379  0.0380
  0.0384  0.0382  0.0381  0.0385  0.0383  0.0383  0.0384  0.0385  0.0381  0.0382  0.0380  0.0380
  0.0390  0.0385  0.0383  0.0396  0.0389  0.0388  0.0389  0.0393  0.0383  0.0386  0.0381  0.0382
niter,ni,del,rscale     4    3    5.0000    0.7000
parameters
   -7.0382  -28.1634    5.0263   -5.8539  -26.1625  -13.6600
   -3.5841   -3.0862    7.5175   21.7085    5.9585  -30.7400
eta,q 0.96211 10.07010
  0.0387  0.0384  0.0382  0.0385  0.0385  0.0385  0.0387  0.0389  0.0383  0.0384  0.0381  0.0381
  0.0383  0.0381  0.0381  0.0383  0.0382  0.0382  0.0383  0.0383  0.0381  0.0381  0.0380  0.0380
  0.0380  0.0380  0.0379  0.0381  0.0380  0.0380  0.0380  0.0380  0.0379  0.0379  0.0379  0.0379
  0.0379  0.0379  0.0379  0.0379  0.0379  0.0379  0.0379  0.0379  0.0379  0.0379  0.0379  0.0379
  0.0380  0.0379  0.0379  0.0379  0.0379  0.0380  0.0380  0.0380  0.0379  0.0380  0.0379  0.0379
  0.0383  0.0381  0.0380  0.0381  0.0381  0.0382  0.0383  0.0384  0.0381  0.0381  0.0380  0.0380
  0.0387  0.0383  0.0382  0.0386  0.0385  0.0386  0.0387  0.0390  0.0383  0.0384  0.0381  0.0381
niter,ni,del,rscale     3    3    5.0000    0.6000
parameters
   -7.0410  -28.1735    5.0336   -5.6291  -26.0416  -13.6295
   -3.6428   -3.0817    7.4802   21.7223    5.7824  -30.6707
eta,q 0.96213 10.08466
  0.0385  0.0382  0.0381  0.0384  0.0383  0.0384  0.0385  0.0386  0.0382  0.0383  0.0380  0.0381
  0.0382  0.0380  0.0380  0.0382  0.0382  0.0382  0.0381  0.0382  0.0380  0.0380  0.0379  0.0379
  0.0380  0.0379  0.0379  0.0380  0.0380  0.0380  0.0379  0.0380  0.0379  0.0379  0.0379  0.0379
  0.0379  0.0379  0.0379  0.0379  0.0379  0.0379  0.0379  0.0379  0.0379  0.0379  0.0379  0.0379
  0.0380  0.0379  0.0379  0.0379  0.0379  0.0379  0.0380  0.0379  0.0379  0.0379  0.0379  0.0379
  0.0382  0.0380  0.0380  0.0380  0.0380  0.0381  0.0382  0.0382  0.0380  0.0380  0.0379  0.0379
  0.0385  0.0382  0.0381  0.0384  0.0384  0.0384  0.0385  0.0387  0.0382  0.0383  0.0380  0.0380
niter,ni,del,rscale     2    3    5.0000    0.5000
parameters
   -7.0495  -28.2108    5.0328   -5.4494  -25.9052  -13.5777
   -3.6532   -3.0417    7.3701   21.7503    5.5957  -30.6732
eta,q 0.96214 10.10059
  0.0383  0.0381  0.0380  0.0383  0.0382  0.0383  0.0383  0.0384  0.0381  0.0381  0.0380  0.0380
  0.0381  0.0380  0.0379  0.0381  0.0381  0.0381  0.0381  0.0381  0.0379  0.0380  0.0379  0.0379
  0.0379  0.0379  0.0379  0.0380  0.0379  0.0379  0.0379  0.0379  0.0379  0.0379  0.0379  0.0379
  0.0379  0.0379  0.0379  0.0379  0.0379  0.0379  0.0379  0.0379  0.0379  0.0379  0.0379  0.0379
  0.0379  0.0379  0.0379  0.0379  0.0379  0.0379  0.0379  0.0379  0.0379  0.0379  0.0379  0.0379
  0.0381  0.0380  0.0379  0.0380  0.0380  0.0380  0.0381  0.0381  0.0380  0.0380  0.0379  0.0379
  0.0383  0.0381  0.0380  0.0383  0.0382  0.0382  0.0383  0.0384  0.0381  0.0381  0.0380  0.0380
niter,ni,del,rscale     1    3    5.0000    0.4000
parameters
   -7.0570  -28.2485    5.0587   -5.3188  -25.7560  -13.5247
   -3.6128   -2.9908    7.2354   21.8286    5.4025  -30.7068
eta,q 0.96215 10.11684
  0.0381  0.0380  0.0380  0.0381  0.0381  0.0381  0.0382  0.0382  0.0380  0.0380  0.0379  0.0379
  0.0380  0.0379  0.0379  0.0380  0.0380  0.0380  0.0380  0.0380  0.0379  0.0379  0.0379  0.0379
  0.0379  0.0379  0.0379  0.0379  0.0379  0.0379  0.0379  0.0379  0.0379  0.0379  0.0378  0.0379
  0.0379  0.0379  0.0379  0.0379  0.0379  0.0379  0.0379  0.0379  0.0379  0.0379  0.0378  0.0378
  0.0379  0.0379  0.0379  0.0379  0.0379  0.0379  0.0379  0.0379  0.0379  0.0379  0.0379  0.0379
  0.0380  0.0379  0.0379  0.0379  0.0379  0.0380  0.0380  0.0380  0.0379  0.0379  0.0379  0.0379
  0.0381  0.0380  0.0380  0.0381  0.0381  0.0381  0.0381  0.0382  0.0380  0.0380  0.0379  0.0379
registration optimization eta report
parameter search radius
    0.8000    0.8000    0.8000    2.4000    2.4000    2.4000
    2.4000    2.4000    2.4000    2.4000    2.4000    2.4000
100000*second partial in parameter space
       44.       25.       17.        5.        4.        4.
        5.        6.        2.        3.        1.        1.
  0.0381  0.0380  0.0380  0.0381  0.0381  0.0381  0.0382  0.0382  0.0380  0.0380  0.0379  0.0379
  0.0380  0.0379  0.0379  0.0380  0.0380  0.0380  0.0380  0.0380  0.0379  0.0379  0.0379  0.0379
  0.0379  0.0379  0.0379  0.0379  0.0379  0.0379  0.0379  0.0379  0.0379  0.0379  0.0378  0.0379
  0.0379  0.0379  0.0379  0.0379  0.0379  0.0379  0.0379  0.0379  0.0379  0.0379  0.0378  0.0378
  0.0379  0.0379  0.0379  0.0379  0.0379  0.0379  0.0379  0.0379  0.0379  0.0379  0.0379  0.0379
  0.0380  0.0379  0.0379  0.0379  0.0379  0.0380  0.0380  0.0380  0.0379  0.0379  0.0379  0.0379
  0.0381  0.0380  0.0380  0.0381  0.0381  0.0381  0.0381  0.0382  0.0380  0.0380  0.0379  0.0379
   -7.0570  -28.2485    5.0587   -5.3188  -25.7560  -13.5247
   -3.6128   -2.9908    7.2354   21.8286    5.4025  -30.7068
eta,q 0.96215 10.11684

---------------------------------------------------------------------
compute_vox2vox talsrcimg talsrcimg_to_711-2C_as_mni_average_305_t4 /opt/freesurfer/average/711-2C_as_mni_average_305
---------------------------------------------------------------------

freesurfer compute_vox2vox.c
Reading: talsrcimg.4dfp.ifh
Reading: talsrcimg_to_711-2C_as_mni_average_305_t4
Reading: /opt/freesurfer/average/711-2C_as_mni_average_305.4dfp.ifh
Writing: talsrcimg_to_711-2C_as_mni_average_305_t4_vox2vox.txt

start time Thu Mar 12 01:57:56 CET 2026
end		time Thu Mar 12 01:59:24 CET 2026

mpr2mni305 success

avi2talxfm orig_nu.mgz /opt/freesurfer/average/mni305.cor.mgz talsrcimg_to_711-2C_as_mni_average_305_t4_vox2vox.txt transforms/talairach.auto.xfm
avi2talxfm done
mv -f /out/sourcedata/freesurfer/sub-v1s10x0051008_ses-1/mri/talsrcimg_to_711-2C_as_mni_average_305_t4_vox2vox.txt /out/sourcedata/freesurfer/sub-v1s10x0051008_ses-1/mri/transforms/talsrcimg_to_711-2C_as_mni_average_305_t4_vox2vox.txt
lta_convert --src orig_nu.mgz --trg /opt/freesurfer/average/mni305.cor.mgz --inxfm transforms/talairach.auto.xfm --outlta transforms/talairach.auto.xfm.lta --subject fsaverage
7.3.2

--src: orig_nu.mgz src image (geometry).
--trg: /opt/freesurfer/average/mni305.cor.mgz trg image (geometry).
--inmni: transforms/talairach.auto.xfm input MNI/XFM transform.
--outlta: transforms/talairach.auto.xfm.lta output LTA.
--s: fsaverage subject name
 LTA read, type : 1
 1.05039   0.02121   0.05989   8.23840;
-0.09233   1.04522   0.42780   4.77934;
-0.07522  -0.30937   1.21529   34.19925;
 0.00000   0.00000   0.00000   1.00000;
setting subject to fsaverage
Writing  LTA to file transforms/talairach.auto.xfm.lta...
lta_convert successful.
 
 
Started at Thu Mar 12 01:57:55 CET 2026
Ended   at Thu Mar 12 01:59:25 CET 2026
talairach_avi done
