status file for recon-all
Thu Mar 12 08:18:05 CET 2026
#@# Tessellate rh Thu Mar 12 08:18:05 CET 2026
#@# Smooth1 rh Thu Mar 12 08:18:10 CET 2026
#@# Inflation1 rh Thu Mar 12 08:18:13 CET 2026
#@# QSphere rh Thu Mar 12 08:18:31 CET 2026
#@# Fix Topology rh Thu Mar 12 08:20:03 CET 2026
#@# Smooth2 rh Thu Mar 12 08:29:01 CET 2026
#@# Inflation2 rh Thu Mar 12 08:29:05 CET 2026
#@# Curv .H and .K rh Thu Mar 12 08:29:24 CET 2026
#@# Sphere rh Thu Mar 12 08:30:18 CET 2026
#@# Surf Reg rh Thu Mar 12 08:33:36 CET 2026
#@# Jacobian white rh Thu Mar 12 08:40:36 CET 2026
#@# AvgCurv rh Thu Mar 12 08:40:38 CET 2026
#@# Cortical Parc rh Thu Mar 12 08:40:39 CET 2026
#@# white curv rh Thu Mar 12 08:48:31 CET 2026
#@# white area rh Thu Mar 12 08:48:34 CET 2026
#@# pial curv rh Thu Mar 12 08:48:35 CET 2026
#@# pial area rh Thu Mar 12 08:48:37 CET 2026
#@# thickness rh Thu Mar 12 08:48:38 CET 2026
#@# area and vertex vol rh Thu Mar 12 08:49:17 CET 2026
#@# Curvature Stats rh Thu Mar 12 08:49:19 CET 2026
#@# Cortical Parc 2 rh Thu Mar 12 08:49:22 CET 2026
#@# Cortical Parc 3 rh Thu Mar 12 08:49:37 CET 2026
#@# WM/GM Contrast rh Thu Mar 12 08:49:48 CET 2026
recon-all -s sub-v1s10x0051067_ses-1 finished without error at Thu Mar 12 08:49:53 CET 2026



#New# invocation of recon-all 



status file for recon-all
Thu Mar 12 08:59:31 CET 2026
#@# white curv rh Thu Mar 12 08:59:31 CET 2026
#@# white area rh Thu Mar 12 08:59:31 CET 2026
#@# pial curv rh Thu Mar 12 08:59:31 CET 2026
#@# pial area rh Thu Mar 12 08:59:31 CET 2026
#@# thickness rh Thu Mar 12 08:59:31 CET 2026
#@# area and vertex vol rh Thu Mar 12 08:59:31 CET 2026
#@# Parcellation Stats rh Thu Mar 12 08:59:31 CET 2026
#@# Parcellation Stats 2 rh Thu Mar 12 08:59:58 CET 2026
#@# Parcellation Stats 3 rh Thu Mar 12 09:00:11 CET 2026
#@# BA_exvivo Labels rh Thu Mar 12 09:00:23 CET 2026
recon-all -s sub-v1s10x0051067_ses-1 finished without error at Thu Mar 12 09:03:45 CET 2026
