status file for recon-all
Thu Mar 12 07:45:53 CET 2026
#@# Tessellate lh Thu Mar 12 07:45:53 CET 2026
#@# Smooth1 lh Thu Mar 12 07:45:57 CET 2026
#@# Inflation1 lh Thu Mar 12 07:46:00 CET 2026
#@# QSphere lh Thu Mar 12 07:46:13 CET 2026
#@# Fix Topology lh Thu Mar 12 07:47:17 CET 2026
#@# Smooth2 lh Thu Mar 12 08:12:14 CET 2026
#@# Inflation2 lh Thu Mar 12 08:12:17 CET 2026
#@# Curv .H and .K lh Thu Mar 12 08:12:31 CET 2026
#@# Sphere lh Thu Mar 12 08:13:16 CET 2026
#@# Surf Reg lh Thu Mar 12 08:17:16 CET 2026
#@# Jacobian white lh Thu Mar 12 08:21:20 CET 2026
#@# AvgCurv lh Thu Mar 12 08:21:21 CET 2026
#@# Cortical Parc lh Thu Mar 12 08:21:22 CET 2026
#@# white curv lh Thu Mar 12 08:27:27 CET 2026
#@# white area lh Thu Mar 12 08:27:29 CET 2026
#@# pial curv lh Thu Mar 12 08:27:30 CET 2026
#@# pial area lh Thu Mar 12 08:27:31 CET 2026
#@# thickness lh Thu Mar 12 08:27:32 CET 2026
#@# area and vertex vol lh Thu Mar 12 08:28:00 CET 2026
#@# Curvature Stats lh Thu Mar 12 08:28:02 CET 2026
#@# Cortical Parc 2 lh Thu Mar 12 08:28:05 CET 2026
#@# Cortical Parc 3 lh Thu Mar 12 08:28:17 CET 2026
#@# WM/GM Contrast lh Thu Mar 12 08:28:27 CET 2026
recon-all -s sub-v1s10x0051071_ses-1 finished without error at Thu Mar 12 08:28:31 CET 2026



#New# invocation of recon-all 



status file for recon-all
Thu Mar 12 09:06:27 CET 2026
#@# white curv lh Thu Mar 12 09:06:28 CET 2026
#@# white area lh Thu Mar 12 09:06:28 CET 2026
#@# pial curv lh Thu Mar 12 09:06:28 CET 2026
#@# pial area lh Thu Mar 12 09:06:28 CET 2026
#@# thickness lh Thu Mar 12 09:06:28 CET 2026
#@# area and vertex vol lh Thu Mar 12 09:06:28 CET 2026
#@# Parcellation Stats lh Thu Mar 12 09:06:28 CET 2026
#@# Parcellation Stats 2 lh Thu Mar 12 09:06:46 CET 2026
#@# Parcellation Stats 3 lh Thu Mar 12 09:06:58 CET 2026
#@# BA_exvivo Labels lh Thu Mar 12 09:07:07 CET 2026
recon-all -s sub-v1s10x0051071_ses-1 finished without error at Thu Mar 12 09:09:49 CET 2026
