status file for recon-all
Thu Mar 12 03:42:14 CET 2026
#@# Tessellate rh Thu Mar 12 03:42:14 CET 2026
#@# Smooth1 rh Thu Mar 12 03:42:18 CET 2026
#@# Inflation1 rh Thu Mar 12 03:42:21 CET 2026
#@# QSphere rh Thu Mar 12 03:42:34 CET 2026
#@# Fix Topology rh Thu Mar 12 03:43:48 CET 2026
#@# Smooth2 rh Thu Mar 12 03:53:27 CET 2026
#@# Inflation2 rh Thu Mar 12 03:53:29 CET 2026
#@# Curv .H and .K rh Thu Mar 12 03:53:44 CET 2026
#@# Sphere rh Thu Mar 12 03:54:26 CET 2026
#@# Surf Reg rh Thu Mar 12 03:58:40 CET 2026
#@# Jacobian white rh Thu Mar 12 04:02:05 CET 2026
#@# AvgCurv rh Thu Mar 12 04:02:06 CET 2026
#@# Cortical Parc rh Thu Mar 12 04:02:07 CET 2026
#@# white curv rh Thu Mar 12 04:08:08 CET 2026
#@# white area rh Thu Mar 12 04:08:10 CET 2026
#@# pial curv rh Thu Mar 12 04:08:10 CET 2026
#@# pial area rh Thu Mar 12 04:08:12 CET 2026
#@# thickness rh Thu Mar 12 04:08:13 CET 2026
#@# area and vertex vol rh Thu Mar 12 04:08:38 CET 2026
#@# Curvature Stats rh Thu Mar 12 04:08:40 CET 2026
#@# Cortical Parc 2 rh Thu Mar 12 04:08:42 CET 2026
#@# Cortical Parc 3 rh Thu Mar 12 04:08:55 CET 2026
#@# WM/GM Contrast rh Thu Mar 12 04:09:05 CET 2026
recon-all -s sub-v1s10x0050987_ses-1 finished without error at Thu Mar 12 04:09:09 CET 2026



#New# invocation of recon-all 



status file for recon-all
Thu Mar 12 04:15:26 CET 2026
#@# white curv rh Thu Mar 12 04:15:26 CET 2026
#@# white area rh Thu Mar 12 04:15:26 CET 2026
#@# pial curv rh Thu Mar 12 04:15:26 CET 2026
#@# pial area rh Thu Mar 12 04:15:26 CET 2026
#@# thickness rh Thu Mar 12 04:15:26 CET 2026
#@# area and vertex vol rh Thu Mar 12 04:15:26 CET 2026
#@# Parcellation Stats rh Thu Mar 12 04:15:26 CET 2026
#@# Parcellation Stats 2 rh Thu Mar 12 04:15:43 CET 2026
#@# Parcellation Stats 3 rh Thu Mar 12 04:15:51 CET 2026
#@# BA_exvivo Labels rh Thu Mar 12 04:16:00 CET 2026
recon-all -s sub-v1s10x0050987_ses-1 finished without error at Thu Mar 12 04:18:36 CET 2026
