/out/sourcedata/freesurfer/sub-v1s10x0051085_ses-1/mri
/opt/freesurfer/bin/talairach_avi
--i orig_nu.mgz --xfm transforms/talairach.auto.xfm
talairach_avi 7.3.2
Linux dna017 5.14.0-427.37.1.el9_4.x86_64 #1 SMP PREEMPT_DYNAMIC Fri Sep 13 12:41:50 EDT 2024 x86_64 x86_64 x86_64 GNU/Linux
Thu Mar 12 06:32:23 CET 2026
mri_convert orig_nu.mgz talsrcimg.img 
reading from orig_nu.mgz...
TR=0.00, TE=0.00, TI=0.00, flip angle=0.00
i_ras = (-1, 0, 0)
j_ras = (0, 0, -1)
k_ras = (0, 1, 0)
writing to talsrcimg.img...
Analyze Output Matrix
-1.00000   0.00000   0.00000   133.27957;
 0.00000   0.00000   1.00000  -128.00000;
 0.00000  -1.00000   0.00000   129.27710;
 0.00000   0.00000   0.00000   1.00000;
--------------------
INFO: set hdr.hist.orient to -1
mpr2mni305 talsrcimg
Thu Mar 12 06:32:23 CET 2026
/opt/freesurfer/bin/mpr2mni305 talsrcimg
mpr2mni305 7.3.2
target=711-2C_as_mni_average_305

---------------------------------------------------------------------
analyzeto4dfp talsrcimg -O0 -y
---------------------------------------------------------------------

freesurfer ifh2hdr.c
Thu Mar 12 06:32:24 2026
Writing: talsrcimg.4dfp.hdr
freesurfer analyzeto4dfp.c
Reading: talsrcimg.hdr
header size 348 bytes
hdr.dime.datatype	offset=70	value=2
hdr.dime.bitpix		offset=72	value=8
hdr.hist.orient		offset=252	value=-1
dimensionality     4
dimensions       256       256       256         1
Reading: talsrcimg.img
Writing: talsrcimg.4dfp.img
Writing: talsrcimg.4dfp.ifh
ifh2hdr talsrcimg -r0to202
ori=2

---------------------------------------------------------------------
gauss_4dfp talsrcimg 1.1
---------------------------------------------------------------------

freesurfer gauss_4dfp.c
Reading: talsrcimg.4dfp.img
Writing: talsrcimg_g11.4dfp.img
image dimensions 256 256 256 padded to 288 288 288
processing volume 1freesurfer ifh2hdr.c
Thu Mar 12 06:32:25 2026
Writing: talsrcimg_g11.4dfp.hdr

Writing: talsrcimg_g11.4dfp.ifh
including: talsrcimg.4dfp.img.rec in talsrcimg_g11.4dfp.img.rec

---------------------------------------------------------------------
imgreg_4dfp /opt/freesurfer/average/711-2C_as_mni_average_305 none talsrcimg_g11 none talsrcimg_to_711-2C_as_mni_average_305_t4 4355
---------------------------------------------------------------------

freesurfer imgreg_4dfp.c
/opt/freesurfer/average/711-2C_as_mni_average_305.4dfp.img
       256       256       256         1
  1.000000  1.000000  1.000000
orientation T byte_order littleendian
Reading image: /opt/freesurfer/average/711-2C_as_mni_average_305.4dfp.img
dimensions:      256       256       256
mmppix:       1.0000   -1.0000   -1.0000
center:     128.0000 -129.0000 -129.0000
talsrcimg_g11.4dfp.img
       256       256       256         1
  1.000000  1.000000  1.000000
orientation T byte_order littleendian
Reading image: talsrcimg_g11.4dfp.img
dimensions:      256       256       256
mmppix:       1.0000   -1.0000   -1.0000
center:     128.0000 -129.0000 -129.0000
t4_read: open error in t4_sub.f l:  41 t4_file(1:l)talsrcimg_to_711-2C_as_mni_average_305_t4 
t4_read: transform initialized to I4
rotation matrix determinant  1.000000
image alignment mode   4355 decimal     1103 hex
   -7.5000  -45.0000  -45.0000 7947.3496   17.9725
    0.0000  -45.0000  -45.0000 8264.0586   17.9996
    7.5000  -45.0000  -45.0000 7885.9990   18.0344
   -7.5000  -37.5000  -45.0000 8643.5586   17.8346
    0.0000  -37.5000  -45.0000 8969.6631   17.8670
    7.5000  -37.5000  -45.0000 8539.5205   17.8998
   -7.5000  -30.0000  -45.0000 9652.0742   17.7819
    0.0000  -30.0000  -45.000010020.5605   17.8194
    7.5000  -30.0000  -45.0000 9524.5742   17.8470
   -7.5000  -22.5000  -45.000010591.7617   17.7417
    0.0000  -22.5000  -45.000010991.9141   17.7774
    7.5000  -22.5000  -45.000010452.8926   17.8017
   -7.5000  -15.0000  -45.000011418.5879   17.7111
    0.0000  -15.0000  -45.000011868.8105   17.7406
    7.5000  -15.0000  -45.000011262.8369   17.7677
   -7.5000   -7.5000  -45.000012176.1406   17.6894
    0.0000   -7.5000  -45.000012662.7754   17.7147
    7.5000   -7.5000  -45.000012011.4766   17.7466
   -7.5000    0.0000  -45.000012839.9619   17.7006
    0.0000    0.0000  -45.000013373.1172   17.7268
    7.5000    0.0000  -45.000012677.5059   17.7609
   -7.5000    7.5000  -45.000012553.0664   17.7331
    0.0000    7.5000  -45.000013064.6885   17.7651
    7.5000    7.5000  -45.000012413.6133   17.7975
   -7.5000   15.0000  -45.000012160.8994   17.7521
    0.0000   15.0000  -45.000012646.7021   17.7894
    7.5000   15.0000  -45.000012019.7930   17.8167
   -7.5000   22.5000  -45.000011716.7002   17.7387
    0.0000   22.5000  -45.000012135.7266   17.7744
    7.5000   22.5000  -45.000011516.0029   17.7987
   -7.5000   30.0000  -45.000011039.6055   17.4751
    0.0000   30.0000  -45.000011432.7051   17.5042
    7.5000   30.0000  -45.000010842.7471   17.5309
   -7.5000   37.5000  -45.000010589.1826   17.4537
    0.0000   37.5000  -45.000010961.8311   17.4786
    7.5000   37.5000  -45.000010417.2949   17.5101
   -7.5000   45.0000  -45.0000 9744.5840   17.0213
    0.0000   45.0000  -45.000010070.9209   17.0465
    7.5000   45.0000  -45.0000 9603.5459   17.0792
   -7.5000  -45.0000  -37.5000 8431.9590   17.9922
    0.0000  -45.0000  -37.5000 8757.3545   18.0093
    7.5000  -45.0000  -37.5000 8348.7900   18.0405
   -7.5000  -37.5000  -37.5000 9133.0244   17.8491
    0.0000  -37.5000  -37.5000 9475.6123   17.8722
    7.5000  -37.5000  -37.5000 9004.1357   17.9008
   -7.5000  -30.0000  -37.500010169.6611   17.7907
    0.0000  -30.0000  -37.500010551.3984   17.8200
    7.5000  -30.0000  -37.500010022.6523   17.8449
   -7.5000  -22.5000  -37.500011135.0576   17.7496
    0.0000  -22.5000  -37.500011566.3662   17.7777
    7.5000  -22.5000  -37.500010984.4072   17.8014
   -7.5000  -15.0000  -37.500011994.8701   17.7232
    0.0000  -15.0000  -37.500012472.4316   17.7453
    7.5000  -15.0000  -37.500011833.8076   17.7724
   -7.5000   -7.5000  -37.500012782.8926   17.7075
    0.0000   -7.5000  -37.500013312.3652   17.7241
    7.5000   -7.5000  -37.500012609.0664   17.7545
   -7.5000    0.0000  -37.500013482.4268   17.7199
    0.0000    0.0000  -37.500014083.8945   17.7364
    7.5000    0.0000  -37.500013326.6680   17.7669
   -7.5000    7.5000  -37.500013149.6104   17.7474
    0.0000    7.5000  -37.500013741.9277   17.7702
    7.5000    7.5000  -37.500013001.4404   17.7984
   -7.5000   15.0000  -37.500012713.2900   17.7607
    0.0000   15.0000  -37.500013237.7520   17.7898
    7.5000   15.0000  -37.500012535.0830   17.8145
   -7.5000   22.5000  -37.500012203.2773   17.7466
    0.0000   22.5000  -37.500012666.6787   17.7747
    7.5000   22.5000  -37.500011976.4512   17.7984
   -7.5000   30.0000  -37.500011476.1572   17.4870
    0.0000   30.0000  -37.500011915.6816   17.5088
    7.5000   30.0000  -37.500011271.8135   17.5355
   -7.5000   37.5000  -37.500011020.8350   17.4716
    0.0000   37.5000  -37.500011421.6240   17.4879
    7.5000   37.5000  -37.500010832.8262   17.5179
   -7.5000   45.0000  -37.500010131.8447   17.0399
    0.0000   45.0000  -37.500010499.9316   17.0557
    7.5000   45.0000  -37.5000 9982.8525   17.0851
   -7.5000  -45.0000  -30.0000 9034.1484   18.7554
    0.0000  -45.0000  -30.0000 9381.0547   18.7622
    7.5000  -45.0000  -30.0000 8923.2080   18.7915
   -7.5000  -37.5000  -30.0000 9746.2686   18.6058
    0.0000  -37.5000  -30.000010128.5459   18.6185
    7.5000  -37.5000  -30.0000 9614.8359   18.6431
   -7.5000  -30.0000  -30.000010815.6504   18.5457
    0.0000  -30.0000  -30.000011250.3203   18.5621
    7.5000  -30.0000  -30.000010672.7617   18.5830
   -7.5000  -22.5000  -30.000011830.9336   18.5021
    0.0000  -22.5000  -30.000012323.4062   18.5159
    7.5000  -22.5000  -30.000011689.0928   18.5375
   -7.5000  -15.0000  -30.000012702.1797   18.4745
    0.0000  -15.0000  -30.000013244.8623   18.4830
    7.5000  -15.0000  -30.000012591.9473   18.5096
   -7.5000   -7.5000  -30.000013525.6836   18.4592
    0.0000   -7.5000  -30.000014134.5674   18.4640
    7.5000   -7.5000  -30.000013437.2715   18.4942
   -7.5000    0.0000  -30.000014308.6123   18.4714
    0.0000    0.0000  -30.000014971.1650   18.4780
    7.5000    0.0000  -30.000014156.0098   18.5066
   -7.5000    7.5000  -30.000013943.2002   18.4996
    0.0000    7.5000  -30.000014563.0605   18.5121
    7.5000    7.5000  -30.000013749.6250   18.5364
   -7.5000   15.0000  -30.000013474.7090   18.5144
    0.0000   15.0000  -30.000014037.7803   18.5306
    7.5000   15.0000  -30.000013250.6436   18.5513
   -7.5000   22.5000  -30.000012895.9795   18.4971
    0.0000   22.5000  -30.000013399.4473   18.5108
    7.5000   22.5000  -30.000012670.0820   18.5324
   -7.5000   30.0000  -30.000012122.3926   18.2301
    0.0000   30.0000  -30.000012580.5010   18.2384
    7.5000   30.0000  -30.000011910.7051   18.2647
   -7.5000   37.5000  -30.000011622.0361   18.2149
    0.0000   37.5000  -30.000012066.3721   18.2197
    7.5000   37.5000  -30.000011435.6865   18.2495
   -7.5000   45.0000  -30.000010674.4229   17.7755
    0.0000   45.0000  -30.000011064.7627   17.7819
    7.5000   45.0000  -30.000010507.7900   17.8094
   -7.5000  -45.0000  -22.5000 9615.4883   19.3861
    0.0000  -45.0000  -22.5000 9977.6895   19.3941
    7.5000  -45.0000  -22.5000 9478.8984   19.4260
   -7.5000  -37.5000  -22.500010338.4590   19.2371
    0.0000  -37.5000  -22.500010758.9863   19.2491
    7.5000  -37.5000  -22.500010219.8486   19.2746
   -7.5000  -30.0000  -22.500011457.2598   19.1828
    0.0000  -30.0000  -22.500011914.2969   19.1941
    7.5000  -30.0000  -22.500011331.1963   19.2137
   -7.5000  -22.5000  -22.500012504.6514   19.1384
    0.0000  -22.5000  -22.500013022.1973   19.1444
    7.5000  -22.5000  -22.500012399.5947   19.1642
   -7.5000  -15.0000  -22.500013421.1182   19.1047
    0.0000  -15.0000  -22.500013981.0576   19.1065
    7.5000  -15.0000  -22.500013369.5781   19.1329
   -7.5000   -7.5000  -22.500014300.3311   19.0825
    0.0000   -7.5000  -22.500014924.8613   19.0853
    7.5000   -7.5000  -22.500014243.2793   19.1175
   -7.5000    0.0000  -22.500015096.3086   19.0924
    0.0000    0.0000  -22.500015796.2061   19.1003
    7.5000    0.0000  -22.500014957.2910   19.1315
   -7.5000    7.5000  -22.500014673.4688   19.1272
    0.0000    7.5000  -22.500015317.8770   19.1391
    7.5000    7.5000  -22.500014491.9482   19.1643
   -7.5000   15.0000  -22.500014155.5625   19.1505
    0.0000   15.0000  -22.500014758.5654   19.1616
    7.5000   15.0000  -22.500013982.0615   19.1810
   -7.5000   22.5000  -22.500013535.1475   19.1319
    0.0000   22.5000  -22.500014088.3438   19.1379
    7.5000   22.5000  -22.500013357.2275   19.1577
   -7.5000   30.0000  -22.500012702.7168   18.8548
    0.0000   30.0000  -22.500013216.0479   18.8566
    7.5000   30.0000  -22.500012507.7178   18.8826
   -7.5000   37.5000  -22.500012182.4004   18.8329
    0.0000   37.5000  -22.500012664.2861   18.8357
    7.5000   37.5000  -22.500012002.1953   18.8674
   -7.5000   45.0000  -22.500011194.9150   18.3869
    0.0000   45.0000  -22.500011640.5732   18.3945
    7.5000   45.0000  -22.500011027.6895   18.4245
   -7.5000  -45.0000  -15.000010150.9697   19.8289
    0.0000  -45.0000  -15.000010550.2246   19.8475
    7.5000  -45.0000  -15.000010010.6377   19.8846
   -7.5000  -37.5000  -15.000010884.1680   19.6817
    0.0000  -37.5000  -15.000011338.2451   19.7041
    7.5000  -37.5000  -15.000010772.5742   19.7353
   -7.5000  -30.0000  -15.000012027.4775   19.6331
    0.0000  -30.0000  -15.000012521.7188   19.6531
    7.5000  -30.0000  -15.000011917.2783   19.6767
   -7.5000  -22.5000  -15.000013096.3242   19.5899
    0.0000  -22.5000  -15.000013644.5234   19.6026
    7.5000  -22.5000  -15.000012989.6768   19.6237
   -7.5000  -15.0000  -15.000014082.7637   19.5511
    0.0000  -15.0000  -15.000014668.6777   19.5587
    7.5000  -15.0000  -15.000014043.6836   19.5858
   -7.5000   -7.5000  -15.000015068.6602   19.5211
    0.0000   -7.5000  -15.000015767.5430   19.5319
    7.5000   -7.5000  -15.000015016.0850   19.5666
   -7.5000    0.0000  -15.000015924.3096   19.5286
    0.0000    0.0000  -15.000016684.5879   19.5466
    7.5000    0.0000  -15.000015755.5703   19.5829
   -7.5000    7.5000  -15.000015405.1875   19.5693
    0.0000    7.5000  -15.000016078.4893   19.5915
    7.5000    7.5000  -15.000015232.1689   19.6224
   -7.5000   15.0000  -15.000014796.0830   19.6002
    0.0000   15.0000  -15.000015413.5967   19.6200
    7.5000   15.0000  -15.000014659.5654   19.6434
   -7.5000   22.5000  -15.000014102.8281   19.5824
    0.0000   22.5000  -15.000014668.1201   19.5950
    7.5000   22.5000  -15.000013937.8252   19.6162
   -7.5000   30.0000  -15.000013221.0977   19.2980
    0.0000   30.0000  -15.000013744.2041   19.3056
    7.5000   30.0000  -15.000013036.7012   19.3323
   -7.5000   37.5000  -15.000012680.0146   19.2685
    0.0000   37.5000  -15.000013184.4268   19.2792
    7.5000   37.5000  -15.000012543.0117   19.3134
   -7.5000   45.0000  -15.000011655.0137   18.8184
    0.0000   45.0000  -15.000012127.9902   18.8357
    7.5000   45.0000  -15.000011536.0645   18.8707
   -7.5000  -45.0000   -7.500010615.3945   20.0558
    0.0000  -45.0000   -7.500011067.5010   20.0848
    7.5000  -45.0000   -7.500010533.0771   20.1246
   -7.5000  -37.5000   -7.500011383.5869   19.9068
    0.0000  -37.5000   -7.500011871.4600   19.9408
    7.5000  -37.5000   -7.500011324.6787   19.9772
   -7.5000  -30.0000   -7.500012545.0391   19.8559
    0.0000  -30.0000   -7.500013077.7637   19.8912
    7.5000  -30.0000   -7.500012479.7744   19.9199
   -7.5000  -22.5000   -7.500013633.8164   19.8124
    0.0000  -22.5000   -7.500014199.4697   19.8422
    7.5000  -22.5000   -7.500013573.3408   19.8668
   -7.5000  -15.0000   -7.500014683.0889   19.7738
    0.0000  -15.0000   -7.500015315.9395   19.7969
    7.5000  -15.0000   -7.500014689.1484   19.8255
   -7.5000   -7.5000   -7.500015844.7070   19.7435
    0.0000   -7.5000   -7.500016592.8809   19.7662
    7.5000   -7.5000   -7.500015746.8096   19.8020
   -7.5000    0.0000   -7.500016772.7852   19.7523
    0.0000    0.0000   -7.500017525.6094   19.7802
    7.5000    0.0000   -7.500016585.4492   19.8193
   -7.5000    7.5000   -7.500016179.1992   19.7934
    0.0000    7.5000   -7.500016834.5488   19.8270
    7.5000    7.5000   -7.500016066.8818   19.8630
   -7.5000   15.0000   -7.500015457.8535   19.8226
    0.0000   15.0000   -7.500016063.7031   19.8577
    7.5000   15.0000   -7.500015413.0527   19.8863
   -7.5000   22.5000   -7.500014634.5723   19.8027
    0.0000   22.5000   -7.500015192.9951   19.8324
    7.5000   22.5000   -7.500014575.6885   19.8570
   -7.5000   30.0000   -7.500013688.3193   19.5174
    0.0000   30.0000   -7.500014186.1084   19.5401
    7.5000   30.0000   -7.500013615.6758   19.5684
   -7.5000   37.5000   -7.500013164.8779   19.4874
    0.0000   37.5000   -7.500013644.4785   19.5099
    7.5000   37.5000   -7.500013088.4277   19.5452
   -7.5000   45.0000   -7.500012139.7646   19.0375
    0.0000   45.0000   -7.500012577.2969   19.0644
    7.5000   45.0000   -7.500012041.3291   19.1021
   -7.5000  -45.0000    0.000011032.6309   20.1116
    0.0000  -45.0000    0.000011514.6973   20.1420
    7.5000  -45.0000    0.000010961.6650   20.1809
   -7.5000  -37.5000    0.000011812.9561   19.9573
    0.0000  -37.5000    0.000012294.8926   19.9936
    7.5000  -37.5000    0.000011753.4756   20.0302
   -7.5000  -30.0000    0.000012979.5205   19.8984
    0.0000  -30.0000    0.000013512.2031   19.9404
    7.5000  -30.0000    0.000012941.1416   19.9712
   -7.5000  -22.5000    0.000014068.4922   19.8533
    0.0000  -22.5000    0.000014661.9805   19.8933
    7.5000  -22.5000    0.000014058.4746   19.9205
   -7.5000  -15.0000    0.000015155.4424   19.8191
    0.0000  -15.0000    0.000015810.6279   19.8521
    7.5000  -15.0000    0.000015174.3789   19.8825
   -7.5000   -7.5000    0.000016249.0244   19.7949
    0.0000   -7.5000    0.000016969.1738   19.8231
    7.5000   -7.5000    0.000016243.0498   19.8588
   -7.5000    0.0000    0.000017162.6914   19.8074
    0.0000    0.0000    0.000017883.2227   19.8367
    7.5000    0.0000    0.000017142.9199   19.8748
   -7.5000    7.5000    0.000016686.9434   19.8437
    0.0000    7.5000    0.000017365.5078   19.8796
    7.5000    7.5000    0.000016703.2012   19.9158
   -7.5000   15.0000    0.000016001.0928   19.8650
    0.0000   15.0000    0.000016629.3340   19.9067
    7.5000   15.0000    0.000016049.9033   19.9373
   -7.5000   22.5000    0.000015101.2979   19.8436
    0.0000   22.5000    0.000015654.5332   19.8835
    7.5000   22.5000    0.000015114.8506   19.9107
   -7.5000   30.0000    0.000014083.9932   19.5626
    0.0000   30.0000    0.000014561.1211   19.5952
    7.5000   30.0000    0.000014065.2021   19.6252
   -7.5000   37.5000    0.000013559.4355   19.5387
    0.0000   37.5000    0.000013997.9141   19.5665
    7.5000   37.5000    0.000013490.2158   19.6018
   -7.5000   45.0000    0.000012529.7842   19.0921
    0.0000   45.0000    0.000012928.6221   19.1203
    7.5000   45.0000    0.000012421.0967   19.1571
   -7.5000  -45.0000    7.500010574.9307   20.1337
    0.0000  -45.0000    7.500011025.2578   20.1529
    7.5000  -45.0000    7.500010490.9697   20.1878
   -7.5000  -37.5000    7.500011298.3906   19.9736
    0.0000  -37.5000    7.500011758.4902   19.9994
    7.5000  -37.5000    7.500011247.0488   20.0315
   -7.5000  -30.0000    7.500012381.3496   19.9083
    0.0000  -30.0000    7.500012905.1328   19.9410
    7.5000  -30.0000    7.500012383.9941   19.9689
   -7.5000  -22.5000    7.500013445.4619   19.8622
    0.0000  -22.5000    7.500014018.3389   19.8937
    7.5000  -22.5000    7.500013473.3516   19.9202
   -7.5000  -15.0000    7.500014469.2529   19.8327
    0.0000  -15.0000    7.500015102.6426   19.8575
    7.5000  -15.0000    7.500014534.7314   19.8878
   -7.5000   -7.5000    7.500015416.8262   19.8152
    0.0000   -7.5000    7.500016100.4072   19.8337
    7.5000   -7.5000    7.500015504.8877   19.8677
   -7.5000    0.0000    7.500016306.6641   19.8291
    0.0000    0.0000    7.500016982.8203   19.8476
    7.5000    0.0000    7.500016379.8594   19.8817
   -7.5000    7.5000    7.500016013.2119   19.8598
    0.0000    7.5000    7.500016729.6719   19.8853
    7.5000    7.5000    7.500016030.9531   19.9169
   -7.5000   15.0000    7.500015502.6787   19.8748
    0.0000   15.0000    7.500016162.2207   19.9072
    7.5000   15.0000    7.500015472.7783   19.9349
   -7.5000   22.5000    7.500014616.8926   19.8525
    0.0000   22.5000    7.500015181.6289   19.8839
    7.5000   22.5000    7.500014565.5059   19.9105
   -7.5000   30.0000    7.500013575.3086   19.5761
    0.0000   30.0000    7.500014050.7373   19.6005
    7.5000   30.0000    7.500013520.2910   19.6304
   -7.5000   37.5000    7.500013018.6367   19.5588
    0.0000   37.5000    7.500013431.2783   19.5770
    7.5000   37.5000    7.500012932.5508   19.6106
   -7.5000   45.0000    7.500011980.1904   19.1130
    0.0000   45.0000    7.500012360.0430   19.1308
    7.5000   45.0000    7.500011895.5908   19.1637
   -7.5000  -45.0000   15.0000 9968.4570   20.1913
    0.0000  -45.0000   15.000010370.3330   20.1987
    7.5000  -45.0000   15.0000 9887.4033   20.2303
   -7.5000  -37.5000   15.000010662.0635   20.0298
    0.0000  -37.5000   15.000011093.6201   20.0434
    7.5000  -37.5000   15.000010610.0566   20.0700
   -7.5000  -30.0000   15.000011714.4824   19.9651
    0.0000  -30.0000   15.000012204.1680   19.9826
    7.5000  -30.0000   15.000011696.5049   20.0054
   -7.5000  -22.5000   15.000012753.6250   19.9182
    0.0000  -22.5000   15.000013309.9697   19.9330
    7.5000  -22.5000   15.000012767.4600   19.9566
   -7.5000  -15.0000   15.000013730.7363   19.8885
    0.0000  -15.0000   15.000014349.5684   19.8978
    7.5000  -15.0000   15.000013764.2002   19.9268
   -7.5000   -7.5000   15.000014621.7354   19.8718
    0.0000   -7.5000   15.000015290.9355   19.8771
    7.5000   -7.5000   15.000014674.0244   19.9099
   -7.5000    0.0000   15.000015398.2119   19.8848
    0.0000    0.0000   15.000016109.8291   19.8919
    7.5000    0.0000   15.000015448.3291   19.9229
   -7.5000    7.5000   15.000015075.4170   19.9152
    0.0000    7.5000   15.000015783.6768   19.9286
    7.5000    7.5000   15.000015104.3857   19.9548
   -7.5000   15.0000   15.000014615.9707   19.9313
    0.0000   15.0000   15.000015266.0791   19.9486
    7.5000   15.0000   15.000014589.0684   19.9711
   -7.5000   22.5000   15.000013822.7842   19.9084
    0.0000   22.5000   15.000014440.9678   19.9232
    7.5000   22.5000   15.000013791.2549   19.9468
   -7.5000   30.0000   15.000012849.7705   19.6311
    0.0000   30.0000   15.000013410.8477   19.6402
    7.5000   30.0000   15.000012810.2061   19.6689
   -7.5000   37.5000   15.000012316.4219   19.6146
    0.0000   37.5000   15.000012849.2324   19.6198
    7.5000   37.5000   15.000012259.2236   19.6522
   -7.5000   45.0000   15.000011310.1699   19.1667
    0.0000   45.0000   15.000011800.7891   19.1735
    7.5000   45.0000   15.000011246.9131   19.2034
   -7.5000  -45.0000   22.5000 9287.9395   20.2777
    0.0000  -45.0000   22.5000 9664.7217   20.2868
    7.5000  -45.0000   22.5000 9219.1670   20.3208
   -7.5000  -37.5000   22.5000 9969.4336   20.1213
    0.0000  -37.5000   22.500010381.1387   20.1345
    7.5000  -37.5000   22.5000 9900.9258   20.1618
   -7.5000  -30.0000   22.500010983.8320   20.0643
    0.0000  -30.0000   22.500011462.9404   20.0767
    7.5000  -30.0000   22.500010916.7695   20.0980
   -7.5000  -22.5000   22.500011977.9541   20.0183
    0.0000  -22.5000   22.500012511.9990   20.0253
    7.5000  -22.5000   22.500011918.7178   20.0468
   -7.5000  -15.0000   22.500012898.2598   19.9833
    0.0000  -15.0000   22.500013455.1104   19.9860
    7.5000  -15.0000   22.500012835.1182   20.0145
   -7.5000   -7.5000   22.500013697.5107   19.9596
    0.0000   -7.5000   22.500014276.8750   19.9633
    7.5000   -7.5000   22.500013645.7900   19.9977
   -7.5000    0.0000   22.500014402.2256   19.9693
    0.0000    0.0000   22.500015032.2764   19.9782
    7.5000    0.0000   22.500014385.5713   20.0115
   -7.5000    7.5000   22.500014074.6309   20.0055
    0.0000    7.5000   22.500014689.1299   20.0186
    7.5000    7.5000   22.500014058.8438   20.0456
   -7.5000   15.0000   22.500013609.2852   20.0302
    0.0000   15.0000   22.500014206.8018   20.0425
    7.5000   15.0000   22.500013595.7383   20.0636
   -7.5000   22.5000   22.500012890.4463   20.0085
    0.0000   22.5000   22.500013438.3330   20.0154
    7.5000   22.5000   22.500012878.6396   20.0370
   -7.5000   30.0000   22.500012010.6025   19.7247
    0.0000   30.0000   22.500012494.1543   19.7274
    7.5000   30.0000   22.500011992.8779   19.7555
   -7.5000   37.5000   22.500011537.2227   19.7013
    0.0000   37.5000   22.500011993.8311   19.7049
    7.5000   37.5000   22.500011489.1553   19.7389
   -7.5000   45.0000   22.500010558.2998   19.2482
    0.0000   45.0000   22.500010985.4717   19.2566
    7.5000   45.0000   22.500010515.0752   19.2888
   -7.5000  -45.0000   30.0000 8580.5469   20.5093
    0.0000  -45.0000   30.0000 8938.9277   20.5299
    7.5000  -45.0000   30.0000 8493.6377   20.5704
   -7.5000  -37.5000   30.0000 9210.2617   20.3591
    0.0000  -37.5000   30.0000 9597.3818   20.3836
    7.5000  -37.5000   30.0000 9117.1924   20.4179
   -7.5000  -30.0000   30.000010160.8633   20.3111
    0.0000  -30.0000   30.000010601.0918   20.3331
    7.5000  -30.0000   30.000010071.9658   20.3592
   -7.5000  -22.5000   30.000011089.5693   20.2666
    0.0000  -22.5000   30.000011560.1582   20.2809
    7.5000  -22.5000   30.000010997.5820   20.3046
   -7.5000  -15.0000   30.000011918.7100   20.2263
    0.0000  -15.0000   30.000012428.7256   20.2355
    7.5000  -15.0000   30.000011824.8486   20.2655
   -7.5000   -7.5000   30.000012633.3281   20.1944
    0.0000   -7.5000   30.000013197.7324   20.2068
    7.5000   -7.5000   30.000012584.0850   20.2448
   -7.5000    0.0000   30.000013259.1621   20.2015
    0.0000    0.0000   30.000013880.6152   20.2214
    7.5000    0.0000   30.000013248.5049   20.2611
   -7.5000    7.5000   30.000012948.3809   20.2439
    0.0000    7.5000   30.000013550.2871   20.2682
    7.5000    7.5000   30.000012960.5049   20.3022
   -7.5000   15.0000   30.000012563.1113   20.2766
    0.0000   15.0000   30.000013123.4932   20.2984
    7.5000   15.0000   30.000012541.3027   20.3244
   -7.5000   22.5000   30.000011918.0459   20.2566
    0.0000   22.5000   30.000012432.6689   20.2709
    7.5000   22.5000   30.000011883.9541   20.2946
   -7.5000   30.0000   30.000011111.2139   19.9645
    0.0000   30.0000   30.000011576.0811   19.9736
    7.5000   30.0000   30.000011067.9238   20.0032
   -7.5000   37.5000   30.000010665.4990   19.9331
    0.0000   37.5000   30.000011094.1426   19.9453
    7.5000   37.5000   30.000010618.7510   19.9828
   -7.5000   45.0000   30.0000 9745.6270   19.4719
    0.0000   45.0000   30.000010148.9521   19.4911
    7.5000   45.0000   30.0000 9708.6387   19.5294
   -7.5000  -45.0000   37.5000 8166.7896   20.9181
    0.0000  -45.0000   37.5000 8513.5859   20.9504
    7.5000  -45.0000   37.5000 8088.8472   20.9939
   -7.5000  -37.5000   37.5000 8778.3135   20.7649
    0.0000  -37.5000   37.5000 9148.2764   20.8024
    7.5000  -37.5000   37.5000 8687.0391   20.8419
   -7.5000  -30.0000   37.5000 9684.5439   20.7140
    0.0000  -30.0000   37.500010107.9277   20.7527
    7.5000  -30.0000   37.5000 9602.9287   20.7837
   -7.5000  -22.5000   37.500010552.3926   20.6685
    0.0000  -22.5000   37.500011011.6885   20.7012
    7.5000  -22.5000   37.500010476.6777   20.7276
   -7.5000  -15.0000   37.500011347.4824   20.6288
    0.0000  -15.0000   37.500011845.2686   20.6544
    7.5000  -15.0000   37.500011269.2852   20.6854
   -7.5000   -7.5000   37.500012064.2109   20.5975
    0.0000   -7.5000   37.500012590.6865   20.6231
    7.5000   -7.5000   37.500011980.5205   20.6621
   -7.5000    0.0000   37.500012666.3105   20.6069
    0.0000    0.0000   37.500013233.2871   20.6380
    7.5000    0.0000   37.500012627.1172   20.6806
   -7.5000    7.5000   37.500012363.2012   20.6492
    0.0000    7.5000   37.500012913.3311   20.6863
    7.5000    7.5000   37.500012351.8467   20.7254
   -7.5000   15.0000   37.500012019.3496   20.6790
    0.0000   15.0000   37.500012553.3135   20.7175
    7.5000   15.0000   37.500011982.3398   20.7483
   -7.5000   22.5000   37.500011398.6826   20.6584
    0.0000   22.5000   37.500011902.3457   20.6910
    7.5000   22.5000   37.500011352.8359   20.7173
   -7.5000   30.0000   37.500010611.5879   20.3618
    0.0000   30.0000   37.500011070.7178   20.3871
    7.5000   30.0000   37.500010578.6338   20.4177
   -7.5000   37.5000   37.500010183.8369   20.3309
    0.0000   37.5000   37.500010616.7500   20.3562
    7.5000   37.5000   37.500010154.0615   20.3946
   -7.5000   45.0000   37.5000 9314.8193   19.8626
    0.0000   45.0000   37.5000 9710.6523   19.8927
    7.5000   45.0000   37.5000 9286.4863   19.9337
   -7.5000  -45.0000   45.0000 7427.6997   21.4452
    0.0000  -45.0000   45.0000 7738.8193   21.4757
    7.5000  -45.0000   45.0000 7364.1274   21.5147
   -7.5000  -37.5000   45.0000 7980.1929   21.2837
    0.0000  -37.5000   45.0000 8308.3398   21.3201
    7.5000  -37.5000   45.0000 7904.4331   21.3561
   -7.5000  -30.0000   45.0000 8828.7344   21.2227
    0.0000  -30.0000   45.0000 9192.1104   21.2665
    7.5000  -30.0000   45.0000 8748.9375   21.2961
   -7.5000  -22.5000   45.0000 9640.9609   21.1711
    0.0000  -22.5000   45.000010039.6299   21.2145
    7.5000  -22.5000   45.0000 9552.2197   21.2404
   -7.5000  -15.0000   45.000010357.3037   21.1327
    0.0000  -15.0000   45.000010805.2568   21.1696
    7.5000  -15.0000   45.000010288.9443   21.1993
   -7.5000   -7.5000   45.000011010.3252   21.1086
    0.0000   -7.5000   45.000011476.9727   21.1390
    7.5000   -7.5000   45.000010939.9482   21.1746
   -7.5000    0.0000   45.000011572.3564   21.1256
    0.0000    0.0000   45.000012068.6064   21.1550
    7.5000    0.0000   45.000011539.3311   21.1929
   -7.5000    7.5000   45.000011305.2285   21.1659
    0.0000    7.5000   45.000011783.1465   21.2018
    7.5000    7.5000   45.000011282.0234   21.2373
   -7.5000   15.0000   45.000010988.5576   21.1867
    0.0000   15.0000   45.000011460.4971   21.2302
    7.5000   15.0000   45.000010961.2949   21.2595
   -7.5000   22.5000   45.000010432.4141   21.1606
    0.0000   22.5000   45.000010876.8096   21.2040
    7.5000   22.5000   45.000010385.6709   21.2298
   -7.5000   30.0000   45.0000 9722.8105   20.8574
    0.0000   30.0000   45.000010122.5566   20.8938
    7.5000   30.0000   45.0000 9666.6973   20.9231
   -7.5000   37.5000   45.0000 9346.0752   20.8336
    0.0000   37.5000   45.0000 9724.9033   20.8637
    7.5000   37.5000   45.0000 9295.5684   20.8988
   -7.5000   45.0000   45.0000 8564.0283   20.3719
    0.0000   45.0000   45.0000 8910.4014   20.4002
    7.5000   45.0000   45.0000 8533.5732   20.4368

---------------------------------------------------------------------
imgreg_4dfp /opt/freesurfer/average/711-2C_as_mni_average_305 /opt/freesurfer/average/711-2B_as_mni_average_305_mask talsrcimg_g11 none talsrcimg_to_711-2C_as_mni_average_305_t4 4355
---------------------------------------------------------------------

freesurfer imgreg_4dfp.c
/opt/freesurfer/average/711-2C_as_mni_average_305.4dfp.img
       256       256       256         1
  1.000000  1.000000  1.000000
orientation T byte_order littleendian
Reading image: /opt/freesurfer/average/711-2C_as_mni_average_305.4dfp.img
dimensions:      256       256       256
mmppix:       1.0000   -1.0000   -1.0000
center:     128.0000 -129.0000 -129.0000
/opt/freesurfer/average/711-2B_as_mni_average_305_mask.4dfp.img
       256       256       256         1
  1.000000  1.000000  1.000000
orientation T byte_order littleendian
Reading mask: /opt/freesurfer/average/711-2B_as_mni_average_305_mask.4dfp.img (2306576 pixels)
talsrcimg_g11.4dfp.img
       256       256       256         1
  1.000000  1.000000  1.000000
orientation T byte_order littleendian
Reading image: talsrcimg_g11.4dfp.img
dimensions:      256       256       256
mmppix:       1.0000   -1.0000   -1.0000
center:     128.0000 -129.0000 -129.0000
rotation matrix determinant  1.000000
image alignment mode   4355 decimal     1103 hex
   -7.5000  -45.0000  -45.0000 2027.1212   20.6614
    0.0000  -45.0000  -45.0000 2034.1775   20.6368
    7.5000  -45.0000  -45.0000 2007.7618   21.0083
   -7.5000  -37.5000  -45.0000 2144.6067   18.6251
    0.0000  -37.5000  -45.0000 2147.5127   18.5479
    7.5000  -37.5000  -45.0000 2119.8833   18.9139
   -7.5000  -30.0000  -45.0000 2244.4460   16.9980
    0.0000  -30.0000  -45.0000 2251.1292   16.9497
    7.5000  -30.0000  -45.0000 2219.0200   17.2573
   -7.5000  -22.5000  -45.0000 2317.4521   15.7973
    0.0000  -22.5000  -45.0000 2324.7522   15.7613
    7.5000  -22.5000  -45.0000 2295.4780   16.0081
   -7.5000  -15.0000  -45.0000 2370.0073   14.9277
    0.0000  -15.0000  -45.0000 2380.8833   14.9141
    7.5000  -15.0000  -45.0000 2353.2327   15.1158
   -7.5000   -7.5000  -45.0000 2407.1829   14.3887
    0.0000   -7.5000  -45.0000 2421.5142   14.3785
    7.5000   -7.5000  -45.0000 2391.2998   14.5948
   -7.5000    0.0000  -45.0000 2418.3726   14.1625
    0.0000    0.0000  -45.0000 2433.4912   14.1480
    7.5000    0.0000  -45.0000 2404.3430   14.3638
   -7.5000    7.5000  -45.0000 2416.7109   14.2200
    0.0000    7.5000  -45.0000 2429.0225   14.2139
    7.5000    7.5000  -45.0000 2405.4934   14.4174
   -7.5000   15.0000  -45.0000 2398.1294   14.5361
    0.0000   15.0000  -45.0000 2414.5896   14.5338
    7.5000   15.0000  -45.0000 2383.6458   14.7446
   -7.5000   22.5000  -45.0000 2366.1826   15.1646
    0.0000   22.5000  -45.0000 2380.7222   15.1407
    7.5000   22.5000  -45.0000 2348.9595   15.4008
   -7.5000   30.0000  -45.0000 2305.3638   16.1074
    0.0000   30.0000  -45.0000 2324.0940   16.0588
    7.5000   30.0000  -45.0000 2292.4150   16.3416
   -7.5000   37.5000  -45.0000 2221.9619   17.3944
    0.0000   37.5000  -45.0000 2242.1887   17.3812
    7.5000   37.5000  -45.0000 2213.2744   17.6662
   -7.5000   45.0000  -45.0000 2122.6853   19.1613
    0.0000   45.0000  -45.0000 2138.4158   19.1005
    7.5000   45.0000  -45.0000 2116.8013   19.3868
   -7.5000  -45.0000  -37.5000 2091.8301   19.4003
    0.0000  -45.0000  -37.5000 2096.9170   19.3207
    7.5000  -45.0000  -37.5000 2075.6851   19.6769
   -7.5000  -37.5000  -37.5000 2210.3450   17.3942
    0.0000  -37.5000  -37.5000 2213.7585   17.3385
    7.5000  -37.5000  -37.5000 2187.6450   17.6393
   -7.5000  -30.0000  -37.5000 2315.6099   15.8438
    0.0000  -30.0000  -37.5000 2318.4504   15.7791
    7.5000  -30.0000  -37.5000 2290.8796   16.0448
   -7.5000  -22.5000  -37.5000 2395.5173   14.6881
    0.0000  -22.5000  -37.5000 2400.8601   14.6622
    7.5000  -22.5000  -37.5000 2374.4507   14.8811
   -7.5000  -15.0000  -37.5000 2453.4922   13.8735
    0.0000  -15.0000  -37.5000 2467.9397   13.8852
    7.5000  -15.0000  -37.5000 2438.6213   14.0750
   -7.5000   -7.5000  -37.5000 2502.1855   13.3882
    0.0000   -7.5000  -37.5000 2518.7129   13.3683
    7.5000   -7.5000  -37.5000 2482.8862   13.5764
   -7.5000    0.0000  -37.5000 2519.6340   13.1959
    0.0000    0.0000  -37.5000 2539.9480   13.2047
    7.5000    0.0000  -37.5000 2502.2239   13.3835
   -7.5000    7.5000  -37.5000 2519.4282   13.2732
    0.0000    7.5000  -37.5000 2539.2102   13.2817
    7.5000    7.5000  -37.5000 2505.7698   13.4435
   -7.5000   15.0000  -37.5000 2498.8037   13.5942
    0.0000   15.0000  -37.5000 2519.2351   13.5845
    7.5000   15.0000  -37.5000 2481.0938   13.7613
   -7.5000   22.5000  -37.5000 2459.2844   14.1734
    0.0000   22.5000  -37.5000 2480.1721   14.1421
    7.5000   22.5000  -37.5000 2438.4138   14.3491
   -7.5000   30.0000  -37.5000 2392.3696   15.0608
    0.0000   30.0000  -37.5000 2413.4119   15.0278
    7.5000   30.0000  -37.5000 2377.3040   15.2440
   -7.5000   37.5000  -37.5000 2305.2808   16.2654
    0.0000   37.5000  -37.5000 2325.5134   16.2370
    7.5000   37.5000  -37.5000 2295.3623   16.4682
   -7.5000   45.0000  -37.5000 2193.2688   17.8853
    0.0000   45.0000  -37.5000 2216.9736   17.8401
    7.5000   45.0000  -37.5000 2188.5161   18.0853
   -7.5000  -45.0000  -30.0000 2188.7949   18.8460
    0.0000  -45.0000  -30.0000 2193.0618   18.8015
    7.5000  -45.0000  -30.0000 2170.2246   19.1388
   -7.5000  -37.5000  -30.0000 2313.3772   16.8611
    0.0000  -37.5000  -30.0000 2314.9607   16.8121
    7.5000  -37.5000  -30.0000 2287.5374   17.1025
   -7.5000  -30.0000  -30.0000 2422.9924   15.3133
    0.0000  -30.0000  -30.0000 2426.6731   15.2961
    7.5000  -30.0000  -30.0000 2399.2632   15.5424
   -7.5000  -22.5000  -30.0000 2513.6047   14.1943
    0.0000  -22.5000  -30.0000 2522.2612   14.1844
    7.5000  -22.5000  -30.0000 2495.6631   14.4202
   -7.5000  -15.0000  -30.0000 2574.2944   13.3997
    0.0000  -15.0000  -30.0000 2591.2053   13.4058
    7.5000  -15.0000  -30.0000 2569.4866   13.6121
   -7.5000   -7.5000  -30.0000 2631.7717   12.9141
    0.0000   -7.5000  -30.0000 2654.0964   12.9193
    7.5000   -7.5000  -30.0000 2622.9734   13.1238
   -7.5000    0.0000  -30.0000 2667.1458   12.7572
    0.0000    0.0000  -30.0000 2686.9648   12.7680
    7.5000    0.0000  -30.0000 2647.3726   12.9399
   -7.5000    7.5000  -30.0000 2672.9946   12.8559
    0.0000    7.5000  -30.0000 2694.3032   12.8516
    7.5000    7.5000  -30.0000 2649.3445   13.0006
   -7.5000   15.0000  -30.0000 2649.6812   13.1836
    0.0000   15.0000  -30.0000 2670.9507   13.1664
    7.5000   15.0000  -30.0000 2623.5283   13.3406
   -7.5000   22.5000  -30.0000 2602.0872   13.7703
    0.0000   22.5000  -30.0000 2625.1567   13.7354
    7.5000   22.5000  -30.0000 2581.7993   13.9080
   -7.5000   30.0000  -30.0000 2523.3108   14.6369
    0.0000   30.0000  -30.0000 2546.9045   14.5816
    7.5000   30.0000  -30.0000 2510.7510   14.7557
   -7.5000   37.5000  -30.0000 2423.9524   15.7898
    0.0000   37.5000  -30.0000 2446.5342   15.7465
    7.5000   37.5000  -30.0000 2415.7268   15.9753
   -7.5000   45.0000  -30.0000 2304.1365   17.3811
    0.0000   45.0000  -30.0000 2325.8933   17.3559
    7.5000   45.0000  -30.0000 2297.7368   17.6041
   -7.5000  -45.0000  -22.5000 2256.8550   18.2162
    0.0000  -45.0000  -22.5000 2257.7041   18.1614
    7.5000  -45.0000  -22.5000 2230.2861   18.5246
   -7.5000  -37.5000  -22.5000 2380.3328   16.2615
    0.0000  -37.5000  -22.5000 2387.7063   16.2165
    7.5000  -37.5000  -22.5000 2355.2446   16.5479
   -7.5000  -30.0000  -22.5000 2499.4626   14.7854
    0.0000  -30.0000  -22.5000 2506.4136   14.7432
    7.5000  -30.0000  -22.5000 2480.7546   15.0350
   -7.5000  -22.5000  -22.5000 2605.0588   13.6814
    0.0000  -22.5000  -22.5000 2617.4578   13.6462
    7.5000  -22.5000  -22.5000 2592.9548   13.9059
   -7.5000  -15.0000  -22.5000 2680.0576   12.9111
    0.0000  -15.0000  -22.5000 2697.2217   12.8866
    7.5000  -15.0000  -22.5000 2676.8704   13.1361
   -7.5000   -7.5000  -22.5000 2745.1426   12.4435
    0.0000   -7.5000  -22.5000 2765.4949   12.4322
    7.5000   -7.5000  -22.5000 2730.4751   12.6550
   -7.5000    0.0000  -22.5000 2785.9116   12.3017
    0.0000    0.0000  -22.5000 2810.3477   12.2755
    7.5000    0.0000  -22.5000 2762.6477   12.4562
   -7.5000    7.5000  -22.5000 2796.1128   12.3652
    0.0000    7.5000  -22.5000 2818.7205   12.3516
    7.5000    7.5000  -22.5000 2765.5647   12.5164
   -7.5000   15.0000  -22.5000 2764.3323   12.6938
    0.0000   15.0000  -22.5000 2787.4395   12.6735
    7.5000   15.0000  -22.5000 2741.7678   12.8319
   -7.5000   22.5000  -22.5000 2707.1565   13.2813
    0.0000   22.5000  -22.5000 2734.0369   13.2405
    7.5000   22.5000  -22.5000 2693.2520   13.4146
   -7.5000   30.0000  -22.5000 2622.2964   14.0977
    0.0000   30.0000  -22.5000 2650.9316   14.0563
    7.5000   30.0000  -22.5000 2610.7097   14.2472
   -7.5000   37.5000  -22.5000 2511.8333   15.2396
    0.0000   37.5000  -22.5000 2536.4639   15.1879
    7.5000   37.5000  -22.5000 2505.0879   15.4403
   -7.5000   45.0000  -22.5000 2384.2974   16.8481
    0.0000   45.0000  -22.5000 2405.6477   16.7931
    7.5000   45.0000  -22.5000 2373.7620   17.0390
   -7.5000  -45.0000  -15.0000 2289.4102   17.6876
    0.0000  -45.0000  -15.0000 2290.1021   17.6823
    7.5000  -45.0000  -15.0000 2258.5125   18.0834
   -7.5000  -37.5000  -15.0000 2414.3628   15.7468
    0.0000  -37.5000  -15.0000 2423.5439   15.7430
    7.5000  -37.5000  -15.0000 2389.4109   16.1178
   -7.5000  -30.0000  -15.0000 2539.8625   14.3012
    0.0000  -30.0000  -15.0000 2551.3770   14.2733
    7.5000  -30.0000  -15.0000 2523.0405   14.6091
   -7.5000  -22.5000  -15.0000 2659.3611   13.2273
    0.0000  -22.5000  -15.0000 2675.8879   13.1942
    7.5000  -22.5000  -15.0000 2642.3423   13.4771
   -7.5000  -15.0000  -15.0000 2756.1804   12.4755
    0.0000  -15.0000  -15.0000 2775.1560   12.4477
    7.5000  -15.0000  -15.0000 2742.1799   12.7254
   -7.5000   -7.5000  -15.0000 2831.0505   12.0412
    0.0000   -7.5000  -15.0000 2853.6313   12.0277
    7.5000   -7.5000  -15.0000 2809.7700   12.2851
   -7.5000    0.0000  -15.0000 2875.2725   11.9359
    0.0000    0.0000  -15.0000 2911.0166   11.9045
    7.5000    0.0000  -15.0000 2845.9534   12.0983
   -7.5000    7.5000  -15.0000 2882.7390   11.9520
    0.0000    7.5000  -15.0000 2918.0569   11.9240
    7.5000    7.5000  -15.0000 2846.3914   12.1291
   -7.5000   15.0000  -15.0000 2841.3472   12.2421
    0.0000   15.0000  -15.0000 2868.0483   12.2109
    7.5000   15.0000  -15.0000 2820.0496   12.4012
   -7.5000   22.5000  -15.0000 2774.3628   12.7916
    0.0000   22.5000  -15.0000 2800.3572   12.7476
    7.5000   22.5000  -15.0000 2763.5710   12.9350
   -7.5000   30.0000  -15.0000 2678.0684   13.6214
    0.0000   30.0000  -15.0000 2707.8218   13.5968
    7.5000   30.0000  -15.0000 2668.3142   13.7954
   -7.5000   37.5000  -15.0000 2558.6028   14.7782
    0.0000   37.5000  -15.0000 2583.2705   14.7606
    7.5000   37.5000  -15.0000 2552.0051   15.0083
   -7.5000   45.0000  -15.0000 2424.5488   16.3499
    0.0000   45.0000  -15.0000 2447.2012   16.2992
    7.5000   45.0000  -15.0000 2418.3413   16.5475
   -7.5000  -45.0000   -7.5000 2296.1707   17.3738
    0.0000  -45.0000   -7.5000 2301.4614   17.3859
    7.5000  -45.0000   -7.5000 2271.8853   17.8368
   -7.5000  -37.5000   -7.5000 2425.9973   15.4227
    0.0000  -37.5000   -7.5000 2435.2368   15.4266
    7.5000  -37.5000   -7.5000 2407.2778   15.8863
   -7.5000  -30.0000   -7.5000 2558.2976   13.9605
    0.0000  -30.0000   -7.5000 2571.1387   13.9514
    7.5000  -30.0000   -7.5000 2538.2178   14.3516
   -7.5000  -22.5000   -7.5000 2687.4583   12.8709
    0.0000  -22.5000   -7.5000 2704.1340   12.8600
    7.5000  -22.5000   -7.5000 2664.9961   13.2064
   -7.5000  -15.0000   -7.5000 2799.2568   12.1146
    0.0000  -15.0000   -7.5000 2820.1255   12.0931
    7.5000  -15.0000   -7.5000 2776.9175   12.4359
   -7.5000   -7.5000   -7.5000 2891.2776   11.7268
    0.0000   -7.5000   -7.5000 2916.9519   11.6974
    7.5000   -7.5000   -7.5000 2853.5225   12.0145
   -7.5000    0.0000   -7.5000 2948.9028   11.6338
    0.0000    0.0000   -7.5000 2987.2004   11.5947
    7.5000    0.0000   -7.5000 2899.6558   11.8438
   -7.5000    7.5000   -7.5000 2945.8120   11.6493
    0.0000    7.5000   -7.5000 2988.3728   11.5806
    7.5000    7.5000   -7.5000 2899.5435   11.8802
   -7.5000   15.0000   -7.5000 2890.5693   11.8889
    0.0000   15.0000   -7.5000 2919.8921   11.8216
    7.5000   15.0000   -7.5000 2863.6462   12.1440
   -7.5000   22.5000   -7.5000 2807.3928   12.4303
    0.0000   22.5000   -7.5000 2833.9841   12.3707
    7.5000   22.5000   -7.5000 2793.2449   12.6588
   -7.5000   30.0000   -7.5000 2701.6821   13.2668
    0.0000   30.0000   -7.5000 2726.9814   13.2304
    7.5000   30.0000   -7.5000 2692.1846   13.5098
   -7.5000   37.5000   -7.5000 2576.3777   14.4402
    0.0000   37.5000   -7.5000 2601.1243   14.3954
    7.5000   37.5000   -7.5000 2569.2312   14.6818
   -7.5000   45.0000   -7.5000 2438.4390   15.9617
    0.0000   45.0000   -7.5000 2461.7014   15.9090
    7.5000   45.0000   -7.5000 2431.2268   16.1835
   -7.5000  -45.0000    0.0000 2299.5288   17.3094
    0.0000  -45.0000    0.0000 2310.0354   17.3037
    7.5000  -45.0000    0.0000 2275.9929   17.8443
   -7.5000  -37.5000    0.0000 2428.2041   15.4017
    0.0000  -37.5000    0.0000 2440.0442   15.3510
    7.5000  -37.5000    0.0000 2407.6125   15.8655
   -7.5000  -30.0000    0.0000 2556.3635   13.9166
    0.0000  -30.0000    0.0000 2570.6880   13.8682
    7.5000  -30.0000    0.0000 2536.2532   14.3134
   -7.5000  -22.5000    0.0000 2686.5928   12.8033
    0.0000  -22.5000    0.0000 2707.7065   12.7562
    7.5000  -22.5000    0.0000 2662.0688   13.1595
   -7.5000  -15.0000    0.0000 2808.0408   12.0145
    0.0000  -15.0000    0.0000 2830.5649   11.9586
    7.5000  -15.0000    0.0000 2776.7959   12.3566
   -7.5000   -7.5000    0.0000 2909.1206   11.5958
    0.0000   -7.5000    0.0000 2933.7136   11.5539
    7.5000   -7.5000    0.0000 2863.5303   11.9000
   -7.5000    0.0000    0.0000 2966.0000   11.4440
    0.0000    0.0000    0.0000 2999.0549   11.3640
    7.5000    0.0000    0.0000 2913.0879   11.7229
   -7.5000    7.5000    0.0000 2963.5828   11.5053
    0.0000    7.5000    0.0000 3003.2468   11.4038
    7.5000    7.5000    0.0000 2915.2263   11.7929
   -7.5000   15.0000    0.0000 2900.2412   11.8034
    0.0000   15.0000    0.0000 2931.5535   11.7343
    7.5000   15.0000    0.0000 2869.2817   12.0893
   -7.5000   22.5000    0.0000 2808.3606   12.3279
    0.0000   22.5000    0.0000 2833.6145   12.2427
    7.5000   22.5000    0.0000 2790.3047   12.5643
   -7.5000   30.0000    0.0000 2690.6970   13.1409
    0.0000   30.0000    0.0000 2713.8467   13.0678
    7.5000   30.0000    0.0000 2682.9497   13.3594
   -7.5000   37.5000    0.0000 2562.1663   14.2802
    0.0000   37.5000    0.0000 2587.2764   14.2080
    7.5000   37.5000    0.0000 2557.1094   14.4987
   -7.5000   45.0000    0.0000 2427.0620   15.7750
    0.0000   45.0000    0.0000 2447.2451   15.6956
    7.5000   45.0000    0.0000 2421.8608   15.9747
   -7.5000  -45.0000    7.5000 2300.9004   17.4864
    0.0000  -45.0000    7.5000 2309.3657   17.4462
    7.5000  -45.0000    7.5000 2271.9832   18.0294
   -7.5000  -37.5000    7.5000 2428.2996   15.5638
    0.0000  -37.5000    7.5000 2436.3315   15.5216
    7.5000  -37.5000    7.5000 2402.5647   16.0389
   -7.5000  -30.0000    7.5000 2549.5901   14.0710
    0.0000  -30.0000    7.5000 2564.7297   14.0190
    7.5000  -30.0000    7.5000 2528.6980   14.4888
   -7.5000  -22.5000    7.5000 2674.1746   12.9438
    0.0000  -22.5000    7.5000 2695.3215   12.8880
    7.5000  -22.5000    7.5000 2653.4355   13.3369
   -7.5000  -15.0000    7.5000 2790.2700   12.1563
    0.0000  -15.0000    7.5000 2814.5054   12.1006
    7.5000  -15.0000    7.5000 2763.5276   12.5086
   -7.5000   -7.5000    7.5000 2882.6628   11.7286
    0.0000   -7.5000    7.5000 2909.0044   11.6716
    7.5000   -7.5000    7.5000 2845.1599   12.0471
   -7.5000    0.0000    7.5000 2933.0955   11.5847
    0.0000    0.0000    7.5000 2959.4023   11.4812
    7.5000    0.0000    7.5000 2889.6367   11.8748
   -7.5000    7.5000    7.5000 2934.5273   11.6862
    0.0000    7.5000    7.5000 2967.3611   11.6174
    7.5000    7.5000    7.5000 2891.9705   11.9411
   -7.5000   15.0000    7.5000 2877.6218   12.0143
    0.0000   15.0000    7.5000 2904.8157   11.9576
    7.5000   15.0000    7.5000 2845.5627   12.2217
   -7.5000   22.5000    7.5000 2781.1128   12.5386
    0.0000   22.5000    7.5000 2805.7139   12.4681
    7.5000   22.5000    7.5000 2763.4897   12.7164
   -7.5000   30.0000    7.5000 2664.4758   13.2950
    0.0000   30.0000    7.5000 2689.6487   13.2166
    7.5000   30.0000    7.5000 2659.4519   13.4864
   -7.5000   37.5000    7.5000 2539.8049   14.3584
    0.0000   37.5000    7.5000 2559.1709   14.2664
    7.5000   37.5000    7.5000 2531.2981   14.5578
   -7.5000   45.0000    7.5000 2404.8396   15.7961
    0.0000   45.0000    7.5000 2426.4690   15.6923
    7.5000   45.0000    7.5000 2399.8840   15.9921
   -7.5000  -45.0000   15.0000 2289.5269   17.9069
    0.0000  -45.0000   15.0000 2296.3557   17.8332
    7.5000  -45.0000   15.0000 2257.1184   18.4382
   -7.5000  -37.5000   15.0000 2415.2354   15.9451
    0.0000  -37.5000   15.0000 2425.8257   15.8804
    7.5000  -37.5000   15.0000 2387.5349   16.4182
   -7.5000  -30.0000   15.0000 2530.8735   14.4922
    0.0000  -30.0000   15.0000 2547.9304   14.4206
    7.5000  -30.0000   15.0000 2507.1260   14.8918
   -7.5000  -22.5000   15.0000 2649.1616   13.3947
    0.0000  -22.5000   15.0000 2671.3733   13.3416
    7.5000  -22.5000   15.0000 2630.5413   13.7649
   -7.5000  -15.0000   15.0000 2752.1255   12.6228
    0.0000  -15.0000   15.0000 2772.2292   12.5872
    7.5000  -15.0000   15.0000 2727.8154   12.9434
   -7.5000   -7.5000   15.0000 2829.0105   12.1430
    0.0000   -7.5000   15.0000 2853.5132   12.0809
    7.5000   -7.5000   15.0000 2803.3831   12.4538
   -7.5000    0.0000   15.0000 2860.0371   11.9510
    0.0000    0.0000   15.0000 2888.2903   11.8927
    7.5000    0.0000   15.0000 2835.2954   12.2397
   -7.5000    7.5000   15.0000 2858.2009   12.0424
    0.0000    7.5000   15.0000 2888.3630   12.0138
    7.5000    7.5000   15.0000 2835.5928   12.3093
   -7.5000   15.0000   15.0000 2807.5381   12.4014
    0.0000   15.0000   15.0000 2832.5430   12.3621
    7.5000   15.0000   15.0000 2783.2126   12.6112
   -7.5000   22.5000   15.0000 2723.7551   12.9567
    0.0000   22.5000   15.0000 2746.4683   12.9092
    7.5000   22.5000   15.0000 2706.9260   13.1415
   -7.5000   30.0000   15.0000 2614.7441   13.7374
    0.0000   30.0000   15.0000 2634.8862   13.6850
    7.5000   30.0000   15.0000 2604.0435   13.9130
   -7.5000   37.5000   15.0000 2492.5247   14.7959
    0.0000   37.5000   15.0000 2512.7424   14.7542
    7.5000   37.5000   15.0000 2484.3625   14.9872
   -7.5000   45.0000   15.0000 2362.2332   16.1886
    0.0000   45.0000   15.0000 2377.1128   16.1350
    7.5000   45.0000   15.0000 2352.2751   16.3784
   -7.5000  -45.0000   22.5000 2255.2446   18.5868
    0.0000  -45.0000   22.5000 2266.5208   18.5173
    7.5000  -45.0000   22.5000 2230.3728   19.1138
   -7.5000  -37.5000   22.5000 2383.5645   16.6271
    0.0000  -37.5000   22.5000 2396.8733   16.5809
    7.5000  -37.5000   22.5000 2361.3198   17.0728
   -7.5000  -30.0000   22.5000 2498.7581   15.2176
    0.0000  -30.0000   22.5000 2517.9927   15.1646
    7.5000  -30.0000   22.5000 2475.8479   15.5737
   -7.5000  -22.5000   22.5000 2608.1208   14.1121
    0.0000  -22.5000   22.5000 2630.4636   14.0707
    7.5000  -22.5000   22.5000 2587.3669   14.4204
   -7.5000  -15.0000   22.5000 2698.6069   13.2908
    0.0000  -15.0000   22.5000 2719.1819   13.2519
    7.5000  -15.0000   22.5000 2677.1360   13.5882
   -7.5000   -7.5000   22.5000 2760.0906   12.7499
    0.0000   -7.5000   22.5000 2784.0833   12.6972
    7.5000   -7.5000   22.5000 2739.4480   13.0423
   -7.5000    0.0000   22.5000 2781.8975   12.5224
    0.0000    0.0000   22.5000 2809.3953   12.4939
    7.5000    0.0000   22.5000 2767.6265   12.8061
   -7.5000    7.5000   22.5000 2773.0522   12.6262
    0.0000    7.5000   22.5000 2796.2124   12.5933
    7.5000    7.5000   22.5000 2757.9072   12.8803
   -7.5000   15.0000   22.5000 2718.7610   12.9759
    0.0000   15.0000   22.5000 2743.5940   12.9304
    7.5000   15.0000   22.5000 2701.5400   13.2138
   -7.5000   22.5000   22.5000 2643.6372   13.5472
    0.0000   22.5000   22.5000 2663.3931   13.5101
    7.5000   22.5000   22.5000 2630.7881   13.7678
   -7.5000   30.0000   22.5000 2547.1541   14.3028
    0.0000   30.0000   22.5000 2565.1416   14.2651
    7.5000   30.0000   22.5000 2538.7820   14.5369
   -7.5000   37.5000   22.5000 2437.0291   15.3711
    0.0000   37.5000   22.5000 2455.8286   15.2999
    7.5000   37.5000   22.5000 2426.8867   15.5816
   -7.5000   45.0000   22.5000 2302.0676   16.7715
    0.0000   45.0000   22.5000 2323.7727   16.7027
    7.5000   45.0000   22.5000 2295.8572   16.9959
   -7.5000  -45.0000   30.0000 2205.4597   19.6347
    0.0000  -45.0000   30.0000 2219.1091   19.5142
    7.5000  -45.0000   30.0000 2187.7097   20.0466
   -7.5000  -37.5000   30.0000 2331.4739   17.6186
    0.0000  -37.5000   30.0000 2348.7444   17.5421
    7.5000  -37.5000   30.0000 2311.6467   17.9629
   -7.5000  -30.0000   30.0000 2443.6599   16.1481
    0.0000  -30.0000   30.0000 2463.7422   16.0833
    7.5000  -30.0000   30.0000 2423.3914   16.4510
   -7.5000  -22.5000   30.0000 2551.0891   14.9910
    0.0000  -22.5000   30.0000 2568.1372   14.9586
    7.5000  -22.5000   30.0000 2527.8518   15.2726
   -7.5000  -15.0000   30.0000 2628.3792   14.1336
    0.0000  -15.0000   30.0000 2650.8245   14.0792
    7.5000  -15.0000   30.0000 2608.8926   14.3891
   -7.5000   -7.5000   30.0000 2673.7490   13.5670
    0.0000   -7.5000   30.0000 2701.1023   13.5269
    7.5000   -7.5000   30.0000 2663.4902   13.8268
   -7.5000    0.0000   30.0000 2686.4487   13.2950
    0.0000    0.0000   30.0000 2715.4934   13.2836
    7.5000    0.0000   30.0000 2680.4204   13.5683
   -7.5000    7.5000   30.0000 2669.5725   13.3910
    0.0000    7.5000   30.0000 2696.0735   13.3544
    7.5000    7.5000   30.0000 2666.9204   13.6418
   -7.5000   15.0000   30.0000 2625.5010   13.7201
    0.0000   15.0000   30.0000 2649.1721   13.6755
    7.5000   15.0000   30.0000 2617.0320   13.9591
   -7.5000   22.5000   30.0000 2556.3411   14.2978
    0.0000   22.5000   30.0000 2577.9548   14.2529
    7.5000   22.5000   30.0000 2550.3293   14.5193
   -7.5000   30.0000   30.0000 2470.2861   15.0503
    0.0000   30.0000   30.0000 2485.3816   15.0185
    7.5000   30.0000   30.0000 2462.2786   15.2605
   -7.5000   37.5000   30.0000 2366.1816   16.1034
    0.0000   37.5000   30.0000 2378.2109   16.0359
    7.5000   37.5000   30.0000 2358.8081   16.3101
   -7.5000   45.0000   30.0000 2234.9885   17.5257
    0.0000   45.0000   30.0000 2250.5720   17.4865
    7.5000   45.0000   30.0000 2230.3105   17.7473
   -7.5000  -45.0000   37.5000 2144.9050   20.9378
    0.0000  -45.0000   37.5000 2160.0588   20.7718
    7.5000  -45.0000   37.5000 2132.5562   21.2515
   -7.5000  -37.5000   37.5000 2270.8640   18.8541
    0.0000  -37.5000   37.5000 2287.0669   18.7460
    7.5000  -37.5000   37.5000 2254.3979   19.1179
   -7.5000  -30.0000   37.5000 2378.8013   17.3021
    0.0000  -30.0000   37.5000 2397.1472   17.2143
    7.5000  -30.0000   37.5000 2362.6687   17.5276
   -7.5000  -22.5000   37.5000 2476.0984   16.0820
    0.0000  -22.5000   37.5000 2493.4629   16.0190
    7.5000  -22.5000   37.5000 2459.5613   16.3117
   -7.5000  -15.0000   37.5000 2542.8828   15.1835
    0.0000  -15.0000   37.5000 2568.2515   15.1305
    7.5000  -15.0000   37.5000 2534.4031   15.4131
   -7.5000   -7.5000   37.5000 2585.8413   14.5958
    0.0000   -7.5000   37.5000 2609.3726   14.5524
    7.5000   -7.5000   37.5000 2574.7915   14.8156
   -7.5000    0.0000   37.5000 2591.5178   14.3098
    0.0000    0.0000   37.5000 2615.7002   14.2788
    7.5000    0.0000   37.5000 2587.5247   14.5447
   -7.5000    7.5000   37.5000 2570.8293   14.3613
    0.0000    7.5000   37.5000 2593.3730   14.3281
    7.5000    7.5000   37.5000 2567.4741   14.5918
   -7.5000   15.0000   37.5000 2533.6467   14.6651
    0.0000   15.0000   37.5000 2555.0176   14.6569
    7.5000   15.0000   37.5000 2524.9949   14.9071
   -7.5000   22.5000   37.5000 2470.3105   15.1992
    0.0000   22.5000   37.5000 2492.9849   15.1678
    7.5000   22.5000   37.5000 2463.7925   15.4189
   -7.5000   30.0000   37.5000 2385.6880   15.9540
    0.0000   30.0000   37.5000 2404.3684   15.8973
    7.5000   30.0000   37.5000 2380.9546   16.1405
   -7.5000   37.5000   37.5000 2283.3994   16.9954
    0.0000   37.5000   37.5000 2299.0857   16.9469
    7.5000   37.5000   37.5000 2279.1174   17.2050
   -7.5000   45.0000   37.5000 2157.3442   18.4846
    0.0000   45.0000   37.5000 2172.7815   18.4224
    7.5000   45.0000   37.5000 2155.0586   18.7053
   -7.5000  -45.0000   45.0000 2072.0203   22.5517
    0.0000  -45.0000   45.0000 2088.3391   22.3662
    7.5000  -45.0000   45.0000 2062.8611   22.7974
   -7.5000  -37.5000   45.0000 2194.1663   20.3506
    0.0000  -37.5000   45.0000 2209.5320   20.2312
    7.5000  -37.5000   45.0000 2181.9771   20.5648
   -7.5000  -30.0000   45.0000 2300.0186   18.7009
    0.0000  -30.0000   45.0000 2316.6199   18.6176
    7.5000  -30.0000   45.0000 2289.5046   18.8750
   -7.5000  -22.5000   45.0000 2393.7759   17.4056
    0.0000  -22.5000   45.0000 2413.2087   17.3318
    7.5000  -22.5000   45.0000 2384.1890   17.5955
   -7.5000  -15.0000   45.0000 2452.2571   16.4467
    0.0000  -15.0000   45.0000 2474.9792   16.3843
    7.5000  -15.0000   45.0000 2450.9104   16.6341
   -7.5000   -7.5000   45.0000 2485.8145   15.8274
    0.0000   -7.5000   45.0000 2507.7600   15.7936
    7.5000   -7.5000   45.0000 2481.8608   16.0279
   -7.5000    0.0000   45.0000 2489.0461   15.5478
    0.0000    0.0000   45.0000 2508.4304   15.4897
    7.5000    0.0000   45.0000 2488.5278   15.7475
   -7.5000    7.5000   45.0000 2471.3406   15.5372
    0.0000    7.5000   45.0000 2488.3206   15.4878
    7.5000    7.5000   45.0000 2469.6543   15.7531
   -7.5000   15.0000   45.0000 2436.1489   15.8154
    0.0000   15.0000   45.0000 2451.7219   15.7958
    7.5000   15.0000   45.0000 2431.6843   16.0539
   -7.5000   22.5000   45.0000 2377.0745   16.3492
    0.0000   22.5000   45.0000 2395.7305   16.3299
    7.5000   22.5000   45.0000 2372.2698   16.5725
   -7.5000   30.0000   45.0000 2294.3616   17.1049
    0.0000   30.0000   45.0000 2310.7942   17.0443
    7.5000   30.0000   45.0000 2288.1802   17.3043
   -7.5000   37.5000   45.0000 2194.8958   18.1756
    0.0000   37.5000   45.0000 2210.2080   18.1049
    7.5000   37.5000   45.0000 2191.4492   18.3644
   -7.5000   45.0000   45.0000 2077.2339   19.7209
    0.0000   45.0000   45.0000 2087.6367   19.6678
    7.5000   45.0000   45.0000 2078.0981   19.9424

---------------------------------------------------------------------
imgreg_4dfp /opt/freesurfer/average/711-2C_as_mni_average_305 /opt/freesurfer/average/711-2B_as_mni_average_305_mask talsrcimg_g11 none talsrcimg_to_711-2C_as_mni_average_305_t4 1283
---------------------------------------------------------------------

freesurfer imgreg_4dfp.c
/opt/freesurfer/average/711-2C_as_mni_average_305.4dfp.img
       256       256       256         1
  1.000000  1.000000  1.000000
orientation T byte_order littleendian
Reading image: /opt/freesurfer/average/711-2C_as_mni_average_305.4dfp.img
dimensions:      256       256       256
mmppix:       1.0000   -1.0000   -1.0000
center:     128.0000 -129.0000 -129.0000
/opt/freesurfer/average/711-2B_as_mni_average_305_mask.4dfp.img
       256       256       256         1
  1.000000  1.000000  1.000000
orientation T byte_order littleendian
Reading mask: /opt/freesurfer/average/711-2B_as_mni_average_305_mask.4dfp.img (2306576 pixels)
talsrcimg_g11.4dfp.img
       256       256       256         1
  1.000000  1.000000  1.000000
orientation T byte_order littleendian
Reading image: talsrcimg_g11.4dfp.img
dimensions:      256       256       256
mmppix:       1.0000   -1.0000   -1.0000
center:     128.0000 -129.0000 -129.0000
rotation matrix determinant  1.000000
fimgreg.f
image alignment mode   1283 decimal      503 hex
parameters
    0.0000    7.5000    0.0000    0.0000    0.0000    0.0000
eta,q 0.94321 11.35633
niter,ni,del,rscale     5    3   12.0000    1.2000
parameter  2  1.275470 ->  0.500000 qaram    1.1500
parameter  6  1.504358 ->  0.500000 qaram    1.1500
parameters
   -2.1441    4.0500   -2.1363   -2.5415   -1.7409   -3.4500
eta,q 0.95151 11.31184
  0.0662  0.0551  0.0572  0.0561  0.0553  0.0471
  0.0624  0.0553  0.0563  0.0534  0.0540  0.0481
  0.0615  0.0584  0.0551  0.0529  0.0528  0.0498
  0.0634  0.0613  0.0563  0.0550  0.0528  0.0527
  0.0668  0.0641  0.0576  0.0572  0.0549  0.0564
  0.0712  0.0680  0.0607  0.0591  0.0581  0.0602
  0.0773  0.0743  0.0666  0.0614  0.0616  0.0643
niter,ni,del,rscale     6    3   12.0000    1.2000
parameters
   -1.8229    4.8352   -2.3893   -3.2285   -1.6317   -5.7830
eta,q 0.95340 11.29967
  0.0665  0.0663  0.0562  0.0540  0.0547  0.0501
  0.0568  0.0585  0.0520  0.0499  0.0519  0.0473
  0.0510  0.0518  0.0496  0.0478  0.0495  0.0466
  0.0485  0.0484  0.0481  0.0481  0.0478  0.0477
  0.0498  0.0489  0.0502  0.0505  0.0481  0.0501
  0.0552  0.0534  0.0534  0.0532  0.0508  0.0541
  0.0627  0.0603  0.0573  0.0556  0.0551  0.0584
niter,ni,del,rscale     5    3   12.0000    1.2000
parameters
   -2.0468    5.1423   -2.2077   -3.2159   -1.3183   -5.8485
eta,q 0.95374 11.28427
  0.0623  0.0650  0.0564  0.0547  0.0553  0.0541
  0.0541  0.0571  0.0516  0.0502  0.0517  0.0499
  0.0484  0.0500  0.0487  0.0472  0.0483  0.0471
  0.0466  0.0465  0.0464  0.0464  0.0464  0.0463
  0.0495  0.0479  0.0479  0.0479  0.0469  0.0476
  0.0556  0.0542  0.0513  0.0509  0.0500  0.0502
  0.0648  0.0629  0.0552  0.0539  0.0543  0.0542
niter,ni,del,rscale     4    3   12.0000    1.2000
parameters
   -2.0919    5.1649   -2.2016   -3.1784   -1.2546   -5.8737
eta,q 0.95377 11.28313
  0.0633  0.0639  0.0559  0.0548  0.0548  0.0542
  0.0549  0.0560  0.0512  0.0503  0.0513  0.0500
  0.0488  0.0492  0.0483  0.0471  0.0480  0.0471
  0.0463  0.0463  0.0463  0.0463  0.0463  0.0462
  0.0489  0.0484  0.0481  0.0478  0.0472  0.0475
  0.0550  0.0553  0.0517  0.0508  0.0506  0.0501
  0.0640  0.0642  0.0556  0.0538  0.0550  0.0541
niter,ni,del,rscale     3    3   12.0000    1.2000
parameters
   -2.1118    5.1521   -2.2026   -3.1541   -1.2312   -5.8835
eta,q 0.95376 11.28305
  0.0634  0.0637  0.0558  0.0547  0.0548  0.0543
  0.0551  0.0558  0.0512  0.0502  0.0512  0.0500
  0.0489  0.0491  0.0483  0.0470  0.0479  0.0471
  0.0462  0.0462  0.0462  0.0462  0.0462  0.0462
  0.0489  0.0485  0.0481  0.0479  0.0472  0.0475
  0.0549  0.0554  0.0517  0.0508  0.0507  0.0501
  0.0639  0.0644  0.0556  0.0538  0.0551  0.0541
registration optimization eta report
parameter search radius
    6.0000    6.9000    6.0000    6.0000    6.0000    6.9000
100000*second partial in parameter space
       47.       37.       25.       22.       24.       16.
  0.0634  0.0637  0.0558  0.0547  0.0548  0.0543
  0.0551  0.0558  0.0512  0.0502  0.0512  0.0500
  0.0489  0.0491  0.0483  0.0470  0.0479  0.0471
  0.0462  0.0462  0.0462  0.0462  0.0462  0.0462
  0.0489  0.0485  0.0481  0.0479  0.0472  0.0475
  0.0549  0.0554  0.0517  0.0508  0.0507  0.0501
  0.0639  0.0644  0.0556  0.0538  0.0551  0.0541
   -2.1118    5.1521   -2.2026   -3.1541   -1.2312   -5.8835
eta,q 0.95376 11.28305

---------------------------------------------------------------------
imgreg_4dfp /opt/freesurfer/average/711-2C_as_mni_average_305 /opt/freesurfer/average/711-2B_as_mni_average_305_mask talsrcimg_g11 none talsrcimg_to_711-2C_as_mni_average_305_t4 3335
---------------------------------------------------------------------

freesurfer imgreg_4dfp.c
/opt/freesurfer/average/711-2C_as_mni_average_305.4dfp.img
       256       256       256         1
  1.000000  1.000000  1.000000
orientation T byte_order littleendian
Reading image: /opt/freesurfer/average/711-2C_as_mni_average_305.4dfp.img
dimensions:      256       256       256
mmppix:       1.0000   -1.0000   -1.0000
center:     128.0000 -129.0000 -129.0000
/opt/freesurfer/average/711-2B_as_mni_average_305_mask.4dfp.img
       256       256       256         1
  1.000000  1.000000  1.000000
orientation T byte_order littleendian
Reading mask: /opt/freesurfer/average/711-2B_as_mni_average_305_mask.4dfp.img (2306576 pixels)
talsrcimg_g11.4dfp.img
       256       256       256         1
  1.000000  1.000000  1.000000
orientation T byte_order littleendian
Reading image: talsrcimg_g11.4dfp.img
dimensions:      256       256       256
mmppix:       1.0000   -1.0000   -1.0000
center:     128.0000 -129.0000 -129.0000
fimgreg.f
image alignment mode   3335 decimal      D07 hex
parameters
   -2.1118    5.1521   -2.2026   -0.5497   -0.6653   -0.1745
   10.1174    2.6982  -10.2482    5.2533   -2.1488   -5.5010
eta,q 0.95363 11.34613
niter,ni,del,rscale     5    3    5.0000    1.2000
parameter  4  1.707276 ->  0.500000 qaram    1.1500
parameter  5  2.156054 ->  0.500000 qaram    1.1500
parameter  6  1.674700 ->  0.500000 qaram    1.1500
parameter 10  0.759712 ->  0.500000 qaram    1.1500
parameter 11  0.589524 ->  0.500000 qaram    1.1500
parameter 12  0.655645 ->  0.500000 qaram    1.1500
parameters
   -2.0245    5.3240   -2.4933   -4.6897   -4.8053   -4.3145
    7.1163    2.7056   -9.1597    1.1133   -6.2888   -9.6410
eta,q 0.97166 10.66635
  0.0496  0.0487  0.0474  0.0391  0.0356  0.0296  0.0322  0.0362  0.0335  0.0297  0.0292  0.0286
  0.0479  0.0475  0.0467  0.0406  0.0369  0.0311  0.0314  0.0336  0.0324  0.0294  0.0290  0.0283
  0.0468  0.0467  0.0463  0.0431  0.0388  0.0339  0.0312  0.0318  0.0316  0.0299  0.0290  0.0285
  0.0464  0.0464  0.0463  0.0463  0.0412  0.0374  0.0317  0.0312  0.0312  0.0312  0.0294  0.0289
  0.0466  0.0465  0.0466  0.0501  0.0440  0.0414  0.0328  0.0318  0.0312  0.0332  0.0301  0.0297
  0.0476  0.0471  0.0472  0.0545  0.0469  0.0462  0.0345  0.0335  0.0317  0.0358  0.0311  0.0306
  0.0492  0.0482  0.0481  0.0594  0.0503  0.0517  0.0366  0.0362  0.0325  0.0388  0.0323  0.0318
niter,ni,del,rscale     7    3    5.0000    1.2000
parameter  4  0.720903 ->  0.500000 qaram    1.3225
parameter  5  0.773168 ->  0.500000 qaram    1.3225
parameters
   -1.5752    5.4579   -2.2221   -9.4507   -9.5663   -8.1500
    7.1039    3.9519   -8.9635    1.1480   -6.2980   -8.4119
eta,q 0.97699 10.11572
  0.0339  0.0314  0.0312  0.0261  0.0239  0.0247  0.0261  0.0306  0.0253  0.0273  0.0253  0.0252
  0.0313  0.0298  0.0297  0.0256  0.0239  0.0238  0.0246  0.0274  0.0241  0.0250  0.0241  0.0241
  0.0294  0.0286  0.0286  0.0263  0.0244  0.0231  0.0237  0.0249  0.0233  0.0235  0.0233  0.0234
  0.0283  0.0282  0.0282  0.0281  0.0257  0.0240  0.0233  0.0233  0.0230  0.0230  0.0230  0.0230
  0.0283  0.0284  0.0283  0.0314  0.0278  0.0272  0.0236  0.0231  0.0232  0.0236  0.0233  0.0231
  0.0291  0.0293  0.0289  0.0355  0.0305  0.0314  0.0247  0.0246  0.0239  0.0250  0.0241  0.0235
  0.0310  0.0308  0.0301  0.0404  0.0340  0.0362  0.0262  0.0271  0.0251  0.0272  0.0253  0.0242
niter,ni,del,rscale     7    3    5.0000    1.2000
parameters
   -1.4868    5.2808   -2.5427  -10.4632  -11.0158   -9.1924
    7.1345    4.1885   -8.9959    0.8399   -6.0722   -8.3252
eta,q 0.97676  9.93937
  0.0275  0.0254  0.0244  0.0272  0.0257  0.0261  0.0262  0.0288  0.0254  0.0271  0.0252  0.0249
  0.0252  0.0239  0.0235  0.0251  0.0240  0.0248  0.0247  0.0261  0.0242  0.0249  0.0242  0.0239
  0.0236  0.0231  0.0230  0.0236  0.0231  0.0238  0.0237  0.0242  0.0235  0.0236  0.0235  0.0234
  0.0230  0.0230  0.0230  0.0229  0.0230  0.0230  0.0233  0.0233  0.0233  0.0233  0.0232  0.0232
  0.0234  0.0235  0.0234  0.0237  0.0238  0.0231  0.0236  0.0237  0.0235  0.0239  0.0234  0.0235
  0.0247  0.0246  0.0241  0.0262  0.0256  0.0257  0.0246  0.0255  0.0242  0.0254  0.0240  0.0239
  0.0269  0.0261  0.0253  0.0302  0.0282  0.0297  0.0261  0.0283  0.0254  0.0275  0.0250  0.0247
niter,ni,del,rscale     6    3    5.0000    1.2000
parameters
   -1.4371    5.2476   -2.7064  -10.4523  -10.9831   -9.4782
    7.1290    4.2290   -9.0430    0.7893   -5.9808   -8.3776
eta,q 0.97669  9.92728
  0.0273  0.0259  0.0245  0.0280  0.0270  0.0266  0.0262  0.0286  0.0254  0.0274  0.0251  0.0249
  0.0252  0.0244  0.0237  0.0259  0.0250  0.0251  0.0247  0.0259  0.0243  0.0251  0.0242  0.0239
  0.0238  0.0235  0.0233  0.0242  0.0237  0.0241  0.0237  0.0241  0.0236  0.0237  0.0235  0.0234
  0.0232  0.0232  0.0232  0.0232  0.0232  0.0232  0.0233  0.0233  0.0233  0.0233  0.0233  0.0233
  0.0236  0.0236  0.0235  0.0234  0.0235  0.0229  0.0237  0.0239  0.0236  0.0239  0.0235  0.0235
  0.0249  0.0245  0.0240  0.0252  0.0248  0.0246  0.0247  0.0258  0.0243  0.0253  0.0241  0.0240
  0.0270  0.0260  0.0250  0.0287  0.0271  0.0283  0.0262  0.0286  0.0255  0.0274  0.0251  0.0248
niter,ni,del,rscale     5    3    5.0000    1.2000
parameters
   -1.4232    5.2591   -2.7544  -10.4386  -10.9720   -9.5303
    7.1272    4.2344   -9.0724    0.8127   -5.9507   -8.4112
eta,q 0.97668  9.92625
  0.0272  0.0261  0.0247  0.0281  0.0271  0.0268  0.0262  0.0285  0.0254  0.0275  0.0251  0.0249
  0.0251  0.0245  0.0239  0.0259  0.0251  0.0252  0.0247  0.0259  0.0243  0.0252  0.0242  0.0240
  0.0238  0.0236  0.0234  0.0243  0.0238  0.0241  0.0237  0.0241  0.0236  0.0238  0.0235  0.0234
  0.0233  0.0233  0.0233  0.0233  0.0233  0.0233  0.0233  0.0233  0.0233  0.0233  0.0233  0.0233
  0.0237  0.0236  0.0235  0.0235  0.0236  0.0228  0.0237  0.0239  0.0236  0.0239  0.0235  0.0235
  0.0250  0.0245  0.0240  0.0253  0.0249  0.0244  0.0247  0.0258  0.0243  0.0253  0.0241  0.0240
  0.0272  0.0259  0.0248  0.0288  0.0272  0.0280  0.0262  0.0286  0.0255  0.0273  0.0251  0.0248
niter,ni,del,rscale     4    3    5.0000    1.2000
parameters
   -1.4208    5.2662   -2.7655  -10.4358  -10.9676   -9.5393
    7.1332    4.2340   -9.0818    0.8267   -5.9432   -8.4315
eta,q 0.97668  9.92645
  0.0272  0.0261  0.0248  0.0281  0.0271  0.0268  0.0262  0.0285  0.0254  0.0274  0.0251  0.0249
  0.0251  0.0245  0.0239  0.0260  0.0251  0.0252  0.0247  0.0259  0.0243  0.0252  0.0242  0.0240
  0.0238  0.0236  0.0235  0.0243  0.0238  0.0242  0.0237  0.0241  0.0236  0.0238  0.0235  0.0234
  0.0233  0.0233  0.0233  0.0233  0.0233  0.0233  0.0233  0.0233  0.0233  0.0233  0.0233  0.0233
  0.0238  0.0237  0.0235  0.0235  0.0237  0.0228  0.0237  0.0239  0.0236  0.0239  0.0235  0.0235
  0.0251  0.0246  0.0240  0.0253  0.0249  0.0243  0.0247  0.0258  0.0243  0.0253  0.0241  0.0240
  0.0272  0.0260  0.0248  0.0288  0.0272  0.0279  0.0262  0.0286  0.0255  0.0273  0.0251  0.0248
registration optimization eta report
parameter search radius
    2.4000    2.4000    2.4000    9.5220    9.5220    8.2800
    7.2000    7.2000    7.2000    8.2800    8.2800    8.2800
100000*second partial in parameter space
       67.       46.       26.        6.        4.        6.
        6.       10.        4.        6.        3.        2.
  0.0272  0.0261  0.0248  0.0281  0.0271  0.0268  0.0262  0.0285  0.0254  0.0274  0.0251  0.0249
  0.0251  0.0245  0.0239  0.0260  0.0251  0.0252  0.0247  0.0259  0.0243  0.0252  0.0242  0.0240
  0.0238  0.0236  0.0235  0.0243  0.0238  0.0242  0.0237  0.0241  0.0236  0.0238  0.0235  0.0234
  0.0233  0.0233  0.0233  0.0233  0.0233  0.0233  0.0233  0.0233  0.0233  0.0233  0.0233  0.0233
  0.0238  0.0237  0.0235  0.0235  0.0237  0.0228  0.0237  0.0239  0.0236  0.0239  0.0235  0.0235
  0.0251  0.0246  0.0240  0.0253  0.0249  0.0243  0.0247  0.0258  0.0243  0.0253  0.0241  0.0240
  0.0272  0.0260  0.0248  0.0288  0.0272  0.0279  0.0262  0.0286  0.0255  0.0273  0.0251  0.0248
   -1.4208    5.2662   -2.7655  -10.4358  -10.9676   -9.5393
    7.1332    4.2340   -9.0818    0.8267   -5.9432   -8.4315
eta,q 0.97668  9.92645

---------------------------------------------------------------------
imgreg_4dfp /opt/freesurfer/average/711-2C_as_mni_average_305 /opt/freesurfer/average/711-2B_as_mni_average_305_mask talsrcimg_g11 none talsrcimg_to_711-2C_as_mni_average_305_t4 2311
---------------------------------------------------------------------

freesurfer imgreg_4dfp.c
/opt/freesurfer/average/711-2C_as_mni_average_305.4dfp.img
       256       256       256         1
  1.000000  1.000000  1.000000
orientation T byte_order littleendian
Reading image: /opt/freesurfer/average/711-2C_as_mni_average_305.4dfp.img
dimensions:      256       256       256
mmppix:       1.0000   -1.0000   -1.0000
center:     128.0000 -129.0000 -129.0000
/opt/freesurfer/average/711-2B_as_mni_average_305_mask.4dfp.img
       256       256       256         1
  1.000000  1.000000  1.000000
orientation T byte_order littleendian
Reading mask: /opt/freesurfer/average/711-2B_as_mni_average_305_mask.4dfp.img (2306576 pixels)
talsrcimg_g11.4dfp.img
       256       256       256         1
  1.000000  1.000000  1.000000
orientation T byte_order littleendian
Reading image: talsrcimg_g11.4dfp.img
dimensions:      256       256       256
mmppix:       1.0000   -1.0000   -1.0000
center:     128.0000 -129.0000 -129.0000
fimgreg.f
image alignment mode   2311 decimal      907 hex
parameters
   -1.4208    5.2662   -2.7655  -10.4358  -10.9676   -9.5393
    7.1332    4.2340   -9.0818    0.8267   -5.9432   -8.4315
eta,q 0.97668  9.92644
niter,ni,del,rscale     5    3    5.0000    0.8000
parameters
   -1.4110    5.2440   -2.7710   -9.4763  -10.7737   -8.0363
    7.1617    4.1403   -8.8979    0.8624   -6.3355   -8.8926
eta,q 0.97717 10.03951
  0.0251  0.0245  0.0239  0.0251  0.0242  0.0248  0.0243  0.0257  0.0239  0.0244  0.0235  0.0233
  0.0242  0.0238  0.0236  0.0243  0.0237  0.0242  0.0235  0.0242  0.0234  0.0235  0.0231  0.0230
  0.0235  0.0234  0.0234  0.0237  0.0233  0.0237  0.0230  0.0232  0.0230  0.0230  0.0229  0.0228
  0.0233  0.0233  0.0233  0.0233  0.0232  0.0232  0.0228  0.0229  0.0229  0.0228  0.0228  0.0228
  0.0235  0.0235  0.0234  0.0232  0.0233  0.0228  0.0230  0.0232  0.0229  0.0230  0.0230  0.0229
  0.0241  0.0239  0.0236  0.0235  0.0236  0.0229  0.0235  0.0243  0.0232  0.0235  0.0233  0.0231
  0.0251  0.0246  0.0240  0.0242  0.0241  0.0238  0.0242  0.0259  0.0238  0.0244  0.0237  0.0234
niter,ni,del,rscale     4    3    5.0000    0.7000
parameters
   -1.4357    5.2342   -2.5338   -9.6768  -10.8949   -7.8785
    7.1405    4.1722   -8.8218    0.8985   -6.4226   -8.7595
eta,q 0.97721 10.03187
  0.0243  0.0238  0.0237  0.0239  0.0235  0.0241  0.0239  0.0251  0.0236  0.0240  0.0234  0.0232
  0.0235  0.0232  0.0233  0.0234  0.0231  0.0237  0.0233  0.0239  0.0232  0.0233  0.0230  0.0230
  0.0230  0.0229  0.0230  0.0230  0.0229  0.0232  0.0229  0.0231  0.0229  0.0229  0.0228  0.0228
  0.0228  0.0228  0.0228  0.0228  0.0228  0.0228  0.0228  0.0228  0.0228  0.0228  0.0228  0.0228
  0.0230  0.0230  0.0228  0.0230  0.0229  0.0227  0.0229  0.0230  0.0229  0.0229  0.0229  0.0228
  0.0235  0.0233  0.0230  0.0234  0.0232  0.0232  0.0233  0.0238  0.0231  0.0233  0.0231  0.0230
  0.0244  0.0238  0.0233  0.0242  0.0236  0.0243  0.0239  0.0251  0.0235  0.0239  0.0234  0.0232
niter,ni,del,rscale     3    3    5.0000    0.6000
parameters
   -1.4347    5.2112   -2.4911   -9.6524  -10.9176   -7.6278
    7.1331    4.1755   -8.7641    0.8794   -6.5083   -8.7842
eta,q 0.97726 10.04028
  0.0239  0.0235  0.0233  0.0237  0.0233  0.0239  0.0236  0.0245  0.0233  0.0236  0.0232  0.0230
  0.0233  0.0231  0.0230  0.0232  0.0230  0.0235  0.0231  0.0236  0.0230  0.0231  0.0229  0.0229
  0.0229  0.0229  0.0228  0.0229  0.0228  0.0231  0.0228  0.0230  0.0228  0.0228  0.0228  0.0228
  0.0228  0.0228  0.0228  0.0228  0.0228  0.0228  0.0227  0.0227  0.0227  0.0227  0.0227  0.0227
  0.0229  0.0229  0.0228  0.0229  0.0229  0.0227  0.0228  0.0229  0.0228  0.0228  0.0228  0.0228
  0.0233  0.0231  0.0230  0.0232  0.0230  0.0230  0.0231  0.0235  0.0230  0.0231  0.0230  0.0229
  0.0239  0.0235  0.0232  0.0237  0.0233  0.0238  0.0236  0.0245  0.0233  0.0236  0.0232  0.0230
niter,ni,del,rscale     2    3    5.0000    0.5000
parameters
   -1.4334    5.2015   -2.4405   -9.6599  -10.9651   -7.3903
    7.1314    4.1847   -8.7217    0.8909   -6.5669   -8.8400
eta,q 0.97729 10.04592
  0.0235  0.0232  0.0231  0.0234  0.0231  0.0236  0.0233  0.0239  0.0231  0.0233  0.0230  0.0229
  0.0231  0.0230  0.0229  0.0231  0.0229  0.0233  0.0230  0.0233  0.0229  0.0230  0.0228  0.0228
  0.0228  0.0228  0.0228  0.0228  0.0228  0.0230  0.0228  0.0229  0.0228  0.0228  0.0227  0.0227
  0.0227  0.0227  0.0227  0.0227  0.0227  0.0227  0.0227  0.0227  0.0227  0.0227  0.0227  0.0227
  0.0228  0.0228  0.0228  0.0228  0.0228  0.0227  0.0228  0.0228  0.0228  0.0228  0.0228  0.0227
  0.0231  0.0230  0.0229  0.0230  0.0229  0.0230  0.0230  0.0233  0.0229  0.0230  0.0229  0.0228
  0.0235  0.0232  0.0231  0.0234  0.0231  0.0235  0.0233  0.0240  0.0231  0.0233  0.0230  0.0229
niter,ni,del,rscale     1    3    5.0000    0.4000
parameters
   -1.4307    5.1997   -2.3971   -9.6812  -11.0175   -7.1897
    7.1359    4.1927   -8.6983    0.9109   -6.6194   -8.8564
eta,q 0.97732 10.04950
  0.0232  0.0230  0.0230  0.0231  0.0229  0.0234  0.0231  0.0235  0.0230  0.0231  0.0229  0.0228
  0.0229  0.0228  0.0228  0.0229  0.0228  0.0231  0.0229  0.0231  0.0228  0.0229  0.0228  0.0227
  0.0228  0.0227  0.0227  0.0228  0.0227  0.0229  0.0227  0.0228  0.0227  0.0227  0.0227  0.0227
  0.0227  0.0227  0.0227  0.0227  0.0227  0.0227  0.0227  0.0227  0.0227  0.0227  0.0227  0.0227
  0.0228  0.0227  0.0227  0.0228  0.0227  0.0227  0.0227  0.0228  0.0227  0.0227  0.0227  0.0227
  0.0229  0.0229  0.0228  0.0229  0.0228  0.0229  0.0229  0.0230  0.0228  0.0229  0.0228  0.0228
  0.0232  0.0230  0.0229  0.0232  0.0229  0.0232  0.0231  0.0235  0.0229  0.0231  0.0229  0.0228
registration optimization eta report
parameter search radius
    0.8000    0.8000    0.8000    2.4000    2.4000    2.4000
    2.4000    2.4000    2.4000    2.4000    2.4000    2.4000
100000*second partial in parameter space
       78.       50.       37.        8.        4.       10.
        7.       14.        4.        7.        4.        2.
  0.0232  0.0230  0.0230  0.0231  0.0229  0.0234  0.0231  0.0235  0.0230  0.0231  0.0229  0.0228
  0.0229  0.0228  0.0228  0.0229  0.0228  0.0231  0.0229  0.0231  0.0228  0.0229  0.0228  0.0227
  0.0228  0.0227  0.0227  0.0228  0.0227  0.0229  0.0227  0.0228  0.0227  0.0227  0.0227  0.0227
  0.0227  0.0227  0.0227  0.0227  0.0227  0.0227  0.0227  0.0227  0.0227  0.0227  0.0227  0.0227
  0.0228  0.0227  0.0227  0.0228  0.0227  0.0227  0.0227  0.0228  0.0227  0.0227  0.0227  0.0227
  0.0229  0.0229  0.0228  0.0229  0.0228  0.0229  0.0229  0.0230  0.0228  0.0229  0.0228  0.0228
  0.0232  0.0230  0.0229  0.0232  0.0229  0.0232  0.0231  0.0235  0.0229  0.0231  0.0229  0.0228
   -1.4307    5.1997   -2.3971   -9.6812  -11.0175   -7.1897
    7.1359    4.1927   -8.6983    0.9109   -6.6194   -8.8564
eta,q 0.97732 10.04950

---------------------------------------------------------------------
imgreg_4dfp /opt/freesurfer/average/711-2C_as_mni_average_305 /opt/freesurfer/average/711-2B_as_mni_average_305_mask talsrcimg_g11 none talsrcimg_to_711-2C_as_mni_average_305_t4 2311
---------------------------------------------------------------------

freesurfer imgreg_4dfp.c
/opt/freesurfer/average/711-2C_as_mni_average_305.4dfp.img
       256       256       256         1
  1.000000  1.000000  1.000000
orientation T byte_order littleendian
Reading image: /opt/freesurfer/average/711-2C_as_mni_average_305.4dfp.img
dimensions:      256       256       256
mmppix:       1.0000   -1.0000   -1.0000
center:     128.0000 -129.0000 -129.0000
/opt/freesurfer/average/711-2B_as_mni_average_305_mask.4dfp.img
       256       256       256         1
  1.000000  1.000000  1.000000
orientation T byte_order littleendian
Reading mask: /opt/freesurfer/average/711-2B_as_mni_average_305_mask.4dfp.img (2306576 pixels)
talsrcimg_g11.4dfp.img
       256       256       256         1
  1.000000  1.000000  1.000000
orientation T byte_order littleendian
Reading image: talsrcimg_g11.4dfp.img
dimensions:      256       256       256
mmppix:       1.0000   -1.0000   -1.0000
center:     128.0000 -129.0000 -129.0000
fimgreg.f
image alignment mode   2311 decimal      907 hex
parameters
   -1.4307    5.1997   -2.3971   -9.6812  -11.0175   -7.1897
    7.1359    4.1927   -8.6983    0.9109   -6.6194   -8.8564
eta,q 0.97732 10.04950
niter,ni,del,rscale     5    3    5.0000    0.8000
parameters
   -1.4384    5.2070   -2.3473   -9.9422  -10.9852   -7.8314
    7.1030    4.2138   -8.7715    0.8535   -6.4745   -8.5294
eta,q 0.97720 10.01767
  0.0246  0.0240  0.0237  0.0241  0.0236  0.0241  0.0242  0.0257  0.0238  0.0243  0.0236  0.0234
  0.0236  0.0233  0.0231  0.0234  0.0231  0.0236  0.0234  0.0242  0.0232  0.0235  0.0232  0.0231
  0.0229  0.0228  0.0228  0.0229  0.0228  0.0231  0.0230  0.0232  0.0229  0.0230  0.0229  0.0229
  0.0227  0.0227  0.0227  0.0227  0.0227  0.0227  0.0228  0.0228  0.0228  0.0228  0.0228  0.0228
  0.0229  0.0228  0.0228  0.0229  0.0228  0.0229  0.0230  0.0231  0.0229  0.0230  0.0229  0.0228
  0.0236  0.0233  0.0231  0.0235  0.0231  0.0239  0.0235  0.0241  0.0233  0.0235  0.0231  0.0230
  0.0247  0.0239  0.0236  0.0245  0.0236  0.0258  0.0242  0.0257  0.0238  0.0244  0.0235  0.0233
niter,ni,del,rscale     4    3    5.0000    0.7000
parameters
   -1.4361    5.1939   -2.4634   -9.7340  -10.9089   -7.8386
    7.1345    4.1959   -8.7724    0.8070   -6.4769   -8.6572
eta,q 0.97722 10.02924
  0.0243  0.0237  0.0233  0.0241  0.0235  0.0241  0.0239  0.0251  0.0236  0.0239  0.0234  0.0232
  0.0235  0.0232  0.0230  0.0235  0.0231  0.0236  0.0233  0.0238  0.0231  0.0233  0.0230  0.0229
  0.0230  0.0229  0.0228  0.0230  0.0229  0.0232  0.0229  0.0231  0.0229  0.0229  0.0228  0.0228
  0.0228  0.0228  0.0228  0.0228  0.0228  0.0228  0.0228  0.0228  0.0228  0.0228  0.0228  0.0228
  0.0230  0.0229  0.0229  0.0229  0.0229  0.0227  0.0229  0.0230  0.0229  0.0229  0.0228  0.0228
  0.0235  0.0232  0.0232  0.0232  0.0231  0.0233  0.0233  0.0238  0.0231  0.0233  0.0231  0.0230
  0.0243  0.0238  0.0235  0.0239  0.0235  0.0244  0.0239  0.0251  0.0236  0.0240  0.0234  0.0232
niter,ni,del,rscale     3    3    5.0000    0.6000
parameters
   -1.4333    5.1979   -2.4752   -9.6690  -10.9189   -7.6255
    7.1349    4.1836   -8.7559    0.8535   -6.5134   -8.7677
eta,q 0.97726 10.03927
  0.0239  0.0235  0.0233  0.0237  0.0233  0.0239  0.0236  0.0245  0.0233  0.0236  0.0232  0.0230
  0.0233  0.0231  0.0230  0.0233  0.0230  0.0235  0.0231  0.0235  0.0230  0.0232  0.0229  0.0228
  0.0229  0.0229  0.0228  0.0229  0.0228  0.0231  0.0228  0.0230  0.0228  0.0228  0.0228  0.0228
  0.0228  0.0228  0.0228  0.0228  0.0228  0.0228  0.0227  0.0227  0.0227  0.0227  0.0227  0.0227
  0.0229  0.0229  0.0228  0.0229  0.0228  0.0227  0.0228  0.0229  0.0228  0.0228  0.0228  0.0228
  0.0233  0.0231  0.0230  0.0232  0.0230  0.0231  0.0231  0.0235  0.0230  0.0231  0.0229  0.0229
  0.0239  0.0235  0.0233  0.0237  0.0233  0.0239  0.0236  0.0245  0.0233  0.0236  0.0232  0.0230
niter,ni,del,rscale     2    3    5.0000    0.5000
parameters
   -1.4330    5.1997   -2.4412   -9.6698  -10.9579   -7.3941
    7.1286    4.1867   -8.7202    0.8883   -6.5698   -8.8415
eta,q 0.97729 10.04573
  0.0235  0.0232  0.0231  0.0234  0.0231  0.0236  0.0233  0.0239  0.0231  0.0233  0.0230  0.0229
  0.0231  0.0230  0.0229  0.0231  0.0229  0.0233  0.0230  0.0233  0.0229  0.0230  0.0228  0.0228
  0.0228  0.0228  0.0228  0.0228  0.0228  0.0230  0.0228  0.0229  0.0228  0.0228  0.0227  0.0227
  0.0227  0.0227  0.0227  0.0227  0.0227  0.0227  0.0227  0.0227  0.0227  0.0227  0.0227  0.0227
  0.0228  0.0228  0.0228  0.0228  0.0228  0.0227  0.0228  0.0228  0.0227  0.0228  0.0228  0.0227
  0.0231  0.0230  0.0229  0.0230  0.0229  0.0230  0.0230  0.0233  0.0229  0.0230  0.0229  0.0228
  0.0235  0.0232  0.0231  0.0234  0.0231  0.0235  0.0233  0.0240  0.0231  0.0233  0.0230  0.0229
niter,ni,del,rscale     1    3    5.0000    0.4000
parameters
   -1.4313    5.1985   -2.3976   -9.6800  -11.0173   -7.1836
    7.1328    4.1948   -8.6950    0.9109   -6.6211   -8.8691
eta,q 0.97731 10.04967
  0.0232  0.0230  0.0230  0.0231  0.0229  0.0234  0.0231  0.0235  0.0230  0.0231  0.0229  0.0228
  0.0229  0.0228  0.0228  0.0229  0.0228  0.0231  0.0229  0.0231  0.0228  0.0229  0.0228  0.0227
  0.0228  0.0227  0.0227  0.0228  0.0227  0.0229  0.0227  0.0228  0.0227  0.0227  0.0227  0.0227
  0.0227  0.0227  0.0227  0.0227  0.0227  0.0227  0.0227  0.0227  0.0227  0.0227  0.0227  0.0227
  0.0228  0.0227  0.0227  0.0228  0.0227  0.0227  0.0227  0.0228  0.0227  0.0227  0.0227  0.0227
  0.0229  0.0228  0.0228  0.0229  0.0228  0.0229  0.0229  0.0230  0.0228  0.0229  0.0228  0.0228
  0.0232  0.0230  0.0229  0.0232  0.0229  0.0232  0.0231  0.0235  0.0229  0.0231  0.0229  0.0228
registration optimization eta report
parameter search radius
    0.8000    0.8000    0.8000    2.4000    2.4000    2.4000
    2.4000    2.4000    2.4000    2.4000    2.4000    2.4000
100000*second partial in parameter space
       77.       50.       37.        8.        4.       10.
        7.       14.        4.        7.        4.        2.
  0.0232  0.0230  0.0230  0.0231  0.0229  0.0234  0.0231  0.0235  0.0230  0.0231  0.0229  0.0228
  0.0229  0.0228  0.0228  0.0229  0.0228  0.0231  0.0229  0.0231  0.0228  0.0229  0.0228  0.0227
  0.0228  0.0227  0.0227  0.0228  0.0227  0.0229  0.0227  0.0228  0.0227  0.0227  0.0227  0.0227
  0.0227  0.0227  0.0227  0.0227  0.0227  0.0227  0.0227  0.0227  0.0227  0.0227  0.0227  0.0227
  0.0228  0.0227  0.0227  0.0228  0.0227  0.0227  0.0227  0.0228  0.0227  0.0227  0.0227  0.0227
  0.0229  0.0228  0.0228  0.0229  0.0228  0.0229  0.0229  0.0230  0.0228  0.0229  0.0228  0.0228
  0.0232  0.0230  0.0229  0.0232  0.0229  0.0232  0.0231  0.0235  0.0229  0.0231  0.0229  0.0228
   -1.4313    5.1985   -2.3976   -9.6800  -11.0173   -7.1836
    7.1328    4.1948   -8.6950    0.9109   -6.6211   -8.8691
eta,q 0.97731 10.04967

---------------------------------------------------------------------
compute_vox2vox talsrcimg talsrcimg_to_711-2C_as_mni_average_305_t4 /opt/freesurfer/average/711-2C_as_mni_average_305
---------------------------------------------------------------------

freesurfer compute_vox2vox.c
Reading: talsrcimg.4dfp.ifh
Reading: talsrcimg_to_711-2C_as_mni_average_305_t4
Reading: /opt/freesurfer/average/711-2C_as_mni_average_305.4dfp.ifh
Writing: talsrcimg_to_711-2C_as_mni_average_305_t4_vox2vox.txt

start time Thu Mar 12 06:32:23 CET 2026
end		time Thu Mar 12 06:33:49 CET 2026

mpr2mni305 success

avi2talxfm orig_nu.mgz /opt/freesurfer/average/mni305.cor.mgz talsrcimg_to_711-2C_as_mni_average_305_t4_vox2vox.txt transforms/talairach.auto.xfm
avi2talxfm done
mv -f /out/sourcedata/freesurfer/sub-v1s10x0051085_ses-1/mri/talsrcimg_to_711-2C_as_mni_average_305_t4_vox2vox.txt /out/sourcedata/freesurfer/sub-v1s10x0051085_ses-1/mri/transforms/talsrcimg_to_711-2C_as_mni_average_305_t4_vox2vox.txt
lta_convert --src orig_nu.mgz --trg /opt/freesurfer/average/mni305.cor.mgz --inxfm transforms/talairach.auto.xfm --outlta transforms/talairach.auto.xfm.lta --subject fsaverage
7.3.2

--src: orig_nu.mgz src image (geometry).
--trg: /opt/freesurfer/average/mni305.cor.mgz trg image (geometry).
--inmni: transforms/talairach.auto.xfm input MNI/XFM transform.
--outlta: transforms/talairach.auto.xfm.lta output LTA.
--s: fsaverage subject name
 LTA read, type : 1
 1.09470  -0.04857  -0.09259  -2.72745;
 0.08823   1.07243   0.09982   0.77340;
 0.10607  -0.01572   1.11374  -6.43822;
 0.00000   0.00000   0.00000   1.00000;
setting subject to fsaverage
Writing  LTA to file transforms/talairach.auto.xfm.lta...
lta_convert successful.
 
 
Started at Thu Mar 12 06:32:23 CET 2026
Ended   at Thu Mar 12 06:33:49 CET 2026
talairach_avi done
