/out/sourcedata/freesurfer/sub-v1s10x0051014_ses-1/mri
/opt/freesurfer/bin/talairach_avi
--i orig_nu.mgz --xfm transforms/talairach.auto.xfm
talairach_avi 7.3.2
Linux dna003 5.14.0-427.37.1.el9_4.x86_64 #1 SMP PREEMPT_DYNAMIC Fri Sep 13 12:41:50 EDT 2024 x86_64 x86_64 x86_64 GNU/Linux
Thu Mar 12 02:21:04 CET 2026
mri_convert orig_nu.mgz talsrcimg.img 
reading from orig_nu.mgz...
TR=0.00, TE=0.00, TI=0.00, flip angle=0.00
i_ras = (-1, 0, 0)
j_ras = (0, 0, -1)
k_ras = (0, 1, 0)
writing to talsrcimg.img...
Analyze Output Matrix
-1.00000   0.00000   0.00000   129.66513;
 0.00000   0.00000   1.00000  -128.00000;
 0.00000  -1.00000   0.00000   130.00000;
 0.00000   0.00000   0.00000   1.00000;
--------------------
INFO: set hdr.hist.orient to -1
mpr2mni305 talsrcimg
Thu Mar 12 02:21:04 CET 2026
/opt/freesurfer/bin/mpr2mni305 talsrcimg
mpr2mni305 7.3.2
target=711-2C_as_mni_average_305

---------------------------------------------------------------------
analyzeto4dfp talsrcimg -O0 -y
---------------------------------------------------------------------

freesurfer ifh2hdr.c
Thu Mar 12 02:21:04 2026
Writing: talsrcimg.4dfp.hdr
freesurfer analyzeto4dfp.c
Reading: talsrcimg.hdr
header size 348 bytes
hdr.dime.datatype	offset=70	value=2
hdr.dime.bitpix		offset=72	value=8
hdr.hist.orient		offset=252	value=-1
dimensionality     4
dimensions       256       256       256         1
Reading: talsrcimg.img
Writing: talsrcimg.4dfp.img
Writing: talsrcimg.4dfp.ifh
ifh2hdr talsrcimg -r0to221
ori=2

---------------------------------------------------------------------
gauss_4dfp talsrcimg 1.1
---------------------------------------------------------------------

freesurfer gauss_4dfp.c
Reading: talsrcimg.4dfp.img
Writing: talsrcimg_g11.4dfp.img
image dimensions 256 256 256 padded to 288 288 288
processing volume 1freesurfer ifh2hdr.c
Thu Mar 12 02:21:06 2026
Writing: talsrcimg_g11.4dfp.hdr

Writing: talsrcimg_g11.4dfp.ifh
including: talsrcimg.4dfp.img.rec in talsrcimg_g11.4dfp.img.rec

---------------------------------------------------------------------
imgreg_4dfp /opt/freesurfer/average/711-2C_as_mni_average_305 none talsrcimg_g11 none talsrcimg_to_711-2C_as_mni_average_305_t4 4355
---------------------------------------------------------------------

freesurfer imgreg_4dfp.c
/opt/freesurfer/average/711-2C_as_mni_average_305.4dfp.img
       256       256       256         1
  1.000000  1.000000  1.000000
orientation T byte_order littleendian
Reading image: /opt/freesurfer/average/711-2C_as_mni_average_305.4dfp.img
dimensions:      256       256       256
mmppix:       1.0000   -1.0000   -1.0000
center:     128.0000 -129.0000 -129.0000
talsrcimg_g11.4dfp.img
       256       256       256         1
  1.000000  1.000000  1.000000
orientation T byte_order littleendian
Reading image: talsrcimg_g11.4dfp.img
dimensions:      256       256       256
mmppix:       1.0000   -1.0000   -1.0000
center:     128.0000 -129.0000 -129.0000
t4_read: open error in t4_sub.f l:  41 t4_file(1:l)talsrcimg_to_711-2C_as_mni_average_305_t4 
t4_read: transform initialized to I4
rotation matrix determinant  1.000000
image alignment mode   4355 decimal     1103 hex
   -7.5000  -45.0000  -45.0000 8887.3545   16.0616
    0.0000  -45.0000  -45.0000 9228.4912   16.0887
    7.5000  -45.0000  -45.0000 8758.2812   16.1081
   -7.5000  -37.5000  -45.0000 9344.4590   16.0693
    0.0000  -37.5000  -45.0000 9717.0869   16.0878
    7.5000  -37.5000  -45.0000 9211.5879   16.1005
   -7.5000  -30.0000  -45.000010080.2041   16.0708
    0.0000  -30.0000  -45.000010487.8301   16.0865
    7.5000  -30.0000  -45.0000 9942.8096   16.0943
   -7.5000  -22.5000  -45.000010773.7549   16.0629
    0.0000  -22.5000  -45.000011177.6758   16.0853
    7.5000  -22.5000  -45.000010596.1143   16.0964
   -7.5000  -15.0000  -45.000011392.2539   16.0547
    0.0000  -15.0000  -45.000011800.2812   16.0859
    7.5000  -15.0000  -45.000011193.7734   16.1045
   -7.5000   -7.5000  -45.000011917.1719   16.0541
    0.0000   -7.5000  -45.000012343.4473   16.0870
    7.5000   -7.5000  -45.000011714.2031   16.1088
   -7.5000    0.0000  -45.000012375.3398   16.0606
    0.0000    0.0000  -45.000012806.0459   16.0876
    7.5000    0.0000  -45.000012155.2520   16.1070
   -7.5000    7.5000  -45.000011928.8525   16.0693
    0.0000    7.5000  -45.000012342.4199   16.0878
    7.5000    7.5000  -45.000011703.4756   16.1005
   -7.5000   15.0000  -45.000011321.0117   16.0708
    0.0000   15.0000  -45.000011717.2070   16.0865
    7.5000   15.0000  -45.000011085.5654   16.0943
   -7.5000   22.5000  -45.000010543.2500   16.0607
    0.0000   22.5000  -45.000010899.3076   16.0831
    7.5000   22.5000  -45.000010302.8545   16.0942
   -7.5000   30.0000  -45.0000 9722.8223   15.8407
    0.0000   30.0000  -45.000010015.9355   15.8715
    7.5000   30.0000  -45.0000 9469.3926   15.8899
   -7.5000   37.5000  -45.0000 9193.6250   15.8402
    0.0000   37.5000  -45.0000 9472.0469   15.8726
    7.5000   37.5000  -45.0000 8938.7031   15.8941
   -7.5000   45.0000  -45.0000 8275.4873   15.4477
    0.0000   45.0000  -45.0000 8509.1289   15.4737
    7.5000   45.0000  -45.0000 8036.0977   15.4923
   -7.5000  -45.0000  -37.5000 9454.6885   16.0754
    0.0000  -45.0000  -37.5000 9845.9541   16.1140
    7.5000  -45.0000  -37.5000 9334.8076   16.1349
   -7.5000  -37.5000  -37.5000 9933.3574   16.0716
    0.0000  -37.5000  -37.500010338.6064   16.1015
    7.5000  -37.5000  -37.5000 9811.9268   16.1161
   -7.5000  -30.0000  -37.500010713.3760   16.0734
    0.0000  -30.0000  -37.500011126.1582   16.0998
    7.5000  -30.0000  -37.500010557.5381   16.1103
   -7.5000  -22.5000  -37.500011453.5156   16.0782
    0.0000  -22.5000  -37.500011868.5215   16.1109
    7.5000  -22.5000  -37.500011243.9238   16.1256
   -7.5000  -15.0000  -37.500012053.6133   16.0810
    0.0000  -15.0000  -37.500012491.5625   16.1221
    7.5000  -15.0000  -37.500011838.0195   16.1435
   -7.5000   -7.5000  -37.500012576.0234   16.0791
    0.0000   -7.5000  -37.500013038.6396   16.1224
    7.5000   -7.5000  -37.500012386.5801   16.1460
   -7.5000    0.0000  -37.500013062.1963   16.0744
    0.0000    0.0000  -37.500013516.4277   16.1129
    7.5000    0.0000  -37.500012842.1494   16.1337
   -7.5000    7.5000  -37.500012604.6982   16.0716
    0.0000    7.5000  -37.500013009.7158   16.1015
    7.5000    7.5000  -37.500012335.4346   16.1161
   -7.5000   15.0000  -37.500011896.3203   16.0734
    0.0000   15.0000  -37.500012319.8252   16.0998
    7.5000   15.0000  -37.500011655.6113   16.1103
   -7.5000   22.5000  -37.500011036.5195   16.0760
    0.0000   22.5000  -37.500011441.6846   16.1086
    7.5000   22.5000  -37.500010830.3447   16.1233
   -7.5000   30.0000  -37.500010157.8535   15.8667
    0.0000   30.0000  -37.500010487.2480   15.9072
    7.5000   30.0000  -37.5000 9918.1396   15.9284
   -7.5000   37.5000  -37.5000 9582.5449   15.8649
    0.0000   37.5000  -37.5000 9866.5967   15.9076
    7.5000   37.5000  -37.5000 9318.4287   15.9308
   -7.5000   45.0000  -37.5000 8606.5078   15.4609
    0.0000   45.0000  -37.5000 8844.7842   15.4980
    7.5000   45.0000  -37.5000 8384.6689   15.5181
   -7.5000  -45.0000  -30.000010171.7578   16.7826
    0.0000  -45.0000  -30.000010569.4004   16.8321
    7.5000  -45.0000  -30.000010026.7363   16.8519
   -7.5000  -37.5000  -30.000010687.9775   16.7667
    0.0000  -37.5000  -30.000011083.0000   16.8073
    7.5000  -37.5000  -30.000010525.2334   16.8207
   -7.5000  -30.0000  -30.000011518.2295   16.7661
    0.0000  -30.0000  -30.000011941.6064   16.8016
    7.5000  -30.0000  -30.000011313.7568   16.8116
   -7.5000  -22.5000  -30.000012293.0459   16.7816
    0.0000  -22.5000  -30.000012729.8691   16.8214
    7.5000  -22.5000  -30.000012039.8818   16.8358
   -7.5000  -15.0000  -30.000012900.0576   16.7963
    0.0000  -15.0000  -30.000013369.8320   16.8432
    7.5000  -15.0000  -30.000012655.4717   16.8635
   -7.5000   -7.5000  -30.000013423.9062   16.7958
    0.0000   -7.5000  -30.000013932.3271   16.8472
    7.5000   -7.5000  -30.000013224.2090   16.8695
   -7.5000    0.0000  -30.000013887.4355   16.7816
    0.0000    0.0000  -30.000014389.3027   16.8310
    7.5000    0.0000  -30.000013674.3203   16.8507
   -7.5000    7.5000  -30.000013361.1982   16.7667
    0.0000    7.5000  -30.000013815.4844   16.8073
    7.5000    7.5000  -30.000013105.0869   16.8207
   -7.5000   15.0000  -30.000012607.9355   16.7661
    0.0000   15.0000  -30.000013045.1172   16.8016
    7.5000   15.0000  -30.000012356.8154   16.8116
   -7.5000   22.5000  -30.000011661.7031   16.7775
    0.0000   22.5000  -30.000012087.1279   16.8174
    7.5000   22.5000  -30.000011466.5908   16.8317
   -7.5000   30.0000  -30.000010695.6211   16.5740
    0.0000   30.0000  -30.000011082.2803   16.6204
    7.5000   30.0000  -30.000010504.2988   16.6403
   -7.5000   37.5000  -30.000010085.5908   16.5736
    0.0000   37.5000  -30.000010388.2158   16.6243
    7.5000   37.5000  -30.0000 9837.1514   16.6463
   -7.5000   45.0000  -30.0000 9047.3477   16.1530
    0.0000   45.0000  -30.0000 9314.5547   16.2007
    7.5000   45.0000  -30.0000 8828.9023   16.2197
   -7.5000  -45.0000  -22.500010847.1611   17.3670
    0.0000  -45.0000  -22.500011263.2217   17.4160
    7.5000  -45.0000  -22.500010683.6172   17.4330
   -7.5000  -37.5000  -22.500011400.9736   17.3511
    0.0000  -37.5000  -22.500011821.5234   17.3913
    7.5000  -37.5000  -22.500011197.7656   17.4017
   -7.5000  -30.0000  -22.500012271.8945   17.3481
    0.0000  -30.0000  -22.500012726.8301   17.3821
    7.5000  -30.0000  -22.500012038.3135   17.3885
   -7.5000  -22.5000  -22.500013069.0977   17.3610
    0.0000  -22.5000  -22.500013531.3555   17.3973
    7.5000  -22.5000  -22.500012747.4570   17.4066
   -7.5000  -15.0000  -22.500013691.4443   17.3756
    0.0000  -15.0000  -22.500014185.8594   17.4181
    7.5000  -15.0000  -22.500013396.8447   17.4328
   -7.5000   -7.5000  -22.500014261.1113   17.3775
    0.0000   -7.5000  -22.500014803.6123   17.4264
    7.5000   -7.5000  -22.500014012.5928   17.4448
   -7.5000    0.0000  -22.500014721.2568   17.3660
    0.0000    0.0000  -22.500015280.2783   17.4148
    7.5000    0.0000  -22.500014464.8105   17.4318
   -7.5000    7.5000  -22.500014100.7080   17.3511
    0.0000    7.5000  -22.500014615.1367   17.3913
    7.5000    7.5000  -22.500013821.2578   17.4017
   -7.5000   15.0000  -22.500013286.1367   17.3481
    0.0000   15.0000  -22.500013745.6230   17.3821
    7.5000   15.0000  -22.500013017.7461   17.3885
   -7.5000   22.5000  -22.500012265.1514   17.3556
    0.0000   22.5000  -22.500012714.4229   17.3919
    7.5000   22.5000  -22.500012073.7070   17.4012
   -7.5000   30.0000  -22.500011233.1553   17.1483
    0.0000   30.0000  -22.500011643.6465   17.1902
    7.5000   30.0000  -22.500011052.0166   17.2048
   -7.5000   37.5000  -22.500010554.8613   17.1502
    0.0000   37.5000  -22.500010902.1553   17.1985
    7.5000   37.5000  -22.500010350.9326   17.2167
   -7.5000   45.0000  -22.5000 9436.8389   16.7282
    0.0000   45.0000  -22.5000 9749.4492   16.7754
    7.5000   45.0000  -22.5000 9252.0137   16.7917
   -7.5000  -45.0000  -15.000011526.6650   17.7599
    0.0000  -45.0000  -15.000011992.6904   17.7984
    7.5000  -45.0000  -15.000011360.2432   17.8139
   -7.5000  -37.5000  -15.000012094.1328   17.7551
    0.0000  -37.5000  -15.000012568.2998   17.7844
    7.5000  -37.5000  -15.000011891.8984   17.7927
   -7.5000  -30.0000  -15.000013020.5996   17.7514
    0.0000  -30.0000  -15.000013515.7520   17.7748
    7.5000  -30.0000  -15.000012744.1084   17.7780
   -7.5000  -22.5000  -15.000013836.9590   17.7512
    0.0000  -22.5000  -15.000014324.2900   17.7770
    7.5000  -22.5000  -15.000013435.1875   17.7825
   -7.5000  -15.0000  -15.000014479.5771   17.7550
    0.0000  -15.0000  -15.000014980.1416   17.7877
    7.5000  -15.0000  -15.000014103.8633   17.7997
   -7.5000   -7.5000  -15.000015050.2686   17.7587
    0.0000   -7.5000  -15.000015621.5420   17.7982
    7.5000   -7.5000  -15.000014745.5430   17.8149
   -7.5000    0.0000  -15.000015512.5234   17.7588
    0.0000    0.0000  -15.000016130.2549   17.7972
    7.5000    0.0000  -15.000015210.0801   17.8126
   -7.5000    7.5000  -15.000014812.6201   17.7551
    0.0000    7.5000  -15.000015362.3359   17.7844
    7.5000    7.5000  -15.000014499.5361   17.7927
   -7.5000   15.0000  -15.000013939.2637   17.7514
    0.0000   15.0000  -15.000014433.8154   17.7748
    7.5000   15.0000  -15.000013660.3857   17.7780
   -7.5000   22.5000  -15.000012865.4980   17.7449
    0.0000   22.5000  -15.000013359.2969   17.7708
    7.5000   22.5000  -15.000012653.1641   17.7763
   -7.5000   30.0000  -15.000011765.4609   17.5252
    0.0000   30.0000  -15.000012210.6045   17.5575
    7.5000   30.0000  -15.000011566.5791   17.5694
   -7.5000   37.5000  -15.000011038.2373   17.5289
    0.0000   37.5000  -15.000011435.2373   17.5679
    7.5000   37.5000  -15.000010853.7803   17.5844
   -7.5000   45.0000  -15.0000 9831.2686   17.1170
    0.0000   45.0000  -15.000010192.9004   17.1541
    7.5000   45.0000  -15.0000 9679.6729   17.1689
   -7.5000  -45.0000   -7.500012252.3115   17.9356
    0.0000  -45.0000   -7.500012729.7314   17.9640
    7.5000  -45.0000   -7.500012009.4307   17.9818
   -7.5000  -37.5000   -7.500012846.4678   17.9427
    0.0000  -37.5000   -7.500013323.3340   17.9615
    7.5000  -37.5000   -7.500012541.2354   17.9718
   -7.5000  -30.0000   -7.500013915.8594   17.9410
    0.0000  -30.0000   -7.500014431.5635   17.9556
    7.5000  -30.0000   -7.500013487.9961   17.9603
   -7.5000  -22.5000   -7.500014787.1240   17.9300
    0.0000  -22.5000   -7.500015266.1104   17.9499
    7.5000  -22.5000   -7.500014243.4824   17.9575
   -7.5000  -15.0000   -7.500015366.7979   17.9223
    0.0000  -15.0000   -7.500015907.0654   17.9510
    7.5000  -15.0000   -7.500014921.2861   17.9663
   -7.5000   -7.5000   -7.500015901.6035   17.9251
    0.0000   -7.5000   -7.500016528.1270   17.9579
    7.5000   -7.5000   -7.500015560.5029   17.9778
   -7.5000    0.0000   -7.500016373.2207   17.9345
    0.0000    0.0000   -7.500017045.3242   17.9628
    7.5000    0.0000   -7.500016038.5479   17.9805
   -7.5000    7.5000   -7.500015579.4824   17.9427
    0.0000    7.5000   -7.500016188.6973   17.9615
    7.5000    7.5000   -7.500015258.3525   17.9718
   -7.5000   15.0000   -7.500014620.1719   17.9410
    0.0000   15.0000   -7.500015187.2783   17.9556
    7.5000   15.0000   -7.500014345.2822   17.9603
   -7.5000   22.5000   -7.500013526.4404   17.9217
    0.0000   22.5000   -7.500014054.9512   17.9416
    7.5000   22.5000   -7.500013310.1445   17.9492
   -7.5000   30.0000   -7.500012360.1670   17.6899
    0.0000   30.0000   -7.500012837.5684   17.7182
    7.5000   30.0000   -7.500012174.8740   17.7333
   -7.5000   37.5000   -7.500011601.2412   17.6926
    0.0000   37.5000   -7.500012020.0107   17.7250
    7.5000   37.5000   -7.500011417.8232   17.7446
   -7.5000   45.0000   -7.500010314.9395   17.2895
    0.0000   45.0000   -7.500010674.5596   17.3168
    7.5000   45.0000   -7.500010142.3896   17.3339
   -7.5000  -45.0000    0.000012803.2783   17.9634
    0.0000  -45.0000    0.000013271.9082   17.9938
    7.5000  -45.0000    0.000012492.7754   18.0158
   -7.5000  -37.5000    0.000013431.2734   17.9719
    0.0000  -37.5000    0.000013861.6865   17.9926
    7.5000  -37.5000    0.000013042.2598   18.0071
   -7.5000  -30.0000    0.000014587.1055   17.9735
    0.0000  -30.0000    0.000015079.1338   17.9912
    7.5000  -30.0000    0.000014061.6230   18.0001
   -7.5000  -22.5000    0.000015429.1221   17.9647
    0.0000  -22.5000    0.000015985.4902   17.9899
    7.5000  -22.5000    0.000014929.2783   18.0026
   -7.5000  -15.0000    0.000015979.4707   17.9557
    0.0000  -15.0000    0.000016597.5039   17.9908
    7.5000  -15.0000    0.000015643.5264   18.0117
   -7.5000   -7.5000    0.000016543.8867   17.9551
    0.0000   -7.5000    0.000017212.0645   17.9920
    7.5000   -7.5000    0.000016266.0146   18.0166
   -7.5000    0.0000    0.000016988.3828   17.9623
    0.0000    0.0000    0.000017711.0566   17.9925
    7.5000    0.0000    0.000016723.9141   18.0144
   -7.5000    7.5000    0.000016117.1611   17.9719
    0.0000    7.5000    0.000016794.9668   17.9926
    7.5000    7.5000    0.000015869.8936   18.0071
   -7.5000   15.0000    0.000015164.7598   17.9735
    0.0000   15.0000    0.000015774.8154   17.9912
    7.5000   15.0000    0.000014867.7568   18.0001
   -7.5000   22.5000    0.000014079.4453   17.9565
    0.0000   22.5000    0.000014617.3545   17.9816
    7.5000   22.5000    0.000013794.4697   17.9943
   -7.5000   30.0000    0.000012882.7129   17.7234
    0.0000   30.0000    0.000013367.2949   17.7579
    7.5000   30.0000    0.000012612.2725   17.7786
   -7.5000   37.5000    0.000012085.0469   17.7227
    0.0000   37.5000    0.000012525.6924   17.7592
    7.5000   37.5000    0.000011842.3223   17.7834
   -7.5000   45.0000    0.000010754.8643   17.3174
    0.0000   45.0000    0.000011122.9746   17.3467
    7.5000   45.0000    0.000010524.6865   17.3678
   -7.5000  -45.0000    7.500012359.7344   17.9888
    0.0000  -45.0000    7.500012737.3057   18.0319
    7.5000  -45.0000    7.500012062.2910   18.0553
   -7.5000  -37.5000    7.500012916.5205   17.9846
    0.0000  -37.5000    7.500013268.2100   18.0180
    7.5000  -37.5000    7.500012595.9717   18.0343
   -7.5000  -30.0000    7.500013955.9463   17.9866
    0.0000  -30.0000    7.500014388.6045   18.0161
    7.5000  -30.0000    7.500013567.1191   18.0278
   -7.5000  -22.5000    7.500014848.4668   17.9919
    0.0000  -22.5000    7.500015377.9766   18.0285
    7.5000  -22.5000    7.500014460.8789   18.0449
   -7.5000  -15.0000    7.500015547.8740   17.9950
    0.0000  -15.0000    7.500016152.4736   18.0410
    7.5000  -15.0000    7.500015204.1895   18.0650
   -7.5000   -7.5000    7.500016161.1406   17.9930
    0.0000   -7.5000    7.500016760.9941   18.0414
    7.5000   -7.5000    7.500015750.3086   18.0678
   -7.5000    0.0000    7.500016552.1758   17.9877
    0.0000    0.0000    7.500017145.8809   18.0307
    7.5000    0.0000    7.500016144.6279   18.0541
   -7.5000    7.5000    7.500015674.6475   17.9846
    0.0000    7.5000    7.500016207.5088   18.0180
    7.5000    7.5000    7.500015282.2051   18.0343
   -7.5000   15.0000    7.500014703.1816   17.9866
    0.0000   15.0000    7.500015204.8945   18.0161
    7.5000   15.0000    7.500014285.8770   18.0278
   -7.5000   22.5000    7.500013634.4756   17.9836
    0.0000   22.5000    7.500014108.7461   18.0202
    7.5000   22.5000    7.500013263.2842   18.0366
   -7.5000   30.0000    7.500012458.8848   17.7621
    0.0000   30.0000    7.500012870.3779   17.8075
    7.5000   30.0000    7.500012095.3535   17.8312
   -7.5000   37.5000    7.500011634.0996   17.7601
    0.0000   37.5000    7.500012026.2734   17.8079
    7.5000   37.5000    7.500011334.9541   17.8340
   -7.5000   45.0000    7.500010344.3223   17.3419
    0.0000   45.0000    7.500010656.1826   17.3835
    7.5000   45.0000    7.500010060.3184   17.4060
   -7.5000  -45.0000   15.000011763.9697   18.0319
    0.0000  -45.0000   15.000012108.5332   18.0852
    7.5000  -45.0000   15.000011523.6768   18.1066
   -7.5000  -37.5000   15.000012292.6113   18.0147
    0.0000  -37.5000   15.000012639.6553   18.0584
    7.5000  -37.5000   15.000012029.9316   18.0729
   -7.5000  -30.0000   15.000013205.3506   18.0139
    0.0000  -30.0000   15.000013616.2246   18.0522
    7.5000  -30.0000   15.000012932.9668   18.0630
   -7.5000  -22.5000   15.000014097.4492   18.0305
    0.0000  -22.5000   15.000014535.5098   18.0735
    7.5000  -22.5000   15.000013777.0566   18.0890
   -7.5000  -15.0000   15.000014968.5049   18.0465
    0.0000  -15.0000   15.000015440.1650   18.0971
    7.5000  -15.0000   15.000014515.4238   18.1190
   -7.5000   -7.5000   15.000015683.3252   18.0462
    0.0000   -7.5000   15.000016155.9531   18.1015
    7.5000   -7.5000   15.000015081.4951   18.1255
   -7.5000    0.0000   15.000016053.0488   18.0308
    0.0000    0.0000   15.000016508.1289   18.0840
    7.5000    0.0000   15.000015442.2139   18.1053
   -7.5000    7.5000   15.000015121.7090   18.0147
    0.0000    7.5000   15.000015530.6113   18.0584
    7.5000    7.5000   15.000014592.2441   18.0729
   -7.5000   15.0000   15.000014096.7373   18.0139
    0.0000   15.0000   15.000014478.8018   18.0522
    7.5000   15.0000   15.000013620.5273   18.0630
   -7.5000   22.5000   15.000013038.0957   18.0222
    0.0000   22.5000   15.000013386.8086   18.0652
    7.5000   22.5000   15.000012634.3838   18.0807
   -7.5000   30.0000   15.000011847.5723   17.8129
    0.0000   30.0000   15.000012169.0947   17.8629
    7.5000   30.0000   15.000011514.3330   17.8845
   -7.5000   37.5000   15.000011045.2588   17.8126
    0.0000   37.5000   15.000011383.0918   17.8672
    7.5000   37.5000   15.000010756.2207   17.8909
   -7.5000   45.0000   15.0000 9799.5303   17.3836
    0.0000   45.0000   15.000010093.1211   17.4350
    7.5000   45.0000   15.0000 9541.7461   17.4556
   -7.5000  -45.0000   22.500011067.3213   18.0910
    0.0000  -45.0000   22.500011434.8633   18.1425
    7.5000  -45.0000   22.500010851.5957   18.1606
   -7.5000  -37.5000   22.500011593.1982   18.0744
    0.0000  -37.5000   22.500011961.4395   18.1169
    7.5000  -37.5000   22.500011340.8555   18.1280
   -7.5000  -30.0000   22.500012451.5947   18.0713
    0.0000  -30.0000   22.500012875.8418   18.1074
    7.5000  -30.0000   22.500012190.5283   18.1144
   -7.5000  -22.5000   22.500013230.2979   18.0847
    0.0000  -22.5000   22.500013683.6299   18.1233
    7.5000  -22.5000   22.500012961.5439   18.1332
   -7.5000  -15.0000   22.500013971.2617   18.1000
    0.0000  -15.0000   22.500014454.8389   18.1449
    7.5000  -15.0000   22.500013646.2539   18.1606
   -7.5000   -7.5000   22.500014597.2822   18.1020
    0.0000   -7.5000   22.500015116.7080   18.1535
    7.5000   -7.5000   22.500014219.7646   18.1730
   -7.5000    0.0000   22.500015036.5830   18.0899
    0.0000    0.0000   22.500015575.5908   18.1413
    7.5000    0.0000   22.500014617.3945   18.1593
   -7.5000    7.5000   22.500014236.8438   18.0744
    0.0000    7.5000   22.500014753.4521   18.1169
    7.5000    7.5000   22.500013838.5068   18.1280
   -7.5000   15.0000   22.500013303.1074   18.0713
    0.0000   15.0000   22.500013740.2539   18.1074
    7.5000   15.0000   22.500012897.5605   18.1144
   -7.5000   22.5000   22.500012284.9697   18.0764
    0.0000   22.5000   22.500012659.0420   18.1149
    7.5000   22.5000   22.500011887.4922   18.1249
   -7.5000   30.0000   22.500011147.5918   17.8658
    0.0000   30.0000   22.500011444.0049   17.9101
    7.5000   30.0000   22.500010797.2422   17.9256
   -7.5000   37.5000   22.500010367.8242   17.8677
    0.0000   37.5000   22.500010646.7627   17.9185
    7.5000   37.5000   22.500010073.5742   17.9379
   -7.5000   45.0000   22.5000 9163.0693   17.4407
    0.0000   45.0000   22.5000 9429.7383   17.4904
    7.5000   45.0000   22.5000 8950.4717   17.5078
   -7.5000  -45.0000   30.000010260.1191   18.1485
    0.0000  -45.0000   30.000010601.3389   18.1888
    7.5000  -45.0000   30.000010067.1943   18.2050
   -7.5000  -37.5000   30.000010737.4932   18.1440
    0.0000  -37.5000   30.000011092.2949   18.1749
    7.5000  -37.5000   30.000010530.5078   18.1836
   -7.5000  -30.0000   30.000011513.4424   18.1404
    0.0000  -30.0000   30.000011907.3877   18.1653
    7.5000  -30.0000   30.000011328.5029   18.1687
   -7.5000  -22.5000   30.000012204.6934   18.1402
    0.0000  -22.5000   30.000012625.7070   18.1675
    7.5000  -22.5000   30.000012025.7432   18.1733
   -7.5000  -15.0000   30.000012889.3545   18.1438
    0.0000  -15.0000   30.000013313.3770   18.1780
    7.5000  -15.0000   30.000012642.5703   18.1907
   -7.5000   -7.5000   30.000013469.2998   18.1473
    0.0000   -7.5000   30.000013905.5947   18.1885
    7.5000   -7.5000   30.000013162.8184   18.2061
   -7.5000    0.0000   30.000013880.3584   18.1474
    0.0000    0.0000   30.000014333.7598   18.1875
    7.5000    0.0000   30.000013569.7217   18.2037
   -7.5000    7.5000   30.000013164.9395   18.1440
    0.0000    7.5000   30.000013610.2520   18.1749
    7.5000    7.5000   30.000012888.4844   18.1836
   -7.5000   15.0000   30.000012319.8701   18.1404
    0.0000   15.0000   30.000012702.4795   18.1653
    7.5000   15.0000   30.000012019.0957   18.1687
   -7.5000   22.5000   30.000011371.5264   18.1318
    0.0000   22.5000   30.000011726.9834   18.1591
    7.5000   22.5000   30.000011088.2295   18.1649
   -7.5000   30.0000   30.000010303.5928   17.9089
    0.0000   30.0000   30.000010629.1162   17.9428
    7.5000   30.0000   30.000010039.1611   17.9553
   -7.5000   37.5000   30.0000 9582.4385   17.9125
    0.0000   37.5000   30.0000 9882.7607   17.9531
    7.5000   37.5000   30.0000 9340.5498   17.9705
   -7.5000   45.0000   30.0000 8463.6133   17.4954
    0.0000   45.0000   30.0000 8730.2090   17.5342
    7.5000   45.0000   30.0000 8281.8906   17.5497
   -7.5000  -45.0000   37.5000 9773.7363   18.3311
    0.0000  -45.0000   37.500010107.5986   18.3622
    7.5000  -45.0000   37.5000 9625.6143   18.3820
   -7.5000  -37.5000   37.500010234.7471   18.3382
    0.0000  -37.5000   37.500010566.9043   18.3596
    7.5000  -37.5000   37.500010051.1309   18.3718
   -7.5000  -30.0000   37.500011007.5742   18.3370
    0.0000  -30.0000   37.500011363.4629   18.3542
    7.5000  -30.0000   37.500010817.1045   18.3605
   -7.5000  -22.5000   37.500011675.7275   18.3262
    0.0000  -22.5000   37.500012066.8252   18.3488
    7.5000  -22.5000   37.500011491.6611   18.3582
   -7.5000  -15.0000   37.500012274.8867   18.3185
    0.0000  -15.0000   37.500012681.5254   18.3499
    7.5000  -15.0000   37.500012071.9873   18.3672
   -7.5000   -7.5000   37.500012818.0508   18.3209
    0.0000   -7.5000   37.500013228.0254   18.3565
    7.5000   -7.5000   37.500012559.8623   18.3784
   -7.5000    0.0000   37.500013258.9287   18.3300
    0.0000    0.0000   37.500013671.0557   18.3609
    7.5000    0.0000   37.500012958.7119   18.3807
   -7.5000    7.5000   37.500012594.9316   18.3382
    0.0000    7.5000   37.500012997.5986   18.3596
    7.5000    7.5000   37.500012313.5498   18.3718
   -7.5000   15.0000   37.500011769.4082   18.3370
    0.0000   15.0000   37.500012132.1152   18.3542
    7.5000   15.0000   37.500011495.3555   18.3605
   -7.5000   22.5000   37.500010854.5400   18.3178
    0.0000   22.5000   37.500011208.1768   18.3404
    7.5000   22.5000   37.500010628.6943   18.3497
   -7.5000   30.0000   37.5000 9840.9473   18.0814
    0.0000   30.0000   37.500010163.7578   18.1125
    7.5000   30.0000   37.5000 9634.2002   18.1295
   -7.5000   37.5000   37.5000 9133.8477   18.0838
    0.0000   37.5000   37.5000 9440.5400   18.1189
    7.5000   37.5000   37.5000 8965.0273   18.1406
   -7.5000   45.0000   37.5000 8070.2207   17.6706
    0.0000   45.0000   37.5000 8353.3721   17.7005
    7.5000   45.0000   37.5000 7943.0708   17.7196
   -7.5000  -45.0000   45.0000 8905.4043   18.6204
    0.0000  -45.0000   45.0000 9231.6611   18.6542
    7.5000  -45.0000   45.0000 8786.6875   18.6804
   -7.5000  -37.5000   45.0000 9306.8779   18.6297
    0.0000  -37.5000   45.0000 9619.4365   18.6532
    7.5000  -37.5000   45.0000 9169.8838   18.6710
   -7.5000  -30.0000   45.0000 9997.8574   18.6312
    0.0000  -30.0000   45.000010324.5801   18.6516
    7.5000  -30.0000   45.0000 9850.8740   18.6630
   -7.5000  -22.5000   45.000010609.0137   18.6216
    0.0000  -22.5000   45.000010971.2578   18.6500
    7.5000  -22.5000   45.000010459.7207   18.6654
   -7.5000  -15.0000   45.000011170.6436   18.6118
    0.0000  -15.0000   45.000011545.2158   18.6506
    7.5000  -15.0000   45.000010990.9521   18.6753
   -7.5000   -7.5000   45.000011668.6719   18.6112
    0.0000   -7.5000   45.000012054.9805   18.6520
    7.5000   -7.5000   45.000011471.7363   18.6810
   -7.5000    0.0000   45.000012092.9805   18.6192
    0.0000    0.0000   45.000012498.4648   18.6529
    7.5000    0.0000   45.000011859.2764   18.6790
   -7.5000    7.5000   45.000011516.7480   18.6297
    0.0000    7.5000   45.000011906.6992   18.6532
    7.5000    7.5000   45.000011294.3418   18.6710
   -7.5000   15.0000   45.000010760.8076   18.6312
    0.0000   15.0000   45.000011127.0850   18.6516
    7.5000   15.0000   45.000010539.8486   18.6630
   -7.5000   22.5000   45.0000 9935.1475   18.6129
    0.0000   22.5000   45.000010264.5869   18.6413
    7.5000   22.5000   45.0000 9715.4854   18.6568
   -7.5000   30.0000   45.0000 9033.1650   18.3694
    0.0000   30.0000   45.0000 9318.8633   18.4077
    7.5000   30.0000   45.0000 8809.2920   18.4320
   -7.5000   37.5000   45.0000 8395.3799   18.3688
    0.0000   37.5000   45.0000 8668.5791   18.4090
    7.5000   37.5000   45.0000 8206.9463   18.4376
   -7.5000   45.0000   45.0000 7410.9111   17.9570
    0.0000   45.0000   45.0000 7667.4507   17.9895
    7.5000   45.0000   45.0000 7289.6602   18.0147

---------------------------------------------------------------------
imgreg_4dfp /opt/freesurfer/average/711-2C_as_mni_average_305 /opt/freesurfer/average/711-2B_as_mni_average_305_mask talsrcimg_g11 none talsrcimg_to_711-2C_as_mni_average_305_t4 4355
---------------------------------------------------------------------

freesurfer imgreg_4dfp.c
/opt/freesurfer/average/711-2C_as_mni_average_305.4dfp.img
       256       256       256         1
  1.000000  1.000000  1.000000
orientation T byte_order littleendian
Reading image: /opt/freesurfer/average/711-2C_as_mni_average_305.4dfp.img
dimensions:      256       256       256
mmppix:       1.0000   -1.0000   -1.0000
center:     128.0000 -129.0000 -129.0000
/opt/freesurfer/average/711-2B_as_mni_average_305_mask.4dfp.img
       256       256       256         1
  1.000000  1.000000  1.000000
orientation T byte_order littleendian
Reading mask: /opt/freesurfer/average/711-2B_as_mni_average_305_mask.4dfp.img (2306576 pixels)
talsrcimg_g11.4dfp.img
       256       256       256         1
  1.000000  1.000000  1.000000
orientation T byte_order littleendian
Reading image: talsrcimg_g11.4dfp.img
dimensions:      256       256       256
mmppix:       1.0000   -1.0000   -1.0000
center:     128.0000 -129.0000 -129.0000
rotation matrix determinant  1.000000
image alignment mode   4355 decimal     1103 hex
   -7.5000  -45.0000  -45.0000 2179.9077   15.9758
    0.0000  -45.0000  -45.0000 2173.5366   16.0675
    7.5000  -45.0000  -45.0000 2155.9875   16.2884
   -7.5000  -37.5000  -45.0000 2251.7629   14.8413
    0.0000  -37.5000  -45.0000 2248.2268   14.8962
    7.5000  -37.5000  -45.0000 2228.4819   15.1018
   -7.5000  -30.0000  -45.0000 2298.1860   14.0631
    0.0000  -30.0000  -45.0000 2295.6152   14.0884
    7.5000  -30.0000  -45.0000 2272.1206   14.3257
   -7.5000  -22.5000  -45.0000 2326.9468   13.5611
    0.0000  -22.5000  -45.0000 2322.7358   13.5788
    7.5000  -22.5000  -45.0000 2298.9907   13.8068
   -7.5000  -15.0000  -45.0000 2340.9189   13.3911
    0.0000  -15.0000  -45.0000 2333.4429   13.3862
    7.5000  -15.0000  -45.0000 2312.4275   13.6618
   -7.5000   -7.5000  -45.0000 2335.3972   13.4794
    0.0000   -7.5000  -45.0000 2326.1111   13.4831
    7.5000   -7.5000  -45.0000 2297.7227   13.7636
   -7.5000    0.0000  -45.0000 2303.9441   13.9032
    0.0000    0.0000  -45.0000 2294.4512   13.9186
    7.5000    0.0000  -45.0000 2262.1462   14.2234
   -7.5000    7.5000  -45.0000 2248.4592   14.6276
    0.0000    7.5000  -45.0000 2242.0793   14.6606
    7.5000    7.5000  -45.0000 2209.3630   14.9995
   -7.5000   15.0000  -45.0000 2168.9688   15.7128
    0.0000   15.0000  -45.0000 2164.0127   15.7322
    7.5000   15.0000  -45.0000 2131.4001   16.1265
   -7.5000   22.5000  -45.0000 2079.1196   17.2442
    0.0000   22.5000  -45.0000 2068.1797   17.2373
    7.5000   22.5000  -45.0000 2033.9240   17.6347
   -7.5000   30.0000  -45.0000 1964.1921   19.2917
    0.0000   30.0000  -45.0000 1944.5076   19.2494
    7.5000   30.0000  -45.0000 1916.0072   19.6900
   -7.5000   37.5000  -45.0000 1836.5050   22.0735
    0.0000   37.5000  -45.0000 1827.9966   22.0540
    7.5000   37.5000  -45.0000 1802.8374   22.5430
   -7.5000   45.0000  -45.0000 1698.0479   25.9541
    0.0000   45.0000  -45.0000 1687.3257   25.9476
    7.5000   45.0000  -45.0000 1671.4438   26.5203
   -7.5000  -45.0000  -37.5000 2261.1602   14.8149
    0.0000  -45.0000  -37.5000 2260.4104   14.8715
    7.5000  -45.0000  -37.5000 2239.6145   15.0961
   -7.5000  -37.5000  -37.5000 2341.8660   13.7537
    0.0000  -37.5000  -37.5000 2340.0835   13.7890
    7.5000  -37.5000  -37.5000 2317.8557   13.9908
   -7.5000  -30.0000  -37.5000 2396.1367   13.0232
    0.0000  -30.0000  -37.5000 2390.1079   13.0602
    7.5000  -30.0000  -37.5000 2366.2708   13.2808
   -7.5000  -22.5000  -37.5000 2438.0913   12.5811
    0.0000  -22.5000  -37.5000 2430.3269   12.6041
    7.5000  -22.5000  -37.5000 2401.7571   12.8263
   -7.5000  -15.0000  -37.5000 2449.2976   12.4282
    0.0000  -15.0000  -37.5000 2440.7773   12.4647
    7.5000  -15.0000  -37.5000 2414.0088   12.7048
   -7.5000   -7.5000  -37.5000 2440.2075   12.5216
    0.0000   -7.5000  -37.5000 2429.6506   12.5469
    7.5000   -7.5000  -37.5000 2398.8235   12.8273
   -7.5000    0.0000  -37.5000 2407.6760   12.8970
    0.0000    0.0000  -37.5000 2397.3127   12.9191
    7.5000    0.0000  -37.5000 2363.3425   13.2182
   -7.5000    7.5000  -37.5000 2352.4111   13.5803
    0.0000    7.5000  -37.5000 2339.9951   13.6079
    7.5000    7.5000  -37.5000 2304.6292   13.9222
   -7.5000   15.0000  -37.5000 2260.2637   14.6104
    0.0000   15.0000  -37.5000 2251.8218   14.6361
    7.5000   15.0000  -37.5000 2215.3191   14.9611
   -7.5000   22.5000  -37.5000 2157.4644   16.0137
    0.0000   22.5000  -37.5000 2150.9812   16.0340
    7.5000   22.5000  -37.5000 2116.1399   16.3692
   -7.5000   30.0000  -37.5000 2036.4836   17.8762
    0.0000   30.0000  -37.5000 2025.8467   17.9156
    7.5000   30.0000  -37.5000 1994.9117   18.2490
   -7.5000   37.5000  -37.5000 1908.9041   20.3863
    0.0000   37.5000  -37.5000 1899.1093   20.4156
    7.5000   37.5000  -37.5000 1869.3706   20.7999
   -7.5000   45.0000  -37.5000 1762.5808   23.8619
    0.0000   45.0000  -37.5000 1755.3157   23.9051
    7.5000   45.0000  -37.5000 1733.6987   24.3227
   -7.5000  -45.0000  -30.0000 2381.7566   14.3275
    0.0000  -45.0000  -30.0000 2378.4717   14.3493
    7.5000  -45.0000  -30.0000 2354.8237   14.5752
   -7.5000  -37.5000  -30.0000 2472.6584   13.2726
    0.0000  -37.5000  -30.0000 2466.7004   13.2780
    7.5000  -37.5000  -30.0000 2440.8298   13.4766
   -7.5000  -30.0000  -30.0000 2541.4836   12.5580
    0.0000  -30.0000  -30.0000 2529.9358   12.5636
    7.5000  -30.0000  -30.0000 2501.8069   12.7570
   -7.5000  -22.5000  -30.0000 2587.9456   12.1405
    0.0000  -22.5000  -30.0000 2578.8586   12.1434
    7.5000  -22.5000  -30.0000 2548.8171   12.3599
   -7.5000  -15.0000  -30.0000 2607.0466   11.9899
    0.0000  -15.0000  -30.0000 2594.1367   12.0178
    7.5000  -15.0000  -30.0000 2561.5930   12.2628
   -7.5000   -7.5000  -30.0000 2595.5449   12.0906
    0.0000   -7.5000  -30.0000 2581.6963   12.1380
    7.5000   -7.5000  -30.0000 2544.8926   12.4120
   -7.5000    0.0000  -30.0000 2556.0566   12.4598
    0.0000    0.0000  -30.0000 2541.6157   12.4967
    7.5000    0.0000  -30.0000 2503.7678   12.7694
   -7.5000    7.5000  -30.0000 2491.7949   13.1240
    0.0000    7.5000  -30.0000 2478.7334   13.1649
    7.5000    7.5000  -30.0000 2435.1650   13.4508
   -7.5000   15.0000  -30.0000 2392.3591   14.1104
    0.0000   15.0000  -30.0000 2381.1697   14.1494
    7.5000   15.0000  -30.0000 2342.4524   14.4500
   -7.5000   22.5000  -30.0000 2278.3115   15.4769
    0.0000   22.5000  -30.0000 2270.4297   15.5014
    7.5000   22.5000  -30.0000 2232.7175   15.8164
   -7.5000   30.0000  -30.0000 2140.4404   17.2869
    0.0000   30.0000  -30.0000 2137.9258   17.3197
    7.5000   30.0000  -30.0000 2105.2092   17.6841
   -7.5000   37.5000  -30.0000 2006.4695   19.6728
    0.0000   37.5000  -30.0000 1992.0295   19.6887
    7.5000   37.5000  -30.0000 1964.5883   20.1341
   -7.5000   45.0000  -30.0000 1853.8658   22.9411
    0.0000   45.0000  -30.0000 1842.6501   22.9507
    7.5000   45.0000  -30.0000 1820.3428   23.4225
   -7.5000  -45.0000  -22.5000 2467.5942   13.7053
    0.0000  -45.0000  -22.5000 2463.5845   13.7333
    7.5000  -45.0000  -22.5000 2437.7502   13.9205
   -7.5000  -37.5000  -22.5000 2572.3843   12.6867
    0.0000  -37.5000  -22.5000 2564.8972   12.6955
    7.5000  -37.5000  -22.5000 2535.5547   12.8830
   -7.5000  -30.0000  -22.5000 2651.6367   11.9959
    0.0000  -30.0000  -22.5000 2639.9348   11.9980
    7.5000  -30.0000  -22.5000 2613.6030   12.1807
   -7.5000  -22.5000  -22.5000 2711.2915   11.6111
    0.0000  -22.5000  -22.5000 2699.0186   11.5895
    7.5000  -22.5000  -22.5000 2663.2117   11.7812
   -7.5000  -15.0000  -22.5000 2735.9866   11.4601
    0.0000  -15.0000  -22.5000 2722.8276   11.4811
    7.5000  -15.0000  -22.5000 2681.0249   11.6985
   -7.5000   -7.5000  -22.5000 2724.0308   11.5933
    0.0000   -7.5000  -22.5000 2711.5076   11.6375
    7.5000   -7.5000  -22.5000 2667.1489   11.8864
   -7.5000    0.0000  -22.5000 2677.5801   11.9667
    0.0000    0.0000  -22.5000 2665.6289   12.0123
    7.5000    0.0000  -22.5000 2621.8313   12.2568
   -7.5000    7.5000  -22.5000 2603.0693   12.5900
    0.0000    7.5000  -22.5000 2591.6602   12.6430
    7.5000    7.5000  -22.5000 2544.6497   12.9237
   -7.5000   15.0000  -22.5000 2495.7139   13.5589
    0.0000   15.0000  -22.5000 2481.6938   13.5909
    7.5000   15.0000  -22.5000 2441.6001   13.8726
   -7.5000   22.5000  -22.5000 2370.2954   14.8683
    0.0000   22.5000  -22.5000 2360.5957   14.9034
    7.5000   22.5000  -22.5000 2323.2317   15.2097
   -7.5000   30.0000  -22.5000 2224.7471   16.5880
    0.0000   30.0000  -22.5000 2221.7456   16.6172
    7.5000   30.0000  -22.5000 2186.9836   16.9430
   -7.5000   37.5000  -22.5000 2077.3960   18.8430
    0.0000   37.5000  -22.5000 2065.6179   18.8881
    7.5000   37.5000  -22.5000 2038.2946   19.2883
   -7.5000   45.0000  -22.5000 1910.4584   21.9335
    0.0000   45.0000  -22.5000 1902.8728   21.9439
    7.5000   45.0000  -22.5000 1880.3209   22.4111
   -7.5000  -45.0000  -15.0000 2523.4495   13.1240
    0.0000  -45.0000  -15.0000 2521.6931   13.1437
    7.5000  -45.0000  -15.0000 2496.3738   13.3350
   -7.5000  -37.5000  -15.0000 2641.3816   12.1280
    0.0000  -37.5000  -15.0000 2635.5579   12.1437
    7.5000  -37.5000  -15.0000 2606.8733   12.3341
   -7.5000  -30.0000  -15.0000 2734.2571   11.4778
    0.0000  -30.0000  -15.0000 2723.3525   11.4835
    7.5000  -30.0000  -15.0000 2690.5798   11.6536
   -7.5000  -22.5000  -15.0000 2806.0925   11.0944
    0.0000  -22.5000  -15.0000 2793.5840   11.0710
    7.5000  -22.5000  -15.0000 2745.7090   11.2414
   -7.5000  -15.0000  -15.0000 2836.8955   10.9296
    0.0000  -15.0000  -15.0000 2822.7715   10.9278
    7.5000  -15.0000  -15.0000 2767.2820   11.1745
   -7.5000   -7.5000  -15.0000 2818.5559   11.0939
    0.0000   -7.5000  -15.0000 2805.9043   11.0989
    7.5000   -7.5000  -15.0000 2758.0088   11.3697
   -7.5000    0.0000  -15.0000 2764.0957   11.4557
    0.0000    0.0000  -15.0000 2754.1729   11.4841
    7.5000    0.0000  -15.0000 2703.1018   11.7493
   -7.5000    7.5000  -15.0000 2682.1587   12.0688
    0.0000    7.5000  -15.0000 2667.4346   12.1126
    7.5000    7.5000  -15.0000 2618.1138   12.3893
   -7.5000   15.0000  -15.0000 2564.6045   13.0040
    0.0000   15.0000  -15.0000 2551.0291   13.0555
    7.5000   15.0000  -15.0000 2508.5254   13.3152
   -7.5000   22.5000  -15.0000 2427.8318   14.2854
    0.0000   22.5000  -15.0000 2420.2727   14.3243
    7.5000   22.5000  -15.0000 2379.7385   14.5988
   -7.5000   30.0000  -15.0000 2280.0728   15.9256
    0.0000   30.0000  -15.0000 2275.0459   15.9613
    7.5000   30.0000  -15.0000 2234.3145   16.2780
   -7.5000   37.5000  -15.0000 2121.2832   18.0872
    0.0000   37.5000  -15.0000 2113.0708   18.1317
    7.5000   37.5000  -15.0000 2084.0142   18.5059
   -7.5000   45.0000  -15.0000 1944.4619   20.9476
    0.0000   45.0000  -15.0000 1940.2844   21.0091
    7.5000   45.0000  -15.0000 1915.5278   21.4149
   -7.5000  -45.0000   -7.5000 2564.4097   12.6035
    0.0000  -45.0000   -7.5000 2557.7095   12.6078
    7.5000  -45.0000   -7.5000 2528.4956   12.8330
   -7.5000  -37.5000   -7.5000 2696.9385   11.6665
    0.0000  -37.5000   -7.5000 2686.9373   11.6653
    7.5000  -37.5000   -7.5000 2651.3870   11.8533
   -7.5000  -30.0000   -7.5000 2806.4941   11.0474
    0.0000  -30.0000   -7.5000 2793.4568   11.0329
    7.5000  -30.0000   -7.5000 2747.2456   11.2151
   -7.5000  -22.5000   -7.5000 2889.9004   10.6801
    0.0000  -22.5000   -7.5000 2871.9827   10.6704
    7.5000  -22.5000   -7.5000 2813.3914   10.8512
   -7.5000  -15.0000   -7.5000 2924.2100   10.4800
    0.0000  -15.0000   -7.5000 2910.5332   10.4676
    7.5000  -15.0000   -7.5000 2840.3469   10.7520
   -7.5000   -7.5000   -7.5000 2894.6902   10.6263
    0.0000   -7.5000   -7.5000 2882.3147   10.6250
    7.5000   -7.5000   -7.5000 2820.4172   10.9286
   -7.5000    0.0000   -7.5000 2830.3904   10.9764
    0.0000    0.0000   -7.5000 2817.4407   11.0043
    7.5000    0.0000   -7.5000 2757.1331   11.3126
   -7.5000    7.5000   -7.5000 2728.6094   11.6098
    0.0000    7.5000   -7.5000 2718.0447   11.6461
    7.5000    7.5000   -7.5000 2666.8804   11.9411
   -7.5000   15.0000   -7.5000 2595.3989   12.5204
    0.0000   15.0000   -7.5000 2588.2256   12.5589
    7.5000   15.0000   -7.5000 2546.1357   12.8543
   -7.5000   22.5000   -7.5000 2458.3086   13.7358
    0.0000   22.5000   -7.5000 2451.4883   13.7907
    7.5000   22.5000   -7.5000 2408.8225   14.1015
   -7.5000   30.0000   -7.5000 2308.6880   15.3219
    0.0000   30.0000   -7.5000 2298.0681   15.4013
    7.5000   30.0000   -7.5000 2260.5200   15.7302
   -7.5000   37.5000   -7.5000 2148.1746   17.3848
    0.0000   37.5000   -7.5000 2137.7168   17.4453
    7.5000   37.5000   -7.5000 2107.4734   17.8784
   -7.5000   45.0000   -7.5000 1969.9246   20.1332
    0.0000   45.0000   -7.5000 1963.0022   20.1597
    7.5000   45.0000   -7.5000 1933.3752   20.6486
   -7.5000  -45.0000    0.0000 2578.0286   12.3162
    0.0000  -45.0000    0.0000 2572.1111   12.3133
    7.5000  -45.0000    0.0000 2537.7363   12.5478
   -7.5000  -37.5000    0.0000 2719.3423   11.3918
    0.0000  -37.5000    0.0000 2711.7949   11.3524
    7.5000  -37.5000    0.0000 2668.9575   11.5875
   -7.5000  -30.0000    0.0000 2847.4343   10.7906
    0.0000  -30.0000    0.0000 2836.8572   10.7431
    7.5000  -30.0000    0.0000 2781.3096   10.9776
   -7.5000  -22.5000    0.0000 2946.0496   10.4310
    0.0000  -22.5000    0.0000 2931.3652   10.4132
    7.5000  -22.5000    0.0000 2862.1609   10.6363
   -7.5000  -15.0000    0.0000 2978.5837   10.1897
    0.0000  -15.0000    0.0000 2962.5081   10.2298
    7.5000  -15.0000    0.0000 2888.7952   10.5248
   -7.5000   -7.5000    0.0000 2942.0623   10.3194
    0.0000   -7.5000    0.0000 2928.3904   10.3508
    7.5000   -7.5000    0.0000 2861.8135   10.6941
   -7.5000    0.0000    0.0000 2855.8513   10.7022
    0.0000    0.0000    0.0000 2845.9563   10.7424
    7.5000    0.0000    0.0000 2785.4783   11.0807
   -7.5000    7.5000    0.0000 2742.8259   11.3269
    0.0000    7.5000    0.0000 2736.8596   11.3629
    7.5000    7.5000    0.0000 2687.2810   11.6814
   -7.5000   15.0000    0.0000 2608.7373   12.2438
    0.0000   15.0000    0.0000 2606.1758   12.2702
    7.5000   15.0000    0.0000 2559.1328   12.5552
   -7.5000   22.5000    0.0000 2463.1062   13.4547
    0.0000   22.5000    0.0000 2459.0796   13.5044
    7.5000   22.5000    0.0000 2418.6138   13.8100
   -7.5000   30.0000    0.0000 2309.0190   15.0407
    0.0000   30.0000    0.0000 2303.4023   15.1019
    7.5000   30.0000    0.0000 2269.1497   15.4454
   -7.5000   37.5000    0.0000 2148.2805   17.0647
    0.0000   37.5000    0.0000 2140.8789   17.1198
    7.5000   37.5000    0.0000 2112.9604   17.5286
   -7.5000   45.0000    0.0000 1974.1844   19.7892
    0.0000   45.0000    0.0000 1970.9071   19.7848
    7.5000   45.0000    0.0000 1940.3442   20.2904
   -7.5000  -45.0000    7.5000 2578.3059   12.3275
    0.0000  -45.0000    7.5000 2568.4390   12.2644
    7.5000  -45.0000    7.5000 2535.5679   12.5629
   -7.5000  -37.5000    7.5000 2725.0444   11.3556
    0.0000  -37.5000    7.5000 2710.1843   11.3026
    7.5000  -37.5000    7.5000 2669.6799   11.6110
   -7.5000  -30.0000    7.5000 2852.4270   10.7531
    0.0000  -30.0000    7.5000 2840.9116   10.7076
    7.5000  -30.0000    7.5000 2790.7803   11.0046
   -7.5000  -22.5000    7.5000 2949.4236   10.3953
    0.0000  -22.5000    7.5000 2943.5891   10.3690
    7.5000  -22.5000    7.5000 2874.2100   10.6517
   -7.5000  -15.0000    7.5000 2982.4963   10.2691
    0.0000  -15.0000    7.5000 2976.2371   10.2823
    7.5000  -15.0000    7.5000 2901.8967   10.5640
   -7.5000   -7.5000    7.5000 2951.1392   10.4007
    0.0000   -7.5000    7.5000 2942.2173   10.3999
    7.5000   -7.5000    7.5000 2868.1060   10.6902
   -7.5000    0.0000    7.5000 2854.7483   10.7517
    0.0000    0.0000    7.5000 2843.8823   10.7367
    7.5000    0.0000    7.5000 2791.7241   11.0200
   -7.5000    7.5000    7.5000 2736.4429   11.3224
    0.0000    7.5000    7.5000 2729.9937   11.3115
    7.5000    7.5000    7.5000 2686.2798   11.6133
   -7.5000   15.0000    7.5000 2599.0312   12.2367
    0.0000   15.0000    7.5000 2596.6616   12.2283
    7.5000   15.0000    7.5000 2552.8943   12.5207
   -7.5000   22.5000    7.5000 2453.1423   13.4570
    0.0000   22.5000    7.5000 2447.4580   13.4574
    7.5000   22.5000    7.5000 2410.9802   13.7569
   -7.5000   30.0000    7.5000 2297.2126   15.0320
    0.0000   30.0000    7.5000 2290.3960   15.0560
    7.5000   30.0000    7.5000 2259.1514   15.3995
   -7.5000   37.5000    7.5000 2132.3687   17.0306
    0.0000   37.5000    7.5000 2127.8213   17.0292
    7.5000   37.5000    7.5000 2106.7451   17.4339
   -7.5000   45.0000    7.5000 1969.6205   19.6736
    0.0000   45.0000    7.5000 1965.1611   19.6624
    7.5000   45.0000    7.5000 1940.9137   20.1124
   -7.5000  -45.0000   15.0000 2565.8296   12.5326
    0.0000  -45.0000   15.0000 2554.2166   12.4468
    7.5000  -45.0000   15.0000 2524.4077   12.8137
   -7.5000  -37.5000   15.0000 2707.8330   11.5844
    0.0000  -37.5000   15.0000 2693.3704   11.5124
    7.5000  -37.5000   15.0000 2657.4287   11.8632
   -7.5000  -30.0000   15.0000 2822.5398   10.9727
    0.0000  -30.0000   15.0000 2810.9524   10.9313
    7.5000  -30.0000   15.0000 2766.6348   11.2223
   -7.5000  -22.5000   15.0000 2908.9797   10.6221
    0.0000  -22.5000   15.0000 2899.2036   10.6115
    7.5000  -22.5000   15.0000 2842.2925   10.8752
   -7.5000  -15.0000   15.0000 2939.1548   10.5632
    0.0000  -15.0000   15.0000 2933.1335   10.5708
    7.5000  -15.0000   15.0000 2872.2222   10.7779
   -7.5000   -7.5000   15.0000 2902.0303   10.7473
    0.0000   -7.5000   15.0000 2902.3633   10.7290
    7.5000   -7.5000   15.0000 2837.4272   10.8941
   -7.5000    0.0000   15.0000 2810.5381   11.0740
    0.0000    0.0000   15.0000 2805.5784   11.0273
    7.5000    0.0000   15.0000 2758.0857   11.1938
   -7.5000    7.5000   15.0000 2699.4907   11.5944
    0.0000    7.5000   15.0000 2692.1721   11.5491
    7.5000    7.5000   15.0000 2655.0164   11.7638
   -7.5000   15.0000   15.0000 2566.5061   12.4393
    0.0000   15.0000   15.0000 2561.9148   12.4018
    7.5000   15.0000   15.0000 2527.8237   12.6538
   -7.5000   22.5000   15.0000 2427.3372   13.6363
    0.0000   22.5000   15.0000 2418.5742   13.5953
    7.5000   22.5000   15.0000 2388.6721   13.8855
   -7.5000   30.0000   15.0000 2265.9136   15.1835
    0.0000   30.0000   15.0000 2257.3831   15.1819
    7.5000   30.0000   15.0000 2237.4663   15.5011
   -7.5000   37.5000   15.0000 2103.6536   17.1906
    0.0000   37.5000   15.0000 2098.5334   17.1905
    7.5000   37.5000   15.0000 2079.1636   17.5700
   -7.5000   45.0000   15.0000 1946.0906   19.7938
    0.0000   45.0000   15.0000 1942.7032   19.8253
    7.5000   45.0000   15.0000 1918.4651   20.2174
   -7.5000  -45.0000   22.5000 2541.3093   12.9774
    0.0000  -45.0000   22.5000 2531.3689   12.9257
    7.5000  -45.0000   22.5000 2501.2090   13.2719
   -7.5000  -37.5000   22.5000 2671.6233   12.0361
    0.0000  -37.5000   22.5000 2656.0381   11.9987
    7.5000  -37.5000   22.5000 2624.4871   12.3181
   -7.5000  -30.0000   22.5000 2771.8123   11.4122
    0.0000  -30.0000   22.5000 2757.2937   11.4024
    7.5000  -30.0000   22.5000 2718.3059   11.6790
   -7.5000  -22.5000   22.5000 2837.1533   11.0593
    0.0000  -22.5000   22.5000 2823.8145   11.0617
    7.5000  -22.5000   22.5000 2779.0913   11.2987
   -7.5000  -15.0000   22.5000 2862.0337   10.9801
    0.0000  -15.0000   22.5000 2849.3855   10.9812
    7.5000  -15.0000   22.5000 2805.3833   11.1787
   -7.5000   -7.5000   22.5000 2826.1780   11.1210
    0.0000   -7.5000   22.5000 2822.7412   11.1166
    7.5000   -7.5000   22.5000 2775.7112   11.2805
   -7.5000    0.0000   22.5000 2743.9341   11.4592
    0.0000    0.0000   22.5000 2741.4805   11.4463
    7.5000    0.0000   22.5000 2698.5945   11.5963
   -7.5000    7.5000   22.5000 2638.7290   12.0367
    0.0000    7.5000   22.5000 2639.2344   12.0068
    7.5000    7.5000   22.5000 2602.5510   12.1587
   -7.5000   15.0000   22.5000 2513.4229   12.8767
    0.0000   15.0000   22.5000 2512.8657   12.8525
    7.5000   15.0000   22.5000 2483.6936   13.0115
   -7.5000   22.5000   22.5000 2379.6543   14.0032
    0.0000   22.5000   22.5000 2377.4878   13.9730
    7.5000   22.5000   22.5000 2345.3638   14.1817
   -7.5000   30.0000   22.5000 2224.2263   15.5080
    0.0000   30.0000   22.5000 2214.1052   15.4885
    7.5000   30.0000   22.5000 2195.7476   15.7848
   -7.5000   37.5000   22.5000 2068.0667   17.5071
    0.0000   37.5000   22.5000 2059.9539   17.5094
    7.5000   37.5000   22.5000 2041.8358   17.8630
   -7.5000   45.0000   22.5000 1912.3898   20.1283
    0.0000   45.0000   22.5000 1908.8281   20.1303
    7.5000   45.0000   22.5000 1889.3175   20.5761
   -7.5000  -45.0000   30.0000 2501.2021   13.6054
    0.0000  -45.0000   30.0000 2489.2739   13.5618
    7.5000  -45.0000   30.0000 2459.2339   13.9377
   -7.5000  -37.5000   30.0000 2617.9937   12.6735
    0.0000  -37.5000   30.0000 2605.9758   12.6286
    7.5000  -37.5000   30.0000 2571.3850   12.9655
   -7.5000  -30.0000   30.0000 2704.1440   12.0243
    0.0000  -30.0000   30.0000 2689.9551   12.0000
    7.5000  -30.0000   30.0000 2655.3574   12.3005
   -7.5000  -22.5000   30.0000 2752.6565   11.6439
    0.0000  -22.5000   30.0000 2741.4189   11.6241
    7.5000  -22.5000   30.0000 2707.9263   11.8896
   -7.5000  -15.0000   30.0000 2768.8154   11.5345
    0.0000  -15.0000   30.0000 2754.9512   11.5107
    7.5000  -15.0000   30.0000 2723.1191   11.7406
   -7.5000   -7.5000   30.0000 2733.9041   11.6572
    0.0000   -7.5000   30.0000 2726.2300   11.6128
    7.5000   -7.5000   30.0000 2690.6887   11.8129
   -7.5000    0.0000   30.0000 2659.3730   11.9901
    0.0000    0.0000   30.0000 2655.8088   11.9577
    7.5000    0.0000   30.0000 2620.8513   12.1305
   -7.5000    7.5000   30.0000 2562.8608   12.5588
    0.0000    7.5000   30.0000 2561.5171   12.5266
    7.5000    7.5000   30.0000 2532.5630   12.7228
   -7.5000   15.0000   30.0000 2448.8147   13.4100
    0.0000   15.0000   30.0000 2443.2166   13.3896
    7.5000   15.0000   30.0000 2418.7131   13.5781
   -7.5000   22.5000   30.0000 2315.3347   14.5676
    0.0000   22.5000   30.0000 2311.5342   14.5288
    7.5000   22.5000   30.0000 2286.7961   14.7533
   -7.5000   30.0000   30.0000 2163.0256   16.0633
    0.0000   30.0000   30.0000 2159.9370   16.0377
    7.5000   30.0000   30.0000 2141.8950   16.3389
   -7.5000   37.5000   30.0000 2018.2317   18.0514
    0.0000   37.5000   30.0000 2011.8833   18.0729
    7.5000   37.5000   30.0000 1992.8398   18.4171
   -7.5000   45.0000   30.0000 1860.9238   20.7310
    0.0000   45.0000   30.0000 1860.4919   20.7587
    7.5000   45.0000   30.0000 1843.4830   21.1537
   -7.5000  -45.0000   37.5000 2443.0823   14.4558
    0.0000  -45.0000   37.5000 2434.1162   14.3944
    7.5000  -45.0000   37.5000 2406.4846   14.8201
   -7.5000  -37.5000   37.5000 2552.5696   13.5007
    0.0000  -37.5000   37.5000 2539.6646   13.4373
    7.5000  -37.5000   37.5000 2505.7769   13.7849
   -7.5000  -30.0000   37.5000 2628.5061   12.8471
    0.0000  -30.0000   37.5000 2617.1470   12.7857
    7.5000  -30.0000   37.5000 2581.1284   13.1200
   -7.5000  -22.5000   37.5000 2666.6274   12.4381
    0.0000  -22.5000   37.5000 2657.8933   12.4002
    7.5000  -22.5000   37.5000 2627.4119   12.6782
   -7.5000  -15.0000   37.5000 2665.9419   12.2848
    0.0000  -15.0000   37.5000 2659.7583   12.2409
    7.5000  -15.0000   37.5000 2631.0815   12.4938
   -7.5000   -7.5000   37.5000 2632.0215   12.3648
    0.0000   -7.5000   37.5000 2627.4795   12.3106
    7.5000   -7.5000   37.5000 2597.9138   12.5176
   -7.5000    0.0000   37.5000 2566.9802   12.7148
    0.0000    0.0000   37.5000 2564.5986   12.6428
    7.5000    0.0000   37.5000 2532.9878   12.8482
   -7.5000    7.5000   37.5000 2478.5283   13.2797
    0.0000    7.5000   37.5000 2477.0867   13.2232
    7.5000    7.5000   37.5000 2447.8660   13.4360
   -7.5000   15.0000   37.5000 2369.2231   14.1125
    0.0000   15.0000   37.5000 2364.8501   14.0643
    7.5000   15.0000   37.5000 2343.6277   14.2819
   -7.5000   22.5000   37.5000 2242.4187   15.2691
    0.0000   22.5000   37.5000 2239.8787   15.2697
    7.5000   22.5000   37.5000 2223.6106   15.4919
   -7.5000   30.0000   37.5000 2101.9910   16.8144
    0.0000   30.0000   37.5000 2100.9385   16.8216
    7.5000   30.0000   37.5000 2083.3696   17.0920
   -7.5000   37.5000   37.5000 1955.6613   18.8743
    0.0000   37.5000   37.5000 1952.1281   18.9087
    7.5000   37.5000   37.5000 1938.7751   19.2108
   -7.5000   45.0000   37.5000 1806.8757   21.6196
    0.0000   45.0000   37.5000 1805.6265   21.6315
    7.5000   45.0000   37.5000 1792.4451   22.0065
   -7.5000  -45.0000   45.0000 2374.2273   15.5431
    0.0000  -45.0000   45.0000 2372.1057   15.5170
    7.5000  -45.0000   45.0000 2338.7842   15.9194
   -7.5000  -37.5000   45.0000 2470.3403   14.5547
    0.0000  -37.5000   45.0000 2458.7007   14.4984
    7.5000  -37.5000   45.0000 2425.5352   14.8872
   -7.5000  -30.0000   45.0000 2529.2312   13.8491
    0.0000  -30.0000   45.0000 2519.4924   13.8260
    7.5000  -30.0000   45.0000 2487.8750   14.1510
   -7.5000  -22.5000   45.0000 2561.6472   13.4182
    0.0000  -22.5000   45.0000 2551.2605   13.3969
    7.5000  -22.5000   45.0000 2524.6877   13.6764
   -7.5000  -15.0000   45.0000 2559.2449   13.2689
    0.0000  -15.0000   45.0000 2550.7261   13.2328
    7.5000  -15.0000   45.0000 2521.9385   13.4694
   -7.5000   -7.5000   45.0000 2523.6260   13.3314
    0.0000   -7.5000   45.0000 2519.4934   13.2862
    7.5000   -7.5000   45.0000 2494.4675   13.4882
   -7.5000    0.0000   45.0000 2464.8481   13.6730
    0.0000    0.0000   45.0000 2464.9148   13.5973
    7.5000    0.0000   45.0000 2436.7502   13.7893
   -7.5000    7.5000   45.0000 2388.4504   14.1961
    0.0000    7.5000   45.0000 2388.4351   14.1459
    7.5000    7.5000   45.0000 2362.9590   14.3387
   -7.5000   15.0000   45.0000 2285.7314   15.0372
    0.0000   15.0000   45.0000 2284.1458   14.9776
    7.5000   15.0000   45.0000 2263.4553   15.2015
   -7.5000   22.5000   45.0000 2166.8650   16.2220
    0.0000   22.5000   45.0000 2161.3740   16.1839
    7.5000   22.5000   45.0000 2144.2109   16.4409
   -7.5000   30.0000   45.0000 2037.4908   17.8665
    0.0000   30.0000   45.0000 2029.9440   17.8213
    7.5000   30.0000   45.0000 2011.1350   18.0999
   -7.5000   37.5000   45.0000 1895.6748   20.0017
    0.0000   37.5000   45.0000 1891.7915   19.9801
    7.5000   37.5000   45.0000 1874.0536   20.2593
   -7.5000   45.0000   45.0000 1746.8495   22.8730
    0.0000   45.0000   45.0000 1747.3147   22.8641
    7.5000   45.0000   45.0000 1737.7374   23.1890

---------------------------------------------------------------------
imgreg_4dfp /opt/freesurfer/average/711-2C_as_mni_average_305 /opt/freesurfer/average/711-2B_as_mni_average_305_mask talsrcimg_g11 none talsrcimg_to_711-2C_as_mni_average_305_t4 1283
---------------------------------------------------------------------

freesurfer imgreg_4dfp.c
/opt/freesurfer/average/711-2C_as_mni_average_305.4dfp.img
       256       256       256         1
  1.000000  1.000000  1.000000
orientation T byte_order littleendian
Reading image: /opt/freesurfer/average/711-2C_as_mni_average_305.4dfp.img
dimensions:      256       256       256
mmppix:       1.0000   -1.0000   -1.0000
center:     128.0000 -129.0000 -129.0000
/opt/freesurfer/average/711-2B_as_mni_average_305_mask.4dfp.img
       256       256       256         1
  1.000000  1.000000  1.000000
orientation T byte_order littleendian
Reading mask: /opt/freesurfer/average/711-2B_as_mni_average_305_mask.4dfp.img (2306576 pixels)
talsrcimg_g11.4dfp.img
       256       256       256         1
  1.000000  1.000000  1.000000
orientation T byte_order littleendian
Reading image: talsrcimg_g11.4dfp.img
dimensions:      256       256       256
mmppix:       1.0000   -1.0000   -1.0000
center:     128.0000 -129.0000 -129.0000
rotation matrix determinant  1.000000
fimgreg.f
image alignment mode   1283 decimal      503 hex
parameters
   -7.5000  -15.0000    7.5000    0.0000    0.0000    0.0000
eta,q 0.93659 10.25383
niter,ni,del,rscale     5    3   12.0000    1.2000
parameter  1 -0.612535 -> -0.500000 qaram    1.1500
parameter  3  0.696841 ->  0.500000 qaram    1.1500
parameter  4  0.695328 ->  0.500000 qaram    1.1500
parameter  6 -6.268902 -> -0.500000 qaram    1.1500
parameters
   -4.0500  -15.3477    4.0500   -3.4500    1.5768    3.4500
eta,q 0.94803 10.10227
  0.0836  0.0672  0.0597  0.0585  0.0663  0.0670
  0.0757  0.0632  0.0588  0.0578  0.0626  0.0638
  0.0692  0.0615  0.0597  0.0579  0.0596  0.0603
  0.0644  0.0616  0.0612  0.0592  0.0578  0.0573
  0.0617  0.0626  0.0633  0.0613  0.0573  0.0542
  0.0615  0.0647  0.0664  0.0639  0.0585  0.0512
  0.0626  0.0681  0.0703  0.0656  0.0606  0.0488
niter,ni,del,rscale     7    3   12.0000    1.2000
parameter  6 -0.764835 -> -0.500000 qaram    1.3225
parameters
   -4.5307  -14.9294    3.6244   -3.7016    2.3854    7.4175
eta,q 0.95238 10.13901
  0.0689  0.0634  0.0601  0.0574  0.0598  0.0628
  0.0602  0.0580  0.0550  0.0553  0.0564  0.0589
  0.0542  0.0540  0.0513  0.0530  0.0536  0.0552
  0.0520  0.0520  0.0520  0.0517  0.0517  0.0515
  0.0555  0.0528  0.0538  0.0522  0.0517  0.0486
  0.0642  0.0558  0.0567  0.0552  0.0535  0.0477
  0.0740  0.0609  0.0617  0.0593  0.0569  0.0496
niter,ni,del,rscale     7    3   12.0000    1.2000
parameters
   -4.5002  -14.7873    3.7854   -3.8925    2.5982    7.6808
eta,q 0.95221 10.14646
  0.0701  0.0626  0.0596  0.0565  0.0563  0.0582
  0.0594  0.0567  0.0533  0.0533  0.0528  0.0538
  0.0510  0.0505  0.0482  0.0502  0.0496  0.0498
  0.0476  0.0476  0.0476  0.0477  0.0478  0.0478
  0.0510  0.0502  0.0496  0.0491  0.0486  0.0494
  0.0601  0.0553  0.0529  0.0535  0.0515  0.0527
  0.0690  0.0616  0.0578  0.0584  0.0557  0.0571
niter,ni,del,rscale     6    3   12.0000    1.2000
parameters
   -4.5716  -14.6965    3.7749   -4.0451    2.7153    7.7468
eta,q 0.95214 10.14766
  0.0697  0.0624  0.0589  0.0566  0.0561  0.0579
  0.0590  0.0564  0.0528  0.0534  0.0526  0.0535
  0.0508  0.0505  0.0480  0.0503  0.0495  0.0495
  0.0478  0.0478  0.0478  0.0478  0.0479  0.0479
  0.0516  0.0504  0.0498  0.0490  0.0488  0.0497
  0.0608  0.0556  0.0532  0.0533  0.0517  0.0531
  0.0696  0.0617  0.0581  0.0584  0.0560  0.0576
niter,ni,del,rscale     5    3   12.0000    1.2000
parameters
   -4.6267  -14.6494    3.7521   -4.1272    2.7856    7.7689
eta,q 0.95211 10.14729
  0.0699  0.0622  0.0589  0.0567  0.0561  0.0579
  0.0592  0.0562  0.0527  0.0535  0.0526  0.0534
  0.0509  0.0505  0.0480  0.0504  0.0495  0.0495
  0.0479  0.0479  0.0479  0.0479  0.0479  0.0479
  0.0517  0.0505  0.0498  0.0488  0.0489  0.0498
  0.0608  0.0558  0.0532  0.0530  0.0519  0.0532
  0.0696  0.0619  0.0582  0.0582  0.0562  0.0578
niter,ni,del,rscale     4    3   12.0000    1.2000
parameters
   -4.6605  -14.6280    3.7395   -4.1652    2.8257    7.7778
eta,q 0.95210 10.14697
  0.0700  0.0621  0.0589  0.0568  0.0560  0.0579
  0.0594  0.0561  0.0528  0.0536  0.0526  0.0534
  0.0510  0.0504  0.0480  0.0505  0.0494  0.0495
  0.0479  0.0479  0.0479  0.0479  0.0479  0.0479
  0.0517  0.0505  0.0498  0.0488  0.0489  0.0498
  0.0608  0.0559  0.0532  0.0529  0.0520  0.0533
  0.0695  0.0619  0.0582  0.0581  0.0563  0.0578
registration optimization eta report
parameter search radius
    6.9000    6.0000    6.9000    6.9000    6.0000    7.9350
100000*second partial in parameter space
       45.       37.       23.       19.       22.       15.
  0.0700  0.0621  0.0589  0.0568  0.0560  0.0579
  0.0594  0.0561  0.0528  0.0536  0.0526  0.0534
  0.0510  0.0504  0.0480  0.0505  0.0494  0.0495
  0.0479  0.0479  0.0479  0.0479  0.0479  0.0479
  0.0517  0.0505  0.0498  0.0488  0.0489  0.0498
  0.0608  0.0559  0.0532  0.0529  0.0520  0.0533
  0.0695  0.0619  0.0582  0.0581  0.0563  0.0578
   -4.6605  -14.6280    3.7395   -4.1652    2.8257    7.7778
eta,q 0.95210 10.14697

---------------------------------------------------------------------
imgreg_4dfp /opt/freesurfer/average/711-2C_as_mni_average_305 /opt/freesurfer/average/711-2B_as_mni_average_305_mask talsrcimg_g11 none talsrcimg_to_711-2C_as_mni_average_305_t4 3335
---------------------------------------------------------------------

freesurfer imgreg_4dfp.c
/opt/freesurfer/average/711-2C_as_mni_average_305.4dfp.img
       256       256       256         1
  1.000000  1.000000  1.000000
orientation T byte_order littleendian
Reading image: /opt/freesurfer/average/711-2C_as_mni_average_305.4dfp.img
dimensions:      256       256       256
mmppix:       1.0000   -1.0000   -1.0000
center:     128.0000 -129.0000 -129.0000
/opt/freesurfer/average/711-2B_as_mni_average_305_mask.4dfp.img
       256       256       256         1
  1.000000  1.000000  1.000000
orientation T byte_order littleendian
Reading mask: /opt/freesurfer/average/711-2B_as_mni_average_305_mask.4dfp.img (2306576 pixels)
talsrcimg_g11.4dfp.img
       256       256       256         1
  1.000000  1.000000  1.000000
orientation T byte_order littleendian
Reading image: talsrcimg_g11.4dfp.img
dimensions:      256       256       256
mmppix:       1.0000   -1.0000   -1.0000
center:     128.0000 -129.0000 -129.0000
fimgreg.f
image alignment mode   3335 decimal      D07 hex
parameters
   -4.6605  -14.6280    3.7395   -1.0404   -1.1332   -0.3854
  -13.1427   -5.8545   13.5167    6.5310    4.9298   -7.2544
eta,q 0.95017 10.19744
niter,ni,del,rscale     5    3    5.0000    1.2000
parameter  4  0.543402 ->  0.500000 qaram    1.1500
parameter  5  3.714636 ->  0.500000 qaram    1.1500
parameter  6  1.724334 ->  0.500000 qaram    1.1500
parameter 10  0.707083 ->  0.500000 qaram    1.1500
parameter 12  1.930744 ->  0.500000 qaram    1.1500
parameters
   -4.4742  -14.7537    3.7160   -5.1804   -5.2732   -4.5254
  -12.0386   -3.7199   12.0569    2.3910    5.7346  -11.3944
eta,q 0.96417  9.62284
  0.0531  0.0517  0.0510  0.0493  0.0407  0.0377  0.0417  0.0457  0.0400  0.0375  0.0385  0.0353
  0.0515  0.0505  0.0503  0.0491  0.0433  0.0389  0.0406  0.0431  0.0392  0.0371  0.0379  0.0357
  0.0503  0.0499  0.0498  0.0492  0.0460  0.0410  0.0398  0.0409  0.0388  0.0376  0.0374  0.0363
  0.0498  0.0498  0.0498  0.0498  0.0491  0.0440  0.0394  0.0394  0.0389  0.0388  0.0371  0.0371
  0.0500  0.0502  0.0500  0.0512  0.0524  0.0476  0.0394  0.0389  0.0393  0.0407  0.0372  0.0381
  0.0508  0.0509  0.0504  0.0534  0.0560  0.0512  0.0399  0.0395  0.0402  0.0433  0.0375  0.0392
  0.0523  0.0520  0.0510  0.0567  0.0600  0.0556  0.0406  0.0413  0.0415  0.0465  0.0381  0.0403
niter,ni,del,rscale     7    3    5.0000    1.2000
parameter  5  1.750680 ->  0.500000 qaram    1.3225
parameter 12  0.655039 ->  0.500000 qaram    1.3225
parameters
   -4.6780  -14.5279    3.6049   -4.3291  -10.0342   -8.1601
  -12.0171   -4.1259   12.0768    3.3889    5.0611  -16.1554
eta,q 0.96957  9.35187
  0.0384  0.0387  0.0377  0.0389  0.0295  0.0322  0.0329  0.0344  0.0328  0.0355  0.0315  0.0305
  0.0368  0.0371  0.0366  0.0376  0.0308  0.0314  0.0318  0.0324  0.0318  0.0333  0.0311  0.0304
  0.0359  0.0362  0.0359  0.0365  0.0328  0.0308  0.0311  0.0311  0.0312  0.0318  0.0308  0.0305
  0.0358  0.0358  0.0358  0.0358  0.0356  0.0313  0.0310  0.0310  0.0309  0.0309  0.0308  0.0308
  0.0364  0.0359  0.0361  0.0355  0.0390  0.0341  0.0312  0.0316  0.0311  0.0309  0.0310  0.0313
  0.0376  0.0366  0.0368  0.0363  0.0425  0.0382  0.0318  0.0330  0.0318  0.0318  0.0313  0.0320
  0.0393  0.0377  0.0380  0.0383  0.0467  0.0430  0.0327  0.0351  0.0328  0.0339  0.0318  0.0329
niter,ni,del,rscale     7    3    5.0000    1.2000
parameter  5  0.801216 ->  0.500000 qaram    1.5209
parameters
   -4.6380  -13.8986    2.6752   -1.9826  -15.5093   -9.6096
  -11.8071   -4.2934   11.5709    6.1644    5.3635  -16.2746
eta,q 0.97271  9.09884
  0.0334  0.0345  0.0306  0.0333  0.0271  0.0303  0.0297  0.0314  0.0290  0.0332  0.0286  0.0289
  0.0317  0.0326  0.0300  0.0319  0.0272  0.0289  0.0286  0.0294  0.0282  0.0307  0.0279  0.0280
  0.0307  0.0312  0.0299  0.0308  0.0280  0.0280  0.0279  0.0281  0.0278  0.0289  0.0274  0.0275
  0.0304  0.0304  0.0302  0.0299  0.0294  0.0273  0.0277  0.0277  0.0277  0.0277  0.0273  0.0273
  0.0307  0.0302  0.0308  0.0293  0.0319  0.0279  0.0279  0.0283  0.0279  0.0273  0.0274  0.0275
  0.0316  0.0307  0.0317  0.0296  0.0355  0.0307  0.0285  0.0297  0.0285  0.0276  0.0278  0.0281
  0.0331  0.0317  0.0329  0.0312  0.0395  0.0347  0.0294  0.0317  0.0294  0.0289  0.0284  0.0290
niter,ni,del,rscale     7    3    5.0000    1.2000
parameters
   -4.7441  -13.1239    2.1896   -2.5794  -19.7041  -10.6287
  -11.1548   -4.8705   11.7797    8.7726    5.2717  -16.2246
eta,q 0.97408  8.82150
  0.0300  0.0314  0.0280  0.0291  0.0280  0.0291  0.0286  0.0293  0.0282  0.0315  0.0271  0.0278
  0.0284  0.0294  0.0273  0.0281  0.0267  0.0277  0.0275  0.0276  0.0273  0.0293  0.0264  0.0269
  0.0275  0.0281  0.0270  0.0275  0.0263  0.0268  0.0268  0.0265  0.0266  0.0275  0.0260  0.0262
  0.0273  0.0273  0.0271  0.0270  0.0271  0.0263  0.0264  0.0264  0.0264  0.0264  0.0259  0.0259
  0.0277  0.0270  0.0274  0.0270  0.0286  0.0263  0.0265  0.0271  0.0265  0.0259  0.0261  0.0261
  0.0288  0.0273  0.0281  0.0281  0.0311  0.0284  0.0270  0.0284  0.0271  0.0263  0.0265  0.0268
  0.0304  0.0281  0.0291  0.0307  0.0352  0.0321  0.0280  0.0303  0.0281  0.0277  0.0271  0.0279
niter,ni,del,rscale     6    3    5.0000    1.2000
parameters
   -4.8320  -12.1555    1.6972   -3.1246  -21.3609  -11.5084
  -10.9080   -5.0993   11.9827   10.4105    5.0783  -16.8582
eta,q 0.97467  8.69365
  0.0284  0.0307  0.0264  0.0273  0.0287  0.0282  0.0274  0.0286  0.0276  0.0304  0.0264  0.0270
  0.0270  0.0286  0.0258  0.0264  0.0268  0.0268  0.0265  0.0269  0.0266  0.0282  0.0258  0.0261
  0.0261  0.0270  0.0255  0.0258  0.0257  0.0259  0.0258  0.0258  0.0258  0.0265  0.0254  0.0255
  0.0259  0.0259  0.0255  0.0254  0.0255  0.0254  0.0256  0.0256  0.0255  0.0255  0.0253  0.0253
  0.0263  0.0255  0.0259  0.0254  0.0266  0.0255  0.0257  0.0261  0.0257  0.0254  0.0255  0.0257
  0.0272  0.0257  0.0266  0.0263  0.0286  0.0273  0.0263  0.0272  0.0264  0.0261  0.0259  0.0264
  0.0288  0.0265  0.0276  0.0285  0.0316  0.0307  0.0272  0.0289  0.0275  0.0278  0.0264  0.0275
niter,ni,del,rscale     5    3    5.0000    1.2000
parameters
   -4.8186  -11.6595    1.3422   -3.2438  -21.9812  -12.0185
  -10.9458   -5.0617   12.0363   11.2347    4.9240  -17.1984
eta,q 0.97472  8.64606
  0.0279  0.0291  0.0262  0.0272  0.0293  0.0281  0.0271  0.0286  0.0274  0.0297  0.0263  0.0270
  0.0265  0.0272  0.0256  0.0261  0.0272  0.0267  0.0262  0.0268  0.0263  0.0275  0.0257  0.0261
  0.0256  0.0260  0.0253  0.0255  0.0258  0.0258  0.0256  0.0256  0.0256  0.0260  0.0253  0.0255
  0.0253  0.0253  0.0252  0.0252  0.0252  0.0252  0.0253  0.0253  0.0253  0.0253  0.0253  0.0253
  0.0256  0.0253  0.0255  0.0252  0.0259  0.0251  0.0255  0.0258  0.0255  0.0255  0.0254  0.0256
  0.0264  0.0258  0.0261  0.0258  0.0278  0.0266  0.0262  0.0268  0.0262  0.0264  0.0258  0.0263
  0.0278  0.0269  0.0271  0.0277  0.0305  0.0298  0.0272  0.0284  0.0274  0.0283  0.0263  0.0272
niter,ni,del,rscale     4    3    5.0000    1.2000
parameters
   -4.7733  -11.4133    1.1153   -3.2770  -22.2678  -12.3320
  -11.0322   -4.9794   12.0712   11.6561    4.8419  -17.3298
eta,q 0.97468  8.62261
  0.0278  0.0284  0.0263  0.0272  0.0295  0.0281  0.0270  0.0286  0.0273  0.0293  0.0263  0.0270
  0.0264  0.0267  0.0257  0.0262  0.0274  0.0267  0.0261  0.0268  0.0263  0.0272  0.0257  0.0262
  0.0256  0.0257  0.0253  0.0255  0.0259  0.0258  0.0256  0.0256  0.0256  0.0259  0.0254  0.0255
  0.0253  0.0253  0.0253  0.0253  0.0253  0.0253  0.0253  0.0253  0.0253  0.0253  0.0253  0.0253
  0.0255  0.0254  0.0255  0.0252  0.0258  0.0251  0.0255  0.0257  0.0255  0.0256  0.0255  0.0256
  0.0263  0.0261  0.0260  0.0258  0.0275  0.0264  0.0262  0.0268  0.0262  0.0267  0.0258  0.0262
  0.0276  0.0273  0.0269  0.0276  0.0302  0.0295  0.0272  0.0284  0.0273  0.0286  0.0263  0.0271
niter,ni,del,rscale     3    3    5.0000    1.2000
parameters
   -4.7330  -11.2811    0.9705   -3.2753  -22.4216  -12.5360
  -11.1152   -4.9191   12.0931   11.8785    4.8031  -17.3868
eta,q 0.97464  8.60950
  0.0278  0.0281  0.0265  0.0272  0.0296  0.0282  0.0271  0.0286  0.0273  0.0291  0.0263  0.0271
  0.0264  0.0266  0.0258  0.0262  0.0275  0.0268  0.0262  0.0268  0.0263  0.0271  0.0257  0.0262
  0.0256  0.0256  0.0254  0.0256  0.0260  0.0259  0.0256  0.0257  0.0256  0.0258  0.0254  0.0256
  0.0253  0.0253  0.0253  0.0253  0.0253  0.0253  0.0254  0.0254  0.0254  0.0254  0.0254  0.0254
  0.0255  0.0256  0.0255  0.0252  0.0258  0.0251  0.0256  0.0258  0.0256  0.0257  0.0255  0.0256
  0.0263  0.0263  0.0260  0.0258  0.0274  0.0264  0.0262  0.0268  0.0262  0.0268  0.0258  0.0262
  0.0276  0.0275  0.0268  0.0276  0.0301  0.0293  0.0272  0.0284  0.0274  0.0288  0.0263  0.0271
niter,ni,del,rscale     2    3    5.0000    1.2000
parameters
   -4.7051  -11.2053    0.8814   -3.2834  -22.5170  -12.6617
  -11.1659   -4.8780   12.1013   12.0012    4.7736  -17.4039
eta,q 0.97460  8.60073
  0.0278  0.0280  0.0265  0.0273  0.0297  0.0282  0.0271  0.0286  0.0273  0.0291  0.0264  0.0271
  0.0264  0.0265  0.0258  0.0262  0.0276  0.0268  0.0262  0.0268  0.0263  0.0271  0.0258  0.0262
  0.0256  0.0256  0.0255  0.0256  0.0261  0.0259  0.0256  0.0257  0.0257  0.0258  0.0255  0.0256
  0.0254  0.0254  0.0254  0.0254  0.0254  0.0254  0.0254  0.0254  0.0254  0.0254  0.0254  0.0254
  0.0256  0.0256  0.0255  0.0253  0.0258  0.0251  0.0256  0.0258  0.0256  0.0257  0.0255  0.0256
  0.0263  0.0264  0.0260  0.0259  0.0274  0.0263  0.0262  0.0268  0.0263  0.0269  0.0258  0.0262
  0.0277  0.0276  0.0267  0.0276  0.0301  0.0292  0.0272  0.0284  0.0274  0.0289  0.0263  0.0271
niter,ni,del,rscale     1    3    5.0000    1.2000
parameters
   -4.6876  -11.1605    0.8264   -3.2755  -22.5714  -12.7409
  -11.1945   -4.8548   12.1092   12.0718    4.7688  -17.4158
eta,q 0.97459  8.59596
  0.0278  0.0279  0.0266  0.0273  0.0297  0.0283  0.0271  0.0286  0.0273  0.0290  0.0264  0.0271
  0.0265  0.0265  0.0259  0.0263  0.0276  0.0269  0.0262  0.0269  0.0263  0.0270  0.0258  0.0262
  0.0257  0.0256  0.0255  0.0257  0.0261  0.0259  0.0256  0.0257  0.0257  0.0258  0.0255  0.0256
  0.0254  0.0254  0.0254  0.0254  0.0254  0.0254  0.0254  0.0254  0.0254  0.0254  0.0254  0.0254
  0.0256  0.0257  0.0255  0.0253  0.0258  0.0252  0.0256  0.0258  0.0256  0.0258  0.0255  0.0256
  0.0264  0.0265  0.0260  0.0259  0.0274  0.0263  0.0262  0.0268  0.0263  0.0269  0.0258  0.0263
  0.0277  0.0277  0.0267  0.0276  0.0301  0.0291  0.0272  0.0285  0.0274  0.0289  0.0263  0.0271
registration optimization eta report
parameter search radius
    2.4000    2.4000    2.4000    8.2800   10.9503    8.2800
    7.2000    7.2000    7.2000    8.2800    7.2000    9.5220
100000*second partial in parameter space
       41.       42.       22.        3.        4.        5.
        3.        6.        4.        5.        2.        2.
  0.0278  0.0279  0.0266  0.0273  0.0297  0.0283  0.0271  0.0286  0.0273  0.0290  0.0264  0.0271
  0.0265  0.0265  0.0259  0.0263  0.0276  0.0269  0.0262  0.0269  0.0263  0.0270  0.0258  0.0262
  0.0257  0.0256  0.0255  0.0257  0.0261  0.0259  0.0256  0.0257  0.0257  0.0258  0.0255  0.0256
  0.0254  0.0254  0.0254  0.0254  0.0254  0.0254  0.0254  0.0254  0.0254  0.0254  0.0254  0.0254
  0.0256  0.0257  0.0255  0.0253  0.0258  0.0252  0.0256  0.0258  0.0256  0.0258  0.0255  0.0256
  0.0264  0.0265  0.0260  0.0259  0.0274  0.0263  0.0262  0.0268  0.0263  0.0269  0.0258  0.0263
  0.0277  0.0277  0.0267  0.0276  0.0301  0.0291  0.0272  0.0285  0.0274  0.0289  0.0263  0.0271
   -4.6876  -11.1605    0.8264   -3.2755  -22.5714  -12.7409
  -11.1945   -4.8548   12.1092   12.0718    4.7688  -17.4158
eta,q 0.97459  8.59596

---------------------------------------------------------------------
imgreg_4dfp /opt/freesurfer/average/711-2C_as_mni_average_305 /opt/freesurfer/average/711-2B_as_mni_average_305_mask talsrcimg_g11 none talsrcimg_to_711-2C_as_mni_average_305_t4 2311
---------------------------------------------------------------------

freesurfer imgreg_4dfp.c
/opt/freesurfer/average/711-2C_as_mni_average_305.4dfp.img
       256       256       256         1
  1.000000  1.000000  1.000000
orientation T byte_order littleendian
Reading image: /opt/freesurfer/average/711-2C_as_mni_average_305.4dfp.img
dimensions:      256       256       256
mmppix:       1.0000   -1.0000   -1.0000
center:     128.0000 -129.0000 -129.0000
/opt/freesurfer/average/711-2B_as_mni_average_305_mask.4dfp.img
       256       256       256         1
  1.000000  1.000000  1.000000
orientation T byte_order littleendian
Reading mask: /opt/freesurfer/average/711-2B_as_mni_average_305_mask.4dfp.img (2306576 pixels)
talsrcimg_g11.4dfp.img
       256       256       256         1
  1.000000  1.000000  1.000000
orientation T byte_order littleendian
Reading image: talsrcimg_g11.4dfp.img
dimensions:      256       256       256
mmppix:       1.0000   -1.0000   -1.0000
center:     128.0000 -129.0000 -129.0000
fimgreg.f
image alignment mode   2311 decimal      907 hex
parameters
   -4.6876  -11.1605    0.8264   -3.2755  -22.5714  -12.7409
  -11.1945   -4.8548   12.1092   12.0718    4.7688  -17.4158
eta,q 0.97459  8.59596
niter,ni,del,rscale     5    3    5.0000    0.8000
parameters
   -4.6636  -11.1819    0.7934   -2.0476  -21.9014  -11.7121
  -11.1122   -4.7341   12.3118   12.3431    5.2419  -17.4153
eta,q 0.97487  8.71860
  0.0265  0.0265  0.0259  0.0261  0.0265  0.0265  0.0260  0.0270  0.0261  0.0266  0.0258  0.0256
  0.0259  0.0259  0.0256  0.0257  0.0259  0.0260  0.0255  0.0260  0.0256  0.0258  0.0255  0.0254
  0.0255  0.0255  0.0255  0.0255  0.0256  0.0256  0.0252  0.0254  0.0253  0.0254  0.0252  0.0252
  0.0254  0.0254  0.0254  0.0254  0.0253  0.0253  0.0251  0.0251  0.0251  0.0251  0.0251  0.0251
  0.0255  0.0256  0.0255  0.0253  0.0253  0.0251  0.0252  0.0253  0.0252  0.0252  0.0251  0.0252
  0.0258  0.0259  0.0257  0.0254  0.0256  0.0252  0.0255  0.0259  0.0255  0.0256  0.0253  0.0254
  0.0264  0.0265  0.0260  0.0257  0.0260  0.0259  0.0259  0.0268  0.0260  0.0263  0.0256  0.0256
niter,ni,del,rscale     4    3    5.0000    0.7000
parameters
   -4.7887  -11.3094    0.9989   -2.1602  -21.7337  -11.2226
  -10.9071   -4.9497   12.2696   12.1858    5.3713  -17.4475
eta,q 0.97499  8.74173
  0.0258  0.0258  0.0258  0.0255  0.0259  0.0261  0.0257  0.0263  0.0257  0.0260  0.0255  0.0254
  0.0254  0.0254  0.0254  0.0253  0.0255  0.0258  0.0253  0.0256  0.0253  0.0254  0.0252  0.0252
  0.0252  0.0251  0.0252  0.0252  0.0252  0.0254  0.0251  0.0251  0.0251  0.0251  0.0251  0.0250
  0.0251  0.0251  0.0251  0.0251  0.0251  0.0251  0.0250  0.0250  0.0250  0.0250  0.0250  0.0250
  0.0253  0.0253  0.0251  0.0251  0.0252  0.0250  0.0251  0.0252  0.0251  0.0251  0.0250  0.0251
  0.0256  0.0256  0.0252  0.0253  0.0254  0.0252  0.0252  0.0258  0.0253  0.0255  0.0252  0.0252
  0.0261  0.0261  0.0255  0.0257  0.0258  0.0259  0.0256  0.0266  0.0258  0.0262  0.0254  0.0254
niter,ni,del,rscale     3    3    5.0000    0.6000
parameters
   -4.8640  -11.4086    1.1616   -2.1084  -21.5997  -10.8143
  -10.7452   -5.0655   12.2564   12.0492    5.4453  -17.4500
eta,q 0.97507  8.76495
  0.0256  0.0256  0.0255  0.0253  0.0256  0.0259  0.0254  0.0260  0.0255  0.0257  0.0253  0.0252
  0.0252  0.0252  0.0253  0.0252  0.0253  0.0256  0.0252  0.0254  0.0252  0.0253  0.0251  0.0251
  0.0251  0.0250  0.0251  0.0251  0.0251  0.0253  0.0250  0.0250  0.0250  0.0250  0.0250  0.0250
  0.0250  0.0250  0.0250  0.0250  0.0250  0.0250  0.0249  0.0249  0.0249  0.0249  0.0249  0.0249
  0.0251  0.0251  0.0250  0.0250  0.0250  0.0249  0.0250  0.0251  0.0250  0.0250  0.0250  0.0250
  0.0254  0.0254  0.0251  0.0251  0.0252  0.0251  0.0251  0.0255  0.0252  0.0253  0.0251  0.0251
  0.0257  0.0257  0.0253  0.0254  0.0255  0.0257  0.0254  0.0261  0.0255  0.0258  0.0253  0.0252
niter,ni,del,rscale     2    3    5.0000    0.5000
parameters
   -4.9253  -11.4815    1.2911   -2.0524  -21.5226  -10.4807
  -10.6250   -5.1520   12.2699   11.9411    5.4894  -17.4773
eta,q 0.97512  8.78267
  0.0253  0.0253  0.0253  0.0252  0.0253  0.0256  0.0252  0.0256  0.0253  0.0254  0.0251  0.0251
  0.0251  0.0251  0.0251  0.0251  0.0251  0.0254  0.0250  0.0252  0.0251  0.0251  0.0250  0.0250
  0.0250  0.0250  0.0250  0.0250  0.0250  0.0251  0.0249  0.0250  0.0249  0.0249  0.0249  0.0249
  0.0249  0.0249  0.0249  0.0249  0.0249  0.0249  0.0249  0.0249  0.0249  0.0249  0.0249  0.0249
  0.0250  0.0250  0.0249  0.0249  0.0250  0.0249  0.0249  0.0250  0.0249  0.0249  0.0249  0.0249
  0.0252  0.0252  0.0250  0.0250  0.0251  0.0251  0.0250  0.0253  0.0250  0.0252  0.0250  0.0250
  0.0255  0.0254  0.0252  0.0252  0.0253  0.0255  0.0252  0.0257  0.0253  0.0255  0.0251  0.0251
niter,ni,del,rscale     1    3    5.0000    0.4000
parameters
   -4.9705  -11.5412    1.4054   -2.0319  -21.4494  -10.1933
  -10.5166   -5.2058   12.2494   11.8719    5.5348  -17.4913
eta,q 0.97515  8.79733
  0.0251  0.0251  0.0251  0.0250  0.0251  0.0254  0.0251  0.0254  0.0251  0.0252  0.0250  0.0250
  0.0250  0.0250  0.0250  0.0250  0.0250  0.0252  0.0250  0.0251  0.0250  0.0250  0.0249  0.0249
  0.0249  0.0249  0.0249  0.0249  0.0249  0.0250  0.0249  0.0249  0.0249  0.0249  0.0249  0.0249
  0.0249  0.0249  0.0249  0.0249  0.0249  0.0249  0.0249  0.0249  0.0249  0.0249  0.0249  0.0249
  0.0249  0.0249  0.0249  0.0249  0.0249  0.0249  0.0249  0.0249  0.0249  0.0249  0.0249  0.0249
  0.0250  0.0250  0.0249  0.0249  0.0250  0.0250  0.0249  0.0251  0.0250  0.0250  0.0249  0.0249
  0.0252  0.0252  0.0250  0.0251  0.0251  0.0253  0.0250  0.0254  0.0251  0.0253  0.0250  0.0250
registration optimization eta report
parameter search radius
    0.8000    0.8000    0.8000    2.4000    2.4000    2.4000
    2.4000    2.4000    2.4000    2.4000    2.4000    2.4000
100000*second partial in parameter space
       47.       46.       32.        3.        4.        8.
        4.        9.        4.        7.        3.        2.
  0.0251  0.0251  0.0251  0.0250  0.0251  0.0254  0.0251  0.0254  0.0251  0.0252  0.0250  0.0250
  0.0250  0.0250  0.0250  0.0250  0.0250  0.0252  0.0250  0.0251  0.0250  0.0250  0.0249  0.0249
  0.0249  0.0249  0.0249  0.0249  0.0249  0.0250  0.0249  0.0249  0.0249  0.0249  0.0249  0.0249
  0.0249  0.0249  0.0249  0.0249  0.0249  0.0249  0.0249  0.0249  0.0249  0.0249  0.0249  0.0249
  0.0249  0.0249  0.0249  0.0249  0.0249  0.0249  0.0249  0.0249  0.0249  0.0249  0.0249  0.0249
  0.0250  0.0250  0.0249  0.0249  0.0250  0.0250  0.0249  0.0251  0.0250  0.0250  0.0249  0.0249
  0.0252  0.0252  0.0250  0.0251  0.0251  0.0253  0.0250  0.0254  0.0251  0.0253  0.0250  0.0250
   -4.9705  -11.5412    1.4054   -2.0319  -21.4494  -10.1933
  -10.5166   -5.2058   12.2494   11.8719    5.5348  -17.4913
eta,q 0.97515  8.79733

---------------------------------------------------------------------
imgreg_4dfp /opt/freesurfer/average/711-2C_as_mni_average_305 /opt/freesurfer/average/711-2B_as_mni_average_305_mask talsrcimg_g11 none talsrcimg_to_711-2C_as_mni_average_305_t4 2311
---------------------------------------------------------------------

freesurfer imgreg_4dfp.c
/opt/freesurfer/average/711-2C_as_mni_average_305.4dfp.img
       256       256       256         1
  1.000000  1.000000  1.000000
orientation T byte_order littleendian
Reading image: /opt/freesurfer/average/711-2C_as_mni_average_305.4dfp.img
dimensions:      256       256       256
mmppix:       1.0000   -1.0000   -1.0000
center:     128.0000 -129.0000 -129.0000
/opt/freesurfer/average/711-2B_as_mni_average_305_mask.4dfp.img
       256       256       256         1
  1.000000  1.000000  1.000000
orientation T byte_order littleendian
Reading mask: /opt/freesurfer/average/711-2B_as_mni_average_305_mask.4dfp.img (2306576 pixels)
talsrcimg_g11.4dfp.img
       256       256       256         1
  1.000000  1.000000  1.000000
orientation T byte_order littleendian
Reading image: talsrcimg_g11.4dfp.img
dimensions:      256       256       256
mmppix:       1.0000   -1.0000   -1.0000
center:     128.0000 -129.0000 -129.0000
fimgreg.f
image alignment mode   2311 decimal      907 hex
parameters
   -4.9705  -11.5412    1.4054   -2.0319  -21.4494  -10.1933
  -10.5166   -5.2058   12.2494   11.8719    5.5348  -17.4913
eta,q 0.97515  8.79733
niter,ni,del,rscale     5    3    5.0000    0.8000
parameters
   -4.9986  -11.5394    1.5093   -2.6300  -21.6151  -10.6708
  -10.5671   -5.3020   12.1420   11.7659    5.2864  -17.3398
eta,q 0.97506  8.74871
  0.0260  0.0261  0.0258  0.0254  0.0258  0.0261  0.0257  0.0267  0.0258  0.0262  0.0255  0.0255
  0.0254  0.0254  0.0253  0.0251  0.0253  0.0256  0.0253  0.0257  0.0254  0.0255  0.0251  0.0252
  0.0250  0.0250  0.0250  0.0249  0.0250  0.0252  0.0250  0.0251  0.0250  0.0251  0.0250  0.0250
  0.0249  0.0249  0.0249  0.0249  0.0249  0.0249  0.0249  0.0249  0.0249  0.0249  0.0249  0.0249
  0.0250  0.0250  0.0249  0.0249  0.0250  0.0250  0.0250  0.0252  0.0251  0.0251  0.0250  0.0250
  0.0254  0.0254  0.0252  0.0253  0.0254  0.0258  0.0253  0.0258  0.0254  0.0256  0.0252  0.0251
  0.0261  0.0260  0.0256  0.0259  0.0260  0.0272  0.0258  0.0268  0.0259  0.0264  0.0256  0.0254
niter,ni,del,rscale     4    3    5.0000    0.7000
parameters
   -4.9528  -11.5410    1.3961   -2.3822  -21.5537  -10.7174
  -10.5957   -5.1915   12.2396   11.7934    5.3059  -17.3489
eta,q 0.97508  8.75888
  0.0259  0.0258  0.0254  0.0255  0.0257  0.0260  0.0255  0.0264  0.0257  0.0260  0.0254  0.0253
  0.0254  0.0253  0.0251  0.0252  0.0253  0.0256  0.0252  0.0256  0.0253  0.0254  0.0251  0.0251
  0.0250  0.0250  0.0250  0.0250  0.0250  0.0252  0.0250  0.0251  0.0250  0.0251  0.0250  0.0250
  0.0249  0.0249  0.0249  0.0249  0.0249  0.0249  0.0249  0.0249  0.0249  0.0249  0.0249  0.0249
  0.0250  0.0250  0.0250  0.0249  0.0250  0.0249  0.0250  0.0251  0.0250  0.0250  0.0250  0.0250
  0.0253  0.0254  0.0253  0.0250  0.0252  0.0254  0.0252  0.0255  0.0252  0.0254  0.0251  0.0251
  0.0258  0.0258  0.0256  0.0254  0.0257  0.0263  0.0256  0.0263  0.0256  0.0260  0.0254  0.0253
niter,ni,del,rscale     3    3    5.0000    0.6000
parameters
   -4.9470  -11.5440    1.3704   -2.2079  -21.5050  -10.5589
  -10.6094   -5.1707   12.2737   11.8152    5.3751  -17.3733
eta,q 0.97511  8.77377
  0.0256  0.0256  0.0253  0.0253  0.0255  0.0258  0.0253  0.0260  0.0255  0.0257  0.0253  0.0252
  0.0252  0.0252  0.0251  0.0251  0.0252  0.0255  0.0251  0.0254  0.0251  0.0253  0.0251  0.0250
  0.0250  0.0250  0.0250  0.0250  0.0250  0.0252  0.0249  0.0250  0.0250  0.0250  0.0249  0.0249
  0.0249  0.0249  0.0249  0.0249  0.0249  0.0249  0.0249  0.0249  0.0249  0.0249  0.0249  0.0249
  0.0250  0.0250  0.0250  0.0249  0.0250  0.0249  0.0249  0.0250  0.0250  0.0250  0.0249  0.0249
  0.0252  0.0252  0.0251  0.0250  0.0252  0.0252  0.0251  0.0254  0.0251  0.0252  0.0250  0.0250
  0.0256  0.0256  0.0254  0.0253  0.0255  0.0258  0.0254  0.0260  0.0254  0.0257  0.0252  0.0252
niter,ni,del,rscale     2    3    5.0000    0.5000
parameters
   -4.9617  -11.5573    1.4080   -2.1114  -21.4719  -10.3305
  -10.5557   -5.1920   12.2753   11.8141    5.4138  -17.4200
eta,q 0.97514  8.78742
  0.0253  0.0253  0.0252  0.0252  0.0253  0.0256  0.0252  0.0257  0.0253  0.0254  0.0251  0.0251
  0.0251  0.0251  0.0250  0.0250  0.0251  0.0253  0.0250  0.0252  0.0250  0.0251  0.0250  0.0249
  0.0249  0.0249  0.0249  0.0249  0.0249  0.0251  0.0249  0.0249  0.0249  0.0249  0.0249  0.0249
  0.0249  0.0249  0.0249  0.0249  0.0249  0.0249  0.0249  0.0249  0.0249  0.0249  0.0249  0.0249
  0.0249  0.0250  0.0249  0.0249  0.0249  0.0249  0.0249  0.0250  0.0249  0.0249  0.0249  0.0249
  0.0251  0.0251  0.0250  0.0250  0.0251  0.0251  0.0250  0.0252  0.0250  0.0251  0.0250  0.0250
  0.0254  0.0254  0.0252  0.0252  0.0253  0.0255  0.0252  0.0257  0.0253  0.0255  0.0251  0.0251
niter,ni,del,rscale     1    3    5.0000    0.4000
parameters
   -4.9895  -11.5788    1.4748   -2.0787  -21.4298  -10.1149
  -10.5046   -5.2188   12.2737   11.8107    5.4590  -17.4412
eta,q 0.97515  8.79914
  0.0251  0.0251  0.0251  0.0250  0.0251  0.0254  0.0251  0.0254  0.0251  0.0252  0.0250  0.0250
  0.0250  0.0250  0.0250  0.0249  0.0250  0.0252  0.0249  0.0251  0.0250  0.0250  0.0249  0.0249
  0.0249  0.0249  0.0249  0.0249  0.0249  0.0250  0.0249  0.0249  0.0249  0.0249  0.0249  0.0249
  0.0249  0.0249  0.0249  0.0249  0.0249  0.0249  0.0248  0.0248  0.0248  0.0248  0.0248  0.0248
  0.0249  0.0249  0.0249  0.0249  0.0249  0.0249  0.0249  0.0249  0.0249  0.0249  0.0249  0.0249
  0.0250  0.0250  0.0249  0.0249  0.0250  0.0250  0.0249  0.0251  0.0250  0.0250  0.0249  0.0249
  0.0252  0.0252  0.0250  0.0250  0.0251  0.0253  0.0250  0.0254  0.0251  0.0252  0.0250  0.0250
registration optimization eta report
parameter search radius
    0.8000    0.8000    0.8000    2.4000    2.4000    2.4000
    2.4000    2.4000    2.4000    2.4000    2.4000    2.4000
100000*second partial in parameter space
       47.       47.       33.        3.        5.        8.
        4.        9.        4.        7.        3.        2.
  0.0251  0.0251  0.0251  0.0250  0.0251  0.0254  0.0251  0.0254  0.0251  0.0252  0.0250  0.0250
  0.0250  0.0250  0.0250  0.0249  0.0250  0.0252  0.0249  0.0251  0.0250  0.0250  0.0249  0.0249
  0.0249  0.0249  0.0249  0.0249  0.0249  0.0250  0.0249  0.0249  0.0249  0.0249  0.0249  0.0249
  0.0249  0.0249  0.0249  0.0249  0.0249  0.0249  0.0248  0.0248  0.0248  0.0248  0.0248  0.0248
  0.0249  0.0249  0.0249  0.0249  0.0249  0.0249  0.0249  0.0249  0.0249  0.0249  0.0249  0.0249
  0.0250  0.0250  0.0249  0.0249  0.0250  0.0250  0.0249  0.0251  0.0250  0.0250  0.0249  0.0249
  0.0252  0.0252  0.0250  0.0250  0.0251  0.0253  0.0250  0.0254  0.0251  0.0252  0.0250  0.0250
   -4.9895  -11.5788    1.4748   -2.0787  -21.4298  -10.1149
  -10.5046   -5.2188   12.2737   11.8107    5.4590  -17.4412
eta,q 0.97515  8.79914

---------------------------------------------------------------------
compute_vox2vox talsrcimg talsrcimg_to_711-2C_as_mni_average_305_t4 /opt/freesurfer/average/711-2C_as_mni_average_305
---------------------------------------------------------------------

freesurfer compute_vox2vox.c
Reading: talsrcimg.4dfp.ifh
Reading: talsrcimg_to_711-2C_as_mni_average_305_t4
Reading: /opt/freesurfer/average/711-2C_as_mni_average_305.4dfp.ifh
Writing: talsrcimg_to_711-2C_as_mni_average_305_t4_vox2vox.txt

start time Thu Mar 12 02:21:04 CET 2026
end		time Thu Mar 12 02:22:31 CET 2026

mpr2mni305 success

avi2talxfm orig_nu.mgz /opt/freesurfer/average/mni305.cor.mgz talsrcimg_to_711-2C_as_mni_average_305_t4_vox2vox.txt transforms/talairach.auto.xfm
avi2talxfm done
mv -f /out/sourcedata/freesurfer/sub-v1s10x0051014_ses-1/mri/talsrcimg_to_711-2C_as_mni_average_305_t4_vox2vox.txt /out/sourcedata/freesurfer/sub-v1s10x0051014_ses-1/mri/transforms/talsrcimg_to_711-2C_as_mni_average_305_t4_vox2vox.txt
lta_convert --src orig_nu.mgz --trg /opt/freesurfer/average/mni305.cor.mgz --inxfm transforms/talairach.auto.xfm --outlta transforms/talairach.auto.xfm.lta --subject fsaverage
7.3.2

--src: orig_nu.mgz src image (geometry).
--trg: /opt/freesurfer/average/mni305.cor.mgz trg image (geometry).
--inmni: transforms/talairach.auto.xfm input MNI/XFM transform.
--outlta: transforms/talairach.auto.xfm.lta output LTA.
--s: fsaverage subject name
 LTA read, type : 1
 1.00116   0.03939   0.14260   5.77982;
-0.08857   1.07752   0.22735  -0.56705;
-0.14308  -0.16813   1.21630   12.49617;
 0.00000   0.00000   0.00000   1.00000;
setting subject to fsaverage
Writing  LTA to file transforms/talairach.auto.xfm.lta...
lta_convert successful.
 
 
Started at Thu Mar 12 02:21:03 CET 2026
Ended   at Thu Mar 12 02:22:32 CET 2026
talairach_avi done
