status file for recon-all
Thu Mar 12 05:12:54 CET 2026
#@# Tessellate rh Thu Mar 12 05:12:54 CET 2026
#@# Smooth1 rh Thu Mar 12 05:12:58 CET 2026
#@# Inflation1 rh Thu Mar 12 05:13:02 CET 2026
#@# QSphere rh Thu Mar 12 05:13:17 CET 2026
#@# Fix Topology rh Thu Mar 12 05:14:56 CET 2026
#@# Smooth2 rh Thu Mar 12 05:24:42 CET 2026
#@# Inflation2 rh Thu Mar 12 05:24:46 CET 2026
#@# Curv .H and .K rh Thu Mar 12 05:25:02 CET 2026
#@# Sphere rh Thu Mar 12 05:25:55 CET 2026
#@# Surf Reg rh Thu Mar 12 05:30:02 CET 2026
#@# Jacobian white rh Thu Mar 12 05:35:09 CET 2026
#@# AvgCurv rh Thu Mar 12 05:35:10 CET 2026
#@# Cortical Parc rh Thu Mar 12 05:35:11 CET 2026
#@# white curv rh Thu Mar 12 05:42:47 CET 2026
#@# white area rh Thu Mar 12 05:42:49 CET 2026
#@# pial curv rh Thu Mar 12 05:42:50 CET 2026
#@# pial area rh Thu Mar 12 05:42:52 CET 2026
#@# thickness rh Thu Mar 12 05:42:53 CET 2026
#@# area and vertex vol rh Thu Mar 12 05:43:26 CET 2026
#@# Curvature Stats rh Thu Mar 12 05:43:28 CET 2026
#@# Cortical Parc 2 rh Thu Mar 12 05:43:31 CET 2026
#@# Cortical Parc 3 rh Thu Mar 12 05:43:46 CET 2026
#@# WM/GM Contrast rh Thu Mar 12 05:43:57 CET 2026
recon-all -s sub-v1s10x0051023_ses-1 finished without error at Thu Mar 12 05:44:02 CET 2026



#New# invocation of recon-all 



status file for recon-all
Thu Mar 12 05:55:26 CET 2026
#@# white curv rh Thu Mar 12 05:55:26 CET 2026
#@# white area rh Thu Mar 12 05:55:26 CET 2026
#@# pial curv rh Thu Mar 12 05:55:26 CET 2026
#@# pial area rh Thu Mar 12 05:55:26 CET 2026
#@# thickness rh Thu Mar 12 05:55:26 CET 2026
#@# area and vertex vol rh Thu Mar 12 05:55:26 CET 2026
#@# Parcellation Stats rh Thu Mar 12 05:55:26 CET 2026
#@# Parcellation Stats 2 rh Thu Mar 12 05:55:49 CET 2026
#@# Parcellation Stats 3 rh Thu Mar 12 05:56:01 CET 2026
#@# BA_exvivo Labels rh Thu Mar 12 05:56:12 CET 2026
recon-all -s sub-v1s10x0051023_ses-1 finished without error at Thu Mar 12 05:59:23 CET 2026
