/out/sourcedata/freesurfer/sub-v1s10x0051111_ses-1/mri
/opt/freesurfer/bin/talairach_avi
--i orig_nu.mgz --xfm transforms/talairach.auto.xfm
talairach_avi 7.3.2
Linux dna056 5.14.0-427.37.1.el9_4.x86_64 #1 SMP PREEMPT_DYNAMIC Fri Sep 13 12:41:50 EDT 2024 x86_64 x86_64 x86_64 GNU/Linux
Thu Mar 12 07:48:58 CET 2026
mri_convert orig_nu.mgz talsrcimg.img 
reading from orig_nu.mgz...
TR=0.00, TE=0.00, TI=0.00, flip angle=0.00
i_ras = (-1, 0, 0)
j_ras = (0, 0, -1)
k_ras = (0, 1, 0)
writing to talsrcimg.img...
Analyze Output Matrix
-1.00000   0.00000   0.00000   129.66513;
 0.00000   0.00000   1.00000  -128.00000;
 0.00000  -1.00000   0.00000   130.00000;
 0.00000   0.00000   0.00000   1.00000;
--------------------
INFO: set hdr.hist.orient to -1
mpr2mni305 talsrcimg
Thu Mar 12 07:48:59 CET 2026
/opt/freesurfer/bin/mpr2mni305 talsrcimg
mpr2mni305 7.3.2
target=711-2C_as_mni_average_305

---------------------------------------------------------------------
analyzeto4dfp talsrcimg -O0 -y
---------------------------------------------------------------------

freesurfer ifh2hdr.c
Thu Mar 12 07:48:59 2026
Writing: talsrcimg.4dfp.hdr
freesurfer analyzeto4dfp.c
Reading: talsrcimg.hdr
header size 348 bytes
hdr.dime.datatype	offset=70	value=2
hdr.dime.bitpix		offset=72	value=8
hdr.hist.orient		offset=252	value=-1
dimensionality     4
dimensions       256       256       256         1
Reading: talsrcimg.img
Writing: talsrcimg.4dfp.img
Writing: talsrcimg.4dfp.ifh
ifh2hdr talsrcimg -r0to202
ori=2

---------------------------------------------------------------------
gauss_4dfp talsrcimg 1.1
---------------------------------------------------------------------

freesurfer gauss_4dfp.c
Reading: talsrcimg.4dfp.img
Writing: talsrcimg_g11.4dfp.img
image dimensions 256 256 256 padded to 288 288 288
processing volume 1freesurfer ifh2hdr.c
Thu Mar 12 07:49:01 2026
Writing: talsrcimg_g11.4dfp.hdr

Writing: talsrcimg_g11.4dfp.ifh
including: talsrcimg.4dfp.img.rec in talsrcimg_g11.4dfp.img.rec

---------------------------------------------------------------------
imgreg_4dfp /opt/freesurfer/average/711-2C_as_mni_average_305 none talsrcimg_g11 none talsrcimg_to_711-2C_as_mni_average_305_t4 4355
---------------------------------------------------------------------

freesurfer imgreg_4dfp.c
/opt/freesurfer/average/711-2C_as_mni_average_305.4dfp.img
       256       256       256         1
  1.000000  1.000000  1.000000
orientation T byte_order littleendian
Reading image: /opt/freesurfer/average/711-2C_as_mni_average_305.4dfp.img
dimensions:      256       256       256
mmppix:       1.0000   -1.0000   -1.0000
center:     128.0000 -129.0000 -129.0000
talsrcimg_g11.4dfp.img
       256       256       256         1
  1.000000  1.000000  1.000000
orientation T byte_order littleendian
Reading image: talsrcimg_g11.4dfp.img
dimensions:      256       256       256
mmppix:       1.0000   -1.0000   -1.0000
center:     128.0000 -129.0000 -129.0000
t4_read: open error in t4_sub.f l:  41 t4_file(1:l)talsrcimg_to_711-2C_as_mni_average_305_t4 
t4_read: transform initialized to I4
rotation matrix determinant  1.000000
image alignment mode   4355 decimal     1103 hex
   -7.5000  -45.0000  -45.0000 7307.0562   14.7607
    0.0000  -45.0000  -45.0000 7696.4438   14.7643
    7.5000  -45.0000  -45.0000 7397.1631   14.7820
   -7.5000  -37.5000  -45.0000 7980.1411   14.5521
    0.0000  -37.5000  -45.0000 8411.6367   14.5492
    7.5000  -37.5000  -45.0000 8059.8154   14.5625
   -7.5000  -30.0000  -45.0000 8995.0645   14.4474
    0.0000  -30.0000  -45.0000 9487.7637   14.4387
    7.5000  -30.0000  -45.0000 9062.1758   14.4498
   -7.5000  -22.5000  -45.0000 9994.3486   14.4038
    0.0000  -22.5000  -45.000010538.6768   14.3944
    7.5000  -22.5000  -45.000010041.1709   14.4073
   -7.5000  -15.0000  -45.000010943.8740   14.4041
    0.0000  -15.0000  -45.000011544.6807   14.4004
    7.5000  -15.0000  -45.000010983.2051   14.4172
   -7.5000   -7.5000  -45.000011760.2949   14.4253
    0.0000   -7.5000  -45.000012413.1455   14.4276
    7.5000   -7.5000  -45.000011799.8398   14.4459
   -7.5000    0.0000  -45.000012474.0576   14.4328
    0.0000    0.0000  -45.000013173.7549   14.4346
    7.5000    0.0000  -45.000012519.1367   14.4504
   -7.5000    7.5000  -45.000012308.3633   14.4173
    0.0000    7.5000  -45.000012982.0078   14.4134
    7.5000    7.5000  -45.000012341.2256   14.4256
   -7.5000   15.0000  -45.000012009.4570   14.3961
    0.0000   15.0000  -45.000012642.1914   14.3868
    7.5000   15.0000  -45.000012043.8936   14.3974
   -7.5000   22.5000  -45.000011573.1924   14.3884
    0.0000   22.5000  -45.000012193.4287   14.3788
    7.5000   22.5000  -45.000011619.9424   14.3915
   -7.5000   30.0000  -45.000011125.0469   14.2121
    0.0000   30.0000  -45.000011724.8945   14.2085
    7.5000   30.0000  -45.000011142.3662   14.2251
   -7.5000   37.5000  -45.000010977.1221   14.2330
    0.0000   37.5000  -45.000011555.3223   14.2353
    7.5000   37.5000  -45.000010993.8867   14.2534
   -7.5000   45.0000  -45.000010150.4082   13.8789
    0.0000   45.0000  -45.000010676.2500   13.8806
    7.5000   45.0000  -45.000010153.1377   13.8958
   -7.5000  -45.0000  -37.5000 7695.8623   14.7739
    0.0000  -45.0000  -37.5000 8115.4482   14.7769
    7.5000  -45.0000  -37.5000 7777.2178   14.7952
   -7.5000  -37.5000  -37.5000 8433.6270   14.5620
    0.0000  -37.5000  -37.5000 8888.9326   14.5578
    7.5000  -37.5000  -37.5000 8506.1006   14.5696
   -7.5000  -30.0000  -37.5000 9503.4941   14.4538
    0.0000  -30.0000  -37.500010010.5049   14.4427
    7.5000  -30.0000  -37.5000 9563.7979   14.4512
   -7.5000  -22.5000  -37.500010553.4580   14.4092
    0.0000  -22.5000  -37.500011117.2637   14.3974
    7.5000  -22.5000  -37.500010581.1309   14.4084
   -7.5000  -15.0000  -37.500011551.7119   14.4115
    0.0000  -15.0000  -37.500012157.3643   14.4058
    7.5000  -15.0000  -37.500011579.9238   14.4222
   -7.5000   -7.5000  -37.500012406.7266   14.4368
    0.0000   -7.5000  -37.500013080.0840   14.4378
    7.5000   -7.5000  -37.500012455.4893   14.4570
   -7.5000    0.0000  -37.500013161.6133   14.4459
    0.0000    0.0000  -37.500013896.4336   14.4470
    7.5000    0.0000  -37.500013219.2314   14.4635
   -7.5000    7.5000  -37.500012960.2178   14.4276
    0.0000    7.5000  -37.500013662.9971   14.4224
    7.5000    7.5000  -37.500013010.4580   14.4332
   -7.5000   15.0000  -37.500012586.1943   14.4028
    0.0000   15.0000  -37.500013268.5498   14.3911
    7.5000   15.0000  -37.500012624.4355   14.3991
   -7.5000   22.5000  -37.500012119.7422   14.3937
    0.0000   22.5000  -37.500012773.1143   14.3818
    7.5000   22.5000  -37.500012150.0967   14.3926
   -7.5000   30.0000  -37.500011634.4258   14.2194
    0.0000   30.0000  -37.500012252.2461   14.2138
    7.5000   30.0000  -37.500011642.2686   14.2300
   -7.5000   37.5000  -37.500011473.5918   14.2445
    0.0000   37.5000  -37.500012085.0166   14.2454
    7.5000   37.5000  -37.500011475.0371   14.2644
   -7.5000   45.0000  -37.500010606.2744   13.8914
    0.0000   45.0000  -37.500011164.2734   13.8925
    7.5000   45.0000  -37.500010603.8252   13.9084
   -7.5000  -45.0000  -30.0000 8252.5557   15.4013
    0.0000  -45.0000  -30.0000 8687.6025   15.4052
    7.5000  -45.0000  -30.0000 8327.2637   15.4246
   -7.5000  -37.5000  -30.0000 9039.1748   15.1820
    0.0000  -37.5000  -30.0000 9508.6416   15.1773
    7.5000  -37.5000  -30.0000 9112.9980   15.1872
   -7.5000  -30.0000  -30.000010168.1162   15.0701
    0.0000  -30.0000  -30.000010682.2686   15.0579
    7.5000  -30.0000  -30.000010212.1885   15.0636
   -7.5000  -22.5000  -30.000011271.3818   15.0221
    0.0000  -22.5000  -30.000011822.8428   15.0109
    7.5000  -22.5000  -30.000011298.8535   15.0212
   -7.5000  -15.0000  -30.000012320.0742   15.0228
    0.0000  -15.0000  -30.000012926.1113   15.0188
    7.5000  -15.0000  -30.000012340.9111   15.0374
   -7.5000   -7.5000  -30.000013235.1104   15.0487
    0.0000   -7.5000  -30.000013917.6055   15.0514
    7.5000   -7.5000  -30.000013290.6982   15.0733
   -7.5000    0.0000  -30.000014057.2236   15.0590
    0.0000    0.0000  -30.000014807.2080   15.0610
    7.5000    0.0000  -30.000014116.3867   15.0782
   -7.5000    7.5000  -30.000013814.7646   15.0420
    0.0000    7.5000  -30.000014575.0176   15.0362
    7.5000    7.5000  -30.000013851.4580   15.0451
   -7.5000   15.0000  -30.000013378.2734   15.0170
    0.0000   15.0000  -30.000014151.0605   15.0044
    7.5000   15.0000  -30.000013419.0244   15.0096
   -7.5000   22.5000  -30.000012892.9131   15.0045
    0.0000   22.5000  -30.000013620.0400   14.9930
    7.5000   22.5000  -30.000012921.9883   15.0032
   -7.5000   30.0000  -30.000012319.5811   14.8240
    0.0000   30.0000  -30.000013000.2070   14.8201
    7.5000   30.0000  -30.000012336.4258   14.8384
   -7.5000   37.5000  -30.000012142.1846   14.8496
    0.0000   37.5000  -30.000012791.5781   14.8522
    7.5000   37.5000  -30.000012130.2246   14.8738
   -7.5000   45.0000  -30.000011213.3887   14.4917
    0.0000   45.0000  -30.000011798.4521   14.4936
    7.5000   45.0000  -30.000011205.0010   14.5102
   -7.5000  -45.0000  -22.5000 8792.3945   15.9172
    0.0000  -45.0000  -22.5000 9225.8604   15.9228
    7.5000  -45.0000  -22.5000 8853.2998   15.9416
   -7.5000  -37.5000  -22.5000 9624.4473   15.6965
    0.0000  -37.5000  -22.500010114.2959   15.6924
    7.5000  -37.5000  -22.5000 9685.2451   15.7024
   -7.5000  -30.0000  -22.500010801.1592   15.5871
    0.0000  -30.0000  -22.500011344.7334   15.5760
    7.5000  -30.0000  -22.500010843.7188   15.5821
   -7.5000  -22.5000  -22.500011951.1094   15.5384
    0.0000  -22.5000  -22.500012542.7471   15.5295
    7.5000  -22.5000  -22.500011985.2598   15.5407
   -7.5000  -15.0000  -22.500013051.1348   15.5346
    0.0000  -15.0000  -22.500013697.0264   15.5339
    7.5000  -15.0000  -22.500013062.4287   15.5534
   -7.5000   -7.5000  -22.500014059.3174   15.5547
    0.0000   -7.5000  -22.500014744.8564   15.5601
    7.5000   -7.5000  -22.500014077.6602   15.5820
   -7.5000    0.0000  -22.500014928.4229   15.5633
    0.0000    0.0000  -22.500015719.6396   15.5666
    7.5000    0.0000  -22.500014956.5752   15.5833
   -7.5000    7.5000  -22.500014625.8896   15.5512
    0.0000    7.5000  -22.500015444.6367   15.5460
    7.5000    7.5000  -22.500014634.3096   15.5549
   -7.5000   15.0000  -22.500014194.1055   15.5320
    0.0000   15.0000  -22.500015010.6885   15.5205
    7.5000   15.0000  -22.500014179.3936   15.5262
   -7.5000   22.5000  -22.500013686.2275   15.5191
    0.0000   22.5000  -22.500014472.2734   15.5100
    7.5000   22.5000  -22.500013673.1562   15.5211
   -7.5000   30.0000  -22.500013031.9980   15.3314
    0.0000   30.0000  -22.500013742.9902   15.3307
    7.5000   30.0000  -22.500013004.0068   15.3499
   -7.5000   37.5000  -22.500012810.4414   15.3512
    0.0000   37.5000  -22.500013482.4688   15.3566
    7.5000   37.5000  -22.500012765.5469   15.3782
   -7.5000   45.0000  -22.500011854.7471   14.9882
    0.0000   45.0000  -22.500012459.1943   14.9914
    7.5000   45.0000  -22.500011800.4150   15.0074
   -7.5000  -45.0000  -15.0000 9305.8691   16.2740
    0.0000  -45.0000  -15.0000 9760.9834   16.2811
    7.5000  -45.0000  -15.0000 9345.1475   16.3004
   -7.5000  -37.5000  -15.000010189.5889   16.0533
    0.0000  -37.5000  -15.000010698.0908   16.0508
    7.5000  -37.5000  -15.000010238.4551   16.0634
   -7.5000  -30.0000  -15.000011433.2871   15.9468
    0.0000  -30.0000  -15.000012002.7441   15.9378
    7.5000  -30.0000  -15.000011479.8867   15.9476
   -7.5000  -22.5000  -15.000012632.3291   15.8983
    0.0000  -22.5000  -15.000013272.7256   15.8916
    7.5000  -22.5000  -15.000012677.4443   15.9053
   -7.5000  -15.0000  -15.000013764.5723   15.8908
    0.0000  -15.0000  -15.000014443.8262   15.8925
    7.5000  -15.0000  -15.000013761.5137   15.9129
   -7.5000   -7.5000  -15.000014823.8789   15.9054
    0.0000   -7.5000  -15.000015522.9160   15.9129
    7.5000   -7.5000  -15.000014800.8379   15.9346
   -7.5000    0.0000  -15.000015784.3467   15.9123
    0.0000    0.0000  -15.000016577.6035   15.9170
    7.5000    0.0000  -15.000015765.0391   15.9340
   -7.5000    7.5000  -15.000015471.1221   15.9043
    0.0000    7.5000  -15.000016313.7227   15.9005
    7.5000    7.5000  -15.000015424.5488   15.9120
   -7.5000   15.0000  -15.000015037.7383   15.8902
    0.0000   15.0000  -15.000015869.2080   15.8807
    7.5000   15.0000  -15.000014957.8896   15.8900
   -7.5000   22.5000  -15.000014464.7549   15.8779
    0.0000   22.5000  -15.000015260.0537   15.8711
    7.5000   22.5000  -15.000014396.7910   15.8846
   -7.5000   30.0000  -15.000013725.0547   15.6851
    0.0000   30.0000  -15.000014442.1367   15.6868
    7.5000   30.0000  -15.000013652.9717   15.7069
   -7.5000   37.5000  -15.000013456.8564   15.6995
    0.0000   37.5000  -15.000014145.4678   15.7070
    7.5000   37.5000  -15.000013388.4609   15.7284
   -7.5000   45.0000  -15.000012440.7900   15.3335
    0.0000   45.0000  -15.000013077.6592   15.3381
    7.5000   45.0000  -15.000012391.3154   15.3545
   -7.5000  -45.0000   -7.5000 9847.0146   16.4508
    0.0000  -45.0000   -7.500010339.1797   16.4570
    7.5000  -45.0000   -7.5000 9884.3799   16.4767
   -7.5000  -37.5000   -7.500010767.5674   16.2258
    0.0000  -37.5000   -7.500011312.0615   16.2237
    7.5000  -37.5000   -7.500010798.7559   16.2380
   -7.5000  -30.0000   -7.500012076.7158   16.1159
    0.0000  -30.0000   -7.500012688.8867   16.1078
    7.5000  -30.0000   -7.500012122.6406   16.1200
   -7.5000  -22.5000   -7.500013312.9287   16.0672
    0.0000  -22.5000   -7.500013987.2822   16.0599
    7.5000  -22.5000   -7.500013347.4043   16.0750
   -7.5000  -15.0000   -7.500014459.0039   16.0615
    0.0000  -15.0000   -7.500015145.5986   16.0617
    7.5000  -15.0000   -7.500014444.4697   16.0822
   -7.5000   -7.5000   -7.500015551.9102   16.0782
    0.0000   -7.5000   -7.500016244.7607   16.0843
    7.5000   -7.5000   -7.500015511.2090   16.1058
   -7.5000    0.0000   -7.500016573.6035   16.0857
    0.0000    0.0000   -7.500017400.8926   16.0895
    7.5000    0.0000   -7.500016532.3633   16.1070
   -7.5000    7.5000   -7.500016301.4990   16.0751
    0.0000    7.5000   -7.500017230.0703   16.0719
    7.5000    7.5000   -7.500016255.2119   16.0851
   -7.5000   15.0000   -7.500015895.7764   16.0585
    0.0000   15.0000   -7.500016762.6152   16.0498
    7.5000   15.0000   -7.500015794.7168   16.0616
   -7.5000   22.5000   -7.500015290.1592   16.0448
    0.0000   22.5000   -7.500016047.5498   16.0375
    7.5000   22.5000   -7.500015171.7266   16.0524
   -7.5000   30.0000   -7.500014435.1631   15.8532
    0.0000   30.0000   -7.500015164.9736   15.8534
    7.5000   30.0000   -7.500014341.7969   15.8736
   -7.5000   37.5000   -7.500014101.5537   15.8697
    0.0000   37.5000   -7.500014844.1348   15.8757
    7.5000   37.5000   -7.500014005.4893   15.8969
   -7.5000   45.0000   -7.500013037.4561   15.5035
    0.0000   45.0000   -7.500013741.0752   15.5072
    7.5000   45.0000   -7.500012952.3750   15.5241
   -7.5000  -45.0000    0.000010225.6201   16.4919
    0.0000  -45.0000    0.000010754.5518   16.4957
    7.5000  -45.0000    0.000010278.7168   16.5152
   -7.5000  -37.5000    0.000011196.6797   16.2597
    0.0000  -37.5000    0.000011760.9805   16.2563
    7.5000  -37.5000    0.000011222.6084   16.2709
   -7.5000  -30.0000    0.000012575.5352   16.1433
    0.0000  -30.0000    0.000013188.8867   16.1333
    7.5000  -30.0000    0.000012611.1855   16.1456
   -7.5000  -22.5000    0.000013868.1895   16.0944
    0.0000  -22.5000    0.000014527.4141   16.0837
    7.5000  -22.5000    0.000013898.4004   16.0980
   -7.5000  -15.0000    0.000015026.1963   16.0942
    0.0000  -15.0000    0.000015711.6816   16.0899
    7.5000  -15.0000    0.000015032.7656   16.1085
   -7.5000   -7.5000    0.000016134.8604   16.1175
    0.0000   -7.5000    0.000016814.8223   16.1199
    7.5000   -7.5000    0.000016115.5039   16.1402
   -7.5000    0.0000    0.000017241.2500   16.1262
    0.0000    0.0000    0.000018082.9688   16.1279
    7.5000    0.0000    0.000017214.0195   16.1453
   -7.5000    7.5000    0.000017114.4492   16.1093
    0.0000    7.5000    0.000018044.3398   16.1047
    7.5000    7.5000    0.000017048.6641   16.1182
   -7.5000   15.0000    0.000016794.2832   16.0860
    0.0000   15.0000    0.000017718.0547   16.0754
    7.5000   15.0000    0.000016718.8516   16.0871
   -7.5000   22.5000    0.000016122.0898   16.0721
    0.0000   22.5000    0.000017008.7051   16.0611
    7.5000   22.5000    0.000016049.9209   16.0752
   -7.5000   30.0000    0.000015141.6523   15.8859
    0.0000   30.0000    0.000016031.3457   15.8816
    7.5000   30.0000    0.000015086.8975   15.9000
   -7.5000   37.5000    0.000014672.1738   15.9089
    0.0000   37.5000    0.000015529.6182   15.9113
    7.5000   37.5000    0.000014600.7139   15.9313
   -7.5000   45.0000    0.000013563.1387   15.5438
    0.0000   45.0000    0.000014324.4668   15.5454
    7.5000   45.0000    0.000013468.0615   15.5622
   -7.5000  -45.0000    7.5000 9816.1592   16.5302
    0.0000  -45.0000    7.500010342.5078   16.5335
    7.5000  -45.0000    7.5000 9872.6309   16.5540
   -7.5000  -37.5000    7.500010739.8369   16.2932
    0.0000  -37.5000    7.500011272.7041   16.2885
    7.5000  -37.5000    7.500010774.8428   16.3018
   -7.5000  -30.0000    7.500012055.0039   16.1722
    0.0000  -30.0000    7.500012609.8994   16.1597
    7.5000  -30.0000    7.500012080.9941   16.1692
   -7.5000  -22.5000    7.500013289.8203   16.1220
    0.0000  -22.5000    7.500013901.8682   16.1088
    7.5000  -22.5000    7.500013318.8203   16.1211
   -7.5000  -15.0000    7.500014375.9443   16.1245
    0.0000  -15.0000    7.500015033.9844   16.1180
    7.5000  -15.0000    7.500014411.3721   16.1364
   -7.5000   -7.5000    7.500015436.4893   16.1529
    0.0000   -7.5000    7.500016136.5400   16.1539
    7.5000   -7.5000    7.500015474.6133   16.1754
   -7.5000    0.0000    7.500016510.7578   16.1632
    0.0000    0.0000    7.500017346.2793   16.1645
    7.5000    0.0000    7.500016517.8066   16.1829
   -7.5000    7.5000    7.500016337.2012   16.1429
    0.0000    7.5000    7.500017235.6895   16.1371
    7.5000    7.5000    7.500016365.8760   16.1492
   -7.5000   15.0000    7.500015986.9980   16.1150
    0.0000   15.0000    7.500016935.4512   16.1020
    7.5000   15.0000    7.500016018.3262   16.1110
   -7.5000   22.5000    7.500015406.6201   16.0995
    0.0000   22.5000    7.500016282.0879   16.0862
    7.5000   22.5000    7.500015390.6104   16.0982
   -7.5000   30.0000    7.500014511.2744   15.9158
    0.0000   30.0000    7.500015332.1230   15.9094
    7.5000   30.0000    7.500014507.2959   15.9276
   -7.5000   37.5000    7.500013989.1904   15.9439
    0.0000   37.5000    7.500014772.8076   15.9449
    7.5000   37.5000    7.500013994.4492   15.9661
   -7.5000   45.0000    7.500012950.6523   15.5795
    0.0000   45.0000    7.500013601.2559   15.5807
    7.5000   45.0000    7.500012926.1748   15.5984
   -7.5000  -45.0000   15.0000 9279.3955   16.5935
    0.0000  -45.0000   15.0000 9775.4473   16.5976
    7.5000  -45.0000   15.0000 9338.0020   16.6175
   -7.5000  -37.5000   15.000010148.8906   16.3591
    0.0000  -37.5000   15.000010673.6484   16.3540
    7.5000  -37.5000   15.000010202.7773   16.3637
   -7.5000  -30.0000   15.000011379.4316   16.2377
    0.0000  -30.0000   15.000011959.7227   16.2248
    7.5000  -30.0000   15.000011429.3037   16.2297
   -7.5000  -22.5000   15.000012544.4648   16.1855
    0.0000  -22.5000   15.000013156.2715   16.1736
    7.5000  -22.5000   15.000012585.1631   16.1836
   -7.5000  -15.0000   15.000013646.2812   16.1863
    0.0000  -15.0000   15.000014293.6992   16.1821
    7.5000  -15.0000   15.000013694.6074   16.2011
   -7.5000   -7.5000   15.000014687.4395   16.2148
    0.0000   -7.5000   15.000015395.3281   16.2176
    7.5000   -7.5000   15.000014743.0273   16.2402
   -7.5000    0.0000   15.000015658.8477   16.2262
    0.0000    0.0000   15.000016424.8516   16.2283
    7.5000    0.0000   15.000015700.7529   16.2459
   -7.5000    7.5000   15.000015409.5264   16.2077
    0.0000    7.5000   15.000016122.9990   16.2015
    7.5000    7.5000   15.000015454.5547   16.2100
   -7.5000   15.0000   15.000015045.2363   16.1803
    0.0000   15.0000   15.000015704.9551   16.1669
    7.5000   15.0000   15.000015077.8838   16.1714
   -7.5000   22.5000   15.000014530.3359   16.1629
    0.0000   22.5000   15.000015148.9648   16.1508
    7.5000   22.5000   15.000014508.8174   16.1606
   -7.5000   30.0000   15.000013733.7139   15.9768
    0.0000   30.0000   15.000014309.1982   15.9727
    7.5000   30.0000   15.000013720.9297   15.9914
   -7.5000   37.5000   15.000013261.3105   16.0049
    0.0000   37.5000   15.000013811.8389   16.0077
    7.5000   37.5000   15.000013253.6904   16.0301
   -7.5000   45.0000   15.000012312.8438   15.6402
    0.0000   45.0000   15.000012792.1855   15.6422
    7.5000   45.0000   15.000012266.8516   15.6592
   -7.5000  -45.0000   22.5000 8645.8018   16.6741
    0.0000  -45.0000   22.5000 9121.6377   16.6795
    7.5000  -45.0000   22.5000 8699.4268   16.6974
   -7.5000  -37.5000   22.5000 9462.6260   16.4464
    0.0000  -37.5000   22.5000 9984.3398   16.4417
    7.5000  -37.5000   22.5000 9521.5352   16.4502
   -7.5000  -30.0000   22.500010629.1084   16.3301
    0.0000  -30.0000   22.500011212.0430   16.3182
    7.5000  -30.0000   22.500010688.7021   16.3225
   -7.5000  -22.5000   22.500011714.8584   16.2786
    0.0000  -22.5000   22.500012325.4580   16.2689
    7.5000  -22.5000   22.500011777.2412   16.2786
   -7.5000  -15.0000   22.500012778.7256   16.2751
    0.0000  -15.0000   22.500013397.6680   16.2740
    7.5000  -15.0000   22.500012813.8486   16.2925
   -7.5000   -7.5000   22.500013779.4893   16.2969
    0.0000   -7.5000   22.500014446.3271   16.3022
    7.5000   -7.5000   22.500013797.6396   16.3234
   -7.5000    0.0000   22.500014622.7305   16.3061
    0.0000    0.0000   22.500015308.0986   16.3092
    7.5000    0.0000   22.500014643.2051   16.3248
   -7.5000    7.5000   22.500014365.4287   16.2928
    0.0000    7.5000   22.500014963.1260   16.2870
    7.5000    7.5000   22.500014391.4180   16.2943
   -7.5000   15.0000   22.500013999.7832   16.2719
    0.0000   15.0000   22.500014562.7959   16.2595
    7.5000   15.0000   22.500014041.4746   16.2634
   -7.5000   22.5000   22.500013533.2881   16.2557
    0.0000   22.5000   22.500014083.7793   16.2459
    7.5000   22.5000   22.500013546.9092   16.2555
   -7.5000   30.0000   22.500012830.1826   16.0644
    0.0000   30.0000   22.500013377.8818   16.0634
    7.5000   30.0000   22.500012825.8711   16.0816
   -7.5000   37.5000   22.500012399.0010   16.0860
    0.0000   37.5000   22.500012921.0078   16.0912
    7.5000   37.5000   22.500012393.1729   16.1121
   -7.5000   45.0000   22.500011482.5020   15.7172
    0.0000   45.0000   22.500011963.3428   15.7202
    7.5000   45.0000   22.500011445.0254   15.7353
   -7.5000  -45.0000   30.0000 7982.2803   16.9103
    0.0000  -45.0000   30.0000 8399.9092   16.9170
    7.5000  -45.0000   30.0000 8018.7231   16.9346
   -7.5000  -37.5000   30.0000 8739.6689   16.6836
    0.0000  -37.5000   30.0000 9203.3311   16.6803
    7.5000  -37.5000   30.0000 8797.4326   16.6906
   -7.5000  -30.0000   30.0000 9807.6230   16.5699
    0.0000  -30.0000   30.000010333.5488   16.5601
    7.5000  -30.0000   30.0000 9854.2178   16.5674
   -7.5000  -22.5000   30.000010822.1387   16.5194
    0.0000  -22.5000   30.000011393.0088   16.5122
    7.5000  -22.5000   30.000010865.0000   16.5238
   -7.5000  -15.0000   30.000011797.1387   16.5128
    0.0000  -15.0000   30.000012425.3164   16.5145
    7.5000  -15.0000   30.000011825.8721   16.5336
   -7.5000   -7.5000   30.000012726.2793   16.5288
    0.0000   -7.5000   30.000013380.1025   16.5364
    7.5000   -7.5000   30.000012755.3584   16.5568
   -7.5000    0.0000   30.000013516.5361   16.5352
    0.0000    0.0000   30.000014128.2256   16.5395
    7.5000    0.0000   30.000013533.0215   16.5547
   -7.5000    7.5000   30.000013269.0068   16.5252
    0.0000    7.5000   30.000013812.0127   16.5206
    7.5000    7.5000   30.000013274.6797   16.5297
   -7.5000   15.0000   30.000012914.8369   16.5096
    0.0000   15.0000   30.000013460.0732   16.4992
    7.5000   15.0000   30.000012933.9531   16.5061
   -7.5000   22.5000   30.000012505.0693   16.4960
    0.0000   22.5000   30.000013035.2480   16.4887
    7.5000   22.5000   30.000012511.2686   16.5002
   -7.5000   30.0000   30.000011886.9785   16.2991
    0.0000   30.0000   30.000012408.6748   16.3008
    7.5000   30.0000   30.000011886.1924   16.3196
   -7.5000   37.5000   30.000011489.7891   16.3149
    0.0000   37.5000   30.000011980.2725   16.3224
    7.5000   37.5000   30.000011470.2969   16.3425
   -7.5000   45.0000   30.000010631.4482   15.9380
    0.0000   45.0000   30.000011079.4385   15.9422
    7.5000   45.0000   30.000010593.1455   15.9568
   -7.5000  -45.0000   37.5000 7626.6284   17.2991
    0.0000  -45.0000   37.5000 8002.5596   17.3051
    7.5000  -45.0000   37.5000 7649.2881   17.3228
   -7.5000  -37.5000   37.5000 8334.6885   17.0628
    0.0000  -37.5000   37.5000 8761.0332   17.0593
    7.5000  -37.5000   37.5000 8390.0342   17.0708
   -7.5000  -30.0000   37.5000 9363.3691   16.9404
    0.0000  -30.0000   37.5000 9869.7646   16.9308
    7.5000  -30.0000   37.5000 9393.3203   16.9401
   -7.5000  -22.5000   37.500010341.4180   16.8868
    0.0000  -22.5000   37.500010894.7451   16.8791
    7.5000  -22.5000   37.500010370.9980   16.8922
   -7.5000  -15.0000   37.500011277.5400   16.8826
    0.0000  -15.0000   37.500011878.1328   16.8835
    7.5000  -15.0000   37.500011306.3408   16.9029
   -7.5000   -7.5000   37.500012148.9082   16.9031
    0.0000   -7.5000   37.500012788.9990   16.9100
    7.5000   -7.5000   37.500012174.3291   16.9302
   -7.5000    0.0000   37.500012891.5371   16.9114
    0.0000    0.0000   37.500013517.8945   16.9149
    7.5000    0.0000   37.500012911.4043   16.9301
   -7.5000    7.5000   37.500012666.3301   16.8976
    0.0000    7.5000   37.500013244.4873   16.8928
    7.5000    7.5000   37.500012664.0547   16.9031
   -7.5000   15.0000   37.500012315.1230   16.8771
    0.0000   15.0000   37.500012863.0576   16.8669
    7.5000   15.0000   37.500012314.2959   16.8758
   -7.5000   22.5000   37.500011942.1250   16.8625
    0.0000   22.5000   37.500012450.4141   16.8547
    7.5000   22.5000   37.500011942.3711   16.8676
   -7.5000   30.0000   37.500011376.2402   16.6641
    0.0000   30.0000   37.500011874.2900   16.6650
    7.5000   30.0000   37.500011380.9072   16.6841
   -7.5000   37.5000   37.500010975.8965   16.6843
    0.0000   37.5000   37.500011466.9404   16.6911
    7.5000   37.5000   37.500010969.6738   16.7111
   -7.5000   45.0000   37.500010158.6592   16.3006
    0.0000   45.0000   37.500010615.3184   16.3040
    7.5000   45.0000   37.500010140.2383   16.3187
   -7.5000  -45.0000   45.0000 6974.4453   17.7724
    0.0000  -45.0000   45.0000 7302.7354   17.7754
    7.5000  -45.0000   45.0000 6997.4272   17.7956
   -7.5000  -37.5000   45.0000 7618.3862   17.5184
    0.0000  -37.5000   45.0000 7990.3564   17.5127
    7.5000  -37.5000   45.0000 7647.9902   17.5256
   -7.5000  -30.0000   45.0000 8558.0127   17.3843
    0.0000  -30.0000   45.0000 8995.0771   17.3712
    7.5000  -30.0000   45.0000 8566.5498   17.3802
   -7.5000  -22.5000   45.0000 9466.0615   17.3285
    0.0000  -22.5000   45.0000 9973.7627   17.3151
    7.5000  -22.5000   45.0000 9485.5889   17.3267
   -7.5000  -15.0000   45.000010338.8340   17.3303
    0.0000  -15.0000   45.000010882.4443   17.3248
    7.5000  -15.0000   45.000010358.1797   17.3427
   -7.5000   -7.5000   45.000011126.9316   17.3581
    0.0000   -7.5000   45.000011695.8887   17.3601
    7.5000   -7.5000   45.000011155.7266   17.3812
   -7.5000    0.0000   45.000011797.7695   17.3667
    0.0000    0.0000   45.000012356.7852   17.3674
    7.5000    0.0000   45.000011806.9219   17.3850
   -7.5000    7.5000   45.000011576.0996   17.3453
    0.0000    7.5000   45.000012101.0850   17.3383
    7.5000    7.5000   45.000011579.9004   17.3498
   -7.5000   15.0000   45.000011261.0898   17.3174
    0.0000   15.0000   45.000011766.1504   17.3037
    7.5000   15.0000   45.000011266.7559   17.3120
   -7.5000   22.5000   45.000010920.4248   17.3030
    0.0000   22.5000   45.000011401.6875   17.2894
    7.5000   22.5000   45.000010932.3311   17.3007
   -7.5000   30.0000   45.000010434.4434   17.1045
    0.0000   30.0000   45.000010907.1143   17.0991
    7.5000   30.0000   45.000010436.4160   17.1167
   -7.5000   37.5000   45.000010078.2607   17.1320
    0.0000   37.5000   45.000010551.6465   17.1340
    7.5000   37.5000   45.000010075.1895   17.1547
   -7.5000   45.0000   45.0000 9337.1494   16.7471
    0.0000   45.0000   45.0000 9754.4287   16.7478
    7.5000   45.0000   45.0000 9305.2568   16.7647

---------------------------------------------------------------------
imgreg_4dfp /opt/freesurfer/average/711-2C_as_mni_average_305 /opt/freesurfer/average/711-2B_as_mni_average_305_mask talsrcimg_g11 none talsrcimg_to_711-2C_as_mni_average_305_t4 4355
---------------------------------------------------------------------

freesurfer imgreg_4dfp.c
/opt/freesurfer/average/711-2C_as_mni_average_305.4dfp.img
       256       256       256         1
  1.000000  1.000000  1.000000
orientation T byte_order littleendian
Reading image: /opt/freesurfer/average/711-2C_as_mni_average_305.4dfp.img
dimensions:      256       256       256
mmppix:       1.0000   -1.0000   -1.0000
center:     128.0000 -129.0000 -129.0000
/opt/freesurfer/average/711-2B_as_mni_average_305_mask.4dfp.img
       256       256       256         1
  1.000000  1.000000  1.000000
orientation T byte_order littleendian
Reading mask: /opt/freesurfer/average/711-2B_as_mni_average_305_mask.4dfp.img (2306576 pixels)
talsrcimg_g11.4dfp.img
       256       256       256         1
  1.000000  1.000000  1.000000
orientation T byte_order littleendian
Reading image: talsrcimg_g11.4dfp.img
dimensions:      256       256       256
mmppix:       1.0000   -1.0000   -1.0000
center:     128.0000 -129.0000 -129.0000
rotation matrix determinant  1.000000
image alignment mode   4355 decimal     1103 hex
   -7.5000  -45.0000  -45.0000 1932.3263   19.7936
    0.0000  -45.0000  -45.0000 1950.4320   19.7032
    7.5000  -45.0000  -45.0000 1943.2369   19.8088
   -7.5000  -37.5000  -45.0000 2058.0994   17.4870
    0.0000  -37.5000  -45.0000 2082.2410   17.3982
    7.5000  -37.5000  -45.0000 2068.3408   17.4332
   -7.5000  -30.0000  -45.0000 2177.8203   15.7171
    0.0000  -30.0000  -45.0000 2201.5144   15.6427
    7.5000  -30.0000  -45.0000 2190.3018   15.6477
   -7.5000  -22.5000  -45.0000 2286.9570   14.3965
    0.0000  -22.5000  -45.0000 2303.7166   14.3551
    7.5000  -22.5000  -45.0000 2295.2869   14.3534
   -7.5000  -15.0000  -45.0000 2364.3364   13.4529
    0.0000  -15.0000  -45.0000 2386.1543   13.4389
    7.5000  -15.0000  -45.0000 2372.5962   13.4094
   -7.5000   -7.5000  -45.0000 2411.5825   12.8010
    0.0000   -7.5000  -45.0000 2433.9678   12.7676
    7.5000   -7.5000  -45.0000 2418.2644   12.7892
   -7.5000    0.0000  -45.0000 2435.5974   12.4141
    0.0000    0.0000  -45.0000 2459.0923   12.3473
    7.5000    0.0000  -45.0000 2442.9490   12.4112
   -7.5000    7.5000  -45.0000 2445.7148   12.2592
    0.0000    7.5000  -45.0000 2470.6301   12.1568
    7.5000    7.5000  -45.0000 2451.4524   12.2379
   -7.5000   15.0000  -45.0000 2442.9429   12.3115
    0.0000   15.0000  -45.0000 2463.9722   12.1778
    7.5000   15.0000  -45.0000 2447.1997   12.2738
   -7.5000   22.5000  -45.0000 2413.8782   12.6906
    0.0000   22.5000  -45.0000 2441.5750   12.5480
    7.5000   22.5000  -45.0000 2420.7041   12.6514
   -7.5000   30.0000  -45.0000 2370.1567   13.3342
    0.0000   30.0000  -45.0000 2398.0708   13.1934
    7.5000   30.0000  -45.0000 2375.5723   13.3005
   -7.5000   37.5000  -45.0000 2303.8574   14.2331
    0.0000   37.5000  -45.0000 2324.4238   14.0926
    7.5000   37.5000  -45.0000 2305.0149   14.2150
   -7.5000   45.0000  -45.0000 2210.5386   15.3959
    0.0000   45.0000  -45.0000 2231.6350   15.2516
    7.5000   45.0000  -45.0000 2212.6140   15.4111
   -7.5000  -45.0000  -37.5000 1984.4474   18.6716
    0.0000  -45.0000  -37.5000 2004.7111   18.5899
    7.5000  -45.0000  -37.5000 1995.4891   18.6305
   -7.5000  -37.5000  -37.5000 2124.7502   16.4853
    0.0000  -37.5000  -37.5000 2145.0764   16.3724
    7.5000  -37.5000  -37.5000 2132.9290   16.4027
   -7.5000  -30.0000  -37.5000 2249.6716   14.7777
    0.0000  -30.0000  -37.5000 2271.0759   14.6862
    7.5000  -30.0000  -37.5000 2257.9438   14.6839
   -7.5000  -22.5000  -37.5000 2359.0742   13.4899
    0.0000  -22.5000  -37.5000 2382.5066   13.4080
    7.5000  -22.5000  -37.5000 2368.7908   13.4394
   -7.5000  -15.0000  -37.5000 2443.8389   12.5890
    0.0000  -15.0000  -37.5000 2467.9553   12.5292
    7.5000  -15.0000  -37.5000 2451.5039   12.5469
   -7.5000   -7.5000  -37.5000 2497.7944   11.9951
    0.0000   -7.5000  -37.5000 2519.4802   11.9322
    7.5000   -7.5000  -37.5000 2507.1487   11.9758
   -7.5000    0.0000  -37.5000 2530.0510   11.6188
    0.0000    0.0000  -37.5000 2555.5432   11.5612
    7.5000    0.0000  -37.5000 2539.6333   11.6101
   -7.5000    7.5000  -37.5000 2545.4199   11.4623
    0.0000    7.5000  -37.5000 2571.3220   11.3694
    7.5000    7.5000  -37.5000 2556.8110   11.4370
   -7.5000   15.0000  -37.5000 2535.1528   11.5223
    0.0000   15.0000  -37.5000 2558.5913   11.3883
    7.5000   15.0000  -37.5000 2542.8372   11.4779
   -7.5000   22.5000  -37.5000 2502.2363   11.8592
    0.0000   22.5000  -37.5000 2528.4570   11.7231
    7.5000   22.5000  -37.5000 2507.9478   11.8273
   -7.5000   30.0000  -37.5000 2456.0444   12.4572
    0.0000   30.0000  -37.5000 2484.2463   12.3315
    7.5000   30.0000  -37.5000 2462.8608   12.4348
   -7.5000   37.5000  -37.5000 2387.2629   13.2841
    0.0000   37.5000  -37.5000 2407.9644   13.1612
    7.5000   37.5000  -37.5000 2387.5388   13.2875
   -7.5000   45.0000  -37.5000 2286.8669   14.3844
    0.0000   45.0000  -37.5000 2307.1199   14.2222
    7.5000   45.0000  -37.5000 2290.8484   14.3529
   -7.5000  -45.0000  -30.0000 2070.2930   18.3184
    0.0000  -45.0000  -30.0000 2090.8857   18.2153
    7.5000  -45.0000  -30.0000 2081.8079   18.2721
   -7.5000  -37.5000  -30.0000 2216.4314   16.1440
    0.0000  -37.5000  -30.0000 2238.5349   16.0159
    7.5000  -37.5000  -30.0000 2231.6873   16.0618
   -7.5000  -30.0000  -30.0000 2347.1414   14.4350
    0.0000  -30.0000  -30.0000 2365.6873   14.2914
    7.5000  -30.0000  -30.0000 2359.8279   14.3343
   -7.5000  -22.5000  -30.0000 2464.5798   13.1435
    0.0000  -22.5000  -30.0000 2485.4272   13.0238
    7.5000  -22.5000  -30.0000 2475.3191   13.0654
   -7.5000  -15.0000  -30.0000 2557.9209   12.2251
    0.0000  -15.0000  -30.0000 2575.9128   12.1104
    7.5000  -15.0000  -30.0000 2566.2163   12.1761
   -7.5000   -7.5000  -30.0000 2619.6030   11.6331
    0.0000   -7.5000  -30.0000 2641.6367   11.5419
    7.5000   -7.5000  -30.0000 2631.0059   11.6030
   -7.5000    0.0000  -30.0000 2662.8955   11.2687
    0.0000    0.0000  -30.0000 2690.7075   11.1865
    7.5000    0.0000  -30.0000 2672.0103   11.2410
   -7.5000    7.5000  -30.0000 2690.2705   11.0830
    0.0000    7.5000  -30.0000 2718.6387   10.9976
    7.5000    7.5000  -30.0000 2696.6572   11.0479
   -7.5000   15.0000  -30.0000 2674.3789   11.1370
    0.0000   15.0000  -30.0000 2705.3706   11.0551
    7.5000   15.0000  -30.0000 2684.0767   11.1059
   -7.5000   22.5000  -30.0000 2642.6018   11.4853
    0.0000   22.5000  -30.0000 2670.9976   11.3750
    7.5000   22.5000  -30.0000 2652.3667   11.4527
   -7.5000   30.0000  -30.0000 2589.7344   12.0499
    0.0000   30.0000  -30.0000 2621.9121   11.9370
    7.5000   30.0000  -30.0000 2599.5010   12.0277
   -7.5000   37.5000  -30.0000 2513.5232   12.8619
    0.0000   37.5000  -30.0000 2540.5962   12.7420
    7.5000   37.5000  -30.0000 2517.7368   12.8414
   -7.5000   45.0000  -30.0000 2404.9717   13.9311
    0.0000   45.0000  -30.0000 2425.3000   13.7614
    7.5000   45.0000  -30.0000 2410.1348   13.8839
   -7.5000  -45.0000  -22.5000 2129.5974   17.9490
    0.0000  -45.0000  -22.5000 2145.1528   17.7336
    7.5000  -45.0000  -22.5000 2138.8481   17.8358
   -7.5000  -37.5000  -22.5000 2275.7971   15.7843
    0.0000  -37.5000  -22.5000 2298.6421   15.5533
    7.5000  -37.5000  -22.5000 2290.4783   15.6318
   -7.5000  -30.0000  -22.5000 2407.6538   14.0434
    0.0000  -30.0000  -22.5000 2434.1355   13.8501
    7.5000  -30.0000  -22.5000 2423.9077   13.9066
   -7.5000  -22.5000  -22.5000 2531.1169   12.7423
    0.0000  -22.5000  -22.5000 2555.4587   12.5759
    7.5000  -22.5000  -22.5000 2547.9988   12.6419
   -7.5000  -15.0000  -22.5000 2636.7219   11.8124
    0.0000  -15.0000  -22.5000 2658.4556   11.6897
    7.5000  -15.0000  -22.5000 2647.2527   11.7401
   -7.5000   -7.5000  -22.5000 2713.6689   11.1959
    0.0000   -7.5000  -22.5000 2734.7305   11.0976
    7.5000   -7.5000  -22.5000 2721.9971   11.1651
   -7.5000    0.0000  -22.5000 2761.7419   10.8349
    0.0000    0.0000  -22.5000 2792.3687   10.7417
    7.5000    0.0000  -22.5000 2769.5273   10.7997
   -7.5000    7.5000  -22.5000 2794.4631   10.6316
    0.0000    7.5000  -22.5000 2830.4976   10.5496
    7.5000    7.5000  -22.5000 2799.9846   10.5881
   -7.5000   15.0000  -22.5000 2786.3088   10.6983
    0.0000   15.0000  -22.5000 2822.5254   10.6111
    7.5000   15.0000  -22.5000 2791.3608   10.6507
   -7.5000   22.5000  -22.5000 2754.7715   11.0486
    0.0000   22.5000  -22.5000 2790.1589   10.9417
    7.5000   22.5000  -22.5000 2764.9546   10.9895
   -7.5000   30.0000  -22.5000 2697.4590   11.5892
    0.0000   30.0000  -22.5000 2729.0620   11.4622
    7.5000   30.0000  -22.5000 2703.5947   11.5520
   -7.5000   37.5000  -22.5000 2608.8806   12.3488
    0.0000   37.5000  -22.5000 2635.1741   12.2090
    7.5000   37.5000  -22.5000 2612.3081   12.3181
   -7.5000   45.0000  -22.5000 2493.5020   13.3941
    0.0000   45.0000  -22.5000 2515.4114   13.2449
    7.5000   45.0000  -22.5000 2496.1665   13.3462
   -7.5000  -45.0000  -15.0000 2160.0894   17.6510
    0.0000  -45.0000  -15.0000 2176.5615   17.3761
    7.5000  -45.0000  -15.0000 2166.4807   17.4948
   -7.5000  -37.5000  -15.0000 2304.2939   15.4254
    0.0000  -37.5000  -15.0000 2327.6990   15.1806
    7.5000  -37.5000  -15.0000 2317.4724   15.2819
   -7.5000  -30.0000  -15.0000 2438.3633   13.6828
    0.0000  -30.0000  -15.0000 2464.9924   13.4799
    7.5000  -30.0000  -15.0000 2456.0063   13.5653
   -7.5000  -22.5000  -15.0000 2566.0801   12.3743
    0.0000  -22.5000  -15.0000 2594.8662   12.1822
    7.5000  -22.5000  -15.0000 2586.1174   12.2781
   -7.5000  -15.0000  -15.0000 2678.9038   11.4346
    0.0000  -15.0000  -15.0000 2707.7102   11.2798
    7.5000  -15.0000  -15.0000 2695.4885   11.3574
   -7.5000   -7.5000  -15.0000 2769.3516   10.8060
    0.0000   -7.5000  -15.0000 2795.9851   10.6580
    7.5000   -7.5000  -15.0000 2778.4011   10.7454
   -7.5000    0.0000  -15.0000 2830.2559   10.4381
    0.0000    0.0000  -15.0000 2861.2812   10.3023
    7.5000    0.0000  -15.0000 2837.5669   10.3849
   -7.5000    7.5000  -15.0000 2871.5732   10.2521
    0.0000    7.5000  -15.0000 2907.2468   10.1266
    7.5000    7.5000  -15.0000 2874.3279   10.1912
   -7.5000   15.0000  -15.0000 2868.2175   10.3115
    0.0000   15.0000  -15.0000 2905.6658   10.1915
    7.5000   15.0000  -15.0000 2869.9832   10.2515
   -7.5000   22.5000  -15.0000 2830.4043   10.6306
    0.0000   22.5000  -15.0000 2868.5950   10.4937
    7.5000   22.5000  -15.0000 2837.7170   10.5609
   -7.5000   30.0000  -15.0000 2764.2129   11.1538
    0.0000   30.0000  -15.0000 2793.6316   11.0081
    7.5000   30.0000  -15.0000 2767.0955   11.1116
   -7.5000   37.5000  -15.0000 2664.2371   11.9000
    0.0000   37.5000  -15.0000 2691.2117   11.7335
    7.5000   37.5000  -15.0000 2665.6968   11.8783
   -7.5000   45.0000  -15.0000 2539.6445   12.9255
    0.0000   45.0000  -15.0000 2564.5728   12.7449
    7.5000   45.0000  -15.0000 2543.7185   12.8864
   -7.5000  -45.0000   -7.5000 2171.4780   17.4954
    0.0000  -45.0000   -7.5000 2193.6836   17.2430
    7.5000  -45.0000   -7.5000 2181.7100   17.3672
   -7.5000  -37.5000   -7.5000 2310.8394   15.2043
    0.0000  -37.5000   -7.5000 2333.6348   14.9488
    7.5000  -37.5000   -7.5000 2325.4243   15.0787
   -7.5000  -30.0000   -7.5000 2443.8845   13.4477
    0.0000  -30.0000   -7.5000 2471.6353   13.2229
    7.5000  -30.0000   -7.5000 2464.4846   13.3527
   -7.5000  -22.5000   -7.5000 2574.0757   12.1089
    0.0000  -22.5000   -7.5000 2602.9170   11.8918
    7.5000  -22.5000   -7.5000 2594.7864   12.0205
   -7.5000  -15.0000   -7.5000 2694.0269   11.1377
    0.0000  -15.0000   -7.5000 2721.3396   10.9545
    7.5000  -15.0000   -7.5000 2708.9475   11.0481
   -7.5000   -7.5000   -7.5000 2803.9001   10.4828
    0.0000   -7.5000   -7.5000 2834.5151   10.3032
    7.5000   -7.5000   -7.5000 2812.8848   10.4108
   -7.5000    0.0000   -7.5000 2878.8662   10.1080
    0.0000    0.0000   -7.5000 2915.4246    9.9592
    7.5000    0.0000   -7.5000 2888.1082   10.0418
   -7.5000    7.5000   -7.5000 2927.7756    9.9472
    0.0000    7.5000   -7.5000 2974.5723    9.8299
    7.5000    7.5000   -7.5000 2935.8433    9.8792
   -7.5000   15.0000   -7.5000 2927.4473   10.0344
    0.0000   15.0000   -7.5000 2973.2483    9.9064
    7.5000   15.0000   -7.5000 2925.5239    9.9698
   -7.5000   22.5000   -7.5000 2878.8062   10.3298
    0.0000   22.5000   -7.5000 2916.3794   10.1863
    7.5000   22.5000   -7.5000 2876.2559   10.2670
   -7.5000   30.0000   -7.5000 2798.7041   10.8044
    0.0000   30.0000   -7.5000 2830.6326   10.6609
    7.5000   30.0000   -7.5000 2794.4409   10.7719
   -7.5000   37.5000   -7.5000 2692.6694   11.5165
    0.0000   37.5000   -7.5000 2726.0198   11.3746
    7.5000   37.5000   -7.5000 2691.3616   11.5020
   -7.5000   45.0000   -7.5000 2557.0789   12.5487
    0.0000   45.0000   -7.5000 2586.0857   12.4253
    7.5000   45.0000   -7.5000 2560.2063   12.5173
   -7.5000  -45.0000    0.0000 2168.4919   17.5820
    0.0000  -45.0000    0.0000 2191.7307   17.2607
    7.5000  -45.0000    0.0000 2178.9070   17.4226
   -7.5000  -37.5000    0.0000 2303.4890   15.2209
    0.0000  -37.5000    0.0000 2326.5146   14.9500
    7.5000  -37.5000    0.0000 2312.8889   15.1204
   -7.5000  -30.0000    0.0000 2436.7356   13.3983
    0.0000  -30.0000    0.0000 2461.0669   13.1525
    7.5000  -30.0000    0.0000 2449.4128   13.3443
   -7.5000  -22.5000    0.0000 2566.7214   12.0375
    0.0000  -22.5000    0.0000 2591.7144   11.7967
    7.5000  -22.5000    0.0000 2580.0991   11.9604
   -7.5000  -15.0000    0.0000 2691.9148   11.0246
    0.0000  -15.0000    0.0000 2713.9382   10.8178
    7.5000  -15.0000    0.0000 2699.9822   10.9762
   -7.5000   -7.5000    0.0000 2807.8313   10.3338
    0.0000   -7.5000    0.0000 2838.8354   10.1420
    7.5000   -7.5000    0.0000 2814.3191   10.2864
   -7.5000    0.0000    0.0000 2899.0752    9.9655
    0.0000    0.0000    0.0000 2942.1831    9.7796
    7.5000    0.0000    0.0000 2909.4089    9.9124
   -7.5000    7.5000    0.0000 2961.6365    9.8487
    0.0000    7.5000    0.0000 3018.0198    9.6813
    7.5000    7.5000    0.0000 2968.5703    9.7877
   -7.5000   15.0000    0.0000 2963.1421    9.9686
    0.0000   15.0000    0.0000 3020.2727    9.8493
    7.5000   15.0000    0.0000 2962.4956    9.9167
   -7.5000   22.5000    0.0000 2904.6055   10.2428
    0.0000   22.5000    0.0000 2947.2720   10.1286
    7.5000   22.5000    0.0000 2896.4978   10.2032
   -7.5000   30.0000    0.0000 2810.0588   10.6506
    0.0000   30.0000    0.0000 2845.3540   10.5525
    7.5000   30.0000    0.0000 2808.1448   10.6322
   -7.5000   37.5000    0.0000 2696.0935   11.3708
    0.0000   37.5000    0.0000 2728.0542   11.2868
    7.5000   37.5000    0.0000 2697.6143   11.3597
   -7.5000   45.0000    0.0000 2562.5142   12.4314
    0.0000   45.0000    0.0000 2587.5444   12.3304
    7.5000   45.0000    0.0000 2558.8867   12.3932
   -7.5000  -45.0000    7.5000 2162.2007   17.8325
    0.0000  -45.0000    7.5000 2191.7639   17.5407
    7.5000  -45.0000    7.5000 2172.0986   17.7048
   -7.5000  -37.5000    7.5000 2292.6409   15.3749
    0.0000  -37.5000    7.5000 2322.0676   15.0845
    7.5000  -37.5000    7.5000 2301.0347   15.3068
   -7.5000  -30.0000    7.5000 2421.2124   13.5153
    0.0000  -30.0000    7.5000 2444.5276   13.2161
    7.5000  -30.0000    7.5000 2430.0266   13.4520
   -7.5000  -22.5000    7.5000 2549.7827   12.1379
    0.0000  -22.5000    7.5000 2573.8887   11.8689
    7.5000  -22.5000    7.5000 2559.8354   12.0761
   -7.5000  -15.0000    7.5000 2674.0410   11.1162
    0.0000  -15.0000    7.5000 2701.4756   10.8888
    7.5000  -15.0000    7.5000 2681.6636   11.0843
   -7.5000   -7.5000    7.5000 2789.9395   10.4241
    0.0000   -7.5000    7.5000 2822.9973   10.2156
    7.5000   -7.5000    7.5000 2796.0251   10.4118
   -7.5000    0.0000    7.5000 2892.0125   10.0382
    0.0000    0.0000    7.5000 2933.6445    9.8778
    7.5000    0.0000    7.5000 2892.0598   10.0479
   -7.5000    7.5000    7.5000 2959.6384    9.8961
    0.0000    7.5000    7.5000 3015.3972    9.7640
    7.5000    7.5000    7.5000 2960.8623    9.8894
   -7.5000   15.0000    7.5000 2961.1892    9.9730
    0.0000   15.0000    7.5000 3021.3225    9.8501
    7.5000   15.0000    7.5000 2956.4189    9.9784
   -7.5000   22.5000    7.5000 2901.2415   10.2621
    0.0000   22.5000    7.5000 2939.8513   10.1475
    7.5000   22.5000    7.5000 2889.6643   10.2702
   -7.5000   30.0000    7.5000 2797.6602   10.7561
    0.0000   30.0000    7.5000 2830.6484   10.6436
    7.5000   30.0000    7.5000 2799.6528   10.7445
   -7.5000   37.5000    7.5000 2676.9922   11.5072
    0.0000   37.5000    7.5000 2707.7383   11.3955
    7.5000   37.5000    7.5000 2681.3748   11.4924
   -7.5000   45.0000    7.5000 2546.6804   12.5352
    0.0000   45.0000    7.5000 2565.5967   12.4074
    7.5000   45.0000    7.5000 2544.3794   12.5034
   -7.5000  -45.0000   15.0000 2145.3254   18.1692
    0.0000  -45.0000   15.0000 2174.9143   17.8647
    7.5000  -45.0000   15.0000 2153.4788   18.0755
   -7.5000  -37.5000   15.0000 2273.0723   15.6761
    0.0000  -37.5000   15.0000 2301.4817   15.3887
    7.5000  -37.5000   15.0000 2288.1643   15.6264
   -7.5000  -30.0000   15.0000 2396.0378   13.8519
    0.0000  -30.0000   15.0000 2422.7256   13.5552
    7.5000  -30.0000   15.0000 2408.0703   13.7785
   -7.5000  -22.5000   15.0000 2521.9912   12.4477
    0.0000  -22.5000   15.0000 2546.6724   12.1947
    7.5000  -22.5000   15.0000 2526.9758   12.4223
   -7.5000  -15.0000   15.0000 2647.4900   11.4393
    0.0000  -15.0000   15.0000 2674.0493   11.2300
    7.5000  -15.0000   15.0000 2648.7441   11.4382
   -7.5000   -7.5000   15.0000 2761.0105   10.7315
    0.0000   -7.5000   15.0000 2790.1770   10.5435
    7.5000   -7.5000   15.0000 2760.5803   10.7642
   -7.5000    0.0000   15.0000 2859.3972   10.3311
    0.0000    0.0000   15.0000 2891.3738   10.1593
    7.5000    0.0000   15.0000 2856.6250   10.3466
   -7.5000    7.5000   15.0000 2920.6455   10.1322
    0.0000    7.5000   15.0000 2960.5259    9.9576
    7.5000    7.5000   15.0000 2918.1682   10.1399
   -7.5000   15.0000   15.0000 2917.4600   10.1771
    0.0000   15.0000   15.0000 2957.3362    9.9936
    7.5000   15.0000   15.0000 2915.5928   10.1875
   -7.5000   22.5000   15.0000 2866.3228   10.4666
    0.0000   22.5000   15.0000 2902.6113   10.2827
    7.5000   22.5000   15.0000 2857.4045   10.4581
   -7.5000   30.0000   15.0000 2766.0950   11.0295
    0.0000   30.0000   15.0000 2798.7729   10.8560
    7.5000   30.0000   15.0000 2767.8745   10.9836
   -7.5000   37.5000   15.0000 2644.5110   11.8040
    0.0000   37.5000   15.0000 2669.8975   11.6305
    7.5000   37.5000   15.0000 2651.4529   11.7607
   -7.5000   45.0000   15.0000 2520.7939   12.8418
    0.0000   45.0000   15.0000 2535.2622   12.6668
    7.5000   45.0000   15.0000 2520.9902   12.8012
   -7.5000  -45.0000   22.5000 2109.0713   18.7069
    0.0000  -45.0000   22.5000 2131.6501   18.4185
    7.5000  -45.0000   22.5000 2114.8374   18.6754
   -7.5000  -37.5000   22.5000 2244.0549   16.2124
    0.0000  -37.5000   22.5000 2265.6152   15.9987
    7.5000  -37.5000   22.5000 2252.7131   16.2054
   -7.5000  -30.0000   22.5000 2369.6838   14.3497
    0.0000  -30.0000   22.5000 2396.6106   14.1698
    7.5000  -30.0000   22.5000 2376.2051   14.3438
   -7.5000  -22.5000   22.5000 2491.7549   12.9516
    0.0000  -22.5000   22.5000 2517.5610   12.7720
    7.5000  -22.5000   22.5000 2493.2004   12.9756
   -7.5000  -15.0000   22.5000 2616.6064   11.9232
    0.0000  -15.0000   22.5000 2641.5928   11.7326
    7.5000  -15.0000   22.5000 2614.8225   11.9525
   -7.5000   -7.5000   22.5000 2729.0420   11.2356
    0.0000   -7.5000   22.5000 2754.8184   11.0412
    7.5000   -7.5000   22.5000 2723.9880   11.2469
   -7.5000    0.0000   22.5000 2811.6216   10.7916
    0.0000    0.0000   22.5000 2841.3875   10.5997
    7.5000    0.0000   22.5000 2806.2278   10.7901
   -7.5000    7.5000   22.5000 2861.2498   10.5623
    0.0000    7.5000   22.5000 2884.4629   10.3524
    7.5000    7.5000   22.5000 2854.0984   10.5656
   -7.5000   15.0000   22.5000 2853.2080   10.5937
    0.0000   15.0000   22.5000 2875.3101   10.3911
    7.5000   15.0000   22.5000 2851.1516   10.5823
   -7.5000   22.5000   22.5000 2804.3296   10.8725
    0.0000   22.5000   22.5000 2829.0542   10.7058
    7.5000   22.5000   22.5000 2798.4712   10.8697
   -7.5000   30.0000   22.5000 2713.1714   11.4466
    0.0000   30.0000   22.5000 2740.4556   11.2937
    7.5000   30.0000   22.5000 2711.0078   11.4266
   -7.5000   37.5000   22.5000 2598.5085   12.2195
    0.0000   37.5000   22.5000 2623.0828   12.0589
    7.5000   37.5000   22.5000 2604.0642   12.1856
   -7.5000   45.0000   22.5000 2479.3120   13.2458
    0.0000   45.0000   22.5000 2500.4353   13.0756
    7.5000   45.0000   22.5000 2480.4055   13.2111
   -7.5000  -45.0000   30.0000 2063.0483   19.4687
    0.0000  -45.0000   30.0000 2075.7747   19.2854
    7.5000  -45.0000   30.0000 2062.0898   19.4520
   -7.5000  -37.5000   30.0000 2202.2583   16.9477
    0.0000  -37.5000   30.0000 2216.7451   16.7906
    7.5000  -37.5000   30.0000 2207.1235   16.9734
   -7.5000  -30.0000   30.0000 2328.9856   15.0704
    0.0000  -30.0000   30.0000 2350.5684   14.8979
    7.5000  -30.0000   30.0000 2333.2183   15.0542
   -7.5000  -22.5000   30.0000 2452.8625   13.6329
    0.0000  -22.5000   30.0000 2480.8813   13.4527
    7.5000  -22.5000   30.0000 2453.8381   13.6278
   -7.5000  -15.0000   30.0000 2572.6990   12.5816
    0.0000  -15.0000   30.0000 2606.8528   12.3980
    7.5000  -15.0000   30.0000 2571.4236   12.5928
   -7.5000   -7.5000   30.0000 2677.2830   11.8690
    0.0000   -7.5000   30.0000 2709.7908   11.6956
    7.5000   -7.5000   30.0000 2673.9897   11.8688
   -7.5000    0.0000   30.0000 2746.8020   11.4144
    0.0000    0.0000   30.0000 2775.1387   11.2151
    7.5000    0.0000   30.0000 2739.6511   11.4025
   -7.5000    7.5000   30.0000 2785.9141   11.1645
    0.0000    7.5000   30.0000 2806.6382   10.9687
    7.5000    7.5000   30.0000 2776.2429   11.1542
   -7.5000   15.0000   30.0000 2773.2407   11.1642
    0.0000   15.0000   30.0000 2797.8467   10.9674
    7.5000   15.0000   30.0000 2772.6904   11.1321
   -7.5000   22.5000   30.0000 2721.5442   11.4679
    0.0000   22.5000   30.0000 2747.6062   11.2895
    7.5000   22.5000   30.0000 2718.7197   11.4452
   -7.5000   30.0000   30.0000 2636.0447   12.0477
    0.0000   30.0000   30.0000 2663.4285   11.8763
    7.5000   30.0000   30.0000 2636.0542   12.0113
   -7.5000   37.5000   30.0000 2536.2607   12.8115
    0.0000   37.5000   30.0000 2557.1719   12.6543
    7.5000   37.5000   30.0000 2537.4521   12.7723
   -7.5000   45.0000   30.0000 2424.5649   13.8004
    0.0000   45.0000   30.0000 2444.1758   13.6480
    7.5000   45.0000   30.0000 2423.7930   13.7508
   -7.5000  -45.0000   37.5000 2011.8601   20.5233
    0.0000  -45.0000   37.5000 2024.1873   20.3574
    7.5000  -45.0000   37.5000 2009.6510   20.5169
   -7.5000  -37.5000   37.5000 2152.9771   17.9053
    0.0000  -37.5000   37.5000 2169.0852   17.7501
    7.5000  -37.5000   37.5000 2158.8921   17.9277
   -7.5000  -30.0000   37.5000 2282.3628   15.9586
    0.0000  -30.0000   37.5000 2307.7349   15.8073
    7.5000  -30.0000   37.5000 2284.6956   15.9142
   -7.5000  -22.5000   37.5000 2404.7131   14.4794
    0.0000  -22.5000   37.5000 2435.1575   14.3300
    7.5000  -22.5000   37.5000 2407.7441   14.4496
   -7.5000  -15.0000   37.5000 2517.0688   13.3989
    0.0000  -15.0000   37.5000 2547.7896   13.2485
    7.5000  -15.0000   37.5000 2517.7219   13.3992
   -7.5000   -7.5000   37.5000 2607.6985   12.6499
    0.0000   -7.5000   37.5000 2640.8843   12.5152
    7.5000   -7.5000   37.5000 2604.5925   12.6706
   -7.5000    0.0000   37.5000 2668.5962   12.1723
    0.0000    0.0000   37.5000 2696.5786   12.0265
    7.5000    0.0000   37.5000 2660.7546   12.1865
   -7.5000    7.5000   37.5000 2699.5813   11.9003
    0.0000    7.5000   37.5000 2723.0154   11.7615
    7.5000    7.5000   37.5000 2688.7805   11.8908
   -7.5000   15.0000   37.5000 2685.3462   11.8724
    0.0000   15.0000   37.5000 2706.8918   11.7187
    7.5000   15.0000   37.5000 2680.3972   11.8351
   -7.5000   22.5000   37.5000 2635.5847   12.1980
    0.0000   22.5000   37.5000 2653.4788   12.0548
    7.5000   22.5000   37.5000 2632.9294   12.1719
   -7.5000   30.0000   37.5000 2562.1809   12.7497
    0.0000   30.0000   37.5000 2583.5405   12.6082
    7.5000   30.0000   37.5000 2557.9275   12.7412
   -7.5000   37.5000   37.5000 2465.8477   13.5050
    0.0000   37.5000   37.5000 2486.5657   13.3405
    7.5000   37.5000   37.5000 2460.7864   13.4882
   -7.5000   45.0000   37.5000 2358.5247   14.4624
    0.0000   45.0000   37.5000 2376.4998   14.3414
    7.5000   45.0000   37.5000 2354.7507   14.4552
   -7.5000  -45.0000   45.0000 1950.2620   21.8177
    0.0000  -45.0000   45.0000 1963.2777   21.6647
    7.5000  -45.0000   45.0000 1950.5028   21.8714
   -7.5000  -37.5000   45.0000 2094.4988   19.0544
    0.0000  -37.5000   45.0000 2111.3738   18.9377
    7.5000  -37.5000   45.0000 2094.1882   19.1059
   -7.5000  -30.0000   45.0000 2227.4800   17.0227
    0.0000  -30.0000   45.0000 2249.3647   16.8986
    7.5000  -30.0000   45.0000 2222.2429   17.0164
   -7.5000  -22.5000   45.0000 2349.9971   15.4931
    0.0000  -22.5000   45.0000 2377.0305   15.3851
    7.5000  -22.5000   45.0000 2344.1096   15.4807
   -7.5000  -15.0000   45.0000 2451.6438   14.4000
    0.0000  -15.0000   45.0000 2477.3569   14.2946
    7.5000  -15.0000   45.0000 2449.7261   14.4014
   -7.5000   -7.5000   45.0000 2530.0056   13.6243
    0.0000   -7.5000   45.0000 2555.3911   13.5100
    7.5000   -7.5000   45.0000 2530.4741   13.6522
   -7.5000    0.0000   45.0000 2580.1758   13.0907
    0.0000    0.0000   45.0000 2601.6619   12.9777
    7.5000    0.0000   45.0000 2572.9180   13.1275
   -7.5000    7.5000   45.0000 2605.3689   12.8085
    0.0000    7.5000   45.0000 2620.4172   12.6880
    7.5000    7.5000   45.0000 2594.7661   12.8144
   -7.5000   15.0000   45.0000 2590.7595   12.7814
    0.0000   15.0000   45.0000 2605.5823   12.6482
    7.5000   15.0000   45.0000 2582.8574   12.7789
   -7.5000   22.5000   45.0000 2540.3696   13.0966
    0.0000   22.5000   45.0000 2554.4744   12.9757
    7.5000   22.5000   45.0000 2536.6155   13.0878
   -7.5000   30.0000   45.0000 2473.7297   13.6073
    0.0000   30.0000   45.0000 2494.4055   13.4841
    7.5000   30.0000   45.0000 2470.4658   13.6013
   -7.5000   37.5000   45.0000 2389.5452   14.3534
    0.0000   37.5000   45.0000 2414.0159   14.2301
    7.5000   37.5000   45.0000 2387.5273   14.3309
   -7.5000   45.0000   45.0000 2287.5371   15.3131
    0.0000   45.0000   45.0000 2304.6226   15.1775
    7.5000   45.0000   45.0000 2280.8455   15.2921

---------------------------------------------------------------------
imgreg_4dfp /opt/freesurfer/average/711-2C_as_mni_average_305 /opt/freesurfer/average/711-2B_as_mni_average_305_mask talsrcimg_g11 none talsrcimg_to_711-2C_as_mni_average_305_t4 1283
---------------------------------------------------------------------

freesurfer imgreg_4dfp.c
/opt/freesurfer/average/711-2C_as_mni_average_305.4dfp.img
       256       256       256         1
  1.000000  1.000000  1.000000
orientation T byte_order littleendian
Reading image: /opt/freesurfer/average/711-2C_as_mni_average_305.4dfp.img
dimensions:      256       256       256
mmppix:       1.0000   -1.0000   -1.0000
center:     128.0000 -129.0000 -129.0000
/opt/freesurfer/average/711-2B_as_mni_average_305_mask.4dfp.img
       256       256       256         1
  1.000000  1.000000  1.000000
orientation T byte_order littleendian
Reading mask: /opt/freesurfer/average/711-2B_as_mni_average_305_mask.4dfp.img (2306576 pixels)
talsrcimg_g11.4dfp.img
       256       256       256         1
  1.000000  1.000000  1.000000
orientation T byte_order littleendian
Reading image: talsrcimg_g11.4dfp.img
dimensions:      256       256       256
mmppix:       1.0000   -1.0000   -1.0000
center:     128.0000 -129.0000 -129.0000
rotation matrix determinant  1.000000
fimgreg.f
image alignment mode   1283 decimal      503 hex
parameters
    0.0000   15.0000    7.5000    0.0000    0.0000    0.0000
eta,q 0.94738  9.86851
niter,ni,del,rscale     5    3   12.0000    1.2000
parameter  2  0.818592 ->  0.500000 qaram    1.1500
parameter  3  0.701070 ->  0.500000 qaram    1.1500
parameter  4  0.879271 ->  0.500000 qaram    1.1500
parameters
   -0.0367   11.5500    4.0500   -3.4500    2.0923    0.4448
eta,q 0.95806  9.69179
  0.0666  0.0511  0.0465  0.0441  0.0579  0.0500
  0.0615  0.0488  0.0462  0.0434  0.0522  0.0469
  0.0565  0.0506  0.0470  0.0438  0.0469  0.0436
  0.0549  0.0549  0.0487  0.0466  0.0433  0.0420
  0.0573  0.0597  0.0522  0.0502  0.0420  0.0424
  0.0613  0.0652  0.0571  0.0537  0.0435  0.0449
  0.0669  0.0716  0.0628  0.0570  0.0464  0.0485
niter,ni,del,rscale     7    3   12.0000    1.2000
parameter  4  0.509240 ->  0.500000 qaram    1.3225
parameters
   -0.8692   13.1540    3.1441   -7.4175    2.6623    0.2332
eta,q 0.96162  9.74736
  0.0545  0.0651  0.0489  0.0416  0.0502  0.0456
  0.0473  0.0552  0.0442  0.0384  0.0449  0.0421
  0.0424  0.0461  0.0417  0.0396  0.0405  0.0392
  0.0419  0.0414  0.0408  0.0410  0.0385  0.0384
  0.0470  0.0414  0.0428  0.0445  0.0391  0.0400
  0.0543  0.0454  0.0477  0.0491  0.0421  0.0429
  0.0618  0.0502  0.0553  0.0541  0.0467  0.0464
niter,ni,del,rscale     7    3   12.0000    1.2000
parameters
   -1.0515   14.6662    2.4064   -7.5639    2.6982    0.1785
eta,q 0.96240  9.76913
  0.0557  0.0635  0.0481  0.0510  0.0471  0.0442
  0.0472  0.0550  0.0419  0.0438  0.0420  0.0406
  0.0410  0.0447  0.0381  0.0375  0.0385  0.0382
  0.0384  0.0384  0.0381  0.0377  0.0376  0.0376
  0.0411  0.0388  0.0410  0.0403  0.0388  0.0388
  0.0488  0.0428  0.0458  0.0451  0.0420  0.0411
  0.0580  0.0498  0.0528  0.0507  0.0466  0.0440
niter,ni,del,rscale     6    3   12.0000    1.2000
parameters
   -1.1125   14.8401    2.3793   -7.6867    2.7235    0.1666
eta,q 0.96234  9.77186
  0.0551  0.0584  0.0506  0.0511  0.0471  0.0442
  0.0465  0.0481  0.0439  0.0440  0.0420  0.0406
  0.0400  0.0394  0.0390  0.0377  0.0386  0.0382
  0.0376  0.0376  0.0378  0.0377  0.0377  0.0377
  0.0403  0.0409  0.0398  0.0402  0.0388  0.0388
  0.0470  0.0469  0.0441  0.0451  0.0421  0.0410
  0.0558  0.0556  0.0504  0.0508  0.0467  0.0439
niter,ni,del,rscale     5    3   12.0000    1.2000
parameters
   -1.1307   14.8937    2.3706   -7.7434    2.7297    0.1659
eta,q 0.96233  9.77264
  0.0554  0.0578  0.0507  0.0513  0.0470  0.0442
  0.0467  0.0475  0.0439  0.0444  0.0420  0.0406
  0.0401  0.0390  0.0390  0.0378  0.0386  0.0382
  0.0377  0.0377  0.0377  0.0377  0.0377  0.0377
  0.0402  0.0413  0.0396  0.0401  0.0389  0.0388
  0.0468  0.0474  0.0441  0.0450  0.0421  0.0410
  0.0556  0.0562  0.0504  0.0507  0.0467  0.0438
registration optimization eta report
parameter search radius
    6.0000    6.9000    6.9000    7.9350    6.0000    6.0000
100000*second partial in parameter space
       49.       40.       27.       21.       25.       17.
  0.0554  0.0578  0.0507  0.0513  0.0470  0.0442
  0.0467  0.0475  0.0439  0.0444  0.0420  0.0406
  0.0401  0.0390  0.0390  0.0378  0.0386  0.0382
  0.0377  0.0377  0.0377  0.0377  0.0377  0.0377
  0.0402  0.0413  0.0396  0.0401  0.0389  0.0388
  0.0468  0.0474  0.0441  0.0450  0.0421  0.0410
  0.0556  0.0562  0.0504  0.0507  0.0467  0.0438
   -1.1307   14.8937    2.3706   -7.7434    2.7297    0.1659
eta,q 0.96233  9.77264

---------------------------------------------------------------------
imgreg_4dfp /opt/freesurfer/average/711-2C_as_mni_average_305 /opt/freesurfer/average/711-2B_as_mni_average_305_mask talsrcimg_g11 none talsrcimg_to_711-2C_as_mni_average_305_t4 3335
---------------------------------------------------------------------

freesurfer imgreg_4dfp.c
/opt/freesurfer/average/711-2C_as_mni_average_305.4dfp.img
       256       256       256         1
  1.000000  1.000000  1.000000
orientation T byte_order littleendian
Reading image: /opt/freesurfer/average/711-2C_as_mni_average_305.4dfp.img
dimensions:      256       256       256
mmppix:       1.0000   -1.0000   -1.0000
center:     128.0000 -129.0000 -129.0000
/opt/freesurfer/average/711-2B_as_mni_average_305_mask.4dfp.img
       256       256       256         1
  1.000000  1.000000  1.000000
orientation T byte_order littleendian
Reading mask: /opt/freesurfer/average/711-2B_as_mni_average_305_mask.4dfp.img (2306576 pixels)
talsrcimg_g11.4dfp.img
       256       256       256         1
  1.000000  1.000000  1.000000
orientation T byte_order littleendian
Reading image: talsrcimg_g11.4dfp.img
dimensions:      256       256       256
mmppix:       1.0000   -1.0000   -1.0000
center:     128.0000 -129.0000 -129.0000
fimgreg.f
image alignment mode   3335 decimal      D07 hex
parameters
   -1.1307   14.8937    2.3706   -0.1139   -0.9104   -1.0243
    0.3547   -4.7581    0.2893   13.4600    4.7625  -13.4585
eta,q 0.96138  9.86331
niter,ni,del,rscale     5    3    5.0000    1.2000
parameter  4  1.512614 ->  0.500000 qaram    1.1500
parameter  5  2.602839 ->  0.500000 qaram    1.1500
parameters
   -0.8669   15.0297    2.4072   -4.2539   -5.0504   -2.4139
   -0.3032   -4.2666    0.3466   11.2923    2.5059  -15.5200
eta,q 0.97008  9.49602
  0.0425  0.0412  0.0406  0.0345  0.0280  0.0332  0.0327  0.0367  0.0326  0.0324  0.0307  0.0307
  0.0406  0.0399  0.0395  0.0353  0.0299  0.0320  0.0315  0.0338  0.0315  0.0309  0.0302  0.0302
  0.0392  0.0390  0.0388  0.0366  0.0325  0.0310  0.0308  0.0317  0.0309  0.0302  0.0300  0.0299
  0.0386  0.0386  0.0386  0.0386  0.0356  0.0306  0.0307  0.0307  0.0306  0.0306  0.0302  0.0300
  0.0387  0.0387  0.0388  0.0411  0.0390  0.0315  0.0311  0.0310  0.0308  0.0321  0.0306  0.0305
  0.0396  0.0394  0.0394  0.0439  0.0427  0.0339  0.0321  0.0327  0.0315  0.0344  0.0314  0.0314
  0.0411  0.0407  0.0405  0.0468  0.0467  0.0372  0.0336  0.0354  0.0326  0.0372  0.0325  0.0324
niter,ni,del,rscale     6    3    5.0000    1.2000
parameter  5  1.094345 ->  0.500000 qaram    1.3225
parameters
   -0.6973   14.8962    2.1230   -7.9286   -9.8114   -2.3187
   -0.4322   -3.6803    0.5217   11.6902    2.7276  -16.5992
eta,q 0.97438  9.11174
  0.0342  0.0327  0.0314  0.0303  0.0251  0.0285  0.0287  0.0313  0.0282  0.0303  0.0270  0.0268
  0.0320  0.0311  0.0304  0.0293  0.0254  0.0273  0.0271  0.0286  0.0269  0.0280  0.0263  0.0261
  0.0305  0.0301  0.0299  0.0291  0.0268  0.0264  0.0260  0.0266  0.0260  0.0264  0.0258  0.0257
  0.0299  0.0299  0.0299  0.0298  0.0290  0.0257  0.0257  0.0257  0.0257  0.0257  0.0256  0.0256
  0.0302  0.0304  0.0303  0.0314  0.0320  0.0254  0.0261  0.0260  0.0259  0.0260  0.0258  0.0260
  0.0313  0.0316  0.0311  0.0336  0.0358  0.0264  0.0272  0.0274  0.0267  0.0273  0.0262  0.0267
  0.0331  0.0334  0.0322  0.0366  0.0399  0.0291  0.0289  0.0299  0.0280  0.0295  0.0268  0.0278
niter,ni,del,rscale     6    3    5.0000    1.2000
parameters
   -0.6329   14.8899    2.3058   -7.7710  -13.6798   -1.7572
   -0.3773   -3.6633    0.5045   11.9654    2.8343  -17.2063
eta,q 0.97533  8.94128
  0.0299  0.0290  0.0277  0.0292  0.0266  0.0277  0.0278  0.0295  0.0269  0.0286  0.0260  0.0259
  0.0276  0.0272  0.0266  0.0275  0.0253  0.0265  0.0262  0.0270  0.0257  0.0266  0.0252  0.0252
  0.0262  0.0260  0.0259  0.0262  0.0249  0.0256  0.0251  0.0253  0.0250  0.0253  0.0248  0.0248
  0.0256  0.0256  0.0256  0.0256  0.0256  0.0249  0.0247  0.0247  0.0247  0.0247  0.0247  0.0247
  0.0260  0.0260  0.0258  0.0260  0.0276  0.0244  0.0250  0.0252  0.0250  0.0250  0.0248  0.0249
  0.0273  0.0272  0.0263  0.0272  0.0306  0.0252  0.0261  0.0269  0.0257  0.0261  0.0252  0.0255
  0.0295  0.0291  0.0271  0.0291  0.0348  0.0276  0.0277  0.0296  0.0270  0.0281  0.0259  0.0265
niter,ni,del,rscale     5    3    5.0000    1.2000
parameters
   -0.6558   15.0249    2.5263   -7.5027  -14.1530   -1.5317
   -0.3410   -3.7143    0.4817   12.1600    2.7950  -17.2691
eta,q 0.97540  8.94041
  0.0286  0.0282  0.0268  0.0284  0.0287  0.0275  0.0276  0.0294  0.0268  0.0283  0.0258  0.0260
  0.0264  0.0263  0.0256  0.0266  0.0266  0.0263  0.0260  0.0269  0.0256  0.0263  0.0251  0.0253
  0.0251  0.0251  0.0249  0.0253  0.0252  0.0255  0.0250  0.0252  0.0249  0.0251  0.0247  0.0248
  0.0247  0.0247  0.0247  0.0247  0.0247  0.0247  0.0246  0.0246  0.0246  0.0246  0.0246  0.0246
  0.0251  0.0250  0.0248  0.0250  0.0252  0.0243  0.0249  0.0252  0.0249  0.0249  0.0247  0.0248
  0.0265  0.0259  0.0253  0.0262  0.0270  0.0254  0.0260  0.0269  0.0256  0.0260  0.0252  0.0253
  0.0288  0.0275  0.0261  0.0281  0.0298  0.0279  0.0276  0.0296  0.0268  0.0280  0.0259  0.0261
niter,ni,del,rscale     4    3    5.0000    1.2000
parameters
   -0.6749   15.0734    2.5603   -7.4510  -14.2195   -1.4915
   -0.3388   -3.7284    0.4792   12.2112    2.8117  -17.2931
eta,q 0.97541  8.94211
  0.0285  0.0279  0.0265  0.0282  0.0289  0.0275  0.0276  0.0294  0.0268  0.0281  0.0259  0.0260
  0.0264  0.0261  0.0254  0.0265  0.0268  0.0263  0.0260  0.0269  0.0256  0.0262  0.0252  0.0253
  0.0250  0.0250  0.0248  0.0252  0.0253  0.0254  0.0250  0.0252  0.0249  0.0251  0.0247  0.0248
  0.0246  0.0246  0.0246  0.0246  0.0246  0.0246  0.0246  0.0246  0.0246  0.0246  0.0246  0.0246
  0.0251  0.0250  0.0248  0.0250  0.0250  0.0244  0.0249  0.0251  0.0249  0.0250  0.0247  0.0247
  0.0265  0.0260  0.0254  0.0263  0.0266  0.0255  0.0260  0.0268  0.0256  0.0261  0.0251  0.0252
  0.0287  0.0275  0.0263  0.0282  0.0293  0.0282  0.0276  0.0296  0.0268  0.0281  0.0258  0.0261
niter,ni,del,rscale     3    3    5.0000    1.2000
parameters
   -0.6795   15.0837    2.5623   -7.4426  -14.2326   -1.4874
   -0.3358   -3.7363    0.4775   12.2283    2.8176  -17.3017
eta,q 0.97540  8.94238
  0.0286  0.0277  0.0264  0.0281  0.0290  0.0275  0.0276  0.0294  0.0268  0.0281  0.0259  0.0260
  0.0264  0.0260  0.0254  0.0264  0.0268  0.0263  0.0260  0.0269  0.0256  0.0262  0.0252  0.0253
  0.0251  0.0249  0.0248  0.0251  0.0253  0.0254  0.0250  0.0252  0.0249  0.0250  0.0247  0.0248
  0.0246  0.0246  0.0246  0.0246  0.0246  0.0246  0.0246  0.0246  0.0246  0.0246  0.0246  0.0246
  0.0250  0.0250  0.0248  0.0250  0.0249  0.0244  0.0249  0.0251  0.0249  0.0250  0.0247  0.0247
  0.0264  0.0260  0.0254  0.0263  0.0266  0.0255  0.0260  0.0268  0.0256  0.0261  0.0251  0.0252
  0.0286  0.0276  0.0264  0.0283  0.0293  0.0283  0.0276  0.0296  0.0268  0.0281  0.0259  0.0261
registration optimization eta report
parameter search radius
    2.4000    2.4000    2.4000    8.2800    9.5220    7.2000
    7.2000    7.2000    7.2000    7.2000    7.2000    7.2000
100000*second partial in parameter space
       69.       53.       31.        5.        5.        6.
        6.        9.        4.        7.        2.        3.
  0.0286  0.0277  0.0264  0.0281  0.0290  0.0275  0.0276  0.0294  0.0268  0.0281  0.0259  0.0260
  0.0264  0.0260  0.0254  0.0264  0.0268  0.0263  0.0260  0.0269  0.0256  0.0262  0.0252  0.0253
  0.0251  0.0249  0.0248  0.0251  0.0253  0.0254  0.0250  0.0252  0.0249  0.0250  0.0247  0.0248
  0.0246  0.0246  0.0246  0.0246  0.0246  0.0246  0.0246  0.0246  0.0246  0.0246  0.0246  0.0246
  0.0250  0.0250  0.0248  0.0250  0.0249  0.0244  0.0249  0.0251  0.0249  0.0250  0.0247  0.0247
  0.0264  0.0260  0.0254  0.0263  0.0266  0.0255  0.0260  0.0268  0.0256  0.0261  0.0251  0.0252
  0.0286  0.0276  0.0264  0.0283  0.0293  0.0283  0.0276  0.0296  0.0268  0.0281  0.0259  0.0261
   -0.6795   15.0837    2.5623   -7.4426  -14.2326   -1.4874
   -0.3358   -3.7363    0.4775   12.2283    2.8176  -17.3017
eta,q 0.97540  8.94238

---------------------------------------------------------------------
imgreg_4dfp /opt/freesurfer/average/711-2C_as_mni_average_305 /opt/freesurfer/average/711-2B_as_mni_average_305_mask talsrcimg_g11 none talsrcimg_to_711-2C_as_mni_average_305_t4 2311
---------------------------------------------------------------------

freesurfer imgreg_4dfp.c
/opt/freesurfer/average/711-2C_as_mni_average_305.4dfp.img
       256       256       256         1
  1.000000  1.000000  1.000000
orientation T byte_order littleendian
Reading image: /opt/freesurfer/average/711-2C_as_mni_average_305.4dfp.img
dimensions:      256       256       256
mmppix:       1.0000   -1.0000   -1.0000
center:     128.0000 -129.0000 -129.0000
/opt/freesurfer/average/711-2B_as_mni_average_305_mask.4dfp.img
       256       256       256         1
  1.000000  1.000000  1.000000
orientation T byte_order littleendian
Reading mask: /opt/freesurfer/average/711-2B_as_mni_average_305_mask.4dfp.img (2306576 pixels)
talsrcimg_g11.4dfp.img
       256       256       256         1
  1.000000  1.000000  1.000000
orientation T byte_order littleendian
Reading image: talsrcimg_g11.4dfp.img
dimensions:      256       256       256
mmppix:       1.0000   -1.0000   -1.0000
center:     128.0000 -129.0000 -129.0000
fimgreg.f
image alignment mode   2311 decimal      907 hex
parameters
   -0.6795   15.0837    2.5623   -7.4426  -14.2326   -1.4874
   -0.3358   -3.7363    0.4775   12.2283    2.8176  -17.3017
eta,q 0.97540  8.94239
niter,ni,del,rscale     5    3    5.0000    0.8000
parameters
   -0.6746   15.0561    2.5174   -7.2814  -13.7912   -0.5769
   -0.2860   -3.7089    0.5465   12.3267    2.7053  -17.1239
eta,q 0.97565  9.01012
  0.0264  0.0260  0.0254  0.0260  0.0260  0.0263  0.0258  0.0269  0.0254  0.0261  0.0250  0.0251
  0.0254  0.0252  0.0249  0.0253  0.0253  0.0257  0.0250  0.0255  0.0249  0.0252  0.0246  0.0247
  0.0248  0.0247  0.0247  0.0248  0.0248  0.0251  0.0245  0.0246  0.0245  0.0246  0.0244  0.0244
  0.0246  0.0246  0.0246  0.0246  0.0246  0.0246  0.0244  0.0244  0.0244  0.0244  0.0244  0.0244
  0.0248  0.0248  0.0247  0.0247  0.0246  0.0243  0.0245  0.0246  0.0245  0.0245  0.0244  0.0244
  0.0254  0.0253  0.0250  0.0252  0.0249  0.0246  0.0250  0.0255  0.0248  0.0251  0.0247  0.0246
  0.0264  0.0260  0.0254  0.0259  0.0256  0.0256  0.0258  0.0268  0.0254  0.0260  0.0250  0.0250
niter,ni,del,rscale     4    3    5.0000    0.7000
parameters
   -0.6753   15.0103    2.7020   -7.3620  -13.7757   -0.3124
   -0.3097   -3.7126    0.5560   12.2395    2.6328  -16.9569
eta,q 0.97570  9.01398
  0.0258  0.0254  0.0253  0.0254  0.0253  0.0258  0.0254  0.0263  0.0251  0.0256  0.0248  0.0249
  0.0250  0.0248  0.0248  0.0248  0.0248  0.0253  0.0248  0.0252  0.0247  0.0249  0.0245  0.0246
  0.0245  0.0244  0.0245  0.0245  0.0245  0.0247  0.0244  0.0245  0.0244  0.0244  0.0243  0.0244
  0.0244  0.0244  0.0243  0.0243  0.0243  0.0243  0.0243  0.0243  0.0243  0.0243  0.0243  0.0243
  0.0245  0.0245  0.0244  0.0245  0.0244  0.0243  0.0244  0.0245  0.0244  0.0245  0.0244  0.0243
  0.0250  0.0249  0.0245  0.0249  0.0247  0.0247  0.0248  0.0252  0.0247  0.0250  0.0245  0.0245
  0.0258  0.0255  0.0249  0.0255  0.0253  0.0257  0.0254  0.0263  0.0251  0.0257  0.0248  0.0248
niter,ni,del,rscale     3    3    5.0000    0.6000
parameters
   -0.6777   14.9826    2.7817   -7.3905  -13.7289   -0.0771
   -0.3079   -3.7163    0.5764   12.1820    2.5616  -16.8803
eta,q 0.97574  9.02230
  0.0254  0.0251  0.0249  0.0251  0.0250  0.0255  0.0251  0.0257  0.0249  0.0253  0.0246  0.0247
  0.0248  0.0246  0.0246  0.0247  0.0246  0.0250  0.0246  0.0249  0.0245  0.0247  0.0244  0.0244
  0.0244  0.0244  0.0244  0.0244  0.0244  0.0246  0.0244  0.0244  0.0243  0.0244  0.0243  0.0243
  0.0243  0.0243  0.0243  0.0243  0.0243  0.0243  0.0243  0.0243  0.0243  0.0243  0.0243  0.0243
  0.0244  0.0244  0.0243  0.0244  0.0243  0.0243  0.0243  0.0244  0.0243  0.0244  0.0243  0.0243
  0.0248  0.0247  0.0245  0.0247  0.0246  0.0246  0.0246  0.0249  0.0245  0.0247  0.0244  0.0244
  0.0254  0.0252  0.0248  0.0251  0.0250  0.0254  0.0251  0.0257  0.0249  0.0253  0.0246  0.0246
niter,ni,del,rscale     2    3    5.0000    0.5000
parameters
   -0.6775   14.9627    2.8384   -7.4210  -13.6930    0.1154
   -0.3114   -3.7216    0.5884   12.1510    2.5139  -16.8227
eta,q 0.97576  9.02888
  0.0250  0.0248  0.0247  0.0248  0.0248  0.0252  0.0248  0.0253  0.0247  0.0250  0.0245  0.0245
  0.0246  0.0245  0.0245  0.0245  0.0245  0.0248  0.0245  0.0247  0.0244  0.0246  0.0243  0.0244
  0.0243  0.0243  0.0243  0.0243  0.0243  0.0245  0.0243  0.0243  0.0243  0.0243  0.0243  0.0243
  0.0243  0.0243  0.0243  0.0243  0.0243  0.0243  0.0242  0.0242  0.0242  0.0242  0.0242  0.0242
  0.0243  0.0243  0.0243  0.0243  0.0243  0.0243  0.0243  0.0244  0.0243  0.0243  0.0243  0.0243
  0.0246  0.0245  0.0244  0.0245  0.0245  0.0245  0.0245  0.0247  0.0244  0.0246  0.0244  0.0244
  0.0250  0.0249  0.0246  0.0249  0.0248  0.0251  0.0248  0.0253  0.0247  0.0250  0.0245  0.0245
niter,ni,del,rscale     1    3    5.0000    0.4000
parameters
   -0.6801   14.9463    2.8857   -7.4484  -13.6464    0.2652
   -0.3082   -3.7319    0.5909   12.1276    2.4544  -16.7845
eta,q 0.97577  9.03478
  0.0247  0.0246  0.0245  0.0246  0.0246  0.0249  0.0246  0.0249  0.0245  0.0247  0.0244  0.0244
  0.0244  0.0244  0.0244  0.0244  0.0244  0.0246  0.0244  0.0245  0.0244  0.0244  0.0243  0.0243
  0.0243  0.0243  0.0243  0.0243  0.0243  0.0244  0.0243  0.0243  0.0243  0.0243  0.0242  0.0243
  0.0242  0.0242  0.0242  0.0242  0.0242  0.0242  0.0242  0.0242  0.0242  0.0242  0.0242  0.0242
  0.0243  0.0243  0.0243  0.0243  0.0243  0.0243  0.0243  0.0243  0.0243  0.0243  0.0243  0.0242
  0.0245  0.0244  0.0243  0.0244  0.0244  0.0244  0.0244  0.0245  0.0244  0.0245  0.0243  0.0243
  0.0247  0.0246  0.0245  0.0246  0.0246  0.0248  0.0246  0.0249  0.0245  0.0247  0.0244  0.0244
registration optimization eta report
parameter search radius
    0.8000    0.8000    0.8000    2.4000    2.4000    2.4000
    2.4000    2.4000    2.4000    2.4000    2.4000    2.4000
100000*second partial in parameter space
       75.       59.       40.        7.        6.       11.
        6.       12.        5.        8.        3.        3.
  0.0247  0.0246  0.0245  0.0246  0.0246  0.0249  0.0246  0.0249  0.0245  0.0247  0.0244  0.0244
  0.0244  0.0244  0.0244  0.0244  0.0244  0.0246  0.0244  0.0245  0.0244  0.0244  0.0243  0.0243
  0.0243  0.0243  0.0243  0.0243  0.0243  0.0244  0.0243  0.0243  0.0243  0.0243  0.0242  0.0243
  0.0242  0.0242  0.0242  0.0242  0.0242  0.0242  0.0242  0.0242  0.0242  0.0242  0.0242  0.0242
  0.0243  0.0243  0.0243  0.0243  0.0243  0.0243  0.0243  0.0243  0.0243  0.0243  0.0243  0.0242
  0.0245  0.0244  0.0243  0.0244  0.0244  0.0244  0.0244  0.0245  0.0244  0.0245  0.0243  0.0243
  0.0247  0.0246  0.0245  0.0246  0.0246  0.0248  0.0246  0.0249  0.0245  0.0247  0.0244  0.0244
   -0.6801   14.9463    2.8857   -7.4484  -13.6464    0.2652
   -0.3082   -3.7319    0.5909   12.1276    2.4544  -16.7845
eta,q 0.97577  9.03478

---------------------------------------------------------------------
imgreg_4dfp /opt/freesurfer/average/711-2C_as_mni_average_305 /opt/freesurfer/average/711-2B_as_mni_average_305_mask talsrcimg_g11 none talsrcimg_to_711-2C_as_mni_average_305_t4 2311
---------------------------------------------------------------------

freesurfer imgreg_4dfp.c
/opt/freesurfer/average/711-2C_as_mni_average_305.4dfp.img
       256       256       256         1
  1.000000  1.000000  1.000000
orientation T byte_order littleendian
Reading image: /opt/freesurfer/average/711-2C_as_mni_average_305.4dfp.img
dimensions:      256       256       256
mmppix:       1.0000   -1.0000   -1.0000
center:     128.0000 -129.0000 -129.0000
/opt/freesurfer/average/711-2B_as_mni_average_305_mask.4dfp.img
       256       256       256         1
  1.000000  1.000000  1.000000
orientation T byte_order littleendian
Reading mask: /opt/freesurfer/average/711-2B_as_mni_average_305_mask.4dfp.img (2306576 pixels)
talsrcimg_g11.4dfp.img
       256       256       256         1
  1.000000  1.000000  1.000000
orientation T byte_order littleendian
Reading image: talsrcimg_g11.4dfp.img
dimensions:      256       256       256
mmppix:       1.0000   -1.0000   -1.0000
center:     128.0000 -129.0000 -129.0000
fimgreg.f
image alignment mode   2311 decimal      907 hex
parameters
   -0.6801   14.9463    2.8857   -7.4484  -13.6464    0.2652
   -0.3082   -3.7319    0.5909   12.1276    2.4544  -16.7845
eta,q 0.97577  9.03478
niter,ni,del,rscale     5    3    5.0000    0.8000
parameters
   -0.6872   14.9631    2.9335   -7.5105  -13.8777   -0.2428
   -0.3767   -3.7106    0.5921   12.0806    2.5739  -16.7774
eta,q 0.97571  9.00017
  0.0261  0.0258  0.0253  0.0257  0.0254  0.0258  0.0257  0.0268  0.0254  0.0260  0.0250  0.0250
  0.0251  0.0249  0.0247  0.0249  0.0248  0.0252  0.0249  0.0255  0.0248  0.0251  0.0246  0.0246
  0.0244  0.0244  0.0244  0.0244  0.0244  0.0246  0.0244  0.0246  0.0244  0.0245  0.0244  0.0244
  0.0242  0.0242  0.0242  0.0242  0.0242  0.0242  0.0243  0.0243  0.0243  0.0243  0.0243  0.0243
  0.0244  0.0244  0.0243  0.0244  0.0244  0.0245  0.0245  0.0246  0.0244  0.0245  0.0244  0.0244
  0.0251  0.0249  0.0246  0.0249  0.0248  0.0254  0.0250  0.0254  0.0248  0.0251  0.0245  0.0246
  0.0261  0.0257  0.0252  0.0258  0.0257  0.0271  0.0258  0.0268  0.0254  0.0261  0.0249  0.0250
niter,ni,del,rscale     4    3    5.0000    0.7000
parameters
   -0.6830   14.9678    2.8284   -7.4008  -13.7795   -0.2096
   -0.3428   -3.7126    0.5875   12.1177    2.5664  -16.8225
eta,q 0.97573  9.01266
  0.0257  0.0254  0.0249  0.0255  0.0253  0.0257  0.0254  0.0262  0.0251  0.0257  0.0248  0.0248
  0.0249  0.0248  0.0245  0.0249  0.0248  0.0252  0.0248  0.0252  0.0247  0.0249  0.0245  0.0245
  0.0245  0.0244  0.0243  0.0244  0.0244  0.0247  0.0244  0.0245  0.0244  0.0245  0.0243  0.0243
  0.0243  0.0243  0.0243  0.0243  0.0243  0.0243  0.0243  0.0243  0.0243  0.0243  0.0243  0.0243
  0.0244  0.0244  0.0244  0.0244  0.0243  0.0243  0.0244  0.0245  0.0244  0.0244  0.0243  0.0243
  0.0249  0.0248  0.0247  0.0248  0.0247  0.0249  0.0248  0.0252  0.0247  0.0249  0.0245  0.0245
  0.0257  0.0254  0.0251  0.0254  0.0252  0.0259  0.0254  0.0262  0.0251  0.0256  0.0248  0.0248
niter,ni,del,rscale     3    3    5.0000    0.6000
parameters
   -0.6796   14.9609    2.8200   -7.4005  -13.7278   -0.0412
   -0.3260   -3.7112    0.5947   12.1329    2.5323  -16.8213
eta,q 0.97575  9.02192
  0.0253  0.0251  0.0248  0.0251  0.0250  0.0255  0.0251  0.0257  0.0249  0.0253  0.0246  0.0247
  0.0248  0.0246  0.0245  0.0247  0.0246  0.0250  0.0246  0.0249  0.0245  0.0247  0.0244  0.0244
  0.0244  0.0244  0.0243  0.0244  0.0244  0.0246  0.0244  0.0244  0.0243  0.0244  0.0243  0.0243
  0.0243  0.0243  0.0243  0.0243  0.0243  0.0243  0.0243  0.0243  0.0243  0.0243  0.0243  0.0243
  0.0244  0.0244  0.0243  0.0244  0.0243  0.0243  0.0243  0.0244  0.0243  0.0244  0.0243  0.0243
  0.0247  0.0247  0.0245  0.0247  0.0246  0.0247  0.0246  0.0249  0.0245  0.0247  0.0244  0.0244
  0.0253  0.0251  0.0248  0.0251  0.0250  0.0254  0.0251  0.0257  0.0249  0.0253  0.0246  0.0247
niter,ni,del,rscale     2    3    5.0000    0.5000
parameters
   -0.6778   14.9532    2.8554   -7.4236  -13.6917    0.1345
   -0.3245   -3.7209    0.5922   12.1286    2.5074  -16.8030
eta,q 0.97576  9.02895
  0.0250  0.0248  0.0247  0.0248  0.0248  0.0252  0.0248  0.0253  0.0247  0.0250  0.0245  0.0245
  0.0246  0.0245  0.0245  0.0245  0.0245  0.0248  0.0245  0.0247  0.0244  0.0246  0.0243  0.0244
  0.0243  0.0243  0.0243  0.0243  0.0243  0.0245  0.0243  0.0243  0.0243  0.0243  0.0243  0.0243
  0.0243  0.0243  0.0243  0.0243  0.0243  0.0242  0.0242  0.0242  0.0242  0.0242  0.0242  0.0242
  0.0243  0.0243  0.0243  0.0243  0.0243  0.0243  0.0243  0.0244  0.0243  0.0243  0.0243  0.0243
  0.0246  0.0245  0.0244  0.0245  0.0245  0.0246  0.0245  0.0247  0.0244  0.0246  0.0244  0.0244
  0.0250  0.0248  0.0246  0.0249  0.0248  0.0251  0.0248  0.0253  0.0247  0.0250  0.0245  0.0245
niter,ni,del,rscale     1    3    5.0000    0.4000
parameters
   -0.6780   14.9433    2.8971   -7.4528  -13.6515    0.2742
   -0.3096   -3.7306    0.5905   12.1227    2.4780  -16.7669
eta,q 0.97577  9.03440
  0.0247  0.0246  0.0245  0.0246  0.0246  0.0249  0.0246  0.0249  0.0245  0.0247  0.0244  0.0244
  0.0244  0.0244  0.0244  0.0244  0.0244  0.0246  0.0244  0.0245  0.0244  0.0245  0.0243  0.0243
  0.0243  0.0243  0.0243  0.0243  0.0243  0.0244  0.0243  0.0243  0.0243  0.0243  0.0242  0.0243
  0.0242  0.0242  0.0242  0.0242  0.0242  0.0242  0.0242  0.0242  0.0242  0.0242  0.0242  0.0242
  0.0243  0.0243  0.0243  0.0243  0.0243  0.0243  0.0243  0.0243  0.0243  0.0243  0.0242  0.0242
  0.0244  0.0244  0.0243  0.0244  0.0244  0.0245  0.0244  0.0245  0.0244  0.0245  0.0243  0.0243
  0.0247  0.0246  0.0245  0.0246  0.0246  0.0248  0.0246  0.0249  0.0245  0.0247  0.0244  0.0244
registration optimization eta report
parameter search radius
    0.8000    0.8000    0.8000    2.4000    2.4000    2.4000
    2.4000    2.4000    2.4000    2.4000    2.4000    2.4000
100000*second partial in parameter space
       75.       59.       40.        7.        6.       11.
        6.       12.        5.        8.        3.        3.
  0.0247  0.0246  0.0245  0.0246  0.0246  0.0249  0.0246  0.0249  0.0245  0.0247  0.0244  0.0244
  0.0244  0.0244  0.0244  0.0244  0.0244  0.0246  0.0244  0.0245  0.0244  0.0245  0.0243  0.0243
  0.0243  0.0243  0.0243  0.0243  0.0243  0.0244  0.0243  0.0243  0.0243  0.0243  0.0242  0.0243
  0.0242  0.0242  0.0242  0.0242  0.0242  0.0242  0.0242  0.0242  0.0242  0.0242  0.0242  0.0242
  0.0243  0.0243  0.0243  0.0243  0.0243  0.0243  0.0243  0.0243  0.0243  0.0243  0.0242  0.0242
  0.0244  0.0244  0.0243  0.0244  0.0244  0.0245  0.0244  0.0245  0.0244  0.0245  0.0243  0.0243
  0.0247  0.0246  0.0245  0.0246  0.0246  0.0248  0.0246  0.0249  0.0245  0.0247  0.0244  0.0244
   -0.6780   14.9433    2.8971   -7.4528  -13.6515    0.2742
   -0.3096   -3.7306    0.5905   12.1227    2.4780  -16.7669
eta,q 0.97577  9.03440

---------------------------------------------------------------------
compute_vox2vox talsrcimg talsrcimg_to_711-2C_as_mni_average_305_t4 /opt/freesurfer/average/711-2C_as_mni_average_305
---------------------------------------------------------------------

freesurfer compute_vox2vox.c
Reading: talsrcimg.4dfp.ifh
Reading: talsrcimg_to_711-2C_as_mni_average_305_t4
Reading: /opt/freesurfer/average/711-2C_as_mni_average_305.4dfp.ifh
Writing: talsrcimg_to_711-2C_as_mni_average_305_t4_vox2vox.txt

start time Thu Mar 12 07:48:59 CET 2026
end		time Thu Mar 12 07:50:24 CET 2026

mpr2mni305 success

avi2talxfm orig_nu.mgz /opt/freesurfer/average/mni305.cor.mgz talsrcimg_to_711-2C_as_mni_average_305_t4_vox2vox.txt transforms/talairach.auto.xfm
avi2talxfm done
mv -f /out/sourcedata/freesurfer/sub-v1s10x0051111_ses-1/mri/talsrcimg_to_711-2C_as_mni_average_305_t4_vox2vox.txt /out/sourcedata/freesurfer/sub-v1s10x0051111_ses-1/mri/transforms/talsrcimg_to_711-2C_as_mni_average_305_t4_vox2vox.txt
lta_convert --src orig_nu.mgz --trg /opt/freesurfer/average/mni305.cor.mgz --inxfm transforms/talairach.auto.xfm --outlta transforms/talairach.auto.xfm.lta --subject fsaverage
7.3.2

--src: orig_nu.mgz src image (geometry).
--trg: /opt/freesurfer/average/mni305.cor.mgz trg image (geometry).
--inmni: transforms/talairach.auto.xfm input MNI/XFM transform.
--outlta: transforms/talairach.auto.xfm.lta output LTA.
--s: fsaverage subject name
 LTA read, type : 1
 1.07942   0.03878   0.01140  -0.28023;
-0.02727   0.97341   0.18892  -6.83240;
-0.00355  -0.13692   1.13150  -17.64317;
 0.00000   0.00000   0.00000   1.00000;
setting subject to fsaverage
Writing  LTA to file transforms/talairach.auto.xfm.lta...
lta_convert successful.
 
 
Started at Thu Mar 12 07:48:58 CET 2026
Ended   at Thu Mar 12 07:50:24 CET 2026
talairach_avi done
