status file for recon-all
Thu Mar 12 03:06:06 CET 2026
#@# MotionCor Thu Mar 12 03:06:07 CET 2026
#@# Talairach Thu Mar 12 03:06:13 CET 2026
#@# Talairach Failure Detection Thu Mar 12 03:09:02 CET 2026
#@# Nu Intensity Correction Thu Mar 12 03:09:02 CET 2026
#@# Intensity Normalization Thu Mar 12 03:11:50 CET 2026
recon-all -s sub-v1s10x0051026_ses-1 finished without error at Thu Mar 12 03:12:45 CET 2026



#New# invocation of recon-all 



status file for recon-all
Thu Mar 12 03:18:40 CET 2026
#@# EM Registration Thu Mar 12 03:18:40 CET 2026
recon-all -s sub-v1s10x0051026_ses-1 finished without error at Thu Mar 12 03:20:46 CET 2026



#New# invocation of recon-all 



status file for recon-all
Thu Mar 12 03:20:49 CET 2026
#@# CA Normalize Thu Mar 12 03:20:49 CET 2026
#@# CA Reg Thu Mar 12 03:21:40 CET 2026
#@# SubCort Seg Thu Mar 12 04:02:12 CET 2026
#@# CC Seg Thu Mar 12 04:21:50 CET 2026
#@# Merge ASeg Thu Mar 12 04:22:11 CET 2026
#@# Intensity Normalization2 Thu Mar 12 04:22:11 CET 2026
#@# Mask BFS Thu Mar 12 04:23:32 CET 2026
#@# WM Segmentation Thu Mar 12 04:23:33 CET 2026
#@# Fill Thu Mar 12 04:25:03 CET 2026
recon-all -s sub-v1s10x0051026_ses-1 finished without error at Thu Mar 12 04:25:40 CET 2026



#New# invocation of recon-all 



status file for recon-all
Thu Mar 12 05:13:19 CET 2026
#@# white curv lh Thu Mar 12 05:13:19 CET 2026
#@# white area lh Thu Mar 12 05:13:19 CET 2026
#@# pial curv lh Thu Mar 12 05:13:19 CET 2026
#@# pial area lh Thu Mar 12 05:13:19 CET 2026
#@# thickness lh Thu Mar 12 05:13:19 CET 2026
#@# area and vertex vol lh Thu Mar 12 05:13:19 CET 2026
#@# white curv rh Thu Mar 12 05:13:19 CET 2026
#@# white area rh Thu Mar 12 05:13:19 CET 2026
#@# pial curv rh Thu Mar 12 05:13:19 CET 2026
#@# pial area rh Thu Mar 12 05:13:19 CET 2026
#@# thickness rh Thu Mar 12 05:13:19 CET 2026
#@# area and vertex vol rh Thu Mar 12 05:13:19 CET 2026
#@# Cortical ribbon mask Thu Mar 12 05:13:19 CET 2026
recon-all -s sub-v1s10x0051026_ses-1 finished without error at Thu Mar 12 05:18:17 CET 2026



#New# invocation of recon-all 



status file for recon-all
Thu Mar 12 05:23:54 CET 2026
#@# white curv lh Thu Mar 12 05:23:54 CET 2026
#@# white area lh Thu Mar 12 05:23:54 CET 2026
#@# pial curv lh Thu Mar 12 05:23:54 CET 2026
#@# pial area lh Thu Mar 12 05:23:54 CET 2026
#@# thickness lh Thu Mar 12 05:23:54 CET 2026
#@# area and vertex vol lh Thu Mar 12 05:23:54 CET 2026
#@# white curv rh Thu Mar 12 05:23:54 CET 2026
#@# white area rh Thu Mar 12 05:23:54 CET 2026
#@# pial curv rh Thu Mar 12 05:23:54 CET 2026
#@# pial area rh Thu Mar 12 05:23:54 CET 2026
#@# thickness rh Thu Mar 12 05:23:54 CET 2026
#@# area and vertex vol rh Thu Mar 12 05:23:54 CET 2026
#@# Curvature Stats lh Thu Mar 12 05:23:54 CET 2026
#@# Curvature Stats rh Thu Mar 12 05:23:56 CET 2026
#@# Relabel Hypointensities Thu Mar 12 05:23:58 CET 2026
#@# APas-to-ASeg Thu Mar 12 05:24:09 CET 2026
#@# AParc-to-ASeg aparc Thu Mar 12 05:24:16 CET 2026
#@# AParc-to-ASeg aparc.a2009s Thu Mar 12 05:24:48 CET 2026
#@# AParc-to-ASeg aparc.DKTatlas Thu Mar 12 05:25:10 CET 2026
#@# WMParc Thu Mar 12 05:25:44 CET 2026
#@# ASeg Stats Thu Mar 12 05:27:31 CET 2026
recon-all -s sub-v1s10x0051026_ses-1 finished without error at Thu Mar 12 05:27:53 CET 2026
