status file for recon-all
Thu Mar 12 04:54:10 CET 2026
#@# Tessellate rh Thu Mar 12 04:54:10 CET 2026
#@# Smooth1 rh Thu Mar 12 04:54:13 CET 2026
#@# Inflation1 rh Thu Mar 12 04:54:16 CET 2026
#@# QSphere rh Thu Mar 12 04:54:32 CET 2026
#@# Fix Topology rh Thu Mar 12 04:55:30 CET 2026
#@# Smooth2 rh Thu Mar 12 05:00:06 CET 2026
#@# Inflation2 rh Thu Mar 12 05:00:09 CET 2026
#@# Curv .H and .K rh Thu Mar 12 05:00:24 CET 2026
#@# Sphere rh Thu Mar 12 05:01:04 CET 2026
#@# Surf Reg rh Thu Mar 12 05:03:15 CET 2026
#@# Jacobian white rh Thu Mar 12 05:06:48 CET 2026
#@# AvgCurv rh Thu Mar 12 05:06:49 CET 2026
#@# Cortical Parc rh Thu Mar 12 05:06:49 CET 2026
#@# white curv rh Thu Mar 12 05:12:26 CET 2026
#@# white area rh Thu Mar 12 05:12:27 CET 2026
#@# pial curv rh Thu Mar 12 05:12:28 CET 2026
#@# pial area rh Thu Mar 12 05:12:29 CET 2026
#@# thickness rh Thu Mar 12 05:12:29 CET 2026
#@# area and vertex vol rh Thu Mar 12 05:12:49 CET 2026
#@# Curvature Stats rh Thu Mar 12 05:12:50 CET 2026
#@# Cortical Parc 2 rh Thu Mar 12 05:12:52 CET 2026
#@# Cortical Parc 3 rh Thu Mar 12 05:13:02 CET 2026
#@# WM/GM Contrast rh Thu Mar 12 05:13:10 CET 2026
recon-all -s sub-v1s10x0051026_ses-1 finished without error at Thu Mar 12 05:13:13 CET 2026



#New# invocation of recon-all 



status file for recon-all
Thu Mar 12 05:21:04 CET 2026
#@# white curv rh Thu Mar 12 05:21:04 CET 2026
#@# white area rh Thu Mar 12 05:21:04 CET 2026
#@# pial curv rh Thu Mar 12 05:21:04 CET 2026
#@# pial area rh Thu Mar 12 05:21:04 CET 2026
#@# thickness rh Thu Mar 12 05:21:04 CET 2026
#@# area and vertex vol rh Thu Mar 12 05:21:04 CET 2026
#@# Parcellation Stats rh Thu Mar 12 05:21:04 CET 2026
#@# Parcellation Stats 2 rh Thu Mar 12 05:21:22 CET 2026
#@# Parcellation Stats 3 rh Thu Mar 12 05:21:31 CET 2026
#@# BA_exvivo Labels rh Thu Mar 12 05:21:39 CET 2026
recon-all -s sub-v1s10x0051026_ses-1 finished without error at Thu Mar 12 05:23:49 CET 2026
