status file for recon-all
Thu Mar 12 07:22:44 CET 2026
#@# Tessellate lh Thu Mar 12 07:22:44 CET 2026
#@# Smooth1 lh Thu Mar 12 07:22:48 CET 2026
#@# Inflation1 lh Thu Mar 12 07:22:51 CET 2026
#@# QSphere lh Thu Mar 12 07:23:06 CET 2026
#@# Fix Topology lh Thu Mar 12 07:24:09 CET 2026
#@# Smooth2 lh Thu Mar 12 07:30:14 CET 2026
#@# Inflation2 lh Thu Mar 12 07:30:17 CET 2026
#@# Curv .H and .K lh Thu Mar 12 07:30:29 CET 2026
#@# Sphere lh Thu Mar 12 07:31:08 CET 2026
#@# Surf Reg lh Thu Mar 12 07:33:37 CET 2026
#@# Jacobian white lh Thu Mar 12 07:37:48 CET 2026
#@# AvgCurv lh Thu Mar 12 07:37:49 CET 2026
#@# Cortical Parc lh Thu Mar 12 07:37:50 CET 2026
#@# white curv lh Thu Mar 12 07:43:41 CET 2026
#@# white area lh Thu Mar 12 07:43:43 CET 2026
#@# pial curv lh Thu Mar 12 07:43:44 CET 2026
#@# pial area lh Thu Mar 12 07:43:45 CET 2026
#@# thickness lh Thu Mar 12 07:43:46 CET 2026
#@# area and vertex vol lh Thu Mar 12 07:44:10 CET 2026
#@# Curvature Stats lh Thu Mar 12 07:44:12 CET 2026
#@# Cortical Parc 2 lh Thu Mar 12 07:44:14 CET 2026
#@# Cortical Parc 3 lh Thu Mar 12 07:44:25 CET 2026
#@# WM/GM Contrast lh Thu Mar 12 07:44:34 CET 2026
recon-all -s sub-v1s10x0051060_ses-1 finished without error at Thu Mar 12 07:44:38 CET 2026



#New# invocation of recon-all 



status file for recon-all
Thu Mar 12 08:07:50 CET 2026
#@# white curv lh Thu Mar 12 08:07:50 CET 2026
#@# white area lh Thu Mar 12 08:07:51 CET 2026
#@# pial curv lh Thu Mar 12 08:07:51 CET 2026
#@# pial area lh Thu Mar 12 08:07:51 CET 2026
#@# thickness lh Thu Mar 12 08:07:51 CET 2026
#@# area and vertex vol lh Thu Mar 12 08:07:51 CET 2026
#@# Parcellation Stats lh Thu Mar 12 08:07:51 CET 2026
#@# Parcellation Stats 2 lh Thu Mar 12 08:08:06 CET 2026
#@# Parcellation Stats 3 lh Thu Mar 12 08:08:14 CET 2026
#@# BA_exvivo Labels lh Thu Mar 12 08:08:22 CET 2026
recon-all -s sub-v1s10x0051060_ses-1 finished without error at Thu Mar 12 08:10:53 CET 2026
