status file for recon-all
Thu Mar 12 10:32:15 CET 2026
#@# Tessellate rh Thu Mar 12 10:32:15 CET 2026
#@# Smooth1 rh Thu Mar 12 10:32:18 CET 2026
#@# Inflation1 rh Thu Mar 12 10:32:21 CET 2026
#@# QSphere rh Thu Mar 12 10:32:35 CET 2026
#@# Fix Topology rh Thu Mar 12 10:33:57 CET 2026
#@# Smooth2 rh Thu Mar 12 10:41:19 CET 2026
#@# Inflation2 rh Thu Mar 12 10:41:23 CET 2026
#@# Curv .H and .K rh Thu Mar 12 10:41:38 CET 2026
#@# Sphere rh Thu Mar 12 10:42:27 CET 2026
#@# Surf Reg rh Thu Mar 12 10:46:26 CET 2026
#@# Jacobian white rh Thu Mar 12 10:50:47 CET 2026
#@# AvgCurv rh Thu Mar 12 10:50:48 CET 2026
#@# Cortical Parc rh Thu Mar 12 10:50:49 CET 2026
#@# white curv rh Thu Mar 12 10:58:00 CET 2026
#@# white area rh Thu Mar 12 10:58:02 CET 2026
#@# pial curv rh Thu Mar 12 10:58:03 CET 2026
#@# pial area rh Thu Mar 12 10:58:04 CET 2026
#@# thickness rh Thu Mar 12 10:58:05 CET 2026
#@# area and vertex vol rh Thu Mar 12 10:58:36 CET 2026
#@# Curvature Stats rh Thu Mar 12 10:58:37 CET 2026
#@# Cortical Parc 2 rh Thu Mar 12 10:58:40 CET 2026
#@# Cortical Parc 3 rh Thu Mar 12 10:58:54 CET 2026
#@# WM/GM Contrast rh Thu Mar 12 10:59:04 CET 2026
recon-all -s sub-v1s10x0051116_ses-1 finished without error at Thu Mar 12 10:59:09 CET 2026



#New# invocation of recon-all 



status file for recon-all
Thu Mar 12 11:07:29 CET 2026
#@# white curv rh Thu Mar 12 11:07:29 CET 2026
#@# white area rh Thu Mar 12 11:07:29 CET 2026
#@# pial curv rh Thu Mar 12 11:07:29 CET 2026
#@# pial area rh Thu Mar 12 11:07:29 CET 2026
#@# thickness rh Thu Mar 12 11:07:29 CET 2026
#@# area and vertex vol rh Thu Mar 12 11:07:29 CET 2026
#@# Parcellation Stats rh Thu Mar 12 11:07:29 CET 2026
#@# Parcellation Stats 2 rh Thu Mar 12 11:07:48 CET 2026
#@# Parcellation Stats 3 rh Thu Mar 12 11:07:59 CET 2026
#@# BA_exvivo Labels rh Thu Mar 12 11:08:10 CET 2026
recon-all -s sub-v1s10x0051116_ses-1 finished without error at Thu Mar 12 11:11:06 CET 2026
