status file for recon-all
Thu Mar 12 07:23:31 CET 2026
#@# Tessellate rh Thu Mar 12 07:23:31 CET 2026
#@# Smooth1 rh Thu Mar 12 07:23:35 CET 2026
#@# Inflation1 rh Thu Mar 12 07:23:37 CET 2026
#@# QSphere rh Thu Mar 12 07:23:49 CET 2026
#@# Fix Topology rh Thu Mar 12 07:24:48 CET 2026
#@# Smooth2 rh Thu Mar 12 07:29:52 CET 2026
#@# Inflation2 rh Thu Mar 12 07:29:54 CET 2026
#@# Curv .H and .K rh Thu Mar 12 07:30:07 CET 2026
#@# Sphere rh Thu Mar 12 07:30:47 CET 2026
#@# Surf Reg rh Thu Mar 12 07:32:42 CET 2026
#@# Jacobian white rh Thu Mar 12 07:35:46 CET 2026
#@# AvgCurv rh Thu Mar 12 07:35:47 CET 2026
#@# Cortical Parc rh Thu Mar 12 07:35:48 CET 2026
#@# white curv rh Thu Mar 12 07:41:09 CET 2026
#@# white area rh Thu Mar 12 07:41:10 CET 2026
#@# pial curv rh Thu Mar 12 07:41:11 CET 2026
#@# pial area rh Thu Mar 12 07:41:13 CET 2026
#@# thickness rh Thu Mar 12 07:41:13 CET 2026
#@# area and vertex vol rh Thu Mar 12 07:41:39 CET 2026
#@# Curvature Stats rh Thu Mar 12 07:41:40 CET 2026
#@# Cortical Parc 2 rh Thu Mar 12 07:41:43 CET 2026
#@# Cortical Parc 3 rh Thu Mar 12 07:41:54 CET 2026
#@# WM/GM Contrast rh Thu Mar 12 07:42:04 CET 2026
recon-all -s sub-v1s10x0051051_ses-1 finished without error at Thu Mar 12 07:42:08 CET 2026



#New# invocation of recon-all 



status file for recon-all
Thu Mar 12 07:48:52 CET 2026
#@# white curv rh Thu Mar 12 07:48:52 CET 2026
#@# white area rh Thu Mar 12 07:48:52 CET 2026
#@# pial curv rh Thu Mar 12 07:48:52 CET 2026
#@# pial area rh Thu Mar 12 07:48:52 CET 2026
#@# thickness rh Thu Mar 12 07:48:52 CET 2026
#@# area and vertex vol rh Thu Mar 12 07:48:52 CET 2026
#@# Parcellation Stats rh Thu Mar 12 07:48:52 CET 2026
#@# Parcellation Stats 2 rh Thu Mar 12 07:49:06 CET 2026
#@# Parcellation Stats 3 rh Thu Mar 12 07:49:13 CET 2026
#@# BA_exvivo Labels rh Thu Mar 12 07:49:20 CET 2026
recon-all -s sub-v1s10x0051051_ses-1 finished without error at Thu Mar 12 07:51:46 CET 2026
