status file for recon-all
Thu Mar 12 11:32:07 CET 2026
#@# Tessellate lh Thu Mar 12 11:32:07 CET 2026
#@# Smooth1 lh Thu Mar 12 11:32:11 CET 2026
#@# Inflation1 lh Thu Mar 12 11:32:14 CET 2026
#@# QSphere lh Thu Mar 12 11:32:27 CET 2026
#@# Fix Topology lh Thu Mar 12 11:33:32 CET 2026
#@# Smooth2 lh Thu Mar 12 11:39:59 CET 2026
#@# Inflation2 lh Thu Mar 12 11:40:02 CET 2026
#@# Curv .H and .K lh Thu Mar 12 11:40:14 CET 2026
#@# Sphere lh Thu Mar 12 11:41:04 CET 2026
#@# Surf Reg lh Thu Mar 12 11:42:56 CET 2026
#@# Jacobian white lh Thu Mar 12 11:45:56 CET 2026
#@# AvgCurv lh Thu Mar 12 11:45:56 CET 2026
#@# Cortical Parc lh Thu Mar 12 11:45:57 CET 2026
#@# white curv lh Thu Mar 12 11:51:58 CET 2026
#@# white area lh Thu Mar 12 11:51:59 CET 2026
#@# pial curv lh Thu Mar 12 11:52:00 CET 2026
#@# pial area lh Thu Mar 12 11:52:02 CET 2026
#@# thickness lh Thu Mar 12 11:52:02 CET 2026
#@# area and vertex vol lh Thu Mar 12 11:52:33 CET 2026
#@# Curvature Stats lh Thu Mar 12 11:52:35 CET 2026
#@# Cortical Parc 2 lh Thu Mar 12 11:52:37 CET 2026
#@# Cortical Parc 3 lh Thu Mar 12 11:52:51 CET 2026
#@# WM/GM Contrast lh Thu Mar 12 11:53:01 CET 2026
recon-all -s sub-v1s10x0051156_ses-1 finished without error at Thu Mar 12 11:53:05 CET 2026



#New# invocation of recon-all 



status file for recon-all
Thu Mar 12 12:18:28 CET 2026
#@# white curv lh Thu Mar 12 12:18:28 CET 2026
#@# white area lh Thu Mar 12 12:18:28 CET 2026
#@# pial curv lh Thu Mar 12 12:18:28 CET 2026
#@# pial area lh Thu Mar 12 12:18:28 CET 2026
#@# thickness lh Thu Mar 12 12:18:28 CET 2026
#@# area and vertex vol lh Thu Mar 12 12:18:28 CET 2026
#@# Parcellation Stats lh Thu Mar 12 12:18:28 CET 2026
#@# Parcellation Stats 2 lh Thu Mar 12 12:18:48 CET 2026
#@# Parcellation Stats 3 lh Thu Mar 12 12:18:59 CET 2026
#@# BA_exvivo Labels lh Thu Mar 12 12:19:09 CET 2026
recon-all -s sub-v1s10x0051156_ses-1 finished without error at Thu Mar 12 12:21:40 CET 2026
