status file for recon-all
Thu Mar 12 01:00:12 CET 2026
#@# MotionCor Thu Mar 12 01:00:13 CET 2026
#@# Talairach Thu Mar 12 01:00:23 CET 2026
#@# Talairach Failure Detection Thu Mar 12 01:04:45 CET 2026
#@# Nu Intensity Correction Thu Mar 12 01:04:45 CET 2026
#@# Intensity Normalization Thu Mar 12 01:08:01 CET 2026
recon-all -s sub-v1s10x0050983_ses-1 finished without error at Thu Mar 12 01:09:21 CET 2026



#New# invocation of recon-all 



status file for recon-all
Thu Mar 12 01:16:42 CET 2026
#@# EM Registration Thu Mar 12 01:16:42 CET 2026
recon-all -s sub-v1s10x0050983_ses-1 finished without error at Thu Mar 12 01:18:41 CET 2026



#New# invocation of recon-all 



status file for recon-all
Thu Mar 12 01:18:46 CET 2026
#@# CA Normalize Thu Mar 12 01:18:46 CET 2026
#@# CA Reg Thu Mar 12 01:20:05 CET 2026
#@# SubCort Seg Thu Mar 12 02:07:06 CET 2026
#@# CC Seg Thu Mar 12 02:37:04 CET 2026
#@# Merge ASeg Thu Mar 12 02:37:39 CET 2026
#@# Intensity Normalization2 Thu Mar 12 02:37:39 CET 2026
#@# Mask BFS Thu Mar 12 02:39:47 CET 2026
#@# WM Segmentation Thu Mar 12 02:39:48 CET 2026
#@# Fill Thu Mar 12 02:41:48 CET 2026
recon-all -s sub-v1s10x0050983_ses-1 finished without error at Thu Mar 12 02:42:50 CET 2026



#New# invocation of recon-all 



status file for recon-all
Thu Mar 12 03:33:11 CET 2026
#@# white curv lh Thu Mar 12 03:33:11 CET 2026
#@# white area lh Thu Mar 12 03:33:11 CET 2026
#@# pial curv lh Thu Mar 12 03:33:11 CET 2026
#@# pial area lh Thu Mar 12 03:33:11 CET 2026
#@# thickness lh Thu Mar 12 03:33:11 CET 2026
#@# area and vertex vol lh Thu Mar 12 03:33:11 CET 2026
#@# white curv rh Thu Mar 12 03:33:11 CET 2026
#@# white area rh Thu Mar 12 03:33:11 CET 2026
#@# pial curv rh Thu Mar 12 03:33:11 CET 2026
#@# pial area rh Thu Mar 12 03:33:11 CET 2026
#@# thickness rh Thu Mar 12 03:33:11 CET 2026
#@# area and vertex vol rh Thu Mar 12 03:33:11 CET 2026
#@# Cortical ribbon mask Thu Mar 12 03:33:11 CET 2026
recon-all -s sub-v1s10x0050983_ses-1 finished without error at Thu Mar 12 03:42:32 CET 2026



#New# invocation of recon-all 



status file for recon-all
Thu Mar 12 03:49:47 CET 2026
#@# white curv lh Thu Mar 12 03:49:47 CET 2026
#@# white area lh Thu Mar 12 03:49:47 CET 2026
#@# pial curv lh Thu Mar 12 03:49:47 CET 2026
#@# pial area lh Thu Mar 12 03:49:47 CET 2026
#@# thickness lh Thu Mar 12 03:49:47 CET 2026
#@# area and vertex vol lh Thu Mar 12 03:49:47 CET 2026
#@# white curv rh Thu Mar 12 03:49:47 CET 2026
#@# white area rh Thu Mar 12 03:49:47 CET 2026
#@# pial curv rh Thu Mar 12 03:49:47 CET 2026
#@# pial area rh Thu Mar 12 03:49:47 CET 2026
#@# thickness rh Thu Mar 12 03:49:47 CET 2026
#@# area and vertex vol rh Thu Mar 12 03:49:47 CET 2026
#@# Curvature Stats lh Thu Mar 12 03:49:47 CET 2026
#@# Curvature Stats rh Thu Mar 12 03:49:50 CET 2026
#@# Relabel Hypointensities Thu Mar 12 03:49:52 CET 2026
#@# APas-to-ASeg Thu Mar 12 03:50:08 CET 2026
#@# AParc-to-ASeg aparc Thu Mar 12 03:50:17 CET 2026
#@# AParc-to-ASeg aparc.a2009s Thu Mar 12 03:51:06 CET 2026
#@# AParc-to-ASeg aparc.DKTatlas Thu Mar 12 03:51:56 CET 2026
#@# WMParc Thu Mar 12 03:52:48 CET 2026
#@# ASeg Stats Thu Mar 12 03:56:29 CET 2026
recon-all -s sub-v1s10x0050983_ses-1 finished without error at Thu Mar 12 03:57:08 CET 2026
