status file for recon-all
Thu Mar 12 04:23:38 CET 2026
#@# Tessellate rh Thu Mar 12 04:23:38 CET 2026
#@# Smooth1 rh Thu Mar 12 04:23:42 CET 2026
#@# Inflation1 rh Thu Mar 12 04:23:44 CET 2026
#@# QSphere rh Thu Mar 12 04:23:52 CET 2026
#@# Fix Topology rh Thu Mar 12 04:24:42 CET 2026
#@# Smooth2 rh Thu Mar 12 04:35:38 CET 2026
#@# Inflation2 rh Thu Mar 12 04:35:41 CET 2026
#@# Curv .H and .K rh Thu Mar 12 04:35:50 CET 2026
#@# Sphere rh Thu Mar 12 04:36:33 CET 2026
#@# Surf Reg rh Thu Mar 12 04:40:02 CET 2026
#@# Jacobian white rh Thu Mar 12 04:44:24 CET 2026
#@# AvgCurv rh Thu Mar 12 04:44:24 CET 2026
#@# Cortical Parc rh Thu Mar 12 04:44:25 CET 2026
#@# white curv rh Thu Mar 12 04:53:43 CET 2026
#@# white area rh Thu Mar 12 04:53:45 CET 2026
#@# pial curv rh Thu Mar 12 04:53:45 CET 2026
#@# pial area rh Thu Mar 12 04:53:47 CET 2026
#@# thickness rh Thu Mar 12 04:53:47 CET 2026
#@# area and vertex vol rh Thu Mar 12 04:54:14 CET 2026
#@# Curvature Stats rh Thu Mar 12 04:54:15 CET 2026
#@# Cortical Parc 2 rh Thu Mar 12 04:54:17 CET 2026
#@# Cortical Parc 3 rh Thu Mar 12 04:54:28 CET 2026
#@# WM/GM Contrast rh Thu Mar 12 04:54:37 CET 2026
recon-all -s sub-v1s10x0051015_ses-1 finished without error at Thu Mar 12 04:54:41 CET 2026



#New# invocation of recon-all 



status file for recon-all
Thu Mar 12 05:00:51 CET 2026
#@# white curv rh Thu Mar 12 05:00:51 CET 2026
#@# white area rh Thu Mar 12 05:00:51 CET 2026
#@# pial curv rh Thu Mar 12 05:00:51 CET 2026
#@# pial area rh Thu Mar 12 05:00:51 CET 2026
#@# thickness rh Thu Mar 12 05:00:51 CET 2026
#@# area and vertex vol rh Thu Mar 12 05:00:51 CET 2026
#@# Parcellation Stats rh Thu Mar 12 05:00:51 CET 2026
#@# Parcellation Stats 2 rh Thu Mar 12 05:01:07 CET 2026
#@# Parcellation Stats 3 rh Thu Mar 12 05:01:15 CET 2026
#@# BA_exvivo Labels rh Thu Mar 12 05:01:23 CET 2026
recon-all -s sub-v1s10x0051015_ses-1 finished without error at Thu Mar 12 05:03:30 CET 2026
