status file for recon-all
Thu Mar 12 03:09:29 CET 2026
#@# Tessellate rh Thu Mar 12 03:09:29 CET 2026
#@# Smooth1 rh Thu Mar 12 03:09:32 CET 2026
#@# Inflation1 rh Thu Mar 12 03:09:35 CET 2026
#@# QSphere rh Thu Mar 12 03:09:49 CET 2026
#@# Fix Topology rh Thu Mar 12 03:11:09 CET 2026
#@# Smooth2 rh Thu Mar 12 03:17:41 CET 2026
#@# Inflation2 rh Thu Mar 12 03:17:44 CET 2026
#@# Curv .H and .K rh Thu Mar 12 03:18:00 CET 2026
#@# Sphere rh Thu Mar 12 03:18:38 CET 2026
#@# Surf Reg rh Thu Mar 12 03:20:59 CET 2026
#@# Jacobian white rh Thu Mar 12 03:24:43 CET 2026
#@# AvgCurv rh Thu Mar 12 03:24:44 CET 2026
#@# Cortical Parc rh Thu Mar 12 03:24:45 CET 2026
#@# white curv rh Thu Mar 12 03:30:59 CET 2026
#@# white area rh Thu Mar 12 03:31:01 CET 2026
#@# pial curv rh Thu Mar 12 03:31:02 CET 2026
#@# pial area rh Thu Mar 12 03:31:04 CET 2026
#@# thickness rh Thu Mar 12 03:31:05 CET 2026
#@# area and vertex vol rh Thu Mar 12 03:31:25 CET 2026
#@# Curvature Stats rh Thu Mar 12 03:31:27 CET 2026
#@# Cortical Parc 2 rh Thu Mar 12 03:31:29 CET 2026
#@# Cortical Parc 3 rh Thu Mar 12 03:31:40 CET 2026
#@# WM/GM Contrast rh Thu Mar 12 03:31:50 CET 2026
recon-all -s sub-v1s10x0050981_ses-1 finished without error at Thu Mar 12 03:31:54 CET 2026



#New# invocation of recon-all 



status file for recon-all
Thu Mar 12 03:39:03 CET 2026
#@# white curv rh Thu Mar 12 03:39:03 CET 2026
#@# white area rh Thu Mar 12 03:39:03 CET 2026
#@# pial curv rh Thu Mar 12 03:39:03 CET 2026
#@# pial area rh Thu Mar 12 03:39:03 CET 2026
#@# thickness rh Thu Mar 12 03:39:03 CET 2026
#@# area and vertex vol rh Thu Mar 12 03:39:03 CET 2026
#@# Parcellation Stats rh Thu Mar 12 03:39:03 CET 2026
#@# Parcellation Stats 2 rh Thu Mar 12 03:39:20 CET 2026
#@# Parcellation Stats 3 rh Thu Mar 12 03:39:29 CET 2026
#@# BA_exvivo Labels rh Thu Mar 12 03:39:38 CET 2026
recon-all -s sub-v1s10x0050981_ses-1 finished without error at Thu Mar 12 03:42:03 CET 2026
