status file for recon-all
Thu Mar 12 07:57:03 CET 2026
#@# Tessellate lh Thu Mar 12 07:57:03 CET 2026
#@# Smooth1 lh Thu Mar 12 07:57:07 CET 2026
#@# Inflation1 lh Thu Mar 12 07:57:10 CET 2026
#@# QSphere lh Thu Mar 12 07:57:26 CET 2026
#@# Fix Topology lh Thu Mar 12 07:58:35 CET 2026
#@# Smooth2 lh Thu Mar 12 08:11:24 CET 2026
#@# Inflation2 lh Thu Mar 12 08:11:27 CET 2026
#@# Curv .H and .K lh Thu Mar 12 08:11:45 CET 2026
#@# Sphere lh Thu Mar 12 08:12:37 CET 2026
#@# Surf Reg lh Thu Mar 12 08:18:40 CET 2026
#@# Jacobian white lh Thu Mar 12 08:26:10 CET 2026
#@# AvgCurv lh Thu Mar 12 08:26:11 CET 2026
#@# Cortical Parc lh Thu Mar 12 08:26:12 CET 2026
#@# white curv lh Thu Mar 12 08:33:53 CET 2026
#@# white area lh Thu Mar 12 08:33:55 CET 2026
#@# pial curv lh Thu Mar 12 08:33:56 CET 2026
#@# pial area lh Thu Mar 12 08:33:58 CET 2026
#@# thickness lh Thu Mar 12 08:33:59 CET 2026
#@# area and vertex vol lh Thu Mar 12 08:34:31 CET 2026
#@# Curvature Stats lh Thu Mar 12 08:34:33 CET 2026
#@# Cortical Parc 2 lh Thu Mar 12 08:34:36 CET 2026
#@# Cortical Parc 3 lh Thu Mar 12 08:34:50 CET 2026
#@# WM/GM Contrast lh Thu Mar 12 08:35:02 CET 2026
recon-all -s sub-v1s10x0051076_ses-1 finished without error at Thu Mar 12 08:35:06 CET 2026



#New# invocation of recon-all 



status file for recon-all
Thu Mar 12 09:04:24 CET 2026
#@# white curv lh Thu Mar 12 09:04:24 CET 2026
#@# white area lh Thu Mar 12 09:04:24 CET 2026
#@# pial curv lh Thu Mar 12 09:04:24 CET 2026
#@# pial area lh Thu Mar 12 09:04:24 CET 2026
#@# thickness lh Thu Mar 12 09:04:24 CET 2026
#@# area and vertex vol lh Thu Mar 12 09:04:24 CET 2026
#@# Parcellation Stats lh Thu Mar 12 09:04:24 CET 2026
#@# Parcellation Stats 2 lh Thu Mar 12 09:04:46 CET 2026
#@# Parcellation Stats 3 lh Thu Mar 12 09:04:58 CET 2026
#@# BA_exvivo Labels lh Thu Mar 12 09:05:09 CET 2026
recon-all -s sub-v1s10x0051076_ses-1 finished without error at Thu Mar 12 09:08:02 CET 2026
