/out/sourcedata/freesurfer/sub-v1s10x0051044_ses-1/mri
/opt/freesurfer/bin/talairach_avi
--i orig_nu.mgz --xfm transforms/talairach.auto.xfm
talairach_avi 7.3.2
Linux dna070 5.14.0-427.37.1.el9_4.x86_64 #1 SMP PREEMPT_DYNAMIC Fri Sep 13 12:41:50 EDT 2024 x86_64 x86_64 x86_64 GNU/Linux
Thu Mar 12 05:00:58 CET 2026
mri_convert orig_nu.mgz talsrcimg.img 
reading from orig_nu.mgz...
TR=0.00, TE=0.00, TI=0.00, flip angle=0.00
i_ras = (-1, 0, 0)
j_ras = (0, 0, -1)
k_ras = (0, 1, 0)
writing to talsrcimg.img...
Analyze Output Matrix
-1.00000   0.00000   0.00000   129.66513;
 0.00000   0.00000   1.00000  -128.00000;
 0.00000  -1.00000   0.00000   130.00000;
 0.00000   0.00000   0.00000   1.00000;
--------------------
INFO: set hdr.hist.orient to -1
mpr2mni305 talsrcimg
Thu Mar 12 05:00:58 CET 2026
/opt/freesurfer/bin/mpr2mni305 talsrcimg
mpr2mni305 7.3.2
target=711-2C_as_mni_average_305

---------------------------------------------------------------------
analyzeto4dfp talsrcimg -O0 -y
---------------------------------------------------------------------

freesurfer ifh2hdr.c
Thu Mar 12 05:00:58 2026
Writing: talsrcimg.4dfp.hdr
freesurfer analyzeto4dfp.c
Reading: talsrcimg.hdr
header size 348 bytes
hdr.dime.datatype	offset=70	value=2
hdr.dime.bitpix		offset=72	value=8
hdr.hist.orient		offset=252	value=-1
dimensionality     4
dimensions       256       256       256         1
Reading: talsrcimg.img
Writing: talsrcimg.4dfp.img
Writing: talsrcimg.4dfp.ifh
ifh2hdr talsrcimg -r0to220
ori=2

---------------------------------------------------------------------
gauss_4dfp talsrcimg 1.1
---------------------------------------------------------------------

freesurfer gauss_4dfp.c
Reading: talsrcimg.4dfp.img
Writing: talsrcimg_g11.4dfp.img
image dimensions 256 256 256 padded to 288 288 288
processing volume 1freesurfer ifh2hdr.c
Thu Mar 12 05:01:00 2026
Writing: talsrcimg_g11.4dfp.hdr

Writing: talsrcimg_g11.4dfp.ifh
including: talsrcimg.4dfp.img.rec in talsrcimg_g11.4dfp.img.rec

---------------------------------------------------------------------
imgreg_4dfp /opt/freesurfer/average/711-2C_as_mni_average_305 none talsrcimg_g11 none talsrcimg_to_711-2C_as_mni_average_305_t4 4355
---------------------------------------------------------------------

freesurfer imgreg_4dfp.c
/opt/freesurfer/average/711-2C_as_mni_average_305.4dfp.img
       256       256       256         1
  1.000000  1.000000  1.000000
orientation T byte_order littleendian
Reading image: /opt/freesurfer/average/711-2C_as_mni_average_305.4dfp.img
dimensions:      256       256       256
mmppix:       1.0000   -1.0000   -1.0000
center:     128.0000 -129.0000 -129.0000
talsrcimg_g11.4dfp.img
       256       256       256         1
  1.000000  1.000000  1.000000
orientation T byte_order littleendian
Reading image: talsrcimg_g11.4dfp.img
dimensions:      256       256       256
mmppix:       1.0000   -1.0000   -1.0000
center:     128.0000 -129.0000 -129.0000
t4_read: open error in t4_sub.f l:  41 t4_file(1:l)talsrcimg_to_711-2C_as_mni_average_305_t4 
t4_read: transform initialized to I4
rotation matrix determinant  1.000000
image alignment mode   4355 decimal     1103 hex
   -7.5000  -45.0000  -45.0000 8842.3936   17.6333
    0.0000  -45.0000  -45.0000 9131.2207   17.6521
    7.5000  -45.0000  -45.0000 8546.5732   17.6463
   -7.5000  -37.5000  -45.0000 9140.8770   17.6384
    0.0000  -37.5000  -45.0000 9393.5508   17.6563
    7.5000  -37.5000  -45.0000 8798.3457   17.6520
   -7.5000  -30.0000  -45.0000 9754.9131   17.6474
    0.0000  -30.0000  -45.000010010.7764   17.6573
    7.5000  -30.0000  -45.0000 9391.4590   17.6491
   -7.5000  -22.5000  -45.000010282.1797   17.6488
    0.0000  -22.5000  -45.000010549.0879   17.6506
    7.5000  -22.5000  -45.0000 9895.7227   17.6362
   -7.5000  -15.0000  -45.000010718.9082   17.6426
    0.0000  -15.0000  -45.000010998.9629   17.6438
    7.5000  -15.0000  -45.000010329.3008   17.6275
   -7.5000   -7.5000  -45.000011112.3477   17.6360
    0.0000   -7.5000  -45.000011398.8682   17.6463
    7.5000   -7.5000  -45.000010708.0771   17.6346
   -7.5000    0.0000  -45.000011404.9844   17.6333
    0.0000    0.0000  -45.000011698.9570   17.6521
    7.5000    0.0000  -45.000010980.3320   17.6463
   -7.5000    7.5000  -45.000010731.9531   17.6384
    0.0000    7.5000  -45.000010966.0586   17.6563
    7.5000    7.5000  -45.000010260.4180   17.6520
   -7.5000   15.0000  -45.0000 9955.2266   17.6474
    0.0000   15.0000  -45.000010162.7314   17.6573
    7.5000   15.0000  -45.0000 9503.3340   17.6491
   -7.5000   22.5000  -45.0000 9178.2432   17.6463
    0.0000   22.5000  -45.0000 9380.8320   17.6482
    7.5000   22.5000  -45.0000 8783.3330   17.6338
   -7.5000   30.0000  -45.0000 8329.0322   17.4075
    0.0000   30.0000  -45.0000 8511.0137   17.4086
    7.5000   30.0000  -45.0000 7959.3926   17.3926
   -7.5000   37.5000  -45.0000 7740.7256   17.4101
    0.0000   37.5000  -45.0000 7888.1040   17.4203
    7.5000   37.5000  -45.0000 7379.2573   17.4088
   -7.5000   45.0000  -45.0000 6833.1968   17.0633
    0.0000   45.0000  -45.0000 6985.8994   17.0823
    7.5000   45.0000  -45.0000 6504.9028   17.0773
   -7.5000  -45.0000  -37.5000 9408.2178   17.4481
    0.0000  -45.0000  -37.5000 9665.9932   17.4682
    7.5000  -45.0000  -37.5000 9057.6914   17.4570
   -7.5000  -37.5000  -37.5000 9703.7227   17.4507
    0.0000  -37.5000  -37.5000 9944.5723   17.4699
    7.5000  -37.5000  -37.5000 9319.6836   17.4601
   -7.5000  -30.0000  -37.500010336.4912   17.4557
    0.0000  -30.0000  -37.500010572.7393   17.4656
    7.5000  -30.0000  -37.5000 9918.5781   17.4534
   -7.5000  -22.5000  -37.500010881.4697   17.4555
    0.0000  -22.5000  -37.500011124.6299   17.4553
    7.5000  -22.5000  -37.500010440.2900   17.4386
   -7.5000  -15.0000  -37.500011357.2559   17.4508
    0.0000  -15.0000  -37.500011613.3232   17.4497
    7.5000  -15.0000  -37.500010887.9473   17.4307
   -7.5000   -7.5000  -37.500011755.4756   17.4484
    0.0000   -7.5000  -37.500012025.2725   17.4582
    7.5000   -7.5000  -37.500011266.8545   17.4425
   -7.5000    0.0000  -37.500012042.0195   17.4481
    0.0000    0.0000  -37.500012306.8516   17.4682
    7.5000    0.0000  -37.500011519.9990   17.4570
   -7.5000    7.5000  -37.500011287.4111   17.4507
    0.0000    7.5000  -37.500011524.7959   17.4699
    7.5000    7.5000  -37.500010774.9287   17.4601
   -7.5000   15.0000  -37.500010435.5742   17.4557
    0.0000   15.0000  -37.500010633.5576   17.4656
    7.5000   15.0000  -37.5000 9958.8779   17.4534
   -7.5000   22.5000  -37.5000 9615.3291   17.4531
    0.0000   22.5000  -37.5000 9801.1367   17.4529
    7.5000   22.5000  -37.5000 9166.0732   17.4362
   -7.5000   30.0000  -37.5000 8712.2832   17.2183
    0.0000   30.0000  -37.5000 8871.4014   17.2172
    7.5000   30.0000  -37.5000 8309.4082   17.1985
   -7.5000   37.5000  -37.5000 8092.9688   17.2247
    0.0000   37.5000  -37.5000 8220.9365   17.2345
    7.5000   37.5000  -37.5000 7698.8198   17.2191
   -7.5000   45.0000  -37.5000 7127.8984   16.8839
    0.0000   45.0000  -37.5000 7279.6528   16.9041
    7.5000   45.0000  -37.5000 6769.6011   16.8936
   -7.5000  -45.0000  -30.000010198.7041   18.1464
    0.0000  -45.0000  -30.000010441.2744   18.1735
    7.5000  -45.0000  -30.0000 9797.7637   18.1644
   -7.5000  -37.5000  -30.000010506.4521   18.1533
    0.0000  -37.5000  -30.000010730.2373   18.1810
    7.5000  -37.5000  -30.000010066.1377   18.1721
   -7.5000  -30.0000  -30.000011159.1289   18.1529
    0.0000  -30.0000  -30.000011372.9629   18.1716
    7.5000  -30.0000  -30.000010661.2842   18.1613
   -7.5000  -22.5000  -30.000011734.8281   18.1427
    0.0000  -22.5000  -30.000011963.8994   18.1492
    7.5000  -22.5000  -30.000011211.9746   18.1357
   -7.5000  -15.0000  -30.000012222.8896   18.1328
    0.0000  -15.0000  -30.000012465.3457   18.1363
    7.5000  -15.0000  -30.000011699.6660   18.1211
   -7.5000   -7.5000  -30.000012627.7432   18.1361
    0.0000   -7.5000  -30.000012911.5137   18.1511
    7.5000   -7.5000  -30.000012088.0107   18.1390
   -7.5000    0.0000  -30.000012920.0205   18.1464
    0.0000    0.0000  -30.000013192.4590   18.1735
    7.5000    0.0000  -30.000012357.0898   18.1644
   -7.5000    7.5000  -30.000012110.8623   18.1533
    0.0000    7.5000  -30.000012336.5625   18.1810
    7.5000    7.5000  -30.000011544.0342   18.1721
   -7.5000   15.0000  -30.000011164.9414   18.1529
    0.0000   15.0000  -30.000011370.1260   18.1716
    7.5000   15.0000  -30.000010669.8076   18.1613
   -7.5000   22.5000  -30.000010260.8916   18.1384
    0.0000   22.5000  -30.000010448.1123   18.1448
    7.5000   22.5000  -30.0000 9772.7998   18.1314
   -7.5000   30.0000  -30.0000 9245.9512   17.8929
    0.0000   30.0000  -30.0000 9423.4707   17.8963
    7.5000   30.0000  -30.0000 8836.8340   17.8813
   -7.5000   37.5000  -30.0000 8576.8105   17.9054
    0.0000   37.5000  -30.0000 8731.5430   17.9202
    7.5000   37.5000  -30.0000 8174.5747   17.9084
   -7.5000   45.0000  -30.0000 7553.9355   17.5731
    0.0000   45.0000  -30.0000 7700.7002   17.5998
    7.5000   45.0000  -30.0000 7179.5107   17.5911
   -7.5000  -45.0000  -22.500011005.5430   18.7189
    0.0000  -45.0000  -22.500011226.1230   18.7511
    7.5000  -45.0000  -22.500010523.9199   18.7519
   -7.5000  -37.5000  -22.500011313.7861   18.7350
    0.0000  -37.5000  -22.500011520.0723   18.7701
    7.5000  -37.5000  -22.500010801.3379   18.7699
   -7.5000  -30.0000  -22.500011980.6855   18.7338
    0.0000  -30.0000  -22.500012184.7607   18.7625
    7.5000  -30.0000  -22.500011427.6631   18.7595
   -7.5000  -22.5000  -22.500012587.4912   18.7128
    0.0000  -22.5000  -22.500012800.5342   18.7292
    7.5000  -22.5000  -22.500012003.1162   18.7227
   -7.5000  -15.0000  -22.500013113.3926   18.6933
    0.0000  -15.0000  -22.500013348.4170   18.7043
    7.5000  -15.0000  -22.500012521.3613   18.6972
   -7.5000   -7.5000  -22.500013530.6367   18.6981
    0.0000   -7.5000  -22.500013774.5537   18.7184
    7.5000   -7.5000  -22.500012919.9971   18.7161
   -7.5000    0.0000  -22.500013803.5479   18.7189
    0.0000    0.0000  -22.500014057.0010   18.7511
    7.5000    0.0000  -22.500013181.5039   18.7519
   -7.5000    7.5000  -22.500012923.0908   18.7350
    0.0000    7.5000  -22.500013141.6035   18.7701
    7.5000    7.5000  -22.500012331.1455   18.7699
   -7.5000   15.0000  -22.500011910.2021   18.7338
    0.0000   15.0000  -22.500012104.9629   18.7625
    7.5000   15.0000  -22.500011378.3154   18.7595
   -7.5000   22.5000  -22.500010912.0508   18.7071
    0.0000   22.5000  -22.500011077.4072   18.7234
    7.5000   22.5000  -22.500010415.9893   18.7169
   -7.5000   30.0000  -22.5000 9797.8184   18.4487
    0.0000   30.0000  -22.5000 9988.5332   18.4597
    7.5000   30.0000  -22.5000 9392.2480   18.4527
   -7.5000   37.5000  -22.5000 9069.2949   18.4630
    0.0000   37.5000  -22.5000 9241.6445   18.4832
    7.5000   37.5000  -22.5000 8657.4785   18.4810
   -7.5000   45.0000  -22.5000 7984.5083   18.1406
    0.0000   45.0000  -22.5000 8140.8003   18.1722
    7.5000   45.0000  -22.5000 7607.1797   18.1730
   -7.5000  -45.0000  -15.000011781.9453   19.1215
    0.0000  -45.0000  -15.000012028.0322   19.1536
    7.5000  -45.0000  -15.000011269.6348   19.1614
   -7.5000  -37.5000  -15.000012117.3076   19.1415
    0.0000  -37.5000  -15.000012333.2285   19.1770
    7.5000  -37.5000  -15.000011544.1621   19.1835
   -7.5000  -30.0000  -15.000012797.6318   19.1434
    0.0000  -30.0000  -15.000013010.0186   19.1743
    7.5000  -30.0000  -15.000012205.9980   19.1762
   -7.5000  -22.5000  -15.000013438.7412   19.1211
    0.0000  -22.5000  -15.000013661.5391   19.1416
    7.5000  -22.5000  -15.000012814.8877   19.1386
   -7.5000  -15.0000  -15.000013993.4531   19.0981
    0.0000  -15.0000  -15.000014234.6357   19.1133
    7.5000  -15.0000  -15.000013364.1670   19.1103
   -7.5000   -7.5000  -15.000014406.2402   19.1004
    0.0000   -7.5000  -15.000014647.7012   19.1226
    7.5000   -7.5000  -15.000013751.6221   19.1258
   -7.5000    0.0000  -15.000014680.7031   19.1215
    0.0000    0.0000  -15.000014921.9150   19.1536
    7.5000    0.0000  -15.000014010.4590   19.1614
   -7.5000    7.5000  -15.000013725.7959   19.1415
    0.0000    7.5000  -15.000013936.0703   19.1770
    7.5000    7.5000  -15.000013101.2529   19.1835
   -7.5000   15.0000  -15.000012654.9980   19.1434
    0.0000   15.0000  -15.000012829.1885   19.1743
    7.5000   15.0000  -15.000012083.3662   19.1762
   -7.5000   22.5000  -15.000011581.1914   19.1143
    0.0000   22.5000  -15.000011737.2061   19.1348
    7.5000   22.5000  -15.000011081.9766   19.1318
   -7.5000   30.0000  -15.000010369.2539   18.8509
    0.0000   30.0000  -15.000010555.6660   18.8659
    7.5000   30.0000  -15.0000 9980.2900   18.8630
   -7.5000   37.5000  -15.0000 9573.6016   18.8628
    0.0000   37.5000  -15.0000 9774.1230   18.8849
    7.5000   37.5000  -15.0000 9186.0352   18.8881
   -7.5000   45.0000  -15.0000 8409.5137   18.5408
    0.0000   45.0000  -15.0000 8590.1221   18.5724
    7.5000   45.0000  -15.0000 8057.6816   18.5802
   -7.5000  -45.0000   -7.500012657.7324   19.3389
    0.0000  -45.0000   -7.500012922.0117   19.3648
    7.5000  -45.0000   -7.500012077.9111   19.3690
   -7.5000  -37.5000   -7.500012980.8750   19.3534
    0.0000  -37.5000   -7.500013209.9609   19.3806
    7.5000  -37.5000   -7.500012352.5742   19.3848
   -7.5000  -30.0000   -7.500013662.0146   19.3601
    0.0000  -30.0000   -7.500013884.2773   19.3815
    7.5000  -30.0000   -7.500013056.6455   19.3805
   -7.5000  -22.5000   -7.500014325.1279   19.3487
    0.0000  -22.5000   -7.500014573.7920   19.3617
    7.5000  -22.5000   -7.500013713.9541   19.3545
   -7.5000  -15.0000   -7.500014917.2510   19.3325
    0.0000  -15.0000   -7.500015159.3516   19.3426
    7.5000  -15.0000   -7.500014273.0898   19.3349
   -7.5000   -7.5000   -7.500015332.9150   19.3293
    0.0000   -7.5000   -7.500015607.2266   19.3467
    7.5000   -7.5000   -7.500014687.9805   19.3450
   -7.5000    0.0000   -7.500015595.3213   19.3389
    0.0000    0.0000   -7.500015880.0674   19.3648
    7.5000    0.0000   -7.500014932.8145   19.3690
   -7.5000    7.5000   -7.500014605.9951   19.3534
    0.0000    7.5000   -7.500014839.3086   19.3806
    7.5000    7.5000   -7.500013967.5928   19.3848
   -7.5000   15.0000   -7.500013474.6670   19.3601
    0.0000   15.0000   -7.500013676.4258   19.3815
    7.5000   15.0000   -7.500012873.3672   19.3805
   -7.5000   22.5000   -7.500012334.0723   19.3398
    0.0000   22.5000   -7.500012531.6885   19.3528
    7.5000   22.5000   -7.500011789.7471   19.3455
   -7.5000   30.0000   -7.500011038.5322   19.0818
    0.0000   30.0000   -7.500011250.1318   19.0917
    7.5000   30.0000   -7.500010606.6465   19.0841
   -7.5000   37.5000   -7.500010169.0928   19.0883
    0.0000   37.5000   -7.500010356.6260   19.1057
    7.5000   37.5000   -7.5000 9733.9883   19.1041
   -7.5000   45.0000   -7.5000 8906.0869   18.7542
    0.0000   45.0000   -7.5000 9085.4912   18.7801
    7.5000   45.0000   -7.5000 8518.6240   18.7847
   -7.5000  -45.0000    0.000013511.9727   19.4109
    0.0000  -45.0000    0.000013771.2070   19.4311
    7.5000  -45.0000    0.000012805.9854   19.4258
   -7.5000  -37.5000    0.000013847.5361   19.4181
    0.0000  -37.5000    0.000014054.6152   19.4374
    7.5000  -37.5000    0.000013101.1992   19.4336
   -7.5000  -30.0000    0.000014453.4004   19.4279
    0.0000  -30.0000    0.000014719.9590   19.4387
    7.5000  -30.0000    0.000013842.4414   19.4305
   -7.5000  -22.5000    0.000015126.3730   19.4279
    0.0000  -22.5000    0.000015437.5488   19.4299
    7.5000  -22.5000    0.000014549.5293   19.4150
   -7.5000  -15.0000    0.000015721.8291   19.4196
    0.0000  -15.0000    0.000016067.3965   19.4208
    7.5000  -15.0000    0.000015141.9961   19.4040
   -7.5000   -7.5000    0.000016194.5918   19.4123
    0.0000   -7.5000    0.000016539.3809   19.4232
    7.5000   -7.5000    0.000015584.9160   19.4116
   -7.5000    0.0000    0.000016463.5781   19.4109
    0.0000    0.0000    0.000016820.4902   19.4311
    7.5000    0.0000    0.000015822.7500   19.4258
   -7.5000    7.5000    0.000015463.2217   19.4181
    0.0000    7.5000    0.000015756.4492   19.4374
    7.5000    7.5000    0.000014807.2637   19.4336
   -7.5000   15.0000    0.000014285.2549   19.4279
    0.0000   15.0000    0.000014540.6572   19.4387
    7.5000   15.0000    0.000013621.5039   19.4305
   -7.5000   22.5000    0.000013065.3838   19.4189
    0.0000   22.5000    0.000013303.6621   19.4210
    7.5000   22.5000    0.000012483.3398   19.4061
   -7.5000   30.0000    0.000011715.4053   19.1683
    0.0000   30.0000    0.000011902.6836   19.1694
    7.5000   30.0000    0.000011200.1865   19.1529
   -7.5000   37.5000    0.000010741.0869   19.1709
    0.0000   37.5000    0.000010897.6006   19.1818
    7.5000   37.5000    0.000010256.9209   19.1704
   -7.5000   45.0000    0.0000 9349.2617   18.8258
    0.0000   45.0000    0.0000 9511.5508   18.8462
    7.5000   45.0000    0.0000 8934.1924   18.8418
   -7.5000  -45.0000    7.500013308.2539   19.4574
    0.0000  -45.0000    7.500013503.2520   19.4796
    7.5000  -45.0000    7.500012568.1523   19.4677
   -7.5000  -37.5000    7.500013765.1738   19.4611
    0.0000  -37.5000    7.500013917.4131   19.4824
    7.5000  -37.5000    7.500012919.3096   19.4720
   -7.5000  -30.0000    7.500014347.1074   19.4674
    0.0000  -30.0000    7.500014635.8086   19.4782
    7.5000  -30.0000    7.500013676.7871   19.4652
   -7.5000  -22.5000    7.500014899.4258   19.4671
    0.0000  -22.5000    7.500015277.7236   19.4666
    7.5000  -22.5000    7.500014344.4795   19.4485
   -7.5000  -15.0000    7.500015478.0869   19.4610
    0.0000  -15.0000    7.500015882.0801   19.4595
    7.5000  -15.0000    7.500014898.3516   19.4389
   -7.5000   -7.5000    7.500015958.7549   19.4575
    0.0000   -7.5000    7.500016322.1846   19.4682
    7.5000   -7.5000    7.500015302.2363   19.4513
   -7.5000    0.0000    7.500016237.5205   19.4574
    0.0000    0.0000    7.500016551.7207   19.4796
    7.5000    0.0000    7.500015495.0840   19.4677
   -7.5000    7.5000    7.500015250.0830   19.4611
    0.0000    7.5000    7.500015456.9902   19.4824
    7.5000    7.5000    7.500014489.3125   19.4720
   -7.5000   15.0000    7.500014080.3379   19.4674
    0.0000   15.0000    7.500014250.5615   19.4782
    7.5000   15.0000    7.500013357.3252   19.4652
   -7.5000   22.5000    7.500012862.1650   19.4581
    0.0000   22.5000    7.500013018.5840   19.4576
    7.5000   22.5000    7.500012199.6094   19.4395
   -7.5000   30.0000    7.500011540.2451   19.2091
    0.0000   30.0000    7.500011650.1260   19.2077
    7.5000   30.0000    7.500010920.1016   19.1873
   -7.5000   37.5000    7.500010559.2246   19.2156
    0.0000   37.5000    7.500010690.1533   19.2263
    7.5000   37.5000    7.500010016.5840   19.2097
   -7.5000   45.0000    7.5000 9141.6543   18.8722
    0.0000   45.0000    7.5000 9304.3584   18.8945
    7.5000   45.0000    7.5000 8741.3135   18.8834
   -7.5000  -45.0000   15.000012749.7246   19.4844
    0.0000  -45.0000   15.000012974.5254   19.5130
    7.5000  -45.0000   15.000012051.8330   19.5031
   -7.5000  -37.5000   15.000013303.2568   19.4924
    0.0000  -37.5000   15.000013475.6895   19.5217
    7.5000  -37.5000   15.000012421.0234   19.5121
   -7.5000  -30.0000   15.000014045.5029   19.4927
    0.0000  -30.0000   15.000014290.7969   19.5122
    7.5000  -30.0000   15.000013172.1846   19.5011
   -7.5000  -22.5000   15.000014606.2930   19.4819
    0.0000  -22.5000   15.000014927.6436   19.4881
    7.5000  -22.5000   15.000013796.7910   19.4735
   -7.5000  -15.0000   15.000015120.5967   19.4707
    0.0000  -15.0000   15.000015415.6572   19.4736
    7.5000  -15.0000   15.000014321.3330   19.4572
   -7.5000   -7.5000   15.000015502.7100   19.4735
    0.0000   -7.5000   15.000015798.7051   19.4889
    7.5000   -7.5000   15.000014710.2812   19.4759
   -7.5000    0.0000   15.000015714.1182   19.4844
    0.0000    0.0000   15.000015971.1230   19.5130
    7.5000    0.0000   15.000014888.5645   19.5031
   -7.5000    7.5000   15.000014735.8545   19.4924
    0.0000    7.5000   15.000014911.5762   19.5217
    7.5000    7.5000   15.000013914.2646   19.5121
   -7.5000   15.0000   15.000013607.0479   19.4927
    0.0000   15.0000   15.000013741.0107   19.5122
    7.5000   15.0000   15.000012867.0801   19.5011
   -7.5000   22.5000   15.000012433.4512   19.4729
    0.0000   22.5000   15.000012559.0068   19.4791
    7.5000   22.5000   15.000011766.9854   19.4646
   -7.5000   30.0000   15.000011160.2822   19.2187
    0.0000   30.0000   15.000011245.2227   19.2216
    7.5000   30.0000   15.000010541.4238   19.2054
   -7.5000   37.5000   15.000010195.9814   19.2314
    0.0000   37.5000   15.000010297.3418   19.2467
    7.5000   37.5000   15.0000 9671.1416   19.2340
   -7.5000   45.0000   15.0000 8816.7910   18.8994
    0.0000   45.0000   15.0000 8931.8096   18.9276
    7.5000   45.0000   15.0000 8400.2871   18.9182
   -7.5000  -45.0000   22.500012152.9785   19.4848
    0.0000  -45.0000   22.500012347.6377   19.5176
    7.5000  -45.0000   22.500011461.8779   19.5176
   -7.5000  -37.5000   22.500012470.3389   19.5019
    0.0000  -37.5000   22.500012733.6445   19.5376
    7.5000  -37.5000   22.500011809.6650   19.5366
   -7.5000  -30.0000   22.500013161.3984   19.5012
    0.0000  -30.0000   22.500013469.6045   19.5302
    7.5000  -30.0000   22.500012554.4082   19.5262
   -7.5000  -22.5000   22.500013869.1240   19.4795
    0.0000  -22.5000   22.500014134.0371   19.4957
    7.5000  -22.5000   22.500013164.8447   19.4881
   -7.5000  -15.0000   22.500014451.5820   19.4588
    0.0000  -15.0000   22.500014678.2764   19.4695
    7.5000  -15.0000   22.500013672.1914   19.4614
   -7.5000   -7.5000   22.500014820.4805   19.4634
    0.0000   -7.5000   22.500015067.3672   19.4838
    7.5000   -7.5000   22.500014053.0898   19.4806
   -7.5000    0.0000   22.500015008.4912   19.4848
    0.0000    0.0000   22.500015225.0410   19.5176
    7.5000    0.0000   22.500014218.1611   19.5176
   -7.5000    7.5000   22.500014064.5420   19.5019
    0.0000    7.5000   22.500014227.3018   19.5376
    7.5000    7.5000   22.500013278.4502   19.5366
   -7.5000   15.0000   22.500012976.1260   19.5012
    0.0000   15.0000   22.500013101.9473   19.5302
    7.5000   15.0000   22.500012246.2100   19.5262
   -7.5000   22.5000   22.500011831.4941   19.4706
    0.0000   22.5000   22.500011962.6963   19.4867
    7.5000   22.5000   22.500011200.7334   19.4791
   -7.5000   30.0000   22.500010609.9658   19.2070
    0.0000   30.0000   22.500010732.0186   19.2176
    7.5000   30.0000   22.500010058.4219   19.2095
   -7.5000   37.5000   22.5000 9721.5068   19.2214
    0.0000   37.5000   22.5000 9847.4307   19.2417
    7.5000   37.5000   22.5000 9235.1855   19.2387
   -7.5000   45.0000   22.5000 8429.2920   18.8996
    0.0000   45.0000   22.5000 8536.0742   18.9318
    7.5000   45.0000   22.5000 8000.0864   18.9319
   -7.5000  -45.0000   30.000011269.3809   19.5064
    0.0000  -45.0000   30.000011501.4971   19.5388
    7.5000  -45.0000   30.000010712.7217   19.5443
   -7.5000  -37.5000   30.000011531.4561   19.5276
    0.0000  -37.5000   30.000011839.2920   19.5632
    7.5000  -37.5000   30.000011028.0332   19.5673
   -7.5000  -30.0000   30.000012221.1035   19.5301
    0.0000  -30.0000   30.000012528.9092   19.5608
    7.5000  -30.0000   30.000011723.3887   19.5600
   -7.5000  -22.5000   30.000012896.5820   19.5071
    0.0000  -22.5000   30.000013187.5117   19.5271
    7.5000  -22.5000   30.000012310.4678   19.5215
   -7.5000  -15.0000   30.000013448.5059   19.4828
    0.0000  -15.0000   30.000013752.3057   19.4977
    7.5000  -15.0000   30.000012841.0713   19.4922
   -7.5000   -7.5000   30.000013826.1934   19.4847
    0.0000   -7.5000   30.000014173.1514   19.5069
    7.5000   -7.5000   30.000013242.3203   19.5078
   -7.5000    0.0000   30.000014026.3887   19.5064
    0.0000    0.0000   30.000014356.0850   19.5388
    7.5000    0.0000   30.000013376.7275   19.5443
   -7.5000    7.5000   30.000013131.7520   19.5276
    0.0000    7.5000   30.000013401.4795   19.5632
    7.5000    7.5000   30.000012482.4375   19.5673
   -7.5000   15.0000   30.000012085.8271   19.5301
    0.0000   15.0000   30.000012321.6104   19.5608
    7.5000   15.0000   30.000011520.2051   19.5600
   -7.5000   22.5000   30.000010985.6768   19.4981
    0.0000   22.5000   30.000011192.3652   19.5181
    7.5000   22.5000   30.000010502.8008   19.5125
   -7.5000   30.0000   30.0000 9855.4277   19.2307
    0.0000   30.0000   30.000010053.9434   19.2454
    7.5000   30.0000   30.0000 9452.7998   19.2399
   -7.5000   37.5000   30.0000 9036.0654   19.2422
    0.0000   37.5000   30.0000 9220.9688   19.2643
    7.5000   37.5000   30.0000 8683.5625   19.2652
   -7.5000   45.0000   30.0000 7831.3857   18.9188
    0.0000   45.0000   30.0000 7996.5015   18.9507
    7.5000   45.0000   30.0000 7520.8218   18.9563
   -7.5000  -45.0000   37.500010816.3555   19.7390
    0.0000  -45.0000   37.500011091.1396   19.7657
    7.5000  -45.0000   37.500010379.8105   19.7680
   -7.5000  -37.5000   37.500011091.0537   19.7548
    0.0000  -37.5000   37.500011399.3936   19.7827
    7.5000  -37.5000   37.500010689.3066   19.7847
   -7.5000  -30.0000   37.500011811.7910   19.7633
    0.0000  -30.0000   37.500012094.6592   19.7850
    7.5000  -30.0000   37.500011356.6475   19.7813
   -7.5000  -22.5000   37.500012455.5029   19.7523
    0.0000  -22.5000   37.500012758.3604   19.7652
    7.5000  -22.5000   37.500011969.5312   19.7547
   -7.5000  -15.0000   37.500012975.8564   19.7349
    0.0000  -15.0000   37.500013311.9043   19.7451
    7.5000  -15.0000   37.500012485.5488   19.7341
   -7.5000   -7.5000   37.500013388.1963   19.7301
    0.0000   -7.5000   37.500013733.7803   19.7479
    7.5000   -7.5000   37.500012865.3945   19.7438
   -7.5000    0.0000   37.500013587.5117   19.7390
    0.0000    0.0000   37.500013896.1621   19.7657
    7.5000    0.0000   37.500013023.7422   19.7680
   -7.5000    7.5000   37.500012722.5811   19.7548
    0.0000    7.5000   37.500012984.4131   19.7827
    7.5000    7.5000   37.500012155.3379   19.7847
   -7.5000   15.0000   37.500011679.5713   19.7633
    0.0000   15.0000   37.500011951.5146   19.7850
    7.5000   15.0000   37.500011196.8955   19.7813
   -7.5000   22.5000   37.500010578.3545   19.7432
    0.0000   22.5000   37.500010833.5908   19.7561
    7.5000   22.5000   37.500010176.6396   19.7456
   -7.5000   30.0000   37.5000 9462.4951   19.4795
    0.0000   30.0000   37.5000 9710.5059   19.4895
    7.5000   30.0000   37.5000 9141.8467   19.4787
   -7.5000   37.5000   37.5000 8650.8438   19.4835
    0.0000   37.5000   37.5000 8893.8184   19.5013
    7.5000   37.5000   37.5000 8392.2744   19.4973
   -7.5000   45.0000   37.5000 7491.5288   19.1418
    0.0000   45.0000   37.5000 7710.9814   19.1684
    7.5000   45.0000   37.5000 7272.3789   19.1712
   -7.5000  -45.0000   45.0000 9963.8281   20.0215
    0.0000  -45.0000   45.000010212.0967   20.0428
    7.5000  -45.0000   45.0000 9591.4385   20.0340
   -7.5000  -37.5000   45.000010244.8877   20.0287
    0.0000  -37.5000   45.000010498.7334   20.0494
    7.5000  -37.5000   45.0000 9883.3330   20.0419
   -7.5000  -30.0000   45.000010898.0117   20.0407
    0.0000  -30.0000   45.000011155.0400   20.0524
    7.5000  -30.0000   45.000010487.1836   20.0391
   -7.5000  -22.5000   45.000011457.9502   20.0426
    0.0000  -22.5000   45.000011751.0762   20.0446
    7.5000  -22.5000   45.000011057.1787   20.0237
   -7.5000  -15.0000   45.000011934.2393   20.0345
    0.0000  -15.0000   45.000012271.8633   20.0354
    7.5000  -15.0000   45.000011548.6357   20.0127
   -7.5000   -7.5000   45.000012345.5146   20.0252
    0.0000   -7.5000   45.000012668.4492   20.0365
    7.5000   -7.5000   45.000011906.0938   20.0202
   -7.5000    0.0000   45.000012539.7891   20.0215
    0.0000    0.0000   45.000012823.6973   20.0428
    7.5000    0.0000   45.000012055.9600   20.0340
   -7.5000    7.5000   45.000011722.0273   20.0287
    0.0000    7.5000   45.000011989.5732   20.0494
    7.5000    7.5000   45.000011265.6074   20.0419
   -7.5000   15.0000   45.000010777.0391   20.0407
    0.0000   15.0000   45.000011013.5029   20.0524
    7.5000   15.0000   45.000010349.6816   20.0391
   -7.5000   22.5000   45.0000 9756.3145   20.0333
    0.0000   22.5000   45.0000 9971.1455   20.0353
    7.5000   22.5000   45.0000 9401.1826   20.0144
   -7.5000   30.0000   45.0000 8743.8428   19.7735
    0.0000   30.0000   45.0000 8942.8682   19.7744
    7.5000   30.0000   45.0000 8449.0010   19.7520
   -7.5000   37.5000   45.0000 7988.2651   19.7716
    0.0000   37.5000   45.0000 8174.7319   19.7828
    7.5000   37.5000   45.0000 7735.5815   19.7667
   -7.5000   45.0000   45.0000 6906.3638   19.4218
    0.0000   45.0000   45.0000 7075.8032   19.4434
    7.5000   45.0000   45.0000 6687.2168   19.4354

---------------------------------------------------------------------
imgreg_4dfp /opt/freesurfer/average/711-2C_as_mni_average_305 /opt/freesurfer/average/711-2B_as_mni_average_305_mask talsrcimg_g11 none talsrcimg_to_711-2C_as_mni_average_305_t4 4355
---------------------------------------------------------------------

freesurfer imgreg_4dfp.c
/opt/freesurfer/average/711-2C_as_mni_average_305.4dfp.img
       256       256       256         1
  1.000000  1.000000  1.000000
orientation T byte_order littleendian
Reading image: /opt/freesurfer/average/711-2C_as_mni_average_305.4dfp.img
dimensions:      256       256       256
mmppix:       1.0000   -1.0000   -1.0000
center:     128.0000 -129.0000 -129.0000
/opt/freesurfer/average/711-2B_as_mni_average_305_mask.4dfp.img
       256       256       256         1
  1.000000  1.000000  1.000000
orientation T byte_order littleendian
Reading mask: /opt/freesurfer/average/711-2B_as_mni_average_305_mask.4dfp.img (2306576 pixels)
talsrcimg_g11.4dfp.img
       256       256       256         1
  1.000000  1.000000  1.000000
orientation T byte_order littleendian
Reading image: talsrcimg_g11.4dfp.img
dimensions:      256       256       256
mmppix:       1.0000   -1.0000   -1.0000
center:     128.0000 -129.0000 -129.0000
rotation matrix determinant  1.000000
image alignment mode   4355 decimal     1103 hex
   -7.5000  -45.0000  -45.0000 2230.8606   16.9265
    0.0000  -45.0000  -45.0000 2224.6648   17.0788
    7.5000  -45.0000  -45.0000 2187.5154   17.5350
   -7.5000  -37.5000  -45.0000 2279.8823   16.1115
    0.0000  -37.5000  -45.0000 2267.6611   16.2721
    7.5000  -37.5000  -45.0000 2231.2227   16.7378
   -7.5000  -30.0000  -45.0000 2308.0591   15.7407
    0.0000  -30.0000  -45.0000 2293.5161   15.8576
    7.5000  -30.0000  -45.0000 2253.3530   16.3507
   -7.5000  -22.5000  -45.0000 2310.0798   15.7348
    0.0000  -22.5000  -45.0000 2292.6768   15.8296
    7.5000  -22.5000  -45.0000 2249.1987   16.3187
   -7.5000  -15.0000  -45.0000 2282.0740   16.0355
    0.0000  -15.0000  -45.0000 2262.8970   16.1306
    7.5000  -15.0000  -45.0000 2219.6404   16.6257
   -7.5000   -7.5000  -45.0000 2235.6643   16.6397
    0.0000   -7.5000  -45.0000 2216.0154   16.7377
    7.5000   -7.5000  -45.0000 2171.6616   17.2592
   -7.5000    0.0000  -45.0000 2164.3340   17.5860
    0.0000    0.0000  -45.0000 2146.4094   17.6916
    7.5000    0.0000  -45.0000 2105.1147   18.2889
   -7.5000    7.5000  -45.0000 2074.8892   18.9126
    0.0000    7.5000  -45.0000 2058.3008   19.1024
    7.5000    7.5000  -45.0000 2015.2341   19.7505
   -7.5000   15.0000  -45.0000 1963.3641   20.9091
    0.0000   15.0000  -45.0000 1947.4851   21.1200
    7.5000   15.0000  -45.0000 1909.7582   21.8399
   -7.5000   22.5000  -45.0000 1848.5072   23.7535
    0.0000   22.5000  -45.0000 1834.0231   23.9743
    7.5000   22.5000  -45.0000 1801.0187   24.6873
   -7.5000   30.0000  -45.0000 1718.9926   27.6560
    0.0000   30.0000  -45.0000 1707.8092   27.9279
    7.5000   30.0000  -45.0000 1673.0812   28.8258
   -7.5000   37.5000  -45.0000 1593.0085   32.9642
    0.0000   37.5000  -45.0000 1576.8436   33.3859
    7.5000   37.5000  -45.0000 1545.8676   34.4629
   -7.5000   45.0000  -45.0000 1462.4077   40.8323
    0.0000   45.0000  -45.0000 1449.9286   41.2219
    7.5000   45.0000  -45.0000 1422.5315   42.5249
   -7.5000  -45.0000  -37.5000 2324.7598   15.7012
    0.0000  -45.0000  -37.5000 2312.7632   15.8415
    7.5000  -45.0000  -37.5000 2273.5889   16.2839
   -7.5000  -37.5000  -37.5000 2377.5889   14.9616
    0.0000  -37.5000  -37.5000 2361.7632   15.0710
    7.5000  -37.5000  -37.5000 2323.5259   15.5019
   -7.5000  -30.0000  -37.5000 2412.9153   14.5682
    0.0000  -30.0000  -37.5000 2394.1323   14.6711
    7.5000  -30.0000  -37.5000 2355.4807   15.1137
   -7.5000  -22.5000  -37.5000 2414.1501   14.5398
    0.0000  -22.5000  -37.5000 2393.1743   14.6380
    7.5000  -22.5000  -37.5000 2351.9897   15.0799
   -7.5000  -15.0000  -37.5000 2388.4824   14.8226
    0.0000  -15.0000  -37.5000 2364.3752   14.9047
    7.5000  -15.0000  -37.5000 2319.4036   15.3680
   -7.5000   -7.5000  -37.5000 2337.0063   15.4094
    0.0000   -7.5000  -37.5000 2315.6555   15.4879
    7.5000   -7.5000  -37.5000 2266.1179   15.9852
   -7.5000    0.0000  -37.5000 2258.9404   16.2666
    0.0000    0.0000  -37.5000 2239.6582   16.3531
    7.5000    0.0000  -37.5000 2191.7168   16.9169
   -7.5000    7.5000  -37.5000 2164.9661   17.5129
    0.0000    7.5000  -37.5000 2146.6980   17.6248
    7.5000    7.5000  -37.5000 2097.6538   18.2568
   -7.5000   15.0000  -37.5000 2048.1292   19.3095
    0.0000   15.0000  -37.5000 2027.8206   19.4257
    7.5000   15.0000  -37.5000 1988.2758   20.0743
   -7.5000   22.5000  -37.5000 1929.4471   21.8406
    0.0000   22.5000  -37.5000 1909.5018   21.9450
    7.5000   22.5000  -37.5000 1869.7299   22.6531
   -7.5000   30.0000  -37.5000 1788.4951   25.3126
    0.0000   30.0000  -37.5000 1771.9882   25.4981
    7.5000   30.0000  -37.5000 1743.8853   26.3093
   -7.5000   37.5000  -37.5000 1653.8623   30.0641
    0.0000   37.5000  -37.5000 1636.4082   30.2994
    7.5000   37.5000  -37.5000 1613.0382   31.2346
   -7.5000   45.0000  -37.5000 1516.3000   36.7912
    0.0000   45.0000  -37.5000 1501.3683   37.1241
    7.5000   45.0000  -37.5000 1473.0665   38.3000
   -7.5000  -45.0000  -30.0000 2461.7190   15.0956
    0.0000  -45.0000  -30.0000 2448.5154   15.2048
    7.5000  -45.0000  -30.0000 2406.9480   15.6142
   -7.5000  -37.5000  -30.0000 2518.2900   14.4101
    0.0000  -37.5000  -30.0000 2501.2520   14.5165
    7.5000  -37.5000  -30.0000 2460.8794   14.9218
   -7.5000  -30.0000  -30.0000 2555.3254   14.0161
    0.0000  -30.0000  -30.0000 2536.3062   14.1132
    7.5000  -30.0000  -30.0000 2491.9443   14.5439
   -7.5000  -22.5000  -30.0000 2560.7253   13.9453
    0.0000  -22.5000  -30.0000 2537.1548   14.0422
    7.5000  -22.5000  -30.0000 2488.8008   14.4856
   -7.5000  -15.0000  -30.0000 2530.8772   14.2044
    0.0000  -15.0000  -30.0000 2504.8047   14.3026
    7.5000  -15.0000  -30.0000 2453.7070   14.7458
   -7.5000   -7.5000  -30.0000 2475.4690   14.7592
    0.0000   -7.5000  -30.0000 2454.8337   14.8442
    7.5000   -7.5000  -30.0000 2395.4324   15.3289
   -7.5000    0.0000  -30.0000 2395.0051   15.5948
    0.0000    0.0000  -30.0000 2375.1365   15.7182
    7.5000    0.0000  -30.0000 2317.2253   16.2302
   -7.5000    7.5000  -30.0000 2293.6201   16.7937
    0.0000    7.5000  -30.0000 2271.7166   16.9224
    7.5000    7.5000  -30.0000 2215.4736   17.4962
   -7.5000   15.0000  -30.0000 2166.4062   18.4713
    0.0000   15.0000  -30.0000 2144.8267   18.5786
    7.5000   15.0000  -30.0000 2100.4338   19.1901
   -7.5000   22.5000  -30.0000 2039.8188   20.8443
    0.0000   22.5000  -30.0000 2019.4435   20.9177
    7.5000   22.5000  -30.0000 1966.2925   21.5777
   -7.5000   30.0000  -30.0000 1885.7090   24.0332
    0.0000   30.0000  -30.0000 1868.2791   24.2361
    7.5000   30.0000  -30.0000 1833.1348   24.9217
   -7.5000   37.5000  -30.0000 1740.5979   28.4144
    0.0000   37.5000  -30.0000 1724.8746   28.6872
    7.5000   37.5000  -30.0000 1688.6813   29.5083
   -7.5000   45.0000  -30.0000 1600.2722   34.6230
    0.0000   45.0000  -30.0000 1586.5691   35.1079
    7.5000   45.0000  -30.0000 1550.9236   36.1538
   -7.5000  -45.0000  -22.5000 2574.0159   14.3990
    0.0000  -45.0000  -22.5000 2553.3801   14.4629
    7.5000  -45.0000  -22.5000 2504.4495   14.8860
   -7.5000  -37.5000  -22.5000 2636.3357   13.7258
    0.0000  -37.5000  -22.5000 2613.3928   13.8233
    7.5000  -37.5000  -22.5000 2567.5620   14.2263
   -7.5000  -30.0000  -22.5000 2672.6794   13.3612
    0.0000  -30.0000  -22.5000 2651.3259   13.4591
    7.5000  -30.0000  -22.5000 2602.5132   13.8857
   -7.5000  -22.5000  -22.5000 2679.0361   13.3006
    0.0000  -22.5000  -22.5000 2653.0564   13.4021
    7.5000  -22.5000  -22.5000 2597.3162   13.8251
   -7.5000  -15.0000  -22.5000 2655.3362   13.5151
    0.0000  -15.0000  -22.5000 2626.6465   13.6311
    7.5000  -15.0000  -22.5000 2567.0913   14.0558
   -7.5000   -7.5000  -22.5000 2595.8459   14.0398
    0.0000   -7.5000  -22.5000 2568.2854   14.1573
    7.5000   -7.5000  -22.5000 2507.9502   14.6160
   -7.5000    0.0000  -22.5000 2505.1643   14.8390
    0.0000    0.0000  -22.5000 2482.2354   14.9792
    7.5000    0.0000  -22.5000 2419.2361   15.4680
   -7.5000    7.5000  -22.5000 2393.5723   15.9683
    0.0000    7.5000  -22.5000 2373.0505   16.1238
    7.5000    7.5000  -22.5000 2314.3865   16.6466
   -7.5000   15.0000  -22.5000 2262.6931   17.5405
    0.0000   15.0000  -22.5000 2240.0664   17.6584
    7.5000   15.0000  -22.5000 2191.8320   18.2614
   -7.5000   22.5000  -22.5000 2121.3782   19.7556
    0.0000   22.5000  -22.5000 2094.7993   19.8196
    7.5000   22.5000  -22.5000 2048.5776   20.4737
   -7.5000   30.0000  -22.5000 1959.4393   22.7571
    0.0000   30.0000  -22.5000 1939.3412   22.8595
    7.5000   30.0000  -22.5000 1902.7166   23.5360
   -7.5000   37.5000  -22.5000 1811.0933   26.8330
    0.0000   37.5000  -22.5000 1790.5789   26.9926
    7.5000   37.5000  -22.5000 1752.4512   27.8275
   -7.5000   45.0000  -22.5000 1669.4878   32.5783
    0.0000   45.0000  -22.5000 1651.0376   33.0000
    7.5000   45.0000  -22.5000 1615.4263   33.9182
   -7.5000  -45.0000  -15.0000 2646.7063   13.6762
    0.0000  -45.0000  -15.0000 2627.9041   13.7773
    7.5000  -45.0000  -15.0000 2575.8486   14.2126
   -7.5000  -37.5000  -15.0000 2725.7126   13.0233
    0.0000  -37.5000  -15.0000 2700.8176   13.1129
    7.5000  -37.5000  -15.0000 2644.9038   13.5538
   -7.5000  -30.0000  -15.0000 2767.7058   12.6949
    0.0000  -30.0000  -15.0000 2739.1228   12.7974
    7.5000  -30.0000  -15.0000 2681.9292   13.2191
   -7.5000  -22.5000  -15.0000 2773.3887   12.6621
    0.0000  -22.5000  -15.0000 2744.6582   12.7564
    7.5000  -22.5000  -15.0000 2680.8896   13.1923
   -7.5000  -15.0000  -15.0000 2747.3953   12.8631
    0.0000  -15.0000  -15.0000 2718.0332   12.9740
    7.5000  -15.0000  -15.0000 2650.1995   13.4041
   -7.5000   -7.5000  -15.0000 2685.5139   13.3402
    0.0000   -7.5000  -15.0000 2656.4458   13.4664
    7.5000   -7.5000  -15.0000 2589.0359   13.9254
   -7.5000    0.0000  -15.0000 2587.8118   14.1133
    0.0000    0.0000  -15.0000 2563.8716   14.2373
    7.5000    0.0000  -15.0000 2496.7917   14.7270
   -7.5000    7.5000  -15.0000 2464.8716   15.2054
    0.0000    7.5000  -15.0000 2443.6748   15.3398
    7.5000    7.5000  -15.0000 2384.7634   15.8669
   -7.5000   15.0000  -15.0000 2325.8386   16.6953
    0.0000   15.0000  -15.0000 2304.3950   16.8135
    7.5000   15.0000  -15.0000 2252.1521   17.4324
   -7.5000   22.5000  -15.0000 2175.4414   18.7655
    0.0000   22.5000  -15.0000 2153.0417   18.8753
    7.5000   22.5000  -15.0000 2110.5312   19.5342
   -7.5000   30.0000  -15.0000 2002.0509   21.5948
    0.0000   30.0000  -15.0000 1987.1240   21.7006
    7.5000   30.0000  -15.0000 1955.2750   22.4522
   -7.5000   37.5000  -15.0000 1856.1819   25.4064
    0.0000   37.5000  -15.0000 1835.6798   25.5722
    7.5000   37.5000  -15.0000 1801.6168   26.4122
   -7.5000   45.0000  -15.0000 1704.4268   30.8240
    0.0000   45.0000  -15.0000 1685.2816   31.0982
    7.5000   45.0000  -15.0000 1653.8639   32.1073
   -7.5000  -45.0000   -7.5000 2701.9763   13.0630
    0.0000  -45.0000   -7.5000 2682.5952   13.1810
    7.5000  -45.0000   -7.5000 2630.9487   13.6204
   -7.5000  -37.5000   -7.5000 2796.4202   12.4077
    0.0000  -37.5000   -7.5000 2767.8726   12.4982
    7.5000  -37.5000   -7.5000 2701.9729   12.9622
   -7.5000  -30.0000   -7.5000 2849.8953   12.0328
    0.0000  -30.0000   -7.5000 2811.2354   12.1440
    7.5000  -30.0000   -7.5000 2743.0659   12.6456
   -7.5000  -22.5000   -7.5000 2852.1394   12.0483
    0.0000  -22.5000   -7.5000 2819.7056   12.1251
    7.5000  -22.5000   -7.5000 2746.8433   12.6157
   -7.5000  -15.0000   -7.5000 2820.3052   12.2714
    0.0000  -15.0000   -7.5000 2788.8040   12.3431
    7.5000  -15.0000   -7.5000 2714.4712   12.8283
   -7.5000   -7.5000   -7.5000 2749.4343   12.7153
    0.0000   -7.5000   -7.5000 2721.3401   12.8358
    7.5000   -7.5000   -7.5000 2648.5823   13.3179
   -7.5000    0.0000   -7.5000 2644.3806   13.4428
    0.0000    0.0000   -7.5000 2622.8386   13.5816
    7.5000    0.0000   -7.5000 2552.2810   14.0819
   -7.5000    7.5000   -7.5000 2520.0659   14.5020
    0.0000    7.5000   -7.5000 2497.3901   14.6317
    7.5000    7.5000   -7.5000 2431.7917   15.2115
   -7.5000   15.0000   -7.5000 2374.5818   15.9484
    0.0000   15.0000   -7.5000 2352.5625   16.0717
    7.5000   15.0000   -7.5000 2292.0703   16.7349
   -7.5000   22.5000   -7.5000 2213.9060   17.9604
    0.0000   22.5000   -7.5000 2198.4150   18.0888
    7.5000   22.5000   -7.5000 2143.2197   18.7738
   -7.5000   30.0000   -7.5000 2035.4696   20.6222
    0.0000   30.0000   -7.5000 2024.3918   20.7708
    7.5000   30.0000   -7.5000 1983.4755   21.5095
   -7.5000   37.5000   -7.5000 1880.3715   24.1640
    0.0000   37.5000   -7.5000 1864.5925   24.4831
    7.5000   37.5000   -7.5000 1827.7006   25.2312
   -7.5000   45.0000   -7.5000 1723.4580   29.1756
    0.0000   45.0000   -7.5000 1710.1023   29.5288
    7.5000   45.0000   -7.5000 1678.7233   30.5307
   -7.5000  -45.0000    0.0000 2739.5662   12.6774
    0.0000  -45.0000    0.0000 2724.4463   12.7796
    7.5000  -45.0000    0.0000 2663.8621   13.2552
   -7.5000  -37.5000    0.0000 2849.8425   11.9995
    0.0000  -37.5000    0.0000 2818.4658   12.1021
    7.5000  -37.5000    0.0000 2740.8108   12.5876
   -7.5000  -30.0000    0.0000 2911.9631   11.5323
    0.0000  -30.0000    0.0000 2867.6399   11.6832
    7.5000  -30.0000    0.0000 2787.9221   12.2364
   -7.5000  -22.5000    0.0000 2910.3196   11.5377
    0.0000  -22.5000    0.0000 2873.7358   11.6705
    7.5000  -22.5000    0.0000 2794.1509   12.1920
   -7.5000  -15.0000    0.0000 2865.2734   11.7953
    0.0000  -15.0000    0.0000 2839.2581   11.9242
    7.5000  -15.0000    0.0000 2758.1887   12.4413
   -7.5000   -7.5000    0.0000 2794.6848   12.2271
    0.0000   -7.5000    0.0000 2767.3167   12.3954
    7.5000   -7.5000    0.0000 2690.3010   12.9222
   -7.5000    0.0000    0.0000 2686.8940   12.9301
    0.0000    0.0000    0.0000 2662.5820   13.1311
    7.5000    0.0000    0.0000 2589.7661   13.6471
   -7.5000    7.5000    0.0000 2554.6021   14.0064
    0.0000    7.5000    0.0000 2529.1094   14.2145
    7.5000    7.5000    0.0000 2463.1006   14.7442
   -7.5000   15.0000    0.0000 2406.9197   15.4598
    0.0000   15.0000    0.0000 2383.5110   15.6590
    7.5000   15.0000    0.0000 2317.3984   16.2431
   -7.5000   22.5000    0.0000 2242.5198   17.3939
    0.0000   22.5000    0.0000 2224.1721   17.5875
    7.5000   22.5000    0.0000 2168.4395   18.2304
   -7.5000   30.0000    0.0000 2060.4209   19.9424
    0.0000   30.0000    0.0000 2043.9871   20.0805
    7.5000   30.0000    0.0000 2002.8727   20.8177
   -7.5000   37.5000    0.0000 1900.8774   23.2579
    0.0000   37.5000    0.0000 1881.7018   23.5947
    7.5000   37.5000    0.0000 1845.8137   24.3607
   -7.5000   45.0000    0.0000 1732.8416   27.9010
    0.0000   45.0000    0.0000 1719.0442   28.2921
    7.5000   45.0000    0.0000 1684.7185   29.2743
   -7.5000  -45.0000    7.5000 2766.4531   12.4480
    0.0000  -45.0000    7.5000 2745.4641   12.6028
    7.5000  -45.0000    7.5000 2680.6445   13.1224
   -7.5000  -37.5000    7.5000 2888.4016   11.8694
    0.0000  -37.5000    7.5000 2854.1570   11.9660
    7.5000  -37.5000    7.5000 2773.5613   12.4754
   -7.5000  -30.0000    7.5000 2955.9951   11.3559
    0.0000  -30.0000    7.5000 2910.2847   11.5690
    7.5000  -30.0000    7.5000 2823.3232   12.0633
   -7.5000  -22.5000    7.5000 2951.0632   11.2615
    0.0000  -22.5000    7.5000 2911.0210   11.4982
    7.5000  -22.5000    7.5000 2830.5972   11.9990
   -7.5000  -15.0000    7.5000 2895.0649   11.5091
    0.0000  -15.0000    7.5000 2866.3765   11.7292
    7.5000  -15.0000    7.5000 2790.3127   12.2084
   -7.5000   -7.5000    7.5000 2819.2766   11.9625
    0.0000   -7.5000    7.5000 2790.4626   12.1705
    7.5000   -7.5000    7.5000 2719.0483   12.6707
   -7.5000    0.0000    7.5000 2704.3459   12.7157
    0.0000    0.0000    7.5000 2679.3823   12.8955
    7.5000    0.0000    7.5000 2609.8657   13.3980
   -7.5000    7.5000    7.5000 2571.9768   13.7864
    0.0000    7.5000    7.5000 2544.6094   13.9302
    7.5000    7.5000    7.5000 2482.2095   14.4601
   -7.5000   15.0000    7.5000 2420.0972   15.2190
    0.0000   15.0000    7.5000 2394.8127   15.3408
    7.5000   15.0000    7.5000 2334.7817   15.9227
   -7.5000   22.5000    7.5000 2252.6079   17.1369
    0.0000   22.5000    7.5000 2234.7209   17.2249
    7.5000   22.5000    7.5000 2181.8296   17.8472
   -7.5000   30.0000    7.5000 2073.9482   19.6189
    0.0000   30.0000    7.5000 2053.8511   19.7085
    7.5000   30.0000    7.5000 2009.8823   20.3922
   -7.5000   37.5000    7.5000 1909.6067   22.9250
    0.0000   37.5000    7.5000 1895.1243   23.1738
    7.5000   37.5000    7.5000 1854.5901   23.9035
   -7.5000   45.0000    7.5000 1737.9167   27.3514
    0.0000   45.0000    7.5000 1725.7008   27.7008
    7.5000   45.0000    7.5000 1691.3887   28.5827
   -7.5000  -45.0000   15.0000 2765.7156   12.3707
    0.0000  -45.0000   15.0000 2742.3989   12.5989
    7.5000  -45.0000   15.0000 2674.3982   13.1498
   -7.5000  -37.5000   15.0000 2897.8682   11.8305
    0.0000  -37.5000   15.0000 2854.3938   12.0287
    7.5000  -37.5000   15.0000 2770.2119   12.4831
   -7.5000  -30.0000   15.0000 2969.7974   11.4541
    0.0000  -30.0000   15.0000 2914.5322   11.6567
    7.5000  -30.0000   15.0000 2822.7822   12.0932
   -7.5000  -22.5000   15.0000 2964.6074   11.3263
    0.0000  -22.5000   15.0000 2917.5518   11.5379
    7.5000  -22.5000   15.0000 2829.2395   11.9614
   -7.5000  -15.0000   15.0000 2908.0317   11.4985
    0.0000  -15.0000   15.0000 2870.7144   11.6873
    7.5000  -15.0000   15.0000 2792.5229   12.1417
   -7.5000   -7.5000   15.0000 2820.5364   11.9338
    0.0000   -7.5000   15.0000 2792.7122   12.0961
    7.5000   -7.5000   15.0000 2720.6157   12.5786
   -7.5000    0.0000   15.0000 2702.7749   12.6590
    0.0000    0.0000   15.0000 2678.0803   12.8064
    7.5000    0.0000   15.0000 2608.3672   13.3140
   -7.5000    7.5000   15.0000 2568.9431   13.7069
    0.0000    7.5000   15.0000 2542.8298   13.8294
    7.5000    7.5000   15.0000 2479.4714   14.3698
   -7.5000   15.0000   15.0000 2413.1907   15.1227
    0.0000   15.0000   15.0000 2389.7222   15.2228
    7.5000   15.0000   15.0000 2333.4377   15.8024
   -7.5000   22.5000   15.0000 2248.3352   17.0178
    0.0000   22.5000   15.0000 2225.3921   17.1138
    7.5000   22.5000   15.0000 2179.7471   17.7011
   -7.5000   30.0000   15.0000 2072.5225   19.5208
    0.0000   30.0000   15.0000 2046.8010   19.6208
    7.5000   30.0000   15.0000 2006.5896   20.2713
   -7.5000   37.5000   15.0000 1907.0686   22.8815
    0.0000   37.5000   15.0000 1887.9032   23.0384
    7.5000   37.5000   15.0000 1853.4098   23.6743
   -7.5000   45.0000   15.0000 1737.6199   27.1898
    0.0000   45.0000   15.0000 1722.9717   27.4973
    7.5000   45.0000   15.0000 1691.0339   28.3608
   -7.5000  -45.0000   22.5000 2748.7495   12.6141
    0.0000  -45.0000   22.5000 2717.6052   12.8610
    7.5000  -45.0000   22.5000 2653.6531   13.4083
   -7.5000  -37.5000   22.5000 2872.2593   11.9767
    0.0000  -37.5000   22.5000 2825.2659   12.2048
    7.5000  -37.5000   22.5000 2746.8098   12.7081
   -7.5000  -30.0000   22.5000 2931.3811   11.5516
    0.0000  -30.0000   22.5000 2884.9954   11.8247
    7.5000  -30.0000   22.5000 2806.5334   12.2967
   -7.5000  -22.5000   22.5000 2939.2266   11.4766
    0.0000  -22.5000   22.5000 2896.0847   11.6891
    7.5000  -22.5000   22.5000 2815.1116   12.1299
   -7.5000  -15.0000   22.5000 2885.0144   11.7265
    0.0000  -15.0000   22.5000 2848.0325   11.8731
    7.5000  -15.0000   22.5000 2774.2278   12.2961
   -7.5000   -7.5000   22.5000 2791.5918   12.2077
    0.0000   -7.5000   22.5000 2767.1267   12.3167
    7.5000   -7.5000   22.5000 2703.6821   12.7381
   -7.5000    0.0000   22.5000 2675.5312   12.9099
    0.0000    0.0000   22.5000 2651.7607   13.0151
    7.5000    0.0000   22.5000 2591.0857   13.4877
   -7.5000    7.5000   22.5000 2544.2517   13.9164
    0.0000    7.5000   22.5000 2519.6418   14.0019
    7.5000    7.5000   22.5000 2462.7368   14.5165
   -7.5000   15.0000   22.5000 2388.0867   15.2600
    0.0000   15.0000   22.5000 2364.6653   15.3466
    7.5000   15.0000   22.5000 2317.0918   15.9368
   -7.5000   22.5000   22.5000 2225.4646   17.0667
    0.0000   22.5000   22.5000 2205.9634   17.1690
    7.5000   22.5000   22.5000 2166.4482   17.8050
   -7.5000   30.0000   22.5000 2051.9697   19.5492
    0.0000   30.0000   22.5000 2032.8418   19.6633
    7.5000   30.0000   22.5000 2001.3295   20.3393
   -7.5000   37.5000   22.5000 1891.6080   22.9579
    0.0000   37.5000   22.5000 1877.9127   23.1569
    7.5000   37.5000   22.5000 1843.1069   23.8766
   -7.5000   45.0000   22.5000 1733.7639   27.3935
    0.0000   45.0000   22.5000 1709.9259   27.6994
    7.5000   45.0000   22.5000 1674.6000   28.5243
   -7.5000  -45.0000   30.0000 2715.5989   12.9829
    0.0000  -45.0000   30.0000 2680.0664   13.2220
    7.5000  -45.0000   30.0000 2616.2593   13.8056
   -7.5000  -37.5000   30.0000 2828.5146   12.2491
    0.0000  -37.5000   30.0000 2782.7417   12.5505
    7.5000  -37.5000   30.0000 2705.7329   13.0815
   -7.5000  -30.0000   30.0000 2883.8193   11.8982
    0.0000  -30.0000   30.0000 2839.1292   12.1756
    7.5000  -30.0000   30.0000 2764.6411   12.6570
   -7.5000  -22.5000   30.0000 2895.3931   11.8525
    0.0000  -22.5000   30.0000 2850.3923   12.0462
    7.5000  -22.5000   30.0000 2770.9946   12.4764
   -7.5000  -15.0000   30.0000 2842.0806   12.0921
    0.0000  -15.0000   30.0000 2805.4028   12.2413
    7.5000  -15.0000   30.0000 2733.4514   12.6304
   -7.5000   -7.5000   30.0000 2749.0608   12.5571
    0.0000   -7.5000   30.0000 2724.6797   12.6941
    7.5000   -7.5000   30.0000 2662.8889   13.1077
   -7.5000    0.0000   30.0000 2635.7488   13.2877
    0.0000    0.0000   30.0000 2612.0261   13.4205
    7.5000    0.0000   30.0000 2549.9475   13.8462
   -7.5000    7.5000   30.0000 2503.0667   14.3006
    0.0000    7.5000   30.0000 2478.6765   14.4022
    7.5000    7.5000   30.0000 2423.3760   14.8383
   -7.5000   15.0000   30.0000 2347.3916   15.5941
    0.0000   15.0000   30.0000 2325.6189   15.7088
    7.5000   15.0000   30.0000 2283.6492   16.2571
   -7.5000   22.5000   30.0000 2187.2385   17.4098
    0.0000   22.5000   30.0000 2166.9404   17.5261
    7.5000   22.5000   30.0000 2131.8301   18.1403
   -7.5000   30.0000   30.0000 2020.4014   19.8764
    0.0000   30.0000   30.0000 2006.9225   19.9705
    7.5000   30.0000   30.0000 1976.2454   20.6951
   -7.5000   37.5000   30.0000 1865.7811   23.1821
    0.0000   37.5000   30.0000 1849.1733   23.3905
    7.5000   37.5000   30.0000 1821.4760   24.1390
   -7.5000   45.0000   30.0000 1702.2600   27.6143
    0.0000   45.0000   30.0000 1681.7430   27.9576
    7.5000   45.0000   30.0000 1653.1558   28.9096
   -7.5000  -45.0000   37.5000 2674.6335   13.4937
    0.0000  -45.0000   37.5000 2633.3665   13.7989
    7.5000  -45.0000   37.5000 2569.7878   14.4134
   -7.5000  -37.5000   37.5000 2770.9839   12.7686
    0.0000  -37.5000   37.5000 2727.4016   13.1116
    7.5000  -37.5000   37.5000 2655.7620   13.6667
   -7.5000  -30.0000   37.5000 2824.1418   12.4698
    0.0000  -30.0000   37.5000 2782.7627   12.7120
    7.5000  -30.0000   37.5000 2708.4309   13.2199
   -7.5000  -22.5000   37.5000 2828.9653   12.4012
    0.0000  -22.5000   37.5000 2793.3933   12.5913
    7.5000  -22.5000   37.5000 2715.7544   13.0430
   -7.5000  -15.0000   37.5000 2773.6865   12.6393
    0.0000  -15.0000   37.5000 2745.1025   12.7909
    7.5000  -15.0000   37.5000 2676.5068   13.1982
   -7.5000   -7.5000   37.5000 2691.5686   13.1127
    0.0000   -7.5000   37.5000 2666.3469   13.2483
    7.5000   -7.5000   37.5000 2605.7351   13.6647
   -7.5000    0.0000   37.5000 2582.1877   13.8304
    0.0000    0.0000   37.5000 2556.2993   13.9491
    7.5000    0.0000   37.5000 2502.8079   14.4118
   -7.5000    7.5000   37.5000 2457.3208   14.8212
    0.0000    7.5000   37.5000 2433.2532   14.9141
    7.5000    7.5000   37.5000 2380.7446   15.4039
   -7.5000   15.0000   37.5000 2298.8284   16.1553
    0.0000   15.0000   37.5000 2286.2795   16.2329
    7.5000   15.0000   37.5000 2242.1384   16.7585
   -7.5000   22.5000   37.5000 2140.0437   17.9369
    0.0000   22.5000   37.5000 2125.6284   18.0323
    7.5000   22.5000   37.5000 2092.0686   18.6308
   -7.5000   30.0000   37.5000 1979.6163   20.3781
    0.0000   30.0000   37.5000 1964.7749   20.5450
    7.5000   30.0000   37.5000 1935.8459   21.2232
   -7.5000   37.5000   37.5000 1830.5269   23.6972
    0.0000   37.5000   37.5000 1813.3795   23.9559
    7.5000   37.5000   37.5000 1783.6672   24.7415
   -7.5000   45.0000   37.5000 1664.2986   28.2333
    0.0000   45.0000   37.5000 1650.6104   28.5445
    7.5000   45.0000   37.5000 1623.7877   29.4525
   -7.5000  -45.0000   45.0000 2625.3066   14.2196
    0.0000  -45.0000   45.0000 2579.5916   14.5747
    7.5000  -45.0000   45.0000 2513.3086   15.2100
   -7.5000  -37.5000   45.0000 2706.0569   13.5661
    0.0000  -37.5000   45.0000 2662.0220   13.8519
    7.5000  -37.5000   45.0000 2595.7212   14.4459
   -7.5000  -30.0000   45.0000 2746.8584   13.2426
    0.0000  -30.0000   45.0000 2708.9685   13.4632
    7.5000  -30.0000   45.0000 2636.2412   13.9713
   -7.5000  -22.5000   45.0000 2739.6682   13.1530
    0.0000  -22.5000   45.0000 2711.0688   13.3318
    7.5000  -22.5000   45.0000 2642.4163   13.7941
   -7.5000  -15.0000   45.0000 2687.3179   13.3404
    0.0000  -15.0000   45.0000 2663.8865   13.5080
    7.5000  -15.0000   45.0000 2602.9062   13.9509
   -7.5000   -7.5000   45.0000 2616.5000   13.7900
    0.0000   -7.5000   45.0000 2591.4001   13.9291
    7.5000   -7.5000   45.0000 2531.8574   14.4007
   -7.5000    0.0000   45.0000 2517.5361   14.5048
    0.0000    0.0000   45.0000 2486.3193   14.6366
    7.5000    0.0000   45.0000 2437.0752   15.1203
   -7.5000    7.5000   45.0000 2394.7700   15.5091
    0.0000    7.5000   45.0000 2369.6570   15.6695
    7.5000    7.5000   45.0000 2323.1663   16.1574
   -7.5000   15.0000   45.0000 2241.2725   16.9099
    0.0000   15.0000   45.0000 2221.5933   17.0248
    7.5000   15.0000   45.0000 2180.8965   17.5305
   -7.5000   22.5000   45.0000 2086.2563   18.6879
    0.0000   22.5000   45.0000 2068.8254   18.8040
    7.5000   22.5000   45.0000 2039.1191   19.3934
   -7.5000   30.0000   45.0000 1937.5864   21.1092
    0.0000   30.0000   45.0000 1919.8619   21.3252
    7.5000   30.0000   45.0000 1892.1530   21.9703
   -7.5000   37.5000   45.0000 1784.6058   24.5517
    0.0000   37.5000   45.0000 1769.5157   24.7546
    7.5000   37.5000   45.0000 1745.0902   25.4699
   -7.5000   45.0000   45.0000 1622.2982   29.3128
    0.0000   45.0000   45.0000 1609.8491   29.5238
    7.5000   45.0000   45.0000 1586.8132   30.4731

---------------------------------------------------------------------
imgreg_4dfp /opt/freesurfer/average/711-2C_as_mni_average_305 /opt/freesurfer/average/711-2B_as_mni_average_305_mask talsrcimg_g11 none talsrcimg_to_711-2C_as_mni_average_305_t4 1283
---------------------------------------------------------------------

freesurfer imgreg_4dfp.c
/opt/freesurfer/average/711-2C_as_mni_average_305.4dfp.img
       256       256       256         1
  1.000000  1.000000  1.000000
orientation T byte_order littleendian
Reading image: /opt/freesurfer/average/711-2C_as_mni_average_305.4dfp.img
dimensions:      256       256       256
mmppix:       1.0000   -1.0000   -1.0000
center:     128.0000 -129.0000 -129.0000
/opt/freesurfer/average/711-2B_as_mni_average_305_mask.4dfp.img
       256       256       256         1
  1.000000  1.000000  1.000000
orientation T byte_order littleendian
Reading mask: /opt/freesurfer/average/711-2B_as_mni_average_305_mask.4dfp.img (2306576 pixels)
talsrcimg_g11.4dfp.img
       256       256       256         1
  1.000000  1.000000  1.000000
orientation T byte_order littleendian
Reading image: talsrcimg_g11.4dfp.img
dimensions:      256       256       256
mmppix:       1.0000   -1.0000   -1.0000
center:     128.0000 -129.0000 -129.0000
rotation matrix determinant  1.000000
fimgreg.f
image alignment mode   1283 decimal      503 hex
parameters
   -7.5000  -30.0000   15.0000    0.0000    0.0000    0.0000
eta,q 0.93364 11.39727
niter,ni,del,rscale     5    3   12.0000    1.2000
parameter  5 -1.395627 -> -0.500000 qaram    1.1500
parameters
   -7.8677  -27.4078   13.1076   -1.8547    3.4500    2.0333
eta,q 0.94024 11.25198
  0.0777  0.0852  0.0675  0.0656  0.0746  0.0650
  0.0723  0.0766  0.0651  0.0647  0.0714  0.0627
  0.0684  0.0711  0.0641  0.0639  0.0674  0.0609
  0.0667  0.0669  0.0653  0.0641  0.0639  0.0599
  0.0694  0.0654  0.0671  0.0655  0.0614  0.0598
  0.0742  0.0663  0.0705  0.0677  0.0595  0.0600
  0.0807  0.0681  0.0743  0.0703  0.0592  0.0609
niter,ni,del,rscale     5    3   12.0000    1.2000
parameters
   -8.6206  -26.8573   12.7628   -3.9673    5.9171    0.8985
eta,q 0.94230 11.34756
  0.0713  0.0716  0.0670  0.0605  0.0724  0.0603
  0.0644  0.0654  0.0631  0.0595  0.0674  0.0588
  0.0602  0.0608  0.0601  0.0590  0.0626  0.0578
  0.0598  0.0595  0.0597  0.0596  0.0590  0.0579
  0.0627  0.0605  0.0615  0.0607  0.0579  0.0589
  0.0696  0.0629  0.0646  0.0629  0.0593  0.0606
  0.0790  0.0676  0.0683  0.0660  0.0618  0.0633
niter,ni,del,rscale     4    3   12.0000    1.2000
parameter  6  0.612525 ->  0.500000 qaram    1.1500
parameters
   -9.5653  -26.0391   12.8363   -6.5362    6.7270   -2.5515
eta,q 0.94338 11.43939
  0.0683  0.0695  0.0665  0.0577  0.0685  0.0571
  0.0618  0.0638  0.0624  0.0578  0.0635  0.0566
  0.0579  0.0595  0.0587  0.0576  0.0596  0.0568
  0.0577  0.0573  0.0574  0.0574  0.0577  0.0575
  0.0614  0.0579  0.0590  0.0585  0.0577  0.0588
  0.0685  0.0602  0.0618  0.0602  0.0599  0.0606
  0.0773  0.0644  0.0661  0.0628  0.0649  0.0627
niter,ni,del,rscale     4    3   12.0000    1.2000
parameters
  -10.4297  -25.0886   12.8063   -7.8056    7.0781   -2.6733
eta,q 0.94483 11.39624
  0.0691  0.0688  0.0657  0.0576  0.0686  0.0607
  0.0609  0.0623  0.0609  0.0555  0.0633  0.0570
  0.0562  0.0578  0.0571  0.0552  0.0582  0.0553
  0.0566  0.0558  0.0556  0.0556  0.0553  0.0552
  0.0617  0.0559  0.0569  0.0563  0.0563  0.0562
  0.0685  0.0580  0.0606  0.0578  0.0609  0.0581
  0.0762  0.0625  0.0663  0.0603  0.0670  0.0603
niter,ni,del,rscale     3    3   12.0000    1.2000
parameters
  -10.4834  -24.9894   12.7395   -7.5644    7.1300   -2.7350
eta,q 0.94479 11.38328
  0.0732  0.0656  0.0661  0.0598  0.0676  0.0607
  0.0642  0.0596  0.0607  0.0566  0.0623  0.0571
  0.0574  0.0560  0.0565  0.0551  0.0576  0.0554
  0.0552  0.0552  0.0552  0.0552  0.0552  0.0552
  0.0584  0.0565  0.0568  0.0558  0.0567  0.0561
  0.0653  0.0596  0.0609  0.0566  0.0616  0.0579
  0.0731  0.0644  0.0667  0.0585  0.0677  0.0601
niter,ni,del,rscale     2    3   12.0000    1.2000
parameters
  -10.5057  -25.0189   12.7470   -7.5699    7.1473   -2.7466
eta,q 0.94480 11.38445
  0.0730  0.0651  0.0663  0.0593  0.0675  0.0608
  0.0641  0.0594  0.0609  0.0563  0.0622  0.0571
  0.0574  0.0559  0.0567  0.0550  0.0575  0.0554
  0.0552  0.0552  0.0552  0.0552  0.0552  0.0552
  0.0583  0.0565  0.0567  0.0558  0.0568  0.0561
  0.0649  0.0598  0.0606  0.0567  0.0617  0.0579
  0.0726  0.0649  0.0664  0.0588  0.0679  0.0601
registration optimization eta report
parameter search radius
    6.0000    6.0000    6.0000    6.0000    6.9000    6.9000
100000*second partial in parameter space
       48.       27.       30.       11.       25.       11.
  0.0730  0.0651  0.0663  0.0593  0.0675  0.0608
  0.0641  0.0594  0.0609  0.0563  0.0622  0.0571
  0.0574  0.0559  0.0567  0.0550  0.0575  0.0554
  0.0552  0.0552  0.0552  0.0552  0.0552  0.0552
  0.0583  0.0565  0.0567  0.0558  0.0568  0.0561
  0.0649  0.0598  0.0606  0.0567  0.0617  0.0579
  0.0726  0.0649  0.0664  0.0588  0.0679  0.0601
  -10.5057  -25.0189   12.7470   -7.5699    7.1473   -2.7466
eta,q 0.94480 11.38445

---------------------------------------------------------------------
imgreg_4dfp /opt/freesurfer/average/711-2C_as_mni_average_305 /opt/freesurfer/average/711-2B_as_mni_average_305_mask talsrcimg_g11 none talsrcimg_to_711-2C_as_mni_average_305_t4 3335
---------------------------------------------------------------------

freesurfer imgreg_4dfp.c
/opt/freesurfer/average/711-2C_as_mni_average_305.4dfp.img
       256       256       256         1
  1.000000  1.000000  1.000000
orientation T byte_order littleendian
Reading image: /opt/freesurfer/average/711-2C_as_mni_average_305.4dfp.img
dimensions:      256       256       256
mmppix:       1.0000   -1.0000   -1.0000
center:     128.0000 -129.0000 -129.0000
/opt/freesurfer/average/711-2B_as_mni_average_305_mask.4dfp.img
       256       256       256         1
  1.000000  1.000000  1.000000
orientation T byte_order littleendian
Reading mask: /opt/freesurfer/average/711-2B_as_mni_average_305_mask.4dfp.img (2306576 pixels)
talsrcimg_g11.4dfp.img
       256       256       256         1
  1.000000  1.000000  1.000000
orientation T byte_order littleendian
Reading image: talsrcimg_g11.4dfp.img
dimensions:      256       256       256
mmppix:       1.0000   -1.0000   -1.0000
center:     128.0000 -129.0000 -129.0000
fimgreg.f
image alignment mode   3335 decimal      D07 hex
parameters
  -10.5057  -25.0189   12.7470   -0.8910   -1.0639   -1.6418
    6.3874  -11.6882   -4.7547   13.7495   12.4420  -13.0712
eta,q 0.94636 11.37481
niter,ni,del,rscale     5    3    5.0000    1.2000
parameter  4  1.550107 ->  0.500000 qaram    1.1500
parameter  5  3.568252 ->  0.500000 qaram    1.1500
parameter 10  0.749561 ->  0.500000 qaram    1.1500
parameter 12  1.993544 ->  0.500000 qaram    1.1500
parameters
  -10.5359  -25.0598   12.6732   -5.0310   -5.2039   -3.6155
    3.9236  -10.3693   -2.2823    9.6095   10.6514  -17.2112
eta,q 0.95860 10.92532
  0.0565  0.0557  0.0556  0.0482  0.0413  0.0466  0.0455  0.0511  0.0474  0.0425  0.0429  0.0410
  0.0549  0.0545  0.0545  0.0492  0.0438  0.0458  0.0447  0.0481  0.0460  0.0425  0.0426  0.0413
  0.0540  0.0538  0.0538  0.0510  0.0466  0.0449  0.0445  0.0458  0.0450  0.0429  0.0425  0.0418
  0.0536  0.0536  0.0536  0.0536  0.0496  0.0446  0.0448  0.0445  0.0443  0.0441  0.0426  0.0425
  0.0540  0.0539  0.0540  0.0569  0.0528  0.0458  0.0455  0.0445  0.0441  0.0461  0.0427  0.0433
  0.0550  0.0546  0.0547  0.0604  0.0565  0.0488  0.0467  0.0456  0.0443  0.0488  0.0431  0.0442
  0.0567  0.0558  0.0558  0.0644  0.0605  0.0525  0.0481  0.0477  0.0449  0.0521  0.0437  0.0451
niter,ni,del,rscale     7    3    5.0000    1.2000
parameter  4  0.541525 ->  0.500000 qaram    1.3225
parameter  5  1.949704 ->  0.500000 qaram    1.3225
parameter 11 -0.546478 -> -0.500000 qaram    1.1500
parameters
  -10.2824  -25.3583   12.4149   -9.7920   -9.9649   -4.1453
    4.5254   -9.7466   -1.7804    8.3399   14.7914  -21.2928
eta,q 0.96488 10.49117
  0.0459  0.0430  0.0425  0.0409  0.0339  0.0375  0.0383  0.0406  0.0379  0.0388  0.0364  0.0357
  0.0436  0.0418  0.0417  0.0405  0.0352  0.0366  0.0371  0.0381  0.0368  0.0369  0.0361  0.0352
  0.0421  0.0413  0.0413  0.0405  0.0375  0.0361  0.0362  0.0365  0.0361  0.0359  0.0359  0.0352
  0.0414  0.0414  0.0413  0.0412  0.0405  0.0357  0.0358  0.0358  0.0358  0.0358  0.0357  0.0356
  0.0416  0.0418  0.0416  0.0431  0.0435  0.0354  0.0360  0.0360  0.0359  0.0368  0.0356  0.0362
  0.0426  0.0427  0.0422  0.0462  0.0471  0.0364  0.0366  0.0372  0.0365  0.0386  0.0356  0.0370
  0.0443  0.0439  0.0431  0.0498  0.0513  0.0391  0.0376  0.0392  0.0374  0.0415  0.0357  0.0379
niter,ni,del,rscale     7    3    5.0000    1.2000
parameter  5  0.846723 ->  0.500000 qaram    1.5209
parameters
  -10.2203  -25.3344   12.4886  -10.7453  -15.4401   -4.2798
    4.6526   -9.8314   -2.1335    8.9037   13.4639  -21.6691
eta,q 0.96718 10.15597
  0.0386  0.0381  0.0367  0.0378  0.0326  0.0350  0.0350  0.0367  0.0343  0.0377  0.0333  0.0340
  0.0368  0.0364  0.0358  0.0364  0.0327  0.0339  0.0338  0.0347  0.0334  0.0353  0.0330  0.0332
  0.0356  0.0354  0.0353  0.0355  0.0334  0.0333  0.0331  0.0334  0.0330  0.0336  0.0329  0.0329
  0.0351  0.0351  0.0351  0.0351  0.0352  0.0329  0.0329  0.0329  0.0329  0.0329  0.0328  0.0328
  0.0354  0.0355  0.0353  0.0354  0.0384  0.0327  0.0331  0.0333  0.0331  0.0331  0.0329  0.0331
  0.0365  0.0365  0.0357  0.0369  0.0420  0.0336  0.0338  0.0347  0.0337  0.0344  0.0333  0.0335
  0.0383  0.0378  0.0365  0.0399  0.0462  0.0358  0.0348  0.0370  0.0345  0.0367  0.0340  0.0341
niter,ni,del,rscale     7    3    5.0000    1.2000
parameters
  -10.3107  -24.8202   12.6375  -10.1132  -19.3029   -3.7634
    4.9385   -9.8707   -2.1451    9.6070   13.0832  -21.9599
eta,q 0.96785  9.96851
  0.0357  0.0363  0.0340  0.0358  0.0339  0.0345  0.0342  0.0359  0.0338  0.0367  0.0328  0.0331
  0.0341  0.0345  0.0333  0.0343  0.0327  0.0334  0.0331  0.0339  0.0329  0.0345  0.0325  0.0325
  0.0331  0.0334  0.0329  0.0333  0.0323  0.0327  0.0324  0.0327  0.0324  0.0330  0.0323  0.0322
  0.0328  0.0328  0.0327  0.0327  0.0327  0.0323  0.0322  0.0322  0.0322  0.0322  0.0321  0.0321
  0.0333  0.0328  0.0328  0.0327  0.0340  0.0319  0.0324  0.0326  0.0324  0.0323  0.0322  0.0323
  0.0344  0.0332  0.0331  0.0334  0.0370  0.0324  0.0330  0.0339  0.0329  0.0335  0.0325  0.0327
  0.0361  0.0342  0.0337  0.0354  0.0411  0.0343  0.0339  0.0360  0.0337  0.0355  0.0330  0.0332
niter,ni,del,rscale     6    3    5.0000    1.2000
parameters
  -10.3908  -24.3990   12.8843  -10.4966  -20.3511   -3.5639
    5.0560   -9.9202   -2.0351   10.1594   13.3093  -22.1693
eta,q 0.96797  9.89952
  0.0349  0.0353  0.0334  0.0345  0.0352  0.0341  0.0340  0.0356  0.0336  0.0362  0.0326  0.0330
  0.0333  0.0337  0.0327  0.0332  0.0335  0.0331  0.0329  0.0336  0.0327  0.0342  0.0324  0.0324
  0.0324  0.0326  0.0323  0.0324  0.0324  0.0325  0.0323  0.0325  0.0322  0.0327  0.0322  0.0321
  0.0321  0.0321  0.0321  0.0321  0.0321  0.0321  0.0321  0.0321  0.0321  0.0321  0.0320  0.0320
  0.0326  0.0322  0.0321  0.0322  0.0326  0.0317  0.0323  0.0324  0.0323  0.0323  0.0320  0.0322
  0.0336  0.0327  0.0324  0.0331  0.0341  0.0324  0.0329  0.0337  0.0327  0.0334  0.0322  0.0325
  0.0352  0.0336  0.0329  0.0354  0.0371  0.0344  0.0338  0.0357  0.0335  0.0353  0.0327  0.0330
niter,ni,del,rscale     5    3    5.0000    1.2000
parameters
  -10.4781  -24.1690   12.9491  -10.6460  -20.7523   -3.5778
    5.1671  -10.0246   -1.9620   10.4794   13.4179  -22.2998
eta,q 0.96797  9.87240
  0.0346  0.0347  0.0332  0.0345  0.0354  0.0340  0.0340  0.0355  0.0335  0.0359  0.0326  0.0330
  0.0331  0.0333  0.0326  0.0332  0.0336  0.0330  0.0329  0.0336  0.0327  0.0339  0.0324  0.0324
  0.0323  0.0324  0.0322  0.0324  0.0325  0.0325  0.0322  0.0325  0.0322  0.0326  0.0322  0.0321
  0.0320  0.0320  0.0320  0.0320  0.0320  0.0320  0.0320  0.0320  0.0320  0.0320  0.0320  0.0320
  0.0324  0.0322  0.0321  0.0322  0.0324  0.0317  0.0323  0.0324  0.0322  0.0323  0.0320  0.0322
  0.0334  0.0328  0.0325  0.0330  0.0336  0.0325  0.0329  0.0337  0.0327  0.0335  0.0322  0.0325
  0.0350  0.0338  0.0331  0.0350  0.0363  0.0346  0.0338  0.0357  0.0334  0.0354  0.0327  0.0330
niter,ni,del,rscale     4    3    5.0000    1.2000
parameters
  -10.5305  -24.0454   12.9483  -10.7278  -20.9747   -3.6026
    5.2449  -10.0925   -1.9107   10.6670   13.4536  -22.3566
eta,q 0.96795  9.85721
  0.0347  0.0344  0.0331  0.0345  0.0354  0.0340  0.0340  0.0355  0.0335  0.0357  0.0326  0.0330
  0.0332  0.0331  0.0325  0.0332  0.0337  0.0330  0.0329  0.0336  0.0327  0.0338  0.0324  0.0325
  0.0323  0.0323  0.0322  0.0324  0.0325  0.0325  0.0322  0.0325  0.0322  0.0325  0.0322  0.0322
  0.0320  0.0320  0.0320  0.0320  0.0320  0.0320  0.0320  0.0321  0.0320  0.0321  0.0320  0.0320
  0.0324  0.0323  0.0321  0.0322  0.0324  0.0317  0.0323  0.0324  0.0322  0.0324  0.0321  0.0322
  0.0334  0.0329  0.0325  0.0329  0.0335  0.0325  0.0329  0.0336  0.0327  0.0335  0.0323  0.0325
  0.0349  0.0339  0.0331  0.0350  0.0361  0.0346  0.0338  0.0357  0.0334  0.0354  0.0327  0.0330
niter,ni,del,rscale     3    3    5.0000    1.2000
parameters
  -10.5638  -23.9691   12.9361  -10.7810  -21.1274   -3.6273
    5.3099  -10.1366   -1.8643   10.7823   13.4760  -22.4131
eta,q 0.96794  9.84658
  0.0347  0.0343  0.0331  0.0345  0.0354  0.0339  0.0340  0.0355  0.0335  0.0356  0.0326  0.0330
  0.0332  0.0330  0.0325  0.0333  0.0337  0.0330  0.0329  0.0336  0.0327  0.0337  0.0324  0.0325
  0.0323  0.0323  0.0322  0.0324  0.0325  0.0325  0.0323  0.0325  0.0322  0.0325  0.0322  0.0322
  0.0320  0.0321  0.0320  0.0320  0.0320  0.0321  0.0321  0.0321  0.0321  0.0321  0.0321  0.0321
  0.0324  0.0323  0.0322  0.0322  0.0324  0.0318  0.0323  0.0324  0.0322  0.0324  0.0321  0.0322
  0.0333  0.0330  0.0325  0.0329  0.0335  0.0325  0.0329  0.0336  0.0327  0.0336  0.0323  0.0325
  0.0348  0.0339  0.0331  0.0349  0.0360  0.0346  0.0338  0.0357  0.0333  0.0354  0.0327  0.0330
niter,ni,del,rscale     2    3    5.0000    1.2000
parameters
  -10.5857  -23.9147   12.9296  -10.8108  -21.2310   -3.6486
    5.3472  -10.1642   -1.8268   10.8645   13.4566  -22.4370
eta,q 0.96793  9.83925
  0.0347  0.0343  0.0331  0.0346  0.0355  0.0339  0.0340  0.0355  0.0334  0.0355  0.0325  0.0330
  0.0332  0.0330  0.0326  0.0333  0.0337  0.0330  0.0329  0.0336  0.0327  0.0337  0.0324  0.0325
  0.0323  0.0323  0.0322  0.0324  0.0325  0.0325  0.0323  0.0325  0.0322  0.0325  0.0322  0.0322
  0.0321  0.0321  0.0321  0.0321  0.0321  0.0321  0.0321  0.0321  0.0321  0.0321  0.0321  0.0321
  0.0324  0.0323  0.0322  0.0322  0.0324  0.0318  0.0323  0.0324  0.0323  0.0324  0.0321  0.0322
  0.0333  0.0330  0.0325  0.0329  0.0334  0.0325  0.0330  0.0336  0.0327  0.0336  0.0323  0.0325
  0.0348  0.0340  0.0331  0.0349  0.0359  0.0346  0.0338  0.0356  0.0333  0.0354  0.0327  0.0330
niter,ni,del,rscale     1    3    5.0000    1.2000
parameters
  -10.6010  -23.8775   12.9212  -10.8344  -21.3115   -3.6651
    5.3787  -10.1845   -1.7963   10.9264   13.4597  -22.4365
eta,q 0.96792  9.83359
  0.0347  0.0342  0.0331  0.0345  0.0355  0.0339  0.0340  0.0355  0.0334  0.0355  0.0326  0.0330
  0.0332  0.0330  0.0326  0.0333  0.0337  0.0330  0.0329  0.0336  0.0327  0.0337  0.0324  0.0325
  0.0323  0.0323  0.0322  0.0324  0.0326  0.0325  0.0323  0.0325  0.0322  0.0325  0.0322  0.0322
  0.0321  0.0321  0.0321  0.0321  0.0321  0.0321  0.0321  0.0321  0.0321  0.0321  0.0321  0.0321
  0.0324  0.0323  0.0322  0.0322  0.0324  0.0318  0.0323  0.0324  0.0323  0.0325  0.0321  0.0322
  0.0333  0.0330  0.0326  0.0329  0.0334  0.0325  0.0330  0.0336  0.0327  0.0336  0.0323  0.0325
  0.0348  0.0340  0.0331  0.0349  0.0359  0.0345  0.0338  0.0356  0.0333  0.0354  0.0327  0.0330
registration optimization eta report
parameter search radius
    2.4000    2.4000    2.4000    9.5220   10.9503    7.2000
    7.2000    7.2000    7.2000    8.2800    8.2800    8.2800
100000*second partial in parameter space
       47.       35.       18.        3.        3.        4.
        3.        7.        3.        5.        1.        1.
  0.0347  0.0342  0.0331  0.0345  0.0355  0.0339  0.0340  0.0355  0.0334  0.0355  0.0326  0.0330
  0.0332  0.0330  0.0326  0.0333  0.0337  0.0330  0.0329  0.0336  0.0327  0.0337  0.0324  0.0325
  0.0323  0.0323  0.0322  0.0324  0.0326  0.0325  0.0323  0.0325  0.0322  0.0325  0.0322  0.0322
  0.0321  0.0321  0.0321  0.0321  0.0321  0.0321  0.0321  0.0321  0.0321  0.0321  0.0321  0.0321
  0.0324  0.0323  0.0322  0.0322  0.0324  0.0318  0.0323  0.0324  0.0323  0.0325  0.0321  0.0322
  0.0333  0.0330  0.0326  0.0329  0.0334  0.0325  0.0330  0.0336  0.0327  0.0336  0.0323  0.0325
  0.0348  0.0340  0.0331  0.0349  0.0359  0.0345  0.0338  0.0356  0.0333  0.0354  0.0327  0.0330
  -10.6010  -23.8775   12.9212  -10.8344  -21.3115   -3.6651
    5.3787  -10.1845   -1.7963   10.9264   13.4597  -22.4365
eta,q 0.96792  9.83359

---------------------------------------------------------------------
imgreg_4dfp /opt/freesurfer/average/711-2C_as_mni_average_305 /opt/freesurfer/average/711-2B_as_mni_average_305_mask talsrcimg_g11 none talsrcimg_to_711-2C_as_mni_average_305_t4 2311
---------------------------------------------------------------------

freesurfer imgreg_4dfp.c
/opt/freesurfer/average/711-2C_as_mni_average_305.4dfp.img
       256       256       256         1
  1.000000  1.000000  1.000000
orientation T byte_order littleendian
Reading image: /opt/freesurfer/average/711-2C_as_mni_average_305.4dfp.img
dimensions:      256       256       256
mmppix:       1.0000   -1.0000   -1.0000
center:     128.0000 -129.0000 -129.0000
/opt/freesurfer/average/711-2B_as_mni_average_305_mask.4dfp.img
       256       256       256         1
  1.000000  1.000000  1.000000
orientation T byte_order littleendian
Reading mask: /opt/freesurfer/average/711-2B_as_mni_average_305_mask.4dfp.img (2306576 pixels)
talsrcimg_g11.4dfp.img
       256       256       256         1
  1.000000  1.000000  1.000000
orientation T byte_order littleendian
Reading image: talsrcimg_g11.4dfp.img
dimensions:      256       256       256
mmppix:       1.0000   -1.0000   -1.0000
center:     128.0000 -129.0000 -129.0000
fimgreg.f
image alignment mode   2311 decimal      907 hex
parameters
  -10.6010  -23.8775   12.9212  -10.8344  -21.3115   -3.6651
    5.3787  -10.1845   -1.7963   10.9264   13.4597  -22.4365
eta,q 0.96792  9.83360
niter,ni,del,rscale     5    3    5.0000    0.8000
parameters
  -10.6324  -23.9191   12.9510  -10.1382  -20.6408   -2.3839
    5.3337  -10.4443   -2.0114   10.8416   13.3800  -22.5543
eta,q 0.96818  9.95544
  0.0333  0.0330  0.0326  0.0328  0.0329  0.0331  0.0326  0.0333  0.0324  0.0330  0.0321  0.0322
  0.0326  0.0324  0.0323  0.0324  0.0325  0.0327  0.0322  0.0325  0.0321  0.0323  0.0319  0.0320
  0.0322  0.0321  0.0321  0.0322  0.0322  0.0324  0.0319  0.0320  0.0319  0.0319  0.0319  0.0319
  0.0321  0.0321  0.0321  0.0321  0.0321  0.0321  0.0318  0.0318  0.0318  0.0318  0.0318  0.0318
  0.0323  0.0322  0.0321  0.0321  0.0321  0.0318  0.0319  0.0321  0.0319  0.0320  0.0318  0.0319
  0.0327  0.0325  0.0323  0.0322  0.0322  0.0318  0.0322  0.0327  0.0322  0.0324  0.0319  0.0320
  0.0333  0.0330  0.0326  0.0325  0.0325  0.0325  0.0327  0.0337  0.0325  0.0331  0.0321  0.0322
niter,ni,del,rscale     4    3    5.0000    0.7000
parameters
  -10.5454  -24.0926   12.9915   -9.7004  -20.2104   -2.3423
    5.2247  -10.3727   -2.0698   10.6109   13.2694  -22.5918
eta,q 0.96823  9.99959
  0.0329  0.0324  0.0323  0.0324  0.0324  0.0326  0.0324  0.0332  0.0323  0.0327  0.0320  0.0321
  0.0323  0.0320  0.0320  0.0321  0.0321  0.0324  0.0320  0.0324  0.0320  0.0322  0.0319  0.0319
  0.0320  0.0318  0.0319  0.0319  0.0319  0.0321  0.0318  0.0319  0.0318  0.0318  0.0318  0.0318
  0.0318  0.0318  0.0318  0.0318  0.0318  0.0318  0.0318  0.0318  0.0318  0.0318  0.0318  0.0318
  0.0319  0.0320  0.0318  0.0318  0.0318  0.0317  0.0319  0.0319  0.0318  0.0319  0.0318  0.0318
  0.0322  0.0323  0.0320  0.0319  0.0320  0.0320  0.0321  0.0323  0.0320  0.0323  0.0319  0.0319
  0.0326  0.0327  0.0322  0.0322  0.0322  0.0329  0.0324  0.0331  0.0323  0.0329  0.0320  0.0321
niter,ni,del,rscale     3    3    5.0000    0.6000
parameters
  -10.4754  -24.1998   12.9884   -9.5293  -19.9799   -2.0561
    5.1279  -10.3740   -2.0641   10.4896   13.0553  -22.5395
eta,q 0.96829 10.02779
  0.0326  0.0322  0.0321  0.0321  0.0322  0.0325  0.0322  0.0328  0.0321  0.0324  0.0319  0.0319
  0.0321  0.0319  0.0319  0.0320  0.0320  0.0323  0.0319  0.0322  0.0319  0.0320  0.0318  0.0318
  0.0319  0.0318  0.0318  0.0318  0.0318  0.0320  0.0318  0.0318  0.0318  0.0318  0.0317  0.0317
  0.0318  0.0318  0.0318  0.0318  0.0318  0.0318  0.0317  0.0317  0.0317  0.0317  0.0317  0.0317
  0.0318  0.0319  0.0318  0.0318  0.0318  0.0317  0.0318  0.0318  0.0318  0.0318  0.0317  0.0317
  0.0320  0.0321  0.0319  0.0319  0.0319  0.0319  0.0319  0.0322  0.0319  0.0321  0.0318  0.0318
  0.0324  0.0324  0.0321  0.0321  0.0321  0.0325  0.0322  0.0327  0.0321  0.0325  0.0319  0.0319
niter,ni,del,rscale     2    3    5.0000    0.5000
parameters
  -10.4387  -24.2596   13.0069   -9.3554  -19.8863   -1.7789
    5.0868  -10.4078   -2.0547   10.4316   12.8027  -22.4445
eta,q 0.96833 10.04745
  0.0323  0.0321  0.0320  0.0320  0.0320  0.0323  0.0320  0.0324  0.0319  0.0322  0.0318  0.0318
  0.0320  0.0318  0.0318  0.0319  0.0318  0.0321  0.0318  0.0320  0.0318  0.0319  0.0317  0.0317
  0.0318  0.0317  0.0317  0.0318  0.0317  0.0319  0.0317  0.0317  0.0317  0.0317  0.0317  0.0317
  0.0317  0.0317  0.0317  0.0317  0.0317  0.0317  0.0317  0.0317  0.0317  0.0317  0.0317  0.0317
  0.0318  0.0318  0.0317  0.0317  0.0317  0.0316  0.0317  0.0318  0.0317  0.0317  0.0317  0.0317
  0.0319  0.0319  0.0318  0.0318  0.0318  0.0318  0.0318  0.0320  0.0318  0.0319  0.0317  0.0317
  0.0322  0.0322  0.0320  0.0320  0.0320  0.0323  0.0320  0.0324  0.0319  0.0322  0.0318  0.0318
niter,ni,del,rscale     1    3    5.0000    0.4000
parameters
  -10.4201  -24.2897   13.0319   -9.2012  -19.8572   -1.5213
    5.0887  -10.4520   -1.9982   10.4039   12.6698  -22.3259
eta,q 0.96836 10.06196
  0.0320  0.0319  0.0319  0.0319  0.0318  0.0322  0.0319  0.0321  0.0318  0.0320  0.0317  0.0318
  0.0318  0.0318  0.0318  0.0318  0.0317  0.0320  0.0317  0.0318  0.0317  0.0318  0.0317  0.0317
  0.0317  0.0317  0.0317  0.0317  0.0317  0.0318  0.0317  0.0317  0.0317  0.0317  0.0316  0.0317
  0.0317  0.0317  0.0317  0.0317  0.0317  0.0317  0.0316  0.0316  0.0316  0.0316  0.0316  0.0316
  0.0317  0.0317  0.0317  0.0317  0.0317  0.0316  0.0317  0.0317  0.0316  0.0317  0.0316  0.0316
  0.0318  0.0318  0.0317  0.0317  0.0317  0.0318  0.0317  0.0319  0.0317  0.0318  0.0317  0.0317
  0.0320  0.0319  0.0318  0.0318  0.0318  0.0321  0.0318  0.0322  0.0318  0.0320  0.0317  0.0317
registration optimization eta report
parameter search radius
    0.8000    0.8000    0.8000    2.4000    2.4000    2.4000
    2.4000    2.4000    2.4000    2.4000    2.4000    2.4000
100000*second partial in parameter space
       52.       40.       29.        3.        3.        8.
        4.        9.        3.        6.        2.        2.
  0.0320  0.0319  0.0319  0.0319  0.0318  0.0322  0.0319  0.0321  0.0318  0.0320  0.0317  0.0318
  0.0318  0.0318  0.0318  0.0318  0.0317  0.0320  0.0317  0.0318  0.0317  0.0318  0.0317  0.0317
  0.0317  0.0317  0.0317  0.0317  0.0317  0.0318  0.0317  0.0317  0.0317  0.0317  0.0316  0.0317
  0.0317  0.0317  0.0317  0.0317  0.0317  0.0317  0.0316  0.0316  0.0316  0.0316  0.0316  0.0316
  0.0317  0.0317  0.0317  0.0317  0.0317  0.0316  0.0317  0.0317  0.0316  0.0317  0.0316  0.0316
  0.0318  0.0318  0.0317  0.0317  0.0317  0.0318  0.0317  0.0319  0.0317  0.0318  0.0317  0.0317
  0.0320  0.0319  0.0318  0.0318  0.0318  0.0321  0.0318  0.0322  0.0318  0.0320  0.0317  0.0317
  -10.4201  -24.2897   13.0319   -9.2012  -19.8572   -1.5213
    5.0887  -10.4520   -1.9982   10.4039   12.6698  -22.3259
eta,q 0.96836 10.06196

---------------------------------------------------------------------
imgreg_4dfp /opt/freesurfer/average/711-2C_as_mni_average_305 /opt/freesurfer/average/711-2B_as_mni_average_305_mask talsrcimg_g11 none talsrcimg_to_711-2C_as_mni_average_305_t4 2311
---------------------------------------------------------------------

freesurfer imgreg_4dfp.c
/opt/freesurfer/average/711-2C_as_mni_average_305.4dfp.img
       256       256       256         1
  1.000000  1.000000  1.000000
orientation T byte_order littleendian
Reading image: /opt/freesurfer/average/711-2C_as_mni_average_305.4dfp.img
dimensions:      256       256       256
mmppix:       1.0000   -1.0000   -1.0000
center:     128.0000 -129.0000 -129.0000
/opt/freesurfer/average/711-2B_as_mni_average_305_mask.4dfp.img
       256       256       256         1
  1.000000  1.000000  1.000000
orientation T byte_order littleendian
Reading mask: /opt/freesurfer/average/711-2B_as_mni_average_305_mask.4dfp.img (2306576 pixels)
talsrcimg_g11.4dfp.img
       256       256       256         1
  1.000000  1.000000  1.000000
orientation T byte_order littleendian
Reading image: talsrcimg_g11.4dfp.img
dimensions:      256       256       256
mmppix:       1.0000   -1.0000   -1.0000
center:     128.0000 -129.0000 -129.0000
fimgreg.f
image alignment mode   2311 decimal      907 hex
parameters
  -10.4201  -24.2897   13.0319   -9.2012  -19.8572   -1.5213
    5.0887  -10.4520   -1.9982   10.4039   12.6698  -22.3259
eta,q 0.96836 10.06197
niter,ni,del,rscale     5    3    5.0000    0.8000
parameters
  -10.4087  -24.2582   13.0902   -9.5391  -19.9771   -2.2757
    5.0616  -10.1992   -1.9796   10.3849   13.0651  -22.5448
eta,q 0.96826 10.01759
  0.0330  0.0327  0.0324  0.0323  0.0323  0.0326  0.0326  0.0337  0.0324  0.0331  0.0321  0.0321
  0.0322  0.0321  0.0320  0.0319  0.0319  0.0323  0.0321  0.0327  0.0321  0.0324  0.0319  0.0319
  0.0318  0.0317  0.0317  0.0317  0.0317  0.0319  0.0318  0.0320  0.0318  0.0319  0.0318  0.0318
  0.0316  0.0316  0.0316  0.0316  0.0316  0.0316  0.0318  0.0318  0.0318  0.0317  0.0318  0.0317
  0.0318  0.0318  0.0317  0.0317  0.0317  0.0318  0.0319  0.0319  0.0318  0.0319  0.0318  0.0318
  0.0322  0.0321  0.0320  0.0320  0.0320  0.0327  0.0321  0.0324  0.0321  0.0324  0.0318  0.0319
  0.0329  0.0326  0.0323  0.0326  0.0324  0.0341  0.0326  0.0333  0.0324  0.0331  0.0320  0.0322
niter,ni,del,rscale     4    3    5.0000    0.7000
parameters
  -10.4167  -24.2517   13.0055   -9.5165  -19.8770   -2.3281
    5.0621  -10.2416   -2.0197   10.4122   13.1500  -22.6126
eta,q 0.96825 10.02501
  0.0327  0.0325  0.0322  0.0322  0.0323  0.0326  0.0324  0.0331  0.0323  0.0328  0.0320  0.0320
  0.0322  0.0321  0.0319  0.0320  0.0320  0.0323  0.0320  0.0323  0.0320  0.0322  0.0319  0.0319
  0.0319  0.0318  0.0318  0.0318  0.0318  0.0320  0.0318  0.0319  0.0318  0.0319  0.0318  0.0318
  0.0317  0.0317  0.0317  0.0317  0.0317  0.0317  0.0318  0.0318  0.0317  0.0318  0.0317  0.0317
  0.0319  0.0318  0.0318  0.0318  0.0318  0.0317  0.0318  0.0319  0.0318  0.0319  0.0318  0.0318
  0.0322  0.0321  0.0320  0.0319  0.0320  0.0321  0.0320  0.0324  0.0320  0.0322  0.0318  0.0319
  0.0327  0.0325  0.0323  0.0323  0.0322  0.0330  0.0324  0.0331  0.0323  0.0328  0.0320  0.0320
niter,ni,del,rscale     3    3    5.0000    0.6000
parameters
  -10.4145  -24.2653   12.9899   -9.4343  -19.8388   -2.0778
    5.0718  -10.3190   -2.0339   10.4164   13.0080  -22.5703
eta,q 0.96829 10.03877
  0.0325  0.0323  0.0321  0.0321  0.0321  0.0325  0.0322  0.0327  0.0321  0.0325  0.0319  0.0319
  0.0321  0.0320  0.0319  0.0319  0.0319  0.0322  0.0319  0.0321  0.0319  0.0321  0.0318  0.0318
  0.0318  0.0318  0.0318  0.0318  0.0318  0.0320  0.0318  0.0318  0.0318  0.0318  0.0317  0.0317
  0.0318  0.0317  0.0317  0.0317  0.0317  0.0317  0.0317  0.0317  0.0317  0.0317  0.0317  0.0317
  0.0318  0.0318  0.0318  0.0318  0.0318  0.0317  0.0318  0.0318  0.0318  0.0318  0.0317  0.0317
  0.0321  0.0320  0.0319  0.0319  0.0319  0.0319  0.0319  0.0322  0.0319  0.0320  0.0318  0.0318
  0.0325  0.0323  0.0321  0.0321  0.0321  0.0325  0.0322  0.0328  0.0321  0.0325  0.0319  0.0319
niter,ni,del,rscale     2    3    5.0000    0.5000
parameters
  -10.4114  -24.2810   13.0059   -9.3054  -19.8172   -1.7834
    5.0638  -10.3869   -2.0216   10.4060   12.7816  -22.4599
eta,q 0.96834 10.05330
  0.0322  0.0321  0.0320  0.0320  0.0320  0.0323  0.0320  0.0324  0.0319  0.0322  0.0318  0.0318
  0.0319  0.0319  0.0318  0.0319  0.0318  0.0321  0.0318  0.0320  0.0318  0.0319  0.0317  0.0317
  0.0318  0.0317  0.0317  0.0318  0.0317  0.0319  0.0317  0.0317  0.0317  0.0317  0.0317  0.0317
  0.0317  0.0317  0.0317  0.0317  0.0317  0.0317  0.0317  0.0317  0.0317  0.0317  0.0317  0.0317
  0.0318  0.0318  0.0317  0.0317  0.0317  0.0316  0.0317  0.0318  0.0317  0.0317  0.0317  0.0317
  0.0319  0.0319  0.0318  0.0318  0.0318  0.0318  0.0318  0.0320  0.0318  0.0319  0.0317  0.0317
  0.0322  0.0321  0.0320  0.0320  0.0320  0.0323  0.0320  0.0325  0.0319  0.0322  0.0318  0.0318
niter,ni,del,rscale     1    3    5.0000    0.4000
parameters
  -10.4061  -24.2960   13.0352   -9.1887  -19.8478   -1.5224
    5.0749  -10.4373   -1.9807   10.3934   12.6371  -22.3617
eta,q 0.96836 10.06272
  0.0320  0.0319  0.0319  0.0319  0.0318  0.0322  0.0319  0.0321  0.0318  0.0320  0.0317  0.0317
  0.0318  0.0318  0.0318  0.0318  0.0317  0.0320  0.0317  0.0318  0.0317  0.0318  0.0317  0.0317
  0.0317  0.0317  0.0317  0.0317  0.0317  0.0318  0.0317  0.0317  0.0317  0.0317  0.0316  0.0317
  0.0317  0.0317  0.0317  0.0317  0.0317  0.0317  0.0316  0.0316  0.0316  0.0316  0.0316  0.0316
  0.0317  0.0317  0.0317  0.0317  0.0317  0.0316  0.0317  0.0317  0.0317  0.0317  0.0316  0.0316
  0.0318  0.0318  0.0317  0.0317  0.0317  0.0318  0.0317  0.0319  0.0317  0.0318  0.0317  0.0317
  0.0320  0.0319  0.0318  0.0318  0.0318  0.0321  0.0318  0.0322  0.0318  0.0320  0.0317  0.0317
registration optimization eta report
parameter search radius
    0.8000    0.8000    0.8000    2.4000    2.4000    2.4000
    2.4000    2.4000    2.4000    2.4000    2.4000    2.4000
100000*second partial in parameter space
       52.       41.       29.        3.        3.        8.
        4.        9.        3.        6.        2.        2.
  0.0320  0.0319  0.0319  0.0319  0.0318  0.0322  0.0319  0.0321  0.0318  0.0320  0.0317  0.0317
  0.0318  0.0318  0.0318  0.0318  0.0317  0.0320  0.0317  0.0318  0.0317  0.0318  0.0317  0.0317
  0.0317  0.0317  0.0317  0.0317  0.0317  0.0318  0.0317  0.0317  0.0317  0.0317  0.0316  0.0317
  0.0317  0.0317  0.0317  0.0317  0.0317  0.0317  0.0316  0.0316  0.0316  0.0316  0.0316  0.0316
  0.0317  0.0317  0.0317  0.0317  0.0317  0.0316  0.0317  0.0317  0.0317  0.0317  0.0316  0.0316
  0.0318  0.0318  0.0317  0.0317  0.0317  0.0318  0.0317  0.0319  0.0317  0.0318  0.0317  0.0317
  0.0320  0.0319  0.0318  0.0318  0.0318  0.0321  0.0318  0.0322  0.0318  0.0320  0.0317  0.0317
  -10.4061  -24.2960   13.0352   -9.1887  -19.8478   -1.5224
    5.0749  -10.4373   -1.9807   10.3934   12.6371  -22.3617
eta,q 0.96836 10.06272

---------------------------------------------------------------------
compute_vox2vox talsrcimg talsrcimg_to_711-2C_as_mni_average_305_t4 /opt/freesurfer/average/711-2C_as_mni_average_305
---------------------------------------------------------------------

freesurfer compute_vox2vox.c
Reading: talsrcimg.4dfp.ifh
Reading: talsrcimg_to_711-2C_as_mni_average_305_t4
Reading: /opt/freesurfer/average/711-2C_as_mni_average_305.4dfp.ifh
Writing: talsrcimg_to_711-2C_as_mni_average_305_t4_vox2vox.txt

start time Thu Mar 12 05:00:58 CET 2026
end		time Thu Mar 12 05:01:12 CET 2026

mpr2mni305 success

avi2talxfm orig_nu.mgz /opt/freesurfer/average/mni305.cor.mgz talsrcimg_to_711-2C_as_mni_average_305_t4_vox2vox.txt transforms/talairach.auto.xfm
avi2talxfm done
mv -f /out/sourcedata/freesurfer/sub-v1s10x0051044_ses-1/mri/talsrcimg_to_711-2C_as_mni_average_305_t4_vox2vox.txt /out/sourcedata/freesurfer/sub-v1s10x0051044_ses-1/mri/transforms/talsrcimg_to_711-2C_as_mni_average_305_t4_vox2vox.txt
lta_convert --src orig_nu.mgz --trg /opt/freesurfer/average/mni305.cor.mgz --inxfm transforms/talairach.auto.xfm --outlta transforms/talairach.auto.xfm.lta --subject fsaverage
7.3.2

--src: orig_nu.mgz src image (geometry).
--trg: /opt/freesurfer/average/mni305.cor.mgz trg image (geometry).
--inmni: transforms/talairach.auto.xfm input MNI/XFM transform.
--outlta: transforms/talairach.auto.xfm.lta output LTA.
--s: fsaverage subject name
 LTA read, type : 1
 1.08390   0.11863  -0.03553   8.18416;
-0.12921   0.97227   0.27944  -8.42266;
 0.04354  -0.12314   1.21051   30.22946;
 0.00000   0.00000   0.00000   1.00000;
setting subject to fsaverage
Writing  LTA to file transforms/talairach.auto.xfm.lta...
lta_convert successful.
 
 
Started at Thu Mar 12 05:00:58 CET 2026
Ended   at Thu Mar 12 05:01:12 CET 2026
talairach_avi done
