status file for recon-all
Thu Mar 12 02:30:19 CET 2026
#@# Tessellate lh Thu Mar 12 02:30:19 CET 2026
#@# Smooth1 lh Thu Mar 12 02:30:21 CET 2026
#@# Inflation1 lh Thu Mar 12 02:30:24 CET 2026
#@# QSphere lh Thu Mar 12 02:30:43 CET 2026
#@# Fix Topology lh Thu Mar 12 02:31:52 CET 2026
#@# Smooth2 lh Thu Mar 12 02:45:21 CET 2026
#@# Inflation2 lh Thu Mar 12 02:45:23 CET 2026
#@# Curv .H and .K lh Thu Mar 12 02:45:38 CET 2026
#@# Sphere lh Thu Mar 12 02:46:13 CET 2026
#@# Surf Reg lh Thu Mar 12 02:55:25 CET 2026
#@# Jacobian white lh Thu Mar 12 03:02:58 CET 2026
#@# AvgCurv lh Thu Mar 12 03:02:59 CET 2026
#@# Cortical Parc lh Thu Mar 12 03:02:59 CET 2026
#@# white curv lh Thu Mar 12 03:08:39 CET 2026
#@# white area lh Thu Mar 12 03:08:40 CET 2026
#@# pial curv lh Thu Mar 12 03:08:41 CET 2026
#@# pial area lh Thu Mar 12 03:08:42 CET 2026
#@# thickness lh Thu Mar 12 03:08:42 CET 2026
#@# area and vertex vol lh Thu Mar 12 03:09:00 CET 2026
#@# Curvature Stats lh Thu Mar 12 03:09:01 CET 2026
#@# Cortical Parc 2 lh Thu Mar 12 03:09:03 CET 2026
#@# Cortical Parc 3 lh Thu Mar 12 03:09:12 CET 2026
#@# WM/GM Contrast lh Thu Mar 12 03:09:19 CET 2026
recon-all -s sub-v1s10x0050982_ses-1 finished without error at Thu Mar 12 03:09:21 CET 2026



#New# invocation of recon-all 



status file for recon-all
Thu Mar 12 03:50:24 CET 2026
#@# white curv lh Thu Mar 12 03:50:24 CET 2026
#@# white area lh Thu Mar 12 03:50:24 CET 2026
#@# pial curv lh Thu Mar 12 03:50:24 CET 2026
#@# pial area lh Thu Mar 12 03:50:24 CET 2026
#@# thickness lh Thu Mar 12 03:50:24 CET 2026
#@# area and vertex vol lh Thu Mar 12 03:50:24 CET 2026
#@# Parcellation Stats lh Thu Mar 12 03:50:24 CET 2026
#@# Parcellation Stats 2 lh Thu Mar 12 03:50:38 CET 2026
#@# Parcellation Stats 3 lh Thu Mar 12 03:50:45 CET 2026
#@# BA_exvivo Labels lh Thu Mar 12 03:50:52 CET 2026
recon-all -s sub-v1s10x0050982_ses-1 finished without error at Thu Mar 12 03:52:51 CET 2026
