/out/sourcedata/freesurfer/sub-v1s10x0051124_ses-1/mri
/opt/freesurfer/bin/talairach_avi
--i orig_nu.mgz --xfm transforms/talairach.auto.xfm
talairach_avi 7.3.2
Linux dna072 5.14.0-427.37.1.el9_4.x86_64 #1 SMP PREEMPT_DYNAMIC Fri Sep 13 12:41:50 EDT 2024 x86_64 x86_64 x86_64 GNU/Linux
Thu Mar 12 08:44:26 CET 2026
mri_convert orig_nu.mgz talsrcimg.img 
reading from orig_nu.mgz...
TR=0.00, TE=0.00, TI=0.00, flip angle=0.00
i_ras = (-1, 0, 0)
j_ras = (0, 0, -1)
k_ras = (0, 1, 0)
writing to talsrcimg.img...
Analyze Output Matrix
-1.00000   0.00000   0.00000   130.38751;
 0.00000   0.00000   1.00000  -128.00000;
 0.00000  -1.00000   0.00000   129.27710;
 0.00000   0.00000   0.00000   1.00000;
--------------------
INFO: set hdr.hist.orient to -1
mpr2mni305 talsrcimg
Thu Mar 12 08:44:26 CET 2026
/opt/freesurfer/bin/mpr2mni305 talsrcimg
mpr2mni305 7.3.2
target=711-2C_as_mni_average_305

---------------------------------------------------------------------
analyzeto4dfp talsrcimg -O0 -y
---------------------------------------------------------------------

freesurfer ifh2hdr.c
Thu Mar 12 08:44:27 2026
Writing: talsrcimg.4dfp.hdr
freesurfer analyzeto4dfp.c
Reading: talsrcimg.hdr
header size 348 bytes
hdr.dime.datatype	offset=70	value=2
hdr.dime.bitpix		offset=72	value=8
hdr.hist.orient		offset=252	value=-1
dimensionality     4
dimensions       256       256       256         1
Reading: talsrcimg.img
Writing: talsrcimg.4dfp.img
Writing: talsrcimg.4dfp.ifh
ifh2hdr talsrcimg -r0to220
ori=2

---------------------------------------------------------------------
gauss_4dfp talsrcimg 1.1
---------------------------------------------------------------------

freesurfer gauss_4dfp.c
Reading: talsrcimg.4dfp.img
Writing: talsrcimg_g11.4dfp.img
image dimensions 256 256 256 padded to 288 288 288
processing volume 1freesurfer ifh2hdr.c
Thu Mar 12 08:44:28 2026
Writing: talsrcimg_g11.4dfp.hdr

Writing: talsrcimg_g11.4dfp.ifh
including: talsrcimg.4dfp.img.rec in talsrcimg_g11.4dfp.img.rec

---------------------------------------------------------------------
imgreg_4dfp /opt/freesurfer/average/711-2C_as_mni_average_305 none talsrcimg_g11 none talsrcimg_to_711-2C_as_mni_average_305_t4 4355
---------------------------------------------------------------------

freesurfer imgreg_4dfp.c
/opt/freesurfer/average/711-2C_as_mni_average_305.4dfp.img
       256       256       256         1
  1.000000  1.000000  1.000000
orientation T byte_order littleendian
Reading image: /opt/freesurfer/average/711-2C_as_mni_average_305.4dfp.img
dimensions:      256       256       256
mmppix:       1.0000   -1.0000   -1.0000
center:     128.0000 -129.0000 -129.0000
talsrcimg_g11.4dfp.img
       256       256       256         1
  1.000000  1.000000  1.000000
orientation T byte_order littleendian
Reading image: talsrcimg_g11.4dfp.img
dimensions:      256       256       256
mmppix:       1.0000   -1.0000   -1.0000
center:     128.0000 -129.0000 -129.0000
t4_read: open error in t4_sub.f l:  41 t4_file(1:l)talsrcimg_to_711-2C_as_mni_average_305_t4 
t4_read: transform initialized to I4
rotation matrix determinant  1.000000
image alignment mode   4355 decimal     1103 hex
   -7.5000  -45.0000  -45.0000 8145.4492   17.4229
    0.0000  -45.0000  -45.0000 8461.1953   17.3744
    7.5000  -45.0000  -45.0000 8048.2402   17.3258
   -7.5000  -37.5000  -45.0000 8717.7021   17.3817
    0.0000  -37.5000  -45.0000 9064.9629   17.3371
    7.5000  -37.5000  -45.0000 8620.6406   17.2941
   -7.5000  -30.0000  -45.0000 9601.9629   17.3322
    0.0000  -30.0000  -45.000010011.7715   17.2873
    7.5000  -30.0000  -45.0000 9525.7432   17.2415
   -7.5000  -22.5000  -45.000010452.8262   17.2744
    0.0000  -22.5000  -45.000010896.9639   17.2243
    7.5000  -22.5000  -45.000010353.0225   17.1700
   -7.5000  -15.0000  -45.000011232.1406   17.2312
    0.0000  -15.0000  -45.000011712.7305   17.1750
    7.5000  -15.0000  -45.000011112.9150   17.1146
   -7.5000   -7.5000  -45.000011922.7930   17.2269
    0.0000   -7.5000  -45.000012461.0244   17.1720
    7.5000   -7.5000  -45.000011809.5625   17.1156
   -7.5000    0.0000  -45.000012526.3955   17.2509
    0.0000    0.0000  -45.000013090.7900   17.2023
    7.5000    0.0000  -45.000012400.8994   17.1557
   -7.5000    7.5000  -45.000012154.0098   17.2714
    0.0000    7.5000  -45.000012707.5059   17.2267
    7.5000    7.5000  -45.000012051.2344   17.1850
   -7.5000   15.0000  -45.000011689.8818   17.2680
    0.0000   15.0000  -45.000012209.3174   17.2230
    7.5000   15.0000  -45.000011585.0303   17.1782
   -7.5000   22.5000  -45.000011109.7178   17.2429
    0.0000   22.5000  -45.000011615.9609   17.1927
    7.5000   22.5000  -45.000011031.0615   17.1390
   -7.5000   30.0000  -45.000010389.7549   16.9950
    0.0000   30.0000  -45.000010866.7598   16.9395
    7.5000   30.0000  -45.000010308.3389   16.8800
   -7.5000   37.5000  -45.000010002.9463   16.9977
    0.0000   37.5000  -45.000010449.3848   16.9435
    7.5000   37.5000  -45.0000 9868.2627   16.8879
   -7.5000   45.0000  -45.0000 9196.7939   16.6042
    0.0000   45.0000  -45.0000 9605.8115   16.5573
    7.5000   45.0000  -45.0000 9066.3271   16.5124
   -7.5000  -45.0000  -37.5000 8588.0000   17.3622
    0.0000  -45.0000  -37.5000 8940.5029   17.3079
    7.5000  -45.0000  -37.5000 8492.5879   17.2675
   -7.5000  -37.5000  -37.5000 9207.7080   17.3141
    0.0000  -37.5000  -37.5000 9596.2461   17.2663
    7.5000  -37.5000  -37.5000 9102.5615   17.2293
   -7.5000  -30.0000  -37.500010160.1367   17.2625
    0.0000  -30.0000  -37.500010604.4873   17.2176
    7.5000  -30.0000  -37.500010047.0049   17.1765
   -7.5000  -22.5000  -37.500011049.9150   17.2102
    0.0000  -22.5000  -37.500011538.8008   17.1599
    7.5000  -22.5000  -37.500010920.4746   17.1118
   -7.5000  -15.0000  -37.500011857.9023   17.1747
    0.0000  -15.0000  -37.500012370.4189   17.1157
    7.5000  -15.0000  -37.500011705.6035   17.0632
   -7.5000   -7.5000  -37.500012572.1602   17.1722
    0.0000   -7.5000  -37.500013124.6035   17.1120
    7.5000   -7.5000  -37.500012430.9697   17.0644
   -7.5000    0.0000  -37.500013174.0625   17.1908
    0.0000    0.0000  -37.500013745.3408   17.1364
    7.5000    0.0000  -37.500013013.8252   17.0980
   -7.5000    7.5000  -37.500012785.1211   17.2048
    0.0000    7.5000  -37.500013330.1377   17.1569
    7.5000    7.5000  -37.500012615.7393   17.1211
   -7.5000   15.0000  -37.500012272.0000   17.1990
    0.0000   15.0000  -37.500012792.7617   17.1539
    7.5000   15.0000  -37.500012131.0254   17.1138
   -7.5000   22.5000  -37.500011622.2402   17.1786
    0.0000   22.5000  -37.500012140.4932   17.1283
    7.5000   22.5000  -37.500011533.7822   17.0806
   -7.5000   30.0000  -37.500010863.3682   16.9392
    0.0000   30.0000  -37.500011368.4404   16.8810
    7.5000   30.0000  -37.500010786.9346   16.8293
   -7.5000   37.5000  -37.500010407.8779   16.9435
    0.0000   37.5000  -37.500010902.0430   16.8842
    7.5000   37.5000  -37.500010315.9678   16.8373
   -7.5000   45.0000  -37.5000 9554.3145   16.5458
    0.0000   45.0000  -37.500010016.4209   16.4934
    7.5000   45.0000  -37.5000 9462.4336   16.4564
   -7.5000  -45.0000  -30.0000 9234.3281   18.0785
    0.0000  -45.0000  -30.0000 9605.0020   18.0041
    7.5000  -45.0000  -30.0000 9136.1982   17.9619
   -7.5000  -37.5000  -30.0000 9891.0762   18.0206
    0.0000  -37.5000  -30.000010308.4229   17.9567
    7.5000  -37.5000  -30.0000 9794.2812   17.9179
   -7.5000  -30.0000  -30.000010902.9004   17.9641
    0.0000  -30.0000  -30.000011378.3994   17.9065
    7.5000  -30.0000  -30.000010779.0195   17.8641
   -7.5000  -22.5000  -30.000011871.2500   17.9171
    0.0000  -22.5000  -30.000012406.6191   17.8537
    7.5000  -22.5000  -30.000011745.5498   17.8043
   -7.5000  -15.0000  -30.000012755.1680   17.8895
    0.0000  -15.0000  -30.000013311.0059   17.8140
    7.5000  -15.0000  -30.000012591.4238   17.7595
   -7.5000   -7.5000  -30.000013502.0195   17.8875
    0.0000   -7.5000  -30.000014082.0605   17.8076
    7.5000   -7.5000  -30.000013318.6973   17.7579
   -7.5000    0.0000  -30.000014123.5322   17.9002
    0.0000    0.0000  -30.000014722.5400   17.8261
    7.5000    0.0000  -30.000013916.8633   17.7858
   -7.5000    7.5000  -30.000013691.6123   17.9070
    0.0000    7.5000  -30.000014262.7803   17.8432
    7.5000    7.5000  -30.000013491.5029   17.8056
   -7.5000   15.0000  -30.000013100.9170   17.8985
    0.0000   15.0000  -30.000013641.6855   17.8410
    7.5000   15.0000  -30.000012955.6855   17.7994
   -7.5000   22.5000  -30.000012414.6387   17.8824
    0.0000   22.5000  -30.000012935.2764   17.8191
    7.5000   22.5000  -30.000012292.8799   17.7701
   -7.5000   30.0000  -30.000011578.9238   17.6459
    0.0000   30.0000  -30.000012082.7246   17.5713
    7.5000   30.0000  -30.000011474.1924   17.5176
   -7.5000   37.5000  -30.000011081.2529   17.6510
    0.0000   37.5000  -30.000011566.7432   17.5722
    7.5000   37.5000  -30.000010977.0996   17.5231
   -7.5000   45.0000  -30.000010153.3477   17.2402
    0.0000   45.0000  -30.000010615.2842   17.1688
    7.5000   45.0000  -30.000010058.6348   17.1300
   -7.5000  -45.0000  -22.5000 9882.6631   18.6793
    0.0000  -45.0000  -22.500010307.6162   18.5914
    7.5000  -45.0000  -22.5000 9797.5410   18.5378
   -7.5000  -37.5000  -22.500010568.4297   18.6186
    0.0000  -37.5000  -22.500011024.2197   18.5424
    7.5000  -37.5000  -22.500010483.9678   18.4947
   -7.5000  -30.0000  -22.500011653.5205   18.5596
    0.0000  -30.0000  -22.500012168.5244   18.4897
    7.5000  -30.0000  -22.500011544.1514   18.4399
   -7.5000  -22.5000  -22.500012729.8760   18.5141
    0.0000  -22.5000  -22.500013307.2695   18.4375
    7.5000  -22.5000  -22.500012592.3789   18.3791
   -7.5000  -15.0000  -22.500013680.3848   18.4879
    0.0000  -15.0000  -22.500014275.4268   18.3982
    7.5000  -15.0000  -22.500013499.0049   18.3321
   -7.5000   -7.5000  -22.500014474.3213   18.4846
    0.0000   -7.5000  -22.500015094.1758   18.3903
    7.5000   -7.5000  -22.500014247.8330   18.3280
   -7.5000    0.0000  -22.500015102.8301   18.4959
    0.0000    0.0000  -22.500015728.1992   18.4086
    7.5000    0.0000  -22.500014843.5547   18.3570
   -7.5000    7.5000  -22.500014604.1201   18.5012
    0.0000    7.5000  -22.500015222.2188   18.4253
    7.5000    7.5000  -22.500014370.7979   18.3789
   -7.5000   15.0000  -22.500013967.0459   18.4924
    0.0000   15.0000  -22.500014570.2295   18.4226
    7.5000   15.0000  -22.500013778.9014   18.3736
   -7.5000   22.5000  -22.500013240.5068   18.4774
    0.0000   22.5000  -22.500013799.2432   18.4010
    7.5000   22.5000  -22.500013085.7705   18.3431
   -7.5000   30.0000  -22.500012334.5361   18.2388
    0.0000   30.0000  -22.500012870.4639   18.1503
    7.5000   30.0000  -22.500012212.0342   18.0851
   -7.5000   37.5000  -22.500011778.3740   18.2431
    0.0000   37.5000  -22.500012294.8311   18.1500
    7.5000   37.5000  -22.500011684.2324   18.0885
   -7.5000   45.0000  -22.500010791.1338   17.8270
    0.0000   45.0000  -22.500011277.9600   17.7427
    7.5000   45.0000  -22.500010710.7188   17.6931
   -7.5000  -45.0000  -15.000010538.1123   19.0995
    0.0000  -45.0000  -15.000011004.6494   19.0153
    7.5000  -45.0000  -15.000010443.8018   18.9505
   -7.5000  -37.5000  -15.000011246.3223   19.0449
    0.0000  -37.5000  -15.000011728.0664   18.9700
    7.5000  -37.5000  -15.000011146.0938   18.9136
   -7.5000  -30.0000  -15.000012397.2764   18.9876
    0.0000  -30.0000  -15.000012939.0488   18.9159
    7.5000  -30.0000  -15.000012275.4902   18.8587
   -7.5000  -22.5000  -15.000013529.2871   18.9365
    0.0000  -22.5000  -15.000014121.2930   18.8581
    7.5000  -22.5000  -15.000013367.0879   18.7908
   -7.5000  -15.0000  -15.000014561.7920   18.9024
    0.0000  -15.0000  -15.000015189.8779   18.8133
    7.5000  -15.0000  -15.000014355.4688   18.7360
   -7.5000   -7.5000  -15.000015449.6377   18.8966
    0.0000   -7.5000  -15.000016102.0039   18.8053
    7.5000   -7.5000  -15.000015167.9619   18.7310
   -7.5000    0.0000  -15.000016076.1641   18.9130
    0.0000    0.0000  -15.000016738.9434   18.8293
    7.5000    0.0000  -15.000015807.0596   18.7667
   -7.5000    7.5000  -15.000015499.8057   18.9250
    0.0000    7.5000  -15.000016166.0127   18.8502
    7.5000    7.5000  -15.000015266.9521   18.7953
   -7.5000   15.0000  -15.000014801.4814   18.9188
    0.0000   15.0000  -15.000015453.5410   18.8472
    7.5000   15.0000  -15.000014611.5762   18.7910
   -7.5000   22.5000  -15.000014002.2959   18.8985
    0.0000   22.5000  -15.000014609.1201   18.8203
    7.5000   22.5000  -15.000013850.7783   18.7535
   -7.5000   30.0000  -15.000013076.5410   18.6504
    0.0000   30.0000  -15.000013652.6943   18.5624
    7.5000   30.0000  -15.000012943.1572   18.4862
   -7.5000   37.5000  -15.000012502.0244   18.6525
    0.0000   37.5000  -15.000013059.5811   18.5623
    7.5000   37.5000  -15.000012376.7305   18.4890
   -7.5000   45.0000  -15.000011451.5947   18.2406
    0.0000   45.0000  -15.000011981.7686   18.1597
    7.5000   45.0000  -15.000011357.0371   18.0993
   -7.5000  -45.0000   -7.500011182.2139   19.3040
    0.0000  -45.0000   -7.500011677.2900   19.2371
    7.5000  -45.0000   -7.500011081.2783   19.1724
   -7.5000  -37.5000   -7.500011945.8203   19.2578
    0.0000  -37.5000   -7.500012451.0410   19.1962
    7.5000  -37.5000   -7.500011835.8994   19.1401
   -7.5000  -30.0000   -7.500013132.3906   19.2032
    0.0000  -30.0000   -7.500013701.8066   19.1414
    7.5000  -30.0000   -7.500013018.9541   19.0844
   -7.5000  -22.5000   -7.500014308.2061   19.1429
    0.0000  -22.5000   -7.500014948.5000   19.0754
    7.5000  -22.5000   -7.500014156.4326   19.0084
   -7.5000  -15.0000   -7.500015421.3252   19.0981
    0.0000  -15.0000   -7.500016094.3086   19.0233
    7.5000  -15.0000   -7.500015192.4619   18.9469
   -7.5000   -7.5000   -7.500016416.6367   19.0916
    0.0000   -7.5000   -7.500017150.6367   19.0176
    7.5000   -7.5000   -7.500016141.3428   18.9441
   -7.5000    0.0000   -7.500017071.6250   19.1156
    0.0000    0.0000   -7.500017814.0137   19.0488
    7.5000    0.0000   -7.500016838.0957   18.9866
   -7.5000    7.5000   -7.500016432.7520   19.1365
    0.0000    7.5000   -7.500017143.8027   19.0749
    7.5000    7.5000   -7.500016259.0156   19.0204
   -7.5000   15.0000   -7.500015666.4727   19.1331
    0.0000   15.0000   -7.500016372.1992   19.0714
    7.5000   15.0000   -7.500015529.2500   19.0154
   -7.5000   22.5000   -7.500014824.6143   19.1025
    0.0000   22.5000   -7.500015482.8193   19.0350
    7.5000   22.5000   -7.500014691.1309   18.9686
   -7.5000   30.0000   -7.500013899.1807   18.8430
    0.0000   30.0000   -7.500014512.6006   18.7692
    7.5000   30.0000   -7.500013750.3145   18.6940
   -7.5000   37.5000   -7.500013322.2930   18.8445
    0.0000   37.5000   -7.500013908.8857   18.7715
    7.5000   37.5000   -7.500013155.4951   18.6989
   -7.5000   45.0000   -7.500012224.5947   18.4403
    0.0000   45.0000   -7.500012782.4912   18.3757
    7.5000   45.0000   -7.500012054.2725   18.3156
   -7.5000  -45.0000    0.000011722.7471   19.3442
    0.0000  -45.0000    0.000012221.0186   19.2904
    7.5000  -45.0000    0.000011602.9131   19.2361
   -7.5000  -37.5000    0.000012534.6299   19.2991
    0.0000  -37.5000    0.000013085.3750   19.2494
    7.5000  -37.5000    0.000012424.9482   19.2013
   -7.5000  -30.0000    0.000013776.7041   19.2449
    0.0000  -30.0000    0.000014412.8711   19.1949
    7.5000  -30.0000    0.000013664.5625   19.1439
   -7.5000  -22.5000    0.000014983.1699   19.1815
    0.0000  -22.5000    0.000015688.2734   19.1257
    7.5000  -22.5000    0.000014857.7070   19.0657
   -7.5000  -15.0000    0.000016127.6562   19.1339
    0.0000  -15.0000    0.000016890.5801   19.0714
    7.5000  -15.0000    0.000015976.6348   19.0047
   -7.5000   -7.5000    0.000017236.3418   19.1287
    0.0000   -7.5000    0.000018091.4805   19.0678
    7.5000   -7.5000    0.000017043.5254   19.0052
   -7.5000    0.0000    0.000018065.5254   19.1547
    0.0000    0.0000    0.000018940.2617   19.1008
    7.5000    0.0000    0.000017873.3184   19.0487
   -7.5000    7.5000    0.000017428.8223   19.1776
    0.0000    7.5000    0.000018235.8105   19.1278
    7.5000    7.5000    0.000017244.8906   19.0812
   -7.5000   15.0000    0.000016608.6543   19.1742
    0.0000   15.0000    0.000017348.2793   19.1241
    7.5000   15.0000    0.000016393.2324   19.0742
   -7.5000   22.5000    0.000015700.7695   19.1406
    0.0000   22.5000    0.000016365.0000   19.0847
    7.5000   22.5000    0.000015435.0039   19.0253
   -7.5000   30.0000    0.000014684.2129   18.8790
    0.0000   30.0000    0.000015323.2666   18.8174
    7.5000   30.0000    0.000014403.7852   18.7516
   -7.5000   37.5000    0.000014063.5352   18.8815
    0.0000   37.5000    0.000014688.5186   18.8214
    7.5000   37.5000    0.000013796.6494   18.7597
   -7.5000   45.0000    0.000012884.9492   18.4799
    0.0000   45.0000    0.000013489.1133   18.4278
    7.5000   45.0000    0.000012637.6855   18.3775
   -7.5000  -45.0000    7.500011347.7549   19.3986
    0.0000  -45.0000    7.500011837.7490   19.3379
    7.5000  -45.0000    7.500011242.9062   19.2929
   -7.5000  -37.5000    7.500012124.0723   19.3451
    0.0000  -37.5000    7.500012672.6123   19.2917
    7.5000  -37.5000    7.500012033.4717   19.2504
   -7.5000  -30.0000    7.500013291.9961   19.2881
    0.0000  -30.0000    7.500013932.1230   19.2378
    7.5000  -30.0000    7.500013245.4541   19.1920
   -7.5000  -22.5000    7.500014463.2803   19.2300
    0.0000  -22.5000    7.500015178.8154   19.1737
    7.5000  -22.5000    7.500014410.5371   19.1200
   -7.5000  -15.0000    7.500015645.2568   19.1902
    0.0000  -15.0000    7.500016432.3281   19.1242
    7.5000  -15.0000    7.500015495.8848   19.0657
   -7.5000   -7.5000    7.500016843.7168   19.1868
    0.0000   -7.5000    7.500017793.0684   19.1197
    7.5000   -7.5000    7.500016541.6582   19.0666
   -7.5000    0.0000    7.500017801.0742   19.2073
    0.0000    0.0000    7.500018765.5098   19.1466
    7.5000    0.0000    7.500017351.3809   19.1037
   -7.5000    7.5000    7.500017278.2285   19.2232
    0.0000    7.5000    7.500018111.0586   19.1697
    7.5000    7.5000    7.500016815.7793   19.1297
   -7.5000   15.0000    7.500016437.4414   19.2172
    0.0000   15.0000    7.500017169.2539   19.1668
    7.5000   15.0000    7.500015989.5107   19.1220
   -7.5000   22.5000    7.500015460.1250   19.1885
    0.0000   22.5000    7.500016119.5918   19.1322
    7.5000   22.5000    7.500015032.4141   19.0790
   -7.5000   30.0000    7.500014395.7842   18.9345
    0.0000   30.0000    7.500014998.5947   18.8694
    7.5000   30.0000    7.500014047.0361   18.8117
   -7.5000   37.5000    7.500013746.2959   18.9388
    0.0000   37.5000    7.500014320.5244   18.8725
    7.5000   37.5000    7.500013433.4463   18.8201
   -7.5000   45.0000    7.500012587.6523   18.5302
    0.0000   45.0000    7.500013131.0879   18.4715
    7.5000   45.0000    7.500012319.0430   18.4302
   -7.5000  -45.0000   15.000010801.3496   19.4662
    0.0000  -45.0000   15.000011261.1055   19.3861
    7.5000  -45.0000   15.000010746.7305   19.3404
   -7.5000  -37.5000   15.000011568.6504   19.4032
    0.0000  -37.5000   15.000012063.9805   19.3345
    7.5000  -37.5000   15.000011530.1240   19.2925
   -7.5000  -30.0000   15.000012724.1670   19.3417
    0.0000  -30.0000   15.000013319.5684   19.2798
    7.5000  -30.0000   15.000012700.2080   19.2340
   -7.5000  -22.5000   15.000013881.1738   19.2909
    0.0000  -22.5000   15.000014537.9395   19.2227
    7.5000  -22.5000   15.000013808.4033   19.1694
   -7.5000  -15.0000   15.000015000.8955   19.2615
    0.0000  -15.0000   15.000015723.5264   19.1802
    7.5000  -15.0000   15.000014832.3340   19.1214
   -7.5000   -7.5000   15.000016085.4834   19.2598
    0.0000   -7.5000   15.000016857.4277   19.1739
    7.5000   -7.5000   15.000015811.8311   19.1200
   -7.5000    0.0000   15.000016925.8770   19.2736
    0.0000    0.0000   15.000017639.4277   19.1939
    7.5000    0.0000   15.000016539.3750   19.1502
   -7.5000    7.5000   15.000016439.0312   19.2805
    0.0000    7.5000   15.000017113.2246   19.2119
    7.5000    7.5000   15.000016010.6084   19.1712
   -7.5000   15.0000   15.000015710.6250   19.2709
    0.0000   15.0000   15.000016383.9717   19.2090
    7.5000   15.0000   15.000015285.2695   19.1641
   -7.5000   22.5000   15.000014800.4385   19.2492
    0.0000   22.5000   15.000015468.3398   19.1811
    7.5000   22.5000   15.000014384.0127   19.1283
   -7.5000   30.0000   15.000013766.9531   19.0047
    0.0000   30.0000   15.000014369.0605   18.9245
    7.5000   30.0000   15.000013399.4111   18.8665
   -7.5000   37.5000   15.000013131.3408   19.0108
    0.0000   37.5000   15.000013703.1826   18.9259
    7.5000   37.5000   15.000012781.5869   18.8728
   -7.5000   45.0000   15.000011996.3359   18.5932
    0.0000   45.0000   15.000012525.6787   18.5161
    7.5000   45.0000   15.000011719.2295   18.4740
   -7.5000  -45.0000   22.500010190.7207   19.5245
    0.0000  -45.0000   22.500010642.1758   19.4327
    7.5000  -45.0000   22.500010114.1152   19.3762
   -7.5000  -37.5000   22.500010924.8965   19.4597
    0.0000  -37.5000   22.500011419.8076   19.3803
    7.5000  -37.5000   22.500010840.3779   19.3301
   -7.5000  -30.0000   22.500012043.6172   19.3966
    0.0000  -30.0000   22.500012580.4170   19.3241
    7.5000  -30.0000   22.500011934.0723   19.2718
   -7.5000  -22.5000   22.500013107.8711   19.3485
    0.0000  -22.5000   22.500013657.0742   19.2691
    7.5000  -22.5000   22.500012973.5566   19.2080
   -7.5000  -15.0000   22.500014137.1709   19.3218
    0.0000  -15.0000   22.500014734.0488   19.2285
    7.5000  -15.0000   22.500013958.0801   19.1591
   -7.5000   -7.5000   22.500015111.1484   19.3194
    0.0000   -7.5000   22.500015696.5029   19.2210
    7.5000   -7.5000   22.500014866.5449   19.1554
   -7.5000    0.0000   22.500015877.8936   19.3315
    0.0000    0.0000   22.500016456.9023   19.2403
    7.5000    0.0000   22.500015589.6855   19.1860
   -7.5000    7.5000   22.500015415.7080   19.3362
    0.0000    7.5000   22.500015994.5928   19.2571
    7.5000    7.5000   22.500015131.2100   19.2083
   -7.5000   15.0000   22.500014742.6035   19.3258
    0.0000   15.0000   22.500015330.6797   19.2534
    7.5000   15.0000   22.500014447.2197   19.2021
   -7.5000   22.5000   22.500013894.3008   19.3070
    0.0000   22.5000   22.500014474.6553   19.2277
    7.5000   22.5000   22.500013610.0283   19.1672
   -7.5000   30.0000   22.500012928.0430   19.0641
    0.0000   30.0000   22.500013456.2646   18.9720
    7.5000   30.0000   22.500012652.3984   18.9036
   -7.5000   37.5000   22.500012337.1396   19.0696
    0.0000   37.5000   22.500012839.0068   18.9725
    7.5000   37.5000   22.500012057.9795   18.9078
   -7.5000   45.0000   22.500011273.7529   18.6487
    0.0000   45.0000   22.500011724.2285   18.5606
    7.5000   45.0000   22.500011029.5293   18.5082
   -7.5000  -45.0000   30.0000 9524.6523   19.7012
    0.0000  -45.0000   30.0000 9948.4883   19.6140
    7.5000  -45.0000   30.0000 9396.6045   19.5459
   -7.5000  -37.5000   30.000010182.9414   19.6426
    0.0000  -37.5000   30.000010611.0918   19.5651
    7.5000  -37.5000   30.000010065.9053   19.5059
   -7.5000  -30.0000   30.000011177.4189   19.5813
    0.0000  -30.0000   30.000011640.2148   19.5073
    7.5000  -30.0000   30.000011083.7930   19.4473
   -7.5000  -22.5000   30.000012137.8223   19.5279
    0.0000  -22.5000   30.000012609.8457   19.4470
    7.5000  -22.5000   30.000012040.7725   19.3765
   -7.5000  -15.0000   30.000013082.0244   19.4934
    0.0000  -15.0000   30.000013605.7900   19.4012
    7.5000  -15.0000   30.000012963.0566   19.3202
   -7.5000   -7.5000   30.000013977.0527   19.4884
    0.0000   -7.5000   30.000014480.3760   19.3937
    7.5000   -7.5000   30.000013790.9746   19.3158
   -7.5000    0.0000   30.000014716.3027   19.5055
    0.0000    0.0000   30.000015225.6602   19.4188
    7.5000    0.0000   30.000014500.6113   19.3531
   -7.5000    7.5000   30.000014317.9111   19.5168
    0.0000    7.5000   30.000014842.3047   19.4395
    7.5000    7.5000   30.000014109.3184   19.3818
   -7.5000   15.0000   30.000013697.5850   19.5091
    0.0000   15.0000   30.000014229.3701   19.4352
    7.5000   15.0000   30.000013497.1465   19.3763
   -7.5000   22.5000   30.000012920.2832   19.4861
    0.0000   22.5000   30.000013409.5078   19.4053
    7.5000   22.5000   30.000012690.9893   19.3354
   -7.5000   30.0000   30.000011985.7217   19.2333
    0.0000   30.0000   30.000012442.4648   19.1424
    7.5000   30.0000   30.000011766.8379   19.0625
   -7.5000   37.5000   30.000011421.5527   19.2367
    0.0000   37.5000   30.000011865.9629   19.1432
    7.5000   37.5000   30.000011203.3154   19.0663
   -7.5000   45.0000   30.000010435.6084   18.8172
    0.0000   45.0000   30.000010839.6543   18.7334
    7.5000   45.0000   30.000010231.7910   18.6700
   -7.5000  -45.0000   37.5000 9163.9746   20.0827
    0.0000  -45.0000   37.5000 9541.6113   20.0128
    7.5000  -45.0000   37.5000 9039.5000   19.9445
   -7.5000  -37.5000   37.5000 9769.1211   20.0305
    0.0000  -37.5000   37.500010161.2012   19.9666
    7.5000  -37.5000   37.5000 9668.3076   19.9074
   -7.5000  -30.0000   37.500010703.5439   19.9708
    0.0000  -30.0000   37.500011143.4658   19.9068
    7.5000  -30.0000   37.500010632.7891   19.8465
   -7.5000  -22.5000   37.500011660.2168   19.9076
    0.0000  -22.5000   37.500012113.3213   19.8372
    7.5000  -22.5000   37.500011566.9854   19.7663
   -7.5000  -15.0000   37.500012572.7100   19.8615
    0.0000  -15.0000   37.500013057.1914   19.7831
    7.5000  -15.0000   37.500012448.4150   19.7023
   -7.5000   -7.5000   37.500013405.1680   19.8549
    0.0000   -7.5000   37.500013883.4033   19.7774
    7.5000   -7.5000   37.500013239.7988   19.6996
   -7.5000    0.0000   37.500014096.9902   19.8793
    0.0000    0.0000   37.500014583.4375   19.8096
    7.5000    0.0000   37.500013917.2480   19.7439
   -7.5000    7.5000   37.500013720.7461   19.8996
    0.0000    7.5000   37.500014202.3369   19.8357
    7.5000    7.5000   37.500013565.2920   19.7781
   -7.5000   15.0000   37.500013141.0205   19.8951
    0.0000   15.0000   37.500013629.4805   19.8311
    7.5000   15.0000   37.500012982.9873   19.7721
   -7.5000   22.5000   37.500012382.1621   19.8643
    0.0000   22.5000   37.500012874.5254   19.7940
    7.5000   22.5000   37.500012217.0674   19.7237
   -7.5000   30.0000   37.500011505.5322   19.5965
    0.0000   30.0000   37.500011974.3213   19.5192
    7.5000   30.0000   37.500011340.8164   19.4395
   -7.5000   37.5000   37.500010986.5977   19.5984
    0.0000   37.5000   37.500011415.4805   19.5219
    7.5000   37.5000   37.500010816.3896   19.4451
   -7.5000   45.0000   37.500010036.2500   19.1791
    0.0000   45.0000   37.500010426.1562   19.1117
    7.5000   45.0000   37.5000 9874.4121   19.0483
   -7.5000  -45.0000   45.0000 8388.2637   20.5295
    0.0000  -45.0000   45.0000 8746.8271   20.4772
    7.5000  -45.0000   45.0000 8299.9717   20.4210
   -7.5000  -37.5000   45.0000 8967.5488   20.4725
    0.0000  -37.5000   45.0000 9339.2607   20.4249
    7.5000  -37.5000   45.0000 8885.5947   20.3756
   -7.5000  -30.0000   45.0000 9838.7363   20.4107
    0.0000  -30.0000   45.000010245.4658   20.3626
    7.5000  -30.0000   45.0000 9763.9434   20.3101
   -7.5000  -22.5000   45.000010694.0830   20.3451
    0.0000  -22.5000   45.000011152.5020   20.2902
    7.5000  -22.5000   45.000010636.9512   20.2279
   -7.5000  -15.0000   45.000011529.1260   20.2976
    0.0000  -15.0000   45.000012002.4102   20.2350
    7.5000  -15.0000   45.000011443.7783   20.1652
   -7.5000   -7.5000   45.000012277.0557   20.2913
    0.0000   -7.5000   45.000012750.4287   20.2306
    7.5000   -7.5000   45.000012164.0820   20.1654
   -7.5000    0.0000   45.000012877.2910   20.3148
    0.0000    0.0000   45.000013361.2607   20.2622
    7.5000    0.0000   45.000012772.1318   20.2086
   -7.5000    7.5000   45.000012533.0781   20.3349
    0.0000    7.5000   45.000013028.8105   20.2871
    7.5000    7.5000   45.000012455.8311   20.2394
   -7.5000   15.0000   45.000012024.2490   20.3307
    0.0000   15.0000   45.000012520.7910   20.2824
    7.5000   15.0000   45.000011953.7041   20.2312
   -7.5000   22.5000   45.000011347.5684   20.2993
    0.0000   22.5000   45.000011828.9375   20.2444
    7.5000   22.5000   45.000011262.8350   20.1827
   -7.5000   30.0000   45.000010559.4512   20.0250
    0.0000   30.0000   45.000011017.5332   19.9631
    7.5000   30.0000   45.000010451.4238   19.8944
   -7.5000   37.5000   45.000010086.5117   20.0270
    0.0000   37.5000   45.000010490.2363   19.9670
    7.5000   37.5000   45.0000 9955.3027   19.9026
   -7.5000   45.0000   45.0000 9206.9482   19.6045
    0.0000   45.0000   45.0000 9577.8232   19.5537
    7.5000   45.0000   45.0000 9073.8721   19.5018

---------------------------------------------------------------------
imgreg_4dfp /opt/freesurfer/average/711-2C_as_mni_average_305 /opt/freesurfer/average/711-2B_as_mni_average_305_mask talsrcimg_g11 none talsrcimg_to_711-2C_as_mni_average_305_t4 4355
---------------------------------------------------------------------

freesurfer imgreg_4dfp.c
/opt/freesurfer/average/711-2C_as_mni_average_305.4dfp.img
       256       256       256         1
  1.000000  1.000000  1.000000
orientation T byte_order littleendian
Reading image: /opt/freesurfer/average/711-2C_as_mni_average_305.4dfp.img
dimensions:      256       256       256
mmppix:       1.0000   -1.0000   -1.0000
center:     128.0000 -129.0000 -129.0000
/opt/freesurfer/average/711-2B_as_mni_average_305_mask.4dfp.img
       256       256       256         1
  1.000000  1.000000  1.000000
orientation T byte_order littleendian
Reading mask: /opt/freesurfer/average/711-2B_as_mni_average_305_mask.4dfp.img (2306576 pixels)
talsrcimg_g11.4dfp.img
       256       256       256         1
  1.000000  1.000000  1.000000
orientation T byte_order littleendian
Reading image: talsrcimg_g11.4dfp.img
dimensions:      256       256       256
mmppix:       1.0000   -1.0000   -1.0000
center:     128.0000 -129.0000 -129.0000
rotation matrix determinant  1.000000
image alignment mode   4355 decimal     1103 hex
   -7.5000  -45.0000  -45.0000 2181.8389   20.7696
    0.0000  -45.0000  -45.0000 2183.1038   20.7917
    7.5000  -45.0000  -45.0000 2162.7078   21.0705
   -7.5000  -37.5000  -45.0000 2269.6023   19.0787
    0.0000  -37.5000  -45.0000 2272.4951   19.1489
    7.5000  -37.5000  -45.0000 2252.1216   19.3430
   -7.5000  -30.0000  -45.0000 2336.3374   17.8239
    0.0000  -30.0000  -45.0000 2342.8088   17.9069
    7.5000  -30.0000  -45.0000 2324.0208   18.0938
   -7.5000  -22.5000  -45.0000 2391.0649   16.8776
    0.0000  -22.5000  -45.0000 2395.5103   16.9218
    7.5000  -22.5000  -45.0000 2369.7920   17.1059
   -7.5000  -15.0000  -45.0000 2426.6543   16.2277
    0.0000  -15.0000  -45.0000 2434.1377   16.2294
    7.5000  -15.0000  -45.0000 2400.2554   16.4311
   -7.5000   -7.5000  -45.0000 2441.1743   15.8897
    0.0000   -7.5000  -45.0000 2453.1462   15.8915
    7.5000   -7.5000  -45.0000 2416.4485   16.0926
   -7.5000    0.0000  -45.0000 2447.1604   15.8907
    0.0000    0.0000  -45.0000 2455.3240   15.8992
    7.5000    0.0000  -45.0000 2424.1548   16.1233
   -7.5000    7.5000  -45.0000 2431.3440   16.2483
    0.0000    7.5000  -45.0000 2446.9353   16.2642
    7.5000    7.5000  -45.0000 2411.1104   16.4707
   -7.5000   15.0000  -45.0000 2391.1897   16.8884
    0.0000   15.0000  -45.0000 2405.2812   16.8735
    7.5000   15.0000  -45.0000 2371.9531   17.0452
   -7.5000   22.5000  -45.0000 2337.3501   17.7379
    0.0000   22.5000  -45.0000 2348.1201   17.6894
    7.5000   22.5000  -45.0000 2318.2803   17.9057
   -7.5000   30.0000  -45.0000 2258.2417   18.9289
    0.0000   30.0000  -45.0000 2272.2966   18.9059
    7.5000   30.0000  -45.0000 2246.9827   19.1334
   -7.5000   37.5000  -45.0000 2179.1072   20.6111
    0.0000   37.5000  -45.0000 2186.0325   20.5757
    7.5000   37.5000  -45.0000 2155.1414   20.8100
   -7.5000   45.0000  -45.0000 2076.6265   22.9947
    0.0000   45.0000  -45.0000 2077.1892   22.9307
    7.5000   45.0000  -45.0000 2055.6384   23.1651
   -7.5000  -45.0000  -37.5000 2246.3411   19.5680
    0.0000  -45.0000  -37.5000 2252.5674   19.6418
    7.5000  -45.0000  -37.5000 2230.6238   19.7818
   -7.5000  -37.5000  -37.5000 2349.2319   17.9584
    0.0000  -37.5000  -37.5000 2353.7100   18.0221
    7.5000  -37.5000  -37.5000 2331.8735   18.1983
   -7.5000  -30.0000  -37.5000 2425.5566   16.7453
    0.0000  -30.0000  -37.5000 2432.6072   16.8052
    7.5000  -30.0000  -37.5000 2407.5542   16.9903
   -7.5000  -22.5000  -37.5000 2478.7734   15.8344
    0.0000  -22.5000  -37.5000 2485.3201   15.8543
    7.5000  -22.5000  -37.5000 2454.3738   15.9973
   -7.5000  -15.0000  -37.5000 2515.7336   15.1911
    0.0000  -15.0000  -37.5000 2525.3140   15.1693
    7.5000  -15.0000  -37.5000 2488.8748   15.3503
   -7.5000   -7.5000  -37.5000 2535.4663   14.8422
    0.0000   -7.5000  -37.5000 2549.0183   14.8069
    7.5000   -7.5000  -37.5000 2511.6755   15.0214
   -7.5000    0.0000  -37.5000 2539.3059   14.8041
    0.0000    0.0000  -37.5000 2550.4895   14.7830
    7.5000    0.0000  -37.5000 2518.1226   15.0122
   -7.5000    7.5000  -37.5000 2525.7239   15.1071
    0.0000    7.5000  -37.5000 2537.5234   15.0697
    7.5000    7.5000  -37.5000 2501.9363   15.2928
   -7.5000   15.0000  -37.5000 2482.9485   15.6766
    0.0000   15.0000  -37.5000 2499.6057   15.6317
    7.5000   15.0000  -37.5000 2464.5066   15.8328
   -7.5000   22.5000  -37.5000 2422.8420   16.4655
    0.0000   22.5000  -37.5000 2437.9495   16.3924
    7.5000   22.5000  -37.5000 2405.4333   16.5889
   -7.5000   30.0000  -37.5000 2344.5542   17.5311
    0.0000   30.0000  -37.5000 2358.2454   17.4975
    7.5000   30.0000  -37.5000 2326.2412   17.6781
   -7.5000   37.5000  -37.5000 2250.9187   19.1580
    0.0000   37.5000  -37.5000 2261.3948   19.1272
    7.5000   37.5000  -37.5000 2232.4023   19.3047
   -7.5000   45.0000  -37.5000 2143.7666   21.3562
    0.0000   45.0000  -37.5000 2157.0730   21.3554
    7.5000   45.0000  -37.5000 2125.3022   21.5168
   -7.5000  -45.0000  -30.0000 2361.6042   19.1562
    0.0000  -45.0000  -30.0000 2362.8372   19.1722
    7.5000  -45.0000  -30.0000 2339.7366   19.3604
   -7.5000  -37.5000  -30.0000 2471.2849   17.5233
    0.0000  -37.5000  -30.0000 2473.5479   17.5356
    7.5000  -37.5000  -30.0000 2449.6448   17.7000
   -7.5000  -30.0000  -30.0000 2550.2505   16.2687
    0.0000  -30.0000  -30.0000 2557.8550   16.2587
    7.5000  -30.0000  -30.0000 2527.4294   16.4107
   -7.5000  -22.5000  -30.0000 2606.7783   15.3611
    0.0000  -22.5000  -30.0000 2616.3875   15.3514
    7.5000  -22.5000  -30.0000 2586.9619   15.4674
   -7.5000  -15.0000  -30.0000 2648.5928   14.7402
    0.0000  -15.0000  -30.0000 2661.6724   14.6991
    7.5000  -15.0000  -30.0000 2625.4893   14.8501
   -7.5000   -7.5000  -30.0000 2670.5498   14.3954
    0.0000   -7.5000  -30.0000 2685.4739   14.3438
    7.5000   -7.5000  -30.0000 2648.7524   14.5451
   -7.5000    0.0000  -30.0000 2677.6738   14.3245
    0.0000    0.0000  -30.0000 2691.8064   14.2582
    7.5000    0.0000  -30.0000 2653.4951   14.4709
   -7.5000    7.5000  -30.0000 2667.0796   14.5619
    0.0000    7.5000  -30.0000 2682.3411   14.4967
    7.5000    7.5000  -30.0000 2644.6458   14.6891
   -7.5000   15.0000  -30.0000 2627.3921   15.0334
    0.0000   15.0000  -30.0000 2642.2034   14.9728
    7.5000   15.0000  -30.0000 2605.5293   15.1723
   -7.5000   22.5000  -30.0000 2559.4561   15.7865
    0.0000   22.5000  -30.0000 2576.3582   15.7112
    7.5000   22.5000  -30.0000 2541.9314   15.8842
   -7.5000   30.0000  -30.0000 2475.6841   16.8371
    0.0000   30.0000  -30.0000 2489.8530   16.7543
    7.5000   30.0000  -30.0000 2458.1123   16.9404
   -7.5000   37.5000  -30.0000 2372.0193   18.3779
    0.0000   37.5000  -30.0000 2382.5842   18.2788
    7.5000   37.5000  -30.0000 2356.4380   18.5288
   -7.5000   45.0000  -30.0000 2254.7686   20.4835
    0.0000   45.0000  -30.0000 2265.0173   20.4138
    7.5000   45.0000  -30.0000 2239.9988   20.5998
   -7.5000  -45.0000  -22.5000 2447.3574   18.6563
    0.0000  -45.0000  -22.5000 2448.4070   18.6705
    7.5000  -45.0000  -22.5000 2417.6626   18.8031
   -7.5000  -37.5000  -22.5000 2555.1448   16.9545
    0.0000  -37.5000  -22.5000 2558.9668   16.9478
    7.5000  -37.5000  -22.5000 2528.7756   17.0961
   -7.5000  -30.0000  -22.5000 2645.5469   15.6712
    0.0000  -30.0000  -22.5000 2650.9270   15.6343
    7.5000  -30.0000  -22.5000 2619.7847   15.7885
   -7.5000  -22.5000  -22.5000 2709.2397   14.7641
    0.0000  -22.5000  -22.5000 2722.1577   14.6931
    7.5000  -22.5000  -22.5000 2686.0906   14.8245
   -7.5000  -15.0000  -22.5000 2756.8691   14.1790
    0.0000  -15.0000  -22.5000 2770.4744   14.0745
    7.5000  -15.0000  -22.5000 2733.9861   14.1969
   -7.5000   -7.5000  -22.5000 2783.5359   13.8513
    0.0000   -7.5000  -22.5000 2798.7263   13.7357
    7.5000   -7.5000  -22.5000 2757.2966   13.8980
   -7.5000    0.0000  -22.5000 2789.1162   13.7334
    0.0000    0.0000  -22.5000 2803.4397   13.6392
    7.5000    0.0000  -22.5000 2759.2407   13.8256
   -7.5000    7.5000  -22.5000 2779.4106   13.9159
    0.0000    7.5000  -22.5000 2795.1030   13.8404
    7.5000    7.5000  -22.5000 2750.8936   14.0172
   -7.5000   15.0000  -22.5000 2739.7427   14.3499
    0.0000   15.0000  -22.5000 2759.6467   14.2707
    7.5000   15.0000  -22.5000 2721.1960   14.4561
   -7.5000   22.5000  -22.5000 2673.5815   15.0441
    0.0000   22.5000  -22.5000 2688.5500   14.9484
    7.5000   22.5000  -22.5000 2655.1438   15.1293
   -7.5000   30.0000  -22.5000 2577.5171   16.0802
    0.0000   30.0000  -22.5000 2593.4902   15.9546
    7.5000   30.0000  -22.5000 2565.1091   16.1477
   -7.5000   37.5000  -22.5000 2467.5510   17.5917
    0.0000   37.5000  -22.5000 2478.8640   17.4586
    7.5000   37.5000  -22.5000 2454.9062   17.6523
   -7.5000   45.0000  -22.5000 2347.9707   19.5672
    0.0000   45.0000  -22.5000 2359.0103   19.4399
    7.5000   45.0000  -22.5000 2330.2681   19.6352
   -7.5000  -45.0000  -15.0000 2490.1721   18.1759
    0.0000  -45.0000  -15.0000 2494.0098   18.1792
    7.5000  -45.0000  -15.0000 2459.2019   18.2869
   -7.5000  -37.5000  -15.0000 2598.7341   16.4364
    0.0000  -37.5000  -15.0000 2599.1465   16.3958
    7.5000  -37.5000  -15.0000 2567.5271   16.5499
   -7.5000  -30.0000  -15.0000 2697.0706   15.0742
    0.0000  -30.0000  -15.0000 2700.6726   15.0349
    7.5000  -30.0000  -15.0000 2669.2026   15.1823
   -7.5000  -22.5000  -15.0000 2772.7610   14.1493
    0.0000  -22.5000  -15.0000 2781.3887   14.0760
    7.5000  -22.5000  -15.0000 2747.1191   14.1909
   -7.5000  -15.0000  -15.0000 2824.4163   13.5617
    0.0000  -15.0000  -15.0000 2832.3799   13.4737
    7.5000  -15.0000  -15.0000 2800.2080   13.5636
   -7.5000   -7.5000  -15.0000 2861.0242   13.2567
    0.0000   -7.5000  -15.0000 2877.4707   13.1447
    7.5000   -7.5000  -15.0000 2828.8467   13.2766
   -7.5000    0.0000  -15.0000 2875.0535   13.1174
    0.0000    0.0000  -15.0000 2887.4299   13.0292
    7.5000    0.0000  -15.0000 2839.2856   13.2122
   -7.5000    7.5000  -15.0000 2862.9736   13.2836
    0.0000    7.5000  -15.0000 2877.6787   13.2060
    7.5000    7.5000  -15.0000 2832.9597   13.4023
   -7.5000   15.0000  -15.0000 2817.0225   13.7309
    0.0000   15.0000  -15.0000 2838.5383   13.6282
    7.5000   15.0000  -15.0000 2799.2283   13.8322
   -7.5000   22.5000  -15.0000 2745.4746   14.4016
    0.0000   22.5000  -15.0000 2763.7036   14.2697
    7.5000   22.5000  -15.0000 2732.6902   14.4848
   -7.5000   30.0000  -15.0000 2649.4133   15.4051
    0.0000   30.0000  -15.0000 2668.5735   15.2711
    7.5000   30.0000  -15.0000 2634.5876   15.4843
   -7.5000   37.5000  -15.0000 2532.6526   16.8718
    0.0000   37.5000  -15.0000 2551.9514   16.7273
    7.5000   37.5000  -15.0000 2520.0010   16.9221
   -7.5000   45.0000  -15.0000 2408.3062   18.7625
    0.0000   45.0000  -15.0000 2425.6946   18.6357
    7.5000   45.0000  -15.0000 2395.0203   18.8232
   -7.5000  -45.0000   -7.5000 2504.1382   17.7579
    0.0000  -45.0000   -7.5000 2508.7783   17.7171
    7.5000  -45.0000   -7.5000 2472.4146   17.9486
   -7.5000  -37.5000   -7.5000 2614.4919   15.9619
    0.0000  -37.5000   -7.5000 2614.6880   15.9291
    7.5000  -37.5000   -7.5000 2583.8022   16.1447
   -7.5000  -30.0000   -7.5000 2716.9639   14.6213
    0.0000  -30.0000   -7.5000 2721.8201   14.5565
    7.5000  -30.0000   -7.5000 2689.9285   14.7478
   -7.5000  -22.5000   -7.5000 2806.6245   13.6403
    0.0000  -22.5000   -7.5000 2818.0339   13.5624
    7.5000  -22.5000   -7.5000 2775.9739   13.7264
   -7.5000  -15.0000   -7.5000 2867.1682   13.0155
    0.0000  -15.0000   -7.5000 2875.5308   12.9433
    7.5000  -15.0000   -7.5000 2836.4734   13.0991
   -7.5000   -7.5000   -7.5000 2911.0981   12.7562
    0.0000   -7.5000   -7.5000 2925.4158   12.6688
    7.5000   -7.5000   -7.5000 2876.6907   12.8227
   -7.5000    0.0000   -7.5000 2926.4219   12.6119
    0.0000    0.0000   -7.5000 2944.7056   12.5225
    7.5000    0.0000   -7.5000 2891.9551   12.7649
   -7.5000    7.5000   -7.5000 2918.4546   12.7682
    0.0000    7.5000   -7.5000 2940.7788   12.6632
    7.5000    7.5000   -7.5000 2888.7439   12.9559
   -7.5000   15.0000   -7.5000 2868.1523   13.2178
    0.0000   15.0000   -7.5000 2894.6069   13.0891
    7.5000   15.0000   -7.5000 2851.2581   13.3985
   -7.5000   22.5000   -7.5000 2796.5564   13.8944
    0.0000   22.5000   -7.5000 2820.0439   13.7496
    7.5000   22.5000   -7.5000 2784.4856   14.0281
   -7.5000   30.0000   -7.5000 2693.7971   14.8683
    0.0000   30.0000   -7.5000 2715.9983   14.7346
    7.5000   30.0000   -7.5000 2684.6506   15.0189
   -7.5000   37.5000   -7.5000 2575.7478   16.3162
    0.0000   37.5000   -7.5000 2595.4062   16.1670
    7.5000   37.5000   -7.5000 2566.4846   16.4390
   -7.5000   45.0000   -7.5000 2447.3599   18.1667
    0.0000   45.0000   -7.5000 2467.6213   18.0315
    7.5000   45.0000   -7.5000 2433.9641   18.3066
   -7.5000  -45.0000    0.0000 2494.5444   17.5269
    0.0000  -45.0000    0.0000 2500.0684   17.4875
    7.5000  -45.0000    0.0000 2467.5129   17.7592
   -7.5000  -37.5000    0.0000 2610.8943   15.7352
    0.0000  -37.5000    0.0000 2615.8027   15.6978
    7.5000  -37.5000    0.0000 2585.8884   15.9692
   -7.5000  -30.0000    0.0000 2716.9724   14.3603
    0.0000  -30.0000    0.0000 2727.4248   14.3122
    7.5000  -30.0000    0.0000 2695.9631   14.5439
   -7.5000  -22.5000    0.0000 2816.8682   13.3346
    0.0000  -22.5000    0.0000 2827.8706   13.2682
    7.5000  -22.5000    0.0000 2791.0066   13.4861
   -7.5000  -15.0000    0.0000 2884.0605   12.6958
    0.0000  -15.0000    0.0000 2902.5081   12.6315
    7.5000  -15.0000    0.0000 2861.9192   12.8470
   -7.5000   -7.5000    0.0000 2932.6050   12.4589
    0.0000   -7.5000    0.0000 2956.9263   12.3985
    7.5000   -7.5000    0.0000 2912.8528   12.6202
   -7.5000    0.0000    0.0000 2957.6245   12.4252
    0.0000    0.0000    0.0000 2986.8918   12.3466
    7.5000    0.0000    0.0000 2932.4092   12.5826
   -7.5000    7.5000    0.0000 2953.3027   12.5681
    0.0000    7.5000    0.0000 2982.7019   12.4590
    7.5000    7.5000    0.0000 2922.9451   12.7530
   -7.5000   15.0000    0.0000 2900.9316   12.9612
    0.0000   15.0000    0.0000 2927.5642   12.8452
    7.5000   15.0000    0.0000 2876.9661   13.1168
   -7.5000   22.5000    0.0000 2823.0925   13.6315
    0.0000   22.5000    0.0000 2847.6460   13.4921
    7.5000   22.5000    0.0000 2808.7886   13.7657
   -7.5000   30.0000    0.0000 2710.8484   14.5905
    0.0000   30.0000    0.0000 2738.2837   14.4553
    7.5000   30.0000    0.0000 2704.4829   14.7290
   -7.5000   37.5000    0.0000 2593.7583   15.9883
    0.0000   37.5000    0.0000 2616.5630   15.8748
    7.5000   37.5000    0.0000 2584.3083   16.1182
   -7.5000   45.0000    0.0000 2464.5071   17.7946
    0.0000   45.0000    0.0000 2489.0796   17.7428
    7.5000   45.0000    0.0000 2453.2390   17.9604
   -7.5000  -45.0000    7.5000 2472.8606   17.5245
    0.0000  -45.0000    7.5000 2478.5959   17.4409
    7.5000  -45.0000    7.5000 2447.1836   17.8123
   -7.5000  -37.5000    7.5000 2592.9280   15.6835
    0.0000  -37.5000    7.5000 2598.7559   15.6129
    7.5000  -37.5000    7.5000 2569.7070   15.9705
   -7.5000  -30.0000    7.5000 2695.2378   14.2493
    0.0000  -30.0000    7.5000 2708.9368   14.1861
    7.5000  -30.0000    7.5000 2687.6399   14.5176
   -7.5000  -22.5000    7.5000 2799.3970   13.2445
    0.0000  -22.5000    7.5000 2820.2354   13.1684
    7.5000  -22.5000    7.5000 2787.0444   13.4586
   -7.5000  -15.0000    7.5000 2884.4663   12.6583
    0.0000  -15.0000    7.5000 2911.0588   12.5767
    7.5000  -15.0000    7.5000 2866.1057   12.8237
   -7.5000   -7.5000    7.5000 2946.6189   12.4356
    0.0000   -7.5000    7.5000 2976.0300   12.3789
    7.5000   -7.5000    7.5000 2924.9009   12.5415
   -7.5000    0.0000    7.5000 2973.2080   12.4215
    0.0000    0.0000    7.5000 3015.3770   12.3848
    7.5000    0.0000    7.5000 2947.9426   12.5117
   -7.5000    7.5000    7.5000 2966.5706   12.5931
    0.0000    7.5000    7.5000 3006.1116   12.5472
    7.5000    7.5000    7.5000 2939.8750   12.6930
   -7.5000   15.0000    7.5000 2912.7466   12.9810
    0.0000   15.0000    7.5000 2948.0017   12.8954
    7.5000   15.0000    7.5000 2889.6350   13.0876
   -7.5000   22.5000    7.5000 2827.8909   13.6182
    0.0000   22.5000    7.5000 2858.9968   13.5222
    7.5000   22.5000    7.5000 2813.8862   13.7599
   -7.5000   30.0000    7.5000 2715.7363   14.5684
    0.0000   30.0000    7.5000 2733.9905   14.4562
    7.5000   30.0000    7.5000 2710.1882   14.6788
   -7.5000   37.5000    7.5000 2594.1409   15.9101
    0.0000   37.5000    7.5000 2612.2781   15.7934
    7.5000   37.5000    7.5000 2586.6506   16.0222
   -7.5000   45.0000    7.5000 2466.8423   17.7195
    0.0000   45.0000    7.5000 2484.0425   17.6328
    7.5000   45.0000    7.5000 2456.1899   17.8609
   -7.5000  -45.0000   15.0000 2433.0063   17.7683
    0.0000  -45.0000   15.0000 2438.2397   17.6268
    7.5000  -45.0000   15.0000 2415.9504   18.1274
   -7.5000  -37.5000   15.0000 2551.9458   15.8994
    0.0000  -37.5000   15.0000 2557.4170   15.7797
    7.5000  -37.5000   15.0000 2541.1655   16.2533
   -7.5000  -30.0000   15.0000 2664.1577   14.4740
    0.0000  -30.0000   15.0000 2673.3010   14.3892
    7.5000  -30.0000   15.0000 2657.4988   14.7732
   -7.5000  -22.5000   15.0000 2772.0259   13.4826
    0.0000  -22.5000   15.0000 2788.0251   13.3925
    7.5000  -22.5000   15.0000 2761.9893   13.6950
   -7.5000  -15.0000   15.0000 2866.1428   12.8650
    0.0000  -15.0000   15.0000 2886.3254   12.7526
    7.5000  -15.0000   15.0000 2845.5833   12.9994
   -7.5000   -7.5000   15.0000 2933.6194   12.5697
    0.0000   -7.5000   15.0000 2962.0129   12.4580
    7.5000   -7.5000   15.0000 2912.0964   12.6502
   -7.5000    0.0000   15.0000 2968.8738   12.4914
    0.0000    0.0000   15.0000 3007.4941   12.3647
    7.5000    0.0000   15.0000 2938.4272   12.5657
   -7.5000    7.5000   15.0000 2956.1453   12.6761
    0.0000    7.5000   15.0000 2991.7168   12.5333
    7.5000    7.5000   15.0000 2924.1843   12.7590
   -7.5000   15.0000   15.0000 2899.3044   13.1371
    0.0000   15.0000   15.0000 2925.3350   13.0439
    7.5000   15.0000   15.0000 2877.2417   13.2352
   -7.5000   22.5000   15.0000 2808.1174   13.9142
    0.0000   22.5000   15.0000 2831.7161   13.8290
    7.5000   22.5000   15.0000 2795.3167   13.9688
   -7.5000   30.0000   15.0000 2693.7065   14.8773
    0.0000   30.0000   15.0000 2709.6162   14.7882
    7.5000   30.0000   15.0000 2687.3369   14.9055
   -7.5000   37.5000   15.0000 2572.9800   16.1607
    0.0000   37.5000   15.0000 2588.4902   16.0617
    7.5000   37.5000   15.0000 2565.7463   16.1858
   -7.5000   45.0000   15.0000 2442.5750   17.8485
    0.0000   45.0000   15.0000 2458.0054   17.7623
    7.5000   45.0000   15.0000 2436.2427   17.9467
   -7.5000  -45.0000   22.5000 2394.3330   18.3104
    0.0000  -45.0000   22.5000 2399.1724   18.1871
    7.5000  -45.0000   22.5000 2378.2197   18.7013
   -7.5000  -37.5000   22.5000 2509.3269   16.4164
    0.0000  -37.5000   22.5000 2513.7690   16.2923
    7.5000  -37.5000   22.5000 2496.0850   16.7344
   -7.5000  -30.0000   22.5000 2621.0244   14.9743
    0.0000  -30.0000   22.5000 2632.8987   14.8546
    7.5000  -30.0000   22.5000 2615.0239   15.2291
   -7.5000  -22.5000   22.5000 2735.9402   13.9219
    0.0000  -22.5000   22.5000 2752.7329   13.7644
    7.5000  -22.5000   22.5000 2722.6907   14.1040
   -7.5000  -15.0000   22.5000 2837.3125   13.2161
    0.0000  -15.0000   22.5000 2859.7537   13.0412
    7.5000  -15.0000   22.5000 2816.2180   13.3399
   -7.5000   -7.5000   22.5000 2910.6069   12.9013
    0.0000   -7.5000   22.5000 2933.2900   12.7272
    7.5000   -7.5000   22.5000 2884.5396   12.9935
   -7.5000    0.0000   22.5000 2949.3916   12.7823
    0.0000    0.0000   22.5000 2976.7468   12.5927
    7.5000    0.0000   22.5000 2914.3967   12.8756
   -7.5000    7.5000   22.5000 2931.5911   12.9641
    0.0000    7.5000   22.5000 2955.8848   12.8160
    7.5000    7.5000   22.5000 2899.9890   13.0835
   -7.5000   15.0000   22.5000 2869.1497   13.4321
    0.0000   15.0000   22.5000 2895.4507   13.3196
    7.5000   15.0000   22.5000 2846.7737   13.5239
   -7.5000   22.5000   22.5000 2775.6858   14.2537
    0.0000   22.5000   22.5000 2802.7935   14.1255
    7.5000   22.5000   22.5000 2765.9121   14.3130
   -7.5000   30.0000   22.5000 2660.4497   15.3049
    0.0000   30.0000   22.5000 2678.7209   15.1759
    7.5000   30.0000   22.5000 2654.3059   15.3292
   -7.5000   37.5000   22.5000 2539.3152   16.6239
    0.0000   37.5000   22.5000 2553.1028   16.5206
    7.5000   37.5000   22.5000 2531.2559   16.6321
   -7.5000   45.0000   22.5000 2405.0298   18.2812
    0.0000   45.0000   22.5000 2422.0176   18.1744
    7.5000   45.0000   22.5000 2399.0547   18.3415
   -7.5000  -45.0000   30.0000 2350.6162   19.1255
    0.0000  -45.0000   30.0000 2358.6934   19.0062
    7.5000  -45.0000   30.0000 2335.9558   19.4826
   -7.5000  -37.5000   30.0000 2463.2769   17.1303
    0.0000  -37.5000   30.0000 2470.1533   16.9859
    7.5000  -37.5000   30.0000 2449.9761   17.4412
   -7.5000  -30.0000   30.0000 2573.6453   15.6159
    0.0000  -30.0000   30.0000 2586.1716   15.4511
    7.5000  -30.0000   30.0000 2566.2412   15.8782
   -7.5000  -22.5000   30.0000 2680.6885   14.4843
    0.0000  -22.5000   30.0000 2694.7493   14.3029
    7.5000  -22.5000   30.0000 2672.9734   14.6872
   -7.5000  -15.0000   30.0000 2782.6101   13.7634
    0.0000  -15.0000   30.0000 2801.5234   13.5863
    7.5000  -15.0000   30.0000 2772.5793   13.9091
   -7.5000   -7.5000   30.0000 2858.9114   13.4343
    0.0000   -7.5000   30.0000 2877.3191   13.2544
    7.5000   -7.5000   30.0000 2838.8501   13.5300
   -7.5000    0.0000   30.0000 2898.8389   13.2990
    0.0000    0.0000   30.0000 2920.1301   13.1133
    7.5000    0.0000   30.0000 2873.0098   13.4031
   -7.5000    7.5000   30.0000 2875.4556   13.5113
    0.0000    7.5000   30.0000 2897.8857   13.3739
    7.5000    7.5000   30.0000 2852.0881   13.6212
   -7.5000   15.0000   30.0000 2814.5898   13.9750
    0.0000   15.0000   30.0000 2838.1143   13.8767
    7.5000   15.0000   30.0000 2796.9812   14.0879
   -7.5000   22.5000   30.0000 2732.0505   14.7059
    0.0000   22.5000   30.0000 2752.9011   14.6096
    7.5000   22.5000   30.0000 2716.3167   14.7995
   -7.5000   30.0000   30.0000 2618.3992   15.7740
    0.0000   30.0000   30.0000 2637.7375   15.6719
    7.5000   30.0000   30.0000 2610.4702   15.8221
   -7.5000   37.5000   30.0000 2490.8362   17.1115
    0.0000   37.5000   30.0000 2509.1035   17.0219
    7.5000   37.5000   30.0000 2487.5889   17.1767
   -7.5000   45.0000   30.0000 2356.8530   18.8309
    0.0000   45.0000   30.0000 2374.6182   18.7388
    7.5000   45.0000   30.0000 2353.8438   18.9150
   -7.5000  -45.0000   37.5000 2308.7920   20.1014
    0.0000  -45.0000   37.5000 2311.3589   19.9549
    7.5000  -45.0000   37.5000 2291.3970   20.4174
   -7.5000  -37.5000   37.5000 2419.1787   17.9955
    0.0000  -37.5000   37.5000 2423.2861   17.8338
    7.5000  -37.5000   37.5000 2406.1614   18.3131
   -7.5000  -30.0000   37.5000 2521.1138   16.4104
    0.0000  -30.0000   37.5000 2533.9927   16.2538
    7.5000  -30.0000   37.5000 2513.3767   16.6878
   -7.5000  -22.5000   37.5000 2629.9102   15.2627
    0.0000  -22.5000   37.5000 2644.1279   15.0665
    7.5000  -22.5000   37.5000 2618.8521   15.4678
   -7.5000  -15.0000   37.5000 2725.4202   14.5290
    0.0000  -15.0000   37.5000 2740.4050   14.3379
    7.5000  -15.0000   37.5000 2711.8906   14.6663
   -7.5000   -7.5000   37.5000 2791.7239   14.1317
    0.0000   -7.5000   37.5000 2810.2791   13.9366
    7.5000   -7.5000   37.5000 2777.3801   14.2417
   -7.5000    0.0000   37.5000 2821.9795   14.0195
    0.0000    0.0000   37.5000 2833.4885   13.8582
    7.5000    0.0000   37.5000 2803.3281   14.1138
   -7.5000    7.5000   37.5000 2797.3330   14.2457
    0.0000    7.5000   37.5000 2812.5544   14.1165
    7.5000    7.5000   37.5000 2788.3911   14.3457
   -7.5000   15.0000   37.5000 2736.2754   14.7111
    0.0000   15.0000   37.5000 2755.6094   14.6125
    7.5000   15.0000   37.5000 2723.3091   14.8126
   -7.5000   22.5000   37.5000 2659.7588   15.4052
    0.0000   22.5000   37.5000 2682.9915   15.3214
    7.5000   22.5000   37.5000 2646.6013   15.5073
   -7.5000   30.0000   37.5000 2556.0403   16.4188
    0.0000   30.0000   37.5000 2582.0132   16.3494
    7.5000   30.0000   37.5000 2550.0459   16.5252
   -7.5000   37.5000   37.5000 2439.5918   17.7757
    0.0000   37.5000   37.5000 2456.5420   17.7072
    7.5000   37.5000   37.5000 2438.4714   17.8918
   -7.5000   45.0000   37.5000 2305.8320   19.5439
    0.0000   45.0000   37.5000 2321.6545   19.4986
    7.5000   45.0000   37.5000 2305.1287   19.6743
   -7.5000  -45.0000   45.0000 2246.0532   21.2306
    0.0000  -45.0000   45.0000 2254.2456   21.1167
    7.5000  -45.0000   45.0000 2239.7483   21.5453
   -7.5000  -37.5000   45.0000 2362.7305   19.0629
    0.0000  -37.5000   45.0000 2370.6599   18.9222
    7.5000  -37.5000   45.0000 2353.2090   19.3648
   -7.5000  -30.0000   45.0000 2465.7637   17.3914
    0.0000  -30.0000   45.0000 2478.2698   17.2669
    7.5000  -30.0000   45.0000 2455.8813   17.7003
   -7.5000  -22.5000   45.0000 2562.2012   16.1935
    0.0000  -22.5000   45.0000 2581.3076   16.0517
    7.5000  -22.5000   45.0000 2553.4309   16.4353
   -7.5000  -15.0000   45.0000 2651.0288   15.4489
    0.0000  -15.0000   45.0000 2669.8464   15.2807
    7.5000  -15.0000   45.0000 2639.1479   15.6118
   -7.5000   -7.5000   45.0000 2712.0701   15.0297
    0.0000   -7.5000   45.0000 2728.6562   14.8558
    7.5000   -7.5000   45.0000 2697.9746   15.1520
   -7.5000    0.0000   45.0000 2725.1309   14.9039
    0.0000    0.0000   45.0000 2737.0425   14.7809
    7.5000    0.0000   45.0000 2714.2832   15.0311
   -7.5000    7.5000   45.0000 2698.5576   15.1426
    0.0000    7.5000   45.0000 2719.2192   15.0044
    7.5000    7.5000   45.0000 2696.8274   15.2412
   -7.5000   15.0000   45.0000 2640.2031   15.5875
    0.0000   15.0000   45.0000 2664.9080   15.4686
    7.5000   15.0000   45.0000 2640.5227   15.7102
   -7.5000   22.5000   45.0000 2573.9326   16.2724
    0.0000   22.5000   45.0000 2597.7971   16.1590
    7.5000   22.5000   45.0000 2569.9463   16.4024
   -7.5000   30.0000   45.0000 2481.2039   17.2713
    0.0000   30.0000   45.0000 2505.3772   17.1735
    7.5000   30.0000   45.0000 2475.5779   17.3906
   -7.5000   37.5000   45.0000 2378.5842   18.6452
    0.0000   37.5000   45.0000 2390.4553   18.5765
    7.5000   37.5000   45.0000 2370.3916   18.7506
   -7.5000   45.0000   45.0000 2245.8650   20.4773
    0.0000   45.0000   45.0000 2260.9192   20.4455
    7.5000   45.0000   45.0000 2239.8086   20.5927

---------------------------------------------------------------------
imgreg_4dfp /opt/freesurfer/average/711-2C_as_mni_average_305 /opt/freesurfer/average/711-2B_as_mni_average_305_mask talsrcimg_g11 none talsrcimg_to_711-2C_as_mni_average_305_t4 1283
---------------------------------------------------------------------

freesurfer imgreg_4dfp.c
/opt/freesurfer/average/711-2C_as_mni_average_305.4dfp.img
       256       256       256         1
  1.000000  1.000000  1.000000
orientation T byte_order littleendian
Reading image: /opt/freesurfer/average/711-2C_as_mni_average_305.4dfp.img
dimensions:      256       256       256
mmppix:       1.0000   -1.0000   -1.0000
center:     128.0000 -129.0000 -129.0000
/opt/freesurfer/average/711-2B_as_mni_average_305_mask.4dfp.img
       256       256       256         1
  1.000000  1.000000  1.000000
orientation T byte_order littleendian
Reading mask: /opt/freesurfer/average/711-2B_as_mni_average_305_mask.4dfp.img (2306576 pixels)
talsrcimg_g11.4dfp.img
       256       256       256         1
  1.000000  1.000000  1.000000
orientation T byte_order littleendian
Reading image: talsrcimg_g11.4dfp.img
dimensions:      256       256       256
mmppix:       1.0000   -1.0000   -1.0000
center:     128.0000 -129.0000 -129.0000
rotation matrix determinant  1.000000
fimgreg.f
image alignment mode   1283 decimal      503 hex
parameters
    0.0000    0.0000    7.5000    0.0000    0.0000    0.0000
eta,q 0.94464 12.39445
niter,ni,del,rscale     5    3   12.0000    1.2000
parameter  3 -1.948782 -> -0.500000 qaram    1.1500
parameter  4  1.053404 ->  0.500000 qaram    1.1500
parameters
   -1.0901    1.7041   10.9500   -3.4500   -0.4098   -0.7845
eta,q 0.95341 12.28394
  0.0636  0.0660  0.0560  0.0465  0.0525  0.0495
  0.0568  0.0592  0.0544  0.0466  0.0502  0.0476
  0.0533  0.0543  0.0537  0.0475  0.0475  0.0468
  0.0537  0.0529  0.0522  0.0498  0.0468  0.0466
  0.0576  0.0524  0.0507  0.0522  0.0480  0.0474
  0.0650  0.0530  0.0493  0.0553  0.0507  0.0491
  0.0734  0.0560  0.0500  0.0587  0.0550  0.0515
niter,ni,del,rscale     6    3   12.0000    1.2000
parameter  4  1.123797 ->  0.500000 qaram    1.3225
parameters
   -1.1884    2.4070    9.7576   -7.4175   -0.1070   -1.5495
eta,q 0.95624 12.26483
  0.0636  0.0569  0.0516  0.0419  0.0494  0.0468
  0.0550  0.0514  0.0482  0.0440  0.0478  0.0450
  0.0485  0.0482  0.0459  0.0443  0.0460  0.0439
  0.0466  0.0466  0.0462  0.0456  0.0441  0.0440
  0.0491  0.0461  0.0491  0.0485  0.0440  0.0452
  0.0557  0.0483  0.0521  0.0516  0.0458  0.0466
  0.0648  0.0533  0.0554  0.0556  0.0498  0.0479
niter,ni,del,rscale     6    3   12.0000    1.2000
parameter  4  2.048890 ->  0.500000 qaram    1.5209
parameters
   -1.7912    4.4061    9.7401  -11.9801   -0.1646   -2.9015
eta,q 0.96303 12.32989
  0.0573  0.0551  0.0483  0.0348  0.0443  0.0394
  0.0507  0.0501  0.0441  0.0363  0.0410  0.0372
  0.0454  0.0466  0.0423  0.0394  0.0381  0.0369
  0.0438  0.0438  0.0417  0.0417  0.0371  0.0371
  0.0472  0.0417  0.0430  0.0443  0.0385  0.0378
  0.0547  0.0423  0.0444  0.0486  0.0411  0.0400
  0.0644  0.0466  0.0479  0.0528  0.0445  0.0435
niter,ni,del,rscale     6    3   12.0000    1.2000
parameter  4  0.640373 ->  0.500000 qaram    1.7490
parameters
   -2.3269    5.3136    9.0687  -17.2272    0.3417   -2.6841
eta,q 0.96810 12.40652
  0.0525  0.0499  0.0445  0.0347  0.0419  0.0396
  0.0437  0.0437  0.0403  0.0318  0.0367  0.0354
  0.0377  0.0396  0.0373  0.0328  0.0333  0.0325
  0.0370  0.0367  0.0359  0.0360  0.0320  0.0319
  0.0403  0.0358  0.0375  0.0400  0.0320  0.0328
  0.0479  0.0386  0.0423  0.0438  0.0342  0.0348
  0.0593  0.0446  0.0498  0.0496  0.0393  0.0383
niter,ni,del,rscale     6    3   12.0000    1.2000
parameters
   -2.2582    6.3246    7.6821  -17.3786    0.5545   -2.8905
eta,q 0.96950 12.37828
  0.0544  0.0494  0.0388  0.0457  0.0393  0.0373
  0.0427  0.0414  0.0334  0.0372  0.0344  0.0331
  0.0342  0.0355  0.0308  0.0315  0.0318  0.0307
  0.0319  0.0319  0.0314  0.0307  0.0306  0.0306
  0.0351  0.0317  0.0345  0.0337  0.0307  0.0320
  0.0420  0.0351  0.0402  0.0396  0.0332  0.0342
  0.0530  0.0411  0.0484  0.0446  0.0386  0.0376
niter,ni,del,rscale     5    3   12.0000    1.2000
parameters
   -2.3995    6.1919    7.5780  -17.3596    0.6693   -2.9491
eta,q 0.96962 12.38025
  0.0509  0.0436  0.0427  0.0462  0.0390  0.0376
  0.0399  0.0372  0.0365  0.0378  0.0341  0.0334
  0.0324  0.0324  0.0316  0.0317  0.0316  0.0307
  0.0305  0.0304  0.0304  0.0304  0.0304  0.0304
  0.0338  0.0327  0.0323  0.0335  0.0306  0.0318
  0.0408  0.0380  0.0367  0.0395  0.0333  0.0341
  0.0529  0.0448  0.0436  0.0443  0.0388  0.0373
niter,ni,del,rscale     4    3   12.0000    1.2000
parameters
   -2.4431    6.1647    7.5756  -17.3388    0.6976   -2.9662
eta,q 0.96964 12.38100
  0.0515  0.0440  0.0431  0.0463  0.0388  0.0377
  0.0403  0.0375  0.0367  0.0378  0.0339  0.0335
  0.0327  0.0326  0.0317  0.0317  0.0315  0.0307
  0.0304  0.0304  0.0304  0.0304  0.0304  0.0304
  0.0336  0.0324  0.0321  0.0335  0.0306  0.0317
  0.0403  0.0377  0.0364  0.0395  0.0335  0.0340
  0.0522  0.0444  0.0432  0.0444  0.0391  0.0372
registration optimization eta report
parameter search radius
    6.0000    6.0000    6.9000   10.4940    6.0000    6.0000
100000*second partial in parameter space
       59.       37.       27.       13.       24.       20.
  0.0515  0.0440  0.0431  0.0463  0.0388  0.0377
  0.0403  0.0375  0.0367  0.0378  0.0339  0.0335
  0.0327  0.0326  0.0317  0.0317  0.0315  0.0307
  0.0304  0.0304  0.0304  0.0304  0.0304  0.0304
  0.0336  0.0324  0.0321  0.0335  0.0306  0.0317
  0.0403  0.0377  0.0364  0.0395  0.0335  0.0340
  0.0522  0.0444  0.0432  0.0444  0.0391  0.0372
   -2.4431    6.1647    7.5756  -17.3388    0.6976   -2.9662
eta,q 0.96964 12.38100

---------------------------------------------------------------------
imgreg_4dfp /opt/freesurfer/average/711-2C_as_mni_average_305 /opt/freesurfer/average/711-2B_as_mni_average_305_mask talsrcimg_g11 none talsrcimg_to_711-2C_as_mni_average_305_t4 3335
---------------------------------------------------------------------

freesurfer imgreg_4dfp.c
/opt/freesurfer/average/711-2C_as_mni_average_305.4dfp.img
       256       256       256         1
  1.000000  1.000000  1.000000
orientation T byte_order littleendian
Reading image: /opt/freesurfer/average/711-2C_as_mni_average_305.4dfp.img
dimensions:      256       256       256
mmppix:       1.0000   -1.0000   -1.0000
center:     128.0000 -129.0000 -129.0000
/opt/freesurfer/average/711-2B_as_mni_average_305_mask.4dfp.img
       256       256       256         1
  1.000000  1.000000  1.000000
orientation T byte_order littleendian
Reading mask: /opt/freesurfer/average/711-2B_as_mni_average_305_mask.4dfp.img (2306576 pixels)
talsrcimg_g11.4dfp.img
       256       256       256         1
  1.000000  1.000000  1.000000
orientation T byte_order littleendian
Reading image: talsrcimg_g11.4dfp.img
dimensions:      256       256       256
mmppix:       1.0000   -1.0000   -1.0000
center:     128.0000 -129.0000 -129.0000
fimgreg.f
image alignment mode   3335 decimal      D07 hex
parameters
   -2.4431    6.1647    7.5756   -0.1414   -4.6907   -4.5512
    5.3020    0.3816   -5.1744   29.8223    1.2175  -29.7999
eta,q 0.96882 12.52276
niter,ni,del,rscale     5    3    5.0000    1.2000
parameter  4  0.660182 ->  0.500000 qaram    1.1500
parameter  5  1.028502 ->  0.500000 qaram    1.1500
parameter 12  1.876459 ->  0.500000 qaram    1.1500
parameters
   -2.2079    6.4457    7.8229   -4.2814   -8.8307   -3.0419
    4.6291    1.3043   -3.0360   26.9972    0.5579  -33.9399
eta,q 0.97471 12.20988
  0.0362  0.0341  0.0330  0.0302  0.0278  0.0311  0.0297  0.0342  0.0303  0.0278  0.0276  0.0248
  0.0338  0.0326  0.0321  0.0298  0.0280  0.0299  0.0285  0.0313  0.0291  0.0271  0.0272  0.0251
  0.0320  0.0316  0.0314  0.0299  0.0286  0.0289  0.0278  0.0289  0.0281  0.0269  0.0270  0.0259
  0.0312  0.0311  0.0311  0.0311  0.0297  0.0281  0.0276  0.0276  0.0275  0.0273  0.0269  0.0269
  0.0314  0.0312  0.0311  0.0336  0.0312  0.0275  0.0281  0.0277  0.0273  0.0282  0.0270  0.0281
  0.0326  0.0318  0.0316  0.0368  0.0331  0.0278  0.0291  0.0291  0.0276  0.0296  0.0274  0.0293
  0.0347  0.0329  0.0324  0.0400  0.0353  0.0298  0.0306  0.0318  0.0283  0.0318  0.0279  0.0306
niter,ni,del,rscale     7    3    5.0000    1.2000
parameter 12  0.622389 ->  0.500000 qaram    1.3225
parameters
   -2.0355    6.4013    7.8751   -5.8616  -10.9520   -2.3771
    4.1425    1.5528   -2.8802   28.1108   -0.2810  -38.7009
eta,q 0.97570 12.11504
  0.0299  0.0281  0.0272  0.0276  0.0269  0.0281  0.0276  0.0305  0.0273  0.0285  0.0258  0.0248
  0.0275  0.0266  0.0261  0.0265  0.0259  0.0269  0.0262  0.0276  0.0261  0.0268  0.0253  0.0243
  0.0259  0.0256  0.0255  0.0256  0.0254  0.0260  0.0254  0.0258  0.0254  0.0257  0.0251  0.0244
  0.0253  0.0253  0.0253  0.0253  0.0254  0.0253  0.0252  0.0252  0.0251  0.0251  0.0251  0.0251
  0.0256  0.0257  0.0254  0.0259  0.0263  0.0249  0.0256  0.0255  0.0254  0.0252  0.0252  0.0262
  0.0267  0.0267  0.0260  0.0280  0.0280  0.0256  0.0267  0.0270  0.0260  0.0258  0.0256  0.0275
  0.0287  0.0283  0.0270  0.0318  0.0302  0.0278  0.0282  0.0299  0.0271  0.0269  0.0262  0.0289
niter,ni,del,rscale     7    3    5.0000    1.2000
parameters
   -1.9403    6.5643    7.5301   -6.1894  -11.4947   -2.8018
    4.1004    1.6809   -2.6173   29.0694   -0.7577  -39.3349
eta,q 0.97567 12.08743
  0.0286  0.0275  0.0258  0.0275  0.0269  0.0270  0.0273  0.0296  0.0267  0.0277  0.0253  0.0268
  0.0263  0.0258  0.0248  0.0261  0.0255  0.0259  0.0257  0.0268  0.0255  0.0260  0.0248  0.0254
  0.0249  0.0247  0.0243  0.0250  0.0246  0.0250  0.0247  0.0250  0.0247  0.0249  0.0244  0.0246
  0.0243  0.0243  0.0243  0.0242  0.0243  0.0243  0.0244  0.0244  0.0244  0.0244  0.0243  0.0243
  0.0246  0.0245  0.0248  0.0243  0.0247  0.0243  0.0247  0.0248  0.0246  0.0244  0.0245  0.0248
  0.0259  0.0253  0.0256  0.0257  0.0259  0.0257  0.0258  0.0265  0.0253  0.0251  0.0250  0.0260
  0.0280  0.0267  0.0268  0.0290  0.0279  0.0287  0.0273  0.0293  0.0263  0.0263  0.0256  0.0275
niter,ni,del,rscale     6    3    5.0000    1.2000
parameters
   -1.9270    6.7071    7.4024   -6.1755  -11.7419   -3.0191
    4.0994    1.7119   -2.4247   29.3490   -0.8421  -39.6041
eta,q 0.97561 12.07793
  0.0283  0.0274  0.0261  0.0277  0.0271  0.0272  0.0273  0.0296  0.0265  0.0271  0.0255  0.0270
  0.0262  0.0258  0.0251  0.0263  0.0256  0.0260  0.0257  0.0267  0.0254  0.0256  0.0249  0.0255
  0.0248  0.0247  0.0245  0.0251  0.0247  0.0251  0.0247  0.0250  0.0247  0.0247  0.0245  0.0247
  0.0243  0.0243  0.0243  0.0243  0.0243  0.0243  0.0244  0.0244  0.0244  0.0244  0.0244  0.0244
  0.0248  0.0246  0.0247  0.0243  0.0246  0.0242  0.0247  0.0249  0.0246  0.0246  0.0245  0.0248
  0.0261  0.0254  0.0254  0.0255  0.0258  0.0255  0.0257  0.0266  0.0252  0.0253  0.0249  0.0258
  0.0282  0.0267  0.0265  0.0285  0.0275  0.0285  0.0273  0.0295  0.0263  0.0267  0.0255  0.0273
niter,ni,del,rscale     5    3    5.0000    1.2000
parameters
   -1.9271    6.7707    7.3372   -6.1579  -11.8494   -3.1239
    4.0972    1.7017   -2.3552   29.4855   -0.8635  -39.7192
eta,q 0.97559 12.07441
  0.0283  0.0272  0.0262  0.0278  0.0272  0.0273  0.0273  0.0296  0.0265  0.0270  0.0255  0.0271
  0.0262  0.0257  0.0252  0.0263  0.0257  0.0261  0.0257  0.0267  0.0254  0.0256  0.0249  0.0256
  0.0248  0.0247  0.0245  0.0252  0.0248  0.0252  0.0247  0.0250  0.0247  0.0247  0.0245  0.0247
  0.0244  0.0244  0.0244  0.0244  0.0244  0.0244  0.0244  0.0244  0.0244  0.0244  0.0244  0.0244
  0.0248  0.0247  0.0247  0.0243  0.0247  0.0242  0.0248  0.0249  0.0246  0.0246  0.0245  0.0247
  0.0262  0.0255  0.0254  0.0255  0.0257  0.0254  0.0258  0.0267  0.0253  0.0254  0.0249  0.0258
  0.0283  0.0269  0.0264  0.0285  0.0275  0.0283  0.0273  0.0296  0.0264  0.0268  0.0255  0.0272
niter,ni,del,rscale     4    3    5.0000    1.2000
parameters
   -1.9290    6.8002    7.3073   -6.1479  -11.9057   -3.1702
    4.0994    1.6936   -2.3305   29.5508   -0.8771  -39.7707
eta,q 0.97557 12.07255
  0.0283  0.0271  0.0263  0.0278  0.0272  0.0273  0.0273  0.0296  0.0265  0.0269  0.0255  0.0272
  0.0262  0.0256  0.0252  0.0263  0.0258  0.0261  0.0258  0.0267  0.0254  0.0256  0.0249  0.0256
  0.0249  0.0247  0.0246  0.0252  0.0248  0.0252  0.0248  0.0250  0.0247  0.0247  0.0246  0.0248
  0.0244  0.0244  0.0244  0.0244  0.0244  0.0244  0.0244  0.0244  0.0244  0.0244  0.0244  0.0244
  0.0249  0.0247  0.0247  0.0244  0.0247  0.0242  0.0248  0.0249  0.0247  0.0246  0.0246  0.0247
  0.0262  0.0256  0.0253  0.0256  0.0257  0.0254  0.0258  0.0267  0.0253  0.0254  0.0250  0.0258
  0.0283  0.0270  0.0263  0.0285  0.0274  0.0283  0.0273  0.0297  0.0264  0.0269  0.0255  0.0272
niter,ni,del,rscale     3    3    5.0000    1.2000
parameters
   -1.9316    6.8166    7.2919   -6.1493  -11.9370   -3.1948
    4.0993    1.6896   -2.3130   29.5857   -0.8709  -39.7990
eta,q 0.97556 12.07115
  0.0283  0.0271  0.0263  0.0278  0.0272  0.0273  0.0273  0.0296  0.0265  0.0269  0.0256  0.0272
  0.0262  0.0256  0.0252  0.0264  0.0258  0.0261  0.0258  0.0268  0.0254  0.0255  0.0249  0.0257
  0.0249  0.0247  0.0246  0.0252  0.0248  0.0252  0.0248  0.0250  0.0247  0.0247  0.0246  0.0248
  0.0244  0.0244  0.0244  0.0244  0.0244  0.0244  0.0244  0.0244  0.0244  0.0244  0.0244  0.0244
  0.0249  0.0247  0.0247  0.0244  0.0247  0.0242  0.0248  0.0250  0.0247  0.0247  0.0246  0.0247
  0.0262  0.0256  0.0253  0.0256  0.0257  0.0253  0.0258  0.0267  0.0254  0.0255  0.0250  0.0258
  0.0284  0.0270  0.0263  0.0286  0.0274  0.0282  0.0273  0.0297  0.0264  0.0269  0.0255  0.0272
registration optimization eta report
parameter search radius
    2.4000    2.4000    2.4000    8.2800    8.2800    7.2000
    7.2000    7.2000    7.2000    7.2000    7.2000    9.5220
100000*second partial in parameter space
       68.       45.       33.        5.        4.        7.
        6.       10.        4.        5.        2.        3.
  0.0283  0.0271  0.0263  0.0278  0.0272  0.0273  0.0273  0.0296  0.0265  0.0269  0.0256  0.0272
  0.0262  0.0256  0.0252  0.0264  0.0258  0.0261  0.0258  0.0268  0.0254  0.0255  0.0249  0.0257
  0.0249  0.0247  0.0246  0.0252  0.0248  0.0252  0.0248  0.0250  0.0247  0.0247  0.0246  0.0248
  0.0244  0.0244  0.0244  0.0244  0.0244  0.0244  0.0244  0.0244  0.0244  0.0244  0.0244  0.0244
  0.0249  0.0247  0.0247  0.0244  0.0247  0.0242  0.0248  0.0250  0.0247  0.0247  0.0246  0.0247
  0.0262  0.0256  0.0253  0.0256  0.0257  0.0253  0.0258  0.0267  0.0254  0.0255  0.0250  0.0258
  0.0284  0.0270  0.0263  0.0286  0.0274  0.0282  0.0273  0.0297  0.0264  0.0269  0.0255  0.0272
   -1.9316    6.8166    7.2919   -6.1493  -11.9370   -3.1948
    4.0993    1.6896   -2.3130   29.5857   -0.8709  -39.7990
eta,q 0.97556 12.07115

---------------------------------------------------------------------
imgreg_4dfp /opt/freesurfer/average/711-2C_as_mni_average_305 /opt/freesurfer/average/711-2B_as_mni_average_305_mask talsrcimg_g11 none talsrcimg_to_711-2C_as_mni_average_305_t4 2311
---------------------------------------------------------------------

freesurfer imgreg_4dfp.c
/opt/freesurfer/average/711-2C_as_mni_average_305.4dfp.img
       256       256       256         1
  1.000000  1.000000  1.000000
orientation T byte_order littleendian
Reading image: /opt/freesurfer/average/711-2C_as_mni_average_305.4dfp.img
dimensions:      256       256       256
mmppix:       1.0000   -1.0000   -1.0000
center:     128.0000 -129.0000 -129.0000
/opt/freesurfer/average/711-2B_as_mni_average_305_mask.4dfp.img
       256       256       256         1
  1.000000  1.000000  1.000000
orientation T byte_order littleendian
Reading mask: /opt/freesurfer/average/711-2B_as_mni_average_305_mask.4dfp.img (2306576 pixels)
talsrcimg_g11.4dfp.img
       256       256       256         1
  1.000000  1.000000  1.000000
orientation T byte_order littleendian
Reading image: talsrcimg_g11.4dfp.img
dimensions:      256       256       256
mmppix:       1.0000   -1.0000   -1.0000
center:     128.0000 -129.0000 -129.0000
fimgreg.f
image alignment mode   2311 decimal      907 hex
parameters
   -1.9316    6.8166    7.2919   -6.1493  -11.9370   -3.1948
    4.0993    1.6896   -2.3130   29.5857   -0.8709  -39.7990
eta,q 0.97556 12.07115
niter,ni,del,rscale     5    3    5.0000    0.8000
parameters
   -1.9279    6.8112    7.2561   -4.9897  -11.6609   -2.5056
    4.1146    1.7266   -2.3089   29.4633   -0.8179  -39.5220
eta,q 0.97588 12.15491
  0.0262  0.0256  0.0253  0.0260  0.0254  0.0261  0.0255  0.0269  0.0251  0.0252  0.0249  0.0250
  0.0252  0.0250  0.0248  0.0254  0.0248  0.0254  0.0248  0.0254  0.0246  0.0246  0.0245  0.0246
  0.0246  0.0246  0.0245  0.0249  0.0245  0.0248  0.0243  0.0245  0.0242  0.0242  0.0242  0.0243
  0.0244  0.0244  0.0244  0.0244  0.0243  0.0243  0.0241  0.0241  0.0241  0.0241  0.0241  0.0241
  0.0246  0.0246  0.0245  0.0243  0.0243  0.0241  0.0243  0.0244  0.0242  0.0243  0.0242  0.0242
  0.0252  0.0250  0.0249  0.0245  0.0246  0.0244  0.0247  0.0254  0.0246  0.0247  0.0245  0.0244
  0.0262  0.0256  0.0253  0.0251  0.0252  0.0255  0.0255  0.0269  0.0251  0.0254  0.0248  0.0248
niter,ni,del,rscale     4    3    5.0000    0.7000
parameters
   -1.9334    6.7585    7.3541   -5.1274  -11.5476   -2.2392
    4.1200    1.7267   -2.3759   29.3311   -0.7914  -39.3372
eta,q 0.97592 12.15748
  0.0256  0.0250  0.0250  0.0252  0.0249  0.0255  0.0251  0.0262  0.0248  0.0249  0.0246  0.0247
  0.0248  0.0245  0.0245  0.0247  0.0245  0.0250  0.0246  0.0251  0.0244  0.0244  0.0244  0.0244
  0.0243  0.0242  0.0242  0.0243  0.0242  0.0245  0.0242  0.0243  0.0242  0.0242  0.0242  0.0242
  0.0241  0.0241  0.0241  0.0241  0.0241  0.0241  0.0241  0.0241  0.0241  0.0241  0.0241  0.0241
  0.0243  0.0243  0.0242  0.0242  0.0242  0.0241  0.0242  0.0243  0.0242  0.0242  0.0241  0.0241
  0.0248  0.0246  0.0244  0.0247  0.0244  0.0245  0.0245  0.0251  0.0244  0.0245  0.0243  0.0243
  0.0256  0.0251  0.0248  0.0255  0.0249  0.0255  0.0252  0.0263  0.0248  0.0251  0.0246  0.0247
niter,ni,del,rscale     3    3    5.0000    0.6000
parameters
   -1.9336    6.7130    7.3994   -5.0958  -11.4340   -2.0213
    4.1225    1.7337   -2.4141   29.2026   -0.7755  -39.1707
eta,q 0.97595 12.16584
  0.0252  0.0247  0.0247  0.0249  0.0247  0.0252  0.0248  0.0257  0.0246  0.0247  0.0245  0.0245
  0.0246  0.0244  0.0244  0.0245  0.0244  0.0247  0.0244  0.0248  0.0243  0.0243  0.0243  0.0243
  0.0242  0.0241  0.0242  0.0242  0.0242  0.0243  0.0241  0.0242  0.0241  0.0241  0.0241  0.0241
  0.0241  0.0241  0.0241  0.0241  0.0241  0.0241  0.0240  0.0240  0.0241  0.0240  0.0240  0.0240
  0.0242  0.0242  0.0241  0.0241  0.0241  0.0240  0.0241  0.0242  0.0241  0.0241  0.0241  0.0241
  0.0246  0.0244  0.0243  0.0244  0.0243  0.0244  0.0244  0.0248  0.0243  0.0244  0.0242  0.0242
  0.0252  0.0248  0.0246  0.0250  0.0246  0.0251  0.0248  0.0257  0.0246  0.0248  0.0245  0.0245
niter,ni,del,rscale     2    3    5.0000    0.5000
parameters
   -1.9349    6.6785    7.4451   -5.0605  -11.3393   -1.8431
    4.1339    1.7380   -2.4667   29.0866   -0.7561  -39.0209
eta,q 0.97598 12.17274
  0.0248  0.0245  0.0245  0.0247  0.0245  0.0249  0.0246  0.0252  0.0244  0.0245  0.0243  0.0244
  0.0244  0.0242  0.0243  0.0244  0.0242  0.0245  0.0243  0.0246  0.0242  0.0242  0.0242  0.0242
  0.0241  0.0241  0.0241  0.0242  0.0241  0.0242  0.0241  0.0242  0.0241  0.0241  0.0241  0.0241
  0.0240  0.0240  0.0240  0.0240  0.0240  0.0240  0.0240  0.0240  0.0240  0.0240  0.0240  0.0240
  0.0241  0.0241  0.0241  0.0241  0.0241  0.0240  0.0241  0.0242  0.0241  0.0241  0.0241  0.0241
  0.0244  0.0243  0.0242  0.0243  0.0242  0.0243  0.0243  0.0246  0.0242  0.0243  0.0242  0.0241
  0.0248  0.0246  0.0244  0.0247  0.0244  0.0248  0.0246  0.0252  0.0244  0.0245  0.0243  0.0243
niter,ni,del,rscale     1    3    5.0000    0.4000
parameters
   -1.9349    6.6473    7.4718   -5.0316  -11.2597   -1.6980
    4.1482    1.7439   -2.5019   28.9978   -0.7387  -38.9084
eta,q 0.97599 12.17833
  0.0245  0.0243  0.0243  0.0244  0.0243  0.0246  0.0244  0.0248  0.0243  0.0243  0.0242  0.0242
  0.0242  0.0242  0.0242  0.0242  0.0242  0.0243  0.0242  0.0244  0.0241  0.0241  0.0241  0.0241
  0.0241  0.0241  0.0241  0.0241  0.0241  0.0241  0.0241  0.0241  0.0240  0.0240  0.0240  0.0240
  0.0240  0.0240  0.0240  0.0240  0.0240  0.0240  0.0240  0.0240  0.0240  0.0240  0.0240  0.0240
  0.0241  0.0241  0.0240  0.0241  0.0240  0.0240  0.0241  0.0241  0.0240  0.0241  0.0240  0.0240
  0.0242  0.0242  0.0241  0.0242  0.0241  0.0242  0.0242  0.0244  0.0241  0.0242  0.0241  0.0241
  0.0245  0.0244  0.0243  0.0245  0.0243  0.0245  0.0244  0.0248  0.0243  0.0243  0.0242  0.0242
registration optimization eta report
parameter search radius
    0.8000    0.8000    0.8000    2.4000    2.4000    2.4000
    2.4000    2.4000    2.4000    2.4000    2.4000    2.4000
100000*second partial in parameter space
       77.       50.       43.        7.        5.       10.
        6.       13.        4.        5.        4.        4.
  0.0245  0.0243  0.0243  0.0244  0.0243  0.0246  0.0244  0.0248  0.0243  0.0243  0.0242  0.0242
  0.0242  0.0242  0.0242  0.0242  0.0242  0.0243  0.0242  0.0244  0.0241  0.0241  0.0241  0.0241
  0.0241  0.0241  0.0241  0.0241  0.0241  0.0241  0.0241  0.0241  0.0240  0.0240  0.0240  0.0240
  0.0240  0.0240  0.0240  0.0240  0.0240  0.0240  0.0240  0.0240  0.0240  0.0240  0.0240  0.0240
  0.0241  0.0241  0.0240  0.0241  0.0240  0.0240  0.0241  0.0241  0.0240  0.0241  0.0240  0.0240
  0.0242  0.0242  0.0241  0.0242  0.0241  0.0242  0.0242  0.0244  0.0241  0.0242  0.0241  0.0241
  0.0245  0.0244  0.0243  0.0245  0.0243  0.0245  0.0244  0.0248  0.0243  0.0243  0.0242  0.0242
   -1.9349    6.6473    7.4718   -5.0316  -11.2597   -1.6980
    4.1482    1.7439   -2.5019   28.9978   -0.7387  -38.9084
eta,q 0.97599 12.17833

---------------------------------------------------------------------
imgreg_4dfp /opt/freesurfer/average/711-2C_as_mni_average_305 /opt/freesurfer/average/711-2B_as_mni_average_305_mask talsrcimg_g11 none talsrcimg_to_711-2C_as_mni_average_305_t4 2311
---------------------------------------------------------------------

freesurfer imgreg_4dfp.c
/opt/freesurfer/average/711-2C_as_mni_average_305.4dfp.img
       256       256       256         1
  1.000000  1.000000  1.000000
orientation T byte_order littleendian
Reading image: /opt/freesurfer/average/711-2C_as_mni_average_305.4dfp.img
dimensions:      256       256       256
mmppix:       1.0000   -1.0000   -1.0000
center:     128.0000 -129.0000 -129.0000
/opt/freesurfer/average/711-2B_as_mni_average_305_mask.4dfp.img
       256       256       256         1
  1.000000  1.000000  1.000000
orientation T byte_order littleendian
Reading mask: /opt/freesurfer/average/711-2B_as_mni_average_305_mask.4dfp.img (2306576 pixels)
talsrcimg_g11.4dfp.img
       256       256       256         1
  1.000000  1.000000  1.000000
orientation T byte_order littleendian
Reading image: talsrcimg_g11.4dfp.img
dimensions:      256       256       256
mmppix:       1.0000   -1.0000   -1.0000
center:     128.0000 -129.0000 -129.0000
fimgreg.f
image alignment mode   2311 decimal      907 hex
parameters
   -1.9349    6.6473    7.4718   -5.0316  -11.2597   -1.6980
    4.1482    1.7439   -2.5019   28.9978   -0.7387  -38.9084
eta,q 0.97599 12.17833
niter,ni,del,rscale     5    3    5.0000    0.8000
parameters
   -1.9306    6.6443    7.5253   -5.4145  -11.4279   -2.1319
    4.0982    1.7271   -2.4782   29.0936   -0.8227  -39.1764
eta,q 0.97591 12.14716
  0.0260  0.0253  0.0252  0.0253  0.0250  0.0255  0.0254  0.0267  0.0251  0.0253  0.0247  0.0248
  0.0249  0.0246  0.0245  0.0247  0.0245  0.0249  0.0247  0.0253  0.0245  0.0247  0.0244  0.0244
  0.0242  0.0241  0.0241  0.0242  0.0241  0.0243  0.0242  0.0244  0.0242  0.0242  0.0242  0.0242
  0.0240  0.0240  0.0240  0.0240  0.0240  0.0240  0.0241  0.0241  0.0241  0.0241  0.0241  0.0241
  0.0242  0.0242  0.0241  0.0242  0.0241  0.0242  0.0242  0.0244  0.0242  0.0242  0.0242  0.0242
  0.0249  0.0246  0.0245  0.0248  0.0245  0.0250  0.0247  0.0253  0.0245  0.0246  0.0244  0.0245
  0.0259  0.0253  0.0250  0.0260  0.0252  0.0266  0.0255  0.0268  0.0250  0.0253  0.0248  0.0250
niter,ni,del,rscale     4    3    5.0000    0.7000
parameters
   -1.9274    6.6678    7.4442   -5.2001  -11.4012   -2.1131
    4.1082    1.7491   -2.4398   29.1426   -0.8089  -39.1924
eta,q 0.97594 12.15963
  0.0255  0.0251  0.0248  0.0253  0.0249  0.0254  0.0251  0.0262  0.0248  0.0250  0.0246  0.0247
  0.0247  0.0245  0.0244  0.0247  0.0244  0.0249  0.0245  0.0250  0.0244  0.0245  0.0243  0.0244
  0.0242  0.0242  0.0241  0.0243  0.0242  0.0244  0.0242  0.0243  0.0241  0.0242  0.0241  0.0241
  0.0241  0.0241  0.0241  0.0241  0.0241  0.0241  0.0241  0.0241  0.0241  0.0241  0.0241  0.0241
  0.0242  0.0242  0.0242  0.0241  0.0241  0.0241  0.0242  0.0243  0.0241  0.0242  0.0241  0.0241
  0.0247  0.0245  0.0245  0.0245  0.0244  0.0246  0.0245  0.0250  0.0244  0.0245  0.0243  0.0243
  0.0255  0.0250  0.0249  0.0252  0.0249  0.0257  0.0251  0.0262  0.0248  0.0250  0.0246  0.0247
niter,ni,del,rscale     3    3    5.0000    0.6000
parameters
   -1.9279    6.6744    7.4339   -5.1176  -11.3639   -1.9683
    4.1174    1.7490   -2.4346   29.1219   -0.7819  -39.1161
eta,q 0.97597 12.16753
  0.0251  0.0248  0.0246  0.0249  0.0246  0.0252  0.0248  0.0257  0.0246  0.0247  0.0245  0.0245
  0.0245  0.0244  0.0243  0.0245  0.0243  0.0247  0.0244  0.0248  0.0243  0.0243  0.0242  0.0243
  0.0242  0.0241  0.0241  0.0242  0.0241  0.0243  0.0241  0.0242  0.0241  0.0241  0.0241  0.0241
  0.0241  0.0241  0.0241  0.0241  0.0241  0.0241  0.0240  0.0240  0.0240  0.0240  0.0240  0.0240
  0.0242  0.0241  0.0241  0.0241  0.0241  0.0240  0.0241  0.0242  0.0241  0.0241  0.0241  0.0241
  0.0245  0.0244  0.0243  0.0244  0.0243  0.0244  0.0244  0.0248  0.0243  0.0243  0.0242  0.0242
  0.0251  0.0248  0.0247  0.0249  0.0246  0.0252  0.0248  0.0257  0.0246  0.0247  0.0245  0.0245
niter,ni,del,rscale     2    3    5.0000    0.5000
parameters
   -1.9323    6.6606    7.4551   -5.0701  -11.3137   -1.8257
    4.1301    1.7465   -2.4647   29.0476   -0.7770  -39.0192
eta,q 0.97598 12.17302
  0.0248  0.0245  0.0245  0.0247  0.0245  0.0249  0.0246  0.0252  0.0244  0.0245  0.0243  0.0244
  0.0244  0.0242  0.0242  0.0244  0.0242  0.0245  0.0243  0.0245  0.0242  0.0242  0.0242  0.0242
  0.0241  0.0241  0.0241  0.0241  0.0241  0.0242  0.0241  0.0242  0.0241  0.0241  0.0241  0.0241
  0.0240  0.0240  0.0240  0.0240  0.0240  0.0240  0.0240  0.0240  0.0240  0.0240  0.0240  0.0240
  0.0241  0.0241  0.0241  0.0241  0.0241  0.0240  0.0241  0.0242  0.0241  0.0241  0.0240  0.0241
  0.0244  0.0243  0.0242  0.0243  0.0242  0.0243  0.0243  0.0245  0.0242  0.0243  0.0242  0.0241
  0.0248  0.0245  0.0244  0.0247  0.0244  0.0248  0.0246  0.0252  0.0244  0.0245  0.0243  0.0243
niter,ni,del,rscale     1    3    5.0000    0.4000
parameters
   -1.9344    6.6404    7.4758   -5.0392  -11.2397   -1.6877
    4.1484    1.7489   -2.5099   28.9801   -0.7388  -38.8993
eta,q 0.97600 12.17890
  0.0245  0.0243  0.0243  0.0245  0.0243  0.0246  0.0244  0.0248  0.0243  0.0243  0.0242  0.0242
  0.0242  0.0242  0.0242  0.0242  0.0241  0.0243  0.0242  0.0244  0.0241  0.0241  0.0241  0.0241
  0.0241  0.0241  0.0241  0.0241  0.0241  0.0241  0.0241  0.0241  0.0240  0.0240  0.0240  0.0240
  0.0240  0.0240  0.0240  0.0240  0.0240  0.0240  0.0240  0.0240  0.0240  0.0240  0.0240  0.0240
  0.0241  0.0241  0.0240  0.0240  0.0240  0.0240  0.0240  0.0241  0.0240  0.0241  0.0240  0.0240
  0.0242  0.0242  0.0241  0.0242  0.0241  0.0242  0.0242  0.0244  0.0241  0.0242  0.0241  0.0241
  0.0245  0.0244  0.0243  0.0245  0.0243  0.0245  0.0244  0.0248  0.0243  0.0243  0.0242  0.0242
registration optimization eta report
parameter search radius
    0.8000    0.8000    0.8000    2.4000    2.4000    2.4000
    2.4000    2.4000    2.4000    2.4000    2.4000    2.4000
100000*second partial in parameter space
       77.       50.       42.        7.        5.        9.
        6.       13.        4.        5.        4.        3.
  0.0245  0.0243  0.0243  0.0245  0.0243  0.0246  0.0244  0.0248  0.0243  0.0243  0.0242  0.0242
  0.0242  0.0242  0.0242  0.0242  0.0241  0.0243  0.0242  0.0244  0.0241  0.0241  0.0241  0.0241
  0.0241  0.0241  0.0241  0.0241  0.0241  0.0241  0.0241  0.0241  0.0240  0.0240  0.0240  0.0240
  0.0240  0.0240  0.0240  0.0240  0.0240  0.0240  0.0240  0.0240  0.0240  0.0240  0.0240  0.0240
  0.0241  0.0241  0.0240  0.0240  0.0240  0.0240  0.0240  0.0241  0.0240  0.0241  0.0240  0.0240
  0.0242  0.0242  0.0241  0.0242  0.0241  0.0242  0.0242  0.0244  0.0241  0.0242  0.0241  0.0241
  0.0245  0.0244  0.0243  0.0245  0.0243  0.0245  0.0244  0.0248  0.0243  0.0243  0.0242  0.0242
   -1.9344    6.6404    7.4758   -5.0392  -11.2397   -1.6877
    4.1484    1.7489   -2.5099   28.9801   -0.7388  -38.8993
eta,q 0.97600 12.17890

---------------------------------------------------------------------
compute_vox2vox talsrcimg talsrcimg_to_711-2C_as_mni_average_305_t4 /opt/freesurfer/average/711-2C_as_mni_average_305
---------------------------------------------------------------------

freesurfer compute_vox2vox.c
Reading: talsrcimg.4dfp.ifh
Reading: talsrcimg_to_711-2C_as_mni_average_305_t4
Reading: /opt/freesurfer/average/711-2C_as_mni_average_305.4dfp.ifh
Writing: talsrcimg_to_711-2C_as_mni_average_305_t4_vox2vox.txt

start time Thu Mar 12 08:44:26 CET 2026
end		time Thu Mar 12 08:44:40 CET 2026

mpr2mni305 success

avi2talxfm orig_nu.mgz /opt/freesurfer/average/mni305.cor.mgz talsrcimg_to_711-2C_as_mni_average_305_t4_vox2vox.txt transforms/talairach.auto.xfm
avi2talxfm done
mv -f /out/sourcedata/freesurfer/sub-v1s10x0051124_ses-1/mri/talsrcimg_to_711-2C_as_mni_average_305_t4_vox2vox.txt /out/sourcedata/freesurfer/sub-v1s10x0051124_ses-1/mri/transforms/talsrcimg_to_711-2C_as_mni_average_305_t4_vox2vox.txt
lta_convert --src orig_nu.mgz --trg /opt/freesurfer/average/mni305.cor.mgz --inxfm transforms/talairach.auto.xfm --outlta transforms/talairach.auto.xfm.lta --subject fsaverage
7.3.2

--src: orig_nu.mgz src image (geometry).
--trg: /opt/freesurfer/average/mni305.cor.mgz trg image (geometry).
--inmni: transforms/talairach.auto.xfm input MNI/XFM transform.
--outlta: transforms/talairach.auto.xfm.lta output LTA.
--s: fsaverage subject name
 LTA read, type : 1
 1.05169  -0.00374  -0.05079   0.95441;
 0.01742   0.90074   0.39393  -10.44920;
 0.02405  -0.29419   0.99657  -4.68133;
 0.00000   0.00000   0.00000   1.00000;
setting subject to fsaverage
Writing  LTA to file transforms/talairach.auto.xfm.lta...
lta_convert successful.
 
 
Started at Thu Mar 12 08:44:26 CET 2026
Ended   at Thu Mar 12 08:44:40 CET 2026
talairach_avi done
