/out/sourcedata/freesurfer/sub-v1s10x0051102_ses-1/mri
/opt/freesurfer/bin/talairach_avi
--i orig_nu.mgz --xfm transforms/talairach.auto.xfm
talairach_avi 7.3.2
Linux dna059 5.14.0-427.37.1.el9_4.x86_64 #1 SMP PREEMPT_DYNAMIC Fri Sep 13 12:41:50 EDT 2024 x86_64 x86_64 x86_64 GNU/Linux
Thu Mar 12 07:33:58 CET 2026
mri_convert orig_nu.mgz talsrcimg.img 
reading from orig_nu.mgz...
TR=0.00, TE=0.00, TI=0.00, flip angle=0.00
i_ras = (-1, 0, 0)
j_ras = (0, 0, -1)
k_ras = (0, 1, 0)
writing to talsrcimg.img...
Analyze Output Matrix
-1.00000   0.00000   0.00000   136.89404;
 0.00000   0.00000   1.00000  -128.00000;
 0.00000  -1.00000   0.00000   129.27710;
 0.00000   0.00000   0.00000   1.00000;
--------------------
INFO: set hdr.hist.orient to -1
mpr2mni305 talsrcimg
Thu Mar 12 07:33:59 CET 2026
/opt/freesurfer/bin/mpr2mni305 talsrcimg
mpr2mni305 7.3.2
target=711-2C_as_mni_average_305

---------------------------------------------------------------------
analyzeto4dfp talsrcimg -O0 -y
---------------------------------------------------------------------

freesurfer ifh2hdr.c
Thu Mar 12 07:33:59 2026
Writing: talsrcimg.4dfp.hdr
freesurfer analyzeto4dfp.c
Reading: talsrcimg.hdr
header size 348 bytes
hdr.dime.datatype	offset=70	value=2
hdr.dime.bitpix		offset=72	value=8
hdr.hist.orient		offset=252	value=-1
dimensionality     4
dimensions       256       256       256         1
Reading: talsrcimg.img
Writing: talsrcimg.4dfp.img
Writing: talsrcimg.4dfp.ifh
ifh2hdr talsrcimg -r0to208
ori=2

---------------------------------------------------------------------
gauss_4dfp talsrcimg 1.1
---------------------------------------------------------------------

freesurfer gauss_4dfp.c
Reading: talsrcimg.4dfp.img
Writing: talsrcimg_g11.4dfp.img
image dimensions 256 256 256 padded to 288 288 288
processing volume 1freesurfer ifh2hdr.c
Thu Mar 12 07:34:01 2026
Writing: talsrcimg_g11.4dfp.hdr

Writing: talsrcimg_g11.4dfp.ifh
including: talsrcimg.4dfp.img.rec in talsrcimg_g11.4dfp.img.rec

---------------------------------------------------------------------
imgreg_4dfp /opt/freesurfer/average/711-2C_as_mni_average_305 none talsrcimg_g11 none talsrcimg_to_711-2C_as_mni_average_305_t4 4355
---------------------------------------------------------------------

freesurfer imgreg_4dfp.c
/opt/freesurfer/average/711-2C_as_mni_average_305.4dfp.img
       256       256       256         1
  1.000000  1.000000  1.000000
orientation T byte_order littleendian
Reading image: /opt/freesurfer/average/711-2C_as_mni_average_305.4dfp.img
dimensions:      256       256       256
mmppix:       1.0000   -1.0000   -1.0000
center:     128.0000 -129.0000 -129.0000
talsrcimg_g11.4dfp.img
       256       256       256         1
  1.000000  1.000000  1.000000
orientation T byte_order littleendian
Reading image: talsrcimg_g11.4dfp.img
dimensions:      256       256       256
mmppix:       1.0000   -1.0000   -1.0000
center:     128.0000 -129.0000 -129.0000
t4_read: open error in t4_sub.f l:  41 t4_file(1:l)talsrcimg_to_711-2C_as_mni_average_305_t4 
t4_read: transform initialized to I4
rotation matrix determinant  1.000000
image alignment mode   4355 decimal     1103 hex
   -7.5000  -45.0000  -45.0000 9274.9834   16.3471
    0.0000  -45.0000  -45.0000 9620.1494   16.3638
    7.5000  -45.0000  -45.0000 9119.9111   16.3952
   -7.5000  -37.5000  -45.0000 9796.6562   16.3326
    0.0000  -37.5000  -45.000010164.2021   16.3460
    7.5000  -37.5000  -45.0000 9613.7861   16.3718
   -7.5000  -30.0000  -45.000010568.4395   16.3139
    0.0000  -30.0000  -45.000010965.4287   16.3252
    7.5000  -30.0000  -45.000010376.0508   16.3476
   -7.5000  -22.5000  -45.000011292.8525   16.2890
    0.0000  -22.5000  -45.000011717.6885   16.3016
    7.5000  -22.5000  -45.000011086.4248   16.3258
   -7.5000  -15.0000  -45.000011943.4131   16.2739
    0.0000  -15.0000  -45.000012391.8691   16.2899
    7.5000  -15.0000  -45.000011702.5010   16.3180
   -7.5000   -7.5000  -45.000012525.2061   16.2793
    0.0000   -7.5000  -45.000012995.3506   16.2970
    7.5000   -7.5000  -45.000012264.7695   16.3283
   -7.5000    0.0000  -45.000012992.3887   16.2968
    0.0000    0.0000  -45.000013497.3984   16.3130
    7.5000    0.0000  -45.000012757.4131   16.3437
   -7.5000    7.5000  -45.000012501.2539   16.3149
    0.0000    7.5000  -45.000012971.0225   16.3281
    7.5000    7.5000  -45.000012246.0459   16.3536
   -7.5000   15.0000  -45.000011893.1279   16.3124
    0.0000   15.0000  -45.000012297.2832   16.3237
    7.5000   15.0000  -45.000011619.7773   16.3460
   -7.5000   22.5000  -45.000011077.7998   16.2867
    0.0000   22.5000  -45.000011437.8916   16.2994
    7.5000   22.5000  -45.000010811.7617   16.3235
   -7.5000   30.0000  -45.000010147.6191   16.0570
    0.0000   30.0000  -45.000010479.2861   16.0728
    7.5000   30.0000  -45.0000 9900.7236   16.1005
   -7.5000   37.5000  -45.0000 9619.3896   16.0647
    0.0000   37.5000  -45.0000 9939.0742   16.0822
    7.5000   37.5000  -45.0000 9386.3223   16.1130
   -7.5000   45.0000  -45.0000 8742.0586   15.6950
    0.0000   45.0000  -45.0000 9018.6289   15.7106
    7.5000   45.0000  -45.0000 8469.1436   15.7405
   -7.5000  -45.0000  -37.5000 9728.0996   16.3859
    0.0000  -45.0000  -37.500010071.6738   16.4063
    7.5000  -45.0000  -37.5000 9546.9043   16.4350
   -7.5000  -37.5000  -37.500010260.8887   16.3604
    0.0000  -37.5000  -37.500010624.7451   16.3759
    7.5000  -37.5000  -37.500010044.5283   16.4019
   -7.5000  -30.0000  -37.500011077.2969   16.3329
    0.0000  -30.0000  -37.500011483.7285   16.3439
    7.5000  -30.0000  -37.500010860.9531   16.3689
   -7.5000  -22.5000  -37.500011843.1387   16.3107
    0.0000  -22.5000  -37.500012265.9873   16.3218
    7.5000  -22.5000  -37.500011606.2227   16.3476
   -7.5000  -15.0000  -37.500012507.9834   16.3054
    0.0000  -15.0000  -37.500012925.3750   16.3209
    7.5000  -15.0000  -37.500012228.5781   16.3483
   -7.5000   -7.5000  -37.500013111.7656   16.3190
    0.0000   -7.5000  -37.500013561.9961   16.3386
    7.5000   -7.5000  -37.500012804.2305   16.3675
   -7.5000    0.0000  -37.500013595.9072   16.3354
    0.0000    0.0000  -37.500014076.4395   16.3551
    7.5000    0.0000  -37.500013271.1816   16.3832
   -7.5000    7.5000  -37.500013052.2139   16.3426
    0.0000    7.5000  -37.500013501.3525   16.3580
    7.5000    7.5000  -37.500012718.1045   16.3838
   -7.5000   15.0000  -37.500012403.2139   16.3315
    0.0000   15.0000  -37.500012810.0898   16.3424
    7.5000   15.0000  -37.500012071.0430   16.3673
   -7.5000   22.5000  -37.500011566.4863   16.3085
    0.0000   22.5000  -37.500011933.6689   16.3195
    7.5000   22.5000  -37.500011234.3281   16.3453
   -7.5000   30.0000  -37.500010581.7275   16.0881
    0.0000   30.0000  -37.500010918.8389   16.1034
    7.5000   30.0000  -37.500010289.7305   16.1304
   -7.5000   37.5000  -37.500010010.4531   16.1038
    0.0000   37.5000  -37.500010330.5293   16.1232
    7.5000   37.5000  -37.5000 9734.7725   16.1517
   -7.5000   45.0000  -37.5000 9060.5752   15.7321
    0.0000   45.0000  -37.5000 9341.0400   15.7511
    7.5000   45.0000  -37.5000 8778.7793   15.7783
   -7.5000  -45.0000  -30.000010357.6348   17.0588
    0.0000  -45.0000  -30.000010730.2021   17.0841
    7.5000  -45.0000  -30.000010172.9004   17.1124
   -7.5000  -37.5000  -30.000010911.7158   17.0265
    0.0000  -37.5000  -30.000011304.0039   17.0468
    7.5000  -37.5000  -30.000010695.8838   17.0745
   -7.5000  -30.0000  -30.000011806.6162   16.9990
    0.0000  -30.0000  -30.000012233.7129   17.0129
    7.5000  -30.0000  -30.000011570.7109   17.0413
   -7.5000  -22.5000  -30.000012594.2812   16.9837
    0.0000  -22.5000  -30.000013036.3066   16.9958
    7.5000  -22.5000  -30.000012315.5439   17.0240
   -7.5000  -15.0000  -30.000013299.0811   16.9837
    0.0000  -15.0000  -30.000013724.4043   16.9999
    7.5000  -15.0000  -30.000012960.8975   17.0287
   -7.5000   -7.5000  -30.000013962.0439   16.9957
    0.0000   -7.5000  -30.000014406.8721   17.0182
    7.5000   -7.5000  -30.000013588.6318   17.0472
   -7.5000    0.0000  -30.000014481.2578   17.0063
    0.0000    0.0000  -30.000014928.2529   17.0310
    7.5000    0.0000  -30.000014042.5264   17.0586
   -7.5000    7.5000  -30.000013879.7920   17.0081
    0.0000    7.5000  -30.000014296.8369   17.0282
    7.5000    7.5000  -30.000013441.5928   17.0557
   -7.5000   15.0000  -30.000013112.4658   16.9975
    0.0000   15.0000  -30.000013515.6885   17.0114
    7.5000   15.0000  -30.000012719.3379   17.0397
   -7.5000   22.5000  -30.000012201.0576   16.9796
    0.0000   22.5000  -30.000012601.6914   16.9917
    7.5000   22.5000  -30.000011866.1465   17.0199
   -7.5000   30.0000  -30.000011180.6533   16.7589
    0.0000   30.0000  -30.000011547.5430   16.7750
    7.5000   30.0000  -30.000010870.7500   16.8034
   -7.5000   37.5000  -30.000010600.7734   16.7731
    0.0000   37.5000  -30.000010920.5605   16.7953
    7.5000   37.5000  -30.000010276.9473   16.8240
   -7.5000   45.0000  -30.0000 9568.7773   16.3898
    0.0000   45.0000  -30.0000 9871.6270   16.4135
    7.5000   45.0000  -30.0000 9257.3135   16.4403
   -7.5000  -45.0000  -22.500010976.7227   17.6208
    0.0000  -45.0000  -22.500011373.9814   17.6468
    7.5000  -45.0000  -22.500010772.6201   17.6774
   -7.5000  -37.5000  -22.500011531.3311   17.5957
    0.0000  -37.5000  -22.500011944.7402   17.6185
    7.5000  -37.5000  -22.500011312.2891   17.6473
   -7.5000  -30.0000  -22.500012486.8193   17.5788
    0.0000  -30.0000  -22.500012920.5732   17.5967
    7.5000  -30.0000  -22.500012213.3037   17.6255
   -7.5000  -22.5000  -22.500013289.1328   17.5669
    0.0000  -22.5000  -22.500013734.6846   17.5823
    7.5000  -22.5000  -22.500012978.4092   17.6121
   -7.5000  -15.0000  -22.500014015.9170   17.5599
    0.0000  -15.0000  -22.500014472.2344   17.5774
    7.5000  -15.0000  -22.500013687.0664   17.6093
   -7.5000   -7.5000  -22.500014736.5361   17.5603
    0.0000   -7.5000  -22.500015209.4150   17.5829
    7.5000   -7.5000  -22.500014361.1562   17.6153
   -7.5000    0.0000  -22.500015288.4746   17.5667
    0.0000    0.0000  -22.500015771.1436   17.5921
    7.5000    0.0000  -22.500014853.5459   17.6220
   -7.5000    7.5000  -22.500014627.0322   17.5767
    0.0000    7.5000  -22.500015073.0605   17.5992
    7.5000    7.5000  -22.500014212.8721   17.6278
   -7.5000   15.0000  -22.500013789.5684   17.5772
    0.0000   15.0000  -22.500014213.1699   17.5951
    7.5000   15.0000  -22.500013408.5186   17.6239
   -7.5000   22.5000  -22.500012836.1484   17.5615
    0.0000   22.5000  -22.500013266.5898   17.5769
    7.5000   22.5000  -22.500012516.5059   17.6067
   -7.5000   30.0000  -22.500011793.4688   17.3302
    0.0000   30.0000  -22.500012197.6494   17.3474
    7.5000   30.0000  -22.500011477.8740   17.3790
   -7.5000   37.5000  -22.500011179.5674   17.3330
    0.0000   37.5000  -22.500011549.2598   17.3554
    7.5000   37.5000  -22.500010849.4248   17.3873
   -7.5000   45.0000  -22.500010093.5205   16.9422
    0.0000   45.0000  -22.500010421.5928   16.9665
    7.5000   45.0000  -22.5000 9763.0098   16.9956
   -7.5000  -45.0000  -15.000011541.5352   18.0236
    0.0000  -45.0000  -15.000011973.2900   18.0458
    7.5000  -45.0000  -15.000011328.2139   18.0802
   -7.5000  -37.5000  -15.000012103.8955   18.0110
    0.0000  -37.5000  -15.000012567.7129   18.0322
    7.5000  -37.5000  -15.000011880.9844   18.0616
   -7.5000  -30.0000  -15.000013112.2051   18.0033
    0.0000  -30.0000  -15.000013587.2773   18.0228
    7.5000  -30.0000  -15.000012827.3281   18.0502
   -7.5000  -22.5000  -15.000013957.1865   17.9872
    0.0000  -22.5000  -15.000014461.0420   18.0053
    7.5000  -22.5000  -15.000013669.2119   18.0352
   -7.5000  -15.0000  -15.000014678.0283   17.9684
    0.0000  -15.0000  -15.000015204.2441   17.9865
    7.5000  -15.0000  -15.000014413.1104   18.0213
   -7.5000   -7.5000  -15.000015446.1338   17.9598
    0.0000   -7.5000  -15.000015957.3408   17.9801
    7.5000   -7.5000  -15.000015117.6777   18.0167
   -7.5000    0.0000  -15.000016033.5439   17.9684
    0.0000    0.0000  -15.000016555.4023   17.9901
    7.5000    0.0000  -15.000015655.9033   18.0237
   -7.5000    7.5000  -15.000015297.0781   17.9914
    0.0000    7.5000  -15.000015823.1025   18.0124
    7.5000    7.5000  -15.000014956.6660   18.0416
   -7.5000   15.0000  -15.000014437.3896   18.0017
    0.0000   15.0000  -15.000014921.8184   18.0212
    7.5000   15.0000  -15.000014065.0693   18.0485
   -7.5000   22.5000  -15.000013470.3145   17.9808
    0.0000   22.5000  -15.000013932.7334   17.9989
    7.5000   22.5000  -15.000013134.3467   18.0289
   -7.5000   30.0000  -15.000012419.6846   17.7358
    0.0000   30.0000  -15.000012854.4014   17.7538
    7.5000   30.0000  -15.000012087.2471   17.7880
   -7.5000   37.5000  -15.000011786.9805   17.7299
    0.0000   37.5000  -15.000012174.2842   17.7499
    7.5000   37.5000  -15.000011444.9531   17.7861
   -7.5000   45.0000  -15.000010644.8047   17.3400
    0.0000   45.0000  -15.000010947.9160   17.3609
    7.5000   45.0000  -15.000010282.2178   17.3937
   -7.5000  -45.0000   -7.500012085.3047   18.2320
    0.0000  -45.0000   -7.500012533.0840   18.2510
    7.5000  -45.0000   -7.500011863.8809   18.2873
   -7.5000  -37.5000   -7.500012687.1455   18.2229
    0.0000  -37.5000   -7.500013147.2031   18.2402
    7.5000  -37.5000   -7.500012458.6201   18.2696
   -7.5000  -30.0000   -7.500013747.2354   18.2128
    0.0000  -30.0000   -7.500014258.6289   18.2295
    7.5000  -30.0000   -7.500013453.6143   18.2546
   -7.5000  -22.5000   -7.500014712.9434   18.1895
    0.0000  -22.5000   -7.500015274.6152   18.2065
    7.5000  -22.5000   -7.500014414.9922   18.2346
   -7.5000  -15.0000   -7.500015477.6357   18.1670
    0.0000  -15.0000   -7.500016084.2266   18.1853
    7.5000  -15.0000   -7.500015247.5420   18.2189
   -7.5000   -7.5000   -7.500016198.1846   18.1617
    0.0000   -7.5000   -7.500016831.8613   18.1807
    7.5000   -7.5000   -7.500015953.3242   18.2180
   -7.5000    0.0000   -7.500016777.3535   18.1761
    0.0000    0.0000   -7.500017409.8516   18.1945
    7.5000    0.0000   -7.500016475.6660   18.2301
   -7.5000    7.5000   -7.500016054.7285   18.2031
    0.0000    7.5000   -7.500016616.9297   18.2202
    7.5000    7.5000   -7.500015702.8584   18.2494
   -7.5000   15.0000   -7.500015213.2588   18.2112
    0.0000   15.0000   -7.500015679.3184   18.2278
    7.5000   15.0000   -7.500014756.7471   18.2529
   -7.5000   22.5000   -7.500014192.4082   18.1811
    0.0000   22.5000   -7.500014610.1768   18.1981
    7.5000   22.5000   -7.500013748.3281   18.2261
   -7.5000   30.0000   -7.500013075.7891   17.9314
    0.0000   30.0000   -7.500013475.9551   17.9495
    7.5000   30.0000   -7.500012655.4248   17.9826
   -7.5000   37.5000   -7.500012382.6172   17.9288
    0.0000   37.5000   -7.500012740.5068   17.9476
    7.5000   37.5000   -7.500011965.5859   17.9843
   -7.5000   45.0000   -7.500011142.1396   17.5443
    0.0000   45.0000   -7.500011441.5625   17.5621
    7.5000   45.0000   -7.500010729.1191   17.5968
   -7.5000  -45.0000    0.000012490.8701   18.2781
    0.0000  -45.0000    0.000012987.5000   18.2967
    7.5000  -45.0000    0.000012281.6836   18.3319
   -7.5000  -37.5000    0.000013084.9785   18.2616
    0.0000  -37.5000    0.000013623.2412   18.2766
    7.5000  -37.5000    0.000012906.1973   18.3056
   -7.5000  -30.0000    0.000014174.6660   18.2405
    0.0000  -30.0000    0.000014762.9727   18.2532
    7.5000  -30.0000    0.000013944.2617   18.2784
   -7.5000  -22.5000    0.000015319.3730   18.2128
    0.0000  -22.5000    0.000015938.1416   18.2269
    7.5000  -22.5000    0.000014936.0127   18.2541
   -7.5000  -15.0000    0.000016309.4248   18.1962
    0.0000  -15.0000    0.000016910.9824   18.2140
    7.5000  -15.0000    0.000015835.3301   18.2455
   -7.5000   -7.5000    0.000017096.3945   18.2024
    0.0000   -7.5000    0.000017681.3477   18.2221
    7.5000   -7.5000    0.000016615.4160   18.2571
   -7.5000    0.0000    0.000017600.4922   18.2219
    0.0000    0.0000    0.000018157.6680   18.2399
    7.5000    0.0000    0.000017165.4688   18.2744
   -7.5000    7.5000    0.000016821.5488   18.2419
    0.0000    7.5000    0.000017283.8496   18.2565
    7.5000    7.5000    0.000016325.8047   18.2853
   -7.5000   15.0000    0.000015892.0449   18.2389
    0.0000   15.0000    0.000016281.5469   18.2515
    7.5000   15.0000    0.000015355.4219   18.2767
   -7.5000   22.5000    0.000014773.2646   18.2044
    0.0000   22.5000    0.000015169.2539   18.2185
    7.5000   22.5000    0.000014284.6162   18.2456
   -7.5000   30.0000    0.000013556.9922   17.9607
    0.0000   30.0000    0.000013968.6816   17.9783
    7.5000   30.0000    0.000013141.6602   18.0094
   -7.5000   37.5000    0.000012798.7168   17.9694
    0.0000   37.5000    0.000013181.6709   17.9889
    7.5000   37.5000    0.000012411.2686   18.0235
   -7.5000   45.0000    0.000011508.5605   17.5903
    0.0000   45.0000    0.000011822.4854   17.6077
    7.5000   45.0000    0.000011113.8398   17.6413
   -7.5000  -45.0000    7.500011922.4639   18.3341
    0.0000  -45.0000    7.500012418.4287   18.3568
    7.5000  -45.0000    7.500011722.5576   18.3891
   -7.5000  -37.5000    7.500012543.0049   18.3054
    0.0000  -37.5000    7.500013040.6680   18.3228
    7.5000  -37.5000    7.500012325.5840   18.3520
   -7.5000  -30.0000    7.500013613.3818   18.2745
    0.0000  -30.0000    7.500014135.0635   18.2868
    7.5000  -30.0000    7.500013341.9043   18.3148
   -7.5000  -22.5000    7.500014706.9209   18.2496
    0.0000  -22.5000    7.500015244.8535   18.2620
    7.5000  -22.5000    7.500014331.1670   18.2909
   -7.5000  -15.0000    7.500015550.5361   18.2436
    0.0000  -15.0000    7.500016076.6631   18.2610
    7.5000  -15.0000    7.500015188.6396   18.2917
   -7.5000   -7.5000    7.500016294.9141   18.2591
    0.0000   -7.5000    7.500016826.1836   18.2810
    7.5000   -7.5000    7.500015946.9561   18.3134
   -7.5000    0.0000    7.500016900.0469   18.2776
    0.0000    0.0000    7.500017366.6484   18.2996
    7.5000    0.0000    7.500016449.4805   18.3311
   -7.5000    7.5000    7.500016190.6826   18.2855
    0.0000    7.5000    7.500016587.8672   18.3027
    7.5000    7.5000    7.500015666.6777   18.3317
   -7.5000   15.0000    7.500015223.0508   18.2729
    0.0000   15.0000    7.500015584.4717   18.2852
    7.5000   15.0000    7.500014700.9834   18.3131
   -7.5000   22.5000    7.500014107.7305   18.2412
    0.0000   22.5000    7.500014469.2275   18.2536
    7.5000   22.5000    7.500013643.4814   18.2824
   -7.5000   30.0000    7.500012936.5811   18.0075
    0.0000   30.0000    7.500013320.0215   18.0247
    7.5000   30.0000    7.500012542.0674   18.0550
   -7.5000   37.5000    7.500012178.4717   18.0253
    0.0000   37.5000    7.500012551.8584   18.0470
    7.5000   37.5000    7.500011827.7939   18.0790
   -7.5000   45.0000    7.500010938.9600   17.6440
    0.0000   45.0000    7.500011258.2373   17.6653
    7.5000   45.0000    7.500010606.4297   17.6959
   -7.5000  -45.0000   15.000011273.4141   18.3921
    0.0000  -45.0000   15.000011670.7344   18.4204
    7.5000  -45.0000   15.000011001.8721   18.4515
   -7.5000  -37.5000   15.000011832.4492   18.3576
    0.0000  -37.5000   15.000012262.4873   18.3804
    7.5000  -37.5000   15.000011584.7158   18.4105
   -7.5000  -30.0000   15.000012830.8799   18.3280
    0.0000  -30.0000   15.000013306.0449   18.3438
    7.5000  -30.0000   15.000012546.4941   18.3745
   -7.5000  -22.5000   15.000013778.5830   18.3113
    0.0000  -22.5000   15.000014283.9375   18.3251
    7.5000  -22.5000   15.000013484.1387   18.3558
   -7.5000  -15.0000   15.000014518.7393   18.3109
    0.0000  -15.0000   15.000015053.7432   18.3293
    7.5000  -15.0000   15.000014286.9971   18.3608
   -7.5000   -7.5000   15.000015280.6553   18.3236
    0.0000   -7.5000   15.000015825.4805   18.3489
    7.5000   -7.5000   15.000015025.5547   18.3807
   -7.5000    0.0000   15.000015896.1025   18.3353
    0.0000    0.0000   15.000016415.1855   18.3629
    7.5000    0.0000   15.000015539.7773   18.3932
   -7.5000    7.5000   15.000015248.3311   18.3376
    0.0000    7.5000   15.000015695.6426   18.3603
    7.5000    7.5000   15.000014846.9072   18.3902
   -7.5000   15.0000   15.000014337.0557   18.3264
    0.0000   15.0000   15.000014724.0576   18.3421
    7.5000   15.0000   15.000013941.4053   18.3728
   -7.5000   22.5000   15.000013283.8965   18.3029
    0.0000   22.5000   15.000013651.5498   18.3167
    7.5000   22.5000   15.000012914.9912   18.3473
   -7.5000   30.0000   15.000012183.2061   18.0739
    0.0000   30.0000   15.000012527.7930   18.0921
    7.5000   30.0000   15.000011838.6406   18.1232
   -7.5000   37.5000   15.000011461.3203   18.0890
    0.0000   37.5000   15.000011797.1484   18.1140
    7.5000   37.5000   15.000011137.0107   18.1454
   -7.5000   45.0000   15.000010264.1436   17.6993
    0.0000   45.0000   15.000010580.0400   17.7259
    7.5000   45.0000   15.0000 9986.6533   17.7553
   -7.5000  -45.0000   22.500010468.9414   18.5384
    0.0000  -45.0000   22.500010854.2637   18.5679
    7.5000  -45.0000   22.500010240.9746   18.6005
   -7.5000  -37.5000   22.500010986.0908   18.5123
    0.0000  -37.5000   22.500011394.6104   18.5383
    7.5000  -37.5000   22.500010774.2588   18.5688
   -7.5000  -30.0000   22.500011895.4141   18.4944
    0.0000  -30.0000   22.500012366.2734   18.5151
    7.5000  -30.0000   22.500011675.7939   18.5457
   -7.5000  -22.5000   22.500012768.6221   18.4814
    0.0000  -22.5000   22.500013239.4980   18.4993
    7.5000  -22.5000   22.500012556.5010   18.5311
   -7.5000  -15.0000   22.500013450.8828   18.4733
    0.0000  -15.0000   22.500013948.2627   18.4935
    7.5000  -15.0000   22.500013290.1074   18.5276
   -7.5000   -7.5000   22.500014178.8672   18.4735
    0.0000   -7.5000   22.500014688.5830   18.4994
    7.5000   -7.5000   22.500013980.1689   18.5339
   -7.5000    0.0000   22.500014765.1729   18.4808
    0.0000    0.0000   22.500015290.8555   18.5096
    7.5000    0.0000   22.500014503.5684   18.5414
   -7.5000    7.5000   22.500014173.1191   18.4919
    0.0000    7.5000   22.500014648.4697   18.5178
    7.5000    7.5000   22.500013900.0684   18.5481
   -7.5000   15.0000   22.500013355.4199   18.4928
    0.0000   15.0000   22.500013769.4824   18.5135
    7.5000   15.0000   22.500013072.1445   18.5440
   -7.5000   22.5000   22.500012363.3389   18.4729
    0.0000   22.5000   22.500012746.6084   18.4908
    7.5000   22.5000   22.500012099.8838   18.5225
   -7.5000   30.0000   22.500011332.8066   18.2342
    0.0000   30.0000   22.500011690.7148   18.2541
    7.5000   30.0000   22.500011095.9619   18.2879
   -7.5000   37.5000   22.500010656.6689   18.2370
    0.0000   37.5000   22.500010991.3916   18.2625
    7.5000   37.5000   22.500010425.1855   18.2966
   -7.5000   45.0000   22.5000 9521.8613   17.8393
    0.0000   45.0000   22.5000 9816.0186   17.8670
    7.5000   45.0000   22.5000 9303.1553   17.8979
   -7.5000  -45.0000   30.0000 9610.0176   18.8376
    0.0000  -45.0000   30.0000 9976.6504   18.8649
    7.5000  -45.0000   30.0000 9446.3301   18.9023
   -7.5000  -37.5000   30.000010127.3447   18.8257
    0.0000  -37.5000   30.000010500.9121   18.8522
    7.5000  -37.5000   30.0000 9943.8477   18.8838
   -7.5000  -30.0000   30.000010995.5068   18.8173
    0.0000  -30.0000   30.000011405.0439   18.8417
    7.5000  -30.0000   30.000010786.7754   18.8710
   -7.5000  -22.5000   30.000011790.5361   18.7978
    0.0000  -22.5000   30.000012208.9072   18.8202
    7.5000  -22.5000   30.000011578.1904   18.8526
   -7.5000  -15.0000   30.000012434.6797   18.7756
    0.0000  -15.0000   30.000012870.5889   18.7978
    7.5000  -15.0000   30.000012237.4863   18.8357
   -7.5000   -7.5000   30.000013058.5186   18.7669
    0.0000   -7.5000   30.000013520.1963   18.7916
    7.5000   -7.5000   30.000012866.8203   18.8316
   -7.5000    0.0000   30.000013600.9697   18.7781
    0.0000    0.0000   30.000014100.2080   18.8048
    7.5000    0.0000   30.000013383.0186   18.8414
   -7.5000    7.5000   30.000013064.0674   18.8046
    0.0000    7.5000   30.000013534.8955   18.8309
    7.5000    7.5000   30.000012859.6318   18.8622
   -7.5000   15.0000   30.000012318.3154   18.8156
    0.0000   15.0000   30.000012744.2920   18.8400
    7.5000   15.0000   30.000012101.9580   18.8692
   -7.5000   22.5000   30.000011426.9580   18.7891
    0.0000   22.5000   30.000011819.2109   18.8115
    7.5000   22.5000   30.000011192.6602   18.8439
   -7.5000   30.0000   30.000010477.9756   18.5326
    0.0000   30.0000   30.000010832.9990   18.5545
    7.5000   30.0000   30.000010263.0137   18.5920
   -7.5000   37.5000   30.0000 9846.2461   18.5260
    0.0000   37.5000   30.000010167.9746   18.5503
    7.5000   37.5000   30.0000 9644.9648   18.5899
   -7.5000   45.0000   30.0000 8783.7607   18.1234
    0.0000   45.0000   30.0000 9065.6758   18.1491
    7.5000   45.0000   30.0000 8594.7002   18.1847
   -7.5000  -45.0000   37.5000 9206.6807   19.3615
    0.0000  -45.0000   37.5000 9517.3516   19.3872
    7.5000  -45.0000   37.5000 9018.4951   19.4317
   -7.5000  -37.5000   37.5000 9714.4336   19.3501
    0.0000  -37.5000   37.500010043.1865   19.3752
    7.5000  -37.5000   37.5000 9503.1279   19.4124
   -7.5000  -30.0000   37.500010546.9336   19.3360
    0.0000  -30.0000   37.500010905.5986   19.3614
    7.5000  -30.0000   37.500010318.8135   19.3947
   -7.5000  -22.5000   37.500011295.0645   19.3079
    0.0000  -22.5000   37.500011693.5771   19.3334
    7.5000  -22.5000   37.500011087.4902   19.3701
   -7.5000  -15.0000   37.500011919.9727   19.2833
    0.0000  -15.0000   37.500012362.2354   19.3089
    7.5000  -15.0000   37.500011720.3535   19.3514
   -7.5000   -7.5000   37.500012498.5820   19.2803
    0.0000   -7.5000   37.500012974.1914   19.3058
    7.5000   -7.5000   37.500012308.0938   19.3516
   -7.5000    0.0000   37.500013006.0605   19.2986
    0.0000    0.0000   37.500013508.0029   19.3236
    7.5000    0.0000   37.500012825.0732   19.3673
   -7.5000    7.5000   37.500012497.8320   19.3278
    0.0000    7.5000   37.500012972.0303   19.3527
    7.5000    7.5000   37.500012346.0615   19.3896
   -7.5000   15.0000   37.500011793.3076   19.3342
    0.0000   15.0000   37.500012223.3213   19.3595
    7.5000   15.0000   37.500011620.9209   19.3927
   -7.5000   22.5000   37.500010956.0098   19.2991
    0.0000   22.5000   37.500011341.8359   19.3245
    7.5000   22.5000   37.500010752.7822   19.3612
   -7.5000   30.0000   37.500010047.4023   19.0338
    0.0000   30.0000   37.500010398.0020   19.0590
    7.5000   30.0000   37.5000 9860.9443   19.1010
   -7.5000   37.5000   37.5000 9455.5723   19.0313
    0.0000   37.5000   37.5000 9757.4150   19.0565
    7.5000   37.5000   37.5000 9253.0537   19.1017
   -7.5000   45.0000   37.5000 8448.7158   18.6214
    0.0000   45.0000   37.5000 8712.7500   18.6454
    7.5000   45.0000   37.5000 8260.1436   18.6879
   -7.5000  -45.0000   45.0000 8454.6260   19.9753
    0.0000  -45.0000   45.0000 8733.0166   20.0032
    7.5000  -45.0000   45.0000 8255.9619   20.0490
   -7.5000  -37.5000   45.0000 8934.7373   19.9511
    0.0000  -37.5000   45.0000 9217.2090   19.9768
    7.5000  -37.5000   45.0000 8704.1211   20.0163
   -7.5000  -30.0000   45.0000 9694.6904   19.9199
    0.0000  -30.0000   45.000010013.6182   19.9454
    7.5000  -30.0000   45.0000 9453.4180   19.9824
   -7.5000  -22.5000   45.000010372.7227   19.8852
    0.0000  -22.5000   45.000010737.3340   19.9123
    7.5000  -22.5000   45.000010149.9580   19.9524
   -7.5000  -15.0000   45.000010943.6416   19.8690
    0.0000  -15.0000   45.000011349.5908   19.8982
    7.5000  -15.0000   45.000010747.8789   19.9424
   -7.5000   -7.5000   45.000011462.8789   19.8823
    0.0000   -7.5000   45.000011913.0557   19.9114
    7.5000   -7.5000   45.000011298.2930   19.9579
   -7.5000    0.0000   45.000011930.2393   19.9079
    0.0000    0.0000   45.000012410.8838   19.9349
    7.5000    0.0000   45.000011782.7695   19.9797
   -7.5000    7.5000   45.000011487.1680   19.9273
    0.0000    7.5000   45.000011934.7705   19.9527
    7.5000    7.5000   45.000011346.0850   19.9919
   -7.5000   15.0000   45.000010840.6963   19.9179
    0.0000   15.0000   45.000011242.4932   19.9434
    7.5000   15.0000   45.000010686.3857   19.9803
   -7.5000   22.5000   45.000010088.3779   19.8760
    0.0000   22.5000   45.000010420.5098   19.9031
    7.5000   22.5000   45.0000 9892.2334   19.9432
   -7.5000   30.0000   45.0000 9251.0107   19.6102
    0.0000   30.0000   45.0000 9560.0820   19.6390
    7.5000   30.0000   45.0000 9077.9014   19.6826
   -7.5000   37.5000   45.0000 8712.3936   19.6234
    0.0000   37.5000   45.0000 8980.9229   19.6521
    7.5000   37.5000   45.0000 8532.7070   19.6980
   -7.5000   45.0000   45.0000 7783.6577   19.2142
    0.0000   45.0000   45.0000 8019.8027   19.2403
    7.5000   45.0000   45.0000 7624.3984   19.2837

---------------------------------------------------------------------
imgreg_4dfp /opt/freesurfer/average/711-2C_as_mni_average_305 /opt/freesurfer/average/711-2B_as_mni_average_305_mask talsrcimg_g11 none talsrcimg_to_711-2C_as_mni_average_305_t4 4355
---------------------------------------------------------------------

freesurfer imgreg_4dfp.c
/opt/freesurfer/average/711-2C_as_mni_average_305.4dfp.img
       256       256       256         1
  1.000000  1.000000  1.000000
orientation T byte_order littleendian
Reading image: /opt/freesurfer/average/711-2C_as_mni_average_305.4dfp.img
dimensions:      256       256       256
mmppix:       1.0000   -1.0000   -1.0000
center:     128.0000 -129.0000 -129.0000
/opt/freesurfer/average/711-2B_as_mni_average_305_mask.4dfp.img
       256       256       256         1
  1.000000  1.000000  1.000000
orientation T byte_order littleendian
Reading mask: /opt/freesurfer/average/711-2B_as_mni_average_305_mask.4dfp.img (2306576 pixels)
talsrcimg_g11.4dfp.img
       256       256       256         1
  1.000000  1.000000  1.000000
orientation T byte_order littleendian
Reading image: talsrcimg_g11.4dfp.img
dimensions:      256       256       256
mmppix:       1.0000   -1.0000   -1.0000
center:     128.0000 -129.0000 -129.0000
rotation matrix determinant  1.000000
image alignment mode   4355 decimal     1103 hex
   -7.5000  -45.0000  -45.0000 2304.6433   15.6695
    0.0000  -45.0000  -45.0000 2303.7109   15.7120
    7.5000  -45.0000  -45.0000 2279.1799   15.9494
   -7.5000  -37.5000  -45.0000 2395.0024   14.5582
    0.0000  -37.5000  -45.0000 2396.5269   14.5913
    7.5000  -37.5000  -45.0000 2362.9421   14.8017
   -7.5000  -30.0000  -45.0000 2442.5732   13.7962
    0.0000  -30.0000  -45.0000 2445.9905   13.8376
    7.5000  -30.0000  -45.0000 2410.2170   14.0481
   -7.5000  -22.5000  -45.0000 2479.1096   13.2889
    0.0000  -22.5000  -45.0000 2479.9636   13.3207
    7.5000  -22.5000  -45.0000 2445.9998   13.5595
   -7.5000  -15.0000  -45.0000 2493.6973   13.0465
    0.0000  -15.0000  -45.0000 2494.7603   13.0717
    7.5000  -15.0000  -45.0000 2456.4993   13.3358
   -7.5000   -7.5000  -45.0000 2482.2173   13.0742
    0.0000   -7.5000  -45.0000 2487.8538   13.1129
    7.5000   -7.5000  -45.0000 2447.0483   13.3867
   -7.5000    0.0000  -45.0000 2445.6934   13.3971
    0.0000    0.0000  -45.0000 2456.2910   13.4043
    7.5000    0.0000  -45.0000 2418.6130   13.6886
   -7.5000    7.5000  -45.0000 2397.3892   13.9664
    0.0000    7.5000  -45.0000 2402.9775   13.9611
    7.5000    7.5000  -45.0000 2360.6213   14.2625
   -7.5000   15.0000  -45.0000 2315.7600   14.8103
    0.0000   15.0000  -45.0000 2314.9551   14.7988
    7.5000   15.0000  -45.0000 2278.9541   15.1096
   -7.5000   22.5000  -45.0000 2214.6729   15.9570
    0.0000   22.5000  -45.0000 2216.4023   15.9421
    7.5000   22.5000  -45.0000 2180.4985   16.2853
   -7.5000   30.0000  -45.0000 2097.4150   17.6550
    0.0000   30.0000  -45.0000 2098.4197   17.6527
    7.5000   30.0000  -45.0000 2065.4004   17.9515
   -7.5000   37.5000  -45.0000 1979.3861   19.9826
    0.0000   37.5000  -45.0000 1984.1311   20.0211
    7.5000   37.5000  -45.0000 1947.5703   20.2822
   -7.5000   45.0000  -45.0000 1858.0945   22.9986
    0.0000   45.0000  -45.0000 1859.8154   23.1352
    7.5000   45.0000  -45.0000 1823.2216   23.4846
   -7.5000  -45.0000  -37.5000 2366.0024   14.8107
    0.0000  -45.0000  -37.5000 2366.0708   14.8474
    7.5000  -45.0000  -37.5000 2336.0518   15.0538
   -7.5000  -37.5000  -37.5000 2462.4058   13.7255
    0.0000  -37.5000  -37.5000 2462.5869   13.7299
    7.5000  -37.5000  -37.5000 2426.8953   13.9430
   -7.5000  -30.0000  -37.5000 2521.1677   12.9627
    0.0000  -30.0000  -37.5000 2523.4526   12.9808
    7.5000  -30.0000  -37.5000 2488.2058   13.2082
   -7.5000  -22.5000  -37.5000 2567.3057   12.4695
    0.0000  -22.5000  -37.5000 2567.4988   12.5155
    7.5000  -22.5000  -37.5000 2530.7109   12.7471
   -7.5000  -15.0000  -37.5000 2582.1748   12.2825
    0.0000  -15.0000  -37.5000 2576.4143   12.3110
    7.5000  -15.0000  -37.5000 2537.6194   12.5437
   -7.5000   -7.5000  -37.5000 2572.7854   12.3440
    0.0000   -7.5000  -37.5000 2571.1150   12.3525
    7.5000   -7.5000  -37.5000 2526.3799   12.5808
   -7.5000    0.0000  -37.5000 2538.7268   12.6070
    0.0000    0.0000  -37.5000 2542.8318   12.6113
    7.5000    0.0000  -37.5000 2497.6531   12.8517
   -7.5000    7.5000  -37.5000 2482.5393   13.0992
    0.0000    7.5000  -37.5000 2487.5159   13.1072
    7.5000    7.5000  -37.5000 2441.0828   13.3697
   -7.5000   15.0000  -37.5000 2400.7556   13.8303
    0.0000   15.0000  -37.5000 2401.0288   13.8371
    7.5000   15.0000  -37.5000 2357.7141   14.1066
   -7.5000   22.5000  -37.5000 2293.4282   14.8988
    0.0000   22.5000  -37.5000 2295.1741   14.8978
    7.5000   22.5000  -37.5000 2252.4011   15.1902
   -7.5000   30.0000  -37.5000 2172.2078   16.4407
    0.0000   30.0000  -37.5000 2171.9832   16.4328
    7.5000   30.0000  -37.5000 2135.0701   16.7445
   -7.5000   37.5000  -37.5000 2045.7201   18.5317
    0.0000   37.5000  -37.5000 2046.9169   18.5784
    7.5000   37.5000  -37.5000 2012.3907   18.8665
   -7.5000   45.0000  -37.5000 1919.1467   21.3945
    0.0000   45.0000  -37.5000 1918.9606   21.4824
    7.5000   45.0000  -37.5000 1881.2819   21.8265
   -7.5000  -45.0000  -30.0000 2465.3962   14.4907
    0.0000  -45.0000  -30.0000 2464.4033   14.5036
    7.5000  -45.0000  -30.0000 2431.8599   14.7933
   -7.5000  -37.5000  -30.0000 2568.9990   13.3684
    0.0000  -37.5000  -30.0000 2572.0288   13.3850
    7.5000  -37.5000  -30.0000 2531.8167   13.6393
   -7.5000  -30.0000  -30.0000 2646.3340   12.5992
    0.0000  -30.0000  -30.0000 2648.5813   12.6130
    7.5000  -30.0000  -30.0000 2608.5691   12.8689
   -7.5000  -22.5000  -30.0000 2699.2441   12.1148
    0.0000  -22.5000  -30.0000 2699.4590   12.1352
    7.5000  -22.5000  -30.0000 2654.9102   12.3780
   -7.5000  -15.0000  -30.0000 2723.2346   11.9091
    0.0000  -15.0000  -30.0000 2712.8196   11.9235
    7.5000  -15.0000  -30.0000 2667.5420   12.1535
   -7.5000   -7.5000  -30.0000 2716.9785   11.9846
    0.0000   -7.5000  -30.0000 2716.1912   11.9971
    7.5000   -7.5000  -30.0000 2666.3176   12.2040
   -7.5000    0.0000  -30.0000 2687.2117   12.2576
    0.0000    0.0000  -30.0000 2685.1157   12.2559
    7.5000    0.0000  -30.0000 2631.7097   12.4640
   -7.5000    7.5000  -30.0000 2626.3210   12.6938
    0.0000    7.5000  -30.0000 2625.9531   12.6960
    7.5000    7.5000  -30.0000 2572.6831   12.9567
   -7.5000   15.0000  -30.0000 2534.2454   13.3664
    0.0000   15.0000  -30.0000 2532.7603   13.3790
    7.5000   15.0000  -30.0000 2483.6416   13.6526
   -7.5000   22.5000  -30.0000 2418.2163   14.3663
    0.0000   22.5000  -30.0000 2419.9028   14.3756
    7.5000   22.5000  -30.0000 2374.4727   14.6864
   -7.5000   30.0000  -30.0000 2287.6450   15.8858
    0.0000   30.0000  -30.0000 2291.9746   15.8576
    7.5000   30.0000  -30.0000 2251.5037   16.1836
   -7.5000   37.5000  -30.0000 2155.7888   17.9151
    0.0000   37.5000  -30.0000 2151.5740   17.9077
    7.5000   37.5000  -30.0000 2119.0168   18.2728
   -7.5000   45.0000  -30.0000 2016.3821   20.6461
    0.0000   45.0000  -30.0000 2012.0702   20.6464
    7.5000   45.0000  -30.0000 1976.3617   21.0674
   -7.5000  -45.0000  -22.5000 2526.9456   14.1089
    0.0000  -45.0000  -22.5000 2527.8789   14.1134
    7.5000  -45.0000  -22.5000 2493.3901   14.4386
   -7.5000  -37.5000  -22.5000 2640.9263   12.9636
    0.0000  -37.5000  -22.5000 2644.5007   12.9781
    7.5000  -37.5000  -22.5000 2603.1060   13.2689
   -7.5000  -30.0000  -22.5000 2733.7639   12.1828
    0.0000  -30.0000  -22.5000 2733.6182   12.1912
    7.5000  -30.0000  -22.5000 2687.6421   12.4746
   -7.5000  -22.5000  -22.5000 2793.2073   11.6915
    0.0000  -22.5000  -22.5000 2791.4351   11.6869
    7.5000  -22.5000  -22.5000 2736.9766   11.9708
   -7.5000  -15.0000  -22.5000 2829.6709   11.4355
    0.0000  -15.0000  -22.5000 2823.0947   11.4427
    7.5000  -15.0000  -22.5000 2764.8203   11.7185
   -7.5000   -7.5000  -22.5000 2831.5876   11.5152
    0.0000   -7.5000  -22.5000 2831.6536   11.5072
    7.5000   -7.5000  -22.5000 2778.2703   11.7589
   -7.5000    0.0000  -22.5000 2801.1584   11.7806
    0.0000    0.0000  -22.5000 2802.8652   11.7913
    7.5000    0.0000  -22.5000 2744.9570   12.0194
   -7.5000    7.5000  -22.5000 2731.8364   12.2170
    0.0000    7.5000  -22.5000 2732.7246   12.2207
    7.5000    7.5000  -22.5000 2681.4023   12.4969
   -7.5000   15.0000  -22.5000 2633.4700   12.8709
    0.0000   15.0000  -22.5000 2635.5444   12.8790
    7.5000   15.0000  -22.5000 2582.8027   13.2182
   -7.5000   22.5000  -22.5000 2510.9224   13.8488
    0.0000   22.5000  -22.5000 2518.0940   13.8632
    7.5000   22.5000  -22.5000 2465.7373   14.2280
   -7.5000   30.0000  -22.5000 2375.4065   15.2954
    0.0000   30.0000  -22.5000 2381.0483   15.2996
    7.5000   30.0000  -22.5000 2334.5815   15.6553
   -7.5000   37.5000  -22.5000 2234.5317   17.2575
    0.0000   37.5000  -22.5000 2231.9824   17.2747
    7.5000   37.5000  -22.5000 2191.0105   17.6432
   -7.5000   45.0000  -22.5000 2084.7859   19.8697
    0.0000   45.0000  -22.5000 2081.7229   19.8924
    7.5000   45.0000  -22.5000 2043.3289   20.2848
   -7.5000  -45.0000  -15.0000 2546.6301   13.7934
    0.0000  -45.0000  -15.0000 2546.6145   13.7947
    7.5000  -45.0000  -15.0000 2513.3003   14.1850
   -7.5000  -37.5000  -15.0000 2668.5547   12.6377
    0.0000  -37.5000  -15.0000 2675.8472   12.6550
    7.5000  -37.5000  -15.0000 2630.1755   12.9861
   -7.5000  -30.0000  -15.0000 2774.0525   11.8267
    0.0000  -30.0000  -15.0000 2778.6196   11.8395
    7.5000  -30.0000  -15.0000 2727.6941   12.1645
   -7.5000  -22.5000  -15.0000 2848.3784   11.3167
    0.0000  -22.5000  -15.0000 2853.4595   11.3318
    7.5000  -22.5000  -15.0000 2790.4478   11.6497
   -7.5000  -15.0000  -15.0000 2897.4531   11.0184
    0.0000  -15.0000  -15.0000 2900.0452   11.0381
    7.5000  -15.0000  -15.0000 2830.1965   11.3799
   -7.5000   -7.5000  -15.0000 2912.1340   11.0477
    0.0000   -7.5000  -15.0000 2913.7837   11.0629
    7.5000   -7.5000  -15.0000 2842.6199   11.4114
   -7.5000    0.0000  -15.0000 2875.3894   11.3399
    0.0000    0.0000  -15.0000 2876.3506   11.3389
    7.5000    0.0000  -15.0000 2810.1340   11.6668
   -7.5000    7.5000  -15.0000 2799.5386   11.7919
    0.0000    7.5000  -15.0000 2803.3657   11.8165
    7.5000    7.5000  -15.0000 2742.6794   12.1476
   -7.5000   15.0000  -15.0000 2695.9841   12.4474
    0.0000   15.0000  -15.0000 2701.2698   12.4960
    7.5000   15.0000  -15.0000 2637.8020   12.8480
   -7.5000   22.5000  -15.0000 2566.4734   13.4159
    0.0000   22.5000  -15.0000 2572.2561   13.4558
    7.5000   22.5000  -15.0000 2519.1870   13.8292
   -7.5000   30.0000  -15.0000 2427.9646   14.8112
    0.0000   30.0000  -15.0000 2432.3066   14.8651
    7.5000   30.0000  -15.0000 2384.4473   15.2495
   -7.5000   37.5000  -15.0000 2282.2302   16.6978
    0.0000   37.5000  -15.0000 2281.9141   16.7572
    7.5000   37.5000  -15.0000 2241.1235   17.1578
   -7.5000   45.0000  -15.0000 2129.1084   19.1737
    0.0000   45.0000  -15.0000 2124.0842   19.2128
    7.5000   45.0000  -15.0000 2086.4871   19.6509
   -7.5000  -45.0000   -7.5000 2542.7935   13.6068
    0.0000  -45.0000   -7.5000 2545.6943   13.6103
    7.5000  -45.0000   -7.5000 2505.0911   14.0262
   -7.5000  -37.5000   -7.5000 2668.1345   12.4335
    0.0000  -37.5000   -7.5000 2674.4675   12.4215
    7.5000  -37.5000   -7.5000 2633.7314   12.8400
   -7.5000  -30.0000   -7.5000 2786.0146   11.6053
    0.0000  -30.0000   -7.5000 2792.6746   11.6081
    7.5000  -30.0000   -7.5000 2738.7686   11.9905
   -7.5000  -22.5000   -7.5000 2882.1274   11.0709
    0.0000  -22.5000   -7.5000 2892.0530   11.0831
    7.5000  -22.5000   -7.5000 2821.9155   11.4501
   -7.5000  -15.0000   -7.5000 2944.3572   10.7458
    0.0000  -15.0000   -7.5000 2952.4150   10.7940
    7.5000  -15.0000   -7.5000 2874.6765   11.1898
   -7.5000   -7.5000   -7.5000 2959.6331   10.7378
    0.0000   -7.5000   -7.5000 2965.6238   10.7906
    7.5000   -7.5000   -7.5000 2881.1074   11.2134
   -7.5000    0.0000   -7.5000 2915.7549   11.0178
    0.0000    0.0000   -7.5000 2915.3213   11.0551
    7.5000    0.0000   -7.5000 2841.2849   11.4311
   -7.5000    7.5000   -7.5000 2836.3350   11.5014
    0.0000    7.5000   -7.5000 2833.1338   11.5324
    7.5000    7.5000   -7.5000 2770.8728   11.8858
   -7.5000   15.0000   -7.5000 2730.7148   12.1800
    0.0000   15.0000   -7.5000 2730.4238   12.2136
    7.5000   15.0000   -7.5000 2670.5044   12.5705
   -7.5000   22.5000   -7.5000 2594.9529   13.1639
    0.0000   22.5000   -7.5000 2596.6511   13.1832
    7.5000   22.5000   -7.5000 2548.6123   13.5419
   -7.5000   30.0000   -7.5000 2453.5527   14.5234
    0.0000   30.0000   -7.5000 2455.2397   14.5380
    7.5000   30.0000   -7.5000 2411.1270   14.9235
   -7.5000   37.5000   -7.5000 2301.5728   16.3341
    0.0000   37.5000   -7.5000 2303.9001   16.3651
    7.5000   37.5000   -7.5000 2264.5193   16.7609
   -7.5000   45.0000   -7.5000 2145.4082   18.7043
    0.0000   45.0000   -7.5000 2144.2258   18.7329
    7.5000   45.0000   -7.5000 2107.2727   19.2093
   -7.5000  -45.0000    0.0000 2519.7671   13.5487
    0.0000  -45.0000    0.0000 2524.3904   13.6216
    7.5000  -45.0000    0.0000 2484.7598   14.1046
   -7.5000  -37.5000    0.0000 2651.3962   12.3557
    0.0000  -37.5000    0.0000 2660.0725   12.4236
    7.5000  -37.5000    0.0000 2617.2551   12.8742
   -7.5000  -30.0000    0.0000 2779.0151   11.5000
    0.0000  -30.0000    0.0000 2784.3945   11.5530
    7.5000  -30.0000    0.0000 2732.3350   11.9857
   -7.5000  -22.5000    0.0000 2884.9363   10.9749
    0.0000  -22.5000    0.0000 2893.4229   11.0303
    7.5000  -22.5000    0.0000 2824.1387   11.4234
   -7.5000  -15.0000    0.0000 2959.0564   10.7337
    0.0000  -15.0000    0.0000 2964.4885   10.7748
    7.5000  -15.0000    0.0000 2886.1807   11.1373
   -7.5000   -7.5000    0.0000 2980.4949   10.7595
    0.0000   -7.5000    0.0000 2980.6472   10.7616
    7.5000   -7.5000    0.0000 2896.5071   11.1367
   -7.5000    0.0000    0.0000 2929.1345   10.9491
    0.0000    0.0000    0.0000 2922.6516   10.9642
    7.5000    0.0000    0.0000 2853.6274   11.3525
   -7.5000    7.5000    0.0000 2852.6262   11.3912
    0.0000    7.5000    0.0000 2838.4575   11.4150
    7.5000    7.5000    0.0000 2776.1494   11.8167
   -7.5000   15.0000    0.0000 2734.2139   12.1282
    0.0000   15.0000    0.0000 2730.4141   12.1184
    7.5000   15.0000    0.0000 2678.8894   12.5170
   -7.5000   22.5000    0.0000 2599.5520   13.0922
    0.0000   22.5000    0.0000 2602.0183   13.0996
    7.5000   22.5000    0.0000 2557.2041   13.4796
   -7.5000   30.0000    0.0000 2458.0225   14.4114
    0.0000   30.0000    0.0000 2458.0930   14.4447
    7.5000   30.0000    0.0000 2416.7114   14.8003
   -7.5000   37.5000    0.0000 2302.3186   16.2134
    0.0000   37.5000    0.0000 2304.8074   16.2673
    7.5000   37.5000    0.0000 2268.0200   16.6130
   -7.5000   45.0000    0.0000 2145.7952   18.5505
    0.0000   45.0000    0.0000 2145.1331   18.5953
    7.5000   45.0000    0.0000 2108.9194   18.9824
   -7.5000  -45.0000    7.5000 2491.1079   13.7561
    0.0000  -45.0000    7.5000 2498.4646   13.8803
    7.5000  -45.0000    7.5000 2460.4551   14.4117
   -7.5000  -37.5000    7.5000 2625.4893   12.5654
    0.0000  -37.5000    7.5000 2630.6860   12.6500
    7.5000  -37.5000    7.5000 2589.2107   13.1453
   -7.5000  -30.0000    7.5000 2747.7207   11.7095
    0.0000  -30.0000    7.5000 2752.4167   11.7491
    7.5000  -30.0000    7.5000 2704.1709   12.2068
   -7.5000  -22.5000    7.5000 2860.1558   11.1683
    0.0000  -22.5000    7.5000 2866.6143   11.1953
    7.5000  -22.5000    7.5000 2802.2554   11.6077
   -7.5000  -15.0000    7.5000 2940.5034   10.8640
    0.0000  -15.0000    7.5000 2939.7349   10.9010
    7.5000  -15.0000    7.5000 2866.7737   11.2922
   -7.5000   -7.5000    7.5000 2963.5254   10.8157
    0.0000   -7.5000    7.5000 2964.0112   10.8354
    7.5000   -7.5000    7.5000 2888.1943   11.2565
   -7.5000    0.0000    7.5000 2913.9839   11.0565
    0.0000    0.0000    7.5000 2908.9675   11.0586
    7.5000    0.0000    7.5000 2842.8606   11.4621
   -7.5000    7.5000    7.5000 2836.4241   11.5490
    0.0000    7.5000    7.5000 2827.8467   11.5472
    7.5000    7.5000    7.5000 2767.0671   11.9169
   -7.5000   15.0000    7.5000 2714.6331   12.3124
    0.0000   15.0000    7.5000 2712.5613   12.2755
    7.5000   15.0000    7.5000 2665.1724   12.6329
   -7.5000   22.5000    7.5000 2580.0154   13.2546
    0.0000   22.5000    7.5000 2584.3169   13.2312
    7.5000   22.5000    7.5000 2544.9734   13.5952
   -7.5000   30.0000    7.5000 2442.3784   14.5264
    0.0000   30.0000    7.5000 2444.5762   14.5326
    7.5000   30.0000    7.5000 2408.1689   14.8786
   -7.5000   37.5000    7.5000 2289.7952   16.2941
    0.0000   37.5000    7.5000 2288.9043   16.2989
    7.5000   37.5000    7.5000 2257.0339   16.6538
   -7.5000   45.0000    7.5000 2132.5801   18.5647
    0.0000   45.0000    7.5000 2133.9592   18.5940
    7.5000   45.0000    7.5000 2096.1760   18.9793
   -7.5000  -45.0000   15.0000 2457.6365   14.2779
    0.0000  -45.0000   15.0000 2456.8811   14.3383
    7.5000  -45.0000   15.0000 2425.8047   14.8765
   -7.5000  -37.5000   15.0000 2581.3943   13.0287
    0.0000  -37.5000   15.0000 2586.8511   13.0819
    7.5000  -37.5000   15.0000 2550.8274   13.5842
   -7.5000  -30.0000   15.0000 2702.4871   12.1038
    0.0000  -30.0000   15.0000 2709.2078   12.1498
    7.5000  -30.0000   15.0000 2659.4285   12.6288
   -7.5000  -22.5000   15.0000 2810.8770   11.5287
    0.0000  -22.5000   15.0000 2820.0215   11.5698
    7.5000  -22.5000   15.0000 2760.1926   12.0051
   -7.5000  -15.0000   15.0000 2887.2395   11.1697
    0.0000  -15.0000   15.0000 2894.5908   11.2270
    7.5000  -15.0000   15.0000 2822.6819   11.6641
   -7.5000   -7.5000   15.0000 2911.8721   11.1360
    0.0000   -7.5000   15.0000 2915.3665   11.1744
    7.5000   -7.5000   15.0000 2846.9392   11.6087
   -7.5000    0.0000   15.0000 2870.4932   11.4116
    0.0000    0.0000   15.0000 2868.5715   11.4360
    7.5000    0.0000   15.0000 2809.3015   11.8182
   -7.5000    7.5000   15.0000 2796.3811   11.8958
    0.0000    7.5000   15.0000 2792.0762   11.9049
    7.5000    7.5000   15.0000 2739.7295   12.2623
   -7.5000   15.0000   15.0000 2681.7402   12.6388
    0.0000   15.0000   15.0000 2678.2664   12.6193
    7.5000   15.0000   15.0000 2637.9468   12.9475
   -7.5000   22.5000   15.0000 2543.5195   13.6120
    0.0000   22.5000   15.0000 2549.4543   13.5864
    7.5000   22.5000   15.0000 2513.6443   13.9127
   -7.5000   30.0000   15.0000 2410.9109   14.8666
    0.0000   30.0000   15.0000 2414.6045   14.8475
    7.5000   30.0000   15.0000 2379.8650   15.1862
   -7.5000   37.5000   15.0000 2258.8669   16.5573
    0.0000   37.5000   15.0000 2259.9561   16.5533
    7.5000   37.5000   15.0000 2229.5266   16.8938
   -7.5000   45.0000   15.0000 2097.2473   18.7362
    0.0000   45.0000   15.0000 2102.1956   18.7417
    7.5000   45.0000   15.0000 2075.2083   19.1248
   -7.5000  -45.0000   22.5000 2413.7251   14.9330
    0.0000  -45.0000   22.5000 2418.4124   14.9905
    7.5000  -45.0000   22.5000 2382.9023   15.5211
   -7.5000  -37.5000   22.5000 2535.2634   13.6236
    0.0000  -37.5000   22.5000 2542.3394   13.6733
    7.5000  -37.5000   22.5000 2502.2092   14.1899
   -7.5000  -30.0000   22.5000 2647.8486   12.6841
    0.0000  -30.0000   22.5000 2658.5708   12.7218
    7.5000  -30.0000   22.5000 2608.9702   13.2155
   -7.5000  -22.5000   22.5000 2754.3953   12.0942
    0.0000  -22.5000   22.5000 2759.6865   12.1299
    7.5000  -22.5000   22.5000 2705.7161   12.5899
   -7.5000  -15.0000   22.5000 2821.6538   11.6741
    0.0000  -15.0000   22.5000 2824.7759   11.7250
    7.5000  -15.0000   22.5000 2764.0994   12.2118
   -7.5000   -7.5000   22.5000 2839.1970   11.6676
    0.0000   -7.5000   22.5000 2846.3687   11.6873
    7.5000   -7.5000   22.5000 2789.5103   12.1216
   -7.5000    0.0000   22.5000 2802.5535   11.9335
    0.0000    0.0000   22.5000 2807.7522   11.9509
    7.5000    0.0000   22.5000 2757.5205   12.3276
   -7.5000    7.5000   22.5000 2730.0967   12.4083
    0.0000    7.5000   22.5000 2732.1404   12.4213
    7.5000    7.5000   22.5000 2688.5659   12.7703
   -7.5000   15.0000   22.5000 2629.2310   13.1223
    0.0000   15.0000   22.5000 2632.2903   13.1245
    7.5000   15.0000   22.5000 2590.3625   13.4587
   -7.5000   22.5000   22.5000 2498.6663   14.0790
    0.0000   22.5000   22.5000 2505.8577   14.0745
    7.5000   22.5000   22.5000 2473.1655   14.4151
   -7.5000   30.0000   22.5000 2365.4902   15.3561
    0.0000   30.0000   22.5000 2373.1860   15.3223
    7.5000   30.0000   22.5000 2345.0962   15.6649
   -7.5000   37.5000   22.5000 2212.9614   17.0135
    0.0000   37.5000   22.5000 2219.9189   16.9922
    7.5000   37.5000   22.5000 2197.5959   17.3099
   -7.5000   45.0000   22.5000 2056.0322   19.1660
    0.0000   45.0000   22.5000 2063.2173   19.1180
    7.5000   45.0000   22.5000 2039.7673   19.4958
   -7.5000  -45.0000   30.0000 2358.5122   15.7618
    0.0000  -45.0000   30.0000 2367.3699   15.7944
    7.5000  -45.0000   30.0000 2333.6887   16.3747
   -7.5000  -37.5000   30.0000 2484.4626   14.4298
    0.0000  -37.5000   30.0000 2491.3484   14.4452
    7.5000  -37.5000   30.0000 2448.7600   14.9816
   -7.5000  -30.0000   30.0000 2593.5842   13.4695
    0.0000  -30.0000   30.0000 2600.7920   13.5031
    7.5000  -30.0000   30.0000 2552.1833   13.9960
   -7.5000  -22.5000   30.0000 2688.9832   12.8079
    0.0000  -22.5000   30.0000 2694.6743   12.8357
    7.5000  -22.5000   30.0000 2639.9402   13.3076
   -7.5000  -15.0000   30.0000 2746.3408   12.3945
    0.0000  -15.0000   30.0000 2746.7332   12.4211
    7.5000  -15.0000   30.0000 2690.5989   12.8832
   -7.5000   -7.5000   30.0000 2750.6968   12.3776
    0.0000   -7.5000   30.0000 2757.1794   12.3678
    7.5000   -7.5000   30.0000 2709.8699   12.7867
   -7.5000    0.0000   30.0000 2719.9871   12.6142
    0.0000    0.0000   30.0000 2727.3062   12.6105
    7.5000    0.0000   30.0000 2681.2639   12.9796
   -7.5000    7.5000   30.0000 2654.2263   13.0645
    0.0000    7.5000   30.0000 2659.6033   13.0825
    7.5000    7.5000   30.0000 2621.3677   13.4219
   -7.5000   15.0000   30.0000 2564.3433   13.7428
    0.0000   15.0000   30.0000 2567.1172   13.7475
    7.5000   15.0000   30.0000 2532.3218   14.1152
   -7.5000   22.5000   30.0000 2443.0400   14.7112
    0.0000   22.5000   30.0000 2451.7434   14.7047
    7.5000   22.5000   30.0000 2419.0022   15.0748
   -7.5000   30.0000   30.0000 2312.2871   15.9922
    0.0000   30.0000   30.0000 2319.6353   15.9692
    7.5000   30.0000   30.0000 2289.6633   16.3125
   -7.5000   37.5000   30.0000 2161.8296   17.6407
    0.0000   37.5000   30.0000 2170.7810   17.6203
    7.5000   37.5000   30.0000 2145.9844   17.9520
   -7.5000   45.0000   30.0000 2008.0642   19.8247
    0.0000   45.0000   30.0000 2014.2723   19.7804
    7.5000   45.0000   30.0000 1992.0352   20.1882
   -7.5000  -45.0000   37.5000 2304.7080   16.8465
    0.0000  -45.0000   37.5000 2308.0925   16.8096
    7.5000  -45.0000   37.5000 2273.1560   17.3691
   -7.5000  -37.5000   37.5000 2424.1238   15.4513
    0.0000  -37.5000   37.5000 2429.8901   15.4284
    7.5000  -37.5000   37.5000 2385.6541   15.9399
   -7.5000  -30.0000   37.5000 2527.8489   14.4407
    0.0000  -30.0000   37.5000 2531.5352   14.4462
    7.5000  -30.0000   37.5000 2484.4395   14.9219
   -7.5000  -22.5000   37.5000 2612.4026   13.7287
    0.0000  -22.5000   37.5000 2616.2935   13.7516
    7.5000  -22.5000   37.5000 2563.5190   14.1956
   -7.5000  -15.0000   37.5000 2657.0869   13.2944
    0.0000  -15.0000   37.5000 2662.2388   13.3232
    7.5000  -15.0000   37.5000 2610.4536   13.7558
   -7.5000   -7.5000   37.5000 2654.8101   13.2497
    0.0000   -7.5000   37.5000 2665.5034   13.2468
    7.5000   -7.5000   37.5000 2622.1494   13.6306
   -7.5000    0.0000   37.5000 2627.1040   13.4534
    0.0000    0.0000   37.5000 2635.7327   13.4409
    7.5000    0.0000   37.5000 2597.8813   13.7980
   -7.5000    7.5000   37.5000 2566.8621   13.9212
    0.0000    7.5000   37.5000 2574.4863   13.9080
    7.5000    7.5000   37.5000 2544.4900   14.2448
   -7.5000   15.0000   37.5000 2489.5471   14.5405
    0.0000   15.0000   37.5000 2490.7832   14.5391
    7.5000   15.0000   37.5000 2459.5679   14.9177
   -7.5000   22.5000   37.5000 2382.9436   15.4398
    0.0000   22.5000   37.5000 2388.4658   15.4595
    7.5000   22.5000   37.5000 2355.8416   15.8412
   -7.5000   30.0000   37.5000 2251.7935   16.7559
    0.0000   30.0000   37.5000 2260.9370   16.7534
    7.5000   30.0000   37.5000 2231.0801   17.0973
   -7.5000   37.5000   37.5000 2108.8828   18.5050
    0.0000   37.5000   37.5000 2115.9741   18.4488
    7.5000   37.5000   37.5000 2088.8027   18.7864
   -7.5000   45.0000   37.5000 1960.4244   20.8243
    0.0000   45.0000   37.5000 1964.6835   20.7601
    7.5000   45.0000   37.5000 1943.9734   21.0737
   -7.5000  -45.0000   45.0000 2237.8813   18.1926
    0.0000  -45.0000   45.0000 2242.7734   18.1374
    7.5000  -45.0000   45.0000 2203.7625   18.6977
   -7.5000  -37.5000   45.0000 2354.3594   16.7288
    0.0000  -37.5000   45.0000 2353.8792   16.6697
    7.5000  -37.5000   45.0000 2312.1123   17.1403
   -7.5000  -30.0000   45.0000 2452.6650   15.6283
    0.0000  -30.0000   45.0000 2453.1829   15.6035
    7.5000  -30.0000   45.0000 2404.8635   16.0481
   -7.5000  -22.5000   45.0000 2523.7786   14.8418
    0.0000  -22.5000   45.0000 2528.0750   14.8507
    7.5000  -22.5000   45.0000 2475.7112   15.2932
   -7.5000  -15.0000   45.0000 2558.8811   14.3798
    0.0000  -15.0000   45.0000 2563.4878   14.4041
    7.5000  -15.0000   45.0000 2518.3542   14.8243
   -7.5000   -7.5000   45.0000 2554.3433   14.2699
    0.0000   -7.5000   45.0000 2565.7510   14.2785
    7.5000   -7.5000   45.0000 2526.8726   14.6568
   -7.5000    0.0000   45.0000 2525.3416   14.4953
    0.0000    0.0000   45.0000 2538.6084   14.5073
    7.5000    0.0000   45.0000 2504.8599   14.8316
   -7.5000    7.5000   45.0000 2476.8472   14.9503
    0.0000    7.5000   45.0000 2485.0151   14.9661
    7.5000    7.5000   45.0000 2457.1001   15.2811
   -7.5000   15.0000   45.0000 2401.0066   15.5513
    0.0000   15.0000   45.0000 2405.9451   15.5562
    7.5000   15.0000   45.0000 2378.3906   15.8912
   -7.5000   22.5000   45.0000 2312.8870   16.4104
    0.0000   22.5000   45.0000 2312.3538   16.4070
    7.5000   22.5000   45.0000 2283.9834   16.7293
   -7.5000   30.0000   45.0000 2184.9478   17.7487
    0.0000   30.0000   45.0000 2190.3096   17.7356
    7.5000   30.0000   45.0000 2165.6262   18.0423
   -7.5000   37.5000   45.0000 2051.0847   19.5864
    0.0000   37.5000   45.0000 2054.7332   19.4961
    7.5000   37.5000   45.0000 2029.8741   19.8384
   -7.5000   45.0000   45.0000 1909.8849   21.9943
    0.0000   45.0000   45.0000 1907.5720   21.8764
    7.5000   45.0000   45.0000 1885.7434   22.2779

---------------------------------------------------------------------
imgreg_4dfp /opt/freesurfer/average/711-2C_as_mni_average_305 /opt/freesurfer/average/711-2B_as_mni_average_305_mask talsrcimg_g11 none talsrcimg_to_711-2C_as_mni_average_305_t4 1283
---------------------------------------------------------------------

freesurfer imgreg_4dfp.c
/opt/freesurfer/average/711-2C_as_mni_average_305.4dfp.img
       256       256       256         1
  1.000000  1.000000  1.000000
orientation T byte_order littleendian
Reading image: /opt/freesurfer/average/711-2C_as_mni_average_305.4dfp.img
dimensions:      256       256       256
mmppix:       1.0000   -1.0000   -1.0000
center:     128.0000 -129.0000 -129.0000
/opt/freesurfer/average/711-2B_as_mni_average_305_mask.4dfp.img
       256       256       256         1
  1.000000  1.000000  1.000000
orientation T byte_order littleendian
Reading mask: /opt/freesurfer/average/711-2B_as_mni_average_305_mask.4dfp.img (2306576 pixels)
talsrcimg_g11.4dfp.img
       256       256       256         1
  1.000000  1.000000  1.000000
orientation T byte_order littleendian
Reading image: talsrcimg_g11.4dfp.img
dimensions:      256       256       256
mmppix:       1.0000   -1.0000   -1.0000
center:     128.0000 -129.0000 -129.0000
rotation matrix determinant  1.000000
fimgreg.f
image alignment mode   1283 decimal      503 hex
parameters
    0.0000   -7.5000    0.0000    0.0000    0.0000    0.0000
eta,q 0.93600 10.76867
niter,ni,del,rscale     5    3   12.0000    1.2000
parameter  1  0.633781 ->  0.500000 qaram    1.1500
parameter  4  1.136323 ->  0.500000 qaram    1.1500
parameters
   -3.4500   -9.5701    0.7146   -3.4500    1.6853   -0.6292
eta,q 0.94769 10.73702
  0.0609  0.0620  0.0624  0.0516  0.0639  0.0555
  0.0587  0.0583  0.0595  0.0527  0.0596  0.0539
  0.0594  0.0562  0.0574  0.0540  0.0560  0.0526
  0.0634  0.0581  0.0562  0.0558  0.0531  0.0523
  0.0685  0.0627  0.0559  0.0601  0.0523  0.0530
  0.0752  0.0688  0.0572  0.0653  0.0537  0.0548
  0.0844  0.0754  0.0605  0.0688  0.0567  0.0576
niter,ni,del,rscale     6    3   12.0000    1.2000
parameter  4  0.833703 ->  0.500000 qaram    1.3225
parameters
   -3.9703   -9.4079   -0.0222   -7.4175    2.3779   -1.1160
eta,q 0.95000 10.79724
  0.0664  0.0636  0.0569  0.0497  0.0584  0.0533
  0.0603  0.0556  0.0549  0.0499  0.0544  0.0512
  0.0548  0.0525  0.0537  0.0510  0.0516  0.0502
  0.0523  0.0525  0.0526  0.0529  0.0502  0.0501
  0.0550  0.0544  0.0531  0.0545  0.0504  0.0509
  0.0622  0.0571  0.0563  0.0576  0.0526  0.0524
  0.0731  0.0604  0.0609  0.0630  0.0553  0.0540
niter,ni,del,rscale     6    3   12.0000    1.2000
parameter  4  0.742788 ->  0.500000 qaram    1.5209
parameters
   -4.3037   -8.0418   -1.4288  -11.9801    3.4763   -2.0746
eta,q 0.95469 10.77024
  0.0646  0.0633  0.0533  0.0485  0.0564  0.0498
  0.0593  0.0558  0.0504  0.0458  0.0521  0.0472
  0.0538  0.0519  0.0493  0.0463  0.0482  0.0455
  0.0500  0.0501  0.0500  0.0493  0.0456  0.0455
  0.0526  0.0501  0.0517  0.0532  0.0461  0.0471
  0.0589  0.0517  0.0546  0.0553  0.0485  0.0501
  0.0703  0.0543  0.0585  0.0579  0.0508  0.0532
niter,ni,del,rscale     6    3   12.0000    1.2000
parameters
   -4.7181   -5.8704   -1.9152  -13.6872    4.0769   -2.3919
eta,q 0.95789 10.74148
  0.0628  0.0636  0.0513  0.0513  0.0529  0.0476
  0.0559  0.0563  0.0470  0.0448  0.0482  0.0447
  0.0483  0.0499  0.0438  0.0417  0.0436  0.0428
  0.0453  0.0450  0.0432  0.0431  0.0419  0.0421
  0.0505  0.0432  0.0456  0.0470  0.0434  0.0430
  0.0576  0.0448  0.0493  0.0525  0.0460  0.0454
  0.0679  0.0488  0.0538  0.0578  0.0490  0.0491
niter,ni,del,rscale     5    3   12.0000    1.2000
parameters
   -4.9400   -5.2561   -2.0831  -14.2141    4.3152   -2.4104
eta,q 0.95838 10.73360
  0.0621  0.0583  0.0510  0.0540  0.0514  0.0475
  0.0526  0.0510  0.0459  0.0472  0.0467  0.0446
  0.0448  0.0449  0.0427  0.0417  0.0426  0.0427
  0.0421  0.0420  0.0419  0.0419  0.0416  0.0416
  0.0469  0.0431  0.0432  0.0451  0.0432  0.0421
  0.0540  0.0476  0.0468  0.0496  0.0458  0.0443
  0.0645  0.0527  0.0518  0.0559  0.0496  0.0480
niter,ni,del,rscale     4    3   12.0000    1.2000
parameters
   -5.0139   -5.0693   -2.1700  -14.4216    4.3720   -2.4042
eta,q 0.95850 10.73115
  0.0629  0.0568  0.0510  0.0546  0.0508  0.0474
  0.0525  0.0495  0.0457  0.0481  0.0462  0.0446
  0.0446  0.0437  0.0424  0.0421  0.0423  0.0426
  0.0416  0.0416  0.0416  0.0416  0.0415  0.0415
  0.0461  0.0438  0.0428  0.0447  0.0433  0.0419
  0.0531  0.0489  0.0463  0.0488  0.0459  0.0442
  0.0633  0.0545  0.0514  0.0551  0.0501  0.0478
niter,ni,del,rscale     3    3   12.0000    1.2000
parameters
   -5.0271   -5.0067   -2.2161  -14.4990    4.3759   -2.3931
eta,q 0.95854 10.73087
  0.0632  0.0564  0.0511  0.0549  0.0506  0.0473
  0.0526  0.0490  0.0457  0.0485  0.0460  0.0446
  0.0446  0.0434  0.0423  0.0423  0.0422  0.0426
  0.0415  0.0415  0.0415  0.0415  0.0415  0.0415
  0.0458  0.0441  0.0426  0.0445  0.0433  0.0419
  0.0528  0.0493  0.0462  0.0486  0.0459  0.0441
  0.0629  0.0550  0.0512  0.0548  0.0502  0.0478
niter,ni,del,rscale     2    3   12.0000    1.2000
parameters
   -5.0238   -4.9841   -2.2358  -14.5310    4.3689   -2.3843
eta,q 0.95855 10.73102
  0.0633  0.0562  0.0512  0.0549  0.0505  0.0473
  0.0526  0.0488  0.0458  0.0486  0.0460  0.0446
  0.0446  0.0433  0.0423  0.0424  0.0421  0.0426
  0.0415  0.0415  0.0415  0.0415  0.0415  0.0415
  0.0457  0.0441  0.0425  0.0445  0.0433  0.0419
  0.0527  0.0494  0.0461  0.0485  0.0459  0.0441
  0.0628  0.0552  0.0511  0.0546  0.0503  0.0478
registration optimization eta report
parameter search radius
    6.9000    6.0000    6.0000    9.1253    6.0000    6.0000
100000*second partial in parameter space
       44.       38.       27.       16.       24.       17.
  0.0633  0.0562  0.0512  0.0549  0.0505  0.0473
  0.0526  0.0488  0.0458  0.0486  0.0460  0.0446
  0.0446  0.0433  0.0423  0.0424  0.0421  0.0426
  0.0415  0.0415  0.0415  0.0415  0.0415  0.0415
  0.0457  0.0441  0.0425  0.0445  0.0433  0.0419
  0.0527  0.0494  0.0461  0.0485  0.0459  0.0441
  0.0628  0.0552  0.0511  0.0546  0.0503  0.0478
   -5.0238   -4.9841   -2.2358  -14.5310    4.3689   -2.3843
eta,q 0.95855 10.73102

---------------------------------------------------------------------
imgreg_4dfp /opt/freesurfer/average/711-2C_as_mni_average_305 /opt/freesurfer/average/711-2B_as_mni_average_305_mask talsrcimg_g11 none talsrcimg_to_711-2C_as_mni_average_305_t4 3335
---------------------------------------------------------------------

freesurfer imgreg_4dfp.c
/opt/freesurfer/average/711-2C_as_mni_average_305.4dfp.img
       256       256       256         1
  1.000000  1.000000  1.000000
orientation T byte_order littleendian
Reading image: /opt/freesurfer/average/711-2C_as_mni_average_305.4dfp.img
dimensions:      256       256       256
mmppix:       1.0000   -1.0000   -1.0000
center:     128.0000 -129.0000 -129.0000
/opt/freesurfer/average/711-2B_as_mni_average_305_mask.4dfp.img
       256       256       256         1
  1.000000  1.000000  1.000000
orientation T byte_order littleendian
Reading mask: /opt/freesurfer/average/711-2B_as_mni_average_305_mask.4dfp.img (2306576 pixels)
talsrcimg_g11.4dfp.img
       256       256       256         1
  1.000000  1.000000  1.000000
orientation T byte_order littleendian
Reading image: talsrcimg_g11.4dfp.img
dimensions:      256       256       256
mmppix:       1.0000   -1.0000   -1.0000
center:     128.0000 -129.0000 -129.0000
fimgreg.f
image alignment mode   3335 decimal      D07 hex
parameters
   -5.0238   -4.9841   -2.2358   -0.3769   -3.3621   -3.4801
    5.9368   -6.3239   -4.1481   25.3755    7.6178  -25.0175
eta,q 0.95854 10.74036
niter,ni,del,rscale     5    3    5.0000    1.2000
parameter  4  1.462691 ->  0.500000 qaram    1.1500
parameter  5  2.483390 ->  0.500000 qaram    1.1500
parameters
   -5.1370   -4.9290   -2.4330   -4.5169   -7.5021   -4.6980
    5.0831   -3.7071   -1.6387   22.6676   11.2067  -26.9488
eta,q 0.96938 10.30139
  0.0440  0.0439  0.0429  0.0360  0.0300  0.0344  0.0346  0.0401  0.0352  0.0323  0.0329  0.0313
  0.0425  0.0425  0.0420  0.0368  0.0318  0.0335  0.0333  0.0370  0.0336  0.0314  0.0321  0.0308
  0.0417  0.0417  0.0416  0.0387  0.0343  0.0328  0.0326  0.0344  0.0325  0.0310  0.0315  0.0306
  0.0415  0.0415  0.0415  0.0414  0.0372  0.0324  0.0325  0.0325  0.0317  0.0314  0.0310  0.0307
  0.0418  0.0417  0.0417  0.0443  0.0405  0.0331  0.0331  0.0317  0.0314  0.0327  0.0308  0.0311
  0.0428  0.0424  0.0424  0.0479  0.0441  0.0346  0.0342  0.0322  0.0316  0.0348  0.0308  0.0316
  0.0446  0.0436  0.0434  0.0522  0.0481  0.0368  0.0359  0.0340  0.0324  0.0375  0.0311  0.0323
niter,ni,del,rscale     6    3    5.0000    1.2000
parameter  4  0.518327 ->  0.500000 qaram    1.3225
parameter  5  1.100673 ->  0.500000 qaram    1.3225
parameters
   -4.8217   -4.9005   -2.9284   -9.2779  -12.2631   -4.7376
    5.9081   -4.1276   -2.0889   23.2886   12.0079  -29.8582
eta,q 0.97378  9.96164
  0.0355  0.0336  0.0316  0.0305  0.0257  0.0289  0.0297  0.0306  0.0285  0.0302  0.0274  0.0266
  0.0332  0.0319  0.0308  0.0295  0.0263  0.0280  0.0282  0.0284  0.0273  0.0283  0.0269  0.0263
  0.0315  0.0309  0.0305  0.0293  0.0275  0.0272  0.0271  0.0269  0.0266  0.0271  0.0266  0.0262
  0.0306  0.0305  0.0305  0.0304  0.0293  0.0266  0.0266  0.0265  0.0265  0.0265  0.0264  0.0264
  0.0307  0.0309  0.0310  0.0331  0.0321  0.0265  0.0266  0.0273  0.0269  0.0266  0.0264  0.0268
  0.0317  0.0319  0.0318  0.0363  0.0355  0.0276  0.0273  0.0291  0.0277  0.0275  0.0266  0.0273
  0.0336  0.0334  0.0330  0.0402  0.0392  0.0295  0.0286  0.0318  0.0291  0.0292  0.0271  0.0280
niter,ni,del,rscale     7    3    5.0000    1.2000
parameters
   -4.6897   -4.7210   -3.2012   -9.4501  -16.7977   -4.6077
    6.1826   -4.1620   -2.2916   24.2238   11.2853  -31.0828
eta,q 0.97479  9.74414
  0.0306  0.0297  0.0275  0.0308  0.0263  0.0280  0.0277  0.0299  0.0273  0.0293  0.0259  0.0258
  0.0283  0.0278  0.0267  0.0288  0.0255  0.0270  0.0265  0.0276  0.0262  0.0274  0.0255  0.0254
  0.0268  0.0267  0.0262  0.0273  0.0254  0.0261  0.0257  0.0259  0.0255  0.0260  0.0253  0.0252
  0.0262  0.0262  0.0262  0.0262  0.0262  0.0253  0.0253  0.0253  0.0253  0.0253  0.0252  0.0252
  0.0265  0.0264  0.0265  0.0264  0.0279  0.0253  0.0255  0.0259  0.0256  0.0254  0.0254  0.0254
  0.0277  0.0273  0.0272  0.0284  0.0307  0.0264  0.0262  0.0275  0.0264  0.0262  0.0257  0.0259
  0.0297  0.0288  0.0282  0.0319  0.0346  0.0284  0.0274  0.0300  0.0276  0.0277  0.0263  0.0264
niter,ni,del,rscale     6    3    5.0000    1.2000
parameters
   -4.6186   -4.4754   -3.1513   -9.3886  -17.5337   -4.4958
    6.2548   -4.0414   -2.1599   24.6197   10.9693  -31.3656
eta,q 0.97486  9.72014
  0.0291  0.0286  0.0268  0.0295  0.0281  0.0279  0.0274  0.0299  0.0273  0.0287  0.0259  0.0260
  0.0271  0.0268  0.0259  0.0277  0.0265  0.0269  0.0262  0.0276  0.0262  0.0269  0.0255  0.0255
  0.0257  0.0257  0.0254  0.0263  0.0255  0.0260  0.0255  0.0259  0.0254  0.0257  0.0252  0.0252
  0.0252  0.0252  0.0252  0.0252  0.0252  0.0252  0.0252  0.0252  0.0252  0.0252  0.0251  0.0251
  0.0256  0.0254  0.0254  0.0252  0.0257  0.0251  0.0254  0.0257  0.0254  0.0254  0.0253  0.0252
  0.0268  0.0261  0.0259  0.0269  0.0270  0.0264  0.0262  0.0273  0.0260  0.0264  0.0256  0.0256
  0.0287  0.0274  0.0267  0.0302  0.0294  0.0283  0.0274  0.0297  0.0272  0.0280  0.0261  0.0261
niter,ni,del,rscale     5    3    5.0000    1.2000
parameters
   -4.5978   -4.3943   -3.1154   -9.3906  -17.6870   -4.4457
    6.2559   -3.9982   -2.0836   24.7358   10.8722  -31.4393
eta,q 0.97486  9.71649
  0.0288  0.0281  0.0267  0.0294  0.0284  0.0279  0.0274  0.0298  0.0272  0.0284  0.0260  0.0260
  0.0269  0.0265  0.0259  0.0276  0.0267  0.0269  0.0262  0.0275  0.0261  0.0267  0.0255  0.0255
  0.0256  0.0255  0.0253  0.0262  0.0256  0.0259  0.0254  0.0258  0.0254  0.0256  0.0252  0.0252
  0.0251  0.0251  0.0251  0.0251  0.0251  0.0252  0.0251  0.0251  0.0251  0.0251  0.0251  0.0251
  0.0256  0.0254  0.0253  0.0252  0.0255  0.0251  0.0254  0.0257  0.0254  0.0255  0.0252  0.0252
  0.0268  0.0263  0.0258  0.0269  0.0267  0.0264  0.0262  0.0273  0.0260  0.0265  0.0255  0.0255
  0.0287  0.0276  0.0266  0.0302  0.0288  0.0283  0.0274  0.0298  0.0272  0.0282  0.0260  0.0260
niter,ni,del,rscale     4    3    5.0000    1.2000
parameters
   -4.5906   -4.3696   -3.1018   -9.3901  -17.7287   -4.4246
    6.2466   -3.9836   -2.0573   24.7660   10.8301  -31.4369
eta,q 0.97487  9.71540
  0.0288  0.0279  0.0267  0.0294  0.0284  0.0279  0.0274  0.0298  0.0272  0.0283  0.0260  0.0260
  0.0268  0.0264  0.0258  0.0276  0.0268  0.0269  0.0262  0.0275  0.0261  0.0266  0.0255  0.0255
  0.0256  0.0254  0.0253  0.0262  0.0256  0.0259  0.0254  0.0258  0.0254  0.0255  0.0252  0.0252
  0.0251  0.0251  0.0251  0.0251  0.0251  0.0251  0.0251  0.0251  0.0251  0.0251  0.0251  0.0251
  0.0256  0.0255  0.0253  0.0252  0.0254  0.0252  0.0254  0.0257  0.0254  0.0255  0.0252  0.0252
  0.0268  0.0264  0.0258  0.0269  0.0266  0.0265  0.0262  0.0273  0.0260  0.0266  0.0255  0.0255
  0.0287  0.0277  0.0266  0.0302  0.0287  0.0284  0.0274  0.0298  0.0272  0.0283  0.0260  0.0260
niter,ni,del,rscale     3    3    5.0000    1.2000
parameters
   -4.5867   -4.3641   -3.0950   -9.3907  -17.7445   -4.4157
    6.2508   -3.9789   -2.0496   24.7735   10.8176  -31.4510
eta,q 0.97486  9.71512
  0.0288  0.0279  0.0267  0.0294  0.0284  0.0279  0.0274  0.0297  0.0272  0.0283  0.0260  0.0260
  0.0268  0.0263  0.0258  0.0276  0.0268  0.0269  0.0262  0.0275  0.0261  0.0266  0.0255  0.0255
  0.0256  0.0254  0.0253  0.0262  0.0256  0.0259  0.0254  0.0258  0.0254  0.0255  0.0252  0.0252
  0.0251  0.0251  0.0251  0.0251  0.0251  0.0251  0.0251  0.0251  0.0251  0.0251  0.0251  0.0251
  0.0256  0.0255  0.0253  0.0252  0.0254  0.0252  0.0254  0.0257  0.0254  0.0255  0.0252  0.0252
  0.0268  0.0264  0.0258  0.0269  0.0266  0.0265  0.0262  0.0273  0.0261  0.0266  0.0255  0.0255
  0.0288  0.0278  0.0266  0.0302  0.0287  0.0284  0.0274  0.0298  0.0272  0.0283  0.0260  0.0260
registration optimization eta report
parameter search radius
    2.4000    2.4000    2.4000    9.5220    9.5220    7.2000
    7.2000    7.2000    7.2000    7.2000    7.2000    7.2000
100000*second partial in parameter space
       63.       46.       26.        5.        4.        6.
        4.        9.        4.        6.        2.        2.
  0.0288  0.0279  0.0267  0.0294  0.0284  0.0279  0.0274  0.0297  0.0272  0.0283  0.0260  0.0260
  0.0268  0.0263  0.0258  0.0276  0.0268  0.0269  0.0262  0.0275  0.0261  0.0266  0.0255  0.0255
  0.0256  0.0254  0.0253  0.0262  0.0256  0.0259  0.0254  0.0258  0.0254  0.0255  0.0252  0.0252
  0.0251  0.0251  0.0251  0.0251  0.0251  0.0251  0.0251  0.0251  0.0251  0.0251  0.0251  0.0251
  0.0256  0.0255  0.0253  0.0252  0.0254  0.0252  0.0254  0.0257  0.0254  0.0255  0.0252  0.0252
  0.0268  0.0264  0.0258  0.0269  0.0266  0.0265  0.0262  0.0273  0.0261  0.0266  0.0255  0.0255
  0.0288  0.0278  0.0266  0.0302  0.0287  0.0284  0.0274  0.0298  0.0272  0.0283  0.0260  0.0260
   -4.5867   -4.3641   -3.0950   -9.3907  -17.7445   -4.4157
    6.2508   -3.9789   -2.0496   24.7735   10.8176  -31.4510
eta,q 0.97486  9.71512

---------------------------------------------------------------------
imgreg_4dfp /opt/freesurfer/average/711-2C_as_mni_average_305 /opt/freesurfer/average/711-2B_as_mni_average_305_mask talsrcimg_g11 none talsrcimg_to_711-2C_as_mni_average_305_t4 2311
---------------------------------------------------------------------

freesurfer imgreg_4dfp.c
/opt/freesurfer/average/711-2C_as_mni_average_305.4dfp.img
       256       256       256         1
  1.000000  1.000000  1.000000
orientation T byte_order littleendian
Reading image: /opt/freesurfer/average/711-2C_as_mni_average_305.4dfp.img
dimensions:      256       256       256
mmppix:       1.0000   -1.0000   -1.0000
center:     128.0000 -129.0000 -129.0000
/opt/freesurfer/average/711-2B_as_mni_average_305_mask.4dfp.img
       256       256       256         1
  1.000000  1.000000  1.000000
orientation T byte_order littleendian
Reading mask: /opt/freesurfer/average/711-2B_as_mni_average_305_mask.4dfp.img (2306576 pixels)
talsrcimg_g11.4dfp.img
       256       256       256         1
  1.000000  1.000000  1.000000
orientation T byte_order littleendian
Reading image: talsrcimg_g11.4dfp.img
dimensions:      256       256       256
mmppix:       1.0000   -1.0000   -1.0000
center:     128.0000 -129.0000 -129.0000
fimgreg.f
image alignment mode   2311 decimal      907 hex
parameters
   -4.5867   -4.3641   -3.0950   -9.3907  -17.7445   -4.4157
    6.2508   -3.9789   -2.0496   24.7735   10.8176  -31.4510
eta,q 0.97486  9.71512
niter,ni,del,rscale     5    3    5.0000    0.8000
parameters
   -4.5852   -4.3978   -3.1144   -8.1336  -17.3116   -3.9980
    6.1959   -3.8204   -1.9198   24.5162   10.6182  -31.7275
eta,q 0.97509  9.79332
  0.0268  0.0263  0.0258  0.0269  0.0260  0.0268  0.0260  0.0275  0.0259  0.0263  0.0254  0.0253
  0.0259  0.0256  0.0254  0.0262  0.0255  0.0261  0.0254  0.0262  0.0254  0.0255  0.0251  0.0251
  0.0253  0.0252  0.0252  0.0256  0.0252  0.0254  0.0251  0.0253  0.0250  0.0250  0.0250  0.0249
  0.0251  0.0251  0.0251  0.0251  0.0250  0.0250  0.0249  0.0249  0.0249  0.0249  0.0249  0.0249
  0.0253  0.0253  0.0252  0.0250  0.0250  0.0249  0.0250  0.0252  0.0250  0.0251  0.0250  0.0250
  0.0259  0.0257  0.0255  0.0252  0.0253  0.0254  0.0255  0.0260  0.0253  0.0257  0.0252  0.0251
  0.0268  0.0264  0.0258  0.0258  0.0258  0.0265  0.0261  0.0272  0.0258  0.0266  0.0254  0.0254
niter,ni,del,rscale     4    3    5.0000    0.7000
parameters
   -4.6319   -4.4030   -3.0226   -8.1016  -17.2075   -3.6934
    6.2503   -3.8251   -1.9096   24.4566   10.5876  -31.7306
eta,q 0.97513  9.81024
  0.0262  0.0259  0.0256  0.0261  0.0257  0.0264  0.0258  0.0268  0.0256  0.0260  0.0253  0.0252
  0.0255  0.0253  0.0252  0.0255  0.0253  0.0258  0.0253  0.0258  0.0252  0.0254  0.0250  0.0250
  0.0250  0.0250  0.0250  0.0251  0.0250  0.0253  0.0250  0.0251  0.0250  0.0250  0.0249  0.0249
  0.0249  0.0249  0.0249  0.0249  0.0249  0.0249  0.0249  0.0249  0.0249  0.0249  0.0249  0.0249
  0.0251  0.0250  0.0249  0.0250  0.0250  0.0249  0.0250  0.0251  0.0249  0.0250  0.0249  0.0249
  0.0256  0.0253  0.0251  0.0254  0.0252  0.0253  0.0253  0.0258  0.0252  0.0254  0.0251  0.0250
  0.0264  0.0259  0.0254  0.0261  0.0256  0.0262  0.0258  0.0269  0.0256  0.0261  0.0253  0.0252
niter,ni,del,rscale     3    3    5.0000    0.6000
parameters
   -4.6478   -4.4100   -2.9263   -8.0452  -17.1867   -3.4470
    6.2758   -3.8188   -1.9191   24.4106   10.5449  -31.7054
eta,q 0.97516  9.82099
  0.0259  0.0256  0.0254  0.0258  0.0254  0.0260  0.0255  0.0264  0.0254  0.0257  0.0251  0.0251
  0.0253  0.0252  0.0251  0.0253  0.0251  0.0255  0.0252  0.0256  0.0251  0.0252  0.0250  0.0249
  0.0250  0.0249  0.0249  0.0250  0.0249  0.0251  0.0249  0.0250  0.0249  0.0249  0.0249  0.0249
  0.0249  0.0249  0.0249  0.0249  0.0249  0.0249  0.0248  0.0248  0.0248  0.0248  0.0248  0.0248
  0.0250  0.0250  0.0249  0.0249  0.0249  0.0249  0.0249  0.0250  0.0249  0.0250  0.0249  0.0249
  0.0253  0.0252  0.0250  0.0252  0.0251  0.0252  0.0251  0.0255  0.0251  0.0253  0.0250  0.0249
  0.0259  0.0256  0.0252  0.0258  0.0254  0.0259  0.0255  0.0264  0.0254  0.0257  0.0251  0.0251
niter,ni,del,rscale     2    3    5.0000    0.5000
parameters
   -4.6570   -4.4141   -2.8442   -7.9988  -17.1549   -3.2323
    6.3006   -3.8111   -1.9246   24.3601   10.5278  -31.6927
eta,q 0.97517  9.83075
  0.0255  0.0253  0.0252  0.0255  0.0252  0.0257  0.0253  0.0259  0.0252  0.0254  0.0250  0.0250
  0.0252  0.0251  0.0250  0.0252  0.0250  0.0253  0.0251  0.0253  0.0250  0.0251  0.0249  0.0249
  0.0249  0.0249  0.0249  0.0249  0.0249  0.0250  0.0249  0.0250  0.0249  0.0249  0.0248  0.0248
  0.0248  0.0248  0.0248  0.0248  0.0248  0.0248  0.0248  0.0248  0.0248  0.0248  0.0248  0.0248
  0.0249  0.0249  0.0249  0.0249  0.0249  0.0248  0.0249  0.0250  0.0249  0.0249  0.0249  0.0248
  0.0252  0.0251  0.0249  0.0251  0.0250  0.0251  0.0250  0.0253  0.0250  0.0251  0.0249  0.0249
  0.0256  0.0253  0.0251  0.0255  0.0252  0.0256  0.0253  0.0259  0.0252  0.0255  0.0250  0.0250
niter,ni,del,rscale     1    3    5.0000    0.4000
parameters
   -4.6697   -4.4216   -2.7721   -7.9749  -17.1367   -3.0408
    6.3274   -3.8153   -1.9415   24.3219   10.4957  -31.6590
eta,q 0.97518  9.83830
  0.0253  0.0251  0.0251  0.0253  0.0251  0.0254  0.0251  0.0255  0.0251  0.0252  0.0250  0.0249
  0.0250  0.0250  0.0249  0.0250  0.0249  0.0251  0.0250  0.0251  0.0249  0.0250  0.0249  0.0249
  0.0249  0.0249  0.0249  0.0249  0.0249  0.0249  0.0249  0.0249  0.0248  0.0249  0.0248  0.0248
  0.0248  0.0248  0.0248  0.0248  0.0248  0.0248  0.0248  0.0248  0.0248  0.0248  0.0248  0.0248
  0.0249  0.0249  0.0248  0.0249  0.0249  0.0248  0.0249  0.0249  0.0248  0.0249  0.0248  0.0248
  0.0250  0.0250  0.0249  0.0250  0.0249  0.0250  0.0250  0.0251  0.0249  0.0250  0.0249  0.0249
  0.0253  0.0252  0.0250  0.0252  0.0251  0.0253  0.0251  0.0255  0.0251  0.0252  0.0250  0.0249
registration optimization eta report
parameter search radius
    0.8000    0.8000    0.8000    2.4000    2.4000    2.4000
    2.4000    2.4000    2.4000    2.4000    2.4000    2.4000
100000*second partial in parameter space
       72.       49.       30.        7.        4.        9.
        6.       12.        4.        7.        2.        2.
  0.0253  0.0251  0.0251  0.0253  0.0251  0.0254  0.0251  0.0255  0.0251  0.0252  0.0250  0.0249
  0.0250  0.0250  0.0249  0.0250  0.0249  0.0251  0.0250  0.0251  0.0249  0.0250  0.0249  0.0249
  0.0249  0.0249  0.0249  0.0249  0.0249  0.0249  0.0249  0.0249  0.0248  0.0249  0.0248  0.0248
  0.0248  0.0248  0.0248  0.0248  0.0248  0.0248  0.0248  0.0248  0.0248  0.0248  0.0248  0.0248
  0.0249  0.0249  0.0248  0.0249  0.0249  0.0248  0.0249  0.0249  0.0248  0.0249  0.0248  0.0248
  0.0250  0.0250  0.0249  0.0250  0.0249  0.0250  0.0250  0.0251  0.0249  0.0250  0.0249  0.0249
  0.0253  0.0252  0.0250  0.0252  0.0251  0.0253  0.0251  0.0255  0.0251  0.0252  0.0250  0.0249
   -4.6697   -4.4216   -2.7721   -7.9749  -17.1367   -3.0408
    6.3274   -3.8153   -1.9415   24.3219   10.4957  -31.6590
eta,q 0.97518  9.83830

---------------------------------------------------------------------
imgreg_4dfp /opt/freesurfer/average/711-2C_as_mni_average_305 /opt/freesurfer/average/711-2B_as_mni_average_305_mask talsrcimg_g11 none talsrcimg_to_711-2C_as_mni_average_305_t4 2311
---------------------------------------------------------------------

freesurfer imgreg_4dfp.c
/opt/freesurfer/average/711-2C_as_mni_average_305.4dfp.img
       256       256       256         1
  1.000000  1.000000  1.000000
orientation T byte_order littleendian
Reading image: /opt/freesurfer/average/711-2C_as_mni_average_305.4dfp.img
dimensions:      256       256       256
mmppix:       1.0000   -1.0000   -1.0000
center:     128.0000 -129.0000 -129.0000
/opt/freesurfer/average/711-2B_as_mni_average_305_mask.4dfp.img
       256       256       256         1
  1.000000  1.000000  1.000000
orientation T byte_order littleendian
Reading mask: /opt/freesurfer/average/711-2B_as_mni_average_305_mask.4dfp.img (2306576 pixels)
talsrcimg_g11.4dfp.img
       256       256       256         1
  1.000000  1.000000  1.000000
orientation T byte_order littleendian
Reading image: talsrcimg_g11.4dfp.img
dimensions:      256       256       256
mmppix:       1.0000   -1.0000   -1.0000
center:     128.0000 -129.0000 -129.0000
fimgreg.f
image alignment mode   2311 decimal      907 hex
parameters
   -4.6697   -4.4216   -2.7721   -7.9749  -17.1367   -3.0408
    6.3274   -3.8153   -1.9415   24.3219   10.4957  -31.6590
eta,q 0.97518  9.83829
niter,ni,del,rscale     5    3    5.0000    0.8000
parameters
   -4.6728   -4.3974   -2.6883   -8.2621  -17.2778   -3.3634
    6.2692   -3.8977   -1.9523   24.4622   10.5834  -31.4399
eta,q 0.97516  9.81293
  0.0266  0.0261  0.0257  0.0262  0.0257  0.0264  0.0260  0.0272  0.0258  0.0265  0.0254  0.0253
  0.0256  0.0254  0.0252  0.0255  0.0252  0.0257  0.0254  0.0260  0.0253  0.0256  0.0251  0.0250
  0.0250  0.0250  0.0249  0.0250  0.0249  0.0251  0.0250  0.0251  0.0250  0.0250  0.0249  0.0249
  0.0248  0.0248  0.0248  0.0248  0.0248  0.0248  0.0248  0.0248  0.0248  0.0249  0.0248  0.0248
  0.0250  0.0250  0.0249  0.0250  0.0249  0.0250  0.0250  0.0252  0.0250  0.0250  0.0249  0.0249
  0.0256  0.0254  0.0251  0.0256  0.0253  0.0258  0.0254  0.0261  0.0253  0.0255  0.0251  0.0250
  0.0266  0.0260  0.0255  0.0268  0.0259  0.0271  0.0261  0.0274  0.0258  0.0263  0.0253  0.0252
niter,ni,del,rscale     4    3    5.0000    0.7000
parameters
   -4.6673   -4.4107   -2.7779   -8.1527  -17.2295   -3.4084
    6.2582   -3.8676   -1.9377   24.4186   10.5898  -31.5488
eta,q 0.97516  9.81684
  0.0262  0.0258  0.0253  0.0261  0.0256  0.0262  0.0257  0.0268  0.0256  0.0260  0.0252  0.0251
  0.0255  0.0253  0.0250  0.0255  0.0252  0.0256  0.0253  0.0258  0.0252  0.0254  0.0250  0.0250
  0.0250  0.0249  0.0249  0.0250  0.0249  0.0251  0.0250  0.0251  0.0249  0.0250  0.0249  0.0249
  0.0248  0.0248  0.0248  0.0248  0.0248  0.0248  0.0248  0.0248  0.0248  0.0248  0.0248  0.0248
  0.0250  0.0250  0.0249  0.0249  0.0249  0.0249  0.0249  0.0251  0.0249  0.0250  0.0249  0.0249
  0.0255  0.0253  0.0251  0.0253  0.0251  0.0255  0.0253  0.0257  0.0252  0.0254  0.0250  0.0250
  0.0262  0.0258  0.0255  0.0260  0.0256  0.0265  0.0258  0.0268  0.0256  0.0261  0.0252  0.0252
niter,ni,del,rscale     3    3    5.0000    0.6000
parameters
   -4.6633   -4.4156   -2.8105   -8.0615  -17.1784   -3.3199
    6.2726   -3.8410   -1.9389   24.3858   10.5637  -31.6177
eta,q 0.97517  9.82495
  0.0259  0.0256  0.0252  0.0258  0.0254  0.0260  0.0255  0.0264  0.0254  0.0257  0.0251  0.0251
  0.0253  0.0252  0.0250  0.0253  0.0251  0.0255  0.0252  0.0256  0.0251  0.0252  0.0250  0.0249
  0.0250  0.0249  0.0249  0.0250  0.0249  0.0251  0.0249  0.0250  0.0249  0.0249  0.0249  0.0249
  0.0248  0.0248  0.0248  0.0248  0.0248  0.0248  0.0248  0.0248  0.0248  0.0248  0.0248  0.0248
  0.0250  0.0249  0.0249  0.0249  0.0249  0.0249  0.0249  0.0250  0.0249  0.0249  0.0249  0.0249
  0.0253  0.0252  0.0250  0.0252  0.0251  0.0252  0.0251  0.0255  0.0251  0.0252  0.0250  0.0249
  0.0259  0.0256  0.0253  0.0257  0.0254  0.0260  0.0255  0.0263  0.0254  0.0257  0.0251  0.0251
niter,ni,del,rscale     2    3    5.0000    0.5000
parameters
   -4.6686   -4.4170   -2.7949   -8.0078  -17.1472   -3.1820
    6.2994   -3.8265   -1.9303   24.3552   10.5453  -31.6447
eta,q 0.97518  9.83258
  0.0255  0.0253  0.0251  0.0255  0.0252  0.0257  0.0253  0.0259  0.0252  0.0254  0.0250  0.0250
  0.0251  0.0251  0.0250  0.0251  0.0250  0.0253  0.0251  0.0253  0.0250  0.0251  0.0249  0.0249
  0.0249  0.0249  0.0249  0.0249  0.0249  0.0250  0.0249  0.0250  0.0249  0.0249  0.0248  0.0248
  0.0248  0.0248  0.0248  0.0248  0.0248  0.0248  0.0248  0.0248  0.0248  0.0248  0.0248  0.0248
  0.0249  0.0249  0.0249  0.0249  0.0249  0.0249  0.0249  0.0249  0.0249  0.0249  0.0249  0.0248
  0.0252  0.0251  0.0250  0.0251  0.0250  0.0251  0.0250  0.0253  0.0250  0.0251  0.0249  0.0249
  0.0256  0.0253  0.0251  0.0255  0.0252  0.0256  0.0253  0.0259  0.0252  0.0255  0.0250  0.0250
niter,ni,del,rscale     1    3    5.0000    0.4000
parameters
   -4.6716   -4.4188   -2.7465   -7.9913  -17.1205   -3.0206
    6.3292   -3.8258   -1.9440   24.3292   10.5169  -31.6453
eta,q 0.97518  9.83972
  0.0253  0.0251  0.0250  0.0252  0.0251  0.0254  0.0251  0.0255  0.0251  0.0252  0.0250  0.0249
  0.0250  0.0250  0.0249  0.0250  0.0249  0.0251  0.0250  0.0251  0.0249  0.0250  0.0249  0.0249
  0.0249  0.0249  0.0248  0.0249  0.0249  0.0249  0.0249  0.0249  0.0248  0.0249  0.0248  0.0248
  0.0248  0.0248  0.0248  0.0248  0.0248  0.0248  0.0248  0.0248  0.0248  0.0248  0.0248  0.0248
  0.0249  0.0249  0.0248  0.0249  0.0248  0.0248  0.0248  0.0249  0.0248  0.0249  0.0248  0.0248
  0.0250  0.0250  0.0249  0.0250  0.0249  0.0250  0.0250  0.0251  0.0249  0.0250  0.0249  0.0249
  0.0253  0.0251  0.0250  0.0252  0.0251  0.0253  0.0251  0.0255  0.0251  0.0252  0.0250  0.0249
registration optimization eta report
parameter search radius
    0.8000    0.8000    0.8000    2.4000    2.4000    2.4000
    2.4000    2.4000    2.4000    2.4000    2.4000    2.4000
100000*second partial in parameter space
       72.       50.       30.        7.        4.        9.
        6.       12.        4.        7.        2.        2.
  0.0253  0.0251  0.0250  0.0252  0.0251  0.0254  0.0251  0.0255  0.0251  0.0252  0.0250  0.0249
  0.0250  0.0250  0.0249  0.0250  0.0249  0.0251  0.0250  0.0251  0.0249  0.0250  0.0249  0.0249
  0.0249  0.0249  0.0248  0.0249  0.0249  0.0249  0.0249  0.0249  0.0248  0.0249  0.0248  0.0248
  0.0248  0.0248  0.0248  0.0248  0.0248  0.0248  0.0248  0.0248  0.0248  0.0248  0.0248  0.0248
  0.0249  0.0249  0.0248  0.0249  0.0248  0.0248  0.0248  0.0249  0.0248  0.0249  0.0248  0.0248
  0.0250  0.0250  0.0249  0.0250  0.0249  0.0250  0.0250  0.0251  0.0249  0.0250  0.0249  0.0249
  0.0253  0.0251  0.0250  0.0252  0.0251  0.0253  0.0251  0.0255  0.0251  0.0252  0.0250  0.0249
   -4.6716   -4.4188   -2.7465   -7.9913  -17.1205   -3.0206
    6.3292   -3.8258   -1.9440   24.3292   10.5169  -31.6453
eta,q 0.97518  9.83972

---------------------------------------------------------------------
compute_vox2vox talsrcimg talsrcimg_to_711-2C_as_mni_average_305_t4 /opt/freesurfer/average/711-2C_as_mni_average_305
---------------------------------------------------------------------

freesurfer compute_vox2vox.c
Reading: talsrcimg.4dfp.ifh
Reading: talsrcimg_to_711-2C_as_mni_average_305_t4
Reading: /opt/freesurfer/average/711-2C_as_mni_average_305.4dfp.ifh
Writing: talsrcimg_to_711-2C_as_mni_average_305_t4_vox2vox.txt

start time Thu Mar 12 07:33:59 CET 2026
end		time Thu Mar 12 07:35:26 CET 2026

mpr2mni305 success

avi2talxfm orig_nu.mgz /opt/freesurfer/average/mni305.cor.mgz talsrcimg_to_711-2C_as_mni_average_305_t4_vox2vox.txt transforms/talairach.auto.xfm
avi2talxfm done
mv -f /out/sourcedata/freesurfer/sub-v1s10x0051102_ses-1/mri/talsrcimg_to_711-2C_as_mni_average_305_t4_vox2vox.txt /out/sourcedata/freesurfer/sub-v1s10x0051102_ses-1/mri/transforms/talsrcimg_to_711-2C_as_mni_average_305_t4_vox2vox.txt
lta_convert --src orig_nu.mgz --trg /opt/freesurfer/average/mni305.cor.mgz --inxfm transforms/talairach.auto.xfm --outlta transforms/talairach.auto.xfm.lta --subject fsaverage
7.3.2

--src: orig_nu.mgz src image (geometry).
--trg: /opt/freesurfer/average/mni305.cor.mgz trg image (geometry).
--inmni: transforms/talairach.auto.xfm input MNI/XFM transform.
--outlta: transforms/talairach.auto.xfm.lta output LTA.
--s: fsaverage subject name
 LTA read, type : 1
 1.07898   0.05771  -0.06036  -3.56849;
-0.09924   0.93570   0.36485   3.40082;
 0.05444  -0.27332   1.09805   3.62163;
 0.00000   0.00000   0.00000   1.00000;
setting subject to fsaverage
Writing  LTA to file transforms/talairach.auto.xfm.lta...
lta_convert successful.
 
 
Started at Thu Mar 12 07:33:58 CET 2026
Ended   at Thu Mar 12 07:35:26 CET 2026
talairach_avi done
