/out/sourcedata/freesurfer/sub-v1s10x0051024_ses-1/mri
/opt/freesurfer/bin/talairach_avi
--i orig_nu.mgz --xfm transforms/talairach.auto.xfm
talairach_avi 7.3.2
Linux dna075 5.14.0-427.37.1.el9_4.x86_64 #1 SMP PREEMPT_DYNAMIC Fri Sep 13 12:41:50 EDT 2024 x86_64 x86_64 x86_64 GNU/Linux
Thu Mar 12 02:54:39 CET 2026
mri_convert orig_nu.mgz talsrcimg.img 
reading from orig_nu.mgz...
TR=0.00, TE=0.00, TI=0.00, flip angle=0.00
i_ras = (-1, 0, 0)
j_ras = (0, 0, -1)
k_ras = (0, 1, 0)
writing to talsrcimg.img...
Analyze Output Matrix
-1.00000   0.00000   0.00000   132.55667;
 0.00000   0.00000   1.00000  -128.00000;
 0.00000  -1.00000   0.00000   122.77109;
 0.00000   0.00000   0.00000   1.00000;
--------------------
INFO: set hdr.hist.orient to -1
mpr2mni305 talsrcimg
Thu Mar 12 02:54:40 CET 2026
/opt/freesurfer/bin/mpr2mni305 talsrcimg
mpr2mni305 7.3.2
target=711-2C_as_mni_average_305

---------------------------------------------------------------------
analyzeto4dfp talsrcimg -O0 -y
---------------------------------------------------------------------

freesurfer ifh2hdr.c
Thu Mar 12 02:54:40 2026
Writing: talsrcimg.4dfp.hdr
freesurfer analyzeto4dfp.c
Reading: talsrcimg.hdr
header size 348 bytes
hdr.dime.datatype	offset=70	value=2
hdr.dime.bitpix		offset=72	value=8
hdr.hist.orient		offset=252	value=-1
dimensionality     4
dimensions       256       256       256         1
Reading: talsrcimg.img
Writing: talsrcimg.4dfp.img
Writing: talsrcimg.4dfp.ifh
ifh2hdr talsrcimg -r0to220
ori=2

---------------------------------------------------------------------
gauss_4dfp talsrcimg 1.1
---------------------------------------------------------------------

freesurfer gauss_4dfp.c
Reading: talsrcimg.4dfp.img
Writing: talsrcimg_g11.4dfp.img
image dimensions 256 256 256 padded to 288 288 288
processing volume 1freesurfer ifh2hdr.c
Thu Mar 12 02:54:41 2026
Writing: talsrcimg_g11.4dfp.hdr

Writing: talsrcimg_g11.4dfp.ifh
including: talsrcimg.4dfp.img.rec in talsrcimg_g11.4dfp.img.rec

---------------------------------------------------------------------
imgreg_4dfp /opt/freesurfer/average/711-2C_as_mni_average_305 none talsrcimg_g11 none talsrcimg_to_711-2C_as_mni_average_305_t4 4355
---------------------------------------------------------------------

freesurfer imgreg_4dfp.c
/opt/freesurfer/average/711-2C_as_mni_average_305.4dfp.img
       256       256       256         1
  1.000000  1.000000  1.000000
orientation T byte_order littleendian
Reading image: /opt/freesurfer/average/711-2C_as_mni_average_305.4dfp.img
dimensions:      256       256       256
mmppix:       1.0000   -1.0000   -1.0000
center:     128.0000 -129.0000 -129.0000
talsrcimg_g11.4dfp.img
       256       256       256         1
  1.000000  1.000000  1.000000
orientation T byte_order littleendian
Reading image: talsrcimg_g11.4dfp.img
dimensions:      256       256       256
mmppix:       1.0000   -1.0000   -1.0000
center:     128.0000 -129.0000 -129.0000
t4_read: open error in t4_sub.f l:  41 t4_file(1:l)talsrcimg_to_711-2C_as_mni_average_305_t4 
t4_read: transform initialized to I4
rotation matrix determinant  1.000000
image alignment mode   4355 decimal     1103 hex
   -7.5000  -45.0000  -45.0000 8401.3223   15.7811
    0.0000  -45.0000  -45.0000 8768.1943   15.7703
    7.5000  -45.0000  -45.0000 8348.7686   15.7573
   -7.5000  -37.5000  -45.0000 8731.7529   15.7482
    0.0000  -37.5000  -45.0000 9112.4219   15.7383
    7.5000  -37.5000  -45.0000 8681.4512   15.7259
   -7.5000  -30.0000  -45.0000 9332.0967   15.7081
    0.0000  -30.0000  -45.0000 9746.6924   15.6980
    7.5000  -30.0000  -45.0000 9287.5342   15.6859
   -7.5000  -22.5000  -45.0000 9900.1582   15.6905
    0.0000  -22.5000  -45.000010343.4014   15.6787
    7.5000  -22.5000  -45.0000 9856.1836   15.6661
   -7.5000  -15.0000  -45.000010409.9209   15.7103
    0.0000  -15.0000  -45.000010872.5059   15.6980
    7.5000  -15.0000  -45.000010350.6895   15.6840
   -7.5000   -7.5000  -45.000010844.8525   15.7512
    0.0000   -7.5000  -45.000011348.3643   15.7397
    7.5000   -7.5000  -45.000010778.2227   15.7255
   -7.5000    0.0000  -45.000011214.3623   15.7704
    0.0000    0.0000  -45.000011724.0400   15.7595
    7.5000    0.0000  -45.000011121.1650   15.7464
   -7.5000    7.5000  -45.000010693.1074   15.7471
    0.0000    7.5000  -45.000011180.9590   15.7372
    7.5000    7.5000  -45.000010583.6592   15.7247
   -7.5000   15.0000  -45.000010013.6777   15.7082
    0.0000   15.0000  -45.000010466.3701   15.6980
    7.5000   15.0000  -45.0000 9903.6104   15.6859
   -7.5000   22.5000  -45.0000 9283.0156   15.6951
    0.0000   22.5000  -45.0000 9712.1523   15.6832
    7.5000   22.5000  -45.0000 9167.7734   15.6706
   -7.5000   30.0000  -45.0000 8528.6611   15.5251
    0.0000   30.0000  -45.0000 8905.9521   15.5130
    7.5000   30.0000  -45.0000 8407.5752   15.4990
   -7.5000   37.5000  -45.0000 8051.6069   15.6021
    0.0000   37.5000  -45.0000 8397.5811   15.5908
    7.5000   37.5000  -45.0000 7920.5762   15.5767
   -7.5000   45.0000  -45.0000 7181.4546   15.3025
    0.0000   45.0000  -45.0000 7478.4995   15.2926
    7.5000   45.0000  -45.0000 7045.1084   15.2797
   -7.5000  -45.0000  -37.5000 8941.6689   15.6640
    0.0000  -45.0000  -37.5000 9315.3301   15.6526
    7.5000  -45.0000  -37.5000 8843.1348   15.6392
   -7.5000  -37.5000  -37.5000 9266.7861   15.6384
    0.0000  -37.5000  -37.5000 9666.2002   15.6266
    7.5000  -37.5000  -37.5000 9205.1309   15.6158
   -7.5000  -30.0000  -37.5000 9894.4619   15.6035
    0.0000  -30.0000  -37.500010314.7275   15.5906
    7.5000  -30.0000  -37.5000 9836.0879   15.5814
   -7.5000  -22.5000  -37.500010481.4150   15.5850
    0.0000  -22.5000  -37.500010928.7480   15.5709
    7.5000  -22.5000  -37.500010426.5625   15.5602
   -7.5000  -15.0000  -37.500011006.0137   15.6000
    0.0000  -15.0000  -37.500011470.2148   15.5869
    7.5000  -15.0000  -37.500010938.7100   15.5726
   -7.5000   -7.5000  -37.500011481.6201   15.6351
    0.0000   -7.5000  -37.500011963.9082   15.6233
    7.5000   -7.5000  -37.500011362.7617   15.6079
   -7.5000    0.0000  -37.500011855.4268   15.6537
    0.0000    0.0000  -37.500012354.1455   15.6421
    7.5000    0.0000  -37.500011717.0820   15.6286
   -7.5000    7.5000  -37.500011293.6162   15.6372
    0.0000    7.5000  -37.500011780.4395   15.6254
    7.5000    7.5000  -37.500011162.4180   15.6145
   -7.5000   15.0000  -37.500010568.9092   15.6035
    0.0000   15.0000  -37.500011040.0166   15.5906
    7.5000   15.0000  -37.500010448.0693   15.5814
   -7.5000   22.5000  -37.5000 9797.0059   15.5887
    0.0000   22.5000  -37.500010226.4473   15.5746
    7.5000   22.5000  -37.5000 9662.4434   15.5638
   -7.5000   30.0000  -37.5000 8973.7305   15.4160
    0.0000   30.0000  -37.5000 9366.9160   15.4032
    7.5000   30.0000  -37.5000 8849.8984   15.3889
   -7.5000   37.5000  -37.5000 8459.9248   15.4865
    0.0000   37.5000  -37.5000 8817.5566   15.4750
    7.5000   37.5000  -37.5000 8333.8398   15.4597
   -7.5000   45.0000  -37.5000 7536.4644   15.1880
    0.0000   45.0000  -37.5000 7850.0308   15.1775
    7.5000   45.0000  -37.5000 7408.1641   15.1642
   -7.5000  -45.0000  -30.0000 9617.9639   16.2755
    0.0000  -45.0000  -30.000010037.8145   16.2575
    7.5000  -45.0000  -30.0000 9554.2686   16.2391
   -7.5000  -37.5000  -30.0000 9986.3633   16.2540
    0.0000  -37.5000  -30.000010414.2891   16.2347
    7.5000  -37.5000  -30.0000 9937.2148   16.2210
   -7.5000  -30.0000  -30.000010674.6543   16.2263
    0.0000  -30.0000  -30.000011115.5117   16.2046
    7.5000  -30.0000  -30.000010607.4756   16.1938
   -7.5000  -22.5000  -30.000011335.9287   16.2113
    0.0000  -22.5000  -30.000011795.3574   16.1892
    7.5000  -22.5000  -30.000011244.6182   16.1753
   -7.5000  -15.0000  -30.000011886.9209   16.2237
    0.0000  -15.0000  -30.000012360.4805   16.2039
    7.5000  -15.0000  -30.000011789.7910   16.1842
   -7.5000   -7.5000  -30.000012363.3535   16.2511
    0.0000   -7.5000  -30.000012851.5566   16.2329
    7.5000   -7.5000  -30.000012233.9541   16.2116
   -7.5000    0.0000  -30.000012704.2012   16.2651
    0.0000    0.0000  -30.000013220.0918   16.2469
    7.5000    0.0000  -30.000012565.2559   16.2284
   -7.5000    7.5000  -30.000012073.6104   16.2527
    0.0000    7.5000  -30.000012598.9990   16.2334
    7.5000    7.5000  -30.000011975.8535   16.2196
   -7.5000   15.0000  -30.000011306.3936   16.2263
    0.0000   15.0000  -30.000011808.7383   16.2046
    7.5000   15.0000  -30.000011211.5303   16.1938
   -7.5000   22.5000  -30.000010478.9590   16.2127
    0.0000   22.5000  -30.000010927.5527   16.1906
    7.5000   22.5000  -30.000010345.7881   16.1767
   -7.5000   30.0000  -30.0000 9600.2061   16.0338
    0.0000   30.0000  -30.000010036.7959   16.0143
    7.5000   30.0000  -30.0000 9480.2227   15.9947
   -7.5000   37.5000  -30.0000 8996.5527   16.0983
    0.0000   37.5000  -30.0000 9404.9072   16.0803
    7.5000   37.5000  -30.0000 8889.0215   16.0591
   -7.5000   45.0000  -30.0000 8018.5527   15.7917
    0.0000   45.0000  -30.0000 8366.0459   15.7747
    7.5000   45.0000  -30.0000 7898.1943   15.7567
   -7.5000  -45.0000  -22.500010345.4629   16.8359
    0.0000  -45.0000  -22.500010797.8867   16.8147
    7.5000  -45.0000  -22.500010279.4648   16.7901
   -7.5000  -37.5000  -22.500010737.9170   16.8093
    0.0000  -37.5000  -22.500011198.4150   16.7865
    7.5000  -37.5000  -22.500010685.1543   16.7666
   -7.5000  -30.0000  -22.500011493.9902   16.7827
    0.0000  -30.0000  -22.500011956.6680   16.7564
    7.5000  -30.0000  -22.500011405.0938   16.7393
   -7.5000  -22.5000  -22.500012208.4551   16.7733
    0.0000  -22.5000  -22.500012699.5303   16.7459
    7.5000  -22.5000  -22.500012092.5830   16.7258
   -7.5000  -15.0000  -22.500012791.6621   16.7899
    0.0000  -15.0000  -22.500013319.7168   16.7650
    7.5000  -15.0000  -22.500012699.9229   16.7388
   -7.5000   -7.5000  -22.500013253.9150   16.8164
    0.0000   -7.5000  -22.500013800.1328   16.7942
    7.5000   -7.5000  -22.500013166.6562   16.7663
   -7.5000    0.0000  -22.500013570.2354   16.8251
    0.0000    0.0000  -22.500014131.5195   16.8039
    7.5000    0.0000  -22.500013476.3398   16.7791
   -7.5000    7.5000  -22.500012869.9043   16.8080
    0.0000    7.5000  -22.500013407.9062   16.7852
    7.5000    7.5000  -22.500012785.1816   16.7652
   -7.5000   15.0000  -22.500012066.7061   16.7827
    0.0000   15.0000  -22.500012588.4961   16.7565
    7.5000   15.0000  -22.500011979.4658   16.7393
   -7.5000   22.5000  -22.500011168.3203   16.7739
    0.0000   22.5000  -22.500011621.2969   16.7466
    7.5000   22.5000  -22.500011069.9443   16.7263
   -7.5000   30.0000  -22.500010215.2549   16.5957
    0.0000   30.0000  -22.500010662.4561   16.5711
    7.5000   30.0000  -22.500010124.1250   16.5452
   -7.5000   37.5000  -22.5000 9574.6699   16.6610
    0.0000   37.5000  -22.500010011.7568   16.6390
    7.5000   37.5000  -22.5000 9474.6611   16.6113
   -7.5000   45.0000  -22.5000 8515.0527   16.3472
    0.0000   45.0000  -22.5000 8883.7109   16.3272
    7.5000   45.0000  -22.5000 8398.4209   16.3031
   -7.5000  -45.0000  -15.000011138.9482   17.2567
    0.0000  -45.0000  -15.000011612.1826   17.2373
    7.5000  -45.0000  -15.000011051.3477   17.2113
   -7.5000  -37.5000  -15.000011524.6250   17.2210
    0.0000  -37.5000  -15.000012009.5156   17.2002
    7.5000  -37.5000  -15.000011436.9150   17.1772
   -7.5000  -30.0000  -15.000012315.3496   17.1875
    0.0000  -30.0000  -15.000012819.4229   17.1631
    7.5000  -30.0000  -15.000012201.1582   17.1417
   -7.5000  -22.5000  -15.000013044.8027   17.1795
    0.0000  -22.5000  -15.000013581.0029   17.1530
    7.5000  -22.5000  -15.000012923.9062   17.1297
   -7.5000  -15.0000  -15.000013683.6904   17.2031
    0.0000  -15.0000  -15.000014248.4600   17.1780
    7.5000  -15.0000  -15.000013575.2285   17.1505
   -7.5000   -7.5000  -15.000014174.1582   17.2369
    0.0000   -7.5000  -15.000014756.2852   17.2152
    7.5000   -7.5000  -15.000014075.2539   17.1867
   -7.5000    0.0000  -15.000014494.3398   17.2455
    0.0000    0.0000  -15.000015065.5957   17.2259
    7.5000    0.0000  -15.000014375.5752   17.1999
   -7.5000    7.5000  -15.000013728.4727   17.2197
    0.0000    7.5000  -15.000014275.8350   17.1990
    7.5000    7.5000  -15.000013612.2930   17.1759
   -7.5000   15.0000  -15.000012871.4004   17.1875
    0.0000   15.0000  -15.000013388.4521   17.1632
    7.5000   15.0000  -15.000012772.4795   17.1418
   -7.5000   22.5000  -15.000011900.0020   17.1802
    0.0000   22.5000  -15.000012374.9043   17.1536
    7.5000   22.5000  -15.000011792.6914   17.1304
   -7.5000   30.0000  -15.000010873.2881   17.0063
    0.0000   30.0000  -15.000011337.5439   16.9815
    7.5000   30.0000  -15.000010768.8262   16.9542
   -7.5000   37.5000  -15.000010178.7461   17.0802
    0.0000   37.5000  -15.000010622.9414   17.0587
    7.5000   37.5000  -15.000010059.1406   17.0304
   -7.5000   45.0000  -15.0000 9040.8848   16.7662
    0.0000   45.0000  -15.0000 9432.1084   16.7479
    7.5000   45.0000  -15.0000 8928.0029   16.7224
   -7.5000  -45.0000   -7.500012011.7070   17.4763
    0.0000  -45.0000   -7.500012512.6191   17.4614
    7.5000  -45.0000   -7.500011869.4336   17.4406
   -7.5000  -37.5000   -7.500012385.0449   17.4357
    0.0000  -37.5000   -7.500012883.6416   17.4208
    7.5000  -37.5000   -7.500012229.4512   17.4007
   -7.5000  -30.0000   -7.500013171.8906   17.3924
    0.0000  -30.0000   -7.500013674.4160   17.3751
    7.5000  -30.0000   -7.500012995.6328   17.3555
   -7.5000  -22.5000   -7.500013952.4043   17.3783
    0.0000  -22.5000   -7.500014483.0645   17.3584
    7.5000  -22.5000   -7.500013767.1826   17.3384
   -7.5000  -15.0000   -7.500014632.8477   17.4045
    0.0000  -15.0000   -7.500015199.3564   17.3847
    7.5000  -15.0000   -7.500014445.0166   17.3629
   -7.5000   -7.5000   -7.500015149.6543   17.4487
    0.0000   -7.5000   -7.500015724.6504   17.4315
    7.5000   -7.5000   -7.500014971.4805   17.4093
   -7.5000    0.0000   -7.500015470.7793   17.4647
    0.0000    0.0000   -7.500016059.1338   17.4496
    7.5000    0.0000   -7.500015280.9336   17.4287
   -7.5000    7.5000   -7.500014635.0596   17.4346
    0.0000    7.5000   -7.500015212.7686   17.4196
    7.5000    7.5000   -7.500014467.8838   17.3994
   -7.5000   15.0000   -7.500013706.0596   17.3924
    0.0000   15.0000   -7.500014269.9854   17.3752
    7.5000   15.0000   -7.500013552.7852   17.3556
   -7.5000   22.5000   -7.500012674.1484   17.3777
    0.0000   22.5000   -7.500013189.6934   17.3578
    7.5000   22.5000   -7.500012550.7617   17.3378
   -7.5000   30.0000   -7.500011584.5098   17.2051
    0.0000   30.0000   -7.500012086.8389   17.1855
    7.5000   30.0000   -7.500011449.3779   17.1638
   -7.5000   37.5000   -7.500010825.8428   17.2896
    0.0000   37.5000   -7.500011306.9268   17.2726
    7.5000   37.5000   -7.500010675.2188   17.2505
   -7.5000   45.0000   -7.5000 9623.3789   16.9833
    0.0000   45.0000   -7.500010051.6318   16.9695
    7.5000   45.0000   -7.5000 9478.7939   16.9489
   -7.5000  -45.0000    0.000012748.7900   17.5122
    0.0000  -45.0000    0.000013328.5605   17.5006
    7.5000  -45.0000    0.000012569.1299   17.4853
   -7.5000  -37.5000    0.000013174.7012   17.4749
    0.0000  -37.5000    0.000013735.7725   17.4636
    7.5000  -37.5000    0.000012977.7500   17.4489
   -7.5000  -30.0000    0.000013998.4785   17.4289
    0.0000  -30.0000    0.000014531.3965   17.4166
    7.5000  -30.0000    0.000013770.5684   17.4023
   -7.5000  -22.5000    0.000014789.2900   17.4087
    0.0000  -22.5000    0.000015347.0068   17.3943
    7.5000  -22.5000    0.000014543.3516   17.3798
   -7.5000  -15.0000    0.000015535.6436   17.4315
    0.0000  -15.0000    0.000016112.3672   17.4172
    7.5000  -15.0000    0.000015221.6602   17.4013
   -7.5000   -7.5000    0.000016145.8652   17.4785
    0.0000   -7.5000    0.000016736.8887   17.4658
    7.5000   -7.5000    0.000015784.2031   17.4495
   -7.5000    0.0000    0.000016489.2129   17.5005
    0.0000    0.0000    0.000017103.6094   17.4887
    7.5000    0.0000    0.000016159.4834   17.4733
   -7.5000    7.5000    0.000015578.9912   17.4737
    0.0000    7.5000    0.000016162.1523   17.4624
    7.5000    7.5000    0.000015276.2285   17.4476
   -7.5000   15.0000    0.000014589.4912   17.4289
    0.0000   15.0000    0.000015168.3877   17.4166
    7.5000   15.0000    0.000014299.9316   17.4023
   -7.5000   22.5000    0.000013502.9355   17.4081
    0.0000   22.5000    0.000014046.6982   17.3936
    7.5000   22.5000    0.000013241.4287   17.3791
   -7.5000   30.0000    0.000012303.9082   17.2325
    0.0000   30.0000    0.000012820.2109   17.2183
    7.5000   30.0000    0.000012071.2012   17.2025
   -7.5000   37.5000    0.000011462.3281   17.3193
    0.0000   37.5000    0.000011968.4795   17.3068
    7.5000   37.5000    0.000011252.5479   17.2905
   -7.5000   45.0000    0.000010153.6055   17.0199
    0.0000   45.0000    0.000010610.3721   17.0093
    7.5000   45.0000    0.0000 9958.6338   16.9940
   -7.5000  -45.0000    7.500012449.7100   17.4918
    0.0000  -45.0000    7.500013055.8555   17.4781
    7.5000  -45.0000    7.500012224.1230   17.4633
   -7.5000  -37.5000    7.500012995.9502   17.4632
    0.0000  -37.5000    7.500013628.8926   17.4489
    7.5000  -37.5000    7.500012706.7305   17.4369
   -7.5000  -30.0000    7.500013876.1543   17.4249
    0.0000  -30.0000    7.500014473.3252   17.4093
    7.5000  -30.0000    7.500013545.9785   17.3990
   -7.5000  -22.5000    7.500014657.7246   17.4048
    0.0000  -22.5000    7.500015220.2080   17.3881
    7.5000  -22.5000    7.500014257.9453   17.3761
   -7.5000  -15.0000    7.500015348.7764   17.4215
    0.0000  -15.0000    7.500015890.0928   17.4062
    7.5000  -15.0000    7.500014881.9951   17.3902
   -7.5000   -7.5000    7.500015912.0371   17.4601
    0.0000   -7.5000    7.500016461.5918   17.4462
    7.5000   -7.5000    7.500015392.6377   17.4292
   -7.5000    0.0000    7.500016275.3369   17.4803
    0.0000    0.0000    7.500016871.3281   17.4665
    7.5000    0.0000    7.500015762.7686   17.4515
   -7.5000    7.5000    7.500015359.4746   17.4619
    0.0000    7.5000    7.500015961.2480   17.4476
    7.5000    7.5000    7.500014909.4629   17.4355
   -7.5000   15.0000    7.500014389.1123   17.4249
    0.0000   15.0000    7.500014954.9990   17.4093
    7.5000   15.0000    7.500013978.9062   17.3991
   -7.5000   22.5000    7.500013337.8799   17.4033
    0.0000   22.5000    7.500013890.7637   17.3865
    7.5000   22.5000    7.500012962.5361   17.3745
   -7.5000   30.0000    7.500012134.4502   17.2227
    0.0000   30.0000    7.500012652.2070   17.2076
    7.5000   30.0000    7.500011816.4355   17.1917
   -7.5000   37.5000    7.500011256.7842   17.3008
    0.0000   37.5000    7.500011736.3340   17.2872
    7.5000   37.5000    7.500010983.9238   17.2702
   -7.5000   45.0000    7.5000 9927.0342   16.9999
    0.0000   45.0000    7.500010357.4814   16.9873
    7.5000   45.0000    7.5000 9704.4805   16.9725
   -7.5000  -45.0000   15.000012014.0137   17.4806
    0.0000  -45.0000   15.000012591.5879   17.4614
    7.5000  -45.0000   15.000011756.8770   17.4416
   -7.5000  -37.5000   15.000012602.9082   17.4574
    0.0000  -37.5000   15.000013271.8701   17.4369
    7.5000  -37.5000   15.000012222.7490   17.4221
   -7.5000  -30.0000   15.000013643.8291   17.4279
    0.0000  -30.0000   15.000014343.6045   17.4047
    7.5000  -30.0000   15.000013104.8496   17.3930
   -7.5000  -22.5000   15.000014415.1260   17.4120
    0.0000  -22.5000   15.000015045.9795   17.3883
    7.5000  -22.5000   15.000013800.6660   17.3734
   -7.5000  -15.0000   15.000014953.5889   17.4253
    0.0000  -15.0000   15.000015572.0625   17.4041
    7.5000  -15.0000   15.000014381.5977   17.3829
   -7.5000   -7.5000   15.000015421.6035   17.4546
    0.0000   -7.5000   15.000016007.3330   17.4352
    7.5000   -7.5000   15.000014866.3896   17.4122
   -7.5000    0.0000   15.000015758.4316   17.4693
    0.0000    0.0000   15.000016362.2559   17.4500
    7.5000    0.0000   15.000015213.7441   17.4301
   -7.5000    7.5000   15.000014874.5684   17.4560
    0.0000    7.5000   15.000015426.7090   17.4354
    7.5000    7.5000   15.000014382.1963   17.4205
   -7.5000   15.0000   15.000013918.9668   17.4279
    0.0000   15.0000   15.000014441.7100   17.4047
    7.5000   15.0000   15.000013477.4219   17.3930
   -7.5000   22.5000   15.000012905.1621   17.4097
    0.0000   22.5000   15.000013419.0811   17.3860
    7.5000   22.5000   15.000012526.8936   17.3710
   -7.5000   30.0000   15.000011732.2432   17.2265
    0.0000   30.0000   15.000012205.1719   17.2056
    7.5000   30.0000   15.000011400.2158   17.1845
   -7.5000   37.5000   15.000010842.8047   17.2955
    0.0000   37.5000   15.000011296.3672   17.2764
    7.5000   37.5000   15.000010565.9023   17.2535
   -7.5000   45.0000   15.0000 9549.5117   16.9884
    0.0000   45.0000   15.0000 9956.0967   16.9704
    7.5000   45.0000   15.0000 9311.2061   16.9509
   -7.5000  -45.0000   22.500011490.0283   17.5148
    0.0000  -45.0000   22.500011991.7949   17.4925
    7.5000  -45.0000   22.500011233.2354   17.4667
   -7.5000  -37.5000   22.500011984.6035   17.4872
    0.0000  -37.5000   22.500012537.9971   17.4632
    7.5000  -37.5000   22.500011656.1934   17.4423
   -7.5000  -30.0000   22.500012932.4424   17.4592
    0.0000  -30.0000   22.500013502.3750   17.4316
    7.5000  -30.0000   22.500012494.6260   17.4137
   -7.5000  -22.5000   22.500013616.3672   17.4489
    0.0000  -22.5000   22.500014226.7373   17.4205
    7.5000  -22.5000   22.500013235.5293   17.3994
   -7.5000  -15.0000   22.500014159.5449   17.4661
    0.0000  -15.0000   22.500014790.7285   17.4402
    7.5000  -15.0000   22.500013846.9971   17.4130
   -7.5000   -7.5000   22.500014679.5967   17.4941
    0.0000   -7.5000   22.500015283.1064   17.4708
    7.5000   -7.5000   22.500014328.4346   17.4417
   -7.5000    0.0000   22.500015025.1934   17.5036
    0.0000    0.0000   22.500015604.7139   17.4812
    7.5000    0.0000   22.500014620.7373   17.4553
   -7.5000    7.5000   22.500014167.9834   17.4859
    0.0000    7.5000   22.500014674.1846   17.4618
    7.5000    7.5000   22.500013736.4111   17.4408
   -7.5000   15.0000   22.500013228.0176   17.4593
    0.0000   15.0000   22.500013700.5146   17.4317
    7.5000   15.0000   22.500012823.5596   17.4137
   -7.5000   22.5000   22.500012253.9404   17.4470
    0.0000   22.5000   22.500012696.0107   17.4185
    7.5000   22.5000   22.500011897.4648   17.3974
   -7.5000   30.0000   22.500011154.2588   17.2666
    0.0000   30.0000   22.500011555.5215   17.2410
    7.5000   30.0000   22.500010832.4189   17.2140
   -7.5000   37.5000   22.500010311.7285   17.3350
    0.0000   37.5000   22.500010709.6631   17.3120
    7.5000   37.5000   22.500010027.2070   17.2830
   -7.5000   45.0000   22.5000 9096.2393   17.0215
    0.0000   45.0000   22.5000 9466.4033   17.0004
    7.5000   45.0000   22.5000 8876.0635   16.9751
   -7.5000  -45.0000   30.000010863.8496   17.5741
    0.0000  -45.0000   30.000011267.3193   17.5542
    7.5000  -45.0000   30.000010658.7100   17.5275
   -7.5000  -37.5000   30.000011285.7402   17.5376
    0.0000  -37.5000   30.000011737.7383   17.5163
    7.5000  -37.5000   30.000011042.0850   17.4926
   -7.5000  -30.0000   30.000012086.2471   17.5028
    0.0000  -30.0000   30.000012566.0957   17.4780
    7.5000  -30.0000   30.000011803.8604   17.4560
   -7.5000  -22.5000   30.000012688.7119   17.4941
    0.0000  -22.5000   30.000013211.2500   17.4672
    7.5000  -22.5000   30.000012507.9043   17.4435
   -7.5000  -15.0000   30.000013273.6494   17.5182
    0.0000  -15.0000   30.000013823.2920   17.4927
    7.5000  -15.0000   30.000013119.3545   17.4648
   -7.5000   -7.5000   30.000013833.0049   17.5533
    0.0000   -7.5000   30.000014372.5215   17.5311
    7.5000   -7.5000   30.000013612.6016   17.5020
   -7.5000    0.0000   30.000014177.6680   17.5626
    0.0000    0.0000   30.000014715.4834   17.5425
    7.5000    0.0000   30.000013898.5605   17.5158
   -7.5000    7.5000   30.000013372.2686   17.5363
    0.0000    7.5000   30.000013848.8018   17.5150
    7.5000    7.5000   30.000013058.1572   17.4913
   -7.5000   15.0000   30.000012491.8125   17.5029
    0.0000   15.0000   30.000012919.8018   17.4781
    7.5000   15.0000   30.000012155.9814   17.4561
   -7.5000   22.5000   30.000011529.3594   17.4930
    0.0000   22.5000   30.000011920.1416   17.4660
    7.5000   22.5000   30.000011213.0312   17.4423
   -7.5000   30.0000   30.000010468.0068   17.3179
    0.0000   30.0000   30.000010832.6611   17.2927
    7.5000   30.0000   30.000010175.7764   17.2650
   -7.5000   37.5000   30.0000 9660.0703   17.3941
    0.0000   37.5000   30.000010008.3838   17.3721
    7.5000   37.5000   30.0000 9412.3037   17.3432
   -7.5000   45.0000   30.0000 8521.4697   17.0797
    0.0000   45.0000   30.0000 8836.8086   17.0609
    7.5000   45.0000   30.0000 8331.4160   17.0348
   -7.5000  -45.0000   37.500010551.6875   17.7262
    0.0000  -45.0000   37.500010958.4863   17.7116
    7.5000  -45.0000   37.500010390.4014   17.6901
   -7.5000  -37.5000   37.500010980.2471   17.6847
    0.0000  -37.5000   37.500011426.3799   17.6702
    7.5000  -37.5000   37.500010782.3730   17.6493
   -7.5000  -30.0000   37.500011759.9600   17.6396
    0.0000  -30.0000   37.500012225.4658   17.6230
    7.5000  -30.0000   37.500011561.4893   17.6026
   -7.5000  -22.5000   37.500012377.2939   17.6245
    0.0000  -22.5000   37.500012859.3818   17.6051
    7.5000  -22.5000   37.500012245.0684   17.5846
   -7.5000  -15.0000   37.500012964.1143   17.6512
    0.0000  -15.0000   37.500013457.3350   17.6319
    7.5000  -15.0000   37.500012813.9385   17.6097
   -7.5000   -7.5000   37.500013467.7920   17.6972
    0.0000   -7.5000   37.500013966.2373   17.6803
    7.5000   -7.5000   37.500013276.1914   17.6576
   -7.5000    0.0000   37.500013769.0879   17.7143
    0.0000    0.0000   37.500014289.4971   17.6995
    7.5000    0.0000   37.500013549.9883   17.6779
   -7.5000    7.5000   37.500012991.0342   17.6835
    0.0000    7.5000   37.500013460.1885   17.6689
    7.5000    7.5000   37.500012746.9189   17.6480
   -7.5000   15.0000   37.500012136.6562   17.6397
    0.0000   15.0000   37.500012568.3789   17.6230
    7.5000   15.0000   37.500011895.8125   17.6026
   -7.5000   22.5000   37.500011233.7021   17.6240
    0.0000   22.5000   37.500011630.6719   17.6047
    7.5000   22.5000   37.500010986.4531   17.5841
   -7.5000   30.0000   37.500010179.9512   17.4498
    0.0000   30.0000   37.500010540.1377   17.4307
    7.5000   30.0000   37.5000 9949.9746   17.4086
   -7.5000   37.5000   37.5000 9396.6387   17.5372
    0.0000   37.5000   37.5000 9726.1826   17.5205
    7.5000   37.5000   37.5000 9186.6621   17.4979
   -7.5000   45.0000   37.5000 8280.7666   17.2293
    0.0000   45.0000   37.5000 8569.7891   17.2157
    7.5000   45.0000   37.5000 8107.3506   17.1944
   -7.5000  -45.0000   45.0000 9742.9951   17.8822
    0.0000  -45.0000   45.000010134.5527   17.8713
    7.5000  -45.0000   45.0000 9620.0615   17.8553
   -7.5000  -37.5000   45.000010152.7090   17.8431
    0.0000  -37.5000   45.000010570.1826   17.8329
    7.5000  -37.5000   45.000010025.8037   17.8172
   -7.5000  -30.0000   45.000010878.3809   17.7944
    0.0000  -30.0000   45.000011313.2188   17.7831
    7.5000  -30.0000   45.000010758.6807   17.7678
   -7.5000  -22.5000   45.000011500.1318   17.7727
    0.0000  -22.5000   45.000011945.8027   17.7590
    7.5000  -22.5000   45.000011394.7266   17.7437
   -7.5000  -15.0000   45.000012041.3359   17.7965
    0.0000  -15.0000   45.000012500.3262   17.7827
    7.5000  -15.0000   45.000011918.0352   17.7661
   -7.5000   -7.5000   45.000012468.2656   17.8463
    0.0000   -7.5000   45.000012926.3330   17.8341
    7.5000   -7.5000   45.000012321.3486   17.8171
   -7.5000    0.0000   45.000012749.6543   17.8699
    0.0000    0.0000   45.000013219.5537   17.8588
    7.5000    0.0000   45.000012583.1504   17.8427
   -7.5000    7.5000   45.000012028.0703   17.8418
    0.0000    7.5000   45.000012457.1250   17.8315
    7.5000    7.5000   45.000011843.8184   17.8158
   -7.5000   15.0000   45.000011242.2070   17.7945
    0.0000   15.0000   45.000011651.5215   17.7831
    7.5000   15.0000   45.000011058.2451   17.7679
   -7.5000   22.5000   45.000010404.5840   17.7722
    0.0000   22.5000   45.000010802.5312   17.7585
    7.5000   22.5000   45.000010224.3447   17.7431
   -7.5000   30.0000   45.0000 9428.4463   17.5926
    0.0000   30.0000   45.0000 9799.0000   17.5789
    7.5000   30.0000   45.0000 9255.8789   17.5623
   -7.5000   37.5000   45.0000 8698.4932   17.6841
    0.0000   37.5000   45.0000 9030.3779   17.6720
    7.5000   37.5000   45.0000 8539.7090   17.6552
   -7.5000   45.0000   45.0000 7661.5396   17.3914
    0.0000   45.0000   45.0000 7946.5801   17.3814
    7.5000   45.0000   45.0000 7542.0210   17.3655

---------------------------------------------------------------------
imgreg_4dfp /opt/freesurfer/average/711-2C_as_mni_average_305 /opt/freesurfer/average/711-2B_as_mni_average_305_mask talsrcimg_g11 none talsrcimg_to_711-2C_as_mni_average_305_t4 4355
---------------------------------------------------------------------

freesurfer imgreg_4dfp.c
/opt/freesurfer/average/711-2C_as_mni_average_305.4dfp.img
       256       256       256         1
  1.000000  1.000000  1.000000
orientation T byte_order littleendian
Reading image: /opt/freesurfer/average/711-2C_as_mni_average_305.4dfp.img
dimensions:      256       256       256
mmppix:       1.0000   -1.0000   -1.0000
center:     128.0000 -129.0000 -129.0000
/opt/freesurfer/average/711-2B_as_mni_average_305_mask.4dfp.img
       256       256       256         1
  1.000000  1.000000  1.000000
orientation T byte_order littleendian
Reading mask: /opt/freesurfer/average/711-2B_as_mni_average_305_mask.4dfp.img (2306576 pixels)
talsrcimg_g11.4dfp.img
       256       256       256         1
  1.000000  1.000000  1.000000
orientation T byte_order littleendian
Reading image: talsrcimg_g11.4dfp.img
dimensions:      256       256       256
mmppix:       1.0000   -1.0000   -1.0000
center:     128.0000 -129.0000 -129.0000
rotation matrix determinant  1.000000
image alignment mode   4355 decimal     1103 hex
   -7.5000  -45.0000  -45.0000 2155.2498   16.1960
    0.0000  -45.0000  -45.0000 2167.1333   16.1819
    7.5000  -45.0000  -45.0000 2148.0332   16.2999
   -7.5000  -37.5000  -45.0000 2203.8948   15.3497
    0.0000  -37.5000  -45.0000 2215.4585   15.3153
    7.5000  -37.5000  -45.0000 2196.1375   15.4969
   -7.5000  -30.0000  -45.0000 2229.0378   14.8381
    0.0000  -30.0000  -45.0000 2246.0867   14.7946
    7.5000  -30.0000  -45.0000 2220.8398   14.9351
   -7.5000  -22.5000  -45.0000 2230.9568   14.6541
    0.0000  -22.5000  -45.0000 2246.9319   14.6416
    7.5000  -22.5000  -45.0000 2224.6296   14.7908
   -7.5000  -15.0000  -45.0000 2216.2227   14.7565
    0.0000  -15.0000  -45.0000 2227.0178   14.7704
    7.5000  -15.0000  -45.0000 2203.3579   14.9425
   -7.5000   -7.5000  -45.0000 2173.8823   15.1825
    0.0000   -7.5000  -45.0000 2190.1792   15.2123
    7.5000   -7.5000  -45.0000 2158.8479   15.3512
   -7.5000    0.0000  -45.0000 2113.6875   15.8785
    0.0000    0.0000  -45.0000 2123.3525   15.8910
    7.5000    0.0000  -45.0000 2092.7786   16.0687
   -7.5000    7.5000  -45.0000 2026.2811   17.0011
    0.0000    7.5000  -45.0000 2032.6274   17.0295
    7.5000    7.5000  -45.0000 2008.1588   17.2021
   -7.5000   15.0000  -45.0000 1924.3970   18.6653
    0.0000   15.0000  -45.0000 1928.1166   18.6438
    7.5000   15.0000  -45.0000 1908.9243   18.8559
   -7.5000   22.5000  -45.0000 1816.5264   20.9931
    0.0000   22.5000  -45.0000 1822.2091   20.9659
    7.5000   22.5000  -45.0000 1805.5693   21.2471
   -7.5000   30.0000  -45.0000 1708.1926   24.3272
    0.0000   30.0000  -45.0000 1706.9768   24.2205
    7.5000   30.0000  -45.0000 1688.4092   24.6069
   -7.5000   37.5000  -45.0000 1590.8243   28.9357
    0.0000   37.5000  -45.0000 1592.9064   28.7550
    7.5000   37.5000  -45.0000 1571.0819   29.2585
   -7.5000   45.0000  -45.0000 1466.9557   35.6379
    0.0000   45.0000  -45.0000 1475.6284   35.4331
    7.5000   45.0000  -45.0000 1446.7772   36.0622
   -7.5000  -45.0000  -37.5000 2248.7246   15.0166
    0.0000  -45.0000  -37.5000 2259.9922   14.9902
    7.5000  -45.0000  -37.5000 2230.7781   15.1483
   -7.5000  -37.5000  -37.5000 2299.0056   14.1949
    0.0000  -37.5000  -37.5000 2314.9553   14.1626
    7.5000  -37.5000  -37.5000 2287.2483   14.3149
   -7.5000  -30.0000  -37.5000 2328.9365   13.6938
    0.0000  -30.0000  -37.5000 2342.8279   13.6436
    7.5000  -30.0000  -37.5000 2317.0400   13.8345
   -7.5000  -22.5000  -37.5000 2332.4504   13.5349
    0.0000  -22.5000  -37.5000 2348.5959   13.4816
    7.5000  -22.5000  -37.5000 2322.3215   13.6398
   -7.5000  -15.0000  -37.5000 2315.6362   13.6144
    0.0000  -15.0000  -37.5000 2328.4846   13.5883
    7.5000  -15.0000  -37.5000 2302.8555   13.7450
   -7.5000   -7.5000  -37.5000 2278.0066   13.9510
    0.0000   -7.5000  -37.5000 2291.3425   13.9289
    7.5000   -7.5000  -37.5000 2258.9998   14.0966
   -7.5000    0.0000  -37.5000 2212.5437   14.5522
    0.0000    0.0000  -37.5000 2219.7915   14.5339
    7.5000    0.0000  -37.5000 2188.4954   14.7035
   -7.5000    7.5000  -37.5000 2123.0376   15.5219
    0.0000    7.5000  -37.5000 2129.5078   15.5069
    7.5000    7.5000  -37.5000 2100.9509   15.6613
   -7.5000   15.0000  -37.5000 2015.0931   16.9181
    0.0000   15.0000  -37.5000 2019.2567   16.9410
    7.5000   15.0000  -37.5000 1995.1875   17.1300
   -7.5000   22.5000  -37.5000 1906.5455   18.9654
    0.0000   22.5000  -37.5000 1909.7720   18.9899
    7.5000   22.5000  -37.5000 1887.3448   19.1999
   -7.5000   30.0000  -37.5000 1784.9359   21.8665
    0.0000   30.0000  -37.5000 1787.9982   21.8715
    7.5000   30.0000  -37.5000 1766.6964   22.1629
   -7.5000   37.5000  -37.5000 1663.5863   25.8271
    0.0000   37.5000  -37.5000 1662.7538   25.8009
    7.5000   37.5000  -37.5000 1643.7437   26.1879
   -7.5000   45.0000  -37.5000 1530.6157   31.4750
    0.0000   45.0000  -37.5000 1536.0889   31.4151
    7.5000   45.0000  -37.5000 1506.7395   31.9628
   -7.5000  -45.0000  -30.0000 2364.7986   14.4581
    0.0000  -45.0000  -30.0000 2385.8384   14.3892
    7.5000  -45.0000  -30.0000 2355.2156   14.5516
   -7.5000  -37.5000  -30.0000 2426.6912   13.6458
    0.0000  -37.5000  -30.0000 2446.4419   13.5782
    7.5000  -37.5000  -30.0000 2418.1357   13.7784
   -7.5000  -30.0000  -30.0000 2462.7490   13.1648
    0.0000  -30.0000  -30.0000 2478.2769   13.1071
    7.5000  -30.0000  -30.0000 2453.1909   13.2983
   -7.5000  -22.5000  -30.0000 2473.7524   13.0038
    0.0000  -22.5000  -30.0000 2492.2146   12.9245
    7.5000  -22.5000  -30.0000 2462.1265   13.1022
   -7.5000  -15.0000  -30.0000 2456.8909   13.0519
    0.0000  -15.0000  -30.0000 2472.2227   12.9941
    7.5000  -15.0000  -30.0000 2445.3777   13.1370
   -7.5000   -7.5000  -30.0000 2419.5901   13.3326
    0.0000   -7.5000  -30.0000 2432.8574   13.2688
    7.5000   -7.5000  -30.0000 2401.9106   13.4290
   -7.5000    0.0000  -30.0000 2348.8176   13.8290
    0.0000    0.0000  -30.0000 2359.7817   13.8170
    7.5000    0.0000  -30.0000 2328.2632   13.9703
   -7.5000    7.5000  -30.0000 2252.6375   14.6509
    0.0000    7.5000  -30.0000 2265.8557   14.6725
    7.5000    7.5000  -30.0000 2234.7642   14.8178
   -7.5000   15.0000  -30.0000 2140.0083   15.9245
    0.0000   15.0000  -30.0000 2148.2722   15.9696
    7.5000   15.0000  -30.0000 2119.1135   16.1557
   -7.5000   22.5000  -30.0000 2020.3170   17.8178
    0.0000   22.5000  -30.0000 2027.6479   17.8559
    7.5000   22.5000  -30.0000 1998.4929   18.0427
   -7.5000   30.0000  -30.0000 1896.3397   20.4175
    0.0000   30.0000  -30.0000 1906.7596   20.4777
    7.5000   30.0000  -30.0000 1878.9701   20.7149
   -7.5000   37.5000  -30.0000 1761.9205   24.0687
    0.0000   37.5000  -30.0000 1764.4224   24.1356
    7.5000   37.5000  -30.0000 1742.5061   24.4497
   -7.5000   45.0000  -30.0000 1623.6858   29.1181
    0.0000   45.0000  -30.0000 1627.3179   29.1604
    7.5000   45.0000  -30.0000 1600.3668   29.6532
   -7.5000  -45.0000  -22.5000 2461.2546   13.8234
    0.0000  -45.0000  -22.5000 2481.8604   13.7177
    7.5000  -45.0000  -22.5000 2451.3120   13.8798
   -7.5000  -37.5000  -22.5000 2532.4634   13.0240
    0.0000  -37.5000  -22.5000 2553.7522   12.9537
    7.5000  -37.5000  -22.5000 2524.6111   13.1156
   -7.5000  -30.0000  -22.5000 2573.3423   12.5441
    0.0000  -30.0000  -22.5000 2588.0925   12.4858
    7.5000  -30.0000  -22.5000 2561.6782   12.6553
   -7.5000  -22.5000  -22.5000 2588.1560   12.3868
    0.0000  -22.5000  -22.5000 2609.7119   12.3107
    7.5000  -22.5000  -22.5000 2578.0227   12.4840
   -7.5000  -15.0000  -22.5000 2576.5435   12.4120
    0.0000  -15.0000  -22.5000 2593.7383   12.3610
    7.5000  -15.0000  -22.5000 2566.0376   12.5060
   -7.5000   -7.5000  -22.5000 2535.0164   12.6566
    0.0000   -7.5000  -22.5000 2551.4023   12.6070
    7.5000   -7.5000  -22.5000 2524.1443   12.7326
   -7.5000    0.0000  -22.5000 2461.3926   13.0717
    0.0000    0.0000  -22.5000 2476.0396   13.0190
    7.5000    0.0000  -22.5000 2446.8782   13.2029
   -7.5000    7.5000  -22.5000 2363.6953   13.8206
    0.0000    7.5000  -22.5000 2376.7979   13.7738
    7.5000    7.5000  -22.5000 2345.4224   13.9636
   -7.5000   15.0000  -22.5000 2247.4006   14.9687
    0.0000   15.0000  -22.5000 2260.8318   14.9697
    7.5000   15.0000  -22.5000 2229.4438   15.1758
   -7.5000   22.5000  -22.5000 2118.7844   16.6740
    0.0000   22.5000  -22.5000 2120.7568   16.6908
    7.5000   22.5000  -22.5000 2101.0239   16.8639
   -7.5000   30.0000  -22.5000 1984.1331   19.0695
    0.0000   30.0000  -22.5000 1992.6285   19.1118
    7.5000   30.0000  -22.5000 1968.7906   19.2635
   -7.5000   37.5000  -22.5000 1847.0073   22.4565
    0.0000   37.5000  -22.5000 1852.3677   22.4668
    7.5000   37.5000  -22.5000 1830.1102   22.6872
   -7.5000   45.0000  -22.5000 1702.2418   27.0310
    0.0000   45.0000  -22.5000 1704.6239   27.0250
    7.5000   45.0000  -22.5000 1680.0779   27.4263
   -7.5000  -45.0000  -15.0000 2526.4990   13.2376
    0.0000  -45.0000  -15.0000 2546.1318   13.1385
    7.5000  -45.0000  -15.0000 2523.8042   13.2663
   -7.5000  -37.5000  -15.0000 2605.9158   12.4156
    0.0000  -37.5000  -15.0000 2628.2451   12.3260
    7.5000  -37.5000  -15.0000 2599.4746   12.4749
   -7.5000  -30.0000  -15.0000 2658.2812   11.9158
    0.0000  -30.0000  -15.0000 2676.5286   11.8373
    7.5000  -30.0000  -15.0000 2645.6479   11.9905
   -7.5000  -22.5000  -15.0000 2678.1360   11.7421
    0.0000  -22.5000  -15.0000 2695.7866   11.6536
    7.5000  -22.5000  -15.0000 2666.8625   11.8185
   -7.5000  -15.0000  -15.0000 2674.5117   11.7716
    0.0000  -15.0000  -15.0000 2692.5259   11.7090
    7.5000  -15.0000  -15.0000 2660.4851   11.8601
   -7.5000   -7.5000  -15.0000 2634.6343   12.0165
    0.0000   -7.5000  -15.0000 2651.0344   11.9507
    7.5000   -7.5000  -15.0000 2619.7983   12.0894
   -7.5000    0.0000  -15.0000 2559.0415   12.4406
    0.0000    0.0000  -15.0000 2571.0874   12.3575
    7.5000    0.0000  -15.0000 2542.2610   12.5176
   -7.5000    7.5000  -15.0000 2458.8967   13.1126
    0.0000    7.5000  -15.0000 2469.3257   13.0408
    7.5000    7.5000  -15.0000 2438.3677   13.2138
   -7.5000   15.0000  -15.0000 2339.1914   14.1717
    0.0000   15.0000  -15.0000 2344.7227   14.1284
    7.5000   15.0000  -15.0000 2317.7903   14.3176
   -7.5000   22.5000  -15.0000 2198.6123   15.7273
    0.0000   22.5000  -15.0000 2199.0400   15.6891
    7.5000   22.5000  -15.0000 2176.2114   15.8773
   -7.5000   30.0000  -15.0000 2057.9636   17.9475
    0.0000   30.0000  -15.0000 2060.9207   17.9014
    7.5000   30.0000  -15.0000 2034.0906   18.0987
   -7.5000   37.5000  -15.0000 1915.5424   21.0542
    0.0000   37.5000  -15.0000 1917.4191   21.0022
    7.5000   37.5000  -15.0000 1886.8164   21.1967
   -7.5000   45.0000  -15.0000 1759.1405   25.2325
    0.0000   45.0000  -15.0000 1757.3311   25.2277
    7.5000   45.0000  -15.0000 1732.2250   25.5127
   -7.5000  -45.0000   -7.5000 2573.6597   12.7088
    0.0000  -45.0000   -7.5000 2591.4929   12.6140
    7.5000  -45.0000   -7.5000 2570.2751   12.7288
   -7.5000  -37.5000   -7.5000 2666.2295   11.8589
    0.0000  -37.5000   -7.5000 2685.3557   11.7484
    7.5000  -37.5000   -7.5000 2652.9133   11.9110
   -7.5000  -30.0000   -7.5000 2724.5447   11.3226
    0.0000  -30.0000   -7.5000 2741.2354   11.2212
    7.5000  -30.0000   -7.5000 2704.0317   11.4046
   -7.5000  -22.5000   -7.5000 2757.6396   11.1287
    0.0000  -22.5000   -7.5000 2771.4148   11.0411
    7.5000  -22.5000   -7.5000 2739.9270   11.2033
   -7.5000  -15.0000   -7.5000 2756.8542   11.1884
    0.0000  -15.0000   -7.5000 2771.9238   11.1012
    7.5000  -15.0000   -7.5000 2739.9756   11.2532
   -7.5000   -7.5000   -7.5000 2721.3159   11.4399
    0.0000   -7.5000   -7.5000 2732.3826   11.3572
    7.5000   -7.5000   -7.5000 2698.2954   11.4989
   -7.5000    0.0000   -7.5000 2642.5437   11.8504
    0.0000    0.0000   -7.5000 2652.6973   11.7797
    7.5000    0.0000   -7.5000 2617.0664   11.9287
   -7.5000    7.5000   -7.5000 2539.6826   12.4955
    0.0000    7.5000   -7.5000 2552.8850   12.4261
    7.5000    7.5000   -7.5000 2516.1462   12.5968
   -7.5000   15.0000   -7.5000 2411.8962   13.4678
    0.0000   15.0000   -7.5000 2422.6560   13.4079
    7.5000   15.0000   -7.5000 2388.4199   13.5938
   -7.5000   22.5000   -7.5000 2265.2336   14.8933
    0.0000   22.5000   -7.5000 2272.0969   14.8371
    7.5000   22.5000   -7.5000 2242.3916   15.0653
   -7.5000   30.0000   -7.5000 2116.0112   16.9635
    0.0000   30.0000   -7.5000 2120.4678   16.9295
    7.5000   30.0000   -7.5000 2091.8779   17.1516
   -7.5000   37.5000   -7.5000 1962.6150   19.7364
    0.0000   37.5000   -7.5000 1964.5730   19.7542
    7.5000   37.5000   -7.5000 1932.9707   19.9992
   -7.5000   45.0000   -7.5000 1798.3014   23.5776
    0.0000   45.0000   -7.5000 1799.0114   23.5917
    7.5000   45.0000   -7.5000 1773.3807   23.9395
   -7.5000  -45.0000    0.0000 2594.1033   12.3323
    0.0000  -45.0000    0.0000 2611.2925   12.2326
    7.5000  -45.0000    0.0000 2592.5261   12.3490
   -7.5000  -37.5000    0.0000 2695.9175   11.5091
    0.0000  -37.5000    0.0000 2720.4248   11.3979
    7.5000  -37.5000    0.0000 2689.2593   11.5318
   -7.5000  -30.0000    0.0000 2774.0957   10.9144
    0.0000  -30.0000    0.0000 2791.9961   10.8063
    7.5000  -30.0000    0.0000 2753.1582   10.9918
   -7.5000  -22.5000    0.0000 2819.3357   10.6681
    0.0000  -22.5000    0.0000 2833.2859   10.5725
    7.5000  -22.5000    0.0000 2794.9946   10.7487
   -7.5000  -15.0000    0.0000 2821.5388   10.7394
    0.0000  -15.0000    0.0000 2835.0474   10.6526
    7.5000  -15.0000    0.0000 2791.7332   10.8004
   -7.5000   -7.5000    0.0000 2788.5037   11.0081
    0.0000   -7.5000    0.0000 2799.5020   10.9158
    7.5000   -7.5000    0.0000 2754.1599   11.0667
   -7.5000    0.0000    0.0000 2708.5132   11.4243
    0.0000    0.0000    0.0000 2719.9690   11.3395
    7.5000    0.0000    0.0000 2673.1938   11.5008
   -7.5000    7.5000    0.0000 2603.7798   12.0374
    0.0000    7.5000    0.0000 2611.5061   11.9596
    7.5000    7.5000    0.0000 2570.5178   12.1474
   -7.5000   15.0000    0.0000 2471.2500   12.9583
    0.0000   15.0000    0.0000 2480.1028   12.8994
    7.5000   15.0000    0.0000 2438.3979   13.1116
   -7.5000   22.5000    0.0000 2321.0798   14.3147
    0.0000   22.5000    0.0000 2330.2427   14.2721
    7.5000   22.5000    0.0000 2293.6394   14.4933
   -7.5000   30.0000    0.0000 2159.9583   16.2200
    0.0000   30.0000    0.0000 2163.1863   16.1947
    7.5000   30.0000    0.0000 2132.5837   16.4096
   -7.5000   37.5000    0.0000 1994.4155   18.8095
    0.0000   37.5000    0.0000 1995.1060   18.7740
    7.5000   37.5000    0.0000 1966.9866   19.0362
   -7.5000   45.0000    0.0000 1824.5193   22.3131
    0.0000   45.0000    0.0000 1826.7935   22.2861
    7.5000   45.0000    0.0000 1801.7596   22.6407
   -7.5000  -45.0000    7.5000 2600.9971   12.0645
    0.0000  -45.0000    7.5000 2618.4807   12.0069
    7.5000  -45.0000    7.5000 2600.1870   12.0589
   -7.5000  -37.5000    7.5000 2714.4397   11.3192
    0.0000  -37.5000    7.5000 2738.1069   11.2594
    7.5000  -37.5000    7.5000 2709.0657   11.2909
   -7.5000  -30.0000    7.5000 2807.0610   10.7715
    0.0000  -30.0000    7.5000 2830.7275   10.6879
    7.5000  -30.0000    7.5000 2786.3728   10.7903
   -7.5000  -22.5000    7.5000 2867.9465   10.4261
    0.0000  -22.5000    7.5000 2883.0701   10.3513
    7.5000  -22.5000    7.5000 2832.9519   10.4981
   -7.5000  -15.0000    7.5000 2869.2017   10.4439
    0.0000  -15.0000    7.5000 2882.2590   10.3667
    7.5000  -15.0000    7.5000 2832.3054   10.4934
   -7.5000   -7.5000    7.5000 2832.8230   10.7020
    0.0000   -7.5000    7.5000 2839.7642   10.6293
    7.5000   -7.5000    7.5000 2788.4409   10.7347
   -7.5000    0.0000    7.5000 2752.6472   11.1137
    0.0000    0.0000    7.5000 2762.5295   11.0432
    7.5000    0.0000    7.5000 2707.5637   11.1888
   -7.5000    7.5000    7.5000 2638.0110   11.7554
    0.0000    7.5000    7.5000 2647.0347   11.6911
    7.5000    7.5000    7.5000 2598.5847   11.8446
   -7.5000   15.0000    7.5000 2500.7158   12.6735
    0.0000   15.0000    7.5000 2505.5576   12.6459
    7.5000   15.0000    7.5000 2467.8110   12.7678
   -7.5000   22.5000    7.5000 2351.4846   13.9764
    0.0000   22.5000    7.5000 2361.9290   13.9807
    7.5000   22.5000    7.5000 2324.3586   14.1163
   -7.5000   30.0000    7.5000 2186.9951   15.7444
    0.0000   30.0000    7.5000 2193.4355   15.7573
    7.5000   30.0000    7.5000 2163.4160   15.9194
   -7.5000   37.5000    7.5000 2015.6752   18.2297
    0.0000   37.5000    7.5000 2015.0570   18.2139
    7.5000   37.5000    7.5000 1991.7252   18.3728
   -7.5000   45.0000    7.5000 1839.9999   21.4951
    0.0000   45.0000    7.5000 1842.7445   21.4482
    7.5000   45.0000    7.5000 1817.5397   21.7950
   -7.5000  -45.0000   15.0000 2590.5635   11.9709
    0.0000  -45.0000   15.0000 2606.7102   11.9361
    7.5000  -45.0000   15.0000 2586.8479   11.9763
   -7.5000  -37.5000   15.0000 2715.9106   11.2337
    0.0000  -37.5000   15.0000 2737.0591   11.2026
    7.5000  -37.5000   15.0000 2708.6924   11.1990
   -7.5000  -30.0000   15.0000 2818.9307   10.7649
    0.0000  -30.0000   15.0000 2846.2419   10.7281
    7.5000  -30.0000   15.0000 2800.5173   10.7108
   -7.5000  -22.5000   15.0000 2888.7456   10.4198
    0.0000  -22.5000   15.0000 2909.4360   10.3856
    7.5000  -22.5000   15.0000 2847.3201   10.4310
   -7.5000  -15.0000   15.0000 2893.8433   10.3401
    0.0000  -15.0000   15.0000 2909.9114   10.2823
    7.5000  -15.0000   15.0000 2852.3921   10.3775
   -7.5000   -7.5000   15.0000 2850.8535   10.5270
    0.0000   -7.5000   15.0000 2855.9287   10.4801
    7.5000   -7.5000   15.0000 2807.3167   10.6012
   -7.5000    0.0000   15.0000 2769.5581   10.9213
    0.0000    0.0000   15.0000 2774.6602   10.8809
    7.5000    0.0000   15.0000 2721.4377   11.0440
   -7.5000    7.5000   15.0000 2648.1184   11.5845
    0.0000    7.5000   15.0000 2652.5632   11.5197
    7.5000    7.5000   15.0000 2607.1870   11.6822
   -7.5000   15.0000   15.0000 2506.7063   12.4868
    0.0000   15.0000   15.0000 2507.9053   12.4486
    7.5000   15.0000   15.0000 2472.2773   12.6324
   -7.5000   22.5000   15.0000 2355.6155   13.8021
    0.0000   22.5000   15.0000 2364.3967   13.7591
    7.5000   22.5000   15.0000 2327.0466   13.9520
   -7.5000   30.0000   15.0000 2194.9348   15.5186
    0.0000   30.0000   15.0000 2199.8770   15.5096
    7.5000   30.0000   15.0000 2166.4868   15.6655
   -7.5000   37.5000   15.0000 2023.0251   17.8326
    0.0000   37.5000   15.0000 2025.0040   17.8406
    7.5000   37.5000   15.0000 1994.2112   18.0147
   -7.5000   45.0000   15.0000 1848.7255   20.9880
    0.0000   45.0000   15.0000 1852.2026   21.0121
    7.5000   45.0000   15.0000 1821.8159   21.2402
   -7.5000  -45.0000   22.5000 2569.4475   12.0713
    0.0000  -45.0000   22.5000 2577.8660   12.0244
    7.5000  -45.0000   22.5000 2554.0251   12.1114
   -7.5000  -37.5000   22.5000 2700.4675   11.2638
    0.0000  -37.5000   22.5000 2712.7141   11.2323
    7.5000  -37.5000   22.5000 2681.0164   11.3283
   -7.5000  -30.0000   22.5000 2811.3569   10.8041
    0.0000  -30.0000   22.5000 2828.0874   10.7424
    7.5000  -30.0000   22.5000 2785.8047   10.8080
   -7.5000  -22.5000   22.5000 2885.5232   10.4845
    0.0000  -22.5000   22.5000 2899.2356   10.4309
    7.5000  -22.5000   22.5000 2841.4631   10.5349
   -7.5000  -15.0000   22.5000 2888.7708   10.3908
    0.0000  -15.0000   22.5000 2900.9646   10.3471
    7.5000  -15.0000   22.5000 2845.7292   10.5093
   -7.5000   -7.5000   22.5000 2845.0508   10.6003
    0.0000   -7.5000   22.5000 2850.9832   10.5641
    7.5000   -7.5000   22.5000 2799.9683   10.7344
   -7.5000    0.0000   22.5000 2761.5518   10.9940
    0.0000    0.0000   22.5000 2763.8894   10.9324
    7.5000    0.0000   22.5000 2715.8696   11.1305
   -7.5000    7.5000   22.5000 2642.7893   11.6028
    0.0000    7.5000   22.5000 2641.0642   11.5329
    7.5000    7.5000   22.5000 2597.4600   11.7306
   -7.5000   15.0000   22.5000 2492.5950   12.4908
    0.0000   15.0000   22.5000 2496.4148   12.4319
    7.5000   15.0000   22.5000 2459.7739   12.6262
   -7.5000   22.5000   22.5000 2340.3687   13.7876
    0.0000   22.5000   22.5000 2344.4158   13.7133
    7.5000   22.5000   22.5000 2315.2490   13.9142
   -7.5000   30.0000   22.5000 2180.9819   15.4678
    0.0000   30.0000   22.5000 2183.5159   15.4205
    7.5000   30.0000   22.5000 2155.3435   15.5768
   -7.5000   37.5000   22.5000 2012.2998   17.7465
    0.0000   37.5000   22.5000 2016.1599   17.7069
    7.5000   37.5000   22.5000 1985.6659   17.8896
   -7.5000   45.0000   22.5000 1843.9980   20.7819
    0.0000   45.0000   22.5000 1847.7489   20.8188
    7.5000   45.0000   22.5000 1817.7303   21.0045
   -7.5000  -45.0000   30.0000 2534.9265   12.3251
    0.0000  -45.0000   30.0000 2543.6697   12.2481
    7.5000  -45.0000   30.0000 2518.2654   12.4205
   -7.5000  -37.5000   30.0000 2666.6240   11.4708
    0.0000  -37.5000   30.0000 2676.7888   11.4115
    7.5000  -37.5000   30.0000 2643.7173   11.5929
   -7.5000  -30.0000   30.0000 2779.0466   10.9547
    0.0000  -30.0000   30.0000 2790.6436   10.8699
    7.5000  -30.0000   30.0000 2746.2891   11.0281
   -7.5000  -22.5000   30.0000 2846.5872   10.6001
    0.0000  -22.5000   30.0000 2860.0918   10.5295
    7.5000  -22.5000   30.0000 2807.7356   10.7527
   -7.5000  -15.0000   30.0000 2852.3921   10.5756
    0.0000  -15.0000   30.0000 2866.5183   10.5094
    7.5000  -15.0000   30.0000 2816.7483   10.7533
   -7.5000   -7.5000   30.0000 2814.8582   10.8340
    0.0000   -7.5000   30.0000 2822.4258   10.7482
    7.5000   -7.5000   30.0000 2777.5752   10.9611
   -7.5000    0.0000   30.0000 2723.4568   11.2765
    0.0000    0.0000   30.0000 2731.1526   11.1823
    7.5000    0.0000   30.0000 2688.5950   11.3901
   -7.5000    7.5000   30.0000 2606.1140   11.8781
    0.0000    7.5000   30.0000 2608.4890   11.8090
    7.5000    7.5000   30.0000 2570.8875   12.0002
   -7.5000   15.0000   30.0000 2469.8364   12.7089
    0.0000   15.0000   30.0000 2471.1948   12.6580
    7.5000   15.0000   30.0000 2435.0896   12.8489
   -7.5000   22.5000   30.0000 2316.5579   13.9455
    0.0000   22.5000   30.0000 2315.2202   13.8992
    7.5000   22.5000   30.0000 2290.5781   14.0709
   -7.5000   30.0000   30.0000 2155.0188   15.5977
    0.0000   30.0000   30.0000 2157.6672   15.5234
    7.5000   30.0000   30.0000 2134.5376   15.6796
   -7.5000   37.5000   30.0000 1984.8016   17.7871
    0.0000   37.5000   30.0000 1989.6201   17.7554
    7.5000   37.5000   30.0000 1967.0334   17.9383
   -7.5000   45.0000   30.0000 1823.1704   20.8488
    0.0000   45.0000   30.0000 1824.2546   20.8634
    7.5000   45.0000   30.0000 1805.2419   21.0565
   -7.5000  -45.0000   37.5000 2486.7290   12.7756
    0.0000  -45.0000   37.5000 2495.4756   12.7193
    7.5000  -45.0000   37.5000 2471.0667   12.9883
   -7.5000  -37.5000   37.5000 2615.1980   11.9241
    0.0000  -37.5000   37.5000 2625.1423   11.8506
    7.5000  -37.5000   37.5000 2592.3096   12.0870
   -7.5000  -30.0000   37.5000 2722.5312   11.3473
    0.0000  -30.0000   37.5000 2731.9875   11.2705
    7.5000  -30.0000   37.5000 2692.8955   11.5026
   -7.5000  -22.5000   37.5000 2787.8489   10.9683
    0.0000  -22.5000   37.5000 2792.6458   10.9205
    7.5000  -22.5000   37.5000 2753.3169   11.1924
   -7.5000  -15.0000   37.5000 2790.7454   10.9881
    0.0000  -15.0000   37.5000 2800.4253   10.9066
    7.5000  -15.0000   37.5000 2760.2029   11.1705
   -7.5000   -7.5000   37.5000 2751.6199   11.2383
    0.0000   -7.5000   37.5000 2762.0278   11.1379
    7.5000   -7.5000   37.5000 2724.9417   11.3778
   -7.5000    0.0000   37.5000 2663.7009   11.6621
    0.0000    0.0000   37.5000 2674.0112   11.5590
    7.5000    0.0000   37.5000 2641.4763   11.7818
   -7.5000    7.5000   37.5000 2555.0745   12.2476
    0.0000    7.5000   37.5000 2561.2346   12.1566
    7.5000    7.5000   37.5000 2528.0391   12.3589
   -7.5000   15.0000   37.5000 2430.3850   13.0996
    0.0000   15.0000   37.5000 2429.9827   13.0248
    7.5000   15.0000   37.5000 2400.2012   13.2180
   -7.5000   22.5000   37.5000 2288.8608   14.2735
    0.0000   22.5000   37.5000 2290.7776   14.2359
    7.5000   22.5000   37.5000 2261.5081   14.4306
   -7.5000   30.0000   37.5000 2121.7449   15.9158
    0.0000   30.0000   37.5000 2124.4939   15.8725
    7.5000   30.0000   37.5000 2106.1301   16.0401
   -7.5000   37.5000   37.5000 1953.4088   18.1223
    0.0000   37.5000   37.5000 1956.0610   18.0697
    7.5000   37.5000   37.5000 1939.8245   18.2700
   -7.5000   45.0000   37.5000 1798.6157   21.1376
    0.0000   45.0000   37.5000 1798.8386   21.1189
    7.5000   45.0000   37.5000 1779.0889   21.3605
   -7.5000  -45.0000   45.0000 2426.1130   13.4447
    0.0000  -45.0000   45.0000 2433.4041   13.3983
    7.5000  -45.0000   45.0000 2408.1277   13.7121
   -7.5000  -37.5000   45.0000 2549.5332   12.5370
    0.0000  -37.5000   45.0000 2558.8589   12.4872
    7.5000  -37.5000   45.0000 2530.4290   12.7819
   -7.5000  -30.0000   45.0000 2646.9375   11.9254
    0.0000  -30.0000   45.0000 2656.4468   11.8669
    7.5000  -30.0000   45.0000 2622.5066   12.1655
   -7.5000  -22.5000   45.0000 2708.5144   11.5680
    0.0000  -22.5000   45.0000 2712.4937   11.5187
    7.5000  -22.5000   45.0000 2676.0100   11.8074
   -7.5000  -15.0000   45.0000 2708.3042   11.5708
    0.0000  -15.0000   45.0000 2714.3240   11.4975
    7.5000  -15.0000   45.0000 2680.9548   11.7713
   -7.5000   -7.5000   45.0000 2664.0994   11.8134
    0.0000   -7.5000   45.0000 2671.2866   11.7266
    7.5000   -7.5000   45.0000 2643.1228   11.9822
   -7.5000    0.0000   45.0000 2589.7454   12.2114
    0.0000    0.0000   45.0000 2596.5925   12.1088
    7.5000    0.0000   45.0000 2570.3977   12.3564
   -7.5000    7.5000   45.0000 2492.3135   12.7481
    0.0000    7.5000   45.0000 2498.5088   12.6612
    7.5000    7.5000   45.0000 2472.5105   12.8910
   -7.5000   15.0000   45.0000 2380.9089   13.5693
    0.0000   15.0000   45.0000 2382.9758   13.4859
    7.5000   15.0000   45.0000 2356.6091   13.7265
   -7.5000   22.5000   45.0000 2244.4082   14.7531
    0.0000   22.5000   45.0000 2249.0564   14.7082
    7.5000   22.5000   45.0000 2218.5991   14.9406
   -7.5000   30.0000   45.0000 2083.1145   16.4042
    0.0000   30.0000   45.0000 2087.5979   16.4164
    7.5000   30.0000   45.0000 2059.6077   16.6094
   -7.5000   37.5000   45.0000 1924.4225   18.6487
    0.0000   37.5000   45.0000 1925.1023   18.6417
    7.5000   37.5000   45.0000 1902.1904   18.8359
   -7.5000   45.0000   45.0000 1767.4900   21.6794
    0.0000   45.0000   45.0000 1768.1224   21.6400
    7.5000   45.0000   45.0000 1748.7953   21.9451

---------------------------------------------------------------------
imgreg_4dfp /opt/freesurfer/average/711-2C_as_mni_average_305 /opt/freesurfer/average/711-2B_as_mni_average_305_mask talsrcimg_g11 none talsrcimg_to_711-2C_as_mni_average_305_t4 1283
---------------------------------------------------------------------

freesurfer imgreg_4dfp.c
/opt/freesurfer/average/711-2C_as_mni_average_305.4dfp.img
       256       256       256         1
  1.000000  1.000000  1.000000
orientation T byte_order littleendian
Reading image: /opt/freesurfer/average/711-2C_as_mni_average_305.4dfp.img
dimensions:      256       256       256
mmppix:       1.0000   -1.0000   -1.0000
center:     128.0000 -129.0000 -129.0000
/opt/freesurfer/average/711-2B_as_mni_average_305_mask.4dfp.img
       256       256       256         1
  1.000000  1.000000  1.000000
orientation T byte_order littleendian
Reading mask: /opt/freesurfer/average/711-2B_as_mni_average_305_mask.4dfp.img (2306576 pixels)
talsrcimg_g11.4dfp.img
       256       256       256         1
  1.000000  1.000000  1.000000
orientation T byte_order littleendian
Reading image: talsrcimg_g11.4dfp.img
dimensions:      256       256       256
mmppix:       1.0000   -1.0000   -1.0000
center:     128.0000 -129.0000 -129.0000
rotation matrix determinant  1.000000
fimgreg.f
image alignment mode   1283 decimal      503 hex
parameters
    0.0000  -15.0000   15.0000    0.0000    0.0000    0.0000
eta,q 0.91300 10.30343
niter,ni,del,rscale     5    3   12.0000    1.2000
parameter  2  0.655949 ->  0.500000 qaram    1.1500
parameter  4  1.276431 ->  0.500000 qaram    1.1500
parameters
   -1.6028  -18.4500   16.8907   -3.4500    0.1092    0.1160
eta,q 0.92183 10.27820
  0.0901  0.0819  0.0923  0.0760  0.0831  0.0810
  0.0867  0.0812  0.0885  0.0778  0.0804  0.0797
  0.0841  0.0819  0.0838  0.0788  0.0789  0.0788
  0.0839  0.0835  0.0810  0.0804  0.0782  0.0782
  0.0882  0.0862  0.0805  0.0834  0.0788  0.0784
  0.0956  0.0905  0.0820  0.0871  0.0804  0.0794
  0.1028  0.0956  0.0841  0.0909  0.0826  0.0809
niter,ni,del,rscale     6    3   12.0000    1.2000
parameter  4  4.375676 ->  0.500000 qaram    1.3225
parameters
   -2.3717  -17.1470   17.4665   -7.4175    1.1458   -2.2883
eta,q 0.92768 10.29807
  0.0878  0.0868  0.0831  0.0695  0.0769  0.0734
  0.0828  0.0817  0.0800  0.0720  0.0750  0.0725
  0.0791  0.0792  0.0781  0.0754  0.0737  0.0724
  0.0782  0.0780  0.0771  0.0770  0.0730  0.0729
  0.0814  0.0765  0.0774  0.0792  0.0730  0.0739
  0.0869  0.0772  0.0789  0.0827  0.0739  0.0759
  0.0943  0.0824  0.0811  0.0867  0.0748  0.0788
niter,ni,del,rscale     6    3   12.0000    1.2000
parameter  4  1.399061 ->  0.500000 qaram    1.5209
parameters
   -3.1619  -16.3997   16.9744  -11.9801    2.9819   -1.8448
eta,q 0.93291 10.24578
  0.0815  0.0839  0.0759  0.0672  0.0727  0.0705
  0.0761  0.0776  0.0733  0.0674  0.0711  0.0684
  0.0729  0.0739  0.0724  0.0688  0.0689  0.0675
  0.0723  0.0722  0.0720  0.0721  0.0675  0.0672
  0.0752  0.0720  0.0724  0.0756  0.0672  0.0672
  0.0808  0.0741  0.0744  0.0786  0.0678  0.0681
  0.0872  0.0801  0.0777  0.0824  0.0692  0.0695
niter,ni,del,rscale     6    3   12.0000    1.2000
parameter  4  0.640757 ->  0.500000 qaram    1.7490
parameters
   -3.9785  -15.7257   15.8854  -17.2272    4.1735   -4.5358
eta,q 0.93640 10.34733
  0.0767  0.0825  0.0711  0.0657  0.0710  0.0654
  0.0707  0.0719  0.0681  0.0652  0.0682  0.0637
  0.0668  0.0668  0.0667  0.0656  0.0666  0.0637
  0.0671  0.0665  0.0669  0.0666  0.0655  0.0649
  0.0711  0.0685  0.0686  0.0698  0.0648  0.0662
  0.0762  0.0711  0.0716  0.0736  0.0656  0.0672
  0.0814  0.0749  0.0750  0.0777  0.0681  0.0690
niter,ni,del,rscale     6    3   12.0000    1.2000
parameters
   -4.5001  -14.8005   14.4187  -20.1536    5.2898   -3.1279
eta,q 0.93634 10.38862
  0.0760  0.0813  0.0663  0.0663  0.0702  0.0713
  0.0683  0.0722  0.0635  0.0660  0.0667  0.0675
  0.0641  0.0660  0.0632  0.0641  0.0646  0.0650
  0.0636  0.0633  0.0635  0.0633  0.0638  0.0638
  0.0675  0.0651  0.0644  0.0658  0.0638  0.0637
  0.0731  0.0689  0.0678  0.0700  0.0643  0.0647
  0.0790  0.0727  0.0721  0.0729  0.0666  0.0663
niter,ni,del,rscale     5    3   12.0000    1.2000
parameters
   -4.6226  -14.0684   13.1940  -22.2629    4.6738   -3.2075
eta,q 0.93620 10.43669
  0.0782  0.0779  0.0663  0.0672  0.0696  0.0683
  0.0696  0.0693  0.0635  0.0649  0.0659  0.0658
  0.0647  0.0646  0.0635  0.0647  0.0638  0.0642
  0.0637  0.0636  0.0640  0.0638  0.0641  0.0638
  0.0665  0.0656  0.0640  0.0649  0.0660  0.0643
  0.0718  0.0682  0.0661  0.0683  0.0683  0.0658
  0.0780  0.0712  0.0708  0.0717  0.0712  0.0687
niter,ni,del,rscale     4    3   12.0000    1.2000
parameters
   -4.2792  -13.3515   12.4207  -22.9992    4.2927   -3.1963
eta,q 0.93684 10.42968
  0.0825  0.0756  0.0675  0.0697  0.0703  0.0677
  0.0728  0.0686  0.0639  0.0647  0.0662  0.0649
  0.0664  0.0652  0.0631  0.0636  0.0634  0.0634
  0.0638  0.0638  0.0637  0.0635  0.0633  0.0632
  0.0656  0.0644  0.0644  0.0645  0.0652  0.0636
  0.0711  0.0668  0.0661  0.0665  0.0680  0.0648
  0.0781  0.0709  0.0699  0.0714  0.0715  0.0676
niter,ni,del,rscale     3    3   12.0000    1.2000
parameters
   -4.1168  -13.3131   12.2165  -23.0435    4.1502   -3.1478
eta,q 0.93701 10.43009
  0.0816  0.0733  0.0690  0.0714  0.0710  0.0676
  0.0719  0.0671  0.0643  0.0650  0.0667  0.0647
  0.0656  0.0640  0.0627  0.0633  0.0634  0.0632
  0.0632  0.0631  0.0631  0.0630  0.0630  0.0630
  0.0653  0.0644  0.0642  0.0642  0.0647  0.0634
  0.0716  0.0675  0.0657  0.0658  0.0675  0.0646
  0.0790  0.0725  0.0688  0.0708  0.0711  0.0674
niter,ni,del,rscale     2    3   12.0000    1.2000
parameters
   -4.0785  -13.3558   12.1981  -23.0267    4.1203   -3.1477
eta,q 0.93703 10.43161
  0.0809  0.0730  0.0695  0.0716  0.0713  0.0675
  0.0713  0.0668  0.0645  0.0650  0.0669  0.0647
  0.0652  0.0638  0.0627  0.0632  0.0635  0.0632
  0.0630  0.0630  0.0630  0.0630  0.0630  0.0630
  0.0655  0.0644  0.0641  0.0641  0.0646  0.0634
  0.0721  0.0675  0.0656  0.0657  0.0673  0.0647
  0.0796  0.0727  0.0685  0.0707  0.0709  0.0674
registration optimization eta report
parameter search radius
    6.0000    6.9000    6.0000   10.4940    6.0000    6.0000
100000*second partial in parameter space
       47.       21.       17.        8.       22.       13.
  0.0809  0.0730  0.0695  0.0716  0.0713  0.0675
  0.0713  0.0668  0.0645  0.0650  0.0669  0.0647
  0.0652  0.0638  0.0627  0.0632  0.0635  0.0632
  0.0630  0.0630  0.0630  0.0630  0.0630  0.0630
  0.0655  0.0644  0.0641  0.0641  0.0646  0.0634
  0.0721  0.0675  0.0656  0.0657  0.0673  0.0647
  0.0796  0.0727  0.0685  0.0707  0.0709  0.0674
   -4.0785  -13.3558   12.1981  -23.0267    4.1203   -3.1477
eta,q 0.93703 10.43161

---------------------------------------------------------------------
imgreg_4dfp /opt/freesurfer/average/711-2C_as_mni_average_305 /opt/freesurfer/average/711-2B_as_mni_average_305_mask talsrcimg_g11 none talsrcimg_to_711-2C_as_mni_average_305_t4 3335
---------------------------------------------------------------------

freesurfer imgreg_4dfp.c
/opt/freesurfer/average/711-2C_as_mni_average_305.4dfp.img
       256       256       256         1
  1.000000  1.000000  1.000000
orientation T byte_order littleendian
Reading image: /opt/freesurfer/average/711-2C_as_mni_average_305.4dfp.img
dimensions:      256       256       256
mmppix:       1.0000   -1.0000   -1.0000
center:     128.0000 -129.0000 -129.0000
/opt/freesurfer/average/711-2B_as_mni_average_305_mask.4dfp.img
       256       256       256         1
  1.000000  1.000000  1.000000
orientation T byte_order littleendian
Reading mask: /opt/freesurfer/average/711-2B_as_mni_average_305_mask.4dfp.img (2306576 pixels)
talsrcimg_g11.4dfp.img
       256       256       256         1
  1.000000  1.000000  1.000000
orientation T byte_order littleendian
Reading image: talsrcimg_g11.4dfp.img
dimensions:      256       256       256
mmppix:       1.0000   -1.0000   -1.0000
center:     128.0000 -129.0000 -129.0000
fimgreg.f
image alignment mode   3335 decimal      D07 hex
parameters
   -4.0785  -13.3558   12.1981   -0.4089   -8.2609   -8.2056
    7.8598   -4.4548   -5.4768   39.4201    7.1851  -39.0149
eta,q 0.93746 10.50394
niter,ni,del,rscale     5    3    5.0000    1.2000
parameter  4  0.755341 ->  0.500000 qaram    1.1500
parameter  5  4.697464 ->  0.500000 qaram    1.1500
parameter  6  1.676230 ->  0.500000 qaram    1.1500
parameter 10  0.698960 ->  0.500000 qaram    1.1500
parameter 12 -1.285652 -> -0.500000 qaram    1.1500
parameters
   -3.6766  -13.5093   11.9743   -4.5489  -12.4009  -12.3456
    5.3549   -2.8002   -3.1368   35.2801    3.5893  -34.8749
eta,q 0.95120  9.71853
  0.0662  0.0638  0.0636  0.0609  0.0513  0.0506  0.0528  0.0567  0.0552  0.0503  0.0504  0.0543
  0.0645  0.0630  0.0628  0.0611  0.0543  0.0517  0.0521  0.0546  0.0536  0.0503  0.0502  0.0527
  0.0632  0.0626  0.0624  0.0615  0.0575  0.0534  0.0519  0.0530  0.0524  0.0506  0.0501  0.0513
  0.0625  0.0624  0.0624  0.0624  0.0611  0.0551  0.0522  0.0519  0.0516  0.0514  0.0504  0.0501
  0.0625  0.0627  0.0627  0.0642  0.0650  0.0570  0.0529  0.0516  0.0514  0.0527  0.0508  0.0492
  0.0631  0.0632  0.0632  0.0667  0.0690  0.0597  0.0540  0.0523  0.0517  0.0548  0.0514  0.0487
  0.0644  0.0642  0.0639  0.0697  0.0733  0.0632  0.0555  0.0539  0.0524  0.0575  0.0521  0.0483
niter,ni,del,rscale     7    3    5.0000    1.2000
parameter  5  2.277891 ->  0.500000 qaram    1.3225
parameter  6  0.654848 ->  0.500000 qaram    1.3225
parameter 12 -0.701198 -> -0.500000 qaram    1.3225
parameters
   -3.4283  -13.2958   12.9652   -7.8615  -17.1619  -17.1066
    5.4808   -2.8832   -3.5082   32.7804    3.5519  -30.1139
eta,q 0.95885  8.92996
  0.0520  0.0509  0.0514  0.0487  0.0408  0.0427  0.0442  0.0459  0.0436  0.0434  0.0425  0.0453
  0.0504  0.0498  0.0502  0.0483  0.0428  0.0421  0.0431  0.0439  0.0427  0.0423  0.0422  0.0438
  0.0493  0.0491  0.0493  0.0482  0.0452  0.0422  0.0423  0.0425  0.0422  0.0418  0.0419  0.0426
  0.0488  0.0488  0.0487  0.0485  0.0482  0.0434  0.0420  0.0420  0.0420  0.0420  0.0418  0.0418
  0.0489  0.0488  0.0485  0.0490  0.0516  0.0456  0.0422  0.0426  0.0423  0.0431  0.0418  0.0413
  0.0496  0.0494  0.0486  0.0503  0.0555  0.0482  0.0430  0.0440  0.0430  0.0450  0.0421  0.0411
  0.0509  0.0503  0.0490  0.0525  0.0597  0.0506  0.0442  0.0461  0.0440  0.0475  0.0426  0.0412
niter,ni,del,rscale     7    3    5.0000    1.2000
parameter  5  1.077174 ->  0.500000 qaram    1.5209
parameters
   -3.3199  -13.1273   12.6246   -7.9733  -22.6371  -17.6457
    5.1375   -2.9207   -3.8271   32.0270    3.4320  -28.4097
eta,q 0.96175  8.54962
  0.0440  0.0433  0.0420  0.0426  0.0374  0.0417  0.0401  0.0418  0.0396  0.0406  0.0388  0.0400
  0.0425  0.0421  0.0414  0.0417  0.0379  0.0400  0.0390  0.0400  0.0388  0.0393  0.0385  0.0391
  0.0415  0.0414  0.0411  0.0412  0.0392  0.0388  0.0384  0.0387  0.0383  0.0385  0.0383  0.0385
  0.0411  0.0411  0.0411  0.0411  0.0411  0.0382  0.0382  0.0382  0.0382  0.0382  0.0382  0.0382
  0.0413  0.0413  0.0414  0.0413  0.0437  0.0386  0.0386  0.0387  0.0385  0.0387  0.0383  0.0383
  0.0422  0.0418  0.0419  0.0418  0.0470  0.0404  0.0393  0.0400  0.0390  0.0399  0.0385  0.0386
  0.0436  0.0427  0.0427  0.0426  0.0511  0.0430  0.0405  0.0419  0.0398  0.0419  0.0389  0.0390
niter,ni,del,rscale     7    3    5.0000    1.2000
parameter  5  0.506779 ->  0.500000 qaram    1.7490
parameters
   -3.3388  -12.8130   12.6536   -8.5019  -28.9335  -16.8787
    4.8040   -2.9202   -4.0620   31.4808    4.0748  -29.8833
eta,q 0.96281  8.22865
  0.0408  0.0406  0.0393  0.0396  0.0381  0.0410  0.0391  0.0407  0.0384  0.0393  0.0378  0.0379
  0.0394  0.0393  0.0387  0.0387  0.0375  0.0394  0.0380  0.0389  0.0377  0.0381  0.0375  0.0374
  0.0385  0.0386  0.0384  0.0383  0.0374  0.0382  0.0374  0.0377  0.0374  0.0374  0.0374  0.0372
  0.0383  0.0383  0.0383  0.0383  0.0382  0.0374  0.0373  0.0373  0.0373  0.0373  0.0373  0.0372
  0.0386  0.0384  0.0384  0.0386  0.0399  0.0372  0.0376  0.0377  0.0374  0.0376  0.0373  0.0375
  0.0394  0.0388  0.0387  0.0391  0.0425  0.0383  0.0383  0.0389  0.0378  0.0385  0.0374  0.0379
  0.0409  0.0395  0.0392  0.0397  0.0458  0.0404  0.0394  0.0407  0.0385  0.0399  0.0377  0.0384
niter,ni,del,rscale     7    3    5.0000    1.2000
parameters
   -3.3111  -11.8654   12.5455   -8.1320  -30.8652  -17.2229
    4.8051   -3.0087   -3.8045   32.1402    4.8018  -30.4007
eta,q 0.96299  8.15353
  0.0397  0.0399  0.0378  0.0386  0.0397  0.0400  0.0389  0.0402  0.0380  0.0393  0.0375  0.0378
  0.0383  0.0386  0.0374  0.0376  0.0382  0.0386  0.0379  0.0385  0.0375  0.0382  0.0373  0.0373
  0.0375  0.0377  0.0371  0.0371  0.0373  0.0376  0.0372  0.0374  0.0372  0.0374  0.0371  0.0371
  0.0372  0.0372  0.0370  0.0370  0.0370  0.0370  0.0370  0.0370  0.0370  0.0370  0.0370  0.0370
  0.0374  0.0370  0.0371  0.0373  0.0378  0.0372  0.0373  0.0375  0.0371  0.0371  0.0370  0.0372
  0.0382  0.0371  0.0375  0.0377  0.0397  0.0386  0.0379  0.0386  0.0374  0.0377  0.0371  0.0375
  0.0396  0.0375  0.0380  0.0381  0.0424  0.0409  0.0389  0.0403  0.0379  0.0387  0.0374  0.0379
niter,ni,del,rscale     6    3    5.0000    1.2000
parameters
   -3.2788  -11.4580   12.3052   -8.2573  -31.8671  -17.5280
    4.7358   -3.1303   -3.7904   32.6220    5.1194  -30.3891
eta,q 0.96299  8.09630
  0.0393  0.0387  0.0376  0.0384  0.0400  0.0399  0.0388  0.0400  0.0379  0.0391  0.0374  0.0378
  0.0381  0.0378  0.0372  0.0375  0.0385  0.0386  0.0378  0.0384  0.0374  0.0380  0.0372  0.0373
  0.0373  0.0373  0.0370  0.0370  0.0374  0.0375  0.0372  0.0374  0.0371  0.0373  0.0371  0.0371
  0.0370  0.0370  0.0370  0.0370  0.0370  0.0370  0.0370  0.0370  0.0370  0.0370  0.0370  0.0370
  0.0372  0.0370  0.0371  0.0373  0.0375  0.0372  0.0373  0.0374  0.0371  0.0371  0.0370  0.0371
  0.0380  0.0373  0.0375  0.0377  0.0391  0.0385  0.0379  0.0385  0.0374  0.0377  0.0372  0.0374
  0.0392  0.0378  0.0380  0.0382  0.0414  0.0407  0.0389  0.0402  0.0379  0.0387  0.0374  0.0378
niter,ni,del,rscale     5    3    5.0000    1.2000
parameters
   -3.2888  -11.2189   12.0368   -8.4634  -32.5779  -17.9079
    4.7763   -3.1996   -3.8034   32.9914    5.0657  -30.1404
eta,q 0.96296  8.04277
  0.0392  0.0385  0.0376  0.0384  0.0401  0.0398  0.0389  0.0400  0.0379  0.0389  0.0374  0.0378
  0.0380  0.0377  0.0372  0.0375  0.0385  0.0385  0.0379  0.0384  0.0374  0.0380  0.0372  0.0374
  0.0372  0.0372  0.0370  0.0370  0.0375  0.0375  0.0372  0.0374  0.0371  0.0373  0.0371  0.0371
  0.0370  0.0370  0.0370  0.0370  0.0370  0.0370  0.0370  0.0370  0.0370  0.0370  0.0370  0.0370
  0.0373  0.0371  0.0372  0.0373  0.0374  0.0372  0.0372  0.0374  0.0371  0.0372  0.0371  0.0371
  0.0380  0.0374  0.0375  0.0378  0.0389  0.0385  0.0379  0.0385  0.0374  0.0377  0.0372  0.0374
  0.0392  0.0379  0.0379  0.0383  0.0412  0.0406  0.0388  0.0401  0.0379  0.0387  0.0374  0.0377
niter,ni,del,rscale     4    3    5.0000    1.2000
parameters
   -3.3321  -10.9971   11.7357   -8.7087  -33.3086  -18.4052
    4.8914   -3.2448   -3.8026   33.4244    4.8025  -29.7844
eta,q 0.96294  7.98356
  0.0391  0.0384  0.0376  0.0384  0.0400  0.0396  0.0389  0.0399  0.0379  0.0389  0.0374  0.0378
  0.0379  0.0377  0.0372  0.0375  0.0385  0.0384  0.0379  0.0384  0.0375  0.0380  0.0372  0.0374
  0.0372  0.0372  0.0371  0.0371  0.0375  0.0375  0.0373  0.0374  0.0372  0.0373  0.0371  0.0372
  0.0370  0.0370  0.0370  0.0370  0.0370  0.0370  0.0371  0.0371  0.0371  0.0371  0.0371  0.0371
  0.0373  0.0371  0.0372  0.0374  0.0374  0.0373  0.0373  0.0374  0.0372  0.0372  0.0371  0.0371
  0.0380  0.0374  0.0375  0.0379  0.0389  0.0385  0.0378  0.0384  0.0375  0.0376  0.0373  0.0373
  0.0392  0.0379  0.0379  0.0383  0.0411  0.0406  0.0388  0.0399  0.0379  0.0386  0.0375  0.0377
niter,ni,del,rscale     3    3    5.0000    1.2000
parameters
   -3.3936  -10.7244   11.3678   -9.0011  -34.2191  -19.0816
    5.0517   -3.2728   -3.6879   34.0281    4.3735  -29.3970
eta,q 0.96293  7.91275
  0.0390  0.0384  0.0375  0.0384  0.0399  0.0395  0.0388  0.0397  0.0380  0.0389  0.0374  0.0377
  0.0379  0.0377  0.0372  0.0376  0.0385  0.0383  0.0379  0.0383  0.0375  0.0380  0.0372  0.0374
  0.0372  0.0372  0.0371  0.0371  0.0374  0.0375  0.0373  0.0374  0.0372  0.0374  0.0371  0.0372
  0.0371  0.0371  0.0371  0.0370  0.0370  0.0371  0.0371  0.0371  0.0371  0.0371  0.0371  0.0371
  0.0373  0.0371  0.0372  0.0374  0.0374  0.0373  0.0372  0.0374  0.0372  0.0371  0.0372  0.0371
  0.0380  0.0374  0.0375  0.0379  0.0389  0.0386  0.0378  0.0383  0.0375  0.0376  0.0373  0.0373
  0.0392  0.0379  0.0380  0.0384  0.0412  0.0406  0.0387  0.0398  0.0379  0.0385  0.0375  0.0376
niter,ni,del,rscale     2    3    5.0000    1.2000
parameters
   -3.4675  -10.3722   10.9162   -9.3683  -35.3700  -19.9283
    5.2039   -3.2945   -3.5338   34.7564    4.1225  -29.2902
eta,q 0.96295  7.83308
  0.0389  0.0384  0.0375  0.0384  0.0397  0.0393  0.0388  0.0396  0.0380  0.0388  0.0375  0.0377
  0.0378  0.0377  0.0372  0.0376  0.0383  0.0382  0.0379  0.0382  0.0375  0.0380  0.0372  0.0374
  0.0372  0.0373  0.0370  0.0371  0.0374  0.0374  0.0373  0.0373  0.0372  0.0374  0.0371  0.0371
  0.0371  0.0371  0.0370  0.0370  0.0370  0.0370  0.0371  0.0371  0.0371  0.0371  0.0370  0.0370
  0.0373  0.0371  0.0372  0.0374  0.0374  0.0373  0.0372  0.0374  0.0372  0.0371  0.0371  0.0371
  0.0380  0.0373  0.0375  0.0380  0.0389  0.0386  0.0378  0.0383  0.0375  0.0375  0.0373  0.0373
  0.0391  0.0378  0.0380  0.0385  0.0413  0.0407  0.0386  0.0396  0.0379  0.0384  0.0375  0.0377
niter,ni,del,rscale     1    3    5.0000    1.2000
parameters
   -3.5325   -9.9810   10.4674   -9.7578  -36.5493  -20.7340
    5.3200   -3.3063   -3.3703   35.4660    4.2377  -29.5615
eta,q 0.96296  7.76301
  0.0389  0.0384  0.0375  0.0385  0.0395  0.0393  0.0387  0.0395  0.0380  0.0388  0.0375  0.0376
  0.0378  0.0377  0.0372  0.0376  0.0383  0.0382  0.0379  0.0382  0.0375  0.0380  0.0373  0.0373
  0.0372  0.0373  0.0370  0.0371  0.0374  0.0374  0.0373  0.0373  0.0372  0.0374  0.0371  0.0371
  0.0370  0.0370  0.0370  0.0370  0.0370  0.0370  0.0371  0.0371  0.0371  0.0371  0.0370  0.0370
  0.0373  0.0371  0.0372  0.0374  0.0374  0.0373  0.0372  0.0374  0.0372  0.0371  0.0371  0.0371
  0.0380  0.0373  0.0375  0.0380  0.0388  0.0385  0.0378  0.0382  0.0374  0.0375  0.0372  0.0374
  0.0390  0.0377  0.0380  0.0385  0.0412  0.0407  0.0386  0.0395  0.0379  0.0384  0.0375  0.0377
registration optimization eta report
parameter search radius
    2.4000    2.4000    2.4000    8.2800   12.5928    9.5220
    7.2000    7.2000    7.2000    8.2800    7.2000    9.5220
100000*second partial in parameter space
       33.       18.       12.        2.        2.        3.
        3.        5.        2.        2.        1.        1.
  0.0389  0.0384  0.0375  0.0385  0.0395  0.0393  0.0387  0.0395  0.0380  0.0388  0.0375  0.0376
  0.0378  0.0377  0.0372  0.0376  0.0383  0.0382  0.0379  0.0382  0.0375  0.0380  0.0373  0.0373
  0.0372  0.0373  0.0370  0.0371  0.0374  0.0374  0.0373  0.0373  0.0372  0.0374  0.0371  0.0371
  0.0370  0.0370  0.0370  0.0370  0.0370  0.0370  0.0371  0.0371  0.0371  0.0371  0.0370  0.0370
  0.0373  0.0371  0.0372  0.0374  0.0374  0.0373  0.0372  0.0374  0.0372  0.0371  0.0371  0.0371
  0.0380  0.0373  0.0375  0.0380  0.0388  0.0385  0.0378  0.0382  0.0374  0.0375  0.0372  0.0374
  0.0390  0.0377  0.0380  0.0385  0.0412  0.0407  0.0386  0.0395  0.0379  0.0384  0.0375  0.0377
   -3.5325   -9.9810   10.4674   -9.7578  -36.5493  -20.7340
    5.3200   -3.3063   -3.3703   35.4660    4.2377  -29.5615
eta,q 0.96296  7.76301

---------------------------------------------------------------------
imgreg_4dfp /opt/freesurfer/average/711-2C_as_mni_average_305 /opt/freesurfer/average/711-2B_as_mni_average_305_mask talsrcimg_g11 none talsrcimg_to_711-2C_as_mni_average_305_t4 2311
---------------------------------------------------------------------

freesurfer imgreg_4dfp.c
/opt/freesurfer/average/711-2C_as_mni_average_305.4dfp.img
       256       256       256         1
  1.000000  1.000000  1.000000
orientation T byte_order littleendian
Reading image: /opt/freesurfer/average/711-2C_as_mni_average_305.4dfp.img
dimensions:      256       256       256
mmppix:       1.0000   -1.0000   -1.0000
center:     128.0000 -129.0000 -129.0000
/opt/freesurfer/average/711-2B_as_mni_average_305_mask.4dfp.img
       256       256       256         1
  1.000000  1.000000  1.000000
orientation T byte_order littleendian
Reading mask: /opt/freesurfer/average/711-2B_as_mni_average_305_mask.4dfp.img (2306576 pixels)
talsrcimg_g11.4dfp.img
       256       256       256         1
  1.000000  1.000000  1.000000
orientation T byte_order littleendian
Reading image: talsrcimg_g11.4dfp.img
dimensions:      256       256       256
mmppix:       1.0000   -1.0000   -1.0000
center:     128.0000 -129.0000 -129.0000
fimgreg.f
image alignment mode   2311 decimal      907 hex
parameters
   -3.5325   -9.9810   10.4674   -9.7578  -36.5493  -20.7340
    5.3200   -3.3063   -3.3703   35.4660    4.2377  -29.5615
eta,q 0.96296  7.76301
niter,ni,del,rscale     5    3    5.0000    0.8000
parameters
   -3.6092   -9.6934   10.0949  -10.4143  -36.1662  -20.3636
    5.5169   -3.3656   -3.2829   36.4836    4.6662  -29.7965
eta,q 0.96308  7.78567
  0.0378  0.0376  0.0372  0.0375  0.0375  0.0378  0.0378  0.0381  0.0374  0.0377  0.0372  0.0371
  0.0373  0.0373  0.0371  0.0372  0.0373  0.0374  0.0374  0.0375  0.0372  0.0373  0.0371  0.0370
  0.0371  0.0371  0.0370  0.0370  0.0371  0.0371  0.0371  0.0371  0.0370  0.0371  0.0370  0.0369
  0.0370  0.0370  0.0370  0.0370  0.0370  0.0370  0.0370  0.0370  0.0370  0.0370  0.0369  0.0369
  0.0372  0.0370  0.0371  0.0372  0.0370  0.0370  0.0370  0.0371  0.0370  0.0369  0.0369  0.0370
  0.0375  0.0371  0.0373  0.0375  0.0371  0.0372  0.0373  0.0375  0.0371  0.0370  0.0370  0.0370
  0.0379  0.0373  0.0375  0.0378  0.0374  0.0376  0.0377  0.0382  0.0373  0.0373  0.0371  0.0371
niter,ni,del,rscale     4    3    5.0000    0.7000
parameters
   -3.6677   -9.8108    9.9685  -10.5000  -36.2585  -20.3171
    5.6776   -3.4166   -3.3651   36.6396    4.8163  -30.2204
eta,q 0.96309  7.79015
  0.0375  0.0372  0.0371  0.0374  0.0373  0.0375  0.0376  0.0378  0.0372  0.0374  0.0371  0.0370
  0.0372  0.0370  0.0370  0.0372  0.0371  0.0372  0.0372  0.0373  0.0371  0.0371  0.0370  0.0370
  0.0370  0.0369  0.0369  0.0370  0.0370  0.0370  0.0370  0.0370  0.0370  0.0370  0.0369  0.0369
  0.0369  0.0369  0.0369  0.0369  0.0369  0.0369  0.0369  0.0369  0.0369  0.0369  0.0369  0.0369
  0.0370  0.0370  0.0370  0.0370  0.0370  0.0370  0.0370  0.0370  0.0370  0.0369  0.0369  0.0369
  0.0373  0.0371  0.0371  0.0372  0.0371  0.0371  0.0372  0.0373  0.0371  0.0371  0.0370  0.0370
  0.0376  0.0373  0.0372  0.0375  0.0373  0.0375  0.0375  0.0379  0.0372  0.0373  0.0371  0.0371
niter,ni,del,rscale     3    3    5.0000    0.6000
parameters
   -3.7014   -9.8425    9.9237  -10.5136  -36.2884  -20.2482
    5.7954   -3.4553   -3.3840   36.8788    4.9920  -30.5352
eta,q 0.96311  7.80077
  0.0374  0.0371  0.0371  0.0373  0.0372  0.0373  0.0374  0.0376  0.0371  0.0373  0.0370  0.0370
  0.0371  0.0370  0.0370  0.0371  0.0370  0.0371  0.0371  0.0372  0.0370  0.0371  0.0370  0.0369
  0.0369  0.0369  0.0369  0.0370  0.0369  0.0370  0.0370  0.0370  0.0369  0.0370  0.0369  0.0369
  0.0369  0.0369  0.0369  0.0369  0.0369  0.0369  0.0369  0.0369  0.0369  0.0369  0.0369  0.0369
  0.0370  0.0370  0.0369  0.0370  0.0369  0.0369  0.0369  0.0370  0.0369  0.0369  0.0369  0.0369
  0.0371  0.0370  0.0370  0.0371  0.0370  0.0371  0.0371  0.0372  0.0370  0.0370  0.0369  0.0370
  0.0374  0.0372  0.0371  0.0373  0.0372  0.0373  0.0373  0.0376  0.0371  0.0372  0.0370  0.0370
niter,ni,del,rscale     2    3    5.0000    0.5000
parameters
   -3.7295   -9.8606    9.8957  -10.5382  -36.3313  -20.1856
    5.8926   -3.4867   -3.3796   37.0768    5.1831  -30.8084
eta,q 0.96311  7.80904
  0.0372  0.0371  0.0370  0.0372  0.0371  0.0372  0.0372  0.0374  0.0371  0.0371  0.0370  0.0370
  0.0370  0.0370  0.0370  0.0370  0.0370  0.0370  0.0371  0.0371  0.0370  0.0370  0.0369  0.0369
  0.0369  0.0369  0.0369  0.0369  0.0369  0.0369  0.0369  0.0369  0.0369  0.0369  0.0369  0.0369
  0.0369  0.0369  0.0369  0.0369  0.0369  0.0369  0.0369  0.0369  0.0369  0.0369  0.0369  0.0369
  0.0369  0.0369  0.0369  0.0369  0.0369  0.0369  0.0369  0.0369  0.0369  0.0369  0.0369  0.0369
  0.0371  0.0370  0.0370  0.0370  0.0370  0.0370  0.0370  0.0371  0.0370  0.0370  0.0369  0.0369
  0.0372  0.0371  0.0370  0.0372  0.0371  0.0372  0.0372  0.0374  0.0371  0.0371  0.0370  0.0370
niter,ni,del,rscale     1    3    5.0000    0.4000
parameters
   -3.7526   -9.8697    9.8639  -10.5682  -36.3878  -20.1454
    5.9977   -3.5229   -3.3679   37.2498    5.3129  -30.9987
eta,q 0.96311  7.81414
  0.0371  0.0370  0.0370  0.0371  0.0370  0.0371  0.0371  0.0372  0.0370  0.0371  0.0369  0.0369
  0.0370  0.0369  0.0369  0.0370  0.0369  0.0370  0.0370  0.0370  0.0369  0.0370  0.0369  0.0369
  0.0369  0.0369  0.0369  0.0369  0.0369  0.0369  0.0369  0.0369  0.0369  0.0369  0.0369  0.0369
  0.0369  0.0369  0.0369  0.0369  0.0369  0.0369  0.0369  0.0369  0.0369  0.0369  0.0369  0.0369
  0.0369  0.0369  0.0369  0.0369  0.0369  0.0369  0.0369  0.0369  0.0369  0.0369  0.0369  0.0369
  0.0370  0.0369  0.0369  0.0370  0.0369  0.0370  0.0370  0.0370  0.0369  0.0369  0.0369  0.0369
  0.0371  0.0370  0.0370  0.0371  0.0370  0.0371  0.0371  0.0372  0.0370  0.0370  0.0369  0.0370
registration optimization eta report
parameter search radius
    0.8000    0.8000    0.8000    2.4000    2.4000    2.4000
    2.4000    2.4000    2.4000    2.4000    2.4000    2.4000
100000*second partial in parameter space
       34.       18.       13.        3.        2.        4.
        4.        5.        2.        3.        1.        1.
  0.0371  0.0370  0.0370  0.0371  0.0370  0.0371  0.0371  0.0372  0.0370  0.0371  0.0369  0.0369
  0.0370  0.0369  0.0369  0.0370  0.0369  0.0370  0.0370  0.0370  0.0369  0.0370  0.0369  0.0369
  0.0369  0.0369  0.0369  0.0369  0.0369  0.0369  0.0369  0.0369  0.0369  0.0369  0.0369  0.0369
  0.0369  0.0369  0.0369  0.0369  0.0369  0.0369  0.0369  0.0369  0.0369  0.0369  0.0369  0.0369
  0.0369  0.0369  0.0369  0.0369  0.0369  0.0369  0.0369  0.0369  0.0369  0.0369  0.0369  0.0369
  0.0370  0.0369  0.0369  0.0370  0.0369  0.0370  0.0370  0.0370  0.0369  0.0369  0.0369  0.0369
  0.0371  0.0370  0.0370  0.0371  0.0370  0.0371  0.0371  0.0372  0.0370  0.0370  0.0369  0.0370
   -3.7526   -9.8697    9.8639  -10.5682  -36.3878  -20.1454
    5.9977   -3.5229   -3.3679   37.2498    5.3129  -30.9987
eta,q 0.96311  7.81414

---------------------------------------------------------------------
imgreg_4dfp /opt/freesurfer/average/711-2C_as_mni_average_305 /opt/freesurfer/average/711-2B_as_mni_average_305_mask talsrcimg_g11 none talsrcimg_to_711-2C_as_mni_average_305_t4 2311
---------------------------------------------------------------------

freesurfer imgreg_4dfp.c
/opt/freesurfer/average/711-2C_as_mni_average_305.4dfp.img
       256       256       256         1
  1.000000  1.000000  1.000000
orientation T byte_order littleendian
Reading image: /opt/freesurfer/average/711-2C_as_mni_average_305.4dfp.img
dimensions:      256       256       256
mmppix:       1.0000   -1.0000   -1.0000
center:     128.0000 -129.0000 -129.0000
/opt/freesurfer/average/711-2B_as_mni_average_305_mask.4dfp.img
       256       256       256         1
  1.000000  1.000000  1.000000
orientation T byte_order littleendian
Reading mask: /opt/freesurfer/average/711-2B_as_mni_average_305_mask.4dfp.img (2306576 pixels)
talsrcimg_g11.4dfp.img
       256       256       256         1
  1.000000  1.000000  1.000000
orientation T byte_order littleendian
Reading image: talsrcimg_g11.4dfp.img
dimensions:      256       256       256
mmppix:       1.0000   -1.0000   -1.0000
center:     128.0000 -129.0000 -129.0000
fimgreg.f
image alignment mode   2311 decimal      907 hex
parameters
   -3.7526   -9.8697    9.8639  -10.5682  -36.3878  -20.1454
    5.9977   -3.5229   -3.3679   37.2498    5.3129  -30.9987
eta,q 0.96311  7.81414
niter,ni,del,rscale     5    3    5.0000    0.8000
parameters
   -3.7348   -9.8348    9.8506  -10.5833  -36.7052  -20.5276
    5.8763   -3.4638   -3.3144   37.0856    4.9626  -30.9663
eta,q 0.96309  7.78563
  0.0378  0.0374  0.0372  0.0376  0.0373  0.0376  0.0377  0.0382  0.0373  0.0374  0.0371  0.0371
  0.0373  0.0371  0.0370  0.0372  0.0371  0.0372  0.0373  0.0375  0.0371  0.0372  0.0370  0.0370
  0.0370  0.0369  0.0369  0.0370  0.0369  0.0370  0.0370  0.0370  0.0369  0.0370  0.0369  0.0369
  0.0369  0.0369  0.0369  0.0369  0.0369  0.0369  0.0369  0.0369  0.0369  0.0369  0.0369  0.0369
  0.0370  0.0369  0.0369  0.0370  0.0370  0.0370  0.0370  0.0370  0.0369  0.0370  0.0369  0.0369
  0.0373  0.0371  0.0370  0.0372  0.0371  0.0373  0.0373  0.0374  0.0371  0.0372  0.0370  0.0370
  0.0377  0.0373  0.0372  0.0376  0.0375  0.0379  0.0378  0.0381  0.0373  0.0376  0.0372  0.0371
niter,ni,del,rscale     4    3    5.0000    0.7000
parameters
   -3.7180   -9.7458    9.7844  -10.5979  -36.7655  -20.5251
    5.8253   -3.4301   -3.3312   37.2693    5.0260  -31.0555
eta,q 0.96310  7.78706
  0.0376  0.0373  0.0371  0.0375  0.0373  0.0375  0.0375  0.0379  0.0372  0.0374  0.0371  0.0370
  0.0372  0.0371  0.0370  0.0372  0.0371  0.0372  0.0372  0.0373  0.0370  0.0371  0.0370  0.0370
  0.0370  0.0370  0.0369  0.0370  0.0370  0.0370  0.0370  0.0370  0.0369  0.0370  0.0369  0.0369
  0.0369  0.0369  0.0369  0.0369  0.0369  0.0369  0.0369  0.0369  0.0369  0.0369  0.0369  0.0369
  0.0370  0.0369  0.0369  0.0370  0.0369  0.0369  0.0370  0.0370  0.0369  0.0369  0.0369  0.0369
  0.0372  0.0370  0.0370  0.0372  0.0371  0.0371  0.0372  0.0373  0.0370  0.0371  0.0370  0.0370
  0.0375  0.0372  0.0372  0.0375  0.0373  0.0375  0.0376  0.0378  0.0372  0.0373  0.0371  0.0371
niter,ni,del,rscale     3    3    5.0000    0.6000
parameters
   -3.7115   -9.7411    9.7599  -10.6167  -36.7712  -20.4565
    5.8635   -3.4284   -3.4000   37.4068    5.1417  -31.1677
eta,q 0.96310  7.79300
  0.0374  0.0372  0.0371  0.0373  0.0372  0.0374  0.0374  0.0376  0.0371  0.0373  0.0370  0.0370
  0.0371  0.0370  0.0370  0.0371  0.0370  0.0371  0.0371  0.0372  0.0370  0.0371  0.0370  0.0369
  0.0370  0.0369  0.0369  0.0370  0.0369  0.0370  0.0370  0.0370  0.0369  0.0370  0.0369  0.0369
  0.0369  0.0369  0.0369  0.0369  0.0369  0.0369  0.0369  0.0369  0.0369  0.0369  0.0369  0.0369
  0.0370  0.0369  0.0369  0.0370  0.0369  0.0369  0.0369  0.0370  0.0369  0.0369  0.0369  0.0369
  0.0371  0.0370  0.0370  0.0371  0.0370  0.0371  0.0371  0.0372  0.0370  0.0370  0.0369  0.0370
  0.0374  0.0371  0.0371  0.0373  0.0372  0.0374  0.0374  0.0376  0.0371  0.0372  0.0370  0.0370
niter,ni,del,rscale     2    3    5.0000    0.5000
parameters
   -3.7206   -9.7575    9.7462  -10.6120  -36.7572  -20.3839
    5.9318   -3.4406   -3.4202   37.5060    5.2380  -31.2369
eta,q 0.96311  7.79940
  0.0372  0.0371  0.0370  0.0372  0.0371  0.0372  0.0372  0.0374  0.0371  0.0371  0.0370  0.0370
  0.0370  0.0370  0.0370  0.0370  0.0370  0.0371  0.0371  0.0371  0.0370  0.0370  0.0369  0.0369
  0.0369  0.0369  0.0369  0.0369  0.0369  0.0370  0.0369  0.0369  0.0369  0.0369  0.0369  0.0369
  0.0369  0.0369  0.0369  0.0369  0.0369  0.0369  0.0369  0.0369  0.0369  0.0369  0.0369  0.0369
  0.0369  0.0369  0.0369  0.0369  0.0369  0.0369  0.0369  0.0369  0.0369  0.0369  0.0369  0.0369
  0.0371  0.0370  0.0370  0.0370  0.0370  0.0370  0.0370  0.0371  0.0370  0.0370  0.0369  0.0369
  0.0372  0.0371  0.0370  0.0372  0.0371  0.0372  0.0372  0.0374  0.0371  0.0371  0.0370  0.0370
niter,ni,del,rscale     1    3    5.0000    0.4000
parameters
   -3.7362   -9.7680    9.7474  -10.6255  -36.7259  -20.3159
    6.0128   -3.4643   -3.4758   37.5951    5.3523  -31.3001
eta,q 0.96311  7.80566
  0.0371  0.0370  0.0370  0.0371  0.0370  0.0371  0.0371  0.0372  0.0370  0.0371  0.0369  0.0369
  0.0370  0.0369  0.0369  0.0370  0.0370  0.0370  0.0370  0.0370  0.0369  0.0370  0.0369  0.0369
  0.0369  0.0369  0.0369  0.0369  0.0369  0.0369  0.0369  0.0369  0.0369  0.0369  0.0369  0.0369
  0.0369  0.0369  0.0369  0.0369  0.0369  0.0369  0.0369  0.0369  0.0369  0.0369  0.0369  0.0369
  0.0369  0.0369  0.0369  0.0369  0.0369  0.0369  0.0369  0.0369  0.0369  0.0369  0.0369  0.0369
  0.0370  0.0369  0.0369  0.0370  0.0369  0.0370  0.0370  0.0370  0.0369  0.0369  0.0369  0.0369
  0.0371  0.0370  0.0370  0.0371  0.0370  0.0371  0.0371  0.0372  0.0370  0.0370  0.0369  0.0370
registration optimization eta report
parameter search radius
    0.8000    0.8000    0.8000    2.4000    2.4000    2.4000
    2.4000    2.4000    2.4000    2.4000    2.4000    2.4000
100000*second partial in parameter space
       35.       18.       13.        3.        2.        4.
        4.        5.        2.        3.        1.        1.
  0.0371  0.0370  0.0370  0.0371  0.0370  0.0371  0.0371  0.0372  0.0370  0.0371  0.0369  0.0369
  0.0370  0.0369  0.0369  0.0370  0.0370  0.0370  0.0370  0.0370  0.0369  0.0370  0.0369  0.0369
  0.0369  0.0369  0.0369  0.0369  0.0369  0.0369  0.0369  0.0369  0.0369  0.0369  0.0369  0.0369
  0.0369  0.0369  0.0369  0.0369  0.0369  0.0369  0.0369  0.0369  0.0369  0.0369  0.0369  0.0369
  0.0369  0.0369  0.0369  0.0369  0.0369  0.0369  0.0369  0.0369  0.0369  0.0369  0.0369  0.0369
  0.0370  0.0369  0.0369  0.0370  0.0369  0.0370  0.0370  0.0370  0.0369  0.0369  0.0369  0.0369
  0.0371  0.0370  0.0370  0.0371  0.0370  0.0371  0.0371  0.0372  0.0370  0.0370  0.0369  0.0370
   -3.7362   -9.7680    9.7474  -10.6255  -36.7259  -20.3159
    6.0128   -3.4643   -3.4758   37.5951    5.3523  -31.3001
eta,q 0.96311  7.80566

---------------------------------------------------------------------
compute_vox2vox talsrcimg talsrcimg_to_711-2C_as_mni_average_305_t4 /opt/freesurfer/average/711-2C_as_mni_average_305
---------------------------------------------------------------------

freesurfer compute_vox2vox.c
Reading: talsrcimg.4dfp.ifh
Reading: talsrcimg_to_711-2C_as_mni_average_305_t4
Reading: /opt/freesurfer/average/711-2C_as_mni_average_305.4dfp.ifh
Writing: talsrcimg_to_711-2C_as_mni_average_305_t4_vox2vox.txt

start time Thu Mar 12 02:54:40 CET 2026
end		time Thu Mar 12 02:54:54 CET 2026

mpr2mni305 success

avi2talxfm orig_nu.mgz /opt/freesurfer/average/mni305.cor.mgz talsrcimg_to_711-2C_as_mni_average_305_t4_vox2vox.txt transforms/talairach.auto.xfm
avi2talxfm done
mv -f /out/sourcedata/freesurfer/sub-v1s10x0051024_ses-1/mri/talsrcimg_to_711-2C_as_mni_average_305_t4_vox2vox.txt /out/sourcedata/freesurfer/sub-v1s10x0051024_ses-1/mri/transforms/talsrcimg_to_711-2C_as_mni_average_305_t4_vox2vox.txt
lta_convert --src orig_nu.mgz --trg /opt/freesurfer/average/mni305.cor.mgz --inxfm transforms/talairach.auto.xfm --outlta transforms/talairach.auto.xfm.lta --subject fsaverage
7.3.2

--src: orig_nu.mgz src image (geometry).
--trg: /opt/freesurfer/average/mni305.cor.mgz trg image (geometry).
--inmni: transforms/talairach.auto.xfm input MNI/XFM transform.
--outlta: transforms/talairach.auto.xfm.lta output LTA.
--s: fsaverage subject name
 LTA read, type : 1
 1.11154   0.07959  -0.06626  -1.63613;
-0.04109   1.01454   0.50577  -2.80574;
 0.08547  -0.59843   1.27627   26.26489;
 0.00000   0.00000   0.00000   1.00000;
setting subject to fsaverage
Writing  LTA to file transforms/talairach.auto.xfm.lta...
lta_convert successful.
 
 
Started at Thu Mar 12 02:54:39 CET 2026
Ended   at Thu Mar 12 02:54:54 CET 2026
talairach_avi done
