status file for recon-all
Thu Mar 12 10:33:13 CET 2026
#@# Tessellate lh Thu Mar 12 10:33:13 CET 2026
#@# Smooth1 lh Thu Mar 12 10:33:16 CET 2026
#@# Inflation1 lh Thu Mar 12 10:33:18 CET 2026
#@# QSphere lh Thu Mar 12 10:33:31 CET 2026
#@# Fix Topology lh Thu Mar 12 10:35:39 CET 2026
#@# Smooth2 lh Thu Mar 12 10:43:16 CET 2026
#@# Inflation2 lh Thu Mar 12 10:43:19 CET 2026
#@# Curv .H and .K lh Thu Mar 12 10:43:35 CET 2026
#@# Sphere lh Thu Mar 12 10:44:20 CET 2026
#@# Surf Reg lh Thu Mar 12 10:49:24 CET 2026
#@# Jacobian white lh Thu Mar 12 10:55:31 CET 2026
#@# AvgCurv lh Thu Mar 12 10:55:32 CET 2026
#@# Cortical Parc lh Thu Mar 12 10:55:32 CET 2026
#@# white curv lh Thu Mar 12 11:02:20 CET 2026
#@# white area lh Thu Mar 12 11:02:21 CET 2026
#@# pial curv lh Thu Mar 12 11:02:22 CET 2026
#@# pial area lh Thu Mar 12 11:02:24 CET 2026
#@# thickness lh Thu Mar 12 11:02:24 CET 2026
#@# area and vertex vol lh Thu Mar 12 11:02:47 CET 2026
#@# Curvature Stats lh Thu Mar 12 11:02:49 CET 2026
#@# Cortical Parc 2 lh Thu Mar 12 11:02:51 CET 2026
#@# Cortical Parc 3 lh Thu Mar 12 11:03:01 CET 2026
#@# WM/GM Contrast lh Thu Mar 12 11:03:10 CET 2026
recon-all -s sub-v1s10x0051128_ses-1 finished without error at Thu Mar 12 11:03:12 CET 2026



#New# invocation of recon-all 



status file for recon-all
Thu Mar 12 11:52:37 CET 2026
#@# white curv lh Thu Mar 12 11:52:37 CET 2026
#@# white area lh Thu Mar 12 11:52:37 CET 2026
#@# pial curv lh Thu Mar 12 11:52:37 CET 2026
#@# pial area lh Thu Mar 12 11:52:37 CET 2026
#@# thickness lh Thu Mar 12 11:52:37 CET 2026
#@# area and vertex vol lh Thu Mar 12 11:52:37 CET 2026
#@# Parcellation Stats lh Thu Mar 12 11:52:37 CET 2026
#@# Parcellation Stats 2 lh Thu Mar 12 11:52:56 CET 2026
#@# Parcellation Stats 3 lh Thu Mar 12 11:53:06 CET 2026
#@# BA_exvivo Labels lh Thu Mar 12 11:53:15 CET 2026
recon-all -s sub-v1s10x0051128_ses-1 finished without error at Thu Mar 12 11:55:33 CET 2026
