status file for recon-all
Thu Mar 12 03:24:20 CET 2026
#@# Tessellate lh Thu Mar 12 03:24:20 CET 2026
#@# Smooth1 lh Thu Mar 12 03:24:24 CET 2026
#@# Inflation1 lh Thu Mar 12 03:24:27 CET 2026
#@# QSphere lh Thu Mar 12 03:24:43 CET 2026
#@# Fix Topology lh Thu Mar 12 03:25:52 CET 2026
#@# Smooth2 lh Thu Mar 12 03:35:45 CET 2026
#@# Inflation2 lh Thu Mar 12 03:35:48 CET 2026
#@# Curv .H and .K lh Thu Mar 12 03:36:04 CET 2026
#@# Sphere lh Thu Mar 12 03:36:49 CET 2026
#@# Surf Reg lh Thu Mar 12 03:43:13 CET 2026
#@# Jacobian white lh Thu Mar 12 03:48:56 CET 2026
#@# AvgCurv lh Thu Mar 12 03:48:57 CET 2026
#@# Cortical Parc lh Thu Mar 12 03:48:57 CET 2026
#@# white curv lh Thu Mar 12 03:54:27 CET 2026
#@# white area lh Thu Mar 12 03:54:29 CET 2026
#@# pial curv lh Thu Mar 12 03:54:29 CET 2026
#@# pial area lh Thu Mar 12 03:54:31 CET 2026
#@# thickness lh Thu Mar 12 03:54:32 CET 2026
#@# area and vertex vol lh Thu Mar 12 03:55:00 CET 2026
#@# Curvature Stats lh Thu Mar 12 03:55:02 CET 2026
#@# Cortical Parc 2 lh Thu Mar 12 03:55:04 CET 2026
#@# Cortical Parc 3 lh Thu Mar 12 03:55:17 CET 2026
#@# WM/GM Contrast lh Thu Mar 12 03:55:26 CET 2026
recon-all -s sub-v1s10x0050992_ses-1 finished without error at Thu Mar 12 03:55:31 CET 2026



#New# invocation of recon-all 



status file for recon-all
Thu Mar 12 04:25:44 CET 2026
#@# white curv lh Thu Mar 12 04:25:44 CET 2026
#@# white area lh Thu Mar 12 04:25:44 CET 2026
#@# pial curv lh Thu Mar 12 04:25:44 CET 2026
#@# pial area lh Thu Mar 12 04:25:44 CET 2026
#@# thickness lh Thu Mar 12 04:25:44 CET 2026
#@# area and vertex vol lh Thu Mar 12 04:25:44 CET 2026
#@# Parcellation Stats lh Thu Mar 12 04:25:44 CET 2026
#@# Parcellation Stats 2 lh Thu Mar 12 04:26:03 CET 2026
#@# Parcellation Stats 3 lh Thu Mar 12 04:26:13 CET 2026
#@# BA_exvivo Labels lh Thu Mar 12 04:26:22 CET 2026
recon-all -s sub-v1s10x0050992_ses-1 finished without error at Thu Mar 12 04:29:06 CET 2026
