status file for recon-all
Thu Mar 12 04:58:17 CET 2026
#@# MotionCor Thu Mar 12 04:58:18 CET 2026
#@# Talairach Thu Mar 12 04:58:23 CET 2026
#@# Talairach Failure Detection Thu Mar 12 05:01:14 CET 2026
#@# Nu Intensity Correction Thu Mar 12 05:01:14 CET 2026
#@# Intensity Normalization Thu Mar 12 05:04:00 CET 2026
recon-all -s sub-v1s10x0051044_ses-1 finished without error at Thu Mar 12 05:04:54 CET 2026



#New# invocation of recon-all 



status file for recon-all
Thu Mar 12 05:10:50 CET 2026
#@# EM Registration Thu Mar 12 05:10:50 CET 2026
recon-all -s sub-v1s10x0051044_ses-1 finished without error at Thu Mar 12 05:14:51 CET 2026



#New# invocation of recon-all 



status file for recon-all
Thu Mar 12 05:14:55 CET 2026
#@# CA Normalize Thu Mar 12 05:14:55 CET 2026
#@# CA Reg Thu Mar 12 05:15:48 CET 2026
#@# SubCort Seg Thu Mar 12 05:59:07 CET 2026
#@# CC Seg Thu Mar 12 06:19:39 CET 2026
#@# Merge ASeg Thu Mar 12 06:20:25 CET 2026
#@# Intensity Normalization2 Thu Mar 12 06:20:25 CET 2026
#@# Mask BFS Thu Mar 12 06:21:45 CET 2026
#@# WM Segmentation Thu Mar 12 06:21:46 CET 2026
#@# Fill Thu Mar 12 06:23:21 CET 2026
recon-all -s sub-v1s10x0051044_ses-1 finished without error at Thu Mar 12 06:23:58 CET 2026



#New# invocation of recon-all 



status file for recon-all
Thu Mar 12 07:11:06 CET 2026
#@# white curv lh Thu Mar 12 07:11:06 CET 2026
#@# white area lh Thu Mar 12 07:11:06 CET 2026
#@# pial curv lh Thu Mar 12 07:11:06 CET 2026
#@# pial area lh Thu Mar 12 07:11:06 CET 2026
#@# thickness lh Thu Mar 12 07:11:06 CET 2026
#@# area and vertex vol lh Thu Mar 12 07:11:06 CET 2026
#@# white curv rh Thu Mar 12 07:11:06 CET 2026
#@# white area rh Thu Mar 12 07:11:06 CET 2026
#@# pial curv rh Thu Mar 12 07:11:06 CET 2026
#@# pial area rh Thu Mar 12 07:11:06 CET 2026
#@# thickness rh Thu Mar 12 07:11:06 CET 2026
#@# area and vertex vol rh Thu Mar 12 07:11:06 CET 2026
#@# Cortical ribbon mask Thu Mar 12 07:11:06 CET 2026
recon-all -s sub-v1s10x0051044_ses-1 finished without error at Thu Mar 12 07:14:32 CET 2026



#New# invocation of recon-all 



status file for recon-all
Thu Mar 12 07:19:47 CET 2026
#@# white curv lh Thu Mar 12 07:19:47 CET 2026
#@# white area lh Thu Mar 12 07:19:47 CET 2026
#@# pial curv lh Thu Mar 12 07:19:47 CET 2026
#@# pial area lh Thu Mar 12 07:19:47 CET 2026
#@# thickness lh Thu Mar 12 07:19:47 CET 2026
#@# area and vertex vol lh Thu Mar 12 07:19:47 CET 2026
#@# white curv rh Thu Mar 12 07:19:47 CET 2026
#@# white area rh Thu Mar 12 07:19:47 CET 2026
#@# pial curv rh Thu Mar 12 07:19:47 CET 2026
#@# pial area rh Thu Mar 12 07:19:47 CET 2026
#@# thickness rh Thu Mar 12 07:19:47 CET 2026
#@# area and vertex vol rh Thu Mar 12 07:19:47 CET 2026
#@# Curvature Stats lh Thu Mar 12 07:19:47 CET 2026
#@# Curvature Stats rh Thu Mar 12 07:19:49 CET 2026
#@# Relabel Hypointensities Thu Mar 12 07:19:51 CET 2026
#@# APas-to-ASeg Thu Mar 12 07:20:02 CET 2026
#@# AParc-to-ASeg aparc Thu Mar 12 07:20:11 CET 2026
#@# AParc-to-ASeg aparc.a2009s Thu Mar 12 07:20:35 CET 2026
#@# AParc-to-ASeg aparc.DKTatlas Thu Mar 12 07:20:58 CET 2026
#@# WMParc Thu Mar 12 07:21:23 CET 2026
#@# ASeg Stats Thu Mar 12 07:23:11 CET 2026
recon-all -s sub-v1s10x0051044_ses-1 finished without error at Thu Mar 12 07:23:33 CET 2026
