status file for recon-all
Thu Mar 12 08:46:32 CET 2026
#@# Tessellate rh Thu Mar 12 08:46:32 CET 2026
#@# Smooth1 rh Thu Mar 12 08:46:37 CET 2026
#@# Inflation1 rh Thu Mar 12 08:46:40 CET 2026
#@# QSphere rh Thu Mar 12 08:46:56 CET 2026
#@# Fix Topology rh Thu Mar 12 08:48:29 CET 2026
#@# Smooth2 rh Thu Mar 12 08:58:33 CET 2026
#@# Inflation2 rh Thu Mar 12 08:58:36 CET 2026
#@# Curv .H and .K rh Thu Mar 12 08:58:53 CET 2026
#@# Sphere rh Thu Mar 12 08:59:45 CET 2026
#@# Surf Reg rh Thu Mar 12 09:02:24 CET 2026
#@# Jacobian white rh Thu Mar 12 09:07:04 CET 2026
#@# AvgCurv rh Thu Mar 12 09:07:05 CET 2026
#@# Cortical Parc rh Thu Mar 12 09:07:06 CET 2026
#@# white curv rh Thu Mar 12 09:14:37 CET 2026
#@# white area rh Thu Mar 12 09:14:39 CET 2026
#@# pial curv rh Thu Mar 12 09:14:40 CET 2026
#@# pial area rh Thu Mar 12 09:14:42 CET 2026
#@# thickness rh Thu Mar 12 09:14:43 CET 2026
#@# area and vertex vol rh Thu Mar 12 09:15:18 CET 2026
#@# Curvature Stats rh Thu Mar 12 09:15:19 CET 2026
#@# Cortical Parc 2 rh Thu Mar 12 09:15:22 CET 2026
#@# Cortical Parc 3 rh Thu Mar 12 09:15:38 CET 2026
#@# WM/GM Contrast rh Thu Mar 12 09:15:50 CET 2026
recon-all -s sub-v1s10x0051086_ses-1 finished without error at Thu Mar 12 09:15:55 CET 2026



#New# invocation of recon-all 



status file for recon-all
Thu Mar 12 09:24:32 CET 2026
#@# white curv rh Thu Mar 12 09:24:32 CET 2026
#@# white area rh Thu Mar 12 09:24:32 CET 2026
#@# pial curv rh Thu Mar 12 09:24:32 CET 2026
#@# pial area rh Thu Mar 12 09:24:32 CET 2026
#@# thickness rh Thu Mar 12 09:24:32 CET 2026
#@# area and vertex vol rh Thu Mar 12 09:24:32 CET 2026
#@# Parcellation Stats rh Thu Mar 12 09:24:32 CET 2026
#@# Parcellation Stats 2 rh Thu Mar 12 09:24:54 CET 2026
#@# Parcellation Stats 3 rh Thu Mar 12 09:25:06 CET 2026
#@# BA_exvivo Labels rh Thu Mar 12 09:25:17 CET 2026
recon-all -s sub-v1s10x0051086_ses-1 finished without error at Thu Mar 12 09:28:23 CET 2026
