/out/sourcedata/freesurfer/sub-v1s10x0051074_ses-1/mri
/opt/freesurfer/bin/talairach_avi
--i orig_nu.mgz --xfm transforms/talairach.auto.xfm
talairach_avi 7.3.2
Linux dna038 5.14.0-427.37.1.el9_4.x86_64 #1 SMP PREEMPT_DYNAMIC Fri Sep 13 12:41:50 EDT 2024 x86_64 x86_64 x86_64 GNU/Linux
Thu Mar 12 06:06:52 CET 2026
mri_convert orig_nu.mgz talsrcimg.img 
reading from orig_nu.mgz...
TR=0.00, TE=0.00, TI=0.00, flip angle=0.00
i_ras = (-1, 0, 0)
j_ras = (0, 0, -1)
k_ras = (0, 1, 0)
writing to talsrcimg.img...
Analyze Output Matrix
-1.00000   0.00000   0.00000   134.00247;
 0.00000   0.00000   1.00000  -135.22891;
 0.00000  -1.00000   0.00000   122.77109;
 0.00000   0.00000   0.00000   1.00000;
--------------------
INFO: set hdr.hist.orient to -1
mpr2mni305 talsrcimg
Thu Mar 12 06:06:53 CET 2026
/opt/freesurfer/bin/mpr2mni305 talsrcimg
mpr2mni305 7.3.2
target=711-2C_as_mni_average_305

---------------------------------------------------------------------
analyzeto4dfp talsrcimg -O0 -y
---------------------------------------------------------------------

freesurfer ifh2hdr.c
Thu Mar 12 06:06:53 2026
Writing: talsrcimg.4dfp.hdr
freesurfer analyzeto4dfp.c
Reading: talsrcimg.hdr
header size 348 bytes
hdr.dime.datatype	offset=70	value=2
hdr.dime.bitpix		offset=72	value=8
hdr.hist.orient		offset=252	value=-1
dimensionality     4
dimensions       256       256       256         1
Reading: talsrcimg.img
Writing: talsrcimg.4dfp.img
Writing: talsrcimg.4dfp.ifh
ifh2hdr talsrcimg -r0to210
ori=2

---------------------------------------------------------------------
gauss_4dfp talsrcimg 1.1
---------------------------------------------------------------------

freesurfer gauss_4dfp.c
Reading: talsrcimg.4dfp.img
Writing: talsrcimg_g11.4dfp.img
image dimensions 256 256 256 padded to 288 288 288
processing volume 1freesurfer ifh2hdr.c
Thu Mar 12 06:06:54 2026
Writing: talsrcimg_g11.4dfp.hdr

Writing: talsrcimg_g11.4dfp.ifh
including: talsrcimg.4dfp.img.rec in talsrcimg_g11.4dfp.img.rec

---------------------------------------------------------------------
imgreg_4dfp /opt/freesurfer/average/711-2C_as_mni_average_305 none talsrcimg_g11 none talsrcimg_to_711-2C_as_mni_average_305_t4 4355
---------------------------------------------------------------------

freesurfer imgreg_4dfp.c
/opt/freesurfer/average/711-2C_as_mni_average_305.4dfp.img
       256       256       256         1
  1.000000  1.000000  1.000000
orientation T byte_order littleendian
Reading image: /opt/freesurfer/average/711-2C_as_mni_average_305.4dfp.img
dimensions:      256       256       256
mmppix:       1.0000   -1.0000   -1.0000
center:     128.0000 -129.0000 -129.0000
talsrcimg_g11.4dfp.img
       256       256       256         1
  1.000000  1.000000  1.000000
orientation T byte_order littleendian
Reading image: talsrcimg_g11.4dfp.img
dimensions:      256       256       256
mmppix:       1.0000   -1.0000   -1.0000
center:     128.0000 -129.0000 -129.0000
t4_read: open error in t4_sub.f l:  41 t4_file(1:l)talsrcimg_to_711-2C_as_mni_average_305_t4 
t4_read: transform initialized to I4
rotation matrix determinant  1.000000
image alignment mode   4355 decimal     1103 hex
   -7.5000  -45.0000  -45.0000 7768.5693   16.5465
    0.0000  -45.0000  -45.0000 8140.8774   16.4849
    7.5000  -45.0000  -45.0000 7757.1294   16.4545
   -7.5000  -37.5000  -45.0000 8141.4453   16.5387
    0.0000  -37.5000  -45.0000 8532.4912   16.4734
    7.5000  -37.5000  -45.0000 8115.7114   16.4426
   -7.5000  -30.0000  -45.0000 8763.9170   16.5242
    0.0000  -30.0000  -45.0000 9185.0312   16.4595
    7.5000  -30.0000  -45.0000 8741.3154   16.4336
   -7.5000  -22.5000  -45.0000 9359.3867   16.5140
    0.0000  -22.5000  -45.0000 9779.6973   16.4532
    7.5000  -22.5000  -45.0000 9304.9121   16.4312
   -7.5000  -15.0000  -45.0000 9845.8994   16.5170
    0.0000  -15.0000  -45.000010281.2676   16.4591
    7.5000  -15.0000  -45.0000 9791.9629   16.4364
   -7.5000   -7.5000  -45.000010254.1279   16.5334
    0.0000   -7.5000  -45.000010719.7305   16.4753
    7.5000   -7.5000  -45.000010214.1006   16.4491
   -7.5000    0.0000  -45.000010591.4600   16.5449
    0.0000    0.0000  -45.000011082.4922   16.4832
    7.5000    0.0000  -45.000010554.3633   16.4528
   -7.5000    7.5000  -45.000010157.1162   16.5387
    0.0000    7.5000  -45.000010603.3145   16.4734
    7.5000    7.5000  -45.000010096.6064   16.4426
   -7.5000   15.0000  -45.0000 9577.2988   16.5242
    0.0000   15.0000  -45.000010003.5352   16.4595
    7.5000   15.0000  -45.0000 9501.6191   16.4336
   -7.5000   22.5000  -45.0000 8959.0605   16.5117
    0.0000   22.5000  -45.0000 9338.9297   16.4510
    7.5000   22.5000  -45.0000 8862.6494   16.4289
   -7.5000   30.0000  -45.0000 8295.5391   16.2969
    0.0000   30.0000  -45.0000 8646.7969   16.2398
    7.5000   30.0000  -45.0000 8193.7021   16.2174
   -7.5000   37.5000  -45.0000 7839.7729   16.3187
    0.0000   37.5000  -45.0000 8164.8716   16.2613
    7.5000   37.5000  -45.0000 7727.6992   16.2354
   -7.5000   45.0000  -45.0000 7008.4512   15.9525
    0.0000   45.0000  -45.0000 7316.3638   15.8929
    7.5000   45.0000  -45.0000 6930.5278   15.8634
   -7.5000  -45.0000  -37.5000 8290.2266   16.2399
    0.0000  -45.0000  -37.5000 8678.9326   16.1917
    7.5000  -45.0000  -37.5000 8270.8428   16.1691
   -7.5000  -37.5000  -37.5000 8661.9014   16.2307
    0.0000  -37.5000  -37.5000 9070.5791   16.1761
    7.5000  -37.5000  -37.5000 8615.8906   16.1514
   -7.5000  -30.0000  -37.5000 9303.9834   16.2146
    0.0000  -30.0000  -37.5000 9737.6816   16.1560
    7.5000  -30.0000  -37.5000 9239.4648   16.1342
   -7.5000  -22.5000  -37.5000 9924.4277   16.2032
    0.0000  -22.5000  -37.500010362.6006   16.1468
    7.5000  -22.5000  -37.5000 9841.1191   16.1291
   -7.5000  -15.0000  -37.500010431.1475   16.2067
    0.0000  -15.0000  -37.500010902.6426   16.1555
    7.5000  -15.0000  -37.500010363.6895   16.1390
   -7.5000   -7.5000  -37.500010884.2012   16.2255
    0.0000   -7.5000  -37.500011382.4297   16.1787
    7.5000   -7.5000  -37.500010821.1582   16.1600
   -7.5000    0.0000  -37.500011242.8037   16.2382
    0.0000    0.0000  -37.500011779.0576   16.1900
    7.5000    0.0000  -37.500011176.6357   16.1673
   -7.5000    7.5000  -37.500010745.4443   16.2307
    0.0000    7.5000  -37.500011245.0674   16.1761
    7.5000    7.5000  -37.500010666.2432   16.1514
   -7.5000   15.0000  -37.500010113.3125   16.2146
    0.0000   15.0000  -37.500010574.0332   16.1560
    7.5000   15.0000  -37.500010033.0029   16.1342
   -7.5000   22.5000  -37.5000 9435.7109   16.2010
    0.0000   22.5000  -37.5000 9837.3838   16.1446
    7.5000   22.5000  -37.5000 9321.7246   16.1269
   -7.5000   30.0000  -37.5000 8717.2188   15.9907
    0.0000   30.0000  -37.5000 9091.0049   15.9403
    7.5000   30.0000  -37.5000 8598.0732   15.9239
   -7.5000   37.5000  -37.5000 8225.0293   16.0148
    0.0000   37.5000  -37.5000 8589.5332   15.9686
    7.5000   37.5000  -37.5000 8108.1216   15.9500
   -7.5000   45.0000  -37.5000 7356.9673   15.6557
    0.0000   45.0000  -37.5000 7673.7056   15.6092
    7.5000   45.0000  -37.5000 7244.7432   15.5871
   -7.5000  -45.0000  -30.0000 9042.1328   16.7285
    0.0000  -45.0000  -30.0000 9450.5449   16.6825
    7.5000  -45.0000  -30.0000 8965.9121   16.6618
   -7.5000  -37.5000  -30.0000 9397.4043   16.7238
    0.0000  -37.5000  -30.0000 9832.4580   16.6726
    7.5000  -37.5000  -30.0000 9322.0254   16.6508
   -7.5000  -30.0000  -30.000010079.5723   16.7138
    0.0000  -30.0000  -30.000010541.5088   16.6588
    7.5000  -30.0000  -30.0000 9997.5479   16.6388
   -7.5000  -22.5000  -30.000010748.2783   16.7032
    0.0000  -22.5000  -30.000011227.0605   16.6494
    7.5000  -22.5000  -30.000010649.5889   16.6311
   -7.5000  -15.0000  -30.000011298.0811   16.7027
    0.0000  -15.0000  -30.000011804.3467   16.6528
    7.5000  -15.0000  -30.000011199.6523   16.6341
   -7.5000   -7.5000  -30.000011789.2090   16.7164
    0.0000   -7.5000  -30.000012329.0986   16.6705
    7.5000   -7.5000  -30.000011680.0938   16.6511
   -7.5000    0.0000  -30.000012160.5039   16.7269
    0.0000    0.0000  -30.000012740.8184   16.6808
    7.5000    0.0000  -30.000012062.0908   16.6600
   -7.5000    7.5000  -30.000011578.4141   16.7238
    0.0000    7.5000  -30.000012112.5420   16.6726
    7.5000    7.5000  -30.000011479.9395   16.6508
   -7.5000   15.0000  -30.000010873.1191   16.7138
    0.0000   15.0000  -30.000011360.1875   16.6588
    7.5000   15.0000  -30.000010749.7920   16.6388
   -7.5000   22.5000  -30.000010099.1680   16.6992
    0.0000   22.5000  -30.000010560.0137   16.6454
    7.5000   22.5000  -30.0000 9989.4463   16.6271
   -7.5000   30.0000  -30.0000 9310.6230   16.4817
    0.0000   30.0000  -30.0000 9729.7188   16.4325
    7.5000   30.0000  -30.0000 9198.5205   16.4140
   -7.5000   37.5000  -30.0000 8788.1738   16.5008
    0.0000   37.5000  -30.0000 9172.5859   16.4556
    7.5000   37.5000  -30.0000 8663.5820   16.4364
   -7.5000   45.0000  -30.0000 7877.6304   16.1386
    0.0000   45.0000  -30.0000 8205.5225   16.0940
    7.5000   45.0000  -30.0000 7747.5317   16.0737
   -7.5000  -45.0000  -22.5000 9796.8506   17.1548
    0.0000  -45.0000  -22.500010246.8184   17.0999
    7.5000  -45.0000  -22.5000 9712.2168   17.0754
   -7.5000  -37.5000  -22.500010171.9639   17.1545
    0.0000  -37.5000  -22.500010634.2891   17.0982
    7.5000  -37.5000  -22.500010090.4102   17.0758
   -7.5000  -30.0000  -22.500010901.9570   17.1509
    0.0000  -30.0000  -22.500011377.8447   17.0971
    7.5000  -30.0000  -22.500010795.7949   17.0771
   -7.5000  -22.5000  -22.500011597.3848   17.1434
    0.0000  -22.5000  -22.500012101.5947   17.0921
    7.5000  -22.5000  -22.500011462.3633   17.0708
   -7.5000  -15.0000  -22.500012170.1787   17.1402
    0.0000  -15.0000  -22.500012722.4395   17.0888
    7.5000  -15.0000  -22.500012040.0508   17.0635
   -7.5000   -7.5000  -22.500012678.7695   17.1463
    0.0000   -7.5000  -22.500013259.7676   17.0937
    7.5000   -7.5000  -22.500012554.9297   17.0677
   -7.5000    0.0000  -22.500013072.2393   17.1531
    0.0000    0.0000  -22.500013676.6670   17.0981
    7.5000    0.0000  -22.500012957.2705   17.0736
   -7.5000    7.5000  -22.500012425.0820   17.1545
    0.0000    7.5000  -22.500013013.3916   17.0982
    7.5000    7.5000  -22.500012314.7119   17.0758
   -7.5000   15.0000  -22.500011623.3301   17.1509
    0.0000   15.0000  -22.500012156.3467   17.0971
    7.5000   15.0000  -22.500011494.8809   17.0771
   -7.5000   22.5000  -22.500010753.9189   17.1381
    0.0000   22.5000  -22.500011275.4814   17.0869
    7.5000   22.5000  -22.500010661.0664   17.0655
   -7.5000   30.0000  -22.5000 9912.2119   16.9160
    0.0000   30.0000  -22.500010383.8965   16.8653
    7.5000   30.0000  -22.5000 9808.5791   16.8403
   -7.5000   37.5000  -22.5000 9341.5254   16.9277
    0.0000   37.5000  -22.5000 9766.0508   16.8759
    7.5000   37.5000  -22.5000 9233.9453   16.8501
   -7.5000   45.0000  -22.5000 8362.9287   16.5626
    0.0000   45.0000  -22.5000 8724.8633   16.5094
    7.5000   45.0000  -22.5000 8249.2305   16.4855
   -7.5000  -45.0000  -15.000010640.1875   17.5552
    0.0000  -45.0000  -15.000011119.8350   17.4893
    7.5000  -45.0000  -15.000010543.3125   17.4570
   -7.5000  -37.5000  -15.000011036.8828   17.5536
    0.0000  -37.5000  -15.000011531.8242   17.4882
    7.5000  -37.5000  -15.000010927.6055   17.4601
   -7.5000  -30.0000  -15.000011818.4736   17.5495
    0.0000  -30.0000  -15.000012324.5635   17.4911
    7.5000  -30.0000  -15.000011676.3486   17.4673
   -7.5000  -22.5000  -15.000012530.6377   17.5443
    0.0000  -22.5000  -15.000013065.6855   17.4903
    7.5000  -22.5000  -15.000012379.2422   17.4640
   -7.5000  -15.0000  -15.000013148.1826   17.5427
    0.0000  -15.0000  -15.000013715.7510   17.4870
    7.5000  -15.0000  -15.000012982.2637   17.4544
   -7.5000   -7.5000  -15.000013681.7861   17.5478
    0.0000   -7.5000  -15.000014286.9150   17.4870
    7.5000   -7.5000  -15.000013514.6143   17.4526
   -7.5000    0.0000  -15.000014077.7891   17.5535
    0.0000    0.0000  -15.000014739.0000   17.4875
    7.5000    0.0000  -15.000013928.4492   17.4551
   -7.5000    7.5000  -15.000013378.2773   17.5536
    0.0000    7.5000  -15.000014010.9375   17.4882
    7.5000    7.5000  -15.000013224.3623   17.4601
   -7.5000   15.0000  -15.000012495.8584   17.5495
    0.0000   15.0000  -15.000013063.2588   17.4911
    7.5000   15.0000  -15.000012335.5479   17.4673
   -7.5000   22.5000  -15.000011553.9453   17.5381
    0.0000   22.5000  -15.000012083.5098   17.4841
    7.5000   22.5000  -15.000011407.6748   17.4578
   -7.5000   30.0000  -15.000010606.4619   17.3157
    0.0000   30.0000  -15.000011109.6074   17.2608
    7.5000   30.0000  -15.000010497.1914   17.2286
   -7.5000   37.5000  -15.0000 9971.4521   17.3265
    0.0000   37.5000  -15.000010435.3965   17.2665
    7.5000   37.5000  -15.0000 9860.2773   17.2324
   -7.5000   45.0000  -15.0000 8907.8457   16.9597
    0.0000   45.0000  -15.0000 9284.3115   16.8958
    7.5000   45.0000  -15.0000 8779.1074   16.8644
   -7.5000  -45.0000   -7.500011581.1279   17.7411
    0.0000  -45.0000   -7.500012075.0703   17.6720
    7.5000  -45.0000   -7.500011441.2344   17.6364
   -7.5000  -37.5000   -7.500011995.2451   17.7349
    0.0000  -37.5000   -7.500012504.6475   17.6654
    7.5000  -37.5000   -7.500011844.8867   17.6331
   -7.5000  -30.0000   -7.500012820.8145   17.7233
    0.0000  -30.0000   -7.500013353.1250   17.6594
    7.5000  -30.0000   -7.500012642.5029   17.6325
   -7.5000  -22.5000   -7.500013595.2676   17.7153
    0.0000  -22.5000   -7.500014135.7549   17.6559
    7.5000  -22.5000   -7.500013370.8506   17.6289
   -7.5000  -15.0000   -7.500014261.1953   17.7172
    0.0000  -15.0000   -7.500014838.2246   17.6570
    7.5000  -15.0000   -7.500014009.8867   17.6251
   -7.5000   -7.5000   -7.500014824.1846   17.7296
    0.0000   -7.5000   -7.500015416.7666   17.6653
    7.5000   -7.5000   -7.500014550.1924   17.6301
   -7.5000    0.0000   -7.500015207.3545   17.7393
    0.0000    0.0000   -7.500015876.6494   17.6702
    7.5000    0.0000   -7.500014976.7969   17.6345
   -7.5000    7.5000   -7.500014407.7373   17.7349
    0.0000    7.5000   -7.500015035.6650   17.6654
    7.5000    7.5000   -7.500014187.6953   17.6331
   -7.5000   15.0000   -7.500013420.5098   17.7233
    0.0000   15.0000   -7.500013994.2373   17.6594
    7.5000   15.0000   -7.500013214.8018   17.6325
   -7.5000   22.5000   -7.500012414.9561   17.7071
    0.0000   22.5000   -7.500012939.4229   17.6478
    7.5000   22.5000   -7.500012203.1475   17.6207
   -7.5000   30.0000   -7.500011397.8730   17.4875
    0.0000   30.0000   -7.500011896.7949   17.4281
    7.5000   30.0000   -7.500011217.4541   17.3966
   -7.5000   37.5000   -7.500010682.4590   17.5055
    0.0000   37.5000   -7.500011140.9336   17.4420
    7.5000   37.5000   -7.500010520.6348   17.4072
   -7.5000   45.0000   -7.5000 9524.6670   17.1420
    0.0000   45.0000   -7.5000 9921.8164   17.0751
    7.5000   45.0000   -7.5000 9380.8887   17.0405
   -7.5000  -45.0000    0.000012449.8506   17.7468
    0.0000  -45.0000    0.000012980.6748   17.6836
    7.5000  -45.0000    0.000012275.9619   17.6512
   -7.5000  -37.5000    0.000012889.7959   17.7374
    0.0000  -37.5000    0.000013431.0430   17.6704
    7.5000  -37.5000    0.000012700.8828   17.6383
   -7.5000  -30.0000    0.000013767.8555   17.7198
    0.0000  -30.0000    0.000014293.7168   17.6535
    7.5000  -30.0000    0.000013520.1719   17.6262
   -7.5000  -22.5000    0.000014609.6221   17.7081
    0.0000  -22.5000    0.000015120.9893   17.6454
    7.5000  -22.5000    0.000014295.2324   17.6215
   -7.5000  -15.0000    0.000015330.1816   17.7116
    0.0000  -15.0000    0.000015879.8398   17.6515
    7.5000  -15.0000    0.000014979.0332   17.6264
   -7.5000   -7.5000    0.000015900.0615   17.7309
    0.0000   -7.5000    0.000016469.9199   17.6708
    7.5000   -7.5000    0.000015555.3682   17.6421
   -7.5000    0.0000    0.000016274.8496   17.7449
    0.0000    0.0000    0.000016895.6641   17.6817
    7.5000    0.0000    0.000015960.0264   17.6493
   -7.5000    7.5000    0.000015397.1260   17.7374
    0.0000    7.5000    0.000015995.6191   17.6704
    7.5000    7.5000    0.000015114.2559   17.6383
   -7.5000   15.0000    0.000014336.6182   17.7198
    0.0000   15.0000    0.000014905.9014   17.6535
    7.5000   15.0000    0.000014080.0615   17.6262
   -7.5000   22.5000    0.000013251.3916   17.6999
    0.0000   22.5000    0.000013775.5928   17.6373
    7.5000   22.5000    0.000012989.6855   17.6134
   -7.5000   30.0000    0.000012159.0137   17.4824
    0.0000   30.0000    0.000012643.0146   17.4231
    7.5000   30.0000    0.000011926.9746   17.3983
   -7.5000   37.5000    0.000011387.0293   17.5072
    0.0000   37.5000    0.000011834.3232   17.4479
    7.5000   37.5000    0.000011159.9873   17.4194
   -7.5000   45.0000    0.000010123.4102   17.1480
    0.0000   45.0000    0.000010540.6221   17.0868
    7.5000   45.0000    0.0000 9957.1221   17.0552
   -7.5000  -45.0000    7.500012369.0518   17.7235
    0.0000  -45.0000    7.500012875.1621   17.6709
    7.5000  -45.0000    7.500012191.8408   17.6451
   -7.5000  -37.5000    7.500012860.7969   17.7153
    0.0000  -37.5000    7.500013349.1240   17.6562
    7.5000  -37.5000    7.500012628.1309   17.6285
   -7.5000  -30.0000    7.500013698.1895   17.6989
    0.0000  -30.0000    7.500014172.5156   17.6355
    7.5000  -30.0000    7.500013414.8408   17.6109
   -7.5000  -22.5000    7.500014483.8574   17.6856
    0.0000  -22.5000    7.500014932.4766   17.6242
    7.5000  -22.5000    7.500014144.6650   17.6039
   -7.5000  -15.0000    7.500015196.5410   17.6874
    0.0000  -15.0000    7.500015656.9072   17.6312
    7.5000  -15.0000    7.500014822.2178   17.6119
   -7.5000   -7.5000    7.500015757.3301   17.7071
    0.0000   -7.5000    7.500016242.1562   17.6554
    7.5000   -7.5000    7.500015390.7930   17.6336
   -7.5000    0.0000    7.500016141.8320   17.7217
    0.0000    0.0000    7.500016647.4824   17.6690
    7.5000    0.0000    7.500015789.1094   17.6432
   -7.5000    7.5000    7.500015289.2305   17.7153
    0.0000    7.5000    7.500015779.2461   17.6562
    7.5000    7.5000    7.500014962.8779   17.6285
   -7.5000   15.0000    7.500014264.1172   17.6989
    0.0000   15.0000    7.500014748.8467   17.6355
    7.5000   15.0000    7.500013952.2695   17.6109
   -7.5000   22.5000    7.500013193.1875   17.6775
    0.0000   22.5000    7.500013648.5068   17.6161
    7.5000   22.5000    7.500012883.6133   17.5958
   -7.5000   30.0000    7.500012090.6973   17.4586
    0.0000   30.0000    7.500012515.6699   17.4031
    7.5000   30.0000    7.500011801.8730   17.3840
   -7.5000   37.5000    7.500011289.0654   17.4838
    0.0000   37.5000    7.500011708.7217   17.4328
    7.5000   37.5000    7.500011002.7041   17.4112
   -7.5000   45.0000    7.5000 9993.8818   17.1252
    0.0000   45.0000    7.500010384.7432   17.0742
    7.5000   45.0000    7.5000 9775.2852   17.0490
   -7.5000  -45.0000   15.000012096.8262   17.7286
    0.0000  -45.0000   15.000012646.2080   17.6798
    7.5000  -45.0000   15.000011946.9648   17.6582
   -7.5000  -37.5000   15.000012625.0840   17.7247
    0.0000  -37.5000   15.000013185.1162   17.6709
    7.5000  -37.5000   15.000012429.1836   17.6481
   -7.5000  -30.0000   15.000013536.8623   17.7144
    0.0000  -30.0000   15.000014041.7061   17.6570
    7.5000  -30.0000   15.000013274.9561   17.6360
   -7.5000  -22.5000   15.000014288.0635   17.7025
    0.0000  -22.5000   15.000014695.6572   17.6459
    7.5000  -22.5000   15.000013975.8516   17.6268
   -7.5000  -15.0000   15.000014956.9053   17.7009
    0.0000  -15.0000   15.000015323.9355   17.6479
    7.5000  -15.0000   15.000014585.5156   17.6284
   -7.5000   -7.5000   15.000015471.2490   17.7151
    0.0000   -7.5000   15.000015865.6016   17.6662
    7.5000   -7.5000   15.000015076.9580   17.6459
   -7.5000    0.0000   15.000015857.4678   17.7269
    0.0000    0.0000   15.000016311.2129   17.6780
    7.5000    0.0000   15.000015432.6504   17.6563
   -7.5000    7.5000   15.000014999.6025   17.7247
    0.0000    7.5000   15.000015464.9844   17.6709
    7.5000    7.5000   15.000014601.7549   17.6481
   -7.5000   15.0000   15.000014000.7383   17.7144
    0.0000   15.0000   15.000014475.1787   17.6570
    7.5000   15.0000   15.000013633.9678   17.6360
   -7.5000   22.5000   15.000012939.2773   17.6943
    0.0000   22.5000   15.000013399.5596   17.6378
    7.5000   22.5000   15.000012588.7461   17.6186
   -7.5000   30.0000   15.000011846.1934   17.4719
    0.0000   30.0000   15.000012267.9443   17.4196
    7.5000   30.0000   15.000011531.9521   17.4003
   -7.5000   37.5000   15.000011034.5254   17.4918
    0.0000   37.5000   15.000011419.2920   17.4435
    7.5000   37.5000   15.000010738.6465   17.4234
   -7.5000   45.0000   15.0000 9748.1523   17.1306
    0.0000   45.0000   15.000010086.8350   17.0832
    7.5000   45.0000   15.0000 9523.9609   17.0620
   -7.5000  -45.0000   22.500011724.2412   17.7724
    0.0000  -45.0000   22.500012218.1055   17.7154
    7.5000  -45.0000   22.500011569.6465   17.6901
   -7.5000  -37.5000   22.500012244.1582   17.7720
    0.0000  -37.5000   22.500012788.7900   17.7136
    7.5000  -37.5000   22.500012057.3428   17.6903
   -7.5000  -30.0000   22.500013250.6260   17.7681
    0.0000  -30.0000   22.500013815.5723   17.7123
    7.5000  -30.0000   22.500012945.6953   17.6914
   -7.5000  -22.5000   22.500014049.1553   17.7603
    0.0000  -22.5000   22.500014590.8848   17.7071
    7.5000  -22.5000   22.500013677.7197   17.6849
   -7.5000  -15.0000   22.500014649.4492   17.7570
    0.0000  -15.0000   22.500015148.0508   17.7037
    7.5000  -15.0000   22.500014237.6426   17.6775
   -7.5000   -7.5000   22.500015120.6914   17.7635
    0.0000   -7.5000   22.500015591.6924   17.7090
    7.5000   -7.5000   22.500014687.7637   17.6820
   -7.5000    0.0000   22.500015437.1318   17.7707
    0.0000    0.0000   22.500015923.2344   17.7136
    7.5000    0.0000   22.500015001.2207   17.6881
   -7.5000    7.5000   22.500014562.7910   17.7720
    0.0000    7.5000   22.500015025.4307   17.7136
    7.5000    7.5000   22.500014172.6631   17.6903
   -7.5000   15.0000   22.500013605.9980   17.7681
    0.0000   15.0000   22.500014052.8857   17.7123
    7.5000   15.0000   22.500013252.2471   17.6914
   -7.5000   22.5000   22.500012564.4336   17.7521
    0.0000   22.5000   22.500013003.0205   17.6989
    7.5000   22.5000   22.500012263.5469   17.6767
   -7.5000   30.0000   22.500011505.0029   17.5272
    0.0000   30.0000   22.500011896.0068   17.4746
    7.5000   30.0000   22.500011220.5264   17.4487
   -7.5000   37.5000   22.500010708.1221   17.5395
    0.0000   37.5000   22.500011069.4346   17.4858
    7.5000   37.5000   22.500010441.1250   17.4590
   -7.5000   45.0000   22.5000 9423.0645   17.1737
    0.0000   45.0000   22.5000 9753.1064   17.1184
    7.5000   45.0000   22.5000 9215.7471   17.0936
   -7.5000  -45.0000   30.000011168.9111   17.8401
    0.0000  -45.0000   30.000011714.1885   17.7730
    7.5000  -45.0000   30.000011011.8369   17.7397
   -7.5000  -37.5000   30.000011694.4639   17.8383
    0.0000  -37.5000   30.000012256.6621   17.7717
    7.5000  -37.5000   30.000011496.5508   17.7427
   -7.5000  -30.0000   30.000012600.0469   17.8341
    0.0000  -30.0000   30.000013173.7471   17.7745
    7.5000  -30.0000   30.000012344.3906   17.7500
   -7.5000  -22.5000   30.000013304.4346   17.8288
    0.0000  -22.5000   30.000013894.9766   17.7738
    7.5000  -22.5000   30.000013069.9004   17.7468
   -7.5000  -15.0000   30.000013916.0742   17.8273
    0.0000  -15.0000   30.000014491.4434   17.7707
    7.5000  -15.0000   30.000013664.9668   17.7372
   -7.5000   -7.5000   30.000014400.4385   17.8326
    0.0000   -7.5000   30.000014971.2070   17.7707
    7.5000   -7.5000   30.000014112.5312   17.7353
   -7.5000    0.0000   30.000014705.6230   17.8383
    0.0000    0.0000   30.000015283.4326   17.7711
    7.5000    0.0000   30.000014409.8848   17.7378
   -7.5000    7.5000   30.000013870.1543   17.8383
    0.0000    7.5000   30.000014409.7129   17.7717
    7.5000    7.5000   30.000013588.7256   17.7427
   -7.5000   15.0000   30.000012945.7783   17.8341
    0.0000   15.0000   30.000013442.8008   17.7745
    7.5000   15.0000   30.000012661.9414   17.7500
   -7.5000   22.5000   30.000011960.3545   17.8206
    0.0000   22.5000   30.000012414.1953   17.7656
    7.5000   22.5000   30.000011696.0557   17.7386
   -7.5000   30.0000   30.000010949.1855   17.5966
    0.0000   30.0000   30.000011353.4062   17.5407
    7.5000   30.0000   30.000010722.5449   17.5076
   -7.5000   37.5000   30.000010189.3359   17.6077
    0.0000   37.5000   30.000010543.0840   17.5467
    7.5000   37.5000   30.0000 9972.2930   17.5117
   -7.5000   45.0000   30.0000 8970.2881   17.2396
    0.0000   45.0000   30.0000 9290.7119   17.1745
    7.5000   45.0000   30.0000 8804.7275   17.1421
   -7.5000  -45.0000   37.500010948.6660   17.8973
    0.0000  -45.0000   37.500011461.6006   17.8273
    7.5000  -45.0000   37.500010831.3525   17.7905
   -7.5000  -37.5000   37.500011438.4795   17.8907
    0.0000  -37.5000   37.500011962.7695   17.8202
    7.5000  -37.5000   37.500011279.4277   17.7868
   -7.5000  -30.0000   37.500012256.9619   17.8787
    0.0000  -30.0000   37.500012823.2451   17.8139
    7.5000  -30.0000   37.500012127.4795   17.7861
   -7.5000  -22.5000   37.500012954.0293   17.8705
    0.0000  -22.5000   37.500013549.3379   17.8105
    7.5000  -22.5000   37.500012852.3320   17.7825
   -7.5000  -15.0000   37.500013600.7256   17.8727
    0.0000  -15.0000   37.500014166.2129   17.8119
    7.5000  -15.0000   37.500013443.5195   17.7790
   -7.5000   -7.5000   37.500014133.4697   17.8855
    0.0000   -7.5000   37.500014680.1230   17.8205
    7.5000   -7.5000   37.500013946.1631   17.7842
   -7.5000    0.0000   37.500014444.9062   17.8954
    0.0000    0.0000   37.500015004.6484   17.8254
    7.5000    0.0000   37.500014268.1523   17.7885
   -7.5000    7.5000   37.500013627.4209   17.8907
    0.0000    7.5000   37.500014160.5928   17.8202
    7.5000    7.5000   37.500013453.6270   17.7868
   -7.5000   15.0000   37.500012718.7725   17.8787
    0.0000   15.0000   37.500013196.5479   17.8139
    7.5000   15.0000   37.500012509.6875   17.7861
   -7.5000   22.5000   37.500011756.2803   17.8623
    0.0000   22.5000   37.500012200.0840   17.8023
    7.5000   22.5000   37.500011526.2334   17.7743
   -7.5000   30.0000   37.500010736.0400   17.6414
    0.0000   30.0000   37.500011149.2305   17.5814
    7.5000   30.0000   37.500010545.1416   17.5489
   -7.5000   37.5000   37.5000 9962.8770   17.6599
    0.0000   37.5000   37.500010351.2637   17.5958
    7.5000   37.5000   37.5000 9799.0859   17.5598
   -7.5000   45.0000   37.5000 8784.8418   17.2939
    0.0000   45.0000   37.5000 9127.2686   17.2262
    7.5000   45.0000   37.5000 8641.7178   17.1904
   -7.5000  -45.0000   45.000010184.2676   17.9409
    0.0000  -45.0000   45.000010658.9443   17.8759
    7.5000  -45.0000   45.000010097.7998   17.8418
   -7.5000  -37.5000   45.000010611.8262   17.9315
    0.0000  -37.5000   45.000011107.7715   17.8626
    7.5000  -37.5000   45.000010516.8828   17.8288
   -7.5000  -30.0000   45.000011364.8105   17.9130
    0.0000  -30.0000   45.000011867.0342   17.8449
    7.5000  -30.0000   45.000011287.2227   17.8164
   -7.5000  -22.5000   45.000012030.1113   17.9002
    0.0000  -22.5000   45.000012573.5889   17.8361
    7.5000  -22.5000   45.000011960.6709   17.8112
   -7.5000  -15.0000   45.000012675.2705   17.9035
    0.0000  -15.0000   45.000013228.8652   17.8420
    7.5000  -15.0000   45.000012550.8779   17.8160
   -7.5000   -7.5000   45.000013186.1299   17.9239
    0.0000   -7.5000   45.000013744.7480   17.8622
    7.5000   -7.5000   45.000013046.0068   17.8322
   -7.5000    0.0000   45.000013469.7773   17.9391
    0.0000    0.0000   45.000014056.3926   17.8740
    7.5000    0.0000   45.000013351.2275   17.8398
   -7.5000    7.5000   45.000012724.4033   17.9315
    0.0000    7.5000   45.000013250.5439   17.8626
    7.5000    7.5000   45.000012603.1572   17.8288
   -7.5000   15.0000   45.000011876.8867   17.9130
    0.0000   15.0000   45.000012348.6104   17.8449
    7.5000   15.0000   45.000011739.6055   17.8164
   -7.5000   22.5000   45.000010972.4385   17.8919
    0.0000   22.5000   45.000011405.9316   17.8278
    7.5000   22.5000   45.000010835.2295   17.8029
   -7.5000   30.0000   45.0000 9952.2666   17.6703
    0.0000   30.0000   45.000010357.3145   17.6096
    7.5000   30.0000   45.0000 9854.0098   17.5839
   -7.5000   37.5000   45.0000 9242.2910   17.6955
    0.0000   37.5000   45.0000 9612.8340   17.6346
    7.5000   37.5000   45.0000 9149.5850   17.6048
   -7.5000   45.0000   45.0000 8160.8022   17.3398
    0.0000   45.0000   45.0000 8500.2725   17.2768
    7.5000   45.0000   45.0000 8086.1841   17.2436

---------------------------------------------------------------------
imgreg_4dfp /opt/freesurfer/average/711-2C_as_mni_average_305 /opt/freesurfer/average/711-2B_as_mni_average_305_mask talsrcimg_g11 none talsrcimg_to_711-2C_as_mni_average_305_t4 4355
---------------------------------------------------------------------

freesurfer imgreg_4dfp.c
/opt/freesurfer/average/711-2C_as_mni_average_305.4dfp.img
       256       256       256         1
  1.000000  1.000000  1.000000
orientation T byte_order littleendian
Reading image: /opt/freesurfer/average/711-2C_as_mni_average_305.4dfp.img
dimensions:      256       256       256
mmppix:       1.0000   -1.0000   -1.0000
center:     128.0000 -129.0000 -129.0000
/opt/freesurfer/average/711-2B_as_mni_average_305_mask.4dfp.img
       256       256       256         1
  1.000000  1.000000  1.000000
orientation T byte_order littleendian
Reading mask: /opt/freesurfer/average/711-2B_as_mni_average_305_mask.4dfp.img (2306576 pixels)
talsrcimg_g11.4dfp.img
       256       256       256         1
  1.000000  1.000000  1.000000
orientation T byte_order littleendian
Reading image: talsrcimg_g11.4dfp.img
dimensions:      256       256       256
mmppix:       1.0000   -1.0000   -1.0000
center:     128.0000 -129.0000 -129.0000
rotation matrix determinant  1.000000
image alignment mode   4355 decimal     1103 hex
   -7.5000  -45.0000  -45.0000 2047.8701   18.6234
    0.0000  -45.0000  -45.0000 2069.2756   18.4724
    7.5000  -45.0000  -45.0000 2052.3787   18.6863
   -7.5000  -37.5000  -45.0000 2110.7207   17.5022
    0.0000  -37.5000  -45.0000 2126.7014   17.3770
    7.5000  -37.5000  -45.0000 2111.3118   17.5652
   -7.5000  -30.0000  -45.0000 2144.4656   16.7918
    0.0000  -30.0000  -45.0000 2163.8711   16.6096
    7.5000  -30.0000  -45.0000 2148.8572   16.8295
   -7.5000  -22.5000  -45.0000 2154.4998   16.3980
    0.0000  -22.5000  -45.0000 2171.4507   16.2609
    7.5000  -22.5000  -45.0000 2155.1533   16.4726
   -7.5000  -15.0000  -45.0000 2139.4824   16.3641
    0.0000  -15.0000  -45.0000 2154.3049   16.2601
    7.5000  -15.0000  -45.0000 2140.6731   16.4703
   -7.5000   -7.5000  -45.0000 2109.4973   16.7456
    0.0000   -7.5000  -45.0000 2126.1797   16.5862
    7.5000   -7.5000  -45.0000 2109.5593   16.7691
   -7.5000    0.0000  -45.0000 2061.2131   17.4165
    0.0000    0.0000  -45.0000 2081.6614   17.2294
    7.5000    0.0000  -45.0000 2062.6523   17.4391
   -7.5000    7.5000  -45.0000 2003.2073   18.4785
    0.0000    7.5000  -45.0000 2020.6140   18.2550
    7.5000    7.5000  -45.0000 2001.0537   18.4712
   -7.5000   15.0000  -45.0000 1915.8981   19.9900
    0.0000   15.0000  -45.0000 1936.8092   19.7571
    7.5000   15.0000  -45.0000 1913.4734   20.0222
   -7.5000   22.5000  -45.0000 1816.1465   22.1430
    0.0000   22.5000  -45.0000 1832.3734   21.9056
    7.5000   22.5000  -45.0000 1814.9309   22.2558
   -7.5000   30.0000  -45.0000 1711.4167   25.3837
    0.0000   30.0000  -45.0000 1727.2426   25.0811
    7.5000   30.0000  -45.0000 1708.3931   25.5190
   -7.5000   37.5000  -45.0000 1604.9150   29.9657
    0.0000   37.5000  -45.0000 1616.5216   29.6900
    7.5000   37.5000  -45.0000 1596.4301   30.2115
   -7.5000   45.0000  -45.0000 1487.2574   36.6988
    0.0000   45.0000  -45.0000 1500.3339   36.2613
    7.5000   45.0000  -45.0000 1484.6495   36.9271
   -7.5000  -45.0000  -37.5000 2141.6672   17.1062
    0.0000  -45.0000  -37.5000 2158.2485   17.0168
    7.5000  -45.0000  -37.5000 2151.1204   17.1707
   -7.5000  -37.5000  -37.5000 2204.3901   16.0696
    0.0000  -37.5000  -37.5000 2219.2664   15.9512
    7.5000  -37.5000  -37.5000 2206.7083   16.0791
   -7.5000  -30.0000  -37.5000 2239.6228   15.3497
    0.0000  -30.0000  -37.5000 2257.0122   15.2409
    7.5000  -30.0000  -37.5000 2245.1650   15.3876
   -7.5000  -22.5000  -37.5000 2255.0547   14.9804
    0.0000  -22.5000  -37.5000 2274.8093   14.8814
    7.5000  -22.5000  -37.5000 2257.1248   15.0524
   -7.5000  -15.0000  -37.5000 2250.4924   14.9458
    0.0000  -15.0000  -37.5000 2266.2549   14.8839
    7.5000  -15.0000  -37.5000 2249.3564   15.0595
   -7.5000   -7.5000  -37.5000 2220.1196   15.3008
    0.0000   -7.5000  -37.5000 2241.7646   15.2119
    7.5000   -7.5000  -37.5000 2221.6025   15.3765
   -7.5000    0.0000  -37.5000 2167.0330   15.9036
    0.0000    0.0000  -37.5000 2190.1533   15.8080
    7.5000    0.0000  -37.5000 2167.0461   15.9665
   -7.5000    7.5000  -37.5000 2099.2078   16.8273
    0.0000    7.5000  -37.5000 2117.8191   16.6971
    7.5000    7.5000  -37.5000 2097.8538   16.8913
   -7.5000   15.0000  -37.5000 2010.6498   18.1701
    0.0000   15.0000  -37.5000 2026.0281   18.0096
    7.5000   15.0000  -37.5000 2008.7968   18.2260
   -7.5000   22.5000  -37.5000 1906.1486   20.0922
    0.0000   22.5000  -37.5000 1917.5640   19.8929
    7.5000   22.5000  -37.5000 1901.3661   20.1728
   -7.5000   30.0000  -37.5000 1793.3477   22.9287
    0.0000   30.0000  -37.5000 1804.8516   22.6955
    7.5000   30.0000  -37.5000 1787.0549   23.0274
   -7.5000   37.5000  -37.5000 1674.8585   26.9769
    0.0000   37.5000  -37.5000 1683.6073   26.6836
    7.5000   37.5000  -37.5000 1666.1166   27.0139
   -7.5000   45.0000  -37.5000 1550.0469   32.6228
    0.0000   45.0000  -37.5000 1558.6130   32.2886
    7.5000   45.0000  -37.5000 1543.0641   32.8333
   -7.5000  -45.0000  -30.0000 2280.5015   16.3253
    0.0000  -45.0000  -30.0000 2292.3503   16.2788
    7.5000  -45.0000  -30.0000 2282.2705   16.4026
   -7.5000  -37.5000  -30.0000 2337.5540   15.3265
    0.0000  -37.5000  -30.0000 2355.0625   15.2566
    7.5000  -37.5000  -30.0000 2339.1924   15.3594
   -7.5000  -30.0000  -30.0000 2376.5479   14.6109
    0.0000  -30.0000  -30.0000 2393.9753   14.5425
    7.5000  -30.0000  -30.0000 2382.9678   14.6780
   -7.5000  -22.5000  -30.0000 2401.5596   14.2456
    0.0000  -22.5000  -30.0000 2424.1497   14.1886
    7.5000  -22.5000  -30.0000 2407.6797   14.3449
   -7.5000  -15.0000  -30.0000 2400.2712   14.2441
    0.0000  -15.0000  -30.0000 2418.4753   14.2061
    7.5000  -15.0000  -30.0000 2399.8635   14.3496
   -7.5000   -7.5000  -30.0000 2368.8218   14.5925
    0.0000   -7.5000  -30.0000 2391.7068   14.5172
    7.5000   -7.5000  -30.0000 2369.3848   14.6620
   -7.5000    0.0000  -30.0000 2312.4185   15.1552
    0.0000    0.0000  -30.0000 2335.8350   15.0782
    7.5000    0.0000  -30.0000 2311.4634   15.2240
   -7.5000    7.5000  -30.0000 2234.7305   15.9801
    0.0000    7.5000  -30.0000 2251.6694   15.8850
    7.5000    7.5000  -30.0000 2230.8135   16.0527
   -7.5000   15.0000  -30.0000 2140.5527   17.1789
    0.0000   15.0000  -30.0000 2151.5842   17.0764
    7.5000   15.0000  -30.0000 2135.0752   17.2736
   -7.5000   22.5000  -30.0000 2025.9474   18.9654
    0.0000   22.5000  -30.0000 2037.2203   18.8543
    7.5000   22.5000  -30.0000 2023.8044   19.0815
   -7.5000   30.0000  -30.0000 1906.2129   21.5790
    0.0000   30.0000  -30.0000 1917.8390   21.4243
    7.5000   30.0000  -30.0000 1899.7925   21.6476
   -7.5000   37.5000  -30.0000 1778.0790   25.2287
    0.0000   37.5000  -30.0000 1784.1328   25.0098
    7.5000   37.5000  -30.0000 1767.4099   25.2795
   -7.5000   45.0000  -30.0000 1645.5369   30.2692
    0.0000   45.0000  -30.0000 1654.2175   30.0381
    7.5000   45.0000  -30.0000 1632.7644   30.4886
   -7.5000  -45.0000  -22.5000 2391.4634   15.4225
    0.0000  -45.0000  -22.5000 2405.4873   15.3862
    7.5000  -45.0000  -22.5000 2388.7380   15.4837
   -7.5000  -37.5000  -22.5000 2451.3860   14.4729
    0.0000  -37.5000  -22.5000 2468.8042   14.4220
    7.5000  -37.5000  -22.5000 2452.7888   14.5553
   -7.5000  -30.0000  -22.5000 2495.5996   13.8351
    0.0000  -30.0000  -22.5000 2513.2708   13.7699
    7.5000  -30.0000  -22.5000 2499.6626   13.9069
   -7.5000  -22.5000  -22.5000 2524.1829   13.5115
    0.0000  -22.5000  -22.5000 2541.9070   13.4395
    7.5000  -22.5000  -22.5000 2526.2500   13.5866
   -7.5000  -15.0000  -22.5000 2517.4871   13.4881
    0.0000  -15.0000  -22.5000 2542.0823   13.4212
    7.5000  -15.0000  -22.5000 2519.2363   13.5856
   -7.5000   -7.5000  -22.5000 2490.0957   13.7699
    0.0000   -7.5000  -22.5000 2513.9729   13.6964
    7.5000   -7.5000  -22.5000 2490.7852   13.8441
   -7.5000    0.0000  -22.5000 2431.6963   14.2840
    0.0000    0.0000  -22.5000 2455.1641   14.2023
    7.5000    0.0000  -22.5000 2431.1289   14.3503
   -7.5000    7.5000  -22.5000 2348.0754   15.0415
    0.0000    7.5000  -22.5000 2370.8745   14.9440
    7.5000    7.5000  -22.5000 2344.5911   15.1109
   -7.5000   15.0000  -22.5000 2245.6392   16.1661
    0.0000   15.0000  -22.5000 2260.5989   16.0825
    7.5000   15.0000  -22.5000 2238.6230   16.2711
   -7.5000   22.5000  -22.5000 2127.4360   17.8728
    0.0000   22.5000  -22.5000 2143.5552   17.7678
    7.5000   22.5000  -22.5000 2121.8157   17.9558
   -7.5000   30.0000  -22.5000 2001.6080   20.1910
    0.0000   30.0000  -22.5000 2015.5391   20.0550
    7.5000   30.0000  -22.5000 1992.5151   20.2754
   -7.5000   37.5000  -22.5000 1864.0485   23.4551
    0.0000   37.5000  -22.5000 1876.2738   23.2460
    7.5000   37.5000  -22.5000 1858.9282   23.5709
   -7.5000   45.0000  -22.5000 1720.5702   28.1003
    0.0000   45.0000  -22.5000 1732.0092   27.8106
    7.5000   45.0000  -22.5000 1710.6666   28.2698
   -7.5000  -45.0000  -15.0000 2468.8611   14.5545
    0.0000  -45.0000  -15.0000 2483.5525   14.4804
    7.5000  -45.0000  -15.0000 2466.1013   14.5997
   -7.5000  -37.5000  -15.0000 2538.7271   13.6384
    0.0000  -37.5000  -15.0000 2560.3372   13.5437
    7.5000  -37.5000  -15.0000 2539.6497   13.6928
   -7.5000  -30.0000  -15.0000 2592.1438   13.0680
    0.0000  -30.0000  -15.0000 2610.4946   12.9735
    7.5000  -30.0000  -15.0000 2593.1011   13.1070
   -7.5000  -22.5000  -15.0000 2620.5647   12.7575
    0.0000  -22.5000  -15.0000 2640.8008   12.6895
    7.5000  -22.5000  -15.0000 2622.3240   12.8187
   -7.5000  -15.0000  -15.0000 2620.6594   12.7187
    0.0000  -15.0000  -15.0000 2644.5955   12.6532
    7.5000  -15.0000  -15.0000 2618.9465   12.7931
   -7.5000   -7.5000  -15.0000 2593.6028   12.9583
    0.0000   -7.5000  -15.0000 2617.6777   12.8695
    7.5000   -7.5000  -15.0000 2591.1226   13.0342
   -7.5000    0.0000  -15.0000 2528.3391   13.4277
    0.0000    0.0000  -15.0000 2552.8689   13.3420
    7.5000    0.0000  -15.0000 2529.4375   13.4818
   -7.5000    7.5000  -15.0000 2439.4773   14.1389
    0.0000    7.5000  -15.0000 2464.8071   14.0549
    7.5000    7.5000  -15.0000 2436.0332   14.2149
   -7.5000   15.0000  -15.0000 2332.4004   15.1941
    0.0000   15.0000  -15.0000 2347.5901   15.1283
    7.5000   15.0000  -15.0000 2324.5474   15.2963
   -7.5000   22.5000  -15.0000 2209.0278   16.7733
    0.0000   22.5000  -15.0000 2223.2698   16.6601
    7.5000   22.5000  -15.0000 2199.4824   16.8090
   -7.5000   30.0000  -15.0000 2069.7134   18.8780
    0.0000   30.0000  -15.0000 2086.4424   18.8043
    7.5000   30.0000  -15.0000 2064.0735   18.9696
   -7.5000   37.5000  -15.0000 1928.1287   21.8455
    0.0000   37.5000  -15.0000 1943.1093   21.7712
    7.5000   37.5000  -15.0000 1923.2716   21.9793
   -7.5000   45.0000  -15.0000 1773.7450   26.0432
    0.0000   45.0000  -15.0000 1788.7826   25.9132
    7.5000   45.0000  -15.0000 1771.2881   26.2566
   -7.5000  -45.0000   -7.5000 2530.1226   13.7120
    0.0000  -45.0000   -7.5000 2545.8323   13.6025
    7.5000  -45.0000   -7.5000 2523.3523   13.7478
   -7.5000  -37.5000   -7.5000 2611.9885   12.8392
    0.0000  -37.5000   -7.5000 2635.3850   12.7307
    7.5000  -37.5000   -7.5000 2611.2090   12.8685
   -7.5000  -30.0000   -7.5000 2675.6543   12.2654
    0.0000  -30.0000   -7.5000 2700.0078   12.1725
    7.5000  -30.0000   -7.5000 2674.4326   12.3089
   -7.5000  -22.5000   -7.5000 2713.3293   11.9791
    0.0000  -22.5000   -7.5000 2734.0464   11.9152
    7.5000  -22.5000   -7.5000 2709.1458   12.0471
   -7.5000  -15.0000   -7.5000 2716.3162   11.9660
    0.0000  -15.0000   -7.5000 2739.7737   11.9018
    7.5000  -15.0000   -7.5000 2710.5781   12.0400
   -7.5000   -7.5000   -7.5000 2689.9265   12.1865
    0.0000   -7.5000   -7.5000 2710.0500   12.1081
    7.5000   -7.5000   -7.5000 2676.7834   12.2638
   -7.5000    0.0000   -7.5000 2619.4692   12.6361
    0.0000    0.0000   -7.5000 2644.7959   12.5324
    7.5000    0.0000   -7.5000 2614.5000   12.6890
   -7.5000    7.5000   -7.5000 2524.2979   13.3016
    0.0000    7.5000   -7.5000 2544.8704   13.2038
    7.5000    7.5000   -7.5000 2517.8062   13.3651
   -7.5000   15.0000   -7.5000 2405.0203   14.3035
    0.0000   15.0000   -7.5000 2420.2046   14.2097
    7.5000   15.0000   -7.5000 2395.1597   14.3811
   -7.5000   22.5000   -7.5000 2277.3552   15.7371
    0.0000   22.5000   -7.5000 2285.4187   15.6506
    7.5000   22.5000   -7.5000 2260.1309   15.8058
   -7.5000   30.0000   -7.5000 2132.8867   17.7406
    0.0000   30.0000   -7.5000 2141.1921   17.6560
    7.5000   30.0000   -7.5000 2116.7080   17.8096
   -7.5000   37.5000   -7.5000 1980.1456   20.5103
    0.0000   37.5000   -7.5000 1988.4690   20.3927
    7.5000   37.5000   -7.5000 1965.6060   20.5791
   -7.5000   45.0000   -7.5000 1823.9570   24.4044
    0.0000   45.0000   -7.5000 1838.4935   24.2053
    7.5000   45.0000   -7.5000 1817.3344   24.4930
   -7.5000  -45.0000    0.0000 2572.9155   13.0325
    0.0000  -45.0000    0.0000 2595.7253   12.9044
    7.5000  -45.0000    0.0000 2569.9561   13.0967
   -7.5000  -37.5000    0.0000 2668.2854   12.1726
    0.0000  -37.5000    0.0000 2695.1074   12.0597
    7.5000  -37.5000    0.0000 2668.9854   12.2309
   -7.5000  -30.0000    0.0000 2745.7656   11.5872
    0.0000  -30.0000    0.0000 2773.2642   11.4748
    7.5000  -30.0000    0.0000 2743.0791   11.6560
   -7.5000  -22.5000    0.0000 2797.6829   11.3162
    0.0000  -22.5000    0.0000 2814.3372   11.2291
    7.5000  -22.5000    0.0000 2787.5081   11.3914
   -7.5000  -15.0000    0.0000 2800.8179   11.3225
    0.0000  -15.0000    0.0000 2824.0718   11.2631
    7.5000  -15.0000    0.0000 2790.7151   11.4103
   -7.5000   -7.5000    0.0000 2770.4578   11.5608
    0.0000   -7.5000    0.0000 2789.9487   11.4717
    7.5000   -7.5000    0.0000 2755.1658   11.6352
   -7.5000    0.0000    0.0000 2696.1428   11.9732
    0.0000    0.0000    0.0000 2715.1912   11.8881
    7.5000    0.0000    0.0000 2682.9636   12.0555
   -7.5000    7.5000    0.0000 2596.1506   12.6238
    0.0000    7.5000    0.0000 2610.7603   12.5260
    7.5000    7.5000    0.0000 2581.5142   12.7097
   -7.5000   15.0000    0.0000 2464.3840   13.5940
    0.0000   15.0000    0.0000 2482.7422   13.4791
    7.5000   15.0000    0.0000 2456.7329   13.6736
   -7.5000   22.5000    0.0000 2329.3076   14.9550
    0.0000   22.5000    0.0000 2341.3079   14.8588
    7.5000   22.5000    0.0000 2316.7417   15.0540
   -7.5000   30.0000    0.0000 2176.7288   16.8447
    0.0000   30.0000    0.0000 2183.4539   16.7365
    7.5000   30.0000    0.0000 2160.4365   16.9526
   -7.5000   37.5000    0.0000 2018.3363   19.5001
    0.0000   37.5000    0.0000 2024.9567   19.3475
    7.5000   37.5000    0.0000 2001.2595   19.5746
   -7.5000   45.0000    0.0000 1856.8203   23.0603
    0.0000   45.0000    0.0000 1870.4968   22.8751
    7.5000   45.0000    0.0000 1850.3320   23.1774
   -7.5000  -45.0000    7.5000 2601.4456   12.5822
    0.0000  -45.0000    7.5000 2628.6206   12.4465
    7.5000  -45.0000    7.5000 2600.1990   12.6932
   -7.5000  -37.5000    7.5000 2710.8828   11.7180
    0.0000  -37.5000    7.5000 2739.7454   11.5903
    7.5000  -37.5000    7.5000 2710.9109   11.8261
   -7.5000  -30.0000    7.5000 2800.3315   11.1388
    0.0000  -30.0000    7.5000 2832.4673   10.9890
    7.5000  -30.0000    7.5000 2792.6118   11.2346
   -7.5000  -22.5000    7.5000 2864.4460   10.8160
    0.0000  -22.5000    7.5000 2887.6877   10.6948
    7.5000  -22.5000    7.5000 2841.3633   10.9455
   -7.5000  -15.0000    7.5000 2870.9595   10.8301
    0.0000  -15.0000    7.5000 2892.2063   10.7381
    7.5000  -15.0000    7.5000 2849.9626   10.9542
   -7.5000   -7.5000    7.5000 2832.8931   11.0692
    0.0000   -7.5000    7.5000 2855.5588   10.9596
    7.5000   -7.5000    7.5000 2814.6208   11.1830
   -7.5000    0.0000    7.5000 2756.9873   11.4856
    0.0000    0.0000    7.5000 2772.2939   11.3897
    7.5000    0.0000    7.5000 2735.2319   11.6115
   -7.5000    7.5000    7.5000 2649.9402   12.1488
    0.0000    7.5000    7.5000 2662.7908   12.0276
    7.5000    7.5000    7.5000 2631.7136   12.2580
   -7.5000   15.0000    7.5000 2513.3557   13.1213
    0.0000   15.0000    7.5000 2530.3730   12.9897
    7.5000   15.0000    7.5000 2498.7590   13.2310
   -7.5000   22.5000    7.5000 2368.6890   14.4471
    0.0000   22.5000    7.5000 2385.1531   14.3148
    7.5000   22.5000    7.5000 2353.1611   14.5698
   -7.5000   30.0000    7.5000 2211.5564   16.2828
    0.0000   30.0000    7.5000 2221.1355   16.1615
    7.5000   30.0000    7.5000 2194.0798   16.3790
   -7.5000   37.5000    7.5000 2047.1434   18.7615
    0.0000   37.5000    7.5000 2061.7061   18.6307
    7.5000   37.5000    7.5000 2029.6113   18.8410
   -7.5000   45.0000    7.5000 1884.0548   22.0456
    0.0000   45.0000    7.5000 1894.4578   21.8828
    7.5000   45.0000    7.5000 1873.1647   22.1735
   -7.5000  -45.0000   15.0000 2612.5935   12.2783
    0.0000  -45.0000   15.0000 2640.2734   12.1869
    7.5000  -45.0000   15.0000 2609.6614   12.4552
   -7.5000  -37.5000   15.0000 2735.4346   11.4386
    0.0000  -37.5000   15.0000 2765.0205   11.3321
    7.5000  -37.5000   15.0000 2732.6418   11.5896
   -7.5000  -30.0000   15.0000 2835.5547   10.9137
    0.0000  -30.0000   15.0000 2871.8516   10.7897
    7.5000  -30.0000   15.0000 2824.6785   11.0379
   -7.5000  -22.5000   15.0000 2911.0259   10.5637
    0.0000  -22.5000   15.0000 2940.9084   10.4169
    7.5000  -22.5000   15.0000 2881.9929   10.7290
   -7.5000  -15.0000   15.0000 2923.6357   10.5352
    0.0000  -15.0000   15.0000 2940.4419   10.3876
    7.5000  -15.0000   15.0000 2886.1240   10.6817
   -7.5000   -7.5000   15.0000 2874.1997   10.7431
    0.0000   -7.5000   15.0000 2890.7966   10.6200
    7.5000   -7.5000   15.0000 2846.2627   10.8680
   -7.5000    0.0000   15.0000 2791.9028   11.1553
    0.0000    0.0000   15.0000 2810.9292   11.0676
    7.5000    0.0000   15.0000 2766.6025   11.2711
   -7.5000    7.5000   15.0000 2679.9597   11.8172
    0.0000    7.5000   15.0000 2695.2495   11.7381
    7.5000    7.5000   15.0000 2657.4988   11.9299
   -7.5000   15.0000   15.0000 2539.0234   12.8194
    0.0000   15.0000   15.0000 2552.8708   12.7401
    7.5000   15.0000   15.0000 2518.4165   12.9178
   -7.5000   22.5000   15.0000 2391.0574   14.1393
    0.0000   22.5000   15.0000 2405.6426   14.0734
    7.5000   22.5000   15.0000 2371.5549   14.2311
   -7.5000   30.0000   15.0000 2236.9568   15.9043
    0.0000   30.0000   15.0000 2244.2529   15.8353
    7.5000   30.0000   15.0000 2216.7297   15.9898
   -7.5000   37.5000   15.0000 2067.7527   18.2678
    0.0000   37.5000   15.0000 2073.1914   18.1546
    7.5000   37.5000   15.0000 2045.5825   18.3396
   -7.5000   45.0000   15.0000 1892.0046   21.4622
    0.0000   45.0000   15.0000 1901.6282   21.2435
    7.5000   45.0000   15.0000 1881.1941   21.5562
   -7.5000  -45.0000   22.5000 2610.5454   12.1844
    0.0000  -45.0000   22.5000 2635.5073   12.0843
    7.5000  -45.0000   22.5000 2603.7151   12.3955
   -7.5000  -37.5000   22.5000 2748.0513   11.3264
    0.0000  -37.5000   22.5000 2774.1802   11.2283
    7.5000  -37.5000   22.5000 2734.7249   11.5261
   -7.5000  -30.0000   22.5000 2861.9336   10.8152
    0.0000  -30.0000   22.5000 2894.7952   10.7402
    7.5000  -30.0000   22.5000 2838.5916   10.9845
   -7.5000  -22.5000   22.5000 2943.5142   10.5153
    0.0000  -22.5000   22.5000 2969.8545   10.4455
    7.5000  -22.5000   22.5000 2899.0017   10.6653
   -7.5000  -15.0000   22.5000 2952.1099   10.4611
    0.0000  -15.0000   22.5000 2962.9307   10.3854
    7.5000  -15.0000   22.5000 2899.6140   10.6045
   -7.5000   -7.5000   22.5000 2900.2439   10.6125
    0.0000   -7.5000   22.5000 2909.2449   10.5430
    7.5000   -7.5000   22.5000 2858.8184   10.7585
   -7.5000    0.0000   22.5000 2811.0193   11.0203
    0.0000    0.0000   22.5000 2823.3130   10.9314
    7.5000    0.0000   22.5000 2778.4312   11.1410
   -7.5000    7.5000   22.5000 2689.9934   11.7062
    0.0000    7.5000   22.5000 2699.7339   11.6043
    7.5000    7.5000   22.5000 2663.5381   11.7931
   -7.5000   15.0000   22.5000 2550.4011   12.7138
    0.0000   15.0000   22.5000 2559.6604   12.6044
    7.5000   15.0000   22.5000 2528.2715   12.7882
   -7.5000   22.5000   22.5000 2399.9458   14.0256
    0.0000   22.5000   22.5000 2411.4897   13.9262
    7.5000   22.5000   22.5000 2376.6631   14.1119
   -7.5000   30.0000   22.5000 2243.8269   15.7611
    0.0000   30.0000   22.5000 2247.4138   15.6849
    7.5000   30.0000   22.5000 2219.4619   15.8692
   -7.5000   37.5000   22.5000 2071.0229   18.0466
    0.0000   37.5000   22.5000 2077.3301   17.9602
    7.5000   37.5000   22.5000 2049.9165   18.1742
   -7.5000   45.0000   22.5000 1895.3278   21.1032
    0.0000   45.0000   22.5000 1902.2321   20.9832
    7.5000   45.0000   22.5000 1880.1140   21.2376
   -7.5000  -45.0000   30.0000 2598.9961   12.2588
    0.0000  -45.0000   30.0000 2615.1555   12.2416
    7.5000  -45.0000   30.0000 2579.2913   12.5285
   -7.5000  -37.5000   30.0000 2739.7104   11.4094
    0.0000  -37.5000   30.0000 2756.4976   11.3852
    7.5000  -37.5000   30.0000 2713.8887   11.6463
   -7.5000  -30.0000   30.0000 2862.6841   10.8822
    0.0000  -30.0000   30.0000 2880.3362   10.8251
    7.5000  -30.0000   30.0000 2822.3220   11.0792
   -7.5000  -22.5000   30.0000 2949.4426   10.5483
    0.0000  -22.5000   30.0000 2958.2666   10.4973
    7.5000  -22.5000   30.0000 2887.2109   10.7550
   -7.5000  -15.0000   30.0000 2954.2285   10.4797
    0.0000  -15.0000   30.0000 2957.6252   10.4518
    7.5000  -15.0000   30.0000 2889.7158   10.6995
   -7.5000   -7.5000   30.0000 2896.7771   10.7087
    0.0000   -7.5000   30.0000 2901.4812   10.6640
    7.5000   -7.5000   30.0000 2844.7434   10.8716
   -7.5000    0.0000   30.0000 2800.0981   11.1260
    0.0000    0.0000   30.0000 2810.8713   11.0467
    7.5000    0.0000   30.0000 2764.5261   11.2456
   -7.5000    7.5000   30.0000 2682.1541   11.7765
    0.0000    7.5000   30.0000 2688.1885   11.6742
    7.5000    7.5000   30.0000 2650.2002   11.8718
   -7.5000   15.0000   30.0000 2546.4358   12.7290
    0.0000   15.0000   30.0000 2549.8301   12.6464
    7.5000   15.0000   30.0000 2515.4097   12.8140
   -7.5000   22.5000   30.0000 2395.5989   14.0323
    0.0000   22.5000   30.0000 2396.7664   13.9531
    7.5000   22.5000   30.0000 2366.2161   14.1024
   -7.5000   30.0000   30.0000 2236.6040   15.7268
    0.0000   30.0000   30.0000 2236.3237   15.6534
    7.5000   30.0000   30.0000 2211.2314   15.8407
   -7.5000   37.5000   30.0000 2064.9907   18.0420
    0.0000   37.5000   30.0000 2067.4976   17.9024
    7.5000   37.5000   30.0000 2040.9032   18.1206
   -7.5000   45.0000   30.0000 1891.9939   21.0293
    0.0000   45.0000   30.0000 1900.0797   20.8877
    7.5000   45.0000   30.0000 1876.4877   21.1285
   -7.5000  -45.0000   37.5000 2580.2102   12.5972
    0.0000  -45.0000   37.5000 2594.6272   12.5909
    7.5000  -45.0000   37.5000 2556.0493   12.9081
   -7.5000  -37.5000   37.5000 2717.5491   11.6997
    0.0000  -37.5000   37.5000 2729.0132   11.6769
    7.5000  -37.5000   37.5000 2684.0432   11.9732
   -7.5000  -30.0000   37.5000 2838.0505   11.1367
    0.0000  -30.0000   37.5000 2847.6167   11.1047
    7.5000  -30.0000   37.5000 2788.9807   11.3867
   -7.5000  -22.5000   37.5000 2912.1445   10.7607
    0.0000  -22.5000   37.5000 2919.8250   10.7640
    7.5000  -22.5000   37.5000 2852.6016   11.0503
   -7.5000  -15.0000   37.5000 2915.3906   10.7404
    0.0000  -15.0000   37.5000 2920.5103   10.6954
    7.5000  -15.0000   37.5000 2857.2195   10.9619
   -7.5000   -7.5000   37.5000 2867.1389   10.9980
    0.0000   -7.5000   37.5000 2868.2871   10.9194
    7.5000   -7.5000   37.5000 2819.1707   11.1503
   -7.5000    0.0000   37.5000 2772.1575   11.4245
    0.0000    0.0000   37.5000 2775.3616   11.3366
    7.5000    0.0000   37.5000 2737.8792   11.5452
   -7.5000    7.5000   37.5000 2652.2134   12.0768
    0.0000    7.5000   37.5000 2659.9280   11.9648
    7.5000    7.5000   37.5000 2625.9021   12.1489
   -7.5000   15.0000   37.5000 2524.0674   12.9663
    0.0000   15.0000   37.5000 2526.0222   12.8687
    7.5000   15.0000   37.5000 2492.3604   13.0490
   -7.5000   22.5000   37.5000 2377.1853   14.2234
    0.0000   22.5000   37.5000 2377.0420   14.1247
    7.5000   22.5000   37.5000 2343.0254   14.3035
   -7.5000   30.0000   37.5000 2217.8906   15.8738
    0.0000   30.0000   37.5000 2215.3813   15.7989
    7.5000   30.0000   37.5000 2189.7383   15.9773
   -7.5000   37.5000   37.5000 2043.6726   18.1031
    0.0000   37.5000   37.5000 2044.2538   18.0322
    7.5000   37.5000   37.5000 2022.8920   18.1996
   -7.5000   45.0000   37.5000 1875.8518   21.0525
    0.0000   45.0000   37.5000 1884.8912   20.9530
    7.5000   45.0000   37.5000 1861.4357   21.1889
   -7.5000  -45.0000   45.0000 2553.0012   13.0550
    0.0000  -45.0000   45.0000 2562.2168   13.0754
    7.5000  -45.0000   45.0000 2517.6553   13.4509
   -7.5000  -37.5000   45.0000 2684.3958   12.1756
    0.0000  -37.5000   45.0000 2692.4153   12.1576
    7.5000  -37.5000   45.0000 2641.0840   12.4920
   -7.5000  -30.0000   45.0000 2796.9482   11.5457
    0.0000  -30.0000   45.0000 2798.8457   11.5355
    7.5000  -30.0000   45.0000 2738.2629   11.8459
   -7.5000  -22.5000   45.0000 2856.1382   11.1873
    0.0000  -22.5000   45.0000 2857.3726   11.1799
    7.5000  -22.5000   45.0000 2797.0142   11.4816
   -7.5000  -15.0000   45.0000 2857.3027   11.1877
    0.0000  -15.0000   45.0000 2860.7415   11.1522
    7.5000  -15.0000   45.0000 2802.1538   11.3928
   -7.5000   -7.5000   45.0000 2811.6174   11.4243
    0.0000   -7.5000   45.0000 2813.5615   11.3736
    7.5000   -7.5000   45.0000 2767.0767   11.5634
   -7.5000    0.0000   45.0000 2715.6294   11.8382
    0.0000    0.0000   45.0000 2724.1440   11.7781
    7.5000    0.0000   45.0000 2686.9849   11.9746
   -7.5000    7.5000   45.0000 2606.4766   12.4689
    0.0000    7.5000   45.0000 2611.9453   12.3932
    7.5000    7.5000   45.0000 2579.4583   12.5719
   -7.5000   15.0000   45.0000 2481.5083   13.3529
    0.0000   15.0000   45.0000 2483.6189   13.2789
    7.5000   15.0000   45.0000 2453.8572   13.4464
   -7.5000   22.5000   45.0000 2340.9941   14.5553
    0.0000   22.5000   45.0000 2340.8066   14.4806
    7.5000   22.5000   45.0000 2311.3279   14.6710
   -7.5000   30.0000   45.0000 2178.1868   16.1796
    0.0000   30.0000   45.0000 2180.0144   16.1193
    7.5000   30.0000   45.0000 2155.0906   16.3240
   -7.5000   37.5000   45.0000 2011.9354   18.4108
    0.0000   37.5000   45.0000 2013.7695   18.3244
    7.5000   37.5000   45.0000 1988.6376   18.5585
   -7.5000   45.0000   45.0000 1850.5000   21.3935
    0.0000   45.0000   45.0000 1853.8005   21.2606
    7.5000   45.0000   45.0000 1831.7948   21.5365

---------------------------------------------------------------------
imgreg_4dfp /opt/freesurfer/average/711-2C_as_mni_average_305 /opt/freesurfer/average/711-2B_as_mni_average_305_mask talsrcimg_g11 none talsrcimg_to_711-2C_as_mni_average_305_t4 1283
---------------------------------------------------------------------

freesurfer imgreg_4dfp.c
/opt/freesurfer/average/711-2C_as_mni_average_305.4dfp.img
       256       256       256         1
  1.000000  1.000000  1.000000
orientation T byte_order littleendian
Reading image: /opt/freesurfer/average/711-2C_as_mni_average_305.4dfp.img
dimensions:      256       256       256
mmppix:       1.0000   -1.0000   -1.0000
center:     128.0000 -129.0000 -129.0000
/opt/freesurfer/average/711-2B_as_mni_average_305_mask.4dfp.img
       256       256       256         1
  1.000000  1.000000  1.000000
orientation T byte_order littleendian
Reading mask: /opt/freesurfer/average/711-2B_as_mni_average_305_mask.4dfp.img (2306576 pixels)
talsrcimg_g11.4dfp.img
       256       256       256         1
  1.000000  1.000000  1.000000
orientation T byte_order littleendian
Reading image: talsrcimg_g11.4dfp.img
dimensions:      256       256       256
mmppix:       1.0000   -1.0000   -1.0000
center:     128.0000 -129.0000 -129.0000
rotation matrix determinant  1.000000
fimgreg.f
image alignment mode   1283 decimal      503 hex
parameters
    0.0000  -22.5000   22.5000    0.0000    0.0000    0.0000
eta,q 0.93305 10.45500
niter,ni,del,rscale     5    3   12.0000    1.2000
parameter  4  2.380680 ->  0.500000 qaram    1.1500
parameter  5 -0.924168 -> -0.500000 qaram    1.1500
parameter  6  0.573947 ->  0.500000 qaram    1.1500
parameters
   -2.6435  -19.6102   25.2746   -3.4500    3.4500   -3.4500
eta,q 0.94656 10.38524
  0.0697  0.0818  0.0704  0.0591  0.0701  0.0545
  0.0648  0.0738  0.0662  0.0587  0.0664  0.0536
  0.0645  0.0676  0.0638  0.0601  0.0627  0.0534
  0.0674  0.0640  0.0629  0.0625  0.0589  0.0549
  0.0727  0.0629  0.0625  0.0650  0.0560  0.0580
  0.0804  0.0631  0.0626  0.0663  0.0549  0.0619
  0.0882  0.0642  0.0626  0.0679  0.0561  0.0662
niter,ni,del,rscale     7    3   12.0000    1.2000
parameters
   -4.0258  -18.5459   25.1584   -5.9357    5.2698   -5.2378
eta,q 0.94883 10.45864
  0.0628  0.0693  0.0597  0.0555  0.0654  0.0539
  0.0566  0.0608  0.0569  0.0529  0.0590  0.0517
  0.0531  0.0549  0.0539  0.0519  0.0549  0.0512
  0.0534  0.0528  0.0528  0.0528  0.0519  0.0514
  0.0584  0.0532  0.0536  0.0562  0.0516  0.0528
  0.0672  0.0558  0.0566  0.0599  0.0526  0.0555
  0.0776  0.0601  0.0608  0.0623  0.0564  0.0587
niter,ni,del,rscale     6    3   12.0000    1.2000
parameters
   -4.7322  -17.4657   24.9135   -6.7039    5.6670   -5.3072
eta,q 0.94979 10.44885
  0.0648  0.0682  0.0573  0.0562  0.0613  0.0558
  0.0564  0.0593  0.0537  0.0523  0.0560  0.0522
  0.0512  0.0533  0.0512  0.0504  0.0521  0.0503
  0.0512  0.0507  0.0505  0.0506  0.0503  0.0502
  0.0553  0.0512  0.0511  0.0522  0.0506  0.0511
  0.0627  0.0541  0.0543  0.0553  0.0540  0.0527
  0.0716  0.0583  0.0589  0.0581  0.0595  0.0555
niter,ni,del,rscale     5    3   12.0000    1.2000
parameters
   -4.7377  -17.2015   24.6655   -6.9917    5.7039   -5.3386
eta,q 0.94982 10.44519
  0.0685  0.0637  0.0566  0.0572  0.0602  0.0558
  0.0596  0.0562  0.0529  0.0529  0.0553  0.0522
  0.0525  0.0518  0.0508  0.0503  0.0518  0.0503
  0.0502  0.0502  0.0503  0.0503  0.0502  0.0502
  0.0530  0.0519  0.0509  0.0518  0.0510  0.0511
  0.0597  0.0556  0.0536  0.0546  0.0548  0.0527
  0.0684  0.0608  0.0580  0.0575  0.0605  0.0554
niter,ni,del,rscale     4    3   12.0000    1.2000
parameters
   -4.6909  -17.1536   24.5504   -7.0999    5.6810   -5.3478
eta,q 0.94982 10.44373
  0.0688  0.0627  0.0568  0.0577  0.0600  0.0559
  0.0600  0.0556  0.0530  0.0532  0.0552  0.0523
  0.0528  0.0515  0.0508  0.0504  0.0518  0.0504
  0.0502  0.0502  0.0502  0.0502  0.0502  0.0502
  0.0528  0.0522  0.0508  0.0516  0.0511  0.0511
  0.0595  0.0561  0.0533  0.0543  0.0549  0.0527
  0.0683  0.0615  0.0574  0.0573  0.0606  0.0554
niter,ni,del,rscale     3    3   12.0000    1.2000
parameters
   -4.6630  -17.1399   24.5052   -7.1445    5.6650   -5.3484
eta,q 0.94982 10.44326
  0.0687  0.0625  0.0570  0.0579  0.0600  0.0559
  0.0600  0.0555  0.0531  0.0534  0.0553  0.0523
  0.0528  0.0514  0.0508  0.0504  0.0518  0.0504
  0.0502  0.0502  0.0502  0.0502  0.0502  0.0502
  0.0528  0.0522  0.0508  0.0516  0.0511  0.0511
  0.0596  0.0561  0.0532  0.0542  0.0549  0.0528
  0.0685  0.0617  0.0572  0.0572  0.0606  0.0554
registration optimization eta report
parameter search radius
    6.0000    6.0000    6.0000    6.9000    6.9000    6.9000
100000*second partial in parameter space
       50.       32.       19.       15.       21.       12.
  0.0687  0.0625  0.0570  0.0579  0.0600  0.0559
  0.0600  0.0555  0.0531  0.0534  0.0553  0.0523
  0.0528  0.0514  0.0508  0.0504  0.0518  0.0504
  0.0502  0.0502  0.0502  0.0502  0.0502  0.0502
  0.0528  0.0522  0.0508  0.0516  0.0511  0.0511
  0.0596  0.0561  0.0532  0.0542  0.0549  0.0528
  0.0685  0.0617  0.0572  0.0572  0.0606  0.0554
   -4.6630  -17.1399   24.5052   -7.1445    5.6650   -5.3484
eta,q 0.94982 10.44326

---------------------------------------------------------------------
imgreg_4dfp /opt/freesurfer/average/711-2C_as_mni_average_305 /opt/freesurfer/average/711-2B_as_mni_average_305_mask talsrcimg_g11 none talsrcimg_to_711-2C_as_mni_average_305_t4 3335
---------------------------------------------------------------------

freesurfer imgreg_4dfp.c
/opt/freesurfer/average/711-2C_as_mni_average_305.4dfp.img
       256       256       256         1
  1.000000  1.000000  1.000000
orientation T byte_order littleendian
Reading image: /opt/freesurfer/average/711-2C_as_mni_average_305.4dfp.img
dimensions:      256       256       256
mmppix:       1.0000   -1.0000   -1.0000
center:     128.0000 -129.0000 -129.0000
/opt/freesurfer/average/711-2B_as_mni_average_305_mask.4dfp.img
       256       256       256         1
  1.000000  1.000000  1.000000
orientation T byte_order littleendian
Reading mask: /opt/freesurfer/average/711-2B_as_mni_average_305_mask.4dfp.img (2306576 pixels)
talsrcimg_g11.4dfp.img
       256       256       256         1
  1.000000  1.000000  1.000000
orientation T byte_order littleendian
Reading image: talsrcimg_g11.4dfp.img
dimensions:      256       256       256
mmppix:       1.0000   -1.0000   -1.0000
center:     128.0000 -129.0000 -129.0000
fimgreg.f
image alignment mode   3335 decimal      D07 hex
parameters
   -4.6630  -17.1399   24.5052   -0.9216   -1.3229   -1.2610
   10.4711   -8.5926   -9.2756   13.2961    9.8712  -12.3765
eta,q 0.95137 10.41481
niter,ni,del,rscale     5    3    5.0000    1.2000
parameter  4  0.877882 ->  0.500000 qaram    1.1500
parameter  5  2.269872 ->  0.500000 qaram    1.1500
parameter 12  1.565657 ->  0.500000 qaram    1.1500
parameters
   -4.9268  -17.2928   25.0328   -5.0616   -5.4629   -0.0022
   10.0050   -9.0234   -7.8073   10.0555    6.9935  -16.5165
eta,q 0.96004 10.00656
  0.0514  0.0507  0.0503  0.0458  0.0393  0.0435  0.0437  0.0451  0.0447  0.0418  0.0411  0.0397
  0.0498  0.0494  0.0495  0.0460  0.0411  0.0427  0.0425  0.0431  0.0432  0.0411  0.0409  0.0399
  0.0488  0.0487  0.0489  0.0468  0.0434  0.0420  0.0418  0.0419  0.0422  0.0410  0.0408  0.0403
  0.0486  0.0486  0.0486  0.0485  0.0462  0.0417  0.0416  0.0416  0.0416  0.0415  0.0409  0.0408
  0.0493  0.0490  0.0485  0.0512  0.0493  0.0415  0.0419  0.0421  0.0415  0.0427  0.0412  0.0415
  0.0508  0.0499  0.0488  0.0548  0.0530  0.0415  0.0429  0.0437  0.0420  0.0445  0.0416  0.0423
  0.0531  0.0512  0.0493  0.0588  0.0570  0.0428  0.0443  0.0461  0.0429  0.0470  0.0421  0.0431
niter,ni,del,rscale     7    3    5.0000    1.2000
parameter  5  1.189400 ->  0.500000 qaram    1.3225
parameter 12  0.561393 ->  0.500000 qaram    1.3225
parameters
   -4.7398  -17.0324   25.7025   -8.4017  -10.2239    0.5330
   10.1510   -8.8605   -7.1489   10.7690    7.0922  -21.2775
eta,q 0.96409  9.63901
  0.0438  0.0432  0.0418  0.0402  0.0352  0.0381  0.0389  0.0401  0.0386  0.0394  0.0368  0.0361
  0.0419  0.0415  0.0410  0.0396  0.0359  0.0372  0.0375  0.0380  0.0374  0.0378  0.0365  0.0359
  0.0406  0.0404  0.0403  0.0395  0.0374  0.0365  0.0366  0.0367  0.0366  0.0368  0.0363  0.0360
  0.0400  0.0399  0.0399  0.0398  0.0395  0.0363  0.0363  0.0363  0.0363  0.0363  0.0362  0.0362
  0.0401  0.0401  0.0398  0.0408  0.0425  0.0364  0.0365  0.0367  0.0364  0.0363  0.0363  0.0367
  0.0411  0.0408  0.0399  0.0431  0.0461  0.0367  0.0374  0.0379  0.0369  0.0370  0.0365  0.0374
  0.0429  0.0420  0.0405  0.0468  0.0503  0.0378  0.0386  0.0397  0.0379  0.0384  0.0368  0.0382
niter,ni,del,rscale     7    3    5.0000    1.2000
parameter  5  0.633818 ->  0.500000 qaram    1.5209
parameters
   -4.7404  -16.7933   25.2992   -8.3030  -15.6991    1.5775
   10.4153   -8.9047   -6.8663   12.7940    5.9454  -23.2504
eta,q 0.96589  9.42248
  0.0391  0.0390  0.0367  0.0381  0.0347  0.0365  0.0368  0.0379  0.0363  0.0380  0.0346  0.0349
  0.0373  0.0373  0.0362  0.0369  0.0344  0.0355  0.0355  0.0358  0.0352  0.0363  0.0344  0.0344
  0.0363  0.0363  0.0359  0.0362  0.0348  0.0348  0.0347  0.0347  0.0346  0.0351  0.0342  0.0341
  0.0359  0.0359  0.0359  0.0359  0.0359  0.0345  0.0344  0.0344  0.0344  0.0344  0.0342  0.0342
  0.0363  0.0361  0.0362  0.0359  0.0379  0.0343  0.0346  0.0348  0.0345  0.0342  0.0344  0.0346
  0.0373  0.0367  0.0368  0.0365  0.0410  0.0345  0.0353  0.0360  0.0351  0.0345  0.0347  0.0351
  0.0391  0.0379  0.0376  0.0383  0.0451  0.0358  0.0365  0.0379  0.0360  0.0354  0.0350  0.0358
niter,ni,del,rscale     7    3    5.0000    1.2000
parameters
   -4.7243  -16.2651   25.0797   -8.3549  -18.2205    1.2644
   10.4947   -8.6277   -6.3854   14.1729    4.3433  -24.1588
eta,q 0.96618  9.27867
  0.0371  0.0374  0.0350  0.0360  0.0360  0.0356  0.0362  0.0377  0.0358  0.0368  0.0342  0.0348
  0.0354  0.0357  0.0344  0.0349  0.0348  0.0347  0.0350  0.0356  0.0348  0.0354  0.0340  0.0342
  0.0344  0.0346  0.0341  0.0343  0.0341  0.0342  0.0342  0.0344  0.0342  0.0345  0.0338  0.0339
  0.0341  0.0341  0.0340  0.0340  0.0340  0.0340  0.0340  0.0340  0.0340  0.0340  0.0339  0.0338
  0.0344  0.0341  0.0342  0.0340  0.0349  0.0339  0.0342  0.0343  0.0341  0.0339  0.0341  0.0341
  0.0354  0.0345  0.0347  0.0346  0.0368  0.0345  0.0349  0.0353  0.0346  0.0343  0.0344  0.0346
  0.0370  0.0353  0.0354  0.0363  0.0402  0.0364  0.0360  0.0370  0.0353  0.0353  0.0347  0.0351
niter,ni,del,rscale     6    3    5.0000    1.2000
parameters
   -4.7000  -15.6592   25.0042   -8.8225  -19.7832    0.8876
   10.5098   -8.4083   -5.5563   15.4869    3.1513  -24.7267
eta,q 0.96640  9.16278
  0.0367  0.0369  0.0347  0.0354  0.0361  0.0353  0.0358  0.0373  0.0356  0.0363  0.0341  0.0346
  0.0351  0.0354  0.0342  0.0344  0.0347  0.0345  0.0347  0.0353  0.0347  0.0351  0.0338  0.0340
  0.0341  0.0343  0.0339  0.0339  0.0339  0.0339  0.0340  0.0341  0.0341  0.0342  0.0336  0.0337
  0.0338  0.0338  0.0337  0.0337  0.0337  0.0337  0.0338  0.0338  0.0338  0.0337  0.0336  0.0336
  0.0341  0.0338  0.0339  0.0338  0.0343  0.0336  0.0340  0.0341  0.0338  0.0336  0.0338  0.0338
  0.0350  0.0341  0.0342  0.0344  0.0358  0.0343  0.0347  0.0351  0.0342  0.0340  0.0341  0.0343
  0.0366  0.0348  0.0349  0.0361  0.0384  0.0362  0.0358  0.0368  0.0349  0.0350  0.0344  0.0347
niter,ni,del,rscale     5    3    5.0000    1.2000
parameters
   -4.7123  -15.0669   24.8389   -9.3176  -21.3116    0.3635
   10.4370   -8.2694   -5.0296   16.6113    2.8924  -25.0356
eta,q 0.96659  9.04596
  0.0363  0.0365  0.0344  0.0351  0.0358  0.0349  0.0354  0.0368  0.0353  0.0361  0.0340  0.0344
  0.0347  0.0350  0.0339  0.0341  0.0345  0.0341  0.0344  0.0350  0.0344  0.0349  0.0337  0.0338
  0.0338  0.0341  0.0336  0.0336  0.0337  0.0337  0.0337  0.0339  0.0338  0.0340  0.0334  0.0335
  0.0336  0.0336  0.0335  0.0335  0.0335  0.0335  0.0335  0.0335  0.0335  0.0335  0.0334  0.0334
  0.0339  0.0335  0.0336  0.0337  0.0341  0.0334  0.0338  0.0338  0.0336  0.0334  0.0335  0.0336
  0.0348  0.0339  0.0340  0.0342  0.0355  0.0341  0.0344  0.0349  0.0341  0.0339  0.0337  0.0340
  0.0363  0.0345  0.0347  0.0357  0.0379  0.0360  0.0355  0.0365  0.0348  0.0349  0.0340  0.0345
niter,ni,del,rscale     4    3    5.0000    1.2000
parameters
   -4.7149  -14.5344   24.7474   -9.9750  -22.6757   -0.1022
   10.1875   -8.1062   -5.1125   17.6391    3.8128  -24.9433
eta,q 0.96674  8.93795
  0.0361  0.0362  0.0342  0.0348  0.0356  0.0346  0.0352  0.0366  0.0348  0.0358  0.0339  0.0343
  0.0345  0.0348  0.0337  0.0339  0.0344  0.0339  0.0341  0.0348  0.0340  0.0346  0.0336  0.0337
  0.0337  0.0339  0.0335  0.0334  0.0335  0.0335  0.0335  0.0337  0.0335  0.0338  0.0334  0.0333
  0.0334  0.0334  0.0334  0.0334  0.0333  0.0333  0.0333  0.0333  0.0333  0.0333  0.0333  0.0333
  0.0338  0.0334  0.0334  0.0336  0.0339  0.0332  0.0336  0.0336  0.0335  0.0333  0.0333  0.0334
  0.0346  0.0337  0.0338  0.0341  0.0352  0.0338  0.0343  0.0347  0.0340  0.0338  0.0334  0.0337
  0.0360  0.0344  0.0344  0.0354  0.0375  0.0355  0.0354  0.0363  0.0349  0.0348  0.0336  0.0342
niter,ni,del,rscale     3    3    5.0000    1.2000
parameters
   -4.6749  -14.0519   24.6876  -10.8058  -24.0654   -0.7205
    9.7582   -7.8192   -5.6535   18.5426    5.3699  -24.6032
eta,q 0.96695  8.81664
  0.0360  0.0358  0.0340  0.0345  0.0354  0.0343  0.0349  0.0365  0.0344  0.0357  0.0338  0.0342
  0.0344  0.0345  0.0336  0.0337  0.0341  0.0336  0.0339  0.0348  0.0336  0.0344  0.0334  0.0335
  0.0335  0.0337  0.0333  0.0332  0.0334  0.0332  0.0333  0.0337  0.0332  0.0336  0.0332  0.0331
  0.0333  0.0333  0.0332  0.0332  0.0332  0.0332  0.0332  0.0331  0.0331  0.0331  0.0331  0.0330
  0.0336  0.0333  0.0333  0.0336  0.0337  0.0332  0.0335  0.0334  0.0334  0.0331  0.0331  0.0331
  0.0344  0.0336  0.0336  0.0341  0.0350  0.0336  0.0342  0.0344  0.0339  0.0336  0.0331  0.0334
  0.0357  0.0343  0.0342  0.0351  0.0372  0.0352  0.0353  0.0360  0.0348  0.0347  0.0333  0.0340
niter,ni,del,rscale     2    3    5.0000    1.2000
parameters
   -4.5610  -13.5989   24.5305  -11.6738  -25.3663   -1.4552
    9.4115   -7.5087   -6.1613   19.0776    6.3809  -24.5714
eta,q 0.96716  8.69323
  0.0359  0.0355  0.0337  0.0344  0.0353  0.0340  0.0347  0.0363  0.0341  0.0354  0.0335  0.0339
  0.0344  0.0343  0.0333  0.0334  0.0339  0.0334  0.0337  0.0347  0.0334  0.0342  0.0332  0.0332
  0.0334  0.0334  0.0331  0.0330  0.0331  0.0330  0.0331  0.0334  0.0330  0.0333  0.0329  0.0328
  0.0330  0.0330  0.0330  0.0330  0.0330  0.0329  0.0329  0.0329  0.0329  0.0329  0.0328  0.0328
  0.0333  0.0331  0.0331  0.0335  0.0335  0.0331  0.0332  0.0332  0.0331  0.0329  0.0328  0.0329
  0.0341  0.0334  0.0334  0.0340  0.0348  0.0335  0.0340  0.0342  0.0337  0.0336  0.0330  0.0332
  0.0354  0.0341  0.0340  0.0349  0.0368  0.0349  0.0351  0.0359  0.0345  0.0349  0.0332  0.0338
niter,ni,del,rscale     1    3    5.0000    1.2000
parameters
   -4.4187  -13.2634   24.3428  -12.1423  -26.1067   -1.9040
    9.2714   -7.3149   -6.2938   19.3917    6.5307  -24.7693
eta,q 0.96727  8.62459
  0.0358  0.0351  0.0335  0.0344  0.0355  0.0340  0.0347  0.0362  0.0342  0.0352  0.0333  0.0337
  0.0342  0.0339  0.0331  0.0334  0.0340  0.0333  0.0336  0.0345  0.0334  0.0340  0.0330  0.0331
  0.0332  0.0331  0.0329  0.0328  0.0330  0.0329  0.0330  0.0333  0.0329  0.0331  0.0328  0.0327
  0.0328  0.0328  0.0328  0.0328  0.0328  0.0328  0.0328  0.0328  0.0328  0.0328  0.0327  0.0327
  0.0330  0.0329  0.0329  0.0333  0.0332  0.0330  0.0330  0.0331  0.0329  0.0329  0.0328  0.0329
  0.0338  0.0333  0.0332  0.0339  0.0345  0.0333  0.0337  0.0342  0.0334  0.0336  0.0330  0.0332
  0.0351  0.0341  0.0338  0.0346  0.0364  0.0345  0.0349  0.0359  0.0343  0.0349  0.0333  0.0337
registration optimization eta report
parameter search radius
    2.4000    2.4000    2.4000    8.2800   10.9503    7.2000
    7.2000    7.2000    7.2000    7.2000    7.2000    9.5220
100000*second partial in parameter space
       45.       30.       14.        2.        3.        3.
        4.        6.        3.        4.        1.        1.
  0.0358  0.0351  0.0335  0.0344  0.0355  0.0340  0.0347  0.0362  0.0342  0.0352  0.0333  0.0337
  0.0342  0.0339  0.0331  0.0334  0.0340  0.0333  0.0336  0.0345  0.0334  0.0340  0.0330  0.0331
  0.0332  0.0331  0.0329  0.0328  0.0330  0.0329  0.0330  0.0333  0.0329  0.0331  0.0328  0.0327
  0.0328  0.0328  0.0328  0.0328  0.0328  0.0328  0.0328  0.0328  0.0328  0.0328  0.0327  0.0327
  0.0330  0.0329  0.0329  0.0333  0.0332  0.0330  0.0330  0.0331  0.0329  0.0329  0.0328  0.0329
  0.0338  0.0333  0.0332  0.0339  0.0345  0.0333  0.0337  0.0342  0.0334  0.0336  0.0330  0.0332
  0.0351  0.0341  0.0338  0.0346  0.0364  0.0345  0.0349  0.0359  0.0343  0.0349  0.0333  0.0337
   -4.4187  -13.2634   24.3428  -12.1423  -26.1067   -1.9040
    9.2714   -7.3149   -6.2938   19.3917    6.5307  -24.7693
eta,q 0.96727  8.62459

---------------------------------------------------------------------
imgreg_4dfp /opt/freesurfer/average/711-2C_as_mni_average_305 /opt/freesurfer/average/711-2B_as_mni_average_305_mask talsrcimg_g11 none talsrcimg_to_711-2C_as_mni_average_305_t4 2311
---------------------------------------------------------------------

freesurfer imgreg_4dfp.c
/opt/freesurfer/average/711-2C_as_mni_average_305.4dfp.img
       256       256       256         1
  1.000000  1.000000  1.000000
orientation T byte_order littleendian
Reading image: /opt/freesurfer/average/711-2C_as_mni_average_305.4dfp.img
dimensions:      256       256       256
mmppix:       1.0000   -1.0000   -1.0000
center:     128.0000 -129.0000 -129.0000
/opt/freesurfer/average/711-2B_as_mni_average_305_mask.4dfp.img
       256       256       256         1
  1.000000  1.000000  1.000000
orientation T byte_order littleendian
Reading mask: /opt/freesurfer/average/711-2B_as_mni_average_305_mask.4dfp.img (2306576 pixels)
talsrcimg_g11.4dfp.img
       256       256       256         1
  1.000000  1.000000  1.000000
orientation T byte_order littleendian
Reading image: talsrcimg_g11.4dfp.img
dimensions:      256       256       256
mmppix:       1.0000   -1.0000   -1.0000
center:     128.0000 -129.0000 -129.0000
fimgreg.f
image alignment mode   2311 decimal      907 hex
parameters
   -4.4187  -13.2634   24.3428  -12.1423  -26.1067   -1.9040
    9.2714   -7.3149   -6.2938   19.3917    6.5307  -24.7693
eta,q 0.96726  8.62459
niter,ni,del,rscale     5    3    5.0000    0.8000
parameters
   -4.3402  -13.1226   24.2632  -12.8330  -26.1223   -1.8303
    9.1988   -7.2149   -6.3042   19.7074    6.9474  -25.8854
eta,q 0.96734  8.61134
  0.0340  0.0336  0.0330  0.0333  0.0333  0.0333  0.0336  0.0344  0.0334  0.0339  0.0330  0.0328
  0.0333  0.0331  0.0329  0.0329  0.0330  0.0330  0.0331  0.0335  0.0330  0.0333  0.0328  0.0327
  0.0329  0.0329  0.0328  0.0327  0.0328  0.0327  0.0328  0.0329  0.0328  0.0329  0.0327  0.0327
  0.0327  0.0327  0.0327  0.0327  0.0327  0.0327  0.0327  0.0327  0.0327  0.0327  0.0327  0.0327
  0.0328  0.0328  0.0328  0.0329  0.0328  0.0328  0.0328  0.0329  0.0328  0.0328  0.0327  0.0328
  0.0332  0.0330  0.0329  0.0332  0.0330  0.0330  0.0331  0.0334  0.0330  0.0331  0.0328  0.0329
  0.0338  0.0334  0.0331  0.0336  0.0333  0.0332  0.0337  0.0342  0.0334  0.0336  0.0329  0.0330
niter,ni,del,rscale     4    3    5.0000    0.7000
parameters
   -4.2717  -13.0577   24.3398  -12.9928  -26.0963   -1.9320
    9.1894   -7.1844   -6.3448   19.9404    7.1128  -26.2586
eta,q 0.96736  8.61069
  0.0337  0.0333  0.0330  0.0332  0.0331  0.0331  0.0334  0.0339  0.0331  0.0336  0.0329  0.0328
  0.0331  0.0329  0.0328  0.0329  0.0329  0.0329  0.0330  0.0332  0.0329  0.0331  0.0328  0.0327
  0.0328  0.0327  0.0327  0.0327  0.0327  0.0327  0.0327  0.0328  0.0327  0.0328  0.0327  0.0326
  0.0327  0.0327  0.0327  0.0327  0.0327  0.0327  0.0327  0.0327  0.0327  0.0327  0.0326  0.0326
  0.0327  0.0327  0.0327  0.0328  0.0327  0.0328  0.0327  0.0328  0.0327  0.0327  0.0327  0.0327
  0.0330  0.0329  0.0328  0.0330  0.0329  0.0329  0.0330  0.0332  0.0329  0.0329  0.0327  0.0328
  0.0335  0.0332  0.0329  0.0333  0.0331  0.0331  0.0334  0.0339  0.0332  0.0334  0.0329  0.0329
niter,ni,del,rscale     3    3    5.0000    0.6000
parameters
   -4.2633  -13.0339   24.3365  -13.0512  -26.0386   -2.0319
    9.2159   -7.1819   -6.3794   20.0411    7.2159  -26.4804
eta,q 0.96736  8.61197
  0.0333  0.0331  0.0329  0.0331  0.0330  0.0330  0.0332  0.0336  0.0330  0.0333  0.0328  0.0328
  0.0329  0.0328  0.0327  0.0328  0.0328  0.0328  0.0329  0.0331  0.0328  0.0329  0.0327  0.0327
  0.0327  0.0327  0.0327  0.0327  0.0327  0.0326  0.0327  0.0327  0.0327  0.0327  0.0327  0.0326
  0.0326  0.0326  0.0326  0.0326  0.0326  0.0326  0.0326  0.0326  0.0326  0.0326  0.0326  0.0326
  0.0327  0.0327  0.0327  0.0327  0.0327  0.0327  0.0327  0.0327  0.0327  0.0327  0.0326  0.0327
  0.0329  0.0328  0.0327  0.0329  0.0328  0.0328  0.0329  0.0331  0.0328  0.0329  0.0327  0.0327
  0.0333  0.0330  0.0329  0.0331  0.0330  0.0330  0.0332  0.0336  0.0330  0.0332  0.0328  0.0328
niter,ni,del,rscale     2    3    5.0000    0.5000
parameters
   -4.2614  -13.0337   24.3171  -13.0842  -25.9625   -2.1500
    9.2558   -7.1762   -6.4218   20.0887    7.3531  -26.6318
eta,q 0.96737  8.61335
  0.0331  0.0329  0.0328  0.0329  0.0329  0.0329  0.0330  0.0333  0.0329  0.0331  0.0328  0.0328
  0.0328  0.0328  0.0327  0.0328  0.0328  0.0327  0.0328  0.0329  0.0327  0.0328  0.0327  0.0327
  0.0327  0.0327  0.0326  0.0327  0.0327  0.0326  0.0327  0.0327  0.0327  0.0327  0.0326  0.0326
  0.0326  0.0326  0.0326  0.0326  0.0326  0.0326  0.0326  0.0326  0.0326  0.0326  0.0326  0.0326
  0.0327  0.0327  0.0327  0.0327  0.0327  0.0327  0.0327  0.0327  0.0327  0.0327  0.0326  0.0327
  0.0328  0.0328  0.0327  0.0328  0.0327  0.0328  0.0328  0.0329  0.0327  0.0328  0.0327  0.0327
  0.0331  0.0329  0.0328  0.0330  0.0329  0.0329  0.0330  0.0333  0.0329  0.0330  0.0327  0.0328
niter,ni,del,rscale     1    3    5.0000    0.4000
parameters
   -4.2607  -13.0385   24.3014  -13.1028  -25.8984   -2.3025
    9.2642   -7.1728   -6.4668   20.1162    7.4400  -26.7484
eta,q 0.96738  8.61267
  0.0329  0.0328  0.0327  0.0328  0.0328  0.0328  0.0329  0.0331  0.0328  0.0329  0.0327  0.0327
  0.0328  0.0327  0.0327  0.0327  0.0327  0.0327  0.0327  0.0328  0.0327  0.0328  0.0327  0.0327
  0.0327  0.0326  0.0326  0.0326  0.0326  0.0326  0.0327  0.0327  0.0326  0.0327  0.0326  0.0326
  0.0326  0.0326  0.0326  0.0326  0.0326  0.0326  0.0326  0.0326  0.0326  0.0326  0.0326  0.0326
  0.0327  0.0326  0.0326  0.0327  0.0326  0.0327  0.0326  0.0327  0.0326  0.0326  0.0326  0.0326
  0.0328  0.0327  0.0327  0.0327  0.0327  0.0327  0.0327  0.0328  0.0327  0.0327  0.0327  0.0327
  0.0329  0.0328  0.0327  0.0328  0.0328  0.0328  0.0329  0.0330  0.0328  0.0329  0.0327  0.0327
registration optimization eta report
parameter search radius
    0.8000    0.8000    0.8000    2.4000    2.4000    2.4000
    2.4000    2.4000    2.4000    2.4000    2.4000    2.4000
100000*second partial in parameter space
       47.       29.       18.        4.        3.        3.
        4.        7.        3.        5.        2.        2.
  0.0329  0.0328  0.0327  0.0328  0.0328  0.0328  0.0329  0.0331  0.0328  0.0329  0.0327  0.0327
  0.0328  0.0327  0.0327  0.0327  0.0327  0.0327  0.0327  0.0328  0.0327  0.0328  0.0327  0.0327
  0.0327  0.0326  0.0326  0.0326  0.0326  0.0326  0.0327  0.0327  0.0326  0.0327  0.0326  0.0326
  0.0326  0.0326  0.0326  0.0326  0.0326  0.0326  0.0326  0.0326  0.0326  0.0326  0.0326  0.0326
  0.0327  0.0326  0.0326  0.0327  0.0326  0.0327  0.0326  0.0327  0.0326  0.0326  0.0326  0.0326
  0.0328  0.0327  0.0327  0.0327  0.0327  0.0327  0.0327  0.0328  0.0327  0.0327  0.0327  0.0327
  0.0329  0.0328  0.0327  0.0328  0.0328  0.0328  0.0329  0.0330  0.0328  0.0329  0.0327  0.0327
   -4.2607  -13.0385   24.3014  -13.1028  -25.8984   -2.3025
    9.2642   -7.1728   -6.4668   20.1162    7.4400  -26.7484
eta,q 0.96738  8.61267

---------------------------------------------------------------------
imgreg_4dfp /opt/freesurfer/average/711-2C_as_mni_average_305 /opt/freesurfer/average/711-2B_as_mni_average_305_mask talsrcimg_g11 none talsrcimg_to_711-2C_as_mni_average_305_t4 2311
---------------------------------------------------------------------

freesurfer imgreg_4dfp.c
/opt/freesurfer/average/711-2C_as_mni_average_305.4dfp.img
       256       256       256         1
  1.000000  1.000000  1.000000
orientation T byte_order littleendian
Reading image: /opt/freesurfer/average/711-2C_as_mni_average_305.4dfp.img
dimensions:      256       256       256
mmppix:       1.0000   -1.0000   -1.0000
center:     128.0000 -129.0000 -129.0000
/opt/freesurfer/average/711-2B_as_mni_average_305_mask.4dfp.img
       256       256       256         1
  1.000000  1.000000  1.000000
orientation T byte_order littleendian
Reading mask: /opt/freesurfer/average/711-2B_as_mni_average_305_mask.4dfp.img (2306576 pixels)
talsrcimg_g11.4dfp.img
       256       256       256         1
  1.000000  1.000000  1.000000
orientation T byte_order littleendian
Reading image: talsrcimg_g11.4dfp.img
dimensions:      256       256       256
mmppix:       1.0000   -1.0000   -1.0000
center:     128.0000 -129.0000 -129.0000
fimgreg.f
image alignment mode   2311 decimal      907 hex
parameters
   -4.2607  -13.0385   24.3014  -13.1028  -25.8984   -2.3025
    9.2642   -7.1728   -6.4668   20.1162    7.4400  -26.7484
eta,q 0.96738  8.61267
niter,ni,del,rscale     5    3    5.0000    0.8000
parameters
   -4.2548  -13.0027   24.2499  -13.0074  -26.0267   -2.1015
    9.3264   -7.1800   -6.4153   20.0940    7.0583  -26.2854
eta,q 0.96737  8.61065
  0.0338  0.0334  0.0330  0.0334  0.0332  0.0334  0.0336  0.0343  0.0333  0.0337  0.0329  0.0330
  0.0332  0.0330  0.0328  0.0330  0.0329  0.0330  0.0331  0.0334  0.0329  0.0331  0.0328  0.0328
  0.0328  0.0327  0.0327  0.0327  0.0327  0.0327  0.0327  0.0328  0.0327  0.0328  0.0327  0.0327
  0.0326  0.0326  0.0326  0.0326  0.0326  0.0326  0.0326  0.0326  0.0326  0.0326  0.0326  0.0326
  0.0328  0.0327  0.0327  0.0327  0.0327  0.0327  0.0327  0.0328  0.0327  0.0327  0.0327  0.0327
  0.0332  0.0330  0.0328  0.0330  0.0329  0.0329  0.0330  0.0334  0.0329  0.0331  0.0328  0.0328
  0.0338  0.0333  0.0331  0.0333  0.0333  0.0332  0.0336  0.0343  0.0333  0.0338  0.0330  0.0329
niter,ni,del,rscale     4    3    5.0000    0.7000
parameters
   -4.2744  -13.0032   24.2718  -13.0013  -26.0648   -2.0153
    9.2795   -7.1735   -6.3398   20.0546    7.1004  -26.3346
eta,q 0.96737  8.61132
  0.0335  0.0332  0.0330  0.0332  0.0331  0.0332  0.0334  0.0339  0.0332  0.0335  0.0329  0.0329
  0.0330  0.0329  0.0328  0.0329  0.0328  0.0329  0.0330  0.0332  0.0329  0.0330  0.0328  0.0327
  0.0327  0.0327  0.0327  0.0327  0.0327  0.0327  0.0327  0.0328  0.0327  0.0327  0.0327  0.0327
  0.0326  0.0326  0.0326  0.0326  0.0326  0.0326  0.0326  0.0326  0.0326  0.0326  0.0326  0.0326
  0.0327  0.0327  0.0327  0.0327  0.0327  0.0327  0.0327  0.0328  0.0327  0.0327  0.0327  0.0327
  0.0331  0.0329  0.0328  0.0329  0.0329  0.0329  0.0330  0.0332  0.0328  0.0330  0.0327  0.0328
  0.0336  0.0332  0.0329  0.0332  0.0331  0.0331  0.0334  0.0339  0.0331  0.0335  0.0329  0.0329
niter,ni,del,rscale     3    3    5.0000    0.6000
parameters
   -4.2684  -13.0133   24.3129  -13.0486  -26.0386   -2.0582
    9.2404   -7.1821   -6.3714   20.0717    7.1992  -26.5038
eta,q 0.96737  8.61166
  0.0333  0.0331  0.0329  0.0331  0.0330  0.0330  0.0332  0.0336  0.0330  0.0333  0.0328  0.0328
  0.0329  0.0328  0.0328  0.0328  0.0328  0.0328  0.0329  0.0331  0.0328  0.0329  0.0327  0.0327
  0.0327  0.0327  0.0327  0.0327  0.0327  0.0327  0.0327  0.0327  0.0327  0.0327  0.0327  0.0326
  0.0326  0.0326  0.0326  0.0326  0.0326  0.0326  0.0326  0.0326  0.0326  0.0326  0.0326  0.0326
  0.0327  0.0327  0.0327  0.0327  0.0327  0.0327  0.0327  0.0327  0.0327  0.0327  0.0326  0.0327
  0.0329  0.0328  0.0327  0.0329  0.0328  0.0328  0.0329  0.0331  0.0328  0.0329  0.0327  0.0327
  0.0333  0.0331  0.0329  0.0331  0.0330  0.0330  0.0332  0.0336  0.0330  0.0333  0.0328  0.0328
niter,ni,del,rscale     2    3    5.0000    0.5000
parameters
   -4.2633  -13.0216   24.3123  -13.0752  -25.9758   -2.1576
    9.2609   -7.1724   -6.4264   20.1075    7.3153  -26.6370
eta,q 0.96738  8.61299
  0.0331  0.0329  0.0328  0.0330  0.0329  0.0329  0.0330  0.0333  0.0329  0.0331  0.0328  0.0328
  0.0328  0.0328  0.0327  0.0328  0.0328  0.0327  0.0328  0.0329  0.0327  0.0328  0.0327  0.0327
  0.0327  0.0327  0.0326  0.0327  0.0327  0.0326  0.0327  0.0327  0.0326  0.0327  0.0326  0.0326
  0.0326  0.0326  0.0326  0.0326  0.0326  0.0326  0.0326  0.0326  0.0326  0.0326  0.0326  0.0326
  0.0327  0.0327  0.0326  0.0327  0.0327  0.0327  0.0327  0.0327  0.0327  0.0327  0.0326  0.0327
  0.0328  0.0328  0.0327  0.0328  0.0327  0.0328  0.0328  0.0329  0.0327  0.0328  0.0327  0.0327
  0.0331  0.0329  0.0328  0.0330  0.0329  0.0329  0.0330  0.0333  0.0329  0.0331  0.0327  0.0328
niter,ni,del,rscale     1    3    5.0000    0.4000
parameters
   -4.2640  -13.0333   24.3019  -13.1095  -25.9298   -2.2954
    9.2760   -7.1699   -6.4817   20.1250    7.4204  -26.7319
eta,q 0.96738  8.61117
  0.0329  0.0328  0.0327  0.0328  0.0328  0.0328  0.0329  0.0330  0.0328  0.0329  0.0327  0.0327
  0.0328  0.0327  0.0327  0.0327  0.0327  0.0327  0.0327  0.0328  0.0327  0.0327  0.0327  0.0327
  0.0327  0.0326  0.0326  0.0326  0.0326  0.0326  0.0327  0.0327  0.0326  0.0327  0.0326  0.0326
  0.0326  0.0326  0.0326  0.0326  0.0326  0.0326  0.0326  0.0326  0.0326  0.0326  0.0326  0.0326
  0.0327  0.0326  0.0326  0.0326  0.0326  0.0327  0.0327  0.0327  0.0327  0.0326  0.0326  0.0326
  0.0328  0.0327  0.0327  0.0327  0.0327  0.0327  0.0327  0.0328  0.0327  0.0327  0.0327  0.0327
  0.0329  0.0328  0.0327  0.0328  0.0328  0.0328  0.0329  0.0330  0.0328  0.0329  0.0327  0.0327
registration optimization eta report
parameter search radius
    0.8000    0.8000    0.8000    2.4000    2.4000    2.4000
    2.4000    2.4000    2.4000    2.4000    2.4000    2.4000
100000*second partial in parameter space
       47.       29.       17.        4.        3.        3.
        4.        7.        3.        5.        1.        2.
  0.0329  0.0328  0.0327  0.0328  0.0328  0.0328  0.0329  0.0330  0.0328  0.0329  0.0327  0.0327
  0.0328  0.0327  0.0327  0.0327  0.0327  0.0327  0.0327  0.0328  0.0327  0.0327  0.0327  0.0327
  0.0327  0.0326  0.0326  0.0326  0.0326  0.0326  0.0327  0.0327  0.0326  0.0327  0.0326  0.0326
  0.0326  0.0326  0.0326  0.0326  0.0326  0.0326  0.0326  0.0326  0.0326  0.0326  0.0326  0.0326
  0.0327  0.0326  0.0326  0.0326  0.0326  0.0327  0.0327  0.0327  0.0327  0.0326  0.0326  0.0326
  0.0328  0.0327  0.0327  0.0327  0.0327  0.0327  0.0327  0.0328  0.0327  0.0327  0.0327  0.0327
  0.0329  0.0328  0.0327  0.0328  0.0328  0.0328  0.0329  0.0330  0.0328  0.0329  0.0327  0.0327
   -4.2640  -13.0333   24.3019  -13.1095  -25.9298   -2.2954
    9.2760   -7.1699   -6.4817   20.1250    7.4204  -26.7319
eta,q 0.96738  8.61117

---------------------------------------------------------------------
compute_vox2vox talsrcimg talsrcimg_to_711-2C_as_mni_average_305_t4 /opt/freesurfer/average/711-2C_as_mni_average_305
---------------------------------------------------------------------

freesurfer compute_vox2vox.c
Reading: talsrcimg.4dfp.ifh
Reading: talsrcimg_to_711-2C_as_mni_average_305_t4
Reading: /opt/freesurfer/average/711-2C_as_mni_average_305.4dfp.ifh
Writing: talsrcimg_to_711-2C_as_mni_average_305_t4_vox2vox.txt

start time Thu Mar 12 06:06:53 CET 2026
end		time Thu Mar 12 06:08:22 CET 2026

mpr2mni305 success

avi2talxfm orig_nu.mgz /opt/freesurfer/average/mni305.cor.mgz talsrcimg_to_711-2C_as_mni_average_305_t4_vox2vox.txt transforms/talairach.auto.xfm
avi2talxfm done
mv -f /out/sourcedata/freesurfer/sub-v1s10x0051074_ses-1/mri/talsrcimg_to_711-2C_as_mni_average_305_t4_vox2vox.txt /out/sourcedata/freesurfer/sub-v1s10x0051074_ses-1/mri/transforms/talsrcimg_to_711-2C_as_mni_average_305_t4_vox2vox.txt
lta_convert --src orig_nu.mgz --trg /opt/freesurfer/average/mni305.cor.mgz --inxfm transforms/talairach.auto.xfm --outlta transforms/talairach.auto.xfm.lta --subject fsaverage
7.3.2

--src: orig_nu.mgz src image (geometry).
--trg: /opt/freesurfer/average/mni305.cor.mgz trg image (geometry).
--inmni: transforms/talairach.auto.xfm input MNI/XFM transform.
--outlta: transforms/talairach.auto.xfm.lta output LTA.
--s: fsaverage subject name
 LTA read, type : 1
 1.13416   0.10470  -0.10425  -4.63314;
-0.05490   0.94761   0.34887  -10.41795;
 0.11416  -0.24830   1.24616   28.15878;
 0.00000   0.00000   0.00000   1.00000;
setting subject to fsaverage
Writing  LTA to file transforms/talairach.auto.xfm.lta...
lta_convert successful.
 
 
Started at Thu Mar 12 06:06:52 CET 2026
Ended   at Thu Mar 12 06:08:23 CET 2026
talairach_avi done
