status file for recon-all
Thu Mar 12 09:46:30 CET 2026
#@# Tessellate lh Thu Mar 12 09:46:30 CET 2026
#@# Smooth1 lh Thu Mar 12 09:46:33 CET 2026
#@# Inflation1 lh Thu Mar 12 09:46:34 CET 2026
#@# QSphere lh Thu Mar 12 09:46:45 CET 2026
#@# Fix Topology lh Thu Mar 12 09:47:26 CET 2026
#@# Smooth2 lh Thu Mar 12 09:55:31 CET 2026
#@# Inflation2 lh Thu Mar 12 09:55:32 CET 2026
#@# Curv .H and .K lh Thu Mar 12 09:55:45 CET 2026
#@# Sphere lh Thu Mar 12 09:56:17 CET 2026
#@# Surf Reg lh Thu Mar 12 09:57:43 CET 2026
#@# Jacobian white lh Thu Mar 12 10:00:25 CET 2026
#@# AvgCurv lh Thu Mar 12 10:00:26 CET 2026
#@# Cortical Parc lh Thu Mar 12 10:00:26 CET 2026
#@# white curv lh Thu Mar 12 10:05:03 CET 2026
#@# white area lh Thu Mar 12 10:05:05 CET 2026
#@# pial curv lh Thu Mar 12 10:05:05 CET 2026
#@# pial area lh Thu Mar 12 10:05:07 CET 2026
#@# thickness lh Thu Mar 12 10:05:07 CET 2026
#@# area and vertex vol lh Thu Mar 12 10:05:25 CET 2026
#@# Curvature Stats lh Thu Mar 12 10:05:26 CET 2026
#@# Cortical Parc 2 lh Thu Mar 12 10:05:28 CET 2026
#@# Cortical Parc 3 lh Thu Mar 12 10:05:37 CET 2026
#@# WM/GM Contrast lh Thu Mar 12 10:05:44 CET 2026
recon-all -s sub-v1s10x0051121_ses-1 finished without error at Thu Mar 12 10:05:46 CET 2026



#New# invocation of recon-all 



status file for recon-all
Thu Mar 12 10:23:32 CET 2026
#@# white curv lh Thu Mar 12 10:23:32 CET 2026
#@# white area lh Thu Mar 12 10:23:32 CET 2026
#@# pial curv lh Thu Mar 12 10:23:32 CET 2026
#@# pial area lh Thu Mar 12 10:23:32 CET 2026
#@# thickness lh Thu Mar 12 10:23:32 CET 2026
#@# area and vertex vol lh Thu Mar 12 10:23:32 CET 2026
#@# Parcellation Stats lh Thu Mar 12 10:23:32 CET 2026
#@# Parcellation Stats 2 lh Thu Mar 12 10:23:43 CET 2026
#@# Parcellation Stats 3 lh Thu Mar 12 10:23:49 CET 2026
#@# BA_exvivo Labels lh Thu Mar 12 10:23:55 CET 2026
recon-all -s sub-v1s10x0051121_ses-1 finished without error at Thu Mar 12 10:25:39 CET 2026
