status file for recon-all
Thu Mar 12 06:29:17 CET 2026
#@# MotionCor Thu Mar 12 06:29:19 CET 2026
#@# Talairach Thu Mar 12 06:29:28 CET 2026
#@# Talairach Failure Detection Thu Mar 12 06:33:52 CET 2026
#@# Nu Intensity Correction Thu Mar 12 06:33:52 CET 2026
#@# Intensity Normalization Thu Mar 12 06:37:07 CET 2026
recon-all -s sub-v1s10x0051085_ses-1 finished without error at Thu Mar 12 06:38:39 CET 2026



#New# invocation of recon-all 



status file for recon-all
Thu Mar 12 06:46:02 CET 2026
#@# EM Registration Thu Mar 12 06:46:02 CET 2026
recon-all -s sub-v1s10x0051085_ses-1 finished without error at Thu Mar 12 06:48:15 CET 2026



#New# invocation of recon-all 



status file for recon-all
Thu Mar 12 06:48:18 CET 2026
#@# CA Normalize Thu Mar 12 06:48:18 CET 2026
#@# CA Reg Thu Mar 12 06:49:38 CET 2026
#@# SubCort Seg Thu Mar 12 07:43:54 CET 2026
#@# CC Seg Thu Mar 12 08:10:49 CET 2026
#@# Merge ASeg Thu Mar 12 08:11:23 CET 2026
#@# Intensity Normalization2 Thu Mar 12 08:11:23 CET 2026
#@# Mask BFS Thu Mar 12 08:13:40 CET 2026
#@# WM Segmentation Thu Mar 12 08:13:41 CET 2026
#@# Fill Thu Mar 12 08:15:32 CET 2026
recon-all -s sub-v1s10x0051085_ses-1 finished without error at Thu Mar 12 08:16:32 CET 2026



#New# invocation of recon-all 



status file for recon-all
Thu Mar 12 09:05:20 CET 2026
#@# white curv lh Thu Mar 12 09:05:20 CET 2026
#@# white area lh Thu Mar 12 09:05:20 CET 2026
#@# pial curv lh Thu Mar 12 09:05:20 CET 2026
#@# pial area lh Thu Mar 12 09:05:20 CET 2026
#@# thickness lh Thu Mar 12 09:05:20 CET 2026
#@# area and vertex vol lh Thu Mar 12 09:05:20 CET 2026
#@# white curv rh Thu Mar 12 09:05:20 CET 2026
#@# white area rh Thu Mar 12 09:05:20 CET 2026
#@# pial curv rh Thu Mar 12 09:05:20 CET 2026
#@# pial area rh Thu Mar 12 09:05:20 CET 2026
#@# thickness rh Thu Mar 12 09:05:20 CET 2026
#@# area and vertex vol rh Thu Mar 12 09:05:20 CET 2026
#@# Cortical ribbon mask Thu Mar 12 09:05:20 CET 2026
recon-all -s sub-v1s10x0051085_ses-1 finished without error at Thu Mar 12 09:10:13 CET 2026



#New# invocation of recon-all 



status file for recon-all
Thu Mar 12 09:17:08 CET 2026
#@# white curv lh Thu Mar 12 09:17:09 CET 2026
#@# white area lh Thu Mar 12 09:17:09 CET 2026
#@# pial curv lh Thu Mar 12 09:17:09 CET 2026
#@# pial area lh Thu Mar 12 09:17:09 CET 2026
#@# thickness lh Thu Mar 12 09:17:09 CET 2026
#@# area and vertex vol lh Thu Mar 12 09:17:09 CET 2026
#@# white curv rh Thu Mar 12 09:17:09 CET 2026
#@# white area rh Thu Mar 12 09:17:09 CET 2026
#@# pial curv rh Thu Mar 12 09:17:09 CET 2026
#@# pial area rh Thu Mar 12 09:17:09 CET 2026
#@# thickness rh Thu Mar 12 09:17:09 CET 2026
#@# area and vertex vol rh Thu Mar 12 09:17:09 CET 2026
#@# Curvature Stats lh Thu Mar 12 09:17:09 CET 2026
#@# Curvature Stats rh Thu Mar 12 09:17:11 CET 2026
#@# Relabel Hypointensities Thu Mar 12 09:17:14 CET 2026
#@# APas-to-ASeg Thu Mar 12 09:17:30 CET 2026
#@# AParc-to-ASeg aparc Thu Mar 12 09:17:39 CET 2026
#@# AParc-to-ASeg aparc.a2009s Thu Mar 12 09:18:24 CET 2026
#@# AParc-to-ASeg aparc.DKTatlas Thu Mar 12 09:19:08 CET 2026
#@# WMParc Thu Mar 12 09:19:50 CET 2026
#@# ASeg Stats Thu Mar 12 09:24:20 CET 2026
recon-all -s sub-v1s10x0051085_ses-1 finished without error at Thu Mar 12 09:25:02 CET 2026
