/out/sourcedata/freesurfer/sub-v1s10x0050962_ses-1/mri
/opt/freesurfer/bin/talairach_avi
--i orig_nu.mgz --xfm transforms/talairach.auto.xfm
talairach_avi 7.3.2
Linux dna059 5.14.0-427.37.1.el9_4.x86_64 #1 SMP PREEMPT_DYNAMIC Fri Sep 13 12:41:50 EDT 2024 x86_64 x86_64 x86_64 GNU/Linux
Wed Mar 11 23:00:20 CET 2026
mri_convert orig_nu.mgz talsrcimg.img 
reading from orig_nu.mgz...
TR=0.00, TE=0.00, TI=0.00, flip angle=0.00
i_ras = (-1, 0, 0)
j_ras = (0, 0, -1)
k_ras = (0, 1, 0)
writing to talsrcimg.img...
Analyze Output Matrix
-1.00000   0.00000   0.00000   129.66513;
 0.00000   0.00000   1.00000  -128.00000;
 0.00000  -1.00000   0.00000   130.00000;
 0.00000   0.00000   0.00000   1.00000;
--------------------
INFO: set hdr.hist.orient to -1
mpr2mni305 talsrcimg
Wed Mar 11 23:00:21 CET 2026
/opt/freesurfer/bin/mpr2mni305 talsrcimg
mpr2mni305 7.3.2
target=711-2C_as_mni_average_305

---------------------------------------------------------------------
analyzeto4dfp talsrcimg -O0 -y
---------------------------------------------------------------------

freesurfer ifh2hdr.c
Wed Mar 11 23:00:21 2026
Writing: talsrcimg.4dfp.hdr
freesurfer analyzeto4dfp.c
Reading: talsrcimg.hdr
header size 348 bytes
hdr.dime.datatype	offset=70	value=2
hdr.dime.bitpix		offset=72	value=8
hdr.hist.orient		offset=252	value=-1
dimensionality     4
dimensions       256       256       256         1
Reading: talsrcimg.img
Writing: talsrcimg.4dfp.img
Writing: talsrcimg.4dfp.ifh
ifh2hdr talsrcimg -r0to209
ori=2

---------------------------------------------------------------------
gauss_4dfp talsrcimg 1.1
---------------------------------------------------------------------

freesurfer gauss_4dfp.c
Reading: talsrcimg.4dfp.img
Writing: talsrcimg_g11.4dfp.img
image dimensions 256 256 256 padded to 288 288 288
processing volume 1freesurfer ifh2hdr.c
Wed Mar 11 23:00:23 2026
Writing: talsrcimg_g11.4dfp.hdr

Writing: talsrcimg_g11.4dfp.ifh
including: talsrcimg.4dfp.img.rec in talsrcimg_g11.4dfp.img.rec

---------------------------------------------------------------------
imgreg_4dfp /opt/freesurfer/average/711-2C_as_mni_average_305 none talsrcimg_g11 none talsrcimg_to_711-2C_as_mni_average_305_t4 4355
---------------------------------------------------------------------

freesurfer imgreg_4dfp.c
/opt/freesurfer/average/711-2C_as_mni_average_305.4dfp.img
       256       256       256         1
  1.000000  1.000000  1.000000
orientation T byte_order littleendian
Reading image: /opt/freesurfer/average/711-2C_as_mni_average_305.4dfp.img
dimensions:      256       256       256
mmppix:       1.0000   -1.0000   -1.0000
center:     128.0000 -129.0000 -129.0000
talsrcimg_g11.4dfp.img
       256       256       256         1
  1.000000  1.000000  1.000000
orientation T byte_order littleendian
Reading image: talsrcimg_g11.4dfp.img
dimensions:      256       256       256
mmppix:       1.0000   -1.0000   -1.0000
center:     128.0000 -129.0000 -129.0000
t4_read: open error in t4_sub.f l:  41 t4_file(1:l)talsrcimg_to_711-2C_as_mni_average_305_t4 
t4_read: transform initialized to I4
rotation matrix determinant  1.000000
image alignment mode   4355 decimal     1103 hex
   -7.5000  -45.0000  -45.0000 8102.0483   20.5547
    0.0000  -45.0000  -45.0000 8305.3174   20.6342
    7.5000  -45.0000  -45.0000 7830.7568   20.6695
   -7.5000  -37.5000  -45.0000 8594.2588   20.5024
    0.0000  -37.5000  -45.0000 8813.0859   20.5807
    7.5000  -37.5000  -45.0000 8297.6787   20.6241
   -7.5000  -30.0000  -45.0000 9371.3926   20.4742
    0.0000  -30.0000  -45.0000 9623.3945   20.5538
    7.5000  -30.0000  -45.0000 9042.9033   20.6122
   -7.5000  -22.5000  -45.000010036.4268   20.4699
    0.0000  -22.5000  -45.000010317.4736   20.5542
    7.5000  -22.5000  -45.0000 9704.7188   20.6211
   -7.5000  -15.0000  -45.000010636.7109   20.4901
    0.0000  -15.0000  -45.000010932.3896   20.5782
    7.5000  -15.0000  -45.000010293.5693   20.6390
   -7.5000   -7.5000  -45.000011128.6611   20.5146
    0.0000   -7.5000  -45.000011468.4678   20.5988
    7.5000   -7.5000  -45.000010800.7393   20.6430
   -7.5000    0.0000  -45.000011556.3281   20.5201
    0.0000    0.0000  -45.000011887.4893   20.5993
    7.5000    0.0000  -45.000011228.8232   20.6343
   -7.5000    7.5000  -45.000011053.0889   20.4998
    0.0000    7.5000  -45.000011372.5967   20.5781
    7.5000    7.5000  -45.000010755.4434   20.6214
   -7.5000   15.0000  -45.000010547.5674   20.4742
    0.0000   15.0000  -45.000010820.5449   20.5538
    7.5000   15.0000  -45.000010232.6963   20.6122
   -7.5000   22.5000  -45.0000 9994.6602   20.4671
    0.0000   22.5000  -45.000010247.4150   20.5514
    7.5000   22.5000  -45.0000 9676.0693   20.6183
   -7.5000   30.0000  -45.0000 9258.9268   20.2171
    0.0000   30.0000  -45.0000 9492.3311   20.3040
    7.5000   30.0000  -45.0000 8977.6426   20.3640
   -7.5000   37.5000  -45.0000 8806.5732   20.2413
    0.0000   37.5000  -45.0000 8992.5127   20.3243
    7.5000   37.5000  -45.0000 8478.1377   20.3679
   -7.5000   45.0000  -45.0000 7987.0439   19.7336
    0.0000   45.0000  -45.0000 8134.2651   19.8097
    7.5000   45.0000  -45.0000 7712.7783   19.8434
   -7.5000  -45.0000  -37.5000 8588.7871   20.5369
    0.0000  -45.0000  -37.5000 8805.0518   20.6149
    7.5000  -45.0000  -37.5000 8296.4795   20.6515
   -7.5000  -37.5000  -37.5000 9089.3740   20.4850
    0.0000  -37.5000  -37.5000 9315.8301   20.5602
    7.5000  -37.5000  -37.5000 8766.5273   20.6000
   -7.5000  -30.0000  -37.5000 9897.6855   20.4613
    0.0000  -30.0000  -37.500010160.3398   20.5375
    7.5000  -30.0000  -37.5000 9545.0850   20.5934
   -7.5000  -22.5000  -37.500010587.5029   20.4624
    0.0000  -22.5000  -37.500010872.2764   20.5449
    7.5000  -22.5000  -37.500010221.8525   20.6153
   -7.5000  -15.0000  -37.500011189.6211   20.4830
    0.0000  -15.0000  -37.500011507.1465   20.5701
    7.5000  -15.0000  -37.500010816.3750   20.6395
   -7.5000   -7.5000  -37.500011713.5430   20.5019
    0.0000   -7.5000  -37.500012067.4766   20.5853
    7.5000   -7.5000  -37.500011338.8770   20.6366
   -7.5000    0.0000  -37.500012153.9541   20.5023
    0.0000    0.0000  -37.500012499.4561   20.5800
    7.5000    0.0000  -37.500011804.6699   20.6163
   -7.5000    7.5000  -37.500011620.7158   20.4824
    0.0000    7.5000  -37.500011972.2822   20.5575
    7.5000    7.5000  -37.500011301.4062   20.5973
   -7.5000   15.0000  -37.500011029.3516   20.4613
    0.0000   15.0000  -37.500011356.6973   20.5375
    7.5000   15.0000  -37.500010708.6064   20.5934
   -7.5000   22.5000  -37.500010414.5459   20.4595
    0.0000   22.5000  -37.500010707.2529   20.5421
    7.5000   22.5000  -37.500010098.2012   20.6125
   -7.5000   30.0000  -37.5000 9641.2373   20.2101
    0.0000   30.0000  -37.5000 9897.1621   20.2960
    7.5000   30.0000  -37.5000 9343.7256   20.3644
   -7.5000   37.5000  -37.5000 9138.6777   20.2287
    0.0000   37.5000  -37.5000 9362.8730   20.3110
    7.5000   37.5000  -37.5000 8840.1465   20.3616
   -7.5000   45.0000  -37.5000 8288.2090   19.7164
    0.0000   45.0000  -37.5000 8477.5186   19.7911
    7.5000   45.0000  -37.5000 8029.0112   19.8260
   -7.5000  -45.0000  -30.0000 9216.2168   21.3871
    0.0000  -45.0000  -30.0000 9478.5664   21.4685
    7.5000  -45.0000  -30.0000 8889.6465   21.5110
   -7.5000  -37.5000  -30.0000 9737.3701   21.3322
    0.0000  -37.5000  -30.0000 9979.8252   21.4101
    7.5000  -37.5000  -30.0000 9360.7051   21.4526
   -7.5000  -30.0000  -30.000010537.7109   21.3094
    0.0000  -30.0000  -30.000010826.1494   21.3886
    7.5000  -30.0000  -30.000010148.1543   21.4451
   -7.5000  -22.5000  -30.000011280.9717   21.3147
    0.0000  -22.5000  -30.000011590.4062   21.4004
    7.5000  -22.5000  -30.000010882.7764   21.4722
   -7.5000  -15.0000  -30.000011884.3936   21.3382
    0.0000  -15.0000  -30.000012222.5000   21.4276
    7.5000  -15.0000  -30.000011480.5596   21.5009
   -7.5000   -7.5000  -30.000012440.3154   21.3547
    0.0000   -7.5000  -30.000012809.4609   21.4409
    7.5000   -7.5000  -30.000012033.5928   21.4985
   -7.5000    0.0000  -30.000012912.4961   21.3511
    0.0000    0.0000  -30.000013278.9961   21.4323
    7.5000    0.0000  -30.000012512.0303   21.4744
   -7.5000    7.5000  -30.000012349.6533   21.3294
    0.0000    7.5000  -30.000012722.0898   21.4073
    7.5000    7.5000  -30.000011980.1445   21.4497
   -7.5000   15.0000  -30.000011692.0010   21.3094
    0.0000   15.0000  -30.000012039.0117   21.3886
    7.5000   15.0000  -30.000011353.2188   21.4451
   -7.5000   22.5000  -30.000010996.7656   21.3096
    0.0000   22.5000  -30.000011325.7617   21.3953
    7.5000   22.5000  -30.000010663.6816   21.4670
   -7.5000   30.0000  -30.000010166.8066   21.0559
    0.0000   30.0000  -30.000010454.6689   21.1441
    7.5000   30.0000  -30.0000 9855.4697   21.2164
   -7.5000   37.5000  -30.0000 9617.9023   21.0721
    0.0000   37.5000  -30.0000 9905.0391   21.1572
    7.5000   37.5000  -30.0000 9337.0303   21.2141
   -7.5000   45.0000  -30.0000 8724.9883   20.5477
    0.0000   45.0000  -30.0000 8963.0977   20.6259
    7.5000   45.0000  -30.0000 8471.9678   20.6664
   -7.5000  -45.0000  -22.5000 9869.2139   22.1240
    0.0000  -45.0000  -22.500010130.1045   22.2094
    7.5000  -45.0000  -22.5000 9480.6299   22.2562
   -7.5000  -37.5000  -22.500010346.0098   22.0665
    0.0000  -37.5000  -22.500010611.7734   22.1498
    7.5000  -37.5000  -22.5000 9974.3213   22.1990
   -7.5000  -30.0000  -22.500011142.0693   22.0394
    0.0000  -30.0000  -22.500011471.4482   22.1240
    7.5000  -30.0000  -22.500010780.6572   22.1833
   -7.5000  -22.5000  -22.500011909.4756   22.0415
    0.0000  -22.5000  -22.500012276.2861   22.1306
    7.5000  -22.5000  -22.500011549.0488   22.1981
   -7.5000  -15.0000  -22.500012518.4521   22.0665
    0.0000  -15.0000  -22.500012898.1572   22.1576
    7.5000  -15.0000  -22.500012164.6143   22.2227
   -7.5000   -7.5000  -22.500013108.1611   22.0875
    0.0000   -7.5000  -22.500013479.5430   22.1760
    7.5000   -7.5000  -22.500012740.6758   22.2303
   -7.5000    0.0000  -22.500013562.4561   22.0868
    0.0000    0.0000  -22.500013959.9951   22.1720
    7.5000    0.0000  -22.500013198.2705   22.2184
   -7.5000    7.5000  -22.500012996.2949   22.0637
    0.0000    7.5000  -22.500013348.3105   22.1469
    7.5000    7.5000  -22.500012611.8730   22.1960
   -7.5000   15.0000  -22.500012295.2627   22.0394
    0.0000   15.0000  -22.500012645.5469   22.1240
    7.5000   15.0000  -22.500011943.2080   22.1833
   -7.5000   22.5000  -22.500011541.1025   22.0347
    0.0000   22.5000  -22.500011889.6816   22.1238
    7.5000   22.5000  -22.500011213.4678   22.1912
   -7.5000   30.0000  -22.500010664.0928   21.7778
    0.0000   30.0000  -22.500010960.6641   21.8678
    7.5000   30.0000  -22.500010365.7305   21.9320
   -7.5000   37.5000  -22.500010077.9365   21.7986
    0.0000   37.5000  -22.500010375.8008   21.8859
    7.5000   37.5000  -22.5000 9807.1475   21.9395
   -7.5000   45.0000  -22.5000 9133.4043   21.2719
    0.0000   45.0000  -22.5000 9378.3633   21.3539
    7.5000   45.0000  -22.5000 8894.3281   21.3986
   -7.5000  -45.0000  -15.000010436.6992   22.6666
    0.0000  -45.0000  -15.000010704.5908   22.7560
    7.5000  -45.0000  -15.000010032.6426   22.8028
   -7.5000  -37.5000  -15.000010925.6523   22.6082
    0.0000  -37.5000  -15.000011225.7461   22.6967
    7.5000  -37.5000  -15.000010559.4619   22.7510
   -7.5000  -30.0000  -15.000011731.7363   22.5758
    0.0000  -30.0000  -15.000012083.9531   22.6656
    7.5000  -30.0000  -15.000011389.9971   22.7281
   -7.5000  -22.5000  -15.000012475.2217   22.5716
    0.0000  -22.5000  -15.000012876.1025   22.6644
    7.5000  -22.5000  -15.000012185.0420   22.7275
   -7.5000  -15.0000  -15.000013081.8359   22.5959
    0.0000  -15.0000  -15.000013480.4131   22.6904
    7.5000  -15.0000  -15.000012827.8027   22.7456
   -7.5000   -7.5000  -15.000013709.0098   22.6234
    0.0000   -7.5000  -15.000014083.2656   22.7153
    7.5000   -7.5000  -15.000013402.7256   22.7623
   -7.5000    0.0000  -15.000014221.7549   22.6286
    0.0000    0.0000  -15.000014614.2314   22.7176
    7.5000    0.0000  -15.000013878.0049   22.7640
   -7.5000    7.5000  -15.000013634.2461   22.6055
    0.0000    7.5000  -15.000013970.2119   22.6939
    7.5000    7.5000  -15.000013261.6826   22.7481
   -7.5000   15.0000  -15.000012863.4443   22.5758
    0.0000   15.0000  -15.000013205.9541   22.6656
    7.5000   15.0000  -15.000012526.8154   22.7281
   -7.5000   22.5000  -15.000012022.0449   22.5636
    0.0000   22.5000  -15.000012357.1094   22.6564
    7.5000   22.5000  -15.000011728.7051   22.7194
   -7.5000   30.0000  -15.000011118.4014   22.3034
    0.0000   30.0000  -15.000011429.7549   22.3968
    7.5000   30.0000  -15.000010862.5625   22.4513
   -7.5000   37.5000  -15.000010546.3623   22.3306
    0.0000   37.5000  -15.000010816.7705   22.4214
    7.5000   37.5000  -15.000010293.7910   22.4677
   -7.5000   45.0000  -15.0000 9544.7324   21.8069
    0.0000   45.0000  -15.0000 9789.8105   21.8927
    7.5000   45.0000  -15.0000 9325.5928   21.9374
   -7.5000  -45.0000   -7.500010968.1895   22.9472
    0.0000  -45.0000   -7.500011273.9053   23.0379
    7.5000  -45.0000   -7.500010580.9492   23.0810
   -7.5000  -37.5000   -7.500011482.6191   22.8888
    0.0000  -37.5000   -7.500011821.5703   22.9791
    7.5000  -37.5000   -7.500011133.3691   23.0325
   -7.5000  -30.0000   -7.500012343.7822   22.8549
    0.0000  -30.0000   -7.500012718.3379   22.9469
    7.5000  -30.0000   -7.500012013.4346   23.0119
   -7.5000  -22.5000   -7.500013087.9365   22.8479
    0.0000  -22.5000   -7.500013503.9707   22.9434
    7.5000  -22.5000   -7.500012849.0361   23.0102
   -7.5000  -15.0000   -7.500013730.1553   22.8707
    0.0000  -15.0000   -7.500014124.6465   22.9689
    7.5000  -15.0000   -7.500013543.0469   23.0262
   -7.5000   -7.5000   -7.500014409.1885   22.9005
    0.0000   -7.5000   -7.500014783.0107   22.9952
    7.5000   -7.5000   -7.500014155.7236   23.0400
   -7.5000    0.0000   -7.500014935.1367   22.9087
    0.0000    0.0000   -7.500015314.7080   22.9990
    7.5000    0.0000   -7.500014654.5635   23.0416
   -7.5000    7.5000   -7.500014320.3359   22.8860
    0.0000    7.5000   -7.500014661.2656   22.9763
    7.5000    7.5000   -7.500014022.9111   23.0296
   -7.5000   15.0000   -7.500013465.6348   22.8549
    0.0000   15.0000   -7.500013833.4072   22.9469
    7.5000   15.0000   -7.500013212.7559   23.0119
   -7.5000   22.5000   -7.500012534.7305   22.8373
    0.0000   22.5000   -7.500012925.8916   22.9328
    7.5000   22.5000   -7.500012326.7979   22.9996
   -7.5000   30.0000   -7.500011593.2871   22.5741
    0.0000   30.0000   -7.500011989.6699   22.6711
    7.5000   30.0000   -7.500011413.0225   22.7276
   -7.5000   37.5000   -7.500010986.8730   22.6035
    0.0000   37.5000   -7.500011326.5967   22.6970
    7.5000   37.5000   -7.500010795.6768   22.7412
   -7.5000   45.0000   -7.5000 9964.2119   22.0809
    0.0000   45.0000   -7.500010253.1172   22.1679
    7.5000   45.0000   -7.5000 9748.2354   22.2091
   -7.5000  -45.0000    0.000011418.3779   22.9973
    0.0000  -45.0000    0.000011747.0137   23.0862
    7.5000  -45.0000    0.000011063.0615   23.1258
   -7.5000  -37.5000    0.000011973.1934   22.9393
    0.0000  -37.5000    0.000012307.8154   23.0271
    7.5000  -37.5000    0.000011613.3936   23.0755
   -7.5000  -30.0000    0.000012898.3389   22.9080
    0.0000  -30.0000    0.000013293.3271   22.9971
    7.5000  -30.0000    0.000012537.4258   23.0625
   -7.5000  -22.5000    0.000013627.0234   22.9028
    0.0000  -22.5000    0.000014077.1719   22.9973
    7.5000  -22.5000    0.000013428.5254   23.0721
   -7.5000  -15.0000    0.000014209.8135   22.9249
    0.0000  -15.0000    0.000014662.2236   23.0235
    7.5000  -15.0000    0.000014124.5049   23.0915
   -7.5000   -7.5000    0.000014882.6582   22.9521
    0.0000   -7.5000    0.000015302.3398   23.0463
    7.5000   -7.5000    0.000014733.5986   23.0957
   -7.5000    0.0000    0.000015416.2305   22.9586
    0.0000    0.0000    0.000015837.2080   23.0472
    7.5000    0.0000    0.000015272.6475   23.0863
   -7.5000    7.5000    0.000014761.3740   22.9365
    0.0000    7.5000    0.000015168.4619   23.0241
    7.5000    7.5000    0.000014604.6289   23.0726
   -7.5000   15.0000    0.000013892.5801   22.9080
    0.0000   15.0000    0.000014363.4775   22.9971
    7.5000   15.0000    0.000013743.9570   23.0625
   -7.5000   22.5000    0.000012926.7588   22.8923
    0.0000   22.5000    0.000013423.1611   22.9867
    7.5000   22.5000    0.000012771.2676   23.0615
   -7.5000   30.0000    0.000011971.2100   22.6282
    0.0000   30.0000    0.000012443.0068   22.7255
    7.5000   30.0000    0.000011795.3555   22.7927
   -7.5000   37.5000    0.000011350.3564   22.6551
    0.0000   37.5000    0.000011751.9385   22.7481
    7.5000   37.5000    0.000011199.6006   22.7968
   -7.5000   45.0000    0.000010287.3115   22.1306
    0.0000   45.0000    0.000010608.1289   22.2160
    7.5000   45.0000    0.000010130.5186   22.2538
   -7.5000  -45.0000    7.500010960.6504   22.9813
    0.0000  -45.0000    7.500011273.7148   23.0686
    7.5000  -45.0000    7.500010656.3887   23.1096
   -7.5000  -37.5000    7.500011480.5762   22.9233
    0.0000  -37.5000    7.500011776.5488   23.0074
    7.5000  -37.5000    7.500011162.1826   23.0520
   -7.5000  -30.0000    7.500012421.9268   22.8967
    0.0000  -30.0000    7.500012757.3516   22.9820
    7.5000  -30.0000    7.500012033.3623   23.0446
   -7.5000  -22.5000    7.500013193.1396   22.8979
    0.0000  -22.5000    7.500013616.3223   22.9903
    7.5000  -22.5000    7.500012910.1543   23.0691
   -7.5000  -15.0000    7.500013777.0000   22.9211
    0.0000  -15.0000    7.500014303.9619   23.0185
    7.5000  -15.0000    7.500013649.7021   23.0961
   -7.5000   -7.5000    7.500014323.2578   22.9421
    0.0000   -7.5000    7.500014888.7480   23.0355
    7.5000   -7.5000    7.500014235.0342   23.0929
   -7.5000    0.0000    7.500014813.2637   22.9426
    0.0000    0.0000    7.500015424.2158   23.0296
    7.5000    0.0000    7.500014754.6104   23.0702
   -7.5000    7.5000    7.500014206.4062   22.9204
    0.0000    7.5000    7.500014758.4365   23.0044
    7.5000    7.5000    7.500014111.4717   23.0489
   -7.5000   15.0000    7.500013423.8584   22.8967
    0.0000   15.0000    7.500013919.8447   22.9820
    7.5000   15.0000    7.500013273.5879   23.0446
   -7.5000   22.5000    7.500012474.7676   22.8874
    0.0000   22.5000    7.500012925.5723   22.9797
    7.5000   22.5000    7.500012301.5020   23.0585
   -7.5000   30.0000    7.500011486.0527   22.6244
    0.0000   30.0000    7.500011867.2461   22.7206
    7.5000   30.0000    7.500011323.2354   22.7972
   -7.5000   37.5000    7.500010874.2783   22.6452
    0.0000   37.5000    7.500011223.9316   22.7374
    7.5000   37.5000    7.500010743.4531   22.7940
   -7.5000   45.0000    7.5000 9823.1436   22.1151
    0.0000   45.0000    7.500010111.3408   22.1990
    7.5000   45.0000    7.5000 9711.1260   22.2381
   -7.5000  -45.0000   15.000010462.2588   22.9841
    0.0000  -45.0000   15.000010758.5420   23.0717
    7.5000  -45.0000   15.000010153.7188   23.1169
   -7.5000  -37.5000   15.000010901.9072   22.9258
    0.0000  -37.5000   15.000011208.9736   23.0094
    7.5000  -37.5000   15.000010623.6387   23.0545
   -7.5000  -30.0000   15.000011766.9326   22.9015
    0.0000  -30.0000   15.000012099.3203   22.9864
    7.5000  -30.0000   15.000011436.7354   23.0466
   -7.5000  -22.5000   15.000012545.7988   22.9068
    0.0000  -22.5000   15.000012923.3105   22.9987
    7.5000  -22.5000   15.000012230.2812   23.0754
   -7.5000  -15.0000   15.000013287.4717   22.9315
    0.0000  -15.0000   15.000013722.3389   23.0274
    7.5000  -15.0000   15.000012940.6914   23.1060
   -7.5000   -7.5000   15.000013938.7646   22.9490
    0.0000   -7.5000   15.000014427.8672   23.0416
    7.5000   -7.5000   15.000013566.5361   23.1034
   -7.5000    0.0000   15.000014405.8594   22.9454
    0.0000    0.0000   15.000014913.0352   23.0326
    7.5000    0.0000   15.000014069.1172   23.0776
   -7.5000    7.5000   15.000013715.7900   22.9228
    0.0000    7.5000   15.000014191.9121   23.0063
    7.5000    7.5000   15.000013437.2842   23.0514
   -7.5000   15.0000   15.000012901.8408   22.9015
    0.0000   15.0000   15.000013323.5098   22.9864
    7.5000   15.0000   15.000012648.2217   23.0466
   -7.5000   22.5000   15.000011938.2422   22.8962
    0.0000   22.5000   15.000012341.8721   22.9881
    7.5000   22.5000   15.000011733.0801   23.0647
   -7.5000   30.0000   15.000010947.6553   22.6347
    0.0000   30.0000   15.000011294.0342   22.7294
    7.5000   30.0000   15.000010787.7363   22.8069
   -7.5000   37.5000   15.000010339.9717   22.6520
    0.0000   37.5000   15.000010671.0498   22.7434
    7.5000   37.5000   15.000010239.7998   22.8044
   -7.5000   45.0000   15.0000 9348.6719   22.1179
    0.0000   45.0000   15.0000 9626.4170   22.2019
    7.5000   45.0000   15.0000 9242.8135   22.2453
   -7.5000  -45.0000   22.5000 9844.6084   23.0407
    0.0000  -45.0000   22.500010146.1260   23.1296
    7.5000  -45.0000   22.5000 9556.0195   23.1779
   -7.5000  -37.5000   22.500010307.9434   22.9817
    0.0000  -37.5000   22.500010601.9814   23.0681
    7.5000  -37.5000   22.500010012.5137   23.1186
   -7.5000  -30.0000   22.500011133.6006   22.9541
    0.0000  -30.0000   22.500011437.2402   23.0418
    7.5000  -30.0000   22.500010786.1445   23.1027
   -7.5000  -22.5000   22.500011878.1748   22.9557
    0.0000  -22.5000   22.500012204.4375   23.0482
    7.5000  -22.5000   22.500011517.2568   23.1178
   -7.5000  -15.0000   22.500012606.1797   22.9808
    0.0000  -15.0000   22.500012944.4717   23.0756
    7.5000  -15.0000   22.500012197.7754   23.1430
   -7.5000   -7.5000   22.500013248.5693   23.0023
    0.0000   -7.5000   22.500013578.2158   23.0944
    7.5000   -7.5000   22.500012804.3555   23.1508
   -7.5000    0.0000   22.500013715.9512   23.0019
    0.0000    0.0000   22.500014048.5449   23.0905
    7.5000    0.0000   22.500013278.1709   23.1384
   -7.5000    7.5000   22.500013071.5625   22.9788
    0.0000    7.5000   22.500013412.6719   23.0651
    7.5000    7.5000   22.500012702.0078   23.1156
   -7.5000   15.0000   22.500012292.5986   22.9541
    0.0000   15.0000   22.500012631.5312   23.0418
    7.5000   15.0000   22.500011988.3594   23.1027
   -7.5000   22.5000   22.500011377.7725   22.9452
    0.0000   22.5000   22.500011717.9502   23.0376
    7.5000   22.5000   22.500011113.0303   23.1072
   -7.5000   30.0000   22.500010394.0488   22.6834
    0.0000   30.0000   22.500010695.7227   22.7769
    7.5000   30.0000   22.500010171.9697   22.8435
   -7.5000   37.5000   22.5000 9795.0605   22.7046
    0.0000   37.5000   22.500010090.6680   22.7955
    7.5000   37.5000   22.5000 9621.4072   22.8512
   -7.5000   45.0000   22.5000 8839.2217   22.1724
    0.0000   45.0000   22.5000 9100.8467   22.2578
    7.5000   45.0000   22.5000 8672.2949   22.3040
   -7.5000  -45.0000   30.0000 9137.0020   23.1278
    0.0000  -45.0000   30.0000 9384.4297   23.2193
    7.5000  -45.0000   30.0000 8855.8975   23.2672
   -7.5000  -37.5000   30.0000 9638.7461   23.0685
    0.0000  -37.5000   30.0000 9882.0723   23.1588
    7.5000  -37.5000   30.0000 9319.5049   23.2142
   -7.5000  -30.0000   30.000010412.3184   23.0358
    0.0000  -30.0000   30.000010680.1934   23.1274
    7.5000  -30.0000   30.000010043.0420   23.1912
   -7.5000  -22.5000   30.000011109.9033   23.0312
    0.0000  -22.5000   30.000011409.2266   23.1261
    7.5000  -22.5000   30.000010718.1084   23.1906
   -7.5000  -15.0000   30.000011742.3936   23.0557
    0.0000  -15.0000   30.000012072.3340   23.1526
    7.5000  -15.0000   30.000011337.0645   23.2092
   -7.5000   -7.5000   30.000012273.4541   23.0834
    0.0000   -7.5000   30.000012620.3721   23.1778
    7.5000   -7.5000   30.000011900.1143   23.2259
   -7.5000    0.0000   30.000012686.6377   23.0888
    0.0000    0.0000   30.000013039.9160   23.1799
    7.5000    0.0000   30.000012335.0186   23.2274
   -7.5000    7.5000   30.000012107.7207   23.0656
    0.0000    7.5000   30.000012472.8213   23.1559
    7.5000    7.5000   30.000011810.2432   23.2112
   -7.5000   15.0000   30.000011436.2754   23.0358
    0.0000   15.0000   30.000011772.3203   23.1274
    7.5000   15.0000   30.000011178.4414   23.1912
   -7.5000   22.5000   30.000010650.2852   23.0206
    0.0000   22.5000   30.000010967.6309   23.1155
    7.5000   22.5000   30.000010397.9971   23.1799
   -7.5000   30.0000   30.0000 9725.1104   22.7573
    0.0000   30.0000   30.000010004.7559   22.8529
    7.5000   30.0000   30.0000 9510.6104   22.9088
   -7.5000   37.5000   30.0000 9181.0742   22.7847
    0.0000   37.5000   30.0000 9402.9844   22.8778
    7.5000   37.5000   30.0000 8937.8789   22.9253
   -7.5000   45.0000   30.0000 8299.8525   22.2562
    0.0000   45.0000   30.0000 8494.1299   22.3440
    7.5000   45.0000   30.0000 8065.4180   22.3899
   -7.5000  -45.0000   37.5000 8766.8691   23.4215
    0.0000  -45.0000   37.5000 9012.1445   23.5148
    7.5000  -45.0000   37.5000 8482.9209   23.5596
   -7.5000  -37.5000   37.5000 9253.5205   23.3613
    0.0000  -37.5000   37.5000 9508.2520   23.4540
    7.5000  -37.5000   37.5000 8935.5352   23.5093
   -7.5000  -30.0000   37.5000 9991.4521   23.3266
    0.0000  -30.0000   37.500010281.5947   23.4211
    7.5000  -30.0000   37.5000 9654.0303   23.4887
   -7.5000  -22.5000   37.500010680.0273   23.3193
    0.0000  -22.5000   37.500011000.0957   23.4178
    7.5000  -22.5000   37.500010315.2461   23.4878
   -7.5000  -15.0000   37.500011301.3887   23.3427
    0.0000  -15.0000   37.500011635.4395   23.4442
    7.5000  -15.0000   37.500010920.3555   23.5045
   -7.5000   -7.5000   37.500011803.3271   23.3731
    0.0000   -7.5000   37.500012134.6504   23.4709
    7.5000   -7.5000   37.500011439.2949   23.5179
   -7.5000    0.0000   37.500012190.0928   23.3814
    0.0000    0.0000   37.500012535.2578   23.4744
    7.5000    0.0000   37.500011853.2266   23.5187
   -7.5000    7.5000   37.500011668.4062   23.3584
    0.0000    7.5000   37.500012001.3877   23.4511
    7.5000    7.5000   37.500011383.5498   23.5063
   -7.5000   15.0000   37.500011063.1133   23.3266
    0.0000   15.0000   37.500011374.8887   23.4211
    7.5000   15.0000   37.500010808.4375   23.4887
   -7.5000   22.5000   37.500010315.1152   23.3086
    0.0000   22.5000   37.500010605.1924   23.4070
    7.5000   22.5000   37.500010061.2266   23.4769
   -7.5000   30.0000   37.5000 9395.1211   23.0406
    0.0000   30.0000   37.5000 9681.6592   23.1408
    7.5000   30.0000   37.5000 9183.2578   23.2003
   -7.5000   37.5000   37.5000 8863.7588   23.0706
    0.0000   37.5000   37.5000 9099.5342   23.1671
    7.5000   37.5000   37.5000 8636.7480   23.2136
   -7.5000   45.0000   37.5000 8013.1001   22.5383
    0.0000   45.0000   37.5000 8211.7891   22.6279
    7.5000   45.0000   37.5000 7801.6445   22.6706
   -7.5000  -45.0000   45.0000 7967.1440   23.7163
    0.0000  -45.0000   45.0000 8200.5654   23.8115
    7.5000  -45.0000   45.0000 7734.0054   23.8537
   -7.5000  -37.5000   45.0000 8404.6602   23.6568
    0.0000  -37.5000   45.0000 8652.5693   23.7507
    7.5000  -37.5000   45.0000 8151.9727   23.8018
   -7.5000  -30.0000   45.0000 9110.8555   23.6251
    0.0000  -30.0000   45.0000 9377.6768   23.7206
    7.5000  -30.0000   45.0000 8827.4131   23.7901
   -7.5000  -22.5000   45.0000 9755.0771   23.6186
    0.0000  -22.5000   45.000010048.8311   23.7198
    7.5000  -22.5000   45.0000 9447.9287   23.8007
   -7.5000  -15.0000   45.000010328.6992   23.6396
    0.0000  -15.0000   45.000010609.6826   23.7454
    7.5000  -15.0000   45.000010001.5410   23.8198
   -7.5000   -7.5000   45.000010796.7188   23.6671
    0.0000   -7.5000   45.000011085.0840   23.7682
    7.5000   -7.5000   45.000010481.2559   23.8220
   -7.5000    0.0000   45.000011176.4316   23.6749
    0.0000    0.0000   45.000011484.5479   23.7697
    7.5000    0.0000   45.000010867.4307   23.8115
   -7.5000    7.5000   45.000010732.4229   23.6538
    0.0000    7.5000   45.000011043.9658   23.7476
    7.5000    7.5000   45.000010459.3486   23.7986
   -7.5000   15.0000   45.000010193.0127   23.6251
    0.0000   15.0000   45.000010493.2324   23.7206
    7.5000   15.0000   45.0000 9963.9004   23.7901
   -7.5000   22.5000   45.0000 9510.5605   23.6076
    0.0000   22.5000   45.0000 9786.2197   23.7088
    7.5000   22.5000   45.0000 9284.3096   23.7897
   -7.5000   30.0000   45.0000 8673.5889   23.3316
    0.0000   30.0000   45.0000 8941.3936   23.4361
    7.5000   30.0000   45.0000 8475.3398   23.5095
   -7.5000   37.5000   45.0000 8169.3696   23.3588
    0.0000   37.5000   45.0000 8400.1602   23.4585
    7.5000   37.5000   45.0000 7972.9507   23.5117
   -7.5000   45.0000   45.0000 7398.6719   22.8314
    0.0000   45.0000   45.0000 7579.9404   22.9229
    7.5000   45.0000   45.0000 7203.4575   22.9631

---------------------------------------------------------------------
imgreg_4dfp /opt/freesurfer/average/711-2C_as_mni_average_305 /opt/freesurfer/average/711-2B_as_mni_average_305_mask talsrcimg_g11 none talsrcimg_to_711-2C_as_mni_average_305_t4 4355
---------------------------------------------------------------------

freesurfer imgreg_4dfp.c
/opt/freesurfer/average/711-2C_as_mni_average_305.4dfp.img
       256       256       256         1
  1.000000  1.000000  1.000000
orientation T byte_order littleendian
Reading image: /opt/freesurfer/average/711-2C_as_mni_average_305.4dfp.img
dimensions:      256       256       256
mmppix:       1.0000   -1.0000   -1.0000
center:     128.0000 -129.0000 -129.0000
/opt/freesurfer/average/711-2B_as_mni_average_305_mask.4dfp.img
       256       256       256         1
  1.000000  1.000000  1.000000
orientation T byte_order littleendian
Reading mask: /opt/freesurfer/average/711-2B_as_mni_average_305_mask.4dfp.img (2306576 pixels)
talsrcimg_g11.4dfp.img
       256       256       256         1
  1.000000  1.000000  1.000000
orientation T byte_order littleendian
Reading image: talsrcimg_g11.4dfp.img
dimensions:      256       256       256
mmppix:       1.0000   -1.0000   -1.0000
center:     128.0000 -129.0000 -129.0000
rotation matrix determinant  1.000000
image alignment mode   4355 decimal     1103 hex
   -7.5000  -45.0000  -45.0000 2002.2428   19.3118
    0.0000  -45.0000  -45.0000 1978.8579   19.6188
    7.5000  -45.0000  -45.0000 1936.1667   20.2305
   -7.5000  -37.5000  -45.0000 2101.0637   17.6549
    0.0000  -37.5000  -45.0000 2073.6807   17.9464
    7.5000  -37.5000  -45.0000 2028.8206   18.4423
   -7.5000  -30.0000  -45.0000 2177.6675   16.4777
    0.0000  -30.0000  -45.0000 2152.9570   16.7331
    7.5000  -30.0000  -45.0000 2100.1318   17.2118
   -7.5000  -22.5000  -45.0000 2222.0420   15.7093
    0.0000  -22.5000  -45.0000 2199.1274   15.9686
    7.5000  -22.5000  -45.0000 2142.7043   16.4356
   -7.5000  -15.0000  -45.0000 2244.2495   15.3744
    0.0000  -15.0000  -45.0000 2221.0708   15.6054
    7.5000  -15.0000  -45.0000 2158.1536   16.1405
   -7.5000   -7.5000  -45.0000 2239.3713   15.3604
    0.0000   -7.5000  -45.0000 2221.5564   15.5929
    7.5000   -7.5000  -45.0000 2151.3445   16.1196
   -7.5000    0.0000  -45.0000 2219.9189   15.6392
    0.0000    0.0000  -45.0000 2194.7988   15.8905
    7.5000    0.0000  -45.0000 2128.0322   16.4034
   -7.5000    7.5000  -45.0000 2170.0049   16.2863
    0.0000    7.5000  -45.0000 2143.9963   16.5422
    7.5000    7.5000  -45.0000 2079.6841   17.0912
   -7.5000   15.0000  -45.0000 2099.3396   17.2413
    0.0000   15.0000  -45.0000 2067.7346   17.5213
    7.5000   15.0000  -45.0000 2005.1349   18.1378
   -7.5000   22.5000  -45.0000 2006.8147   18.7151
    0.0000   22.5000  -45.0000 1979.4067   18.9947
    7.5000   22.5000  -45.0000 1923.1049   19.7002
   -7.5000   30.0000  -45.0000 1889.6343   20.7877
    0.0000   30.0000  -45.0000 1870.7999   21.0558
    7.5000   30.0000  -45.0000 1820.3713   21.8606
   -7.5000   37.5000  -45.0000 1787.5216   23.7497
    0.0000   37.5000  -45.0000 1761.8578   23.9634
    7.5000   37.5000  -45.0000 1707.0836   24.8578
   -7.5000   45.0000  -45.0000 1655.7543   27.7456
    0.0000   45.0000  -45.0000 1633.0320   28.0188
    7.5000   45.0000  -45.0000 1592.4945   29.0179
   -7.5000  -45.0000  -37.5000 2086.2507   17.9692
    0.0000  -45.0000  -37.5000 2056.6238   18.2908
    7.5000  -45.0000  -37.5000 2007.5695   18.8424
   -7.5000  -37.5000  -37.5000 2189.3828   16.3758
    0.0000  -37.5000  -37.5000 2155.5737   16.6775
    7.5000  -37.5000  -37.5000 2104.7397   17.1574
   -7.5000  -30.0000  -37.5000 2272.4089   15.3219
    0.0000  -30.0000  -37.5000 2240.6404   15.5504
    7.5000  -30.0000  -37.5000 2185.3762   15.9778
   -7.5000  -22.5000  -37.5000 2317.0679   14.6596
    0.0000  -22.5000  -37.5000 2287.2744   14.8750
    7.5000  -22.5000  -37.5000 2226.8494   15.2961
   -7.5000  -15.0000  -37.5000 2341.7288   14.3619
    0.0000  -15.0000  -37.5000 2313.4827   14.5522
    7.5000  -15.0000  -37.5000 2247.3438   14.9948
   -7.5000   -7.5000  -37.5000 2339.6580   14.3309
    0.0000   -7.5000  -37.5000 2313.6565   14.5286
    7.5000   -7.5000  -37.5000 2244.4875   14.9758
   -7.5000    0.0000  -37.5000 2314.4331   14.6008
    0.0000    0.0000  -37.5000 2286.9133   14.7956
    7.5000    0.0000  -37.5000 2224.9214   15.2355
   -7.5000    7.5000  -37.5000 2264.0854   15.1689
    0.0000    7.5000  -37.5000 2240.6902   15.3671
    7.5000    7.5000  -37.5000 2179.5466   15.8520
   -7.5000   15.0000  -37.5000 2183.3237   16.0266
    0.0000   15.0000  -37.5000 2159.8928   16.2882
    7.5000   15.0000  -37.5000 2096.7043   16.8198
   -7.5000   22.5000  -37.5000 2082.8518   17.2867
    0.0000   22.5000  -37.5000 2062.1318   17.5706
    7.5000   22.5000  -37.5000 2001.7294   18.1594
   -7.5000   30.0000  -37.5000 1961.1893   19.1562
    0.0000   30.0000  -37.5000 1943.5406   19.4127
    7.5000   30.0000  -37.5000 1890.0612   20.1156
   -7.5000   37.5000  -37.5000 1849.8950   21.7627
    0.0000   37.5000  -37.5000 1831.7235   22.0050
    7.5000   37.5000  -37.5000 1778.1766   22.7709
   -7.5000   45.0000  -37.5000 1719.9510   25.3071
    0.0000   45.0000  -37.5000 1700.4019   25.5581
    7.5000   45.0000  -37.5000 1658.5376   26.4863
   -7.5000  -45.0000  -30.0000 2192.3379   17.3567
    0.0000  -45.0000  -30.0000 2165.0449   17.6966
    7.5000  -45.0000  -30.0000 2110.4084   18.2122
   -7.5000  -37.5000  -30.0000 2306.2976   15.8388
    0.0000  -37.5000  -30.0000 2270.9688   16.1171
    7.5000  -37.5000  -30.0000 2210.8687   16.5679
   -7.5000  -30.0000  -30.0000 2397.9780   14.7506
    0.0000  -30.0000  -30.0000 2364.7976   14.9857
    7.5000  -30.0000  -30.0000 2301.5310   15.4069
   -7.5000  -22.5000  -30.0000 2457.9045   14.1084
    0.0000  -22.5000  -30.0000 2423.1772   14.3066
    7.5000  -22.5000  -30.0000 2360.4387   14.7248
   -7.5000  -15.0000  -30.0000 2486.5039   13.8249
    0.0000  -15.0000  -30.0000 2450.9756   14.0232
    7.5000  -15.0000  -30.0000 2380.5688   14.4206
   -7.5000   -7.5000  -30.0000 2483.1472   13.8738
    0.0000   -7.5000  -30.0000 2454.9763   14.0398
    7.5000   -7.5000  -30.0000 2378.6677   14.4370
   -7.5000    0.0000  -30.0000 2454.3630   14.1750
    0.0000    0.0000  -30.0000 2426.3555   14.3468
    7.5000    0.0000  -30.0000 2358.1755   14.7250
   -7.5000    7.5000  -30.0000 2400.5667   14.7117
    0.0000    7.5000  -30.0000 2375.1960   14.8735
    7.5000    7.5000  -30.0000 2309.6001   15.2707
   -7.5000   15.0000  -30.0000 2317.1755   15.5187
    0.0000   15.0000  -30.0000 2294.7485   15.7155
    7.5000   15.0000  -30.0000 2229.8950   16.1672
   -7.5000   22.5000  -30.0000 2207.0837   16.6932
    0.0000   22.5000  -30.0000 2188.7839   16.9283
    7.5000   22.5000  -30.0000 2123.8572   17.4359
   -7.5000   30.0000  -30.0000 2075.8833   18.3689
    0.0000   30.0000  -30.0000 2057.1912   18.6510
    7.5000   30.0000  -30.0000 2003.0541   19.2159
   -7.5000   37.5000  -30.0000 1942.0454   20.7471
    0.0000   37.5000  -30.0000 1931.2777   21.0606
    7.5000   37.5000  -30.0000 1882.0775   21.7135
   -7.5000   45.0000  -30.0000 1807.8544   23.9837
    0.0000   45.0000  -30.0000 1795.6637   24.3478
    7.5000   45.0000  -30.0000 1749.0288   25.1426
   -7.5000  -45.0000  -22.5000 2278.4700   16.6742
    0.0000  -45.0000  -22.5000 2244.0161   16.9926
    7.5000  -45.0000  -22.5000 2187.4614   17.5143
   -7.5000  -37.5000  -22.5000 2391.5471   15.2174
    0.0000  -37.5000  -22.5000 2356.5085   15.4539
    7.5000  -37.5000  -22.5000 2297.0618   15.9679
   -7.5000  -30.0000  -22.5000 2490.0654   14.1449
    0.0000  -30.0000  -22.5000 2457.6201   14.3659
    7.5000  -30.0000  -22.5000 2397.2073   14.8352
   -7.5000  -22.5000  -22.5000 2572.3198   13.4958
    0.0000  -22.5000  -22.5000 2539.7917   13.7015
    7.5000  -22.5000  -22.5000 2471.9868   14.1318
   -7.5000  -15.0000  -22.5000 2608.2834   13.2389
    0.0000  -15.0000  -22.5000 2572.4248   13.4266
    7.5000  -15.0000  -22.5000 2499.7849   13.8470
   -7.5000   -7.5000  -22.5000 2609.8220   13.3264
    0.0000   -7.5000  -22.5000 2573.3015   13.4797
    7.5000   -7.5000  -22.5000 2500.9524   13.8549
   -7.5000    0.0000  -22.5000 2569.0117   13.6569
    0.0000    0.0000  -22.5000 2540.4202   13.8171
    7.5000    0.0000  -22.5000 2466.3311   14.1616
   -7.5000    7.5000  -22.5000 2513.2539   14.2044
    0.0000    7.5000  -22.5000 2484.8333   14.3391
    7.5000    7.5000  -22.5000 2407.8879   14.6914
   -7.5000   15.0000  -22.5000 2425.9443   14.9687
    0.0000   15.0000  -22.5000 2399.6753   15.0987
    7.5000   15.0000  -22.5000 2330.9231   15.5102
   -7.5000   22.5000  -22.5000 2313.2114   16.0079
    0.0000   22.5000  -22.5000 2290.3472   16.2065
    7.5000   22.5000  -22.5000 2225.6089   16.7006
   -7.5000   30.0000  -22.5000 2171.4827   17.5946
    0.0000   30.0000  -22.5000 2149.3267   17.8247
    7.5000   30.0000  -22.5000 2095.3291   18.3272
   -7.5000   37.5000  -22.5000 2025.2075   19.8314
    0.0000   37.5000  -22.5000 2012.8953   20.1242
    7.5000   37.5000  -22.5000 1961.1016   20.6925
   -7.5000   45.0000  -22.5000 1875.7161   22.8071
    0.0000   45.0000  -22.5000 1861.4871   23.1668
    7.5000   45.0000  -22.5000 1817.2222   23.8399
   -7.5000  -45.0000  -15.0000 2321.6611   16.0691
    0.0000  -45.0000  -15.0000 2286.4878   16.3775
    7.5000  -45.0000  -15.0000 2229.8823   16.9557
   -7.5000  -37.5000  -15.0000 2443.2961   14.6454
    0.0000  -37.5000  -15.0000 2413.8052   14.8917
    7.5000  -37.5000  -15.0000 2352.8281   15.4464
   -7.5000  -30.0000  -15.0000 2554.6394   13.6144
    0.0000  -30.0000  -15.0000 2522.1802   13.8445
    7.5000  -30.0000  -15.0000 2460.1262   14.3615
   -7.5000  -22.5000  -15.0000 2651.9995   12.9767
    0.0000  -22.5000  -15.0000 2619.6548   13.1600
    7.5000  -22.5000  -15.0000 2545.7607   13.6646
   -7.5000  -15.0000  -15.0000 2693.8323   12.7001
    0.0000  -15.0000  -15.0000 2658.9360   12.8789
    7.5000  -15.0000  -15.0000 2583.9956   13.3598
   -7.5000   -7.5000  -15.0000 2699.8589   12.8275
    0.0000   -7.5000  -15.0000 2664.2595   12.9444
    7.5000   -7.5000  -15.0000 2590.4243   13.3584
   -7.5000    0.0000  -15.0000 2662.6360   13.1818
    0.0000    0.0000  -15.0000 2630.0972   13.3027
    7.5000    0.0000  -15.0000 2551.4546   13.6557
   -7.5000    7.5000  -15.0000 2601.0291   13.7239
    0.0000    7.5000  -15.0000 2563.8066   13.8377
    7.5000    7.5000  -15.0000 2484.0071   14.2037
   -7.5000   15.0000  -15.0000 2502.4280   14.4325
    0.0000   15.0000  -15.0000 2471.0024   14.5566
    7.5000   15.0000  -15.0000 2396.4946   14.9442
   -7.5000   22.5000  -15.0000 2378.0601   15.3867
    0.0000   22.5000  -15.0000 2349.7114   15.5665
    7.5000   22.5000  -15.0000 2286.6777   16.0596
   -7.5000   30.0000  -15.0000 2235.3496   16.8881
    0.0000   30.0000  -15.0000 2212.7246   17.1128
    7.5000   30.0000  -15.0000 2154.2866   17.6444
   -7.5000   37.5000  -15.0000 2081.8135   19.0383
    0.0000   37.5000  -15.0000 2062.4788   19.2871
    7.5000   37.5000  -15.0000 2012.9987   19.8183
   -7.5000   45.0000  -15.0000 1918.0309   21.8510
    0.0000   45.0000  -15.0000 1902.2970   22.1469
    7.5000   45.0000  -15.0000 1863.4633   22.7360
   -7.5000  -45.0000   -7.5000 2334.8372   15.5953
    0.0000  -45.0000   -7.5000 2303.9031   15.8801
    7.5000  -45.0000   -7.5000 2244.4028   16.5172
   -7.5000  -37.5000   -7.5000 2471.7991   14.2107
    0.0000  -37.5000   -7.5000 2443.7869   14.4543
    7.5000  -37.5000   -7.5000 2378.8596   15.0567
   -7.5000  -30.0000   -7.5000 2598.4236   13.2095
    0.0000  -30.0000   -7.5000 2566.0598   13.4308
    7.5000  -30.0000   -7.5000 2495.8813   13.9971
   -7.5000  -22.5000   -7.5000 2708.3328   12.5796
    0.0000  -22.5000   -7.5000 2669.2654   12.7696
    7.5000  -22.5000   -7.5000 2586.2407   13.3525
   -7.5000  -15.0000   -7.5000 2763.5117   12.2793
    0.0000  -15.0000   -7.5000 2725.8892   12.4400
    7.5000  -15.0000   -7.5000 2639.5891   13.0318
   -7.5000   -7.5000   -7.5000 2775.5012   12.3820
    0.0000   -7.5000   -7.5000 2743.0461   12.4767
    7.5000   -7.5000   -7.5000 2656.3860   12.9736
   -7.5000    0.0000   -7.5000 2734.7283   12.7454
    0.0000    0.0000   -7.5000 2700.7451   12.8348
    7.5000    0.0000   -7.5000 2617.4951   13.2739
   -7.5000    7.5000   -7.5000 2662.1304   13.2872
    0.0000    7.5000   -7.5000 2625.4807   13.3698
    7.5000    7.5000   -7.5000 2544.1538   13.8163
   -7.5000   15.0000   -7.5000 2546.5803   13.9846
    0.0000   15.0000   -7.5000 2518.5093   14.0964
    7.5000   15.0000   -7.5000 2441.8745   14.5622
   -7.5000   22.5000   -7.5000 2413.3735   14.9338
    0.0000   22.5000   -7.5000 2389.6406   15.1024
    7.5000   22.5000   -7.5000 2319.9905   15.6426
   -7.5000   30.0000   -7.5000 2267.3655   16.3504
    0.0000   30.0000   -7.5000 2250.4316   16.5780
    7.5000   30.0000   -7.5000 2189.8530   17.1110
   -7.5000   37.5000   -7.5000 2113.5994   18.3240
    0.0000   37.5000   -7.5000 2097.2937   18.6101
    7.5000   37.5000   -7.5000 2043.2861   19.1215
   -7.5000   45.0000   -7.5000 1950.5582   21.0798
    0.0000   45.0000   -7.5000 1936.5105   21.3724
    7.5000   45.0000   -7.5000 1885.8556   21.9257
   -7.5000  -45.0000    0.0000 2334.5693   15.3751
    0.0000  -45.0000    0.0000 2306.7271   15.6450
    7.5000  -45.0000    0.0000 2251.2271   16.2858
   -7.5000  -37.5000    0.0000 2479.2463   13.9848
    0.0000  -37.5000    0.0000 2452.4836   14.2121
    7.5000  -37.5000    0.0000 2386.3918   14.8164
   -7.5000  -30.0000    0.0000 2617.6704   13.0332
    0.0000  -30.0000    0.0000 2587.9780   13.2175
    7.5000  -30.0000    0.0000 2510.9878   13.7836
   -7.5000  -22.5000    0.0000 2736.5100   12.3944
    0.0000  -22.5000    0.0000 2696.9517   12.6022
    7.5000  -22.5000    0.0000 2603.7468   13.1842
   -7.5000  -15.0000    0.0000 2807.2820   12.0180
    0.0000  -15.0000    0.0000 2769.3193   12.2139
    7.5000  -15.0000    0.0000 2666.6082   12.8462
   -7.5000   -7.5000    0.0000 2823.5457   12.0555
    0.0000   -7.5000    0.0000 2790.9971   12.1729
    7.5000   -7.5000    0.0000 2689.8833   12.7774
   -7.5000    0.0000    0.0000 2771.2412   12.3734
    0.0000    0.0000    0.0000 2741.4529   12.4880
    7.5000    0.0000    0.0000 2657.3364   13.0165
   -7.5000    7.5000    0.0000 2681.4670   12.9121
    0.0000    7.5000    0.0000 2652.8091   13.0449
    7.5000    7.5000    0.0000 2575.5483   13.5298
   -7.5000   15.0000    0.0000 2564.6758   13.6517
    0.0000   15.0000    0.0000 2542.1360   13.8392
    7.5000   15.0000    0.0000 2464.9307   14.2674
   -7.5000   22.5000    0.0000 2425.3740   14.6305
    0.0000   22.5000    0.0000 2407.7632   14.8748
    7.5000   22.5000    0.0000 2337.6438   15.3190
   -7.5000   30.0000    0.0000 2274.8879   16.0074
    0.0000   30.0000    0.0000 2259.8840   16.2909
    7.5000   30.0000    0.0000 2196.7830   16.7694
   -7.5000   37.5000    0.0000 2120.8708   17.9171
    0.0000   37.5000    0.0000 2106.2876   18.2320
    7.5000   37.5000    0.0000 2057.1719   18.7535
   -7.5000   45.0000    0.0000 1957.2542   20.5647
    0.0000   45.0000    0.0000 1942.6904   20.9022
    7.5000   45.0000    0.0000 1900.4625   21.4520
   -7.5000  -45.0000    7.5000 2318.3127   15.2862
    0.0000  -45.0000    7.5000 2295.9272   15.5564
    7.5000  -45.0000    7.5000 2237.3062   16.2393
   -7.5000  -37.5000    7.5000 2471.1462   13.9257
    0.0000  -37.5000    7.5000 2445.0530   14.1234
    7.5000  -37.5000    7.5000 2373.8599   14.7731
   -7.5000  -30.0000    7.5000 2615.5115   13.0060
    0.0000  -30.0000    7.5000 2586.7485   13.1765
    7.5000  -30.0000    7.5000 2500.1929   13.7602
   -7.5000  -22.5000    7.5000 2739.6790   12.4208
    0.0000  -22.5000    7.5000 2706.0869   12.6024
    7.5000  -22.5000    7.5000 2604.0977   13.1739
   -7.5000  -15.0000    7.5000 2818.5691   12.0322
    0.0000  -15.0000    7.5000 2790.8643   12.2528
    7.5000  -15.0000    7.5000 2679.8293   12.8570
   -7.5000   -7.5000    7.5000 2828.2756   11.9832
    0.0000   -7.5000    7.5000 2807.0586   12.2063
    7.5000   -7.5000    7.5000 2695.6018   12.7873
   -7.5000    0.0000    7.5000 2777.0266   12.2471
    0.0000    0.0000    7.5000 2760.4570   12.4707
    7.5000    0.0000    7.5000 2664.7795   12.9821
   -7.5000    7.5000    7.5000 2690.8403   12.7704
    0.0000    7.5000    7.5000 2667.9226   12.9835
    7.5000    7.5000    7.5000 2587.6516   13.4317
   -7.5000   15.0000    7.5000 2571.8420   13.4899
    0.0000   15.0000    7.5000 2549.3735   13.6881
    7.5000   15.0000    7.5000 2476.0793   14.1187
   -7.5000   22.5000    7.5000 2421.0449   14.5105
    0.0000   22.5000    7.5000 2403.6060   14.7296
    7.5000   22.5000    7.5000 2338.5344   15.1897
   -7.5000   30.0000    7.5000 2263.8484   15.9023
    0.0000   30.0000    7.5000 2245.8848   16.1419
    7.5000   30.0000    7.5000 2195.9619   16.6113
   -7.5000   37.5000    7.5000 2106.8835   17.7555
    0.0000   37.5000    7.5000 2096.5996   18.0345
    7.5000   37.5000    7.5000 2053.3589   18.5544
   -7.5000   45.0000    7.5000 1949.1877   20.2951
    0.0000   45.0000    7.5000 1939.0790   20.5834
    7.5000   45.0000    7.5000 1903.1442   21.1687
   -7.5000  -45.0000   15.0000 2296.4226   15.5493
    0.0000  -45.0000   15.0000 2274.1213   15.8097
    7.5000  -45.0000   15.0000 2210.5496   16.4879
   -7.5000  -37.5000   15.0000 2444.8560   14.1228
    0.0000  -37.5000   15.0000 2419.8215   14.3359
    7.5000  -37.5000   15.0000 2346.4216   14.9922
   -7.5000  -30.0000   15.0000 2585.1350   13.1683
    0.0000  -30.0000   15.0000 2556.7102   13.3709
    7.5000  -30.0000   15.0000 2471.0208   13.9800
   -7.5000  -22.5000   15.0000 2700.9043   12.5912
    0.0000  -22.5000   15.0000 2674.8936   12.7995
    7.5000  -22.5000   15.0000 2579.5654   13.3596
   -7.5000  -15.0000   15.0000 2779.8169   12.3027
    0.0000  -15.0000   15.0000 2756.3428   12.5004
    7.5000  -15.0000   15.0000 2649.9226   13.0429
   -7.5000   -7.5000   15.0000 2796.0051   12.3393
    0.0000   -7.5000   15.0000 2775.8840   12.5231
    7.5000   -7.5000   15.0000 2668.1746   12.9946
   -7.5000    0.0000   15.0000 2753.9373   12.5106
    0.0000    0.0000   15.0000 2734.6199   12.7092
    7.5000    0.0000   15.0000 2639.8411   13.1358
   -7.5000    7.5000   15.0000 2667.8447   12.8616
    0.0000    7.5000   15.0000 2650.6174   13.0491
    7.5000    7.5000   15.0000 2568.2998   13.5025
   -7.5000   15.0000   15.0000 2548.3066   13.4865
    0.0000   15.0000   15.0000 2531.9431   13.6706
    7.5000   15.0000   15.0000 2456.2456   14.1721
   -7.5000   22.5000   15.0000 2404.5122   14.5138
    0.0000   22.5000   15.0000 2390.1204   14.7228
    7.5000   22.5000   15.0000 2325.4722   15.2495
   -7.5000   30.0000   15.0000 2243.2021   15.9616
    0.0000   30.0000   15.0000 2228.4863   16.1916
    7.5000   30.0000   15.0000 2182.1685   16.7255
   -7.5000   37.5000   15.0000 2084.3850   17.8675
    0.0000   37.5000   15.0000 2074.3608   18.1032
    7.5000   37.5000   15.0000 2034.7070   18.6868
   -7.5000   45.0000   15.0000 1924.4294   20.4556
    0.0000   45.0000   15.0000 1920.7145   20.6119
    7.5000   45.0000   15.0000 1882.0289   21.2284
   -7.5000  -45.0000   22.5000 2265.4851   16.1079
    0.0000  -45.0000   22.5000 2248.2588   16.3940
    7.5000  -45.0000   22.5000 2185.8213   17.0582
   -7.5000  -37.5000   22.5000 2406.7571   14.6650
    0.0000  -37.5000   22.5000 2387.2300   14.9048
    7.5000  -37.5000   22.5000 2312.7058   15.5341
   -7.5000  -30.0000   22.5000 2537.0090   13.7191
    0.0000  -30.0000   22.5000 2511.3921   13.9532
    7.5000  -30.0000   22.5000 2426.8916   14.4943
   -7.5000  -22.5000   22.5000 2640.1780   13.1211
    0.0000  -22.5000   22.5000 2614.7351   13.3225
    7.5000  -22.5000   22.5000 2526.9805   13.8415
   -7.5000  -15.0000   22.5000 2706.5000   12.8542
    0.0000  -15.0000   22.5000 2680.3877   13.0508
    7.5000  -15.0000   22.5000 2591.4973   13.5012
   -7.5000   -7.5000   22.5000 2725.9502   12.8210
    0.0000   -7.5000   22.5000 2699.8340   12.9715
    7.5000   -7.5000   22.5000 2614.9353   13.4018
   -7.5000    0.0000   22.5000 2688.8418   12.9725
    0.0000    0.0000   22.5000 2665.7117   13.1133
    7.5000    0.0000   22.5000 2588.6580   13.5382
   -7.5000    7.5000   22.5000 2609.2683   13.3331
    0.0000    7.5000   22.5000 2589.7639   13.4672
    7.5000    7.5000   22.5000 2519.1858   13.8994
   -7.5000   15.0000   22.5000 2493.6667   13.9378
    0.0000   15.0000   22.5000 2474.7981   14.1036
    7.5000   15.0000   22.5000 2410.7356   14.5742
   -7.5000   22.5000   22.5000 2363.3291   14.8713
    0.0000   22.5000   22.5000 2349.9036   15.0758
    7.5000   22.5000   22.5000 2284.3435   15.6073
   -7.5000   30.0000   22.5000 2207.6628   16.2552
    0.0000   30.0000   22.5000 2194.6780   16.5004
    7.5000   30.0000   22.5000 2145.6350   17.0475
   -7.5000   37.5000   22.5000 2049.8711   18.1494
    0.0000   37.5000   22.5000 2042.9530   18.4164
    7.5000   37.5000   22.5000 2005.2494   19.0028
   -7.5000   45.0000   22.5000 1896.4966   20.6360
    0.0000   45.0000   22.5000 1888.0132   20.8862
    7.5000   45.0000   22.5000 1853.1118   21.5293
   -7.5000  -45.0000   30.0000 2220.1992   16.9981
    0.0000  -45.0000   30.0000 2202.5762   17.2578
    7.5000  -45.0000   30.0000 2143.8303   17.9165
   -7.5000  -37.5000   30.0000 2358.1467   15.5575
    0.0000  -37.5000   30.0000 2339.4985   15.8090
    7.5000  -37.5000   30.0000 2268.5596   16.3878
   -7.5000  -30.0000   30.0000 2471.6758   14.5660
    0.0000  -30.0000   30.0000 2452.4885   14.7882
    7.5000  -30.0000   30.0000 2374.6646   15.2836
   -7.5000  -22.5000   30.0000 2561.6025   13.8981
    0.0000  -22.5000   30.0000 2542.5481   14.1086
    7.5000  -22.5000   30.0000 2463.1482   14.5617
   -7.5000  -15.0000   30.0000 2618.6230   13.5524
    0.0000  -15.0000   30.0000 2597.1841   13.7543
    7.5000  -15.0000   30.0000 2516.6150   14.1909
   -7.5000   -7.5000   30.0000 2629.6997   13.4604
    0.0000   -7.5000   30.0000 2609.2100   13.6191
    7.5000   -7.5000   30.0000 2540.2168   14.0276
   -7.5000    0.0000   30.0000 2594.2590   13.5937
    0.0000    0.0000   30.0000 2573.5122   13.7631
    7.5000    0.0000   30.0000 2512.3384   14.1588
   -7.5000    7.5000   30.0000 2524.1396   13.9202
    0.0000    7.5000   30.0000 2510.1951   14.1002
    7.5000    7.5000   30.0000 2452.2346   14.5006
   -7.5000   15.0000   30.0000 2418.6558   14.5791
    0.0000   15.0000   30.0000 2401.9495   14.7527
    7.5000   15.0000   30.0000 2352.2944   15.1965
   -7.5000   22.5000   30.0000 2301.1831   15.5403
    0.0000   22.5000   30.0000 2290.0427   15.7395
    7.5000   22.5000   30.0000 2234.2871   16.2378
   -7.5000   30.0000   30.0000 2157.7542   16.8909
    0.0000   30.0000   30.0000 2148.5579   17.1140
    7.5000   30.0000   30.0000 2100.2915   17.6870
   -7.5000   37.5000   30.0000 2006.5243   18.7529
    0.0000   37.5000   30.0000 1994.5293   18.9610
    7.5000   37.5000   30.0000 1957.7159   19.5487
   -7.5000   45.0000   30.0000 1857.7922   21.1860
    0.0000   45.0000   30.0000 1848.7736   21.4628
    7.5000   45.0000   30.0000 1815.1670   22.0232
   -7.5000  -45.0000   37.5000 2163.6028   18.2495
    0.0000  -45.0000   37.5000 2149.9575   18.5072
    7.5000  -45.0000   37.5000 2092.2747   19.1145
   -7.5000  -37.5000   37.5000 2293.0271   16.7161
    0.0000  -37.5000   37.5000 2278.7092   16.9504
    7.5000  -37.5000   37.5000 2213.7617   17.4478
   -7.5000  -30.0000   37.5000 2397.6965   15.6170
    0.0000  -30.0000   37.5000 2385.5322   15.8249
    7.5000  -30.0000   37.5000 2312.4695   16.2886
   -7.5000  -22.5000   37.5000 2478.3308   14.8876
    0.0000  -22.5000   37.5000 2464.0122   15.0900
    7.5000  -22.5000   37.5000 2392.1116   15.5217
   -7.5000  -15.0000   37.5000 2523.4280   14.4925
    0.0000  -15.0000   37.5000 2508.7046   14.6738
    7.5000  -15.0000   37.5000 2438.1963   15.0781
   -7.5000   -7.5000   37.5000 2527.8955   14.3447
    0.0000   -7.5000   37.5000 2511.7871   14.5149
    7.5000   -7.5000   37.5000 2452.4919   14.8943
   -7.5000    0.0000   37.5000 2488.4690   14.4602
    0.0000    0.0000   37.5000 2476.7222   14.6164
    7.5000    0.0000   37.5000 2423.7976   14.9686
   -7.5000    7.5000   37.5000 2428.6199   14.8036
    0.0000    7.5000   37.5000 2414.2725   14.9611
    7.5000    7.5000   37.5000 2370.0007   15.3298
   -7.5000   15.0000   37.5000 2340.1860   15.4375
    0.0000   15.0000   37.5000 2325.7087   15.5978
    7.5000   15.0000   37.5000 2287.3767   16.0033
   -7.5000   22.5000   37.5000 2231.5996   16.4101
    0.0000   22.5000   37.5000 2219.6553   16.5905
    7.5000   22.5000   37.5000 2176.4722   17.0274
   -7.5000   30.0000   37.5000 2097.8059   17.7282
    0.0000   30.0000   37.5000 2093.0991   17.9453
    7.5000   30.0000   37.5000 2051.2349   18.4558
   -7.5000   37.5000   37.5000 1953.8040   19.5811
    0.0000   37.5000   37.5000 1948.1174   19.7933
    7.5000   37.5000   37.5000 1909.8827   20.3336
   -7.5000   45.0000   37.5000 1811.0999   22.0348
    0.0000   45.0000   37.5000 1804.4255   22.3076
    7.5000   45.0000   37.5000 1772.5265   22.8437
   -7.5000  -45.0000   45.0000 2096.8262   19.7679
    0.0000  -45.0000   45.0000 2085.4460   19.9895
    7.5000  -45.0000   45.0000 2038.3293   20.5669
   -7.5000  -37.5000   45.0000 2212.4373   18.0711
    0.0000  -37.5000   45.0000 2202.3982   18.2925
    7.5000  -37.5000   45.0000 2149.0203   18.7871
   -7.5000  -30.0000   45.0000 2308.7698   16.8819
    0.0000  -30.0000   45.0000 2301.4753   17.0871
    7.5000  -30.0000   45.0000 2240.8682   17.5453
   -7.5000  -22.5000   45.0000 2379.8660   16.1014
    0.0000  -22.5000   45.0000 2372.5242   16.2808
    7.5000  -22.5000   45.0000 2311.5347   16.7236
   -7.5000  -15.0000   45.0000 2419.6582   15.6201
    0.0000  -15.0000   45.0000 2406.9983   15.7989
    7.5000  -15.0000   45.0000 2348.9177   16.2274
   -7.5000   -7.5000   45.0000 2415.5068   15.4344
    0.0000   -7.5000   45.0000 2401.9365   15.6041
    7.5000   -7.5000   45.0000 2353.8530   15.9965
   -7.5000    0.0000   45.0000 2383.5020   15.5135
    0.0000    0.0000   45.0000 2373.5239   15.6386
    7.5000    0.0000   45.0000 2328.6965   16.0092
   -7.5000    7.5000   45.0000 2330.6953   15.8662
    0.0000    7.5000   45.0000 2319.7905   16.0102
    7.5000    7.5000   45.0000 2281.2683   16.3624
   -7.5000   15.0000   45.0000 2252.9265   16.4984
    0.0000   15.0000   45.0000 2240.8945   16.6724
    7.5000   15.0000   45.0000 2211.3730   17.0325
   -7.5000   22.5000   45.0000 2155.1519   17.4219
    0.0000   22.5000   45.0000 2146.6133   17.6051
    7.5000   22.5000   45.0000 2106.6101   18.0518
   -7.5000   30.0000   45.0000 2030.9106   18.7601
    0.0000   30.0000   45.0000 2028.8469   18.9369
    7.5000   30.0000   45.0000 1987.4025   19.4198
   -7.5000   37.5000   45.0000 1894.4772   20.6183
    0.0000   37.5000   45.0000 1892.0925   20.7746
    7.5000   37.5000   45.0000 1856.2064   21.3557
   -7.5000   45.0000   45.0000 1760.4309   23.1627
    0.0000   45.0000   45.0000 1752.8403   23.3175
    7.5000   45.0000   45.0000 1723.1133   23.8976

---------------------------------------------------------------------
imgreg_4dfp /opt/freesurfer/average/711-2C_as_mni_average_305 /opt/freesurfer/average/711-2B_as_mni_average_305_mask talsrcimg_g11 none talsrcimg_to_711-2C_as_mni_average_305_t4 1283
---------------------------------------------------------------------

freesurfer imgreg_4dfp.c
/opt/freesurfer/average/711-2C_as_mni_average_305.4dfp.img
       256       256       256         1
  1.000000  1.000000  1.000000
orientation T byte_order littleendian
Reading image: /opt/freesurfer/average/711-2C_as_mni_average_305.4dfp.img
dimensions:      256       256       256
mmppix:       1.0000   -1.0000   -1.0000
center:     128.0000 -129.0000 -129.0000
/opt/freesurfer/average/711-2B_as_mni_average_305_mask.4dfp.img
       256       256       256         1
  1.000000  1.000000  1.000000
orientation T byte_order littleendian
Reading mask: /opt/freesurfer/average/711-2B_as_mni_average_305_mask.4dfp.img (2306576 pixels)
talsrcimg_g11.4dfp.img
       256       256       256         1
  1.000000  1.000000  1.000000
orientation T byte_order littleendian
Reading image: talsrcimg_g11.4dfp.img
dimensions:      256       256       256
mmppix:       1.0000   -1.0000   -1.0000
center:     128.0000 -129.0000 -129.0000
rotation matrix determinant  1.000000
fimgreg.f
image alignment mode   1283 decimal      503 hex
parameters
   -7.5000   -7.5000    7.5000    0.0000    0.0000    0.0000
eta,q 0.89005 11.94797
niter,ni,del,rscale     5    3   12.0000    1.2000
parameter  3  0.966992 ->  0.500000 qaram    1.1500
parameter  4  2.049166 ->  0.500000 qaram    1.1500
parameter  5  1.384341 ->  0.500000 qaram    1.1500
parameters
   -5.2991   -9.2097    4.0500   -3.4500   -3.4500   -1.0217
eta,q 0.90084 11.84747
  0.1282  0.1135  0.1048  0.1011  0.0985  0.1019
  0.1195  0.1098  0.1050  0.1022  0.0991  0.1001
  0.1136  0.1070  0.1064  0.1033  0.1004  0.0992
  0.1096  0.1080  0.1070  0.1058  0.1024  0.0994
  0.1080  0.1127  0.1077  0.1087  0.1055  0.1004
  0.1087  0.1185  0.1094  0.1114  0.1087  0.1020
  0.1126  0.1241  0.1127  0.1136  0.1115  0.1040
niter,ni,del,rscale     7    3   12.0000    1.2000
parameter  4  0.564818 ->  0.500000 qaram    1.3225
parameters
   -5.1958   -8.2979    4.6393   -7.4175   -4.4052   -0.0731
eta,q 0.90308 11.92421
  0.1130  0.1126  0.1083  0.0982  0.1023  0.1029
  0.1060  0.1085  0.1006  0.0975  0.0987  0.1008
  0.1015  0.1038  0.0972  0.0974  0.0972  0.0987
  0.0992  0.0991  0.0980  0.0983  0.0975  0.0972
  0.1000  0.0980  0.0994  0.1020  0.0988  0.0971
  0.1046  0.1016  0.1009  0.1064  0.1015  0.0982
  0.1130  0.1086  0.1031  0.1109  0.1057  0.1007
niter,ni,del,rscale     7    3   12.0000    1.2000
parameters
   -4.8095   -6.5396    4.1602  -10.7724   -4.6680   -0.0155
eta,q 0.90665 11.90522
  0.1150  0.1125  0.1019  0.0943  0.1015  0.0999
  0.1064  0.1074  0.0940  0.0942  0.0973  0.0971
  0.1005  0.1014  0.0924  0.0933  0.0942  0.0945
  0.0969  0.0967  0.0943  0.0939  0.0935  0.0934
  0.0975  0.0942  0.0966  0.0958  0.0954  0.0941
  0.1031  0.0959  0.0980  0.1003  0.0988  0.0965
  0.1117  0.1027  0.1011  0.1065  0.1019  0.1000
niter,ni,del,rscale     6    3   12.0000    1.2000
parameters
   -4.6845   -5.6961    3.3961  -12.9421   -4.5966    0.4310
eta,q 0.90655 11.85843
  0.1108  0.1069  0.1007  0.0937  0.1025  0.0994
  0.1031  0.1019  0.0940  0.0935  0.0984  0.0971
  0.0972  0.0970  0.0920  0.0937  0.0947  0.0948
  0.0934  0.0933  0.0925  0.0923  0.0935  0.0935
  0.0947  0.0926  0.0947  0.0927  0.0954  0.0938
  0.1016  0.0960  0.0988  0.0954  0.0986  0.0956
  0.1105  0.1025  0.1033  0.1005  0.1016  0.0984
niter,ni,del,rscale     5    3   12.0000    1.2000
parameters
   -4.8013   -5.3617    2.7753  -13.9579   -4.3297    0.6013
eta,q 0.90642 11.83979
  0.1095  0.1026  0.1022  0.0941  0.1034  0.0992
  0.1020  0.0973  0.0963  0.0929  0.0991  0.0968
  0.0963  0.0942  0.0937  0.0933  0.0950  0.0947
  0.0935  0.0935  0.0934  0.0932  0.0936  0.0936
  0.0962  0.0935  0.0958  0.0919  0.0954  0.0940
  0.1029  0.0956  0.0997  0.0929  0.0986  0.0961
  0.1109  0.1010  0.1048  0.0967  0.1015  0.0989
niter,ni,del,rscale     4    3   12.0000    1.2000
parameters
   -5.0192   -5.0485    2.6812  -13.9133   -4.0524    0.6503
eta,q 0.90647 11.83746
  0.1094  0.1020  0.1047  0.0952  0.1033  0.0989
  0.1019  0.0969  0.0981  0.0928  0.0989  0.0965
  0.0960  0.0942  0.0948  0.0931  0.0949  0.0944
  0.0936  0.0935  0.0935  0.0935  0.0935  0.0935
  0.0970  0.0939  0.0955  0.0923  0.0953  0.0940
  0.1037  0.0956  0.0994  0.0926  0.0984  0.0961
  0.1115  0.1004  0.1045  0.0955  0.1014  0.0990
niter,ni,del,rscale     3    3   12.0000    1.2000
parameters
   -5.1754   -5.0281    2.7378  -13.9404   -3.8734    0.6978
eta,q 0.90649 11.83758
  0.1097  0.1013  0.1051  0.0954  0.1030  0.0988
  0.1020  0.0966  0.0984  0.0929  0.0986  0.0965
  0.0961  0.0942  0.0949  0.0931  0.0948  0.0945
  0.0935  0.0935  0.0935  0.0935  0.0935  0.0935
  0.0968  0.0939  0.0954  0.0924  0.0953  0.0940
  0.1033  0.0962  0.0991  0.0929  0.0985  0.0962
  0.1111  0.1015  0.1040  0.0957  0.1016  0.0989
niter,ni,del,rscale     2    3   12.0000    1.2000
parameters
   -5.2512   -4.9943    2.7703  -13.9546   -3.7755    0.7219
eta,q 0.90648 11.83738
  0.1100  0.1013  0.1050  0.0956  0.1028  0.0987
  0.1022  0.0967  0.0984  0.0930  0.0984  0.0965
  0.0963  0.0943  0.0948  0.0931  0.0947  0.0945
  0.0935  0.0935  0.0935  0.0935  0.0935  0.0935
  0.0966  0.0939  0.0954  0.0926  0.0954  0.0940
  0.1029  0.0963  0.0991  0.0930  0.0986  0.0962
  0.1107  0.1015  0.1040  0.0958  0.1017  0.0990
niter,ni,del,rscale     1    3   12.0000    1.2000
parameters
   -5.2950   -4.9797    2.7872  -13.9541   -3.7232    0.7311
eta,q 0.90648 11.83702
  0.1102  0.1013  0.1050  0.0957  0.1027  0.0987
  0.1023  0.0968  0.0983  0.0930  0.0983  0.0965
  0.0963  0.0943  0.0948  0.0931  0.0947  0.0945
  0.0935  0.0935  0.0935  0.0935  0.0935  0.0935
  0.0965  0.0939  0.0955  0.0926  0.0955  0.0941
  0.1028  0.0964  0.0992  0.0931  0.0986  0.0962
  0.1105  0.1016  0.1041  0.0958  0.1018  0.0990
registration optimization eta report
parameter search radius
    6.0000    6.0000    6.9000    7.9350    6.9000    6.0000
100000*second partial in parameter space
       45.       23.       23.        4.       18.       15.
  0.1102  0.1013  0.1050  0.0957  0.1027  0.0987
  0.1023  0.0968  0.0983  0.0930  0.0983  0.0965
  0.0963  0.0943  0.0948  0.0931  0.0947  0.0945
  0.0935  0.0935  0.0935  0.0935  0.0935  0.0935
  0.0965  0.0939  0.0955  0.0926  0.0955  0.0941
  0.1028  0.0964  0.0992  0.0931  0.0986  0.0962
  0.1105  0.1016  0.1041  0.0958  0.1018  0.0990
   -5.2950   -4.9797    2.7872  -13.9541   -3.7232    0.7311
eta,q 0.90648 11.83702

---------------------------------------------------------------------
imgreg_4dfp /opt/freesurfer/average/711-2C_as_mni_average_305 /opt/freesurfer/average/711-2B_as_mni_average_305_mask talsrcimg_g11 none talsrcimg_to_711-2C_as_mni_average_305_t4 3335
---------------------------------------------------------------------

freesurfer imgreg_4dfp.c
/opt/freesurfer/average/711-2C_as_mni_average_305.4dfp.img
       256       256       256         1
  1.000000  1.000000  1.000000
orientation T byte_order littleendian
Reading image: /opt/freesurfer/average/711-2C_as_mni_average_305.4dfp.img
dimensions:      256       256       256
mmppix:       1.0000   -1.0000   -1.0000
center:     128.0000 -129.0000 -129.0000
/opt/freesurfer/average/711-2B_as_mni_average_305_mask.4dfp.img
       256       256       256         1
  1.000000  1.000000  1.000000
orientation T byte_order littleendian
Reading mask: /opt/freesurfer/average/711-2B_as_mni_average_305_mask.4dfp.img (2306576 pixels)
talsrcimg_g11.4dfp.img
       256       256       256         1
  1.000000  1.000000  1.000000
orientation T byte_order littleendian
Reading image: talsrcimg_g11.4dfp.img
dimensions:      256       256       256
mmppix:       1.0000   -1.0000   -1.0000
center:     128.0000 -129.0000 -129.0000
fimgreg.f
image alignment mode   3335 decimal      D07 hex
parameters
   -5.2950   -4.9797    2.7872   -0.2192   -2.9790   -3.1559
   -2.8040    5.9939    1.2732   24.1929   -6.4937  -24.0635
eta,q 0.90375 11.95052
niter,ni,del,rscale     5    3    5.0000    1.2000
parameter  4  4.028630 ->  0.500000 qaram    1.1500
parameter  5  6.866712 ->  0.500000 qaram    1.1500
parameter  6  2.206795 ->  0.500000 qaram    1.1500
parameter 10  1.558909 ->  0.500000 qaram    1.1500
parameter 11 -0.888006 -> -0.500000 qaram    1.1500
parameters
   -5.2273   -4.5069    3.7118   -4.3592   -7.1190   -7.2959
   -1.9189    5.9297    0.9917   20.0529   -2.3537  -23.0903
eta,q 0.92869 10.78822
  0.0986  0.0981  0.0985  0.0829  0.0748  0.0708  0.0766  0.0769  0.0754  0.0706  0.0732  0.0728
  0.0973  0.0972  0.0974  0.0869  0.0788  0.0735  0.0754  0.0753  0.0747  0.0714  0.0725  0.0720
  0.0965  0.0966  0.0966  0.0915  0.0834  0.0763  0.0746  0.0744  0.0743  0.0726  0.0720  0.0715
  0.0962  0.0962  0.0962  0.0960  0.0881  0.0801  0.0742  0.0742  0.0742  0.0742  0.0717  0.0713
  0.0965  0.0962  0.0960  0.1011  0.0930  0.0845  0.0743  0.0745  0.0744  0.0762  0.0714  0.0714
  0.0972  0.0965  0.0961  0.1069  0.0981  0.0894  0.0748  0.0754  0.0748  0.0785  0.0713  0.0717
  0.0983  0.0971  0.0964  0.1130  0.1035  0.0948  0.0757  0.0769  0.0755  0.0813  0.0712  0.0721
niter,ni,del,rscale     7    3    5.0000    1.2000
parameter  4  3.795397 ->  0.500000 qaram    1.3225
parameter  5  2.993256 ->  0.500000 qaram    1.3225
parameter  6  1.193546 ->  0.500000 qaram    1.3225
parameters
   -5.1130   -4.5255    3.1366   -9.1202  -11.8800  -12.0569
   -2.1828    5.6831    0.6972   16.5022   -2.9744  -24.8789
eta,q 0.95024 10.04116
  0.0736  0.0729  0.0718  0.0585  0.0520  0.0501  0.0533  0.0551  0.0524  0.0515  0.0516  0.0507
  0.0724  0.0720  0.0714  0.0625  0.0552  0.0505  0.0518  0.0528  0.0514  0.0503  0.0506  0.0500
  0.0717  0.0714  0.0713  0.0665  0.0591  0.0525  0.0510  0.0513  0.0509  0.0500  0.0500  0.0498
  0.0713  0.0713  0.0713  0.0712  0.0636  0.0562  0.0508  0.0508  0.0508  0.0508  0.0499  0.0499
  0.0714  0.0715  0.0716  0.0766  0.0686  0.0601  0.0512  0.0515  0.0511  0.0526  0.0503  0.0504
  0.0721  0.0720  0.0721  0.0818  0.0741  0.0650  0.0522  0.0532  0.0517  0.0550  0.0510  0.0511
  0.0733  0.0729  0.0729  0.0879  0.0798  0.0706  0.0536  0.0557  0.0526  0.0582  0.0521  0.0519
niter,ni,del,rscale     7    3    5.0000    1.2000
parameter  4  1.203938 ->  0.500000 qaram    1.5209
parameter  5  1.352514 ->  0.500000 qaram    1.5209
parameters
   -5.0510   -3.8427    2.8394  -14.5954  -17.3551  -15.7817
   -1.5502    6.1906    1.9880   19.3176   -3.5112  -27.4285
eta,q 0.96247  9.54970
  0.0530  0.0534  0.0512  0.0423  0.0365  0.0393  0.0417  0.0432  0.0409  0.0438  0.0388  0.0381
  0.0511  0.0517  0.0502  0.0431  0.0378  0.0385  0.0400  0.0407  0.0396  0.0412  0.0382  0.0377
  0.0501  0.0505  0.0496  0.0455  0.0402  0.0383  0.0388  0.0391  0.0387  0.0393  0.0378  0.0375
  0.0498  0.0498  0.0496  0.0495  0.0436  0.0383  0.0383  0.0383  0.0382  0.0382  0.0377  0.0377
  0.0501  0.0496  0.0500  0.0542  0.0479  0.0399  0.0385  0.0384  0.0382  0.0377  0.0378  0.0382
  0.0510  0.0499  0.0509  0.0606  0.0530  0.0447  0.0393  0.0397  0.0386  0.0379  0.0383  0.0389
  0.0526  0.0508  0.0522  0.0669  0.0590  0.0505  0.0407  0.0421  0.0395  0.0393  0.0392  0.0399
niter,ni,del,rscale     7    3    5.0000    1.2000
parameter  2 -0.767037 -> -0.500000 qaram    1.1500
parameter  5  0.913244 ->  0.500000 qaram    1.7490
parameters
   -4.9563   -2.4627    1.6663  -19.8484  -23.6516  -17.9200
   -1.7569    6.3204    1.6075   21.3489   -4.4724  -30.8489
eta,q 0.97051  8.95550
  0.0418  0.0444  0.0361  0.0360  0.0302  0.0328  0.0331  0.0356  0.0328  0.0376  0.0311  0.0300
  0.0395  0.0415  0.0357  0.0346  0.0302  0.0310  0.0315  0.0329  0.0313  0.0343  0.0304  0.0296
  0.0381  0.0392  0.0357  0.0344  0.0316  0.0302  0.0305  0.0310  0.0304  0.0317  0.0299  0.0295
  0.0375  0.0375  0.0360  0.0357  0.0343  0.0305  0.0302  0.0302  0.0302  0.0302  0.0299  0.0299
  0.0379  0.0364  0.0368  0.0391  0.0381  0.0312  0.0307  0.0309  0.0307  0.0299  0.0302  0.0306
  0.0391  0.0360  0.0379  0.0438  0.0430  0.0333  0.0318  0.0326  0.0317  0.0309  0.0309  0.0316
  0.0412  0.0361  0.0393  0.0504  0.0486  0.0380  0.0334  0.0353  0.0333  0.0329  0.0318  0.0328
niter,ni,del,rscale     7    3    5.0000    1.2000
parameters
   -4.8016   -1.3494    1.9688  -20.3948  -27.1894  -17.3109
   -2.0331    6.4989    1.4263   22.8641   -5.0436  -31.6027
eta,q 0.97213  8.79953
  0.0346  0.0379  0.0310  0.0344  0.0324  0.0329  0.0312  0.0339  0.0310  0.0353  0.0293  0.0291
  0.0320  0.0342  0.0299  0.0315  0.0296  0.0304  0.0295  0.0310  0.0293  0.0319  0.0286  0.0284
  0.0302  0.0313  0.0291  0.0295  0.0281  0.0287  0.0284  0.0290  0.0284  0.0294  0.0280  0.0280
  0.0295  0.0295  0.0287  0.0287  0.0287  0.0281  0.0281  0.0281  0.0281  0.0281  0.0279  0.0279
  0.0298  0.0287  0.0287  0.0296  0.0313  0.0283  0.0287  0.0287  0.0285  0.0280  0.0281  0.0282
  0.0312  0.0291  0.0292  0.0319  0.0358  0.0291  0.0299  0.0306  0.0296  0.0292  0.0288  0.0289
  0.0335  0.0304  0.0302  0.0362  0.0417  0.0321  0.0316  0.0334  0.0312  0.0315  0.0298  0.0298
niter,ni,del,rscale     6    3    5.0000    1.2000
parameters
   -4.7689   -1.0035    2.1083  -20.4205  -27.8158  -17.0655
   -2.0863    6.5632    1.4424   23.3835   -5.2014  -31.8490
eta,q 0.97222  8.79167
  0.0326  0.0337  0.0298  0.0341  0.0348  0.0324  0.0311  0.0335  0.0308  0.0338  0.0293  0.0292
  0.0301  0.0307  0.0288  0.0310  0.0314  0.0300  0.0293  0.0306  0.0292  0.0307  0.0285  0.0284
  0.0285  0.0288  0.0281  0.0288  0.0288  0.0284  0.0282  0.0286  0.0281  0.0287  0.0280  0.0279
  0.0279  0.0279  0.0278  0.0278  0.0278  0.0278  0.0278  0.0278  0.0278  0.0278  0.0278  0.0278
  0.0284  0.0281  0.0279  0.0285  0.0288  0.0279  0.0283  0.0285  0.0282  0.0282  0.0280  0.0280
  0.0299  0.0293  0.0285  0.0306  0.0320  0.0288  0.0295  0.0305  0.0292  0.0299  0.0285  0.0286
  0.0324  0.0313  0.0294  0.0346  0.0368  0.0326  0.0311  0.0333  0.0307  0.0324  0.0295  0.0294
niter,ni,del,rscale     5    3    5.0000    1.2000
parameters
   -4.7588   -0.8905    2.1303  -20.4178  -27.9844  -17.0018
   -2.1046    6.5828    1.4511   23.5623   -5.2581  -31.9453
eta,q 0.97220  8.79215
  0.0325  0.0328  0.0296  0.0341  0.0351  0.0323  0.0312  0.0334  0.0308  0.0333  0.0293  0.0293
  0.0299  0.0301  0.0286  0.0310  0.0317  0.0299  0.0293  0.0306  0.0292  0.0304  0.0286  0.0285
  0.0283  0.0284  0.0280  0.0288  0.0290  0.0283  0.0282  0.0286  0.0281  0.0285  0.0280  0.0280
  0.0278  0.0278  0.0278  0.0278  0.0278  0.0278  0.0278  0.0278  0.0278  0.0278  0.0278  0.0278
  0.0283  0.0283  0.0280  0.0285  0.0285  0.0278  0.0283  0.0285  0.0282  0.0284  0.0279  0.0280
  0.0299  0.0297  0.0286  0.0305  0.0314  0.0289  0.0295  0.0305  0.0292  0.0302  0.0285  0.0285
  0.0324  0.0319  0.0296  0.0345  0.0361  0.0329  0.0311  0.0334  0.0307  0.0327  0.0295  0.0294
niter,ni,del,rscale     4    3    5.0000    1.2000
parameters
   -4.7553   -0.8552    2.1324  -20.4146  -28.0363  -16.9927
   -2.1134    6.5892    1.4560   23.6195   -5.2809  -31.9790
eta,q 0.97220  8.79211
  0.0324  0.0325  0.0296  0.0341  0.0352  0.0322  0.0312  0.0334  0.0308  0.0331  0.0293  0.0293
  0.0299  0.0299  0.0286  0.0310  0.0318  0.0299  0.0294  0.0305  0.0292  0.0303  0.0286  0.0285
  0.0283  0.0283  0.0280  0.0288  0.0291  0.0284  0.0282  0.0285  0.0281  0.0284  0.0280  0.0280
  0.0278  0.0278  0.0278  0.0278  0.0278  0.0278  0.0278  0.0278  0.0278  0.0278  0.0278  0.0278
  0.0283  0.0284  0.0280  0.0285  0.0285  0.0278  0.0283  0.0285  0.0282  0.0285  0.0280  0.0280
  0.0299  0.0299  0.0286  0.0305  0.0313  0.0290  0.0295  0.0305  0.0292  0.0303  0.0285  0.0285
  0.0324  0.0321  0.0296  0.0345  0.0359  0.0330  0.0311  0.0334  0.0307  0.0329  0.0294  0.0293
niter,ni,del,rscale     3    3    5.0000    1.2000
parameters
   -4.7543   -0.8440    2.1300  -20.4146  -28.0510  -16.9882
   -2.1187    6.5896    1.4586   23.6395   -5.2858  -31.9902
eta,q 0.97219  8.79227
  0.0324  0.0324  0.0296  0.0341  0.0353  0.0322  0.0312  0.0334  0.0308  0.0331  0.0294  0.0293
  0.0299  0.0298  0.0286  0.0310  0.0318  0.0299  0.0294  0.0305  0.0292  0.0302  0.0286  0.0285
  0.0283  0.0283  0.0280  0.0288  0.0291  0.0284  0.0282  0.0285  0.0281  0.0284  0.0280  0.0280
  0.0278  0.0278  0.0278  0.0278  0.0278  0.0278  0.0278  0.0278  0.0278  0.0278  0.0278  0.0278
  0.0284  0.0284  0.0280  0.0285  0.0285  0.0278  0.0283  0.0286  0.0282  0.0285  0.0280  0.0280
  0.0299  0.0299  0.0286  0.0305  0.0313  0.0290  0.0295  0.0305  0.0292  0.0303  0.0285  0.0285
  0.0324  0.0322  0.0296  0.0346  0.0359  0.0330  0.0311  0.0334  0.0307  0.0329  0.0294  0.0293
registration optimization eta report
parameter search radius
    2.4000    2.7600    2.4000   10.9503   12.5928    9.5220
    7.2000    7.2000    7.2000    8.2800    8.2800    7.2000
100000*second partial in parameter space
       80.       59.       31.        5.        5.        5.
        6.       11.        6.        8.        2.        3.
  0.0324  0.0324  0.0296  0.0341  0.0353  0.0322  0.0312  0.0334  0.0308  0.0331  0.0294  0.0293
  0.0299  0.0298  0.0286  0.0310  0.0318  0.0299  0.0294  0.0305  0.0292  0.0302  0.0286  0.0285
  0.0283  0.0283  0.0280  0.0288  0.0291  0.0284  0.0282  0.0285  0.0281  0.0284  0.0280  0.0280
  0.0278  0.0278  0.0278  0.0278  0.0278  0.0278  0.0278  0.0278  0.0278  0.0278  0.0278  0.0278
  0.0284  0.0284  0.0280  0.0285  0.0285  0.0278  0.0283  0.0286  0.0282  0.0285  0.0280  0.0280
  0.0299  0.0299  0.0286  0.0305  0.0313  0.0290  0.0295  0.0305  0.0292  0.0303  0.0285  0.0285
  0.0324  0.0322  0.0296  0.0346  0.0359  0.0330  0.0311  0.0334  0.0307  0.0329  0.0294  0.0293
   -4.7543   -0.8440    2.1300  -20.4146  -28.0510  -16.9882
   -2.1187    6.5896    1.4586   23.6395   -5.2858  -31.9902
eta,q 0.97219  8.79227

---------------------------------------------------------------------
imgreg_4dfp /opt/freesurfer/average/711-2C_as_mni_average_305 /opt/freesurfer/average/711-2B_as_mni_average_305_mask talsrcimg_g11 none talsrcimg_to_711-2C_as_mni_average_305_t4 2311
---------------------------------------------------------------------

freesurfer imgreg_4dfp.c
/opt/freesurfer/average/711-2C_as_mni_average_305.4dfp.img
       256       256       256         1
  1.000000  1.000000  1.000000
orientation T byte_order littleendian
Reading image: /opt/freesurfer/average/711-2C_as_mni_average_305.4dfp.img
dimensions:      256       256       256
mmppix:       1.0000   -1.0000   -1.0000
center:     128.0000 -129.0000 -129.0000
/opt/freesurfer/average/711-2B_as_mni_average_305_mask.4dfp.img
       256       256       256         1
  1.000000  1.000000  1.000000
orientation T byte_order littleendian
Reading mask: /opt/freesurfer/average/711-2B_as_mni_average_305_mask.4dfp.img (2306576 pixels)
talsrcimg_g11.4dfp.img
       256       256       256         1
  1.000000  1.000000  1.000000
orientation T byte_order littleendian
Reading image: talsrcimg_g11.4dfp.img
dimensions:      256       256       256
mmppix:       1.0000   -1.0000   -1.0000
center:     128.0000 -129.0000 -129.0000
fimgreg.f
image alignment mode   2311 decimal      907 hex
parameters
   -4.7543   -0.8440    2.1300  -20.4146  -28.0510  -16.9882
   -2.1187    6.5896    1.4586   23.6395   -5.2858  -31.9902
eta,q 0.97219  8.79227
niter,ni,del,rscale     5    3    5.0000    0.8000
parameters
   -4.7584   -0.8971    2.1383  -19.9979  -27.3120  -15.6379
   -2.0426    6.5250    1.4771   23.9410   -5.4778  -31.9117
eta,q 0.97231  8.93014
  0.0299  0.0293  0.0286  0.0294  0.0294  0.0289  0.0293  0.0303  0.0291  0.0298  0.0282  0.0284
  0.0288  0.0284  0.0282  0.0286  0.0286  0.0283  0.0284  0.0288  0.0283  0.0287  0.0279  0.0280
  0.0280  0.0279  0.0279  0.0281  0.0281  0.0280  0.0279  0.0280  0.0279  0.0280  0.0277  0.0278
  0.0278  0.0278  0.0278  0.0278  0.0278  0.0278  0.0277  0.0277  0.0277  0.0277  0.0277  0.0277
  0.0281  0.0280  0.0279  0.0279  0.0278  0.0277  0.0279  0.0281  0.0279  0.0278  0.0278  0.0277
  0.0288  0.0286  0.0282  0.0283  0.0281  0.0277  0.0284  0.0290  0.0283  0.0284  0.0279  0.0280
  0.0299  0.0295  0.0286  0.0289  0.0287  0.0281  0.0292  0.0304  0.0291  0.0294  0.0283  0.0283
niter,ni,del,rscale     4    3    5.0000    0.7000
parameters
   -4.7548   -0.9385    2.2367  -19.8017  -27.3925  -15.5024
   -2.0717    6.5190    1.4780   23.9293   -5.4487  -31.7712
eta,q 0.97233  8.93816
  0.0293  0.0289  0.0284  0.0288  0.0286  0.0283  0.0289  0.0297  0.0288  0.0292  0.0281  0.0282
  0.0284  0.0282  0.0280  0.0282  0.0281  0.0280  0.0282  0.0286  0.0282  0.0283  0.0279  0.0279
  0.0279  0.0278  0.0278  0.0278  0.0278  0.0278  0.0278  0.0279  0.0278  0.0278  0.0277  0.0278
  0.0277  0.0277  0.0277  0.0277  0.0277  0.0277  0.0277  0.0277  0.0277  0.0277  0.0277  0.0277
  0.0279  0.0279  0.0277  0.0278  0.0278  0.0277  0.0278  0.0279  0.0278  0.0279  0.0277  0.0277
  0.0284  0.0283  0.0279  0.0281  0.0281  0.0278  0.0282  0.0286  0.0282  0.0284  0.0278  0.0279
  0.0293  0.0290  0.0282  0.0286  0.0287  0.0283  0.0289  0.0297  0.0287  0.0292  0.0281  0.0282
niter,ni,del,rscale     3    3    5.0000    0.6000
parameters
   -4.7530   -0.9359    2.2549  -19.8020  -27.3982  -15.3183
   -2.0789    6.5006    1.4576   23.9387   -5.5007  -31.7286
eta,q 0.97234  8.94596
  0.0289  0.0286  0.0282  0.0285  0.0284  0.0282  0.0286  0.0292  0.0285  0.0288  0.0280  0.0281
  0.0282  0.0281  0.0279  0.0280  0.0280  0.0279  0.0281  0.0283  0.0280  0.0282  0.0278  0.0278
  0.0278  0.0278  0.0277  0.0278  0.0278  0.0278  0.0278  0.0278  0.0278  0.0278  0.0277  0.0277
  0.0277  0.0277  0.0277  0.0277  0.0277  0.0277  0.0277  0.0277  0.0277  0.0277  0.0277  0.0277
  0.0278  0.0278  0.0277  0.0278  0.0278  0.0277  0.0278  0.0279  0.0278  0.0278  0.0277  0.0277
  0.0282  0.0281  0.0279  0.0280  0.0280  0.0278  0.0281  0.0284  0.0280  0.0282  0.0278  0.0278
  0.0289  0.0286  0.0281  0.0285  0.0284  0.0281  0.0286  0.0292  0.0285  0.0288  0.0280  0.0280
niter,ni,del,rscale     2    3    5.0000    0.5000
parameters
   -4.7552   -0.9385    2.2735  -19.7913  -27.4213  -15.1448
   -2.0818    6.4766    1.4495   23.9584   -5.5659  -31.7017
eta,q 0.97234  8.95319
  0.0285  0.0283  0.0280  0.0282  0.0282  0.0280  0.0283  0.0287  0.0282  0.0285  0.0279  0.0279
  0.0280  0.0280  0.0278  0.0279  0.0279  0.0278  0.0279  0.0281  0.0279  0.0280  0.0277  0.0278
  0.0278  0.0277  0.0277  0.0277  0.0277  0.0277  0.0277  0.0278  0.0277  0.0278  0.0277  0.0277
  0.0277  0.0277  0.0277  0.0277  0.0277  0.0277  0.0277  0.0277  0.0277  0.0277  0.0277  0.0277
  0.0278  0.0277  0.0277  0.0277  0.0277  0.0277  0.0277  0.0278  0.0277  0.0278  0.0277  0.0277
  0.0280  0.0280  0.0278  0.0279  0.0279  0.0277  0.0279  0.0282  0.0279  0.0280  0.0278  0.0278
  0.0285  0.0283  0.0280  0.0282  0.0282  0.0280  0.0283  0.0287  0.0282  0.0284  0.0279  0.0279
niter,ni,del,rscale     1    3    5.0000    0.4000
parameters
   -4.7566   -0.9354    2.2793  -19.7776  -27.4408  -14.9753
   -2.0782    6.4576    1.4489   23.9923   -5.6635  -31.7057
eta,q 0.97234  8.96163
  0.0282  0.0281  0.0279  0.0280  0.0280  0.0279  0.0281  0.0283  0.0280  0.0282  0.0278  0.0278
  0.0279  0.0279  0.0278  0.0278  0.0278  0.0278  0.0278  0.0280  0.0278  0.0279  0.0277  0.0277
  0.0277  0.0277  0.0277  0.0277  0.0277  0.0277  0.0277  0.0277  0.0277  0.0277  0.0277  0.0277
  0.0277  0.0277  0.0277  0.0277  0.0277  0.0277  0.0277  0.0277  0.0277  0.0277  0.0277  0.0277
  0.0277  0.0277  0.0277  0.0277  0.0277  0.0277  0.0277  0.0277  0.0277  0.0277  0.0277  0.0277
  0.0279  0.0278  0.0277  0.0278  0.0278  0.0277  0.0278  0.0280  0.0278  0.0279  0.0277  0.0277
  0.0282  0.0281  0.0279  0.0280  0.0280  0.0278  0.0281  0.0284  0.0280  0.0282  0.0278  0.0278
registration optimization eta report
parameter search radius
    0.8000    0.8000    0.8000    2.4000    2.4000    2.4000
    2.4000    2.4000    2.4000    2.4000    2.4000    2.4000
100000*second partial in parameter space
       85.       64.       33.        6.        5.        4.
        7.       12.        6.        9.        2.        3.
  0.0282  0.0281  0.0279  0.0280  0.0280  0.0279  0.0281  0.0283  0.0280  0.0282  0.0278  0.0278
  0.0279  0.0279  0.0278  0.0278  0.0278  0.0278  0.0278  0.0280  0.0278  0.0279  0.0277  0.0277
  0.0277  0.0277  0.0277  0.0277  0.0277  0.0277  0.0277  0.0277  0.0277  0.0277  0.0277  0.0277
  0.0277  0.0277  0.0277  0.0277  0.0277  0.0277  0.0277  0.0277  0.0277  0.0277  0.0277  0.0277
  0.0277  0.0277  0.0277  0.0277  0.0277  0.0277  0.0277  0.0277  0.0277  0.0277  0.0277  0.0277
  0.0279  0.0278  0.0277  0.0278  0.0278  0.0277  0.0278  0.0280  0.0278  0.0279  0.0277  0.0277
  0.0282  0.0281  0.0279  0.0280  0.0280  0.0278  0.0281  0.0284  0.0280  0.0282  0.0278  0.0278
   -4.7566   -0.9354    2.2793  -19.7776  -27.4408  -14.9753
   -2.0782    6.4576    1.4489   23.9923   -5.6635  -31.7057
eta,q 0.97234  8.96163

---------------------------------------------------------------------
imgreg_4dfp /opt/freesurfer/average/711-2C_as_mni_average_305 /opt/freesurfer/average/711-2B_as_mni_average_305_mask talsrcimg_g11 none talsrcimg_to_711-2C_as_mni_average_305_t4 2311
---------------------------------------------------------------------

freesurfer imgreg_4dfp.c
/opt/freesurfer/average/711-2C_as_mni_average_305.4dfp.img
       256       256       256         1
  1.000000  1.000000  1.000000
orientation T byte_order littleendian
Reading image: /opt/freesurfer/average/711-2C_as_mni_average_305.4dfp.img
dimensions:      256       256       256
mmppix:       1.0000   -1.0000   -1.0000
center:     128.0000 -129.0000 -129.0000
/opt/freesurfer/average/711-2B_as_mni_average_305_mask.4dfp.img
       256       256       256         1
  1.000000  1.000000  1.000000
orientation T byte_order littleendian
Reading mask: /opt/freesurfer/average/711-2B_as_mni_average_305_mask.4dfp.img (2306576 pixels)
talsrcimg_g11.4dfp.img
       256       256       256         1
  1.000000  1.000000  1.000000
orientation T byte_order littleendian
Reading image: talsrcimg_g11.4dfp.img
dimensions:      256       256       256
mmppix:       1.0000   -1.0000   -1.0000
center:     128.0000 -129.0000 -129.0000
fimgreg.f
image alignment mode   2311 decimal      907 hex
parameters
   -4.7566   -0.9354    2.2793  -19.7776  -27.4408  -14.9753
   -2.0782    6.4576    1.4489   23.9923   -5.6635  -31.7057
eta,q 0.97234  8.96163
niter,ni,del,rscale     5    3    5.0000    0.8000
parameters
   -4.7514   -0.9222    2.2641  -19.7230  -27.4484  -15.6544
   -2.0749    6.5454    1.5091   23.8686   -5.3630  -31.7641
eta,q 0.97232  8.92965
  0.0298  0.0293  0.0285  0.0290  0.0289  0.0284  0.0293  0.0305  0.0291  0.0295  0.0283  0.0283
  0.0286  0.0284  0.0280  0.0283  0.0282  0.0280  0.0284  0.0290  0.0283  0.0285  0.0280  0.0280
  0.0279  0.0278  0.0278  0.0278  0.0278  0.0278  0.0279  0.0280  0.0278  0.0279  0.0278  0.0278
  0.0277  0.0277  0.0277  0.0277  0.0277  0.0277  0.0277  0.0277  0.0277  0.0277  0.0277  0.0277
  0.0279  0.0278  0.0278  0.0278  0.0278  0.0277  0.0279  0.0280  0.0278  0.0279  0.0277  0.0277
  0.0286  0.0284  0.0280  0.0283  0.0282  0.0282  0.0284  0.0289  0.0283  0.0286  0.0279  0.0280
  0.0298  0.0292  0.0285  0.0290  0.0289  0.0293  0.0292  0.0302  0.0290  0.0297  0.0281  0.0284
niter,ni,del,rscale     4    3    5.0000    0.7000
parameters
   -4.7487   -0.9301    2.2382  -19.8152  -27.3880  -15.5511
   -2.0778    6.5234    1.4757   23.8921   -5.4123  -31.7619
eta,q 0.97233  8.93422
  0.0293  0.0289  0.0283  0.0287  0.0287  0.0283  0.0289  0.0297  0.0287  0.0292  0.0281  0.0282
  0.0284  0.0282  0.0279  0.0281  0.0281  0.0280  0.0282  0.0286  0.0281  0.0284  0.0278  0.0279
  0.0279  0.0278  0.0277  0.0278  0.0278  0.0278  0.0278  0.0279  0.0278  0.0279  0.0277  0.0277
  0.0277  0.0277  0.0277  0.0277  0.0277  0.0277  0.0277  0.0277  0.0277  0.0277  0.0277  0.0277
  0.0279  0.0278  0.0278  0.0278  0.0278  0.0277  0.0278  0.0279  0.0278  0.0278  0.0277  0.0277
  0.0284  0.0283  0.0280  0.0282  0.0281  0.0278  0.0282  0.0286  0.0282  0.0284  0.0279  0.0279
  0.0293  0.0289  0.0283  0.0288  0.0286  0.0284  0.0289  0.0297  0.0288  0.0291  0.0281  0.0282
niter,ni,del,rscale     3    3    5.0000    0.6000
parameters
   -4.7524   -0.9396    2.2540  -19.8161  -27.3952  -15.3423
   -2.0791    6.4980    1.4624   23.9296   -5.4790  -31.7085
eta,q 0.97233  8.94366
  0.0289  0.0286  0.0282  0.0285  0.0284  0.0282  0.0286  0.0292  0.0285  0.0288  0.0280  0.0281
  0.0282  0.0281  0.0279  0.0280  0.0280  0.0279  0.0281  0.0283  0.0280  0.0282  0.0278  0.0278
  0.0278  0.0278  0.0277  0.0278  0.0278  0.0278  0.0278  0.0278  0.0278  0.0278  0.0277  0.0277
  0.0277  0.0277  0.0277  0.0277  0.0277  0.0277  0.0277  0.0277  0.0277  0.0277  0.0277  0.0277
  0.0278  0.0278  0.0277  0.0278  0.0278  0.0277  0.0278  0.0279  0.0278  0.0278  0.0277  0.0277
  0.0282  0.0281  0.0279  0.0280  0.0280  0.0278  0.0281  0.0284  0.0280  0.0282  0.0278  0.0278
  0.0289  0.0286  0.0281  0.0285  0.0284  0.0281  0.0286  0.0292  0.0285  0.0287  0.0280  0.0280
niter,ni,del,rscale     2    3    5.0000    0.5000
parameters
   -4.7557   -0.9413    2.2746  -19.8044  -27.4195  -15.1450
   -2.0902    6.4765    1.4556   23.9544   -5.5503  -31.6913
eta,q 0.97234  8.95225
  0.0285  0.0283  0.0280  0.0282  0.0282  0.0280  0.0283  0.0287  0.0282  0.0285  0.0279  0.0279
  0.0280  0.0280  0.0278  0.0279  0.0279  0.0278  0.0279  0.0281  0.0279  0.0280  0.0277  0.0278
  0.0278  0.0277  0.0277  0.0277  0.0277  0.0277  0.0277  0.0278  0.0277  0.0278  0.0277  0.0277
  0.0277  0.0277  0.0277  0.0277  0.0277  0.0277  0.0277  0.0277  0.0277  0.0277  0.0277  0.0277
  0.0278  0.0277  0.0277  0.0277  0.0277  0.0277  0.0277  0.0278  0.0277  0.0278  0.0277  0.0277
  0.0280  0.0280  0.0278  0.0279  0.0279  0.0277  0.0280  0.0282  0.0279  0.0280  0.0278  0.0278
  0.0285  0.0283  0.0280  0.0282  0.0282  0.0280  0.0283  0.0287  0.0282  0.0284  0.0279  0.0279
niter,ni,del,rscale     1    3    5.0000    0.4000
parameters
   -4.7555   -0.9379    2.2841  -19.7792  -27.4471  -14.9703
   -2.0816    6.4573    1.4486   23.9865   -5.6332  -31.6889
eta,q 0.97234  8.96082
  0.0282  0.0281  0.0279  0.0280  0.0280  0.0279  0.0281  0.0283  0.0280  0.0282  0.0278  0.0278
  0.0279  0.0279  0.0278  0.0278  0.0278  0.0278  0.0278  0.0280  0.0278  0.0279  0.0277  0.0277
  0.0277  0.0277  0.0277  0.0277  0.0277  0.0277  0.0277  0.0277  0.0277  0.0277  0.0277  0.0277
  0.0277  0.0277  0.0277  0.0277  0.0277  0.0277  0.0277  0.0277  0.0277  0.0277  0.0277  0.0277
  0.0277  0.0277  0.0277  0.0277  0.0277  0.0277  0.0277  0.0277  0.0277  0.0277  0.0277  0.0277
  0.0279  0.0278  0.0277  0.0278  0.0278  0.0277  0.0278  0.0280  0.0278  0.0279  0.0277  0.0277
  0.0282  0.0281  0.0279  0.0280  0.0280  0.0278  0.0281  0.0284  0.0280  0.0282  0.0278  0.0278
registration optimization eta report
parameter search radius
    0.8000    0.8000    0.8000    2.4000    2.4000    2.4000
    2.4000    2.4000    2.4000    2.4000    2.4000    2.4000
100000*second partial in parameter space
       84.       64.       33.        6.        5.        3.
        7.       12.        6.        9.        2.        3.
  0.0282  0.0281  0.0279  0.0280  0.0280  0.0279  0.0281  0.0283  0.0280  0.0282  0.0278  0.0278
  0.0279  0.0279  0.0278  0.0278  0.0278  0.0278  0.0278  0.0280  0.0278  0.0279  0.0277  0.0277
  0.0277  0.0277  0.0277  0.0277  0.0277  0.0277  0.0277  0.0277  0.0277  0.0277  0.0277  0.0277
  0.0277  0.0277  0.0277  0.0277  0.0277  0.0277  0.0277  0.0277  0.0277  0.0277  0.0277  0.0277
  0.0277  0.0277  0.0277  0.0277  0.0277  0.0277  0.0277  0.0277  0.0277  0.0277  0.0277  0.0277
  0.0279  0.0278  0.0277  0.0278  0.0278  0.0277  0.0278  0.0280  0.0278  0.0279  0.0277  0.0277
  0.0282  0.0281  0.0279  0.0280  0.0280  0.0278  0.0281  0.0284  0.0280  0.0282  0.0278  0.0278
   -4.7555   -0.9379    2.2841  -19.7792  -27.4471  -14.9703
   -2.0816    6.4573    1.4486   23.9865   -5.6332  -31.6889
eta,q 0.97234  8.96082

---------------------------------------------------------------------
compute_vox2vox talsrcimg talsrcimg_to_711-2C_as_mni_average_305_t4 /opt/freesurfer/average/711-2C_as_mni_average_305
---------------------------------------------------------------------

freesurfer compute_vox2vox.c
Reading: talsrcimg.4dfp.ifh
Reading: talsrcimg_to_711-2C_as_mni_average_305_t4
Reading: /opt/freesurfer/average/711-2C_as_mni_average_305.4dfp.ifh
Writing: talsrcimg_to_711-2C_as_mni_average_305_t4_vox2vox.txt

start time Wed Mar 11 23:00:21 CET 2026
end		time Wed Mar 11 23:01:48 CET 2026

mpr2mni305 success

avi2talxfm orig_nu.mgz /opt/freesurfer/average/mni305.cor.mgz talsrcimg_to_711-2C_as_mni_average_305_t4_vox2vox.txt transforms/talairach.auto.xfm
avi2talxfm done
mv -f /out/sourcedata/freesurfer/sub-v1s10x0050962_ses-1/mri/talsrcimg_to_711-2C_as_mni_average_305_t4_vox2vox.txt /out/sourcedata/freesurfer/sub-v1s10x0050962_ses-1/mri/transforms/talsrcimg_to_711-2C_as_mni_average_305_t4_vox2vox.txt
lta_convert --src orig_nu.mgz --trg /opt/freesurfer/average/mni305.cor.mgz --inxfm transforms/talairach.auto.xfm --outlta transforms/talairach.auto.xfm.lta --subject fsaverage
7.3.2

--src: orig_nu.mgz src image (geometry).
--trg: /opt/freesurfer/average/mni305.cor.mgz trg image (geometry).
--inmni: transforms/talairach.auto.xfm input MNI/XFM transform.
--outlta: transforms/talairach.auto.xfm.lta output LTA.
--s: fsaverage subject name
 LTA read, type : 1
 1.24013  -0.09278  -0.00494   5.28487;
 0.06493   1.04219   0.45706  -3.14328;
-0.04623  -0.34270   1.22730   0.51744;
 0.00000   0.00000   0.00000   1.00000;
setting subject to fsaverage
Writing  LTA to file transforms/talairach.auto.xfm.lta...
lta_convert successful.
 
 
Started at Wed Mar 11 23:00:20 CET 2026
Ended   at Wed Mar 11 23:01:48 CET 2026
talairach_avi done
