/out/sourcedata/freesurfer/sub-v1s10x0050979_ses-1/mri
/opt/freesurfer/bin/talairach_avi
--i orig_nu.mgz --xfm transforms/talairach.auto.xfm
talairach_avi 7.3.2
Linux dna030 5.14.0-427.37.1.el9_4.x86_64 #1 SMP PREEMPT_DYNAMIC Fri Sep 13 12:41:50 EDT 2024 x86_64 x86_64 x86_64 GNU/Linux
Thu Mar 12 00:58:11 CET 2026
mri_convert orig_nu.mgz talsrcimg.img 
reading from orig_nu.mgz...
TR=0.00, TE=0.00, TI=0.00, flip angle=0.00
i_ras = (-1, 0, 0)
j_ras = (0, 0, -1)
k_ras = (0, 1, 0)
writing to talsrcimg.img...
Analyze Output Matrix
-1.00000   0.00000   0.00000   136.17114;
 0.00000   0.00000   1.00000  -128.00000;
 0.00000  -1.00000   0.00000   126.38554;
 0.00000   0.00000   0.00000   1.00000;
--------------------
INFO: set hdr.hist.orient to -1
mpr2mni305 talsrcimg
Thu Mar 12 00:58:12 CET 2026
/opt/freesurfer/bin/mpr2mni305 talsrcimg
mpr2mni305 7.3.2
target=711-2C_as_mni_average_305

---------------------------------------------------------------------
analyzeto4dfp talsrcimg -O0 -y
---------------------------------------------------------------------

freesurfer ifh2hdr.c
Thu Mar 12 00:58:12 2026
Writing: talsrcimg.4dfp.hdr
freesurfer analyzeto4dfp.c
Reading: talsrcimg.hdr
header size 348 bytes
hdr.dime.datatype	offset=70	value=2
hdr.dime.bitpix		offset=72	value=8
hdr.hist.orient		offset=252	value=-1
dimensionality     4
dimensions       256       256       256         1
Reading: talsrcimg.img
Writing: talsrcimg.4dfp.img
Writing: talsrcimg.4dfp.ifh
ifh2hdr talsrcimg -r0to203
ori=2

---------------------------------------------------------------------
gauss_4dfp talsrcimg 1.1
---------------------------------------------------------------------

freesurfer gauss_4dfp.c
Reading: talsrcimg.4dfp.img
Writing: talsrcimg_g11.4dfp.img
image dimensions 256 256 256 padded to 288 288 288
processing volume 1freesurfer ifh2hdr.c
Thu Mar 12 00:58:14 2026
Writing: talsrcimg_g11.4dfp.hdr

Writing: talsrcimg_g11.4dfp.ifh
including: talsrcimg.4dfp.img.rec in talsrcimg_g11.4dfp.img.rec

---------------------------------------------------------------------
imgreg_4dfp /opt/freesurfer/average/711-2C_as_mni_average_305 none talsrcimg_g11 none talsrcimg_to_711-2C_as_mni_average_305_t4 4355
---------------------------------------------------------------------

freesurfer imgreg_4dfp.c
/opt/freesurfer/average/711-2C_as_mni_average_305.4dfp.img
       256       256       256         1
  1.000000  1.000000  1.000000
orientation T byte_order littleendian
Reading image: /opt/freesurfer/average/711-2C_as_mni_average_305.4dfp.img
dimensions:      256       256       256
mmppix:       1.0000   -1.0000   -1.0000
center:     128.0000 -129.0000 -129.0000
talsrcimg_g11.4dfp.img
       256       256       256         1
  1.000000  1.000000  1.000000
orientation T byte_order littleendian
Reading image: talsrcimg_g11.4dfp.img
dimensions:      256       256       256
mmppix:       1.0000   -1.0000   -1.0000
center:     128.0000 -129.0000 -129.0000
t4_read: open error in t4_sub.f l:  41 t4_file(1:l)talsrcimg_to_711-2C_as_mni_average_305_t4 
t4_read: transform initialized to I4
rotation matrix determinant  1.000000
image alignment mode   4355 decimal     1103 hex
   -7.5000  -45.0000  -45.0000 8549.1318   18.6526
    0.0000  -45.0000  -45.0000 8950.9893   18.6459
    7.5000  -45.0000  -45.0000 8593.1514   18.6673
   -7.5000  -37.5000  -45.0000 9077.1143   18.5622
    0.0000  -37.5000  -45.0000 9489.9229   18.5629
    7.5000  -37.5000  -45.0000 9092.6553   18.5864
   -7.5000  -30.0000  -45.0000 9897.8086   18.5260
    0.0000  -30.0000  -45.000010354.5547   18.5302
    7.5000  -30.0000  -45.0000 9896.4521   18.5503
   -7.5000  -22.5000  -45.000010665.1465   18.5531
    0.0000  -22.5000  -45.000011132.4736   18.5529
    7.5000  -22.5000  -45.000010627.5518   18.5690
   -7.5000  -15.0000  -45.000011346.3594   18.5930
    0.0000  -15.0000  -45.000011834.4609   18.5852
    7.5000  -15.0000  -45.000011285.5596   18.5997
   -7.5000   -7.5000  -45.000011956.1094   18.5956
    0.0000   -7.5000  -45.000012444.1797   18.5848
    7.5000   -7.5000  -45.000011879.9111   18.6013
   -7.5000    0.0000  -45.000012431.8252   18.5590
    0.0000    0.0000  -45.000012969.2168   18.5524
    7.5000    0.0000  -45.000012383.1445   18.5739
   -7.5000    7.5000  -45.000012000.6719   18.5157
    0.0000    7.5000  -45.000012537.4551   18.5163
    7.5000    7.5000  -45.000011928.0508   18.5399
   -7.5000   15.0000  -45.000011454.8438   18.5088
    0.0000   15.0000  -45.000011976.5537   18.5129
    7.5000   15.0000  -45.000011394.9111   18.5331
   -7.5000   22.5000  -45.000010831.0303   18.5469
    0.0000   22.5000  -45.000011308.7998   18.5467
    7.5000   22.5000  -45.000010740.0889   18.5629
   -7.5000   30.0000  -45.000010030.1289   18.3456
    0.0000   30.0000  -45.000010458.8564   18.3379
    7.5000   30.0000  -45.0000 9910.2744   18.3521
   -7.5000   37.5000  -45.0000 9570.5195   18.3545
    0.0000   37.5000  -45.0000 9979.5654   18.3438
    7.5000   37.5000  -45.0000 9442.4941   18.3600
   -7.5000   45.0000  -45.0000 8758.5869   17.8879
    0.0000   45.0000  -45.0000 9158.9521   17.8815
    7.5000   45.0000  -45.0000 8645.0127   17.9021
   -7.5000  -45.0000  -37.5000 9039.7119   18.6670
    0.0000  -45.0000  -37.5000 9454.0117   18.6696
    7.5000  -45.0000  -37.5000 9044.3613   18.6804
   -7.5000  -37.5000  -37.5000 9576.8516   18.5792
    0.0000  -37.5000  -37.500010019.0293   18.5909
    7.5000  -37.5000  -37.5000 9565.0264   18.6039
   -7.5000  -30.0000  -37.500010427.6279   18.5412
    0.0000  -30.0000  -37.500010901.0918   18.5595
    7.5000  -30.0000  -37.500010407.8662   18.5708
   -7.5000  -22.5000  -37.500011222.2432   18.5623
    0.0000  -22.5000  -37.500011709.8779   18.5771
    7.5000  -22.5000  -37.500011188.5547   18.5857
   -7.5000  -15.0000  -37.500011920.9629   18.5985
    0.0000  -15.0000  -37.500012426.9434   18.6037
    7.5000  -15.0000  -37.500011874.9424   18.6108
   -7.5000   -7.5000  -37.500012565.6895   18.6045
    0.0000   -7.5000  -37.500013070.3018   18.6039
    7.5000   -7.5000  -37.500012483.2422   18.6119
   -7.5000    0.0000  -37.500013074.5850   18.5731
    0.0000    0.0000  -37.500013609.6865   18.5757
    7.5000    0.0000  -37.500012977.5830   18.5868
   -7.5000    7.5000  -37.500012602.0713   18.5325
    0.0000    7.5000  -37.500013135.0273   18.5441
    7.5000    7.5000  -37.500012481.7197   18.5572
   -7.5000   15.0000  -37.500012003.1504   18.5240
    0.0000   15.0000  -37.500012526.5039   18.5422
    7.5000   15.0000  -37.500011893.8623   18.5537
   -7.5000   22.5000  -37.500011296.9717   18.5561
    0.0000   22.5000  -37.500011791.4990   18.5708
    7.5000   22.5000  -37.500011173.8320   18.5796
   -7.5000   30.0000  -37.500010456.1748   18.3511
    0.0000   30.0000  -37.500010898.1670   18.3562
    7.5000   30.0000  -37.500010315.4023   18.3632
   -7.5000   37.5000  -37.5000 9942.6826   18.3634
    0.0000   37.5000  -37.500010370.4180   18.3628
    7.5000   37.5000  -37.5000 9806.9209   18.3705
   -7.5000   45.0000  -37.5000 9082.1992   17.9023
    0.0000   45.0000  -37.5000 9488.7783   17.9046
    7.5000   45.0000  -37.5000 8955.3096   17.9151
   -7.5000  -45.0000  -30.0000 9680.1172   19.4044
    0.0000  -45.0000  -30.000010131.2227   19.4177
    7.5000  -45.0000  -30.0000 9689.5332   19.4230
   -7.5000  -37.5000  -30.000010240.9551   19.3143
    0.0000  -37.5000  -30.000010707.5479   19.3377
    7.5000  -37.5000  -30.000010236.0469   19.3454
   -7.5000  -30.0000  -30.000011150.3027   19.2748
    0.0000  -30.0000  -30.000011650.8281   19.3054
    7.5000  -30.0000  -30.000011142.9365   19.3108
   -7.5000  -22.5000  -30.000011984.2920   19.2955
    0.0000  -22.5000  -30.000012531.5303   19.3211
    7.5000  -22.5000  -30.000011950.1475   19.3220
   -7.5000  -15.0000  -30.000012717.1904   19.3325
    0.0000  -15.0000  -30.000013281.7568   19.3466
    7.5000  -15.0000  -30.000012647.9023   19.3451
   -7.5000   -7.5000  -30.000013394.4219   19.3389
    0.0000   -7.5000  -30.000013962.3857   19.3479
    7.5000   -7.5000  -30.000013295.3076   19.3488
   -7.5000    0.0000  -30.000013955.9424   19.3072
    0.0000    0.0000  -30.000014562.7764   19.3203
    7.5000    0.0000  -30.000013818.5830   19.3259
   -7.5000    7.5000  -30.000013451.9590   19.2660
    0.0000    7.5000  -30.000014020.1895   19.2891
    7.5000    7.5000  -30.000013273.7461   19.2970
   -7.5000   15.0000  -30.000012774.9883   19.2571
    0.0000   15.0000  -30.000013331.7754   19.2875
    7.5000   15.0000  -30.000012622.8477   19.2931
   -7.5000   22.5000  -30.000011984.1641   19.2871
    0.0000   22.5000  -30.000012510.2705   19.3126
    7.5000   22.5000  -30.000011836.6006   19.3136
   -7.5000   30.0000  -30.000011092.8652   19.0771
    0.0000   30.0000  -30.000011565.8604   19.0910
    7.5000   30.0000  -30.000010933.8564   19.0895
   -7.5000   37.5000  -30.000010537.2100   19.0902
    0.0000   37.5000  -30.000010990.1621   19.0991
    7.5000   37.5000  -30.000010375.8945   19.0997
   -7.5000   45.0000  -30.0000 9592.1221   18.6238
    0.0000   45.0000  -30.000010027.5479   18.6365
    7.5000   45.0000  -30.0000 9427.9229   18.6416
   -7.5000  -45.0000  -22.500010326.0752   20.0295
    0.0000  -45.0000  -22.500010808.6641   20.0420
    7.5000  -45.0000  -22.500010307.5664   20.0532
   -7.5000  -37.5000  -22.500010901.4521   19.9360
    0.0000  -37.5000  -22.500011393.5537   19.9572
    7.5000  -37.5000  -22.500010881.2607   19.9710
   -7.5000  -30.0000  -22.500011874.1035   19.8988
    0.0000  -30.0000  -22.500012419.0820   19.9258
    7.5000  -30.0000  -22.500011841.6211   19.9341
   -7.5000  -22.5000  -22.500012736.7637   19.9265
    0.0000  -22.5000  -22.500013344.8008   19.9469
    7.5000  -22.5000  -22.500012680.7373   19.9473
   -7.5000  -15.0000  -22.500013483.6504   19.9670
    0.0000  -15.0000  -22.500014123.8340   19.9763
    7.5000  -15.0000  -22.500013396.6562   19.9739
   -7.5000   -7.5000  -22.500014194.9160   19.9683
    0.0000   -7.5000  -22.500014860.4932   19.9752
    7.5000   -7.5000  -22.500014045.2617   19.9784
   -7.5000    0.0000  -22.500014801.0352   19.9297
    0.0000    0.0000  -22.500015498.2344   19.9420
    7.5000    0.0000  -22.500014586.8047   19.9534
   -7.5000    7.5000  -22.500014245.6172   19.8864
    0.0000    7.5000  -22.500014895.3613   19.9074
    7.5000    7.5000  -22.500014005.0859   19.9213
   -7.5000   15.0000  -22.500013519.0713   19.8806
    0.0000   15.0000  -22.500014111.5918   19.9074
    7.5000   15.0000  -22.500013298.9150   19.9159
   -7.5000   22.5000  -22.500012644.1426   19.9165
    0.0000   22.5000  -22.500013214.1611   19.9368
    7.5000   22.5000  -22.500012460.5752   19.9373
   -7.5000   30.0000  -22.500011705.3975   19.7062
    0.0000   30.0000  -22.500012229.3486   19.7153
    7.5000   30.0000  -22.500011525.5879   19.7130
   -7.5000   37.5000  -22.500011123.4102   19.7145
    0.0000   37.5000  -22.500011625.6543   19.7212
    7.5000   37.5000  -22.500010945.5762   19.7242
   -7.5000   45.0000  -22.500010122.7744   19.2384
    0.0000   45.0000  -22.500010567.9463   19.2503
    7.5000   45.0000  -22.5000 9936.5039   19.2612
   -7.5000  -45.0000  -15.000010956.2812   20.5066
    0.0000  -45.0000  -15.000011492.1328   20.5076
    7.5000  -45.0000  -15.000010948.5625   20.5296
   -7.5000  -37.5000  -15.000011541.7812   20.4078
    0.0000  -37.5000  -15.000012100.9453   20.4159
    7.5000  -37.5000  -15.000011530.5977   20.4408
   -7.5000  -30.0000  -15.000012571.0400   20.3720
    0.0000  -30.0000  -15.000013181.3408   20.3832
    7.5000  -30.0000  -15.000012526.3906   20.4009
   -7.5000  -22.5000  -15.000013462.7764   20.4072
    0.0000  -22.5000  -15.000014148.9746   20.4116
    7.5000  -22.5000  -15.000013393.9756   20.4197
   -7.5000  -15.0000  -15.000014250.7129   20.4528
    0.0000  -15.0000  -15.000014958.5176   20.4479
    7.5000  -15.0000  -15.000014101.0439   20.4529
   -7.5000   -7.5000  -15.000015016.6445   20.4503
    0.0000   -7.5000  -15.000015747.9902   20.4453
    7.5000   -7.5000  -15.000014783.1787   20.4571
   -7.5000    0.0000  -15.000015667.8633   20.4046
    0.0000    0.0000  -15.000016400.1406   20.4054
    7.5000    0.0000  -15.000015352.1025   20.4276
   -7.5000    7.5000  -15.000015074.8818   20.3571
    0.0000    7.5000  -15.000015773.2627   20.3650
    7.5000    7.5000  -15.000014726.5381   20.3899
   -7.5000   15.0000  -15.000014272.8750   20.3533
    0.0000   15.0000  -15.000014905.7881   20.3644
    7.5000   15.0000  -15.000013984.9404   20.3822
   -7.5000   22.5000  -15.000013321.2236   20.3960
    0.0000   22.5000  -15.000013924.9004   20.4002
    7.5000   22.5000  -15.000013088.9629   20.4084
   -7.5000   30.0000  -15.000012337.2832   20.1884
    0.0000   30.0000  -15.000012886.3447   20.1836
    7.5000   30.0000  -15.000012123.9268   20.1885
   -7.5000   37.5000  -15.000011743.4688   20.1931
    0.0000   37.5000  -15.000012289.5674   20.1881
    7.5000   37.5000  -15.000011540.8770   20.1996
   -7.5000   45.0000  -15.000010675.2891   19.7080
    0.0000   45.0000  -15.000011160.0137   19.7089
    7.5000   45.0000  -15.000010474.8633   19.7302
   -7.5000  -45.0000   -7.500011589.6992   20.7839
    0.0000  -45.0000   -7.500012146.0381   20.7759
    7.5000  -45.0000   -7.500011532.6562   20.8039
   -7.5000  -37.5000   -7.500012231.2744   20.6814
    0.0000  -37.5000   -7.500012808.8262   20.6802
    7.5000  -37.5000   -7.500012159.8975   20.7113
   -7.5000  -30.0000   -7.500013306.0068   20.6430
    0.0000  -30.0000   -7.500013938.3389   20.6438
    7.5000  -30.0000   -7.500013195.8105   20.6686
   -7.5000  -22.5000   -7.500014313.2090   20.6788
    0.0000  -22.5000   -7.500015016.9082   20.6729
    7.5000  -22.5000   -7.500014152.1328   20.6900
   -7.5000  -15.0000   -7.500015192.3018   20.7266
    0.0000  -15.0000   -7.500015902.5527   20.7127
    7.5000  -15.0000   -7.500014902.8232   20.7270
   -7.5000   -7.5000   -7.500016004.2900   20.7261
    0.0000   -7.5000   -7.500016731.8535   20.7120
    7.5000   -7.5000   -7.500015653.8154   20.7311
   -7.5000    0.0000   -7.500016673.7617   20.6802
    0.0000    0.0000   -7.500017395.1602   20.6722
    7.5000    0.0000   -7.500016241.8828   20.7003
   -7.5000    7.5000   -7.500016044.4971   20.6298
    0.0000    7.5000   -7.500016700.6484   20.6286
    7.5000    7.5000   -7.500015596.7754   20.6596
   -7.5000   15.0000   -7.500015211.1826   20.6239
    0.0000   15.0000   -7.500015804.9668   20.6246
    7.5000   15.0000   -7.500014807.4678   20.6495
   -7.5000   22.5000   -7.500014185.7051   20.6652
    0.0000   22.5000   -7.500014750.9404   20.6593
    7.5000   22.5000   -7.500013854.9785   20.6764
   -7.5000   30.0000   -7.500013124.1621   20.4582
    0.0000   30.0000   -7.500013662.3857   20.4445
    7.5000   30.0000   -7.500012821.0273   20.4585
   -7.5000   37.5000   -7.500012479.4795   20.4648
    0.0000   37.5000   -7.500013014.3613   20.4509
    7.5000   37.5000   -7.500012201.9355   20.4696
   -7.5000   45.0000   -7.500011299.0312   19.9774
    0.0000   45.0000   -7.500011760.2021   19.9697
    7.5000   45.0000   -7.500011044.7891   19.9968
   -7.5000  -45.0000    0.000012074.4170   20.8572
    0.0000  -45.0000    0.000012637.4551   20.8498
    7.5000  -45.0000    0.000011959.6064   20.8738
   -7.5000  -37.5000    0.000012766.4355   20.7561
    0.0000  -37.5000    0.000013349.7617   20.7569
    7.5000  -37.5000    0.000012599.5029   20.7834
   -7.5000  -30.0000    0.000013919.1328   20.7155
    0.0000  -30.0000    0.000014555.9775   20.7203
    7.5000  -30.0000    0.000013711.2939   20.7429
   -7.5000  -22.5000    0.000015073.7354   20.7459
    0.0000  -22.5000    0.000015814.2051   20.7458
    7.5000  -22.5000    0.000014810.3779   20.7639
   -7.5000  -15.0000    0.000016074.9551   20.7905
    0.0000  -15.0000    0.000016744.2969   20.7819
    7.5000  -15.0000    0.000015713.4287   20.7982
   -7.5000   -7.5000    0.000016803.2188   20.7935
    0.0000   -7.5000    0.000017406.3105   20.7815
    7.5000   -7.5000    0.000016441.9082   20.8001
   -7.5000    0.0000    0.000017435.2070   20.7526
    0.0000    0.0000    0.000017986.9688   20.7453
    7.5000    0.0000    0.000017010.8223   20.7695
   -7.5000    7.5000    0.000016793.1387   20.7041
    0.0000    7.5000    0.000017277.0742   20.7049
    7.5000    7.5000    0.000016279.8984   20.7314
   -7.5000   15.0000    0.000015973.5352   20.6963
    0.0000   15.0000    0.000016445.7246   20.7010
    7.5000   15.0000    0.000015398.9688   20.7238
   -7.5000   22.5000    0.000014903.5664   20.7322
    0.0000   22.5000    0.000015403.0205   20.7321
    7.5000   22.5000    0.000014373.6562   20.7503
   -7.5000   30.0000    0.000013722.6982   20.5219
    0.0000   30.0000    0.000014269.0732   20.5133
    7.5000   30.0000    0.000013294.2861   20.5294
   -7.5000   37.5000    0.000013013.8994   20.5319
    0.0000   37.5000    0.000013575.7930   20.5200
    7.5000   37.5000    0.000012634.5791   20.5382
   -7.5000   45.0000    0.000011739.8477   20.0493
    0.0000   45.0000    0.000012238.3750   20.0421
    7.5000   45.0000    0.000011434.2510   20.0653
   -7.5000  -45.0000    7.500011665.0449   20.8859
    0.0000  -45.0000    7.500012116.6875   20.8888
    7.5000  -45.0000    7.500011507.3867   20.9010
   -7.5000  -37.5000    7.500012312.3213   20.7876
    0.0000  -37.5000    7.500012800.4521   20.8008
    7.5000  -37.5000    7.500012148.0439   20.8154
   -7.5000  -30.0000    7.500013412.8682   20.7451
    0.0000  -30.0000    7.500013974.2461   20.7656
    7.5000  -30.0000    7.500013244.7178   20.7784
   -7.5000  -22.5000    7.500014547.2441   20.7688
    0.0000  -22.5000    7.500015228.7373   20.7853
    7.5000  -22.5000    7.500014276.8184   20.7951
   -7.5000  -15.0000    7.500015498.7090   20.8094
    0.0000  -15.0000    7.500016195.3408   20.8151
    7.5000  -15.0000    7.500015129.8545   20.8232
   -7.5000   -7.5000    7.500016303.0371   20.8160
    0.0000   -7.5000    7.500016965.7559   20.8154
    7.5000   -7.5000    7.500015860.1992   20.8244
   -7.5000    0.0000    7.500016942.4414   20.7809
    0.0000    0.0000    7.500017528.2949   20.7837
    7.5000    0.0000    7.500016427.9336   20.7963
   -7.5000    7.5000    7.500016277.8721   20.7354
    0.0000    7.5000    7.500016727.9316   20.7484
    7.5000    7.5000    7.500015683.4805   20.7632
   -7.5000   15.0000    7.500015422.7305   20.7259
    0.0000   15.0000    7.500015820.4482   20.7463
    7.5000   15.0000    7.500014787.9971   20.7592
   -7.5000   22.5000    7.500014377.4961   20.7551
    0.0000   22.5000    7.500014788.6895   20.7716
    7.5000   22.5000    7.500013802.0781   20.7815
   -7.5000   30.0000    7.500013228.9375   20.5405
    0.0000   30.0000    7.500013672.5146   20.5462
    7.5000   30.0000    7.500012761.4844   20.5541
   -7.5000   37.5000    7.500012546.3721   20.5542
    0.0000   37.5000    7.500013016.6650   20.5536
    7.5000   37.5000    7.500012135.8574   20.5623
   -7.5000   45.0000    7.500011302.5537   20.0774
    0.0000   45.0000    7.500011759.4229   20.0801
    7.5000   45.0000    7.500010971.3398   20.0920
   -7.5000  -45.0000   15.000011003.6455   20.9080
    0.0000  -45.0000   15.000011467.4951   20.9224
    7.5000  -45.0000   15.000010866.0469   20.9278
   -7.5000  -37.5000   15.000011633.2695   20.8109
    0.0000  -37.5000   15.000012168.7393   20.8361
    7.5000  -37.5000   15.000011499.3916   20.8442
   -7.5000  -30.0000   15.000012727.7637   20.7683
    0.0000  -30.0000   15.000013312.4902   20.8012
    7.5000  -30.0000   15.000012562.5977   20.8067
   -7.5000  -22.5000   15.000013774.0840   20.7903
    0.0000  -22.5000   15.000014402.9287   20.8179
    7.5000  -22.5000   15.000013529.6855   20.8185
   -7.5000  -15.0000   15.000014656.4082   20.8300
    0.0000  -15.0000   15.000015251.3027   20.8452
    7.5000  -15.0000   15.000014329.8271   20.8434
   -7.5000   -7.5000   15.000015485.9385   20.8369
    0.0000   -7.5000   15.000016050.5527   20.8466
    7.5000   -7.5000   15.000015073.5596   20.8473
   -7.5000    0.0000   15.000016164.8496   20.8029
    0.0000    0.0000   15.000016743.8594   20.8170
    7.5000    0.0000   15.000015681.7910   20.8229
   -7.5000    7.5000   15.000015522.2061   20.7587
    0.0000    7.5000   15.000016037.6318   20.7836
    7.5000    7.5000   15.000014999.0225   20.7919
   -7.5000   15.0000   15.000014667.4336   20.7492
    0.0000   15.0000   15.000015113.7734   20.7819
    7.5000   15.0000   15.000014129.8193   20.7875
   -7.5000   22.5000   15.000013640.7607   20.7767
    0.0000   22.5000   15.000014076.2451   20.8042
    7.5000   22.5000   15.000013158.4814   20.8049
   -7.5000   30.0000   15.000012525.5996   20.5609
    0.0000   30.0000   15.000012946.3750   20.5758
    7.5000   30.0000   15.000012123.5469   20.5740
   -7.5000   37.5000   15.000011875.7080   20.5750
    0.0000   37.5000   15.000012287.6484   20.5846
    7.5000   37.5000   15.000011492.8955   20.5851
   -7.5000   45.0000   15.000010681.8096   20.0993
    0.0000   45.0000   15.000011072.0967   20.1129
    7.5000   45.0000   15.000010371.3203   20.1183
   -7.5000  -45.0000   22.500010249.6240   20.9508
    0.0000  -45.0000   22.500010702.2930   20.9639
    7.5000  -45.0000   22.500010140.4512   20.9751
   -7.5000  -37.5000   22.500010876.7061   20.8527
    0.0000  -37.5000   22.500011332.1533   20.8748
    7.5000  -37.5000   22.500010750.0195   20.8887
   -7.5000  -30.0000   22.500011911.0938   20.8137
    0.0000  -30.0000   22.500012388.7295   20.8417
    7.5000  -30.0000   22.500011748.3477   20.8498
   -7.5000  -22.5000   22.500012869.4170   20.8424
    0.0000  -22.5000   22.500013360.1143   20.8637
    7.5000  -22.5000   22.500012639.8096   20.8634
   -7.5000  -15.0000   22.500013669.2803   20.8846
    0.0000  -15.0000   22.500014135.1992   20.8943
    7.5000  -15.0000   22.500013373.0723   20.8912
   -7.5000   -7.5000   22.500014415.9717   20.8859
    0.0000   -7.5000   22.500014930.1670   20.8931
    7.5000   -7.5000   22.500014091.1064   20.8959
   -7.5000    0.0000   22.500015043.7607   20.8456
    0.0000    0.0000   22.500015587.3457   20.8584
    7.5000    0.0000   22.500014686.9736   20.8699
   -7.5000    7.5000   22.500014462.1396   20.8004
    0.0000    7.5000   22.500014971.1260   20.8223
    7.5000    7.5000   22.500014099.9258   20.8362
   -7.5000   15.0000   22.500013697.2295   20.7945
    0.0000   15.0000   22.500014155.8506   20.8223
    7.5000   15.0000   22.500013336.7432   20.8306
   -7.5000   22.5000   22.500012761.3828   20.8287
    0.0000   22.5000   22.500013188.7100   20.8499
    7.5000   22.5000   22.500012405.5010   20.8498
   -7.5000   30.0000   22.500011729.7109   20.6146
    0.0000   30.0000   22.500012141.8701   20.6242
    7.5000   30.0000   22.500011422.6904   20.6212
   -7.5000   37.5000   22.500011071.2686   20.6234
    0.0000   37.5000   22.500011487.0479   20.6305
    7.5000   37.5000   22.500010815.4531   20.6330
   -7.5000   45.0000   22.5000 9939.4570   20.1404
    0.0000   45.0000   22.500010314.6172   20.1528
    7.5000   45.0000   22.5000 9710.2715   20.1637
   -7.5000  -45.0000   30.0000 9408.0381   21.2033
    0.0000  -45.0000   30.0000 9852.4209   21.2043
    7.5000  -45.0000   30.0000 9370.5703   21.2270
   -7.5000  -37.5000   30.0000 9993.6152   21.0994
    0.0000  -37.5000   30.000010437.3779   21.1077
    7.5000  -37.5000   30.0000 9924.7520   21.1333
   -7.5000  -30.0000   30.000010939.7422   21.0611
    0.0000  -30.0000   30.000011399.2109   21.0725
    7.5000  -30.0000   30.000010852.8623   21.0904
   -7.5000  -22.5000   30.000011810.2461   21.0973
    0.0000  -22.5000   30.000012264.5840   21.1018
    7.5000  -22.5000   30.000011673.3486   21.1095
   -7.5000  -15.0000   30.000012541.0010   21.1450
    0.0000  -15.0000   30.000012977.9141   21.1399
    7.5000  -15.0000   30.000012344.2852   21.1445
   -7.5000   -7.5000   30.000013228.3145   21.1428
    0.0000   -7.5000   30.000013688.5508   21.1378
    7.5000   -7.5000   30.000012979.7500   21.1497
   -7.5000    0.0000   30.000013792.6377   21.0957
    0.0000    0.0000   30.000014280.7490   21.0967
    7.5000    0.0000   30.000013542.5400   21.1195
   -7.5000    7.5000   30.000013270.5723   21.0459
    0.0000    7.5000   30.000013760.3613   21.0540
    7.5000    7.5000   30.000013046.2773   21.0796
   -7.5000   15.0000   30.000012592.6006   21.0413
    0.0000   15.0000   30.000013064.2139   21.0527
    7.5000   15.0000   30.000012361.1689   21.0706
   -7.5000   22.5000   30.000011759.3350   21.0834
    0.0000   22.5000   30.000012200.9951   21.0877
    7.5000   22.5000   30.000011510.2559   21.0955
   -7.5000   30.0000   30.000010840.3174   20.8716
    0.0000   30.0000   30.000011251.5488   20.8666
    7.5000   30.0000   30.000010610.3174   20.8711
   -7.5000   37.5000   30.000010199.9893   20.8771
    0.0000   37.5000   30.000010592.6387   20.8721
    7.5000   37.5000   30.000010007.6260   20.8836
   -7.5000   45.0000   30.0000 9140.8545   20.3811
    0.0000   45.0000   30.0000 9510.6191   20.3821
    7.5000   45.0000   30.0000 8964.1299   20.4040
   -7.5000  -45.0000   37.5000 8921.0322   21.6962
    0.0000  -45.0000   37.5000 9364.1182   21.6872
    7.5000  -45.0000   37.5000 8931.5928   21.7148
   -7.5000  -37.5000   37.5000 9480.5645   21.5829
    0.0000  -37.5000   37.5000 9912.7373   21.5813
    7.5000  -37.5000   37.5000 9459.8496   21.6126
   -7.5000  -30.0000   37.500010369.5078   21.5377
    0.0000  -30.0000   37.500010831.7002   21.5383
    7.5000  -30.0000   37.500010335.3223   21.5631
   -7.5000  -22.5000   37.500011206.1934   21.5749
    0.0000  -22.5000   37.500011652.9365   21.5684
    7.5000  -22.5000   37.500011098.3428   21.5847
   -7.5000  -15.0000   37.500011907.9658   21.6283
    0.0000  -15.0000   37.500012351.6602   21.6132
    7.5000  -15.0000   37.500011748.9912   21.6262
   -7.5000   -7.5000   37.500012543.4590   21.6312
    0.0000   -7.5000   37.500012996.7363   21.6158
    7.5000   -7.5000   37.500012375.0664   21.6338
   -7.5000    0.0000   37.500013087.5654   21.5834
    0.0000    0.0000   37.500013568.5723   21.5744
    7.5000    0.0000   37.500012923.4004   21.6021
   -7.5000    7.5000   37.500012626.5479   21.5268
    0.0000    7.5000   37.500013104.0928   21.5251
    7.5000    7.5000   37.500012478.6543   21.5564
   -7.5000   15.0000   37.500011996.9463   21.5169
    0.0000   15.0000   37.500012457.9863   21.5175
    7.5000   15.0000   37.500011845.1318   21.5423
   -7.5000   22.5000   37.500011229.2930   21.5605
    0.0000   22.5000   37.500011675.4678   21.5540
    7.5000   22.5000   37.500011045.9629   21.5703
   -7.5000   30.0000   37.500010364.0918   21.3487
    0.0000   30.0000   37.500010769.1826   21.3338
    7.5000   30.0000   37.500010169.3574   21.3466
   -7.5000   37.5000   37.5000 9766.1943   21.3590
    0.0000   37.5000   37.500010148.2148   21.3438
    7.5000   37.5000   37.5000 9585.8184   21.3614
   -7.5000   45.0000   37.5000 8753.5977   20.8497
    0.0000   45.0000   37.5000 9112.8877   20.8411
    7.5000   45.0000   37.5000 8623.8145   20.8678
   -7.5000  -45.0000   45.0000 8102.2388   22.2859
    0.0000  -45.0000   45.0000 8530.2920   22.2811
    7.5000  -45.0000   45.0000 8108.7642   22.3027
   -7.5000  -37.5000   45.0000 8629.9854   22.1640
    0.0000  -37.5000   45.0000 9038.7227   22.1684
    7.5000  -37.5000   45.0000 8602.1738   22.1944
   -7.5000  -30.0000   45.0000 9442.0625   22.1128
    0.0000  -30.0000   45.0000 9877.3984   22.1223
    7.5000  -30.0000   45.0000 9386.6484   22.1454
   -7.5000  -22.5000   45.000010185.6025   22.1493
    0.0000  -22.5000   45.000010622.5703   22.1539
    7.5000  -22.5000   45.000010100.1660   22.1718
   -7.5000  -15.0000   45.000010805.2334   22.2061
    0.0000  -15.0000   45.000011256.9082   22.2010
    7.5000  -15.0000   45.000010708.5723   22.2155
   -7.5000   -7.5000   45.000011388.6611   22.2136
    0.0000   -7.5000   45.000011858.8037   22.2041
    7.5000   -7.5000   45.000011289.7129   22.2197
   -7.5000    0.0000   45.000011895.6299   22.1657
    0.0000    0.0000   45.000012394.7344   22.1609
    7.5000    0.0000   45.000011802.7266   22.1829
   -7.5000    7.5000   45.000011503.1426   22.1043
    0.0000    7.5000   45.000011989.0254   22.1087
    7.5000    7.5000   45.000011408.0996   22.1348
   -7.5000   15.0000   45.000010954.0137   22.0907
    0.0000   15.0000   45.000011405.1406   22.1002
    7.5000   15.0000   45.000010827.0918   22.1234
   -7.5000   22.5000   45.000010272.3721   22.1343
    0.0000   22.5000   45.000010683.4668   22.1388
    7.5000   22.5000   45.000010108.8096   22.1569
   -7.5000   30.0000   45.0000 9469.5967   21.9172
    0.0000   30.0000   45.0000 9850.1211   21.9122
    7.5000   30.0000   45.0000 9316.7842   21.9264
   -7.5000   37.5000   45.0000 8951.7393   21.9304
    0.0000   37.5000   45.0000 9315.2051   21.9210
    7.5000   37.5000   45.0000 8799.5537   21.9362
   -7.5000   45.0000   45.0000 8050.0625   21.4175
    0.0000   45.0000   45.0000 8379.7236   21.4129
    7.5000   45.0000   45.0000 7920.0352   21.4340

---------------------------------------------------------------------
imgreg_4dfp /opt/freesurfer/average/711-2C_as_mni_average_305 /opt/freesurfer/average/711-2B_as_mni_average_305_mask talsrcimg_g11 none talsrcimg_to_711-2C_as_mni_average_305_t4 4355
---------------------------------------------------------------------

freesurfer imgreg_4dfp.c
/opt/freesurfer/average/711-2C_as_mni_average_305.4dfp.img
       256       256       256         1
  1.000000  1.000000  1.000000
orientation T byte_order littleendian
Reading image: /opt/freesurfer/average/711-2C_as_mni_average_305.4dfp.img
dimensions:      256       256       256
mmppix:       1.0000   -1.0000   -1.0000
center:     128.0000 -129.0000 -129.0000
/opt/freesurfer/average/711-2B_as_mni_average_305_mask.4dfp.img
       256       256       256         1
  1.000000  1.000000  1.000000
orientation T byte_order littleendian
Reading mask: /opt/freesurfer/average/711-2B_as_mni_average_305_mask.4dfp.img (2306576 pixels)
talsrcimg_g11.4dfp.img
       256       256       256         1
  1.000000  1.000000  1.000000
orientation T byte_order littleendian
Reading image: talsrcimg_g11.4dfp.img
dimensions:      256       256       256
mmppix:       1.0000   -1.0000   -1.0000
center:     128.0000 -129.0000 -129.0000
rotation matrix determinant  1.000000
image alignment mode   4355 decimal     1103 hex
   -7.5000  -45.0000  -45.0000 2191.9851   19.7323
    0.0000  -45.0000  -45.0000 2199.8618   19.6191
    7.5000  -45.0000  -45.0000 2200.6411   19.6127
   -7.5000  -37.5000  -45.0000 2279.6833   18.1405
    0.0000  -37.5000  -45.0000 2286.5432   18.0762
    7.5000  -37.5000  -45.0000 2282.3052   18.1352
   -7.5000  -30.0000  -45.0000 2334.7263   16.9888
    0.0000  -30.0000  -45.0000 2347.7729   16.9280
    7.5000  -30.0000  -45.0000 2337.9275   17.0559
   -7.5000  -22.5000  -45.0000 2376.5098   16.3081
    0.0000  -22.5000  -45.0000 2390.0396   16.1667
    7.5000  -22.5000  -45.0000 2378.4678   16.2751
   -7.5000  -15.0000  -45.0000 2397.8916   15.8981
    0.0000  -15.0000  -45.0000 2414.4075   15.7367
    7.5000  -15.0000  -45.0000 2405.5334   15.8212
   -7.5000   -7.5000  -45.0000 2400.8398   15.7839
    0.0000   -7.5000  -45.0000 2417.1345   15.6167
    7.5000   -7.5000  -45.0000 2409.8203   15.6927
   -7.5000    0.0000  -45.0000 2375.2334   15.9394
    0.0000    0.0000  -45.0000 2399.5112   15.7994
    7.5000    0.0000  -45.0000 2394.3064   15.8839
   -7.5000    7.5000  -45.0000 2327.8091   16.4303
    0.0000    7.5000  -45.0000 2353.7991   16.2990
    7.5000    7.5000  -45.0000 2344.1794   16.3881
   -7.5000   15.0000  -45.0000 2256.6833   17.2333
    0.0000   15.0000  -45.0000 2278.0327   17.1241
    7.5000   15.0000  -45.0000 2274.2539   17.2110
   -7.5000   22.5000  -45.0000 2178.6978   18.5186
    0.0000   22.5000  -45.0000 2194.4160   18.3958
    7.5000   22.5000  -45.0000 2188.6868   18.5094
   -7.5000   30.0000  -45.0000 2082.7063   20.4342
    0.0000   30.0000  -45.0000 2095.0464   20.2888
    7.5000   30.0000  -45.0000 2083.4075   20.4403
   -7.5000   37.5000  -45.0000 1974.7977   23.0143
    0.0000   37.5000  -45.0000 1984.5740   22.8278
    7.5000   37.5000  -45.0000 1971.2417   22.9530
   -7.5000   45.0000  -45.0000 1855.3628   26.3136
    0.0000   45.0000  -45.0000 1878.8226   26.1545
    7.5000   45.0000  -45.0000 1861.5531   26.2463
   -7.5000  -45.0000  -37.5000 2258.2529   18.6739
    0.0000  -45.0000  -37.5000 2268.6353   18.5689
    7.5000  -45.0000  -37.5000 2266.6250   18.4935
   -7.5000  -37.5000  -37.5000 2348.9478   17.1288
    0.0000  -37.5000  -37.5000 2360.1208   17.0461
    7.5000  -37.5000  -37.5000 2353.2163   17.0390
   -7.5000  -30.0000  -37.5000 2410.9121   15.9966
    0.0000  -30.0000  -37.5000 2422.9434   15.9217
    7.5000  -30.0000  -37.5000 2416.8838   15.9753
   -7.5000  -22.5000  -37.5000 2456.1216   15.3369
    0.0000  -22.5000  -37.5000 2467.3755   15.1938
    7.5000  -22.5000  -37.5000 2463.5190   15.3006
   -7.5000  -15.0000  -37.5000 2480.2766   14.9120
    0.0000  -15.0000  -37.5000 2499.1853   14.7668
    7.5000  -15.0000  -37.5000 2492.3625   14.8700
   -7.5000   -7.5000  -37.5000 2486.8342   14.8134
    0.0000   -7.5000  -37.5000 2506.0906   14.6424
    7.5000   -7.5000  -37.5000 2500.9954   14.7525
   -7.5000    0.0000  -37.5000 2463.7913   14.9515
    0.0000    0.0000  -37.5000 2489.7036   14.7784
    7.5000    0.0000  -37.5000 2484.0964   14.8823
   -7.5000    7.5000  -37.5000 2421.0337   15.3468
    0.0000    7.5000  -37.5000 2448.1990   15.2241
    7.5000    7.5000  -37.5000 2436.9253   15.3255
   -7.5000   15.0000  -37.5000 2349.9282   16.0675
    0.0000   15.0000  -37.5000 2371.2791   15.9588
    7.5000   15.0000  -37.5000 2362.6196   16.0284
   -7.5000   22.5000  -37.5000 2263.5732   17.2351
    0.0000   22.5000  -37.5000 2280.0322   17.1216
    7.5000   22.5000  -37.5000 2265.3315   17.1861
   -7.5000   30.0000  -37.5000 2158.5869   18.9282
    0.0000   30.0000  -37.5000 2169.9373   18.8002
    7.5000   30.0000  -37.5000 2154.3735   18.8921
   -7.5000   37.5000  -37.5000 2041.6355   21.2330
    0.0000   37.5000  -37.5000 2051.1719   21.1058
    7.5000   37.5000  -37.5000 2038.3148   21.1745
   -7.5000   45.0000  -37.5000 1924.9716   24.1561
    0.0000   45.0000  -37.5000 1939.2312   24.0593
    7.5000   45.0000  -37.5000 1923.5093   24.1783
   -7.5000  -45.0000  -30.0000 2357.4075   18.2945
    0.0000  -45.0000  -30.0000 2368.8223   18.1244
    7.5000  -45.0000  -30.0000 2367.9304   18.0688
   -7.5000  -37.5000  -30.0000 2454.5708   16.6735
    0.0000  -37.5000  -30.0000 2464.7654   16.5804
    7.5000  -37.5000  -30.0000 2463.3081   16.5630
   -7.5000  -30.0000  -30.0000 2529.0657   15.5441
    0.0000  -30.0000  -30.0000 2539.3865   15.4360
    7.5000  -30.0000  -30.0000 2539.3206   15.4947
   -7.5000  -22.5000  -30.0000 2583.9141   14.8443
    0.0000  -22.5000  -30.0000 2599.6194   14.7312
    7.5000  -22.5000  -30.0000 2595.6948   14.8240
   -7.5000  -15.0000  -30.0000 2615.0293   14.4407
    0.0000  -15.0000  -30.0000 2631.4348   14.3123
    7.5000  -15.0000  -30.0000 2625.2485   14.4184
   -7.5000   -7.5000  -30.0000 2625.2800   14.3734
    0.0000   -7.5000  -30.0000 2643.2966   14.2101
    7.5000   -7.5000  -30.0000 2638.5032   14.3068
   -7.5000    0.0000  -30.0000 2607.7939   14.5108
    0.0000    0.0000  -30.0000 2637.4553   14.3379
    7.5000    0.0000  -30.0000 2624.7253   14.4207
   -7.5000    7.5000  -30.0000 2566.2017   14.8606
    0.0000    7.5000  -30.0000 2593.7278   14.7302
    7.5000    7.5000  -30.0000 2574.5615   14.8221
   -7.5000   15.0000  -30.0000 2491.7664   15.5127
    0.0000   15.0000  -30.0000 2517.3398   15.4031
    7.5000   15.0000  -30.0000 2499.4250   15.4867
   -7.5000   22.5000  -30.0000 2394.9358   16.5868
    0.0000   22.5000  -30.0000 2416.4231   16.5007
    7.5000   22.5000  -30.0000 2396.7432   16.5849
   -7.5000   30.0000  -30.0000 2279.7048   18.1956
    0.0000   30.0000  -30.0000 2298.0869   18.0641
    7.5000   30.0000  -30.0000 2278.6777   18.1504
   -7.5000   37.5000  -30.0000 2157.1987   20.3414
    0.0000   37.5000  -30.0000 2169.7058   20.2337
    7.5000   37.5000  -30.0000 2150.8279   20.3171
   -7.5000   45.0000  -30.0000 2029.7820   23.1814
    0.0000   45.0000  -30.0000 2041.5770   23.0574
    7.5000   45.0000  -30.0000 2019.9760   23.1354
   -7.5000  -45.0000  -22.5000 2423.9353   17.7258
    0.0000  -45.0000  -22.5000 2434.7773   17.5376
    7.5000  -45.0000  -22.5000 2431.1848   17.4992
   -7.5000  -37.5000  -22.5000 2525.6348   16.0347
    0.0000  -37.5000  -22.5000 2537.0046   15.9274
    7.5000  -37.5000  -22.5000 2533.1245   15.9415
   -7.5000  -30.0000  -22.5000 2615.6091   14.8998
    0.0000  -30.0000  -22.5000 2630.0767   14.8155
    7.5000  -30.0000  -22.5000 2626.7505   14.8616
   -7.5000  -22.5000  -22.5000 2683.0276   14.2301
    0.0000  -22.5000  -22.5000 2702.4385   14.1166
    7.5000  -22.5000  -22.5000 2693.3618   14.1801
   -7.5000  -15.0000  -22.5000 2722.0422   13.8480
    0.0000  -15.0000  -22.5000 2744.2429   13.7336
    7.5000  -15.0000  -22.5000 2731.6221   13.8036
   -7.5000   -7.5000  -22.5000 2737.9663   13.7910
    0.0000   -7.5000  -22.5000 2763.9849   13.6427
    7.5000   -7.5000  -22.5000 2747.8367   13.7313
   -7.5000    0.0000  -22.5000 2727.2148   13.9482
    0.0000    0.0000  -22.5000 2759.3901   13.7832
    7.5000    0.0000  -22.5000 2736.0872   13.8696
   -7.5000    7.5000  -22.5000 2680.7800   14.2889
    0.0000    7.5000  -22.5000 2711.5034   14.1623
    7.5000    7.5000  -22.5000 2685.0410   14.2502
   -7.5000   15.0000  -22.5000 2602.3723   14.9036
    0.0000   15.0000  -22.5000 2627.3455   14.7976
    7.5000   15.0000  -22.5000 2607.7051   14.8802
   -7.5000   22.5000  -22.5000 2498.0994   15.9211
    0.0000   22.5000  -22.5000 2519.8491   15.8249
    7.5000   22.5000  -22.5000 2500.7046   15.9436
   -7.5000   30.0000  -22.5000 2373.7292   17.4826
    0.0000   30.0000  -22.5000 2393.6426   17.3495
    7.5000   30.0000  -22.5000 2375.4424   17.4430
   -7.5000   37.5000  -22.5000 2238.7075   19.5665
    0.0000   37.5000  -22.5000 2258.0625   19.4351
    7.5000   37.5000  -22.5000 2239.0002   19.5376
   -7.5000   45.0000  -22.5000 2103.5774   22.2771
    0.0000   45.0000  -22.5000 2114.9465   22.0795
    7.5000   45.0000  -22.5000 2092.2964   22.2007
   -7.5000  -45.0000  -15.0000 2447.9275   17.1737
    0.0000  -45.0000  -15.0000 2464.7915   16.9717
    7.5000  -45.0000  -15.0000 2463.5024   16.9873
   -7.5000  -37.5000  -15.0000 2559.7400   15.4962
    0.0000  -37.5000  -15.0000 2579.4163   15.3609
    7.5000  -37.5000  -15.0000 2575.5017   15.3944
   -7.5000  -30.0000  -15.0000 2662.7268   14.3483
    0.0000  -30.0000  -15.0000 2685.6609   14.2411
    7.5000  -30.0000  -15.0000 2680.4780   14.3065
   -7.5000  -22.5000  -15.0000 2737.8042   13.6649
    0.0000  -22.5000  -15.0000 2765.1187   13.5713
    7.5000  -22.5000  -15.0000 2754.2930   13.6214
   -7.5000  -15.0000  -15.0000 2789.9446   13.2971
    0.0000  -15.0000  -15.0000 2822.5017   13.1766
    7.5000  -15.0000  -15.0000 2802.6877   13.2493
   -7.5000   -7.5000  -15.0000 2821.3188   13.2219
    0.0000   -7.5000  -15.0000 2851.0413   13.0781
    7.5000   -7.5000  -15.0000 2828.3738   13.1605
   -7.5000    0.0000  -15.0000 2810.9104   13.4056
    0.0000    0.0000  -15.0000 2839.2070   13.2500
    7.5000    0.0000  -15.0000 2810.1804   13.3445
   -7.5000    7.5000  -15.0000 2763.8777   13.7787
    0.0000    7.5000  -15.0000 2791.9202   13.6402
    7.5000    7.5000  -15.0000 2759.4363   13.7342
   -7.5000   15.0000  -15.0000 2675.7649   14.3851
    0.0000   15.0000  -15.0000 2698.0088   14.2531
    7.5000   15.0000  -15.0000 2673.4963   14.3815
   -7.5000   22.5000  -15.0000 2563.4121   15.3777
    0.0000   22.5000  -15.0000 2584.1074   15.2515
    7.5000   22.5000  -15.0000 2560.4148   15.4293
   -7.5000   30.0000  -15.0000 2436.1821   16.8885
    0.0000   30.0000  -15.0000 2452.9612   16.7289
    7.5000   30.0000  -15.0000 2434.3171   16.9266
   -7.5000   37.5000  -15.0000 2293.3335   18.8946
    0.0000   37.5000  -15.0000 2315.4277   18.7711
    7.5000   37.5000  -15.0000 2301.4519   18.9595
   -7.5000   45.0000  -15.0000 2149.9890   21.5071
    0.0000   45.0000  -15.0000 2164.1365   21.3382
    7.5000   45.0000  -15.0000 2149.2737   21.5251
   -7.5000  -45.0000   -7.5000 2447.5554   16.7807
    0.0000  -45.0000   -7.5000 2470.0991   16.5538
    7.5000  -45.0000   -7.5000 2463.7563   16.6307
   -7.5000  -37.5000   -7.5000 2567.9353   15.1518
    0.0000  -37.5000   -7.5000 2595.5964   14.9501
    7.5000  -37.5000   -7.5000 2593.5349   15.0356
   -7.5000  -30.0000   -7.5000 2679.7356   13.9751
    0.0000  -30.0000   -7.5000 2712.0583   13.8208
    7.5000  -30.0000   -7.5000 2704.3374   13.9188
   -7.5000  -22.5000   -7.5000 2772.8120   13.2828
    0.0000  -22.5000   -7.5000 2808.4790   13.1548
    7.5000  -22.5000   -7.5000 2796.1138   13.2456
   -7.5000  -15.0000   -7.5000 2840.8833   12.8956
    0.0000  -15.0000   -7.5000 2877.6938   12.7565
    7.5000  -15.0000   -7.5000 2852.0974   12.8732
   -7.5000   -7.5000   -7.5000 2876.7275   12.7793
    0.0000   -7.5000   -7.5000 2918.6938   12.6063
    7.5000   -7.5000   -7.5000 2884.9419   12.7846
   -7.5000    0.0000   -7.5000 2866.8101   12.9623
    0.0000    0.0000   -7.5000 2896.7668   12.7935
    7.5000    0.0000   -7.5000 2860.8958   12.9669
   -7.5000    7.5000   -7.5000 2818.4705   13.3511
    0.0000    7.5000   -7.5000 2838.9392   13.1867
    7.5000    7.5000   -7.5000 2805.3596   13.3702
   -7.5000   15.0000   -7.5000 2725.5764   13.9987
    0.0000   15.0000   -7.5000 2740.1453   13.8363
    7.5000   15.0000   -7.5000 2717.4783   14.0634
   -7.5000   22.5000   -7.5000 2603.2380   15.0202
    0.0000   22.5000   -7.5000 2616.9846   14.8485
    7.5000   22.5000   -7.5000 2600.4873   15.0914
   -7.5000   30.0000   -7.5000 2472.8723   16.4746
    0.0000   30.0000   -7.5000 2483.7266   16.3143
    7.5000   30.0000   -7.5000 2464.4133   16.5639
   -7.5000   37.5000   -7.5000 2327.7546   18.3777
    0.0000   37.5000   -7.5000 2345.7480   18.2898
    7.5000   37.5000   -7.5000 2327.7490   18.5256
   -7.5000   45.0000   -7.5000 2176.0000   20.8887
    0.0000   45.0000   -7.5000 2186.0076   20.7621
    7.5000   45.0000   -7.5000 2174.1106   20.9943
   -7.5000  -45.0000    0.0000 2427.1230   16.6701
    0.0000  -45.0000    0.0000 2447.8254   16.3991
    7.5000  -45.0000    0.0000 2442.2761   16.5781
   -7.5000  -37.5000    0.0000 2555.3108   15.0157
    0.0000  -37.5000    0.0000 2581.3230   14.7991
    7.5000  -37.5000    0.0000 2577.1626   14.9403
   -7.5000  -30.0000    0.0000 2676.8611   13.8379
    0.0000  -30.0000    0.0000 2712.1816   13.6759
    7.5000  -30.0000    0.0000 2699.3528   13.8101
   -7.5000  -22.5000    0.0000 2784.4817   13.1185
    0.0000  -22.5000    0.0000 2825.6301   12.9875
    7.5000  -22.5000    0.0000 2804.7578   13.1485
   -7.5000  -15.0000    0.0000 2864.2517   12.7596
    0.0000  -15.0000    0.0000 2905.3445   12.6147
    7.5000  -15.0000    0.0000 2871.5552   12.7983
   -7.5000   -7.5000    0.0000 2908.7544   12.5848
    0.0000   -7.5000    0.0000 2955.6516   12.3864
    7.5000   -7.5000    0.0000 2905.8538   12.6480
   -7.5000    0.0000    0.0000 2896.4141   12.6700
    0.0000    0.0000    0.0000 2925.7998   12.4784
    7.5000    0.0000    0.0000 2885.4292   12.7590
   -7.5000    7.5000    0.0000 2837.7695   13.0867
    0.0000    7.5000    0.0000 2848.3032   12.9111
    7.5000    7.5000    0.0000 2821.8367   13.1921
   -7.5000   15.0000    0.0000 2738.3506   13.8152
    0.0000   15.0000    0.0000 2747.4417   13.6652
    7.5000   15.0000    0.0000 2725.7224   13.9078
   -7.5000   22.5000    0.0000 2612.2224   14.8555
    0.0000   22.5000    0.0000 2622.3474   14.7036
    7.5000   22.5000    0.0000 2604.0344   14.9161
   -7.5000   30.0000    0.0000 2480.0850   16.2558
    0.0000   30.0000    0.0000 2491.9788   16.1451
    7.5000   30.0000    0.0000 2469.0930   16.2988
   -7.5000   37.5000    0.0000 2340.0901   18.1370
    0.0000   37.5000    0.0000 2351.6704   18.0801
    7.5000   37.5000    0.0000 2330.4387   18.2155
   -7.5000   45.0000    0.0000 2180.8481   20.5506
    0.0000   45.0000    0.0000 2186.0322   20.5045
    7.5000   45.0000    0.0000 2173.7234   20.6317
   -7.5000  -45.0000    7.5000 2396.0540   16.8298
    0.0000  -45.0000    7.5000 2415.7234   16.5093
    7.5000  -45.0000    7.5000 2414.8840   16.7911
   -7.5000  -37.5000    7.5000 2528.5034   15.1286
    0.0000  -37.5000    7.5000 2555.8245   14.8716
    7.5000  -37.5000    7.5000 2554.3701   15.1213
   -7.5000  -30.0000    7.5000 2658.5479   13.9470
    0.0000  -30.0000    7.5000 2685.7754   13.7475
    7.5000  -30.0000    7.5000 2677.1775   13.9803
   -7.5000  -22.5000    7.5000 2775.3940   13.2063
    0.0000  -22.5000    7.5000 2806.0422   13.0588
    7.5000  -22.5000    7.5000 2781.6851   13.2880
   -7.5000  -15.0000    7.5000 2856.1917   12.8022
    0.0000  -15.0000    7.5000 2894.4854   12.7058
    7.5000  -15.0000    7.5000 2855.7310   12.8792
   -7.5000   -7.5000    7.5000 2901.3054   12.6355
    0.0000   -7.5000    7.5000 2945.0513   12.5062
    7.5000   -7.5000    7.5000 2895.5105   12.6879
   -7.5000    0.0000    7.5000 2886.0151   12.7369
    0.0000    0.0000    7.5000 2919.5442   12.6039
    7.5000    0.0000    7.5000 2882.8315   12.8010
   -7.5000    7.5000    7.5000 2830.9856   13.1061
    0.0000    7.5000    7.5000 2841.9749   12.9913
    7.5000    7.5000    7.5000 2819.4441   13.1791
   -7.5000   15.0000    7.5000 2730.3066   13.8574
    0.0000   15.0000    7.5000 2735.0720   13.7255
    7.5000   15.0000    7.5000 2719.2769   13.9009
   -7.5000   22.5000    7.5000 2603.7803   14.9302
    0.0000   22.5000    7.5000 2610.3916   14.7752
    7.5000   22.5000    7.5000 2599.2373   14.9474
   -7.5000   30.0000    7.5000 2473.2756   16.3400
    0.0000   30.0000    7.5000 2479.4954   16.1932
    7.5000   30.0000    7.5000 2464.0298   16.3324
   -7.5000   37.5000    7.5000 2332.6448   18.1941
    0.0000   37.5000    7.5000 2337.0757   18.0491
    7.5000   37.5000    7.5000 2319.5796   18.1801
   -7.5000   45.0000    7.5000 2168.8767   20.5230
    0.0000   45.0000    7.5000 2179.8875   20.4251
    7.5000   45.0000    7.5000 2162.8843   20.5410
   -7.5000  -45.0000   15.0000 2352.6570   17.2653
    0.0000  -45.0000   15.0000 2367.9407   16.9605
    7.5000  -45.0000   15.0000 2372.7144   17.2979
   -7.5000  -37.5000   15.0000 2486.8096   15.4976
    0.0000  -37.5000   15.0000 2508.1150   15.3129
    7.5000  -37.5000   15.0000 2506.7212   15.5791
   -7.5000  -30.0000   15.0000 2615.1348   14.3015
    0.0000  -30.0000   15.0000 2638.2410   14.1532
    7.5000  -30.0000   15.0000 2630.6868   14.4241
   -7.5000  -22.5000   15.0000 2729.5337   13.5778
    0.0000  -22.5000   15.0000 2758.6804   13.4267
    7.5000  -22.5000   15.0000 2739.7241   13.6503
   -7.5000  -15.0000   15.0000 2815.3303   13.1377
    0.0000  -15.0000   15.0000 2852.0918   12.9802
    7.5000  -15.0000   15.0000 2813.7124   13.1743
   -7.5000   -7.5000   15.0000 2866.1895   12.9869
    0.0000   -7.5000   15.0000 2900.5295   12.7892
    7.5000   -7.5000   15.0000 2860.3894   13.0141
   -7.5000    0.0000   15.0000 2850.4417   13.1141
    0.0000    0.0000   15.0000 2882.3738   12.9566
    7.5000    0.0000   15.0000 2852.0520   13.1161
   -7.5000    7.5000   15.0000 2787.1040   13.4954
    0.0000    7.5000   15.0000 2806.6187   13.3699
    7.5000    7.5000   15.0000 2790.4546   13.4871
   -7.5000   15.0000   15.0000 2694.5540   14.1864
    0.0000   15.0000   15.0000 2700.3750   14.0673
    7.5000   15.0000   15.0000 2688.8411   14.1996
   -7.5000   22.5000   15.0000 2570.5156   15.2108
    0.0000   22.5000   15.0000 2576.2671   15.0720
    7.5000   22.5000   15.0000 2571.6914   15.2083
   -7.5000   30.0000   15.0000 2438.6355   16.5689
    0.0000   30.0000   15.0000 2445.6396   16.4219
    7.5000   30.0000   15.0000 2437.8320   16.5681
   -7.5000   37.5000   15.0000 2306.3035   18.3545
    0.0000   37.5000   15.0000 2312.9629   18.2215
    7.5000   37.5000   15.0000 2297.7798   18.3430
   -7.5000   45.0000   15.0000 2147.1926   20.6387
    0.0000   45.0000   15.0000 2157.3142   20.5254
    7.5000   45.0000   15.0000 2140.2646   20.5979
   -7.5000  -45.0000   22.5000 2305.3425   17.9684
    0.0000  -45.0000   22.5000 2324.2000   17.7372
    7.5000  -45.0000   22.5000 2326.8384   18.0977
   -7.5000  -37.5000   22.5000 2443.4539   16.1773
    0.0000  -37.5000   22.5000 2462.7166   15.9484
    7.5000  -37.5000   22.5000 2460.1072   16.3060
   -7.5000  -30.0000   22.5000 2571.3289   14.9554
    0.0000  -30.0000   22.5000 2587.2361   14.7545
    7.5000  -30.0000   22.5000 2582.0330   15.0715
   -7.5000  -22.5000   22.5000 2681.4226   14.2017
    0.0000  -22.5000   22.5000 2702.2502   13.9875
    7.5000  -22.5000   22.5000 2686.6365   14.2513
   -7.5000  -15.0000   22.5000 2763.5137   13.7094
    0.0000  -15.0000   22.5000 2786.7263   13.4846
    7.5000  -15.0000   22.5000 2756.4695   13.7678
   -7.5000   -7.5000   22.5000 2806.3538   13.5724
    0.0000   -7.5000   22.5000 2834.7605   13.3608
    7.5000   -7.5000   22.5000 2803.2529   13.5994
   -7.5000    0.0000   22.5000 2788.4292   13.7096
    0.0000    0.0000   22.5000 2818.2407   13.5191
    7.5000    0.0000   22.5000 2794.2991   13.6848
   -7.5000    7.5000   22.5000 2727.0881   14.0696
    0.0000    7.5000   22.5000 2751.2349   13.9164
    7.5000    7.5000   22.5000 2733.9666   14.0491
   -7.5000   15.0000   22.5000 2640.3892   14.7222
    0.0000   15.0000   22.5000 2655.2266   14.5733
    7.5000   15.0000   22.5000 2645.6501   14.7296
   -7.5000   22.5000   22.5000 2526.4299   15.7532
    0.0000   22.5000   22.5000 2536.9277   15.6088
    7.5000   22.5000   22.5000 2532.1494   15.7326
   -7.5000   30.0000   22.5000 2397.9707   17.1056
    0.0000   30.0000   22.5000 2408.1819   16.9488
    7.5000   30.0000   22.5000 2404.0500   17.0535
   -7.5000   37.5000   22.5000 2262.1331   18.8191
    0.0000   37.5000   22.5000 2272.7942   18.6943
    7.5000   37.5000   22.5000 2265.4365   18.8097
   -7.5000   45.0000   22.5000 2103.0449   21.0708
    0.0000   45.0000   22.5000 2116.3457   20.9486
    7.5000   45.0000   22.5000 2104.7966   21.0434
   -7.5000  -45.0000   30.0000 2260.1125   18.9544
    0.0000  -45.0000   30.0000 2278.2253   18.7512
    7.5000  -45.0000   30.0000 2277.9973   19.1926
   -7.5000  -37.5000   30.0000 2392.9688   17.0886
    0.0000  -37.5000   30.0000 2414.4114   16.8442
    7.5000  -37.5000   30.0000 2405.3105   17.2985
   -7.5000  -30.0000   30.0000 2514.7686   15.8196
    0.0000  -30.0000   30.0000 2533.6196   15.5802
    7.5000  -30.0000   30.0000 2522.1353   15.9771
   -7.5000  -22.5000   30.0000 2617.9910   15.0327
    0.0000  -22.5000   30.0000 2637.0051   14.7573
    7.5000  -22.5000   30.0000 2621.9939   15.1070
   -7.5000  -15.0000   30.0000 2690.1738   14.5244
    0.0000  -15.0000   30.0000 2707.1804   14.2521
    7.5000  -15.0000   30.0000 2685.2664   14.5719
   -7.5000   -7.5000   30.0000 2722.1904   14.3629
    0.0000   -7.5000   30.0000 2742.4072   14.1304
    7.5000   -7.5000   30.0000 2719.8472   14.3716
   -7.5000    0.0000   30.0000 2700.5867   14.4678
    0.0000    0.0000   30.0000 2726.4575   14.2542
    7.5000    0.0000   30.0000 2712.2249   14.4652
   -7.5000    7.5000   30.0000 2644.0725   14.8266
    0.0000    7.5000   30.0000 2670.7905   14.6524
    7.5000    7.5000   30.0000 2660.0803   14.8246
   -7.5000   15.0000   30.0000 2569.1870   15.4577
    0.0000   15.0000   30.0000 2585.5471   15.3129
    7.5000   15.0000   30.0000 2576.7905   15.4717
   -7.5000   22.5000   30.0000 2469.4846   16.4752
    0.0000   22.5000   30.0000 2479.8730   16.3330
    7.5000   22.5000   30.0000 2469.7708   16.4849
   -7.5000   30.0000   30.0000 2349.7710   17.8419
    0.0000   30.0000   30.0000 2357.1389   17.6910
    7.5000   30.0000   30.0000 2346.8435   17.8413
   -7.5000   37.5000   30.0000 2205.1423   19.5717
    0.0000   37.5000   30.0000 2216.8105   19.4301
    7.5000   37.5000   30.0000 2207.9241   19.6037
   -7.5000   45.0000   30.0000 2047.4506   21.8097
    0.0000   45.0000   30.0000 2066.0945   21.6854
    7.5000   45.0000   30.0000 2050.7778   21.8099
   -7.5000  -45.0000   37.5000 2209.5132   20.2140
    0.0000  -45.0000   37.5000 2226.9229   20.0445
    7.5000  -45.0000   37.5000 2226.4241   20.5697
   -7.5000  -37.5000   37.5000 2336.5293   18.2403
    0.0000  -37.5000   37.5000 2353.6833   18.0409
    7.5000  -37.5000   37.5000 2345.4900   18.5767
   -7.5000  -30.0000   37.5000 2448.6360   16.9277
    0.0000  -30.0000   37.5000 2466.0386   16.6799
    7.5000  -30.0000   37.5000 2452.5381   17.1301
   -7.5000  -22.5000   37.5000 2544.7537   16.1083
    0.0000  -22.5000   37.5000 2560.7810   15.8158
    7.5000  -22.5000   37.5000 2540.9497   16.2275
   -7.5000  -15.0000   37.5000 2606.1873   15.5834
    0.0000  -15.0000   37.5000 2619.6924   15.3100
    7.5000  -15.0000   37.5000 2597.5244   15.6251
   -7.5000   -7.5000   37.5000 2622.4385   15.3946
    0.0000   -7.5000   37.5000 2640.9355   15.1602
    7.5000   -7.5000   37.5000 2625.7849   15.4049
   -7.5000    0.0000   37.5000 2602.7913   15.4777
    0.0000    0.0000   37.5000 2624.5181   15.2398
    7.5000    0.0000   37.5000 2615.9517   15.4556
   -7.5000    7.5000   37.5000 2555.0210   15.8263
    0.0000    7.5000   37.5000 2575.2180   15.6073
    7.5000    7.5000   37.5000 2570.9963   15.8006
   -7.5000   15.0000   37.5000 2491.0413   16.4199
    0.0000   15.0000   37.5000 2503.7761   16.2529
    7.5000   15.0000   37.5000 2500.5278   16.4450
   -7.5000   22.5000   37.5000 2405.0391   17.4097
    0.0000   22.5000   37.5000 2417.2412   17.2725
    7.5000   22.5000   37.5000 2404.5662   17.4308
   -7.5000   30.0000   37.5000 2293.8589   18.7940
    0.0000   30.0000   37.5000 2300.5925   18.6436
    7.5000   30.0000   37.5000 2283.9475   18.8121
   -7.5000   37.5000   37.5000 2153.1580   20.5805
    0.0000   37.5000   37.5000 2159.2627   20.4383
    7.5000   37.5000   37.5000 2142.5186   20.5946
   -7.5000   45.0000   37.5000 1998.7234   22.8749
    0.0000   45.0000   37.5000 2011.6146   22.7596
    7.5000   45.0000   37.5000 1997.2968   22.9063
   -7.5000  -45.0000   45.0000 2153.9187   21.7817
    0.0000  -45.0000   45.0000 2171.7000   21.6104
    7.5000  -45.0000   45.0000 2159.4844   22.2136
   -7.5000  -37.5000   45.0000 2277.6189   19.7371
    0.0000  -37.5000   45.0000 2286.2043   19.5183
    7.5000  -37.5000   45.0000 2269.1104   20.0447
   -7.5000  -30.0000   45.0000 2376.7644   18.3239
    0.0000  -30.0000   45.0000 2389.4148   18.0927
    7.5000  -30.0000   45.0000 2366.4932   18.5427
   -7.5000  -22.5000   45.0000 2456.1680   17.4422
    0.0000  -22.5000   45.0000 2471.4546   17.1859
    7.5000  -22.5000   45.0000 2443.7295   17.6052
   -7.5000  -15.0000   45.0000 2501.0898   16.8855
    0.0000  -15.0000   45.0000 2516.0024   16.6166
    7.5000  -15.0000   45.0000 2495.2202   16.9364
   -7.5000   -7.5000   45.0000 2512.9619   16.6574
    0.0000   -7.5000   45.0000 2533.4336   16.3986
    7.5000   -7.5000   45.0000 2516.9519   16.6646
   -7.5000    0.0000   45.0000 2496.7815   16.7075
    0.0000    0.0000   45.0000 2518.3030   16.4729
    7.5000    0.0000   45.0000 2507.7676   16.6686
   -7.5000    7.5000   45.0000 2454.1968   17.0355
    0.0000    7.5000   45.0000 2475.7273   16.8296
    7.5000    7.5000   45.0000 2467.6030   16.9942
   -7.5000   15.0000   45.0000 2400.0637   17.6226
    0.0000   15.0000   45.0000 2413.5093   17.4331
    7.5000   15.0000   45.0000 2406.2217   17.5950
   -7.5000   22.5000   45.0000 2329.3401   18.5740
    0.0000   22.5000   45.0000 2335.6221   18.3868
    7.5000   22.5000   45.0000 2324.0952   18.5324
   -7.5000   30.0000   45.0000 2221.1877   19.9455
    0.0000   30.0000   45.0000 2225.7893   19.8060
    7.5000   30.0000   45.0000 2210.3218   19.9091
   -7.5000   37.5000   45.0000 2091.0547   21.7369
    0.0000   37.5000   45.0000 2098.1924   21.5868
    7.5000   37.5000   45.0000 2079.0413   21.6988
   -7.5000   45.0000   45.0000 1945.6891   24.1019
    0.0000   45.0000   45.0000 1953.2657   23.9975
    7.5000   45.0000   45.0000 1936.2462   24.1915

---------------------------------------------------------------------
imgreg_4dfp /opt/freesurfer/average/711-2C_as_mni_average_305 /opt/freesurfer/average/711-2B_as_mni_average_305_mask talsrcimg_g11 none talsrcimg_to_711-2C_as_mni_average_305_t4 1283
---------------------------------------------------------------------

freesurfer imgreg_4dfp.c
/opt/freesurfer/average/711-2C_as_mni_average_305.4dfp.img
       256       256       256         1
  1.000000  1.000000  1.000000
orientation T byte_order littleendian
Reading image: /opt/freesurfer/average/711-2C_as_mni_average_305.4dfp.img
dimensions:      256       256       256
mmppix:       1.0000   -1.0000   -1.0000
center:     128.0000 -129.0000 -129.0000
/opt/freesurfer/average/711-2B_as_mni_average_305_mask.4dfp.img
       256       256       256         1
  1.000000  1.000000  1.000000
orientation T byte_order littleendian
Reading mask: /opt/freesurfer/average/711-2B_as_mni_average_305_mask.4dfp.img (2306576 pixels)
talsrcimg_g11.4dfp.img
       256       256       256         1
  1.000000  1.000000  1.000000
orientation T byte_order littleendian
Reading image: talsrcimg_g11.4dfp.img
dimensions:      256       256       256
mmppix:       1.0000   -1.0000   -1.0000
center:     128.0000 -129.0000 -129.0000
rotation matrix determinant  1.000000
fimgreg.f
image alignment mode   1283 decimal      503 hex
parameters
    0.0000   -7.5000    0.0000    0.0000    0.0000    0.0000
eta,q 0.92820 12.34856
niter,ni,del,rscale     5    3   12.0000    1.2000
parameter  4  7.189419 ->  0.500000 qaram    1.1500
parameter  5 -0.622859 -> -0.500000 qaram    1.1500
parameter  6  0.621860 ->  0.500000 qaram    1.1500
parameters
    0.1989   -6.1676    1.6372   -3.4500    3.4500   -3.4500
eta,q 0.93688 12.28817
  0.0875  0.0835  0.0787  0.0645  0.0761  0.0635
  0.0793  0.0781  0.0753  0.0661  0.0730  0.0630
  0.0729  0.0733  0.0724  0.0682  0.0695  0.0635
  0.0712  0.0710  0.0712  0.0704  0.0666  0.0643
  0.0729  0.0713  0.0707  0.0727  0.0648  0.0660
  0.0782  0.0728  0.0715  0.0748  0.0645  0.0688
  0.0851  0.0759  0.0734  0.0772  0.0661  0.0722
niter,ni,del,rscale     7    3   12.0000    1.2000
parameter  4  2.836961 ->  0.500000 qaram    1.3225
parameters
   -1.6403   -5.4660    2.3087   -7.4175    4.8066   -4.4902
eta,q 0.94510 12.16373
  0.0699  0.0737  0.0700  0.0539  0.0672  0.0598
  0.0639  0.0661  0.0662  0.0551  0.0617  0.0566
  0.0616  0.0625  0.0635  0.0573  0.0578  0.0549
  0.0631  0.0616  0.0617  0.0614  0.0556  0.0552
  0.0691  0.0623  0.0620  0.0661  0.0554  0.0569
  0.0773  0.0639  0.0649  0.0700  0.0573  0.0593
  0.0852  0.0683  0.0668  0.0726  0.0607  0.0632
niter,ni,del,rscale     7    3   12.0000    1.2000
parameter  4  1.119116 ->  0.500000 qaram    1.5209
parameters
   -2.2083   -4.3528    2.3131  -11.9801    6.5647   -4.7982
eta,q 0.94957 12.27638
  0.0693  0.0681  0.0653  0.0500  0.0652  0.0562
  0.0609  0.0611  0.0603  0.0509  0.0598  0.0525
  0.0565  0.0565  0.0565  0.0526  0.0544  0.0506
  0.0549  0.0550  0.0549  0.0549  0.0514  0.0505
  0.0578  0.0549  0.0565  0.0594  0.0504  0.0516
  0.0665  0.0565  0.0608  0.0645  0.0517  0.0537
  0.0752  0.0606  0.0649  0.0693  0.0567  0.0567
niter,ni,del,rscale     7    3   12.0000    1.2000
parameters
   -2.8535   -2.7006    0.7750  -15.7465    6.8530   -5.0663
eta,q 0.95621 12.32654
  0.0663  0.0645  0.0550  0.0507  0.0578  0.0529
  0.0560  0.0566  0.0496  0.0448  0.0517  0.0482
  0.0512  0.0521  0.0476  0.0443  0.0472  0.0451
  0.0504  0.0503  0.0494  0.0477  0.0440  0.0438
  0.0540  0.0492  0.0534  0.0527  0.0443  0.0455
  0.0637  0.0499  0.0576  0.0586  0.0490  0.0496
  0.0732  0.0540  0.0635  0.0643  0.0571  0.0541
niter,ni,del,rscale     6    3   12.0000    1.2000
parameters
   -2.7104   -2.1467   -0.0220  -16.2809    6.9073   -5.1548
eta,q 0.95765 12.31357
  0.0700  0.0599  0.0547  0.0549  0.0564  0.0524
  0.0571  0.0519  0.0469  0.0499  0.0502  0.0472
  0.0480  0.0462  0.0427  0.0437  0.0455  0.0438
  0.0438  0.0437  0.0433  0.0426  0.0424  0.0423
  0.0462  0.0433  0.0478  0.0458  0.0433  0.0438
  0.0561  0.0473  0.0541  0.0515  0.0487  0.0479
  0.0676  0.0557  0.0592  0.0581  0.0574  0.0527
niter,ni,del,rscale     5    3   12.0000    1.2000
parameters
   -2.6418   -2.0220   -0.1599  -16.5217    6.9029   -5.1562
eta,q 0.95790 12.31430
  0.0689  0.0577  0.0576  0.0551  0.0562  0.0525
  0.0562  0.0498  0.0492  0.0504  0.0500  0.0473
  0.0469  0.0444  0.0432  0.0442  0.0452  0.0437
  0.0424  0.0423  0.0422  0.0421  0.0421  0.0421
  0.0452  0.0427  0.0455  0.0449  0.0432  0.0435
  0.0559  0.0483  0.0516  0.0503  0.0489  0.0476
  0.0678  0.0572  0.0574  0.0572  0.0577  0.0524
niter,ni,del,rscale     4    3   12.0000    1.2000
parameters
   -2.6136   -1.9540   -0.2088  -16.6332    6.8994   -5.1502
eta,q 0.95799 12.31450
  0.0686  0.0574  0.0581  0.0553  0.0563  0.0525
  0.0561  0.0495  0.0495  0.0506  0.0499  0.0472
  0.0467  0.0442  0.0433  0.0445  0.0451  0.0436
  0.0421  0.0421  0.0420  0.0420  0.0420  0.0420
  0.0452  0.0427  0.0451  0.0445  0.0431  0.0434
  0.0562  0.0486  0.0513  0.0499  0.0489  0.0475
  0.0683  0.0574  0.0571  0.0568  0.0576  0.0523
niter,ni,del,rscale     3    3   12.0000    1.2000
parameters
   -2.5994   -1.9228   -0.2290  -16.6833    6.8965   -5.1456
eta,q 0.95804 12.31477
  0.0685  0.0572  0.0582  0.0553  0.0563  0.0525
  0.0560  0.0494  0.0496  0.0507  0.0499  0.0472
  0.0466  0.0441  0.0434  0.0447  0.0450  0.0436
  0.0420  0.0420  0.0420  0.0420  0.0420  0.0420
  0.0453  0.0428  0.0450  0.0444  0.0431  0.0434
  0.0563  0.0488  0.0511  0.0496  0.0489  0.0475
  0.0684  0.0576  0.0570  0.0566  0.0576  0.0523
registration optimization eta report
parameter search radius
    6.0000    6.0000    6.0000    9.1253    6.9000    6.9000
100000*second partial in parameter space
       72.       43.       43.       16.       31.       21.
  0.0685  0.0572  0.0582  0.0553  0.0563  0.0525
  0.0560  0.0494  0.0496  0.0507  0.0499  0.0472
  0.0466  0.0441  0.0434  0.0447  0.0450  0.0436
  0.0420  0.0420  0.0420  0.0420  0.0420  0.0420
  0.0453  0.0428  0.0450  0.0444  0.0431  0.0434
  0.0563  0.0488  0.0511  0.0496  0.0489  0.0475
  0.0684  0.0576  0.0570  0.0566  0.0576  0.0523
   -2.5994   -1.9228   -0.2290  -16.6833    6.8965   -5.1456
eta,q 0.95804 12.31477

---------------------------------------------------------------------
imgreg_4dfp /opt/freesurfer/average/711-2C_as_mni_average_305 /opt/freesurfer/average/711-2B_as_mni_average_305_mask talsrcimg_g11 none talsrcimg_to_711-2C_as_mni_average_305_t4 3335
---------------------------------------------------------------------

freesurfer imgreg_4dfp.c
/opt/freesurfer/average/711-2C_as_mni_average_305.4dfp.img
       256       256       256         1
  1.000000  1.000000  1.000000
orientation T byte_order littleendian
Reading image: /opt/freesurfer/average/711-2C_as_mni_average_305.4dfp.img
dimensions:      256       256       256
mmppix:       1.0000   -1.0000   -1.0000
center:     128.0000 -129.0000 -129.0000
/opt/freesurfer/average/711-2B_as_mni_average_305_mask.4dfp.img
       256       256       256         1
  1.000000  1.000000  1.000000
orientation T byte_order littleendian
Reading mask: /opt/freesurfer/average/711-2B_as_mni_average_305_mask.4dfp.img (2306576 pixels)
talsrcimg_g11.4dfp.img
       256       256       256         1
  1.000000  1.000000  1.000000
orientation T byte_order littleendian
Reading image: talsrcimg_g11.4dfp.img
dimensions:      256       256       256
mmppix:       1.0000   -1.0000   -1.0000
center:     128.0000 -129.0000 -129.0000
fimgreg.f
image alignment mode   3335 decimal      D07 hex
parameters
   -2.5994   -1.9228   -0.2290   -1.1236   -4.9046   -4.9024
   12.0244   -8.8811   -8.9038   29.6240   12.0076  -28.5004
eta,q 0.95681 12.46838
niter,ni,del,rscale     5    3    5.0000    1.2000
parameter  4  0.574425 ->  0.500000 qaram    1.1500
parameter  5  2.201063 ->  0.500000 qaram    1.1500
parameter 10  0.732371 ->  0.500000 qaram    1.1500
parameter 12  0.531921 ->  0.500000 qaram    1.1500
parameters
   -2.6471   -1.7433   -0.2693   -5.2636   -9.0446   -7.8442
   12.3313   -7.7574   -7.8397   25.4840   14.3892  -32.6404
eta,q 0.96503 12.01895
  0.0476  0.0461  0.0456  0.0426  0.0364  0.0394  0.0405  0.0449  0.0400  0.0358  0.0378  0.0354
  0.0452  0.0446  0.0442  0.0417  0.0377  0.0382  0.0389  0.0415  0.0386  0.0356  0.0369  0.0350
  0.0437  0.0436  0.0434  0.0418  0.0395  0.0374  0.0379  0.0389  0.0376  0.0360  0.0362  0.0350
  0.0432  0.0432  0.0432  0.0432  0.0417  0.0381  0.0375  0.0375  0.0372  0.0371  0.0356  0.0354
  0.0438  0.0433  0.0435  0.0458  0.0442  0.0409  0.0377  0.0373  0.0372  0.0389  0.0354  0.0361
  0.0454  0.0440  0.0444  0.0495  0.0469  0.0443  0.0385  0.0388  0.0377  0.0412  0.0356  0.0370
  0.0480  0.0454  0.0457  0.0536  0.0500  0.0487  0.0400  0.0416  0.0387  0.0442  0.0362  0.0380
niter,ni,del,rscale     7    3    5.0000    1.2000
parameter  5  0.846181 ->  0.500000 qaram    1.3225
parameters
   -2.5697   -1.5673   -0.6471   -5.0721  -13.8056   -8.6384
   12.4370   -7.9996   -8.2880   26.0952   15.0895  -33.6586
eta,q 0.96731 11.79081
  0.0398  0.0384  0.0366  0.0400  0.0327  0.0363  0.0360  0.0382  0.0347  0.0369  0.0345  0.0344
  0.0372  0.0366  0.0355  0.0380  0.0326  0.0347  0.0344  0.0354  0.0336  0.0348  0.0338  0.0334
  0.0356  0.0354  0.0350  0.0361  0.0333  0.0334  0.0333  0.0335  0.0330  0.0334  0.0332  0.0328
  0.0350  0.0350  0.0350  0.0349  0.0349  0.0327  0.0328  0.0328  0.0328  0.0328  0.0328  0.0328
  0.0354  0.0352  0.0355  0.0351  0.0372  0.0332  0.0332  0.0337  0.0332  0.0331  0.0328  0.0333
  0.0368  0.0360  0.0366  0.0369  0.0400  0.0356  0.0342  0.0359  0.0340  0.0340  0.0333  0.0342
  0.0392  0.0375  0.0380  0.0403  0.0434  0.0392  0.0359  0.0389  0.0352  0.0359  0.0341  0.0352
niter,ni,del,rscale     7    3    5.0000    1.2000
parameters
   -2.4912   -1.2095   -1.0137   -4.6274  -16.5870   -9.1713
   12.5269   -7.9610   -8.1086   27.3714   15.3461  -34.8980
eta,q 0.96774 11.66983
  0.0374  0.0362  0.0342  0.0376  0.0342  0.0359  0.0354  0.0379  0.0344  0.0364  0.0338  0.0337
  0.0349  0.0344  0.0332  0.0356  0.0331  0.0343  0.0338  0.0351  0.0333  0.0344  0.0331  0.0328
  0.0333  0.0332  0.0326  0.0337  0.0324  0.0331  0.0328  0.0332  0.0327  0.0331  0.0326  0.0323
  0.0327  0.0327  0.0326  0.0326  0.0325  0.0323  0.0324  0.0324  0.0324  0.0324  0.0323  0.0323
  0.0331  0.0327  0.0332  0.0327  0.0338  0.0326  0.0327  0.0331  0.0326  0.0324  0.0325  0.0329
  0.0345  0.0333  0.0342  0.0342  0.0362  0.0346  0.0337  0.0351  0.0332  0.0331  0.0329  0.0337
  0.0368  0.0346  0.0355  0.0373  0.0394  0.0380  0.0353  0.0378  0.0342  0.0345  0.0337  0.0346
niter,ni,del,rscale     6    3    5.0000    1.2000
parameters
   -2.4457   -0.7437   -1.3919   -4.5777  -17.8235   -9.7794
   12.5661   -7.8624   -8.0202   28.8984   15.6730  -35.4753
eta,q 0.96785 11.62197
  0.0366  0.0355  0.0336  0.0366  0.0347  0.0356  0.0351  0.0377  0.0341  0.0360  0.0336  0.0338
  0.0342  0.0339  0.0327  0.0347  0.0334  0.0340  0.0336  0.0350  0.0331  0.0342  0.0329  0.0327
  0.0328  0.0328  0.0322  0.0331  0.0326  0.0328  0.0327  0.0331  0.0325  0.0330  0.0324  0.0322
  0.0323  0.0323  0.0322  0.0321  0.0321  0.0322  0.0323  0.0323  0.0323  0.0323  0.0322  0.0322
  0.0327  0.0322  0.0326  0.0324  0.0327  0.0325  0.0326  0.0329  0.0325  0.0322  0.0323  0.0325
  0.0341  0.0327  0.0335  0.0340  0.0344  0.0344  0.0335  0.0348  0.0331  0.0328  0.0327  0.0332
  0.0362  0.0337  0.0348  0.0372  0.0371  0.0378  0.0351  0.0374  0.0340  0.0340  0.0334  0.0341
niter,ni,del,rscale     5    3    5.0000    1.2000
parameters
   -2.3799   -0.2644   -1.8156   -4.7426  -19.2397  -10.4668
   12.6239   -7.7558   -8.0688   30.7289   16.1270  -35.7332
eta,q 0.96798 11.55702
  0.0364  0.0351  0.0333  0.0360  0.0342  0.0352  0.0348  0.0374  0.0338  0.0357  0.0334  0.0336
  0.0341  0.0336  0.0324  0.0343  0.0330  0.0338  0.0335  0.0348  0.0329  0.0341  0.0327  0.0326
  0.0326  0.0327  0.0320  0.0328  0.0324  0.0327  0.0326  0.0330  0.0324  0.0329  0.0323  0.0321
  0.0322  0.0322  0.0321  0.0320  0.0320  0.0321  0.0322  0.0322  0.0322  0.0322  0.0320  0.0320
  0.0326  0.0321  0.0325  0.0323  0.0325  0.0324  0.0325  0.0328  0.0324  0.0320  0.0321  0.0323
  0.0338  0.0325  0.0334  0.0339  0.0341  0.0343  0.0333  0.0346  0.0330  0.0325  0.0325  0.0329
  0.0359  0.0334  0.0346  0.0371  0.0366  0.0376  0.0348  0.0371  0.0338  0.0337  0.0331  0.0337
niter,ni,del,rscale     4    3    5.0000    1.2000
parameters
   -2.2863    0.4161   -2.3608   -5.0903  -21.3424  -11.4059
   12.6083   -7.5835   -8.0226   32.7571   16.5433  -36.0216
eta,q 0.96845 11.42864
  0.0362  0.0351  0.0329  0.0353  0.0335  0.0345  0.0341  0.0368  0.0335  0.0358  0.0328  0.0330
  0.0339  0.0336  0.0321  0.0337  0.0324  0.0332  0.0329  0.0344  0.0326  0.0340  0.0322  0.0320
  0.0325  0.0326  0.0318  0.0324  0.0318  0.0323  0.0322  0.0326  0.0321  0.0327  0.0318  0.0316
  0.0320  0.0320  0.0319  0.0318  0.0318  0.0318  0.0319  0.0319  0.0319  0.0319  0.0316  0.0316
  0.0324  0.0319  0.0324  0.0321  0.0324  0.0321  0.0321  0.0324  0.0321  0.0316  0.0316  0.0319
  0.0336  0.0321  0.0332  0.0336  0.0341  0.0340  0.0329  0.0341  0.0326  0.0320  0.0320  0.0323
  0.0355  0.0328  0.0344  0.0366  0.0366  0.0373  0.0342  0.0364  0.0334  0.0334  0.0326  0.0330
niter,ni,del,rscale     3    3    5.0000    1.2000
parameters
   -2.1402    1.1115   -2.8787   -5.4166  -23.1541  -12.1851
   12.4721   -7.3932   -7.8858   33.8909   16.9494  -36.5887
eta,q 0.96884 11.29760
  0.0356  0.0348  0.0324  0.0344  0.0332  0.0340  0.0333  0.0362  0.0332  0.0353  0.0324  0.0324
  0.0334  0.0333  0.0316  0.0330  0.0320  0.0327  0.0322  0.0338  0.0322  0.0335  0.0318  0.0316
  0.0321  0.0322  0.0313  0.0318  0.0313  0.0317  0.0316  0.0321  0.0316  0.0321  0.0314  0.0312
  0.0316  0.0315  0.0313  0.0312  0.0313  0.0312  0.0313  0.0313  0.0313  0.0313  0.0312  0.0312
  0.0319  0.0313  0.0318  0.0315  0.0319  0.0315  0.0316  0.0318  0.0315  0.0313  0.0313  0.0315
  0.0329  0.0316  0.0327  0.0328  0.0335  0.0332  0.0323  0.0334  0.0321  0.0321  0.0316  0.0320
  0.0346  0.0325  0.0338  0.0356  0.0361  0.0365  0.0335  0.0358  0.0330  0.0338  0.0322  0.0326
niter,ni,del,rscale     2    3    5.0000    1.2000
parameters
   -1.9924    1.4646   -3.1557   -5.6083  -23.9731  -12.5861
   12.2828   -7.2636   -7.8369   34.4353   17.1932  -36.8587
eta,q 0.96888 11.23433
  0.0350  0.0341  0.0325  0.0342  0.0337  0.0341  0.0331  0.0359  0.0330  0.0349  0.0323  0.0324
  0.0329  0.0326  0.0316  0.0328  0.0322  0.0327  0.0320  0.0335  0.0320  0.0331  0.0318  0.0316
  0.0317  0.0317  0.0312  0.0317  0.0313  0.0317  0.0314  0.0319  0.0314  0.0318  0.0313  0.0312
  0.0312  0.0312  0.0311  0.0311  0.0311  0.0311  0.0312  0.0312  0.0312  0.0312  0.0311  0.0311
  0.0314  0.0312  0.0315  0.0313  0.0315  0.0312  0.0314  0.0317  0.0314  0.0313  0.0312  0.0314
  0.0324  0.0317  0.0322  0.0325  0.0327  0.0327  0.0322  0.0333  0.0320  0.0323  0.0316  0.0319
  0.0341  0.0328  0.0332  0.0350  0.0351  0.0357  0.0333  0.0356  0.0329  0.0342  0.0322  0.0325
niter,ni,del,rscale     1    3    5.0000    1.2000
parameters
   -1.8949    1.6299   -3.2962   -5.7146  -24.3350  -12.8023
   12.1417   -7.1736   -7.8502   34.6884   17.3137  -36.9663
eta,q 0.96887 11.20381
  0.0347  0.0337  0.0326  0.0342  0.0340  0.0342  0.0331  0.0358  0.0330  0.0347  0.0323  0.0325
  0.0328  0.0323  0.0317  0.0328  0.0324  0.0328  0.0320  0.0335  0.0320  0.0329  0.0317  0.0316
  0.0316  0.0315  0.0312  0.0317  0.0314  0.0317  0.0314  0.0318  0.0313  0.0317  0.0313  0.0312
  0.0311  0.0311  0.0311  0.0311  0.0311  0.0311  0.0311  0.0311  0.0311  0.0311  0.0311  0.0311
  0.0314  0.0313  0.0314  0.0313  0.0314  0.0311  0.0314  0.0317  0.0314  0.0314  0.0312  0.0314
  0.0324  0.0319  0.0320  0.0324  0.0325  0.0325  0.0321  0.0333  0.0320  0.0325  0.0316  0.0318
  0.0341  0.0331  0.0330  0.0348  0.0347  0.0354  0.0333  0.0357  0.0329  0.0344  0.0323  0.0324
registration optimization eta report
parameter search radius
    2.4000    2.4000    2.4000    8.2800    9.5220    7.2000
    7.2000    7.2000    7.2000    8.2800    7.2000    8.2800
100000*second partial in parameter space
       57.       39.       29.        5.        4.        7.
        4.        9.        3.        5.        2.        2.
  0.0347  0.0337  0.0326  0.0342  0.0340  0.0342  0.0331  0.0358  0.0330  0.0347  0.0323  0.0325
  0.0328  0.0323  0.0317  0.0328  0.0324  0.0328  0.0320  0.0335  0.0320  0.0329  0.0317  0.0316
  0.0316  0.0315  0.0312  0.0317  0.0314  0.0317  0.0314  0.0318  0.0313  0.0317  0.0313  0.0312
  0.0311  0.0311  0.0311  0.0311  0.0311  0.0311  0.0311  0.0311  0.0311  0.0311  0.0311  0.0311
  0.0314  0.0313  0.0314  0.0313  0.0314  0.0311  0.0314  0.0317  0.0314  0.0314  0.0312  0.0314
  0.0324  0.0319  0.0320  0.0324  0.0325  0.0325  0.0321  0.0333  0.0320  0.0325  0.0316  0.0318
  0.0341  0.0331  0.0330  0.0348  0.0347  0.0354  0.0333  0.0357  0.0329  0.0344  0.0323  0.0324
   -1.8949    1.6299   -3.2962   -5.7146  -24.3350  -12.8023
   12.1417   -7.1736   -7.8502   34.6884   17.3137  -36.9663
eta,q 0.96887 11.20381

---------------------------------------------------------------------
imgreg_4dfp /opt/freesurfer/average/711-2C_as_mni_average_305 /opt/freesurfer/average/711-2B_as_mni_average_305_mask talsrcimg_g11 none talsrcimg_to_711-2C_as_mni_average_305_t4 2311
---------------------------------------------------------------------

freesurfer imgreg_4dfp.c
/opt/freesurfer/average/711-2C_as_mni_average_305.4dfp.img
       256       256       256         1
  1.000000  1.000000  1.000000
orientation T byte_order littleendian
Reading image: /opt/freesurfer/average/711-2C_as_mni_average_305.4dfp.img
dimensions:      256       256       256
mmppix:       1.0000   -1.0000   -1.0000
center:     128.0000 -129.0000 -129.0000
/opt/freesurfer/average/711-2B_as_mni_average_305_mask.4dfp.img
       256       256       256         1
  1.000000  1.000000  1.000000
orientation T byte_order littleendian
Reading mask: /opt/freesurfer/average/711-2B_as_mni_average_305_mask.4dfp.img (2306576 pixels)
talsrcimg_g11.4dfp.img
       256       256       256         1
  1.000000  1.000000  1.000000
orientation T byte_order littleendian
Reading image: talsrcimg_g11.4dfp.img
dimensions:      256       256       256
mmppix:       1.0000   -1.0000   -1.0000
center:     128.0000 -129.0000 -129.0000
fimgreg.f
image alignment mode   2311 decimal      907 hex
parameters
   -1.8949    1.6299   -3.2962   -5.7146  -24.3350  -12.8023
   12.1417   -7.1736   -7.8502   34.6884   17.3137  -36.9663
eta,q 0.96887 11.20381
niter,ni,del,rscale     5    3    5.0000    0.8000
parameters
   -1.8385    1.7031   -3.3793   -5.1940  -24.0020  -12.3666
   12.0878   -7.1711   -7.8227   34.9247   17.0934  -37.4005
eta,q 0.96896 11.26570
  0.0327  0.0322  0.0318  0.0325  0.0319  0.0328  0.0319  0.0333  0.0319  0.0323  0.0316  0.0315
  0.0318  0.0316  0.0314  0.0319  0.0315  0.0320  0.0314  0.0321  0.0314  0.0317  0.0313  0.0312
  0.0313  0.0313  0.0312  0.0314  0.0312  0.0315  0.0312  0.0313  0.0311  0.0312  0.0311  0.0311
  0.0311  0.0311  0.0311  0.0311  0.0311  0.0311  0.0311  0.0311  0.0311  0.0310  0.0310  0.0310
  0.0313  0.0312  0.0312  0.0312  0.0311  0.0310  0.0311  0.0313  0.0311  0.0311  0.0311  0.0311
  0.0317  0.0315  0.0315  0.0315  0.0313  0.0314  0.0315  0.0321  0.0314  0.0315  0.0313  0.0313
  0.0325  0.0320  0.0320  0.0320  0.0318  0.0325  0.0320  0.0334  0.0319  0.0321  0.0317  0.0316
niter,ni,del,rscale     4    3    5.0000    0.7000
parameters
   -1.8788    1.6677   -3.2169   -5.1419  -23.9431  -12.0283
   12.1840   -7.2142   -7.8274   34.9546   16.9010  -37.4833
eta,q 0.96900 11.28723
  0.0321  0.0318  0.0318  0.0320  0.0316  0.0324  0.0317  0.0328  0.0316  0.0319  0.0314  0.0314
  0.0315  0.0314  0.0314  0.0315  0.0313  0.0318  0.0313  0.0318  0.0313  0.0314  0.0312  0.0312
  0.0311  0.0311  0.0312  0.0312  0.0311  0.0313  0.0311  0.0312  0.0311  0.0311  0.0310  0.0310
  0.0310  0.0310  0.0310  0.0310  0.0310  0.0310  0.0310  0.0310  0.0310  0.0310  0.0310  0.0310
  0.0312  0.0311  0.0311  0.0311  0.0311  0.0310  0.0310  0.0312  0.0311  0.0311  0.0311  0.0310
  0.0316  0.0314  0.0312  0.0314  0.0313  0.0313  0.0313  0.0318  0.0313  0.0314  0.0312  0.0312
  0.0322  0.0319  0.0315  0.0319  0.0316  0.0322  0.0317  0.0329  0.0316  0.0319  0.0315  0.0314
niter,ni,del,rscale     3    3    5.0000    0.6000
parameters
   -1.9314    1.6550   -3.1147   -5.0883  -23.8792  -11.7521
   12.2962   -7.2640   -7.8320   34.9765   16.7552  -37.5103
eta,q 0.96904 11.30503
  0.0317  0.0316  0.0315  0.0317  0.0314  0.0320  0.0315  0.0323  0.0314  0.0317  0.0313  0.0313
  0.0313  0.0312  0.0312  0.0313  0.0312  0.0316  0.0312  0.0315  0.0312  0.0313  0.0311  0.0311
  0.0310  0.0311  0.0311  0.0311  0.0310  0.0312  0.0310  0.0311  0.0310  0.0310  0.0310  0.0310
  0.0310  0.0310  0.0310  0.0310  0.0310  0.0310  0.0310  0.0310  0.0310  0.0310  0.0310  0.0310
  0.0311  0.0311  0.0310  0.0311  0.0310  0.0310  0.0310  0.0311  0.0310  0.0310  0.0310  0.0310
  0.0314  0.0313  0.0311  0.0313  0.0311  0.0312  0.0312  0.0316  0.0312  0.0313  0.0311  0.0311
  0.0319  0.0316  0.0314  0.0317  0.0314  0.0319  0.0315  0.0324  0.0314  0.0316  0.0313  0.0313
niter,ni,del,rscale     2    3    5.0000    0.5000
parameters
   -1.9804    1.6389   -3.0308   -5.0468  -23.8126  -11.5065
   12.4059   -7.3052   -7.8479   34.9759   16.6278  -37.4921
eta,q 0.96907 11.31992
  0.0315  0.0314  0.0313  0.0315  0.0312  0.0317  0.0313  0.0319  0.0313  0.0314  0.0312  0.0311
  0.0312  0.0311  0.0311  0.0312  0.0311  0.0314  0.0311  0.0313  0.0311  0.0311  0.0310  0.0310
  0.0310  0.0310  0.0310  0.0310  0.0310  0.0311  0.0310  0.0310  0.0310  0.0310  0.0310  0.0310
  0.0310  0.0310  0.0310  0.0310  0.0310  0.0310  0.0309  0.0309  0.0309  0.0309  0.0309  0.0309
  0.0310  0.0310  0.0310  0.0310  0.0310  0.0309  0.0310  0.0310  0.0310  0.0310  0.0310  0.0310
  0.0313  0.0311  0.0311  0.0312  0.0311  0.0311  0.0311  0.0314  0.0311  0.0311  0.0311  0.0310
  0.0316  0.0314  0.0312  0.0314  0.0312  0.0316  0.0313  0.0319  0.0313  0.0314  0.0312  0.0311
niter,ni,del,rscale     1    3    5.0000    0.4000
parameters
   -2.0202    1.6223   -2.9607   -5.0259  -23.7500  -11.2975
   12.4747   -7.3343   -7.8564   34.9788   16.5637  -37.4790
eta,q 0.96908 11.33223
  0.0313  0.0312  0.0312  0.0313  0.0311  0.0314  0.0312  0.0315  0.0311  0.0312  0.0311  0.0311
  0.0311  0.0310  0.0310  0.0311  0.0310  0.0312  0.0310  0.0312  0.0310  0.0311  0.0310  0.0310
  0.0310  0.0310  0.0310  0.0310  0.0310  0.0310  0.0310  0.0310  0.0309  0.0309  0.0309  0.0309
  0.0309  0.0309  0.0309  0.0309  0.0309  0.0309  0.0309  0.0309  0.0309  0.0309  0.0309  0.0309
  0.0310  0.0310  0.0309  0.0310  0.0309  0.0309  0.0309  0.0310  0.0309  0.0309  0.0309  0.0309
  0.0311  0.0311  0.0310  0.0311  0.0310  0.0310  0.0310  0.0312  0.0310  0.0311  0.0310  0.0310
  0.0313  0.0312  0.0311  0.0312  0.0311  0.0313  0.0311  0.0316  0.0311  0.0312  0.0311  0.0311
registration optimization eta report
parameter search radius
    0.8000    0.8000    0.8000    2.4000    2.4000    2.4000
    2.4000    2.4000    2.4000    2.4000    2.4000    2.4000
100000*second partial in parameter space
       58.       41.       33.        5.        3.        8.
        4.       11.        4.        6.        3.        2.
  0.0313  0.0312  0.0312  0.0313  0.0311  0.0314  0.0312  0.0315  0.0311  0.0312  0.0311  0.0311
  0.0311  0.0310  0.0310  0.0311  0.0310  0.0312  0.0310  0.0312  0.0310  0.0311  0.0310  0.0310
  0.0310  0.0310  0.0310  0.0310  0.0310  0.0310  0.0310  0.0310  0.0309  0.0309  0.0309  0.0309
  0.0309  0.0309  0.0309  0.0309  0.0309  0.0309  0.0309  0.0309  0.0309  0.0309  0.0309  0.0309
  0.0310  0.0310  0.0309  0.0310  0.0309  0.0309  0.0309  0.0310  0.0309  0.0309  0.0309  0.0309
  0.0311  0.0311  0.0310  0.0311  0.0310  0.0310  0.0310  0.0312  0.0310  0.0311  0.0310  0.0310
  0.0313  0.0312  0.0311  0.0312  0.0311  0.0313  0.0311  0.0316  0.0311  0.0312  0.0311  0.0311
   -2.0202    1.6223   -2.9607   -5.0259  -23.7500  -11.2975
   12.4747   -7.3343   -7.8564   34.9788   16.5637  -37.4790
eta,q 0.96908 11.33223

---------------------------------------------------------------------
imgreg_4dfp /opt/freesurfer/average/711-2C_as_mni_average_305 /opt/freesurfer/average/711-2B_as_mni_average_305_mask talsrcimg_g11 none talsrcimg_to_711-2C_as_mni_average_305_t4 2311
---------------------------------------------------------------------

freesurfer imgreg_4dfp.c
/opt/freesurfer/average/711-2C_as_mni_average_305.4dfp.img
       256       256       256         1
  1.000000  1.000000  1.000000
orientation T byte_order littleendian
Reading image: /opt/freesurfer/average/711-2C_as_mni_average_305.4dfp.img
dimensions:      256       256       256
mmppix:       1.0000   -1.0000   -1.0000
center:     128.0000 -129.0000 -129.0000
/opt/freesurfer/average/711-2B_as_mni_average_305_mask.4dfp.img
       256       256       256         1
  1.000000  1.000000  1.000000
orientation T byte_order littleendian
Reading mask: /opt/freesurfer/average/711-2B_as_mni_average_305_mask.4dfp.img (2306576 pixels)
talsrcimg_g11.4dfp.img
       256       256       256         1
  1.000000  1.000000  1.000000
orientation T byte_order littleendian
Reading image: talsrcimg_g11.4dfp.img
dimensions:      256       256       256
mmppix:       1.0000   -1.0000   -1.0000
center:     128.0000 -129.0000 -129.0000
fimgreg.f
image alignment mode   2311 decimal      907 hex
parameters
   -2.0202    1.6223   -2.9607   -5.0259  -23.7500  -11.2975
   12.4747   -7.3343   -7.8564   34.9788   16.5637  -37.4790
eta,q 0.96908 11.33224
niter,ni,del,rscale     5    3    5.0000    0.8000
parameters
   -2.0323    1.5985   -2.9104   -5.1932  -23.8832  -11.7224
   12.3922   -7.3445   -7.8163   34.8476   16.7094  -37.5104
eta,q 0.96904 11.30585
  0.0324  0.0319  0.0318  0.0320  0.0316  0.0324  0.0319  0.0333  0.0318  0.0321  0.0316  0.0315
  0.0316  0.0314  0.0313  0.0315  0.0312  0.0317  0.0314  0.0320  0.0313  0.0315  0.0313  0.0312
  0.0311  0.0310  0.0310  0.0311  0.0310  0.0312  0.0311  0.0313  0.0311  0.0311  0.0310  0.0310
  0.0309  0.0309  0.0309  0.0309  0.0309  0.0309  0.0310  0.0310  0.0310  0.0310  0.0310  0.0310
  0.0311  0.0310  0.0310  0.0311  0.0310  0.0311  0.0311  0.0312  0.0311  0.0311  0.0310  0.0310
  0.0316  0.0314  0.0313  0.0315  0.0312  0.0319  0.0314  0.0320  0.0313  0.0315  0.0312  0.0312
  0.0324  0.0320  0.0317  0.0323  0.0317  0.0335  0.0320  0.0333  0.0318  0.0323  0.0315  0.0315
niter,ni,del,rscale     4    3    5.0000    0.7000
parameters
   -2.0107    1.6333   -3.0169   -5.0817  -23.8457  -11.7562
   12.3879   -7.3292   -7.7963   34.9197   16.7114  -37.5217
eta,q 0.96904 11.31018
  0.0321  0.0318  0.0315  0.0319  0.0315  0.0322  0.0317  0.0328  0.0316  0.0319  0.0314  0.0314
  0.0315  0.0313  0.0312  0.0314  0.0312  0.0316  0.0313  0.0318  0.0312  0.0314  0.0312  0.0311
  0.0311  0.0311  0.0310  0.0311  0.0310  0.0312  0.0310  0.0312  0.0310  0.0311  0.0310  0.0310
  0.0310  0.0310  0.0310  0.0309  0.0310  0.0309  0.0310  0.0310  0.0310  0.0310  0.0310  0.0310
  0.0311  0.0310  0.0311  0.0310  0.0310  0.0310  0.0310  0.0311  0.0310  0.0310  0.0310  0.0310
  0.0314  0.0313  0.0313  0.0313  0.0312  0.0315  0.0313  0.0318  0.0312  0.0313  0.0311  0.0311
  0.0321  0.0317  0.0317  0.0318  0.0315  0.0325  0.0317  0.0328  0.0316  0.0319  0.0314  0.0314
niter,ni,del,rscale     3    3    5.0000    0.6000
parameters
   -2.0132    1.6313   -3.0249   -5.0371  -23.8004  -11.6246
   12.4303   -7.3335   -7.8211   34.9529   16.6779  -37.5012
eta,q 0.96906 11.31873
  0.0318  0.0315  0.0314  0.0317  0.0314  0.0320  0.0315  0.0323  0.0314  0.0316  0.0313  0.0312
  0.0313  0.0312  0.0312  0.0313  0.0311  0.0315  0.0312  0.0316  0.0312  0.0313  0.0311  0.0311
  0.0310  0.0310  0.0310  0.0310  0.0310  0.0312  0.0310  0.0311  0.0310  0.0310  0.0310  0.0310
  0.0310  0.0310  0.0310  0.0310  0.0310  0.0309  0.0309  0.0309  0.0309  0.0309  0.0309  0.0309
  0.0311  0.0310  0.0310  0.0310  0.0310  0.0310  0.0310  0.0311  0.0310  0.0310  0.0310  0.0310
  0.0313  0.0312  0.0312  0.0312  0.0311  0.0313  0.0312  0.0315  0.0312  0.0312  0.0311  0.0311
  0.0318  0.0315  0.0314  0.0316  0.0314  0.0320  0.0315  0.0323  0.0314  0.0316  0.0313  0.0312
niter,ni,del,rscale     2    3    5.0000    0.5000
parameters
   -2.0281    1.6237   -2.9888   -5.0117  -23.7744  -11.4477
   12.4834   -7.3465   -7.8437   34.9691   16.5884  -37.5028
eta,q 0.96908 11.32741
  0.0315  0.0313  0.0313  0.0314  0.0312  0.0317  0.0313  0.0319  0.0313  0.0314  0.0311  0.0311
  0.0312  0.0311  0.0311  0.0312  0.0311  0.0313  0.0311  0.0314  0.0311  0.0312  0.0310  0.0310
  0.0310  0.0310  0.0310  0.0310  0.0310  0.0311  0.0310  0.0310  0.0310  0.0310  0.0310  0.0310
  0.0309  0.0309  0.0309  0.0309  0.0309  0.0309  0.0309  0.0309  0.0309  0.0309  0.0309  0.0309
  0.0310  0.0310  0.0310  0.0310  0.0310  0.0309  0.0310  0.0310  0.0310  0.0310  0.0310  0.0310
  0.0312  0.0311  0.0311  0.0312  0.0311  0.0311  0.0311  0.0314  0.0311  0.0311  0.0310  0.0310
  0.0315  0.0314  0.0312  0.0314  0.0312  0.0316  0.0313  0.0319  0.0313  0.0314  0.0312  0.0311
niter,ni,del,rscale     1    3    5.0000    0.4000
parameters
   -2.0518    1.6095   -2.9383   -4.9967  -23.7105  -11.2616
   12.5320   -7.3658   -7.8626   34.9701   16.5123  -37.4635
eta,q 0.96909 11.33766
  0.0313  0.0312  0.0312  0.0312  0.0311  0.0314  0.0312  0.0315  0.0311  0.0312  0.0311  0.0311
  0.0311  0.0310  0.0310  0.0311  0.0310  0.0312  0.0310  0.0312  0.0310  0.0311  0.0310  0.0310
  0.0310  0.0310  0.0310  0.0310  0.0309  0.0310  0.0310  0.0310  0.0309  0.0309  0.0309  0.0309
  0.0309  0.0309  0.0309  0.0309  0.0309  0.0309  0.0309  0.0309  0.0309  0.0309  0.0309  0.0309
  0.0310  0.0310  0.0309  0.0310  0.0309  0.0309  0.0309  0.0310  0.0309  0.0309  0.0309  0.0309
  0.0311  0.0310  0.0310  0.0311  0.0310  0.0310  0.0310  0.0312  0.0310  0.0311  0.0310  0.0310
  0.0313  0.0312  0.0311  0.0312  0.0311  0.0314  0.0312  0.0316  0.0311  0.0312  0.0311  0.0310
registration optimization eta report
parameter search radius
    0.8000    0.8000    0.8000    2.4000    2.4000    2.4000
    2.4000    2.4000    2.4000    2.4000    2.4000    2.4000
100000*second partial in parameter space
       58.       41.       33.        6.        3.        8.
        4.       11.        4.        6.        3.        2.
  0.0313  0.0312  0.0312  0.0312  0.0311  0.0314  0.0312  0.0315  0.0311  0.0312  0.0311  0.0311
  0.0311  0.0310  0.0310  0.0311  0.0310  0.0312  0.0310  0.0312  0.0310  0.0311  0.0310  0.0310
  0.0310  0.0310  0.0310  0.0310  0.0309  0.0310  0.0310  0.0310  0.0309  0.0309  0.0309  0.0309
  0.0309  0.0309  0.0309  0.0309  0.0309  0.0309  0.0309  0.0309  0.0309  0.0309  0.0309  0.0309
  0.0310  0.0310  0.0309  0.0310  0.0309  0.0309  0.0309  0.0310  0.0309  0.0309  0.0309  0.0309
  0.0311  0.0310  0.0310  0.0311  0.0310  0.0310  0.0310  0.0312  0.0310  0.0311  0.0310  0.0310
  0.0313  0.0312  0.0311  0.0312  0.0311  0.0314  0.0312  0.0316  0.0311  0.0312  0.0311  0.0310
   -2.0518    1.6095   -2.9383   -4.9967  -23.7105  -11.2616
   12.5320   -7.3658   -7.8626   34.9701   16.5123  -37.4635
eta,q 0.96909 11.33766

---------------------------------------------------------------------
compute_vox2vox talsrcimg talsrcimg_to_711-2C_as_mni_average_305_t4 /opt/freesurfer/average/711-2C_as_mni_average_305
---------------------------------------------------------------------

freesurfer compute_vox2vox.c
Reading: talsrcimg.4dfp.ifh
Reading: talsrcimg_to_711-2C_as_mni_average_305_t4
Reading: /opt/freesurfer/average/711-2C_as_mni_average_305.4dfp.ifh
Writing: talsrcimg_to_711-2C_as_mni_average_305_t4_vox2vox.txt

start time Thu Mar 12 00:58:12 CET 2026
end		time Thu Mar 12 00:59:46 CET 2026

mpr2mni305 success

avi2talxfm orig_nu.mgz /opt/freesurfer/average/mni305.cor.mgz talsrcimg_to_711-2C_as_mni_average_305_t4_vox2vox.txt transforms/talairach.auto.xfm
avi2talxfm done
mv -f /out/sourcedata/freesurfer/sub-v1s10x0050979_ses-1/mri/talsrcimg_to_711-2C_as_mni_average_305_t4_vox2vox.txt /out/sourcedata/freesurfer/sub-v1s10x0050979_ses-1/mri/transforms/talsrcimg_to_711-2C_as_mni_average_305_t4_vox2vox.txt
lta_convert --src orig_nu.mgz --trg /opt/freesurfer/average/mni305.cor.mgz --inxfm transforms/talairach.auto.xfm --outlta transforms/talairach.auto.xfm.lta --subject fsaverage
7.3.2

--src: orig_nu.mgz src image (geometry).
--trg: /opt/freesurfer/average/mni305.cor.mgz trg image (geometry).
--inmni: transforms/talairach.auto.xfm input MNI/XFM transform.
--outlta: transforms/talairach.auto.xfm.lta output LTA.
--s: fsaverage subject name
 LTA read, type : 1
 1.02186   0.12649  -0.10574  -4.96580;
-0.12206   0.92908   0.47629   2.83344;
 0.16127  -0.41284   1.08157  -0.95167;
 0.00000   0.00000   0.00000   1.00000;
setting subject to fsaverage
Writing  LTA to file transforms/talairach.auto.xfm.lta...
lta_convert successful.
 
 
Started at Thu Mar 12 00:58:11 CET 2026
Ended   at Thu Mar 12 00:59:46 CET 2026
talairach_avi done
