status file for recon-all
Thu Mar 12 09:23:27 CET 2026
#@# Tessellate lh Thu Mar 12 09:23:27 CET 2026
#@# Smooth1 lh Thu Mar 12 09:23:31 CET 2026
#@# Inflation1 lh Thu Mar 12 09:23:34 CET 2026
#@# QSphere lh Thu Mar 12 09:23:49 CET 2026
#@# Fix Topology lh Thu Mar 12 09:25:09 CET 2026
#@# Smooth2 lh Thu Mar 12 09:31:43 CET 2026
#@# Inflation2 lh Thu Mar 12 09:31:46 CET 2026
#@# Curv .H and .K lh Thu Mar 12 09:32:01 CET 2026
#@# Sphere lh Thu Mar 12 09:32:44 CET 2026
#@# Surf Reg lh Thu Mar 12 09:35:53 CET 2026
#@# Jacobian white lh Thu Mar 12 09:39:47 CET 2026
#@# AvgCurv lh Thu Mar 12 09:39:48 CET 2026
#@# Cortical Parc lh Thu Mar 12 09:39:49 CET 2026
#@# white curv lh Thu Mar 12 09:46:05 CET 2026
#@# white area lh Thu Mar 12 09:46:07 CET 2026
#@# pial curv lh Thu Mar 12 09:46:08 CET 2026
#@# pial area lh Thu Mar 12 09:46:10 CET 2026
#@# thickness lh Thu Mar 12 09:46:11 CET 2026
#@# area and vertex vol lh Thu Mar 12 09:46:38 CET 2026
#@# Curvature Stats lh Thu Mar 12 09:46:40 CET 2026
#@# Cortical Parc 2 lh Thu Mar 12 09:46:43 CET 2026
#@# Cortical Parc 3 lh Thu Mar 12 09:46:56 CET 2026
#@# WM/GM Contrast lh Thu Mar 12 09:47:06 CET 2026
recon-all -s sub-v1s10x0051108_ses-1 finished without error at Thu Mar 12 09:47:10 CET 2026



#New# invocation of recon-all 



status file for recon-all
Thu Mar 12 10:15:04 CET 2026
#@# white curv lh Thu Mar 12 10:15:04 CET 2026
#@# white area lh Thu Mar 12 10:15:04 CET 2026
#@# pial curv lh Thu Mar 12 10:15:04 CET 2026
#@# pial area lh Thu Mar 12 10:15:04 CET 2026
#@# thickness lh Thu Mar 12 10:15:04 CET 2026
#@# area and vertex vol lh Thu Mar 12 10:15:04 CET 2026
#@# Parcellation Stats lh Thu Mar 12 10:15:04 CET 2026
#@# Parcellation Stats 2 lh Thu Mar 12 10:15:21 CET 2026
#@# Parcellation Stats 3 lh Thu Mar 12 10:15:30 CET 2026
#@# BA_exvivo Labels lh Thu Mar 12 10:15:38 CET 2026
recon-all -s sub-v1s10x0051108_ses-1 finished without error at Thu Mar 12 10:18:11 CET 2026
