/out/sourcedata/freesurfer/sub-v1s10x0051033_ses-1/mri
/opt/freesurfer/bin/talairach_avi
--i orig_nu.mgz --xfm transforms/talairach.auto.xfm
talairach_avi 7.3.2
Linux dna010 5.14.0-427.37.1.el9_4.x86_64 #1 SMP PREEMPT_DYNAMIC Fri Sep 13 12:41:50 EDT 2024 x86_64 x86_64 x86_64 GNU/Linux
Thu Mar 12 03:30:47 CET 2026
mri_convert orig_nu.mgz talsrcimg.img 
reading from orig_nu.mgz...
TR=0.00, TE=0.00, TI=0.00, flip angle=0.00
i_ras = (-1, 0, 0)
j_ras = (0, 0, -1)
k_ras = (0, 1, 0)
writing to talsrcimg.img...
Analyze Output Matrix
-1.00000   0.00000   0.00000   142.67715;
 0.00000   0.00000   1.00000  -126.55421;
 0.00000  -1.00000   0.00000   114.09637;
 0.00000   0.00000   0.00000   1.00000;
--------------------
INFO: set hdr.hist.orient to -1
mpr2mni305 talsrcimg
Thu Mar 12 03:30:48 CET 2026
/opt/freesurfer/bin/mpr2mni305 talsrcimg
mpr2mni305 7.3.2
target=711-2C_as_mni_average_305

---------------------------------------------------------------------
analyzeto4dfp talsrcimg -O0 -y
---------------------------------------------------------------------

freesurfer ifh2hdr.c
Thu Mar 12 03:30:48 2026
Writing: talsrcimg.4dfp.hdr
freesurfer analyzeto4dfp.c
Reading: talsrcimg.hdr
header size 348 bytes
hdr.dime.datatype	offset=70	value=2
hdr.dime.bitpix		offset=72	value=8
hdr.hist.orient		offset=252	value=-1
dimensionality     4
dimensions       256       256       256         1
Reading: talsrcimg.img
Writing: talsrcimg.4dfp.img
Writing: talsrcimg.4dfp.ifh
ifh2hdr talsrcimg -r0to205
ori=2

---------------------------------------------------------------------
gauss_4dfp talsrcimg 1.1
---------------------------------------------------------------------

freesurfer gauss_4dfp.c
Reading: talsrcimg.4dfp.img
Writing: talsrcimg_g11.4dfp.img
image dimensions 256 256 256 padded to 288 288 288
processing volume 1freesurfer ifh2hdr.c
Thu Mar 12 03:30:50 2026
Writing: talsrcimg_g11.4dfp.hdr

Writing: talsrcimg_g11.4dfp.ifh
including: talsrcimg.4dfp.img.rec in talsrcimg_g11.4dfp.img.rec

---------------------------------------------------------------------
imgreg_4dfp /opt/freesurfer/average/711-2C_as_mni_average_305 none talsrcimg_g11 none talsrcimg_to_711-2C_as_mni_average_305_t4 4355
---------------------------------------------------------------------

freesurfer imgreg_4dfp.c
/opt/freesurfer/average/711-2C_as_mni_average_305.4dfp.img
       256       256       256         1
  1.000000  1.000000  1.000000
orientation T byte_order littleendian
Reading image: /opt/freesurfer/average/711-2C_as_mni_average_305.4dfp.img
dimensions:      256       256       256
mmppix:       1.0000   -1.0000   -1.0000
center:     128.0000 -129.0000 -129.0000
talsrcimg_g11.4dfp.img
       256       256       256         1
  1.000000  1.000000  1.000000
orientation T byte_order littleendian
Reading image: talsrcimg_g11.4dfp.img
dimensions:      256       256       256
mmppix:       1.0000   -1.0000   -1.0000
center:     128.0000 -129.0000 -129.0000
t4_read: open error in t4_sub.f l:  41 t4_file(1:l)talsrcimg_to_711-2C_as_mni_average_305_t4 
t4_read: transform initialized to I4
rotation matrix determinant  1.000000
image alignment mode   4355 decimal     1103 hex
   -7.5000  -45.0000  -45.0000 7840.5312   24.3897
    0.0000  -45.0000  -45.0000 8162.5278   24.4000
    7.5000  -45.0000  -45.0000 7783.9590   24.3793
   -7.5000  -37.5000  -45.0000 8153.4946   24.3580
    0.0000  -37.5000  -45.0000 8471.1914   24.3758
    7.5000  -37.5000  -45.0000 8088.8374   24.3550
   -7.5000  -30.0000  -45.0000 8713.4541   24.3508
    0.0000  -30.0000  -45.0000 9061.0547   24.3643
    7.5000  -30.0000  -45.0000 8643.2236   24.3411
   -7.5000  -22.5000  -45.0000 9271.1318   24.3835
    0.0000  -22.5000  -45.0000 9625.0234   24.3845
    7.5000  -22.5000  -45.0000 9210.4102   24.3590
   -7.5000  -15.0000  -45.0000 9710.4727   24.4224
    0.0000  -15.0000  -45.000010092.8340   24.4158
    7.5000  -15.0000  -45.0000 9662.4062   24.3909
   -7.5000   -7.5000  -45.000010107.9209   24.4214
    0.0000   -7.5000  -45.000010482.4600   24.4198
    7.5000   -7.5000  -45.000010030.6592   24.3973
   -7.5000    0.0000  -45.000010429.7695   24.3897
    0.0000    0.0000  -45.000010789.7051   24.4000
    7.5000    0.0000  -45.000010329.8525   24.3793
   -7.5000    7.5000  -45.0000 9967.6602   24.3580
    0.0000    7.5000  -45.000010297.8506   24.3758
    7.5000    7.5000  -45.0000 9858.5752   24.3550
   -7.5000   15.0000  -45.0000 9325.8574   24.3508
    0.0000   15.0000  -45.0000 9619.5791   24.3643
    7.5000   15.0000  -45.0000 9197.1953   24.3411
   -7.5000   22.5000  -45.0000 8662.1035   24.3802
    0.0000   22.5000  -45.0000 8910.4258   24.3811
    7.5000   22.5000  -45.0000 8506.6035   24.3557
   -7.5000   30.0000  -45.0000 7960.8979   24.0970
    0.0000   30.0000  -45.0000 8204.7871   24.0904
    7.5000   30.0000  -45.0000 7828.7510   24.0659
   -7.5000   37.5000  -45.0000 7426.8066   24.0960
    0.0000   37.5000  -45.0000 7662.8569   24.0944
    7.5000   37.5000  -45.0000 7305.7319   24.0722
   -7.5000   45.0000  -45.0000 6580.5908   23.4592
    0.0000   45.0000  -45.0000 6791.1938   23.4691
    7.5000   45.0000  -45.0000 6458.3384   23.4492
   -7.5000  -45.0000  -37.5000 8347.0684   24.0077
    0.0000  -45.0000  -37.5000 8702.2764   24.0181
    7.5000  -45.0000  -37.5000 8306.6562   23.9875
   -7.5000  -37.5000  -37.5000 8658.2119   24.0014
    0.0000  -37.5000  -37.5000 9015.6924   24.0164
    7.5000  -37.5000  -37.5000 8593.7070   23.9817
   -7.5000  -30.0000  -37.5000 9242.4375   23.9927
    0.0000  -30.0000  -37.5000 9623.8027   24.0041
    7.5000  -30.0000  -37.5000 9153.5947   23.9681
   -7.5000  -22.5000  -37.5000 9824.5615   23.9972
    0.0000  -22.5000  -37.500010205.6348   23.9999
    7.5000  -22.5000  -37.5000 9716.3418   23.9662
   -7.5000  -15.0000  -37.500010281.8252   24.0095
    0.0000  -15.0000  -37.500010704.3154   24.0076
    7.5000  -15.0000  -37.500010180.1299   23.9780
   -7.5000   -7.5000  -37.500010718.2920   24.0114
    0.0000   -7.5000  -37.500011145.8887   24.0134
    7.5000   -7.5000  -37.500010620.1787   23.9856
   -7.5000    0.0000  -37.500011042.2148   24.0077
    0.0000    0.0000  -37.500011473.0430   24.0181
    7.5000    0.0000  -37.500010931.5869   23.9875
   -7.5000    7.5000  -37.500010525.6543   24.0014
    0.0000    7.5000  -37.500010919.1973   24.0164
    7.5000    7.5000  -37.500010407.8750   23.9817
   -7.5000   15.0000  -37.5000 9812.0068   23.9927
    0.0000   15.0000  -37.500010156.7305   24.0041
    7.5000   15.0000  -37.5000 9677.9365   23.9681
   -7.5000   22.5000  -37.5000 9082.1709   23.9939
    0.0000   22.5000  -37.5000 9363.5898   23.9966
    7.5000   22.5000  -37.5000 8935.8096   23.9629
   -7.5000   30.0000  -37.5000 8333.6348   23.6895
    0.0000   30.0000  -37.5000 8568.1533   23.6877
    7.5000   30.0000  -37.5000 8184.0371   23.6584
   -7.5000   37.5000  -37.5000 7778.8726   23.6914
    0.0000   37.5000  -37.5000 8010.9243   23.6934
    7.5000   37.5000  -37.5000 7637.7856   23.6660
   -7.5000   45.0000  -37.5000 6890.5610   23.0917
    0.0000   45.0000  -37.5000 7120.9375   23.1017
    7.5000   45.0000  -37.5000 6767.8740   23.0723
   -7.5000  -45.0000  -30.0000 9102.7393   24.9098
    0.0000  -45.0000  -30.0000 9485.3613   24.9163
    7.5000  -45.0000  -30.0000 9020.0840   24.8752
   -7.5000  -37.5000  -30.0000 9429.3564   24.9185
    0.0000  -37.5000  -30.0000 9818.0928   24.9286
    7.5000  -37.5000  -30.0000 9317.7119   24.8835
   -7.5000  -30.0000  -30.000010034.4268   24.9113
    0.0000  -30.0000  -30.000010458.2188   24.9198
    7.5000  -30.0000  -30.0000 9923.8955   24.8796
   -7.5000  -22.5000  -30.000010602.8701   24.9014
    0.0000  -22.5000  -30.000011047.5850   24.9044
    7.5000  -22.5000  -30.000010505.8545   24.8723
   -7.5000  -15.0000  -30.000011101.7256   24.8967
    0.0000  -15.0000  -30.000011569.2080   24.8959
    7.5000  -15.0000  -30.000010993.0674   24.8682
   -7.5000   -7.5000  -30.000011576.1934   24.8981
    0.0000   -7.5000  -30.000012081.7324   24.8991
    7.5000   -7.5000  -30.000011474.2822   24.8672
   -7.5000    0.0000  -30.000011902.0254   24.9098
    0.0000    0.0000  -30.000012406.6152   24.9163
    7.5000    0.0000  -30.000011795.5811   24.8752
   -7.5000    7.5000  -30.000011316.5557   24.9185
    0.0000    7.5000  -30.000011773.0449   24.9286
    7.5000    7.5000  -30.000011188.6143   24.8835
   -7.5000   15.0000  -30.000010521.6104   24.9113
    0.0000   15.0000  -30.000010912.4365   24.9198
    7.5000   15.0000  -30.000010396.2920   24.8796
   -7.5000   22.5000  -30.0000 9721.7002   24.8954
    0.0000   22.5000  -30.000010055.4521   24.8984
    7.5000   22.5000  -30.0000 9580.8945   24.8663
   -7.5000   30.0000  -30.0000 8919.1045   24.5673
    0.0000   30.0000  -30.0000 9182.2090   24.5665
    7.5000   30.0000  -30.0000 8759.2334   24.5392
   -7.5000   37.5000  -30.0000 8339.6875   24.5686
    0.0000   37.5000  -30.0000 8571.7178   24.5696
    7.5000   37.5000  -30.0000 8174.2837   24.5382
   -7.5000   45.0000  -30.0000 7379.6558   23.9769
    0.0000   45.0000  -30.0000 7614.8071   23.9831
    7.5000   45.0000  -30.0000 7244.2246   23.9436
   -7.5000  -45.0000  -22.5000 9852.5527   25.7244
    0.0000  -45.0000  -22.500010280.8408   25.7250
    7.5000  -45.0000  -22.5000 9759.7363   25.6848
   -7.5000  -37.5000  -22.500010178.6865   25.7174
    0.0000  -37.5000  -22.500010622.7920   25.7222
    7.5000  -37.5000  -22.500010063.6533   25.6838
   -7.5000  -30.0000  -22.500010840.1699   25.7136
    0.0000  -30.0000  -22.500011309.8623   25.7178
    7.5000  -30.0000  -22.500010719.7764   25.6899
   -7.5000  -22.5000  -22.500011435.5039   25.7234
    0.0000  -22.5000  -22.500011931.8545   25.7219
    7.5000  -22.5000  -22.500011300.9375   25.7025
   -7.5000  -15.0000  -22.500011972.5127   25.7334
    0.0000  -15.0000  -22.500012483.1416   25.7269
    7.5000  -15.0000  -22.500011820.4355   25.7073
   -7.5000   -7.5000  -22.500012462.5352   25.7307
    0.0000   -7.5000  -22.500013021.6230   25.7257
    7.5000   -7.5000  -22.500012313.1338   25.6957
   -7.5000    0.0000  -22.500012782.8262   25.7244
    0.0000    0.0000  -22.500013338.7500   25.7250
    7.5000    0.0000  -22.500012623.8340   25.6848
   -7.5000    7.5000  -22.500012139.3301   25.7174
    0.0000    7.5000  -22.500012630.5654   25.7222
    7.5000    7.5000  -22.500011974.7510   25.6838
   -7.5000   15.0000  -22.500011234.3047   25.7136
    0.0000   15.0000  -22.500011671.4863   25.7178
    7.5000   15.0000  -22.500011098.6562   25.6899
   -7.5000   22.5000  -22.500010391.6396   25.7155
    0.0000   22.5000  -22.500010779.6387   25.7139
    7.5000   22.5000  -22.500010245.4307   25.6946
   -7.5000   30.0000  -22.5000 9507.3701   25.3968
    0.0000   30.0000  -22.5000 9799.4717   25.3904
    7.5000   30.0000  -22.5000 9341.8086   25.3710
   -7.5000   37.5000  -22.5000 8905.3115   25.3941
    0.0000   37.5000  -22.5000 9155.5928   25.3892
    7.5000   37.5000  -22.5000 8722.3945   25.3596
   -7.5000   45.0000  -22.5000 7872.3140   24.7794
    0.0000   45.0000  -22.5000 8100.1069   24.7800
    7.5000   45.0000  -22.5000 7713.2861   24.7412
   -7.5000  -45.0000  -15.000010612.7549   26.3000
    0.0000  -45.0000  -15.000011082.8037   26.2998
    7.5000  -45.0000  -15.000010514.7783   26.2706
   -7.5000  -37.5000  -15.000010948.5654   26.2641
    0.0000  -37.5000  -15.000011437.2451   26.2697
    7.5000  -37.5000  -15.000010821.4873   26.2470
   -7.5000  -30.0000  -15.000011706.2432   26.2629
    0.0000  -30.0000  -15.000012196.1230   26.2663
    7.5000  -30.0000  -15.000011516.9180   26.2540
   -7.5000  -22.5000  -15.000012365.4600   26.3057
    0.0000  -22.5000  -15.000012887.0654   26.2997
    7.5000  -22.5000  -15.000012153.3115   26.2914
   -7.5000  -15.0000  -15.000012914.3193   26.3459
    0.0000  -15.0000  -15.000013476.6562   26.3330
    7.5000  -15.0000  -15.000012699.4893   26.3200
   -7.5000   -7.5000  -15.000013393.3691   26.3389
    0.0000   -7.5000  -15.000013993.1709   26.3297
    7.5000   -7.5000  -15.000013175.6201   26.3062
   -7.5000    0.0000  -15.000013685.3096   26.3000
    0.0000    0.0000  -15.000014295.6963   26.2998
    7.5000    0.0000  -15.000013476.2930   26.2706
   -7.5000    7.5000  -15.000012961.4043   26.2641
    0.0000    7.5000  -15.000013534.2109   26.2697
    7.5000    7.5000  -15.000012777.1660   26.2470
   -7.5000   15.0000  -15.000011989.4766   26.2629
    0.0000   15.0000  -15.000012484.4043   26.2663
    7.5000   15.0000  -15.000011832.3740   26.2540
   -7.5000   22.5000  -15.000011092.7998   26.2964
    0.0000   22.5000  -15.000011518.0156   26.2904
    7.5000   22.5000  -15.000010898.0117   26.2821
   -7.5000   30.0000  -15.000010142.4336   26.0050
    0.0000   30.0000  -15.000010474.6689   25.9922
    7.5000   30.0000  -15.0000 9956.0176   25.9794
   -7.5000   37.5000  -15.0000 9477.4893   25.9980
    0.0000   37.5000  -15.0000 9746.5635   25.9890
    7.5000   37.5000  -15.0000 9277.3721   25.9657
   -7.5000   45.0000  -15.0000 8371.3760   25.3491
    0.0000   45.0000  -15.0000 8606.8359   25.3489
    7.5000   45.0000  -15.0000 8201.6348   25.3207
   -7.5000  -45.0000   -7.500011450.7031   26.5786
    0.0000  -45.0000   -7.500011965.4189   26.5819
    7.5000  -45.0000   -7.500011355.6387   26.5611
   -7.5000  -37.5000   -7.500011809.4502   26.5306
    0.0000  -37.5000   -7.500012322.5186   26.5419
    7.5000  -37.5000   -7.500011660.3145   26.5266
   -7.5000  -30.0000   -7.500012629.7217   26.5281
    0.0000  -30.0000   -7.500013153.9072   26.5358
    7.5000  -30.0000   -7.500012408.3018   26.5242
   -7.5000  -22.5000   -7.500013384.7988   26.5833
    0.0000  -22.5000   -7.500013931.7803   26.5778
    7.5000  -22.5000   -7.500013084.8447   26.5647
   -7.5000  -15.0000   -7.500013979.8184   26.6384
    0.0000  -15.0000   -7.500014551.3398   26.6241
    7.5000  -15.0000   -7.500013665.3408   26.6067
   -7.5000   -7.5000   -7.500014440.6436   26.6313
    0.0000   -7.5000   -7.500015042.3369   26.6220
    7.5000   -7.5000   -7.500014143.3242   26.6007
   -7.5000    0.0000   -7.500014711.4395   26.5786
    0.0000    0.0000   -7.500015348.6816   26.5819
    7.5000    0.0000   -7.500014447.7393   26.5611
   -7.5000    7.5000   -7.500013920.0225   26.5306
    0.0000    7.5000   -7.500014528.3965   26.5419
    7.5000    7.5000   -7.500013683.5195   26.5266
   -7.5000   15.0000   -7.500012902.8145   26.5281
    0.0000   15.0000   -7.500013434.3154   26.5358
    7.5000   15.0000   -7.500012651.9580   26.5242
   -7.5000   22.5000   -7.500011923.1328   26.5711
    0.0000   22.5000   -7.500012375.7910   26.5655
    7.5000   22.5000   -7.500011659.3584   26.5525
   -7.5000   30.0000   -7.500010854.5303   26.2929
    0.0000   30.0000   -7.500011228.5732   26.2788
    7.5000   30.0000   -7.500010635.0674   26.2616
   -7.5000   37.5000   -7.500010109.2031   26.2859
    0.0000   37.5000   -7.500010437.8477   26.2768
    7.5000   37.5000   -7.5000 9889.6748   26.2558
   -7.5000   45.0000   -7.5000 8923.4092   25.6225
    0.0000   45.0000   -7.5000 9185.9531   25.6257
    7.5000   45.0000   -7.5000 8724.3115   25.6057
   -7.5000  -45.0000    0.000012325.0410   26.6420
    0.0000  -45.0000    0.000012854.5762   26.6499
    7.5000  -45.0000    0.000012155.0654   26.6266
   -7.5000  -37.5000    0.000012711.5215   26.6073
    0.0000  -37.5000    0.000013205.3174   26.6233
    7.5000  -37.5000    0.000012450.5293   26.6005
   -7.5000  -30.0000    0.000013587.7285   26.6013
    0.0000  -30.0000    0.000014057.7568   26.6131
    7.5000  -30.0000    0.000013225.7236   26.5880
   -7.5000  -22.5000    0.000014380.9824   26.6394
    0.0000  -22.5000    0.000014884.6074   26.6379
    7.5000  -22.5000    0.000013962.4238   26.6098
   -7.5000  -15.0000    0.000014993.4062   26.6824
    0.0000  -15.0000    0.000015534.5820   26.6726
    7.5000  -15.0000    0.000014596.6338   26.6444
   -7.5000   -7.5000    0.000015492.1406   26.6790
    0.0000   -7.5000    0.000016076.3145   26.6745
    7.5000   -7.5000    0.000015113.9375   26.6487
   -7.5000    0.0000    0.000015770.8359   26.6420
    0.0000    0.0000    0.000016387.8066   26.6499
    7.5000    0.0000    0.000015406.1895   26.6266
   -7.5000    7.5000    0.000014897.3037   26.6073
    0.0000    7.5000    0.000015509.9385   26.6233
    7.5000    7.5000    0.000014566.0586   26.6005
   -7.5000   15.0000    0.000013790.2480   26.6013
    0.0000   15.0000    0.000014371.2295   26.6131
    7.5000   15.0000    0.000013514.5010   26.5880
   -7.5000   22.5000    0.000012737.3545   26.6271
    0.0000   22.5000    0.000013228.9238   26.6256
    7.5000   22.5000    0.000012447.0430   26.5975
   -7.5000   30.0000    0.000011579.5059   26.3371
    0.0000   30.0000    0.000011993.7490   26.3274
    7.5000   30.0000    0.000011324.4521   26.2996
   -7.5000   37.5000    0.000010745.4082   26.3337
    0.0000   37.5000    0.000011104.4424   26.3293
    7.5000   37.5000    0.000010495.1377   26.3038
   -7.5000   45.0000    0.0000 9416.7939   25.6857
    0.0000   45.0000    0.0000 9709.7949   25.6933
    7.5000   45.0000    0.0000 9226.4453   25.6709
   -7.5000  -45.0000    7.500012416.3672   26.6834
    0.0000  -45.0000    7.500012885.7314   26.6935
    7.5000  -45.0000    7.500012109.0215   26.6585
   -7.5000  -37.5000    7.500012786.2676   26.6778
    0.0000  -37.5000    7.500013170.6309   26.6932
    7.5000  -37.5000    7.500012353.6719   26.6539
   -7.5000  -30.0000    7.500013583.8369   26.6694
    0.0000  -30.0000    7.500013956.7441   26.6811
    7.5000  -30.0000    7.500013082.4844   26.6406
   -7.5000  -22.5000    7.500014350.0117   26.6742
    0.0000  -22.5000    7.500014764.6016   26.6764
    7.5000  -22.5000    7.500013811.4492   26.6383
   -7.5000  -15.0000    7.500014926.5322   26.6867
    0.0000  -15.0000    7.500015400.5850   26.6835
    7.5000  -15.0000    7.500014442.5078   26.6497
   -7.5000   -7.5000    7.500015411.5908   26.6876
    0.0000   -7.5000    7.500015942.0430   26.6885
    7.5000   -7.5000    7.500014966.9629   26.6565
   -7.5000    0.0000    7.500015700.0029   26.6834
    0.0000    0.0000    7.500016284.5215   26.6935
    7.5000    0.0000    7.500015282.0352   26.6585
   -7.5000    7.5000    7.500014819.3604   26.6778
    0.0000    7.5000    7.500015392.1650   26.6932
    7.5000    7.5000    7.500014430.6133   26.6539
   -7.5000   15.0000    7.500013757.0840   26.6694
    0.0000   15.0000    7.500014271.0977   26.6811
    7.5000   15.0000    7.500013398.1973   26.6406
   -7.5000   22.5000    7.500012671.7832   26.6619
    0.0000   22.5000    7.500013117.1416   26.6642
    7.5000   22.5000    7.500012325.0098   26.6260
   -7.5000   30.0000    7.500011481.9990   26.3413
    0.0000   30.0000    7.500011871.9287   26.3382
    7.5000   30.0000    7.500011161.1553   26.3048
   -7.5000   37.5000    7.500010615.4561   26.3422
    0.0000   37.5000    7.500010936.4443   26.3431
    7.5000   37.5000    7.500010330.1426   26.3115
   -7.5000   45.0000    7.5000 9259.8779   25.7257
    0.0000   45.0000    7.5000 9496.0283   25.7355
    7.5000   45.0000    7.5000 9048.7090   25.7018
   -7.5000  -45.0000   15.000012440.5020   26.7152
    0.0000  -45.0000   15.000012810.7344   26.7214
    7.5000  -45.0000   15.000011943.2939   26.6766
   -7.5000  -37.5000   15.000012634.7227   26.7254
    0.0000  -37.5000   15.000012944.3887   26.7355
    7.5000  -37.5000   15.000012226.6240   26.6865
   -7.5000  -30.0000   15.000013204.3633   26.7180
    0.0000  -30.0000   15.000013536.1406   26.7264
    7.5000  -30.0000   15.000012878.8145   26.6828
   -7.5000  -22.5000   15.000013868.7529   26.7068
    0.0000  -22.5000   15.000014248.7627   26.7094
    7.5000  -22.5000   15.000013520.7793   26.6744
   -7.5000  -15.0000   15.000014444.8350   26.7009
    0.0000  -15.0000   15.000014884.1943   26.6995
    7.5000  -15.0000   15.000014078.8584   26.6691
   -7.5000   -7.5000   15.000014989.8320   26.7021
    0.0000   -7.5000   15.000015461.8613   26.7025
    7.5000   -7.5000   15.000014573.1719   26.6676
   -7.5000    0.0000   15.000015314.2637   26.7152
    0.0000    0.0000   15.000015818.5049   26.7214
    7.5000    0.0000   15.000014858.9775   26.6766
   -7.5000    7.5000   15.000014437.0322   26.7254
    0.0000    7.5000   15.000014924.8926   26.7355
    7.5000    7.5000   15.000013989.1895   26.6865
   -7.5000   15.0000   15.000013407.2080   26.7180
    0.0000   15.0000   15.000013829.7471   26.7264
    7.5000   15.0000   15.000012979.6826   26.6828
   -7.5000   22.5000   15.000012366.7842   26.6945
    0.0000   22.5000   15.000012737.3691   26.6971
    7.5000   22.5000   15.000011961.6855   26.6621
   -7.5000   30.0000   15.000011243.0029   26.3554
    0.0000   30.0000   15.000011570.2695   26.3539
    7.5000   30.0000   15.000010845.8418   26.3239
   -7.5000   37.5000   15.000010401.8398   26.3566
    0.0000   37.5000   15.000010678.3428   26.3570
    7.5000   37.5000   15.000010059.9131   26.3225
   -7.5000   45.0000   15.0000 9066.8535   25.7563
    0.0000   45.0000   15.0000 9273.7822   25.7623
    7.5000   45.0000   15.0000 8749.9199   25.7192
   -7.5000  -45.0000   22.500011829.6035   26.7032
    0.0000  -45.0000   22.500012288.3359   26.7038
    7.5000  -45.0000   22.500011442.1963   26.6620
   -7.5000  -37.5000   22.500012105.4834   26.6961
    0.0000  -37.5000   22.500012506.9248   26.7011
    7.5000  -37.5000   22.500011834.8945   26.6612
   -7.5000  -30.0000   22.500012766.3555   26.6923
    0.0000  -30.0000   22.500013112.3057   26.6967
    7.5000  -30.0000   22.500012535.7949   26.6678
   -7.5000  -22.5000   22.500013435.1094   26.7026
    0.0000  -22.5000   22.500013740.2383   26.7009
    7.5000  -22.5000   22.500013104.2090   26.6808
   -7.5000  -15.0000   22.500013961.2500   26.7128
    0.0000  -15.0000   22.500014304.1318   26.7061
    7.5000  -15.0000   22.500013614.2637   26.6856
   -7.5000   -7.5000   22.500014460.2500   26.7098
    0.0000   -7.5000   22.500014832.6260   26.7046
    7.5000   -7.5000   22.500014053.4395   26.6735
   -7.5000    0.0000   22.500014739.0449   26.7032
    0.0000    0.0000   22.500015163.2158   26.7038
    7.5000    0.0000   22.500014308.2852   26.6620
   -7.5000    7.5000   22.500013921.2070   26.6961
    0.0000    7.5000   22.500014368.8408   26.7011
    7.5000    7.5000   22.500013448.8330   26.6612
   -7.5000   15.0000   22.500012937.0811   26.6923
    0.0000   15.0000   22.500013370.2979   26.6967
    7.5000   15.0000   22.500012449.5850   26.6678
   -7.5000   22.5000   22.500011921.6611   26.6903
    0.0000   22.5000   22.500012326.0400   26.6886
    7.5000   22.5000   22.500011469.8408   26.6685
   -7.5000   30.0000   22.500010826.9131   26.3671
    0.0000   30.0000   22.500011172.0615   26.3605
    7.5000   30.0000   22.500010411.4971   26.3403
   -7.5000   37.5000   22.500010039.1035   26.3641
    0.0000   37.5000   22.500010313.4209   26.3590
    7.5000   37.5000   22.5000 9645.4512   26.3283
   -7.5000   45.0000   22.5000 8735.0703   25.7446
    0.0000   45.0000   22.5000 8920.4766   25.7451
    7.5000   45.0000   22.5000 8394.7803   25.7049
   -7.5000  -45.0000   30.000010965.3262   26.6922
    0.0000  -45.0000   30.000011447.8311   26.6922
    7.5000  -45.0000   30.000010741.5234   26.6632
   -7.5000  -37.5000   30.000011265.0908   26.6556
    0.0000  -37.5000   30.000011725.6875   26.6615
    7.5000  -37.5000   30.000011113.1963   26.6390
   -7.5000  -30.0000   30.000012087.8057   26.6545
    0.0000  -30.0000   30.000012528.4355   26.6580
    7.5000  -30.0000   30.000011828.8652   26.6461
   -7.5000  -22.5000   30.000012810.7998   26.6982
    0.0000  -22.5000   30.000013250.9951   26.6921
    7.5000  -22.5000   30.000012450.2539   26.6842
   -7.5000  -15.0000   30.000013362.0996   26.7391
    0.0000  -15.0000   30.000013786.0908   26.7261
    7.5000  -15.0000   30.000012961.3232   26.7134
   -7.5000   -7.5000   30.000013818.5254   26.7319
    0.0000   -7.5000   30.000014240.6416   26.7227
    7.5000   -7.5000   30.000013405.9170   26.6994
   -7.5000    0.0000   30.000014044.6182   26.6922
    0.0000    0.0000   30.000014460.2002   26.6922
    7.5000    0.0000   30.000013636.9258   26.6632
   -7.5000    7.5000   30.000013249.8633   26.6556
    0.0000    7.5000   30.000013642.3496   26.6615
    7.5000    7.5000   30.000012821.0840   26.6390
   -7.5000   15.0000   30.000012271.0000   26.6545
    0.0000   15.0000   30.000012626.8916   26.6580
    7.5000   15.0000   30.000011879.2246   26.6461
   -7.5000   22.5000   30.000011266.2090   26.6859
    0.0000   22.5000   30.000011619.4873   26.6798
    7.5000   22.5000   30.000010907.0439   26.6719
   -7.5000   30.0000   30.000010203.3584   26.3931
    0.0000   30.0000   30.000010553.1973   26.3802
    7.5000   30.0000   30.0000 9922.2246   26.3677
   -7.5000   37.5000   30.0000 9452.9609   26.3859
    0.0000   37.5000   30.0000 9764.1064   26.3769
    7.5000   37.5000   30.0000 9187.5508   26.3539
   -7.5000   45.0000   30.0000 8209.6523   25.7339
    0.0000   45.0000   30.0000 8449.8613   25.7338
    7.5000   45.0000   30.0000 7989.4570   25.7059
   -7.5000  -45.0000   37.500010574.5234   26.7679
    0.0000  -45.0000   37.500011040.3418   26.7707
    7.5000  -45.0000   37.500010463.5957   26.7509
   -7.5000  -37.5000   37.500010921.5000   26.7189
    0.0000  -37.5000   37.500011361.3145   26.7300
    7.5000  -37.5000   37.500010810.9062   26.7159
   -7.5000  -30.0000   37.500011698.8652   26.7165
    0.0000  -30.0000   37.500012157.7100   26.7240
    7.5000  -30.0000   37.500011510.6719   26.7136
   -7.5000  -22.5000   37.500012381.5605   26.7730
    0.0000  -22.5000   37.500012875.4805   26.7669
    7.5000  -22.5000   37.500012139.0830   26.7549
   -7.5000  -15.0000   37.500012942.8809   26.8291
    0.0000  -15.0000   37.500013450.9971   26.8140
    7.5000  -15.0000   37.500012668.4170   26.7974
   -7.5000   -7.5000   37.500013429.5410   26.8218
    0.0000   -7.5000   37.500013926.6006   26.8117
    7.5000   -7.5000   37.500013143.6279   26.7912
   -7.5000    0.0000   37.500013703.4404   26.7679
    0.0000    0.0000   37.500014220.7021   26.7707
    7.5000    0.0000   37.500013401.9521   26.7509
   -7.5000    7.5000   37.500012907.1670   26.7189
    0.0000    7.5000   37.500013393.6494   26.7300
    7.5000    7.5000   37.500012588.5176   26.7159
   -7.5000   15.0000   37.500011942.2578   26.7165
    0.0000   15.0000   37.500012384.0830   26.7240
    7.5000   15.0000   37.500011651.9600   26.7136
   -7.5000   22.5000   37.500010935.0488   26.7606
    0.0000   22.5000   37.500011361.8721   26.7546
    7.5000   22.5000   37.500010690.5547   26.7425
   -7.5000   30.0000   37.5000 9871.2461   26.4819
    0.0000   30.0000   37.500010249.3252   26.4670
    7.5000   30.0000   37.5000 9696.5088   26.4506
   -7.5000   37.5000   37.5000 9103.6592   26.4746
    0.0000   37.5000   37.5000 9423.4404   26.4647
    7.5000   37.5000   37.5000 8956.1533   26.4445
   -7.5000   45.0000   37.5000 7908.8989   25.8064
    0.0000   45.0000   37.5000 8162.2808   25.8090
    7.5000   45.0000   37.5000 7772.8496   25.7900
   -7.5000  -45.0000   45.0000 9786.2178   26.9589
    0.0000  -45.0000   45.000010193.4219   26.9649
    7.5000  -45.0000   45.0000 9746.0703   26.9418
   -7.5000  -37.5000   45.000010120.8936   26.9230
    0.0000  -37.5000   45.000010527.9570   26.9376
    7.5000  -37.5000   45.000010074.8672   26.9151
   -7.5000  -30.0000   45.000010821.3105   26.9170
    0.0000  -30.0000   45.000011246.0303   26.9278
    7.5000  -30.0000   45.000010718.9746   26.9029
   -7.5000  -22.5000   45.000011425.9121   26.9565
    0.0000  -22.5000   45.000011868.3867   26.9539
    7.5000  -22.5000   45.000011292.0498   26.9258
   -7.5000  -15.0000   45.000011943.2559   27.0010
    0.0000  -15.0000   45.000012398.8340   26.9896
    7.5000  -15.0000   45.000011805.0928   26.9613
   -7.5000   -7.5000   45.000012403.1836   26.9973
    0.0000   -7.5000   45.000012869.3076   26.9908
    7.5000   -7.5000   45.000012249.6680   26.9651
   -7.5000    0.0000   45.000012700.7041   26.9589
    0.0000    0.0000   45.000013193.2100   26.9649
    7.5000    0.0000   45.000012515.8408   26.9418
   -7.5000    7.5000   45.000011954.4131   26.9230
    0.0000    7.5000   45.000012421.5029   26.9376
    7.5000    7.5000   45.000011759.0117   26.9151
   -7.5000   15.0000   45.000011070.3730   26.9170
    0.0000   15.0000   45.000011496.8066   26.9278
    7.5000   15.0000   45.000010874.0840   26.9029
   -7.5000   22.5000   45.000010143.4971   26.9440
    0.0000   22.5000   45.000010526.8008   26.9414
    7.5000   22.5000   45.0000 9968.4727   26.9133
   -7.5000   30.0000   45.0000 9155.5059   26.6493
    0.0000   30.0000   45.0000 9510.5225   26.6380
    7.5000   30.0000   45.0000 9010.3848   26.6101
   -7.5000   37.5000   45.0000 8409.7471   26.6456
    0.0000   37.5000   45.0000 8722.1270   26.6392
    7.5000   37.5000   45.0000 8271.0771   26.6138
   -7.5000   45.0000   45.0000 7261.1577   26.0010
    0.0000   45.0000   45.0000 7512.5508   26.0068
    7.5000   45.0000   45.0000 7160.1333   25.9845

---------------------------------------------------------------------
imgreg_4dfp /opt/freesurfer/average/711-2C_as_mni_average_305 /opt/freesurfer/average/711-2B_as_mni_average_305_mask talsrcimg_g11 none talsrcimg_to_711-2C_as_mni_average_305_t4 4355
---------------------------------------------------------------------

freesurfer imgreg_4dfp.c
/opt/freesurfer/average/711-2C_as_mni_average_305.4dfp.img
       256       256       256         1
  1.000000  1.000000  1.000000
orientation T byte_order littleendian
Reading image: /opt/freesurfer/average/711-2C_as_mni_average_305.4dfp.img
dimensions:      256       256       256
mmppix:       1.0000   -1.0000   -1.0000
center:     128.0000 -129.0000 -129.0000
/opt/freesurfer/average/711-2B_as_mni_average_305_mask.4dfp.img
       256       256       256         1
  1.000000  1.000000  1.000000
orientation T byte_order littleendian
Reading mask: /opt/freesurfer/average/711-2B_as_mni_average_305_mask.4dfp.img (2306576 pixels)
talsrcimg_g11.4dfp.img
       256       256       256         1
  1.000000  1.000000  1.000000
orientation T byte_order littleendian
Reading image: talsrcimg_g11.4dfp.img
dimensions:      256       256       256
mmppix:       1.0000   -1.0000   -1.0000
center:     128.0000 -129.0000 -129.0000
rotation matrix determinant  1.000000
image alignment mode   4355 decimal     1103 hex
   -7.5000  -45.0000  -45.0000 2058.0818   25.9514
    0.0000  -45.0000  -45.0000 2064.6909   25.7821
    7.5000  -45.0000  -45.0000 2053.9001   26.2007
   -7.5000  -37.5000  -45.0000 2106.3801   24.4132
    0.0000  -37.5000  -45.0000 2119.5923   24.2541
    7.5000  -37.5000  -45.0000 2106.0005   24.6982
   -7.5000  -30.0000  -45.0000 2131.0312   23.3821
    0.0000  -30.0000  -45.0000 2145.2820   23.3033
    7.5000  -30.0000  -45.0000 2133.0242   23.7334
   -7.5000  -22.5000  -45.0000 2145.8516   23.1397
    0.0000  -22.5000  -45.0000 2156.1243   22.9522
    7.5000  -22.5000  -45.0000 2139.8313   23.3704
   -7.5000  -15.0000  -45.0000 2123.3281   23.4158
    0.0000  -15.0000  -45.0000 2135.8218   23.2027
    7.5000  -15.0000  -45.0000 2118.9187   23.6500
   -7.5000   -7.5000  -45.0000 2080.3938   24.1445
    0.0000   -7.5000  -45.0000 2091.4463   23.9126
    7.5000   -7.5000  -45.0000 2071.2539   24.3327
   -7.5000    0.0000  -45.0000 2020.4508   25.3646
    0.0000    0.0000  -45.0000 2026.3680   25.0863
    7.5000    0.0000  -45.0000 2005.6210   25.6124
   -7.5000    7.5000  -45.0000 1936.8533   27.2499
    0.0000    7.5000  -45.0000 1945.4686   27.0224
    7.5000    7.5000  -45.0000 1924.9081   27.4938
   -7.5000   15.0000  -45.0000 1834.3186   29.8702
    0.0000   15.0000  -45.0000 1845.9578   29.6444
    7.5000   15.0000  -45.0000 1828.6409   30.1006
   -7.5000   22.5000  -45.0000 1729.2438   33.6922
    0.0000   22.5000  -45.0000 1734.6929   33.4789
    7.5000   22.5000  -45.0000 1715.7533   33.8374
   -7.5000   30.0000  -45.0000 1620.1451   39.2952
    0.0000   30.0000  -45.0000 1628.5729   39.0104
    7.5000   30.0000  -45.0000 1603.6161   39.3507
   -7.5000   37.5000  -45.0000 1491.4399   46.9741
    0.0000   37.5000  -45.0000 1497.2351   46.8526
    7.5000   37.5000  -45.0000 1478.2515   47.4130
   -7.5000   45.0000  -45.0000 1354.6185   58.1459
    0.0000   45.0000  -45.0000 1363.7183   58.1615
    7.5000   45.0000  -45.0000 1343.1488   58.5810
   -7.5000  -45.0000  -37.5000 2152.0505   23.8786
    0.0000  -45.0000  -37.5000 2162.8916   23.8157
    7.5000  -45.0000  -37.5000 2154.2627   24.0489
   -7.5000  -37.5000  -37.5000 2201.0664   22.4925
    0.0000  -37.5000  -37.5000 2215.5923   22.3694
    7.5000  -37.5000  -37.5000 2202.8835   22.6880
   -7.5000  -30.0000  -37.5000 2228.9517   21.5911
    0.0000  -30.0000  -37.5000 2243.7029   21.4966
    7.5000  -30.0000  -37.5000 2228.9075   21.8331
   -7.5000  -22.5000  -37.5000 2250.7502   21.2169
    0.0000  -22.5000  -37.5000 2259.4143   21.1268
    7.5000  -22.5000  -37.5000 2238.8865   21.4792
   -7.5000  -15.0000  -37.5000 2232.3279   21.4642
    0.0000  -15.0000  -37.5000 2242.1887   21.3356
    7.5000  -15.0000  -37.5000 2217.1990   21.6474
   -7.5000   -7.5000  -37.5000 2189.8862   22.1345
    0.0000   -7.5000  -37.5000 2199.5957   21.9889
    7.5000   -7.5000  -37.5000 2176.1846   22.3045
   -7.5000    0.0000  -37.5000 2123.4226   23.2610
    0.0000    0.0000  -37.5000 2131.5100   23.0704
    7.5000    0.0000  -37.5000 2106.6045   23.5012
   -7.5000    7.5000  -37.5000 2037.3986   24.9422
    0.0000    7.5000  -37.5000 2046.6970   24.7677
    7.5000    7.5000  -37.5000 2020.5685   25.2451
   -7.5000   15.0000  -37.5000 1928.9944   27.4087
    0.0000   15.0000  -37.5000 1936.4041   27.1537
    7.5000   15.0000  -37.5000 1913.5753   27.6570
   -7.5000   22.5000  -37.5000 1812.0034   30.8085
    0.0000   22.5000  -37.5000 1812.5138   30.5643
    7.5000   22.5000  -37.5000 1794.7635   30.9767
   -7.5000   30.0000  -37.5000 1689.4863   35.6634
    0.0000   30.0000  -37.5000 1687.6511   35.3019
    7.5000   30.0000  -37.5000 1664.2374   35.7328
   -7.5000   37.5000  -37.5000 1553.2592   42.3746
    0.0000   37.5000  -37.5000 1558.5314   42.0652
    7.5000   37.5000  -37.5000 1538.9225   42.7280
   -7.5000   45.0000  -37.5000 1417.2908   52.1440
    0.0000   45.0000  -37.5000 1427.5441   51.9184
    7.5000   45.0000  -37.5000 1403.6021   52.5258
   -7.5000  -45.0000  -30.0000 2287.3484   22.7551
    0.0000  -45.0000  -30.0000 2296.1316   22.7380
    7.5000  -45.0000  -30.0000 2273.7529   22.9328
   -7.5000  -37.5000  -30.0000 2346.3391   21.4815
    0.0000  -37.5000  -30.0000 2352.8345   21.4140
    7.5000  -37.5000  -30.0000 2332.4392   21.6654
   -7.5000  -30.0000  -30.0000 2374.0476   20.6844
    0.0000  -30.0000  -30.0000 2389.3594   20.6746
    7.5000  -30.0000  -30.0000 2366.1904   20.8639
   -7.5000  -22.5000  -30.0000 2390.4290   20.2863
    0.0000  -22.5000  -30.0000 2402.3210   20.2642
    7.5000  -22.5000  -30.0000 2381.4189   20.5240
   -7.5000  -15.0000  -30.0000 2375.6028   20.4446
    0.0000  -15.0000  -30.0000 2384.5293   20.3864
    7.5000  -15.0000  -30.0000 2359.5945   20.6585
   -7.5000   -7.5000  -30.0000 2335.0037   21.0546
    0.0000   -7.5000  -30.0000 2345.3313   20.9768
    7.5000   -7.5000  -30.0000 2318.1765   21.2359
   -7.5000    0.0000  -30.0000 2259.2942   22.1233
    0.0000    0.0000  -30.0000 2269.3826   22.0072
    7.5000    0.0000  -30.0000 2242.2600   22.3841
   -7.5000    7.5000  -30.0000 2170.7068   23.7194
    0.0000    7.5000  -30.0000 2175.5959   23.6206
    7.5000    7.5000  -30.0000 2148.1816   24.0360
   -7.5000   15.0000  -30.0000 2057.8579   26.0726
    0.0000   15.0000  -30.0000 2059.3230   25.8373
    7.5000   15.0000  -30.0000 2032.0792   26.3154
   -7.5000   22.5000  -30.0000 1930.6597   29.2873
    0.0000   22.5000  -30.0000 1931.3677   28.9977
    7.5000   22.5000  -30.0000 1904.9017   29.4181
   -7.5000   30.0000  -30.0000 1792.6390   33.7004
    0.0000   30.0000  -30.0000 1789.6577   33.3861
    7.5000   30.0000  -30.0000 1767.6187   33.8222
   -7.5000   37.5000  -30.0000 1648.3837   39.7904
    0.0000   37.5000  -30.0000 1648.4027   39.4344
    7.5000   37.5000  -30.0000 1629.4213   39.9176
   -7.5000   45.0000  -30.0000 1502.9852   48.5235
    0.0000   45.0000  -30.0000 1507.0436   48.1029
    7.5000   45.0000  -30.0000 1485.1670   48.6378
   -7.5000  -45.0000  -22.5000 2394.0005   21.4457
    0.0000  -45.0000  -22.5000 2405.5920   21.4748
    7.5000  -45.0000  -22.5000 2376.3430   21.6614
   -7.5000  -37.5000  -22.5000 2462.6477   20.2179
    0.0000  -37.5000  -22.5000 2468.2310   20.2488
    7.5000  -37.5000  -22.5000 2441.8257   20.4206
   -7.5000  -30.0000  -22.5000 2501.1890   19.5647
    0.0000  -30.0000  -22.5000 2514.2959   19.5761
    7.5000  -30.0000  -22.5000 2485.9517   19.7398
   -7.5000  -22.5000  -22.5000 2516.0999   19.2491
    0.0000  -22.5000  -22.5000 2530.7178   19.2557
    7.5000  -22.5000  -22.5000 2498.3315   19.4597
   -7.5000  -15.0000  -22.5000 2502.0105   19.3879
    0.0000  -15.0000  -22.5000 2514.3496   19.3530
    7.5000  -15.0000  -22.5000 2477.4446   19.5817
   -7.5000   -7.5000  -22.5000 2459.9893   19.9301
    0.0000   -7.5000  -22.5000 2470.3384   19.8870
    7.5000   -7.5000  -22.5000 2434.9734   20.1112
   -7.5000    0.0000  -22.5000 2380.5908   20.8943
    0.0000    0.0000  -22.5000 2385.4050   20.8394
    7.5000    0.0000  -22.5000 2354.0073   21.0998
   -7.5000    7.5000  -22.5000 2284.2898   22.3924
    0.0000    7.5000  -22.5000 2284.8813   22.3132
    7.5000    7.5000  -22.5000 2256.0505   22.6605
   -7.5000   15.0000  -22.5000 2156.2109   24.5860
    0.0000   15.0000  -22.5000 2154.9731   24.4472
    7.5000   15.0000  -22.5000 2127.2769   24.8267
   -7.5000   22.5000  -22.5000 2029.2699   27.6070
    0.0000   22.5000  -22.5000 2032.6273   27.4301
    7.5000   22.5000  -22.5000 1999.0460   27.7677
   -7.5000   30.0000  -22.5000 1874.5883   31.6722
    0.0000   30.0000  -22.5000 1875.3240   31.4194
    7.5000   30.0000  -22.5000 1849.9280   31.8971
   -7.5000   37.5000  -22.5000 1728.7046   37.1079
    0.0000   37.5000  -22.5000 1733.5044   36.8632
    7.5000   37.5000  -22.5000 1705.8400   37.4083
   -7.5000   45.0000  -22.5000 1570.2495   44.8450
    0.0000   45.0000  -22.5000 1579.9453   44.6515
    7.5000   45.0000  -22.5000 1552.9407   45.2794
   -7.5000  -45.0000  -15.0000 2471.6362   20.2052
    0.0000  -45.0000  -15.0000 2482.7964   20.2174
    7.5000  -45.0000  -15.0000 2456.4795   20.3731
   -7.5000  -37.5000  -15.0000 2547.0435   19.0017
    0.0000  -37.5000  -15.0000 2556.4148   19.0406
    7.5000  -37.5000  -15.0000 2529.3442   19.1724
   -7.5000  -30.0000  -15.0000 2605.3325   18.3926
    0.0000  -30.0000  -15.0000 2614.2302   18.4034
    7.5000  -30.0000  -15.0000 2579.3289   18.5415
   -7.5000  -22.5000  -15.0000 2625.4800   18.2056
    0.0000  -22.5000  -15.0000 2638.5659   18.2034
    7.5000  -22.5000  -15.0000 2600.4409   18.3538
   -7.5000  -15.0000  -15.0000 2605.6235   18.3485
    0.0000  -15.0000  -15.0000 2619.4561   18.3492
    7.5000  -15.0000  -15.0000 2579.8989   18.5082
   -7.5000   -7.5000  -15.0000 2556.7593   18.8473
    0.0000   -7.5000  -15.0000 2568.2854   18.8491
    7.5000   -7.5000  -15.0000 2528.3306   18.9877
   -7.5000    0.0000  -15.0000 2474.6072   19.7222
    0.0000    0.0000  -15.0000 2482.1135   19.7017
    7.5000    0.0000  -15.0000 2444.9607   19.8944
   -7.5000    7.5000  -15.0000 2369.1138   21.1032
    0.0000    7.5000  -15.0000 2376.7849   21.0408
    7.5000    7.5000  -15.0000 2340.6064   21.3097
   -7.5000   15.0000  -15.0000 2231.0571   23.1701
    0.0000   15.0000  -15.0000 2234.8198   23.0627
    7.5000   15.0000  -15.0000 2207.2043   23.3804
   -7.5000   22.5000  -15.0000 2094.9009   25.9940
    0.0000   22.5000  -15.0000 2095.9780   25.8435
    7.5000   22.5000  -15.0000 2065.3291   26.2131
   -7.5000   30.0000  -15.0000 1938.9089   29.7599
    0.0000   30.0000  -15.0000 1934.9543   29.5144
    7.5000   30.0000  -15.0000 1912.8335   29.9949
   -7.5000   37.5000  -15.0000 1787.1252   34.7790
    0.0000   37.5000  -15.0000 1789.7524   34.4747
    7.5000   37.5000  -15.0000 1764.2474   35.1344
   -7.5000   45.0000  -15.0000 1627.3408   41.8415
    0.0000   45.0000  -15.0000 1637.5964   41.5755
    7.5000   45.0000  -15.0000 1615.4697   42.3489
   -7.5000  -45.0000   -7.5000 2531.5842   19.0713
    0.0000  -45.0000   -7.5000 2547.1399   19.0398
    7.5000  -45.0000   -7.5000 2525.4482   19.1651
   -7.5000  -37.5000   -7.5000 2618.7964   17.8629
    0.0000  -37.5000   -7.5000 2630.1428   17.8682
    7.5000  -37.5000   -7.5000 2601.2063   17.9992
   -7.5000  -30.0000   -7.5000 2684.5049   17.2802
    0.0000  -30.0000   -7.5000 2696.9763   17.2807
    7.5000  -30.0000   -7.5000 2664.8523   17.4002
   -7.5000  -22.5000   -7.5000 2714.7441   17.1320
    0.0000  -22.5000   -7.5000 2728.2188   17.1304
    7.5000  -22.5000   -7.5000 2688.0786   17.2544
   -7.5000  -15.0000   -7.5000 2697.6763   17.3246
    0.0000  -15.0000   -7.5000 2711.0686   17.3096
    7.5000  -15.0000   -7.5000 2669.8716   17.4418
   -7.5000   -7.5000   -7.5000 2641.1042   17.7996
    0.0000   -7.5000   -7.5000 2653.7373   17.7941
    7.5000   -7.5000   -7.5000 2611.7742   17.9669
   -7.5000    0.0000   -7.5000 2546.4937   18.6196
    0.0000    0.0000   -7.5000 2560.1006   18.6096
    7.5000    0.0000   -7.5000 2524.9314   18.8117
   -7.5000    7.5000   -7.5000 2429.7085   19.9219
    0.0000    7.5000   -7.5000 2444.7993   19.9081
    7.5000    7.5000   -7.5000 2414.9963   20.1557
   -7.5000   15.0000   -7.5000 2289.9290   21.8252
    0.0000   15.0000   -7.5000 2294.9238   21.8101
    7.5000   15.0000   -7.5000 2266.5730   22.0564
   -7.5000   22.5000   -7.5000 2145.9482   24.4447
    0.0000   22.5000   -7.5000 2144.9556   24.3534
    7.5000   22.5000   -7.5000 2117.9451   24.6916
   -7.5000   30.0000   -7.5000 1982.3508   28.0048
    0.0000   30.0000   -7.5000 1980.0649   27.7776
    7.5000   30.0000   -7.5000 1962.4503   28.2125
   -7.5000   37.5000   -7.5000 1827.0406   32.8021
    0.0000   37.5000   -7.5000 1831.4829   32.4521
    7.5000   37.5000   -7.5000 1809.2858   33.0912
   -7.5000   45.0000   -7.5000 1666.4395   39.4952
    0.0000   45.0000   -7.5000 1673.3787   39.1103
    7.5000   45.0000   -7.5000 1654.1492   39.8386
   -7.5000  -45.0000    0.0000 2582.6816   18.2291
    0.0000  -45.0000    0.0000 2600.1160   18.1367
    7.5000  -45.0000    0.0000 2571.2646   18.2680
   -7.5000  -37.5000    0.0000 2682.6516   17.0040
    0.0000  -37.5000    0.0000 2695.0320   16.9494
    7.5000  -37.5000    0.0000 2660.1052   17.0941
   -7.5000  -30.0000    0.0000 2757.9536   16.4127
    0.0000  -30.0000    0.0000 2764.4675   16.3722
    7.5000  -30.0000    0.0000 2728.1111   16.5297
   -7.5000  -22.5000    0.0000 2792.5920   16.3007
    0.0000  -22.5000    0.0000 2803.6089   16.2296
    7.5000  -22.5000    0.0000 2762.0898   16.3752
   -7.5000  -15.0000    0.0000 2768.5796   16.4796
    0.0000  -15.0000    0.0000 2781.4817   16.4225
    7.5000  -15.0000    0.0000 2743.8333   16.6046
   -7.5000   -7.5000    0.0000 2705.7920   16.9503
    0.0000   -7.5000    0.0000 2721.3181   16.9166
    7.5000   -7.5000    0.0000 2684.4944   17.1047
   -7.5000    0.0000    0.0000 2604.2246   17.7584
    0.0000    0.0000    0.0000 2619.0723   17.7456
    7.5000    0.0000    0.0000 2584.9155   17.9762
   -7.5000    7.5000    0.0000 2480.4912   19.0314
    0.0000    7.5000    0.0000 2496.3801   19.0582
    7.5000    7.5000    0.0000 2464.8052   19.2814
   -7.5000   15.0000    0.0000 2332.1741   20.8470
    0.0000   15.0000    0.0000 2347.1282   20.8603
    7.5000   15.0000    0.0000 2319.7629   21.0995
   -7.5000   22.5000    0.0000 2180.2463   23.3346
    0.0000   22.5000    0.0000 2186.2026   23.2648
    7.5000   22.5000    0.0000 2161.5828   23.5808
   -7.5000   30.0000    0.0000 2014.1990   26.7979
    0.0000   30.0000    0.0000 2018.2795   26.5668
    7.5000   30.0000    0.0000 1996.6049   26.9376
   -7.5000   37.5000    0.0000 1857.2354   31.2659
    0.0000   37.5000    0.0000 1859.6603   30.9133
    7.5000   37.5000    0.0000 1837.8788   31.4708
   -7.5000   45.0000    0.0000 1685.1621   37.5573
    0.0000   45.0000    0.0000 1694.0460   37.1793
    7.5000   45.0000    0.0000 1677.2944   37.7112
   -7.5000  -45.0000    7.5000 2624.7173   17.7360
    0.0000  -45.0000    7.5000 2639.3533   17.5899
    7.5000  -45.0000    7.5000 2607.4365   17.7962
   -7.5000  -37.5000    7.5000 2738.7822   16.4397
    0.0000  -37.5000    7.5000 2753.6096   16.2923
    7.5000  -37.5000    7.5000 2707.9150   16.5855
   -7.5000  -30.0000    7.5000 2822.6157   15.8025
    0.0000  -30.0000    7.5000 2825.1873   15.6778
    7.5000  -30.0000    7.5000 2778.9822   15.9331
   -7.5000  -22.5000    7.5000 2860.9773   15.6720
    0.0000  -22.5000    7.5000 2859.9299   15.5765
    7.5000  -22.5000    7.5000 2811.8452   15.7813
   -7.5000  -15.0000    7.5000 2825.6392   15.8079
    0.0000  -15.0000    7.5000 2830.2500   15.7861
    7.5000  -15.0000    7.5000 2790.5366   16.0035
   -7.5000   -7.5000    7.5000 2753.1736   16.2892
    0.0000   -7.5000    7.5000 2766.1621   16.2781
    7.5000   -7.5000    7.5000 2730.8567   16.5310
   -7.5000    0.0000    7.5000 2646.9458   17.1294
    0.0000    0.0000    7.5000 2661.0469   17.1454
    7.5000    0.0000    7.5000 2626.5520   17.4108
   -7.5000    7.5000    7.5000 2521.2556   18.4226
    0.0000    7.5000    7.5000 2533.4834   18.4569
    7.5000    7.5000    7.5000 2500.3293   18.7171
   -7.5000   15.0000    7.5000 2373.5422   20.1906
    0.0000   15.0000    7.5000 2381.1958   20.2100
    7.5000   15.0000    7.5000 2349.9873   20.4848
   -7.5000   22.5000    7.5000 2212.1211   22.5513
    0.0000   22.5000    7.5000 2217.4138   22.5332
    7.5000   22.5000    7.5000 2189.8967   22.8495
   -7.5000   30.0000    7.5000 2038.0210   25.7157
    0.0000   30.0000    7.5000 2042.9631   25.5350
    7.5000   30.0000    7.5000 2016.2606   25.9688
   -7.5000   37.5000    7.5000 1875.2200   30.0832
    0.0000   37.5000    7.5000 1880.1089   29.7109
    7.5000   37.5000    7.5000 1857.3192   30.3090
   -7.5000   45.0000    7.5000 1702.4336   35.8218
    0.0000   45.0000    7.5000 1704.4847   35.5484
    7.5000   45.0000    7.5000 1691.0521   36.1677
   -7.5000  -45.0000   15.0000 2649.7056   17.6009
    0.0000  -45.0000   15.0000 2658.7009   17.3822
    7.5000  -45.0000   15.0000 2621.1016   17.6923
   -7.5000  -37.5000   15.0000 2779.2078   16.2749
    0.0000  -37.5000   15.0000 2789.2275   16.0406
    7.5000  -37.5000   15.0000 2737.0015   16.4613
   -7.5000  -30.0000   15.0000 2863.1318   15.3588
    0.0000  -30.0000   15.0000 2863.0286   15.2075
    7.5000  -30.0000   15.0000 2809.6650   15.7281
   -7.5000  -22.5000   15.0000 2887.3894   15.1368
    0.0000  -22.5000   15.0000 2882.7981   15.0807
    7.5000  -22.5000   15.0000 2839.0747   15.5176
   -7.5000  -15.0000   15.0000 2842.3875   15.3807
    0.0000  -15.0000   15.0000 2843.5271   15.3423
    7.5000  -15.0000   15.0000 2811.4976   15.7138
   -7.5000   -7.5000   15.0000 2771.8147   15.9550
    0.0000   -7.5000   15.0000 2779.7593   15.8677
    7.5000   -7.5000   15.0000 2746.5410   16.2204
   -7.5000    0.0000   15.0000 2666.8965   16.8290
    0.0000    0.0000   15.0000 2677.1494   16.7288
    7.5000    0.0000   15.0000 2640.7571   17.0684
   -7.5000    7.5000   15.0000 2538.1643   18.1285
    0.0000    7.5000   15.0000 2546.2488   18.0558
    7.5000    7.5000   15.0000 2512.0181   18.3426
   -7.5000   15.0000   15.0000 2386.5430   19.8601
    0.0000   15.0000   15.0000 2390.1506   19.7995
    7.5000   15.0000   15.0000 2361.5886   20.1103
   -7.5000   22.5000   15.0000 2224.5635   22.1842
    0.0000   22.5000   15.0000 2228.5952   22.0531
    7.5000   22.5000   15.0000 2201.7339   22.4631
   -7.5000   30.0000   15.0000 2051.2876   25.3354
    0.0000   30.0000   15.0000 2060.4905   25.0328
    7.5000   30.0000   15.0000 2032.0861   25.5726
   -7.5000   37.5000   15.0000 1883.2432   29.4228
    0.0000   37.5000   15.0000 1888.6307   29.0720
    7.5000   37.5000   15.0000 1868.9065   29.7642
   -7.5000   45.0000   15.0000 1709.9497   34.8730
    0.0000   45.0000   15.0000 1714.5426   34.5019
    7.5000   45.0000   15.0000 1691.5292   35.3017
   -7.5000  -45.0000   22.5000 2637.1169   17.5450
    0.0000  -45.0000   22.5000 2650.9963   17.3639
    7.5000  -45.0000   22.5000 2616.1018   17.7523
   -7.5000  -37.5000   22.5000 2767.8386   16.2532
    0.0000  -37.5000   22.5000 2785.0735   16.1053
    7.5000  -37.5000   22.5000 2730.2708   16.5034
   -7.5000  -30.0000   22.5000 2854.2959   15.4152
    0.0000  -30.0000   22.5000 2860.9202   15.2459
    7.5000  -30.0000   22.5000 2812.1599   15.8224
   -7.5000  -22.5000   22.5000 2891.0383   15.1445
    0.0000  -22.5000   22.5000 2882.4727   14.9860
    7.5000  -22.5000   22.5000 2844.1267   15.5503
   -7.5000  -15.0000   22.5000 2852.0430   15.3437
    0.0000  -15.0000   22.5000 2848.1133   15.1876
    7.5000  -15.0000   22.5000 2820.4580   15.6426
   -7.5000   -7.5000   22.5000 2776.8179   15.9000
    0.0000   -7.5000   22.5000 2778.6001   15.7567
    7.5000   -7.5000   22.5000 2751.8113   16.1331
   -7.5000    0.0000   22.5000 2667.0337   16.7549
    0.0000    0.0000   22.5000 2672.5337   16.6259
    7.5000    0.0000   22.5000 2645.3813   16.9661
   -7.5000    7.5000   22.5000 2544.0908   18.0271
    0.0000    7.5000   22.5000 2551.0005   17.9488
    7.5000    7.5000   22.5000 2515.1880   18.2164
   -7.5000   15.0000   22.5000 2389.9893   19.7538
    0.0000   15.0000   22.5000 2395.2390   19.7522
    7.5000   15.0000   22.5000 2358.7480   19.9734
   -7.5000   22.5000   22.5000 2220.7844   22.0789
    0.0000   22.5000   22.5000 2229.7236   22.0260
    7.5000   22.5000   22.5000 2196.9956   22.3022
   -7.5000   30.0000   22.5000 2047.8409   25.1747
    0.0000   30.0000   22.5000 2056.6382   24.9596
    7.5000   30.0000   22.5000 2033.8091   25.3638
   -7.5000   37.5000   22.5000 1888.7881   29.3483
    0.0000   37.5000   22.5000 1888.5017   28.9472
    7.5000   37.5000   22.5000 1877.2788   29.4724
   -7.5000   45.0000   22.5000 1715.1898   34.7447
    0.0000   45.0000   22.5000 1711.4126   34.2504
    7.5000   45.0000   22.5000 1693.2881   34.9685
   -7.5000  -45.0000   30.0000 2607.6592   17.7014
    0.0000  -45.0000   30.0000 2622.4470   17.6477
    7.5000  -45.0000   30.0000 2586.7939   18.0218
   -7.5000  -37.5000   30.0000 2730.3569   16.3515
    0.0000  -37.5000   30.0000 2745.6125   16.3178
    7.5000  -37.5000   30.0000 2703.6147   16.8423
   -7.5000  -30.0000   30.0000 2827.6511   15.7694
    0.0000  -30.0000   30.0000 2833.8118   15.6845
    7.5000  -30.0000   30.0000 2788.5376   16.1812
   -7.5000  -22.5000   30.0000 2865.7659   15.6421
    0.0000  -22.5000   30.0000 2867.6853   15.5558
    7.5000  -22.5000   30.0000 2823.7944   15.8614
   -7.5000  -15.0000   30.0000 2836.6272   15.7816
    0.0000  -15.0000   30.0000 2837.5701   15.7146
    7.5000  -15.0000   30.0000 2800.4092   15.9644
   -7.5000   -7.5000   30.0000 2757.0132   16.2514
    0.0000   -7.5000   30.0000 2756.0940   16.1387
    7.5000   -7.5000   30.0000 2729.4558   16.3996
   -7.5000    0.0000   30.0000 2639.3757   17.0259
    0.0000    0.0000   30.0000 2640.9343   16.8771
    7.5000    0.0000   30.0000 2620.1030   17.1372
   -7.5000    7.5000   30.0000 2523.3682   18.1837
    0.0000    7.5000   30.0000 2524.8750   18.0706
    7.5000    7.5000   30.0000 2495.8313   18.3153
   -7.5000   15.0000   30.0000 2368.1367   19.8772
    0.0000   15.0000   30.0000 2370.4004   19.7927
    7.5000   15.0000   30.0000 2347.2312   20.0304
   -7.5000   22.5000   30.0000 2204.5813   22.2048
    0.0000   22.5000   30.0000 2210.6187   22.0730
    7.5000   22.5000   30.0000 2183.4443   22.3676
   -7.5000   30.0000   30.0000 2038.8617   25.3585
    0.0000   30.0000   30.0000 2047.5470   25.1473
    7.5000   30.0000   30.0000 2025.0319   25.5138
   -7.5000   37.5000   30.0000 1879.7434   29.5313
    0.0000   37.5000   30.0000 1884.5986   29.2275
    7.5000   37.5000   30.0000 1858.8491   29.5965
   -7.5000   45.0000   30.0000 1701.4410   34.8448
    0.0000   45.0000   30.0000 1703.0829   34.5013
    7.5000   45.0000   30.0000 1680.7645   35.0392
   -7.5000  -45.0000   37.5000 2576.0955   18.1420
    0.0000  -45.0000   37.5000 2585.5796   18.1093
    7.5000  -45.0000   37.5000 2553.4050   18.6239
   -7.5000  -37.5000   37.5000 2705.0139   16.9015
    0.0000  -37.5000   37.5000 2707.8440   16.8797
    7.5000  -37.5000   37.5000 2668.2224   17.4721
   -7.5000  -30.0000   37.5000 2785.7461   16.4091
    0.0000  -30.0000   37.5000 2794.1892   16.3176
    7.5000  -30.0000   37.5000 2746.4956   16.7444
   -7.5000  -22.5000   37.5000 2813.9548   16.2578
    0.0000  -22.5000   37.5000 2823.6013   16.1717
    7.5000  -22.5000   37.5000 2776.3723   16.4462
   -7.5000  -15.0000   37.5000 2787.5173   16.3847
    0.0000  -15.0000   37.5000 2796.1409   16.2896
    7.5000  -15.0000   37.5000 2756.1802   16.5069
   -7.5000   -7.5000   37.5000 2716.5371   16.8455
    0.0000   -7.5000   37.5000 2721.5850   16.7832
    7.5000   -7.5000   37.5000 2692.4763   16.9508
   -7.5000    0.0000   37.5000 2605.5376   17.5942
    0.0000    0.0000   37.5000 2614.6409   17.5310
    7.5000    0.0000   37.5000 2585.3691   17.6817
   -7.5000    7.5000   37.5000 2485.5198   18.6643
    0.0000    7.5000   37.5000 2493.2278   18.6141
    7.5000    7.5000   37.5000 2459.9773   18.7819
   -7.5000   15.0000   37.5000 2332.4590   20.2749
    0.0000   15.0000   37.5000 2339.7849   20.1974
    7.5000   15.0000   37.5000 2316.4268   20.4006
   -7.5000   22.5000   37.5000 2173.7385   22.5310
    0.0000   22.5000   37.5000 2181.3596   22.3886
    7.5000   22.5000   37.5000 2158.0579   22.6990
   -7.5000   30.0000   37.5000 2016.6429   25.6359
    0.0000   30.0000   37.5000 2021.7288   25.3852
    7.5000   30.0000   37.5000 1999.7640   25.8276
   -7.5000   37.5000   37.5000 1855.5685   29.8192
    0.0000   37.5000   37.5000 1860.7351   29.5103
    7.5000   37.5000   37.5000 1839.2197   30.0719
   -7.5000   45.0000   37.5000 1674.4778   35.3622
    0.0000   45.0000   37.5000 1680.3013   35.0604
    7.5000   45.0000   37.5000 1659.6655   35.6412
   -7.5000  -45.0000   45.0000 2535.5854   18.9148
    0.0000  -45.0000   45.0000 2542.9438   18.8760
    7.5000  -45.0000   45.0000 2506.1680   19.5344
   -7.5000  -37.5000   45.0000 2653.4177   17.7911
    0.0000  -37.5000   45.0000 2654.0122   17.7557
    7.5000  -37.5000   45.0000 2612.8413   18.3473
   -7.5000  -30.0000   45.0000 2720.5012   17.2780
    0.0000  -30.0000   45.0000 2726.0549   17.1944
    7.5000  -30.0000   45.0000 2682.0959   17.6448
   -7.5000  -22.5000   45.0000 2740.6733   17.0690
    0.0000  -22.5000   45.0000 2746.5154   16.9763
    7.5000  -22.5000   45.0000 2706.5327   17.3090
   -7.5000  -15.0000   45.0000 2715.5015   17.1351
    0.0000  -15.0000   45.0000 2718.7305   17.0534
    7.5000  -15.0000   45.0000 2688.2004   17.3465
   -7.5000   -7.5000   45.0000 2650.4717   17.5424
    0.0000   -7.5000   45.0000 2651.0391   17.4815
    7.5000   -7.5000   45.0000 2624.1233   17.7160
   -7.5000    0.0000   45.0000 2549.5295   18.3046
    0.0000    0.0000   45.0000 2558.2983   18.2739
    7.5000    0.0000   45.0000 2525.9094   18.4669
   -7.5000    7.5000   45.0000 2429.0647   19.4264
    0.0000    7.5000   45.0000 2439.8806   19.4104
    7.5000    7.5000   45.0000 2406.6665   19.5846
   -7.5000   15.0000   45.0000 2281.6394   20.9576
    0.0000   15.0000   45.0000 2292.3821   20.9460
    7.5000   15.0000   45.0000 2264.7822   21.1823
   -7.5000   22.5000   45.0000 2131.4919   23.1432
    0.0000   22.5000   45.0000 2137.0342   23.0937
    7.5000   22.5000   45.0000 2115.6836   23.3551
   -7.5000   30.0000   45.0000 1978.7546   26.2361
    0.0000   30.0000   45.0000 1985.6467   26.0480
    7.5000   30.0000   45.0000 1965.7375   26.4600
   -7.5000   37.5000   45.0000 1815.7603   30.4187
    0.0000   37.5000   45.0000 1823.1235   30.0761
    7.5000   37.5000   45.0000 1803.1987   30.6753
   -7.5000   45.0000   45.0000 1640.5984   35.9786
    0.0000   45.0000   45.0000 1645.6274   35.7877
    7.5000   45.0000   45.0000 1629.7032   36.3336

---------------------------------------------------------------------
imgreg_4dfp /opt/freesurfer/average/711-2C_as_mni_average_305 /opt/freesurfer/average/711-2B_as_mni_average_305_mask talsrcimg_g11 none talsrcimg_to_711-2C_as_mni_average_305_t4 1283
---------------------------------------------------------------------

freesurfer imgreg_4dfp.c
/opt/freesurfer/average/711-2C_as_mni_average_305.4dfp.img
       256       256       256         1
  1.000000  1.000000  1.000000
orientation T byte_order littleendian
Reading image: /opt/freesurfer/average/711-2C_as_mni_average_305.4dfp.img
dimensions:      256       256       256
mmppix:       1.0000   -1.0000   -1.0000
center:     128.0000 -129.0000 -129.0000
/opt/freesurfer/average/711-2B_as_mni_average_305_mask.4dfp.img
       256       256       256         1
  1.000000  1.000000  1.000000
orientation T byte_order littleendian
Reading mask: /opt/freesurfer/average/711-2B_as_mni_average_305_mask.4dfp.img (2306576 pixels)
talsrcimg_g11.4dfp.img
       256       256       256         1
  1.000000  1.000000  1.000000
orientation T byte_order littleendian
Reading image: talsrcimg_g11.4dfp.img
dimensions:      256       256       256
mmppix:       1.0000   -1.0000   -1.0000
center:     128.0000 -129.0000 -129.0000
rotation matrix determinant  1.000000
fimgreg.f
image alignment mode   1283 decimal      503 hex
parameters
   -7.5000  -22.5000   22.5000    0.0000    0.0000    0.0000
eta,q 0.90958 15.10913
niter,ni,del,rscale     5    3   12.0000    1.2000
parameter  3 -0.212077 ->  0.500000 qaram    1.1500
parameter  4  0.603399 ->  0.500000 qaram    1.1500
parameter  5 -1.061306 -> -0.500000 qaram    1.1500
parameters
   -4.6453  -22.8247   19.0500   -3.4500    3.4500   -2.1510
eta,q 0.90755 14.63657
  0.1096  0.1002  0.0914  0.0937  0.0987  0.0933
  0.1027  0.0961  0.0935  0.0937  0.0963  0.0926
  0.0972  0.0941  0.0954  0.0937  0.0949  0.0925
  0.0935  0.0939  0.0941  0.0947  0.0936  0.0926
  0.0932  0.0947  0.0917  0.0966  0.0930  0.0934
  0.0945  0.0973  0.0924  0.1002  0.0925  0.0947
  0.0937  0.1015  0.0945  0.1039  0.0918  0.0961
niter,ni,del,rscale     7    3   12.0000    1.2000
parameter  3 -2.970838 ->  0.500000 qaram    1.3225
parameter  4  1.049975 ->  0.500000 qaram    1.3225
parameters
   -3.7831  -21.4153   15.0825   -7.4175    5.4809   -2.1590
eta,q 0.91539 14.96244
  0.0965  0.0968  0.0901  0.0858  0.0927  0.0870
  0.0948  0.0938  0.0890  0.0854  0.0893  0.0859
  0.0939  0.0931  0.0875  0.0870  0.0872  0.0852
  0.0925  0.0919  0.0907  0.0885  0.0857  0.0846
  0.0915  0.0906  0.0944  0.0901  0.0845  0.0847
  0.0928  0.0914  0.0913  0.0923  0.0852  0.0858
  0.0954  0.0938  0.0912  0.0957  0.0877  0.0872
niter,ni,del,rscale     7    3   12.0000    1.2000
parameters
   -4.4445  -20.5368   16.6408   -6.4655    4.7792   -1.8986
eta,q 0.91527 14.78642
  0.0938  0.0955  0.0979  0.0981  0.0895  0.0878
  0.0881  0.0919  0.0937  0.0915  0.0870  0.0862
  0.0847  0.0875  0.0889  0.0862  0.0857  0.0851
  0.0846  0.0844  0.0839  0.0841  0.0844  0.0847
  0.0869  0.0845  0.0863  0.0853  0.0852  0.0852
  0.0922  0.0876  0.0912  0.0879  0.0888  0.0862
  0.0981  0.0915  0.0901  0.0925  0.0926  0.0871
niter,ni,del,rscale     6    3   12.0000    1.2000
parameters
   -4.2989  -20.5634   17.3745   -6.1214    4.8658   -2.3729
eta,q 0.91419 14.69810
  0.0950  0.0929  0.0955  0.0967  0.0915  0.0882
  0.0910  0.0898  0.0911  0.0906  0.0885  0.0867
  0.0869  0.0865  0.0867  0.0865  0.0872  0.0859
  0.0847  0.0847  0.0847  0.0858  0.0860  0.0859
  0.0852  0.0861  0.0904  0.0870  0.0855  0.0868
  0.0897  0.0889  0.0918  0.0896  0.0881  0.0877
  0.0949  0.0939  0.0902  0.0946  0.0919  0.0884
niter,ni,del,rscale     5    3   12.0000    1.2000
parameters
   -4.2432  -20.6389   17.8424   -5.8577    4.9989   -2.7084
eta,q 0.91329 14.65117
  0.0942  0.0926  0.0945  0.0967  0.0921  0.0894
  0.0914  0.0900  0.0905  0.0911  0.0893  0.0877
  0.0880  0.0876  0.0859  0.0875  0.0881  0.0869
  0.0858  0.0858  0.0858  0.0868  0.0869  0.0868
  0.0859  0.0867  0.0915  0.0875  0.0863  0.0876
  0.0901  0.0892  0.0914  0.0903  0.0887  0.0886
  0.0953  0.0940  0.0901  0.0953  0.0924  0.0894
niter,ni,del,rscale     4    3   12.0000    1.2000
parameters
   -4.2313  -20.7587   18.0920   -5.6698    5.0799   -2.8480
eta,q 0.91283 14.63650
  0.0941  0.0927  0.0938  0.0966  0.0923  0.0901
  0.0918  0.0903  0.0901  0.0913  0.0898  0.0883
  0.0888  0.0884  0.0854  0.0880  0.0886  0.0873
  0.0867  0.0867  0.0867  0.0873  0.0872  0.0872
  0.0866  0.0875  0.0920  0.0881  0.0868  0.0880
  0.0904  0.0897  0.0909  0.0909  0.0892  0.0890
  0.0956  0.0942  0.0901  0.0955  0.0929  0.0898
niter,ni,del,rscale     3    3   12.0000    1.2000
parameters
   -4.2425  -20.8579   18.2090   -5.5717    5.1126   -2.9053
eta,q 0.91255 14.63130
  0.0939  0.0928  0.0934  0.0965  0.0924  0.0905
  0.0920  0.0904  0.0898  0.0913  0.0901  0.0886
  0.0891  0.0889  0.0853  0.0881  0.0889  0.0876
  0.0872  0.0872  0.0872  0.0875  0.0875  0.0875
  0.0870  0.0878  0.0922  0.0884  0.0871  0.0882
  0.0906  0.0899  0.0907  0.0913  0.0896  0.0892
  0.0957  0.0942  0.0901  0.0957  0.0932  0.0900
niter,ni,del,rscale     2    3   12.0000    1.2000
parameters
   -4.2429  -20.9046   18.2377   -5.5263    5.1169   -2.9197
eta,q 0.91247 14.63034
  0.0940  0.0930  0.0931  0.0964  0.0924  0.0906
  0.0922  0.0906  0.0897  0.0913  0.0902  0.0887
  0.0894  0.0892  0.0852  0.0881  0.0890  0.0877
  0.0874  0.0874  0.0875  0.0875  0.0875  0.0875
  0.0872  0.0880  0.0922  0.0885  0.0872  0.0883
  0.0906  0.0899  0.0906  0.0915  0.0897  0.0892
  0.0958  0.0941  0.0902  0.0958  0.0933  0.0901
registration optimization eta report
parameter search radius
    6.0000    6.0000    7.9350    7.9350    6.9000    6.0000
100000*second partial in parameter space
       21.       16.        6.       14.       11.        8.
  0.0940  0.0930  0.0931  0.0964  0.0924  0.0906
  0.0922  0.0906  0.0897  0.0913  0.0902  0.0887
  0.0894  0.0892  0.0852  0.0881  0.0890  0.0877
  0.0874  0.0874  0.0875  0.0875  0.0875  0.0875
  0.0872  0.0880  0.0922  0.0885  0.0872  0.0883
  0.0906  0.0899  0.0906  0.0915  0.0897  0.0892
  0.0958  0.0941  0.0902  0.0958  0.0933  0.0901
   -4.2429  -20.9046   18.2377   -5.5263    5.1169   -2.9197
eta,q 0.91247 14.63034

---------------------------------------------------------------------
imgreg_4dfp /opt/freesurfer/average/711-2C_as_mni_average_305 /opt/freesurfer/average/711-2B_as_mni_average_305_mask talsrcimg_g11 none talsrcimg_to_711-2C_as_mni_average_305_t4 3335
---------------------------------------------------------------------

freesurfer imgreg_4dfp.c
/opt/freesurfer/average/711-2C_as_mni_average_305.4dfp.img
       256       256       256         1
  1.000000  1.000000  1.000000
orientation T byte_order littleendian
Reading image: /opt/freesurfer/average/711-2C_as_mni_average_305.4dfp.img
dimensions:      256       256       256
mmppix:       1.0000   -1.0000   -1.0000
center:     128.0000 -129.0000 -129.0000
/opt/freesurfer/average/711-2B_as_mni_average_305_mask.4dfp.img
       256       256       256         1
  1.000000  1.000000  1.000000
orientation T byte_order littleendian
Reading mask: /opt/freesurfer/average/711-2B_as_mni_average_305_mask.4dfp.img (2306576 pixels)
talsrcimg_g11.4dfp.img
       256       256       256         1
  1.000000  1.000000  1.000000
orientation T byte_order littleendian
Reading image: talsrcimg_g11.4dfp.img
dimensions:      256       256       256
mmppix:       1.0000   -1.0000   -1.0000
center:     128.0000 -129.0000 -129.0000
fimgreg.f
image alignment mode   3335 decimal      D07 hex
parameters
   -4.2429  -20.9046   18.2377   -0.5278   -0.6378   -0.8615
    5.9278   -8.3753   -5.0734   10.0700    8.9188   -9.5919
eta,q 0.91566 14.83241
niter,ni,del,rscale     5    3    5.0000    1.2000
parameter  4  9.028254 ->  0.500000 qaram    1.1500
parameter  5  3.022547 ->  0.500000 qaram    1.1500
parameter  6 -3.395225 ->  0.500000 qaram    1.1500
parameter  7  0.613076 ->  0.500000 qaram    1.1500
parameter 12 -0.554087 -> -0.500000 qaram    1.1500
parameters
   -5.3136  -21.3554   17.8097   -4.6678   -4.7778   -5.0015
    1.7878   -6.3556   -2.8597    7.8804    9.1255   -5.4519
eta,q 0.93711 14.15583
  0.0845  0.0850  0.0841  0.0747  0.0691  0.0591  0.0642  0.0690  0.0656  0.0638  0.0641  0.0640
  0.0842  0.0843  0.0841  0.0776  0.0719  0.0631  0.0639  0.0669  0.0645  0.0632  0.0636  0.0635
  0.0841  0.0840  0.0841  0.0808  0.0749  0.0683  0.0640  0.0652  0.0637  0.0630  0.0632  0.0632
  0.0843  0.0841  0.0840  0.0841  0.0785  0.0727  0.0645  0.0639  0.0633  0.0632  0.0630  0.0630
  0.0850  0.0844  0.0840  0.0874  0.0824  0.0760  0.0652  0.0632  0.0632  0.0636  0.0631  0.0629
  0.0861  0.0851  0.0841  0.0910  0.0868  0.0794  0.0661  0.0639  0.0634  0.0646  0.0635  0.0629
  0.0875  0.0861  0.0844  0.0945  0.0915  0.0824  0.0672  0.0657  0.0638  0.0660  0.0640  0.0630
niter,ni,del,rscale     7    3    5.0000    1.2000
parameter  2  0.909621 ->  0.500000 qaram    1.1500
parameter  4  1.481609 ->  0.500000 qaram    1.3225
parameter  5  4.050624 ->  0.500000 qaram    1.3225
parameter  6  0.867515 ->  0.500000 qaram    1.3225
parameters
   -5.2875  -22.7354   17.6584   -9.4288   -9.5388   -9.7625
    5.0326   -7.2708   -1.8870    5.0070    7.0082   -8.7951
eta,q 0.95553 13.65518
  0.0660  0.0617  0.0637  0.0550  0.0457  0.0464  0.0515  0.0503  0.0482  0.0464  0.0457  0.0453
  0.0642  0.0619  0.0627  0.0561  0.0493  0.0462  0.0493  0.0472  0.0469  0.0453  0.0451  0.0446
  0.0632  0.0622  0.0621  0.0582  0.0526  0.0473  0.0475  0.0457  0.0461  0.0450  0.0448  0.0445
  0.0629  0.0629  0.0619  0.0619  0.0565  0.0502  0.0463  0.0459  0.0457  0.0456  0.0450  0.0448
  0.0633  0.0639  0.0623  0.0669  0.0606  0.0558  0.0459  0.0472  0.0457  0.0470  0.0455  0.0456
  0.0643  0.0653  0.0631  0.0717  0.0652  0.0623  0.0461  0.0496  0.0463  0.0490  0.0463  0.0465
  0.0657  0.0669  0.0642  0.0767  0.0702  0.0675  0.0470  0.0527  0.0471  0.0514  0.0474  0.0476
niter,ni,del,rscale     7    3    5.0000    1.2000
parameter  5  1.983240 ->  0.500000 qaram    1.5209
parameters
   -5.1138  -23.2562   17.7328  -12.7507  -15.0139  -11.5542
    4.2284   -7.6487   -1.4513    5.4251    6.0438  -11.1274
eta,q 0.96169 13.21233
  0.0488  0.0462  0.0467  0.0459  0.0361  0.0420  0.0412  0.0421  0.0407  0.0424  0.0388  0.0392
  0.0466  0.0449  0.0454  0.0448  0.0374  0.0403  0.0396  0.0397  0.0396  0.0405  0.0386  0.0385
  0.0451  0.0443  0.0446  0.0442  0.0407  0.0391  0.0388  0.0386  0.0388  0.0392  0.0385  0.0383
  0.0445  0.0444  0.0443  0.0443  0.0442  0.0382  0.0386  0.0386  0.0385  0.0385  0.0385  0.0385
  0.0447  0.0452  0.0445  0.0461  0.0482  0.0384  0.0393  0.0392  0.0387  0.0387  0.0386  0.0390
  0.0458  0.0465  0.0452  0.0502  0.0527  0.0425  0.0406  0.0406  0.0393  0.0398  0.0388  0.0397
  0.0477  0.0480  0.0464  0.0555  0.0579  0.0502  0.0423  0.0426  0.0402  0.0417  0.0390  0.0406
niter,ni,del,rscale     7    3    5.0000    1.2000
parameter  5  0.659676 ->  0.500000 qaram    1.7490
parameters
   -4.8952  -22.9392   17.3112  -12.1174  -21.3104  -10.9846
    4.3992   -7.3035   -0.0087    6.7852    7.0812  -11.9861
eta,q 0.96444 12.89860
  0.0418  0.0429  0.0392  0.0424  0.0368  0.0407  0.0383  0.0404  0.0376  0.0390  0.0363  0.0362
  0.0400  0.0404  0.0386  0.0406  0.0361  0.0388  0.0369  0.0375  0.0367  0.0374  0.0359  0.0358
  0.0388  0.0388  0.0383  0.0392  0.0360  0.0372  0.0360  0.0359  0.0361  0.0363  0.0356  0.0356
  0.0383  0.0383  0.0383  0.0383  0.0381  0.0359  0.0357  0.0357  0.0358  0.0357  0.0356  0.0356
  0.0384  0.0386  0.0386  0.0379  0.0421  0.0352  0.0359  0.0363  0.0357  0.0356  0.0356  0.0357
  0.0392  0.0396  0.0392  0.0390  0.0462  0.0361  0.0367  0.0374  0.0359  0.0361  0.0357  0.0360
  0.0408  0.0409  0.0401  0.0422  0.0512  0.0412  0.0381  0.0392  0.0366  0.0372  0.0359  0.0365
niter,ni,del,rscale     7    3    5.0000    1.2000
parameters
   -4.7789  -21.5783   17.2737  -11.0795  -25.5223  -11.4690
    3.9917   -7.4588    1.2926    9.4290    6.2302  -11.8987
eta,q 0.96532 12.61074
  0.0384  0.0412  0.0359  0.0390  0.0368  0.0391  0.0369  0.0388  0.0364  0.0380  0.0351  0.0354
  0.0369  0.0386  0.0354  0.0372  0.0358  0.0373  0.0358  0.0363  0.0358  0.0367  0.0348  0.0350
  0.0360  0.0367  0.0351  0.0359  0.0350  0.0361  0.0353  0.0351  0.0353  0.0357  0.0347  0.0348
  0.0356  0.0356  0.0349  0.0349  0.0347  0.0350  0.0351  0.0351  0.0351  0.0350  0.0347  0.0347
  0.0357  0.0350  0.0350  0.0343  0.0367  0.0345  0.0354  0.0358  0.0350  0.0347  0.0348  0.0348
  0.0365  0.0350  0.0354  0.0353  0.0413  0.0363  0.0361  0.0369  0.0352  0.0348  0.0350  0.0350
  0.0379  0.0355  0.0360  0.0382  0.0458  0.0421  0.0372  0.0387  0.0358  0.0355  0.0353  0.0353
niter,ni,del,rscale     6    3    5.0000    1.2000
parameter  2 -0.535127 -> -0.500000 qaram    1.3225
parameters
   -4.8129  -19.9913   16.7748  -11.3382  -29.0206  -12.4649
    3.2612   -7.6789    1.0955   12.1217    8.4960  -11.5106
eta,q 0.96578 12.30859
  0.0370  0.0393  0.0347  0.0371  0.0361  0.0375  0.0359  0.0378  0.0356  0.0376  0.0350  0.0349
  0.0357  0.0372  0.0343  0.0357  0.0351  0.0361  0.0351  0.0355  0.0350  0.0363  0.0346  0.0345
  0.0349  0.0357  0.0341  0.0348  0.0344  0.0351  0.0347  0.0345  0.0347  0.0352  0.0343  0.0343
  0.0347  0.0347  0.0341  0.0341  0.0341  0.0344  0.0346  0.0346  0.0345  0.0345  0.0342  0.0342
  0.0349  0.0342  0.0343  0.0338  0.0350  0.0343  0.0349  0.0352  0.0347  0.0343  0.0342  0.0343
  0.0357  0.0341  0.0348  0.0353  0.0387  0.0360  0.0355  0.0362  0.0351  0.0344  0.0343  0.0345
  0.0371  0.0345  0.0356  0.0383  0.0431  0.0412  0.0365  0.0377  0.0357  0.0351  0.0344  0.0348
niter,ni,del,rscale     6    3    5.0000    1.2000
parameters
   -4.6074  -18.8980   15.9831  -11.5917  -31.5507  -13.3423
    2.2155   -7.5606    0.0366   13.5671    9.5441  -10.8483
eta,q 0.96604 12.07937
  0.0365  0.0389  0.0342  0.0363  0.0362  0.0366  0.0354  0.0372  0.0349  0.0368  0.0345  0.0347
  0.0353  0.0366  0.0340  0.0350  0.0349  0.0353  0.0346  0.0352  0.0344  0.0355  0.0342  0.0343
  0.0346  0.0351  0.0338  0.0343  0.0342  0.0345  0.0341  0.0343  0.0341  0.0346  0.0341  0.0341
  0.0342  0.0342  0.0339  0.0339  0.0339  0.0340  0.0341  0.0341  0.0341  0.0341  0.0340  0.0340
  0.0343  0.0339  0.0342  0.0336  0.0342  0.0340  0.0345  0.0344  0.0344  0.0340  0.0340  0.0340
  0.0348  0.0342  0.0347  0.0348  0.0367  0.0350  0.0352  0.0353  0.0349  0.0344  0.0341  0.0342
  0.0359  0.0350  0.0354  0.0373  0.0411  0.0393  0.0361  0.0367  0.0356  0.0353  0.0343  0.0345
niter,ni,del,rscale     5    3    5.0000    1.2000
parameters
   -4.3324  -18.3122   15.5535  -11.6100  -32.7445  -13.6983
    1.9967   -7.3302    0.3326   14.0760    9.0274  -10.7094
eta,q 0.96602 11.97709
  0.0363  0.0376  0.0344  0.0363  0.0367  0.0366  0.0356  0.0371  0.0352  0.0362  0.0344  0.0346
  0.0351  0.0356  0.0341  0.0350  0.0353  0.0353  0.0347  0.0352  0.0346  0.0351  0.0341  0.0343
  0.0343  0.0344  0.0339  0.0342  0.0344  0.0344  0.0341  0.0343  0.0342  0.0343  0.0340  0.0341
  0.0340  0.0339  0.0339  0.0339  0.0339  0.0340  0.0340  0.0340  0.0340  0.0340  0.0340  0.0340
  0.0340  0.0340  0.0341  0.0337  0.0339  0.0339  0.0343  0.0343  0.0341  0.0341  0.0341  0.0340
  0.0345  0.0346  0.0345  0.0346  0.0354  0.0347  0.0349  0.0351  0.0345  0.0346  0.0342  0.0343
  0.0354  0.0355  0.0350  0.0368  0.0392  0.0379  0.0357  0.0365  0.0350  0.0358  0.0345  0.0346
niter,ni,del,rscale     4    3    5.0000    1.2000
parameters
   -4.2328  -18.0719   15.4340  -11.5581  -33.1751  -13.8888
    1.7678   -7.2125    0.5660   14.3285    8.8524  -10.7169
eta,q 0.96596 11.94425
  0.0360  0.0368  0.0347  0.0364  0.0369  0.0366  0.0357  0.0370  0.0352  0.0361  0.0345  0.0347
  0.0349  0.0351  0.0343  0.0351  0.0356  0.0353  0.0347  0.0351  0.0346  0.0350  0.0342  0.0343
  0.0343  0.0342  0.0341  0.0343  0.0346  0.0345  0.0342  0.0343  0.0342  0.0343  0.0341  0.0341
  0.0340  0.0340  0.0340  0.0340  0.0340  0.0340  0.0340  0.0340  0.0340  0.0340  0.0340  0.0340
  0.0341  0.0342  0.0341  0.0338  0.0339  0.0340  0.0343  0.0344  0.0341  0.0341  0.0341  0.0341
  0.0347  0.0349  0.0344  0.0347  0.0350  0.0347  0.0349  0.0352  0.0345  0.0347  0.0343  0.0344
  0.0357  0.0359  0.0349  0.0368  0.0384  0.0376  0.0358  0.0366  0.0351  0.0359  0.0345  0.0346
niter,ni,del,rscale     3    3    5.0000    1.2000
parameters
   -4.1673  -17.9624   15.3703  -11.5241  -33.3563  -13.9941
    1.6139   -7.1474    0.6996   14.4465    8.7886  -10.7574
eta,q 0.96594 11.93041
  0.0360  0.0366  0.0348  0.0365  0.0370  0.0366  0.0357  0.0370  0.0351  0.0360  0.0345  0.0347
  0.0349  0.0350  0.0344  0.0351  0.0357  0.0353  0.0348  0.0351  0.0346  0.0350  0.0343  0.0344
  0.0343  0.0342  0.0341  0.0344  0.0346  0.0345  0.0342  0.0343  0.0342  0.0343  0.0341  0.0341
  0.0340  0.0340  0.0340  0.0340  0.0340  0.0341  0.0341  0.0341  0.0341  0.0341  0.0341  0.0341
  0.0342  0.0343  0.0342  0.0339  0.0339  0.0340  0.0343  0.0344  0.0342  0.0342  0.0341  0.0341
  0.0348  0.0350  0.0344  0.0348  0.0349  0.0348  0.0349  0.0353  0.0345  0.0347  0.0343  0.0344
  0.0358  0.0360  0.0349  0.0368  0.0381  0.0374  0.0358  0.0367  0.0351  0.0360  0.0345  0.0347
niter,ni,del,rscale     2    3    5.0000    1.2000
parameters
   -4.1256  -17.9132   15.3406  -11.5020  -33.4279  -14.0439
    1.5200   -7.1088    0.7792   14.5123    8.7161  -10.7808
eta,q 0.96593 11.92518
  0.0360  0.0365  0.0348  0.0365  0.0371  0.0367  0.0357  0.0370  0.0351  0.0360  0.0345  0.0347
  0.0349  0.0350  0.0344  0.0352  0.0357  0.0354  0.0348  0.0352  0.0346  0.0350  0.0343  0.0344
  0.0343  0.0342  0.0341  0.0344  0.0347  0.0345  0.0342  0.0343  0.0342  0.0343  0.0341  0.0341
  0.0341  0.0341  0.0341  0.0341  0.0341  0.0341  0.0341  0.0341  0.0341  0.0341  0.0341  0.0341
  0.0342  0.0344  0.0342  0.0339  0.0339  0.0340  0.0343  0.0344  0.0342  0.0342  0.0341  0.0342
  0.0348  0.0351  0.0344  0.0348  0.0349  0.0348  0.0349  0.0353  0.0345  0.0348  0.0343  0.0344
  0.0359  0.0361  0.0349  0.0369  0.0380  0.0373  0.0358  0.0367  0.0351  0.0361  0.0345  0.0347
niter,ni,del,rscale     1    3    5.0000    1.2000
parameters
   -4.1010  -17.8873   15.3268  -11.4919  -33.4708  -14.0707
    1.4663   -7.0794    0.8042   14.5406    8.7108  -10.7847
eta,q 0.96592 11.92186
  0.0359  0.0364  0.0349  0.0365  0.0371  0.0367  0.0358  0.0370  0.0351  0.0360  0.0345  0.0347
  0.0349  0.0349  0.0344  0.0352  0.0358  0.0354  0.0348  0.0352  0.0346  0.0350  0.0343  0.0344
  0.0343  0.0342  0.0342  0.0344  0.0347  0.0345  0.0342  0.0343  0.0342  0.0343  0.0341  0.0342
  0.0341  0.0341  0.0341  0.0341  0.0341  0.0341  0.0341  0.0341  0.0341  0.0341  0.0341  0.0341
  0.0342  0.0344  0.0342  0.0339  0.0340  0.0340  0.0343  0.0345  0.0342  0.0342  0.0341  0.0342
  0.0348  0.0351  0.0344  0.0348  0.0349  0.0348  0.0349  0.0353  0.0345  0.0348  0.0343  0.0344
  0.0359  0.0361  0.0349  0.0369  0.0380  0.0373  0.0358  0.0368  0.0351  0.0361  0.0345  0.0347
registration optimization eta report
parameter search radius
    2.4000    3.1740    2.4000    9.5220   12.5928    9.5220
    8.2800    7.2000    7.2000    7.2000    7.2000    8.2800
100000*second partial in parameter space
       32.       22.       14.        3.        2.        3.
        2.        5.        2.        4.        1.        1.
  0.0359  0.0364  0.0349  0.0365  0.0371  0.0367  0.0358  0.0370  0.0351  0.0360  0.0345  0.0347
  0.0349  0.0349  0.0344  0.0352  0.0358  0.0354  0.0348  0.0352  0.0346  0.0350  0.0343  0.0344
  0.0343  0.0342  0.0342  0.0344  0.0347  0.0345  0.0342  0.0343  0.0342  0.0343  0.0341  0.0342
  0.0341  0.0341  0.0341  0.0341  0.0341  0.0341  0.0341  0.0341  0.0341  0.0341  0.0341  0.0341
  0.0342  0.0344  0.0342  0.0339  0.0340  0.0340  0.0343  0.0345  0.0342  0.0342  0.0341  0.0342
  0.0348  0.0351  0.0344  0.0348  0.0349  0.0348  0.0349  0.0353  0.0345  0.0348  0.0343  0.0344
  0.0359  0.0361  0.0349  0.0369  0.0380  0.0373  0.0358  0.0368  0.0351  0.0361  0.0345  0.0347
   -4.1010  -17.8873   15.3268  -11.4919  -33.4708  -14.0707
    1.4663   -7.0794    0.8042   14.5406    8.7108  -10.7847
eta,q 0.96592 11.92186

---------------------------------------------------------------------
imgreg_4dfp /opt/freesurfer/average/711-2C_as_mni_average_305 /opt/freesurfer/average/711-2B_as_mni_average_305_mask talsrcimg_g11 none talsrcimg_to_711-2C_as_mni_average_305_t4 2311
---------------------------------------------------------------------

freesurfer imgreg_4dfp.c
/opt/freesurfer/average/711-2C_as_mni_average_305.4dfp.img
       256       256       256         1
  1.000000  1.000000  1.000000
orientation T byte_order littleendian
Reading image: /opt/freesurfer/average/711-2C_as_mni_average_305.4dfp.img
dimensions:      256       256       256
mmppix:       1.0000   -1.0000   -1.0000
center:     128.0000 -129.0000 -129.0000
/opt/freesurfer/average/711-2B_as_mni_average_305_mask.4dfp.img
       256       256       256         1
  1.000000  1.000000  1.000000
orientation T byte_order littleendian
Reading mask: /opt/freesurfer/average/711-2B_as_mni_average_305_mask.4dfp.img (2306576 pixels)
talsrcimg_g11.4dfp.img
       256       256       256         1
  1.000000  1.000000  1.000000
orientation T byte_order littleendian
Reading image: talsrcimg_g11.4dfp.img
dimensions:      256       256       256
mmppix:       1.0000   -1.0000   -1.0000
center:     128.0000 -129.0000 -129.0000
fimgreg.f
image alignment mode   2311 decimal      907 hex
parameters
   -4.1010  -17.8873   15.3268  -11.4919  -33.4708  -14.0707
    1.4663   -7.0794    0.8042   14.5406    8.7108  -10.7847
eta,q 0.96592 11.92188
niter,ni,del,rscale     5    3    5.0000    0.8000
parameter  5 -0.758693 -> -0.500000 qaram    1.1500
parameters
   -4.0594  -18.1091   15.3111   -9.6644  -30.7108  -12.8954
    1.2577   -6.9207    0.8490   14.1711    9.0068  -11.1240
eta,q 0.96640 12.23243
  0.0349  0.0345  0.0344  0.0347  0.0347  0.0346  0.0343  0.0354  0.0341  0.0344  0.0339  0.0338
  0.0345  0.0342  0.0342  0.0344  0.0344  0.0342  0.0339  0.0343  0.0338  0.0340  0.0337  0.0337
  0.0342  0.0341  0.0341  0.0342  0.0341  0.0339  0.0336  0.0337  0.0337  0.0337  0.0336  0.0336
  0.0341  0.0341  0.0341  0.0341  0.0339  0.0337  0.0336  0.0336  0.0336  0.0336  0.0336  0.0336
  0.0341  0.0342  0.0341  0.0339  0.0338  0.0336  0.0337  0.0338  0.0336  0.0337  0.0336  0.0336
  0.0344  0.0344  0.0342  0.0339  0.0337  0.0337  0.0340  0.0343  0.0338  0.0341  0.0337  0.0338
  0.0349  0.0347  0.0344  0.0342  0.0337  0.0341  0.0344  0.0351  0.0341  0.0348  0.0338  0.0339
niter,ni,del,rscale     5    3    5.0000    0.8000
parameters
   -3.9977  -18.3629   15.7127  -10.1261  -30.6202  -12.4045
    1.2280   -6.9548    0.6426   13.8219    9.0967  -11.4103
eta,q 0.96646 12.23873
  0.0347  0.0340  0.0342  0.0342  0.0342  0.0345  0.0342  0.0351  0.0340  0.0344  0.0338  0.0338
  0.0341  0.0337  0.0339  0.0339  0.0339  0.0341  0.0338  0.0341  0.0337  0.0339  0.0337  0.0337
  0.0338  0.0336  0.0337  0.0337  0.0337  0.0338  0.0336  0.0336  0.0336  0.0336  0.0336  0.0336
  0.0336  0.0336  0.0336  0.0335  0.0336  0.0336  0.0335  0.0335  0.0335  0.0335  0.0335  0.0335
  0.0337  0.0337  0.0335  0.0335  0.0336  0.0335  0.0336  0.0338  0.0336  0.0337  0.0336  0.0336
  0.0340  0.0340  0.0336  0.0340  0.0338  0.0338  0.0339  0.0343  0.0338  0.0341  0.0336  0.0337
  0.0345  0.0343  0.0338  0.0348  0.0343  0.0343  0.0342  0.0351  0.0341  0.0348  0.0338  0.0339
niter,ni,del,rscale     4    3    5.0000    0.7000
parameters
   -3.9880  -18.4837   15.8888   -9.8921  -30.1991  -12.0447
    1.1928   -7.0051    0.5387   13.6695    9.0509  -11.5735
eta,q 0.96654 12.29534
  0.0343  0.0339  0.0340  0.0341  0.0340  0.0343  0.0340  0.0348  0.0338  0.0342  0.0337  0.0337
  0.0339  0.0337  0.0338  0.0339  0.0338  0.0340  0.0337  0.0339  0.0336  0.0338  0.0335  0.0336
  0.0336  0.0336  0.0336  0.0337  0.0336  0.0337  0.0335  0.0335  0.0335  0.0335  0.0335  0.0335
  0.0335  0.0335  0.0335  0.0335  0.0335  0.0335  0.0335  0.0335  0.0335  0.0335  0.0335  0.0335
  0.0336  0.0336  0.0335  0.0334  0.0335  0.0335  0.0335  0.0337  0.0335  0.0335  0.0335  0.0335
  0.0338  0.0338  0.0336  0.0336  0.0336  0.0337  0.0337  0.0341  0.0336  0.0339  0.0336  0.0336
  0.0343  0.0341  0.0338  0.0342  0.0339  0.0342  0.0340  0.0347  0.0339  0.0344  0.0337  0.0337
niter,ni,del,rscale     3    3    5.0000    0.6000
parameters
   -4.0112  -18.5941   16.0035   -9.6341  -29.9382  -11.7945
    1.1851   -7.0903    0.4548   13.5650    9.0559  -11.6432
eta,q 0.96660 12.33830
  0.0340  0.0338  0.0338  0.0339  0.0338  0.0341  0.0338  0.0344  0.0337  0.0340  0.0336  0.0336
  0.0337  0.0336  0.0336  0.0338  0.0336  0.0338  0.0336  0.0338  0.0335  0.0337  0.0335  0.0335
  0.0335  0.0335  0.0335  0.0336  0.0335  0.0336  0.0334  0.0334  0.0334  0.0335  0.0334  0.0334
  0.0335  0.0335  0.0334  0.0334  0.0334  0.0334  0.0334  0.0334  0.0334  0.0334  0.0334  0.0334
  0.0335  0.0335  0.0335  0.0334  0.0334  0.0334  0.0335  0.0336  0.0334  0.0335  0.0334  0.0334
  0.0337  0.0337  0.0335  0.0335  0.0335  0.0336  0.0336  0.0339  0.0335  0.0337  0.0335  0.0335
  0.0341  0.0339  0.0337  0.0339  0.0337  0.0340  0.0338  0.0344  0.0337  0.0341  0.0336  0.0336
niter,ni,del,rscale     2    3    5.0000    0.5000
parameters
   -4.0537  -18.6739   16.0844   -9.3935  -29.7222  -11.5989
    1.2166   -7.1940    0.3691   13.4793    9.0499  -11.6246
eta,q 0.96664 12.37387
  0.0338  0.0336  0.0336  0.0338  0.0336  0.0339  0.0337  0.0341  0.0336  0.0338  0.0335  0.0335
  0.0336  0.0335  0.0335  0.0337  0.0335  0.0337  0.0335  0.0336  0.0334  0.0336  0.0334  0.0334
  0.0334  0.0334  0.0334  0.0335  0.0334  0.0335  0.0334  0.0334  0.0334  0.0334  0.0334  0.0334
  0.0334  0.0334  0.0334  0.0334  0.0334  0.0334  0.0334  0.0334  0.0334  0.0334  0.0334  0.0334
  0.0334  0.0334  0.0334  0.0334  0.0334  0.0334  0.0334  0.0335  0.0334  0.0334  0.0334  0.0334
  0.0336  0.0335  0.0335  0.0335  0.0334  0.0335  0.0335  0.0337  0.0335  0.0336  0.0334  0.0334
  0.0339  0.0337  0.0336  0.0338  0.0336  0.0339  0.0337  0.0341  0.0336  0.0339  0.0335  0.0335
niter,ni,del,rscale     1    3    5.0000    0.4000
parameters
   -4.1116  -18.7418   16.1452   -9.1905  -29.5927  -11.4444
    1.2700   -7.3140    0.2881   13.4003    9.0294  -11.5512
eta,q 0.96667 12.39927
  0.0336  0.0335  0.0335  0.0337  0.0335  0.0337  0.0335  0.0338  0.0335  0.0336  0.0334  0.0334
  0.0335  0.0334  0.0334  0.0335  0.0334  0.0336  0.0334  0.0335  0.0334  0.0335  0.0334  0.0334
  0.0334  0.0334  0.0334  0.0334  0.0334  0.0334  0.0334  0.0334  0.0333  0.0334  0.0333  0.0333
  0.0334  0.0334  0.0334  0.0334  0.0333  0.0333  0.0333  0.0333  0.0333  0.0333  0.0333  0.0333
  0.0334  0.0334  0.0334  0.0333  0.0333  0.0334  0.0334  0.0334  0.0333  0.0334  0.0333  0.0333
  0.0335  0.0334  0.0334  0.0334  0.0334  0.0335  0.0334  0.0336  0.0334  0.0335  0.0334  0.0334
  0.0337  0.0336  0.0335  0.0336  0.0335  0.0337  0.0335  0.0339  0.0335  0.0337  0.0334  0.0334
registration optimization eta report
parameter search radius
    0.8000    0.8000    0.8000    2.4000    2.7600    2.4000
    2.4000    2.4000    2.4000    2.4000    2.4000    2.4000
100000*second partial in parameter space
       44.       26.       23.        5.        2.        7.
        3.        9.        2.        5.        2.        1.
  0.0336  0.0335  0.0335  0.0337  0.0335  0.0337  0.0335  0.0338  0.0335  0.0336  0.0334  0.0334
  0.0335  0.0334  0.0334  0.0335  0.0334  0.0336  0.0334  0.0335  0.0334  0.0335  0.0334  0.0334
  0.0334  0.0334  0.0334  0.0334  0.0334  0.0334  0.0334  0.0334  0.0333  0.0334  0.0333  0.0333
  0.0334  0.0334  0.0334  0.0334  0.0333  0.0333  0.0333  0.0333  0.0333  0.0333  0.0333  0.0333
  0.0334  0.0334  0.0334  0.0333  0.0333  0.0334  0.0334  0.0334  0.0333  0.0334  0.0333  0.0333
  0.0335  0.0334  0.0334  0.0334  0.0334  0.0335  0.0334  0.0336  0.0334  0.0335  0.0334  0.0334
  0.0337  0.0336  0.0335  0.0336  0.0335  0.0337  0.0335  0.0339  0.0335  0.0337  0.0334  0.0334
   -4.1116  -18.7418   16.1452   -9.1905  -29.5927  -11.4444
    1.2700   -7.3140    0.2881   13.4003    9.0294  -11.5512
eta,q 0.96667 12.39927

---------------------------------------------------------------------
imgreg_4dfp /opt/freesurfer/average/711-2C_as_mni_average_305 /opt/freesurfer/average/711-2B_as_mni_average_305_mask talsrcimg_g11 none talsrcimg_to_711-2C_as_mni_average_305_t4 2311
---------------------------------------------------------------------

freesurfer imgreg_4dfp.c
/opt/freesurfer/average/711-2C_as_mni_average_305.4dfp.img
       256       256       256         1
  1.000000  1.000000  1.000000
orientation T byte_order littleendian
Reading image: /opt/freesurfer/average/711-2C_as_mni_average_305.4dfp.img
dimensions:      256       256       256
mmppix:       1.0000   -1.0000   -1.0000
center:     128.0000 -129.0000 -129.0000
/opt/freesurfer/average/711-2B_as_mni_average_305_mask.4dfp.img
       256       256       256         1
  1.000000  1.000000  1.000000
orientation T byte_order littleendian
Reading mask: /opt/freesurfer/average/711-2B_as_mni_average_305_mask.4dfp.img (2306576 pixels)
talsrcimg_g11.4dfp.img
       256       256       256         1
  1.000000  1.000000  1.000000
orientation T byte_order littleendian
Reading image: talsrcimg_g11.4dfp.img
dimensions:      256       256       256
mmppix:       1.0000   -1.0000   -1.0000
center:     128.0000 -129.0000 -129.0000
fimgreg.f
image alignment mode   2311 decimal      907 hex
parameters
   -4.1116  -18.7418   16.1452   -9.1905  -29.5927  -11.4444
    1.2700   -7.3140    0.2881   13.4003    9.0294  -11.5512
eta,q 0.96667 12.39927
niter,ni,del,rscale     5    3    5.0000    0.8000
parameters
   -4.2072  -18.7719   16.1814  -10.0159  -30.0293  -11.7388
    1.6138   -7.1721    0.2529   13.3373    8.9919  -11.6900
eta,q 0.96656 12.32105
  0.0343  0.0340  0.0339  0.0340  0.0338  0.0343  0.0342  0.0353  0.0339  0.0345  0.0337  0.0337
  0.0338  0.0336  0.0336  0.0338  0.0336  0.0340  0.0338  0.0341  0.0337  0.0340  0.0335  0.0336
  0.0334  0.0334  0.0334  0.0335  0.0335  0.0336  0.0335  0.0335  0.0335  0.0336  0.0335  0.0335
  0.0333  0.0333  0.0333  0.0333  0.0334  0.0334  0.0334  0.0334  0.0334  0.0334  0.0334  0.0334
  0.0335  0.0334  0.0334  0.0334  0.0334  0.0335  0.0335  0.0337  0.0335  0.0335  0.0335  0.0335
  0.0339  0.0337  0.0336  0.0340  0.0336  0.0340  0.0337  0.0341  0.0337  0.0339  0.0336  0.0336
  0.0346  0.0340  0.0339  0.0351  0.0341  0.0348  0.0340  0.0349  0.0340  0.0346  0.0337  0.0338
niter,ni,del,rscale     4    3    5.0000    0.7000
parameters
   -4.1526  -18.6963   16.1087   -9.8990  -29.7217  -11.6864
    1.5527   -7.1580    0.3061   13.4330    9.0481  -11.8040
eta,q 0.96658 12.34932
  0.0342  0.0340  0.0338  0.0340  0.0338  0.0342  0.0339  0.0348  0.0338  0.0343  0.0336  0.0336
  0.0338  0.0337  0.0336  0.0338  0.0336  0.0339  0.0336  0.0339  0.0336  0.0339  0.0335  0.0335
  0.0335  0.0335  0.0335  0.0336  0.0335  0.0336  0.0335  0.0335  0.0335  0.0335  0.0334  0.0334
  0.0334  0.0334  0.0334  0.0334  0.0334  0.0334  0.0334  0.0334  0.0334  0.0334  0.0334  0.0334
  0.0335  0.0335  0.0335  0.0334  0.0334  0.0334  0.0335  0.0336  0.0335  0.0335  0.0334  0.0334
  0.0337  0.0336  0.0336  0.0336  0.0335  0.0338  0.0337  0.0340  0.0336  0.0338  0.0335  0.0335
  0.0341  0.0339  0.0339  0.0342  0.0337  0.0343  0.0340  0.0347  0.0338  0.0343  0.0336  0.0337
niter,ni,del,rscale     3    3    5.0000    0.6000
parameters
   -4.1362  -18.7169   16.1023   -9.6246  -29.5968  -11.5961
    1.4692   -7.2128    0.3011   13.4538    9.0802  -11.7544
eta,q 0.96663 12.37537
  0.0340  0.0338  0.0337  0.0339  0.0336  0.0341  0.0338  0.0344  0.0337  0.0340  0.0336  0.0335
  0.0337  0.0336  0.0335  0.0338  0.0335  0.0338  0.0336  0.0338  0.0335  0.0337  0.0335  0.0335
  0.0335  0.0334  0.0334  0.0336  0.0334  0.0335  0.0334  0.0334  0.0334  0.0335  0.0334  0.0334
  0.0334  0.0334  0.0334  0.0334  0.0334  0.0334  0.0334  0.0334  0.0334  0.0334  0.0334  0.0334
  0.0335  0.0335  0.0334  0.0333  0.0334  0.0334  0.0334  0.0335  0.0334  0.0334  0.0334  0.0334
  0.0336  0.0336  0.0335  0.0335  0.0335  0.0336  0.0336  0.0339  0.0335  0.0336  0.0335  0.0334
  0.0340  0.0338  0.0337  0.0339  0.0336  0.0341  0.0338  0.0344  0.0337  0.0340  0.0336  0.0335
niter,ni,del,rscale     2    3    5.0000    0.5000
parameters
   -4.1504  -18.7510   16.1360   -9.3854  -29.5171  -11.4894
    1.4229   -7.2967    0.2756   13.4072    9.0390  -11.6802
eta,q 0.96666 12.39598
  0.0338  0.0336  0.0336  0.0338  0.0335  0.0339  0.0336  0.0341  0.0335  0.0338  0.0335  0.0335
  0.0335  0.0335  0.0335  0.0336  0.0334  0.0337  0.0335  0.0336  0.0334  0.0336  0.0334  0.0334
  0.0334  0.0334  0.0334  0.0335  0.0334  0.0335  0.0334  0.0334  0.0334  0.0334  0.0334  0.0334
  0.0334  0.0334  0.0334  0.0334  0.0334  0.0333  0.0333  0.0333  0.0333  0.0333  0.0333  0.0333
  0.0334  0.0334  0.0334  0.0333  0.0334  0.0334  0.0334  0.0335  0.0334  0.0334  0.0334  0.0333
  0.0336  0.0335  0.0335  0.0335  0.0334  0.0336  0.0335  0.0337  0.0334  0.0336  0.0334  0.0334
  0.0338  0.0336  0.0336  0.0338  0.0335  0.0339  0.0337  0.0341  0.0336  0.0338  0.0335  0.0335
niter,ni,del,rscale     1    3    5.0000    0.4000
parameters
   -4.1814  -18.7938   16.1878   -9.1879  -29.4239  -11.3699
    1.4064   -7.3853    0.2540   13.3361    9.0264  -11.6064
eta,q 0.96668 12.41604
  0.0336  0.0335  0.0335  0.0337  0.0334  0.0337  0.0335  0.0338  0.0334  0.0336  0.0334  0.0334
  0.0335  0.0334  0.0334  0.0335  0.0334  0.0336  0.0334  0.0335  0.0334  0.0334  0.0334  0.0334
  0.0334  0.0334  0.0334  0.0334  0.0333  0.0334  0.0333  0.0333  0.0333  0.0334  0.0333  0.0333
  0.0333  0.0333  0.0333  0.0333  0.0333  0.0333  0.0333  0.0333  0.0333  0.0333  0.0333  0.0333
  0.0334  0.0334  0.0333  0.0333  0.0333  0.0333  0.0333  0.0334  0.0333  0.0334  0.0333  0.0333
  0.0335  0.0334  0.0334  0.0334  0.0334  0.0335  0.0334  0.0336  0.0334  0.0335  0.0334  0.0333
  0.0336  0.0335  0.0335  0.0336  0.0334  0.0337  0.0335  0.0338  0.0335  0.0337  0.0334  0.0334
registration optimization eta report
parameter search radius
    0.8000    0.8000    0.8000    2.4000    2.4000    2.4000
    2.4000    2.4000    2.4000    2.4000    2.4000    2.4000
100000*second partial in parameter space
       44.       27.       23.        5.        2.        7.
        3.        9.        2.        5.        2.        1.
  0.0336  0.0335  0.0335  0.0337  0.0334  0.0337  0.0335  0.0338  0.0334  0.0336  0.0334  0.0334
  0.0335  0.0334  0.0334  0.0335  0.0334  0.0336  0.0334  0.0335  0.0334  0.0334  0.0334  0.0334
  0.0334  0.0334  0.0334  0.0334  0.0333  0.0334  0.0333  0.0333  0.0333  0.0334  0.0333  0.0333
  0.0333  0.0333  0.0333  0.0333  0.0333  0.0333  0.0333  0.0333  0.0333  0.0333  0.0333  0.0333
  0.0334  0.0334  0.0333  0.0333  0.0333  0.0333  0.0333  0.0334  0.0333  0.0334  0.0333  0.0333
  0.0335  0.0334  0.0334  0.0334  0.0334  0.0335  0.0334  0.0336  0.0334  0.0335  0.0334  0.0333
  0.0336  0.0335  0.0335  0.0336  0.0334  0.0337  0.0335  0.0338  0.0335  0.0337  0.0334  0.0334
   -4.1814  -18.7938   16.1878   -9.1879  -29.4239  -11.3699
    1.4064   -7.3853    0.2540   13.3361    9.0264  -11.6064
eta,q 0.96668 12.41604

---------------------------------------------------------------------
compute_vox2vox talsrcimg talsrcimg_to_711-2C_as_mni_average_305_t4 /opt/freesurfer/average/711-2C_as_mni_average_305
---------------------------------------------------------------------

freesurfer compute_vox2vox.c
Reading: talsrcimg.4dfp.ifh
Reading: talsrcimg_to_711-2C_as_mni_average_305_t4
Reading: /opt/freesurfer/average/711-2C_as_mni_average_305.4dfp.ifh
Writing: talsrcimg_to_711-2C_as_mni_average_305_t4_vox2vox.txt

start time Thu Mar 12 03:30:48 CET 2026
end		time Thu Mar 12 03:32:15 CET 2026

mpr2mni305 success

avi2talxfm orig_nu.mgz /opt/freesurfer/average/mni305.cor.mgz talsrcimg_to_711-2C_as_mni_average_305_t4_vox2vox.txt transforms/talairach.auto.xfm
avi2talxfm done
mv -f /out/sourcedata/freesurfer/sub-v1s10x0051033_ses-1/mri/talsrcimg_to_711-2C_as_mni_average_305_t4_vox2vox.txt /out/sourcedata/freesurfer/sub-v1s10x0051033_ses-1/mri/transforms/talsrcimg_to_711-2C_as_mni_average_305_t4_vox2vox.txt
lta_convert --src orig_nu.mgz --trg /opt/freesurfer/average/mni305.cor.mgz --inxfm transforms/talairach.auto.xfm --outlta transforms/talairach.auto.xfm.lta --subject fsaverage
7.3.2

--src: orig_nu.mgz src image (geometry).
--trg: /opt/freesurfer/average/mni305.cor.mgz trg image (geometry).
--inmni: transforms/talairach.auto.xfm input MNI/XFM transform.
--outlta: transforms/talairach.auto.xfm.lta output LTA.
--s: fsaverage subject name
 LTA read, type : 1
 1.09205   0.09200  -0.00663  -12.21556;
-0.10904   1.09186   0.18173  -13.09410;
 0.01667  -0.20665   1.38259   50.07552;
 0.00000   0.00000   0.00000   1.00000;
setting subject to fsaverage
Writing  LTA to file transforms/talairach.auto.xfm.lta...
lta_convert successful.
 
 
Started at Thu Mar 12 03:30:47 CET 2026
Ended   at Thu Mar 12 03:32:15 CET 2026
talairach_avi done
