status file for recon-all
Thu Mar 12 07:26:10 CET 2026
#@# Tessellate lh Thu Mar 12 07:26:10 CET 2026
#@# Smooth1 lh Thu Mar 12 07:26:12 CET 2026
#@# Inflation1 lh Thu Mar 12 07:26:14 CET 2026
#@# QSphere lh Thu Mar 12 07:26:21 CET 2026
#@# Fix Topology lh Thu Mar 12 07:27:05 CET 2026
#@# Smooth2 lh Thu Mar 12 07:31:50 CET 2026
#@# Inflation2 lh Thu Mar 12 07:31:52 CET 2026
#@# Curv .H and .K lh Thu Mar 12 07:32:00 CET 2026
#@# Sphere lh Thu Mar 12 07:32:36 CET 2026
#@# Surf Reg lh Thu Mar 12 07:34:35 CET 2026
#@# Jacobian white lh Thu Mar 12 07:37:10 CET 2026
#@# AvgCurv lh Thu Mar 12 07:37:11 CET 2026
#@# Cortical Parc lh Thu Mar 12 07:37:11 CET 2026
#@# white curv lh Thu Mar 12 07:41:45 CET 2026
#@# white area lh Thu Mar 12 07:41:46 CET 2026
#@# pial curv lh Thu Mar 12 07:41:46 CET 2026
#@# pial area lh Thu Mar 12 07:41:48 CET 2026
#@# thickness lh Thu Mar 12 07:41:48 CET 2026
#@# area and vertex vol lh Thu Mar 12 07:42:06 CET 2026
#@# Curvature Stats lh Thu Mar 12 07:42:07 CET 2026
#@# Cortical Parc 2 lh Thu Mar 12 07:42:08 CET 2026
#@# Cortical Parc 3 lh Thu Mar 12 07:42:18 CET 2026
#@# WM/GM Contrast lh Thu Mar 12 07:42:24 CET 2026
recon-all -s sub-v1s10x0051078_ses-1 finished without error at Thu Mar 12 07:42:26 CET 2026



#New# invocation of recon-all 



status file for recon-all
Thu Mar 12 08:03:05 CET 2026
#@# white curv lh Thu Mar 12 08:03:05 CET 2026
#@# white area lh Thu Mar 12 08:03:05 CET 2026
#@# pial curv lh Thu Mar 12 08:03:05 CET 2026
#@# pial area lh Thu Mar 12 08:03:05 CET 2026
#@# thickness lh Thu Mar 12 08:03:05 CET 2026
#@# area and vertex vol lh Thu Mar 12 08:03:05 CET 2026
#@# Parcellation Stats lh Thu Mar 12 08:03:05 CET 2026
#@# Parcellation Stats 2 lh Thu Mar 12 08:03:19 CET 2026
#@# Parcellation Stats 3 lh Thu Mar 12 08:03:26 CET 2026
#@# BA_exvivo Labels lh Thu Mar 12 08:03:33 CET 2026
recon-all -s sub-v1s10x0051078_ses-1 finished without error at Thu Mar 12 08:05:21 CET 2026
