/out/sourcedata/freesurfer/sub-v1s10x0050975_ses-1/mri
/opt/freesurfer/bin/talairach_avi
--i orig_nu.mgz --xfm transforms/talairach.auto.xfm
talairach_avi 7.3.2
Linux dna070 5.14.0-427.37.1.el9_4.x86_64 #1 SMP PREEMPT_DYNAMIC Fri Sep 13 12:41:50 EDT 2024 x86_64 x86_64 x86_64 GNU/Linux
Thu Mar 12 00:52:56 CET 2026
mri_convert orig_nu.mgz talsrcimg.img 
reading from orig_nu.mgz...
TR=0.00, TE=0.00, TI=0.00, flip angle=0.00
i_ras = (-1, 0, 0)
j_ras = (0, 0, -1)
k_ras = (0, 1, 0)
writing to talsrcimg.img...
Analyze Output Matrix
-1.00000   0.00000   0.00000   133.27957;
 0.00000   0.00000   1.00000  -126.55421;
 0.00000  -1.00000   0.00000   124.21686;
 0.00000   0.00000   0.00000   1.00000;
--------------------
INFO: set hdr.hist.orient to -1
mpr2mni305 talsrcimg
Thu Mar 12 00:52:57 CET 2026
/opt/freesurfer/bin/mpr2mni305 talsrcimg
mpr2mni305 7.3.2
target=711-2C_as_mni_average_305

---------------------------------------------------------------------
analyzeto4dfp talsrcimg -O0 -y
---------------------------------------------------------------------

freesurfer ifh2hdr.c
Thu Mar 12 00:52:57 2026
Writing: talsrcimg.4dfp.hdr
freesurfer analyzeto4dfp.c
Reading: talsrcimg.hdr
header size 348 bytes
hdr.dime.datatype	offset=70	value=2
hdr.dime.bitpix		offset=72	value=8
hdr.hist.orient		offset=252	value=-1
dimensionality     4
dimensions       256       256       256         1
Reading: talsrcimg.img
Writing: talsrcimg.4dfp.img
Writing: talsrcimg.4dfp.ifh
ifh2hdr talsrcimg -r0to222
ori=2

---------------------------------------------------------------------
gauss_4dfp talsrcimg 1.1
---------------------------------------------------------------------

freesurfer gauss_4dfp.c
Reading: talsrcimg.4dfp.img
Writing: talsrcimg_g11.4dfp.img
image dimensions 256 256 256 padded to 288 288 288
processing volume 1freesurfer ifh2hdr.c
Thu Mar 12 00:52:58 2026
Writing: talsrcimg_g11.4dfp.hdr

Writing: talsrcimg_g11.4dfp.ifh
including: talsrcimg.4dfp.img.rec in talsrcimg_g11.4dfp.img.rec

---------------------------------------------------------------------
imgreg_4dfp /opt/freesurfer/average/711-2C_as_mni_average_305 none talsrcimg_g11 none talsrcimg_to_711-2C_as_mni_average_305_t4 4355
---------------------------------------------------------------------

freesurfer imgreg_4dfp.c
/opt/freesurfer/average/711-2C_as_mni_average_305.4dfp.img
       256       256       256         1
  1.000000  1.000000  1.000000
orientation T byte_order littleendian
Reading image: /opt/freesurfer/average/711-2C_as_mni_average_305.4dfp.img
dimensions:      256       256       256
mmppix:       1.0000   -1.0000   -1.0000
center:     128.0000 -129.0000 -129.0000
talsrcimg_g11.4dfp.img
       256       256       256         1
  1.000000  1.000000  1.000000
orientation T byte_order littleendian
Reading image: talsrcimg_g11.4dfp.img
dimensions:      256       256       256
mmppix:       1.0000   -1.0000   -1.0000
center:     128.0000 -129.0000 -129.0000
t4_read: open error in t4_sub.f l:  41 t4_file(1:l)talsrcimg_to_711-2C_as_mni_average_305_t4 
t4_read: transform initialized to I4
rotation matrix determinant  1.000000
image alignment mode   4355 decimal     1103 hex
   -7.5000  -45.0000  -45.0000 8813.9473   19.9154
    0.0000  -45.0000  -45.0000 9188.2227   19.9320
    7.5000  -45.0000  -45.0000 8790.0332   19.8815
   -7.5000  -37.5000  -45.0000 9219.2256   19.9073
    0.0000  -37.5000  -45.0000 9611.5410   19.9246
    7.5000  -37.5000  -45.0000 9192.3545   19.8831
   -7.5000  -30.0000  -45.0000 9896.9033   19.9193
    0.0000  -30.0000  -45.000010337.4229   19.9371
    7.5000  -30.0000  -45.0000 9853.8174   19.9067
   -7.5000  -22.5000  -45.000010548.6377   19.9355
    0.0000  -22.5000  -45.000011014.8564   19.9526
    7.5000  -22.5000  -45.000010480.6816   19.9221
   -7.5000  -15.0000  -45.000011116.2139   19.9403
    0.0000  -15.0000  -45.000011580.4814   19.9549
    7.5000  -15.0000  -45.000011024.3965   19.9147
   -7.5000   -7.5000  -45.000011583.4873   19.9261
    0.0000   -7.5000  -45.000012034.3721   19.9405
    7.5000   -7.5000  -45.000011468.1406   19.8914
   -7.5000    0.0000  -45.000012001.2832   19.9093
    0.0000    0.0000  -45.000012441.9170   19.9256
    7.5000    0.0000  -45.000011861.1406   19.8750
   -7.5000    7.5000  -45.000011511.0762   19.9073
    0.0000    7.5000  -45.000011947.7461   19.9246
    7.5000    7.5000  -45.000011371.8447   19.8831
   -7.5000   15.0000  -45.000010857.3887   19.9193
    0.0000   15.0000  -45.000011267.8262   19.9371
    7.5000   15.0000  -45.000010706.4727   19.9067
   -7.5000   22.5000  -45.000010084.5586   19.9328
    0.0000   22.5000  -45.000010451.1807   19.9499
    7.5000   22.5000  -45.0000 9934.0703   19.9194
   -7.5000   30.0000  -45.0000 9258.3867   19.6772
    0.0000   30.0000  -45.0000 9566.1660   19.6916
    7.5000   30.0000  -45.0000 9101.5859   19.6519
   -7.5000   37.5000  -45.0000 8734.2061   19.6834
    0.0000   37.5000  -45.0000 8988.5029   19.6976
    7.5000   37.5000  -45.0000 8550.5078   19.6491
   -7.5000   45.0000  -45.0000 7825.1797   19.2275
    0.0000   45.0000  -45.0000 8033.8472   19.2435
    7.5000   45.0000  -45.0000 7650.9678   19.1943
   -7.5000  -45.0000  -37.5000 9326.9141   19.8658
    0.0000  -45.0000  -37.5000 9744.1973   19.8833
    7.5000  -45.0000  -37.5000 9294.8848   19.8354
   -7.5000  -37.5000  -37.5000 9756.6064   19.8511
    0.0000  -37.5000  -37.500010196.9297   19.8685
    7.5000  -37.5000  -37.5000 9716.5859   19.8330
   -7.5000  -30.0000  -37.500010468.9121   19.8591
    0.0000  -30.0000  -37.500010973.9277   19.8757
    7.5000  -30.0000  -37.500010408.6934   19.8520
   -7.5000  -22.5000  -37.500011151.1855   19.8790
    0.0000  -22.5000  -37.500011684.9199   19.8952
    7.5000  -22.5000  -37.500011072.5176   19.8685
   -7.5000  -15.0000  -37.500011721.6670   19.8913
    0.0000  -15.0000  -37.500012237.9023   19.9067
    7.5000  -15.0000  -37.500011638.1240   19.8670
   -7.5000   -7.5000  -37.500012220.5557   19.8799
    0.0000   -7.5000  -37.500012728.3633   19.8958
    7.5000   -7.5000  -37.500012100.3008   19.8465
   -7.5000    0.0000  -37.500012640.0752   19.8596
    0.0000    0.0000  -37.500013150.2305   19.8769
    7.5000    0.0000  -37.500012482.9756   19.8290
   -7.5000    7.5000  -37.500012093.0859   19.8511
    0.0000    7.5000  -37.500012604.1465   19.8685
    7.5000    7.5000  -37.500011955.3564   19.8330
   -7.5000   15.0000  -37.500011384.0615   19.8591
    0.0000   15.0000  -37.500011859.7305   19.8757
    7.5000   15.0000  -37.500011235.6084   19.8520
   -7.5000   22.5000  -37.500010550.7246   19.8763
    0.0000   22.5000  -37.500010962.3076   19.8924
    7.5000   22.5000  -37.500010407.5078   19.8658
   -7.5000   30.0000  -37.5000 9689.7090   19.6289
    0.0000   30.0000  -37.500010051.8760   19.6441
    7.5000   30.0000  -37.5000 9514.6934   19.6049
   -7.5000   37.5000  -37.5000 9132.0107   19.6377
    0.0000   37.5000  -37.5000 9422.8750   19.6535
    7.5000   37.5000  -37.5000 8933.2695   19.6049
   -7.5000   45.0000  -37.5000 8167.4062   19.1791
    0.0000   45.0000  -37.5000 8398.3301   19.1960
    7.5000   45.0000  -37.5000 7986.3550   19.1494
   -7.5000  -45.0000  -30.0000 9981.2051   20.6624
    0.0000  -45.0000  -30.000010466.4727   20.7002
    7.5000  -45.0000  -30.0000 9959.8984   20.6665
   -7.5000  -37.5000  -30.000010433.1895   20.6411
    0.0000  -37.5000  -30.000010942.2500   20.6766
    7.5000  -37.5000  -30.000010392.9414   20.6601
   -7.5000  -30.0000  -30.000011196.8291   20.6423
    0.0000  -30.0000  -30.000011747.9600   20.6749
    7.5000  -30.0000  -30.000011131.7344   20.6719
   -7.5000  -22.5000  -30.000011923.8740   20.6634
    0.0000  -22.5000  -30.000012506.1172   20.6958
    7.5000  -22.5000  -30.000011838.2256   20.6867
   -7.5000  -15.0000  -30.000012544.5361   20.6823
    0.0000  -15.0000  -30.000013128.9766   20.7166
    7.5000  -15.0000  -30.000012435.4443   20.6896
   -7.5000   -7.5000  -30.000013090.5938   20.6761
    0.0000   -7.5000  -30.000013675.7158   20.7126
    7.5000   -7.5000  -30.000012965.5469   20.6746
   -7.5000    0.0000  -30.000013482.7471   20.6560
    0.0000    0.0000  -30.000014089.4082   20.6935
    7.5000    0.0000  -30.000013335.9971   20.6598
   -7.5000    7.5000  -30.000012870.2617   20.6411
    0.0000    7.5000  -30.000013462.5869   20.6766
    7.5000    7.5000  -30.000012716.4600   20.6601
   -7.5000   15.0000  -30.000012102.0771   20.6423
    0.0000   15.0000  -30.000012664.9590   20.6749
    7.5000   15.0000  -30.000011960.5986   20.6719
   -7.5000   22.5000  -30.000011195.2793   20.6584
    0.0000   22.5000  -30.000011691.8457   20.6909
    7.5000   22.5000  -30.000011062.0293   20.6817
   -7.5000   30.0000  -30.000010263.7324   20.4112
    0.0000   30.0000  -30.000010684.5830   20.4451
    7.5000   30.0000  -30.000010097.4482   20.4184
   -7.5000   37.5000  -30.0000 9666.8984   20.4257
    0.0000   37.5000  -30.000010010.1230   20.4620
    7.5000   37.5000  -30.0000 9469.4111   20.4245
   -7.5000   45.0000  -30.0000 8638.1943   19.9622
    0.0000   45.0000  -30.0000 8910.8789   19.9988
    7.5000   45.0000  -30.0000 8453.5264   19.9659
   -7.5000  -45.0000  -22.500010620.9688   21.3442
    0.0000  -45.0000  -22.500011174.8740   21.4043
    7.5000  -45.0000  -22.500010643.5605   21.3871
   -7.5000  -37.5000  -22.500011081.4170   21.3205
    0.0000  -37.5000  -22.500011648.7910   21.3774
    7.5000  -37.5000  -22.500011087.5518   21.3786
   -7.5000  -30.0000  -22.500011886.7188   21.3162
    0.0000  -30.0000  -22.500012478.6846   21.3693
    7.5000  -30.0000  -22.500011856.4580   21.3842
   -7.5000  -22.5000  -22.500012681.3398   21.3342
    0.0000  -22.5000  -22.500013296.1729   21.3874
    7.5000  -22.5000  -22.500012607.1289   21.3949
   -7.5000  -15.0000  -22.500013369.9141   21.3542
    0.0000  -15.0000  -22.500014027.3115   21.4102
    7.5000  -15.0000  -22.500013280.8789   21.3984
   -7.5000   -7.5000  -22.500013943.2041   21.3533
    0.0000   -7.5000  -22.500014636.6865   21.4122
    7.5000   -7.5000  -22.500013856.7539   21.3896
   -7.5000    0.0000  -22.500014343.4414   21.3377
    0.0000    0.0000  -22.500015030.1533   21.3976
    7.5000    0.0000  -22.500014217.8174   21.3803
   -7.5000    7.5000  -22.500013637.7139   21.3205
    0.0000    7.5000  -22.500014285.9131   21.3774
    7.5000    7.5000  -22.500013504.7090   21.3786
   -7.5000   15.0000  -22.500012802.6035   21.3162
    0.0000   15.0000  -22.500013444.2383   21.3693
    7.5000   15.0000  -22.500012705.4043   21.3842
   -7.5000   22.5000  -22.500011869.9355   21.3277
    0.0000   22.5000  -22.500012433.1299   21.3808
    7.5000   22.5000  -22.500011751.6006   21.3883
   -7.5000   30.0000  -22.500010867.2998   21.0773
    0.0000   30.0000  -22.500011355.0381   21.1326
    7.5000   30.0000  -22.500010715.9668   21.1210
   -7.5000   37.5000  -22.500010209.5117   21.0974
    0.0000   37.5000  -22.500010633.4795   21.1558
    7.5000   37.5000  -22.500010044.6963   21.1334
   -7.5000   45.0000  -22.5000 9113.0244   20.6358
    0.0000   45.0000  -22.5000 9455.6172   20.6943
    7.5000   45.0000  -22.5000 8964.5957   20.6774
   -7.5000  -45.0000  -15.000011315.9014   21.8563
    0.0000  -45.0000  -15.000011912.0039   21.9215
    7.5000  -45.0000  -15.000011362.4072   21.9064
   -7.5000  -37.5000  -15.000011782.9082   21.8368
    0.0000  -37.5000  -15.000012394.8242   21.8988
    7.5000  -37.5000  -15.000011811.0410   21.8983
   -7.5000  -30.0000  -15.000012602.4678   21.8338
    0.0000  -30.0000  -15.000013231.9668   21.8923
    7.5000  -30.0000  -15.000012587.1973   21.9044
   -7.5000  -22.5000  -15.000013435.5264   21.8481
    0.0000  -22.5000  -15.000014086.2158   21.9067
    7.5000  -22.5000  -15.000013376.0049   21.9139
   -7.5000  -15.0000  -15.000014161.4258   21.8626
    0.0000  -15.0000  -15.000014893.4678   21.9232
    7.5000  -15.0000  -15.000014120.6641   21.9150
   -7.5000   -7.5000  -15.000014773.8037   21.8613
    0.0000   -7.5000  -15.000015550.0059   21.9249
    7.5000   -7.5000  -15.000014727.7441   21.9069
   -7.5000    0.0000  -15.000015164.1943   21.8496
    0.0000    0.0000  -15.000015926.0049   21.9146
    7.5000    0.0000  -15.000015113.7266   21.8994
   -7.5000    7.5000  -15.000014391.0137   21.8368
    0.0000    7.5000  -15.000015099.6377   21.8988
    7.5000    7.5000  -15.000014326.1182   21.8983
   -7.5000   15.0000  -15.000013527.1357   21.8338
    0.0000   15.0000  -15.000014201.2139   21.8923
    7.5000   15.0000  -15.000013492.6426   21.9044
   -7.5000   22.5000  -15.000012552.3682   21.8404
    0.0000   22.5000  -15.000013174.4951   21.8989
    7.5000   22.5000  -15.000012495.1230   21.9061
   -7.5000   30.0000  -15.000011473.8770   21.5821
    0.0000   30.0000  -15.000012023.1904   21.6420
    7.5000   30.0000  -15.000011377.5693   21.6338
   -7.5000   37.5000  -15.000010770.2295   21.6021
    0.0000   37.5000  -15.000011254.6182   21.6650
    7.5000   37.5000  -15.000010651.1309   21.6473
   -7.5000   45.0000  -15.0000 9611.3682   21.1438
    0.0000   45.0000  -15.000010011.7441   21.2073
    7.5000   45.0000  -15.0000 9493.5791   21.1924
   -7.5000  -45.0000   -7.500012076.1963   22.1456
    0.0000  -45.0000   -7.500012709.3174   22.1889
    7.5000  -45.0000   -7.500012117.6172   22.1529
   -7.5000  -37.5000   -7.500012569.1895   22.1346
    0.0000  -37.5000   -7.500013252.3848   22.1767
    7.5000  -37.5000   -7.500012621.9297   22.1507
   -7.5000  -30.0000   -7.500013427.0635   22.1407
    0.0000  -30.0000   -7.500014071.5410   22.1813
    7.5000  -30.0000   -7.500013413.6680   22.1675
   -7.5000  -22.5000   -7.500014230.6699   22.1539
    0.0000  -22.5000   -7.500014864.5205   22.1940
    7.5000  -22.5000   -7.500014197.8545   22.1796
   -7.5000  -15.0000   -7.500014993.4756   22.1601
    0.0000  -15.0000   -7.500015697.1318   22.1993
    7.5000  -15.0000   -7.500015000.3496   22.1740
   -7.5000   -7.5000   -7.500015659.1396   22.1513
    0.0000   -7.5000   -7.500016403.8809   22.1919
    7.5000   -7.5000   -7.500015669.6602   22.1572
   -7.5000    0.0000   -7.500016066.3105   22.1389
    0.0000    0.0000   -7.500016831.7715   22.1819
    7.5000    0.0000   -7.500016094.4277   22.1458
   -7.5000    7.5000   -7.500015252.7012   22.1346
    0.0000    7.5000   -7.500015994.3291   22.1767
    7.5000    7.5000   -7.500015250.1094   22.1507
   -7.5000   15.0000   -7.500014371.7617   22.1407
    0.0000   15.0000   -7.500015088.7021   22.1813
    7.5000   15.0000   -7.500014367.1826   22.1675
   -7.5000   22.5000   -7.500013349.7900   22.1437
    0.0000   22.5000   -7.500014012.1836   22.1837
    7.5000   22.5000   -7.500013313.1836   22.1693
   -7.5000   30.0000   -7.500012180.0986   21.8753
    0.0000   30.0000   -7.500012770.3271   21.9140
    7.5000   30.0000   -7.500012099.7148   21.8890
   -7.5000   37.5000   -7.500011428.3125   21.8887
    0.0000   37.5000   -7.500011943.9434   21.9288
    7.5000   37.5000   -7.500011275.4053   21.8945
   -7.5000   45.0000   -7.500010200.0439   21.4285
    0.0000   45.0000   -7.500010645.7207   21.4706
    7.5000   45.0000   -7.500010044.8359   21.4354
   -7.5000  -45.0000    0.000012716.9258   22.2205
    0.0000  -45.0000    0.000013369.4844   22.2390
    7.5000  -45.0000    0.000012705.0381   22.1828
   -7.5000  -37.5000    0.000013356.0908   22.2113
    0.0000  -37.5000    0.000014087.1602   22.2308
    7.5000  -37.5000    0.000013364.2217   22.1845
   -7.5000  -30.0000    0.000014314.2402   22.2238
    0.0000  -30.0000    0.000014971.2588   22.2439
    7.5000  -30.0000    0.000014277.8076   22.2101
   -7.5000  -22.5000    0.000015121.8184   22.2411
    0.0000  -22.5000    0.000015694.6777   22.2603
    7.5000  -22.5000    0.000015067.0840   22.2264
   -7.5000  -15.0000    0.000015870.0303   22.2465
    0.0000  -15.0000    0.000016435.3340   22.2629
    7.5000  -15.0000    0.000015881.3242   22.2182
   -7.5000   -7.5000    0.000016559.2363   22.2316
    0.0000   -7.5000    0.000017163.7305   22.2476
    7.5000   -7.5000    0.000016585.9707   22.1931
   -7.5000    0.0000    0.000017054.7676   22.2137
    0.0000    0.0000    0.000017762.3301   22.2319
    7.5000    0.0000    0.000017053.8359   22.1757
   -7.5000    7.5000    0.000016217.0586   22.2113
    0.0000    7.5000    0.000016941.4746   22.2308
    7.5000    7.5000    0.000016137.2676   22.1845
   -7.5000   15.0000    0.000015299.4805   22.2238
    0.0000   15.0000    0.000016013.8623   22.2439
    7.5000   15.0000    0.000015172.3145   22.2101
   -7.5000   22.5000    0.000014189.9521   22.2308
    0.0000   22.5000    0.000014872.3076   22.2501
    7.5000   22.5000    0.000014069.1816   22.2162
   -7.5000   30.0000    0.000012930.9912   21.9615
    0.0000   30.0000    0.000013513.7617   21.9776
    7.5000   30.0000    0.000012752.3672   21.9335
   -7.5000   37.5000    0.000012066.7471   21.9693
    0.0000   37.5000    0.000012575.3311   21.9851
    7.5000   37.5000    0.000011827.6074   21.9312
   -7.5000   45.0000    0.000010729.6299   21.5032
    0.0000   45.0000    0.000011168.1738   21.5211
    7.5000   45.0000    0.000010522.8604   21.4663
   -7.5000  -45.0000    7.500012278.6689   22.2197
    0.0000  -45.0000    7.500012866.5166   22.2392
    7.5000  -45.0000    7.500012268.0469   22.1854
   -7.5000  -37.5000    7.500013037.0400   22.2036
    0.0000  -37.5000    7.500013798.8809   22.2229
    7.5000  -37.5000    7.500013034.8955   22.1831
   -7.5000  -30.0000    7.500014189.8584   22.2128
    0.0000  -30.0000    7.500014895.2480   22.2314
    7.5000  -30.0000    7.500014126.8330   22.2048
   -7.5000  -22.5000    7.500014973.1426   22.2351
    0.0000  -22.5000    7.500015426.1914   22.2532
    7.5000  -22.5000    7.500014830.0674   22.2233
   -7.5000  -15.0000    7.500015580.5146   22.2486
    0.0000  -15.0000    7.500015947.9277   22.2658
    7.5000  -15.0000    7.500015438.7529   22.2213
   -7.5000   -7.5000    7.500016160.4189   22.2355
    0.0000   -7.5000    7.500016612.4961   22.2532
    7.5000   -7.5000    7.500016017.5244   22.1980
   -7.5000    0.0000    7.500016683.9688   22.2128
    0.0000    0.0000    7.500017278.3789   22.2320
    7.5000    0.0000    7.500016507.4590   22.1782
   -7.5000    7.5000    7.500015872.3945   22.2036
    0.0000    7.5000    7.500016502.4102   22.2229
    7.5000    7.5000    7.500015633.9434   22.1831
   -7.5000   15.0000    7.500014893.4844   22.2128
    0.0000   15.0000    7.500015543.6934   22.2314
    7.5000   15.0000    7.500014645.3975   22.2048
   -7.5000   22.5000    7.500013770.6406   22.2249
    0.0000   22.5000    7.500014415.7832   22.2429
    7.5000   22.5000    7.500013552.6230   22.2131
   -7.5000   30.0000    7.500012496.8770   21.9636
    0.0000   30.0000    7.500013077.7725   21.9806
    7.5000   30.0000    7.500012282.7627   21.9367
   -7.5000   37.5000    7.500011628.8350   21.9732
    0.0000   37.5000    7.500012163.4404   21.9908
    7.5000   37.5000    7.500011408.7715   21.9363
   -7.5000   45.0000    7.500010348.3418   21.5022
    0.0000   45.0000    7.500010792.2461   21.5210
    7.5000   45.0000    7.500010152.6016   21.4685
   -7.5000  -45.0000   15.000011703.8252   22.2291
    0.0000  -45.0000   15.000012238.7070   22.2696
    7.5000  -45.0000   15.000011606.2266   22.2333
   -7.5000  -37.5000   15.000012410.8936   22.2062
    0.0000  -37.5000   15.000013077.2344   22.2442
    7.5000  -37.5000   15.000012315.8018   22.2265
   -7.5000  -30.0000   15.000013489.7852   22.2077
    0.0000  -30.0000   15.000014157.2607   22.2425
    7.5000  -30.0000   15.000013349.9062   22.2394
   -7.5000  -22.5000   15.000014242.0576   22.2307
    0.0000  -22.5000   15.000014830.2920   22.2653
    7.5000  -22.5000   15.000014045.5996   22.2556
   -7.5000  -15.0000   15.000014888.0186   22.2512
    0.0000  -15.0000   15.000015484.7617   22.2878
    7.5000  -15.0000   15.000014649.3271   22.2588
   -7.5000   -7.5000   15.000015479.2754   22.2442
    0.0000   -7.5000   15.000016130.7480   22.2832
    7.5000   -7.5000   15.000015234.7236   22.2424
   -7.5000    0.0000   15.000015969.5537   22.2223
    0.0000    0.0000   15.000016658.6191   22.2624
    7.5000    0.0000   15.000015703.0781   22.2261
   -7.5000    7.5000   15.000015153.4648   22.2062
    0.0000    7.5000   15.000015779.7656   22.2442
    7.5000    7.5000   15.000014879.9131   22.2265
   -7.5000   15.0000   15.000014187.1328   22.2077
    0.0000   15.0000   15.000014784.1113   22.2425
    7.5000   15.0000   15.000013940.4775   22.2394
   -7.5000   22.5000   15.000013152.8857   22.2205
    0.0000   22.5000   15.000013716.9521   22.2550
    7.5000   22.5000   15.000012935.9102   22.2454
   -7.5000   30.0000   15.000011956.7041   21.9660
    0.0000   30.0000   15.000012447.1152   22.0021
    7.5000   30.0000   15.000011746.8965   21.9735
   -7.5000   37.5000   15.000011120.8232   21.9814
    0.0000   37.5000   15.000011575.9932   22.0201
    7.5000   37.5000   15.000010915.3115   21.9798
   -7.5000   45.0000   15.0000 9884.7783   21.5107
    0.0000   45.0000   15.000010279.3047   21.5500
    7.5000   45.0000   15.0000 9693.9668   21.5145
   -7.5000  -45.0000   22.500010989.5049   22.2709
    0.0000  -45.0000   22.500011474.0332   22.3338
    7.5000  -45.0000   22.500010898.2939   22.3158
   -7.5000  -37.5000   22.500011556.6045   22.2457
    0.0000  -37.5000   22.500012129.9287   22.3052
    7.5000  -37.5000   22.500011519.5068   22.3068
   -7.5000  -30.0000   22.500012457.2656   22.2415
    0.0000  -30.0000   22.500012970.1797   22.2969
    7.5000  -30.0000   22.500012424.2695   22.3132
   -7.5000  -22.5000   22.500013171.0420   22.2611
    0.0000  -22.5000   22.500013652.7812   22.3167
    7.5000  -22.5000   22.500013105.2979   22.3250
   -7.5000  -15.0000   22.500013907.2598   22.2824
    0.0000  -15.0000   22.500014442.2969   22.3410
    7.5000  -15.0000   22.500013799.0635   22.3289
   -7.5000   -7.5000   22.500014577.4277   22.2811
    0.0000   -7.5000   22.500015184.1172   22.3429
    7.5000   -7.5000   22.500014448.2510   22.3190
   -7.5000    0.0000   22.500015069.5146   22.2640
    0.0000    0.0000   22.500015711.6582   22.3267
    7.5000    0.0000   22.500014900.3828   22.3086
   -7.5000    7.5000   22.500014284.3584   22.2457
    0.0000    7.5000   22.500014888.7158   22.3052
    7.5000    7.5000   22.500014099.6650   22.3068
   -7.5000   15.0000   22.500013326.5020   22.2415
    0.0000   15.0000   22.500013909.5391   22.2969
    7.5000   15.0000   22.500013163.4375   22.3132
   -7.5000   22.5000   22.500012338.7295   22.2509
    0.0000   22.5000   22.500012883.4434   22.3064
    7.5000   22.5000   22.500012180.7881   22.3147
   -7.5000   30.0000   22.500011218.9355   21.9965
    0.0000   30.0000   22.500011678.4600   22.0545
    7.5000   30.0000   22.500011047.9609   22.0425
   -7.5000   37.5000   22.500010407.0508   22.0172
    0.0000   37.5000   22.500010825.6104   22.0785
    7.5000   37.5000   22.500010266.1924   22.0550
   -7.5000   45.0000   22.5000 9253.8281   21.5509
    0.0000   45.0000   22.5000 9589.1328   21.6121
    7.5000   45.0000   22.5000 9134.3740   21.5944
   -7.5000  -45.0000   30.000010126.2930   22.3950
    0.0000  -45.0000   30.000010590.2461   22.4624
    7.5000  -45.0000   30.000010108.1758   22.4469
   -7.5000  -37.5000   30.000010639.3320   22.3744
    0.0000  -37.5000   30.000011160.5879   22.4383
    7.5000  -37.5000   30.000010667.2646   22.4383
   -7.5000  -30.0000   30.000011443.2715   22.3712
    0.0000  -30.0000   30.000011930.1377   22.4315
    7.5000  -30.0000   30.000011473.4600   22.4447
   -7.5000  -22.5000   30.000012111.8564   22.3864
    0.0000  -22.5000   30.000012583.5713   22.4469
    7.5000  -22.5000   30.000012114.6152   22.4548
   -7.5000  -15.0000   30.000012784.7363   22.4017
    0.0000  -15.0000   30.000013304.9941   22.4645
    7.5000  -15.0000   30.000012757.8535   22.4562
   -7.5000   -7.5000   30.000013425.5078   22.4005
    0.0000   -7.5000   30.000013984.9404   22.4663
    7.5000   -7.5000   30.000013380.2139   22.4476
   -7.5000    0.0000   30.000013908.8975   22.3881
    0.0000    0.0000   30.000014466.9170   22.4552
    7.5000    0.0000   30.000013860.5498   22.4396
   -7.5000    7.5000   30.000013212.8877   22.3744
    0.0000    7.5000   30.000013759.3691   22.4383
    7.5000    7.5000   30.000013154.4326   22.4383
   -7.5000   15.0000   30.000012348.8467   22.3712
    0.0000   15.0000   30.000012874.8369   22.4315
    7.5000   15.0000   30.000012270.7568   22.4447
   -7.5000   22.5000   30.000011430.6826   22.3761
    0.0000   22.5000   30.000011903.4033   22.4365
    7.5000   22.5000   30.000011341.4199   22.4444
   -7.5000   30.0000   30.000010407.1064   22.1143
    0.0000   30.0000   30.000010806.1211   22.1763
    7.5000   30.0000   30.000010314.5752   22.1680
   -7.5000   37.5000   30.0000 9642.5762   22.1351
    0.0000   37.5000   30.0000 9998.9336   22.2003
    7.5000   37.5000   30.0000 9547.2744   22.1819
   -7.5000   45.0000   30.0000 8566.1934   21.6716
    0.0000   45.0000   30.0000 8861.7314   21.7372
    7.5000   45.0000   30.0000 8453.7900   21.7219
   -7.5000  -45.0000   37.5000 9767.2871   22.9358
    0.0000  -45.0000   37.500010209.8838   22.9815
    7.5000  -45.0000   37.5000 9749.5879   22.9430
   -7.5000  -37.5000   37.500010269.0811   22.9239
    0.0000  -37.5000   37.500010769.9375   22.9680
    7.5000  -37.5000   37.500010279.7246   22.9402
   -7.5000  -30.0000   37.500011060.7432   22.9309
    0.0000  -30.0000   37.500011559.4385   22.9737
    7.5000  -30.0000   37.500011064.6973   22.9587
   -7.5000  -22.5000   37.500011730.4502   22.9457
    0.0000  -22.5000   37.500012229.6357   22.9884
    7.5000  -22.5000   37.500011704.8477   22.9725
   -7.5000  -15.0000   37.500012354.6846   22.9525
    0.0000  -15.0000   37.500012862.6416   22.9946
    7.5000  -15.0000   37.500012289.3027   22.9670
   -7.5000   -7.5000   37.500012952.3418   22.9426
    0.0000   -7.5000   37.500013459.1318   22.9861
    7.5000   -7.5000   37.500012855.4248   22.9485
   -7.5000    0.0000   37.500013433.5566   22.9286
    0.0000    0.0000   37.500013968.6846   22.9740
    7.5000    0.0000   37.500013340.4482   22.9354
   -7.5000    7.5000   37.500012775.7246   22.9239
    0.0000    7.5000   37.500013299.6367   22.9680
    7.5000    7.5000   37.500012686.5078   22.9402
   -7.5000   15.0000   37.500011938.7725   22.9309
    0.0000   15.0000   37.500012429.7666   22.9737
    7.5000   15.0000   37.500011864.4902   22.9587
   -7.5000   22.5000   37.500011029.8604   22.9351
    0.0000   22.5000   37.500011454.9736   22.9778
    7.5000   22.5000   37.500010971.0449   22.9619
   -7.5000   30.0000   37.500010044.1260   22.6581
    0.0000   30.0000   37.500010437.7803   22.6997
    7.5000   30.0000   37.5000 9962.9961   22.6724
   -7.5000   37.5000   37.5000 9320.9971   22.6712
    0.0000   37.5000   37.5000 9658.7686   22.7141
    7.5000   37.5000   37.5000 9232.1113   22.6771
   -7.5000   45.0000   37.5000 8290.4375   22.1952
    0.0000   45.0000   37.5000 8573.8057   22.2395
    7.5000   45.0000   37.5000 8191.0303   22.2018
   -7.5000  -45.0000   45.0000 8988.8838   23.4758
    0.0000  -45.0000   45.0000 9408.4307   23.4999
    7.5000  -45.0000   45.0000 8971.0078   23.4435
   -7.5000  -37.5000   45.0000 9460.2744   23.4636
    0.0000  -37.5000   45.0000 9908.4170   23.4883
    7.5000  -37.5000   45.0000 9446.6807   23.4425
   -7.5000  -30.0000   45.000010197.9287   23.4768
    0.0000  -30.0000   45.000010659.3389   23.5013
    7.5000  -30.0000   45.000010183.0908   23.4685
   -7.5000  -22.5000   45.000010831.2666   23.4977
    0.0000  -22.5000   45.000011296.0996   23.5209
    7.5000  -22.5000   45.000010792.7783   23.4872
   -7.5000  -15.0000   45.000011403.3965   23.5058
    0.0000  -15.0000   45.000011873.8496   23.5264
    7.5000  -15.0000   45.000011332.7383   23.4809
   -7.5000   -7.5000   45.000011936.1113   23.4895
    0.0000   -7.5000   45.000012408.4160   23.5105
    7.5000   -7.5000   45.000011857.9541   23.4552
   -7.5000    0.0000   45.000012369.1113   23.4681
    0.0000    0.0000   45.000012853.7891   23.4919
    7.5000    0.0000   45.000012290.2939   23.4354
   -7.5000    7.5000   45.000011783.2871   23.4636
    0.0000    7.5000   45.000012273.4658   23.4883
    7.5000    7.5000   45.000011697.9775   23.4425
   -7.5000   15.0000   45.000011028.1436   23.4768
    0.0000   15.0000   45.000011479.7480   23.5013
    7.5000   15.0000   45.000010938.8896   23.4685
   -7.5000   22.5000   45.000010174.7324   23.4868
    0.0000   22.5000   45.000010567.3457   23.5100
    7.5000   22.5000   45.000010085.4365   23.4763
   -7.5000   30.0000   45.0000 9277.6172   23.2006
    0.0000   30.0000   45.0000 9606.8848   23.2209
    7.5000   30.0000   45.0000 9194.1768   23.1759
   -7.5000   37.5000   45.0000 8619.8652   23.2056
    0.0000   37.5000   45.0000 8897.2168   23.2263
    7.5000   37.5000   45.0000 8534.4590   23.1716
   -7.5000   45.0000   45.0000 7651.0063   22.7208
    0.0000   45.0000   45.0000 7898.5234   22.7440
    7.5000   45.0000   45.0000 7584.9360   22.6888

---------------------------------------------------------------------
imgreg_4dfp /opt/freesurfer/average/711-2C_as_mni_average_305 /opt/freesurfer/average/711-2B_as_mni_average_305_mask talsrcimg_g11 none talsrcimg_to_711-2C_as_mni_average_305_t4 4355
---------------------------------------------------------------------

freesurfer imgreg_4dfp.c
/opt/freesurfer/average/711-2C_as_mni_average_305.4dfp.img
       256       256       256         1
  1.000000  1.000000  1.000000
orientation T byte_order littleendian
Reading image: /opt/freesurfer/average/711-2C_as_mni_average_305.4dfp.img
dimensions:      256       256       256
mmppix:       1.0000   -1.0000   -1.0000
center:     128.0000 -129.0000 -129.0000
/opt/freesurfer/average/711-2B_as_mni_average_305_mask.4dfp.img
       256       256       256         1
  1.000000  1.000000  1.000000
orientation T byte_order littleendian
Reading mask: /opt/freesurfer/average/711-2B_as_mni_average_305_mask.4dfp.img (2306576 pixels)
talsrcimg_g11.4dfp.img
       256       256       256         1
  1.000000  1.000000  1.000000
orientation T byte_order littleendian
Reading image: talsrcimg_g11.4dfp.img
dimensions:      256       256       256
mmppix:       1.0000   -1.0000   -1.0000
center:     128.0000 -129.0000 -129.0000
rotation matrix determinant  1.000000
image alignment mode   4355 decimal     1103 hex
   -7.5000  -45.0000  -45.0000 2254.8286   19.7925
    0.0000  -45.0000  -45.0000 2264.8481   19.7588
    7.5000  -45.0000  -45.0000 2252.8848   19.8845
   -7.5000  -37.5000  -45.0000 2311.5894   18.5737
    0.0000  -37.5000  -45.0000 2323.7871   18.5621
    7.5000  -37.5000  -45.0000 2308.7004   18.6529
   -7.5000  -30.0000  -45.0000 2356.6187   17.8022
    0.0000  -30.0000  -45.0000 2367.7593   17.7662
    7.5000  -30.0000  -45.0000 2347.3726   17.8878
   -7.5000  -22.5000  -45.0000 2372.5171   17.3970
    0.0000  -22.5000  -45.0000 2385.9497   17.3746
    7.5000  -22.5000  -45.0000 2362.1897   17.4846
   -7.5000  -15.0000  -45.0000 2368.5212   17.3612
    0.0000  -15.0000  -45.0000 2381.0977   17.3208
    7.5000  -15.0000  -45.0000 2355.8979   17.4330
   -7.5000   -7.5000  -45.0000 2339.9092   17.6346
    0.0000   -7.5000  -45.0000 2349.8657   17.5568
    7.5000   -7.5000  -45.0000 2323.7600   17.6963
   -7.5000    0.0000  -45.0000 2287.4932   18.2316
    0.0000    0.0000  -45.0000 2297.8977   18.1728
    7.5000    0.0000  -45.0000 2271.1731   18.3021
   -7.5000    7.5000  -45.0000 2220.4033   19.2587
    0.0000    7.5000  -45.0000 2228.9473   19.1639
    7.5000    7.5000  -45.0000 2202.1880   19.3344
   -7.5000   15.0000  -45.0000 2126.8323   20.7565
    0.0000   15.0000  -45.0000 2135.4729   20.6031
    7.5000   15.0000  -45.0000 2113.6851   20.8902
   -7.5000   22.5000  -45.0000 2026.6035   22.8662
    0.0000   22.5000  -45.0000 2030.6799   22.6949
    7.5000   22.5000  -45.0000 2008.3727   23.0249
   -7.5000   30.0000  -45.0000 1907.1375   25.7338
    0.0000   30.0000  -45.0000 1909.3583   25.5202
    7.5000   30.0000  -45.0000 1890.7439   25.8128
   -7.5000   37.5000  -45.0000 1785.5067   29.3876
    0.0000   37.5000  -45.0000 1787.5823   29.0983
    7.5000   37.5000  -45.0000 1769.9686   29.3941
   -7.5000   45.0000  -45.0000 1653.0172   34.3502
    0.0000   45.0000  -45.0000 1654.4811   33.9376
    7.5000   45.0000  -45.0000 1635.1707   34.4727
   -7.5000  -45.0000  -37.5000 2339.4109   18.4356
    0.0000  -45.0000  -37.5000 2349.7869   18.4858
    7.5000  -45.0000  -37.5000 2333.1035   18.5602
   -7.5000  -37.5000  -37.5000 2404.1284   17.2912
    0.0000  -37.5000  -37.5000 2413.1814   17.3450
    7.5000  -37.5000  -37.5000 2392.7827   17.3930
   -7.5000  -30.0000  -37.5000 2450.5833   16.5248
    0.0000  -30.0000  -37.5000 2463.2258   16.5757
    7.5000  -30.0000  -37.5000 2433.6506   16.6386
   -7.5000  -22.5000  -37.5000 2472.1987   16.1998
    0.0000  -22.5000  -37.5000 2488.8115   16.2217
    7.5000  -22.5000  -37.5000 2457.5061   16.2892
   -7.5000  -15.0000  -37.5000 2466.4724   16.1443
    0.0000  -15.0000  -37.5000 2483.2764   16.1313
    7.5000  -15.0000  -37.5000 2453.9180   16.2161
   -7.5000   -7.5000  -37.5000 2438.6257   16.3860
    0.0000   -7.5000  -37.5000 2453.3359   16.3367
    7.5000   -7.5000  -37.5000 2421.5415   16.4360
   -7.5000    0.0000  -37.5000 2388.3330   16.8830
    0.0000    0.0000  -37.5000 2402.5625   16.8508
    7.5000    0.0000  -37.5000 2370.7378   16.9743
   -7.5000    7.5000  -37.5000 2314.9507   17.7512
    0.0000    7.5000  -37.5000 2327.1575   17.7402
    7.5000    7.5000  -37.5000 2300.4490   17.8796
   -7.5000   15.0000  -37.5000 2217.7976   19.0721
    0.0000   15.0000  -37.5000 2225.3699   19.0323
    7.5000   15.0000  -37.5000 2200.6172   19.2527
   -7.5000   22.5000  -37.5000 2105.7229   21.0092
    0.0000   22.5000  -37.5000 2107.1628   20.9351
    7.5000   22.5000  -37.5000 2084.9346   21.1447
   -7.5000   30.0000  -37.5000 1988.1482   23.5985
    0.0000   30.0000  -37.5000 1995.0416   23.5069
    7.5000   30.0000  -37.5000 1965.6029   23.6639
   -7.5000   37.5000  -37.5000 1862.8979   26.9429
    0.0000   37.5000  -37.5000 1864.6530   26.7669
    7.5000   37.5000  -37.5000 1840.8678   27.0231
   -7.5000   45.0000  -37.5000 1719.5813   31.3938
    0.0000   45.0000  -37.5000 1722.5168   31.0729
    7.5000   45.0000  -37.5000 1702.3936   31.5875
   -7.5000  -45.0000  -30.0000 2457.8889   17.9025
    0.0000  -45.0000  -30.0000 2469.8433   17.9618
    7.5000  -45.0000  -30.0000 2446.2820   18.0039
   -7.5000  -37.5000  -30.0000 2531.8650   16.7063
    0.0000  -37.5000  -30.0000 2545.4548   16.7892
    7.5000  -37.5000  -30.0000 2517.6672   16.8168
   -7.5000  -30.0000  -30.0000 2586.4373   15.9241
    0.0000  -30.0000  -30.0000 2598.5132   16.0073
    7.5000  -30.0000  -30.0000 2566.6348   16.0557
   -7.5000  -22.5000  -30.0000 2613.2236   15.6180
    0.0000  -22.5000  -30.0000 2629.2703   15.6516
    7.5000  -22.5000  -30.0000 2595.7412   15.7196
   -7.5000  -15.0000  -30.0000 2610.2585   15.5687
    0.0000  -15.0000  -30.0000 2625.3228   15.5843
    7.5000  -15.0000  -30.0000 2591.3625   15.6711
   -7.5000   -7.5000  -30.0000 2586.0542   15.8025
    0.0000   -7.5000  -30.0000 2598.1165   15.8053
    7.5000   -7.5000  -30.0000 2565.5825   15.8789
   -7.5000    0.0000  -30.0000 2533.2117   16.2286
    0.0000    0.0000  -30.0000 2543.8052   16.2622
    7.5000    0.0000  -30.0000 2511.2429   16.3717
   -7.5000    7.5000  -30.0000 2455.9102   17.0150
    0.0000    7.5000  -30.0000 2467.1716   17.0522
    7.5000    7.5000  -30.0000 2430.4106   17.1934
   -7.5000   15.0000  -30.0000 2349.9761   18.2607
    0.0000   15.0000  -30.0000 2364.8359   18.2651
    7.5000   15.0000  -30.0000 2329.0122   18.4478
   -7.5000   22.5000  -30.0000 2225.2766   20.0382
    0.0000   22.5000  -30.0000 2230.0850   20.0144
    7.5000   22.5000  -30.0000 2203.7866   20.2002
   -7.5000   30.0000  -30.0000 2100.8394   22.4188
    0.0000   30.0000  -30.0000 2105.7593   22.3978
    7.5000   30.0000  -30.0000 2077.5066   22.6020
   -7.5000   37.5000  -30.0000 1972.4089   25.6443
    0.0000   37.5000  -30.0000 1971.0789   25.5427
    7.5000   37.5000  -30.0000 1944.4458   25.8278
   -7.5000   45.0000  -30.0000 1820.3948   29.8625
    0.0000   45.0000  -30.0000 1817.8970   29.5422
    7.5000   45.0000  -30.0000 1795.5104   30.1107
   -7.5000  -45.0000  -22.5000 2534.9609   17.2250
    0.0000  -45.0000  -22.5000 2553.0149   17.3336
    7.5000  -45.0000  -22.5000 2530.2852   17.4099
   -7.5000  -37.5000  -22.5000 2625.7109   16.0054
    0.0000  -37.5000  -22.5000 2640.6401   16.0858
    7.5000  -37.5000  -22.5000 2610.6270   16.1664
   -7.5000  -30.0000  -22.5000 2684.0640   15.2043
    0.0000  -30.0000  -22.5000 2698.9045   15.2599
    7.5000  -30.0000  -22.5000 2668.9858   15.3457
   -7.5000  -22.5000  -22.5000 2724.8337   14.8899
    0.0000  -22.5000  -22.5000 2739.7944   14.9190
    7.5000  -22.5000  -22.5000 2705.5828   14.9997
   -7.5000  -15.0000  -22.5000 2728.7034   14.8695
    0.0000  -15.0000  -22.5000 2747.6458   14.8907
    7.5000  -15.0000  -22.5000 2709.1240   14.9673
   -7.5000   -7.5000  -22.5000 2705.4255   15.0901
    0.0000   -7.5000  -22.5000 2725.0928   15.1390
    7.5000   -7.5000  -22.5000 2686.8254   15.2032
   -7.5000    0.0000  -22.5000 2649.4836   15.4957
    0.0000    0.0000  -22.5000 2663.4961   15.5572
    7.5000    0.0000  -22.5000 2628.6929   15.6595
   -7.5000    7.5000  -22.5000 2562.3210   16.2267
    0.0000    7.5000  -22.5000 2579.6433   16.2645
    7.5000    7.5000  -22.5000 2544.8896   16.4228
   -7.5000   15.0000  -22.5000 2451.6565   17.3621
    0.0000   15.0000  -22.5000 2473.5002   17.3900
    7.5000   15.0000  -22.5000 2443.6943   17.5850
   -7.5000   22.5000  -22.5000 2324.3823   19.0114
    0.0000   22.5000  -22.5000 2335.0942   19.0200
    7.5000   22.5000  -22.5000 2308.8770   19.2294
   -7.5000   30.0000  -22.5000 2187.1230   21.2710
    0.0000   30.0000  -22.5000 2194.2864   21.2805
    7.5000   30.0000  -22.5000 2166.2090   21.4804
   -7.5000   37.5000  -22.5000 2045.4316   24.2985
    0.0000   37.5000  -22.5000 2052.1812   24.2517
    7.5000   37.5000  -22.5000 2022.5883   24.5134
   -7.5000   45.0000  -22.5000 1890.5399   28.2571
    0.0000   45.0000  -22.5000 1899.4735   28.0589
    7.5000   45.0000  -22.5000 1871.7037   28.4873
   -7.5000  -45.0000  -15.0000 2580.1748   16.6503
    0.0000  -45.0000  -15.0000 2602.0408   16.7118
    7.5000  -45.0000  -15.0000 2578.3994   16.8215
   -7.5000  -37.5000  -15.0000 2682.9512   15.4004
    0.0000  -37.5000  -15.0000 2702.2942   15.4232
    7.5000  -37.5000  -15.0000 2672.7144   15.5412
   -7.5000  -30.0000  -15.0000 2748.1484   14.5551
    0.0000  -30.0000  -15.0000 2773.7493   14.5420
    7.5000  -30.0000  -15.0000 2733.9138   14.6595
   -7.5000  -22.5000  -15.0000 2800.2417   14.2005
    0.0000  -22.5000  -15.0000 2820.9785   14.1772
    7.5000  -22.5000  -15.0000 2782.4155   14.2901
   -7.5000  -15.0000  -15.0000 2809.0032   14.1704
    0.0000  -15.0000  -15.0000 2833.8625   14.1761
    7.5000  -15.0000  -15.0000 2795.2070   14.2666
   -7.5000   -7.5000  -15.0000 2788.4514   14.3912
    0.0000   -7.5000  -15.0000 2816.9578   14.4307
    7.5000   -7.5000  -15.0000 2774.4753   14.5050
   -7.5000    0.0000  -15.0000 2730.3491   14.8159
    0.0000    0.0000  -15.0000 2748.9307   14.8436
    7.5000    0.0000  -15.0000 2717.1448   14.9405
   -7.5000    7.5000  -15.0000 2641.4775   15.5029
    0.0000    7.5000  -15.0000 2661.0247   15.5064
    7.5000    7.5000  -15.0000 2632.3562   15.6814
   -7.5000   15.0000  -15.0000 2526.1562   16.5963
    0.0000   15.0000  -15.0000 2547.4263   16.5923
    7.5000   15.0000  -15.0000 2523.1892   16.8269
   -7.5000   22.5000  -15.0000 2390.1404   18.2157
    0.0000   22.5000  -15.0000 2405.2605   18.1856
    7.5000   22.5000  -15.0000 2383.8369   18.4078
   -7.5000   30.0000  -15.0000 2244.3481   20.3669
    0.0000   30.0000  -15.0000 2254.1697   20.3247
    7.5000   30.0000  -15.0000 2234.1169   20.5321
   -7.5000   37.5000  -15.0000 2094.5537   23.2142
    0.0000   37.5000  -15.0000 2102.0759   23.0839
    7.5000   37.5000  -15.0000 2079.3928   23.3733
   -7.5000   45.0000  -15.0000 1937.4124   26.9089
    0.0000   45.0000  -15.0000 1947.1492   26.6771
    7.5000   45.0000  -15.0000 1923.7898   27.0964
   -7.5000  -45.0000   -7.5000 2608.6975   16.2228
    0.0000  -45.0000   -7.5000 2627.8789   16.2148
    7.5000  -45.0000   -7.5000 2603.7759   16.3292
   -7.5000  -37.5000   -7.5000 2718.8298   14.9414
    0.0000  -37.5000   -7.5000 2743.1350   14.9477
    7.5000  -37.5000   -7.5000 2711.7200   15.0714
   -7.5000  -30.0000   -7.5000 2799.3472   14.0342
    0.0000  -30.0000   -7.5000 2824.0957   13.9436
    7.5000  -30.0000   -7.5000 2784.0317   14.1474
   -7.5000  -22.5000   -7.5000 2850.2617   13.6158
    0.0000  -22.5000   -7.5000 2870.6111   13.5025
    7.5000  -22.5000   -7.5000 2832.8162   13.7122
   -7.5000  -15.0000   -7.5000 2863.9751   13.5692
    0.0000  -15.0000   -7.5000 2886.1265   13.4952
    7.5000  -15.0000   -7.5000 2852.7307   13.6621
   -7.5000   -7.5000   -7.5000 2848.4543   13.8048
    0.0000   -7.5000   -7.5000 2871.3008   13.7352
    7.5000   -7.5000   -7.5000 2837.5837   13.8994
   -7.5000    0.0000   -7.5000 2786.3650   14.2216
    0.0000    0.0000   -7.5000 2805.9458   14.1577
    7.5000    0.0000   -7.5000 2777.1985   14.3553
   -7.5000    7.5000   -7.5000 2694.9758   14.9210
    0.0000    7.5000   -7.5000 2716.2847   14.8357
    7.5000    7.5000   -7.5000 2689.7737   15.0874
   -7.5000   15.0000   -7.5000 2577.5945   15.9947
    0.0000   15.0000   -7.5000 2602.1428   15.9306
    7.5000   15.0000   -7.5000 2578.4336   16.2207
   -7.5000   22.5000   -7.5000 2444.0430   17.5649
    0.0000   22.5000   -7.5000 2463.3828   17.5329
    7.5000   22.5000   -7.5000 2435.3696   17.7944
   -7.5000   30.0000   -7.5000 2292.2668   19.6282
    0.0000   30.0000   -7.5000 2309.5803   19.5906
    7.5000   30.0000   -7.5000 2284.0989   19.8062
   -7.5000   37.5000   -7.5000 2136.0032   22.2888
    0.0000   37.5000   -7.5000 2145.1289   22.2348
    7.5000   37.5000   -7.5000 2120.5996   22.4914
   -7.5000   45.0000   -7.5000 1972.7683   25.8275
    0.0000   45.0000   -7.5000 1986.7211   25.6228
    7.5000   45.0000   -7.5000 1961.0620   26.0939
   -7.5000  -45.0000    0.0000 2621.9146   16.1433
    0.0000  -45.0000    0.0000 2632.9521   15.9876
    7.5000  -45.0000    0.0000 2609.3960   16.1507
   -7.5000  -37.5000    0.0000 2739.6941   14.8513
    0.0000  -37.5000    0.0000 2761.1680   14.7456
    7.5000  -37.5000    0.0000 2728.2500   14.8831
   -7.5000  -30.0000    0.0000 2830.8196   13.8936
    0.0000  -30.0000    0.0000 2858.1863   13.7135
    7.5000  -30.0000    0.0000 2813.9519   13.9567
   -7.5000  -22.5000    0.0000 2889.9502   13.3428
    0.0000  -22.5000    0.0000 2906.7954   13.0820
    7.5000  -22.5000    0.0000 2863.7881   13.4459
   -7.5000  -15.0000    0.0000 2908.6086   13.2538
    0.0000  -15.0000    0.0000 2917.1089   13.0105
    7.5000  -15.0000    0.0000 2886.0249   13.3649
   -7.5000   -7.5000    0.0000 2893.3572   13.4594
    0.0000   -7.5000    0.0000 2899.7859   13.2604
    7.5000   -7.5000    0.0000 2872.3879   13.5569
   -7.5000    0.0000    0.0000 2832.4739   13.9411
    0.0000    0.0000    0.0000 2842.0305   13.7287
    7.5000    0.0000    0.0000 2813.5393   14.0190
   -7.5000    7.5000    0.0000 2742.3669   14.6865
    0.0000    7.5000    0.0000 2755.9924   14.5062
    7.5000    7.5000    0.0000 2723.6616   14.7673
   -7.5000   15.0000    0.0000 2622.5769   15.7661
    0.0000   15.0000    0.0000 2633.2266   15.6420
    7.5000   15.0000    0.0000 2608.2734   15.8977
   -7.5000   22.5000    0.0000 2486.8613   17.3114
    0.0000   22.5000    0.0000 2501.2424   17.2400
    7.5000   22.5000    0.0000 2475.7542   17.4614
   -7.5000   30.0000    0.0000 2326.5181   19.3593
    0.0000   30.0000    0.0000 2339.2180   19.2783
    7.5000   30.0000    0.0000 2317.3999   19.4738
   -7.5000   37.5000    0.0000 2163.2971   21.8814
    0.0000   37.5000    0.0000 2170.2722   21.7772
    7.5000   37.5000    0.0000 2144.5867   22.0662
   -7.5000   45.0000    0.0000 1993.3831   25.1743
    0.0000   45.0000    0.0000 2002.3451   24.9177
    7.5000   45.0000    0.0000 1982.1396   25.4813
   -7.5000  -45.0000    7.5000 2610.2854   16.2533
    0.0000  -45.0000    7.5000 2626.6562   16.0547
    7.5000  -45.0000    7.5000 2606.9016   16.2451
   -7.5000  -37.5000    7.5000 2735.2236   15.0243
    0.0000  -37.5000    7.5000 2759.8042   14.8173
    7.5000  -37.5000    7.5000 2729.9634   15.0266
   -7.5000  -30.0000    7.5000 2845.7095   14.1208
    0.0000  -30.0000    7.5000 2872.2524   13.8922
    7.5000  -30.0000    7.5000 2827.8093   14.1469
   -7.5000  -22.5000    7.5000 2912.4556   13.4543
    0.0000  -22.5000    7.5000 2930.6846   13.1481
    7.5000  -22.5000    7.5000 2880.2058   13.5069
   -7.5000  -15.0000    7.5000 2931.4817   13.1762
    0.0000  -15.0000    7.5000 2939.6050   12.8396
    7.5000  -15.0000    7.5000 2901.7368   13.2181
   -7.5000   -7.5000    7.5000 2905.6484   13.3185
    0.0000   -7.5000    7.5000 2916.0574   12.9992
    7.5000   -7.5000    7.5000 2884.9897   13.3532
   -7.5000    0.0000    7.5000 2849.2063   13.8020
    0.0000    0.0000    7.5000 2862.8682   13.5830
    7.5000    0.0000    7.5000 2830.9028   13.8301
   -7.5000    7.5000    7.5000 2761.6501   14.5961
    0.0000    7.5000    7.5000 2771.7832   14.4674
    7.5000    7.5000    7.5000 2741.8164   14.6415
   -7.5000   15.0000    7.5000 2637.5696   15.7080
    0.0000   15.0000    7.5000 2649.1255   15.6621
    7.5000   15.0000    7.5000 2620.3896   15.7798
   -7.5000   22.5000    7.5000 2496.9673   17.2485
    0.0000   22.5000    7.5000 2520.7656   17.2141
    7.5000   22.5000    7.5000 2484.4216   17.3029
   -7.5000   30.0000    7.5000 2336.0378   19.2354
    0.0000   30.0000    7.5000 2357.1672   19.2611
    7.5000   30.0000    7.5000 2322.2659   19.3016
   -7.5000   37.5000    7.5000 2173.4614   21.7673
    0.0000   37.5000    7.5000 2186.1375   21.7776
    7.5000   37.5000    7.5000 2157.3940   21.8752
   -7.5000   45.0000    7.5000 2008.5417   25.0582
    0.0000   45.0000    7.5000 2015.9647   24.8907
    7.5000   45.0000    7.5000 1994.4615   25.2216
   -7.5000  -45.0000   15.0000 2578.9868   16.5704
    0.0000  -45.0000   15.0000 2599.8779   16.3632
    7.5000  -45.0000   15.0000 2573.7180   16.5380
   -7.5000  -37.5000   15.0000 2705.4148   15.3164
    0.0000  -37.5000   15.0000 2734.6094   15.1192
    7.5000  -37.5000   15.0000 2700.1077   15.3037
   -7.5000  -30.0000   15.0000 2820.9268   14.4037
    0.0000  -30.0000   15.0000 2857.3625   14.2223
    7.5000  -30.0000   15.0000 2806.4890   14.4227
   -7.5000  -22.5000   15.0000 2895.6804   13.6836
    0.0000  -22.5000   15.0000 2922.7627   13.4564
    7.5000  -22.5000   15.0000 2870.2034   13.7346
   -7.5000  -15.0000   15.0000 2917.0334   13.3765
    0.0000  -15.0000   15.0000 2939.2207   13.1594
    7.5000  -15.0000   15.0000 2893.1238   13.4004
   -7.5000   -7.5000   15.0000 2893.3689   13.4591
    0.0000   -7.5000   15.0000 2917.7024   13.3382
    7.5000   -7.5000   15.0000 2875.5386   13.4728
   -7.5000    0.0000   15.0000 2836.8118   13.8869
    0.0000    0.0000   15.0000 2857.0188   13.7826
    7.5000    0.0000   15.0000 2820.2153   13.8906
   -7.5000    7.5000   15.0000 2744.9819   14.6614
    0.0000    7.5000   15.0000 2758.1338   14.5512
    7.5000    7.5000   15.0000 2731.2019   14.6791
   -7.5000   15.0000   15.0000 2619.2781   15.8035
    0.0000   15.0000   15.0000 2638.7903   15.7190
    7.5000   15.0000   15.0000 2613.0933   15.8582
   -7.5000   22.5000   15.0000 2490.4917   17.3396
    0.0000   22.5000   15.0000 2510.7683   17.2896
    7.5000   22.5000   15.0000 2481.2407   17.3867
   -7.5000   30.0000   15.0000 2331.4441   19.3271
    0.0000   30.0000   15.0000 2350.0823   19.3205
    7.5000   30.0000   15.0000 2319.1665   19.4028
   -7.5000   37.5000   15.0000 2159.4553   21.8717
    0.0000   37.5000   15.0000 2179.0920   21.8273
    7.5000   37.5000   15.0000 2150.0637   21.9746
   -7.5000   45.0000   15.0000 1997.7150   25.1561
    0.0000   45.0000   15.0000 2010.6660   24.9900
    7.5000   45.0000   15.0000 1983.5685   25.2484
   -7.5000  -45.0000   22.5000 2538.5979   17.0143
    0.0000  -45.0000   22.5000 2556.2588   16.7565
    7.5000  -45.0000   22.5000 2530.4487   16.9792
   -7.5000  -37.5000   22.5000 2661.5459   15.6749
    0.0000  -37.5000   22.5000 2689.9944   15.4551
    7.5000  -37.5000   22.5000 2657.2234   15.6943
   -7.5000  -30.0000   22.5000 2777.0959   14.7071
    0.0000  -30.0000   22.5000 2804.5984   14.5082
    7.5000  -30.0000   22.5000 2765.3525   14.8014
   -7.5000  -22.5000   22.5000 2854.3899   14.0131
    0.0000  -22.5000   22.5000 2872.8320   13.7432
    7.5000  -22.5000   22.5000 2835.9976   14.1076
   -7.5000  -15.0000   22.5000 2888.8389   13.7928
    0.0000  -15.0000   22.5000 2909.6179   13.5948
    7.5000  -15.0000   22.5000 2868.5823   13.8347
   -7.5000   -7.5000   22.5000 2873.0181   13.9454
    0.0000   -7.5000   22.5000 2897.3574   13.7981
    7.5000   -7.5000   22.5000 2854.8081   13.9520
   -7.5000    0.0000   22.5000 2809.0906   14.3929
    0.0000    0.0000   22.5000 2832.6401   14.2854
    7.5000    0.0000   22.5000 2794.1272   14.3919
   -7.5000    7.5000   22.5000 2715.4397   15.0831
    0.0000    7.5000   22.5000 2733.3730   15.0081
    7.5000    7.5000   22.5000 2702.3994   15.1071
   -7.5000   15.0000   22.5000 2591.5012   16.1356
    0.0000   15.0000   22.5000 2613.2639   16.0601
    7.5000   15.0000   22.5000 2585.7114   16.1931
   -7.5000   22.5000   22.5000 2456.4817   17.6235
    0.0000   22.5000   22.5000 2479.7334   17.5595
    7.5000   22.5000   22.5000 2451.5762   17.6501
   -7.5000   30.0000   22.5000 2299.8503   19.5894
    0.0000   30.0000   22.5000 2316.1272   19.5281
    7.5000   30.0000   22.5000 2291.9819   19.6124
   -7.5000   37.5000   22.5000 2135.7246   22.1450
    0.0000   37.5000   22.5000 2153.3018   22.0076
    7.5000   37.5000   22.5000 2130.3540   22.1317
   -7.5000   45.0000   22.5000 1979.5146   25.4650
    0.0000   45.0000   22.5000 1987.9448   25.2373
    7.5000   45.0000   22.5000 1972.4631   25.4754
   -7.5000  -45.0000   30.0000 2490.2166   17.6366
    0.0000  -45.0000   30.0000 2510.4890   17.3909
    7.5000  -45.0000   30.0000 2481.7114   17.6364
   -7.5000  -37.5000   30.0000 2615.6675   16.2648
    0.0000  -37.5000   30.0000 2636.7876   16.0508
    7.5000  -37.5000   30.0000 2608.0122   16.3106
   -7.5000  -30.0000   30.0000 2722.7087   15.2427
    0.0000  -30.0000   30.0000 2744.9150   15.0330
    7.5000  -30.0000   30.0000 2712.6948   15.3542
   -7.5000  -22.5000   30.0000 2798.8340   14.5777
    0.0000  -22.5000   30.0000 2816.5837   14.3692
    7.5000  -22.5000   30.0000 2780.6711   14.6725
   -7.5000  -15.0000   30.0000 2829.1230   14.4142
    0.0000  -15.0000   30.0000 2848.1780   14.2352
    7.5000  -15.0000   30.0000 2812.1023   14.4265
   -7.5000   -7.5000   30.0000 2817.3025   14.5469
    0.0000   -7.5000   30.0000 2837.4380   14.3919
    7.5000   -7.5000   30.0000 2803.0586   14.5665
   -7.5000    0.0000   30.0000 2754.5054   14.9608
    0.0000    0.0000   30.0000 2774.8447   14.8316
    7.5000    0.0000   30.0000 2748.1724   14.9974
   -7.5000    7.5000   30.0000 2664.6379   15.6594
    0.0000    7.5000   30.0000 2685.1860   15.5783
    7.5000    7.5000   30.0000 2659.5596   15.7185
   -7.5000   15.0000   30.0000 2550.0701   16.7026
    0.0000   15.0000   30.0000 2577.0972   16.6394
    7.5000   15.0000   30.0000 2546.1079   16.7709
   -7.5000   22.5000   30.0000 2414.8740   18.1773
    0.0000   22.5000   30.0000 2438.1570   18.0886
    7.5000   22.5000   30.0000 2414.4629   18.2051
   -7.5000   30.0000   30.0000 2260.4214   20.1084
    0.0000   30.0000   30.0000 2274.7698   20.0331
    7.5000   30.0000   30.0000 2260.4216   20.1079
   -7.5000   37.5000   30.0000 2098.2263   22.6468
    0.0000   37.5000   30.0000 2113.3557   22.4710
    7.5000   37.5000   30.0000 2097.4529   22.6089
   -7.5000   45.0000   30.0000 1946.8447   25.9158
    0.0000   45.0000   30.0000 1960.1949   25.6147
    7.5000   45.0000   30.0000 1943.2827   25.9503
   -7.5000  -45.0000   37.5000 2440.6851   18.5672
    0.0000  -45.0000   37.5000 2457.8953   18.3268
    7.5000  -45.0000   37.5000 2432.4766   18.5420
   -7.5000  -37.5000   37.5000 2558.9119   17.1211
    0.0000  -37.5000   37.5000 2581.4346   16.8963
    7.5000  -37.5000   37.5000 2555.9856   17.1438
   -7.5000  -30.0000   37.5000 2659.4331   16.0838
    0.0000  -30.0000   37.5000 2685.0562   15.8678
    7.5000  -30.0000   37.5000 2652.8909   16.1249
   -7.5000  -22.5000   37.5000 2730.5486   15.4557
    0.0000  -22.5000   37.5000 2750.7920   15.2670
    7.5000  -22.5000   37.5000 2716.7085   15.4953
   -7.5000  -15.0000   37.5000 2753.9753   15.2690
    0.0000  -15.0000   37.5000 2771.7129   15.0878
    7.5000  -15.0000   37.5000 2736.3049   15.2544
   -7.5000   -7.5000   37.5000 2738.3547   15.3813
    0.0000   -7.5000   37.5000 2755.2537   15.2191
    7.5000   -7.5000   37.5000 2723.0916   15.3514
   -7.5000    0.0000   37.5000 2685.7307   15.7738
    0.0000    0.0000   37.5000 2709.2898   15.6262
    7.5000    0.0000   37.5000 2681.2139   15.7279
   -7.5000    7.5000   37.5000 2600.1555   16.4514
    0.0000    7.5000   37.5000 2628.4114   16.3339
    7.5000    7.5000   37.5000 2595.8101   16.4536
   -7.5000   15.0000   37.5000 2494.5415   17.5071
    0.0000   15.0000   37.5000 2519.9038   17.3946
    7.5000   15.0000   37.5000 2485.3213   17.5402
   -7.5000   22.5000   37.5000 2362.7117   18.9962
    0.0000   22.5000   37.5000 2380.1533   18.9025
    7.5000   22.5000   37.5000 2359.2332   19.0159
   -7.5000   30.0000   37.5000 2213.2241   20.9289
    0.0000   30.0000   37.5000 2232.0308   20.8322
    7.5000   30.0000   37.5000 2207.1912   20.9528
   -7.5000   37.5000   37.5000 2061.1821   23.4467
    0.0000   37.5000   37.5000 2071.3491   23.2830
    7.5000   37.5000   37.5000 2058.1477   23.4108
   -7.5000   45.0000   37.5000 1916.7904   26.7889
    0.0000   45.0000   37.5000 1919.1532   26.4875
    7.5000   45.0000   37.5000 1911.3556   26.7251
   -7.5000  -45.0000   45.0000 2378.3374   19.7785
    0.0000  -45.0000   45.0000 2400.0251   19.5667
    7.5000  -45.0000   45.0000 2373.9058   19.7258
   -7.5000  -37.5000   45.0000 2488.7690   18.2883
    0.0000  -37.5000   45.0000 2512.1372   18.0678
    7.5000  -37.5000   45.0000 2485.3291   18.2513
   -7.5000  -30.0000   45.0000 2583.1467   17.1794
    0.0000  -30.0000   45.0000 2608.4539   16.9856
    7.5000  -30.0000   45.0000 2577.4851   17.1943
   -7.5000  -22.5000   45.0000 2647.6233   16.5496
    0.0000  -22.5000   45.0000 2665.7246   16.3609
    7.5000  -22.5000   45.0000 2633.9426   16.5547
   -7.5000  -15.0000   45.0000 2666.5906   16.3189
    0.0000  -15.0000   45.0000 2685.2654   16.1391
    7.5000  -15.0000   45.0000 2652.0994   16.2734
   -7.5000   -7.5000   45.0000 2649.4414   16.4159
    0.0000   -7.5000   45.0000 2667.4966   16.2572
    7.5000   -7.5000   45.0000 2640.1545   16.3603
   -7.5000    0.0000   45.0000 2601.3987   16.7915
    0.0000    0.0000   45.0000 2622.1848   16.6202
    7.5000    0.0000   45.0000 2597.3074   16.7257
   -7.5000    7.5000   45.0000 2521.6199   17.4637
    0.0000    7.5000   45.0000 2553.5295   17.2988
    7.5000    7.5000   45.0000 2519.9470   17.4039
   -7.5000   15.0000   45.0000 2426.0056   18.4670
    0.0000   15.0000   45.0000 2449.7168   18.3485
    7.5000   15.0000   45.0000 2414.6509   18.4728
   -7.5000   22.5000   45.0000 2300.8345   19.9870
    0.0000   22.5000   45.0000 2318.4875   19.8356
    7.5000   22.5000   45.0000 2290.2139   19.9916
   -7.5000   30.0000   45.0000 2161.4497   21.9874
    0.0000   30.0000   45.0000 2168.8643   21.8308
    7.5000   30.0000   45.0000 2154.8384   21.9633
   -7.5000   37.5000   45.0000 2017.6449   24.5672
    0.0000   37.5000   45.0000 2018.4550   24.3712
    7.5000   37.5000   45.0000 2010.7930   24.5379
   -7.5000   45.0000   45.0000 1872.5054   27.9195
    0.0000   45.0000   45.0000 1879.8983   27.5808
    7.5000   45.0000   45.0000 1872.6736   27.9108

---------------------------------------------------------------------
imgreg_4dfp /opt/freesurfer/average/711-2C_as_mni_average_305 /opt/freesurfer/average/711-2B_as_mni_average_305_mask talsrcimg_g11 none talsrcimg_to_711-2C_as_mni_average_305_t4 1283
---------------------------------------------------------------------

freesurfer imgreg_4dfp.c
/opt/freesurfer/average/711-2C_as_mni_average_305.4dfp.img
       256       256       256         1
  1.000000  1.000000  1.000000
orientation T byte_order littleendian
Reading image: /opt/freesurfer/average/711-2C_as_mni_average_305.4dfp.img
dimensions:      256       256       256
mmppix:       1.0000   -1.0000   -1.0000
center:     128.0000 -129.0000 -129.0000
/opt/freesurfer/average/711-2B_as_mni_average_305_mask.4dfp.img
       256       256       256         1
  1.000000  1.000000  1.000000
orientation T byte_order littleendian
Reading mask: /opt/freesurfer/average/711-2B_as_mni_average_305_mask.4dfp.img (2306576 pixels)
talsrcimg_g11.4dfp.img
       256       256       256         1
  1.000000  1.000000  1.000000
orientation T byte_order littleendian
Reading image: talsrcimg_g11.4dfp.img
dimensions:      256       256       256
mmppix:       1.0000   -1.0000   -1.0000
center:     128.0000 -129.0000 -129.0000
rotation matrix determinant  1.000000
fimgreg.f
image alignment mode   1283 decimal      503 hex
parameters
    0.0000  -15.0000    7.5000    0.0000    0.0000    0.0000
eta,q 0.92276 12.76152
niter,ni,del,rscale     5    3   12.0000    1.2000
parameter  4  1.612719 ->  0.500000 qaram    1.1500
parameter  6 -1.201508 -> -0.500000 qaram    1.1500
parameters
    0.3481  -15.0295   10.0065   -3.4500   -0.6381    3.4500
eta,q 0.93000 12.79102
  0.0789  0.0833  0.0801  0.0699  0.0748  0.0772
  0.0797  0.0802  0.0785  0.0713  0.0723  0.0751
  0.0781  0.0766  0.0768  0.0727  0.0715  0.0732
  0.0762  0.0755  0.0755  0.0750  0.0717  0.0716
  0.0764  0.0767  0.0747  0.0777  0.0725  0.0705
  0.0778  0.0801  0.0744  0.0811  0.0739  0.0698
  0.0798  0.0835  0.0764  0.0845  0.0758  0.0694
niter,ni,del,rscale     6    3   12.0000    1.2000
parameter  4  0.896885 ->  0.500000 qaram    1.3225
parameters
   -0.4386  -16.1281    9.3909   -7.4175   -0.0320    4.5812
eta,q 0.93263 12.92081
  0.0751  0.0745  0.0726  0.0661  0.0716  0.0731
  0.0734  0.0706  0.0719  0.0672  0.0690  0.0706
  0.0712  0.0689  0.0711  0.0681  0.0676  0.0687
  0.0700  0.0700  0.0690  0.0695  0.0675  0.0676
  0.0726  0.0720  0.0700  0.0712  0.0680  0.0673
  0.0752  0.0744  0.0726  0.0744  0.0687  0.0684
  0.0783  0.0786  0.0752  0.0795  0.0696  0.0707
niter,ni,del,rscale     6    3   12.0000    1.2000
parameter  4  0.593821 ->  0.500000 qaram    1.5209
parameters
   -1.6217  -15.2777    8.3583  -11.9801    2.1516    2.7312
eta,q 0.93448 12.93544
  0.0723  0.0769  0.0718  0.0678  0.0715  0.0684
  0.0691  0.0721  0.0705  0.0666  0.0691  0.0661
  0.0680  0.0693  0.0690  0.0666  0.0672  0.0655
  0.0674  0.0675  0.0673  0.0680  0.0665  0.0659
  0.0702  0.0677  0.0689  0.0702  0.0659  0.0675
  0.0737  0.0700  0.0734  0.0730  0.0660  0.0701
  0.0762  0.0726  0.0769  0.0751  0.0672  0.0726
niter,ni,del,rscale     6    3   12.0000    1.2000
parameter  4  0.767042 ->  0.500000 qaram    1.7490
parameters
   -2.4566  -14.1285    7.4452  -17.2272    3.4124    2.1419
eta,q 0.93506 13.01801
  0.0719  0.0730  0.0696  0.0648  0.0724  0.0690
  0.0679  0.0687  0.0691  0.0653  0.0703  0.0662
  0.0661  0.0662  0.0678  0.0663  0.0680  0.0651
  0.0655  0.0655  0.0661  0.0667  0.0657  0.0651
  0.0682  0.0667  0.0671  0.0680  0.0651  0.0659
  0.0716  0.0674  0.0703  0.0707  0.0667  0.0675
  0.0753  0.0680  0.0740  0.0744  0.0693  0.0703
niter,ni,del,rscale     6    3   12.0000    1.2000
parameters
   -2.5410  -11.6789    7.3598  -16.6042    3.3030    1.1557
eta,q 0.93607 12.88167
  0.0771  0.0745  0.0696  0.0754  0.0701  0.0674
  0.0704  0.0698  0.0684  0.0680  0.0674  0.0649
  0.0669  0.0666  0.0661  0.0638  0.0648  0.0639
  0.0649  0.0650  0.0639  0.0640  0.0641  0.0641
  0.0675  0.0641  0.0648  0.0660  0.0654  0.0652
  0.0721  0.0640  0.0677  0.0682  0.0679  0.0670
  0.0767  0.0657  0.0710  0.0711  0.0702  0.0693
niter,ni,del,rscale     5    3   12.0000    1.2000
parameters
   -2.7800  -11.5689    7.5462  -16.3477    3.2781    0.8587
eta,q 0.93626 12.88247
  0.0756  0.0689  0.0699  0.0749  0.0706  0.0680
  0.0687  0.0664  0.0687  0.0671  0.0674  0.0653
  0.0652  0.0650  0.0664  0.0641  0.0647  0.0638
  0.0639  0.0639  0.0639  0.0637  0.0638  0.0638
  0.0666  0.0642  0.0644  0.0661  0.0650  0.0647
  0.0718  0.0661  0.0673  0.0686  0.0678  0.0662
  0.0759  0.0688  0.0704  0.0718  0.0704  0.0683
niter,ni,del,rscale     4    3   12.0000    1.2000
parameters
   -2.8259  -11.5062    7.6627  -16.2322    3.2776    0.7781
eta,q 0.93630 12.88051
  0.0765  0.0687  0.0700  0.0747  0.0707  0.0682
  0.0694  0.0663  0.0687  0.0669  0.0675  0.0654
  0.0653  0.0648  0.0661  0.0642  0.0647  0.0638
  0.0637  0.0638  0.0637  0.0637  0.0637  0.0637
  0.0659  0.0642  0.0646  0.0662  0.0649  0.0646
  0.0712  0.0660  0.0675  0.0689  0.0677  0.0659
  0.0757  0.0689  0.0706  0.0721  0.0705  0.0680
niter,ni,del,rscale     3    3   12.0000    1.2000
parameters
   -2.8316  -11.4801    7.7136  -16.1825    3.2736    0.7540
eta,q 0.93630 12.87900
  0.0767  0.0686  0.0700  0.0745  0.0707  0.0683
  0.0696  0.0663  0.0687  0.0669  0.0675  0.0654
  0.0654  0.0648  0.0659  0.0642  0.0646  0.0638
  0.0637  0.0637  0.0637  0.0637  0.0637  0.0637
  0.0657  0.0642  0.0647  0.0662  0.0649  0.0645
  0.0711  0.0660  0.0677  0.0690  0.0677  0.0659
  0.0757  0.0689  0.0707  0.0722  0.0705  0.0679
registration optimization eta report
parameter search radius
    6.0000    6.0000    6.0000   10.4940    6.0000    6.9000
100000*second partial in parameter space
       34.       14.       17.        9.       19.        9.
  0.0767  0.0686  0.0700  0.0745  0.0707  0.0683
  0.0696  0.0663  0.0687  0.0669  0.0675  0.0654
  0.0654  0.0648  0.0659  0.0642  0.0646  0.0638
  0.0637  0.0637  0.0637  0.0637  0.0637  0.0637
  0.0657  0.0642  0.0647  0.0662  0.0649  0.0645
  0.0711  0.0660  0.0677  0.0690  0.0677  0.0659
  0.0757  0.0689  0.0707  0.0722  0.0705  0.0679
   -2.8316  -11.4801    7.7136  -16.1825    3.2736    0.7540
eta,q 0.93630 12.87900

---------------------------------------------------------------------
imgreg_4dfp /opt/freesurfer/average/711-2C_as_mni_average_305 /opt/freesurfer/average/711-2B_as_mni_average_305_mask talsrcimg_g11 none talsrcimg_to_711-2C_as_mni_average_305_t4 3335
---------------------------------------------------------------------

freesurfer imgreg_4dfp.c
/opt/freesurfer/average/711-2C_as_mni_average_305.4dfp.img
       256       256       256         1
  1.000000  1.000000  1.000000
orientation T byte_order littleendian
Reading image: /opt/freesurfer/average/711-2C_as_mni_average_305.4dfp.img
dimensions:      256       256       256
mmppix:       1.0000   -1.0000   -1.0000
center:     128.0000 -129.0000 -129.0000
/opt/freesurfer/average/711-2B_as_mni_average_305_mask.4dfp.img
       256       256       256         1
  1.000000  1.000000  1.000000
orientation T byte_order littleendian
Reading mask: /opt/freesurfer/average/711-2B_as_mni_average_305_mask.4dfp.img (2306576 pixels)
talsrcimg_g11.4dfp.img
       256       256       256         1
  1.000000  1.000000  1.000000
orientation T byte_order littleendian
Reading image: talsrcimg_g11.4dfp.img
dimensions:      256       256       256
mmppix:       1.0000   -1.0000   -1.0000
center:     128.0000 -129.0000 -129.0000
fimgreg.f
image alignment mode   3335 decimal      D07 hex
parameters
   -2.8316  -11.4801    7.7136   -0.1718   -3.9495   -4.1188
    0.3275   -5.8505    1.3138   27.7952    5.7105  -27.8243
eta,q 0.93622 12.94931
niter,ni,del,rscale     5    3    5.0000    1.2000
parameter  4 53.647774 ->  0.500000 qaram    1.1500
parameter  5  8.900261 ->  0.500000 qaram    1.1500
parameter  6  1.133503 ->  0.500000 qaram    1.1500
parameter  7  0.636160 ->  0.500000 qaram    1.1500
parameter 10  0.619448 ->  0.500000 qaram    1.1500
parameter 12 -0.673884 -> -0.500000 qaram    1.1500
parameters
   -2.5377  -11.8265    7.5837   -4.3118   -8.0895   -8.2588
   -3.8125   -4.3654    4.7128   23.6552    4.0263  -23.6843
eta,q 0.95742 12.59601
  0.0649  0.0645  0.0649  0.0515  0.0462  0.0453  0.0453  0.0528  0.0475  0.0438  0.0442  0.0470
  0.0641  0.0640  0.0644  0.0547  0.0494  0.0455  0.0449  0.0493  0.0463  0.0433  0.0435  0.0454
  0.0638  0.0638  0.0639  0.0591  0.0526  0.0467  0.0451  0.0465  0.0454  0.0435  0.0432  0.0441
  0.0638  0.0638  0.0638  0.0638  0.0558  0.0502  0.0457  0.0449  0.0447  0.0444  0.0433  0.0432
  0.0638  0.0640  0.0639  0.0676  0.0590  0.0562  0.0467  0.0448  0.0444  0.0460  0.0437  0.0427
  0.0640  0.0644  0.0645  0.0714  0.0627  0.0616  0.0481  0.0461  0.0445  0.0482  0.0445  0.0426
  0.0643  0.0650  0.0653  0.0757  0.0664  0.0658  0.0497  0.0483  0.0448  0.0509  0.0455  0.0426
niter,ni,del,rscale     7    3    5.0000    1.2000
parameter  3  0.689103 ->  0.500000 qaram    1.1500
parameter  4  1.132546 ->  0.500000 qaram    1.3225
parameter  5  7.818935 ->  0.500000 qaram    1.3225
parameters
   -1.9142  -12.6202    6.2037   -9.0728  -12.8505  -11.0853
   -3.4606   -3.5836    5.5148   22.9850    5.5568  -23.3747
eta,q 0.96792 12.29378
  0.0473  0.0427  0.0415  0.0368  0.0288  0.0332  0.0354  0.0370  0.0343  0.0353  0.0328  0.0336
  0.0453  0.0423  0.0413  0.0374  0.0313  0.0324  0.0338  0.0342  0.0333  0.0336  0.0325  0.0328
  0.0437  0.0421  0.0415  0.0385  0.0346  0.0322  0.0326  0.0327  0.0325  0.0325  0.0323  0.0323
  0.0426  0.0423  0.0421  0.0413  0.0376  0.0322  0.0322  0.0322  0.0321  0.0321  0.0321  0.0321
  0.0423  0.0427  0.0431  0.0459  0.0408  0.0329  0.0324  0.0323  0.0322  0.0326  0.0321  0.0322
  0.0428  0.0435  0.0444  0.0500  0.0440  0.0369  0.0334  0.0333  0.0327  0.0342  0.0322  0.0327
  0.0443  0.0446  0.0461  0.0545  0.0476  0.0434  0.0349  0.0351  0.0336  0.0370  0.0324  0.0333
niter,ni,del,rscale     7    3    5.0000    1.2000
parameter  5  0.791226 ->  0.500000 qaram    1.5209
parameter 12  0.538995 ->  0.500000 qaram    1.3225
parameters
   -1.7119  -13.3488    5.6632  -13.1843  -18.3256  -10.4959
   -3.7605   -4.2794    6.4652   23.1437    6.3341  -28.1357
eta,q 0.97224 11.98497
  0.0359  0.0331  0.0328  0.0321  0.0291  0.0314  0.0312  0.0312  0.0305  0.0321  0.0287  0.0280
  0.0338  0.0321  0.0320  0.0313  0.0283  0.0298  0.0296  0.0294  0.0294  0.0300  0.0284  0.0278
  0.0326  0.0318  0.0317  0.0310  0.0287  0.0287  0.0285  0.0283  0.0285  0.0286  0.0282  0.0278
  0.0321  0.0321  0.0318  0.0317  0.0310  0.0282  0.0282  0.0282  0.0281  0.0281  0.0281  0.0281
  0.0323  0.0329  0.0322  0.0332  0.0344  0.0282  0.0287  0.0290  0.0282  0.0284  0.0281  0.0286
  0.0332  0.0342  0.0329  0.0372  0.0377  0.0285  0.0299  0.0305  0.0287  0.0297  0.0283  0.0294
  0.0347  0.0357  0.0339  0.0418  0.0413  0.0310  0.0316  0.0324  0.0296  0.0319  0.0285  0.0302
niter,ni,del,rscale     7    3    5.0000    1.2000
parameters
   -1.5794  -12.8529    5.6256  -12.5649  -21.2041  -10.9174
   -4.2855   -4.3803    7.2704   24.5743    6.8434  -30.6634
eta,q 0.97287 11.91024
  0.0314  0.0317  0.0292  0.0315  0.0308  0.0307  0.0302  0.0311  0.0295  0.0322  0.0278  0.0281
  0.0295  0.0297  0.0283  0.0298  0.0290  0.0290  0.0286  0.0291  0.0285  0.0300  0.0276  0.0273
  0.0283  0.0284  0.0278  0.0285  0.0276  0.0279  0.0277  0.0279  0.0278  0.0284  0.0274  0.0271
  0.0278  0.0278  0.0277  0.0277  0.0276  0.0275  0.0275  0.0275  0.0275  0.0275  0.0273  0.0273
  0.0280  0.0277  0.0279  0.0276  0.0297  0.0275  0.0281  0.0280  0.0275  0.0274  0.0273  0.0279
  0.0290  0.0283  0.0284  0.0283  0.0334  0.0287  0.0293  0.0294  0.0280  0.0282  0.0275  0.0286
  0.0307  0.0294  0.0292  0.0312  0.0373  0.0323  0.0308  0.0312  0.0288  0.0299  0.0277  0.0296
niter,ni,del,rscale     6    3    5.0000    1.2000
parameters
   -1.5462  -12.3794    5.5418  -12.1180  -22.4912  -10.9508
   -4.4870   -4.4661    7.9357   25.5379    6.7391  -31.6030
eta,q 0.97297 11.89495
  0.0304  0.0306  0.0286  0.0309  0.0315  0.0308  0.0300  0.0308  0.0289  0.0313  0.0275  0.0287
  0.0287  0.0288  0.0277  0.0292  0.0295  0.0290  0.0284  0.0287  0.0280  0.0293  0.0273  0.0274
  0.0275  0.0277  0.0272  0.0279  0.0278  0.0277  0.0275  0.0276  0.0274  0.0278  0.0272  0.0270
  0.0271  0.0271  0.0271  0.0271  0.0270  0.0272  0.0272  0.0272  0.0272  0.0271  0.0271  0.0271
  0.0275  0.0271  0.0273  0.0270  0.0279  0.0270  0.0276  0.0276  0.0272  0.0272  0.0271  0.0275
  0.0285  0.0276  0.0278  0.0277  0.0310  0.0283  0.0287  0.0289  0.0276  0.0281  0.0272  0.0282
  0.0303  0.0286  0.0287  0.0310  0.0349  0.0317  0.0302  0.0309  0.0284  0.0298  0.0276  0.0291
niter,ni,del,rscale     5    3    5.0000    1.2000
parameters
   -1.5375  -12.0902    5.5532  -12.0390  -23.1765  -10.9083
   -4.6289   -4.5524    8.1480   26.0390    6.4689  -32.0964
eta,q 0.97294 11.87944
  0.0301  0.0298  0.0286  0.0306  0.0318  0.0309  0.0300  0.0307  0.0286  0.0307  0.0274  0.0290
  0.0285  0.0283  0.0277  0.0290  0.0298  0.0290  0.0284  0.0286  0.0278  0.0289  0.0273  0.0275
  0.0274  0.0274  0.0272  0.0278  0.0280  0.0277  0.0274  0.0275  0.0273  0.0276  0.0271  0.0271
  0.0270  0.0270  0.0270  0.0270  0.0270  0.0271  0.0271  0.0271  0.0271  0.0271  0.0271  0.0271
  0.0274  0.0271  0.0272  0.0270  0.0274  0.0269  0.0276  0.0276  0.0272  0.0273  0.0271  0.0275
  0.0284  0.0277  0.0277  0.0278  0.0301  0.0282  0.0286  0.0288  0.0277  0.0283  0.0272  0.0282
  0.0301  0.0287  0.0286  0.0315  0.0341  0.0316  0.0301  0.0308  0.0285  0.0300  0.0276  0.0290
niter,ni,del,rscale     4    3    5.0000    1.2000
parameters
   -1.5289  -11.9169    5.5666  -12.0051  -23.5688  -10.9166
   -4.6593   -4.5875    8.1886   26.3339    6.2519  -32.4143
eta,q 0.97289 11.86862
  0.0301  0.0295  0.0286  0.0306  0.0320  0.0308  0.0301  0.0307  0.0285  0.0305  0.0275  0.0291
  0.0285  0.0282  0.0277  0.0290  0.0299  0.0290  0.0285  0.0286  0.0278  0.0287  0.0273  0.0276
  0.0274  0.0274  0.0272  0.0279  0.0282  0.0277  0.0275  0.0275  0.0273  0.0276  0.0272  0.0271
  0.0271  0.0271  0.0271  0.0271  0.0271  0.0271  0.0271  0.0271  0.0271  0.0271  0.0271  0.0271
  0.0274  0.0272  0.0272  0.0270  0.0273  0.0269  0.0275  0.0276  0.0273  0.0274  0.0271  0.0275
  0.0284  0.0278  0.0277  0.0278  0.0298  0.0282  0.0286  0.0288  0.0277  0.0283  0.0273  0.0282
  0.0301  0.0288  0.0286  0.0316  0.0337  0.0317  0.0300  0.0307  0.0285  0.0301  0.0276  0.0290
niter,ni,del,rscale     3    3    5.0000    1.2000
parameters
   -1.5262  -11.8100    5.5622  -11.9953  -23.8068  -10.9492
   -4.6485   -4.6040    8.1838   26.5267    6.0747  -32.6233
eta,q 0.97285 11.86069
  0.0301  0.0294  0.0286  0.0306  0.0321  0.0308  0.0301  0.0308  0.0285  0.0304  0.0275  0.0292
  0.0285  0.0281  0.0277  0.0291  0.0300  0.0290  0.0285  0.0286  0.0278  0.0287  0.0273  0.0277
  0.0275  0.0274  0.0273  0.0279  0.0283  0.0278  0.0275  0.0275  0.0273  0.0276  0.0272  0.0272
  0.0271  0.0271  0.0271  0.0271  0.0271  0.0272  0.0272  0.0272  0.0272  0.0272  0.0272  0.0272
  0.0274  0.0273  0.0273  0.0271  0.0272  0.0269  0.0276  0.0276  0.0273  0.0274  0.0272  0.0275
  0.0284  0.0279  0.0278  0.0279  0.0296  0.0282  0.0286  0.0288  0.0278  0.0284  0.0273  0.0282
  0.0301  0.0289  0.0286  0.0317  0.0335  0.0317  0.0300  0.0307  0.0285  0.0301  0.0276  0.0290
niter,ni,del,rscale     2    3    5.0000    1.2000
parameters
   -1.5259  -11.7454    5.5489  -11.9921  -23.9542  -10.9785
   -4.6309   -4.6092    8.1762   26.6533    5.9710  -32.7556
eta,q 0.97282 11.85553
  0.0301  0.0293  0.0286  0.0307  0.0321  0.0308  0.0301  0.0308  0.0285  0.0303  0.0275  0.0293
  0.0285  0.0281  0.0278  0.0291  0.0301  0.0290  0.0285  0.0286  0.0278  0.0286  0.0273  0.0278
  0.0275  0.0274  0.0273  0.0279  0.0283  0.0278  0.0275  0.0275  0.0273  0.0276  0.0272  0.0272
  0.0271  0.0272  0.0272  0.0272  0.0272  0.0272  0.0272  0.0272  0.0272  0.0272  0.0272  0.0272
  0.0275  0.0274  0.0273  0.0271  0.0272  0.0269  0.0276  0.0276  0.0273  0.0275  0.0272  0.0275
  0.0285  0.0280  0.0278  0.0279  0.0295  0.0283  0.0286  0.0288  0.0278  0.0284  0.0273  0.0282
  0.0301  0.0290  0.0286  0.0317  0.0334  0.0318  0.0300  0.0307  0.0285  0.0302  0.0276  0.0290
niter,ni,del,rscale     1    3    5.0000    1.2000
parameters
   -1.5264  -11.7043    5.5354  -11.9941  -24.0499  -11.0081
   -4.6149   -4.6191    8.1738   26.7329    5.9084  -32.8437
eta,q 0.97280 11.85155
  0.0301  0.0292  0.0287  0.0307  0.0321  0.0308  0.0301  0.0308  0.0285  0.0302  0.0275  0.0293
  0.0285  0.0281  0.0278  0.0291  0.0301  0.0290  0.0285  0.0286  0.0278  0.0286  0.0273  0.0278
  0.0275  0.0274  0.0273  0.0280  0.0284  0.0278  0.0275  0.0275  0.0274  0.0276  0.0272  0.0272
  0.0272  0.0272  0.0272  0.0272  0.0272  0.0272  0.0272  0.0272  0.0272  0.0272  0.0272  0.0272
  0.0275  0.0274  0.0273  0.0271  0.0272  0.0269  0.0276  0.0276  0.0274  0.0275  0.0272  0.0275
  0.0285  0.0280  0.0279  0.0279  0.0294  0.0283  0.0286  0.0288  0.0278  0.0284  0.0273  0.0282
  0.0301  0.0290  0.0287  0.0317  0.0333  0.0318  0.0300  0.0307  0.0285  0.0302  0.0276  0.0290
registration optimization eta report
parameter search radius
    2.4000    2.4000    2.7600    9.5220   10.9503    8.2800
    8.2800    7.2000    7.2000    8.2800    7.2000    9.5220
100000*second partial in parameter space
       51.       34.       19.        4.        5.        6.
        4.        7.        3.        4.        1.        2.
  0.0301  0.0292  0.0287  0.0307  0.0321  0.0308  0.0301  0.0308  0.0285  0.0302  0.0275  0.0293
  0.0285  0.0281  0.0278  0.0291  0.0301  0.0290  0.0285  0.0286  0.0278  0.0286  0.0273  0.0278
  0.0275  0.0274  0.0273  0.0280  0.0284  0.0278  0.0275  0.0275  0.0274  0.0276  0.0272  0.0272
  0.0272  0.0272  0.0272  0.0272  0.0272  0.0272  0.0272  0.0272  0.0272  0.0272  0.0272  0.0272
  0.0275  0.0274  0.0273  0.0271  0.0272  0.0269  0.0276  0.0276  0.0274  0.0275  0.0272  0.0275
  0.0285  0.0280  0.0279  0.0279  0.0294  0.0283  0.0286  0.0288  0.0278  0.0284  0.0273  0.0282
  0.0301  0.0290  0.0287  0.0317  0.0333  0.0318  0.0300  0.0307  0.0285  0.0302  0.0276  0.0290
   -1.5264  -11.7043    5.5354  -11.9941  -24.0499  -11.0081
   -4.6149   -4.6191    8.1738   26.7329    5.9084  -32.8437
eta,q 0.97280 11.85155

---------------------------------------------------------------------
imgreg_4dfp /opt/freesurfer/average/711-2C_as_mni_average_305 /opt/freesurfer/average/711-2B_as_mni_average_305_mask talsrcimg_g11 none talsrcimg_to_711-2C_as_mni_average_305_t4 2311
---------------------------------------------------------------------

freesurfer imgreg_4dfp.c
/opt/freesurfer/average/711-2C_as_mni_average_305.4dfp.img
       256       256       256         1
  1.000000  1.000000  1.000000
orientation T byte_order littleendian
Reading image: /opt/freesurfer/average/711-2C_as_mni_average_305.4dfp.img
dimensions:      256       256       256
mmppix:       1.0000   -1.0000   -1.0000
center:     128.0000 -129.0000 -129.0000
/opt/freesurfer/average/711-2B_as_mni_average_305_mask.4dfp.img
       256       256       256         1
  1.000000  1.000000  1.000000
orientation T byte_order littleendian
Reading mask: /opt/freesurfer/average/711-2B_as_mni_average_305_mask.4dfp.img (2306576 pixels)
talsrcimg_g11.4dfp.img
       256       256       256         1
  1.000000  1.000000  1.000000
orientation T byte_order littleendian
Reading image: talsrcimg_g11.4dfp.img
dimensions:      256       256       256
mmppix:       1.0000   -1.0000   -1.0000
center:     128.0000 -129.0000 -129.0000
fimgreg.f
image alignment mode   2311 decimal      907 hex
parameters
   -1.5264  -11.7043    5.5354  -11.9941  -24.0499  -11.0081
   -4.6149   -4.6191    8.1738   26.7329    5.9084  -32.8437
eta,q 0.97280 11.85155
niter,ni,del,rscale     5    3    5.0000    0.8000
parameters
   -1.5164  -11.7225    5.4770   -9.9285  -22.6556   -9.6752
   -4.4740   -4.3932    8.0869   27.1693    5.4668  -32.7037
eta,q 0.97334 12.09213
  0.0285  0.0281  0.0276  0.0285  0.0289  0.0285  0.0279  0.0288  0.0274  0.0281  0.0269  0.0274
  0.0278  0.0276  0.0274  0.0280  0.0281  0.0278  0.0272  0.0275  0.0270  0.0273  0.0267  0.0269
  0.0274  0.0273  0.0272  0.0275  0.0275  0.0273  0.0268  0.0268  0.0268  0.0269  0.0267  0.0267
  0.0272  0.0272  0.0272  0.0272  0.0271  0.0269  0.0267  0.0267  0.0267  0.0267  0.0267  0.0267
  0.0273  0.0273  0.0273  0.0271  0.0269  0.0266  0.0268  0.0268  0.0268  0.0267  0.0267  0.0267
  0.0278  0.0276  0.0274  0.0272  0.0271  0.0266  0.0271  0.0274  0.0270  0.0270  0.0268  0.0269
  0.0285  0.0281  0.0277  0.0273  0.0277  0.0275  0.0278  0.0283  0.0275  0.0276  0.0270  0.0272
niter,ni,del,rscale     4    3    5.0000    0.7000
parameters
   -1.5587  -11.9688    5.6353  -10.1026  -22.4494   -9.3948
   -4.3840   -4.4767    7.9172   26.9900    5.6376  -32.5163
eta,q 0.97344 12.10658
  0.0276  0.0272  0.0272  0.0273  0.0278  0.0278  0.0275  0.0279  0.0271  0.0274  0.0268  0.0271
  0.0271  0.0268  0.0269  0.0269  0.0272  0.0273  0.0270  0.0270  0.0268  0.0269  0.0266  0.0268
  0.0268  0.0267  0.0267  0.0267  0.0268  0.0269  0.0267  0.0266  0.0266  0.0266  0.0266  0.0266
  0.0267  0.0267  0.0266  0.0266  0.0266  0.0266  0.0266  0.0266  0.0266  0.0266  0.0266  0.0266
  0.0268  0.0268  0.0267  0.0267  0.0267  0.0264  0.0266  0.0267  0.0266  0.0267  0.0266  0.0266
  0.0271  0.0272  0.0268  0.0269  0.0270  0.0267  0.0269  0.0272  0.0269  0.0270  0.0266  0.0268
  0.0277  0.0277  0.0270  0.0275  0.0277  0.0278  0.0274  0.0280  0.0272  0.0276  0.0267  0.0270
niter,ni,del,rscale     3    3    5.0000    0.6000
parameters
   -1.5700  -12.0025    5.7273   -9.9629  -22.2974   -9.0007
   -4.3384   -4.4995    7.9012   27.0615    5.5527  -32.3216
eta,q 0.97353 12.13639
  0.0273  0.0271  0.0270  0.0271  0.0274  0.0275  0.0272  0.0275  0.0269  0.0272  0.0266  0.0269
  0.0269  0.0268  0.0267  0.0268  0.0270  0.0271  0.0268  0.0269  0.0267  0.0268  0.0265  0.0266
  0.0266  0.0266  0.0266  0.0266  0.0267  0.0268  0.0266  0.0265  0.0265  0.0266  0.0265  0.0265
  0.0266  0.0266  0.0266  0.0266  0.0266  0.0266  0.0265  0.0265  0.0265  0.0265  0.0265  0.0265
  0.0266  0.0266  0.0266  0.0266  0.0266  0.0264  0.0265  0.0266  0.0265  0.0265  0.0265  0.0265
  0.0269  0.0268  0.0267  0.0267  0.0268  0.0266  0.0268  0.0269  0.0267  0.0268  0.0266  0.0266
  0.0273  0.0272  0.0268  0.0271  0.0274  0.0274  0.0271  0.0275  0.0269  0.0272  0.0266  0.0268
niter,ni,del,rscale     2    3    5.0000    0.5000
parameters
   -1.5925  -12.0152    5.8259   -9.8816  -22.2044   -8.5697
   -4.3107   -4.5436    7.8699   27.1666    5.5273  -32.0632
eta,q 0.97360 12.16093
  0.0270  0.0269  0.0268  0.0268  0.0271  0.0272  0.0269  0.0271  0.0267  0.0270  0.0265  0.0267
  0.0267  0.0267  0.0266  0.0266  0.0268  0.0270  0.0266  0.0267  0.0265  0.0267  0.0264  0.0265
  0.0265  0.0265  0.0265  0.0265  0.0266  0.0267  0.0265  0.0264  0.0264  0.0265  0.0264  0.0264
  0.0265  0.0265  0.0265  0.0265  0.0265  0.0265  0.0264  0.0264  0.0264  0.0264  0.0264  0.0264
  0.0265  0.0265  0.0265  0.0265  0.0265  0.0264  0.0264  0.0265  0.0264  0.0264  0.0264  0.0264
  0.0267  0.0267  0.0266  0.0266  0.0267  0.0265  0.0266  0.0267  0.0265  0.0266  0.0265  0.0265
  0.0270  0.0269  0.0267  0.0268  0.0270  0.0271  0.0269  0.0271  0.0267  0.0269  0.0265  0.0266
niter,ni,del,rscale     1    3    5.0000    0.4000
parameters
   -1.6183  -12.0174    5.9261   -9.8586  -22.1215   -8.1539
   -4.2795   -4.5910    7.8673   27.2097    5.5434  -31.7893
eta,q 0.97367 12.17827
  0.0267  0.0267  0.0266  0.0266  0.0268  0.0270  0.0266  0.0268  0.0265  0.0267  0.0264  0.0265
  0.0265  0.0265  0.0265  0.0265  0.0266  0.0268  0.0265  0.0265  0.0264  0.0265  0.0264  0.0264
  0.0264  0.0264  0.0264  0.0264  0.0265  0.0266  0.0264  0.0264  0.0264  0.0264  0.0263  0.0264
  0.0264  0.0264  0.0264  0.0264  0.0264  0.0264  0.0263  0.0263  0.0263  0.0263  0.0263  0.0263
  0.0264  0.0264  0.0264  0.0264  0.0264  0.0263  0.0264  0.0264  0.0264  0.0264  0.0263  0.0263
  0.0266  0.0265  0.0264  0.0265  0.0265  0.0264  0.0265  0.0266  0.0264  0.0265  0.0264  0.0264
  0.0268  0.0267  0.0265  0.0266  0.0268  0.0268  0.0266  0.0268  0.0265  0.0267  0.0264  0.0265
registration optimization eta report
parameter search radius
    0.8000    0.8000    0.8000    2.4000    2.4000    2.4000
    2.4000    2.4000    2.4000    2.4000    2.4000    2.4000
100000*second partial in parameter space
       54.       43.       29.        4.        7.        9.
        5.        9.        4.        6.        2.        3.
  0.0267  0.0267  0.0266  0.0266  0.0268  0.0270  0.0266  0.0268  0.0265  0.0267  0.0264  0.0265
  0.0265  0.0265  0.0265  0.0265  0.0266  0.0268  0.0265  0.0265  0.0264  0.0265  0.0264  0.0264
  0.0264  0.0264  0.0264  0.0264  0.0265  0.0266  0.0264  0.0264  0.0264  0.0264  0.0263  0.0264
  0.0264  0.0264  0.0264  0.0264  0.0264  0.0264  0.0263  0.0263  0.0263  0.0263  0.0263  0.0263
  0.0264  0.0264  0.0264  0.0264  0.0264  0.0263  0.0264  0.0264  0.0264  0.0264  0.0263  0.0263
  0.0266  0.0265  0.0264  0.0265  0.0265  0.0264  0.0265  0.0266  0.0264  0.0265  0.0264  0.0264
  0.0268  0.0267  0.0265  0.0266  0.0268  0.0268  0.0266  0.0268  0.0265  0.0267  0.0264  0.0265
   -1.6183  -12.0174    5.9261   -9.8586  -22.1215   -8.1539
   -4.2795   -4.5910    7.8673   27.2097    5.5434  -31.7893
eta,q 0.97367 12.17827

---------------------------------------------------------------------
imgreg_4dfp /opt/freesurfer/average/711-2C_as_mni_average_305 /opt/freesurfer/average/711-2B_as_mni_average_305_mask talsrcimg_g11 none talsrcimg_to_711-2C_as_mni_average_305_t4 2311
---------------------------------------------------------------------

freesurfer imgreg_4dfp.c
/opt/freesurfer/average/711-2C_as_mni_average_305.4dfp.img
       256       256       256         1
  1.000000  1.000000  1.000000
orientation T byte_order littleendian
Reading image: /opt/freesurfer/average/711-2C_as_mni_average_305.4dfp.img
dimensions:      256       256       256
mmppix:       1.0000   -1.0000   -1.0000
center:     128.0000 -129.0000 -129.0000
/opt/freesurfer/average/711-2B_as_mni_average_305_mask.4dfp.img
       256       256       256         1
  1.000000  1.000000  1.000000
orientation T byte_order littleendian
Reading mask: /opt/freesurfer/average/711-2B_as_mni_average_305_mask.4dfp.img (2306576 pixels)
talsrcimg_g11.4dfp.img
       256       256       256         1
  1.000000  1.000000  1.000000
orientation T byte_order littleendian
Reading image: talsrcimg_g11.4dfp.img
dimensions:      256       256       256
mmppix:       1.0000   -1.0000   -1.0000
center:     128.0000 -129.0000 -129.0000
fimgreg.f
image alignment mode   2311 decimal      907 hex
parameters
   -1.6183  -12.0174    5.9261   -9.8586  -22.1215   -8.1539
   -4.2795   -4.5910    7.8673   27.2097    5.5434  -31.7893
eta,q 0.97367 12.17826
niter,ni,del,rscale     5    3    5.0000    0.8000
parameters
   -1.6397  -12.0120    6.0735  -10.3637  -22.4448   -8.9211
   -4.3582   -4.5172    7.7840   26.8071    5.7083  -32.0517
eta,q 0.97350 12.10467
  0.0277  0.0275  0.0273  0.0272  0.0276  0.0277  0.0276  0.0285  0.0272  0.0276  0.0268  0.0270
  0.0269  0.0268  0.0268  0.0267  0.0270  0.0272  0.0270  0.0272  0.0268  0.0270  0.0266  0.0267
  0.0265  0.0264  0.0265  0.0264  0.0265  0.0267  0.0266  0.0266  0.0266  0.0266  0.0265  0.0265
  0.0263  0.0263  0.0263  0.0263  0.0263  0.0263  0.0265  0.0265  0.0265  0.0265  0.0265  0.0265
  0.0265  0.0265  0.0264  0.0264  0.0265  0.0264  0.0266  0.0267  0.0266  0.0267  0.0265  0.0266
  0.0270  0.0268  0.0266  0.0268  0.0271  0.0276  0.0270  0.0273  0.0269  0.0272  0.0266  0.0268
  0.0278  0.0274  0.0270  0.0281  0.0282  0.0299  0.0277  0.0282  0.0273  0.0281  0.0267  0.0271
niter,ni,del,rscale     4    3    5.0000    0.7000
parameters
   -1.5854  -11.9467    5.9206  -10.0507  -22.3856   -9.0583
   -4.3605   -4.4826    7.8827   26.9143    5.5742  -32.2743
eta,q 0.97351 12.11961
  0.0276  0.0274  0.0269  0.0273  0.0276  0.0276  0.0274  0.0280  0.0271  0.0275  0.0267  0.0269
  0.0270  0.0269  0.0266  0.0269  0.0271  0.0272  0.0269  0.0270  0.0268  0.0270  0.0266  0.0266
  0.0266  0.0266  0.0265  0.0266  0.0267  0.0268  0.0266  0.0266  0.0266  0.0266  0.0265  0.0265
  0.0265  0.0265  0.0265  0.0265  0.0265  0.0265  0.0265  0.0265  0.0265  0.0265  0.0265  0.0265
  0.0266  0.0266  0.0266  0.0265  0.0265  0.0263  0.0266  0.0267  0.0266  0.0266  0.0265  0.0266
  0.0269  0.0268  0.0268  0.0267  0.0269  0.0269  0.0269  0.0271  0.0267  0.0269  0.0266  0.0267
  0.0275  0.0272  0.0271  0.0272  0.0276  0.0283  0.0274  0.0278  0.0271  0.0275  0.0267  0.0270
niter,ni,del,rscale     3    3    5.0000    0.6000
parameters
   -1.5886  -11.9768    5.8414   -9.9547  -22.3079   -8.8829
   -4.3309   -4.5137    7.8708   27.0508    5.5352  -32.2469
eta,q 0.97355 12.13885
  0.0273  0.0271  0.0268  0.0270  0.0273  0.0274  0.0271  0.0275  0.0269  0.0272  0.0266  0.0268
  0.0268  0.0267  0.0266  0.0267  0.0269  0.0271  0.0268  0.0268  0.0267  0.0268  0.0265  0.0266
  0.0266  0.0265  0.0265  0.0266  0.0266  0.0268  0.0265  0.0265  0.0265  0.0266  0.0265  0.0265
  0.0265  0.0265  0.0265  0.0265  0.0265  0.0265  0.0265  0.0265  0.0265  0.0264  0.0264  0.0264
  0.0266  0.0266  0.0266  0.0265  0.0265  0.0264  0.0265  0.0266  0.0265  0.0265  0.0265  0.0265
  0.0268  0.0268  0.0267  0.0267  0.0268  0.0266  0.0267  0.0269  0.0266  0.0267  0.0265  0.0266
  0.0273  0.0271  0.0269  0.0270  0.0273  0.0275  0.0271  0.0275  0.0269  0.0271  0.0266  0.0268
niter,ni,del,rscale     2    3    5.0000    0.5000
parameters
   -1.6001  -11.9967    5.8702   -9.8856  -22.2163   -8.5276
   -4.3025   -4.5487    7.8586   27.1605    5.4980  -32.0671
eta,q 0.97362 12.16090
  0.0270  0.0269  0.0267  0.0268  0.0270  0.0272  0.0269  0.0271  0.0267  0.0270  0.0265  0.0267
  0.0267  0.0266  0.0266  0.0266  0.0268  0.0269  0.0266  0.0267  0.0265  0.0267  0.0264  0.0265
  0.0265  0.0265  0.0265  0.0265  0.0265  0.0267  0.0264  0.0264  0.0264  0.0265  0.0264  0.0264
  0.0265  0.0264  0.0265  0.0264  0.0264  0.0264  0.0264  0.0264  0.0264  0.0264  0.0264  0.0264
  0.0265  0.0265  0.0265  0.0265  0.0265  0.0263  0.0264  0.0265  0.0264  0.0264  0.0264  0.0264
  0.0267  0.0266  0.0266  0.0266  0.0267  0.0265  0.0266  0.0267  0.0265  0.0266  0.0265  0.0265
  0.0270  0.0269  0.0267  0.0268  0.0270  0.0271  0.0268  0.0271  0.0267  0.0269  0.0265  0.0266
niter,ni,del,rscale     1    3    5.0000    0.4000
parameters
   -1.6191  -12.0069    5.9490   -9.8639  -22.1428   -8.1488
   -4.2855   -4.5901    7.8608   27.2124    5.5460  -31.7968
eta,q 0.97367 12.17706
  0.0267  0.0267  0.0266  0.0266  0.0268  0.0270  0.0266  0.0268  0.0265  0.0267  0.0264  0.0265
  0.0265  0.0265  0.0265  0.0265  0.0266  0.0268  0.0265  0.0265  0.0264  0.0265  0.0264  0.0264
  0.0264  0.0264  0.0264  0.0264  0.0264  0.0266  0.0264  0.0264  0.0264  0.0264  0.0263  0.0264
  0.0264  0.0264  0.0264  0.0264  0.0264  0.0264  0.0263  0.0263  0.0263  0.0263  0.0263  0.0263
  0.0264  0.0264  0.0264  0.0264  0.0264  0.0263  0.0264  0.0264  0.0263  0.0264  0.0263  0.0263
  0.0266  0.0265  0.0264  0.0265  0.0265  0.0264  0.0265  0.0266  0.0264  0.0265  0.0264  0.0264
  0.0267  0.0267  0.0265  0.0266  0.0267  0.0268  0.0266  0.0268  0.0265  0.0267  0.0264  0.0265
registration optimization eta report
parameter search radius
    0.8000    0.8000    0.8000    2.4000    2.4000    2.4000
    2.4000    2.4000    2.4000    2.4000    2.4000    2.4000
100000*second partial in parameter space
       55.       43.       29.        4.        7.        9.
        5.        9.        4.        6.        2.        3.
  0.0267  0.0267  0.0266  0.0266  0.0268  0.0270  0.0266  0.0268  0.0265  0.0267  0.0264  0.0265
  0.0265  0.0265  0.0265  0.0265  0.0266  0.0268  0.0265  0.0265  0.0264  0.0265  0.0264  0.0264
  0.0264  0.0264  0.0264  0.0264  0.0264  0.0266  0.0264  0.0264  0.0264  0.0264  0.0263  0.0264
  0.0264  0.0264  0.0264  0.0264  0.0264  0.0264  0.0263  0.0263  0.0263  0.0263  0.0263  0.0263
  0.0264  0.0264  0.0264  0.0264  0.0264  0.0263  0.0264  0.0264  0.0263  0.0264  0.0263  0.0263
  0.0266  0.0265  0.0264  0.0265  0.0265  0.0264  0.0265  0.0266  0.0264  0.0265  0.0264  0.0264
  0.0267  0.0267  0.0265  0.0266  0.0267  0.0268  0.0266  0.0268  0.0265  0.0267  0.0264  0.0265
   -1.6191  -12.0069    5.9490   -9.8639  -22.1428   -8.1488
   -4.2855   -4.5901    7.8608   27.2124    5.5460  -31.7968
eta,q 0.97367 12.17706

---------------------------------------------------------------------
compute_vox2vox talsrcimg talsrcimg_to_711-2C_as_mni_average_305_t4 /opt/freesurfer/average/711-2C_as_mni_average_305
---------------------------------------------------------------------

freesurfer compute_vox2vox.c
Reading: talsrcimg.4dfp.ifh
Reading: talsrcimg_to_711-2C_as_mni_average_305_t4
Reading: /opt/freesurfer/average/711-2C_as_mni_average_305.4dfp.ifh
Writing: talsrcimg_to_711-2C_as_mni_average_305_t4_vox2vox.txt

start time Thu Mar 12 00:52:57 CET 2026
end		time Thu Mar 12 00:53:11 CET 2026

mpr2mni305 success

avi2talxfm orig_nu.mgz /opt/freesurfer/average/mni305.cor.mgz talsrcimg_to_711-2C_as_mni_average_305_t4_vox2vox.txt transforms/talairach.auto.xfm
avi2talxfm done
mv -f /out/sourcedata/freesurfer/sub-v1s10x0050975_ses-1/mri/talsrcimg_to_711-2C_as_mni_average_305_t4_vox2vox.txt /out/sourcedata/freesurfer/sub-v1s10x0050975_ses-1/mri/transforms/talsrcimg_to_711-2C_as_mni_average_305_t4_vox2vox.txt
lta_convert --src orig_nu.mgz --trg /opt/freesurfer/average/mni305.cor.mgz --inxfm transforms/talairach.auto.xfm --outlta transforms/talairach.auto.xfm.lta --subject fsaverage
7.3.2

--src: orig_nu.mgz src image (geometry).
--trg: /opt/freesurfer/average/mni305.cor.mgz trg image (geometry).
--inmni: transforms/talairach.auto.xfm input MNI/XFM transform.
--outlta: transforms/talairach.auto.xfm.lta output LTA.
--s: fsaverage subject name
 LTA read, type : 1
 1.10094   0.03306   0.07410  -1.92934;
-0.09363   0.96839   0.39034  -1.35824;
-0.07843  -0.34181   1.14049   21.88519;
 0.00000   0.00000   0.00000   1.00000;
setting subject to fsaverage
Writing  LTA to file transforms/talairach.auto.xfm.lta...
lta_convert successful.
 
 
Started at Thu Mar 12 00:52:56 CET 2026
Ended   at Thu Mar 12 00:53:11 CET 2026
talairach_avi done
