status file for recon-all
Thu Mar 12 02:29:54 CET 2026
#@# MotionCor Thu Mar 12 02:29:56 CET 2026
#@# Talairach Thu Mar 12 02:30:05 CET 2026
#@# Talairach Failure Detection Thu Mar 12 02:34:36 CET 2026
#@# Nu Intensity Correction Thu Mar 12 02:34:36 CET 2026
#@# Intensity Normalization Thu Mar 12 02:37:52 CET 2026
recon-all -s sub-v1s10x0051017_ses-1 finished without error at Thu Mar 12 02:39:20 CET 2026



#New# invocation of recon-all 



status file for recon-all
Thu Mar 12 02:46:04 CET 2026
#@# EM Registration Thu Mar 12 02:46:04 CET 2026
recon-all -s sub-v1s10x0051017_ses-1 finished without error at Thu Mar 12 02:47:41 CET 2026



#New# invocation of recon-all 



status file for recon-all
Thu Mar 12 02:47:43 CET 2026
#@# CA Normalize Thu Mar 12 02:47:43 CET 2026
#@# CA Reg Thu Mar 12 02:49:02 CET 2026
#@# SubCort Seg Thu Mar 12 03:31:44 CET 2026
#@# CC Seg Thu Mar 12 04:02:36 CET 2026
#@# Merge ASeg Thu Mar 12 04:03:16 CET 2026
#@# Intensity Normalization2 Thu Mar 12 04:03:17 CET 2026
#@# Mask BFS Thu Mar 12 04:05:26 CET 2026
#@# WM Segmentation Thu Mar 12 04:05:27 CET 2026
#@# Fill Thu Mar 12 04:07:30 CET 2026
recon-all -s sub-v1s10x0051017_ses-1 finished without error at Thu Mar 12 04:08:35 CET 2026



#New# invocation of recon-all 



status file for recon-all
Thu Mar 12 05:08:17 CET 2026
#@# white curv lh Thu Mar 12 05:08:17 CET 2026
#@# white area lh Thu Mar 12 05:08:17 CET 2026
#@# pial curv lh Thu Mar 12 05:08:17 CET 2026
#@# pial area lh Thu Mar 12 05:08:17 CET 2026
#@# thickness lh Thu Mar 12 05:08:17 CET 2026
#@# area and vertex vol lh Thu Mar 12 05:08:17 CET 2026
#@# white curv rh Thu Mar 12 05:08:18 CET 2026
#@# white area rh Thu Mar 12 05:08:18 CET 2026
#@# pial curv rh Thu Mar 12 05:08:18 CET 2026
#@# pial area rh Thu Mar 12 05:08:18 CET 2026
#@# thickness rh Thu Mar 12 05:08:18 CET 2026
#@# area and vertex vol rh Thu Mar 12 05:08:18 CET 2026
#@# Cortical ribbon mask Thu Mar 12 05:08:18 CET 2026
recon-all -s sub-v1s10x0051017_ses-1 finished without error at Thu Mar 12 05:14:46 CET 2026



#New# invocation of recon-all 



status file for recon-all
Thu Mar 12 05:22:34 CET 2026
#@# white curv lh Thu Mar 12 05:22:34 CET 2026
#@# white area lh Thu Mar 12 05:22:34 CET 2026
#@# pial curv lh Thu Mar 12 05:22:34 CET 2026
#@# pial area lh Thu Mar 12 05:22:34 CET 2026
#@# thickness lh Thu Mar 12 05:22:34 CET 2026
#@# area and vertex vol lh Thu Mar 12 05:22:34 CET 2026
#@# white curv rh Thu Mar 12 05:22:34 CET 2026
#@# white area rh Thu Mar 12 05:22:34 CET 2026
#@# pial curv rh Thu Mar 12 05:22:34 CET 2026
#@# pial area rh Thu Mar 12 05:22:34 CET 2026
#@# thickness rh Thu Mar 12 05:22:34 CET 2026
#@# area and vertex vol rh Thu Mar 12 05:22:34 CET 2026
#@# Curvature Stats lh Thu Mar 12 05:22:34 CET 2026
#@# Curvature Stats rh Thu Mar 12 05:22:37 CET 2026
#@# Relabel Hypointensities Thu Mar 12 05:22:40 CET 2026
#@# APas-to-ASeg Thu Mar 12 05:22:57 CET 2026
#@# AParc-to-ASeg aparc Thu Mar 12 05:23:06 CET 2026
#@# AParc-to-ASeg aparc.a2009s Thu Mar 12 05:23:57 CET 2026
#@# AParc-to-ASeg aparc.DKTatlas Thu Mar 12 05:24:48 CET 2026
#@# WMParc Thu Mar 12 05:25:38 CET 2026
#@# ASeg Stats Thu Mar 12 05:29:46 CET 2026
recon-all -s sub-v1s10x0051017_ses-1 finished without error at Thu Mar 12 05:30:20 CET 2026
