status file for recon-all
Thu Mar 12 04:39:45 CET 2026
#@# Tessellate rh Thu Mar 12 04:39:45 CET 2026
#@# Smooth1 rh Thu Mar 12 04:39:49 CET 2026
#@# Inflation1 rh Thu Mar 12 04:39:52 CET 2026
#@# QSphere rh Thu Mar 12 04:40:06 CET 2026
#@# Fix Topology rh Thu Mar 12 04:41:24 CET 2026
#@# Smooth2 rh Thu Mar 12 04:49:17 CET 2026
#@# Inflation2 rh Thu Mar 12 04:49:20 CET 2026
#@# Curv .H and .K rh Thu Mar 12 04:49:34 CET 2026
#@# Sphere rh Thu Mar 12 04:50:31 CET 2026
#@# Surf Reg rh Thu Mar 12 04:54:34 CET 2026
#@# Jacobian white rh Thu Mar 12 05:00:07 CET 2026
#@# AvgCurv rh Thu Mar 12 05:00:08 CET 2026
#@# Cortical Parc rh Thu Mar 12 05:00:09 CET 2026
#@# white curv rh Thu Mar 12 05:06:51 CET 2026
#@# white area rh Thu Mar 12 05:06:53 CET 2026
#@# pial curv rh Thu Mar 12 05:06:54 CET 2026
#@# pial area rh Thu Mar 12 05:06:56 CET 2026
#@# thickness rh Thu Mar 12 05:06:57 CET 2026
#@# area and vertex vol rh Thu Mar 12 05:07:34 CET 2026
#@# Curvature Stats rh Thu Mar 12 05:07:36 CET 2026
#@# Cortical Parc 2 rh Thu Mar 12 05:07:39 CET 2026
#@# Cortical Parc 3 rh Thu Mar 12 05:07:55 CET 2026
#@# WM/GM Contrast rh Thu Mar 12 05:08:08 CET 2026
recon-all -s sub-v1s10x0051017_ses-1 finished without error at Thu Mar 12 05:08:12 CET 2026



#New# invocation of recon-all 



status file for recon-all
Thu Mar 12 05:18:39 CET 2026
#@# white curv rh Thu Mar 12 05:18:40 CET 2026
#@# white area rh Thu Mar 12 05:18:40 CET 2026
#@# pial curv rh Thu Mar 12 05:18:40 CET 2026
#@# pial area rh Thu Mar 12 05:18:40 CET 2026
#@# thickness rh Thu Mar 12 05:18:40 CET 2026
#@# area and vertex vol rh Thu Mar 12 05:18:40 CET 2026
#@# Parcellation Stats rh Thu Mar 12 05:18:40 CET 2026
#@# Parcellation Stats 2 rh Thu Mar 12 05:19:04 CET 2026
#@# Parcellation Stats 3 rh Thu Mar 12 05:19:16 CET 2026
#@# BA_exvivo Labels rh Thu Mar 12 05:19:28 CET 2026
recon-all -s sub-v1s10x0051017_ses-1 finished without error at Thu Mar 12 05:22:29 CET 2026
