status file for recon-all
Thu Mar 12 04:08:39 CET 2026
#@# Tessellate lh Thu Mar 12 04:08:39 CET 2026
#@# Smooth1 lh Thu Mar 12 04:08:44 CET 2026
#@# Inflation1 lh Thu Mar 12 04:08:47 CET 2026
#@# QSphere lh Thu Mar 12 04:09:01 CET 2026
#@# Fix Topology lh Thu Mar 12 04:10:19 CET 2026
#@# Smooth2 lh Thu Mar 12 04:21:37 CET 2026
#@# Inflation2 lh Thu Mar 12 04:21:41 CET 2026
#@# Curv .H and .K lh Thu Mar 12 04:21:57 CET 2026
#@# Sphere lh Thu Mar 12 04:22:53 CET 2026
#@# Surf Reg lh Thu Mar 12 04:26:48 CET 2026
#@# Jacobian white lh Thu Mar 12 04:31:26 CET 2026
#@# AvgCurv lh Thu Mar 12 04:31:27 CET 2026
#@# Cortical Parc lh Thu Mar 12 04:31:28 CET 2026
#@# white curv lh Thu Mar 12 04:38:25 CET 2026
#@# white area lh Thu Mar 12 04:38:28 CET 2026
#@# pial curv lh Thu Mar 12 04:38:28 CET 2026
#@# pial area lh Thu Mar 12 04:38:30 CET 2026
#@# thickness lh Thu Mar 12 04:38:31 CET 2026
#@# area and vertex vol lh Thu Mar 12 04:39:08 CET 2026
#@# Curvature Stats lh Thu Mar 12 04:39:10 CET 2026
#@# Cortical Parc 2 lh Thu Mar 12 04:39:12 CET 2026
#@# Cortical Parc 3 lh Thu Mar 12 04:39:28 CET 2026
#@# WM/GM Contrast lh Thu Mar 12 04:39:40 CET 2026
recon-all -s sub-v1s10x0051017_ses-1 finished without error at Thu Mar 12 04:39:44 CET 2026



#New# invocation of recon-all 



status file for recon-all
Thu Mar 12 05:14:49 CET 2026
#@# white curv lh Thu Mar 12 05:14:50 CET 2026
#@# white area lh Thu Mar 12 05:14:50 CET 2026
#@# pial curv lh Thu Mar 12 05:14:50 CET 2026
#@# pial area lh Thu Mar 12 05:14:50 CET 2026
#@# thickness lh Thu Mar 12 05:14:50 CET 2026
#@# area and vertex vol lh Thu Mar 12 05:14:50 CET 2026
#@# Parcellation Stats lh Thu Mar 12 05:14:50 CET 2026
#@# Parcellation Stats 2 lh Thu Mar 12 05:15:13 CET 2026
#@# Parcellation Stats 3 lh Thu Mar 12 05:15:25 CET 2026
#@# BA_exvivo Labels lh Thu Mar 12 05:15:37 CET 2026
recon-all -s sub-v1s10x0051017_ses-1 finished without error at Thu Mar 12 05:18:38 CET 2026
