status file for recon-all
Thu Mar 12 09:18:53 CET 2026
#@# Tessellate rh Thu Mar 12 09:18:53 CET 2026
#@# Smooth1 rh Thu Mar 12 09:18:56 CET 2026
#@# Inflation1 rh Thu Mar 12 09:18:58 CET 2026
#@# QSphere rh Thu Mar 12 09:19:12 CET 2026
#@# Fix Topology rh Thu Mar 12 09:20:16 CET 2026
#@# Smooth2 rh Thu Mar 12 09:26:42 CET 2026
#@# Inflation2 rh Thu Mar 12 09:26:44 CET 2026
#@# Curv .H and .K rh Thu Mar 12 09:26:57 CET 2026
#@# Sphere rh Thu Mar 12 09:27:34 CET 2026
#@# Surf Reg rh Thu Mar 12 09:31:06 CET 2026
#@# Jacobian white rh Thu Mar 12 09:35:25 CET 2026
#@# AvgCurv rh Thu Mar 12 09:35:25 CET 2026
#@# Cortical Parc rh Thu Mar 12 09:35:26 CET 2026
#@# white curv rh Thu Mar 12 09:40:52 CET 2026
#@# white area rh Thu Mar 12 09:40:53 CET 2026
#@# pial curv rh Thu Mar 12 09:40:54 CET 2026
#@# pial area rh Thu Mar 12 09:40:55 CET 2026
#@# thickness rh Thu Mar 12 09:40:56 CET 2026
#@# area and vertex vol rh Thu Mar 12 09:41:14 CET 2026
#@# Curvature Stats rh Thu Mar 12 09:41:16 CET 2026
#@# Cortical Parc 2 rh Thu Mar 12 09:41:17 CET 2026
#@# Cortical Parc 3 rh Thu Mar 12 09:41:28 CET 2026
#@# WM/GM Contrast rh Thu Mar 12 09:41:36 CET 2026
recon-all -s sub-v1s10x0051101_ses-1 finished without error at Thu Mar 12 09:41:38 CET 2026



#New# invocation of recon-all 



status file for recon-all
Thu Mar 12 09:47:23 CET 2026
#@# white curv rh Thu Mar 12 09:47:23 CET 2026
#@# white area rh Thu Mar 12 09:47:23 CET 2026
#@# pial curv rh Thu Mar 12 09:47:23 CET 2026
#@# pial area rh Thu Mar 12 09:47:23 CET 2026
#@# thickness rh Thu Mar 12 09:47:23 CET 2026
#@# area and vertex vol rh Thu Mar 12 09:47:23 CET 2026
#@# Parcellation Stats rh Thu Mar 12 09:47:23 CET 2026
#@# Parcellation Stats 2 rh Thu Mar 12 09:47:38 CET 2026
#@# Parcellation Stats 3 rh Thu Mar 12 09:47:46 CET 2026
#@# BA_exvivo Labels rh Thu Mar 12 09:47:54 CET 2026
recon-all -s sub-v1s10x0051101_ses-1 finished without error at Thu Mar 12 09:49:58 CET 2026
