status file for recon-all
Thu Mar 12 00:26:42 CET 2026
#@# MotionCor Thu Mar 12 00:26:43 CET 2026
#@# Talairach Thu Mar 12 00:26:52 CET 2026
#@# Talairach Failure Detection Thu Mar 12 00:31:17 CET 2026
#@# Nu Intensity Correction Thu Mar 12 00:31:17 CET 2026
#@# Intensity Normalization Thu Mar 12 00:34:32 CET 2026
recon-all -s sub-v1s10x0050970_ses-1 finished without error at Thu Mar 12 00:35:56 CET 2026



#New# invocation of recon-all 



status file for recon-all
Thu Mar 12 00:43:02 CET 2026
#@# EM Registration Thu Mar 12 00:43:02 CET 2026
recon-all -s sub-v1s10x0050970_ses-1 finished without error at Thu Mar 12 00:45:17 CET 2026



#New# invocation of recon-all 



status file for recon-all
Thu Mar 12 00:45:18 CET 2026
#@# CA Normalize Thu Mar 12 00:45:18 CET 2026
#@# CA Reg Thu Mar 12 00:46:37 CET 2026
#@# SubCort Seg Thu Mar 12 01:31:12 CET 2026
#@# CC Seg Thu Mar 12 02:00:14 CET 2026
#@# Merge ASeg Thu Mar 12 02:01:03 CET 2026
#@# Intensity Normalization2 Thu Mar 12 02:01:03 CET 2026
#@# Mask BFS Thu Mar 12 02:03:11 CET 2026
#@# WM Segmentation Thu Mar 12 02:03:12 CET 2026
#@# Fill Thu Mar 12 02:05:09 CET 2026
recon-all -s sub-v1s10x0050970_ses-1 finished without error at Thu Mar 12 02:06:10 CET 2026



#New# invocation of recon-all 



status file for recon-all
Thu Mar 12 03:09:13 CET 2026
#@# white curv lh Thu Mar 12 03:09:13 CET 2026
#@# white area lh Thu Mar 12 03:09:13 CET 2026
#@# pial curv lh Thu Mar 12 03:09:13 CET 2026
#@# pial area lh Thu Mar 12 03:09:13 CET 2026
#@# thickness lh Thu Mar 12 03:09:13 CET 2026
#@# area and vertex vol lh Thu Mar 12 03:09:13 CET 2026
#@# white curv rh Thu Mar 12 03:09:13 CET 2026
#@# white area rh Thu Mar 12 03:09:13 CET 2026
#@# pial curv rh Thu Mar 12 03:09:13 CET 2026
#@# pial area rh Thu Mar 12 03:09:13 CET 2026
#@# thickness rh Thu Mar 12 03:09:13 CET 2026
#@# area and vertex vol rh Thu Mar 12 03:09:13 CET 2026
#@# Cortical ribbon mask Thu Mar 12 03:09:13 CET 2026
recon-all -s sub-v1s10x0050970_ses-1 finished without error at Thu Mar 12 03:17:22 CET 2026



#New# invocation of recon-all 



status file for recon-all
Thu Mar 12 03:24:13 CET 2026
#@# white curv lh Thu Mar 12 03:24:13 CET 2026
#@# white area lh Thu Mar 12 03:24:13 CET 2026
#@# pial curv lh Thu Mar 12 03:24:13 CET 2026
#@# pial area lh Thu Mar 12 03:24:13 CET 2026
#@# thickness lh Thu Mar 12 03:24:13 CET 2026
#@# area and vertex vol lh Thu Mar 12 03:24:13 CET 2026
#@# white curv rh Thu Mar 12 03:24:13 CET 2026
#@# white area rh Thu Mar 12 03:24:13 CET 2026
#@# pial curv rh Thu Mar 12 03:24:13 CET 2026
#@# pial area rh Thu Mar 12 03:24:13 CET 2026
#@# thickness rh Thu Mar 12 03:24:13 CET 2026
#@# area and vertex vol rh Thu Mar 12 03:24:13 CET 2026
#@# Curvature Stats lh Thu Mar 12 03:24:13 CET 2026
#@# Curvature Stats rh Thu Mar 12 03:24:16 CET 2026
#@# Relabel Hypointensities Thu Mar 12 03:24:18 CET 2026
#@# APas-to-ASeg Thu Mar 12 03:24:35 CET 2026
#@# AParc-to-ASeg aparc Thu Mar 12 03:24:43 CET 2026
#@# AParc-to-ASeg aparc.a2009s Thu Mar 12 03:25:36 CET 2026
#@# AParc-to-ASeg aparc.DKTatlas Thu Mar 12 03:26:33 CET 2026
#@# WMParc Thu Mar 12 03:27:30 CET 2026
#@# ASeg Stats Thu Mar 12 03:31:06 CET 2026
recon-all -s sub-v1s10x0050970_ses-1 finished without error at Thu Mar 12 03:31:46 CET 2026
