status file for recon-all
Wed Mar 11 22:34:02 CET 2026
#@# MotionCor Wed Mar 11 22:34:03 CET 2026
#@# Talairach Wed Mar 11 22:34:13 CET 2026
#@# Talairach Failure Detection Wed Mar 11 22:38:38 CET 2026
#@# Nu Intensity Correction Wed Mar 11 22:38:38 CET 2026
#@# Intensity Normalization Wed Mar 11 22:41:54 CET 2026
recon-all -s sub-v1s10x0050953_ses-1 finished without error at Wed Mar 11 22:43:20 CET 2026



#New# invocation of recon-all 



status file for recon-all
Wed Mar 11 22:50:50 CET 2026
#@# EM Registration Wed Mar 11 22:50:50 CET 2026
recon-all -s sub-v1s10x0050953_ses-1 finished without error at Wed Mar 11 22:52:56 CET 2026



#New# invocation of recon-all 



status file for recon-all
Wed Mar 11 22:52:58 CET 2026
#@# CA Normalize Wed Mar 11 22:52:58 CET 2026
#@# CA Reg Wed Mar 11 22:54:19 CET 2026
#@# SubCort Seg Wed Mar 11 23:48:34 CET 2026
#@# CC Seg Thu Mar 12 00:17:15 CET 2026
#@# Merge ASeg Thu Mar 12 00:18:32 CET 2026
#@# Intensity Normalization2 Thu Mar 12 00:18:32 CET 2026
#@# Mask BFS Thu Mar 12 00:20:43 CET 2026
#@# WM Segmentation Thu Mar 12 00:20:44 CET 2026
#@# Fill Thu Mar 12 00:22:39 CET 2026
recon-all -s sub-v1s10x0050953_ses-1 finished without error at Thu Mar 12 00:23:42 CET 2026



#New# invocation of recon-all 



status file for recon-all
Thu Mar 12 01:22:36 CET 2026
#@# white curv lh Thu Mar 12 01:22:36 CET 2026
#@# white area lh Thu Mar 12 01:22:36 CET 2026
#@# pial curv lh Thu Mar 12 01:22:37 CET 2026
#@# pial area lh Thu Mar 12 01:22:37 CET 2026
#@# thickness lh Thu Mar 12 01:22:37 CET 2026
#@# area and vertex vol lh Thu Mar 12 01:22:37 CET 2026
#@# white curv rh Thu Mar 12 01:22:37 CET 2026
#@# white area rh Thu Mar 12 01:22:37 CET 2026
#@# pial curv rh Thu Mar 12 01:22:37 CET 2026
#@# pial area rh Thu Mar 12 01:22:37 CET 2026
#@# thickness rh Thu Mar 12 01:22:37 CET 2026
#@# area and vertex vol rh Thu Mar 12 01:22:37 CET 2026
#@# Cortical ribbon mask Thu Mar 12 01:22:37 CET 2026
recon-all -s sub-v1s10x0050953_ses-1 finished without error at Thu Mar 12 01:28:05 CET 2026



#New# invocation of recon-all 



status file for recon-all
Thu Mar 12 01:35:14 CET 2026
#@# white curv lh Thu Mar 12 01:35:14 CET 2026
#@# white area lh Thu Mar 12 01:35:14 CET 2026
#@# pial curv lh Thu Mar 12 01:35:14 CET 2026
#@# pial area lh Thu Mar 12 01:35:14 CET 2026
#@# thickness lh Thu Mar 12 01:35:14 CET 2026
#@# area and vertex vol lh Thu Mar 12 01:35:14 CET 2026
#@# white curv rh Thu Mar 12 01:35:14 CET 2026
#@# white area rh Thu Mar 12 01:35:14 CET 2026
#@# pial curv rh Thu Mar 12 01:35:14 CET 2026
#@# pial area rh Thu Mar 12 01:35:14 CET 2026
#@# thickness rh Thu Mar 12 01:35:14 CET 2026
#@# area and vertex vol rh Thu Mar 12 01:35:14 CET 2026
#@# Curvature Stats lh Thu Mar 12 01:35:14 CET 2026
#@# Curvature Stats rh Thu Mar 12 01:35:17 CET 2026
#@# Relabel Hypointensities Thu Mar 12 01:35:19 CET 2026
#@# APas-to-ASeg Thu Mar 12 01:35:36 CET 2026
#@# AParc-to-ASeg aparc Thu Mar 12 01:35:45 CET 2026
#@# AParc-to-ASeg aparc.a2009s Thu Mar 12 01:36:33 CET 2026
#@# AParc-to-ASeg aparc.DKTatlas Thu Mar 12 01:37:21 CET 2026
#@# WMParc Thu Mar 12 01:38:05 CET 2026
#@# ASeg Stats Thu Mar 12 01:42:18 CET 2026
recon-all -s sub-v1s10x0050953_ses-1 finished without error at Thu Mar 12 01:42:59 CET 2026
