status file for recon-all
Thu Mar 12 00:57:33 CET 2026
#@# Tessellate rh Thu Mar 12 00:57:33 CET 2026
#@# Smooth1 rh Thu Mar 12 00:57:37 CET 2026
#@# Inflation1 rh Thu Mar 12 00:57:40 CET 2026
#@# QSphere rh Thu Mar 12 00:57:54 CET 2026
#@# Fix Topology rh Thu Mar 12 00:59:13 CET 2026
#@# Smooth2 rh Thu Mar 12 01:07:47 CET 2026
#@# Inflation2 rh Thu Mar 12 01:07:50 CET 2026
#@# Curv .H and .K rh Thu Mar 12 01:08:06 CET 2026
#@# Sphere rh Thu Mar 12 01:08:53 CET 2026
#@# Surf Reg rh Thu Mar 12 01:11:17 CET 2026
#@# Jacobian white rh Thu Mar 12 01:15:20 CET 2026
#@# AvgCurv rh Thu Mar 12 01:15:21 CET 2026
#@# Cortical Parc rh Thu Mar 12 01:15:22 CET 2026
#@# white curv rh Thu Mar 12 01:21:19 CET 2026
#@# white area rh Thu Mar 12 01:21:21 CET 2026
#@# pial curv rh Thu Mar 12 01:21:22 CET 2026
#@# pial area rh Thu Mar 12 01:21:24 CET 2026
#@# thickness rh Thu Mar 12 01:21:25 CET 2026
#@# area and vertex vol rh Thu Mar 12 01:21:56 CET 2026
#@# Curvature Stats rh Thu Mar 12 01:21:58 CET 2026
#@# Cortical Parc 2 rh Thu Mar 12 01:22:00 CET 2026
#@# Cortical Parc 3 rh Thu Mar 12 01:22:15 CET 2026
#@# WM/GM Contrast rh Thu Mar 12 01:22:26 CET 2026
recon-all -s sub-v1s10x0050953_ses-1 finished without error at Thu Mar 12 01:22:30 CET 2026



#New# invocation of recon-all 



status file for recon-all
Thu Mar 12 01:31:39 CET 2026
#@# white curv rh Thu Mar 12 01:31:39 CET 2026
#@# white area rh Thu Mar 12 01:31:39 CET 2026
#@# pial curv rh Thu Mar 12 01:31:39 CET 2026
#@# pial area rh Thu Mar 12 01:31:39 CET 2026
#@# thickness rh Thu Mar 12 01:31:39 CET 2026
#@# area and vertex vol rh Thu Mar 12 01:31:39 CET 2026
#@# Parcellation Stats rh Thu Mar 12 01:31:39 CET 2026
#@# Parcellation Stats 2 rh Thu Mar 12 01:31:58 CET 2026
#@# Parcellation Stats 3 rh Thu Mar 12 01:32:08 CET 2026
#@# BA_exvivo Labels rh Thu Mar 12 01:32:18 CET 2026
recon-all -s sub-v1s10x0050953_ses-1 finished without error at Thu Mar 12 01:35:09 CET 2026
