status file for recon-all
Thu Mar 12 05:09:26 CET 2026
#@# Tessellate lh Thu Mar 12 05:09:26 CET 2026
#@# Smooth1 lh Thu Mar 12 05:09:31 CET 2026
#@# Inflation1 lh Thu Mar 12 05:09:34 CET 2026
#@# QSphere lh Thu Mar 12 05:09:48 CET 2026
#@# Fix Topology lh Thu Mar 12 05:11:09 CET 2026
#@# Smooth2 lh Thu Mar 12 05:18:02 CET 2026
#@# Inflation2 lh Thu Mar 12 05:18:06 CET 2026
#@# Curv .H and .K lh Thu Mar 12 05:18:22 CET 2026
#@# Sphere lh Thu Mar 12 05:19:10 CET 2026
#@# Surf Reg lh Thu Mar 12 05:23:18 CET 2026
#@# Jacobian white lh Thu Mar 12 05:27:50 CET 2026
#@# AvgCurv lh Thu Mar 12 05:27:51 CET 2026
#@# Cortical Parc lh Thu Mar 12 05:27:52 CET 2026
#@# white curv lh Thu Mar 12 05:34:35 CET 2026
#@# white area lh Thu Mar 12 05:34:37 CET 2026
#@# pial curv lh Thu Mar 12 05:34:38 CET 2026
#@# pial area lh Thu Mar 12 05:34:40 CET 2026
#@# thickness lh Thu Mar 12 05:34:41 CET 2026
#@# area and vertex vol lh Thu Mar 12 05:35:14 CET 2026
#@# Curvature Stats lh Thu Mar 12 05:35:16 CET 2026
#@# Cortical Parc 2 lh Thu Mar 12 05:35:18 CET 2026
#@# Cortical Parc 3 lh Thu Mar 12 05:35:32 CET 2026
#@# WM/GM Contrast lh Thu Mar 12 05:35:44 CET 2026
recon-all -s sub-v1s10x0051029_ses-1 finished without error at Thu Mar 12 05:35:48 CET 2026



#New# invocation of recon-all 



status file for recon-all
Thu Mar 12 06:18:45 CET 2026
#@# white curv lh Thu Mar 12 06:18:45 CET 2026
#@# white area lh Thu Mar 12 06:18:45 CET 2026
#@# pial curv lh Thu Mar 12 06:18:45 CET 2026
#@# pial area lh Thu Mar 12 06:18:45 CET 2026
#@# thickness lh Thu Mar 12 06:18:45 CET 2026
#@# area and vertex vol lh Thu Mar 12 06:18:45 CET 2026
#@# Parcellation Stats lh Thu Mar 12 06:18:45 CET 2026
#@# Parcellation Stats 2 lh Thu Mar 12 06:19:05 CET 2026
#@# Parcellation Stats 3 lh Thu Mar 12 06:19:16 CET 2026
#@# BA_exvivo Labels lh Thu Mar 12 06:19:26 CET 2026
recon-all -s sub-v1s10x0051029_ses-1 finished without error at Thu Mar 12 06:22:26 CET 2026
