status file for recon-all
Thu Mar 12 05:35:52 CET 2026
#@# Tessellate rh Thu Mar 12 05:35:52 CET 2026
#@# Smooth1 rh Thu Mar 12 05:35:56 CET 2026
#@# Inflation1 rh Thu Mar 12 05:35:59 CET 2026
#@# QSphere rh Thu Mar 12 05:36:19 CET 2026
#@# Fix Topology rh Thu Mar 12 05:37:50 CET 2026
#@# Smooth2 rh Thu Mar 12 05:46:47 CET 2026
#@# Inflation2 rh Thu Mar 12 05:46:51 CET 2026
#@# Curv .H and .K rh Thu Mar 12 05:47:06 CET 2026
#@# Sphere rh Thu Mar 12 05:47:54 CET 2026
#@# Surf Reg rh Thu Mar 12 05:55:03 CET 2026
#@# Jacobian white rh Thu Mar 12 06:03:14 CET 2026
#@# AvgCurv rh Thu Mar 12 06:03:15 CET 2026
#@# Cortical Parc rh Thu Mar 12 06:03:16 CET 2026
#@# white curv rh Thu Mar 12 06:11:33 CET 2026
#@# white area rh Thu Mar 12 06:11:36 CET 2026
#@# pial curv rh Thu Mar 12 06:11:36 CET 2026
#@# pial area rh Thu Mar 12 06:11:39 CET 2026
#@# thickness rh Thu Mar 12 06:11:39 CET 2026
#@# area and vertex vol rh Thu Mar 12 06:12:11 CET 2026
#@# Curvature Stats rh Thu Mar 12 06:12:13 CET 2026
#@# Cortical Parc 2 rh Thu Mar 12 06:12:15 CET 2026
#@# Cortical Parc 3 rh Thu Mar 12 06:12:30 CET 2026
#@# WM/GM Contrast rh Thu Mar 12 06:12:41 CET 2026
recon-all -s sub-v1s10x0051029_ses-1 finished without error at Thu Mar 12 06:12:45 CET 2026



#New# invocation of recon-all 



status file for recon-all
Thu Mar 12 06:22:30 CET 2026
#@# white curv rh Thu Mar 12 06:22:31 CET 2026
#@# white area rh Thu Mar 12 06:22:31 CET 2026
#@# pial curv rh Thu Mar 12 06:22:31 CET 2026
#@# pial area rh Thu Mar 12 06:22:31 CET 2026
#@# thickness rh Thu Mar 12 06:22:31 CET 2026
#@# area and vertex vol rh Thu Mar 12 06:22:31 CET 2026
#@# Parcellation Stats rh Thu Mar 12 06:22:31 CET 2026
#@# Parcellation Stats 2 rh Thu Mar 12 06:22:51 CET 2026
#@# Parcellation Stats 3 rh Thu Mar 12 06:23:02 CET 2026
#@# BA_exvivo Labels rh Thu Mar 12 06:23:12 CET 2026
recon-all -s sub-v1s10x0051029_ses-1 finished without error at Thu Mar 12 06:26:05 CET 2026
