status file for recon-all
Thu Mar 12 00:45:54 CET 2026
#@# Tessellate rh Thu Mar 12 00:45:54 CET 2026
#@# Smooth1 rh Thu Mar 12 00:45:58 CET 2026
#@# Inflation1 rh Thu Mar 12 00:46:00 CET 2026
#@# QSphere rh Thu Mar 12 00:46:11 CET 2026
#@# Fix Topology rh Thu Mar 12 00:47:14 CET 2026
#@# Smooth2 rh Thu Mar 12 00:52:08 CET 2026
#@# Inflation2 rh Thu Mar 12 00:52:10 CET 2026
#@# Curv .H and .K rh Thu Mar 12 00:52:22 CET 2026
#@# Sphere rh Thu Mar 12 00:53:01 CET 2026
#@# Surf Reg rh Thu Mar 12 00:55:01 CET 2026
#@# Jacobian white rh Thu Mar 12 00:58:17 CET 2026
#@# AvgCurv rh Thu Mar 12 00:58:18 CET 2026
#@# Cortical Parc rh Thu Mar 12 00:58:19 CET 2026
#@# white curv rh Thu Mar 12 01:03:56 CET 2026
#@# white area rh Thu Mar 12 01:03:58 CET 2026
#@# pial curv rh Thu Mar 12 01:03:59 CET 2026
#@# pial area rh Thu Mar 12 01:04:00 CET 2026
#@# thickness rh Thu Mar 12 01:04:01 CET 2026
#@# area and vertex vol rh Thu Mar 12 01:04:24 CET 2026
#@# Curvature Stats rh Thu Mar 12 01:04:25 CET 2026
#@# Cortical Parc 2 rh Thu Mar 12 01:04:28 CET 2026
#@# Cortical Parc 3 rh Thu Mar 12 01:04:39 CET 2026
#@# WM/GM Contrast rh Thu Mar 12 01:04:48 CET 2026
recon-all -s sub-v1s10x0050956_ses-1 finished without error at Thu Mar 12 01:04:51 CET 2026



#New# invocation of recon-all 



status file for recon-all
Thu Mar 12 01:10:54 CET 2026
#@# white curv rh Thu Mar 12 01:10:54 CET 2026
#@# white area rh Thu Mar 12 01:10:54 CET 2026
#@# pial curv rh Thu Mar 12 01:10:54 CET 2026
#@# pial area rh Thu Mar 12 01:10:54 CET 2026
#@# thickness rh Thu Mar 12 01:10:54 CET 2026
#@# area and vertex vol rh Thu Mar 12 01:10:54 CET 2026
#@# Parcellation Stats rh Thu Mar 12 01:10:54 CET 2026
#@# Parcellation Stats 2 rh Thu Mar 12 01:11:09 CET 2026
#@# Parcellation Stats 3 rh Thu Mar 12 01:11:16 CET 2026
#@# BA_exvivo Labels rh Thu Mar 12 01:11:23 CET 2026
recon-all -s sub-v1s10x0050956_ses-1 finished without error at Thu Mar 12 01:13:39 CET 2026
