/out/sourcedata/freesurfer/sub-v1s10x0050989_ses-1/mri
/opt/freesurfer/bin/talairach_avi
--i orig_nu.mgz --xfm transforms/talairach.auto.xfm
talairach_avi 7.3.2
Linux dna021 5.14.0-427.37.1.el9_4.x86_64 #1 SMP PREEMPT_DYNAMIC Fri Sep 13 12:41:50 EDT 2024 x86_64 x86_64 x86_64 GNU/Linux
Thu Mar 12 01:37:32 CET 2026
mri_convert orig_nu.mgz talsrcimg.img 
reading from orig_nu.mgz...
TR=0.00, TE=0.00, TI=0.00, flip angle=0.00
i_ras = (-1, 0, 0)
j_ras = (0, 0, -1)
k_ras = (0, 1, 0)
writing to talsrcimg.img...
Analyze Output Matrix
-1.00000   0.00000   0.00000   127.49644;
 0.00000   0.00000   1.00000  -128.00000;
 0.00000  -1.00000   0.00000   128.55421;
 0.00000   0.00000   0.00000   1.00000;
--------------------
INFO: set hdr.hist.orient to -1
mpr2mni305 talsrcimg
Thu Mar 12 01:37:32 CET 2026
/opt/freesurfer/bin/mpr2mni305 talsrcimg
mpr2mni305 7.3.2
target=711-2C_as_mni_average_305

---------------------------------------------------------------------
analyzeto4dfp talsrcimg -O0 -y
---------------------------------------------------------------------

freesurfer ifh2hdr.c
Thu Mar 12 01:37:32 2026
Writing: talsrcimg.4dfp.hdr
freesurfer analyzeto4dfp.c
Reading: talsrcimg.hdr
header size 348 bytes
hdr.dime.datatype	offset=70	value=2
hdr.dime.bitpix		offset=72	value=8
hdr.hist.orient		offset=252	value=-1
dimensionality     4
dimensions       256       256       256         1
Reading: talsrcimg.img
Writing: talsrcimg.4dfp.img
Writing: talsrcimg.4dfp.ifh
ifh2hdr talsrcimg -r0to205
ori=2

---------------------------------------------------------------------
gauss_4dfp talsrcimg 1.1
---------------------------------------------------------------------

freesurfer gauss_4dfp.c
Reading: talsrcimg.4dfp.img
Writing: talsrcimg_g11.4dfp.img
image dimensions 256 256 256 padded to 288 288 288
processing volume 1freesurfer ifh2hdr.c
Thu Mar 12 01:37:34 2026
Writing: talsrcimg_g11.4dfp.hdr

Writing: talsrcimg_g11.4dfp.ifh
including: talsrcimg.4dfp.img.rec in talsrcimg_g11.4dfp.img.rec

---------------------------------------------------------------------
imgreg_4dfp /opt/freesurfer/average/711-2C_as_mni_average_305 none talsrcimg_g11 none talsrcimg_to_711-2C_as_mni_average_305_t4 4355
---------------------------------------------------------------------

freesurfer imgreg_4dfp.c
/opt/freesurfer/average/711-2C_as_mni_average_305.4dfp.img
       256       256       256         1
  1.000000  1.000000  1.000000
orientation T byte_order littleendian
Reading image: /opt/freesurfer/average/711-2C_as_mni_average_305.4dfp.img
dimensions:      256       256       256
mmppix:       1.0000   -1.0000   -1.0000
center:     128.0000 -129.0000 -129.0000
talsrcimg_g11.4dfp.img
       256       256       256         1
  1.000000  1.000000  1.000000
orientation T byte_order littleendian
Reading image: talsrcimg_g11.4dfp.img
dimensions:      256       256       256
mmppix:       1.0000   -1.0000   -1.0000
center:     128.0000 -129.0000 -129.0000
t4_read: open error in t4_sub.f l:  41 t4_file(1:l)talsrcimg_to_711-2C_as_mni_average_305_t4 
t4_read: transform initialized to I4
rotation matrix determinant  1.000000
image alignment mode   4355 decimal     1103 hex
   -7.5000  -45.0000  -45.0000 6337.6211   21.5710
    0.0000  -45.0000  -45.0000 6533.5464   21.5531
    7.5000  -45.0000  -45.0000 6230.3335   21.5030
   -7.5000  -37.5000  -45.0000 6865.8369   21.3512
    0.0000  -37.5000  -45.0000 7091.6152   21.3277
    7.5000  -37.5000  -45.0000 6774.7275   21.2818
   -7.5000  -30.0000  -45.0000 7693.0615   21.2463
    0.0000  -30.0000  -45.0000 7956.6680   21.2170
    7.5000  -30.0000  -45.0000 7571.5171   21.1691
   -7.5000  -22.5000  -45.0000 8551.0225   21.2128
    0.0000  -22.5000  -45.0000 8839.9844   21.1852
    7.5000  -22.5000  -45.0000 8407.6426   21.1320
   -7.5000  -15.0000  -45.0000 9326.4844   21.2356
    0.0000  -15.0000  -45.0000 9637.6973   21.2137
    7.5000  -15.0000  -45.0000 9179.3008   21.1583
   -7.5000   -7.5000  -45.000010054.5391   21.2440
    0.0000   -7.5000  -45.000010383.5576   21.2253
    7.5000   -7.5000  -45.0000 9840.9297   21.1702
   -7.5000    0.0000  -45.000010666.4521   21.2322
    0.0000    0.0000  -45.000011016.2842   21.2132
    7.5000    0.0000  -45.000010436.4863   21.1621
   -7.5000    7.5000  -45.000010509.9121   21.2077
    0.0000    7.5000  -45.000010851.8691   21.1836
    7.5000    7.5000  -45.000010297.2705   21.1370
   -7.5000   15.0000  -45.000010268.1768   21.1944
    0.0000   15.0000  -45.000010587.0146   21.1648
    7.5000   15.0000  -45.000010057.3330   21.1164
   -7.5000   22.5000  -45.0000 9923.4141   21.2075
    0.0000   22.5000  -45.000010231.4189   21.1799
    7.5000   22.5000  -45.0000 9714.1338   21.1267
   -7.5000   30.0000  -45.0000 9572.5684   20.9526
    0.0000   30.0000  -45.0000 9894.8174   20.9310
    7.5000   30.0000  -45.0000 9373.8027   20.8764
   -7.5000   37.5000  -45.0000 9323.9541   20.9609
    0.0000   37.5000  -45.0000 9613.6631   20.9424
    7.5000   37.5000  -45.0000 9108.8574   20.8881
   -7.5000   45.0000  -45.0000 8593.4922   20.4173
    0.0000   45.0000  -45.0000 8856.4697   20.3990
    7.5000   45.0000  -45.0000 8403.8008   20.3498
   -7.5000  -45.0000  -37.5000 6765.5391   21.2724
    0.0000  -45.0000  -37.5000 6985.1904   21.2424
    7.5000  -45.0000  -37.5000 6678.4824   21.1807
   -7.5000  -37.5000  -37.5000 7338.9224   21.0489
    0.0000  -37.5000  -37.5000 7602.9521   21.0159
    7.5000  -37.5000  -37.5000 7248.2183   20.9631
   -7.5000  -30.0000  -37.5000 8246.5234   20.9471
    0.0000  -30.0000  -37.5000 8544.1338   20.9080
    7.5000  -30.0000  -37.5000 8119.3789   20.8547
   -7.5000  -22.5000  -37.5000 9169.2676   20.9246
    0.0000  -22.5000  -37.5000 9513.1836   20.8837
    7.5000  -22.5000  -37.5000 9024.6523   20.8211
   -7.5000  -15.0000  -37.500010012.9541   20.9536
    0.0000  -15.0000  -37.500010376.9883   20.9152
    7.5000  -15.0000  -37.5000 9838.5186   20.8456
   -7.5000   -7.5000  -37.500010750.6689   20.9550
    0.0000   -7.5000  -37.500011145.7471   20.9206
    7.5000   -7.5000  -37.500010548.2461   20.8511
   -7.5000    0.0000  -37.500011353.5879   20.9322
    0.0000    0.0000  -37.500011768.5342   20.9012
    7.5000    0.0000  -37.500011149.6533   20.8387
   -7.5000    7.5000  -37.500011193.5879   20.9031
    0.0000    7.5000  -37.500011599.7773   20.8696
    7.5000    7.5000  -37.500010983.7930   20.8160
   -7.5000   15.0000  -37.500010916.2822   20.8946
    0.0000   15.0000  -37.500011288.5732   20.8552
    7.5000   15.0000  -37.500010719.1250   20.8015
   -7.5000   22.5000  -37.500010530.7822   20.9195
    0.0000   22.5000  -37.500010886.7588   20.8785
    7.5000   22.5000  -37.500010330.7568   20.8160
   -7.5000   30.0000  -37.500010134.1807   20.6743
    0.0000   30.0000  -37.500010497.0059   20.6365
    7.5000   30.0000  -37.5000 9947.1289   20.5678
   -7.5000   37.5000  -37.5000 9866.4189   20.6758
    0.0000   37.5000  -37.500010211.7363   20.6418
    7.5000   37.5000  -37.5000 9676.8770   20.5732
   -7.5000   45.0000  -37.5000 9100.9365   20.1288
    0.0000   45.0000  -37.5000 9424.1104   20.0990
    7.5000   45.0000  -37.5000 8916.6299   20.0389
   -7.5000  -45.0000  -30.0000 7361.4614   22.0628
    0.0000  -45.0000  -30.0000 7635.4067   22.0348
    7.5000  -45.0000  -30.0000 7273.5820   21.9629
   -7.5000  -37.5000  -30.0000 8024.8965   21.8274
    0.0000  -37.5000  -30.0000 8355.6777   21.7987
    7.5000  -37.5000  -30.0000 7926.1064   21.7394
   -7.5000  -30.0000  -30.0000 9035.0703   21.7219
    0.0000  -30.0000  -30.0000 9415.3623   21.6875
    7.5000  -30.0000  -30.0000 8916.8828   21.6298
   -7.5000  -22.5000  -30.000010037.1602   21.7034
    0.0000  -22.5000  -30.000010455.8516   21.6646
    7.5000  -22.5000  -30.0000 9892.0205   21.5949
   -7.5000  -15.0000  -30.000010938.0459   21.7385
    0.0000  -15.0000  -30.000011397.3809   21.6989
    7.5000  -15.0000  -30.000010770.3838   21.6176
   -7.5000   -7.5000  -30.000011727.4395   21.7381
    0.0000   -7.5000  -30.000012207.0605   21.7027
    7.5000   -7.5000  -30.000011522.7324   21.6205
   -7.5000    0.0000  -30.000012377.1787   21.7094
    0.0000    0.0000  -30.000012886.6230   21.6802
    7.5000    0.0000  -30.000012135.8281   21.6078
   -7.5000    7.5000  -30.000012149.3096   21.6761
    0.0000    7.5000  -30.000012638.8311   21.6468
    7.5000    7.5000  -30.000011929.6328   21.5866
   -7.5000   15.0000  -30.000011856.4844   21.6673
    0.0000   15.0000  -30.000012288.3174   21.6326
    7.5000   15.0000  -30.000011629.1787   21.5744
   -7.5000   22.5000  -30.000011434.4238   21.6959
    0.0000   22.5000  -30.000011845.8535   21.6570
    7.5000   22.5000  -30.000011222.5137   21.5874
   -7.5000   30.0000  -30.000010983.4062   21.4509
    0.0000   30.0000  -30.000011364.7070   21.4117
    7.5000   30.0000  -30.000010774.9629   21.3315
   -7.5000   37.5000  -30.000010688.5400   21.4504
    0.0000   37.5000  -30.000011066.9668   21.4156
    7.5000   37.5000  -30.000010491.7471   21.3344
   -7.5000   45.0000  -30.0000 9811.8594   20.8915
    0.0000   45.0000  -30.000010168.1279   20.8634
    7.5000   45.0000  -30.0000 9617.0176   20.7937
   -7.5000  -45.0000  -22.5000 7975.4419   22.7778
    0.0000  -45.0000  -22.5000 8305.4512   22.7664
    7.5000  -45.0000  -22.5000 7883.3262   22.6980
   -7.5000  -37.5000  -22.5000 8726.7764   22.5363
    0.0000  -37.5000  -22.5000 9096.3418   22.5230
    7.5000  -37.5000  -22.5000 8607.3896   22.4659
   -7.5000  -30.0000  -22.5000 9822.9170   22.4237
    0.0000  -30.0000  -22.500010247.6240   22.4058
    7.5000  -30.0000  -22.5000 9685.2891   22.3506
   -7.5000  -22.5000  -22.500010880.2393   22.3980
    0.0000  -22.5000  -22.500011344.5244   22.3780
    7.5000  -22.5000  -22.500010714.3740   22.3130
   -7.5000  -15.0000  -22.500011859.3232   22.4331
    0.0000  -15.0000  -22.500012356.1182   22.4130
    7.5000  -15.0000  -22.500011657.8213   22.3371
   -7.5000   -7.5000  -22.500012677.8857   22.4372
    0.0000   -7.5000  -22.500013201.1523   22.4203
    7.5000   -7.5000  -22.500012426.5020   22.3428
   -7.5000    0.0000  -22.500013382.0205   22.4127
    0.0000    0.0000  -22.500013966.3252   22.3999
    7.5000    0.0000  -22.500013125.0098   22.3309
   -7.5000    7.5000  -22.500013143.5254   22.3803
    0.0000    7.5000  -22.500013704.5049   22.3661
    7.5000    7.5000  -22.500012902.9531   22.3081
   -7.5000   15.0000  -22.500012822.2324   22.3673
    0.0000   15.0000  -22.500013341.3789   22.3491
    7.5000   15.0000  -22.500012549.2627   22.2934
   -7.5000   22.5000  -22.500012358.3154   22.3887
    0.0000   22.5000  -22.500012839.9062   22.3686
    7.5000   22.5000  -22.500012084.3389   22.3036
   -7.5000   30.0000  -22.500011836.6230   22.1397
    0.0000   30.0000  -22.500012294.5742   22.1198
    7.5000   30.0000  -22.500011560.3906   22.0449
   -7.5000   37.5000  -22.500011502.9922   22.1437
    0.0000   37.5000  -22.500011957.8428   22.1271
    7.5000   37.5000  -22.500011252.5254   22.0505
   -7.5000   45.0000  -22.500010525.9648   21.5845
    0.0000   45.0000  -22.500010935.4062   21.5722
    7.5000   45.0000  -22.500010322.5986   21.5058
   -7.5000  -45.0000  -15.0000 8630.5645   23.2760
    0.0000  -45.0000  -15.0000 8969.5137   23.2789
    7.5000  -45.0000  -15.0000 8523.0488   23.2244
   -7.5000  -37.5000  -15.0000 9446.0752   23.0366
    0.0000  -37.5000  -15.0000 9834.4404   23.0337
    7.5000  -37.5000  -15.0000 9331.5107   22.9854
   -7.5000  -30.0000  -15.000010596.0762   22.9172
    0.0000  -30.0000  -15.000011049.9824   22.9097
    7.5000  -30.0000  -15.000010456.3477   22.8613
   -7.5000  -22.5000  -15.000011710.4570   22.8772
    0.0000  -22.5000  -15.000012215.9463   22.8714
    7.5000  -22.5000  -15.000011550.7217   22.8172
   -7.5000  -15.0000  -15.000012747.0439   22.9046
    0.0000  -15.0000  -15.000013277.0088   22.9028
    7.5000  -15.0000  -15.000012541.5068   22.8427
   -7.5000   -7.5000  -15.000013615.2988   22.9154
    0.0000   -7.5000  -15.000014159.6133   22.9166
    7.5000   -7.5000  -15.000013371.4756   22.8555
   -7.5000    0.0000  -15.000014417.0664   22.9030
    0.0000    0.0000  -15.000015019.7979   22.9041
    7.5000    0.0000  -15.000014119.9092   22.8485
   -7.5000    7.5000  -15.000014168.5742   22.8770
    0.0000    7.5000  -15.000014745.3135   22.8731
    7.5000    7.5000  -15.000013847.1699   22.8239
   -7.5000   15.0000  -15.000013805.0869   22.8595
    0.0000   15.0000  -15.000014367.9453   22.8516
    7.5000   15.0000  -15.000013451.0352   22.8027
   -7.5000   22.5000  -15.000013256.5479   22.8666
    0.0000   22.5000  -15.000013804.9824   22.8608
    7.5000   22.5000  -15.000012947.2559   22.8066
   -7.5000   30.0000  -15.000012634.1367   22.6082
    0.0000   30.0000  -15.000013156.7930   22.6063
    7.5000   30.0000  -15.000012340.5811   22.5471
   -7.5000   37.5000  -15.000012287.5381   22.6189
    0.0000   37.5000  -15.000012789.4863   22.6200
    7.5000   37.5000  -15.000012007.5312   22.5597
   -7.5000   45.0000  -15.000011241.7910   22.0700
    0.0000   45.0000  -15.000011706.3555   22.0711
    7.5000   45.0000  -15.000011014.9355   22.0176
   -7.5000  -45.0000   -7.5000 9351.3984   23.5405
    0.0000  -45.0000   -7.5000 9722.3066   23.5369
    7.5000  -45.0000   -7.5000 9248.6299   23.4899
   -7.5000  -37.5000   -7.500010228.6494   23.3034
    0.0000  -37.5000   -7.500010644.8232   23.2922
    7.5000  -37.5000   -7.500010107.1641   23.2481
   -7.5000  -30.0000   -7.500011434.1836   23.1817
    0.0000  -30.0000   -7.500011893.8662   23.1654
    7.5000  -30.0000   -7.500011282.2998   23.1190
   -7.5000  -22.5000   -7.500012604.0732   23.1343
    0.0000  -22.5000   -7.500013115.9590   23.1215
    7.5000  -22.5000   -7.500012441.8701   23.0712
   -7.5000  -15.0000   -7.500013681.7568   23.1554
    0.0000  -15.0000   -7.500014246.7109   23.1492
    7.5000  -15.0000   -7.500013498.0820   23.0974
   -7.5000   -7.5000   -7.500014615.8232   23.1688
    0.0000   -7.5000   -7.500015201.8779   23.1656
    7.5000   -7.5000   -7.500014401.9873   23.1138
   -7.5000    0.0000   -7.500015483.4990   23.1634
    0.0000    0.0000   -7.500016101.9512   23.1582
    7.5000    0.0000   -7.500015176.0938   23.1098
   -7.5000    7.5000   -7.500015206.0752   23.1415
    0.0000    7.5000   -7.500015804.6113   23.1294
    7.5000    7.5000   -7.500014869.1650   23.0844
   -7.5000   15.0000   -7.500014808.9873   23.1232
    0.0000   15.0000   -7.500015416.6611   23.1065
    7.5000   15.0000   -7.500014459.3027   23.0596
   -7.5000   22.5000   -7.500014238.2305   23.1211
    0.0000   22.5000   -7.500014856.1572   23.1082
    7.5000   22.5000   -7.500013909.5801   23.0580
   -7.5000   30.0000   -7.500013496.3711   22.8551
    0.0000   30.0000   -7.500014091.4707   22.8490
    7.5000   30.0000   -7.500013192.5332   22.7978
   -7.5000   37.5000   -7.500013121.4473   22.8684
    0.0000   37.5000   -7.500013682.4463   22.8652
    7.5000   37.5000   -7.500012817.0098   22.8141
   -7.5000   45.0000   -7.500011998.6816   22.3252
    0.0000   45.0000   -7.500012528.5586   22.3201
    7.5000   45.0000   -7.500011738.4453   22.2735
   -7.5000  -45.0000    0.000010071.4141   23.6262
    0.0000  -45.0000    0.000010489.1035   23.6042
    7.5000  -45.0000    0.0000 9967.6543   23.5509
   -7.5000  -37.5000    0.000010979.9893   23.3848
    0.0000  -37.5000    0.000011428.6934   23.3565
    7.5000  -37.5000    0.000010861.1680   23.3075
   -7.5000  -30.0000    0.000012226.2900   23.2651
    0.0000  -30.0000    0.000012732.7461   23.2307
    7.5000  -30.0000    0.000012094.8701   23.1792
   -7.5000  -22.5000    0.000013434.8232   23.2243
    0.0000  -22.5000    0.000013977.5781   23.1920
    7.5000  -22.5000    0.000013312.1006   23.1347
   -7.5000  -15.0000    0.000014580.2812   23.2481
    0.0000  -15.0000    0.000015145.0537   23.2222
    7.5000  -15.0000    0.000014441.3203   23.1626
   -7.5000   -7.5000    0.000015616.3672   23.2587
    0.0000   -7.5000    0.000016195.7754   23.2360
    7.5000   -7.5000    0.000015432.1182   23.1770
   -7.5000    0.0000    0.000016544.8125   23.2480
    0.0000    0.0000    0.000017126.6152   23.2247
    7.5000    0.0000    0.000016261.9326   23.1701
   -7.5000    7.5000    0.000016225.4170   23.2222
    0.0000    7.5000    0.000016802.1992   23.1932
    7.5000    7.5000    0.000015897.0605   23.1433
   -7.5000   15.0000    0.000015833.5283   23.2065
    0.0000   15.0000    0.000016430.4023   23.1717
    7.5000   15.0000    0.000015489.4795   23.1198
   -7.5000   22.5000    0.000015160.5264   23.2110
    0.0000   22.5000    0.000015784.3184   23.1788
    7.5000   22.5000    0.000014865.4189   23.1215
   -7.5000   30.0000    0.000014324.7959   22.9472
    0.0000   30.0000    0.000014904.1973   22.9217
    7.5000   30.0000    0.000014016.4062   22.8629
   -7.5000   37.5000    0.000013909.2529   22.9577
    0.0000   37.5000    0.000014459.7939   22.9353
    7.5000   37.5000    0.000013572.8906   22.8771
   -7.5000   45.0000    0.000012727.2891   22.4084
    0.0000   45.0000    0.000013256.5254   22.3859
    7.5000   45.0000    0.000012446.4727   22.3333
   -7.5000  -45.0000    7.5000 9995.7910   23.6731
    0.0000  -45.0000    7.500010405.7891   23.6393
    7.5000  -45.0000    7.5000 9896.0840   23.5716
   -7.5000  -37.5000    7.500010840.3086   23.4243
    0.0000  -37.5000    7.500011273.6055   23.3871
    7.5000  -37.5000    7.500010763.3545   23.3291
   -7.5000  -30.0000    7.500012053.4932   23.3088
    0.0000  -30.0000    7.500012536.4424   23.2647
    7.5000  -30.0000    7.500011987.3545   23.2059
   -7.5000  -22.5000    7.500013230.1553   23.2817
    0.0000  -22.5000    7.500013750.4023   23.2355
    7.5000  -22.5000    7.500013153.8818   23.1662
   -7.5000  -15.0000    7.500014331.9727   23.3139
    0.0000  -15.0000    7.500014901.1973   23.2706
    7.5000  -15.0000    7.500014260.8496   23.1934
   -7.5000   -7.5000    7.500015388.8936   23.3177
    0.0000   -7.5000    7.500015988.8340   23.2789
    7.5000   -7.5000    7.500015301.5283   23.2020
   -7.5000    0.0000    7.500016407.2734   23.2943
    0.0000    0.0000    7.500016975.5996   23.2593
    7.5000    0.0000    7.500016159.0625   23.1906
   -7.5000    7.5000    7.500016096.7031   23.2616
    0.0000    7.5000    7.500016676.3711   23.2239
    7.5000    7.5000    7.500015812.6133   23.1650
   -7.5000   15.0000    7.500015656.4492   23.2502
    0.0000   15.0000    7.500016257.2539   23.2057
    7.5000   15.0000    7.500015425.2432   23.1465
   -7.5000   22.5000    7.500014909.3779   23.2685
    0.0000   22.5000    7.500015538.5645   23.2223
    7.5000   22.5000    7.500014761.5459   23.1530
   -7.5000   30.0000    7.500013994.3730   23.0122
    0.0000   30.0000    7.500014552.8857   22.9694
    7.5000   30.0000    7.500013822.7695   22.8933
   -7.5000   37.5000    7.500013585.4814   23.0159
    0.0000   37.5000    7.500014110.9355   22.9776
    7.5000   37.5000    7.500013355.9307   22.9017
   -7.5000   45.0000    7.500012450.1973   22.4530
    0.0000   45.0000    7.500012940.2080   22.4193
    7.5000   45.0000    7.500012270.6387   22.3531
   -7.5000  -45.0000   15.0000 9752.9980   23.6847
    0.0000  -45.0000   15.000010187.0840   23.6545
    7.5000  -45.0000   15.0000 9662.2373   23.5773
   -7.5000  -37.5000   15.000010548.4883   23.4317
    0.0000  -37.5000   15.000010996.0869   23.4007
    7.5000  -37.5000   15.000010501.9932   23.3371
   -7.5000  -30.0000   15.000011728.2617   23.3181
    0.0000  -30.0000   15.000012202.3955   23.2809
    7.5000  -30.0000   15.000011678.5312   23.2190
   -7.5000  -22.5000   15.000012847.4521   23.2983
    0.0000  -22.5000   15.000013340.8525   23.2564
    7.5000  -22.5000   15.000012787.2285   23.1816
   -7.5000  -15.0000   15.000013897.7715   23.3365
    0.0000  -15.0000   15.000014402.0742   23.2937
    7.5000  -15.0000   15.000013865.7139   23.2063
   -7.5000   -7.5000   15.000014999.9375   23.3363
    0.0000   -7.5000   15.000015504.1230   23.2982
    7.5000   -7.5000   15.000014890.0752   23.2099
   -7.5000    0.0000   15.000016040.7275   23.3055
    0.0000    0.0000   15.000016509.7461   23.2740
    7.5000    0.0000   15.000015781.4023   23.1962
   -7.5000    7.5000   15.000015643.1035   23.2693
    0.0000    7.5000   15.000016126.0576   23.2376
    7.5000    7.5000   15.000015477.7070   23.1732
   -7.5000   15.0000   15.000015138.1904   23.2595
    0.0000   15.0000   15.000015636.5615   23.2220
    7.5000   15.0000   15.000015089.6973   23.1596
   -7.5000   22.5000   15.000014407.0303   23.2851
    0.0000   22.5000   15.000014898.7422   23.2432
    7.5000   22.5000   15.000014419.4736   23.1684
   -7.5000   30.0000   15.000013504.2471   23.0345
    0.0000   30.0000   15.000013956.9561   22.9922
    7.5000   30.0000   15.000013465.5400   22.9060
   -7.5000   37.5000   15.000013111.7979   23.0343
    0.0000   37.5000   15.000013538.4473   22.9967
    7.5000   37.5000   15.000013003.7686   22.9095
   -7.5000   45.0000   15.000012036.9971   22.4638
    0.0000   45.0000   15.000012443.0850   22.4334
    7.5000   45.0000   15.000011940.3564   22.3585
   -7.5000  -45.0000   22.5000 9405.4990   23.6451
    0.0000  -45.0000   22.5000 9810.3818   23.6334
    7.5000  -45.0000   22.5000 9288.6338   23.5624
   -7.5000  -37.5000   22.500010190.5410   23.3945
    0.0000  -37.5000   22.500010624.4512   23.3806
    7.5000  -37.5000   22.500010098.5547   23.3214
   -7.5000  -30.0000   22.500011327.8643   23.2776
    0.0000  -30.0000   22.500011776.1387   23.2590
    7.5000  -30.0000   22.500011226.4180   23.2017
   -7.5000  -22.5000   22.500012366.7910   23.2510
    0.0000  -22.5000   22.500012844.6387   23.2301
    7.5000  -22.5000   22.500012292.2100   23.1626
   -7.5000  -15.0000   22.500013342.0762   23.2874
    0.0000  -15.0000   22.500013830.1357   23.2664
    7.5000  -15.0000   22.500013305.8730   23.1877
   -7.5000   -7.5000   22.500014329.9141   23.2916
    0.0000   -7.5000   22.500014794.3438   23.2741
    7.5000   -7.5000   22.500014264.5098   23.1936
   -7.5000    0.0000   22.500015253.6963   23.2662
    0.0000    0.0000   22.500015720.0781   23.2529
    7.5000    0.0000   22.500015139.2744   23.1813
   -7.5000    7.5000   22.500014959.0908   23.2326
    0.0000    7.5000   22.500015422.2373   23.2178
    7.5000    7.5000   22.500014904.6611   23.1576
   -7.5000   15.0000   22.500014541.0420   23.2190
    0.0000   15.0000   22.500015039.6504   23.2002
    7.5000   15.0000   22.500014517.4268   23.1424
   -7.5000   22.5000   22.500013920.3467   23.2377
    0.0000   22.5000   22.500014396.7246   23.2169
    7.5000   22.5000   22.500013889.0029   23.1494
   -7.5000   30.0000   22.500013025.8682   22.9860
    0.0000   30.0000   22.500013463.3311   22.9653
    7.5000   30.0000   22.500012941.9961   22.8876
   -7.5000   37.5000   22.500012578.6904   22.9902
    0.0000   37.5000   22.500012986.7412   22.9729
    7.5000   37.5000   22.500012456.1221   22.8934
   -7.5000   45.0000   22.500011558.9102   22.4259
    0.0000   45.0000   22.500011931.1162   22.4131
    7.5000   45.0000   22.500011430.3730   22.3441
   -7.5000  -45.0000   30.0000 8922.3613   23.6025
    0.0000  -45.0000   30.0000 9329.2656   23.6053
    7.5000  -45.0000   30.0000 8829.9746   23.5500
   -7.5000  -37.5000   30.0000 9676.0674   23.3595
    0.0000  -37.5000   30.000010074.4912   23.3564
    7.5000  -37.5000   30.0000 9583.1562   23.3075
   -7.5000  -30.0000   30.000010751.6572   23.2383
    0.0000  -30.0000   30.000011160.7812   23.2305
    7.5000  -30.0000   30.000010658.8896   23.1815
   -7.5000  -22.5000   30.000011741.1885   23.1977
    0.0000  -22.5000   30.000012179.7578   23.1917
    7.5000  -22.5000   30.000011665.4600   23.1368
   -7.5000  -15.0000   30.000012692.9082   23.2256
    0.0000  -15.0000   30.000013148.9004   23.2236
    7.5000  -15.0000   30.000012634.9297   23.1627
   -7.5000   -7.5000   30.000013618.5293   23.2367
    0.0000   -7.5000   30.000014066.7451   23.2377
    7.5000   -7.5000   30.000013517.8916   23.1758
   -7.5000    0.0000   30.000014442.2686   23.2241
    0.0000    0.0000   30.000014932.4541   23.2251
    7.5000    0.0000   30.000014328.8369   23.1688
   -7.5000    7.5000   30.000014271.8936   23.1976
    0.0000    7.5000   30.000014780.6650   23.1935
    7.5000    7.5000   30.000014125.7705   23.1436
   -7.5000   15.0000   30.000013939.9717   23.1797
    0.0000   15.0000   30.000014482.5264   23.1716
    7.5000   15.0000   30.000013741.9873   23.1220
   -7.5000   22.5000   30.000013348.3682   23.1845
    0.0000   22.5000   30.000013862.6748   23.1785
    7.5000   22.5000   30.000013174.1172   23.1235
   -7.5000   30.0000   30.000012439.4492   22.9250
    0.0000   30.0000   30.000012881.4648   22.9231
    7.5000   30.0000   30.000012289.8994   22.8630
   -7.5000   37.5000   30.000011942.8877   22.9360
    0.0000   37.5000   30.000012339.8848   22.9370
    7.5000   37.5000   30.000011794.7627   22.8759
   -7.5000   45.0000   30.000010950.9600   22.3854
    0.0000   45.0000   30.000011308.1016   22.3863
    7.5000   45.0000   30.000010810.6406   22.3320
   -7.5000  -45.0000   37.5000 8699.9053   23.6988
    0.0000  -45.0000   37.5000 9078.3594   23.6955
    7.5000  -45.0000   37.5000 8624.7490   23.6494
   -7.5000  -37.5000   37.5000 9439.7236   23.4585
    0.0000  -37.5000   37.5000 9847.8154   23.4474
    7.5000  -37.5000   37.5000 9360.2266   23.4043
   -7.5000  -30.0000   37.500010522.6484   23.3352
    0.0000  -30.0000   37.500010971.3135   23.3191
    7.5000  -30.0000   37.500010425.2637   23.2738
   -7.5000  -22.5000   37.500011526.8643   23.2877
    0.0000  -22.5000   37.500012066.5078   23.2752
    7.5000  -22.5000   37.500011422.0410   23.2260
   -7.5000  -15.0000   37.500012527.2939   23.3095
    0.0000  -15.0000   37.500013077.6982   23.3037
    7.5000  -15.0000   37.500012377.6270   23.2528
   -7.5000   -7.5000   37.500013420.7510   23.3232
    0.0000   -7.5000   37.500013960.3135   23.3203
    7.5000   -7.5000   37.500013244.3369   23.2694
   -7.5000    0.0000   37.500014163.0029   23.3175
    0.0000    0.0000   37.500014718.1348   23.3124
    7.5000    0.0000   37.500014000.1709   23.2649
   -7.5000    7.5000   37.500013904.3506   23.2948
    0.0000    7.5000   37.500014434.6670   23.2828
    7.5000    7.5000   37.500013746.0479   23.2387
   -7.5000   15.0000   37.500013559.2715   23.2762
    0.0000   15.0000   37.500014055.0537   23.2595
    7.5000   15.0000   37.500013383.6572   23.2137
   -7.5000   22.5000   37.500013040.5078   23.2744
    0.0000   22.5000   37.500013505.4395   23.2619
    7.5000   22.5000   37.500012879.9854   23.2127
   -7.5000   30.0000   37.500012213.2773   23.0078
    0.0000   30.0000   37.500012645.4258   23.0021
    7.5000   30.0000   37.500012059.6602   22.9519
   -7.5000   37.5000   37.500011738.4014   23.0213
    0.0000   37.5000   37.500012121.5186   23.0185
    7.5000   37.5000   37.500011580.7832   22.9683
   -7.5000   45.0000   37.500010774.1895   22.4753
    0.0000   45.0000   37.500011142.0488   22.4705
    7.5000   45.0000   37.500010620.2324   22.4247
   -7.5000  -45.0000   45.0000 8029.0620   23.7451
    0.0000  -45.0000   45.0000 8379.0010   23.7236
    7.5000  -45.0000   45.0000 7955.7671   23.6718
   -7.5000  -37.5000   45.0000 8754.0234   23.5021
    0.0000  -37.5000   45.0000 9142.6006   23.4742
    7.5000  -37.5000   45.0000 8652.6328   23.4270
   -7.5000  -30.0000   45.0000 9797.3682   23.3809
    0.0000  -30.0000   45.000010249.1309   23.3469
    7.5000  -30.0000   45.0000 9674.5908   23.2971
   -7.5000  -22.5000   45.000010752.5127   23.3412
    0.0000  -22.5000   45.000011242.7070   23.3094
    7.5000  -22.5000   45.000010620.8857   23.2534
   -7.5000  -15.0000   45.000011652.5010   23.3668
    0.0000  -15.0000   45.000012170.8965   23.3414
    7.5000  -15.0000   45.000011513.4424   23.2828
   -7.5000   -7.5000   45.000012433.9277   23.3772
    0.0000   -7.5000   45.000012976.9287   23.3550
    7.5000   -7.5000   45.000012286.2666   23.2971
   -7.5000    0.0000   45.000013098.4648   23.3648
    0.0000    0.0000   45.000013666.9365   23.3419
    7.5000    0.0000   45.000012990.1895   23.2887
   -7.5000    7.5000   45.000012838.9258   23.3371
    0.0000    7.5000   45.000013402.2051   23.3084
    7.5000    7.5000   45.000012752.4961   23.2603
   -7.5000   15.0000   45.000012500.2285   23.3213
    0.0000   15.0000   45.000013019.3037   23.2870
    7.5000   15.0000   45.000012409.1328   23.2366
   -7.5000   22.5000   45.000012039.9814   23.3278
    0.0000   22.5000   45.000012545.4014   23.2960
    7.5000   22.5000   45.000011956.1357   23.2400
   -7.5000   30.0000   45.000011317.4971   23.0624
    0.0000   30.0000   45.000011773.2471   23.0373
    7.5000   30.0000   45.000011226.8008   22.9794
   -7.5000   37.5000   45.000010895.5801   23.0727
    0.0000   37.5000   45.000011289.6025   23.0507
    7.5000   37.5000   45.000010771.8848   22.9936
   -7.5000   45.0000   45.000010005.9375   22.5312
    0.0000   45.0000   45.000010365.1582   22.5091
    7.5000   45.0000   45.0000 9890.6504   22.4578

---------------------------------------------------------------------
imgreg_4dfp /opt/freesurfer/average/711-2C_as_mni_average_305 /opt/freesurfer/average/711-2B_as_mni_average_305_mask talsrcimg_g11 none talsrcimg_to_711-2C_as_mni_average_305_t4 4355
---------------------------------------------------------------------

freesurfer imgreg_4dfp.c
/opt/freesurfer/average/711-2C_as_mni_average_305.4dfp.img
       256       256       256         1
  1.000000  1.000000  1.000000
orientation T byte_order littleendian
Reading image: /opt/freesurfer/average/711-2C_as_mni_average_305.4dfp.img
dimensions:      256       256       256
mmppix:       1.0000   -1.0000   -1.0000
center:     128.0000 -129.0000 -129.0000
/opt/freesurfer/average/711-2B_as_mni_average_305_mask.4dfp.img
       256       256       256         1
  1.000000  1.000000  1.000000
orientation T byte_order littleendian
Reading mask: /opt/freesurfer/average/711-2B_as_mni_average_305_mask.4dfp.img (2306576 pixels)
talsrcimg_g11.4dfp.img
       256       256       256         1
  1.000000  1.000000  1.000000
orientation T byte_order littleendian
Reading image: talsrcimg_g11.4dfp.img
dimensions:      256       256       256
mmppix:       1.0000   -1.0000   -1.0000
center:     128.0000 -129.0000 -129.0000
rotation matrix determinant  1.000000
image alignment mode   4355 decimal     1103 hex
   -7.5000  -45.0000  -45.0000 1781.9763   32.8398
    0.0000  -45.0000  -45.0000 1774.8292   32.6440
    7.5000  -45.0000  -45.0000 1763.1039   33.1369
   -7.5000  -37.5000  -45.0000 1880.5703   29.1330
    0.0000  -37.5000  -45.0000 1876.8938   29.0154
    7.5000  -37.5000  -45.0000 1864.8514   29.5808
   -7.5000  -30.0000  -45.0000 1972.5851   26.3338
    0.0000  -30.0000  -45.0000 1972.8893   26.2894
    7.5000  -30.0000  -45.0000 1956.6398   26.7559
   -7.5000  -22.5000  -45.0000 2055.6104   24.4734
    0.0000  -22.5000  -45.0000 2053.1646   24.4533
    7.5000  -22.5000  -45.0000 2033.7863   24.7838
   -7.5000  -15.0000  -45.0000 2102.1641   23.1586
    0.0000  -15.0000  -45.0000 2099.2698   23.1336
    7.5000  -15.0000  -45.0000 2083.5359   23.4858
   -7.5000   -7.5000  -45.0000 2137.7852   22.1769
    0.0000   -7.5000  -45.0000 2138.3271   22.1513
    7.5000   -7.5000  -45.0000 2108.6074   22.5346
   -7.5000    0.0000  -45.0000 2154.8572   21.5612
    0.0000    0.0000  -45.0000 2150.0767   21.4931
    7.5000    0.0000  -45.0000 2126.5229   21.9652
   -7.5000    7.5000  -45.0000 2151.3538   21.4438
    0.0000    7.5000  -45.0000 2144.2202   21.4011
    7.5000    7.5000  -45.0000 2124.5688   21.9450
   -7.5000   15.0000  -45.0000 2140.5933   21.9080
    0.0000   15.0000  -45.0000 2132.5981   21.8860
    7.5000   15.0000  -45.0000 2108.9153   22.4145
   -7.5000   22.5000  -45.0000 2114.3926   22.8444
    0.0000   22.5000  -45.0000 2111.6111   22.8442
    7.5000   22.5000  -45.0000 2082.5518   23.4164
   -7.5000   30.0000  -45.0000 2069.9153   24.2020
    0.0000   30.0000  -45.0000 2073.7356   24.2487
    7.5000   30.0000  -45.0000 2040.5880   24.7961
   -7.5000   37.5000  -45.0000 2012.4484   25.8252
    0.0000   37.5000  -45.0000 2010.7047   25.8923
    7.5000   37.5000  -45.0000 1975.9878   26.5259
   -7.5000   45.0000  -45.0000 1926.1975   28.0473
    0.0000   45.0000  -45.0000 1923.0469   28.1215
    7.5000   45.0000  -45.0000 1894.7294   28.9110
   -7.5000  -45.0000  -37.5000 1861.4697   29.9294
    0.0000  -45.0000  -37.5000 1856.4692   29.6863
    7.5000  -45.0000  -37.5000 1843.8094   30.2988
   -7.5000  -37.5000  -37.5000 1965.8710   26.5828
    0.0000  -37.5000  -37.5000 1967.2975   26.4383
    7.5000  -37.5000  -37.5000 1951.6267   26.9381
   -7.5000  -30.0000  -37.5000 2069.5254   24.1833
    0.0000  -30.0000  -37.5000 2070.0471   24.0686
    7.5000  -30.0000  -37.5000 2052.4988   24.3825
   -7.5000  -22.5000  -37.5000 2161.9172   22.4623
    0.0000  -22.5000  -37.5000 2164.3062   22.4225
    7.5000  -22.5000  -37.5000 2145.9082   22.6795
   -7.5000  -15.0000  -37.5000 2215.9307   21.2347
    0.0000  -15.0000  -37.5000 2215.0557   21.1855
    7.5000  -15.0000  -37.5000 2195.5332   21.4204
   -7.5000   -7.5000  -37.5000 2245.9751   20.3160
    0.0000   -7.5000  -37.5000 2246.9604   20.2610
    7.5000   -7.5000  -37.5000 2221.5745   20.5139
   -7.5000    0.0000  -37.5000 2253.6077   19.7553
    0.0000    0.0000  -37.5000 2253.4902   19.7052
    7.5000    0.0000  -37.5000 2232.6575   20.0481
   -7.5000    7.5000  -37.5000 2256.2852   19.6595
    0.0000    7.5000  -37.5000 2256.3682   19.5762
    7.5000    7.5000  -37.5000 2237.3782   20.0040
   -7.5000   15.0000  -37.5000 2241.7827   19.9714
    0.0000   15.0000  -37.5000 2242.3679   19.9630
    7.5000   15.0000  -37.5000 2219.2407   20.3676
   -7.5000   22.5000  -37.5000 2216.2292   20.7979
    0.0000   22.5000  -37.5000 2215.3684   20.7848
    7.5000   22.5000  -37.5000 2184.6428   21.2123
   -7.5000   30.0000  -37.5000 2172.5376   21.9713
    0.0000   30.0000  -37.5000 2175.9907   21.9758
    7.5000   30.0000  -37.5000 2139.4807   22.4339
   -7.5000   37.5000  -37.5000 2107.8013   23.5220
    0.0000   37.5000  -37.5000 2109.1255   23.5333
    7.5000   37.5000  -37.5000 2076.5491   24.0433
   -7.5000   45.0000  -37.5000 2024.8917   25.5467
    0.0000   45.0000  -37.5000 2027.3240   25.5682
    7.5000   45.0000  -37.5000 1990.5903   26.2579
   -7.5000  -45.0000  -30.0000 1970.4454   28.3891
    0.0000  -45.0000  -30.0000 1972.4270   28.3177
    7.5000  -45.0000  -30.0000 1949.2938   28.8068
   -7.5000  -37.5000  -30.0000 2091.8704   25.2706
    0.0000  -37.5000  -30.0000 2099.1399   25.2107
    7.5000  -37.5000  -30.0000 2075.7522   25.5716
   -7.5000  -30.0000  -30.0000 2209.5059   23.0124
    0.0000  -30.0000  -30.0000 2212.2219   22.9661
    7.5000  -30.0000  -30.0000 2193.8469   23.1741
   -7.5000  -22.5000  -30.0000 2304.4114   21.3136
    0.0000  -22.5000  -30.0000 2306.6782   21.3197
    7.5000  -22.5000  -30.0000 2289.4741   21.4829
   -7.5000  -15.0000  -30.0000 2362.1531   20.1060
    0.0000  -15.0000  -30.0000 2363.7664   20.1284
    7.5000  -15.0000  -30.0000 2342.3418   20.2531
   -7.5000   -7.5000  -30.0000 2398.7461   19.2179
    0.0000   -7.5000  -30.0000 2398.1230   19.1846
    7.5000   -7.5000  -30.0000 2374.5710   19.3918
   -7.5000    0.0000  -30.0000 2406.0295   18.6963
    0.0000    0.0000  -30.0000 2411.5815   18.6704
    7.5000    0.0000  -30.0000 2385.0063   18.9601
   -7.5000    7.5000  -30.0000 2403.8638   18.6255
    0.0000    7.5000  -30.0000 2408.0874   18.5719
    7.5000    7.5000  -30.0000 2384.9912   18.8716
   -7.5000   15.0000  -30.0000 2390.5525   18.8653
    0.0000   15.0000  -30.0000 2390.7844   18.8278
    7.5000   15.0000  -30.0000 2367.0854   19.1787
   -7.5000   22.5000  -30.0000 2364.2764   19.5982
    0.0000   22.5000  -30.0000 2363.8098   19.5913
    7.5000   22.5000  -30.0000 2335.7488   19.9610
   -7.5000   30.0000  -30.0000 2317.7170   20.7355
    0.0000   30.0000  -30.0000 2317.4639   20.7335
    7.5000   30.0000  -30.0000 2284.9856   21.1484
   -7.5000   37.5000  -30.0000 2246.6887   22.2112
    0.0000   37.5000  -30.0000 2248.0522   22.1919
    7.5000   37.5000  -30.0000 2214.0237   22.6745
   -7.5000   45.0000  -30.0000 2157.3689   24.1455
    0.0000   45.0000  -30.0000 2159.1179   24.1062
    7.5000   45.0000  -30.0000 2123.2476   24.7032
   -7.5000  -45.0000  -22.5000 2055.2798   26.7101
    0.0000  -45.0000  -22.5000 2060.5427   26.8502
    7.5000  -45.0000  -22.5000 2040.2028   27.1963
   -7.5000  -37.5000  -22.5000 2191.9553   23.8566
    0.0000  -37.5000  -22.5000 2198.6477   23.9385
    7.5000  -37.5000  -22.5000 2174.3484   24.2084
   -7.5000  -30.0000  -22.5000 2314.9333   21.6799
    0.0000  -30.0000  -22.5000 2321.0339   21.7237
    7.5000  -30.0000  -22.5000 2296.5015   21.9278
   -7.5000  -22.5000  -22.5000 2411.5886   19.9831
    0.0000  -22.5000  -22.5000 2416.0701   20.0073
    7.5000  -22.5000  -22.5000 2393.6694   20.1865
   -7.5000  -15.0000  -22.5000 2477.0139   18.7626
    0.0000  -15.0000  -22.5000 2477.8647   18.8008
    7.5000  -15.0000  -22.5000 2453.7280   18.9170
   -7.5000   -7.5000  -22.5000 2517.6792   17.9892
    0.0000   -7.5000  -22.5000 2519.1846   17.9920
    7.5000   -7.5000  -22.5000 2488.6772   18.1586
   -7.5000    0.0000  -22.5000 2537.1196   17.5199
    0.0000    0.0000  -22.5000 2543.8289   17.5552
    7.5000    0.0000  -22.5000 2509.9607   17.7347
   -7.5000    7.5000  -22.5000 2541.7881   17.4673
    0.0000    7.5000  -22.5000 2540.9722   17.4737
    7.5000    7.5000  -22.5000 2518.2664   17.7094
   -7.5000   15.0000  -22.5000 2529.3508   17.7169
    0.0000   15.0000  -22.5000 2530.3210   17.7088
    7.5000   15.0000  -22.5000 2498.8662   18.0195
   -7.5000   22.5000  -22.5000 2500.6292   18.4108
    0.0000   22.5000  -22.5000 2504.4880   18.3777
    7.5000   22.5000  -22.5000 2464.0806   18.7184
   -7.5000   30.0000  -22.5000 2448.6489   19.4610
    0.0000   30.0000  -22.5000 2453.6101   19.4174
    7.5000   30.0000  -22.5000 2408.0647   19.7872
   -7.5000   37.5000  -22.5000 2366.7903   20.8345
    0.0000   37.5000  -22.5000 2371.5840   20.7987
    7.5000   37.5000  -22.5000 2328.1980   21.2492
   -7.5000   45.0000  -22.5000 2264.3450   22.6126
    0.0000   45.0000  -22.5000 2263.7405   22.6106
    7.5000   45.0000  -22.5000 2227.7559   23.1220
   -7.5000  -45.0000  -15.0000 2116.1653   25.3102
    0.0000  -45.0000  -15.0000 2116.8450   25.4401
    7.5000  -45.0000  -15.0000 2095.1016   25.7979
   -7.5000  -37.5000  -15.0000 2260.2285   22.5139
    0.0000  -37.5000  -15.0000 2263.9871   22.6291
    7.5000  -37.5000  -15.0000 2241.0806   22.9513
   -7.5000  -30.0000  -15.0000 2384.2310   20.3663
    0.0000  -30.0000  -15.0000 2393.8394   20.4425
    7.5000  -30.0000  -15.0000 2366.4526   20.7215
   -7.5000  -22.5000  -15.0000 2486.7686   18.7226
    0.0000  -22.5000  -15.0000 2497.2251   18.7957
    7.5000  -22.5000  -15.0000 2468.7896   19.0077
   -7.5000  -15.0000  -15.0000 2560.1292   17.5504
    0.0000  -15.0000  -15.0000 2564.5164   17.5952
    7.5000  -15.0000  -15.0000 2536.3877   17.7668
   -7.5000   -7.5000  -15.0000 2613.2026   16.7738
    0.0000   -7.5000  -15.0000 2612.6475   16.8171
    7.5000   -7.5000  -15.0000 2583.5105   17.0109
   -7.5000    0.0000  -15.0000 2647.7263   16.3870
    0.0000    0.0000  -15.0000 2650.5374   16.4185
    7.5000    0.0000  -15.0000 2611.3943   16.6362
   -7.5000    7.5000  -15.0000 2660.0027   16.3734
    0.0000    7.5000  -15.0000 2658.4639   16.3878
    7.5000    7.5000  -15.0000 2622.9956   16.6087
   -7.5000   15.0000  -15.0000 2646.6375   16.6627
    0.0000   15.0000  -15.0000 2643.7632   16.6631
    7.5000   15.0000  -15.0000 2602.5977   16.9142
   -7.5000   22.5000  -15.0000 2611.5459   17.3098
    0.0000   22.5000  -15.0000 2612.2551   17.3116
    7.5000   22.5000  -15.0000 2568.7280   17.5885
   -7.5000   30.0000  -15.0000 2552.8811   18.2448
    0.0000   30.0000  -15.0000 2556.4880   18.2594
    7.5000   30.0000  -15.0000 2508.8020   18.5963
   -7.5000   37.5000  -15.0000 2464.9224   19.5432
    0.0000   37.5000  -15.0000 2468.3579   19.5713
    7.5000   37.5000  -15.0000 2421.1299   19.9814
   -7.5000   45.0000  -15.0000 2348.8728   21.2649
    0.0000   45.0000  -15.0000 2349.2932   21.2979
    7.5000   45.0000  -15.0000 2314.4658   21.7450
   -7.5000  -45.0000   -7.5000 2163.9419   24.1034
    0.0000  -45.0000   -7.5000 2163.1458   24.1232
    7.5000  -45.0000   -7.5000 2142.0391   24.6034
   -7.5000  -37.5000   -7.5000 2313.4348   21.3637
    0.0000  -37.5000   -7.5000 2317.0806   21.3892
    7.5000  -37.5000   -7.5000 2293.7339   21.7961
   -7.5000  -30.0000   -7.5000 2434.8220   19.2520
    0.0000  -30.0000   -7.5000 2441.9763   19.2644
    7.5000  -30.0000   -7.5000 2413.9424   19.6275
   -7.5000  -22.5000   -7.5000 2544.2483   17.6741
    0.0000  -22.5000   -7.5000 2549.7156   17.6768
    7.5000  -22.5000   -7.5000 2523.6401   17.9724
   -7.5000  -15.0000   -7.5000 2627.1277   16.5107
    0.0000  -15.0000   -7.5000 2634.3396   16.5353
    7.5000  -15.0000   -7.5000 2604.8203   16.7625
   -7.5000   -7.5000   -7.5000 2690.4453   15.7605
    0.0000   -7.5000   -7.5000 2692.7249   15.8037
    7.5000   -7.5000   -7.5000 2666.0999   16.0157
   -7.5000    0.0000   -7.5000 2735.3359   15.3986
    0.0000    0.0000   -7.5000 2738.1018   15.4180
    7.5000    0.0000   -7.5000 2698.4238   15.6585
   -7.5000    7.5000   -7.5000 2755.7476   15.3455
    0.0000    7.5000   -7.5000 2755.2520   15.3802
    7.5000    7.5000   -7.5000 2711.3940   15.5992
   -7.5000   15.0000   -7.5000 2745.7241   15.6592
    0.0000   15.0000   -7.5000 2743.9875   15.7012
    7.5000   15.0000   -7.5000 2699.4558   15.9192
   -7.5000   22.5000   -7.5000 2711.7190   16.2633
    0.0000   22.5000   -7.5000 2712.6084   16.3200
    7.5000   22.5000   -7.5000 2661.2859   16.5736
   -7.5000   30.0000   -7.5000 2634.8596   17.1735
    0.0000   30.0000   -7.5000 2642.7407   17.2080
    7.5000   30.0000   -7.5000 2593.7834   17.5307
   -7.5000   37.5000   -7.5000 2543.1646   18.4156
    0.0000   37.5000   -7.5000 2544.6343   18.4737
    7.5000   37.5000   -7.5000 2498.2180   18.8502
   -7.5000   45.0000   -7.5000 2420.7114   20.1133
    0.0000   45.0000   -7.5000 2422.1729   20.1416
    7.5000   45.0000   -7.5000 2382.2273   20.5955
   -7.5000  -45.0000    0.0000 2200.0090   23.2218
    0.0000  -45.0000    0.0000 2200.2493   23.2091
    7.5000  -45.0000    0.0000 2180.1133   23.6883
   -7.5000  -37.5000    0.0000 2345.2966   20.5316
    0.0000  -37.5000    0.0000 2349.5720   20.4945
    7.5000  -37.5000    0.0000 2328.1365   20.9427
   -7.5000  -30.0000    0.0000 2467.1895   18.4739
    0.0000  -30.0000    0.0000 2475.4429   18.3814
    7.5000  -30.0000    0.0000 2447.5398   18.8395
   -7.5000  -22.5000    0.0000 2583.8784   16.8826
    0.0000  -22.5000    0.0000 2590.1211   16.8370
    7.5000  -22.5000    0.0000 2566.2285   17.2183
   -7.5000  -15.0000    0.0000 2677.1470   15.7413
    0.0000  -15.0000    0.0000 2686.9324   15.7147
    7.5000  -15.0000    0.0000 2658.8794   16.0254
   -7.5000   -7.5000    0.0000 2758.5710   15.0353
    0.0000   -7.5000    0.0000 2763.5801   14.9949
    7.5000   -7.5000    0.0000 2732.4958   15.2598
   -7.5000    0.0000    0.0000 2809.5505   14.6502
    0.0000    0.0000    0.0000 2818.0234   14.6353
    7.5000    0.0000    0.0000 2775.6523   14.8666
   -7.5000    7.5000    0.0000 2840.5771   14.5506
    0.0000    7.5000    0.0000 2849.7805   14.5587
    7.5000    7.5000    0.0000 2792.2454   14.7945
   -7.5000   15.0000    0.0000 2833.5664   14.8753
    0.0000   15.0000    0.0000 2838.7996   14.8958
    7.5000   15.0000    0.0000 2780.1350   15.1375
   -7.5000   22.5000    0.0000 2786.2969   15.4667
    0.0000   22.5000    0.0000 2790.1409   15.4952
    7.5000   22.5000    0.0000 2738.3867   15.7481
   -7.5000   30.0000    0.0000 2705.8225   16.3246
    0.0000   30.0000    0.0000 2711.1885   16.3526
    7.5000   30.0000    0.0000 2664.3960   16.6270
   -7.5000   37.5000    0.0000 2603.6409   17.5188
    0.0000   37.5000    0.0000 2608.6902   17.5406
    7.5000   37.5000    0.0000 2558.4834   17.8865
   -7.5000   45.0000    0.0000 2477.4077   19.1944
    0.0000   45.0000    0.0000 2481.5723   19.2065
    7.5000   45.0000    0.0000 2432.8354   19.6024
   -7.5000  -45.0000    7.5000 2220.9561   22.7557
    0.0000  -45.0000    7.5000 2225.4609   22.6323
    7.5000  -45.0000    7.5000 2206.1240   23.1643
   -7.5000  -37.5000    7.5000 2356.1484   19.9939
    0.0000  -37.5000    7.5000 2362.5381   19.9031
    7.5000  -37.5000    7.5000 2346.4189   20.4187
   -7.5000  -30.0000    7.5000 2480.9041   17.8946
    0.0000  -30.0000    7.5000 2488.1282   17.7725
    7.5000  -30.0000    7.5000 2468.5684   18.2981
   -7.5000  -22.5000    7.5000 2605.2639   16.3363
    0.0000  -22.5000    7.5000 2611.0308   16.2191
    7.5000  -22.5000    7.5000 2589.4141   16.7017
   -7.5000  -15.0000    7.5000 2712.0652   15.2181
    0.0000  -15.0000    7.5000 2720.0894   15.0990
    7.5000  -15.0000    7.5000 2692.8899   15.5047
   -7.5000   -7.5000    7.5000 2804.1675   14.4625
    0.0000   -7.5000    7.5000 2817.8799   14.3923
    7.5000   -7.5000    7.5000 2781.4766   14.7510
   -7.5000    0.0000    7.5000 2879.3083   14.0712
    0.0000    0.0000    7.5000 2891.7290   13.9971
    7.5000    0.0000    7.5000 2841.4651   14.2973
   -7.5000    7.5000    7.5000 2929.4224   13.9425
    0.0000    7.5000    7.5000 2945.0039   13.8751
    7.5000    7.5000    7.5000 2871.4160   14.1973
   -7.5000   15.0000    7.5000 2914.4219   14.2666
    0.0000   15.0000    7.5000 2928.8962   14.2376
    7.5000   15.0000    7.5000 2855.2930   14.5206
   -7.5000   22.5000    7.5000 2845.7717   14.8020
    0.0000   22.5000    7.5000 2857.3633   14.8076
    7.5000   22.5000    7.5000 2799.7646   15.0671
   -7.5000   30.0000    7.5000 2759.1562   15.6351
    0.0000   30.0000    7.5000 2765.5708   15.6418
    7.5000   30.0000    7.5000 2715.1060   15.9520
   -7.5000   37.5000    7.5000 2650.4814   16.8771
    0.0000   37.5000    7.5000 2654.9434   16.8630
    7.5000   37.5000    7.5000 2602.1887   17.2188
   -7.5000   45.0000    7.5000 2514.9060   18.4990
    0.0000   45.0000    7.5000 2517.9143   18.4866
    7.5000   45.0000    7.5000 2473.6797   18.9033
   -7.5000  -45.0000   15.0000 2218.5354   22.5228
    0.0000  -45.0000   15.0000 2235.2642   22.5022
    7.5000  -45.0000   15.0000 2203.3394   22.9781
   -7.5000  -37.5000   15.0000 2346.7493   19.7025
    0.0000  -37.5000   15.0000 2359.7007   19.6118
    7.5000  -37.5000   15.0000 2341.1299   20.2057
   -7.5000  -30.0000   15.0000 2477.4758   17.6002
    0.0000  -30.0000   15.0000 2486.6355   17.4387
    7.5000  -30.0000   15.0000 2469.9951   18.0699
   -7.5000  -22.5000   15.0000 2605.0081   16.0684
    0.0000  -22.5000   15.0000 2613.8918   15.8752
    7.5000  -22.5000   15.0000 2588.7695   16.4213
   -7.5000  -15.0000   15.0000 2722.6550   14.9007
    0.0000  -15.0000   15.0000 2733.8438   14.7046
    7.5000  -15.0000   15.0000 2702.1375   15.2301
   -7.5000   -7.5000   15.0000 2830.5630   14.1166
    0.0000   -7.5000   15.0000 2845.1917   13.9240
    7.5000   -7.5000   15.0000 2802.8623   14.4381
   -7.5000    0.0000   15.0000 2927.4270   13.7226
    0.0000    0.0000   15.0000 2942.6140   13.5186
    7.5000    0.0000   15.0000 2880.7825   13.9708
   -7.5000    7.5000   15.0000 2996.0679   13.5534
    0.0000    7.5000   15.0000 3009.4124   13.3709
    7.5000    7.5000   15.0000 2923.9365   13.8360
   -7.5000   15.0000   15.0000 2969.4973   13.7851
    0.0000   15.0000   15.0000 2988.2471   13.6659
    7.5000   15.0000   15.0000 2901.0547   14.1499
   -7.5000   22.5000   15.0000 2881.0386   14.3680
    0.0000   22.5000   15.0000 2894.5220   14.2731
    7.5000   22.5000   15.0000 2833.7334   14.7433
   -7.5000   30.0000   15.0000 2782.5713   15.2640
    0.0000   30.0000   15.0000 2793.8118   15.1759
    7.5000   30.0000   15.0000 2740.6260   15.5927
   -7.5000   37.5000   15.0000 2667.8179   16.4911
    0.0000   37.5000   15.0000 2675.2429   16.3951
    7.5000   37.5000   15.0000 2624.5603   16.7997
   -7.5000   45.0000   15.0000 2528.4204   18.0746
    0.0000   45.0000   15.0000 2533.3523   17.9946
    7.5000   45.0000   15.0000 2491.5671   18.4143
   -7.5000  -45.0000   22.5000 2207.7202   22.5928
    0.0000  -45.0000   22.5000 2226.1125   22.4816
    7.5000  -45.0000   22.5000 2193.1467   23.0142
   -7.5000  -37.5000   22.5000 2335.2864   19.7411
    0.0000  -37.5000   22.5000 2353.5503   19.6370
    7.5000  -37.5000   22.5000 2327.3459   20.2207
   -7.5000  -30.0000   22.5000 2465.6172   17.5851
    0.0000  -30.0000   22.5000 2480.2646   17.4696
    7.5000  -30.0000   22.5000 2452.6941   18.0375
   -7.5000  -22.5000   22.5000 2590.9595   16.0157
    0.0000  -22.5000   22.5000 2606.0774   15.8554
    7.5000  -22.5000   22.5000 2574.9492   16.3895
   -7.5000  -15.0000   22.5000 2708.4158   14.8112
    0.0000  -15.0000   22.5000 2724.5547   14.6354
    7.5000  -15.0000   22.5000 2688.6343   15.1839
   -7.5000   -7.5000   22.5000 2821.8213   13.9977
    0.0000   -7.5000   22.5000 2839.0229   13.8016
    7.5000   -7.5000   22.5000 2798.3899   14.3548
   -7.5000    0.0000   22.5000 2926.9937   13.5761
    0.0000    0.0000   22.5000 2943.3027   13.3604
    7.5000    0.0000   22.5000 2882.5212   13.8701
   -7.5000    7.5000   22.5000 2993.4021   13.4332
    0.0000    7.5000   22.5000 3004.3003   13.2512
    7.5000    7.5000   22.5000 2931.9954   13.7781
   -7.5000   15.0000   22.5000 2969.2356   13.6561
    0.0000   15.0000   22.5000 2995.3853   13.5268
    7.5000   15.0000   22.5000 2909.7700   14.0076
   -7.5000   22.5000   22.5000 2892.1492   14.2233
    0.0000   22.5000   22.5000 2911.9688   14.1389
    7.5000   22.5000   22.5000 2843.0186   14.5293
   -7.5000   30.0000   22.5000 2786.0598   15.1295
    0.0000   30.0000   22.5000 2796.7283   15.0385
    7.5000   30.0000   22.5000 2742.2268   15.4106
   -7.5000   37.5000   22.5000 2659.9875   16.3467
    0.0000   37.5000   22.5000 2666.2285   16.2946
    7.5000   37.5000   22.5000 2625.5874   16.6378
   -7.5000   45.0000   22.5000 2526.0493   17.8881
    0.0000   45.0000   22.5000 2527.4221   17.8675
    7.5000   45.0000   22.5000 2492.8411   18.2570
   -7.5000  -45.0000   30.0000 2185.7458   22.9720
    0.0000  -45.0000   30.0000 2206.5674   22.8497
    7.5000  -45.0000   30.0000 2173.6982   23.3590
   -7.5000  -37.5000   30.0000 2316.0605   20.0264
    0.0000  -37.5000   30.0000 2334.1382   19.8846
    7.5000  -37.5000   30.0000 2306.6350   20.4353
   -7.5000  -30.0000   30.0000 2443.7039   17.7983
    0.0000  -30.0000   30.0000 2456.6147   17.6607
    7.5000  -30.0000   30.0000 2430.4614   18.2046
   -7.5000  -22.5000   30.0000 2561.7803   16.1799
    0.0000  -22.5000   30.0000 2579.9438   16.0155
    7.5000  -22.5000   30.0000 2552.1060   16.5954
   -7.5000  -15.0000   30.0000 2678.6797   15.0312
    0.0000  -15.0000   30.0000 2696.7935   14.8906
    7.5000  -15.0000   30.0000 2666.2969   15.4041
   -7.5000   -7.5000   30.0000 2792.9343   14.2570
    0.0000   -7.5000   30.0000 2808.2454   14.1160
    7.5000   -7.5000   30.0000 2773.4888   14.5965
   -7.5000    0.0000   30.0000 2889.0000   13.7826
    0.0000    0.0000   30.0000 2905.1562   13.6585
    7.5000    0.0000   30.0000 2852.7056   14.1270
   -7.5000    7.5000   30.0000 2951.8223   13.6413
    0.0000    7.5000   30.0000 2958.6973   13.5675
    7.5000    7.5000   30.0000 2902.3896   14.0000
   -7.5000   15.0000   30.0000 2929.1221   13.9199
    0.0000   15.0000   30.0000 2942.1963   13.8359
    7.5000   15.0000   30.0000 2878.4241   14.1942
   -7.5000   22.5000   30.0000 2859.4197   14.4366
    0.0000   22.5000   30.0000 2874.2815   14.3976
    7.5000   22.5000   30.0000 2815.6816   14.7073
   -7.5000   30.0000   30.0000 2753.9685   15.3007
    0.0000   30.0000   30.0000 2762.4084   15.2568
    7.5000   30.0000   30.0000 2716.3926   15.5699
   -7.5000   37.5000   30.0000 2630.7856   16.4647
    0.0000   37.5000   30.0000 2638.3857   16.4059
    7.5000   37.5000   30.0000 2603.6423   16.7468
   -7.5000   45.0000   30.0000 2500.9011   17.9732
    0.0000   45.0000   30.0000 2506.3491   17.9409
    7.5000   45.0000   30.0000 2472.9729   18.3421
   -7.5000  -45.0000   37.5000 2153.6958   23.5599
    0.0000  -45.0000   37.5000 2171.3318   23.3923
    7.5000  -45.0000   37.5000 2146.5220   23.9133
   -7.5000  -37.5000   37.5000 2288.9875   20.5736
    0.0000  -37.5000   37.5000 2306.6321   20.4286
    7.5000  -37.5000   37.5000 2281.1206   20.9329
   -7.5000  -30.0000   37.5000 2418.9453   18.3683
    0.0000  -30.0000   37.5000 2433.5093   18.2518
    7.5000  -30.0000   37.5000 2405.2778   18.7347
   -7.5000  -22.5000   37.5000 2534.2878   16.7878
    0.0000  -22.5000   37.5000 2557.8606   16.7191
    7.5000  -22.5000   37.5000 2521.3430   17.1431
   -7.5000  -15.0000   37.5000 2649.1899   15.6509
    0.0000  -15.0000   37.5000 2667.9167   15.5943
    7.5000  -15.0000   37.5000 2630.2708   15.9508
   -7.5000   -7.5000   37.5000 2753.1206   14.8386
    0.0000   -7.5000   37.5000 2768.2219   14.7522
    7.5000   -7.5000   37.5000 2731.8972   15.1031
   -7.5000    0.0000   37.5000 2833.4929   14.2828
    0.0000    0.0000   37.5000 2847.8882   14.1908
    7.5000    0.0000   37.5000 2799.8948   14.5875
   -7.5000    7.5000   37.5000 2880.5007   14.1070
    0.0000    7.5000   37.5000 2888.8057   14.0467
    7.5000    7.5000   37.5000 2841.2649   14.4074
   -7.5000   15.0000   37.5000 2861.7998   14.3575
    0.0000   15.0000   37.5000 2873.5469   14.2667
    7.5000   15.0000   37.5000 2821.9326   14.6133
   -7.5000   22.5000   37.5000 2799.3484   14.9100
    0.0000   22.5000   37.5000 2809.8030   14.8164
    7.5000   22.5000   37.5000 2761.5640   15.1522
   -7.5000   30.0000   37.5000 2703.6433   15.8167
    0.0000   30.0000   37.5000 2710.3943   15.7003
    7.5000   30.0000   37.5000 2671.7190   16.0174
   -7.5000   37.5000   37.5000 2589.9436   16.9574
    0.0000   37.5000   37.5000 2594.2102   16.8952
    7.5000   37.5000   37.5000 2565.3953   17.2105
   -7.5000   45.0000   37.5000 2466.0818   18.4298
    0.0000   45.0000   37.5000 2471.2996   18.3859
    7.5000   45.0000   37.5000 2440.7644   18.7304
   -7.5000  -45.0000   45.0000 2104.6235   24.5405
    0.0000  -45.0000   45.0000 2120.0203   24.4746
    7.5000  -45.0000   45.0000 2099.7966   24.8603
   -7.5000  -37.5000   45.0000 2246.8054   21.5422
    0.0000  -37.5000   45.0000 2263.5525   21.5070
    7.5000  -37.5000   45.0000 2238.0427   21.8858
   -7.5000  -30.0000   45.0000 2378.7910   19.3622
    0.0000  -30.0000   45.0000 2399.6682   19.3502
    7.5000  -30.0000   45.0000 2364.5732   19.7003
   -7.5000  -22.5000   45.0000 2490.8281   17.7435
    0.0000  -22.5000   45.0000 2514.6948   17.7078
    7.5000  -22.5000   45.0000 2476.4919   18.0278
   -7.5000  -15.0000   45.0000 2600.3926   16.5236
    0.0000  -15.0000   45.0000 2624.2847   16.4734
    7.5000  -15.0000   45.0000 2585.3625   16.7729
   -7.5000   -7.5000   45.0000 2695.7966   15.6124
    0.0000   -7.5000   45.0000 2716.9255   15.5541
    7.5000   -7.5000   45.0000 2672.1562   15.8735
   -7.5000    0.0000   45.0000 2761.4128   15.0354
    0.0000    0.0000   45.0000 2778.1257   14.9920
    7.5000    0.0000   45.0000 2732.1746   15.3403
   -7.5000    7.5000   45.0000 2788.2729   14.8613
    0.0000    7.5000   45.0000 2804.5852   14.8319
    7.5000    7.5000   45.0000 2761.8923   15.1483
   -7.5000   15.0000   45.0000 2768.6504   15.0497
    0.0000   15.0000   45.0000 2782.7034   14.9814
    7.5000   15.0000   45.0000 2744.1182   15.2982
   -7.5000   22.5000   45.0000 2714.3445   15.5850
    0.0000   22.5000   45.0000 2729.4360   15.4980
    7.5000   22.5000   45.0000 2685.8660   15.8132
   -7.5000   30.0000   45.0000 2631.1189   16.4833
    0.0000   30.0000   45.0000 2641.9131   16.3864
    7.5000   30.0000   45.0000 2599.5874   16.7118
   -7.5000   37.5000   45.0000 2528.1836   17.6039
    0.0000   37.5000   45.0000 2532.9602   17.5529
    7.5000   37.5000   45.0000 2500.7976   17.9143
   -7.5000   45.0000   45.0000 2406.5732   19.1036
    0.0000   45.0000   45.0000 2413.3167   19.0659
    7.5000   45.0000   45.0000 2387.3789   19.4747

---------------------------------------------------------------------
imgreg_4dfp /opt/freesurfer/average/711-2C_as_mni_average_305 /opt/freesurfer/average/711-2B_as_mni_average_305_mask talsrcimg_g11 none talsrcimg_to_711-2C_as_mni_average_305_t4 1283
---------------------------------------------------------------------

freesurfer imgreg_4dfp.c
/opt/freesurfer/average/711-2C_as_mni_average_305.4dfp.img
       256       256       256         1
  1.000000  1.000000  1.000000
orientation T byte_order littleendian
Reading image: /opt/freesurfer/average/711-2C_as_mni_average_305.4dfp.img
dimensions:      256       256       256
mmppix:       1.0000   -1.0000   -1.0000
center:     128.0000 -129.0000 -129.0000
/opt/freesurfer/average/711-2B_as_mni_average_305_mask.4dfp.img
       256       256       256         1
  1.000000  1.000000  1.000000
orientation T byte_order littleendian
Reading mask: /opt/freesurfer/average/711-2B_as_mni_average_305_mask.4dfp.img (2306576 pixels)
talsrcimg_g11.4dfp.img
       256       256       256         1
  1.000000  1.000000  1.000000
orientation T byte_order littleendian
Reading image: talsrcimg_g11.4dfp.img
dimensions:      256       256       256
mmppix:       1.0000   -1.0000   -1.0000
center:     128.0000 -129.0000 -129.0000
rotation matrix determinant  1.000000
fimgreg.f
image alignment mode   1283 decimal      503 hex
parameters
    0.0000    7.5000   15.0000    0.0000    0.0000    0.0000
eta,q 0.94381 13.36611
niter,ni,del,rscale     5    3   12.0000    1.2000
parameter  1  0.669110 ->  0.500000 qaram    1.1500
parameter  4  0.799510 ->  0.500000 qaram    1.1500
parameters
   -3.4500    9.5489   17.6090   -3.4500   -0.0041    1.3539
eta,q 0.95321 13.13642
  0.0563  0.0668  0.0667  0.0478  0.0552  0.0552
  0.0535  0.0586  0.0596  0.0472  0.0513  0.0522
  0.0545  0.0543  0.0557  0.0482  0.0483  0.0495
  0.0581  0.0530  0.0528  0.0497  0.0474  0.0474
  0.0654  0.0528  0.0503  0.0520  0.0483  0.0466
  0.0736  0.0526  0.0512  0.0546  0.0511  0.0477
  0.0807  0.0546  0.0534  0.0583  0.0554  0.0511
niter,ni,del,rscale     6    3   12.0000    1.2000
parameters
   -3.0612   11.3213   17.9469   -4.7335   -0.7029    1.1890
eta,q 0.95556 13.13698
  0.0673  0.0659  0.0544  0.0521  0.0517  0.0517
  0.0597  0.0566  0.0494  0.0465  0.0479  0.0484
  0.0522  0.0499  0.0466  0.0442  0.0449  0.0457
  0.0468  0.0466  0.0456  0.0457  0.0446  0.0444
  0.0485  0.0456  0.0478  0.0490  0.0466  0.0453
  0.0556  0.0472  0.0502  0.0523  0.0507  0.0485
  0.0648  0.0513  0.0512  0.0568  0.0559  0.0531
niter,ni,del,rscale     5    3   12.0000    1.2000
parameters
   -2.6703   11.8750   17.7424   -5.2280   -1.1032    1.1591
eta,q 0.95579 13.14867
  0.0678  0.0612  0.0519  0.0535  0.0519  0.0514
  0.0592  0.0528  0.0469  0.0478  0.0482  0.0481
  0.0500  0.0467  0.0448  0.0442  0.0452  0.0455
  0.0444  0.0445  0.0446  0.0445  0.0442  0.0442
  0.0475  0.0460  0.0476  0.0472  0.0455  0.0449
  0.0551  0.0495  0.0497  0.0505  0.0494  0.0478
  0.0643  0.0557  0.0504  0.0550  0.0548  0.0521
niter,ni,del,rscale     4    3   12.0000    1.2000
parameters
   -2.4631   12.1014   17.6780   -5.4527   -1.3229    1.1716
eta,q 0.95561 13.15293
  0.0674  0.0599  0.0521  0.0540  0.0523  0.0513
  0.0578  0.0515  0.0470  0.0485  0.0486  0.0481
  0.0482  0.0455  0.0447  0.0446  0.0457  0.0456
  0.0442  0.0443  0.0445  0.0445  0.0443  0.0444
  0.0480  0.0466  0.0472  0.0467  0.0453  0.0449
  0.0558  0.0504  0.0495  0.0501  0.0488  0.0476
  0.0649  0.0570  0.0501  0.0543  0.0543  0.0518
niter,ni,del,rscale     3    3   12.0000    1.2000
parameters
   -2.3537   12.2047   17.6542   -5.5567   -1.4418    1.1960
eta,q 0.95547 13.15615
  0.0671  0.0595  0.0522  0.0543  0.0525  0.0513
  0.0570  0.0509  0.0470  0.0490  0.0488  0.0481
  0.0476  0.0452  0.0448  0.0449  0.0459  0.0457
  0.0444  0.0445  0.0446  0.0445  0.0445  0.0445
  0.0483  0.0470  0.0472  0.0466  0.0452  0.0449
  0.0562  0.0508  0.0494  0.0500  0.0485  0.0476
  0.0653  0.0575  0.0499  0.0540  0.0540  0.0518
niter,ni,del,rscale     2    3   12.0000    1.2000
parameters
   -2.2978   12.2534   17.6509   -5.6044   -1.5003    1.2093
eta,q 0.95540 13.15683
  0.0668  0.0593  0.0522  0.0545  0.0527  0.0513
  0.0567  0.0507  0.0470  0.0492  0.0489  0.0481
  0.0473  0.0451  0.0448  0.0450  0.0460  0.0458
  0.0445  0.0446  0.0446  0.0446  0.0446  0.0446
  0.0485  0.0471  0.0472  0.0466  0.0451  0.0450
  0.0565  0.0511  0.0493  0.0499  0.0484  0.0476
  0.0655  0.0577  0.0499  0.0539  0.0539  0.0518
registration optimization eta report
parameter search radius
    6.9000    6.0000    6.0000    6.9000    6.0000    6.0000
100000*second partial in parameter space
       44.       39.       17.       20.       24.       19.
  0.0668  0.0593  0.0522  0.0545  0.0527  0.0513
  0.0567  0.0507  0.0470  0.0492  0.0489  0.0481
  0.0473  0.0451  0.0448  0.0450  0.0460  0.0458
  0.0445  0.0446  0.0446  0.0446  0.0446  0.0446
  0.0485  0.0471  0.0472  0.0466  0.0451  0.0450
  0.0565  0.0511  0.0493  0.0499  0.0484  0.0476
  0.0655  0.0577  0.0499  0.0539  0.0539  0.0518
   -2.2978   12.2534   17.6509   -5.6044   -1.5003    1.2093
eta,q 0.95540 13.15683

---------------------------------------------------------------------
imgreg_4dfp /opt/freesurfer/average/711-2C_as_mni_average_305 /opt/freesurfer/average/711-2B_as_mni_average_305_mask talsrcimg_g11 none talsrcimg_to_711-2C_as_mni_average_305_t4 3335
---------------------------------------------------------------------

freesurfer imgreg_4dfp.c
/opt/freesurfer/average/711-2C_as_mni_average_305.4dfp.img
       256       256       256         1
  1.000000  1.000000  1.000000
orientation T byte_order littleendian
Reading image: /opt/freesurfer/average/711-2C_as_mni_average_305.4dfp.img
dimensions:      256       256       256
mmppix:       1.0000   -1.0000   -1.0000
center:     128.0000 -129.0000 -129.0000
/opt/freesurfer/average/711-2B_as_mni_average_305_mask.4dfp.img
       256       256       256         1
  1.000000  1.000000  1.000000
orientation T byte_order littleendian
Reading mask: /opt/freesurfer/average/711-2B_as_mni_average_305_mask.4dfp.img (2306576 pixels)
talsrcimg_g11.4dfp.img
       256       256       256         1
  1.000000  1.000000  1.000000
orientation T byte_order littleendian
Reading image: talsrcimg_g11.4dfp.img
dimensions:      256       256       256
mmppix:       1.0000   -1.0000   -1.0000
center:     128.0000 -129.0000 -129.0000
fimgreg.f
image alignment mode   3335 decimal      D07 hex
parameters
   -2.2978   12.2534   17.6509   -0.0566   -0.5056   -0.5121
   -2.3561    2.3991    2.1098    9.8188   -2.6183   -9.7626
eta,q 0.95570 13.26055
niter,ni,del,rscale     5    3    5.0000    1.2000
parameter  4  1.993910 ->  0.500000 qaram    1.1500
parameter  5  1.935238 ->  0.500000 qaram    1.1500
parameter  6  1.985349 ->  0.500000 qaram    1.1500
parameters
   -2.2644   12.3494   16.6584   -4.1966   -4.6456   -4.6521
   -3.0478    2.2895    0.8087    6.5353   -3.0535  -11.2338
eta,q 0.97348 12.76100
  0.0473  0.0467  0.0446  0.0365  0.0323  0.0249  0.0300  0.0321  0.0289  0.0278  0.0283  0.0280
  0.0457  0.0455  0.0440  0.0382  0.0337  0.0267  0.0285  0.0296  0.0279  0.0269  0.0274  0.0270
  0.0447  0.0447  0.0440  0.0406  0.0359  0.0300  0.0277  0.0280  0.0274  0.0266  0.0268  0.0266
  0.0443  0.0443  0.0443  0.0439  0.0388  0.0342  0.0275  0.0275  0.0275  0.0274  0.0266  0.0266
  0.0446  0.0444  0.0448  0.0480  0.0422  0.0388  0.0281  0.0281  0.0280  0.0291  0.0269  0.0272
  0.0456  0.0451  0.0456  0.0520  0.0458  0.0437  0.0293  0.0297  0.0290  0.0315  0.0277  0.0284
  0.0472  0.0464  0.0466  0.0566  0.0499  0.0497  0.0312  0.0324  0.0305  0.0343  0.0288  0.0297
niter,ni,del,rscale     7    3    5.0000    1.2000
parameter  4  0.722907 ->  0.500000 qaram    1.3225
parameter  5  0.637189 ->  0.500000 qaram    1.3225
parameters
   -1.9426   12.3716   17.1963   -8.9576   -9.4066   -8.7528
   -2.8977    2.8787    0.9670    7.8766   -3.8729   -9.9513
eta,q 0.97891 12.26838
  0.0317  0.0296  0.0307  0.0242  0.0227  0.0227  0.0245  0.0273  0.0235  0.0255  0.0225  0.0232
  0.0291  0.0279  0.0287  0.0238  0.0222  0.0217  0.0229  0.0244  0.0223  0.0235  0.0217  0.0222
  0.0273  0.0268  0.0273  0.0244  0.0226  0.0212  0.0218  0.0223  0.0216  0.0220  0.0212  0.0215
  0.0265  0.0264  0.0264  0.0263  0.0239  0.0222  0.0213  0.0213  0.0213  0.0213  0.0212  0.0212
  0.0266  0.0268  0.0263  0.0295  0.0260  0.0259  0.0217  0.0216  0.0215  0.0212  0.0215  0.0211
  0.0276  0.0278  0.0269  0.0341  0.0293  0.0308  0.0227  0.0232  0.0222  0.0219  0.0222  0.0215
  0.0295  0.0294  0.0281  0.0388  0.0334  0.0360  0.0243  0.0257  0.0233  0.0232  0.0232  0.0222
niter,ni,del,rscale     7    3    5.0000    1.2000
parameters
   -1.7618   12.3006   17.2066   -9.4290  -10.3434   -9.3640
   -2.9439    3.1760    1.2783    7.6875   -3.9133   -9.8383
eta,q 0.97871 12.15888
  0.0256  0.0237  0.0232  0.0256  0.0247  0.0255  0.0243  0.0268  0.0233  0.0242  0.0228  0.0229
  0.0233  0.0222  0.0220  0.0235  0.0228  0.0236  0.0227  0.0240  0.0222  0.0226  0.0220  0.0221
  0.0217  0.0213  0.0213  0.0219  0.0215  0.0221  0.0217  0.0221  0.0216  0.0216  0.0215  0.0215
  0.0211  0.0211  0.0211  0.0211  0.0211  0.0212  0.0213  0.0213  0.0213  0.0213  0.0213  0.0213
  0.0213  0.0215  0.0213  0.0213  0.0218  0.0213  0.0217  0.0217  0.0215  0.0217  0.0215  0.0215
  0.0224  0.0225  0.0220  0.0234  0.0236  0.0238  0.0228  0.0234  0.0220  0.0228  0.0220  0.0220
  0.0244  0.0240  0.0232  0.0275  0.0268  0.0283  0.0244  0.0260  0.0230  0.0245  0.0228  0.0228
niter,ni,del,rscale     6    3    5.0000    1.2000
parameters
   -1.7479   12.3096   17.1913   -9.2645  -10.3293   -9.4654
   -2.9515    3.2152    1.3010    7.6819   -3.9097   -9.8205
eta,q 0.97872 12.16363
  0.0251  0.0240  0.0232  0.0260  0.0255  0.0259  0.0243  0.0264  0.0232  0.0244  0.0228  0.0229
  0.0230  0.0225  0.0222  0.0239  0.0234  0.0239  0.0227  0.0237  0.0221  0.0227  0.0220  0.0220
  0.0217  0.0216  0.0215  0.0223  0.0219  0.0223  0.0217  0.0219  0.0215  0.0216  0.0215  0.0215
  0.0213  0.0213  0.0213  0.0213  0.0212  0.0212  0.0213  0.0213  0.0213  0.0213  0.0213  0.0213
  0.0217  0.0216  0.0215  0.0212  0.0216  0.0211  0.0216  0.0218  0.0215  0.0216  0.0215  0.0215
  0.0229  0.0225  0.0222  0.0229  0.0231  0.0230  0.0227  0.0236  0.0221  0.0227  0.0220  0.0220
  0.0250  0.0239  0.0233  0.0265  0.0258  0.0273  0.0244  0.0263  0.0231  0.0244  0.0228  0.0229
niter,ni,del,rscale     5    3    5.0000    1.2000
parameters
   -1.7470   12.3089   17.1688   -9.2517  -10.3174   -9.4821
   -2.9496    3.2176    1.3075    7.6850   -3.9101   -9.8374
eta,q 0.97872 12.16457
  0.0250  0.0240  0.0232  0.0259  0.0255  0.0260  0.0243  0.0264  0.0232  0.0244  0.0228  0.0229
  0.0230  0.0225  0.0221  0.0238  0.0234  0.0239  0.0227  0.0237  0.0221  0.0227  0.0220  0.0220
  0.0217  0.0216  0.0215  0.0222  0.0220  0.0224  0.0217  0.0219  0.0215  0.0216  0.0215  0.0215
  0.0213  0.0213  0.0213  0.0213  0.0213  0.0213  0.0213  0.0213  0.0213  0.0213  0.0213  0.0213
  0.0217  0.0216  0.0215  0.0213  0.0216  0.0211  0.0216  0.0218  0.0215  0.0217  0.0215  0.0215
  0.0230  0.0225  0.0222  0.0230  0.0231  0.0229  0.0227  0.0237  0.0221  0.0227  0.0220  0.0220
  0.0250  0.0239  0.0233  0.0267  0.0258  0.0271  0.0243  0.0264  0.0231  0.0244  0.0228  0.0229
registration optimization eta report
parameter search radius
    2.4000    2.4000    2.4000    9.5220    9.5220    8.2800
    7.2000    7.2000    7.2000    7.2000    7.2000    7.2000
100000*second partial in parameter space
       65.       46.       34.        6.        5.        8.
        6.       10.        4.        6.        3.        3.
  0.0250  0.0240  0.0232  0.0259  0.0255  0.0260  0.0243  0.0264  0.0232  0.0244  0.0228  0.0229
  0.0230  0.0225  0.0221  0.0238  0.0234  0.0239  0.0227  0.0237  0.0221  0.0227  0.0220  0.0220
  0.0217  0.0216  0.0215  0.0222  0.0220  0.0224  0.0217  0.0219  0.0215  0.0216  0.0215  0.0215
  0.0213  0.0213  0.0213  0.0213  0.0213  0.0213  0.0213  0.0213  0.0213  0.0213  0.0213  0.0213
  0.0217  0.0216  0.0215  0.0213  0.0216  0.0211  0.0216  0.0218  0.0215  0.0217  0.0215  0.0215
  0.0230  0.0225  0.0222  0.0230  0.0231  0.0229  0.0227  0.0237  0.0221  0.0227  0.0220  0.0220
  0.0250  0.0239  0.0233  0.0267  0.0258  0.0271  0.0243  0.0264  0.0231  0.0244  0.0228  0.0229
   -1.7470   12.3089   17.1688   -9.2517  -10.3174   -9.4821
   -2.9496    3.2176    1.3075    7.6850   -3.9101   -9.8374
eta,q 0.97872 12.16457

---------------------------------------------------------------------
imgreg_4dfp /opt/freesurfer/average/711-2C_as_mni_average_305 /opt/freesurfer/average/711-2B_as_mni_average_305_mask talsrcimg_g11 none talsrcimg_to_711-2C_as_mni_average_305_t4 2311
---------------------------------------------------------------------

freesurfer imgreg_4dfp.c
/opt/freesurfer/average/711-2C_as_mni_average_305.4dfp.img
       256       256       256         1
  1.000000  1.000000  1.000000
orientation T byte_order littleendian
Reading image: /opt/freesurfer/average/711-2C_as_mni_average_305.4dfp.img
dimensions:      256       256       256
mmppix:       1.0000   -1.0000   -1.0000
center:     128.0000 -129.0000 -129.0000
/opt/freesurfer/average/711-2B_as_mni_average_305_mask.4dfp.img
       256       256       256         1
  1.000000  1.000000  1.000000
orientation T byte_order littleendian
Reading mask: /opt/freesurfer/average/711-2B_as_mni_average_305_mask.4dfp.img (2306576 pixels)
talsrcimg_g11.4dfp.img
       256       256       256         1
  1.000000  1.000000  1.000000
orientation T byte_order littleendian
Reading image: talsrcimg_g11.4dfp.img
dimensions:      256       256       256
mmppix:       1.0000   -1.0000   -1.0000
center:     128.0000 -129.0000 -129.0000
fimgreg.f
image alignment mode   2311 decimal      907 hex
parameters
   -1.7470   12.3089   17.1688   -9.2517  -10.3174   -9.4821
   -2.9496    3.2176    1.3075    7.6850   -3.9101   -9.8374
eta,q 0.97872 12.16458
niter,ni,del,rscale     5    3    5.0000    0.8000
parameters
   -1.7534   12.2858   17.1442   -8.0661   -9.9325   -8.5731
   -2.8500    3.0843    1.2154    7.7060   -4.0338   -9.8673
eta,q 0.97907 12.28696
  0.0230  0.0225  0.0222  0.0230  0.0225  0.0233  0.0225  0.0235  0.0218  0.0224  0.0217  0.0217
  0.0220  0.0218  0.0217  0.0223  0.0218  0.0224  0.0217  0.0221  0.0213  0.0216  0.0213  0.0213
  0.0215  0.0214  0.0214  0.0217  0.0213  0.0217  0.0211  0.0212  0.0210  0.0211  0.0210  0.0210
  0.0213  0.0213  0.0213  0.0213  0.0211  0.0211  0.0209  0.0209  0.0209  0.0209  0.0209  0.0209
  0.0215  0.0214  0.0214  0.0211  0.0212  0.0209  0.0211  0.0213  0.0211  0.0211  0.0210  0.0210
  0.0220  0.0219  0.0217  0.0213  0.0215  0.0212  0.0216  0.0223  0.0213  0.0216  0.0213  0.0213
  0.0230  0.0225  0.0222  0.0220  0.0221  0.0223  0.0223  0.0238  0.0218  0.0224  0.0218  0.0217
niter,ni,del,rscale     4    3    5.0000    0.7000
parameters
   -1.7372   12.2860   17.2114   -8.3245   -9.9527   -8.3903
   -2.8516    3.0889    1.2043    7.6907   -4.0921   -9.8341
eta,q 0.97908 12.28057
  0.0224  0.0219  0.0218  0.0219  0.0218  0.0225  0.0221  0.0230  0.0216  0.0220  0.0215  0.0215
  0.0216  0.0214  0.0213  0.0214  0.0214  0.0218  0.0214  0.0219  0.0212  0.0214  0.0212  0.0212
  0.0211  0.0210  0.0210  0.0211  0.0211  0.0213  0.0211  0.0212  0.0210  0.0210  0.0210  0.0210
  0.0209  0.0209  0.0209  0.0209  0.0209  0.0209  0.0209  0.0209  0.0209  0.0209  0.0209  0.0209
  0.0211  0.0211  0.0210  0.0210  0.0210  0.0209  0.0210  0.0211  0.0210  0.0210  0.0210  0.0210
  0.0215  0.0214  0.0212  0.0215  0.0214  0.0214  0.0214  0.0219  0.0212  0.0214  0.0212  0.0212
  0.0223  0.0219  0.0216  0.0223  0.0219  0.0225  0.0221  0.0230  0.0216  0.0220  0.0216  0.0215
niter,ni,del,rscale     3    3    5.0000    0.6000
parameters
   -1.7316   12.2789   17.2521   -8.2878   -9.9538   -8.2307
   -2.8344    3.0823    1.2045    7.6595   -4.1178   -9.7943
eta,q 0.97910 12.28758
  0.0220  0.0216  0.0216  0.0218  0.0216  0.0221  0.0218  0.0225  0.0214  0.0217  0.0214  0.0213
  0.0214  0.0212  0.0212  0.0214  0.0212  0.0216  0.0213  0.0216  0.0211  0.0212  0.0211  0.0211
  0.0210  0.0210  0.0210  0.0211  0.0210  0.0212  0.0210  0.0211  0.0210  0.0210  0.0210  0.0210
  0.0209  0.0209  0.0209  0.0209  0.0209  0.0209  0.0209  0.0209  0.0209  0.0209  0.0209  0.0209
  0.0210  0.0210  0.0210  0.0210  0.0210  0.0209  0.0210  0.0211  0.0210  0.0210  0.0210  0.0209
  0.0214  0.0212  0.0212  0.0213  0.0212  0.0213  0.0213  0.0216  0.0211  0.0213  0.0211  0.0211
  0.0219  0.0216  0.0215  0.0218  0.0216  0.0221  0.0217  0.0225  0.0214  0.0217  0.0214  0.0213
niter,ni,del,rscale     2    3    5.0000    0.5000
parameters
   -1.7322   12.2728   17.2798   -8.2511   -9.9504   -8.0898
   -2.8155    3.0766    1.1919    7.6391   -4.1341   -9.7730
eta,q 0.97911 12.29428
  0.0216  0.0214  0.0213  0.0215  0.0214  0.0218  0.0215  0.0220  0.0212  0.0214  0.0212  0.0212
  0.0212  0.0211  0.0211  0.0212  0.0211  0.0214  0.0212  0.0214  0.0210  0.0211  0.0210  0.0210
  0.0210  0.0210  0.0210  0.0210  0.0210  0.0211  0.0210  0.0210  0.0209  0.0209  0.0209  0.0209
  0.0209  0.0209  0.0209  0.0209  0.0209  0.0209  0.0209  0.0209  0.0209  0.0209  0.0209  0.0209
  0.0210  0.0210  0.0209  0.0209  0.0209  0.0209  0.0210  0.0210  0.0209  0.0210  0.0209  0.0209
  0.0212  0.0211  0.0211  0.0211  0.0211  0.0212  0.0212  0.0214  0.0210  0.0211  0.0210  0.0210
  0.0216  0.0214  0.0213  0.0215  0.0214  0.0217  0.0215  0.0220  0.0212  0.0215  0.0212  0.0212
niter,ni,del,rscale     1    3    5.0000    0.4000
parameters
   -1.7341   12.2701   17.2956   -8.2031   -9.9479   -7.9783
   -2.7975    3.0688    1.1809    7.6160   -4.1376   -9.7600
eta,q 0.97912 12.30029
  0.0213  0.0212  0.0212  0.0213  0.0212  0.0215  0.0213  0.0216  0.0211  0.0212  0.0211  0.0211
  0.0211  0.0210  0.0210  0.0211  0.0210  0.0212  0.0211  0.0212  0.0210  0.0210  0.0210  0.0210
  0.0209  0.0209  0.0209  0.0210  0.0209  0.0210  0.0209  0.0210  0.0209  0.0209  0.0209  0.0209
  0.0209  0.0209  0.0209  0.0209  0.0209  0.0209  0.0209  0.0209  0.0209  0.0209  0.0209  0.0209
  0.0209  0.0209  0.0209  0.0209  0.0209  0.0209  0.0209  0.0210  0.0209  0.0209  0.0209  0.0209
  0.0211  0.0210  0.0210  0.0210  0.0210  0.0211  0.0211  0.0212  0.0210  0.0210  0.0210  0.0210
  0.0213  0.0212  0.0211  0.0213  0.0212  0.0214  0.0213  0.0216  0.0211  0.0212  0.0211  0.0211
registration optimization eta report
parameter search radius
    0.8000    0.8000    0.8000    2.4000    2.4000    2.4000
    2.4000    2.4000    2.4000    2.4000    2.4000    2.4000
100000*second partial in parameter space
       72.       50.       42.        7.        5.       10.
        7.       13.        4.        6.        4.        3.
  0.0213  0.0212  0.0212  0.0213  0.0212  0.0215  0.0213  0.0216  0.0211  0.0212  0.0211  0.0211
  0.0211  0.0210  0.0210  0.0211  0.0210  0.0212  0.0211  0.0212  0.0210  0.0210  0.0210  0.0210
  0.0209  0.0209  0.0209  0.0210  0.0209  0.0210  0.0209  0.0210  0.0209  0.0209  0.0209  0.0209
  0.0209  0.0209  0.0209  0.0209  0.0209  0.0209  0.0209  0.0209  0.0209  0.0209  0.0209  0.0209
  0.0209  0.0209  0.0209  0.0209  0.0209  0.0209  0.0209  0.0210  0.0209  0.0209  0.0209  0.0209
  0.0211  0.0210  0.0210  0.0210  0.0210  0.0211  0.0211  0.0212  0.0210  0.0210  0.0210  0.0210
  0.0213  0.0212  0.0211  0.0213  0.0212  0.0214  0.0213  0.0216  0.0211  0.0212  0.0211  0.0211
   -1.7341   12.2701   17.2956   -8.2031   -9.9479   -7.9783
   -2.7975    3.0688    1.1809    7.6160   -4.1376   -9.7600
eta,q 0.97912 12.30029

---------------------------------------------------------------------
imgreg_4dfp /opt/freesurfer/average/711-2C_as_mni_average_305 /opt/freesurfer/average/711-2B_as_mni_average_305_mask talsrcimg_g11 none talsrcimg_to_711-2C_as_mni_average_305_t4 2311
---------------------------------------------------------------------

freesurfer imgreg_4dfp.c
/opt/freesurfer/average/711-2C_as_mni_average_305.4dfp.img
       256       256       256         1
  1.000000  1.000000  1.000000
orientation T byte_order littleendian
Reading image: /opt/freesurfer/average/711-2C_as_mni_average_305.4dfp.img
dimensions:      256       256       256
mmppix:       1.0000   -1.0000   -1.0000
center:     128.0000 -129.0000 -129.0000
/opt/freesurfer/average/711-2B_as_mni_average_305_mask.4dfp.img
       256       256       256         1
  1.000000  1.000000  1.000000
orientation T byte_order littleendian
Reading mask: /opt/freesurfer/average/711-2B_as_mni_average_305_mask.4dfp.img (2306576 pixels)
talsrcimg_g11.4dfp.img
       256       256       256         1
  1.000000  1.000000  1.000000
orientation T byte_order littleendian
Reading image: talsrcimg_g11.4dfp.img
dimensions:      256       256       256
mmppix:       1.0000   -1.0000   -1.0000
center:     128.0000 -129.0000 -129.0000
fimgreg.f
image alignment mode   2311 decimal      907 hex
parameters
   -1.7341   12.2701   17.2956   -8.2031   -9.9479   -7.9782
   -2.7975    3.0688    1.1809    7.6160   -4.1376   -9.7600
eta,q 0.97912 12.30029
niter,ni,del,rscale     5    3    5.0000    0.8000
parameters
   -1.7361   12.2861   17.3299   -8.6083  -10.0255   -8.4215
   -2.8762    3.1272    1.2234    7.6852   -4.1177   -9.7081
eta,q 0.97906 12.25987
  0.0227  0.0222  0.0220  0.0221  0.0220  0.0226  0.0224  0.0237  0.0219  0.0224  0.0218  0.0217
  0.0217  0.0215  0.0214  0.0215  0.0214  0.0218  0.0216  0.0222  0.0214  0.0216  0.0213  0.0213
  0.0211  0.0210  0.0210  0.0211  0.0210  0.0212  0.0211  0.0213  0.0210  0.0211  0.0210  0.0211
  0.0209  0.0209  0.0209  0.0209  0.0209  0.0209  0.0209  0.0210  0.0209  0.0210  0.0210  0.0209
  0.0211  0.0210  0.0210  0.0210  0.0210  0.0211  0.0211  0.0212  0.0210  0.0211  0.0210  0.0210
  0.0217  0.0214  0.0213  0.0217  0.0214  0.0220  0.0217  0.0221  0.0213  0.0216  0.0213  0.0213
  0.0227  0.0221  0.0219  0.0228  0.0221  0.0239  0.0225  0.0236  0.0218  0.0223  0.0218  0.0217
niter,ni,del,rscale     4    3    5.0000    0.7000
parameters
   -1.7330   12.2716   17.2806   -8.3755   -9.9694   -8.3502
   -2.8556    3.1084    1.2190    7.6589   -4.1081   -9.7397
eta,q 0.97908 12.27717
  0.0223  0.0219  0.0217  0.0221  0.0219  0.0225  0.0221  0.0230  0.0216  0.0220  0.0216  0.0215
  0.0216  0.0214  0.0213  0.0216  0.0214  0.0218  0.0215  0.0219  0.0212  0.0214  0.0212  0.0212
  0.0211  0.0210  0.0210  0.0212  0.0211  0.0213  0.0211  0.0212  0.0210  0.0210  0.0210  0.0210
  0.0209  0.0209  0.0209  0.0209  0.0209  0.0209  0.0209  0.0209  0.0209  0.0209  0.0209  0.0209
  0.0211  0.0211  0.0211  0.0210  0.0210  0.0210  0.0210  0.0211  0.0210  0.0210  0.0210  0.0210
  0.0216  0.0214  0.0213  0.0213  0.0213  0.0215  0.0214  0.0219  0.0212  0.0214  0.0212  0.0212
  0.0223  0.0219  0.0218  0.0220  0.0218  0.0226  0.0220  0.0231  0.0216  0.0220  0.0216  0.0215
niter,ni,del,rscale     3    3    5.0000    0.6000
parameters
   -1.7340   12.2726   17.2732   -8.3061   -9.9584   -8.2192
   -2.8360    3.0878    1.2125    7.6423   -4.1088   -9.7620
eta,q 0.97910 12.28633
  0.0219  0.0216  0.0215  0.0218  0.0216  0.0221  0.0218  0.0225  0.0214  0.0217  0.0214  0.0213
  0.0214  0.0212  0.0212  0.0214  0.0212  0.0216  0.0213  0.0216  0.0211  0.0213  0.0211  0.0211
  0.0210  0.0210  0.0210  0.0211  0.0210  0.0212  0.0210  0.0211  0.0209  0.0210  0.0210  0.0209
  0.0209  0.0209  0.0209  0.0209  0.0209  0.0209  0.0209  0.0209  0.0209  0.0209  0.0209  0.0209
  0.0210  0.0210  0.0210  0.0209  0.0210  0.0209  0.0210  0.0211  0.0210  0.0210  0.0210  0.0209
  0.0214  0.0212  0.0212  0.0212  0.0212  0.0213  0.0213  0.0216  0.0211  0.0213  0.0211  0.0211
  0.0219  0.0216  0.0215  0.0218  0.0216  0.0221  0.0217  0.0225  0.0214  0.0217  0.0214  0.0213
niter,ni,del,rscale     2    3    5.0000    0.5000
parameters
   -1.7321   12.2686   17.2836   -8.2553   -9.9465   -8.0885
   -2.8187    3.0761    1.2019    7.6248   -4.1338   -9.7778
eta,q 0.97911 12.29406
  0.0216  0.0214  0.0213  0.0215  0.0214  0.0218  0.0215  0.0220  0.0212  0.0214  0.0212  0.0212
  0.0212  0.0211  0.0211  0.0212  0.0211  0.0214  0.0212  0.0214  0.0210  0.0211  0.0210  0.0210
  0.0210  0.0210  0.0209  0.0210  0.0210  0.0211  0.0210  0.0210  0.0209  0.0209  0.0209  0.0209
  0.0209  0.0209  0.0209  0.0209  0.0209  0.0209  0.0209  0.0209  0.0209  0.0209  0.0209  0.0209
  0.0210  0.0210  0.0209  0.0209  0.0209  0.0209  0.0210  0.0210  0.0209  0.0210  0.0209  0.0209
  0.0212  0.0211  0.0211  0.0211  0.0211  0.0212  0.0212  0.0214  0.0210  0.0211  0.0210  0.0210
  0.0216  0.0214  0.0213  0.0215  0.0214  0.0217  0.0215  0.0220  0.0212  0.0215  0.0212  0.0212
niter,ni,del,rscale     1    3    5.0000    0.4000
parameters
   -1.7316   12.2673   17.2946   -8.2063   -9.9474   -7.9751
   -2.8027    3.0736    1.1862    7.6082   -4.1542   -9.7604
eta,q 0.97912 12.30022
  0.0213  0.0212  0.0212  0.0213  0.0212  0.0215  0.0213  0.0216  0.0211  0.0212  0.0211  0.0211
  0.0211  0.0210  0.0210  0.0211  0.0210  0.0212  0.0211  0.0212  0.0210  0.0210  0.0210  0.0210
  0.0209  0.0209  0.0209  0.0210  0.0209  0.0210  0.0209  0.0210  0.0209  0.0209  0.0209  0.0209
  0.0209  0.0209  0.0209  0.0209  0.0209  0.0209  0.0209  0.0209  0.0209  0.0209  0.0209  0.0209
  0.0209  0.0209  0.0209  0.0209  0.0209  0.0209  0.0209  0.0209  0.0209  0.0209  0.0209  0.0209
  0.0211  0.0210  0.0210  0.0210  0.0210  0.0211  0.0210  0.0212  0.0210  0.0210  0.0210  0.0210
  0.0213  0.0212  0.0212  0.0213  0.0212  0.0214  0.0213  0.0216  0.0211  0.0212  0.0211  0.0211
registration optimization eta report
parameter search radius
    0.8000    0.8000    0.8000    2.4000    2.4000    2.4000
    2.4000    2.4000    2.4000    2.4000    2.4000    2.4000
100000*second partial in parameter space
       71.       50.       42.        7.        5.       10.
        7.       13.        4.        6.        4.        3.
  0.0213  0.0212  0.0212  0.0213  0.0212  0.0215  0.0213  0.0216  0.0211  0.0212  0.0211  0.0211
  0.0211  0.0210  0.0210  0.0211  0.0210  0.0212  0.0211  0.0212  0.0210  0.0210  0.0210  0.0210
  0.0209  0.0209  0.0209  0.0210  0.0209  0.0210  0.0209  0.0210  0.0209  0.0209  0.0209  0.0209
  0.0209  0.0209  0.0209  0.0209  0.0209  0.0209  0.0209  0.0209  0.0209  0.0209  0.0209  0.0209
  0.0209  0.0209  0.0209  0.0209  0.0209  0.0209  0.0209  0.0209  0.0209  0.0209  0.0209  0.0209
  0.0211  0.0210  0.0210  0.0210  0.0210  0.0211  0.0210  0.0212  0.0210  0.0210  0.0210  0.0210
  0.0213  0.0212  0.0212  0.0213  0.0212  0.0214  0.0213  0.0216  0.0211  0.0212  0.0211  0.0211
   -1.7316   12.2673   17.2946   -8.2063   -9.9474   -7.9751
   -2.8027    3.0736    1.1862    7.6082   -4.1542   -9.7604
eta,q 0.97912 12.30022

---------------------------------------------------------------------
compute_vox2vox talsrcimg talsrcimg_to_711-2C_as_mni_average_305_t4 /opt/freesurfer/average/711-2C_as_mni_average_305
---------------------------------------------------------------------

freesurfer compute_vox2vox.c
Reading: talsrcimg.4dfp.ifh
Reading: talsrcimg_to_711-2C_as_mni_average_305_t4
Reading: /opt/freesurfer/average/711-2C_as_mni_average_305.4dfp.ifh
Writing: talsrcimg_to_711-2C_as_mni_average_305_t4_vox2vox.txt

start time Thu Mar 12 01:37:32 CET 2026
end		time Thu Mar 12 01:38:56 CET 2026

mpr2mni305 success

avi2talxfm orig_nu.mgz /opt/freesurfer/average/mni305.cor.mgz talsrcimg_to_711-2C_as_mni_average_305_t4_vox2vox.txt transforms/talairach.auto.xfm
avi2talxfm done
mv -f /out/sourcedata/freesurfer/sub-v1s10x0050989_ses-1/mri/talsrcimg_to_711-2C_as_mni_average_305_t4_vox2vox.txt /out/sourcedata/freesurfer/sub-v1s10x0050989_ses-1/mri/transforms/talsrcimg_to_711-2C_as_mni_average_305_t4_vox2vox.txt
lta_convert --src orig_nu.mgz --trg /opt/freesurfer/average/mni305.cor.mgz --inxfm transforms/talairach.auto.xfm --outlta transforms/talairach.auto.xfm.lta --subject fsaverage
7.3.2

--src: orig_nu.mgz src image (geometry).
--trg: /opt/freesurfer/average/mni305.cor.mgz trg image (geometry).
--inmni: transforms/talairach.auto.xfm input MNI/XFM transform.
--outlta: transforms/talairach.auto.xfm.lta output LTA.
--s: fsaverage subject name
 LTA read, type : 1
 1.08726  -0.03876   0.02964   3.83754;
 0.04714   1.07533   0.11802  -20.84004;
-0.01830  -0.09034   1.10010  -11.50162;
 0.00000   0.00000   0.00000   1.00000;
setting subject to fsaverage
Writing  LTA to file transforms/talairach.auto.xfm.lta...
lta_convert successful.
 
 
Started at Thu Mar 12 01:37:32 CET 2026
Ended   at Thu Mar 12 01:38:56 CET 2026
talairach_avi done
