status file for recon-all
Thu Mar 12 03:09:42 CET 2026
#@# Tessellate rh Thu Mar 12 03:09:42 CET 2026
#@# Smooth1 rh Thu Mar 12 03:09:46 CET 2026
#@# Inflation1 rh Thu Mar 12 03:09:48 CET 2026
#@# QSphere rh Thu Mar 12 03:10:01 CET 2026
#@# Fix Topology rh Thu Mar 12 03:11:15 CET 2026
#@# Smooth2 rh Thu Mar 12 03:17:03 CET 2026
#@# Inflation2 rh Thu Mar 12 03:17:06 CET 2026
#@# Curv .H and .K rh Thu Mar 12 03:17:20 CET 2026
#@# Sphere rh Thu Mar 12 03:18:05 CET 2026
#@# Surf Reg rh Thu Mar 12 03:21:35 CET 2026
#@# Jacobian white rh Thu Mar 12 03:25:39 CET 2026
#@# AvgCurv rh Thu Mar 12 03:25:40 CET 2026
#@# Cortical Parc rh Thu Mar 12 03:25:41 CET 2026
#@# white curv rh Thu Mar 12 03:31:52 CET 2026
#@# white area rh Thu Mar 12 03:31:54 CET 2026
#@# pial curv rh Thu Mar 12 03:31:54 CET 2026
#@# pial area rh Thu Mar 12 03:31:56 CET 2026
#@# thickness rh Thu Mar 12 03:31:57 CET 2026
#@# area and vertex vol rh Thu Mar 12 03:32:25 CET 2026
#@# Curvature Stats rh Thu Mar 12 03:32:26 CET 2026
#@# Cortical Parc 2 rh Thu Mar 12 03:32:29 CET 2026
#@# Cortical Parc 3 rh Thu Mar 12 03:32:43 CET 2026
#@# WM/GM Contrast rh Thu Mar 12 03:32:54 CET 2026
recon-all -s sub-v1s10x0050980_ses-1 finished without error at Thu Mar 12 03:32:58 CET 2026



#New# invocation of recon-all 



status file for recon-all
Thu Mar 12 03:41:45 CET 2026
#@# white curv rh Thu Mar 12 03:41:45 CET 2026
#@# white area rh Thu Mar 12 03:41:45 CET 2026
#@# pial curv rh Thu Mar 12 03:41:45 CET 2026
#@# pial area rh Thu Mar 12 03:41:45 CET 2026
#@# thickness rh Thu Mar 12 03:41:45 CET 2026
#@# area and vertex vol rh Thu Mar 12 03:41:45 CET 2026
#@# Parcellation Stats rh Thu Mar 12 03:41:45 CET 2026
#@# Parcellation Stats 2 rh Thu Mar 12 03:42:02 CET 2026
#@# Parcellation Stats 3 rh Thu Mar 12 03:42:11 CET 2026
#@# BA_exvivo Labels rh Thu Mar 12 03:42:20 CET 2026
recon-all -s sub-v1s10x0050980_ses-1 finished without error at Thu Mar 12 03:45:04 CET 2026
