status file for recon-all
Thu Mar 12 00:28:09 CET 2026
#@# Tessellate lh Thu Mar 12 00:28:09 CET 2026
#@# Smooth1 lh Thu Mar 12 00:28:13 CET 2026
#@# Inflation1 lh Thu Mar 12 00:28:16 CET 2026
#@# QSphere lh Thu Mar 12 00:28:29 CET 2026
#@# Fix Topology lh Thu Mar 12 00:29:39 CET 2026
#@# Smooth2 lh Thu Mar 12 00:35:23 CET 2026
#@# Inflation2 lh Thu Mar 12 00:35:25 CET 2026
#@# Curv .H and .K lh Thu Mar 12 00:35:38 CET 2026
#@# Sphere lh Thu Mar 12 00:36:13 CET 2026
#@# Surf Reg lh Thu Mar 12 00:37:36 CET 2026
#@# Jacobian white lh Thu Mar 12 00:40:55 CET 2026
#@# AvgCurv lh Thu Mar 12 00:40:56 CET 2026
#@# Cortical Parc lh Thu Mar 12 00:40:57 CET 2026
#@# white curv lh Thu Mar 12 00:46:20 CET 2026
#@# white area lh Thu Mar 12 00:46:22 CET 2026
#@# pial curv lh Thu Mar 12 00:46:22 CET 2026
#@# pial area lh Thu Mar 12 00:46:24 CET 2026
#@# thickness lh Thu Mar 12 00:46:24 CET 2026
#@# area and vertex vol lh Thu Mar 12 00:46:45 CET 2026
#@# Curvature Stats lh Thu Mar 12 00:46:47 CET 2026
#@# Cortical Parc 2 lh Thu Mar 12 00:46:49 CET 2026
#@# Cortical Parc 3 lh Thu Mar 12 00:47:01 CET 2026
#@# WM/GM Contrast lh Thu Mar 12 00:47:09 CET 2026
recon-all -s sub-v1s10x0050954_ses-1 finished without error at Thu Mar 12 00:47:13 CET 2026



#New# invocation of recon-all 



status file for recon-all
Thu Mar 12 01:10:40 CET 2026
#@# white curv lh Thu Mar 12 01:10:40 CET 2026
#@# white area lh Thu Mar 12 01:10:40 CET 2026
#@# pial curv lh Thu Mar 12 01:10:40 CET 2026
#@# pial area lh Thu Mar 12 01:10:40 CET 2026
#@# thickness lh Thu Mar 12 01:10:40 CET 2026
#@# area and vertex vol lh Thu Mar 12 01:10:40 CET 2026
#@# Parcellation Stats lh Thu Mar 12 01:10:40 CET 2026
#@# Parcellation Stats 2 lh Thu Mar 12 01:10:53 CET 2026
#@# Parcellation Stats 3 lh Thu Mar 12 01:11:00 CET 2026
#@# BA_exvivo Labels lh Thu Mar 12 01:11:06 CET 2026
recon-all -s sub-v1s10x0050954_ses-1 finished without error at Thu Mar 12 01:13:27 CET 2026
