/out/sourcedata/freesurfer/sub-v1s10x0051026_ses-1/mri
/opt/freesurfer/bin/talairach_avi
--i orig_nu.mgz --xfm transforms/talairach.auto.xfm
talairach_avi 7.3.2
Linux dna086 5.14.0-427.37.1.el9_4.x86_64 #1 SMP PREEMPT_DYNAMIC Fri Sep 13 12:41:50 EDT 2024 x86_64 x86_64 x86_64 GNU/Linux
Thu Mar 12 03:08:46 CET 2026
mri_convert orig_nu.mgz talsrcimg.img 
reading from orig_nu.mgz...
TR=0.00, TE=0.00, TI=0.00, flip angle=0.00
i_ras = (-1, 0, 0)
j_ras = (0, 0, -1)
k_ras = (0, 1, 0)
writing to talsrcimg.img...
Analyze Output Matrix
-1.00000   0.00000   0.00000   129.66513;
 0.00000   0.00000   1.00000  -128.00000;
 0.00000  -1.00000   0.00000   130.00000;
 0.00000   0.00000   0.00000   1.00000;
--------------------
INFO: set hdr.hist.orient to -1
mpr2mni305 talsrcimg
Thu Mar 12 03:08:46 CET 2026
/opt/freesurfer/bin/mpr2mni305 talsrcimg
mpr2mni305 7.3.2
target=711-2C_as_mni_average_305

---------------------------------------------------------------------
analyzeto4dfp talsrcimg -O0 -y
---------------------------------------------------------------------

freesurfer ifh2hdr.c
Thu Mar 12 03:08:47 2026
Writing: talsrcimg.4dfp.hdr
freesurfer analyzeto4dfp.c
Reading: talsrcimg.hdr
header size 348 bytes
hdr.dime.datatype	offset=70	value=2
hdr.dime.bitpix		offset=72	value=8
hdr.hist.orient		offset=252	value=-1
dimensionality     4
dimensions       256       256       256         1
Reading: talsrcimg.img
Writing: talsrcimg.4dfp.img
Writing: talsrcimg.4dfp.ifh
ifh2hdr talsrcimg -r0to209
ori=2

---------------------------------------------------------------------
gauss_4dfp talsrcimg 1.1
---------------------------------------------------------------------

freesurfer gauss_4dfp.c
Reading: talsrcimg.4dfp.img
Writing: talsrcimg_g11.4dfp.img
image dimensions 256 256 256 padded to 288 288 288
processing volume 1freesurfer ifh2hdr.c
Thu Mar 12 03:08:48 2026
Writing: talsrcimg_g11.4dfp.hdr

Writing: talsrcimg_g11.4dfp.ifh
including: talsrcimg.4dfp.img.rec in talsrcimg_g11.4dfp.img.rec

---------------------------------------------------------------------
imgreg_4dfp /opt/freesurfer/average/711-2C_as_mni_average_305 none talsrcimg_g11 none talsrcimg_to_711-2C_as_mni_average_305_t4 4355
---------------------------------------------------------------------

freesurfer imgreg_4dfp.c
/opt/freesurfer/average/711-2C_as_mni_average_305.4dfp.img
       256       256       256         1
  1.000000  1.000000  1.000000
orientation T byte_order littleendian
Reading image: /opt/freesurfer/average/711-2C_as_mni_average_305.4dfp.img
dimensions:      256       256       256
mmppix:       1.0000   -1.0000   -1.0000
center:     128.0000 -129.0000 -129.0000
talsrcimg_g11.4dfp.img
       256       256       256         1
  1.000000  1.000000  1.000000
orientation T byte_order littleendian
Reading image: talsrcimg_g11.4dfp.img
dimensions:      256       256       256
mmppix:       1.0000   -1.0000   -1.0000
center:     128.0000 -129.0000 -129.0000
t4_read: open error in t4_sub.f l:  41 t4_file(1:l)talsrcimg_to_711-2C_as_mni_average_305_t4 
t4_read: transform initialized to I4
rotation matrix determinant  1.000000
image alignment mode   4355 decimal     1103 hex
   -7.5000  -45.0000  -45.0000 8416.3135   14.7882
    0.0000  -45.0000  -45.0000 8825.9863   14.7789
    7.5000  -45.0000  -45.0000 8421.8135   14.7836
   -7.5000  -37.5000  -45.0000 8900.2783   14.7669
    0.0000  -37.5000  -45.0000 9309.5244   14.7618
    7.5000  -37.5000  -45.0000 8868.4746   14.7688
   -7.5000  -30.0000  -45.0000 9654.0020   14.7630
    0.0000  -30.0000  -45.000010098.0127   14.7607
    7.5000  -30.0000  -45.0000 9623.5498   14.7678
   -7.5000  -22.5000  -45.000010327.0742   14.7626
    0.0000  -22.5000  -45.000010811.7988   14.7595
    7.5000  -22.5000  -45.000010307.5605   14.7654
   -7.5000  -15.0000  -45.000010906.0791   14.7537
    0.0000  -15.0000  -45.000011412.4902   14.7473
    7.5000  -15.0000  -45.000010887.2080   14.7513
   -7.5000   -7.5000  -45.000011441.9941   14.7386
    0.0000   -7.5000  -45.000011962.1836   14.7289
    7.5000   -7.5000  -45.000011423.9658   14.7324
   -7.5000    0.0000  -45.000011866.5723   14.7305
    0.0000    0.0000  -45.000012431.5879   14.7214
    7.5000    0.0000  -45.000011879.8027   14.7268
   -7.5000    7.5000  -45.000011448.3828   14.7385
    0.0000    7.5000  -45.000011987.7461   14.7333
    7.5000    7.5000  -45.000011421.9678   14.7407
   -7.5000   15.0000  -45.000010918.0020   14.7540
    0.0000   15.0000  -45.000011437.6787   14.7517
    7.5000   15.0000  -45.000010882.5273   14.7590
   -7.5000   22.5000  -45.000010254.3682   14.7592
    0.0000   22.5000  -45.000010736.4082   14.7562
    7.5000   22.5000  -45.000010188.2998   14.7621
   -7.5000   30.0000  -45.0000 9438.8105   14.5590
    0.0000   30.0000  -45.0000 9873.8545   14.5527
    7.5000   30.0000  -45.0000 9374.2979   14.5568
   -7.5000   37.5000  -45.0000 8945.6689   14.5575
    0.0000   37.5000  -45.0000 9350.4844   14.5480
    7.5000   37.5000  -45.0000 8853.0654   14.5517
   -7.5000   45.0000  -45.0000 8149.8706   14.2197
    0.0000   45.0000  -45.0000 8515.3594   14.2113
    7.5000   45.0000  -45.0000 8079.6182   14.2169
   -7.5000  -45.0000  -37.5000 8924.7021   14.7299
    0.0000  -45.0000  -37.5000 9362.6250   14.7152
    7.5000  -45.0000  -37.5000 8914.0391   14.7191
   -7.5000  -37.5000  -37.5000 9416.7168   14.7049
    0.0000  -37.5000  -37.5000 9859.7686   14.6947
    7.5000  -37.5000  -37.5000 9379.8701   14.7023
   -7.5000  -30.0000  -37.500010217.4092   14.6961
    0.0000  -30.0000  -37.500010697.0381   14.6889
    7.5000  -30.0000  -37.500010173.0273   14.6955
   -7.5000  -22.5000  -37.500010941.7227   14.6949
    0.0000  -22.5000  -37.500011445.9844   14.6868
    7.5000  -22.5000  -37.500010887.2832   14.6893
   -7.5000  -15.0000  -37.500011557.3477   14.6901
    0.0000  -15.0000  -37.500012088.1973   14.6785
    7.5000  -15.0000  -37.500011486.3623   14.6776
   -7.5000   -7.5000  -37.500012120.9512   14.6799
    0.0000   -7.5000  -37.500012666.1172   14.6648
    7.5000   -7.5000  -37.500012038.8447   14.6647
   -7.5000    0.0000  -37.500012547.8574   14.6728
    0.0000    0.0000  -37.500013140.5986   14.6583
    7.5000    0.0000  -37.500012488.3271   14.6629
   -7.5000    7.5000  -37.500012066.0449   14.6764
    0.0000    7.5000  -37.500012633.4600   14.6663
    7.5000    7.5000  -37.500012008.2422   14.6742
   -7.5000   15.0000  -37.500011482.0137   14.6870
    0.0000   15.0000  -37.500012023.0293   14.6798
    7.5000   15.0000  -37.500011436.5371   14.6865
   -7.5000   22.5000  -37.500010762.4766   14.6916
    0.0000   22.5000  -37.500011265.9004   14.6835
    7.5000   22.5000  -37.500010719.5820   14.6861
   -7.5000   30.0000  -37.5000 9915.2256   14.4965
    0.0000   30.0000  -37.500010374.6914   14.4850
    7.5000   30.0000  -37.5000 9856.5176   14.4842
   -7.5000   37.5000  -37.5000 9385.0547   14.4992
    0.0000   37.5000  -37.5000 9808.6055   14.4844
    7.5000   37.5000  -37.5000 9302.3086   14.4845
   -7.5000   45.0000  -37.5000 8523.6367   14.1635
    0.0000   45.0000  -37.5000 8921.8320   14.1498
    7.5000   45.0000  -37.5000 8469.6045   14.1546
   -7.5000  -45.0000  -30.0000 9614.3965   15.3659
    0.0000  -45.0000  -30.000010053.6514   15.3458
    7.5000  -45.0000  -30.0000 9588.7559   15.3499
   -7.5000  -37.5000  -30.000010140.6455   15.3399
    0.0000  -37.5000  -30.000010601.1162   15.3234
    7.5000  -37.5000  -30.000010083.6133   15.3322
   -7.5000  -30.0000  -30.000010996.0596   15.3306
    0.0000  -30.0000  -30.000011504.0693   15.3162
    7.5000  -30.0000  -30.000010947.7051   15.3229
   -7.5000  -22.5000  -30.000011779.7246   15.3285
    0.0000  -22.5000  -30.000012313.7500   15.3134
    7.5000  -22.5000  -30.000011711.5908   15.3145
   -7.5000  -15.0000  -30.000012454.1465   15.3237
    0.0000  -15.0000  -30.000013001.2393   15.3058
    7.5000  -15.0000  -30.000012344.1494   15.3028
   -7.5000   -7.5000  -30.000013054.3281   15.3137
    0.0000   -7.5000  -30.000013631.8477   15.2931
    7.5000   -7.5000  -30.000012929.5020   15.2915
   -7.5000    0.0000  -30.000013516.9580   15.3067
    0.0000    0.0000  -30.000014144.7119   15.2868
    7.5000    0.0000  -30.000013410.0518   15.2916
   -7.5000    7.5000  -30.000012953.2734   15.3104
    0.0000    7.5000  -30.000013539.0234   15.2939
    7.5000    7.5000  -30.000012857.8320   15.3030
   -7.5000   15.0000  -30.000012280.7637   15.3208
    0.0000   15.0000  -30.000012849.8896   15.3065
    7.5000   15.0000  -30.000012224.4834   15.3134
   -7.5000   22.5000  -30.000011500.9746   15.3234
    0.0000   22.5000  -30.000012032.5928   15.3083
    7.5000   22.5000  -30.000011441.2266   15.3096
   -7.5000   30.0000  -30.000010593.5420   15.1235
    0.0000   30.0000  -30.000011076.5234   15.1059
    7.5000   30.0000  -30.000010538.6445   15.1029
   -7.5000   37.5000  -30.0000 9997.7725   15.1266
    0.0000   37.5000  -30.000010456.1504   15.1065
    7.5000   37.5000  -30.0000 9943.7461   15.1051
   -7.5000   45.0000  -30.0000 9064.6230   14.7860
    0.0000   45.0000  -30.0000 9495.0684   14.7671
    7.5000   45.0000  -30.0000 9032.8984   14.7721
   -7.5000  -45.0000  -22.500010330.1885   15.8921
    0.0000  -45.0000  -22.500010776.7959   15.8730
    7.5000  -45.0000  -22.500010259.3037   15.8783
   -7.5000  -37.5000  -22.500010887.4033   15.8706
    0.0000  -37.5000  -22.500011362.5645   15.8533
    7.5000  -37.5000  -22.500010794.2285   15.8623
   -7.5000  -30.0000  -22.500011796.5498   15.8673
    0.0000  -30.0000  -22.500012333.8418   15.8514
    7.5000  -30.0000  -22.500011713.1387   15.8590
   -7.5000  -22.5000  -22.500012605.9385   15.8656
    0.0000  -22.5000  -22.500013186.4746   15.8500
    7.5000  -22.5000  -22.500012508.5078   15.8539
   -7.5000  -15.0000  -22.500013320.5273   15.8555
    0.0000  -15.0000  -22.500013916.7832   15.8386
    7.5000  -15.0000  -22.500013195.3086   15.8398
   -7.5000   -7.5000  -22.500013961.1621   15.8394
    0.0000   -7.5000  -22.500014599.7861   15.8205
    7.5000   -7.5000  -22.500013824.0391   15.8222
   -7.5000    0.0000  -22.500014474.5947   15.8311
    0.0000    0.0000  -22.500015146.9932   15.8122
    7.5000    0.0000  -22.500014332.8574   15.8181
   -7.5000    7.5000  -22.500013865.7090   15.8404
    0.0000    7.5000  -22.500014482.2979   15.8232
    7.5000    7.5000  -22.500013715.4004   15.8324
   -7.5000   15.0000  -22.500013085.0820   15.8572
    0.0000   15.0000  -22.500013690.0283   15.8413
    7.5000   15.0000  -22.500012981.6143   15.8491
   -7.5000   22.5000  -22.500012237.1055   15.8592
    0.0000   22.5000  -22.500012807.7354   15.8437
    7.5000   22.5000  -22.500012159.2373   15.8476
   -7.5000   30.0000  -22.500011282.9697   15.6509
    0.0000   30.0000  -22.500011791.6064   15.6343
    7.5000   30.0000  -22.500011214.2764   15.6355
   -7.5000   37.5000  -22.500010626.8223   15.6485
    0.0000   37.5000  -22.500011103.4248   15.6301
    7.5000   37.5000  -22.500010570.4150   15.6321
   -7.5000   45.0000  -22.5000 9609.1934   15.3042
    0.0000   45.0000  -22.500010055.0879   15.2862
    7.5000   45.0000  -22.5000 9559.6436   15.2924
   -7.5000  -45.0000  -15.000011025.7803   16.2450
    0.0000  -45.0000  -15.000011507.8613   16.2321
    7.5000  -45.0000  -15.000010941.8154   16.2386
   -7.5000  -37.5000  -15.000011625.3545   16.2272
    0.0000  -37.5000  -15.000012133.4639   16.2151
    7.5000  -37.5000  -15.000011509.7910   16.2234
   -7.5000  -30.0000  -15.000012599.3232   16.2299
    0.0000  -30.0000  -15.000013177.3906   16.2188
    7.5000  -30.0000  -15.000012476.0635   16.2269
   -7.5000  -22.5000  -15.000013431.1465   16.2294
    0.0000  -22.5000  -15.000014058.9961   16.2193
    7.5000  -22.5000  -15.000013303.6641   16.2272
   -7.5000  -15.0000  -15.000014161.4277   16.2147
    0.0000  -15.0000  -15.000014786.6875   16.2041
    7.5000  -15.0000  -15.000013998.5107   16.2114
   -7.5000   -7.5000  -15.000014843.7041   16.1926
    0.0000   -7.5000  -15.000015515.6426   16.1803
    7.5000   -7.5000  -15.000014656.0361   16.1867
   -7.5000    0.0000  -15.000015411.8086   16.1827
    0.0000    0.0000  -15.000016107.3701   16.1698
    7.5000    0.0000  -15.000015202.3584   16.1770
   -7.5000    7.5000  -15.000014747.3682   16.1966
    0.0000    7.5000  -15.000015391.6729   16.1846
    7.5000    7.5000  -15.000014550.3379   16.1932
   -7.5000   15.0000  -15.000013892.3105   16.2197
    0.0000   15.0000  -15.000014525.1748   16.2087
    7.5000   15.0000  -15.000013752.8135   16.2170
   -7.5000   22.5000  -15.000012981.6289   16.2220
    0.0000   22.5000  -15.000013569.3232   16.2120
    7.5000   22.5000  -15.000012865.8643   16.2200
   -7.5000   30.0000  -15.000011978.2100   16.0075
    0.0000   30.0000  -15.000012518.4277   15.9972
    7.5000   30.0000  -15.000011878.5420   16.0045
   -7.5000   37.5000  -15.000011278.9512   16.0000
    0.0000   37.5000  -15.000011786.3857   15.9881
    7.5000   37.5000  -15.000011190.3145   15.9947
   -7.5000   45.0000  -15.000010188.6533   15.6537
    0.0000   45.0000  -15.000010664.3018   15.6417
    7.5000   45.0000  -15.000010099.6289   15.6492
   -7.5000  -45.0000   -7.500011732.0684   16.4092
    0.0000  -45.0000   -7.500012242.0059   16.4005
    7.5000  -45.0000   -7.500011659.8281   16.4067
   -7.5000  -37.5000   -7.500012334.8262   16.3898
    0.0000  -37.5000   -7.500012897.7129   16.3833
    7.5000  -37.5000   -7.500012250.3516   16.3909
   -7.5000  -30.0000   -7.500013390.4688   16.3912
    0.0000  -30.0000   -7.500013995.7988   16.3863
    7.5000  -30.0000   -7.500013268.0635   16.3944
   -7.5000  -22.5000   -7.500014271.9736   16.3916
    0.0000  -22.5000   -7.500014928.0518   16.3870
    7.5000  -22.5000   -7.500014134.5371   16.3957
   -7.5000  -15.0000   -7.500015034.2988   16.3781
    0.0000  -15.0000   -7.500015670.3047   16.3717
    7.5000  -15.0000   -7.500014852.0732   16.3800
   -7.5000   -7.5000   -7.500015747.3301   16.3564
    0.0000   -7.5000   -7.500016424.4355   16.3476
    7.5000   -7.5000   -7.500015547.6768   16.3545
   -7.5000    0.0000   -7.500016372.9219   16.3459
    0.0000    0.0000   -7.500017081.3613   16.3373
    7.5000    0.0000   -7.500016123.2197   16.3442
   -7.5000    7.5000   -7.500015669.9033   16.3588
    0.0000    7.5000   -7.500016342.5977   16.3523
    7.5000    7.5000   -7.500015404.7734   16.3602
   -7.5000   15.0000   -7.500014744.1270   16.3813
    0.0000   15.0000   -7.500015410.2109   16.3764
    7.5000   15.0000   -7.500014523.9746   16.3847
   -7.5000   22.5000   -7.500013772.2598   16.3825
    0.0000   22.5000   -7.500014392.6631   16.3779
    7.5000   22.5000   -7.500013590.5840   16.3867
   -7.5000   30.0000   -7.500012717.2988   16.1680
    0.0000   30.0000   -7.500013292.8428   16.1617
    7.5000   30.0000   -7.500012553.2324   16.1700
   -7.5000   37.5000   -7.500011988.3496   16.1613
    0.0000   37.5000   -7.500012549.0547   16.1529
    7.5000   37.5000   -7.500011834.3604   16.1600
   -7.5000   45.0000   -7.500010828.5811   15.8147
    0.0000   45.0000   -7.500011345.5840   15.8068
    7.5000   45.0000   -7.500010666.9297   15.8141
   -7.5000  -45.0000    0.000012370.3125   16.4433
    0.0000  -45.0000    0.000012932.3506   16.4328
    7.5000  -45.0000    0.000012266.4424   16.4378
   -7.5000  -37.5000    0.000012975.4902   16.4195
    0.0000  -37.5000    0.000013596.5459   16.4135
    7.5000  -37.5000    0.000012868.0547   16.4211
   -7.5000  -30.0000    0.000014067.7129   16.4151
    0.0000  -30.0000    0.000014751.6914   16.4122
    7.5000  -30.0000    0.000013942.7607   16.4200
   -7.5000  -22.5000    0.000015083.2461   16.4149
    0.0000  -22.5000    0.000015808.3066   16.4114
    7.5000  -22.5000    0.000014913.5605   16.4179
   -7.5000  -15.0000    0.000015931.2852   16.4055
    0.0000  -15.0000    0.000016620.1426   16.3982
    7.5000  -15.0000    0.000015720.1162   16.4028
   -7.5000   -7.5000    0.000016688.0645   16.3888
    0.0000   -7.5000    0.000017388.7480   16.3779
    7.5000   -7.5000    0.000016432.1719   16.3818
   -7.5000    0.0000    0.000017360.9707   16.3796
    0.0000    0.0000    0.000018088.5801   16.3692
    7.5000    0.0000    0.000017043.1641   16.3750
   -7.5000    7.5000    0.000016624.4414   16.3880
    0.0000    7.5000    0.000017351.9473   16.3820
    7.5000    7.5000    0.000016273.3184   16.3900
   -7.5000   15.0000    0.000015683.3271   16.4052
    0.0000   15.0000    0.000016392.3574   16.4023
    7.5000   15.0000    0.000015343.1504   16.4103
   -7.5000   22.5000    0.000014603.2217   16.4059
    0.0000   22.5000    0.000015288.8691   16.4023
    7.5000   22.5000    0.000014330.3086   16.4089
   -7.5000   30.0000    0.000013441.3877   16.1953
    0.0000   30.0000    0.000014085.7988   16.1882
    7.5000   30.0000    0.000013206.9551   16.1927
   -7.5000   37.5000    0.000012687.9541   16.1936
    0.0000   37.5000    0.000013289.9111   16.1829
    7.5000   37.5000    0.000012477.3311   16.1870
   -7.5000   45.0000    0.000011426.9648   15.8485
    0.0000   45.0000    0.000011948.8896   15.8388
    7.5000   45.0000    0.000011226.7100   15.8449
   -7.5000  -45.0000    7.500012064.8994   16.4725
    0.0000  -45.0000    7.500012621.6045   16.4559
    7.5000  -45.0000    7.500011931.0146   16.4603
   -7.5000  -37.5000    7.500012630.3145   16.4447
    0.0000  -37.5000    7.500013232.8291   16.4332
    7.5000  -37.5000    7.500012531.8086   16.4416
   -7.5000  -30.0000    7.500013695.4453   16.4348
    0.0000  -30.0000    7.500014356.7744   16.4267
    7.5000  -30.0000    7.500013583.1826   16.4340
   -7.5000  -22.5000    7.500014767.0850   16.4333
    0.0000  -22.5000    7.500015525.0771   16.4242
    7.5000  -22.5000    7.500014578.2588   16.4271
   -7.5000  -15.0000    7.500015733.0156   16.4278
    0.0000  -15.0000    7.500016538.3457   16.4147
    7.5000  -15.0000    7.500015410.9355   16.4138
   -7.5000   -7.5000    7.500016473.5039   16.4165
    0.0000   -7.5000    7.500017254.3730   16.3995
    7.5000   -7.5000    7.500016099.1709   16.3994
   -7.5000    0.0000    7.500017020.3691   16.4087
    0.0000    0.0000    7.500017758.1406   16.3923
    7.5000    0.0000    7.500016653.3105   16.3975
   -7.5000    7.5000    7.500016262.1416   16.4129
    0.0000    7.5000    7.500016953.5918   16.4014
    7.5000    7.5000    7.500015892.4346   16.4102
   -7.5000   15.0000    7.500015323.3252   16.4247
    0.0000   15.0000    7.500015961.8584   16.4165
    7.5000   15.0000    7.500014951.8975   16.4241
   -7.5000   22.5000    7.500014209.2246   16.4243
    0.0000   22.5000    7.500014852.5029   16.4152
    7.5000   22.5000    7.500013931.9229   16.4182
   -7.5000   30.0000    7.500013054.1963   16.2176
    0.0000   30.0000    7.500013664.0713   16.2047
    7.5000   30.0000    7.500012823.0244   16.2039
   -7.5000   37.5000    7.500012316.3252   16.2207
    0.0000   37.5000    7.500012887.8242   16.2040
    7.5000   37.5000    7.500012108.1699   16.2041
   -7.5000   45.0000    7.500011053.0488   15.8764
    0.0000   45.0000    7.500011576.7461   15.8609
    7.5000   45.0000    7.500010861.5000   15.8662
   -7.5000  -45.0000   15.000011584.3535   16.5338
    0.0000  -45.0000   15.000012150.5986   16.5124
    7.5000  -45.0000   15.000011482.5586   16.5168
   -7.5000  -37.5000   15.000012134.5791   16.5059
    0.0000  -37.5000   15.000012732.7549   16.4883
    7.5000  -37.5000   15.000012036.5879   16.4977
   -7.5000  -30.0000   15.000013128.9229   16.4959
    0.0000  -30.0000   15.000013783.4209   16.4806
    7.5000  -30.0000   15.000013013.2861   16.4877
   -7.5000  -22.5000   15.000014148.9756   16.4937
    0.0000  -22.5000   15.000014934.5342   16.4776
    7.5000  -22.5000   15.000013970.7080   16.4787
   -7.5000  -15.0000   15.000015099.2871   16.4885
    0.0000  -15.0000   15.000015978.9121   16.4695
    7.5000  -15.0000   15.000014811.5410   16.4660
   -7.5000   -7.5000   15.000015784.4941   16.4776
    0.0000   -7.5000   15.000016623.3887   16.4557
    7.5000   -7.5000   15.000015502.9424   16.4539
   -7.5000    0.0000   15.000016311.6289   16.4700
    0.0000    0.0000   15.000017075.0078   16.4488
    7.5000    0.0000   15.000016043.9180   16.4540
   -7.5000    7.5000   15.000015576.3643   16.4740
    0.0000    7.5000   15.000016245.5469   16.4565
    7.5000    7.5000   15.000015282.8340   16.4662
   -7.5000   15.0000   15.000014667.4297   16.4854
    0.0000   15.0000   15.000015268.7324   16.4701
    7.5000   15.0000   15.000014359.9404   16.4774
   -7.5000   22.5000   15.000013609.1143   16.4846
    0.0000   22.5000   15.000014180.3770   16.4685
    7.5000   22.5000   15.000013369.4580   16.4697
   -7.5000   30.0000   15.000012506.8672   16.2779
    0.0000   30.0000   15.000013034.9189   16.2591
    7.5000   30.0000   15.000012304.2861   16.2557
   -7.5000   37.5000   15.000011827.1348   16.2811
    0.0000   37.5000   15.000012338.4160   16.2596
    7.5000   37.5000   15.000011642.0869   16.2581
   -7.5000   45.0000   15.000010633.7100   15.9356
    0.0000   45.0000   15.000011092.0273   15.9154
    7.5000   45.0000   15.000010464.1768   15.9208
   -7.5000  -45.0000   22.500011001.9062   16.5742
    0.0000  -45.0000   22.500011542.5977   16.5549
    7.5000  -45.0000   22.500010910.5371   16.5605
   -7.5000  -37.5000   22.500011550.8066   16.5517
    0.0000  -37.5000   22.500012092.6963   16.5341
    7.5000  -37.5000   22.500011447.8525   16.5436
   -7.5000  -30.0000   22.500012473.6885   16.5482
    0.0000  -30.0000   22.500013023.5742   16.5320
    7.5000  -30.0000   22.500012386.9365   16.5400
   -7.5000  -22.5000   22.500013427.0156   16.5465
    0.0000  -22.5000   22.500014065.5762   16.5305
    7.5000  -22.5000   22.500013312.9209   16.5346
   -7.5000  -15.0000   22.500014266.5029   16.5359
    0.0000  -15.0000   22.500014927.6436   16.5186
    7.5000  -15.0000   22.500014114.0039   16.5198
   -7.5000   -7.5000   22.500014917.3701   16.5191
    0.0000   -7.5000   22.500015553.6533   16.4998
    7.5000   -7.5000   22.500014807.7256   16.5016
   -7.5000    0.0000   22.500015506.2783   16.5104
    0.0000    0.0000   22.500016110.6738   16.4911
    7.5000    0.0000   22.500015368.1455   16.4975
   -7.5000    7.5000   22.500014860.6611   16.5200
    0.0000    7.5000   22.500015433.1904   16.5025
    7.5000    7.5000   22.500014668.3896   16.5123
   -7.5000   15.0000   22.500013969.6660   16.5376
    0.0000   15.0000   22.500014513.0508   16.5215
    7.5000   15.0000   22.500013754.6748   16.5296
   -7.5000   22.5000   22.500012965.7725   16.5373
    0.0000   22.5000   22.500013474.8838   16.5214
    7.5000   22.5000   22.500012743.3809   16.5255
   -7.5000   30.0000   22.500011869.7090   16.3248
    0.0000   30.0000   22.500012351.6758   16.3078
    7.5000   30.0000   22.500011668.3096   16.3091
   -7.5000   37.5000   22.500011199.2549   16.3224
    0.0000   37.5000   22.500011685.0742   16.3036
    7.5000   37.5000   22.500011013.1592   16.3057
   -7.5000   45.0000   22.500010029.7031   15.9750
    0.0000   45.0000   22.500010480.3154   15.9567
    7.5000   45.0000   22.5000 9889.9150   15.9633
   -7.5000  -45.0000   30.000010244.1025   16.5957
    0.0000  -45.0000   30.000010719.8643   16.5829
    7.5000  -45.0000   30.000010167.9473   16.5896
   -7.5000  -37.5000   30.000010773.0029   16.5773
    0.0000  -37.5000   30.000011262.2959   16.5655
    7.5000  -37.5000   30.000010696.6885   16.5742
   -7.5000  -30.0000   30.000011637.3525   16.5800
    0.0000  -30.0000   30.000012170.2725   16.5692
    7.5000  -30.0000   30.000011606.3496   16.5777
   -7.5000  -22.5000   30.000012535.0947   16.5793
    0.0000  -22.5000   30.000013141.6904   16.5695
    7.5000  -22.5000   30.000012484.8223   16.5775
   -7.5000  -15.0000   30.000013325.7129   16.5641
    0.0000  -15.0000   30.000013912.2236   16.5538
    7.5000  -15.0000   30.000013222.5195   16.5611
   -7.5000   -7.5000   30.000013927.9873   16.5416
    0.0000   -7.5000   30.000014513.6855   16.5294
    7.5000   -7.5000   30.000013857.7402   16.5358
   -7.5000    0.0000   30.000014481.6074   16.5315
    0.0000    0.0000   30.000015079.0615   16.5188
    7.5000    0.0000   30.000014393.6191   16.5262
   -7.5000    7.5000   30.000013869.1396   16.5459
    0.0000    7.5000   30.000014431.0928   16.5341
    7.5000    7.5000   30.000013754.2344   16.5430
   -7.5000   15.0000   30.000013047.7578   16.5695
    0.0000   15.0000   30.000013568.5996   16.5588
    7.5000   15.0000   30.000012910.3838   16.5675
   -7.5000   22.5000   30.000012135.0293   16.5700
    0.0000   22.5000   30.000012597.1104   16.5602
    7.5000   22.5000   30.000011954.8789   16.5684
   -7.5000   30.0000   30.000011119.5459   16.3525
    0.0000   30.0000   30.000011546.8779   16.3424
    7.5000   30.0000   30.000010950.8271   16.3497
   -7.5000   37.5000   30.000010490.0303   16.3449
    0.0000   37.5000   30.000010907.7490   16.3332
    7.5000   37.5000   30.000010319.2754   16.3399
   -7.5000   45.0000   30.0000 9382.0986   15.9958
    0.0000   45.0000   30.0000 9780.8662   15.9840
    7.5000   45.0000   30.0000 9270.3555   15.9917
   -7.5000  -45.0000   37.5000 9803.9902   16.8033
    0.0000  -45.0000   37.500010264.5625   16.7952
    7.5000  -45.0000   37.5000 9749.8848   16.8014
   -7.5000  -37.5000   37.500010340.2979   16.7832
    0.0000  -37.5000   37.500010816.3281   16.7775
    7.5000  -37.5000   37.500010280.3789   16.7852
   -7.5000  -30.0000   37.500011234.7344   16.7844
    0.0000  -30.0000   37.500011748.3848   16.7803
    7.5000  -30.0000   37.500011193.4102   16.7886
   -7.5000  -22.5000   37.500012113.0020   16.7843
    0.0000  -22.5000   37.500012680.7725   16.7803
    7.5000  -22.5000   37.500012063.9443   16.7891
   -7.5000  -15.0000   37.500012854.0361   16.7699
    0.0000  -15.0000   37.500013396.7715   16.7640
    7.5000  -15.0000   37.500012768.4883   16.7722
   -7.5000   -7.5000   37.500013444.7500   16.7475
    0.0000   -7.5000   37.500013994.1201   16.7393
    7.5000   -7.5000   37.500013371.9629   16.7461
   -7.5000    0.0000   37.500013972.0664   16.7371
    0.0000    0.0000   37.500014549.9863   16.7291
    7.5000    0.0000   37.500013897.9473   16.7360
   -7.5000    7.5000   37.500013381.0029   16.7507
    0.0000    7.5000   37.500013933.1660   16.7451
    7.5000    7.5000   37.500013287.2383   16.7531
   -7.5000   15.0000   37.500012589.7432   16.7740
    0.0000   15.0000   37.500013113.1084   16.7699
    7.5000   15.0000   37.500012484.8320   16.7784
   -7.5000   22.5000   37.500011708.4941   16.7749
    0.0000   22.5000   37.500012179.0029   16.7709
    7.5000   22.5000   37.500011595.1396   16.7799
   -7.5000   30.0000   37.500010756.8076   16.5553
    0.0000   30.0000   37.500011188.8418   16.5495
    7.5000   30.0000   37.500010633.3770   16.5577
   -7.5000   37.5000   37.500010122.2871   16.5487
    0.0000   37.5000   37.500010558.1514   16.5407
    7.5000   37.5000   37.500010019.3613   16.5478
   -7.5000   45.0000   37.5000 9051.5713   16.1957
    0.0000   45.0000   37.5000 9448.8740   16.1885
    7.5000   45.0000   37.5000 8976.2471   16.1958
   -7.5000  -45.0000   45.0000 8941.7432   17.0264
    0.0000  -45.0000   45.0000 9374.6758   17.0169
    7.5000  -45.0000   45.0000 8913.2070   17.0214
   -7.5000  -37.5000   45.0000 9449.0293   17.0001
    0.0000  -37.5000   45.0000 9877.2920   16.9951
    7.5000  -37.5000   45.0000 9406.6680   17.0027
   -7.5000  -30.0000   45.000010293.5342   16.9941
    0.0000  -30.0000   45.000010775.6602   16.9920
    7.5000  -30.0000   45.000010265.1992   17.0000
   -7.5000  -22.5000   45.000011095.6885   16.9932
    0.0000  -22.5000   45.000011628.8857   16.9902
    7.5000  -22.5000   45.000011074.3086   16.9967
   -7.5000  -15.0000   45.000011764.5244   16.9835
    0.0000  -15.0000   45.000012285.8916   16.9770
    7.5000  -15.0000   45.000011722.6533   16.9809
   -7.5000   -7.5000   45.000012321.1826   16.9667
    0.0000   -7.5000   45.000012859.2686   16.9568
    7.5000   -7.5000   45.000012280.4004   16.9599
   -7.5000    0.0000   45.000012816.3193   16.9576
    0.0000    0.0000   45.000013361.3975   16.9483
    7.5000    0.0000   45.000012767.6025   16.9537
   -7.5000    7.5000   45.000012292.4121   16.9661
    0.0000    7.5000   45.000012799.5635   16.9611
    7.5000    7.5000   45.000012214.0586   16.9692
   -7.5000   15.0000   45.000011599.6143   16.9834
    0.0000   15.0000   45.000012074.2891   16.9812
    7.5000   15.0000   45.000011507.1865   16.9896
   -7.5000   22.5000   45.000010777.7607   16.9837
    0.0000   22.5000   45.000011235.8896   16.9808
    7.5000   22.5000   45.000010685.5977   16.9873
   -7.5000   30.0000   45.0000 9898.6553   16.7643
    0.0000   30.0000   45.000010330.1367   16.7579
    7.5000   30.0000   45.0000 9808.0752   16.7619
   -7.5000   37.5000   45.0000 9323.7422   16.7619
    0.0000   37.5000   45.0000 9738.8027   16.7522
    7.5000   37.5000   45.0000 9254.5273   16.7555
   -7.5000   45.0000   45.0000 8353.7021   16.4121
    0.0000   45.0000   45.0000 8746.2090   16.4035
    7.5000   45.0000   45.0000 8292.7646   16.4092

---------------------------------------------------------------------
imgreg_4dfp /opt/freesurfer/average/711-2C_as_mni_average_305 /opt/freesurfer/average/711-2B_as_mni_average_305_mask talsrcimg_g11 none talsrcimg_to_711-2C_as_mni_average_305_t4 4355
---------------------------------------------------------------------

freesurfer imgreg_4dfp.c
/opt/freesurfer/average/711-2C_as_mni_average_305.4dfp.img
       256       256       256         1
  1.000000  1.000000  1.000000
orientation T byte_order littleendian
Reading image: /opt/freesurfer/average/711-2C_as_mni_average_305.4dfp.img
dimensions:      256       256       256
mmppix:       1.0000   -1.0000   -1.0000
center:     128.0000 -129.0000 -129.0000
/opt/freesurfer/average/711-2B_as_mni_average_305_mask.4dfp.img
       256       256       256         1
  1.000000  1.000000  1.000000
orientation T byte_order littleendian
Reading mask: /opt/freesurfer/average/711-2B_as_mni_average_305_mask.4dfp.img (2306576 pixels)
talsrcimg_g11.4dfp.img
       256       256       256         1
  1.000000  1.000000  1.000000
orientation T byte_order littleendian
Reading image: talsrcimg_g11.4dfp.img
dimensions:      256       256       256
mmppix:       1.0000   -1.0000   -1.0000
center:     128.0000 -129.0000 -129.0000
rotation matrix determinant  1.000000
image alignment mode   4355 decimal     1103 hex
   -7.5000  -45.0000  -45.0000 2173.5234   15.8199
    0.0000  -45.0000  -45.0000 2189.4048   15.7590
    7.5000  -45.0000  -45.0000 2180.4414   15.8395
   -7.5000  -37.5000  -45.0000 2249.1548   14.7254
    0.0000  -37.5000  -45.0000 2261.7788   14.6694
    7.5000  -37.5000  -45.0000 2249.3079   14.7747
   -7.5000  -30.0000  -45.0000 2297.4253   13.9920
    0.0000  -30.0000  -45.0000 2311.0581   13.9322
    7.5000  -30.0000  -45.0000 2295.0022   14.0393
   -7.5000  -22.5000  -45.0000 2322.0581   13.5432
    0.0000  -22.5000  -45.0000 2339.2546   13.4478
    7.5000  -22.5000  -45.0000 2322.9280   13.5566
   -7.5000  -15.0000  -45.0000 2323.9387   13.3170
    0.0000  -15.0000  -45.0000 2345.8799   13.2221
    7.5000  -15.0000  -45.0000 2330.1130   13.3399
   -7.5000   -7.5000  -45.0000 2310.1453   13.4065
    0.0000   -7.5000  -45.0000 2335.1023   13.2959
    7.5000   -7.5000  -45.0000 2318.7646   13.4057
   -7.5000    0.0000  -45.0000 2274.2200   13.7741
    0.0000    0.0000  -45.0000 2298.0703   13.6884
    7.5000    0.0000  -45.0000 2284.6758   13.7780
   -7.5000    7.5000  -45.0000 2219.3652   14.3845
    0.0000    7.5000  -45.0000 2242.1348   14.3056
    7.5000    7.5000  -45.0000 2225.3496   14.3804
   -7.5000   15.0000  -45.0000 2144.5073   15.2803
    0.0000   15.0000  -45.0000 2164.0947   15.1754
    7.5000   15.0000  -45.0000 2151.0227   15.3064
   -7.5000   22.5000  -45.0000 2059.5569   16.5689
    0.0000   22.5000  -45.0000 2074.5081   16.4739
    7.5000   22.5000  -45.0000 2058.5500   16.6167
   -7.5000   30.0000  -45.0000 1954.6656   18.4207
    0.0000   30.0000  -45.0000 1964.8711   18.2948
    7.5000   30.0000  -45.0000 1953.0199   18.4733
   -7.5000   37.5000  -45.0000 1842.9739   21.0215
    0.0000   37.5000  -45.0000 1859.2886   20.8318
    7.5000   37.5000  -45.0000 1841.9314   21.0354
   -7.5000   45.0000  -45.0000 1727.7015   24.5570
    0.0000   45.0000  -45.0000 1739.7073   24.2592
    7.5000   45.0000  -45.0000 1727.7543   24.5037
   -7.5000  -45.0000  -37.5000 2253.6240   14.8186
    0.0000  -45.0000  -37.5000 2270.7354   14.7597
    7.5000  -45.0000  -37.5000 2256.9629   14.8217
   -7.5000  -37.5000  -37.5000 2334.4563   13.7577
    0.0000  -37.5000  -37.5000 2351.6511   13.6830
    7.5000  -37.5000  -37.5000 2333.2036   13.7889
   -7.5000  -30.0000  -37.5000 2385.4629   13.0559
    0.0000  -30.0000  -37.5000 2403.3862   12.9724
    7.5000  -30.0000  -37.5000 2384.3057   13.0841
   -7.5000  -22.5000  -37.5000 2415.3828   12.6197
    0.0000  -22.5000  -37.5000 2436.1235   12.5143
    7.5000  -22.5000  -37.5000 2415.3943   12.6327
   -7.5000  -15.0000  -37.5000 2422.5830   12.3968
    0.0000  -15.0000  -37.5000 2445.3516   12.2906
    7.5000  -15.0000  -37.5000 2424.1506   12.4088
   -7.5000   -7.5000  -37.5000 2410.9136   12.4612
    0.0000   -7.5000  -37.5000 2436.1838   12.3463
    7.5000   -7.5000  -37.5000 2414.4067   12.4489
   -7.5000    0.0000  -37.5000 2371.4536   12.7421
    0.0000    0.0000  -37.5000 2399.0510   12.6558
    7.5000    0.0000  -37.5000 2381.3955   12.7442
   -7.5000    7.5000  -37.5000 2317.7771   13.2738
    0.0000    7.5000  -37.5000 2342.9006   13.1716
    7.5000    7.5000  -37.5000 2323.9863   13.2874
   -7.5000   15.0000  -37.5000 2241.7363   14.0737
    0.0000   15.0000  -37.5000 2262.9219   13.9793
    7.5000   15.0000  -37.5000 2243.2380   14.0999
   -7.5000   22.5000  -37.5000 2147.8289   15.2128
    0.0000   22.5000  -37.5000 2162.9856   15.1357
    7.5000   22.5000  -37.5000 2147.5024   15.2650
   -7.5000   30.0000  -37.5000 2038.6589   16.8585
    0.0000   30.0000  -37.5000 2052.2715   16.7417
    7.5000   30.0000  -37.5000 2037.3926   16.8894
   -7.5000   37.5000  -37.5000 1924.8757   19.1222
    0.0000   37.5000  -37.5000 1940.0645   18.9963
    7.5000   37.5000  -37.5000 1921.9202   19.1338
   -7.5000   45.0000  -37.5000 1801.1011   22.2306
    0.0000   45.0000  -37.5000 1819.7832   22.0717
    7.5000   45.0000  -37.5000 1804.9153   22.2765
   -7.5000  -45.0000  -30.0000 2369.8494   14.4148
    0.0000  -45.0000  -30.0000 2383.5322   14.3486
    7.5000  -45.0000  -30.0000 2367.0256   14.4103
   -7.5000  -37.5000  -30.0000 2458.2542   13.3484
    0.0000  -37.5000  -30.0000 2475.6104   13.2647
    7.5000  -37.5000  -30.0000 2451.3855   13.3481
   -7.5000  -30.0000  -30.0000 2516.3059   12.6456
    0.0000  -30.0000  -30.0000 2536.9448   12.5532
    7.5000  -30.0000  -30.0000 2513.4814   12.6570
   -7.5000  -22.5000  -30.0000 2553.6807   12.1960
    0.0000  -22.5000  -30.0000 2573.8787   12.1187
    7.5000  -22.5000  -30.0000 2552.2288   12.2251
   -7.5000  -15.0000  -30.0000 2563.1172   11.9965
    0.0000  -15.0000  -30.0000 2584.0803   11.8932
    7.5000  -15.0000  -30.0000 2562.0701   12.0123
   -7.5000   -7.5000  -30.0000 2553.9915   12.0295
    0.0000   -7.5000  -30.0000 2576.7927   11.9273
    7.5000   -7.5000  -30.0000 2553.3970   12.0241
   -7.5000    0.0000  -30.0000 2517.1843   12.2528
    0.0000    0.0000  -30.0000 2545.4819   12.1568
    7.5000    0.0000  -30.0000 2523.2537   12.2508
   -7.5000    7.5000  -30.0000 2460.7566   12.7238
    0.0000    7.5000  -30.0000 2486.7607   12.6119
    7.5000    7.5000  -30.0000 2462.8892   12.7285
   -7.5000   15.0000  -30.0000 2376.7705   13.4561
    0.0000   15.0000  -30.0000 2397.8728   13.3743
    7.5000   15.0000  -30.0000 2380.3523   13.4869
   -7.5000   22.5000  -30.0000 2275.8508   14.5360
    0.0000   22.5000  -30.0000 2294.0947   14.4506
    7.5000   22.5000  -30.0000 2276.0505   14.5723
   -7.5000   30.0000  -30.0000 2162.2124   16.0403
    0.0000   30.0000  -30.0000 2177.6931   15.9515
    7.5000   30.0000  -30.0000 2160.1917   16.0841
   -7.5000   37.5000  -30.0000 2036.6981   18.1314
    0.0000   37.5000  -30.0000 2054.2285   18.0411
    7.5000   37.5000  -30.0000 2036.5762   18.1634
   -7.5000   45.0000  -30.0000 1905.2043   20.9799
    0.0000   45.0000  -30.0000 1925.7548   20.8943
    7.5000   45.0000  -30.0000 1910.1140   20.9934
   -7.5000  -45.0000  -22.5000 2453.2883   13.8961
    0.0000  -45.0000  -22.5000 2467.9226   13.8027
    7.5000  -45.0000  -22.5000 2450.5168   13.8816
   -7.5000  -37.5000  -22.5000 2551.9692   12.8296
    0.0000  -37.5000  -22.5000 2569.9827   12.7290
    7.5000  -37.5000  -22.5000 2546.2461   12.8083
   -7.5000  -30.0000  -22.5000 2618.3684   12.1234
    0.0000  -30.0000  -22.5000 2640.5000   12.0347
    7.5000  -30.0000  -22.5000 2618.6047   12.1160
   -7.5000  -22.5000  -22.5000 2659.5642   11.6847
    0.0000  -22.5000  -22.5000 2683.6350   11.5942
    7.5000  -22.5000  -22.5000 2662.9124   11.6702
   -7.5000  -15.0000  -22.5000 2677.3298   11.4616
    0.0000  -15.0000  -22.5000 2699.6460   11.3868
    7.5000  -15.0000  -22.5000 2675.8103   11.4799
   -7.5000   -7.5000  -22.5000 2668.9065   11.4885
    0.0000   -7.5000  -22.5000 2695.1458   11.4176
    7.5000   -7.5000  -22.5000 2670.4890   11.5034
   -7.5000    0.0000  -22.5000 2638.7561   11.6980
    0.0000    0.0000  -22.5000 2667.8198   11.6157
    7.5000    0.0000  -22.5000 2640.2629   11.7067
   -7.5000    7.5000  -22.5000 2580.2141   12.1371
    0.0000    7.5000  -22.5000 2607.0166   12.0113
    7.5000    7.5000  -22.5000 2582.4355   12.1438
   -7.5000   15.0000  -22.5000 2487.2678   12.8049
    0.0000   15.0000  -22.5000 2512.3213   12.6834
    7.5000   15.0000  -22.5000 2494.1536   12.8137
   -7.5000   22.5000  -22.5000 2379.3645   13.7937
    0.0000   22.5000  -22.5000 2399.9695   13.7001
    7.5000   22.5000  -22.5000 2381.0449   13.8130
   -7.5000   30.0000  -22.5000 2261.6804   15.2116
    0.0000   30.0000  -22.5000 2275.4841   15.1080
    7.5000   30.0000  -22.5000 2260.8345   15.2283
   -7.5000   37.5000  -22.5000 2128.1655   17.1224
    0.0000   37.5000  -22.5000 2137.9011   17.0173
    7.5000   37.5000  -22.5000 2128.4170   17.1406
   -7.5000   45.0000  -22.5000 1988.8348   19.7541
    0.0000   45.0000  -22.5000 2002.8296   19.6469
    7.5000   45.0000  -22.5000 1988.4307   19.7134
   -7.5000  -45.0000  -15.0000 2503.3257   13.3709
    0.0000  -45.0000  -15.0000 2520.2729   13.2530
    7.5000  -45.0000  -15.0000 2504.0945   13.3468
   -7.5000  -37.5000  -15.0000 2614.7041   12.2873
    0.0000  -37.5000  -15.0000 2633.7410   12.1903
    7.5000  -37.5000  -15.0000 2610.8201   12.2773
   -7.5000  -30.0000  -15.0000 2695.1260   11.5782
    0.0000  -30.0000  -15.0000 2717.3115   11.4898
    7.5000  -30.0000  -15.0000 2691.5007   11.5663
   -7.5000  -22.5000  -15.0000 2742.8997   11.1348
    0.0000  -22.5000  -15.0000 2770.4292   11.0509
    7.5000  -22.5000  -15.0000 2746.1606   11.1120
   -7.5000  -15.0000  -15.0000 2763.4526   10.9067
    0.0000  -15.0000  -15.0000 2788.8667   10.8327
    7.5000  -15.0000  -15.0000 2763.7786   10.9114
   -7.5000   -7.5000  -15.0000 2761.1804   10.9427
    0.0000   -7.5000  -15.0000 2788.0757   10.8609
    7.5000   -7.5000  -15.0000 2761.2266   10.9238
   -7.5000    0.0000  -15.0000 2733.4343   11.1405
    0.0000    0.0000  -15.0000 2761.2661   11.0505
    7.5000    0.0000  -15.0000 2734.2319   11.1267
   -7.5000    7.5000  -15.0000 2671.1697   11.5659
    0.0000    7.5000  -15.0000 2697.2957   11.4499
    7.5000    7.5000  -15.0000 2672.0447   11.5616
   -7.5000   15.0000  -15.0000 2574.2737   12.1802
    0.0000   15.0000  -15.0000 2601.0354   12.0706
    7.5000   15.0000  -15.0000 2578.3894   12.2022
   -7.5000   22.5000  -15.0000 2464.8872   13.0976
    0.0000   22.5000  -15.0000 2486.7021   13.0000
    7.5000   22.5000  -15.0000 2463.8174   13.1493
   -7.5000   30.0000  -15.0000 2338.3547   14.4462
    0.0000   30.0000  -15.0000 2357.4207   14.3480
    7.5000   30.0000  -15.0000 2339.9202   14.4873
   -7.5000   37.5000  -15.0000 2193.4358   16.2404
    0.0000   37.5000  -15.0000 2211.4182   16.1475
    7.5000   37.5000  -15.0000 2197.8999   16.2736
   -7.5000   45.0000  -15.0000 2050.4395   18.6959
    0.0000   45.0000  -15.0000 2067.6213   18.5345
    7.5000   45.0000  -15.0000 2048.9453   18.6841
   -7.5000  -45.0000   -7.5000 2528.8848   12.8780
    0.0000  -45.0000   -7.5000 2547.8455   12.7449
    7.5000  -45.0000   -7.5000 2535.6755   12.8863
   -7.5000  -37.5000   -7.5000 2643.0215   11.8330
    0.0000  -37.5000   -7.5000 2669.2961   11.7147
    7.5000  -37.5000   -7.5000 2648.1838   11.8242
   -7.5000  -30.0000   -7.5000 2736.2781   11.0996
    0.0000  -30.0000   -7.5000 2761.2773   10.9956
    7.5000  -30.0000   -7.5000 2739.1895   11.0960
   -7.5000  -22.5000   -7.5000 2795.9546   10.6532
    0.0000  -22.5000   -7.5000 2828.6265   10.5592
    7.5000  -22.5000   -7.5000 2803.7141   10.6370
   -7.5000  -15.0000   -7.5000 2829.7368   10.4045
    0.0000  -15.0000   -7.5000 2860.5920   10.3010
    7.5000  -15.0000   -7.5000 2831.6836   10.4049
   -7.5000   -7.5000   -7.5000 2835.8064   10.4369
    0.0000   -7.5000   -7.5000 2863.6475   10.3384
    7.5000   -7.5000   -7.5000 2835.1526   10.4190
   -7.5000    0.0000   -7.5000 2809.7710   10.6412
    0.0000    0.0000   -7.5000 2837.0583   10.5386
    7.5000    0.0000   -7.5000 2804.2952   10.6248
   -7.5000    7.5000   -7.5000 2745.2217   11.0441
    0.0000    7.5000   -7.5000 2770.6360   10.9389
    7.5000    7.5000   -7.5000 2739.9082   11.0465
   -7.5000   15.0000   -7.5000 2642.9099   11.6606
    0.0000   15.0000   -7.5000 2672.0740   11.5444
    7.5000   15.0000   -7.5000 2643.1028   11.6795
   -7.5000   22.5000   -7.5000 2528.0239   12.5273
    0.0000   22.5000   -7.5000 2551.8411   12.4239
    7.5000   22.5000   -7.5000 2524.4807   12.5988
   -7.5000   30.0000   -7.5000 2394.8718   13.8048
    0.0000   30.0000   -7.5000 2418.8025   13.6982
    7.5000   30.0000   -7.5000 2393.6033   13.8652
   -7.5000   37.5000   -7.5000 2249.3147   15.5128
    0.0000   37.5000   -7.5000 2271.0979   15.4328
    7.5000   37.5000   -7.5000 2250.5066   15.5819
   -7.5000   45.0000   -7.5000 2098.3376   17.7898
    0.0000   45.0000   -7.5000 2115.0010   17.7007
    7.5000   45.0000   -7.5000 2095.0806   17.8453
   -7.5000  -45.0000    0.0000 2534.4233   12.6386
    0.0000  -45.0000    0.0000 2554.0703   12.4969
    7.5000  -45.0000    0.0000 2537.3884   12.6342
   -7.5000  -37.5000    0.0000 2648.0859   11.5628
    0.0000  -37.5000    0.0000 2676.7456   11.4496
    7.5000  -37.5000    0.0000 2656.5554   11.5603
   -7.5000  -30.0000    0.0000 2752.7195   10.8031
    0.0000  -30.0000    0.0000 2781.9353   10.7003
    7.5000  -30.0000    0.0000 2757.5115   10.8039
   -7.5000  -22.5000    0.0000 2830.3264   10.3500
    0.0000  -22.5000    0.0000 2865.1328   10.2550
    7.5000  -22.5000    0.0000 2834.8987   10.3523
   -7.5000  -15.0000    0.0000 2879.5149   10.1080
    0.0000  -15.0000    0.0000 2919.7922    9.9950
    7.5000  -15.0000    0.0000 2879.9644   10.1062
   -7.5000   -7.5000    0.0000 2892.4053   10.0856
    0.0000   -7.5000    0.0000 2928.4158    9.9702
    7.5000   -7.5000    0.0000 2886.5574   10.0924
   -7.5000    0.0000    0.0000 2860.8525   10.3033
    0.0000    0.0000    0.0000 2891.5564   10.2023
    7.5000    0.0000    0.0000 2852.4141   10.3078
   -7.5000    7.5000    0.0000 2791.9109   10.7323
    0.0000    7.5000    0.0000 2823.0620   10.6397
    7.5000    7.5000    0.0000 2782.6033   10.7310
   -7.5000   15.0000    0.0000 2694.1287   11.3282
    0.0000   15.0000    0.0000 2721.7219   11.2452
    7.5000   15.0000    0.0000 2685.5461   11.3607
   -7.5000   22.5000    0.0000 2570.0996   12.1824
    0.0000   22.5000    0.0000 2594.5891   12.0823
    7.5000   22.5000    0.0000 2565.9785   12.2261
   -7.5000   30.0000    0.0000 2431.0962   13.4111
    0.0000   30.0000    0.0000 2454.7222   13.3101
    7.5000   30.0000    0.0000 2428.0232   13.4529
   -7.5000   37.5000    0.0000 2286.7991   15.0741
    0.0000   37.5000    0.0000 2305.3093   14.9992
    7.5000   37.5000    0.0000 2286.0674   15.1301
   -7.5000   45.0000    0.0000 2131.4575   17.2211
    0.0000   45.0000    0.0000 2144.6482   17.1363
    7.5000   45.0000    0.0000 2125.9062   17.2721
   -7.5000  -45.0000    7.5000 2518.1790   12.5628
    0.0000  -45.0000    7.5000 2539.9514   12.4264
    7.5000  -45.0000    7.5000 2518.1304   12.5988
   -7.5000  -37.5000    7.5000 2638.5420   11.4605
    0.0000  -37.5000    7.5000 2667.7578   11.3319
    7.5000  -37.5000    7.5000 2642.6245   11.4982
   -7.5000  -30.0000    7.5000 2753.5896   10.6984
    0.0000  -30.0000    7.5000 2782.9841   10.5748
    7.5000  -30.0000    7.5000 2752.5024   10.7355
   -7.5000  -22.5000    7.5000 2845.2957   10.2404
    0.0000  -22.5000    7.5000 2882.4329   10.1466
    7.5000  -22.5000    7.5000 2844.7766   10.2479
   -7.5000  -15.0000    7.5000 2905.7051   10.0072
    0.0000  -15.0000    7.5000 2950.9844    9.9282
    7.5000  -15.0000    7.5000 2900.5911    9.9844
   -7.5000   -7.5000    7.5000 2922.5774    9.9389
    0.0000   -7.5000    7.5000 2966.5562    9.8663
    7.5000   -7.5000    7.5000 2916.6350    9.9344
   -7.5000    0.0000    7.5000 2889.1277   10.1017
    0.0000    0.0000    7.5000 2921.7336   10.0326
    7.5000    0.0000    7.5000 2881.4624   10.1208
   -7.5000    7.5000    7.5000 2821.9761   10.5002
    0.0000    7.5000    7.5000 2849.8821   10.4252
    7.5000    7.5000    7.5000 2809.4941   10.5418
   -7.5000   15.0000    7.5000 2716.9370   11.1331
    0.0000   15.0000    7.5000 2737.1038   11.0435
    7.5000   15.0000    7.5000 2701.9124   11.1839
   -7.5000   22.5000    7.5000 2583.3145   11.9738
    0.0000   22.5000    7.5000 2604.8364   11.8955
    7.5000   22.5000    7.5000 2580.6382   12.0395
   -7.5000   30.0000    7.5000 2449.1633   13.1421
    0.0000   30.0000    7.5000 2466.7583   13.0785
    7.5000   30.0000    7.5000 2444.4038   13.2201
   -7.5000   37.5000    7.5000 2307.3511   14.7626
    0.0000   37.5000    7.5000 2323.1816   14.7016
    7.5000   37.5000    7.5000 2304.7495   14.8163
   -7.5000   45.0000    7.5000 2147.4478   16.8159
    0.0000   45.0000    7.5000 2162.1670   16.7795
    7.5000   45.0000    7.5000 2142.7866   16.8646
   -7.5000  -45.0000   15.0000 2477.0254   12.6483
    0.0000  -45.0000   15.0000 2499.6492   12.5487
    7.5000  -45.0000   15.0000 2479.9199   12.7437
   -7.5000  -37.5000   15.0000 2610.1587   11.5210
    0.0000  -37.5000   15.0000 2632.8567   11.4178
    7.5000  -37.5000   15.0000 2608.5769   11.6085
   -7.5000  -30.0000   15.0000 2729.9971   10.7154
    0.0000  -30.0000   15.0000 2754.2556   10.6291
    7.5000  -30.0000   15.0000 2723.8367   10.8056
   -7.5000  -22.5000   15.0000 2831.9741   10.2495
    0.0000  -22.5000   15.0000 2863.4502   10.1737
    7.5000  -22.5000   15.0000 2826.5869   10.3056
   -7.5000  -15.0000   15.0000 2904.5520   10.0241
    0.0000  -15.0000   15.0000 2943.6047    9.9626
    7.5000  -15.0000   15.0000 2893.3723   10.0321
   -7.5000   -7.5000   15.0000 2927.8499    9.9441
    0.0000   -7.5000   15.0000 2964.2595    9.8893
    7.5000   -7.5000   15.0000 2912.8535    9.9794
   -7.5000    0.0000   15.0000 2897.0913   10.0732
    0.0000    0.0000   15.0000 2923.7256    9.9902
    7.5000    0.0000   15.0000 2881.4839   10.1497
   -7.5000    7.5000   15.0000 2826.8462   10.4447
    0.0000    7.5000   15.0000 2846.9504   10.3501
    7.5000    7.5000   15.0000 2810.0422   10.5328
   -7.5000   15.0000   15.0000 2718.5044   11.0919
    0.0000   15.0000   15.0000 2734.9058   10.9926
    7.5000   15.0000   15.0000 2704.8865   11.1595
   -7.5000   22.5000   15.0000 2584.2559   11.9737
    0.0000   22.5000   15.0000 2600.7336   11.8750
    7.5000   22.5000   15.0000 2582.4541   12.0223
   -7.5000   30.0000   15.0000 2445.9917   13.1319
    0.0000   30.0000   15.0000 2457.8511   13.0306
    7.5000   30.0000   15.0000 2445.5522   13.1703
   -7.5000   37.5000   15.0000 2303.5884   14.6645
    0.0000   37.5000   15.0000 2316.5154   14.5695
    7.5000   37.5000   15.0000 2298.7354   14.7206
   -7.5000   45.0000   15.0000 2143.4944   16.6696
    0.0000   45.0000   15.0000 2157.1494   16.5965
    7.5000   45.0000   15.0000 2140.1064   16.7040
   -7.5000  -45.0000   22.5000 2431.9705   12.9542
    0.0000  -45.0000   22.5000 2450.3933   12.8659
    7.5000  -45.0000   22.5000 2433.2395   13.1246
   -7.5000  -37.5000   22.5000 2563.8506   11.7752
    0.0000  -37.5000   22.5000 2585.6108   11.6739
    7.5000  -37.5000   22.5000 2564.2935   11.9193
   -7.5000  -30.0000   22.5000 2688.0530   10.9504
    0.0000  -30.0000   22.5000 2710.7229   10.8211
    7.5000  -30.0000   22.5000 2686.1782   11.0638
   -7.5000  -22.5000   22.5000 2800.9612   10.4423
    0.0000  -22.5000   22.5000 2831.5378   10.3167
    7.5000  -22.5000   22.5000 2797.1409   10.5484
   -7.5000  -15.0000   22.5000 2876.2727   10.1880
    0.0000  -15.0000   22.5000 2911.6655   10.0854
    7.5000  -15.0000   22.5000 2866.9019   10.2617
   -7.5000   -7.5000   22.5000 2905.9968   10.0948
    0.0000   -7.5000   22.5000 2939.1570    9.9768
    7.5000   -7.5000   22.5000 2890.6853   10.1923
   -7.5000    0.0000   22.5000 2876.4028   10.2575
    0.0000    0.0000   22.5000 2901.4929   10.1191
    7.5000    0.0000   22.5000 2861.6179   10.3720
   -7.5000    7.5000   22.5000 2802.5752   10.6841
    0.0000    7.5000   22.5000 2822.7405   10.5644
    7.5000    7.5000   22.5000 2792.3811   10.7729
   -7.5000   15.0000   22.5000 2695.3054   11.3166
    0.0000   15.0000   22.5000 2711.8779   11.2093
    7.5000   15.0000   22.5000 2687.2229   11.4048
   -7.5000   22.5000   22.5000 2567.2449   12.1925
    0.0000   22.5000   22.5000 2580.0679   12.0980
    7.5000   22.5000   22.5000 2559.0693   12.2588
   -7.5000   30.0000   22.5000 2427.3594   13.3238
    0.0000   30.0000   22.5000 2438.7302   13.2310
    7.5000   30.0000   22.5000 2424.2607   13.3508
   -7.5000   37.5000   22.5000 2284.6777   14.7583
    0.0000   37.5000   22.5000 2298.2244   14.6755
    7.5000   37.5000   22.5000 2279.8977   14.7811
   -7.5000   45.0000   22.5000 2124.7512   16.6256
    0.0000   45.0000   22.5000 2138.1411   16.5507
    7.5000   45.0000   22.5000 2120.7620   16.6525
   -7.5000  -45.0000   30.0000 2381.3186   13.4881
    0.0000  -45.0000   30.0000 2399.3823   13.3818
    7.5000  -45.0000   30.0000 2381.9299   13.6961
   -7.5000  -37.5000   30.0000 2513.5369   12.2651
    0.0000  -37.5000   30.0000 2532.7698   12.1440
    7.5000  -37.5000   30.0000 2513.9021   12.4313
   -7.5000  -30.0000   30.0000 2633.3040   11.3817
    0.0000  -30.0000   30.0000 2655.8848   11.2647
    7.5000  -30.0000   30.0000 2636.3196   11.5531
   -7.5000  -22.5000   30.0000 2746.7908   10.8472
    0.0000  -22.5000   30.0000 2771.0593   10.7416
    7.5000  -22.5000   30.0000 2744.9875   10.9924
   -7.5000  -15.0000   30.0000 2820.8857   10.5705
    0.0000  -15.0000   30.0000 2849.8154   10.4562
    7.5000  -15.0000   30.0000 2813.6309   10.6748
   -7.5000   -7.5000   30.0000 2847.2974   10.4601
    0.0000   -7.5000   30.0000 2879.3081   10.3097
    7.5000   -7.5000   30.0000 2842.1238   10.5672
   -7.5000    0.0000   30.0000 2825.7224   10.5978
    0.0000    0.0000   30.0000 2851.9597   10.4681
    7.5000    0.0000   30.0000 2820.9951   10.7067
   -7.5000    7.5000   30.0000 2755.0076   11.0080
    0.0000    7.5000   30.0000 2775.9224   10.9047
    7.5000    7.5000   30.0000 2749.1970   11.1112
   -7.5000   15.0000   30.0000 2656.2808   11.6390
    0.0000   15.0000   30.0000 2670.2217   11.5400
    7.5000   15.0000   30.0000 2647.2410   11.7364
   -7.5000   22.5000   30.0000 2539.0403   12.5148
    0.0000   22.5000   30.0000 2547.9810   12.4146
    7.5000   22.5000   30.0000 2525.2681   12.5838
   -7.5000   30.0000   30.0000 2396.7280   13.6446
    0.0000   30.0000   30.0000 2406.3320   13.5466
    7.5000   30.0000   30.0000 2387.5334   13.6951
   -7.5000   37.5000   30.0000 2250.0400   15.0262
    0.0000   37.5000   30.0000 2262.5710   14.9774
    7.5000   37.5000   30.0000 2246.6013   15.0868
   -7.5000   45.0000   30.0000 2090.0806   16.9010
    0.0000   45.0000   30.0000 2105.5476   16.8233
    7.5000   45.0000   30.0000 2095.0242   16.8937
   -7.5000  -45.0000   37.5000 2327.0374   14.2157
    0.0000  -45.0000   37.5000 2345.0134   14.0959
    7.5000  -45.0000   37.5000 2322.1147   14.4416
   -7.5000  -37.5000   37.5000 2455.6123   12.9329
    0.0000  -37.5000   37.5000 2477.6638   12.8095
    7.5000  -37.5000   37.5000 2451.9160   13.1158
   -7.5000  -30.0000   37.5000 2575.0525   12.0260
    0.0000  -30.0000   37.5000 2597.8628   11.9059
    7.5000  -30.0000   37.5000 2573.0405   12.1861
   -7.5000  -22.5000   37.5000 2679.1763   11.4674
    0.0000  -22.5000   37.5000 2704.0364   11.3602
    7.5000  -22.5000   37.5000 2678.6660   11.6005
   -7.5000  -15.0000   37.5000 2749.3257   11.1340
    0.0000  -15.0000   37.5000 2774.1135   11.0187
    7.5000  -15.0000   37.5000 2741.9158   11.2423
   -7.5000   -7.5000   37.5000 2769.7798   11.0188
    0.0000   -7.5000   37.5000 2792.3169   10.8916
    7.5000   -7.5000   37.5000 2764.0051   11.1261
   -7.5000    0.0000   37.5000 2742.6514   11.1693
    0.0000    0.0000   37.5000 2766.8083   11.0437
    7.5000    0.0000   37.5000 2744.0713   11.2632
   -7.5000    7.5000   37.5000 2681.4102   11.5447
    0.0000    7.5000   37.5000 2703.2656   11.4413
    7.5000    7.5000   37.5000 2681.5996   11.6265
   -7.5000   15.0000   37.5000 2595.9480   12.1100
    0.0000   15.0000   37.5000 2612.2349   12.0290
    7.5000   15.0000   37.5000 2589.1987   12.2167
   -7.5000   22.5000   37.5000 2490.8713   12.9449
    0.0000   22.5000   37.5000 2501.5205   12.8744
    7.5000   22.5000   37.5000 2480.5999   13.0375
   -7.5000   30.0000   37.5000 2362.5967   14.0703
    0.0000   30.0000   37.5000 2372.0342   13.9781
    7.5000   30.0000   37.5000 2356.0906   14.1305
   -7.5000   37.5000   37.5000 2210.7312   15.4478
    0.0000   37.5000   37.5000 2227.2661   15.3905
    7.5000   37.5000   37.5000 2213.9009   15.5318
   -7.5000   45.0000   37.5000 2050.0525   17.3114
    0.0000   45.0000   37.5000 2068.0525   17.2722
    7.5000   45.0000   37.5000 2052.7473   17.3961
   -7.5000  -45.0000   45.0000 2266.8921   15.1544
    0.0000  -45.0000   45.0000 2285.6677   15.0560
    7.5000  -45.0000   45.0000 2262.7007   15.3937
   -7.5000  -37.5000   45.0000 2396.0874   13.7611
    0.0000  -37.5000   45.0000 2412.3667   13.6633
    7.5000  -37.5000   45.0000 2385.9175   13.9850
   -7.5000  -30.0000   45.0000 2509.0737   12.8243
    0.0000  -30.0000   45.0000 2530.7532   12.7237
    7.5000  -30.0000   45.0000 2503.6094   13.0141
   -7.5000  -22.5000   45.0000 2605.0081   12.2319
    0.0000  -22.5000   45.0000 2630.3677   12.1421
    7.5000  -22.5000   45.0000 2602.5315   12.3821
   -7.5000  -15.0000   45.0000 2661.7043   11.8538
    0.0000  -15.0000   45.0000 2688.7275   11.7550
    7.5000  -15.0000   45.0000 2656.9338   11.9825
   -7.5000   -7.5000   45.0000 2676.3042   11.7294
    0.0000   -7.5000   45.0000 2699.4744   11.6404
    7.5000   -7.5000   45.0000 2676.6809   11.8475
   -7.5000    0.0000   45.0000 2650.9341   11.8802
    0.0000    0.0000   45.0000 2672.1775   11.7777
    7.5000    0.0000   45.0000 2653.6951   11.9774
   -7.5000    7.5000   45.0000 2595.2766   12.2286
    0.0000    7.5000   45.0000 2613.0813   12.1293
    7.5000    7.5000   45.0000 2595.3452   12.3177
   -7.5000   15.0000   45.0000 2520.4258   12.7831
    0.0000   15.0000   45.0000 2533.8958   12.6923
    7.5000   15.0000   45.0000 2516.6172   12.8730
   -7.5000   22.5000   45.0000 2428.5388   13.5651
    0.0000   22.5000   45.0000 2441.4910   13.4843
    7.5000   22.5000   45.0000 2419.5906   13.6648
   -7.5000   30.0000   45.0000 2311.1951   14.6298
    0.0000   30.0000   45.0000 2324.2483   14.5648
    7.5000   30.0000   45.0000 2301.4370   14.6960
   -7.5000   37.5000   45.0000 2165.5515   16.0447
    0.0000   37.5000   45.0000 2178.9016   16.0075
    7.5000   37.5000   45.0000 2163.1938   16.1516
   -7.5000   45.0000   45.0000 2002.4277   17.9760
    0.0000   45.0000   45.0000 2024.6399   17.9737
    7.5000   45.0000   45.0000 2005.4104   18.0972

---------------------------------------------------------------------
imgreg_4dfp /opt/freesurfer/average/711-2C_as_mni_average_305 /opt/freesurfer/average/711-2B_as_mni_average_305_mask talsrcimg_g11 none talsrcimg_to_711-2C_as_mni_average_305_t4 1283
---------------------------------------------------------------------

freesurfer imgreg_4dfp.c
/opt/freesurfer/average/711-2C_as_mni_average_305.4dfp.img
       256       256       256         1
  1.000000  1.000000  1.000000
orientation T byte_order littleendian
Reading image: /opt/freesurfer/average/711-2C_as_mni_average_305.4dfp.img
dimensions:      256       256       256
mmppix:       1.0000   -1.0000   -1.0000
center:     128.0000 -129.0000 -129.0000
/opt/freesurfer/average/711-2B_as_mni_average_305_mask.4dfp.img
       256       256       256         1
  1.000000  1.000000  1.000000
orientation T byte_order littleendian
Reading mask: /opt/freesurfer/average/711-2B_as_mni_average_305_mask.4dfp.img (2306576 pixels)
talsrcimg_g11.4dfp.img
       256       256       256         1
  1.000000  1.000000  1.000000
orientation T byte_order littleendian
Reading image: talsrcimg_g11.4dfp.img
dimensions:      256       256       256
mmppix:       1.0000   -1.0000   -1.0000
center:     128.0000 -129.0000 -129.0000
rotation matrix determinant  1.000000
fimgreg.f
image alignment mode   1283 decimal      503 hex
parameters
    0.0000   -7.5000    7.5000    0.0000    0.0000    0.0000
eta,q 0.93226  9.87162
niter,ni,del,rscale     5    3   12.0000    1.2000
parameter  4  5.340549 ->  0.500000 qaram    1.1500
parameters
   -0.0789   -8.9766    9.8811   -3.4500   -0.0403   -2.9369
eta,q 0.94100  9.75341
  0.0794  0.0700  0.0767  0.0576  0.0647  0.0610
  0.0736  0.0670  0.0733  0.0599  0.0625  0.0593
  0.0683  0.0656  0.0689  0.0622  0.0610  0.0591
  0.0660  0.0659  0.0657  0.0643  0.0606  0.0606
  0.0678  0.0684  0.0642  0.0670  0.0608  0.0630
  0.0735  0.0722  0.0651  0.0700  0.0620  0.0661
  0.0808  0.0770  0.0678  0.0727  0.0652  0.0696
niter,ni,del,rscale     5    3   12.0000    1.2000
parameter  4  1.122836 ->  0.500000 qaram    1.3225
parameters
   -0.7023   -8.8946   10.9523   -7.4175   -0.0264   -2.7333
eta,q 0.94346  9.80929
  0.0704  0.0715  0.0663  0.0546  0.0616  0.0603
  0.0630  0.0650  0.0617  0.0562  0.0584  0.0586
  0.0588  0.0600  0.0591  0.0570  0.0568  0.0575
  0.0590  0.0585  0.0585  0.0585  0.0566  0.0566
  0.0630  0.0618  0.0586  0.0620  0.0572  0.0564
  0.0683  0.0663  0.0599  0.0658  0.0587  0.0577
  0.0738  0.0691  0.0615  0.0698  0.0612  0.0604
niter,ni,del,rscale     5    3   12.0000    1.2000
parameter  4  1.372365 ->  0.500000 qaram    1.5209
parameters
   -0.6792   -7.9568    9.4079  -11.9801    0.3903   -3.2894
eta,q 0.94748  9.85373
  0.0707  0.0705  0.0578  0.0515  0.0587  0.0563
  0.0636  0.0633  0.0553  0.0520  0.0557  0.0543
  0.0587  0.0583  0.0555  0.0539  0.0535  0.0530
  0.0565  0.0565  0.0565  0.0557  0.0524  0.0524
  0.0585  0.0570  0.0571  0.0580  0.0528  0.0532
  0.0640  0.0595  0.0577  0.0614  0.0544  0.0553
  0.0702  0.0634  0.0594  0.0649  0.0574  0.0583
niter,ni,del,rscale     5    3   12.0000    1.2000
parameter  4  0.583933 ->  0.500000 qaram    1.7490
parameters
   -1.0017   -6.7109    9.0867  -17.2272    1.1779   -4.4614
eta,q 0.95274  9.90502
  0.0661  0.0646  0.0552  0.0519  0.0581  0.0515
  0.0590  0.0585  0.0522  0.0484  0.0541  0.0488
  0.0541  0.0545  0.0519  0.0496  0.0511  0.0474
  0.0525  0.0525  0.0523  0.0522  0.0482  0.0475
  0.0552  0.0525  0.0522  0.0553  0.0476  0.0493
  0.0616  0.0543  0.0528  0.0587  0.0503  0.0523
  0.0689  0.0572  0.0560  0.0631  0.0551  0.0559
niter,ni,del,rscale     5    3   12.0000    1.2000
parameters
   -1.3103   -4.0405    7.5467  -18.9056    1.6626   -4.5820
eta,q 0.95691  9.93605
  0.0651  0.0658  0.0491  0.0558  0.0544  0.0493
  0.0554  0.0585  0.0456  0.0484  0.0499  0.0462
  0.0485  0.0517  0.0449  0.0440  0.0462  0.0439
  0.0473  0.0471  0.0457  0.0450  0.0434  0.0431
  0.0515  0.0457  0.0475  0.0505  0.0437  0.0438
  0.0593  0.0464  0.0507  0.0561  0.0471  0.0463
  0.0674  0.0487  0.0557  0.0620  0.0523  0.0501
niter,ni,del,rscale     4    3   12.0000    1.2000
parameters
   -1.4488   -3.5318    7.4581  -19.3430    1.8683   -4.6144
eta,q 0.95715  9.93225
  0.0623  0.0563  0.0524  0.0583  0.0537  0.0493
  0.0526  0.0500  0.0468  0.0511  0.0491  0.0460
  0.0453  0.0452  0.0437  0.0449  0.0454  0.0437
  0.0431  0.0430  0.0430  0.0430  0.0429  0.0428
  0.0466  0.0441  0.0443  0.0478  0.0438  0.0435
  0.0544  0.0474  0.0476  0.0538  0.0477  0.0458
  0.0636  0.0525  0.0525  0.0594  0.0530  0.0498
niter,ni,del,rscale     3    3   12.0000    1.2000
parameters
   -1.5304   -3.3751    7.4187  -19.4937    1.9755   -4.6237
eta,q 0.95722  9.93074
  0.0626  0.0549  0.0524  0.0588  0.0534  0.0493
  0.0527  0.0489  0.0468  0.0519  0.0489  0.0460
  0.0453  0.0445  0.0436  0.0453  0.0451  0.0436
  0.0428  0.0428  0.0428  0.0428  0.0428  0.0428
  0.0463  0.0442  0.0440  0.0471  0.0439  0.0434
  0.0540  0.0480  0.0473  0.0532  0.0480  0.0457
  0.0630  0.0538  0.0524  0.0587  0.0533  0.0496
niter,ni,del,rscale     2    3   12.0000    1.2000
parameters
   -1.5747   -3.3313    7.4024  -19.5379    2.0293   -4.6246
eta,q 0.95724  9.92999
  0.0628  0.0545  0.0524  0.0590  0.0533  0.0493
  0.0529  0.0485  0.0468  0.0522  0.0488  0.0459
  0.0454  0.0443  0.0436  0.0455  0.0450  0.0436
  0.0428  0.0428  0.0428  0.0428  0.0428  0.0428
  0.0461  0.0441  0.0439  0.0469  0.0440  0.0434
  0.0538  0.0482  0.0472  0.0529  0.0481  0.0457
  0.0629  0.0542  0.0522  0.0585  0.0535  0.0496
registration optimization eta report
parameter search radius
    6.0000    6.0000    6.0000   10.4940    6.0000    6.0000
100000*second partial in parameter space
       54.       32.       27.       14.       29.       19.
  0.0628  0.0545  0.0524  0.0590  0.0533  0.0493
  0.0529  0.0485  0.0468  0.0522  0.0488  0.0459
  0.0454  0.0443  0.0436  0.0455  0.0450  0.0436
  0.0428  0.0428  0.0428  0.0428  0.0428  0.0428
  0.0461  0.0441  0.0439  0.0469  0.0440  0.0434
  0.0538  0.0482  0.0472  0.0529  0.0481  0.0457
  0.0629  0.0542  0.0522  0.0585  0.0535  0.0496
   -1.5747   -3.3313    7.4024  -19.5379    2.0293   -4.6246
eta,q 0.95724  9.92999

---------------------------------------------------------------------
imgreg_4dfp /opt/freesurfer/average/711-2C_as_mni_average_305 /opt/freesurfer/average/711-2B_as_mni_average_305_mask talsrcimg_g11 none talsrcimg_to_711-2C_as_mni_average_305_t4 3335
---------------------------------------------------------------------

freesurfer imgreg_4dfp.c
/opt/freesurfer/average/711-2C_as_mni_average_305.4dfp.img
       256       256       256         1
  1.000000  1.000000  1.000000
orientation T byte_order littleendian
Reading image: /opt/freesurfer/average/711-2C_as_mni_average_305.4dfp.img
dimensions:      256       256       256
mmppix:       1.0000   -1.0000   -1.0000
center:     128.0000 -129.0000 -129.0000
/opt/freesurfer/average/711-2B_as_mni_average_305_mask.4dfp.img
       256       256       256         1
  1.000000  1.000000  1.000000
orientation T byte_order littleendian
Reading mask: /opt/freesurfer/average/711-2B_as_mni_average_305_mask.4dfp.img (2306576 pixels)
talsrcimg_g11.4dfp.img
       256       256       256         1
  1.000000  1.000000  1.000000
orientation T byte_order littleendian
Reading image: talsrcimg_g11.4dfp.img
dimensions:      256       256       256
mmppix:       1.0000   -1.0000   -1.0000
center:     128.0000 -129.0000 -129.0000
fimgreg.f
image alignment mode   3335 decimal      D07 hex
parameters
   -1.5747   -3.3313    7.4024   -0.3881   -6.1603   -5.8171
    8.7788   -0.6299   -8.0576   33.6033    3.5411  -33.4221
eta,q 0.95750 10.00047
niter,ni,del,rscale     5    3    5.0000    1.2000
parameter  4  0.639191 ->  0.500000 qaram    1.1500
parameter  5  2.899958 ->  0.500000 qaram    1.1500
parameter 10  0.511687 ->  0.500000 qaram    1.1500
parameters
   -1.6846   -3.5189    7.2784   -4.5281  -10.3003   -8.7931
    8.6713   -0.6655   -4.9321   29.4633    2.4591  -31.2172
eta,q 0.96424  9.37950
  0.0457  0.0442  0.0441  0.0416  0.0344  0.0371  0.0391  0.0404  0.0401  0.0366  0.0364  0.0376
  0.0439  0.0432  0.0431  0.0414  0.0363  0.0368  0.0379  0.0385  0.0387  0.0359  0.0360  0.0367
  0.0428  0.0426  0.0426  0.0416  0.0387  0.0370  0.0372  0.0374  0.0376  0.0359  0.0359  0.0361
  0.0425  0.0425  0.0425  0.0425  0.0414  0.0370  0.0369  0.0369  0.0369  0.0366  0.0358  0.0358
  0.0430  0.0428  0.0428  0.0442  0.0443  0.0375  0.0372  0.0372  0.0366  0.0380  0.0360  0.0358
  0.0443  0.0436  0.0435  0.0468  0.0475  0.0392  0.0380  0.0384  0.0367  0.0399  0.0364  0.0359
  0.0463  0.0448  0.0444  0.0499  0.0512  0.0423  0.0393  0.0406  0.0372  0.0423  0.0369  0.0362
niter,ni,del,rscale     7    3    5.0000    1.2000
parameter  5  1.556399 ->  0.500000 qaram    1.3225
parameters
   -1.6199   -3.6469    7.8830   -7.2910  -15.0613  -10.5857
    7.5304   -0.7279   -5.4838   29.4935    2.2546  -30.8356
eta,q 0.96835  8.90300
  0.0390  0.0379  0.0375  0.0364  0.0307  0.0329  0.0334  0.0355  0.0335  0.0357  0.0325  0.0329
  0.0373  0.0366  0.0367  0.0357  0.0317  0.0320  0.0323  0.0335  0.0324  0.0336  0.0320  0.0322
  0.0362  0.0359  0.0361  0.0355  0.0333  0.0317  0.0317  0.0321  0.0318  0.0322  0.0317  0.0318
  0.0358  0.0358  0.0357  0.0357  0.0355  0.0321  0.0317  0.0317  0.0317  0.0316  0.0316  0.0317
  0.0360  0.0361  0.0357  0.0363  0.0381  0.0327  0.0323  0.0322  0.0320  0.0321  0.0317  0.0318
  0.0370  0.0370  0.0359  0.0378  0.0412  0.0332  0.0334  0.0336  0.0329  0.0335  0.0321  0.0321
  0.0387  0.0383  0.0364  0.0401  0.0447  0.0343  0.0349  0.0356  0.0342  0.0358  0.0326  0.0326
niter,ni,del,rscale     7    3    5.0000    1.2000
parameter  5  0.617388 ->  0.500000 qaram    1.5209
parameters
   -1.6937   -3.4991    7.9051   -7.6303  -20.5365  -10.0790
    7.2979   -0.5462   -5.7701   30.2663    2.2795  -32.2595
eta,q 0.96990  8.65718
  0.0346  0.0346  0.0330  0.0336  0.0309  0.0324  0.0325  0.0341  0.0321  0.0345  0.0309  0.0309
  0.0329  0.0330  0.0323  0.0325  0.0302  0.0312  0.0312  0.0322  0.0310  0.0324  0.0305  0.0303
  0.0319  0.0320  0.0318  0.0318  0.0304  0.0304  0.0304  0.0308  0.0304  0.0309  0.0303  0.0301
  0.0316  0.0316  0.0316  0.0316  0.0316  0.0302  0.0302  0.0302  0.0302  0.0302  0.0302  0.0302
  0.0321  0.0319  0.0318  0.0319  0.0338  0.0306  0.0306  0.0306  0.0305  0.0304  0.0302  0.0305
  0.0332  0.0326  0.0322  0.0326  0.0365  0.0311  0.0315  0.0319  0.0313  0.0314  0.0305  0.0310
  0.0350  0.0339  0.0329  0.0340  0.0399  0.0316  0.0328  0.0337  0.0325  0.0332  0.0309  0.0316
niter,ni,del,rscale     7    3    5.0000    1.2000
parameters
   -1.6495   -3.2677    7.9143   -7.4701  -21.4861   -9.8418
    7.3549   -0.4431   -5.8861   30.9993    2.2071  -32.5192
eta,q 0.96990  8.64540
  0.0333  0.0331  0.0313  0.0322  0.0341  0.0321  0.0326  0.0338  0.0321  0.0343  0.0308  0.0312
  0.0316  0.0315  0.0306  0.0310  0.0320  0.0309  0.0313  0.0320  0.0310  0.0322  0.0304  0.0305
  0.0305  0.0305  0.0302  0.0303  0.0306  0.0302  0.0305  0.0307  0.0304  0.0308  0.0302  0.0302
  0.0301  0.0301  0.0301  0.0301  0.0301  0.0301  0.0301  0.0301  0.0301  0.0301  0.0301  0.0301
  0.0304  0.0303  0.0302  0.0303  0.0308  0.0306  0.0304  0.0306  0.0304  0.0303  0.0302  0.0303
  0.0314  0.0310  0.0306  0.0309  0.0330  0.0310  0.0313  0.0318  0.0311  0.0313  0.0304  0.0307
  0.0330  0.0321  0.0313  0.0321  0.0360  0.0316  0.0325  0.0336  0.0323  0.0331  0.0308  0.0313
niter,ni,del,rscale     6    3    5.0000    1.2000
parameters
   -1.6096   -3.1249    7.9097   -7.4463  -21.7744   -9.6433
    7.3255   -0.3414   -5.9515   31.3216    2.1875  -32.5889
eta,q 0.96986  8.64783
  0.0332  0.0328  0.0312  0.0322  0.0345  0.0320  0.0326  0.0337  0.0321  0.0338  0.0308  0.0312
  0.0315  0.0314  0.0306  0.0310  0.0324  0.0309  0.0313  0.0320  0.0311  0.0319  0.0304  0.0306
  0.0305  0.0304  0.0302  0.0303  0.0308  0.0301  0.0304  0.0307  0.0304  0.0307  0.0302  0.0302
  0.0301  0.0301  0.0301  0.0301  0.0301  0.0301  0.0302  0.0302  0.0302  0.0301  0.0301  0.0301
  0.0304  0.0303  0.0302  0.0303  0.0306  0.0306  0.0305  0.0306  0.0304  0.0305  0.0302  0.0303
  0.0314  0.0311  0.0306  0.0309  0.0325  0.0309  0.0313  0.0318  0.0311  0.0315  0.0304  0.0306
  0.0330  0.0322  0.0312  0.0322  0.0353  0.0315  0.0326  0.0336  0.0322  0.0333  0.0308  0.0312
niter,ni,del,rscale     5    3    5.0000    1.2000
parameters
   -1.5784   -3.0616    7.9392   -7.4344  -21.9054   -9.5184
    7.2999   -0.2789   -5.9840   31.4605    2.1991  -32.5937
eta,q 0.96983  8.64963
  0.0332  0.0327  0.0312  0.0322  0.0346  0.0319  0.0326  0.0337  0.0322  0.0337  0.0308  0.0312
  0.0315  0.0313  0.0306  0.0310  0.0325  0.0308  0.0313  0.0319  0.0311  0.0318  0.0305  0.0306
  0.0305  0.0304  0.0303  0.0303  0.0309  0.0301  0.0305  0.0307  0.0304  0.0306  0.0303  0.0303
  0.0301  0.0301  0.0301  0.0301  0.0301  0.0302  0.0302  0.0302  0.0302  0.0302  0.0302  0.0302
  0.0305  0.0304  0.0302  0.0304  0.0306  0.0306  0.0305  0.0306  0.0304  0.0305  0.0302  0.0303
  0.0314  0.0312  0.0306  0.0310  0.0324  0.0309  0.0313  0.0318  0.0311  0.0316  0.0304  0.0306
  0.0330  0.0323  0.0312  0.0322  0.0351  0.0315  0.0326  0.0336  0.0322  0.0335  0.0308  0.0312
niter,ni,del,rscale     4    3    5.0000    1.2000
parameters
   -1.5611   -3.0326    7.9679   -7.4334  -21.9603   -9.4577
    7.2874   -0.2479   -6.0037   31.5105    2.2299  -32.5776
eta,q 0.96982  8.64998
  0.0331  0.0326  0.0312  0.0322  0.0347  0.0319  0.0326  0.0337  0.0322  0.0336  0.0308  0.0313
  0.0315  0.0312  0.0307  0.0310  0.0325  0.0308  0.0313  0.0319  0.0311  0.0318  0.0305  0.0306
  0.0305  0.0304  0.0303  0.0304  0.0309  0.0301  0.0305  0.0306  0.0304  0.0306  0.0303  0.0303
  0.0302  0.0302  0.0302  0.0302  0.0302  0.0302  0.0302  0.0302  0.0302  0.0302  0.0302  0.0302
  0.0305  0.0305  0.0303  0.0304  0.0305  0.0306  0.0305  0.0306  0.0304  0.0306  0.0302  0.0303
  0.0315  0.0312  0.0306  0.0310  0.0323  0.0309  0.0313  0.0318  0.0311  0.0316  0.0305  0.0306
  0.0330  0.0324  0.0312  0.0322  0.0351  0.0316  0.0326  0.0336  0.0322  0.0336  0.0308  0.0312
niter,ni,del,rscale     3    3    5.0000    1.2000
parameters
   -1.5552   -3.0162    7.9817   -7.4384  -21.9842   -9.4326
    7.2840   -0.2351   -6.0140   31.5378    2.2540  -32.5785
eta,q 0.96982  8.65008
  0.0331  0.0326  0.0312  0.0322  0.0347  0.0319  0.0326  0.0336  0.0322  0.0336  0.0308  0.0313
  0.0315  0.0312  0.0307  0.0311  0.0326  0.0308  0.0313  0.0319  0.0311  0.0318  0.0305  0.0306
  0.0305  0.0304  0.0303  0.0304  0.0310  0.0301  0.0305  0.0306  0.0304  0.0306  0.0303  0.0303
  0.0302  0.0302  0.0302  0.0302  0.0302  0.0302  0.0302  0.0302  0.0302  0.0302  0.0302  0.0302
  0.0305  0.0305  0.0303  0.0304  0.0306  0.0306  0.0305  0.0306  0.0304  0.0306  0.0302  0.0303
  0.0315  0.0313  0.0306  0.0310  0.0323  0.0309  0.0313  0.0319  0.0311  0.0317  0.0305  0.0307
  0.0331  0.0324  0.0312  0.0322  0.0351  0.0316  0.0326  0.0336  0.0322  0.0336  0.0308  0.0312
registration optimization eta report
parameter search radius
    2.4000    2.4000    2.4000    8.2800   10.9503    7.2000
    7.2000    7.2000    7.2000    8.2800    7.2000    7.2000
100000*second partial in parameter space
       51.       40.       18.        3.        4.        3.
        5.        7.        4.        5.        1.        2.
  0.0331  0.0326  0.0312  0.0322  0.0347  0.0319  0.0326  0.0336  0.0322  0.0336  0.0308  0.0313
  0.0315  0.0312  0.0307  0.0311  0.0326  0.0308  0.0313  0.0319  0.0311  0.0318  0.0305  0.0306
  0.0305  0.0304  0.0303  0.0304  0.0310  0.0301  0.0305  0.0306  0.0304  0.0306  0.0303  0.0303
  0.0302  0.0302  0.0302  0.0302  0.0302  0.0302  0.0302  0.0302  0.0302  0.0302  0.0302  0.0302
  0.0305  0.0305  0.0303  0.0304  0.0306  0.0306  0.0305  0.0306  0.0304  0.0306  0.0302  0.0303
  0.0315  0.0313  0.0306  0.0310  0.0323  0.0309  0.0313  0.0319  0.0311  0.0317  0.0305  0.0307
  0.0331  0.0324  0.0312  0.0322  0.0351  0.0316  0.0326  0.0336  0.0322  0.0336  0.0308  0.0312
   -1.5552   -3.0162    7.9817   -7.4384  -21.9842   -9.4326
    7.2840   -0.2351   -6.0140   31.5378    2.2540  -32.5785
eta,q 0.96982  8.65008

---------------------------------------------------------------------
imgreg_4dfp /opt/freesurfer/average/711-2C_as_mni_average_305 /opt/freesurfer/average/711-2B_as_mni_average_305_mask talsrcimg_g11 none talsrcimg_to_711-2C_as_mni_average_305_t4 2311
---------------------------------------------------------------------

freesurfer imgreg_4dfp.c
/opt/freesurfer/average/711-2C_as_mni_average_305.4dfp.img
       256       256       256         1
  1.000000  1.000000  1.000000
orientation T byte_order littleendian
Reading image: /opt/freesurfer/average/711-2C_as_mni_average_305.4dfp.img
dimensions:      256       256       256
mmppix:       1.0000   -1.0000   -1.0000
center:     128.0000 -129.0000 -129.0000
/opt/freesurfer/average/711-2B_as_mni_average_305_mask.4dfp.img
       256       256       256         1
  1.000000  1.000000  1.000000
orientation T byte_order littleendian
Reading mask: /opt/freesurfer/average/711-2B_as_mni_average_305_mask.4dfp.img (2306576 pixels)
talsrcimg_g11.4dfp.img
       256       256       256         1
  1.000000  1.000000  1.000000
orientation T byte_order littleendian
Reading image: talsrcimg_g11.4dfp.img
dimensions:      256       256       256
mmppix:       1.0000   -1.0000   -1.0000
center:     128.0000 -129.0000 -129.0000
fimgreg.f
image alignment mode   2311 decimal      907 hex
parameters
   -1.5552   -3.0162    7.9817   -7.4384  -21.9842   -9.4326
    7.2840   -0.2351   -6.0140   31.5378    2.2540  -32.5785
eta,q 0.96982  8.65008
niter,ni,del,rscale     5    3    5.0000    0.8000
parameters
   -1.5579   -3.0494    8.0259   -7.4116  -21.3471  -10.0104
    7.2681   -0.2456   -5.9437   31.2810    2.2993  -32.6898
eta,q 0.96992  8.65796
  0.0315  0.0312  0.0307  0.0308  0.0314  0.0308  0.0312  0.0318  0.0310  0.0312  0.0304  0.0306
  0.0308  0.0306  0.0304  0.0304  0.0308  0.0303  0.0306  0.0309  0.0305  0.0305  0.0302  0.0303
  0.0303  0.0303  0.0303  0.0302  0.0304  0.0300  0.0302  0.0303  0.0302  0.0302  0.0301  0.0301
  0.0302  0.0302  0.0302  0.0302  0.0302  0.0302  0.0301  0.0301  0.0301  0.0301  0.0301  0.0301
  0.0303  0.0303  0.0302  0.0303  0.0302  0.0304  0.0302  0.0303  0.0302  0.0303  0.0301  0.0302
  0.0308  0.0307  0.0304  0.0305  0.0304  0.0307  0.0306  0.0309  0.0305  0.0307  0.0302  0.0303
  0.0315  0.0313  0.0306  0.0308  0.0309  0.0309  0.0312  0.0318  0.0310  0.0314  0.0304  0.0306
niter,ni,del,rscale     4    3    5.0000    0.7000
parameters
   -1.5723   -3.1173    7.8650   -7.4999  -21.2350  -10.5184
    7.2744   -0.3172   -5.9194   31.1256    2.2155  -32.8832
eta,q 0.96999  8.64023
  0.0311  0.0308  0.0304  0.0305  0.0309  0.0306  0.0309  0.0314  0.0307  0.0309  0.0302  0.0304
  0.0305  0.0304  0.0302  0.0303  0.0305  0.0302  0.0304  0.0306  0.0303  0.0304  0.0301  0.0302
  0.0302  0.0301  0.0301  0.0301  0.0302  0.0300  0.0301  0.0302  0.0301  0.0301  0.0300  0.0300
  0.0301  0.0301  0.0301  0.0301  0.0301  0.0301  0.0300  0.0300  0.0300  0.0300  0.0300  0.0300
  0.0302  0.0302  0.0301  0.0301  0.0301  0.0303  0.0301  0.0302  0.0301  0.0302  0.0300  0.0301
  0.0306  0.0305  0.0303  0.0303  0.0304  0.0306  0.0304  0.0307  0.0303  0.0305  0.0301  0.0302
  0.0311  0.0310  0.0306  0.0306  0.0308  0.0308  0.0309  0.0314  0.0307  0.0310  0.0303  0.0304
niter,ni,del,rscale     3    3    5.0000    0.6000
parameters
   -1.5936   -3.1583    7.6767   -7.6093  -21.1801  -11.0018
    7.2753   -0.3797   -5.8891   31.0655    2.0710  -33.1186
eta,q 0.97004  8.62220
  0.0308  0.0306  0.0302  0.0303  0.0306  0.0305  0.0306  0.0310  0.0305  0.0307  0.0301  0.0302
  0.0303  0.0303  0.0301  0.0301  0.0303  0.0301  0.0303  0.0304  0.0302  0.0303  0.0300  0.0301
  0.0301  0.0301  0.0300  0.0300  0.0301  0.0300  0.0300  0.0301  0.0300  0.0300  0.0300  0.0300
  0.0300  0.0300  0.0300  0.0300  0.0300  0.0300  0.0300  0.0300  0.0300  0.0300  0.0300  0.0300
  0.0301  0.0301  0.0301  0.0301  0.0300  0.0302  0.0300  0.0301  0.0300  0.0301  0.0300  0.0300
  0.0304  0.0303  0.0302  0.0302  0.0302  0.0304  0.0303  0.0305  0.0302  0.0303  0.0301  0.0301
  0.0308  0.0307  0.0304  0.0304  0.0306  0.0307  0.0306  0.0310  0.0305  0.0307  0.0302  0.0303
niter,ni,del,rscale     2    3    5.0000    0.5000
parameters
   -1.6122   -3.1773    7.4908   -7.7416  -21.1544  -11.3978
    7.2713   -0.4218   -5.8789   31.0907    1.9163  -33.3030
eta,q 0.97008  8.60573
  0.0305  0.0304  0.0301  0.0302  0.0304  0.0303  0.0304  0.0306  0.0303  0.0304  0.0300  0.0301
  0.0302  0.0301  0.0300  0.0300  0.0301  0.0301  0.0301  0.0302  0.0301  0.0302  0.0300  0.0300
  0.0300  0.0300  0.0300  0.0300  0.0300  0.0299  0.0300  0.0300  0.0300  0.0300  0.0299  0.0299
  0.0300  0.0300  0.0300  0.0299  0.0299  0.0299  0.0299  0.0299  0.0299  0.0299  0.0299  0.0299
  0.0300  0.0300  0.0300  0.0300  0.0300  0.0301  0.0300  0.0300  0.0300  0.0300  0.0299  0.0300
  0.0302  0.0302  0.0301  0.0301  0.0301  0.0303  0.0301  0.0303  0.0301  0.0301  0.0300  0.0300
  0.0305  0.0304  0.0303  0.0302  0.0303  0.0305  0.0304  0.0307  0.0303  0.0304  0.0301  0.0302
niter,ni,del,rscale     1    3    5.0000    0.4000
parameters
   -1.6325   -3.1726    7.3349   -7.9159  -21.1672  -11.6728
    7.2514   -0.4494   -5.8594   31.1559    1.8574  -33.4762
eta,q 0.97010  8.59062
  0.0302  0.0302  0.0300  0.0301  0.0302  0.0302  0.0302  0.0304  0.0301  0.0302  0.0300  0.0300
  0.0301  0.0300  0.0300  0.0300  0.0300  0.0300  0.0300  0.0301  0.0300  0.0301  0.0299  0.0299
  0.0300  0.0299  0.0299  0.0299  0.0299  0.0299  0.0299  0.0300  0.0299  0.0299  0.0299  0.0299
  0.0299  0.0299  0.0299  0.0299  0.0299  0.0299  0.0299  0.0299  0.0299  0.0299  0.0299  0.0299
  0.0300  0.0300  0.0300  0.0299  0.0299  0.0300  0.0299  0.0300  0.0299  0.0299  0.0299  0.0299
  0.0301  0.0300  0.0300  0.0300  0.0300  0.0302  0.0300  0.0301  0.0300  0.0300  0.0299  0.0300
  0.0303  0.0302  0.0301  0.0301  0.0302  0.0304  0.0302  0.0304  0.0301  0.0302  0.0300  0.0301
registration optimization eta report
parameter search radius
    0.8000    0.8000    0.8000    2.4000    2.4000    2.4000
    2.4000    2.4000    2.4000    2.4000    2.4000    2.4000
100000*second partial in parameter space
       54.       43.       23.        3.        4.        6.
        5.        8.        4.        6.        2.        2.
  0.0302  0.0302  0.0300  0.0301  0.0302  0.0302  0.0302  0.0304  0.0301  0.0302  0.0300  0.0300
  0.0301  0.0300  0.0300  0.0300  0.0300  0.0300  0.0300  0.0301  0.0300  0.0301  0.0299  0.0299
  0.0300  0.0299  0.0299  0.0299  0.0299  0.0299  0.0299  0.0300  0.0299  0.0299  0.0299  0.0299
  0.0299  0.0299  0.0299  0.0299  0.0299  0.0299  0.0299  0.0299  0.0299  0.0299  0.0299  0.0299
  0.0300  0.0300  0.0300  0.0299  0.0299  0.0300  0.0299  0.0300  0.0299  0.0299  0.0299  0.0299
  0.0301  0.0300  0.0300  0.0300  0.0300  0.0302  0.0300  0.0301  0.0300  0.0300  0.0299  0.0300
  0.0303  0.0302  0.0301  0.0301  0.0302  0.0304  0.0302  0.0304  0.0301  0.0302  0.0300  0.0301
   -1.6325   -3.1726    7.3349   -7.9159  -21.1672  -11.6728
    7.2514   -0.4494   -5.8594   31.1559    1.8574  -33.4762
eta,q 0.97010  8.59062

---------------------------------------------------------------------
imgreg_4dfp /opt/freesurfer/average/711-2C_as_mni_average_305 /opt/freesurfer/average/711-2B_as_mni_average_305_mask talsrcimg_g11 none talsrcimg_to_711-2C_as_mni_average_305_t4 2311
---------------------------------------------------------------------

freesurfer imgreg_4dfp.c
/opt/freesurfer/average/711-2C_as_mni_average_305.4dfp.img
       256       256       256         1
  1.000000  1.000000  1.000000
orientation T byte_order littleendian
Reading image: /opt/freesurfer/average/711-2C_as_mni_average_305.4dfp.img
dimensions:      256       256       256
mmppix:       1.0000   -1.0000   -1.0000
center:     128.0000 -129.0000 -129.0000
/opt/freesurfer/average/711-2B_as_mni_average_305_mask.4dfp.img
       256       256       256         1
  1.000000  1.000000  1.000000
orientation T byte_order littleendian
Reading mask: /opt/freesurfer/average/711-2B_as_mni_average_305_mask.4dfp.img (2306576 pixels)
talsrcimg_g11.4dfp.img
       256       256       256         1
  1.000000  1.000000  1.000000
orientation T byte_order littleendian
Reading image: talsrcimg_g11.4dfp.img
dimensions:      256       256       256
mmppix:       1.0000   -1.0000   -1.0000
center:     128.0000 -129.0000 -129.0000
fimgreg.f
image alignment mode   2311 decimal      907 hex
parameters
   -1.6325   -3.1726    7.3349   -7.9159  -21.1672  -11.6728
    7.2514   -0.4494   -5.8594   31.1559    1.8574  -33.4762
eta,q 0.97010  8.59063
niter,ni,del,rscale     5    3    5.0000    0.8000
parameters
   -1.6304   -3.1300    7.2509   -7.6947  -21.3979  -11.3933
    7.2915   -0.4188   -5.8956   31.4013    1.5933  -33.2653
eta,q 0.97008  8.60080
  0.0313  0.0311  0.0305  0.0306  0.0308  0.0312  0.0311  0.0317  0.0308  0.0313  0.0302  0.0305
  0.0305  0.0304  0.0301  0.0302  0.0303  0.0305  0.0305  0.0308  0.0303  0.0306  0.0301  0.0302
  0.0301  0.0300  0.0299  0.0300  0.0300  0.0301  0.0301  0.0301  0.0300  0.0301  0.0300  0.0300
  0.0299  0.0299  0.0299  0.0299  0.0299  0.0299  0.0299  0.0299  0.0299  0.0299  0.0299  0.0299
  0.0301  0.0300  0.0300  0.0300  0.0300  0.0301  0.0301  0.0301  0.0300  0.0300  0.0300  0.0300
  0.0305  0.0304  0.0302  0.0302  0.0304  0.0305  0.0304  0.0307  0.0303  0.0304  0.0301  0.0301
  0.0313  0.0309  0.0306  0.0305  0.0311  0.0308  0.0310  0.0317  0.0308  0.0310  0.0303  0.0304
niter,ni,del,rscale     4    3    5.0000    0.7000
parameters
   -1.6150   -3.0989    7.2940   -7.7390  -21.4096  -11.3911
    7.2367   -0.3731   -5.8743   31.3867    1.6729  -33.2780
eta,q 0.97008  8.59808
  0.0310  0.0308  0.0304  0.0304  0.0307  0.0308  0.0308  0.0313  0.0306  0.0308  0.0302  0.0303
  0.0304  0.0303  0.0301  0.0301  0.0303  0.0303  0.0303  0.0306  0.0302  0.0303  0.0300  0.0301
  0.0300  0.0300  0.0300  0.0299  0.0300  0.0300  0.0300  0.0301  0.0300  0.0300  0.0300  0.0299
  0.0299  0.0299  0.0299  0.0299  0.0299  0.0299  0.0299  0.0299  0.0299  0.0299  0.0299  0.0299
  0.0300  0.0300  0.0300  0.0300  0.0300  0.0301  0.0300  0.0301  0.0300  0.0300  0.0299  0.0300
  0.0304  0.0303  0.0301  0.0301  0.0303  0.0304  0.0303  0.0305  0.0302  0.0304  0.0300  0.0301
  0.0309  0.0307  0.0303  0.0304  0.0307  0.0307  0.0308  0.0313  0.0306  0.0308  0.0302  0.0303
niter,ni,del,rscale     3    3    5.0000    0.6000
parameters
   -1.6087   -3.1064    7.3014   -7.7965  -21.3750  -11.5098
    7.2271   -0.3777   -5.8873   31.3446    1.7251  -33.3536
eta,q 0.97008  8.59314
  0.0307  0.0305  0.0303  0.0303  0.0305  0.0306  0.0306  0.0310  0.0304  0.0306  0.0301  0.0302
  0.0303  0.0302  0.0301  0.0301  0.0302  0.0302  0.0302  0.0304  0.0301  0.0302  0.0300  0.0300
  0.0300  0.0300  0.0300  0.0299  0.0300  0.0300  0.0300  0.0300  0.0300  0.0300  0.0299  0.0299
  0.0299  0.0299  0.0299  0.0299  0.0299  0.0299  0.0299  0.0299  0.0299  0.0299  0.0299  0.0299
  0.0300  0.0300  0.0300  0.0300  0.0300  0.0301  0.0300  0.0300  0.0300  0.0300  0.0299  0.0300
  0.0303  0.0302  0.0301  0.0301  0.0302  0.0304  0.0302  0.0304  0.0301  0.0302  0.0300  0.0301
  0.0307  0.0305  0.0303  0.0303  0.0305  0.0306  0.0306  0.0309  0.0304  0.0306  0.0301  0.0302
niter,ni,del,rscale     2    3    5.0000    0.5000
parameters
   -1.6128   -3.1187    7.2613   -7.8777  -21.3279  -11.6784
    7.2250   -0.4005   -5.8810   31.3095    1.7300  -33.4365
eta,q 0.97010  8.58611
  0.0304  0.0303  0.0301  0.0302  0.0303  0.0304  0.0304  0.0306  0.0303  0.0304  0.0300  0.0301
  0.0301  0.0301  0.0300  0.0300  0.0301  0.0301  0.0301  0.0302  0.0301  0.0301  0.0300  0.0300
  0.0300  0.0299  0.0299  0.0299  0.0300  0.0299  0.0300  0.0300  0.0299  0.0300  0.0299  0.0299
  0.0299  0.0299  0.0299  0.0299  0.0299  0.0299  0.0299  0.0299  0.0299  0.0299  0.0299  0.0299
  0.0300  0.0300  0.0299  0.0300  0.0299  0.0300  0.0300  0.0300  0.0299  0.0300  0.0299  0.0299
  0.0302  0.0301  0.0300  0.0300  0.0301  0.0302  0.0301  0.0302  0.0301  0.0301  0.0300  0.0300
  0.0305  0.0303  0.0302  0.0302  0.0303  0.0305  0.0304  0.0306  0.0303  0.0304  0.0300  0.0301
niter,ni,del,rscale     1    3    5.0000    0.4000
parameters
   -1.6242   -3.1263    7.2056   -7.9890  -21.2973  -11.8124
    7.2205   -0.4250   -5.8979   31.3096    1.7759  -33.5286
eta,q 0.97010  8.57908
  0.0302  0.0302  0.0300  0.0300  0.0302  0.0302  0.0302  0.0304  0.0301  0.0302  0.0300  0.0300
  0.0300  0.0300  0.0300  0.0300  0.0300  0.0300  0.0300  0.0301  0.0300  0.0300  0.0299  0.0299
  0.0299  0.0299  0.0299  0.0299  0.0299  0.0299  0.0299  0.0299  0.0299  0.0299  0.0299  0.0299
  0.0299  0.0299  0.0299  0.0299  0.0299  0.0299  0.0299  0.0299  0.0299  0.0299  0.0299  0.0299
  0.0299  0.0299  0.0299  0.0299  0.0299  0.0300  0.0299  0.0300  0.0299  0.0299  0.0299  0.0299
  0.0301  0.0300  0.0300  0.0300  0.0300  0.0301  0.0300  0.0301  0.0300  0.0300  0.0299  0.0300
  0.0303  0.0302  0.0301  0.0301  0.0302  0.0303  0.0302  0.0304  0.0301  0.0302  0.0300  0.0300
registration optimization eta report
parameter search radius
    0.8000    0.8000    0.8000    2.4000    2.4000    2.4000
    2.4000    2.4000    2.4000    2.4000    2.4000    2.4000
100000*second partial in parameter space
       54.       43.       24.        3.        4.        7.
        5.        8.        4.        5.        1.        2.
  0.0302  0.0302  0.0300  0.0300  0.0302  0.0302  0.0302  0.0304  0.0301  0.0302  0.0300  0.0300
  0.0300  0.0300  0.0300  0.0300  0.0300  0.0300  0.0300  0.0301  0.0300  0.0300  0.0299  0.0299
  0.0299  0.0299  0.0299  0.0299  0.0299  0.0299  0.0299  0.0299  0.0299  0.0299  0.0299  0.0299
  0.0299  0.0299  0.0299  0.0299  0.0299  0.0299  0.0299  0.0299  0.0299  0.0299  0.0299  0.0299
  0.0299  0.0299  0.0299  0.0299  0.0299  0.0300  0.0299  0.0300  0.0299  0.0299  0.0299  0.0299
  0.0301  0.0300  0.0300  0.0300  0.0300  0.0301  0.0300  0.0301  0.0300  0.0300  0.0299  0.0300
  0.0303  0.0302  0.0301  0.0301  0.0302  0.0303  0.0302  0.0304  0.0301  0.0302  0.0300  0.0300
   -1.6242   -3.1263    7.2056   -7.9890  -21.2973  -11.8124
    7.2205   -0.4250   -5.8979   31.3096    1.7759  -33.5286
eta,q 0.97010  8.57908

---------------------------------------------------------------------
compute_vox2vox talsrcimg talsrcimg_to_711-2C_as_mni_average_305_t4 /opt/freesurfer/average/711-2C_as_mni_average_305
---------------------------------------------------------------------

freesurfer compute_vox2vox.c
Reading: talsrcimg.4dfp.ifh
Reading: talsrcimg_to_711-2C_as_mni_average_305_t4
Reading: /opt/freesurfer/average/711-2C_as_mni_average_305.4dfp.ifh
Writing: talsrcimg_to_711-2C_as_mni_average_305_t4_vox2vox.txt

start time Thu Mar 12 03:08:46 CET 2026
end		time Thu Mar 12 03:09:00 CET 2026

mpr2mni305 success

avi2talxfm orig_nu.mgz /opt/freesurfer/average/mni305.cor.mgz talsrcimg_to_711-2C_as_mni_average_305_t4_vox2vox.txt transforms/talairach.auto.xfm
avi2talxfm done
mv -f /out/sourcedata/freesurfer/sub-v1s10x0051026_ses-1/mri/talsrcimg_to_711-2C_as_mni_average_305_t4_vox2vox.txt /out/sourcedata/freesurfer/sub-v1s10x0051026_ses-1/mri/transforms/talsrcimg_to_711-2C_as_mni_average_305_t4_vox2vox.txt
lta_convert --src orig_nu.mgz --trg /opt/freesurfer/average/mni305.cor.mgz --inxfm transforms/talairach.auto.xfm --outlta transforms/talairach.auto.xfm.lta --subject fsaverage
7.3.2

--src: orig_nu.mgz src image (geometry).
--trg: /opt/freesurfer/average/mni305.cor.mgz trg image (geometry).
--inmni: transforms/talairach.auto.xfm input MNI/XFM transform.
--outlta: transforms/talairach.auto.xfm.lta output LTA.
--s: fsaverage subject name
 LTA read, type : 1
 1.08075   0.03510  -0.08420   0.60452;
 0.00784   0.98522   0.41900  -7.20070;
 0.07787  -0.38931   1.09761   5.21372;
 0.00000   0.00000   0.00000   1.00000;
setting subject to fsaverage
Writing  LTA to file transforms/talairach.auto.xfm.lta...
lta_convert successful.
 
 
Started at Thu Mar 12 03:08:46 CET 2026
Ended   at Thu Mar 12 03:09:00 CET 2026
talairach_avi done
