status file for recon-all
Thu Mar 12 04:28:57 CET 2026
#@# Tessellate lh Thu Mar 12 04:28:57 CET 2026
#@# Smooth1 lh Thu Mar 12 04:29:01 CET 2026
#@# Inflation1 lh Thu Mar 12 04:29:04 CET 2026
#@# QSphere lh Thu Mar 12 04:29:18 CET 2026
#@# Fix Topology lh Thu Mar 12 04:30:33 CET 2026
#@# Smooth2 lh Thu Mar 12 04:37:36 CET 2026
#@# Inflation2 lh Thu Mar 12 04:37:39 CET 2026
#@# Curv .H and .K lh Thu Mar 12 04:37:55 CET 2026
#@# Sphere lh Thu Mar 12 04:38:44 CET 2026
#@# Surf Reg lh Thu Mar 12 04:41:22 CET 2026
#@# Jacobian white lh Thu Mar 12 04:45:31 CET 2026
#@# AvgCurv lh Thu Mar 12 04:45:32 CET 2026
#@# Cortical Parc lh Thu Mar 12 04:45:33 CET 2026
#@# white curv lh Thu Mar 12 04:52:01 CET 2026
#@# white area lh Thu Mar 12 04:52:03 CET 2026
#@# pial curv lh Thu Mar 12 04:52:04 CET 2026
#@# pial area lh Thu Mar 12 04:52:06 CET 2026
#@# thickness lh Thu Mar 12 04:52:06 CET 2026
#@# area and vertex vol lh Thu Mar 12 04:52:38 CET 2026
#@# Curvature Stats lh Thu Mar 12 04:52:39 CET 2026
#@# Cortical Parc 2 lh Thu Mar 12 04:52:42 CET 2026
#@# Cortical Parc 3 lh Thu Mar 12 04:52:57 CET 2026
#@# WM/GM Contrast lh Thu Mar 12 04:53:07 CET 2026
recon-all -s sub-v1s10x0051018_ses-1 finished without error at Thu Mar 12 04:53:12 CET 2026



#New# invocation of recon-all 



status file for recon-all
Thu Mar 12 05:22:56 CET 2026
#@# white curv lh Thu Mar 12 05:22:56 CET 2026
#@# white area lh Thu Mar 12 05:22:56 CET 2026
#@# pial curv lh Thu Mar 12 05:22:56 CET 2026
#@# pial area lh Thu Mar 12 05:22:56 CET 2026
#@# thickness lh Thu Mar 12 05:22:56 CET 2026
#@# area and vertex vol lh Thu Mar 12 05:22:56 CET 2026
#@# Parcellation Stats lh Thu Mar 12 05:22:56 CET 2026
#@# Parcellation Stats 2 lh Thu Mar 12 05:23:15 CET 2026
#@# Parcellation Stats 3 lh Thu Mar 12 05:23:25 CET 2026
#@# BA_exvivo Labels lh Thu Mar 12 05:23:35 CET 2026
recon-all -s sub-v1s10x0051018_ses-1 finished without error at Thu Mar 12 05:26:18 CET 2026
