status file for recon-all
Thu Mar 12 02:34:40 CET 2026
#@# Tessellate lh Thu Mar 12 02:34:40 CET 2026
#@# Smooth1 lh Thu Mar 12 02:34:45 CET 2026
#@# Inflation1 lh Thu Mar 12 02:34:48 CET 2026
#@# QSphere lh Thu Mar 12 02:35:06 CET 2026
#@# Fix Topology lh Thu Mar 12 02:36:31 CET 2026
#@# Smooth2 lh Thu Mar 12 02:47:42 CET 2026
#@# Inflation2 lh Thu Mar 12 02:47:46 CET 2026
#@# Curv .H and .K lh Thu Mar 12 02:48:07 CET 2026
#@# Sphere lh Thu Mar 12 02:49:08 CET 2026
#@# Surf Reg lh Thu Mar 12 02:57:47 CET 2026
#@# Jacobian white lh Thu Mar 12 03:07:40 CET 2026
#@# AvgCurv lh Thu Mar 12 03:07:42 CET 2026
#@# Cortical Parc lh Thu Mar 12 03:07:43 CET 2026
#@# white curv lh Thu Mar 12 03:15:33 CET 2026
#@# white area lh Thu Mar 12 03:15:36 CET 2026
#@# pial curv lh Thu Mar 12 03:15:37 CET 2026
#@# pial area lh Thu Mar 12 03:15:39 CET 2026
#@# thickness lh Thu Mar 12 03:15:40 CET 2026
#@# area and vertex vol lh Thu Mar 12 03:16:18 CET 2026
#@# Curvature Stats lh Thu Mar 12 03:16:20 CET 2026
#@# Cortical Parc 2 lh Thu Mar 12 03:16:24 CET 2026
#@# Cortical Parc 3 lh Thu Mar 12 03:16:42 CET 2026
#@# WM/GM Contrast lh Thu Mar 12 03:16:55 CET 2026
recon-all -s sub-v1s10x0050972_ses-1 finished without error at Thu Mar 12 03:17:00 CET 2026



#New# invocation of recon-all 



status file for recon-all
Thu Mar 12 03:53:59 CET 2026
#@# white curv lh Thu Mar 12 03:53:59 CET 2026
#@# white area lh Thu Mar 12 03:53:59 CET 2026
#@# pial curv lh Thu Mar 12 03:53:59 CET 2026
#@# pial area lh Thu Mar 12 03:53:59 CET 2026
#@# thickness lh Thu Mar 12 03:53:59 CET 2026
#@# area and vertex vol lh Thu Mar 12 03:53:59 CET 2026
#@# Parcellation Stats lh Thu Mar 12 03:53:59 CET 2026
#@# Parcellation Stats 2 lh Thu Mar 12 03:54:27 CET 2026
#@# Parcellation Stats 3 lh Thu Mar 12 03:54:46 CET 2026
#@# BA_exvivo Labels lh Thu Mar 12 03:55:01 CET 2026
recon-all -s sub-v1s10x0050972_ses-1 finished without error at Thu Mar 12 03:58:23 CET 2026
