status file for recon-all
Thu Mar 12 03:17:03 CET 2026
#@# Tessellate rh Thu Mar 12 03:17:03 CET 2026
#@# Smooth1 rh Thu Mar 12 03:17:08 CET 2026
#@# Inflation1 rh Thu Mar 12 03:17:11 CET 2026
#@# QSphere rh Thu Mar 12 03:17:28 CET 2026
#@# Fix Topology rh Thu Mar 12 03:19:00 CET 2026
#@# Smooth2 rh Thu Mar 12 03:26:17 CET 2026
#@# Inflation2 rh Thu Mar 12 03:26:21 CET 2026
#@# Curv .H and .K rh Thu Mar 12 03:26:41 CET 2026
#@# Sphere rh Thu Mar 12 03:27:42 CET 2026
#@# Surf Reg rh Thu Mar 12 03:31:20 CET 2026
#@# Jacobian white rh Thu Mar 12 03:38:00 CET 2026
#@# AvgCurv rh Thu Mar 12 03:38:01 CET 2026
#@# Cortical Parc rh Thu Mar 12 03:38:03 CET 2026
#@# white curv rh Thu Mar 12 03:46:12 CET 2026
#@# white area rh Thu Mar 12 03:46:15 CET 2026
#@# pial curv rh Thu Mar 12 03:46:15 CET 2026
#@# pial area rh Thu Mar 12 03:46:18 CET 2026
#@# thickness rh Thu Mar 12 03:46:19 CET 2026
#@# area and vertex vol rh Thu Mar 12 03:46:58 CET 2026
#@# Curvature Stats rh Thu Mar 12 03:47:00 CET 2026
#@# Cortical Parc 2 rh Thu Mar 12 03:47:03 CET 2026
#@# Cortical Parc 3 rh Thu Mar 12 03:47:20 CET 2026
#@# WM/GM Contrast rh Thu Mar 12 03:47:33 CET 2026
recon-all -s sub-v1s10x0050972_ses-1 finished without error at Thu Mar 12 03:47:38 CET 2026



#New# invocation of recon-all 



status file for recon-all
Thu Mar 12 03:58:25 CET 2026
#@# white curv rh Thu Mar 12 03:58:25 CET 2026
#@# white area rh Thu Mar 12 03:58:25 CET 2026
#@# pial curv rh Thu Mar 12 03:58:25 CET 2026
#@# pial area rh Thu Mar 12 03:58:25 CET 2026
#@# thickness rh Thu Mar 12 03:58:25 CET 2026
#@# area and vertex vol rh Thu Mar 12 03:58:25 CET 2026
#@# Parcellation Stats rh Thu Mar 12 03:58:25 CET 2026
#@# Parcellation Stats 2 rh Thu Mar 12 03:59:01 CET 2026
#@# Parcellation Stats 3 rh Thu Mar 12 03:59:16 CET 2026
#@# BA_exvivo Labels rh Thu Mar 12 03:59:35 CET 2026
recon-all -s sub-v1s10x0050972_ses-1 finished without error at Thu Mar 12 04:02:58 CET 2026
