status file for recon-all
Thu Mar 12 03:08:47 CET 2026
#@# MotionCor Thu Mar 12 03:08:49 CET 2026
#@# Talairach Thu Mar 12 03:08:59 CET 2026
#@# Talairach Failure Detection Thu Mar 12 03:13:33 CET 2026
#@# Nu Intensity Correction Thu Mar 12 03:13:34 CET 2026
#@# Intensity Normalization Thu Mar 12 03:16:51 CET 2026
recon-all -s sub-v1s10x0051028_ses-1 finished without error at Thu Mar 12 03:18:18 CET 2026



#New# invocation of recon-all 



status file for recon-all
Thu Mar 12 03:25:38 CET 2026
#@# EM Registration Thu Mar 12 03:25:38 CET 2026
recon-all -s sub-v1s10x0051028_ses-1 finished without error at Thu Mar 12 03:27:44 CET 2026



#New# invocation of recon-all 



status file for recon-all
Thu Mar 12 03:27:47 CET 2026
#@# CA Normalize Thu Mar 12 03:27:47 CET 2026
#@# CA Reg Thu Mar 12 03:29:09 CET 2026
#@# SubCort Seg Thu Mar 12 04:15:29 CET 2026
#@# CC Seg Thu Mar 12 04:46:56 CET 2026
#@# Merge ASeg Thu Mar 12 04:47:48 CET 2026
#@# Intensity Normalization2 Thu Mar 12 04:47:48 CET 2026
#@# Mask BFS Thu Mar 12 04:49:59 CET 2026
#@# WM Segmentation Thu Mar 12 04:50:00 CET 2026
#@# Fill Thu Mar 12 04:51:58 CET 2026
recon-all -s sub-v1s10x0051028_ses-1 finished without error at Thu Mar 12 04:53:02 CET 2026



#New# invocation of recon-all 



status file for recon-all
Thu Mar 12 05:42:59 CET 2026
#@# white curv lh Thu Mar 12 05:42:59 CET 2026
#@# white area lh Thu Mar 12 05:42:59 CET 2026
#@# pial curv lh Thu Mar 12 05:42:59 CET 2026
#@# pial area lh Thu Mar 12 05:42:59 CET 2026
#@# thickness lh Thu Mar 12 05:42:59 CET 2026
#@# area and vertex vol lh Thu Mar 12 05:42:59 CET 2026
#@# white curv rh Thu Mar 12 05:42:59 CET 2026
#@# white area rh Thu Mar 12 05:42:59 CET 2026
#@# pial curv rh Thu Mar 12 05:42:59 CET 2026
#@# pial area rh Thu Mar 12 05:42:59 CET 2026
#@# thickness rh Thu Mar 12 05:42:59 CET 2026
#@# area and vertex vol rh Thu Mar 12 05:42:59 CET 2026
#@# Cortical ribbon mask Thu Mar 12 05:42:59 CET 2026
recon-all -s sub-v1s10x0051028_ses-1 finished without error at Thu Mar 12 05:47:08 CET 2026



#New# invocation of recon-all 



status file for recon-all
Thu Mar 12 05:54:30 CET 2026
#@# white curv lh Thu Mar 12 05:54:30 CET 2026
#@# white area lh Thu Mar 12 05:54:30 CET 2026
#@# pial curv lh Thu Mar 12 05:54:30 CET 2026
#@# pial area lh Thu Mar 12 05:54:30 CET 2026
#@# thickness lh Thu Mar 12 05:54:30 CET 2026
#@# area and vertex vol lh Thu Mar 12 05:54:30 CET 2026
#@# white curv rh Thu Mar 12 05:54:30 CET 2026
#@# white area rh Thu Mar 12 05:54:30 CET 2026
#@# pial curv rh Thu Mar 12 05:54:30 CET 2026
#@# pial area rh Thu Mar 12 05:54:30 CET 2026
#@# thickness rh Thu Mar 12 05:54:30 CET 2026
#@# area and vertex vol rh Thu Mar 12 05:54:30 CET 2026
#@# Curvature Stats lh Thu Mar 12 05:54:30 CET 2026
#@# Curvature Stats rh Thu Mar 12 05:54:33 CET 2026
#@# Relabel Hypointensities Thu Mar 12 05:54:35 CET 2026
#@# APas-to-ASeg Thu Mar 12 05:54:51 CET 2026
#@# AParc-to-ASeg aparc Thu Mar 12 05:55:00 CET 2026
#@# AParc-to-ASeg aparc.a2009s Thu Mar 12 05:55:41 CET 2026
#@# AParc-to-ASeg aparc.DKTatlas Thu Mar 12 05:56:23 CET 2026
#@# WMParc Thu Mar 12 05:57:03 CET 2026
#@# ASeg Stats Thu Mar 12 06:01:29 CET 2026
recon-all -s sub-v1s10x0051028_ses-1 finished without error at Thu Mar 12 06:02:08 CET 2026
