status file for recon-all
Thu Mar 12 11:22:41 CET 2026
#@# Tessellate rh Thu Mar 12 11:22:41 CET 2026
#@# Smooth1 rh Thu Mar 12 11:22:45 CET 2026
#@# Inflation1 rh Thu Mar 12 11:22:48 CET 2026
#@# QSphere rh Thu Mar 12 11:23:01 CET 2026
#@# Fix Topology rh Thu Mar 12 11:24:10 CET 2026
#@# Smooth2 rh Thu Mar 12 11:32:02 CET 2026
#@# Inflation2 rh Thu Mar 12 11:32:05 CET 2026
#@# Curv .H and .K rh Thu Mar 12 11:32:19 CET 2026
#@# Sphere rh Thu Mar 12 11:33:04 CET 2026
#@# Surf Reg rh Thu Mar 12 11:36:34 CET 2026
#@# Jacobian white rh Thu Mar 12 11:40:54 CET 2026
#@# AvgCurv rh Thu Mar 12 11:40:55 CET 2026
#@# Cortical Parc rh Thu Mar 12 11:40:56 CET 2026
#@# white curv rh Thu Mar 12 11:47:34 CET 2026
#@# white area rh Thu Mar 12 11:47:35 CET 2026
#@# pial curv rh Thu Mar 12 11:47:36 CET 2026
#@# pial area rh Thu Mar 12 11:47:38 CET 2026
#@# thickness rh Thu Mar 12 11:47:39 CET 2026
#@# area and vertex vol rh Thu Mar 12 11:48:08 CET 2026
#@# Curvature Stats rh Thu Mar 12 11:48:09 CET 2026
#@# Cortical Parc 2 rh Thu Mar 12 11:48:12 CET 2026
#@# Cortical Parc 3 rh Thu Mar 12 11:48:25 CET 2026
#@# WM/GM Contrast rh Thu Mar 12 11:48:35 CET 2026
recon-all -s sub-v1s10x0051129_ses-1 finished without error at Thu Mar 12 11:48:39 CET 2026



#New# invocation of recon-all 



status file for recon-all
Thu Mar 12 12:00:06 CET 2026
#@# white curv rh Thu Mar 12 12:00:06 CET 2026
#@# white area rh Thu Mar 12 12:00:06 CET 2026
#@# pial curv rh Thu Mar 12 12:00:06 CET 2026
#@# pial area rh Thu Mar 12 12:00:06 CET 2026
#@# thickness rh Thu Mar 12 12:00:06 CET 2026
#@# area and vertex vol rh Thu Mar 12 12:00:06 CET 2026
#@# Parcellation Stats rh Thu Mar 12 12:00:06 CET 2026
#@# Parcellation Stats 2 rh Thu Mar 12 12:00:24 CET 2026
#@# Parcellation Stats 3 rh Thu Mar 12 12:00:34 CET 2026
#@# BA_exvivo Labels rh Thu Mar 12 12:00:43 CET 2026
recon-all -s sub-v1s10x0051129_ses-1 finished without error at Thu Mar 12 12:03:22 CET 2026
