/out/sourcedata/freesurfer/sub-v1s10x0050986_ses-1/mri
/opt/freesurfer/bin/talairach_avi
--i orig_nu.mgz --xfm transforms/talairach.auto.xfm
talairach_avi 7.3.2
Linux dna060 5.14.0-427.37.1.el9_4.x86_64 #1 SMP PREEMPT_DYNAMIC Fri Sep 13 12:41:50 EDT 2024 x86_64 x86_64 x86_64 GNU/Linux
Thu Mar 12 01:31:54 CET 2026
mri_convert orig_nu.mgz talsrcimg.img 
reading from orig_nu.mgz...
TR=0.00, TE=0.00, TI=0.00, flip angle=0.00
i_ras = (-1, 0, 0)
j_ras = (0, 0, -1)
k_ras = (0, 1, 0)
writing to talsrcimg.img...
Analyze Output Matrix
-1.00000   0.00000   0.00000   125.32777;
 0.00000   0.00000   1.00000  -136.67470;
 0.00000  -1.00000   0.00000   116.26506;
 0.00000   0.00000   0.00000   1.00000;
--------------------
INFO: set hdr.hist.orient to -1
mpr2mni305 talsrcimg
Thu Mar 12 01:31:54 CET 2026
/opt/freesurfer/bin/mpr2mni305 talsrcimg
mpr2mni305 7.3.2
target=711-2C_as_mni_average_305

---------------------------------------------------------------------
analyzeto4dfp talsrcimg -O0 -y
---------------------------------------------------------------------

freesurfer ifh2hdr.c
Thu Mar 12 01:31:55 2026
Writing: talsrcimg.4dfp.hdr
freesurfer analyzeto4dfp.c
Reading: talsrcimg.hdr
header size 348 bytes
hdr.dime.datatype	offset=70	value=2
hdr.dime.bitpix		offset=72	value=8
hdr.hist.orient		offset=252	value=-1
dimensionality     4
dimensions       256       256       256         1
Reading: talsrcimg.img
Writing: talsrcimg.4dfp.img
Writing: talsrcimg.4dfp.ifh
ifh2hdr talsrcimg -r0to217
ori=2

---------------------------------------------------------------------
gauss_4dfp talsrcimg 1.1
---------------------------------------------------------------------

freesurfer gauss_4dfp.c
Reading: talsrcimg.4dfp.img
Writing: talsrcimg_g11.4dfp.img
image dimensions 256 256 256 padded to 288 288 288
processing volume 1freesurfer ifh2hdr.c
Thu Mar 12 01:31:56 2026
Writing: talsrcimg_g11.4dfp.hdr

Writing: talsrcimg_g11.4dfp.ifh
including: talsrcimg.4dfp.img.rec in talsrcimg_g11.4dfp.img.rec

---------------------------------------------------------------------
imgreg_4dfp /opt/freesurfer/average/711-2C_as_mni_average_305 none talsrcimg_g11 none talsrcimg_to_711-2C_as_mni_average_305_t4 4355
---------------------------------------------------------------------

freesurfer imgreg_4dfp.c
/opt/freesurfer/average/711-2C_as_mni_average_305.4dfp.img
       256       256       256         1
  1.000000  1.000000  1.000000
orientation T byte_order littleendian
Reading image: /opt/freesurfer/average/711-2C_as_mni_average_305.4dfp.img
dimensions:      256       256       256
mmppix:       1.0000   -1.0000   -1.0000
center:     128.0000 -129.0000 -129.0000
talsrcimg_g11.4dfp.img
       256       256       256         1
  1.000000  1.000000  1.000000
orientation T byte_order littleendian
Reading image: talsrcimg_g11.4dfp.img
dimensions:      256       256       256
mmppix:       1.0000   -1.0000   -1.0000
center:     128.0000 -129.0000 -129.0000
t4_read: open error in t4_sub.f l:  41 t4_file(1:l)talsrcimg_to_711-2C_as_mni_average_305_t4 
t4_read: transform initialized to I4
rotation matrix determinant  1.000000
image alignment mode   4355 decimal     1103 hex
   -7.5000  -45.0000  -45.0000 7180.5479   21.3373
    0.0000  -45.0000  -45.0000 7424.8086   21.3849
    7.5000  -45.0000  -45.0000 7053.5293   21.4373
   -7.5000  -37.5000  -45.0000 7524.0947   21.3362
    0.0000  -37.5000  -45.0000 7761.5234   21.3905
    7.5000  -37.5000  -45.0000 7384.9199   21.4529
   -7.5000  -30.0000  -45.0000 8129.7681   21.3147
    0.0000  -30.0000  -45.0000 8388.4443   21.3797
    7.5000  -30.0000  -45.0000 7971.0703   21.4553
   -7.5000  -22.5000  -45.0000 8654.6543   21.2923
    0.0000  -22.5000  -45.0000 8919.5449   21.3582
    7.5000  -22.5000  -45.0000 8465.3516   21.4353
   -7.5000  -15.0000  -45.0000 9155.9346   21.2876
    0.0000  -15.0000  -45.0000 9420.4395   21.3453
    7.5000  -15.0000  -45.0000 8941.3711   21.4125
   -7.5000   -7.5000  -45.0000 9591.4980   21.3089
    0.0000   -7.5000  -45.0000 9854.0146   21.3587
    7.5000   -7.5000  -45.0000 9361.6865   21.4143
   -7.5000    0.0000  -45.0000 9925.9297   21.3350
    0.0000    0.0000  -45.000010189.1689   21.3825
    7.5000    0.0000  -45.0000 9675.4580   21.4347
   -7.5000    7.5000  -45.0000 9504.5234   21.3362
    0.0000    7.5000  -45.0000 9744.0469   21.3905
    7.5000    7.5000  -45.0000 9280.8740   21.4529
   -7.5000   15.0000  -45.0000 8991.5801   21.3147
    0.0000   15.0000  -45.0000 9216.9434   21.3797
    7.5000   15.0000  -45.0000 8755.2422   21.4553
   -7.5000   22.5000  -45.0000 8398.3789   21.2894
    0.0000   22.5000  -45.0000 8602.3359   21.3553
    7.5000   22.5000  -45.0000 8155.3672   21.4323
   -7.5000   30.0000  -45.0000 7786.3247   21.0039
    0.0000   30.0000  -45.0000 7977.3394   21.0608
    7.5000   30.0000  -45.0000 7561.9746   21.1271
   -7.5000   37.5000  -45.0000 7363.8550   21.0269
    0.0000   37.5000  -45.0000 7538.1904   21.0760
    7.5000   37.5000  -45.0000 7134.9062   21.1309
   -7.5000   45.0000  -45.0000 6595.8989   20.5586
    0.0000   45.0000  -45.0000 6749.4067   20.6047
    7.5000   45.0000  -45.0000 6368.2036   20.6556
   -7.5000  -45.0000  -37.5000 7677.6846   20.9609
    0.0000  -45.0000  -37.5000 7924.7676   21.0077
    7.5000  -45.0000  -37.5000 7532.3384   21.0575
   -7.5000  -37.5000  -37.5000 8045.0352   20.9508
    0.0000  -37.5000  -37.5000 8296.7783   21.0043
    7.5000  -37.5000  -37.5000 7872.8223   21.0618
   -7.5000  -30.0000  -37.5000 8665.1182   20.9308
    0.0000  -30.0000  -37.5000 8934.1504   20.9938
    7.5000  -30.0000  -37.5000 8489.0234   21.0644
   -7.5000  -22.5000  -37.5000 9233.8906   20.9210
    0.0000  -22.5000  -37.5000 9509.9912   20.9858
    7.5000  -22.5000  -37.5000 9035.0430   21.0607
   -7.5000  -15.0000  -37.5000 9772.2031   20.9286
    0.0000  -15.0000  -37.500010070.5088   20.9863
    7.5000  -15.0000  -37.5000 9576.2900   21.0536
   -7.5000   -7.5000  -37.500010204.3662   20.9461
    0.0000   -7.5000  -37.500010504.4658   20.9954
    7.5000   -7.5000  -37.5000 9990.9990   21.0506
   -7.5000    0.0000  -37.500010543.0225   20.9587
    0.0000    0.0000  -37.500010822.6484   21.0054
    7.5000    0.0000  -37.500010272.1660   21.0551
   -7.5000    7.5000  -37.500010107.7061   20.9508
    0.0000    7.5000  -37.500010346.6064   21.0043
    7.5000    7.5000  -37.5000 9849.2852   21.0618
   -7.5000   15.0000  -37.5000 9568.3398   20.9308
    0.0000   15.0000  -37.5000 9784.0684   20.9938
    7.5000   15.0000  -37.5000 9284.1689   21.0644
   -7.5000   22.5000  -37.5000 8918.1270   20.9182
    0.0000   22.5000  -37.5000 9117.1416   20.9829
    7.5000   22.5000  -37.5000 8643.8535   21.0578
   -7.5000   30.0000  -37.5000 8256.3770   20.6497
    0.0000   30.0000  -37.5000 8445.2695   20.7066
    7.5000   30.0000  -37.5000 7967.4980   20.7730
   -7.5000   37.5000  -37.5000 7828.7505   20.6688
    0.0000   37.5000  -37.5000 7995.3994   20.7174
    7.5000   37.5000  -37.5000 7554.1685   20.7719
   -7.5000   45.0000  -37.5000 7018.5483   20.1946
    0.0000   45.0000  -37.5000 7173.0801   20.2398
    7.5000   45.0000  -37.5000 6755.9487   20.2883
   -7.5000  -45.0000  -30.0000 8333.1094   21.5518
    0.0000  -45.0000  -30.0000 8590.6650   21.5918
    7.5000  -45.0000  -30.0000 8185.5264   21.6359
   -7.5000  -37.5000  -30.0000 8724.3633   21.5199
    0.0000  -37.5000  -30.0000 9003.0596   21.5659
    7.5000  -37.5000  -30.0000 8561.4521   21.6179
   -7.5000  -30.0000  -30.0000 9368.6621   21.4974
    0.0000  -30.0000  -30.0000 9660.0068   21.5543
    7.5000  -30.0000  -30.0000 9201.1924   21.6187
   -7.5000  -22.5000  -30.0000 9981.6445   21.5090
    0.0000  -22.5000  -30.000010304.4443   21.5704
    7.5000  -22.5000  -30.0000 9780.0771   21.6381
   -7.5000  -15.0000  -30.000010583.2520   21.5402
    0.0000  -15.0000  -30.000010909.1611   21.5955
    7.5000  -15.0000  -30.000010330.1377   21.6551
   -7.5000   -7.5000  -30.000011017.5488   21.5584
    0.0000   -7.5000  -30.000011355.1328   21.6030
    7.5000   -7.5000  -30.000010770.9414   21.6513
   -7.5000    0.0000  -30.000011405.5938   21.5496
    0.0000    0.0000  -30.000011733.2061   21.5894
    7.5000    0.0000  -30.000011110.6758   21.6335
   -7.5000    7.5000  -30.000010929.7754   21.5199
    0.0000    7.5000  -30.000011228.9043   21.5659
    7.5000    7.5000  -30.000010637.3770   21.6179
   -7.5000   15.0000  -30.000010331.3232   21.4974
    0.0000   15.0000  -30.000010598.8721   21.5543
    7.5000   15.0000  -30.000010023.4355   21.6187
   -7.5000   22.5000  -30.0000 9622.7178   21.5038
    0.0000   22.5000  -30.0000 9850.6201   21.5652
    7.5000   22.5000  -30.0000 9317.3877   21.6329
   -7.5000   30.0000  -30.0000 8880.5625   21.2552
    0.0000   30.0000  -30.0000 9059.6807   21.3098
    7.5000   30.0000  -30.0000 8568.6826   21.3686
   -7.5000   37.5000  -30.0000 8406.1348   21.2752
    0.0000   37.5000  -30.0000 8575.9141   21.3193
    7.5000   37.5000  -30.0000 8102.4307   21.3670
   -7.5000   45.0000  -30.0000 7558.5352   20.7780
    0.0000   45.0000  -30.0000 7707.0024   20.8166
    7.5000   45.0000  -30.0000 7254.6001   20.8596
   -7.5000  -45.0000  -22.5000 9089.2783   22.0961
    0.0000  -45.0000  -22.5000 9378.8438   22.1269
    7.5000  -45.0000  -22.5000 8896.3564   22.1596
   -7.5000  -37.5000  -22.5000 9490.1797   22.0490
    0.0000  -37.5000  -22.5000 9809.0820   22.0842
    7.5000  -37.5000  -22.5000 9305.2988   22.1271
   -7.5000  -30.0000  -22.500010160.8760   22.0194
    0.0000  -30.0000  -22.500010509.5215   22.0667
    7.5000  -30.0000  -22.5000 9954.0527   22.1212
   -7.5000  -22.5000  -22.500010828.1592   22.0387
    0.0000  -22.5000  -22.500011188.1230   22.0928
    7.5000  -22.5000  -22.500010567.5781   22.1468
   -7.5000  -15.0000  -22.500011424.6006   22.0835
    0.0000  -15.0000  -22.500011806.5371   22.1324
    7.5000  -15.0000  -22.500011157.1924   22.1753
   -7.5000   -7.5000  -22.500011906.0791   22.1091
    0.0000   -7.5000  -22.500012299.3643   22.1466
    7.5000   -7.5000  -22.500011614.7344   22.1799
   -7.5000    0.0000  -22.500012295.8975   22.0939
    0.0000    0.0000  -22.500012673.0264   22.1245
    7.5000    0.0000  -22.500011974.8975   22.1572
   -7.5000    7.5000  -22.500011771.8486   22.0490
    0.0000    7.5000  -22.500012114.2676   22.0842
    7.5000    7.5000  -22.500011429.1650   22.1271
   -7.5000   15.0000  -22.500011125.4590   22.0194
    0.0000   15.0000  -22.500011425.0508   22.0667
    7.5000   15.0000  -22.500010780.2646   22.1212
   -7.5000   22.5000  -22.500010348.4746   22.0319
    0.0000   22.5000  -22.500010610.2432   22.0859
    7.5000   22.5000  -22.500010017.1582   22.1400
   -7.5000   30.0000  -22.5000 9551.7559   21.7947
    0.0000   30.0000  -22.5000 9749.4883   21.8429
    7.5000   30.0000  -22.5000 9195.8428   21.8853
   -7.5000   37.5000  -22.5000 8995.9287   21.8225
    0.0000   37.5000  -22.5000 9171.8623   21.8594
    7.5000   37.5000  -22.5000 8678.3154   21.8924
   -7.5000   45.0000  -22.5000 8063.8408   21.3187
    0.0000   45.0000  -22.5000 8224.5830   21.3483
    7.5000   45.0000  -22.5000 7736.2891   21.3803
   -7.5000  -45.0000  -15.0000 9870.0371   22.5840
    0.0000  -45.0000  -15.000010225.0156   22.6117
    7.5000  -45.0000  -15.0000 9667.8203   22.6429
   -7.5000  -37.5000  -15.000010306.3018   22.5383
    0.0000  -37.5000  -15.000010678.3701   22.5702
    7.5000  -37.5000  -15.000010094.2500   22.6135
   -7.5000  -30.0000  -15.000011053.9131   22.5022
    0.0000  -30.0000  -15.000011457.3594   22.5469
    7.5000  -30.0000  -15.000010788.2803   22.6009
   -7.5000  -22.5000  -15.000011786.9482   22.5120
    0.0000  -22.5000  -15.000012208.6475   22.5635
    7.5000  -22.5000  -15.000011480.6621   22.6129
   -7.5000  -15.0000  -15.000012397.0312   22.5524
    0.0000  -15.0000  -15.000012843.7969   22.5979
    7.5000  -15.0000  -15.000012073.1660   22.6338
   -7.5000   -7.5000  -15.000012921.9414   22.5860
    0.0000   -7.5000  -15.000013370.3516   22.6205
    7.5000   -7.5000  -15.000012567.0898   22.6487
   -7.5000    0.0000  -15.000013294.5371   22.5817
    0.0000    0.0000  -15.000013734.8242   22.6093
    7.5000    0.0000  -15.000012922.0508   22.6403
   -7.5000    7.5000  -15.000012713.1943   22.5383
    0.0000    7.5000  -15.000013110.6904   22.5702
    7.5000    7.5000  -15.000012324.1934   22.6135
   -7.5000   15.0000  -15.000012005.5352   22.5022
    0.0000   15.0000  -15.000012348.9736   22.5469
    7.5000   15.0000  -15.000011613.4004   22.6009
   -7.5000   22.5000  -15.000011136.0723   22.5040
    0.0000   22.5000  -15.000011442.1299   22.5555
    7.5000   22.5000  -15.000010784.4785   22.6049
   -7.5000   30.0000  -15.000010260.1367   22.2605
    0.0000   30.0000  -15.000010504.5234   22.3054
    7.5000   30.0000  -15.0000 9893.3857   22.3408
   -7.5000   37.5000  -15.0000 9634.2568   22.2966
    0.0000   37.5000  -15.0000 9846.1113   22.3305
    7.5000   37.5000  -15.0000 9296.1328   22.3584
   -7.5000   45.0000  -15.0000 8624.1797   21.8033
    0.0000   45.0000  -15.0000 8794.1084   21.8299
    7.5000   45.0000  -15.0000 8286.7100   21.8603
   -7.5000  -45.0000   -7.500010764.8252   22.8395
    0.0000  -45.0000   -7.500011167.4893   22.8748
    7.5000  -45.0000   -7.500010518.2471   22.9156
   -7.5000  -37.5000   -7.500011227.6904   22.8163
    0.0000  -37.5000   -7.500011643.2676   22.8579
    7.5000  -37.5000   -7.500010969.8291   22.9111
   -7.5000  -30.0000   -7.500012034.0381   22.7824
    0.0000  -30.0000   -7.500012463.5596   22.8367
    7.5000  -30.0000   -7.500011720.5391   22.9010
   -7.5000  -22.5000   -7.500012822.9795   22.7701
    0.0000  -22.5000   -7.500013269.2637   22.8281
    7.5000  -22.5000   -7.500012460.5117   22.8879
   -7.5000  -15.0000   -7.500013491.1992   22.7868
    0.0000  -15.0000   -7.500013967.7432   22.8363
    7.5000  -15.0000   -7.500013095.2959   22.8825
   -7.5000   -7.5000   -7.500014059.4746   22.8199
    0.0000   -7.5000   -7.500014534.7637   22.8595
    7.5000   -7.5000   -7.500013645.0537   22.8976
   -7.5000    0.0000   -7.500014456.1328   22.8370
    0.0000    0.0000   -7.500014916.3369   22.8723
    7.5000    0.0000   -7.500014003.3301   22.9130
   -7.5000    7.5000   -7.500013780.5537   22.8163
    0.0000    7.5000   -7.500014209.3125   22.8579
    7.5000    7.5000   -7.500013324.6650   22.9111
   -7.5000   15.0000   -7.500012976.3193   22.7824
    0.0000   15.0000   -7.500013353.3682   22.8367
    7.5000   15.0000   -7.500012560.9756   22.9010
   -7.5000   22.5000   -7.500012021.1768   22.7596
    0.0000   22.5000   -7.500012353.1846   22.8176
    7.5000   22.5000   -7.500011638.2305   22.8773
   -7.5000   30.0000   -7.500011066.5957   22.4912
    0.0000   30.0000   -7.500011354.9033   22.5402
    7.5000   30.0000   -7.500010681.0576   22.5858
   -7.5000   37.5000   -7.500010380.3242   22.5265
    0.0000   37.5000   -7.500010619.5752   22.5655
    7.5000   37.5000   -7.500010021.9346   22.6032
   -7.5000   45.0000   -7.5000 9264.8750   22.0545
    0.0000   45.0000   -7.5000 9457.2637   22.0887
    7.5000   45.0000   -7.5000 8922.4990   22.1284
   -7.5000  -45.0000    0.000011603.2422   22.8960
    0.0000  -45.0000    0.000012046.1182   22.9422
    7.5000  -45.0000    0.000011347.9111   22.9935
   -7.5000  -37.5000    0.000012065.0303   22.8916
    0.0000  -37.5000    0.000012504.9805   22.9462
    7.5000  -37.5000    0.000011791.2393   23.0081
   -7.5000  -30.0000    0.000012912.5967   22.8641
    0.0000  -30.0000    0.000013365.4795   22.9306
    7.5000  -30.0000    0.000012591.7871   23.0053
   -7.5000  -22.5000    0.000013757.9795   22.8394
    0.0000  -22.5000    0.000014249.6904   22.9065
    7.5000  -22.5000    0.000013382.0840   22.9811
   -7.5000  -15.0000    0.000014527.4092   22.8380
    0.0000  -15.0000    0.000015034.9492   22.8952
    7.5000  -15.0000    0.000014091.3955   22.9590
   -7.5000   -7.5000    0.000015161.0332   22.8648
    0.0000   -7.5000    0.000015674.7910   22.9129
    7.5000   -7.5000    0.000014675.7422   22.9659
   -7.5000    0.0000    0.000015589.4795   22.8936
    0.0000    0.0000    0.000016083.3418   22.9397
    7.5000    0.0000    0.000015063.2734   22.9909
   -7.5000    7.5000    0.000014775.3857   22.8916
    0.0000    7.5000    0.000015252.7715   22.9462
    7.5000    7.5000    0.000014294.2646   23.0081
   -7.5000   15.0000    0.000013872.3477   22.8641
    0.0000   15.0000    0.000014316.1006   22.9306
    7.5000   15.0000    0.000013449.4609   23.0053
   -7.5000   22.5000    0.000012889.9424   22.8289
    0.0000   22.5000    0.000013280.1016   22.8959
    7.5000   22.5000    0.000012471.4268   22.9706
   -7.5000   30.0000    0.000011849.3340   22.5424
    0.0000   30.0000    0.000012192.2051   22.5989
    7.5000   30.0000    0.000011442.4121   22.6619
   -7.5000   37.5000    0.000011119.8076   22.5709
    0.0000   37.5000    0.000011416.6914   22.6184
    7.5000   37.5000    0.000010743.0361   22.6707
   -7.5000   45.0000    0.0000 9908.8789   22.1106
    0.0000   45.0000    0.000010150.5879   22.1554
    7.5000   45.0000    0.0000 9572.3506   22.2054
   -7.5000  -45.0000    7.500011614.5713   22.9059
    0.0000  -45.0000    7.500012074.1875   22.9545
    7.5000  -45.0000    7.500011362.2080   23.0059
   -7.5000  -37.5000    7.500012016.6406   22.8955
    0.0000  -37.5000    7.500012443.8242   22.9521
    7.5000  -37.5000    7.500011738.6562   23.0120
   -7.5000  -30.0000    7.500012843.1562   22.8732
    0.0000  -30.0000    7.500013282.7549   22.9406
    7.5000  -30.0000    7.500012540.0713   23.0144
   -7.5000  -22.5000    7.500013688.5762   22.8615
    0.0000  -22.5000    7.500014145.9189   22.9304
    7.5000  -22.5000    7.500013334.6348   23.0083
   -7.5000  -15.0000    7.500014451.7285   22.8692
    0.0000  -15.0000    7.500014948.4717   22.9297
    7.5000  -15.0000    7.500014038.8291   22.9989
   -7.5000   -7.5000    7.500015084.3994   22.8888
    0.0000   -7.5000    7.500015589.2842   22.9398
    7.5000   -7.5000    7.500014642.1924   22.9964
   -7.5000    0.0000    7.500015498.0723   22.9036
    0.0000    0.0000    7.500016007.6172   22.9520
    7.5000    0.0000    7.500015014.9131   23.0033
   -7.5000    7.5000    7.500014700.1465   22.8955
    0.0000    7.5000    7.500015171.5615   22.9521
    7.5000    7.5000    7.500014221.6523   23.0120
   -7.5000   15.0000    7.500013791.9736   22.8732
    0.0000   15.0000    7.500014240.4424   22.9406
    7.5000   15.0000    7.500013382.4297   23.0144
   -7.5000   22.5000    7.500012820.2266   22.8510
    0.0000   22.5000    7.500013221.4443   22.9199
    7.5000   22.5000    7.500012437.5215   22.9977
   -7.5000   30.0000    7.500011791.8467   22.5732
    0.0000   30.0000    7.500012127.9531   22.6329
    7.5000   30.0000    7.500011391.9277   22.7013
   -7.5000   37.5000    7.500011047.2637   22.5945
    0.0000   37.5000    7.500011343.9385   22.6449
    7.5000   37.5000    7.500010689.4951   22.7008
   -7.5000   45.0000    7.5000 9841.5020   22.1195
    0.0000   45.0000    7.500010068.0176   22.1666
    7.5000   45.0000    7.5000 9515.8652   22.2167
   -7.5000  -45.0000   15.000011542.9766   22.9074
    0.0000  -45.0000   15.000012004.9629   22.9486
    7.5000  -45.0000   15.000011254.6348   22.9914
   -7.5000  -37.5000   15.000011913.2617   22.8756
    0.0000  -37.5000   15.000012329.4404   22.9230
    7.5000  -37.5000   15.000011626.7119   22.9744
   -7.5000  -30.0000   15.000012659.8457   22.8525
    0.0000  -30.0000   15.000013078.7930   22.9111
    7.5000  -30.0000   15.000012394.6865   22.9760
   -7.5000  -22.5000   15.000013433.8340   22.8632
    0.0000  -22.5000   15.000013870.0127   22.9265
    7.5000  -22.5000   15.000013152.2910   22.9951
   -7.5000  -15.0000   15.000014201.7070   22.8943
    0.0000  -15.0000   15.000014668.2930   22.9514
    7.5000  -15.0000   15.000013878.4287   23.0110
   -7.5000   -7.5000   15.000014820.8193   22.9131
    0.0000   -7.5000   15.000015332.8945   22.9591
    7.5000   -7.5000   15.000014496.4434   23.0064
   -7.5000    0.0000   15.000015235.7100   22.9050
    0.0000    0.0000   15.000015747.1055   22.9462
    7.5000    0.0000   15.000014911.7412   22.9889
   -7.5000    7.5000   15.000014488.1582   22.8756
    0.0000    7.5000   15.000014950.4365   22.9230
    7.5000    7.5000   15.000014103.4121   22.9744
   -7.5000   15.0000   15.000013605.7373   22.8525
    0.0000   15.0000   15.000014044.0498   22.9111
    7.5000   15.0000   15.000013227.6924   22.9760
   -7.5000   22.5000   15.000012661.4160   22.8527
    0.0000   22.5000   15.000013045.6523   22.9160
    7.5000   22.5000   15.000012304.7773   22.9845
   -7.5000   30.0000   15.000011592.7793   22.5980
    0.0000   30.0000   15.000011931.4951   22.6543
    7.5000   30.0000   15.000011243.6094   22.7132
   -7.5000   37.5000   15.000010831.7002   22.6188
    0.0000   37.5000   15.000011119.0801   22.6642
    7.5000   37.5000   15.000010476.7305   22.7109
   -7.5000   45.0000   15.0000 9636.8984   22.1203
    0.0000   45.0000   15.0000 9860.5732   22.1601
    7.5000   45.0000   15.0000 9313.5225   22.2019
   -7.5000  -45.0000   22.500011296.4521   22.8987
    0.0000  -45.0000   22.500011720.9365   22.9301
    7.5000  -45.0000   22.500010988.2061   22.9635
   -7.5000  -37.5000   22.500011806.7031   22.8498
    0.0000  -37.5000   22.500012180.5859   22.8859
    7.5000  -37.5000   22.500011496.1729   22.9297
   -7.5000  -30.0000   22.500012544.6611   22.8194
    0.0000  -30.0000   22.500012902.0107   22.8679
    7.5000  -30.0000   22.500012303.8115   22.9240
   -7.5000  -22.5000   22.500013157.9414   22.8397
    0.0000  -22.5000   22.500013554.0410   22.8953
    7.5000  -22.5000   22.500013038.8232   22.9508
   -7.5000  -15.0000   22.500013776.7705   22.8863
    0.0000  -15.0000   22.500014266.3613   22.9363
    7.5000  -15.0000   22.500013742.5176   22.9804
   -7.5000   -7.5000   22.500014351.7480   22.9125
    0.0000   -7.5000   22.500014871.6035   22.9508
    7.5000   -7.5000   22.500014302.7148   22.9848
   -7.5000    0.0000   22.500014846.5430   22.8964
    0.0000    0.0000   22.500015371.4268   22.9277
    7.5000    0.0000   22.500014690.6475   22.9610
   -7.5000    7.5000   22.500014141.8994   22.8498
    0.0000    7.5000   22.500014616.2246   22.8859
    7.5000    7.5000   22.500013882.0918   22.9297
   -7.5000   15.0000   22.500013312.2539   22.8194
    0.0000   15.0000   22.500013739.1758   22.8679
    7.5000   15.0000   22.500012994.3467   22.9240
   -7.5000   22.5000   22.500012376.6494   22.8292
    0.0000   22.5000   22.500012774.5059   22.8847
    7.5000   22.5000   22.500012063.2559   22.9402
   -7.5000   30.0000   22.500011314.7285   22.5901
    0.0000   30.0000   22.500011663.5303   22.6395
    7.5000   30.0000   22.500011005.2314   22.6830
   -7.5000   37.5000   22.500010549.2695   22.6187
    0.0000   37.5000   22.500010841.6533   22.6564
    7.5000   37.5000   22.500010238.5693   22.6901
   -7.5000   45.0000   22.5000 9374.3447   22.1121
    0.0000   45.0000   22.5000 9590.7041   22.1424
    7.5000   45.0000   22.5000 9077.2139   22.1750
   -7.5000  -45.0000   30.000010798.0020   22.8888
    0.0000  -45.0000   30.000011189.5381   22.9168
    7.5000  -45.0000   30.000010614.1182   22.9484
   -7.5000  -37.5000   30.000011462.9600   22.8426
    0.0000  -37.5000   30.000011848.5830   22.8748
    7.5000  -37.5000   30.000011158.5723   22.9186
   -7.5000  -30.0000   30.000012281.7891   22.8065
    0.0000  -30.0000   30.000012693.5430   22.8517
    7.5000  -30.0000   30.000012083.1582   22.9063
   -7.5000  -22.5000   30.000012733.1611   22.8168
    0.0000  -22.5000   30.000013172.3652   22.8689
    7.5000  -22.5000   30.000012766.5195   22.9190
   -7.5000  -15.0000   30.000013227.8330   22.8577
    0.0000  -15.0000   30.000013673.1514   22.9037
    7.5000  -15.0000   30.000013299.3047   22.9402
   -7.5000   -7.5000   30.000013765.5029   22.8913
    0.0000   -7.5000   30.000014210.8447   22.9261
    7.5000   -7.5000   30.000013749.7822   22.9548
   -7.5000    0.0000   30.000014245.4561   22.8864
    0.0000    0.0000   30.000014707.0605   22.9143
    7.5000    0.0000   30.000014119.5928   22.9458
   -7.5000    7.5000   30.000013576.7910   22.8426
    0.0000    7.5000   30.000014014.7539   22.8748
    7.5000    7.5000   30.000013372.4229   22.9186
   -7.5000   15.0000   30.000012730.2285   22.8065
    0.0000   15.0000   30.000013156.0283   22.8517
    7.5000   15.0000   30.000012503.9072   22.9063
   -7.5000   22.5000   30.000011838.2646   22.8063
    0.0000   22.5000   30.000012252.9297   22.8583
    7.5000   22.5000   30.000011580.5215   22.9084
   -7.5000   30.0000   30.000010818.1299   22.5619
    0.0000   30.0000   30.000011214.5840   22.6073
    7.5000   30.0000   30.000010570.4072   22.6433
   -7.5000   37.5000   30.000010083.1592   22.5979
    0.0000   37.5000   30.000010430.9258   22.6322
    7.5000   37.5000   30.0000 9830.4434   22.6605
   -7.5000   45.0000   30.0000 8936.3955   22.1033
    0.0000   45.0000   30.0000 9203.4385   22.1303
    7.5000   45.0000   30.0000 8703.5215   22.1611
   -7.5000  -45.0000   37.500010619.8613   22.9338
    0.0000  -45.0000   37.500011021.9912   22.9692
    7.5000  -45.0000   37.500010457.0137   23.0102
   -7.5000  -37.5000   37.500011191.1348   22.9105
    0.0000  -37.5000   37.500011650.8193   22.9520
    7.5000  -37.5000   37.500010982.7598   23.0056
   -7.5000  -30.0000   37.500011952.3203   22.8758
    0.0000  -30.0000   37.500012476.8926   22.9302
    7.5000  -30.0000   37.500011884.6807   22.9949
   -7.5000  -22.5000   37.500012561.2832   22.8629
    0.0000  -22.5000   37.500013109.9033   22.9211
    7.5000  -22.5000   37.500012535.3115   22.9811
   -7.5000  -15.0000   37.500013222.3887   22.8796
    0.0000  -15.0000   37.500013739.7188   22.9293
    7.5000  -15.0000   37.500013046.0869   22.9757
   -7.5000   -7.5000   37.500013794.9844   22.9135
    0.0000   -7.5000   37.500014302.2383   22.9532
    7.5000   -7.5000   37.500013552.5439   22.9915
   -7.5000    0.0000   37.500014198.5566   22.9314
    0.0000    0.0000   37.500014711.0146   22.9667
    7.5000    0.0000   37.500013957.7705   23.0076
   -7.5000    7.5000   37.500013455.7119   22.9105
    0.0000    7.5000   37.500013939.1650   22.9520
    7.5000    7.5000   37.500013233.1045   23.0056
   -7.5000   15.0000   37.500012556.3105   22.8758
    0.0000   15.0000   37.500013014.0957   22.9302
    7.5000   15.0000   37.500012381.7158   22.9949
   -7.5000   22.5000   37.500011665.9365   22.8524
    0.0000   22.5000   37.500012073.9990   22.9105
    7.5000   22.5000   37.500011481.8760   22.9705
   -7.5000   30.0000   37.500010673.6895   22.5835
    0.0000   30.0000   37.500011039.2432   22.6326
    7.5000   30.0000   37.500010500.4736   22.6784
   -7.5000   37.5000   37.5000 9963.6494   22.6195
    0.0000   37.5000   37.500010292.9336   22.6586
    7.5000   37.5000   37.5000 9784.1963   22.6964
   -7.5000   45.0000   37.5000 8823.6768   22.1474
    0.0000   45.0000   37.5000 9093.2266   22.1816
    7.5000   45.0000   37.5000 8642.7158   22.2215
   -7.5000  -45.0000   45.0000 9929.5205   22.8590
    0.0000  -45.0000   45.000010296.1240   22.9052
    7.5000  -45.0000   45.0000 9770.7324   22.9564
   -7.5000  -37.5000   45.000010430.2490   22.8539
    0.0000  -37.5000   45.000010803.7207   22.9084
    7.5000  -37.5000   45.000010257.1152   22.9703
   -7.5000  -30.0000   45.000011111.3965   22.8253
    0.0000  -30.0000   45.000011511.8525   22.8917
    7.5000  -30.0000   45.000011047.9131   22.9663
   -7.5000  -22.5000   45.000011730.5098   22.8002
    0.0000  -22.5000   45.000012145.3018   22.8670
    7.5000  -22.5000   45.000011626.3828   22.9416
   -7.5000  -15.0000   45.000012422.7402   22.7993
    0.0000  -15.0000   45.000012837.8916   22.8563
    7.5000  -15.0000   45.000012175.0566   22.9199
   -7.5000   -7.5000   45.000013001.3125   22.8272
    0.0000   -7.5000   45.000013430.6924   22.8752
    7.5000   -7.5000   45.000012721.6260   22.9280
   -7.5000    0.0000   45.000013382.5674   22.8566
    0.0000    0.0000   45.000013820.4238   22.9027
    7.5000    0.0000   45.000013115.4639   22.9537
   -7.5000    7.5000   45.000012718.2119   22.8539
    0.0000    7.5000   45.000013133.6602   22.9084
    7.5000    7.5000   45.000012464.3232   22.9703
   -7.5000   15.0000   45.000011855.3574   22.8253
    0.0000   15.0000   45.000012281.6260   22.8917
    7.5000   15.0000   45.000011665.8438   22.9663
   -7.5000   22.5000   45.000010949.7373   22.7896
    0.0000   22.5000   45.000011364.2969   22.8564
    7.5000   22.5000   45.000010815.4434   22.9309
   -7.5000   30.0000   45.0000 9994.3975   22.5023
    0.0000   30.0000   45.000010359.9766   22.5585
    7.5000   30.0000   45.0000 9865.7334   22.6213
   -7.5000   37.5000   45.0000 9298.6650   22.5319
    0.0000   37.5000   45.0000 9622.4834   22.5792
    7.5000   37.5000   45.0000 9175.3359   22.6314
   -7.5000   45.0000   45.0000 8252.6006   22.0851
    0.0000   45.0000   45.0000 8498.7539   22.1299
    7.5000   45.0000   45.0000 8112.1558   22.1798

---------------------------------------------------------------------
imgreg_4dfp /opt/freesurfer/average/711-2C_as_mni_average_305 /opt/freesurfer/average/711-2B_as_mni_average_305_mask talsrcimg_g11 none talsrcimg_to_711-2C_as_mni_average_305_t4 4355
---------------------------------------------------------------------

freesurfer imgreg_4dfp.c
/opt/freesurfer/average/711-2C_as_mni_average_305.4dfp.img
       256       256       256         1
  1.000000  1.000000  1.000000
orientation T byte_order littleendian
Reading image: /opt/freesurfer/average/711-2C_as_mni_average_305.4dfp.img
dimensions:      256       256       256
mmppix:       1.0000   -1.0000   -1.0000
center:     128.0000 -129.0000 -129.0000
/opt/freesurfer/average/711-2B_as_mni_average_305_mask.4dfp.img
       256       256       256         1
  1.000000  1.000000  1.000000
orientation T byte_order littleendian
Reading mask: /opt/freesurfer/average/711-2B_as_mni_average_305_mask.4dfp.img (2306576 pixels)
talsrcimg_g11.4dfp.img
       256       256       256         1
  1.000000  1.000000  1.000000
orientation T byte_order littleendian
Reading image: talsrcimg_g11.4dfp.img
dimensions:      256       256       256
mmppix:       1.0000   -1.0000   -1.0000
center:     128.0000 -129.0000 -129.0000
rotation matrix determinant  1.000000
image alignment mode   4355 decimal     1103 hex
   -7.5000  -45.0000  -45.0000 1945.9419   25.2258
    0.0000  -45.0000  -45.0000 1951.4030   25.2406
    7.5000  -45.0000  -45.0000 1923.5115   25.7721
   -7.5000  -37.5000  -45.0000 2001.9039   23.7413
    0.0000  -37.5000  -45.0000 2006.3516   23.7304
    7.5000  -37.5000  -45.0000 1978.2440   24.2468
   -7.5000  -30.0000  -45.0000 2032.2581   22.7135
    0.0000  -30.0000  -45.0000 2036.6296   22.7059
    7.5000  -30.0000  -45.0000 2005.9962   23.2165
   -7.5000  -22.5000  -45.0000 2034.8596   22.1287
    0.0000  -22.5000  -45.0000 2038.4677   22.1394
    7.5000  -22.5000  -45.0000 2007.9459   22.6723
   -7.5000  -15.0000  -45.0000 2023.8147   22.0816
    0.0000  -15.0000  -45.0000 2025.5892   22.0730
    7.5000  -15.0000  -45.0000 1994.4829   22.6182
   -7.5000   -7.5000  -45.0000 1997.5239   22.5359
    0.0000   -7.5000  -45.0000 1998.0571   22.5245
    7.5000   -7.5000  -45.0000 1969.9302   23.1101
   -7.5000    0.0000  -45.0000 1952.4901   23.4275
    0.0000    0.0000  -45.0000 1952.5795   23.4309
    7.5000    0.0000  -45.0000 1921.8511   23.9352
   -7.5000    7.5000  -45.0000 1888.2074   24.9378
    0.0000    7.5000  -45.0000 1890.3003   24.8699
    7.5000    7.5000  -45.0000 1862.9395   25.4912
   -7.5000   15.0000  -45.0000 1809.2657   27.0075
    0.0000   15.0000  -45.0000 1811.0573   27.0430
    7.5000   15.0000  -45.0000 1780.9843   27.6461
   -7.5000   22.5000  -45.0000 1718.9413   29.9929
    0.0000   22.5000  -45.0000 1719.0310   30.0726
    7.5000   22.5000  -45.0000 1687.5366   30.7295
   -7.5000   30.0000  -45.0000 1620.0284   34.2664
    0.0000   30.0000  -45.0000 1621.9712   34.4325
    7.5000   30.0000  -45.0000 1592.7256   35.0361
   -7.5000   37.5000  -45.0000 1509.7252   40.4106
    0.0000   37.5000  -45.0000 1515.4314   40.6225
    7.5000   37.5000  -45.0000 1480.6842   41.3887
   -7.5000   45.0000  -45.0000 1386.4832   49.2945
    0.0000   45.0000  -45.0000 1391.2841   49.5871
    7.5000   45.0000  -45.0000 1359.3584   50.6545
   -7.5000  -45.0000  -37.5000 2044.6351   23.0011
    0.0000  -45.0000  -37.5000 2048.2351   23.0559
    7.5000  -45.0000  -37.5000 2023.5536   23.5325
   -7.5000  -37.5000  -37.5000 2106.0859   21.5726
    0.0000  -37.5000  -37.5000 2106.9575   21.5898
    7.5000  -37.5000  -37.5000 2081.5422   22.0869
   -7.5000  -30.0000  -37.5000 2140.0129   20.6775
    0.0000  -30.0000  -37.5000 2145.0671   20.7031
    7.5000  -30.0000  -37.5000 2115.5645   21.1575
   -7.5000  -22.5000  -37.5000 2148.6125   20.1772
    0.0000  -22.5000  -37.5000 2149.7954   20.1973
    7.5000  -22.5000  -37.5000 2127.3779   20.7313
   -7.5000  -15.0000  -37.5000 2139.1069   20.1432
    0.0000  -15.0000  -37.5000 2142.8574   20.1606
    7.5000  -15.0000  -37.5000 2120.2485   20.7058
   -7.5000   -7.5000  -37.5000 2110.0369   20.5144
    0.0000   -7.5000  -37.5000 2113.2571   20.5014
    7.5000   -7.5000  -37.5000 2086.4409   21.0322
   -7.5000    0.0000  -37.5000 2058.3936   21.3074
    0.0000    0.0000  -37.5000 2060.0928   21.2501
    7.5000    0.0000  -37.5000 2029.2637   21.7494
   -7.5000    7.5000  -37.5000 1988.2747   22.5920
    0.0000    7.5000  -37.5000 1990.6399   22.4642
    7.5000    7.5000  -37.5000 1963.7601   23.0443
   -7.5000   15.0000  -37.5000 1901.3197   24.4258
    0.0000   15.0000  -37.5000 1902.3220   24.3958
    7.5000   15.0000  -37.5000 1874.1041   25.0110
   -7.5000   22.5000  -37.5000 1803.8290   27.1231
    0.0000   22.5000  -37.5000 1804.4783   27.0632
    7.5000   22.5000  -37.5000 1778.6086   27.7674
   -7.5000   30.0000  -37.5000 1699.6678   30.8438
    0.0000   30.0000  -37.5000 1703.3848   30.8391
    7.5000   30.0000  -37.5000 1671.7816   31.4818
   -7.5000   37.5000  -37.5000 1594.2052   36.1409
    0.0000   37.5000  -37.5000 1594.8331   36.1255
    7.5000   37.5000  -37.5000 1566.9265   36.7922
   -7.5000   45.0000  -37.5000 1464.6174   43.5169
    0.0000   45.0000  -37.5000 1466.3384   43.6569
    7.5000   45.0000  -37.5000 1435.9777   44.5292
   -7.5000  -45.0000  -30.0000 2178.7114   21.7914
    0.0000  -45.0000  -30.0000 2182.7808   21.8451
    7.5000  -45.0000  -30.0000 2161.3430   22.2848
   -7.5000  -37.5000  -30.0000 2246.2046   20.3573
    0.0000  -37.5000  -30.0000 2247.6382   20.4154
    7.5000  -37.5000  -30.0000 2227.6677   20.8332
   -7.5000  -30.0000  -30.0000 2284.9797   19.5132
    0.0000  -30.0000  -30.0000 2285.4790   19.5447
    7.5000  -30.0000  -30.0000 2264.5317   19.9692
   -7.5000  -22.5000  -30.0000 2296.8140   19.0613
    0.0000  -22.5000  -30.0000 2299.8306   19.0996
    7.5000  -22.5000  -30.0000 2275.5588   19.5547
   -7.5000  -15.0000  -30.0000 2293.9141   19.0554
    0.0000  -15.0000  -30.0000 2298.0898   19.0582
    7.5000  -15.0000  -30.0000 2267.8877   19.5077
   -7.5000   -7.5000  -30.0000 2260.7092   19.3835
    0.0000   -7.5000  -30.0000 2267.6587   19.3693
    7.5000   -7.5000  -30.0000 2236.0105   19.8163
   -7.5000    0.0000  -30.0000 2209.7153   20.1087
    0.0000    0.0000  -30.0000 2217.7087   20.0643
    7.5000    0.0000  -30.0000 2181.5137   20.4716
   -7.5000    7.5000  -30.0000 2134.5571   21.2615
    0.0000    7.5000  -30.0000 2140.6636   21.1696
    7.5000    7.5000  -30.0000 2106.1465   21.6725
   -7.5000   15.0000  -30.0000 2035.3553   22.8737
    0.0000   15.0000  -30.0000 2041.4106   22.8281
    7.5000   15.0000  -30.0000 2005.7081   23.4133
   -7.5000   22.5000  -30.0000 1927.3572   25.3499
    0.0000   22.5000  -30.0000 1932.8912   25.2702
    7.5000   22.5000  -30.0000 1903.5948   25.9748
   -7.5000   30.0000  -30.0000 1809.7446   28.8187
    0.0000   30.0000  -30.0000 1812.0298   28.7711
    7.5000   30.0000  -30.0000 1784.7085   29.3922
   -7.5000   37.5000  -30.0000 1693.3939   33.5591
    0.0000   37.5000  -30.0000 1691.7806   33.3712
    7.5000   37.5000  -30.0000 1664.9387   34.0563
   -7.5000   45.0000  -30.0000 1568.1309   40.1307
    0.0000   45.0000  -30.0000 1565.2808   39.9237
    7.5000   45.0000  -30.0000 1534.9232   40.8180
   -7.5000  -45.0000  -22.5000 2300.6306   20.4803
    0.0000  -45.0000  -22.5000 2305.6001   20.5563
    7.5000  -45.0000  -22.5000 2272.6541   20.9566
   -7.5000  -37.5000  -22.5000 2370.8459   19.1033
    0.0000  -37.5000  -22.5000 2373.2898   19.1951
    7.5000  -37.5000  -22.5000 2342.5393   19.5441
   -7.5000  -30.0000  -22.5000 2409.9009   18.2614
    0.0000  -30.0000  -22.5000 2413.5334   18.3295
    7.5000  -30.0000  -22.5000 2380.8069   18.6815
   -7.5000  -22.5000  -22.5000 2426.0630   17.8379
    0.0000  -22.5000  -22.5000 2432.1294   17.9107
    7.5000  -22.5000  -22.5000 2397.4153   18.2471
   -7.5000  -15.0000  -22.5000 2422.2776   17.8000
    0.0000  -15.0000  -22.5000 2430.6216   17.8238
    7.5000  -15.0000  -22.5000 2396.4814   18.1810
   -7.5000   -7.5000  -22.5000 2392.7922   18.1340
    0.0000   -7.5000  -22.5000 2399.8689   18.1352
    7.5000   -7.5000  -22.5000 2364.3286   18.4770
   -7.5000    0.0000  -22.5000 2336.5945   18.8074
    0.0000    0.0000  -22.5000 2344.4614   18.7844
    7.5000    0.0000  -22.5000 2307.5464   19.1210
   -7.5000    7.5000  -22.5000 2257.0676   19.8063
    0.0000    7.5000  -22.5000 2262.9167   19.7374
    7.5000    7.5000  -22.5000 2224.0706   20.1721
   -7.5000   15.0000  -22.5000 2153.9495   21.2306
    0.0000   15.0000  -22.5000 2158.5825   21.2208
    7.5000   15.0000  -22.5000 2119.7131   21.7504
   -7.5000   22.5000  -22.5000 2036.7522   23.4571
    0.0000   22.5000  -22.5000 2042.7759   23.3994
    7.5000   22.5000  -22.5000 2009.2091   24.0180
   -7.5000   30.0000  -22.5000 1917.6123   26.6259
    0.0000   30.0000  -22.5000 1917.9656   26.5682
    7.5000   30.0000  -22.5000 1885.4198   27.0819
   -7.5000   37.5000  -22.5000 1787.5922   30.8171
    0.0000   37.5000  -22.5000 1786.1864   30.6804
    7.5000   37.5000  -22.5000 1761.3790   31.3205
   -7.5000   45.0000  -22.5000 1643.0757   36.6951
    0.0000   45.0000  -22.5000 1641.8458   36.5357
    7.5000   45.0000  -22.5000 1615.0808   37.3112
   -7.5000  -45.0000  -15.0000 2387.3384   19.1614
    0.0000  -45.0000  -15.0000 2395.6274   19.2659
    7.5000  -45.0000  -15.0000 2357.8813   19.6113
   -7.5000  -37.5000  -15.0000 2463.0232   17.8872
    0.0000  -37.5000  -15.0000 2470.0979   17.9976
    7.5000  -37.5000  -15.0000 2430.3972   18.2672
   -7.5000  -30.0000  -15.0000 2509.9819   17.0924
    0.0000  -30.0000  -15.0000 2514.0205   17.1742
    7.5000  -30.0000  -15.0000 2475.7817   17.4774
   -7.5000  -22.5000  -15.0000 2535.3469   16.6825
    0.0000  -22.5000  -15.0000 2542.9995   16.7984
    7.5000  -22.5000  -15.0000 2500.1899   17.0839
   -7.5000  -15.0000  -15.0000 2531.0112   16.6320
    0.0000  -15.0000  -15.0000 2540.9307   16.7133
    7.5000  -15.0000  -15.0000 2496.5391   17.0011
   -7.5000   -7.5000  -15.0000 2501.9309   16.9318
    0.0000   -7.5000  -15.0000 2511.4084   16.9843
    7.5000   -7.5000  -15.0000 2465.2573   17.2981
   -7.5000    0.0000  -15.0000 2441.4978   17.5380
    0.0000    0.0000  -15.0000 2450.4976   17.5669
    7.5000    0.0000  -15.0000 2404.2070   17.8897
   -7.5000    7.5000  -15.0000 2357.4731   18.3913
    0.0000    7.5000  -15.0000 2367.0879   18.3962
    7.5000    7.5000  -15.0000 2320.4062   18.7865
   -7.5000   15.0000  -15.0000 2253.6943   19.7179
    0.0000   15.0000  -15.0000 2254.5647   19.7317
    7.5000   15.0000  -15.0000 2211.1658   20.1913
   -7.5000   22.5000  -15.0000 2125.7256   21.6788
    0.0000   22.5000  -15.0000 2128.1218   21.6549
    7.5000   22.5000  -15.0000 2091.8933   22.1497
   -7.5000   30.0000  -15.0000 2004.9749   24.5398
    0.0000   30.0000  -15.0000 2003.3845   24.5275
    7.5000   30.0000  -15.0000 1963.3464   25.0036
   -7.5000   37.5000  -15.0000 1857.4000   28.3545
    0.0000   37.5000  -15.0000 1857.8560   28.2622
    7.5000   37.5000  -15.0000 1831.1010   28.8992
   -7.5000   45.0000  -15.0000 1712.2909   33.6558
    0.0000   45.0000  -15.0000 1705.7970   33.5099
    7.5000   45.0000  -15.0000 1678.6010   34.2589
   -7.5000  -45.0000   -7.5000 2462.8176   17.9752
    0.0000  -45.0000   -7.5000 2465.0986   18.1003
    7.5000  -45.0000   -7.5000 2420.9670   18.3909
   -7.5000  -37.5000   -7.5000 2546.8135   16.7753
    0.0000  -37.5000   -7.5000 2549.8831   16.8728
    7.5000  -37.5000   -7.5000 2504.7502   17.1553
   -7.5000  -30.0000   -7.5000 2600.3042   15.9945
    0.0000  -30.0000   -7.5000 2601.7319   16.0950
    7.5000  -30.0000   -7.5000 2559.6812   16.3581
   -7.5000  -22.5000   -7.5000 2631.6035   15.6477
    0.0000  -22.5000   -7.5000 2636.6013   15.7348
    7.5000  -22.5000   -7.5000 2589.0403   15.9978
   -7.5000  -15.0000   -7.5000 2631.7715   15.5916
    0.0000  -15.0000   -7.5000 2636.2571   15.6672
    7.5000  -15.0000   -7.5000 2586.8210   15.9383
   -7.5000   -7.5000   -7.5000 2600.5010   15.8517
    0.0000   -7.5000   -7.5000 2607.4893   15.9167
    7.5000   -7.5000   -7.5000 2556.9458   16.1977
   -7.5000    0.0000   -7.5000 2539.6809   16.3747
    0.0000    0.0000   -7.5000 2542.5554   16.4287
    7.5000    0.0000   -7.5000 2490.7134   16.7407
   -7.5000    7.5000   -7.5000 2453.0874   17.1632
    0.0000    7.5000   -7.5000 2455.9258   17.2162
    7.5000    7.5000   -7.5000 2403.1787   17.5976
   -7.5000   15.0000   -7.5000 2338.9307   18.3784
    0.0000   15.0000   -7.5000 2336.9946   18.3874
    7.5000   15.0000   -7.5000 2293.8613   18.8438
   -7.5000   22.5000   -7.5000 2203.2825   20.1393
    0.0000   22.5000   -7.5000 2199.5671   20.1291
    7.5000   22.5000   -7.5000 2165.5005   20.5936
   -7.5000   30.0000   -7.5000 2078.1006   22.7071
    0.0000   30.0000   -7.5000 2073.8140   22.7019
    7.5000   30.0000   -7.5000 2036.1547   23.1670
   -7.5000   37.5000   -7.5000 1929.7628   26.2211
    0.0000   37.5000   -7.5000 1923.5005   26.1742
    7.5000   37.5000   -7.5000 1893.7603   26.7398
   -7.5000   45.0000   -7.5000 1776.2505   31.1443
    0.0000   45.0000   -7.5000 1769.5421   30.9763
    7.5000   45.0000   -7.5000 1744.8392   31.6946
   -7.5000  -45.0000    0.0000 2513.4561   17.0412
    0.0000  -45.0000    0.0000 2514.3430   17.1510
    7.5000  -45.0000    0.0000 2472.7441   17.4682
   -7.5000  -37.5000    0.0000 2607.8708   15.8191
    0.0000  -37.5000    0.0000 2608.7266   15.9380
    7.5000  -37.5000    0.0000 2564.5854   16.2525
   -7.5000  -30.0000    0.0000 2670.4656   15.0690
    0.0000  -30.0000    0.0000 2669.9512   15.1510
    7.5000  -30.0000    0.0000 2626.9299   15.4583
   -7.5000  -22.5000    0.0000 2713.1665   14.7599
    0.0000  -22.5000    0.0000 2715.7656   14.8181
    7.5000  -22.5000    0.0000 2666.6846   15.0957
   -7.5000  -15.0000    0.0000 2720.1353   14.7118
    0.0000  -15.0000    0.0000 2725.1082   14.7906
    7.5000  -15.0000    0.0000 2669.5754   15.0444
   -7.5000   -7.5000    0.0000 2692.5974   14.9644
    0.0000   -7.5000    0.0000 2697.5830   15.0327
    7.5000   -7.5000    0.0000 2637.4136   15.3032
   -7.5000    0.0000    0.0000 2625.9932   15.4330
    0.0000    0.0000    0.0000 2627.1104   15.4970
    7.5000    0.0000    0.0000 2573.1624   15.8192
   -7.5000    7.5000    0.0000 2529.1096   16.1793
    0.0000    7.5000    0.0000 2533.3394   16.2658
    7.5000    7.5000    0.0000 2481.0354   16.6628
   -7.5000   15.0000    0.0000 2407.1819   17.3026
    0.0000   15.0000    0.0000 2410.4880   17.3960
    7.5000   15.0000    0.0000 2368.5830   17.8164
   -7.5000   22.5000    0.0000 2269.6738   18.9629
    0.0000   22.5000    0.0000 2267.1577   19.0420
    7.5000   22.5000    0.0000 2232.8618   19.4606
   -7.5000   30.0000    0.0000 2129.6812   21.3200
    0.0000   30.0000    0.0000 2126.0593   21.3620
    7.5000   30.0000    0.0000 2089.2734   21.8218
   -7.5000   37.5000    0.0000 1980.5360   24.6319
    0.0000   37.5000    0.0000 1977.5798   24.5637
    7.5000   37.5000    0.0000 1943.2885   25.1538
   -7.5000   45.0000    0.0000 1826.6055   29.0286
    0.0000   45.0000    0.0000 1827.8892   28.9770
    7.5000   45.0000    0.0000 1794.9878   29.5856
   -7.5000  -45.0000    7.5000 2552.3228   16.3717
    0.0000  -45.0000    7.5000 2560.9812   16.4557
    7.5000  -45.0000    7.5000 2513.6704   16.8489
   -7.5000  -37.5000    7.5000 2658.3091   15.1234
    0.0000  -37.5000    7.5000 2662.5188   15.1778
    7.5000  -37.5000    7.5000 2613.2605   15.5645
   -7.5000  -30.0000    7.5000 2735.5859   14.3095
    0.0000  -30.0000    7.5000 2740.5181   14.3546
    7.5000  -30.0000    7.5000 2687.0676   14.7334
   -7.5000  -22.5000    7.5000 2788.4109   14.0109
    0.0000  -22.5000    7.5000 2792.6160   14.0382
    7.5000  -22.5000    7.5000 2739.7566   14.3741
   -7.5000  -15.0000    7.5000 2799.9502   13.9748
    0.0000  -15.0000    7.5000 2805.2734   14.0078
    7.5000  -15.0000    7.5000 2745.7864   14.3239
   -7.5000   -7.5000    7.5000 2772.0698   14.2110
    0.0000   -7.5000    7.5000 2773.5083   14.2516
    7.5000   -7.5000    7.5000 2713.8105   14.5676
   -7.5000    0.0000    7.5000 2704.1978   14.6557
    0.0000    0.0000    7.5000 2704.2061   14.7346
    7.5000    0.0000    7.5000 2645.9246   15.0883
   -7.5000    7.5000    7.5000 2603.6936   15.3822
    0.0000    7.5000    7.5000 2603.3340   15.4990
    7.5000    7.5000    7.5000 2550.3030   15.8658
   -7.5000   15.0000    7.5000 2476.2778   16.4647
    0.0000   15.0000    7.5000 2479.8652   16.5815
    7.5000   15.0000    7.5000 2433.9336   16.9937
   -7.5000   22.5000    7.5000 2330.4187   18.0851
    0.0000   22.5000    7.5000 2329.7046   18.1580
    7.5000   22.5000    7.5000 2294.1057   18.6127
   -7.5000   30.0000    7.5000 2181.4238   20.3218
    0.0000   30.0000    7.5000 2177.4124   20.3056
    7.5000   30.0000    7.5000 2141.2305   20.8216
   -7.5000   37.5000    7.5000 2021.3589   23.3532
    0.0000   37.5000    7.5000 2021.7546   23.2643
    7.5000   37.5000    7.5000 1985.5714   23.8191
   -7.5000   45.0000    7.5000 1864.4449   27.3260
    0.0000   45.0000    7.5000 1863.0376   27.2091
    7.5000   45.0000    7.5000 1830.9784   27.8404
   -7.5000  -45.0000   15.0000 2578.3267   15.9555
    0.0000  -45.0000   15.0000 2588.8228   16.0099
    7.5000  -45.0000   15.0000 2540.9065   16.4439
   -7.5000  -37.5000   15.0000 2691.0928   14.6575
    0.0000  -37.5000   15.0000 2699.6580   14.6939
    7.5000  -37.5000   15.0000 2645.6187   15.1348
   -7.5000  -30.0000   15.0000 2782.6028   13.7288
    0.0000  -30.0000   15.0000 2789.4238   13.7557
    7.5000  -30.0000   15.0000 2728.9448   14.2566
   -7.5000  -22.5000   15.0000 2841.3704   13.3675
    0.0000  -22.5000   15.0000 2843.3447   13.3986
    7.5000  -22.5000   15.0000 2785.0427   13.8711
   -7.5000  -15.0000   15.0000 2858.3596   13.3740
    0.0000  -15.0000   15.0000 2858.2104   13.4146
    7.5000  -15.0000   15.0000 2797.4607   13.8097
   -7.5000   -7.5000   15.0000 2830.2866   13.6186
    0.0000   -7.5000   15.0000 2830.2334   13.6774
    7.5000   -7.5000   15.0000 2769.5525   14.0559
   -7.5000    0.0000   15.0000 2757.2114   14.0554
    0.0000    0.0000   15.0000 2756.7915   14.1659
    7.5000    0.0000   15.0000 2704.1199   14.5344
   -7.5000    7.5000   15.0000 2656.3159   14.7581
    0.0000    7.5000   15.0000 2652.0256   14.8498
    7.5000    7.5000   15.0000 2600.8442   15.2811
   -7.5000   15.0000   15.0000 2525.8481   15.8268
    0.0000   15.0000   15.0000 2529.1562   15.9116
    7.5000   15.0000   15.0000 2476.6946   16.3907
   -7.5000   22.5000   15.0000 2380.7537   17.4035
    0.0000   22.5000   15.0000 2380.7927   17.4577
    7.5000   22.5000   15.0000 2334.5024   17.9262
   -7.5000   30.0000   15.0000 2217.4338   19.5132
    0.0000   30.0000   15.0000 2219.7603   19.5318
    7.5000   30.0000   15.0000 2176.3289   20.0237
   -7.5000   37.5000   15.0000 2050.2590   22.3677
    0.0000   37.5000   15.0000 2048.2961   22.3165
    7.5000   37.5000   15.0000 2011.2814   22.8466
   -7.5000   45.0000   15.0000 1888.8821   26.1759
    0.0000   45.0000   15.0000 1885.5956   26.0055
    7.5000   45.0000   15.0000 1849.7803   26.6502
   -7.5000  -45.0000   22.5000 2585.1960   15.7240
    0.0000  -45.0000   22.5000 2592.1794   15.7304
    7.5000  -45.0000   22.5000 2543.9453   16.2808
   -7.5000  -37.5000   22.5000 2713.8059   14.4875
    0.0000  -37.5000   22.5000 2722.8176   14.4593
    7.5000  -37.5000   22.5000 2664.2568   14.9978
   -7.5000  -30.0000   22.5000 2817.5779   13.4705
    0.0000  -30.0000   22.5000 2822.1348   13.4492
    7.5000  -30.0000   22.5000 2758.1052   14.1174
   -7.5000  -22.5000   22.5000 2879.4207   12.9395
    0.0000  -22.5000   22.5000 2876.4653   12.9630
    7.5000  -22.5000   22.5000 2818.2698   13.6501
   -7.5000  -15.0000   22.5000 2890.4832   12.9542
    0.0000  -15.0000   22.5000 2888.8113   12.9671
    7.5000  -15.0000   22.5000 2834.2749   13.5412
   -7.5000   -7.5000   22.5000 2858.2500   13.1913
    0.0000   -7.5000   22.5000 2857.3696   13.2400
    7.5000   -7.5000   22.5000 2804.1560   13.7599
   -7.5000    0.0000   22.5000 2789.0261   13.6977
    0.0000    0.0000   22.5000 2786.9661   13.7364
    7.5000    0.0000   22.5000 2736.2834   14.2098
   -7.5000    7.5000   22.5000 2683.3928   14.4632
    0.0000    7.5000   22.5000 2683.5449   14.4772
    7.5000    7.5000   22.5000 2633.6941   14.9061
   -7.5000   15.0000   22.5000 2552.6123   15.4997
    0.0000   15.0000   22.5000 2556.1318   15.5084
    7.5000   15.0000   22.5000 2507.9036   15.9587
   -7.5000   22.5000   22.5000 2412.5173   17.0083
    0.0000   22.5000   22.5000 2414.1150   17.0259
    7.5000   22.5000   22.5000 2364.9041   17.4944
   -7.5000   30.0000   22.5000 2246.2527   19.1396
    0.0000   30.0000   22.5000 2245.6448   19.1157
    7.5000   30.0000   22.5000 2202.9539   19.5598
   -7.5000   37.5000   22.5000 2069.1597   21.8734
    0.0000   37.5000   22.5000 2066.0000   21.7547
    7.5000   37.5000   22.5000 2032.9883   22.2944
   -7.5000   45.0000   22.5000 1895.8560   25.4221
    0.0000   45.0000   22.5000 1895.8541   25.2478
    7.5000   45.0000   22.5000 1870.7096   25.9227
   -7.5000  -45.0000   30.0000 2564.9324   15.6817
    0.0000  -45.0000   30.0000 2570.6245   15.6526
    7.5000  -45.0000   30.0000 2526.2288   16.3662
   -7.5000  -37.5000   30.0000 2703.2070   14.4889
    0.0000  -37.5000   30.0000 2709.5569   14.4314
    7.5000  -37.5000   30.0000 2655.5295   15.1061
   -7.5000  -30.0000   30.0000 2819.0725   13.6349
    0.0000  -30.0000   30.0000 2825.9119   13.6037
    7.5000  -30.0000   30.0000 2759.9138   14.2239
   -7.5000  -22.5000   30.0000 2887.3125   12.9610
    0.0000  -22.5000   30.0000 2886.2183   12.9440
    7.5000  -22.5000   30.0000 2819.4448   13.6525
   -7.5000  -15.0000   30.0000 2894.3643   12.7127
    0.0000  -15.0000   30.0000 2894.9202   12.7279
    7.5000  -15.0000   30.0000 2844.0857   13.4160
   -7.5000   -7.5000   30.0000 2860.6387   12.9528
    0.0000   -7.5000   30.0000 2854.6113   12.9478
    7.5000   -7.5000   30.0000 2814.5386   13.5319
   -7.5000    0.0000   30.0000 2792.4072   13.5111
    0.0000    0.0000   30.0000 2790.4919   13.4967
    7.5000    0.0000   30.0000 2745.9114   13.9547
   -7.5000    7.5000   30.0000 2691.7534   14.3410
    0.0000    7.5000   30.0000 2688.2327   14.3591
    7.5000    7.5000   30.0000 2644.7996   14.7280
   -7.5000   15.0000   30.0000 2559.2441   15.4041
    0.0000   15.0000   30.0000 2557.3110   15.4474
    7.5000   15.0000   30.0000 2514.2102   15.8007
   -7.5000   22.5000   30.0000 2417.2764   16.8839
    0.0000   22.5000   30.0000 2418.4561   16.9286
    7.5000   22.5000   30.0000 2369.0420   17.3121
   -7.5000   30.0000   30.0000 2251.4238   18.9095
    0.0000   30.0000   30.0000 2258.6562   18.9551
    7.5000   30.0000   30.0000 2213.8096   19.3088
   -7.5000   37.5000   30.0000 2075.9697   21.6240
    0.0000   37.5000   30.0000 2076.7551   21.6050
    7.5000   37.5000   30.0000 2046.7791   21.9776
   -7.5000   45.0000   30.0000 1901.7677   25.1101
    0.0000   45.0000   30.0000 1898.4735   25.0211
    7.5000   45.0000   30.0000 1879.5404   25.5134
   -7.5000  -45.0000   37.5000 2528.4124   15.9502
    0.0000  -45.0000   37.5000 2533.0967   16.0033
    7.5000  -45.0000   37.5000 2489.0425   16.7409
   -7.5000  -37.5000   37.5000 2664.9526   14.7265
    0.0000  -37.5000   37.5000 2674.5264   14.7648
    7.5000  -37.5000   37.5000 2618.9346   15.4260
   -7.5000  -30.0000   37.5000 2786.2361   13.8351
    0.0000  -30.0000   37.5000 2793.4246   13.9207
    7.5000  -30.0000   37.5000 2732.6736   14.5348
   -7.5000  -22.5000   37.5000 2860.1172   13.1909
    0.0000  -22.5000   37.5000 2866.3809   13.2928
    7.5000  -22.5000   37.5000 2802.2271   13.9667
   -7.5000  -15.0000   37.5000 2885.8479   13.0430
    0.0000  -15.0000   37.5000 2884.7842   13.1081
    7.5000  -15.0000   37.5000 2820.6895   13.6329
   -7.5000   -7.5000   37.5000 2862.2209   13.2451
    0.0000   -7.5000   37.5000 2861.5740   13.3004
    7.5000   -7.5000   37.5000 2801.7153   13.6618
   -7.5000    0.0000   37.5000 2792.0435   13.7075
    0.0000    0.0000   37.5000 2791.9248   13.7576
    7.5000    0.0000   37.5000 2740.9307   14.0753
   -7.5000    7.5000   37.5000 2686.6980   14.4751
    0.0000    7.5000   37.5000 2682.7158   14.5099
    7.5000    7.5000   37.5000 2637.6892   14.8436
   -7.5000   15.0000   37.5000 2551.2861   15.5402
    0.0000   15.0000   37.5000 2551.5229   15.5696
    7.5000   15.0000   37.5000 2510.7659   15.9184
   -7.5000   22.5000   37.5000 2408.4785   16.9606
    0.0000   22.5000   37.5000 2409.2559   16.9914
    7.5000   22.5000   37.5000 2366.0457   17.3581
   -7.5000   30.0000   37.5000 2242.2651   18.9293
    0.0000   30.0000   37.5000 2246.1125   18.9536
    7.5000   30.0000   37.5000 2210.4744   19.3171
   -7.5000   37.5000   37.5000 2066.0698   21.6074
    0.0000   37.5000   37.5000 2072.0544   21.5879
    7.5000   37.5000   37.5000 2043.6267   21.9503
   -7.5000   45.0000   37.5000 1898.0164   25.0913
    0.0000   45.0000   37.5000 1902.1434   24.9923
    7.5000   45.0000   37.5000 1874.3583   25.4812
   -7.5000  -45.0000   45.0000 2482.0447   16.4878
    0.0000  -45.0000   45.0000 2486.0510   16.5498
    7.5000  -45.0000   45.0000 2442.1667   17.2685
   -7.5000  -37.5000   45.0000 2615.0828   15.2115
    0.0000  -37.5000   45.0000 2621.2017   15.2394
    7.5000  -37.5000   45.0000 2574.0645   15.9212
   -7.5000  -30.0000   45.0000 2732.6360   14.2424
    0.0000  -30.0000   45.0000 2736.4431   14.3349
    7.5000  -30.0000   45.0000 2682.5566   14.9921
   -7.5000  -22.5000   45.0000 2804.7336   13.6237
    0.0000  -22.5000   45.0000 2810.9597   13.6716
    7.5000  -22.5000   45.0000 2755.6895   14.3196
   -7.5000  -15.0000   45.0000 2843.0938   13.5672
    0.0000  -15.0000   45.0000 2845.7014   13.5734
    7.5000  -15.0000   45.0000 2777.9626   13.9895
   -7.5000   -7.5000   45.0000 2827.5352   13.7501
    0.0000   -7.5000   45.0000 2827.3318   13.7621
    7.5000   -7.5000   45.0000 2766.9028   14.0772
   -7.5000    0.0000   45.0000 2753.9124   14.1853
    0.0000    0.0000   45.0000 2753.1245   14.2216
    7.5000    0.0000   45.0000 2701.5107   14.5068
   -7.5000    7.5000   45.0000 2658.1353   14.8869
    0.0000    7.5000   45.0000 2653.2595   14.9273
    7.5000    7.5000   45.0000 2602.4595   15.2133
   -7.5000   15.0000   45.0000 2526.6377   15.9236
    0.0000   15.0000   45.0000 2527.2732   15.9677
    7.5000   15.0000   45.0000 2482.6172   16.2675
   -7.5000   22.5000   45.0000 2375.6287   17.3027
    0.0000   22.5000   45.0000 2380.9434   17.3429
    7.5000   22.5000   45.0000 2345.6333   17.6800
   -7.5000   30.0000   45.0000 2211.4268   19.2031
    0.0000   30.0000   45.0000 2219.2153   19.1477
    7.5000   30.0000   45.0000 2192.9041   19.5544
   -7.5000   37.5000   45.0000 2047.0706   21.7933
    0.0000   37.5000   45.0000 2052.0222   21.6511
    7.5000   37.5000   45.0000 2024.3644   22.0858
   -7.5000   45.0000   45.0000 1887.8495   25.2150
    0.0000   45.0000   45.0000 1881.3389   25.0852
    7.5000   45.0000   45.0000 1857.9073   25.6021

---------------------------------------------------------------------
imgreg_4dfp /opt/freesurfer/average/711-2C_as_mni_average_305 /opt/freesurfer/average/711-2B_as_mni_average_305_mask talsrcimg_g11 none talsrcimg_to_711-2C_as_mni_average_305_t4 1283
---------------------------------------------------------------------

freesurfer imgreg_4dfp.c
/opt/freesurfer/average/711-2C_as_mni_average_305.4dfp.img
       256       256       256         1
  1.000000  1.000000  1.000000
orientation T byte_order littleendian
Reading image: /opt/freesurfer/average/711-2C_as_mni_average_305.4dfp.img
dimensions:      256       256       256
mmppix:       1.0000   -1.0000   -1.0000
center:     128.0000 -129.0000 -129.0000
/opt/freesurfer/average/711-2B_as_mni_average_305_mask.4dfp.img
       256       256       256         1
  1.000000  1.000000  1.000000
orientation T byte_order littleendian
Reading mask: /opt/freesurfer/average/711-2B_as_mni_average_305_mask.4dfp.img (2306576 pixels)
talsrcimg_g11.4dfp.img
       256       256       256         1
  1.000000  1.000000  1.000000
orientation T byte_order littleendian
Reading image: talsrcimg_g11.4dfp.img
dimensions:      256       256       256
mmppix:       1.0000   -1.0000   -1.0000
center:     128.0000 -129.0000 -129.0000
rotation matrix determinant  1.000000
fimgreg.f
image alignment mode   1283 decimal      503 hex
parameters
    0.0000  -15.0000   30.0000    0.0000    0.0000    0.0000
eta,q 0.90884 12.72784
niter,ni,del,rscale     5    3   12.0000    1.2000
parameter  3 -0.010433 ->  0.500000 qaram    1.1500
parameter  4  0.791072 ->  0.500000 qaram    1.1500
parameter  5  0.930502 -> -0.500000 qaram    1.1500
parameters
   -1.9482  -16.9344   26.5500   -3.4500    3.4500    1.4387
eta,q 0.91484 12.54543
  0.0917  0.0950  0.0896  0.0878  0.0895  0.0894
  0.0927  0.0935  0.0897  0.0890  0.0896  0.0876
  0.0921  0.0910  0.0899  0.0886  0.0891  0.0864
  0.0917  0.0920  0.0908  0.0892  0.0890  0.0856
  0.0912  0.0958  0.0906  0.0930  0.0869  0.0851
  0.0943  0.0990  0.0889  0.0972  0.0852  0.0856
  0.1013  0.1033  0.0900  0.0998  0.0845  0.0871
niter,ni,del,rscale     7    3   12.0000    1.2000
parameters
   -2.5567  -17.0103   28.3408   -6.1155    2.9448    0.0129
eta,q 0.91553 12.49113
  0.0895  0.0939  0.0890  0.0856  0.0892  0.0873
  0.0881  0.0894  0.0858  0.0845  0.0881  0.0856
  0.0851  0.0865  0.0855  0.0852  0.0857  0.0845
  0.0852  0.0849  0.0849  0.0855  0.0850  0.0849
  0.0857  0.0867  0.0857  0.0853  0.0863  0.0866
  0.0878  0.0908  0.0860  0.0878  0.0890  0.0885
  0.0938  0.0936  0.0855  0.0916  0.0905  0.0903
niter,ni,del,rscale     6    3   12.0000    1.2000
parameters
   -3.5174  -17.0163   26.6059   -7.0045    3.7184    0.3121
eta,q 0.91674 12.49383
  0.0892  0.0918  0.0854  0.0859  0.0885  0.0883
  0.0881  0.0862  0.0860  0.0846  0.0876  0.0866
  0.0840  0.0831  0.0843  0.0833  0.0854  0.0847
  0.0845  0.0833  0.0833  0.0837  0.0833  0.0833
  0.0881  0.0859  0.0859  0.0849  0.0844  0.0837
  0.0892  0.0881  0.0875  0.0852  0.0862  0.0856
  0.0934  0.0897  0.0864  0.0872  0.0871  0.0879
niter,ni,del,rscale     5    3   12.0000    1.2000
parameters
   -3.1049  -16.6383   26.0240   -6.9487    4.5000    0.6443
eta,q 0.91619 12.50464
  0.0885  0.0921  0.0868  0.0865  0.0878  0.0885
  0.0889  0.0875  0.0845  0.0852  0.0865  0.0868
  0.0860  0.0846  0.0842  0.0837  0.0845  0.0850
  0.0833  0.0834  0.0836  0.0837  0.0837  0.0839
  0.0847  0.0857  0.0843  0.0850  0.0845  0.0842
  0.0857  0.0879  0.0867  0.0851  0.0857  0.0859
  0.0891  0.0889  0.0868  0.0860  0.0862  0.0880
niter,ni,del,rscale     4    3   12.0000    1.2000
parameters
   -2.8847  -16.4040   25.8739   -6.7764    5.0428    0.9302
eta,q 0.91595 12.51082
  0.0882  0.0918  0.0884  0.0870  0.0875  0.0886
  0.0888  0.0876  0.0847  0.0852  0.0859  0.0868
  0.0856  0.0848  0.0836  0.0836  0.0842  0.0850
  0.0838  0.0838  0.0840  0.0839  0.0840  0.0841
  0.0837  0.0861  0.0853  0.0850  0.0847  0.0845
  0.0849  0.0882  0.0866  0.0849  0.0855  0.0862
  0.0902  0.0894  0.0870  0.0863  0.0862  0.0880
niter,ni,del,rscale     3    3   12.0000    1.2000
parameters
   -2.8139  -16.3940   25.7591   -6.7596    5.1801    1.0788
eta,q 0.91605 12.51892
  0.0884  0.0913  0.0891  0.0870  0.0871  0.0884
  0.0887  0.0873  0.0852  0.0851  0.0854  0.0866
  0.0856  0.0847  0.0836  0.0835  0.0841  0.0848
  0.0840  0.0840  0.0840  0.0839  0.0840  0.0840
  0.0833  0.0864  0.0858  0.0848  0.0848  0.0846
  0.0850  0.0886  0.0871  0.0847  0.0854  0.0863
  0.0912  0.0898  0.0875  0.0868  0.0866  0.0881
niter,ni,del,rscale     2    3   12.0000    1.2000
parameters
   -2.7737  -16.3575   25.7129   -6.7830    5.2050    1.1442
eta,q 0.91610 12.52122
  0.0886  0.0913  0.0895  0.0870  0.0869  0.0883
  0.0888  0.0873  0.0854  0.0851  0.0853  0.0864
  0.0856  0.0847  0.0836  0.0835  0.0840  0.0847
  0.0839  0.0839  0.0840  0.0839  0.0839  0.0839
  0.0832  0.0862  0.0860  0.0847  0.0847  0.0846
  0.0852  0.0885  0.0872  0.0847  0.0853  0.0863
  0.0916  0.0898  0.0877  0.0869  0.0867  0.0881
niter,ni,del,rscale     1    3   12.0000    1.2000
parameters
   -2.7631  -16.3219   25.6831   -6.8291    5.2028    1.1648
eta,q 0.91614 12.52253
  0.0886  0.0912  0.0896  0.0869  0.0869  0.0883
  0.0887  0.0873  0.0854  0.0851  0.0852  0.0863
  0.0856  0.0847  0.0836  0.0835  0.0840  0.0846
  0.0839  0.0839  0.0839  0.0839  0.0839  0.0839
  0.0831  0.0861  0.0860  0.0847  0.0846  0.0846
  0.0852  0.0885  0.0873  0.0847  0.0852  0.0863
  0.0917  0.0898  0.0877  0.0869  0.0867  0.0881
registration optimization eta report
parameter search radius
    6.0000    6.0000    6.9000    6.9000    6.9000    6.0000
100000*second partial in parameter space
       18.       17.        9.        7.        6.       12.
  0.0886  0.0912  0.0896  0.0869  0.0869  0.0883
  0.0887  0.0873  0.0854  0.0851  0.0852  0.0863
  0.0856  0.0847  0.0836  0.0835  0.0840  0.0846
  0.0839  0.0839  0.0839  0.0839  0.0839  0.0839
  0.0831  0.0861  0.0860  0.0847  0.0846  0.0846
  0.0852  0.0885  0.0873  0.0847  0.0852  0.0863
  0.0917  0.0898  0.0877  0.0869  0.0867  0.0881
   -2.7631  -16.3219   25.6831   -6.8291    5.2028    1.1648
eta,q 0.91614 12.52253

---------------------------------------------------------------------
imgreg_4dfp /opt/freesurfer/average/711-2C_as_mni_average_305 /opt/freesurfer/average/711-2B_as_mni_average_305_mask talsrcimg_g11 none talsrcimg_to_711-2C_as_mni_average_305_t4 3335
---------------------------------------------------------------------

freesurfer imgreg_4dfp.c
/opt/freesurfer/average/711-2C_as_mni_average_305.4dfp.img
       256       256       256         1
  1.000000  1.000000  1.000000
orientation T byte_order littleendian
Reading image: /opt/freesurfer/average/711-2C_as_mni_average_305.4dfp.img
dimensions:      256       256       256
mmppix:       1.0000   -1.0000   -1.0000
center:     128.0000 -129.0000 -129.0000
/opt/freesurfer/average/711-2B_as_mni_average_305_mask.4dfp.img
       256       256       256         1
  1.000000  1.000000  1.000000
orientation T byte_order littleendian
Reading mask: /opt/freesurfer/average/711-2B_as_mni_average_305_mask.4dfp.img (2306576 pixels)
talsrcimg_g11.4dfp.img
       256       256       256         1
  1.000000  1.000000  1.000000
orientation T byte_order littleendian
Reading image: talsrcimg_g11.4dfp.img
dimensions:      256       256       256
mmppix:       1.0000   -1.0000   -1.0000
center:     128.0000 -129.0000 -129.0000
fimgreg.f
image alignment mode   3335 decimal      D07 hex
parameters
   -2.7631  -16.3219   25.6831   -0.4326   -0.7081   -1.1186
   -0.9404   -9.2437    2.0245   11.7054    9.0682  -11.8419
eta,q 0.91557 12.67615
niter,ni,del,rscale     5    3    5.0000    1.2000
parameter  1  1.009246 ->  0.500000 qaram    1.1500
parameter  2 -0.564303 -> -0.500000 qaram    1.1500
parameter  4 -9.144616 ->  0.500000 qaram    1.1500
parameter  5  6.372910 ->  0.500000 qaram    1.1500
parameter  6  3.249186 ->  0.500000 qaram    1.1500
parameter  9  0.552778 ->  0.500000 qaram    1.1500
parameter 10 -0.612965 -> -0.500000 qaram    1.1500
parameter 11  1.079935 ->  0.500000 qaram    1.1500
parameters
   -4.1431  -14.9419   26.1170   -4.5726   -4.8481   -5.2586
   -0.7942   -6.2544   -2.1155   15.8454    4.9282   -9.7781
eta,q 0.93786 12.16640
  0.0837  0.0854  0.0845  0.0721  0.0666  0.0618  0.0657  0.0692  0.0639  0.0665  0.0622  0.0634
  0.0839  0.0848  0.0841  0.0760  0.0699  0.0638  0.0650  0.0673  0.0638  0.0654  0.0622  0.0629
  0.0841  0.0844  0.0837  0.0801  0.0735  0.0669  0.0646  0.0657  0.0638  0.0644  0.0626  0.0626
  0.0844  0.0839  0.0836  0.0836  0.0771  0.0709  0.0645  0.0645  0.0640  0.0637  0.0632  0.0623
  0.0849  0.0837  0.0836  0.0867  0.0810  0.0753  0.0646  0.0640  0.0645  0.0633  0.0640  0.0621
  0.0855  0.0836  0.0838  0.0903  0.0852  0.0794  0.0650  0.0643  0.0652  0.0632  0.0650  0.0623
  0.0864  0.0839  0.0840  0.0938  0.0895  0.0834  0.0656  0.0651  0.0661  0.0635  0.0661  0.0626
niter,ni,del,rscale     7    3    5.0000    1.2000
parameter  4  2.239161 ->  0.500000 qaram    1.3225
parameter  5  3.387325 ->  0.500000 qaram    1.3225
parameter  6  0.669323 ->  0.500000 qaram    1.3225
parameter 12  0.857564 ->  0.500000 qaram    1.1500
parameters
   -4.1598  -15.2717   26.6505   -9.3336   -9.6091  -10.0196
    0.4512   -4.7600   -0.9560   15.4635    3.6407  -13.9181
eta,q 0.95296 11.84206
  0.0647  0.0636  0.0644  0.0536  0.0457  0.0467  0.0506  0.0524  0.0502  0.0495  0.0479  0.0470
  0.0635  0.0625  0.0633  0.0550  0.0484  0.0474  0.0492  0.0503  0.0488  0.0484  0.0476  0.0470
  0.0626  0.0621  0.0625  0.0579  0.0519  0.0484  0.0482  0.0486  0.0478  0.0476  0.0473  0.0471
  0.0621  0.0621  0.0621  0.0620  0.0557  0.0494  0.0477  0.0476  0.0473  0.0473  0.0473  0.0473
  0.0624  0.0626  0.0620  0.0667  0.0601  0.0516  0.0476  0.0473  0.0474  0.0475  0.0475  0.0475
  0.0634  0.0633  0.0624  0.0710  0.0645  0.0570  0.0481  0.0480  0.0479  0.0484  0.0479  0.0479
  0.0650  0.0641  0.0630  0.0755  0.0693  0.0638  0.0491  0.0498  0.0490  0.0502  0.0487  0.0484
niter,ni,del,rscale     7    3    5.0000    1.2000
parameter  2 -0.590315 -> -0.500000 qaram    1.3225
parameter  3 -0.595712 -> -0.500000 qaram    1.1500
parameter  4  0.710936 ->  0.500000 qaram    1.5209
parameter  5  1.488053 ->  0.500000 qaram    1.5209
parameter 12  1.298205 ->  0.500000 qaram    1.3225
parameters
   -4.0542  -13.6847   28.0305  -14.8087  -15.0842  -14.7050
    0.1777   -4.8618   -0.3496   17.9155    5.7138  -18.6791
eta,q 0.96259 11.25745
  0.0515  0.0516  0.0478  0.0440  0.0375  0.0387  0.0403  0.0411  0.0407  0.0422  0.0387  0.0373
  0.0492  0.0495  0.0472  0.0437  0.0384  0.0384  0.0392  0.0396  0.0395  0.0405  0.0384  0.0374
  0.0476  0.0480  0.0467  0.0441  0.0406  0.0385  0.0386  0.0387  0.0388  0.0392  0.0382  0.0376
  0.0470  0.0470  0.0463  0.0460  0.0437  0.0389  0.0384  0.0384  0.0384  0.0384  0.0381  0.0380
  0.0475  0.0464  0.0460  0.0493  0.0473  0.0400  0.0387  0.0388  0.0385  0.0381  0.0380  0.0385
  0.0488  0.0463  0.0460  0.0540  0.0515  0.0416  0.0394  0.0397  0.0391  0.0384  0.0381  0.0391
  0.0508  0.0466  0.0462  0.0588  0.0561  0.0449  0.0405  0.0413  0.0402  0.0395  0.0383  0.0396
niter,ni,del,rscale     7    3    5.0000    1.2000
parameter  5  0.687909 ->  0.500000 qaram    1.7490
parameter 12  0.776424 ->  0.500000 qaram    1.5209
parameters
   -4.0954  -12.2279   28.8457  -17.7989  -21.3807  -12.9551
    0.7677   -5.0818   -0.1025   21.2005    8.1622  -24.1543
eta,q 0.96659 10.90782
  0.0407  0.0450  0.0384  0.0385  0.0351  0.0374  0.0368  0.0377  0.0361  0.0389  0.0348  0.0336
  0.0389  0.0417  0.0376  0.0373  0.0348  0.0362  0.0357  0.0360  0.0353  0.0371  0.0345  0.0334
  0.0378  0.0391  0.0370  0.0367  0.0351  0.0353  0.0350  0.0349  0.0348  0.0356  0.0342  0.0336
  0.0374  0.0374  0.0367  0.0366  0.0366  0.0348  0.0346  0.0346  0.0346  0.0346  0.0340  0.0340
  0.0378  0.0367  0.0366  0.0375  0.0399  0.0345  0.0347  0.0350  0.0347  0.0341  0.0340  0.0345
  0.0390  0.0369  0.0367  0.0403  0.0438  0.0348  0.0353  0.0362  0.0351  0.0343  0.0340  0.0351
  0.0410  0.0378  0.0371  0.0450  0.0483  0.0362  0.0362  0.0381  0.0360  0.0352  0.0343  0.0358
niter,ni,del,rscale     7    3    5.0000    1.2000
parameters
   -4.2908  -11.1884   28.5148  -17.0861  -25.0428  -12.5911
    0.7508   -5.3339   -0.5883   23.0392    7.9508  -26.5578
eta,q 0.96726 10.77675
  0.0367  0.0388  0.0341  0.0374  0.0353  0.0363  0.0351  0.0365  0.0343  0.0368  0.0335  0.0337
  0.0348  0.0362  0.0335  0.0353  0.0339  0.0349  0.0340  0.0345  0.0335  0.0352  0.0332  0.0330
  0.0337  0.0344  0.0332  0.0338  0.0331  0.0338  0.0333  0.0334  0.0331  0.0339  0.0329  0.0328
  0.0334  0.0334  0.0331  0.0331  0.0331  0.0331  0.0330  0.0330  0.0330  0.0330  0.0328  0.0328
  0.0340  0.0331  0.0334  0.0331  0.0344  0.0330  0.0333  0.0336  0.0332  0.0328  0.0329  0.0333
  0.0355  0.0335  0.0339  0.0339  0.0382  0.0341  0.0340  0.0349  0.0337  0.0334  0.0332  0.0339
  0.0377  0.0344  0.0348  0.0369  0.0429  0.0363  0.0351  0.0370  0.0346  0.0346  0.0337  0.0347
niter,ni,del,rscale     6    3    5.0000    1.2000
parameters
   -4.2832  -10.9379   28.4684  -16.9664  -26.2320  -12.4580
    0.7225   -5.3384   -0.9148   23.7317    7.6696  -27.2057
eta,q 0.96722 10.73398
  0.0364  0.0360  0.0340  0.0367  0.0362  0.0363  0.0349  0.0366  0.0342  0.0360  0.0334  0.0341
  0.0345  0.0341  0.0333  0.0347  0.0346  0.0348  0.0338  0.0345  0.0334  0.0345  0.0331  0.0333
  0.0332  0.0330  0.0329  0.0333  0.0334  0.0337  0.0331  0.0332  0.0330  0.0334  0.0329  0.0328
  0.0327  0.0327  0.0328  0.0328  0.0328  0.0328  0.0328  0.0328  0.0328  0.0328  0.0328  0.0328
  0.0331  0.0331  0.0329  0.0329  0.0329  0.0328  0.0331  0.0333  0.0330  0.0329  0.0328  0.0330
  0.0344  0.0338  0.0334  0.0340  0.0349  0.0341  0.0338  0.0346  0.0335  0.0337  0.0331  0.0336
  0.0364  0.0348  0.0341  0.0370  0.0391  0.0367  0.0349  0.0365  0.0344  0.0352  0.0336  0.0343
niter,ni,del,rscale     5    3    5.0000    1.2000
parameters
   -4.2611  -10.8342   28.4205  -16.9306  -26.5870  -12.4716
    0.7485   -5.2949   -1.0352   24.0044    7.5579  -27.4914
eta,q 0.96719 10.72202
  0.0364  0.0356  0.0340  0.0367  0.0366  0.0362  0.0349  0.0366  0.0342  0.0357  0.0335  0.0342
  0.0345  0.0339  0.0333  0.0347  0.0349  0.0348  0.0338  0.0345  0.0335  0.0343  0.0332  0.0334
  0.0332  0.0330  0.0329  0.0334  0.0335  0.0336  0.0331  0.0332  0.0330  0.0333  0.0329  0.0329
  0.0328  0.0328  0.0328  0.0328  0.0328  0.0328  0.0328  0.0328  0.0328  0.0328  0.0328  0.0328
  0.0332  0.0332  0.0329  0.0330  0.0328  0.0328  0.0331  0.0333  0.0330  0.0330  0.0328  0.0330
  0.0344  0.0340  0.0334  0.0341  0.0342  0.0342  0.0338  0.0346  0.0335  0.0339  0.0331  0.0336
  0.0363  0.0350  0.0341  0.0371  0.0381  0.0369  0.0349  0.0365  0.0343  0.0355  0.0336  0.0342
niter,ni,del,rscale     4    3    5.0000    1.2000
parameters
   -4.2461  -10.7915   28.3757  -16.9004  -26.7237  -12.4894
    0.7670   -5.2673   -1.0890   24.1246    7.5240  -27.6120
eta,q 0.96717 10.71806
  0.0364  0.0355  0.0341  0.0367  0.0366  0.0362  0.0349  0.0366  0.0343  0.0356  0.0335  0.0342
  0.0345  0.0338  0.0334  0.0347  0.0349  0.0348  0.0338  0.0345  0.0335  0.0342  0.0332  0.0335
  0.0333  0.0330  0.0329  0.0334  0.0336  0.0337  0.0331  0.0332  0.0330  0.0332  0.0330  0.0329
  0.0328  0.0328  0.0328  0.0328  0.0328  0.0328  0.0328  0.0328  0.0328  0.0328  0.0328  0.0328
  0.0332  0.0332  0.0330  0.0330  0.0328  0.0328  0.0331  0.0333  0.0330  0.0331  0.0328  0.0330
  0.0344  0.0340  0.0334  0.0342  0.0340  0.0343  0.0338  0.0346  0.0335  0.0339  0.0331  0.0336
  0.0364  0.0351  0.0342  0.0371  0.0378  0.0369  0.0349  0.0365  0.0343  0.0356  0.0336  0.0342
niter,ni,del,rscale     3    3    5.0000    1.2000
parameters
   -4.2375  -10.7723   28.3460  -16.8872  -26.7888  -12.5078
    0.7811   -5.2512   -1.1172   24.1780    7.5240  -27.6730
eta,q 0.96717 10.71568
  0.0364  0.0354  0.0341  0.0367  0.0367  0.0363  0.0349  0.0366  0.0343  0.0355  0.0335  0.0342
  0.0345  0.0338  0.0334  0.0347  0.0350  0.0348  0.0338  0.0345  0.0335  0.0342  0.0332  0.0335
  0.0333  0.0330  0.0330  0.0334  0.0336  0.0337  0.0331  0.0332  0.0330  0.0332  0.0330  0.0330
  0.0328  0.0328  0.0328  0.0328  0.0328  0.0328  0.0328  0.0328  0.0328  0.0328  0.0328  0.0328
  0.0332  0.0332  0.0330  0.0331  0.0328  0.0328  0.0331  0.0333  0.0330  0.0331  0.0328  0.0330
  0.0344  0.0341  0.0334  0.0342  0.0339  0.0343  0.0338  0.0346  0.0335  0.0340  0.0331  0.0335
  0.0364  0.0351  0.0341  0.0372  0.0377  0.0369  0.0349  0.0365  0.0343  0.0356  0.0336  0.0342
niter,ni,del,rscale     2    3    5.0000    1.2000
parameters
   -4.2324  -10.7646   28.3317  -16.8785  -26.8171  -12.5186
    0.7826   -5.2444   -1.1307   24.2066    7.5125  -27.7103
eta,q 0.96716 10.71502
  0.0364  0.0354  0.0341  0.0367  0.0367  0.0363  0.0349  0.0366  0.0343  0.0355  0.0335  0.0342
  0.0345  0.0338  0.0334  0.0347  0.0350  0.0348  0.0338  0.0345  0.0335  0.0342  0.0332  0.0335
  0.0333  0.0330  0.0330  0.0334  0.0336  0.0337  0.0331  0.0332  0.0330  0.0332  0.0330  0.0330
  0.0328  0.0328  0.0328  0.0328  0.0328  0.0328  0.0328  0.0328  0.0328  0.0328  0.0328  0.0328
  0.0332  0.0332  0.0330  0.0331  0.0328  0.0328  0.0331  0.0333  0.0330  0.0331  0.0328  0.0330
  0.0345  0.0341  0.0334  0.0342  0.0339  0.0343  0.0338  0.0346  0.0335  0.0340  0.0331  0.0336
  0.0364  0.0351  0.0341  0.0372  0.0377  0.0369  0.0349  0.0365  0.0343  0.0356  0.0336  0.0342
registration optimization eta report
parameter search radius
    2.7600    3.1740    2.7600   10.9503   12.5928    9.5220
    7.2000    7.2000    8.2800    8.2800    8.2800   10.9503
100000*second partial in parameter space
       47.       24.       17.        3.        3.        4.
        4.        7.        2.        4.        1.        1.
  0.0364  0.0354  0.0341  0.0367  0.0367  0.0363  0.0349  0.0366  0.0343  0.0355  0.0335  0.0342
  0.0345  0.0338  0.0334  0.0347  0.0350  0.0348  0.0338  0.0345  0.0335  0.0342  0.0332  0.0335
  0.0333  0.0330  0.0330  0.0334  0.0336  0.0337  0.0331  0.0332  0.0330  0.0332  0.0330  0.0330
  0.0328  0.0328  0.0328  0.0328  0.0328  0.0328  0.0328  0.0328  0.0328  0.0328  0.0328  0.0328
  0.0332  0.0332  0.0330  0.0331  0.0328  0.0328  0.0331  0.0333  0.0330  0.0331  0.0328  0.0330
  0.0345  0.0341  0.0334  0.0342  0.0339  0.0343  0.0338  0.0346  0.0335  0.0340  0.0331  0.0336
  0.0364  0.0351  0.0341  0.0372  0.0377  0.0369  0.0349  0.0365  0.0343  0.0356  0.0336  0.0342
   -4.2324  -10.7646   28.3317  -16.8785  -26.8171  -12.5186
    0.7826   -5.2444   -1.1307   24.2066    7.5125  -27.7103
eta,q 0.96716 10.71502

---------------------------------------------------------------------
imgreg_4dfp /opt/freesurfer/average/711-2C_as_mni_average_305 /opt/freesurfer/average/711-2B_as_mni_average_305_mask talsrcimg_g11 none talsrcimg_to_711-2C_as_mni_average_305_t4 2311
---------------------------------------------------------------------

freesurfer imgreg_4dfp.c
/opt/freesurfer/average/711-2C_as_mni_average_305.4dfp.img
       256       256       256         1
  1.000000  1.000000  1.000000
orientation T byte_order littleendian
Reading image: /opt/freesurfer/average/711-2C_as_mni_average_305.4dfp.img
dimensions:      256       256       256
mmppix:       1.0000   -1.0000   -1.0000
center:     128.0000 -129.0000 -129.0000
/opt/freesurfer/average/711-2B_as_mni_average_305_mask.4dfp.img
       256       256       256         1
  1.000000  1.000000  1.000000
orientation T byte_order littleendian
Reading mask: /opt/freesurfer/average/711-2B_as_mni_average_305_mask.4dfp.img (2306576 pixels)
talsrcimg_g11.4dfp.img
       256       256       256         1
  1.000000  1.000000  1.000000
orientation T byte_order littleendian
Reading image: talsrcimg_g11.4dfp.img
dimensions:      256       256       256
mmppix:       1.0000   -1.0000   -1.0000
center:     128.0000 -129.0000 -129.0000
fimgreg.f
image alignment mode   2311 decimal      907 hex
parameters
   -4.2324  -10.7646   28.3317  -16.8785  -26.8171  -12.5186
    0.7826   -5.2444   -1.1307   24.2066    7.5125  -27.7103
eta,q 0.96716 10.71502
niter,ni,del,rscale     5    3    5.0000    0.8000
parameters
   -4.2206  -10.9812   28.2990  -15.9851  -24.4505  -11.4280
    0.8266   -5.6057   -1.2416   23.8693    7.0742  -27.7845
eta,q 0.96744 10.94016
  0.0341  0.0333  0.0333  0.0338  0.0338  0.0341  0.0335  0.0343  0.0330  0.0335  0.0328  0.0328
  0.0334  0.0330  0.0330  0.0333  0.0334  0.0336  0.0330  0.0333  0.0327  0.0330  0.0327  0.0327
  0.0330  0.0328  0.0329  0.0330  0.0330  0.0331  0.0327  0.0327  0.0326  0.0326  0.0326  0.0326
  0.0328  0.0328  0.0328  0.0328  0.0328  0.0327  0.0326  0.0326  0.0326  0.0326  0.0326  0.0326
  0.0330  0.0330  0.0329  0.0328  0.0327  0.0326  0.0327  0.0329  0.0326  0.0327  0.0326  0.0326
  0.0334  0.0333  0.0330  0.0330  0.0327  0.0328  0.0330  0.0337  0.0328  0.0331  0.0327  0.0327
  0.0341  0.0336  0.0333  0.0333  0.0328  0.0333  0.0335  0.0348  0.0330  0.0338  0.0330  0.0329
niter,ni,del,rscale     4    3    5.0000    0.7000
parameters
   -4.3216  -11.2747   28.4314  -15.9116  -24.2187  -11.1455
    0.9086   -5.6252   -1.1250   23.7473    6.8655  -27.4844
eta,q 0.96750 10.96420
  0.0334  0.0328  0.0330  0.0331  0.0330  0.0336  0.0333  0.0341  0.0329  0.0333  0.0327  0.0327
  0.0329  0.0326  0.0328  0.0328  0.0327  0.0331  0.0329  0.0332  0.0327  0.0329  0.0326  0.0326
  0.0326  0.0325  0.0326  0.0326  0.0326  0.0327  0.0326  0.0327  0.0325  0.0326  0.0325  0.0325
  0.0326  0.0326  0.0325  0.0325  0.0325  0.0325  0.0325  0.0325  0.0325  0.0325  0.0325  0.0325
  0.0327  0.0327  0.0325  0.0326  0.0326  0.0325  0.0326  0.0327  0.0325  0.0326  0.0325  0.0325
  0.0331  0.0329  0.0326  0.0328  0.0326  0.0328  0.0328  0.0332  0.0326  0.0329  0.0326  0.0326
  0.0337  0.0332  0.0328  0.0331  0.0329  0.0334  0.0332  0.0341  0.0328  0.0335  0.0328  0.0327
niter,ni,del,rscale     3    3    5.0000    0.6000
parameters
   -4.3485  -11.2968   28.4899  -15.9405  -24.1298  -11.0091
    0.9041   -5.6384   -1.0534   23.6801    6.8533  -27.3390
eta,q 0.96751 10.96943
  0.0333  0.0329  0.0328  0.0329  0.0328  0.0333  0.0330  0.0337  0.0328  0.0331  0.0327  0.0327
  0.0328  0.0327  0.0326  0.0327  0.0326  0.0329  0.0327  0.0330  0.0326  0.0328  0.0326  0.0326
  0.0326  0.0325  0.0325  0.0326  0.0325  0.0326  0.0326  0.0326  0.0325  0.0326  0.0325  0.0325
  0.0325  0.0325  0.0325  0.0325  0.0325  0.0325  0.0325  0.0325  0.0325  0.0325  0.0325  0.0325
  0.0326  0.0326  0.0325  0.0326  0.0325  0.0325  0.0326  0.0326  0.0325  0.0326  0.0325  0.0325
  0.0329  0.0327  0.0326  0.0327  0.0326  0.0328  0.0327  0.0331  0.0326  0.0328  0.0326  0.0325
  0.0333  0.0329  0.0328  0.0330  0.0328  0.0333  0.0330  0.0337  0.0327  0.0332  0.0327  0.0326
niter,ni,del,rscale     2    3    5.0000    0.5000
parameters
   -4.3641  -11.3171   28.5204  -16.0092  -24.1230  -10.8999
    0.8923   -5.6626   -1.0174   23.6585    6.8614  -27.2448
eta,q 0.96752 10.96837
  0.0330  0.0328  0.0327  0.0328  0.0327  0.0331  0.0329  0.0333  0.0327  0.0330  0.0326  0.0326
  0.0327  0.0326  0.0326  0.0326  0.0326  0.0328  0.0327  0.0329  0.0326  0.0327  0.0325  0.0325
  0.0326  0.0325  0.0325  0.0325  0.0325  0.0326  0.0325  0.0326  0.0325  0.0325  0.0325  0.0325
  0.0325  0.0325  0.0325  0.0325  0.0325  0.0325  0.0325  0.0325  0.0325  0.0325  0.0325  0.0325
  0.0326  0.0325  0.0325  0.0325  0.0325  0.0325  0.0325  0.0326  0.0325  0.0325  0.0325  0.0325
  0.0328  0.0326  0.0326  0.0327  0.0326  0.0327  0.0327  0.0329  0.0326  0.0327  0.0325  0.0325
  0.0331  0.0328  0.0327  0.0328  0.0327  0.0330  0.0329  0.0333  0.0327  0.0330  0.0326  0.0326
niter,ni,del,rscale     1    3    5.0000    0.4000
parameters
   -4.3727  -11.3340   28.5350  -16.0615  -24.1613  -10.8141
    0.8842   -5.6786   -1.0303   23.6552    6.8972  -27.1190
eta,q 0.96751 10.96440
  0.0328  0.0327  0.0326  0.0327  0.0326  0.0329  0.0327  0.0330  0.0326  0.0328  0.0326  0.0325
  0.0326  0.0326  0.0325  0.0326  0.0325  0.0327  0.0326  0.0327  0.0325  0.0326  0.0325  0.0325
  0.0325  0.0325  0.0325  0.0325  0.0325  0.0325  0.0325  0.0326  0.0325  0.0325  0.0325  0.0325
  0.0325  0.0325  0.0325  0.0325  0.0325  0.0325  0.0325  0.0325  0.0325  0.0325  0.0325  0.0325
  0.0325  0.0325  0.0325  0.0325  0.0325  0.0325  0.0325  0.0325  0.0325  0.0325  0.0325  0.0325
  0.0327  0.0326  0.0325  0.0326  0.0325  0.0326  0.0326  0.0327  0.0325  0.0326  0.0325  0.0325
  0.0329  0.0327  0.0326  0.0327  0.0326  0.0328  0.0327  0.0331  0.0326  0.0328  0.0326  0.0325
registration optimization eta report
parameter search radius
    0.8000    0.8000    0.8000    2.4000    2.4000    2.4000
    2.4000    2.4000    2.4000    2.4000    2.4000    2.4000
100000*second partial in parameter space
       57.       29.       21.        4.        2.        6.
        4.       10.        2.        5.        2.        1.
  0.0328  0.0327  0.0326  0.0327  0.0326  0.0329  0.0327  0.0330  0.0326  0.0328  0.0326  0.0325
  0.0326  0.0326  0.0325  0.0326  0.0325  0.0327  0.0326  0.0327  0.0325  0.0326  0.0325  0.0325
  0.0325  0.0325  0.0325  0.0325  0.0325  0.0325  0.0325  0.0326  0.0325  0.0325  0.0325  0.0325
  0.0325  0.0325  0.0325  0.0325  0.0325  0.0325  0.0325  0.0325  0.0325  0.0325  0.0325  0.0325
  0.0325  0.0325  0.0325  0.0325  0.0325  0.0325  0.0325  0.0325  0.0325  0.0325  0.0325  0.0325
  0.0327  0.0326  0.0325  0.0326  0.0325  0.0326  0.0326  0.0327  0.0325  0.0326  0.0325  0.0325
  0.0329  0.0327  0.0326  0.0327  0.0326  0.0328  0.0327  0.0331  0.0326  0.0328  0.0326  0.0325
   -4.3727  -11.3340   28.5350  -16.0615  -24.1613  -10.8141
    0.8842   -5.6786   -1.0303   23.6552    6.8972  -27.1190
eta,q 0.96751 10.96440

---------------------------------------------------------------------
imgreg_4dfp /opt/freesurfer/average/711-2C_as_mni_average_305 /opt/freesurfer/average/711-2B_as_mni_average_305_mask talsrcimg_g11 none talsrcimg_to_711-2C_as_mni_average_305_t4 2311
---------------------------------------------------------------------

freesurfer imgreg_4dfp.c
/opt/freesurfer/average/711-2C_as_mni_average_305.4dfp.img
       256       256       256         1
  1.000000  1.000000  1.000000
orientation T byte_order littleendian
Reading image: /opt/freesurfer/average/711-2C_as_mni_average_305.4dfp.img
dimensions:      256       256       256
mmppix:       1.0000   -1.0000   -1.0000
center:     128.0000 -129.0000 -129.0000
/opt/freesurfer/average/711-2B_as_mni_average_305_mask.4dfp.img
       256       256       256         1
  1.000000  1.000000  1.000000
orientation T byte_order littleendian
Reading mask: /opt/freesurfer/average/711-2B_as_mni_average_305_mask.4dfp.img (2306576 pixels)
talsrcimg_g11.4dfp.img
       256       256       256         1
  1.000000  1.000000  1.000000
orientation T byte_order littleendian
Reading image: talsrcimg_g11.4dfp.img
dimensions:      256       256       256
mmppix:       1.0000   -1.0000   -1.0000
center:     128.0000 -129.0000 -129.0000
fimgreg.f
image alignment mode   2311 decimal      907 hex
parameters
   -4.3727  -11.3340   28.5350  -16.0615  -24.1613  -10.8141
    0.8842   -5.6786   -1.0303   23.6552    6.8972  -27.1190
eta,q 0.96751 10.96439
niter,ni,del,rscale     5    3    5.0000    0.8000
parameters
   -4.3700  -11.2652   28.5682  -16.1375  -24.1739  -11.1707
    0.8419   -5.6025   -1.0445   23.5891    6.9061  -27.2094
eta,q 0.96750 10.94696
  0.0339  0.0333  0.0331  0.0333  0.0330  0.0336  0.0335  0.0346  0.0330  0.0336  0.0328  0.0328
  0.0331  0.0328  0.0327  0.0329  0.0327  0.0331  0.0329  0.0335  0.0327  0.0330  0.0327  0.0326
  0.0326  0.0326  0.0326  0.0326  0.0325  0.0326  0.0326  0.0328  0.0326  0.0326  0.0325  0.0325
  0.0325  0.0325  0.0325  0.0325  0.0325  0.0325  0.0325  0.0325  0.0325  0.0325  0.0325  0.0325
  0.0327  0.0326  0.0325  0.0326  0.0325  0.0326  0.0326  0.0327  0.0325  0.0326  0.0325  0.0325
  0.0331  0.0328  0.0327  0.0329  0.0327  0.0332  0.0330  0.0334  0.0327  0.0330  0.0326  0.0326
  0.0339  0.0331  0.0330  0.0333  0.0330  0.0342  0.0335  0.0345  0.0330  0.0337  0.0328  0.0328
niter,ni,del,rscale     4    3    5.0000    0.7000
parameters
   -4.3615  -11.2707   28.5507  -16.0054  -24.0581  -11.1050
    0.8826   -5.6252   -1.0302   23.6058    6.8610  -27.2542
eta,q 0.96751 10.96423
  0.0336  0.0331  0.0329  0.0331  0.0329  0.0335  0.0333  0.0341  0.0329  0.0334  0.0327  0.0327
  0.0330  0.0327  0.0327  0.0328  0.0327  0.0331  0.0328  0.0332  0.0327  0.0329  0.0326  0.0326
  0.0326  0.0325  0.0325  0.0326  0.0325  0.0327  0.0326  0.0327  0.0325  0.0326  0.0325  0.0325
  0.0325  0.0325  0.0325  0.0325  0.0325  0.0325  0.0325  0.0325  0.0325  0.0325  0.0325  0.0325
  0.0326  0.0326  0.0325  0.0326  0.0325  0.0325  0.0326  0.0327  0.0325  0.0326  0.0325  0.0325
  0.0330  0.0328  0.0327  0.0328  0.0326  0.0329  0.0328  0.0333  0.0326  0.0329  0.0326  0.0326
  0.0336  0.0330  0.0329  0.0331  0.0329  0.0336  0.0332  0.0341  0.0329  0.0334  0.0328  0.0327
niter,ni,del,rscale     3    3    5.0000    0.6000
parameters
   -4.3651  -11.2934   28.5275  -15.9649  -24.0400  -10.9930
    0.8837   -5.6517   -1.0142   23.6159    6.8714  -27.2072
eta,q 0.96751 10.97106
  0.0333  0.0329  0.0328  0.0330  0.0328  0.0333  0.0330  0.0337  0.0328  0.0332  0.0327  0.0326
  0.0328  0.0327  0.0326  0.0327  0.0326  0.0329  0.0327  0.0330  0.0326  0.0328  0.0326  0.0326
  0.0326  0.0325  0.0325  0.0326  0.0325  0.0326  0.0326  0.0326  0.0325  0.0326  0.0325  0.0325
  0.0325  0.0325  0.0325  0.0325  0.0325  0.0325  0.0325  0.0325  0.0325  0.0325  0.0325  0.0325
  0.0326  0.0326  0.0325  0.0326  0.0325  0.0325  0.0326  0.0326  0.0325  0.0326  0.0325  0.0325
  0.0329  0.0327  0.0326  0.0327  0.0326  0.0328  0.0327  0.0331  0.0326  0.0328  0.0326  0.0325
  0.0333  0.0329  0.0328  0.0329  0.0328  0.0333  0.0330  0.0337  0.0328  0.0332  0.0327  0.0326
niter,ni,del,rscale     2    3    5.0000    0.5000
parameters
   -4.3668  -11.3196   28.5333  -16.0145  -24.0600  -10.8979
    0.8833   -5.6661   -1.0046   23.6220    6.8720  -27.1577
eta,q 0.96751 10.97018
  0.0330  0.0328  0.0327  0.0328  0.0327  0.0331  0.0329  0.0333  0.0327  0.0330  0.0326  0.0326
  0.0327  0.0326  0.0326  0.0326  0.0326  0.0328  0.0327  0.0329  0.0326  0.0327  0.0325  0.0325
  0.0326  0.0325  0.0325  0.0325  0.0325  0.0326  0.0325  0.0326  0.0325  0.0325  0.0325  0.0325
  0.0325  0.0325  0.0325  0.0325  0.0325  0.0325  0.0325  0.0325  0.0325  0.0325  0.0325  0.0325
  0.0326  0.0325  0.0325  0.0325  0.0325  0.0325  0.0325  0.0326  0.0325  0.0325  0.0325  0.0325
  0.0327  0.0326  0.0326  0.0327  0.0326  0.0327  0.0327  0.0329  0.0326  0.0327  0.0325  0.0325
  0.0330  0.0328  0.0327  0.0328  0.0327  0.0330  0.0329  0.0333  0.0327  0.0330  0.0326  0.0326
niter,ni,del,rscale     1    3    5.0000    0.4000
parameters
   -4.3741  -11.3377   28.5515  -16.0553  -24.1021  -10.8250
    0.8672   -5.6846   -1.0232   23.6273    6.8808  -27.0786
eta,q 0.96751 10.96694
  0.0328  0.0327  0.0326  0.0327  0.0326  0.0329  0.0327  0.0330  0.0326  0.0328  0.0326  0.0326
  0.0326  0.0326  0.0325  0.0326  0.0325  0.0327  0.0326  0.0327  0.0325  0.0326  0.0325  0.0325
  0.0325  0.0325  0.0325  0.0325  0.0325  0.0325  0.0325  0.0325  0.0325  0.0325  0.0325  0.0325
  0.0325  0.0325  0.0325  0.0325  0.0325  0.0325  0.0325  0.0325  0.0325  0.0325  0.0325  0.0325
  0.0325  0.0325  0.0325  0.0325  0.0325  0.0325  0.0325  0.0325  0.0325  0.0325  0.0325  0.0325
  0.0327  0.0326  0.0325  0.0326  0.0325  0.0326  0.0326  0.0327  0.0325  0.0326  0.0325  0.0325
  0.0329  0.0327  0.0326  0.0327  0.0326  0.0328  0.0327  0.0331  0.0326  0.0328  0.0326  0.0325
registration optimization eta report
parameter search radius
    0.8000    0.8000    0.8000    2.4000    2.4000    2.4000
    2.4000    2.4000    2.4000    2.4000    2.4000    2.4000
100000*second partial in parameter space
       56.       28.       21.        4.        2.        7.
        4.       10.        2.        5.        2.        1.
  0.0328  0.0327  0.0326  0.0327  0.0326  0.0329  0.0327  0.0330  0.0326  0.0328  0.0326  0.0326
  0.0326  0.0326  0.0325  0.0326  0.0325  0.0327  0.0326  0.0327  0.0325  0.0326  0.0325  0.0325
  0.0325  0.0325  0.0325  0.0325  0.0325  0.0325  0.0325  0.0325  0.0325  0.0325  0.0325  0.0325
  0.0325  0.0325  0.0325  0.0325  0.0325  0.0325  0.0325  0.0325  0.0325  0.0325  0.0325  0.0325
  0.0325  0.0325  0.0325  0.0325  0.0325  0.0325  0.0325  0.0325  0.0325  0.0325  0.0325  0.0325
  0.0327  0.0326  0.0325  0.0326  0.0325  0.0326  0.0326  0.0327  0.0325  0.0326  0.0325  0.0325
  0.0329  0.0327  0.0326  0.0327  0.0326  0.0328  0.0327  0.0331  0.0326  0.0328  0.0326  0.0325
   -4.3741  -11.3377   28.5515  -16.0553  -24.1021  -10.8250
    0.8672   -5.6846   -1.0232   23.6273    6.8808  -27.0786
eta,q 0.96751 10.96694

---------------------------------------------------------------------
compute_vox2vox talsrcimg talsrcimg_to_711-2C_as_mni_average_305_t4 /opt/freesurfer/average/711-2C_as_mni_average_305
---------------------------------------------------------------------

freesurfer compute_vox2vox.c
Reading: talsrcimg.4dfp.ifh
Reading: talsrcimg_to_711-2C_as_mni_average_305_t4
Reading: /opt/freesurfer/average/711-2C_as_mni_average_305.4dfp.ifh
Writing: talsrcimg_to_711-2C_as_mni_average_305_t4_vox2vox.txt

start time Thu Mar 12 01:31:54 CET 2026
end		time Thu Mar 12 01:33:25 CET 2026

mpr2mni305 success

avi2talxfm orig_nu.mgz /opt/freesurfer/average/mni305.cor.mgz talsrcimg_to_711-2C_as_mni_average_305_t4_vox2vox.txt transforms/talairach.auto.xfm
avi2talxfm done
mv -f /out/sourcedata/freesurfer/sub-v1s10x0050986_ses-1/mri/talsrcimg_to_711-2C_as_mni_average_305_t4_vox2vox.txt /out/sourcedata/freesurfer/sub-v1s10x0050986_ses-1/mri/transforms/talsrcimg_to_711-2C_as_mni_average_305_t4_vox2vox.txt
lta_convert --src orig_nu.mgz --trg /opt/freesurfer/average/mni305.cor.mgz --inxfm transforms/talairach.auto.xfm --outlta transforms/talairach.auto.xfm.lta --subject fsaverage
7.3.2

--src: orig_nu.mgz src image (geometry).
--trg: /opt/freesurfer/average/mni305.cor.mgz trg image (geometry).
--inmni: transforms/talairach.auto.xfm input MNI/XFM transform.
--outlta: transforms/talairach.auto.xfm.lta output LTA.
--s: fsaverage subject name
 LTA read, type : 1
 1.18548   0.07232   0.01226   8.39629;
-0.07914   1.01971   0.36471  -13.12579;
 0.04062  -0.31646   1.20419   35.60518;
 0.00000   0.00000   0.00000   1.00000;
setting subject to fsaverage
Writing  LTA to file transforms/talairach.auto.xfm.lta...
lta_convert successful.
 
 
Started at Thu Mar 12 01:31:54 CET 2026
Ended   at Thu Mar 12 01:33:25 CET 2026
talairach_avi done
