status file for recon-all
Thu Mar 12 07:24:28 CET 2026
#@# Tessellate lh Thu Mar 12 07:24:28 CET 2026
#@# Smooth1 lh Thu Mar 12 07:24:32 CET 2026
#@# Inflation1 lh Thu Mar 12 07:24:34 CET 2026
#@# QSphere lh Thu Mar 12 07:24:44 CET 2026
#@# Fix Topology lh Thu Mar 12 07:25:37 CET 2026
#@# Smooth2 lh Thu Mar 12 07:30:25 CET 2026
#@# Inflation2 lh Thu Mar 12 07:30:27 CET 2026
#@# Curv .H and .K lh Thu Mar 12 07:30:38 CET 2026
#@# Sphere lh Thu Mar 12 07:31:14 CET 2026
#@# Surf Reg lh Thu Mar 12 07:33:03 CET 2026
#@# Jacobian white lh Thu Mar 12 07:35:26 CET 2026
#@# AvgCurv lh Thu Mar 12 07:35:27 CET 2026
#@# Cortical Parc lh Thu Mar 12 07:35:28 CET 2026
#@# white curv lh Thu Mar 12 07:40:29 CET 2026
#@# white area lh Thu Mar 12 07:40:31 CET 2026
#@# pial curv lh Thu Mar 12 07:40:32 CET 2026
#@# pial area lh Thu Mar 12 07:40:33 CET 2026
#@# thickness lh Thu Mar 12 07:40:34 CET 2026
#@# area and vertex vol lh Thu Mar 12 07:40:57 CET 2026
#@# Curvature Stats lh Thu Mar 12 07:40:58 CET 2026
#@# Cortical Parc 2 lh Thu Mar 12 07:41:00 CET 2026
#@# Cortical Parc 3 lh Thu Mar 12 07:41:11 CET 2026
#@# WM/GM Contrast lh Thu Mar 12 07:41:20 CET 2026
recon-all -s sub-v1s10x0051062_ses-1 finished without error at Thu Mar 12 07:41:24 CET 2026



#New# invocation of recon-all 



status file for recon-all
Thu Mar 12 08:01:49 CET 2026
#@# white curv lh Thu Mar 12 08:01:49 CET 2026
#@# white area lh Thu Mar 12 08:01:49 CET 2026
#@# pial curv lh Thu Mar 12 08:01:49 CET 2026
#@# pial area lh Thu Mar 12 08:01:49 CET 2026
#@# thickness lh Thu Mar 12 08:01:49 CET 2026
#@# area and vertex vol lh Thu Mar 12 08:01:49 CET 2026
#@# Parcellation Stats lh Thu Mar 12 08:01:49 CET 2026
#@# Parcellation Stats 2 lh Thu Mar 12 08:02:02 CET 2026
#@# Parcellation Stats 3 lh Thu Mar 12 08:02:09 CET 2026
#@# BA_exvivo Labels lh Thu Mar 12 08:02:16 CET 2026
recon-all -s sub-v1s10x0051062_ses-1 finished without error at Thu Mar 12 08:04:41 CET 2026
