status file for recon-all
Thu Mar 12 05:20:49 CET 2026
#@# MotionCor Thu Mar 12 05:20:50 CET 2026
#@# Talairach Thu Mar 12 05:20:55 CET 2026
#@# Talairach Failure Detection Thu Mar 12 05:23:45 CET 2026
#@# Nu Intensity Correction Thu Mar 12 05:23:45 CET 2026
#@# Intensity Normalization Thu Mar 12 05:26:31 CET 2026
recon-all -s sub-v1s10x0051053_ses-1 finished without error at Thu Mar 12 05:27:29 CET 2026



#New# invocation of recon-all 



status file for recon-all
Thu Mar 12 05:33:40 CET 2026
#@# EM Registration Thu Mar 12 05:33:40 CET 2026
recon-all -s sub-v1s10x0051053_ses-1 finished without error at Thu Mar 12 05:35:17 CET 2026



#New# invocation of recon-all 



status file for recon-all
Thu Mar 12 05:35:21 CET 2026
#@# CA Normalize Thu Mar 12 05:35:21 CET 2026
#@# CA Reg Thu Mar 12 05:36:14 CET 2026
#@# SubCort Seg Thu Mar 12 06:19:03 CET 2026
#@# CC Seg Thu Mar 12 06:39:00 CET 2026
#@# Merge ASeg Thu Mar 12 06:39:23 CET 2026
#@# Intensity Normalization2 Thu Mar 12 06:39:23 CET 2026
#@# Mask BFS Thu Mar 12 06:40:49 CET 2026
#@# WM Segmentation Thu Mar 12 06:40:50 CET 2026
#@# Fill Thu Mar 12 06:42:20 CET 2026
recon-all -s sub-v1s10x0051053_ses-1 finished without error at Thu Mar 12 06:42:57 CET 2026



#New# invocation of recon-all 



status file for recon-all
Thu Mar 12 07:40:34 CET 2026
#@# white curv lh Thu Mar 12 07:40:34 CET 2026
#@# white area lh Thu Mar 12 07:40:34 CET 2026
#@# pial curv lh Thu Mar 12 07:40:34 CET 2026
#@# pial area lh Thu Mar 12 07:40:34 CET 2026
#@# thickness lh Thu Mar 12 07:40:34 CET 2026
#@# area and vertex vol lh Thu Mar 12 07:40:34 CET 2026
#@# white curv rh Thu Mar 12 07:40:34 CET 2026
#@# white area rh Thu Mar 12 07:40:34 CET 2026
#@# pial curv rh Thu Mar 12 07:40:34 CET 2026
#@# pial area rh Thu Mar 12 07:40:34 CET 2026
#@# thickness rh Thu Mar 12 07:40:34 CET 2026
#@# area and vertex vol rh Thu Mar 12 07:40:34 CET 2026
#@# Cortical ribbon mask Thu Mar 12 07:40:34 CET 2026
recon-all -s sub-v1s10x0051053_ses-1 finished without error at Thu Mar 12 07:44:18 CET 2026



#New# invocation of recon-all 



status file for recon-all
Thu Mar 12 07:49:41 CET 2026
#@# white curv lh Thu Mar 12 07:49:41 CET 2026
#@# white area lh Thu Mar 12 07:49:41 CET 2026
#@# pial curv lh Thu Mar 12 07:49:41 CET 2026
#@# pial area lh Thu Mar 12 07:49:41 CET 2026
#@# thickness lh Thu Mar 12 07:49:41 CET 2026
#@# area and vertex vol lh Thu Mar 12 07:49:41 CET 2026
#@# white curv rh Thu Mar 12 07:49:41 CET 2026
#@# white area rh Thu Mar 12 07:49:41 CET 2026
#@# pial curv rh Thu Mar 12 07:49:41 CET 2026
#@# pial area rh Thu Mar 12 07:49:41 CET 2026
#@# thickness rh Thu Mar 12 07:49:41 CET 2026
#@# area and vertex vol rh Thu Mar 12 07:49:41 CET 2026
#@# Curvature Stats lh Thu Mar 12 07:49:41 CET 2026
#@# Curvature Stats rh Thu Mar 12 07:49:43 CET 2026
#@# Relabel Hypointensities Thu Mar 12 07:49:45 CET 2026
#@# APas-to-ASeg Thu Mar 12 07:49:55 CET 2026
#@# AParc-to-ASeg aparc Thu Mar 12 07:50:02 CET 2026
#@# AParc-to-ASeg aparc.a2009s Thu Mar 12 07:50:28 CET 2026
#@# AParc-to-ASeg aparc.DKTatlas Thu Mar 12 07:50:54 CET 2026
#@# WMParc Thu Mar 12 07:51:19 CET 2026
#@# ASeg Stats Thu Mar 12 07:53:02 CET 2026
recon-all -s sub-v1s10x0051053_ses-1 finished without error at Thu Mar 12 07:53:25 CET 2026
