status file for recon-all
Thu Mar 12 06:43:02 CET 2026
#@# Tessellate lh Thu Mar 12 06:43:02 CET 2026
#@# Smooth1 lh Thu Mar 12 06:43:05 CET 2026
#@# Inflation1 lh Thu Mar 12 06:43:07 CET 2026
#@# QSphere lh Thu Mar 12 06:43:19 CET 2026
#@# Fix Topology lh Thu Mar 12 06:44:56 CET 2026
#@# Smooth2 lh Thu Mar 12 06:50:15 CET 2026
#@# Inflation2 lh Thu Mar 12 06:50:17 CET 2026
#@# Curv .H and .K lh Thu Mar 12 06:50:32 CET 2026
#@# Sphere lh Thu Mar 12 06:51:10 CET 2026
#@# Surf Reg lh Thu Mar 12 06:58:18 CET 2026
#@# Jacobian white lh Thu Mar 12 07:08:43 CET 2026
#@# AvgCurv lh Thu Mar 12 07:08:44 CET 2026
#@# Cortical Parc lh Thu Mar 12 07:08:45 CET 2026
#@# white curv lh Thu Mar 12 07:14:27 CET 2026
#@# white area lh Thu Mar 12 07:14:28 CET 2026
#@# pial curv lh Thu Mar 12 07:14:29 CET 2026
#@# pial area lh Thu Mar 12 07:14:30 CET 2026
#@# thickness lh Thu Mar 12 07:14:31 CET 2026
#@# area and vertex vol lh Thu Mar 12 07:14:50 CET 2026
#@# Curvature Stats lh Thu Mar 12 07:14:52 CET 2026
#@# Cortical Parc 2 lh Thu Mar 12 07:14:54 CET 2026
#@# Cortical Parc 3 lh Thu Mar 12 07:15:04 CET 2026
#@# WM/GM Contrast lh Thu Mar 12 07:15:11 CET 2026
recon-all -s sub-v1s10x0051053_ses-1 finished without error at Thu Mar 12 07:15:14 CET 2026



#New# invocation of recon-all 



status file for recon-all
Thu Mar 12 07:44:24 CET 2026
#@# white curv lh Thu Mar 12 07:44:24 CET 2026
#@# white area lh Thu Mar 12 07:44:24 CET 2026
#@# pial curv lh Thu Mar 12 07:44:24 CET 2026
#@# pial area lh Thu Mar 12 07:44:24 CET 2026
#@# thickness lh Thu Mar 12 07:44:24 CET 2026
#@# area and vertex vol lh Thu Mar 12 07:44:24 CET 2026
#@# Parcellation Stats lh Thu Mar 12 07:44:24 CET 2026
#@# Parcellation Stats 2 lh Thu Mar 12 07:44:40 CET 2026
#@# Parcellation Stats 3 lh Thu Mar 12 07:44:48 CET 2026
#@# BA_exvivo Labels lh Thu Mar 12 07:44:56 CET 2026
recon-all -s sub-v1s10x0051053_ses-1 finished without error at Thu Mar 12 07:47:01 CET 2026
