status file for recon-all
Thu Mar 12 05:11:12 CET 2026
#@# MotionCor Thu Mar 12 05:11:13 CET 2026
#@# Talairach Thu Mar 12 05:11:23 CET 2026
#@# Talairach Failure Detection Thu Mar 12 05:15:50 CET 2026
#@# Nu Intensity Correction Thu Mar 12 05:15:50 CET 2026
#@# Intensity Normalization Thu Mar 12 05:19:07 CET 2026
recon-all -s sub-v1s10x0051048_ses-1 finished without error at Thu Mar 12 05:20:29 CET 2026



#New# invocation of recon-all 



status file for recon-all
Thu Mar 12 05:27:49 CET 2026
#@# EM Registration Thu Mar 12 05:27:50 CET 2026
recon-all -s sub-v1s10x0051048_ses-1 finished without error at Thu Mar 12 05:30:29 CET 2026



#New# invocation of recon-all 



status file for recon-all
Thu Mar 12 05:30:31 CET 2026
#@# CA Normalize Thu Mar 12 05:30:32 CET 2026
#@# CA Reg Thu Mar 12 05:31:54 CET 2026
#@# SubCort Seg Thu Mar 12 06:25:19 CET 2026
#@# CC Seg Thu Mar 12 06:53:31 CET 2026
#@# Merge ASeg Thu Mar 12 06:54:11 CET 2026
#@# Intensity Normalization2 Thu Mar 12 06:54:11 CET 2026
#@# Mask BFS Thu Mar 12 06:56:24 CET 2026
#@# WM Segmentation Thu Mar 12 06:56:25 CET 2026
#@# Fill Thu Mar 12 06:58:24 CET 2026
recon-all -s sub-v1s10x0051048_ses-1 finished without error at Thu Mar 12 06:59:29 CET 2026



#New# invocation of recon-all 



status file for recon-all
Thu Mar 12 08:18:32 CET 2026
#@# white curv lh Thu Mar 12 08:18:32 CET 2026
#@# white area lh Thu Mar 12 08:18:32 CET 2026
#@# pial curv lh Thu Mar 12 08:18:32 CET 2026
#@# pial area lh Thu Mar 12 08:18:32 CET 2026
#@# thickness lh Thu Mar 12 08:18:32 CET 2026
#@# area and vertex vol lh Thu Mar 12 08:18:32 CET 2026
#@# white curv rh Thu Mar 12 08:18:32 CET 2026
#@# white area rh Thu Mar 12 08:18:32 CET 2026
#@# pial curv rh Thu Mar 12 08:18:32 CET 2026
#@# pial area rh Thu Mar 12 08:18:32 CET 2026
#@# thickness rh Thu Mar 12 08:18:32 CET 2026
#@# area and vertex vol rh Thu Mar 12 08:18:32 CET 2026
#@# Cortical ribbon mask Thu Mar 12 08:18:32 CET 2026
recon-all -s sub-v1s10x0051048_ses-1 finished without error at Thu Mar 12 08:24:20 CET 2026



#New# invocation of recon-all 



status file for recon-all
Thu Mar 12 08:32:06 CET 2026
#@# white curv lh Thu Mar 12 08:32:06 CET 2026
#@# white area lh Thu Mar 12 08:32:06 CET 2026
#@# pial curv lh Thu Mar 12 08:32:06 CET 2026
#@# pial area lh Thu Mar 12 08:32:06 CET 2026
#@# thickness lh Thu Mar 12 08:32:06 CET 2026
#@# area and vertex vol lh Thu Mar 12 08:32:06 CET 2026
#@# white curv rh Thu Mar 12 08:32:06 CET 2026
#@# white area rh Thu Mar 12 08:32:06 CET 2026
#@# pial curv rh Thu Mar 12 08:32:07 CET 2026
#@# pial area rh Thu Mar 12 08:32:07 CET 2026
#@# thickness rh Thu Mar 12 08:32:07 CET 2026
#@# area and vertex vol rh Thu Mar 12 08:32:07 CET 2026
#@# Curvature Stats lh Thu Mar 12 08:32:07 CET 2026
#@# Curvature Stats rh Thu Mar 12 08:32:10 CET 2026
#@# Relabel Hypointensities Thu Mar 12 08:32:12 CET 2026
#@# APas-to-ASeg Thu Mar 12 08:32:30 CET 2026
#@# AParc-to-ASeg aparc Thu Mar 12 08:32:39 CET 2026
#@# AParc-to-ASeg aparc.a2009s Thu Mar 12 08:33:27 CET 2026
#@# AParc-to-ASeg aparc.DKTatlas Thu Mar 12 08:34:16 CET 2026
#@# WMParc Thu Mar 12 08:35:05 CET 2026
#@# ASeg Stats Thu Mar 12 08:38:41 CET 2026
recon-all -s sub-v1s10x0051048_ses-1 finished without error at Thu Mar 12 08:39:25 CET 2026
