status file for recon-all
Thu Mar 12 07:36:50 CET 2026
#@# Tessellate rh Thu Mar 12 07:36:50 CET 2026
#@# Smooth1 rh Thu Mar 12 07:36:55 CET 2026
#@# Inflation1 rh Thu Mar 12 07:36:58 CET 2026
#@# QSphere rh Thu Mar 12 07:37:13 CET 2026
#@# Fix Topology rh Thu Mar 12 07:38:41 CET 2026
#@# Smooth2 rh Thu Mar 12 08:01:37 CET 2026
#@# Inflation2 rh Thu Mar 12 08:01:40 CET 2026
#@# Curv .H and .K rh Thu Mar 12 08:01:56 CET 2026
#@# Sphere rh Thu Mar 12 08:02:47 CET 2026
#@# Surf Reg rh Thu Mar 12 08:05:37 CET 2026
#@# Jacobian white rh Thu Mar 12 08:10:20 CET 2026
#@# AvgCurv rh Thu Mar 12 08:10:21 CET 2026
#@# Cortical Parc rh Thu Mar 12 08:10:22 CET 2026
#@# white curv rh Thu Mar 12 08:17:13 CET 2026
#@# white area rh Thu Mar 12 08:17:16 CET 2026
#@# pial curv rh Thu Mar 12 08:17:16 CET 2026
#@# pial area rh Thu Mar 12 08:17:18 CET 2026
#@# thickness rh Thu Mar 12 08:17:19 CET 2026
#@# area and vertex vol rh Thu Mar 12 08:17:53 CET 2026
#@# Curvature Stats rh Thu Mar 12 08:17:55 CET 2026
#@# Cortical Parc 2 rh Thu Mar 12 08:17:57 CET 2026
#@# Cortical Parc 3 rh Thu Mar 12 08:18:11 CET 2026
#@# WM/GM Contrast rh Thu Mar 12 08:18:21 CET 2026
recon-all -s sub-v1s10x0051048_ses-1 finished without error at Thu Mar 12 08:18:26 CET 2026



#New# invocation of recon-all 



status file for recon-all
Thu Mar 12 08:28:16 CET 2026
#@# white curv rh Thu Mar 12 08:28:16 CET 2026
#@# white area rh Thu Mar 12 08:28:16 CET 2026
#@# pial curv rh Thu Mar 12 08:28:16 CET 2026
#@# pial area rh Thu Mar 12 08:28:16 CET 2026
#@# thickness rh Thu Mar 12 08:28:16 CET 2026
#@# area and vertex vol rh Thu Mar 12 08:28:16 CET 2026
#@# Parcellation Stats rh Thu Mar 12 08:28:16 CET 2026
#@# Parcellation Stats 2 rh Thu Mar 12 08:28:41 CET 2026
#@# Parcellation Stats 3 rh Thu Mar 12 08:28:52 CET 2026
#@# BA_exvivo Labels rh Thu Mar 12 08:29:02 CET 2026
recon-all -s sub-v1s10x0051048_ses-1 finished without error at Thu Mar 12 08:32:03 CET 2026
