/out/sourcedata/freesurfer/sub-v1s10x0051069_ses-1/mri
/opt/freesurfer/bin/talairach_avi
--i orig_nu.mgz --xfm transforms/talairach.auto.xfm
talairach_avi 7.3.2
Linux dna003 5.14.0-427.37.1.el9_4.x86_64 #1 SMP PREEMPT_DYNAMIC Fri Sep 13 12:41:50 EDT 2024 x86_64 x86_64 x86_64 GNU/Linux
Thu Mar 12 05:54:15 CET 2026
mri_convert orig_nu.mgz talsrcimg.img 
reading from orig_nu.mgz...
TR=0.00, TE=0.00, TI=0.00, flip angle=0.00
i_ras = (-1, 0, 0)
j_ras = (0, 0, -1)
k_ras = (0, 1, 0)
writing to talsrcimg.img...
Analyze Output Matrix
-1.00000   0.00000   0.00000   129.66513;
 0.00000   0.00000   1.00000  -128.00000;
 0.00000  -1.00000   0.00000   130.00000;
 0.00000   0.00000   0.00000   1.00000;
--------------------
INFO: set hdr.hist.orient to -1
mpr2mni305 talsrcimg
Thu Mar 12 05:54:15 CET 2026
/opt/freesurfer/bin/mpr2mni305 talsrcimg
mpr2mni305 7.3.2
target=711-2C_as_mni_average_305

---------------------------------------------------------------------
analyzeto4dfp talsrcimg -O0 -y
---------------------------------------------------------------------

freesurfer ifh2hdr.c
Thu Mar 12 05:54:15 2026
Writing: talsrcimg.4dfp.hdr
freesurfer analyzeto4dfp.c
Reading: talsrcimg.hdr
header size 348 bytes
hdr.dime.datatype	offset=70	value=2
hdr.dime.bitpix		offset=72	value=8
hdr.hist.orient		offset=252	value=-1
dimensionality     4
dimensions       256       256       256         1
Reading: talsrcimg.img
Writing: talsrcimg.4dfp.img
Writing: talsrcimg.4dfp.ifh
ifh2hdr talsrcimg -r0to216
ori=2

---------------------------------------------------------------------
gauss_4dfp talsrcimg 1.1
---------------------------------------------------------------------

freesurfer gauss_4dfp.c
Reading: talsrcimg.4dfp.img
Writing: talsrcimg_g11.4dfp.img
image dimensions 256 256 256 padded to 288 288 288
processing volume 1freesurfer ifh2hdr.c
Thu Mar 12 05:54:17 2026
Writing: talsrcimg_g11.4dfp.hdr

Writing: talsrcimg_g11.4dfp.ifh
including: talsrcimg.4dfp.img.rec in talsrcimg_g11.4dfp.img.rec

---------------------------------------------------------------------
imgreg_4dfp /opt/freesurfer/average/711-2C_as_mni_average_305 none talsrcimg_g11 none talsrcimg_to_711-2C_as_mni_average_305_t4 4355
---------------------------------------------------------------------

freesurfer imgreg_4dfp.c
/opt/freesurfer/average/711-2C_as_mni_average_305.4dfp.img
       256       256       256         1
  1.000000  1.000000  1.000000
orientation T byte_order littleendian
Reading image: /opt/freesurfer/average/711-2C_as_mni_average_305.4dfp.img
dimensions:      256       256       256
mmppix:       1.0000   -1.0000   -1.0000
center:     128.0000 -129.0000 -129.0000
talsrcimg_g11.4dfp.img
       256       256       256         1
  1.000000  1.000000  1.000000
orientation T byte_order littleendian
Reading image: talsrcimg_g11.4dfp.img
dimensions:      256       256       256
mmppix:       1.0000   -1.0000   -1.0000
center:     128.0000 -129.0000 -129.0000
t4_read: open error in t4_sub.f l:  41 t4_file(1:l)talsrcimg_to_711-2C_as_mni_average_305_t4 
t4_read: transform initialized to I4
rotation matrix determinant  1.000000
image alignment mode   4355 decimal     1103 hex
   -7.5000  -45.0000  -45.0000 7683.0732   18.7469
    0.0000  -45.0000  -45.0000 7977.2754   18.7635
    7.5000  -45.0000  -45.0000 7628.8091   18.7940
   -7.5000  -37.5000  -45.0000 8116.0430   18.7268
    0.0000  -37.5000  -45.0000 8410.5117   18.7518
    7.5000  -37.5000  -45.0000 8046.9058   18.7823
   -7.5000  -30.0000  -45.0000 8784.6621   18.7234
    0.0000  -30.0000  -45.0000 9110.9658   18.7557
    7.5000  -30.0000  -45.0000 8711.0977   18.7883
   -7.5000  -22.5000  -45.0000 9405.3154   18.7371
    0.0000  -22.5000  -45.0000 9762.2207   18.7681
    7.5000  -22.5000  -45.0000 9323.3477   18.8033
   -7.5000  -15.0000  -45.0000 9953.6143   18.7528
    0.0000  -15.0000  -45.000010342.0742   18.7782
    7.5000  -15.0000  -45.0000 9912.0742   18.8139
   -7.5000   -7.5000  -45.000010446.8809   18.7486
    0.0000   -7.5000  -45.000010850.8867   18.7669
    7.5000   -7.5000  -45.000010412.4824   18.7998
   -7.5000    0.0000  -45.000010845.9443   18.7360
    0.0000    0.0000  -45.000011297.2510   18.7526
    7.5000    0.0000  -45.000010838.0625   18.7831
   -7.5000    7.5000  -45.000010454.7461   18.7266
    0.0000    7.5000  -45.000010860.0303   18.7516
    7.5000    7.5000  -45.000010428.9102   18.7821
   -7.5000   15.0000  -45.0000 9891.5283   18.7234
    0.0000   15.0000  -45.000010253.7227   18.7557
    7.5000   15.0000  -45.0000 9846.8926   18.7883
   -7.5000   22.5000  -45.0000 9193.6914   18.7345
    0.0000   22.5000  -45.0000 9531.0654   18.7655
    7.5000   22.5000  -45.0000 9147.7090   18.8007
   -7.5000   30.0000  -45.0000 8476.1270   18.5029
    0.0000   30.0000  -45.0000 8795.9688   18.5280
    7.5000   30.0000  -45.0000 8433.4150   18.5631
   -7.5000   37.5000  -45.0000 8053.0229   18.4988
    0.0000   37.5000  -45.0000 8354.1885   18.5168
    7.5000   37.5000  -45.0000 7998.7144   18.5493
   -7.5000   45.0000  -45.0000 7314.4893   18.0182
    0.0000   45.0000  -45.0000 7573.4800   18.0342
    7.5000   45.0000  -45.0000 7254.9434   18.0634
   -7.5000  -45.0000  -37.5000 8254.3662   18.4757
    0.0000  -45.0000  -37.5000 8579.0156   18.4967
    7.5000  -45.0000  -37.5000 8193.3389   18.5394
   -7.5000  -37.5000  -37.5000 8707.6250   18.4623
    0.0000  -37.5000  -37.5000 9037.3115   18.4871
    7.5000  -37.5000  -37.5000 8615.9609   18.5270
   -7.5000  -30.0000  -37.5000 9406.7129   18.4625
    0.0000  -30.0000  -37.5000 9738.7285   18.4937
    7.5000  -30.0000  -37.5000 9309.4531   18.5338
   -7.5000  -22.5000  -37.500010031.1240   18.4713
    0.0000  -22.5000  -37.500010414.3330   18.5048
    7.5000  -22.5000  -37.5000 9946.8525   18.5479
   -7.5000  -15.0000  -37.500010618.8369   18.4787
    0.0000  -15.0000  -37.500011013.9346   18.5108
    7.5000  -15.0000  -37.500010558.5195   18.5567
   -7.5000   -7.5000  -37.500011128.4365   18.4720
    0.0000   -7.5000  -37.500011545.9961   18.4979
    7.5000   -7.5000  -37.500011088.4971   18.5436
   -7.5000    0.0000  -37.500011564.5215   18.4642
    0.0000    0.0000  -37.500012018.9443   18.4852
    7.5000    0.0000  -37.500011537.2842   18.5279
   -7.5000    7.5000  -37.500011125.5459   18.4621
    0.0000    7.5000  -37.500011548.7998   18.4869
    7.5000    7.5000  -37.500011091.6338   18.5268
   -7.5000   15.0000  -37.500010526.8203   18.4625
    0.0000   15.0000  -37.500010913.3184   18.4937
    7.5000   15.0000  -37.500010479.5723   18.5338
   -7.5000   22.5000  -37.5000 9771.1670   18.4687
    0.0000   22.5000  -37.500010105.3096   18.5023
    7.5000   22.5000  -37.5000 9695.0000   18.5453
   -7.5000   30.0000  -37.5000 8984.8135   18.2324
    0.0000   30.0000  -37.5000 9282.4824   18.2641
    7.5000   30.0000  -37.5000 8908.1680   18.3094
   -7.5000   37.5000  -37.5000 8507.9199   18.2258
    0.0000   37.5000  -37.5000 8799.3164   18.2514
    7.5000   37.5000  -37.5000 8453.7930   18.2965
   -7.5000   45.0000  -37.5000 7704.8521   17.7568
    0.0000   45.0000  -37.5000 7964.4448   17.7769
    7.5000   45.0000  -37.5000 7643.3643   17.8180
   -7.5000  -45.0000  -30.0000 9011.8213   19.0883
    0.0000  -45.0000  -30.0000 9363.6592   19.1152
    7.5000  -45.0000  -30.0000 8933.3818   19.1644
   -7.5000  -37.5000  -30.0000 9467.6230   19.0789
    0.0000  -37.5000  -30.0000 9832.5596   19.1084
    7.5000  -37.5000  -30.0000 9373.6523   19.1548
   -7.5000  -30.0000  -30.000010190.9092   19.0814
    0.0000  -30.0000  -30.000010585.4043   19.1177
    7.5000  -30.0000  -30.000010099.7432   19.1648
   -7.5000  -22.5000  -30.000010846.5322   19.0869
    0.0000  -22.5000  -30.000011297.0439   19.1261
    7.5000  -22.5000  -30.000010786.1387   19.1756
   -7.5000  -15.0000  -30.000011491.6807   19.0882
    0.0000  -15.0000  -30.000011928.2393   19.1266
    7.5000  -15.0000  -30.000011412.0049   19.1788
   -7.5000   -7.5000  -30.000012029.0371   19.0800
    0.0000   -7.5000  -30.000012490.2080   19.1127
    7.5000   -7.5000  -30.000011970.3682   19.1654
   -7.5000    0.0000  -30.000012503.6396   19.0759
    0.0000    0.0000  -30.000012985.7725   19.1027
    7.5000    0.0000  -30.000012450.9668   19.1519
   -7.5000    7.5000  -30.000012005.6045   19.0786
    0.0000    7.5000  -30.000012459.7686   19.1081
    7.5000    7.5000  -30.000011946.4229   19.1546
   -7.5000   15.0000  -30.000011324.1973   19.0814
    0.0000   15.0000  -30.000011742.1221   19.1177
    7.5000   15.0000  -30.000011261.1172   19.1648
   -7.5000   22.5000  -30.000010487.9727   19.0823
    0.0000   22.5000  -30.000010845.1055   19.1215
    7.5000   22.5000  -30.000010407.8506   19.1710
   -7.5000   30.0000  -30.0000 9608.4805   18.8356
    0.0000   30.0000  -30.0000 9944.3262   18.8735
    7.5000   30.0000  -30.0000 9552.0176   18.9250
   -7.5000   37.5000  -30.0000 9085.2764   18.8275
    0.0000   37.5000  -30.0000 9419.5635   18.8598
    7.5000   37.5000  -30.0000 9057.0664   18.9118
   -7.5000   45.0000  -30.0000 8227.8936   18.3585
    0.0000   45.0000  -30.0000 8500.9277   18.3843
    7.5000   45.0000  -30.0000 8182.4854   18.4316
   -7.5000  -45.0000  -22.5000 9789.4375   19.7337
    0.0000  -45.0000  -22.500010168.6455   19.7620
    7.5000  -45.0000  -22.5000 9701.4805   19.8043
   -7.5000  -37.5000  -22.500010265.7588   19.7210
    0.0000  -37.5000  -22.500010682.0908   19.7535
    7.5000  -37.5000  -22.500010177.7539   19.7956
   -7.5000  -30.0000  -22.500011047.7939   19.7258
    0.0000  -30.0000  -22.500011522.5410   19.7650
    7.5000  -30.0000  -22.500010976.2100   19.8102
   -7.5000  -22.5000  -22.500011760.6670   19.7362
    0.0000  -22.5000  -22.500012274.7354   19.7765
    7.5000  -22.5000  -22.500011686.2871   19.8233
   -7.5000  -15.0000  -22.500012427.5312   19.7403
    0.0000  -15.0000  -22.500012944.0840   19.7785
    7.5000  -15.0000  -22.500012336.0898   19.8256
   -7.5000   -7.5000  -22.500012996.8789   19.7301
    0.0000   -7.5000  -22.500013530.5557   19.7631
    7.5000   -7.5000  -22.500012917.4033   19.8088
   -7.5000    0.0000  -22.500013486.0898   19.7209
    0.0000    0.0000  -22.500014020.8252   19.7492
    7.5000    0.0000  -22.500013401.9600   19.7916
   -7.5000    7.5000  -22.500012935.1367   19.7208
    0.0000    7.5000  -22.500013435.4629   19.7532
    7.5000    7.5000  -22.500012842.9004   19.7953
   -7.5000   15.0000  -22.500012177.7832   19.7258
    0.0000   15.0000  -22.500012661.9023   19.7650
    7.5000   15.0000  -22.500012103.3848   19.8102
   -7.5000   22.5000  -22.500011235.6836   19.7301
    0.0000   22.5000  -22.500011652.0479   19.7704
    7.5000   22.5000  -22.500011152.3281   19.8172
   -7.5000   30.0000  -22.500010292.8252   19.4821
    0.0000   30.0000  -22.500010659.6211   19.5198
    7.5000   30.0000  -22.500010221.4121   19.5663
   -7.5000   37.5000  -22.5000 9726.6689   19.4720
    0.0000   37.5000  -22.500010085.2861   19.5046
    7.5000   37.5000  -22.5000 9680.3662   19.5497
   -7.5000   45.0000  -22.5000 8778.7979   18.9935
    0.0000   45.0000  -22.5000 9088.2070   19.0208
    7.5000   45.0000  -22.5000 8724.9209   19.0615
   -7.5000  -45.0000  -15.000010587.4893   20.2198
    0.0000  -45.0000  -15.000011015.2305   20.2445
    7.5000  -45.0000  -15.000010498.0098   20.2750
   -7.5000  -37.5000  -15.000011105.1650   20.1996
    0.0000  -37.5000  -15.000011580.1201   20.2314
    7.5000  -37.5000  -15.000011016.2412   20.2648
   -7.5000  -30.0000  -15.000011949.6191   20.2031
    0.0000  -30.0000  -15.000012479.6406   20.2416
    7.5000  -30.0000  -15.000011872.8623   20.2793
   -7.5000  -22.5000  -15.000012720.0732   20.2201
    0.0000  -22.5000  -15.000013311.3711   20.2564
    7.5000  -22.5000  -15.000012638.4805   20.2946
   -7.5000  -15.0000  -15.000013395.6328   20.2324
    0.0000  -15.0000  -15.000014001.5557   20.2641
    7.5000  -15.0000  -15.000013311.8701   20.3002
   -7.5000   -7.5000  -15.000013994.7021   20.2230
    0.0000   -7.5000  -15.000014618.7686   20.2496
    7.5000   -7.5000  -15.000013891.6514   20.2824
   -7.5000    0.0000  -15.000014490.4434   20.2068
    0.0000    0.0000  -15.000015099.7373   20.2315
    7.5000    0.0000  -15.000014372.6719   20.2621
   -7.5000    7.5000  -15.000013871.6064   20.1994
    0.0000    7.5000  -15.000014463.6768   20.2312
    7.5000    7.5000  -15.000013789.2852   20.2646
   -7.5000   15.0000  -15.000013057.4590   20.2031
    0.0000   15.0000  -15.000013623.9639   20.2416
    7.5000   15.0000  -15.000012964.8662   20.2793
   -7.5000   22.5000  -15.000012025.7461   20.2129
    0.0000   22.5000  -15.000012545.2559   20.2493
    7.5000   22.5000  -15.000011964.9678   20.2874
   -7.5000   30.0000  -15.000010992.1758   19.9706
    0.0000   30.0000  -15.000011434.4102   20.0018
    7.5000   30.0000  -15.000010929.3301   20.0374
   -7.5000   37.5000  -15.000010374.9434   19.9612
    0.0000   37.5000  -15.000010766.1689   19.9875
    7.5000   37.5000  -15.000010330.7676   20.0199
   -7.5000   45.0000  -15.0000 9349.8320   19.4732
    0.0000   45.0000  -15.0000 9687.2295   19.4970
    7.5000   45.0000  -15.0000 9284.4980   19.5264
   -7.5000  -45.0000   -7.500011447.4043   20.4500
    0.0000  -45.0000   -7.500011937.3447   20.4700
    7.5000  -45.0000   -7.500011372.4150   20.4964
   -7.5000  -37.5000   -7.500011999.1250   20.4263
    0.0000  -37.5000   -7.500012532.0977   20.4560
    7.5000  -37.5000   -7.500011945.0488   20.4853
   -7.5000  -30.0000   -7.500012883.3828   20.4272
    0.0000  -30.0000   -7.500013475.9844   20.4635
    7.5000  -30.0000   -7.500012838.7041   20.4962
   -7.5000  -22.5000   -7.500013694.3389   20.4459
    0.0000  -22.5000   -7.500014360.3545   20.4784
    7.5000  -22.5000   -7.500013638.5195   20.5118
   -7.5000  -15.0000   -7.500014406.8574   20.4632
    0.0000  -15.0000   -7.500015108.3252   20.4888
    7.5000  -15.0000   -7.500014353.7129   20.5203
   -7.5000   -7.5000   -7.500015055.6016   20.4552
    0.0000   -7.5000   -7.500015781.6201   20.4751
    7.5000   -7.5000   -7.500014980.6123   20.5031
   -7.5000    0.0000   -7.500015568.9619   20.4368
    0.0000    0.0000   -7.500016292.0352   20.4569
    7.5000    0.0000   -7.500015473.2432   20.4833
   -7.5000    7.5000   -7.500014897.3369   20.4260
    0.0000    7.5000   -7.500015563.6562   20.4558
    7.5000    7.5000   -7.500014800.5371   20.4851
   -7.5000   15.0000   -7.500014007.2363   20.4272
    0.0000   15.0000   -7.500014643.6309   20.4635
    7.5000   15.0000   -7.500013913.6670   20.4962
   -7.5000   22.5000   -7.500012903.5859   20.4365
    0.0000   22.5000   -7.500013470.5410   20.4690
    7.5000   22.5000   -7.500012828.5742   20.5023
   -7.5000   30.0000   -7.500011782.4121   20.1978
    0.0000   30.0000   -7.500012287.2764   20.2231
    7.5000   30.0000   -7.500011722.3652   20.2542
   -7.5000   37.5000   -7.500011088.7061   20.1900
    0.0000   37.5000   -7.500011527.5078   20.2096
    7.5000   37.5000   -7.500011056.4961   20.2372
   -7.5000   45.0000   -7.5000 9950.1367   19.6986
    0.0000   45.0000   -7.500010331.3652   19.7179
    7.5000   45.0000   -7.5000 9902.6162   19.7434
   -7.5000  -45.0000    0.000012245.8232   20.4661
    0.0000  -45.0000    0.000012804.8584   20.4850
    7.5000  -45.0000    0.000012205.4883   20.5185
   -7.5000  -37.5000    0.000012849.9082   20.4442
    0.0000  -37.5000    0.000013449.5293   20.4712
    7.5000  -37.5000    0.000012811.0283   20.5046
   -7.5000  -30.0000    0.000013786.6162   20.4430
    0.0000  -30.0000    0.000014446.2588   20.4768
    7.5000  -30.0000    0.000013749.0771   20.5117
   -7.5000  -22.5000    0.000014623.3994   20.4589
    0.0000  -22.5000    0.000015338.7031   20.4911
    7.5000  -22.5000    0.000014578.8057   20.5284
   -7.5000  -15.0000    0.000015335.8203   20.4750
    0.0000  -15.0000    0.000016118.6113   20.5020
    7.5000  -15.0000    0.000015313.1230   20.5400
   -7.5000   -7.5000    0.000016038.3906   20.4683
    0.0000   -7.5000    0.000016839.6855   20.4886
    7.5000   -7.5000    0.000015981.8115   20.5243
   -7.5000    0.0000    0.000016577.2637   20.4530
    0.0000    0.0000    0.000017380.3613   20.4718
    7.5000    0.0000    0.000016506.8066   20.5053
   -7.5000    7.5000    0.000015844.5176   20.4440
    0.0000    7.5000    0.000016578.0762   20.4710
    7.5000    7.5000    0.000015752.9248   20.5044
   -7.5000   15.0000    0.000014903.5293   20.4430
    0.0000   15.0000    0.000015561.0488   20.4768
    7.5000   15.0000    0.000014804.4902   20.5117
   -7.5000   22.5000    0.000013741.1367   20.4495
    0.0000   22.5000    0.000014351.8711   20.4817
    7.5000   22.5000    0.000013661.8623   20.5190
   -7.5000   30.0000    0.000012537.7969   20.2101
    0.0000   30.0000    0.000013104.8037   20.2367
    7.5000   30.0000    0.000012490.9531   20.2742
   -7.5000   37.5000    0.000011791.0527   20.2034
    0.0000   37.5000    0.000012287.5605   20.2234
    7.5000   37.5000    0.000011751.9277   20.2586
   -7.5000   45.0000    0.000010535.9502   19.7157
    0.0000   45.0000    0.000010943.6162   19.7338
    7.5000   45.0000    0.000010482.6670   19.7661
   -7.5000  -45.0000    7.500012113.7598   20.4446
    0.0000  -45.0000    7.500012686.4531   20.4679
    7.5000  -45.0000    7.500012103.6006   20.5148
   -7.5000  -37.5000    7.500012710.6514   20.4291
    0.0000  -37.5000    7.500013317.9141   20.4566
    7.5000  -37.5000    7.500012704.1045   20.5004
   -7.5000  -30.0000    7.500013661.7734   20.4284
    0.0000  -30.0000    7.500014328.8096   20.4626
    7.5000  -30.0000    7.500013663.3184   20.5066
   -7.5000  -22.5000    7.500014450.3516   20.4373
    0.0000  -22.5000    7.500015162.4287   20.4737
    7.5000  -22.5000    7.500014456.6660   20.5208
   -7.5000  -15.0000    7.500015126.9287   20.4456
    0.0000  -15.0000    7.500015864.2842   20.4804
    7.5000  -15.0000    7.500015131.3086   20.5304
   -7.5000   -7.5000    7.500015793.1621   20.4392
    0.0000   -7.5000    7.500016561.0254   20.4676
    7.5000   -7.5000    7.500015776.4033   20.5175
   -7.5000    0.0000    7.500016300.4424   20.4314
    0.0000    0.0000    7.500017094.9473   20.4547
    7.5000    0.0000    7.500016284.8770   20.5016
   -7.5000    7.5000    7.500015570.8252   20.4289
    0.0000    7.5000    7.500016306.9062   20.4564
    7.5000    7.5000    7.500015524.1641   20.5002
   -7.5000   15.0000    7.500014612.3193   20.4284
    0.0000   15.0000    7.500015274.4473   20.4626
    7.5000   15.0000    7.500014566.4297   20.5066
   -7.5000   22.5000    7.500013502.9355   20.4279
    0.0000   22.5000    7.500014129.3828   20.4643
    7.5000   22.5000    7.500013476.8486   20.5113
   -7.5000   30.0000    7.500012372.7432   20.1810
    0.0000   30.0000    7.500012931.8965   20.2153
    7.5000   30.0000    7.500012342.0352   20.2647
   -7.5000   37.5000    7.500011635.7568   20.1747
    0.0000   37.5000    7.500012125.9268   20.2027
    7.5000   37.5000    7.500011579.8330   20.2519
   -7.5000   45.0000    7.500010372.9922   19.6949
    0.0000   45.0000    7.500010788.3301   19.7173
    7.5000   45.0000    7.500010311.3682   19.7625
   -7.5000  -45.0000   15.000011778.2891   20.4447
    0.0000  -45.0000   15.000012302.9902   20.4736
    7.5000  -45.0000   15.000011809.9971   20.5264
   -7.5000  -37.5000   15.000012346.7109   20.4346
    0.0000  -37.5000   15.000012915.4336   20.4661
    7.5000  -37.5000   15.000012389.8535   20.5160
   -7.5000  -30.0000   15.000013348.3887   20.4372
    0.0000  -30.0000   15.000014017.9570   20.4758
    7.5000  -30.0000   15.000013405.0088   20.5263
   -7.5000  -22.5000   15.000014228.1084   20.4428
    0.0000  -22.5000   15.000014825.8984   20.4844
    7.5000  -22.5000   15.000014266.4043   20.5375
   -7.5000  -15.0000   15.000014839.4287   20.4442
    0.0000  -15.0000   15.000015437.8965   20.4851
    7.5000  -15.0000   15.000014905.8994   20.5411
   -7.5000   -7.5000   15.000015444.7676   20.4356
    0.0000   -7.5000   15.000016092.4492   20.4707
    7.5000   -7.5000   15.000015527.6973   20.5272
   -7.5000    0.0000   15.000015952.4209   20.4315
    0.0000    0.0000   15.000016646.3789   20.4603
    7.5000    0.0000   15.000016012.8301   20.5131
   -7.5000    7.5000   15.000015210.4844   20.4344
    0.0000    7.5000   15.000015863.8945   20.4659
    7.5000    7.5000   15.000015213.4111   20.5158
   -7.5000   15.0000   15.000014266.3467   20.4372
    0.0000   15.0000   15.000014869.9170   20.4758
    7.5000   15.0000   15.000014209.9688   20.5263
   -7.5000   22.5000   15.000013182.1426   20.4334
    0.0000   22.5000   15.000013757.3691   20.4750
    7.5000   22.5000   15.000013106.4717   20.5281
   -7.5000   30.0000   15.000012076.4502   20.1796
    0.0000   30.0000   15.000012581.1514   20.2200
    7.5000   30.0000   15.000011972.5439   20.2753
   -7.5000   37.5000   15.000011326.2686   20.1712
    0.0000   37.5000   15.000011797.8867   20.2057
    7.5000   37.5000   15.000011224.4707   20.2616
   -7.5000   45.0000   15.000010090.2529   19.6950
    0.0000   45.0000   15.000010492.2373   19.7227
    7.5000   45.0000   15.000010007.2539   19.7736
   -7.5000  -45.0000   22.500011318.5674   20.4852
    0.0000  -45.0000   22.500011783.7227   20.5147
    7.5000  -45.0000   22.500011388.3564   20.5589
   -7.5000  -37.5000   22.500011838.2783   20.4720
    0.0000  -37.5000   22.500012343.8262   20.5057
    7.5000  -37.5000   22.500011948.3320   20.5497
   -7.5000  -30.0000   22.500012789.3906   20.4770
    0.0000  -30.0000   22.500013307.1475   20.5177
    7.5000  -30.0000   22.500012873.5898   20.5650
   -7.5000  -22.5000   22.500013644.7256   20.4880
    0.0000  -22.5000   22.500014080.8564   20.5298
    7.5000  -22.5000   22.500013646.0586   20.5786
   -7.5000  -15.0000   22.500014365.6621   20.4924
    0.0000  -15.0000   22.500014832.8301   20.5320
    7.5000  -15.0000   22.500014354.6494   20.5811
   -7.5000   -7.5000   22.500015010.0049   20.4817
    0.0000   -7.5000   22.500015565.0039   20.5160
    7.5000   -7.5000   22.500015006.2354   20.5636
   -7.5000    0.0000   22.500015476.3223   20.4720
    0.0000    0.0000   22.500016032.6689   20.5014
    7.5000    0.0000   22.500015428.8262   20.5457
   -7.5000    7.5000   22.500014703.7646   20.4717
    0.0000    7.5000   22.500015210.9287   20.5054
    7.5000    7.5000   22.500014614.9893   20.5495
   -7.5000   15.0000   22.500013744.1885   20.4770
    0.0000   15.0000   22.500014217.3164   20.5177
    7.5000   15.0000   22.500013624.0098   20.5650
   -7.5000   22.5000   22.500012701.6934   20.4786
    0.0000   22.5000   22.500013157.9990   20.5203
    7.5000   22.5000   22.500012571.5117   20.5691
   -7.5000   30.0000   22.500011613.1445   20.2272
    0.0000   30.0000   22.500012072.5479   20.2663
    7.5000   30.0000   22.500011503.5430   20.3147
   -7.5000   37.5000   22.500010886.3496   20.2166
    0.0000   37.5000   22.500011322.2480   20.2504
    7.5000   37.5000   22.500010776.5195   20.2974
   -7.5000   45.0000   22.5000 9691.7080   19.7339
    0.0000   45.0000   22.500010068.2158   19.7623
    7.5000   45.0000   22.5000 9603.7764   19.8049
   -7.5000  -45.0000   30.000010723.7666   20.5623
    0.0000  -45.0000   30.000011170.2266   20.5875
    7.5000  -45.0000   30.000010801.4150   20.6186
   -7.5000  -37.5000   30.000011229.8223   20.5419
    0.0000  -37.5000   30.000011684.3418   20.5744
    7.5000  -37.5000   30.000011322.7119   20.6084
   -7.5000  -30.0000   30.000012117.3965   20.5458
    0.0000  -30.0000   30.000012554.2646   20.5852
    7.5000  -30.0000   30.000012163.1055   20.6238
   -7.5000  -22.5000   30.000012930.0332   20.5634
    0.0000  -22.5000   30.000013369.2207   20.6005
    7.5000  -22.5000   30.000012914.9053   20.6396
   -7.5000  -15.0000   30.000013675.9150   20.5757
    0.0000  -15.0000   30.000014175.2598   20.6080
    7.5000  -15.0000   30.000013637.7373   20.6449
   -7.5000   -7.5000   30.000014346.8086   20.5657
    0.0000   -7.5000   30.000014913.0605   20.5928
    7.5000   -7.5000   30.000014308.7891   20.6264
   -7.5000    0.0000   30.000014797.3418   20.5490
    0.0000    0.0000   30.000015364.9453   20.5742
    7.5000    0.0000   30.000014741.7471   20.6054
   -7.5000    7.5000   30.000014032.1230   20.5416
    0.0000    7.5000   30.000014525.5752   20.5741
    7.5000    7.5000   30.000013947.8242   20.6082
   -7.5000   15.0000   30.000013079.4912   20.5458
    0.0000   15.0000   30.000013518.4434   20.5852
    7.5000   15.0000   30.000012957.6475   20.6238
   -7.5000   22.5000   30.000012057.6660   20.5539
    0.0000   22.5000   30.000012476.3594   20.5910
    7.5000   22.5000   30.000011942.0596   20.6301
   -7.5000   30.0000   30.000011012.5771   20.3094
    0.0000   30.0000   30.000011414.6260   20.3413
    7.5000   30.0000   30.000010923.5137   20.3777
   -7.5000   37.5000   30.000010296.6357   20.2995
    0.0000   37.5000   30.000010668.7178   20.3263
    7.5000   37.5000   30.000010200.4355   20.3595
   -7.5000   45.0000   30.0000 9175.4307   19.8081
    0.0000   45.0000   30.0000 9487.3135   19.8324
    7.5000   45.0000   30.0000 9087.6992   19.8625
   -7.5000  -45.0000   37.500010497.3926   20.6489
    0.0000  -45.0000   37.500010934.5098   20.6695
    7.5000  -45.0000   37.500010496.4404   20.6967
   -7.5000  -37.5000   37.500010981.3691   20.6251
    0.0000  -37.5000   37.500011438.5127   20.6555
    7.5000  -37.5000   37.500010988.9004   20.6855
   -7.5000  -30.0000   37.500011836.2646   20.6267
    0.0000  -30.0000   37.500012283.1387   20.6639
    7.5000  -30.0000   37.500011801.5898   20.6973
   -7.5000  -22.5000   37.500012623.7559   20.6464
    0.0000  -22.5000   37.500013085.7100   20.6796
    7.5000  -22.5000   37.500012573.2178   20.7139
   -7.5000  -15.0000   37.500013327.3770   20.6637
    0.0000  -15.0000   37.500013846.7881   20.6900
    7.5000  -15.0000   37.500013297.4326   20.7224
   -7.5000   -7.5000   37.500013969.2559   20.6548
    0.0000   -7.5000   37.500014526.6094   20.6752
    7.5000   -7.5000   37.500013945.1797   20.7041
   -7.5000    0.0000   37.500014474.2178   20.6356
    0.0000    0.0000   37.500015023.7764   20.6562
    7.5000    0.0000   37.500014420.4668   20.6834
   -7.5000    7.5000   37.500013746.4092   20.6249
    0.0000    7.5000   37.500014232.5742   20.6552
    7.5000    7.5000   37.500013653.0107   20.6852
   -7.5000   15.0000   37.500012796.4297   20.6267
    0.0000   15.0000   37.500013251.4297   20.6639
    7.5000   15.0000   37.500012692.6943   20.6973
   -7.5000   22.5000   37.500011793.0391   20.6369
    0.0000   22.5000   37.500012225.1094   20.6701
    7.5000   22.5000   37.500011687.3867   20.7043
   -7.5000   30.0000   37.500010756.1445   20.3962
    0.0000   30.0000   37.500011141.6875   20.4223
    7.5000   30.0000   37.500010654.2578   20.4542
   -7.5000   37.5000   37.500010015.4502   20.3875
    0.0000   37.5000   37.500010379.1436   20.4076
    7.5000   37.5000   37.5000 9941.1885   20.4361
   -7.5000   45.0000   37.5000 8908.1924   19.8911
    0.0000   45.0000   37.5000 9215.5117   19.9109
    7.5000   45.0000   37.5000 8836.9531   19.9371
   -7.5000  -45.0000   45.0000 9753.5645   20.7122
    0.0000  -45.0000   45.000010174.3975   20.7325
    7.5000  -45.0000   45.0000 9717.5234   20.7681
   -7.5000  -37.5000   45.000010204.5674   20.6895
    0.0000  -37.5000   45.000010636.6328   20.7179
    7.5000  -37.5000   45.000010164.7100   20.7533
   -7.5000  -30.0000   45.000010966.4668   20.6874
    0.0000  -30.0000   45.000011412.3154   20.7224
    7.5000  -30.0000   45.000010931.4131   20.7595
   -7.5000  -22.5000   45.000011679.2959   20.7029
    0.0000  -22.5000   45.000012156.8779   20.7364
    7.5000  -22.5000   45.000011659.5117   20.7762
   -7.5000  -15.0000   45.000012334.0293   20.7194
    0.0000  -15.0000   45.000012841.7041   20.7478
    7.5000  -15.0000   45.000012329.7979   20.7883
   -7.5000   -7.5000   45.000012916.2373   20.7133
    0.0000   -7.5000   45.000013436.9756   20.7351
    7.5000   -7.5000   45.000012916.5645   20.7732
   -7.5000    0.0000   45.000013389.8896   20.6986
    0.0000    0.0000   45.000013913.7295   20.7189
    7.5000    0.0000   45.000013370.7578   20.7545
   -7.5000    7.5000   45.000012745.0527   20.6892
    0.0000    7.5000   45.000013220.5986   20.7176
    7.5000    7.5000   45.000012677.7588   20.7530
   -7.5000   15.0000   45.000011865.5547   20.6874
    0.0000   15.0000   45.000012331.1748   20.7224
    7.5000   15.0000   45.000011817.1494   20.7595
   -7.5000   22.5000   45.000010941.1709   20.6933
    0.0000   22.5000   45.000011367.1719   20.7268
    7.5000   22.5000   45.000010885.4961   20.7665
   -7.5000   30.0000   45.0000 9960.5801   20.4495
    0.0000   30.0000   45.000010343.5918   20.4775
    7.5000   30.0000   45.0000 9912.6514   20.5175
   -7.5000   37.5000   45.0000 9271.0010   20.4434
    0.0000   37.5000   45.0000 9643.8867   20.4650
    7.5000   37.5000   45.0000 9233.8369   20.5025
   -7.5000   45.0000   45.0000 8225.3711   19.9606
    0.0000   45.0000   45.0000 8545.8652   19.9801
    7.5000   45.0000   45.0000 8185.8979   20.0145

---------------------------------------------------------------------
imgreg_4dfp /opt/freesurfer/average/711-2C_as_mni_average_305 /opt/freesurfer/average/711-2B_as_mni_average_305_mask talsrcimg_g11 none talsrcimg_to_711-2C_as_mni_average_305_t4 4355
---------------------------------------------------------------------

freesurfer imgreg_4dfp.c
/opt/freesurfer/average/711-2C_as_mni_average_305.4dfp.img
       256       256       256         1
  1.000000  1.000000  1.000000
orientation T byte_order littleendian
Reading image: /opt/freesurfer/average/711-2C_as_mni_average_305.4dfp.img
dimensions:      256       256       256
mmppix:       1.0000   -1.0000   -1.0000
center:     128.0000 -129.0000 -129.0000
/opt/freesurfer/average/711-2B_as_mni_average_305_mask.4dfp.img
       256       256       256         1
  1.000000  1.000000  1.000000
orientation T byte_order littleendian
Reading mask: /opt/freesurfer/average/711-2B_as_mni_average_305_mask.4dfp.img (2306576 pixels)
talsrcimg_g11.4dfp.img
       256       256       256         1
  1.000000  1.000000  1.000000
orientation T byte_order littleendian
Reading image: talsrcimg_g11.4dfp.img
dimensions:      256       256       256
mmppix:       1.0000   -1.0000   -1.0000
center:     128.0000 -129.0000 -129.0000
rotation matrix determinant  1.000000
image alignment mode   4355 decimal     1103 hex
   -7.5000  -45.0000  -45.0000 2042.8567   21.7919
    0.0000  -45.0000  -45.0000 2049.5881   21.6923
    7.5000  -45.0000  -45.0000 2029.8979   21.9721
   -7.5000  -37.5000  -45.0000 2109.8770   20.2897
    0.0000  -37.5000  -45.0000 2114.0823   20.2339
    7.5000  -37.5000  -45.0000 2092.2979   20.4880
   -7.5000  -30.0000  -45.0000 2153.4175   19.2117
    0.0000  -30.0000  -45.0000 2160.3840   19.1284
    7.5000  -30.0000  -45.0000 2137.2734   19.4182
   -7.5000  -22.5000  -45.0000 2183.3289   18.5740
    0.0000  -22.5000  -45.0000 2191.2473   18.4600
    7.5000  -22.5000  -45.0000 2163.3589   18.7714
   -7.5000  -15.0000  -45.0000 2185.7073   18.3137
    0.0000  -15.0000  -45.0000 2196.7271   18.2123
    7.5000  -15.0000  -45.0000 2170.8564   18.5511
   -7.5000   -7.5000  -45.0000 2172.1648   18.4832
    0.0000   -7.5000  -45.0000 2184.6104   18.3800
    7.5000   -7.5000  -45.0000 2158.0894   18.7514
   -7.5000    0.0000  -45.0000 2137.1931   19.0520
    0.0000    0.0000  -45.0000 2155.6501   18.9367
    7.5000    0.0000  -45.0000 2134.2849   19.2612
   -7.5000    7.5000  -45.0000 2094.1978   19.9776
    0.0000    7.5000  -45.0000 2109.1365   19.8305
    7.5000    7.5000  -45.0000 2088.4663   20.2089
   -7.5000   15.0000  -45.0000 2030.4457   21.2776
    0.0000   15.0000  -45.0000 2047.0918   21.0966
    7.5000   15.0000  -45.0000 2025.4760   21.4637
   -7.5000   22.5000  -45.0000 1952.7830   23.0648
    0.0000   22.5000  -45.0000 1968.9270   22.8569
    7.5000   22.5000  -45.0000 1945.9841   23.2980
   -7.5000   30.0000  -45.0000 1848.9303   25.5498
    0.0000   30.0000  -45.0000 1865.7969   25.3518
    7.5000   30.0000  -45.0000 1847.7856   25.8351
   -7.5000   37.5000  -45.0000 1738.0531   29.0595
    0.0000   37.5000  -45.0000 1756.8394   28.9009
    7.5000   37.5000  -45.0000 1740.3899   29.4118
   -7.5000   45.0000  -45.0000 1625.7063   34.1755
    0.0000   45.0000  -45.0000 1640.4740   33.9543
    7.5000   45.0000  -45.0000 1631.1490   34.4416
   -7.5000  -45.0000  -37.5000 2142.2351   19.9572
    0.0000  -45.0000  -37.5000 2149.1389   19.8649
    7.5000  -45.0000  -37.5000 2125.7346   20.1321
   -7.5000  -37.5000  -37.5000 2206.1846   18.5700
    0.0000  -37.5000  -37.5000 2211.5461   18.4876
    7.5000  -37.5000  -37.5000 2188.6396   18.7311
   -7.5000  -30.0000  -37.5000 2251.3496   17.5850
    0.0000  -30.0000  -37.5000 2255.9011   17.4935
    7.5000  -30.0000  -37.5000 2237.9736   17.7361
   -7.5000  -22.5000  -37.5000 2276.7180   16.9731
    0.0000  -22.5000  -37.5000 2287.7363   16.8651
    7.5000  -22.5000  -37.5000 2265.1575   17.1295
   -7.5000  -15.0000  -37.5000 2286.3870   16.7340
    0.0000  -15.0000  -37.5000 2295.8130   16.6317
    7.5000  -15.0000  -37.5000 2273.2227   16.9383
   -7.5000   -7.5000  -37.5000 2277.3542   16.8795
    0.0000   -7.5000  -37.5000 2287.6367   16.7519
    7.5000   -7.5000  -37.5000 2268.5454   17.0739
   -7.5000    0.0000  -37.5000 2241.9829   17.4091
    0.0000    0.0000  -37.5000 2263.3523   17.2687
    7.5000    0.0000  -37.5000 2241.0337   17.5842
   -7.5000    7.5000  -37.5000 2193.8430   18.2721
    0.0000    7.5000  -37.5000 2215.3350   18.1084
    7.5000    7.5000  -37.5000 2196.0588   18.4328
   -7.5000   15.0000  -37.5000 2127.1296   19.4487
    0.0000   15.0000  -37.5000 2145.4995   19.2780
    7.5000   15.0000  -37.5000 2124.8020   19.6219
   -7.5000   22.5000  -37.5000 2042.2605   21.0407
    0.0000   22.5000  -37.5000 2057.4421   20.8725
    7.5000   22.5000  -37.5000 2038.5536   21.2636
   -7.5000   30.0000  -37.5000 1931.7430   23.3040
    0.0000   30.0000  -37.5000 1946.7789   23.0868
    7.5000   30.0000  -37.5000 1929.6455   23.5031
   -7.5000   37.5000  -37.5000 1814.9740   26.4892
    0.0000   37.5000  -37.5000 1832.8862   26.2714
    7.5000   37.5000  -37.5000 1819.8049   26.7081
   -7.5000   45.0000  -37.5000 1692.1245   30.9830
    0.0000   45.0000  -37.5000 1705.7616   30.7254
    7.5000   45.0000  -37.5000 1695.3738   31.1741
   -7.5000  -45.0000  -30.0000 2280.6799   18.9331
    0.0000  -45.0000  -30.0000 2284.6040   18.8576
    7.5000  -45.0000  -30.0000 2260.7678   19.1033
   -7.5000  -37.5000  -30.0000 2346.8928   17.6389
    0.0000  -37.5000  -30.0000 2352.5078   17.5430
    7.5000  -37.5000  -30.0000 2326.5183   17.7533
   -7.5000  -30.0000  -30.0000 2385.7317   16.7062
    0.0000  -30.0000  -30.0000 2396.9609   16.6478
    7.5000  -30.0000  -30.0000 2373.1172   16.8359
   -7.5000  -22.5000  -30.0000 2415.6985   16.1410
    0.0000  -22.5000  -30.0000 2430.0410   16.0617
    7.5000  -22.5000  -30.0000 2412.3879   16.2815
   -7.5000  -15.0000  -30.0000 2433.8877   15.9069
    0.0000  -15.0000  -30.0000 2443.8372   15.8039
    7.5000  -15.0000  -30.0000 2424.3489   16.0552
   -7.5000   -7.5000  -30.0000 2424.6548   16.0130
    0.0000   -7.5000  -30.0000 2436.7666   15.8957
    7.5000   -7.5000  -30.0000 2417.5337   16.1688
   -7.5000    0.0000  -30.0000 2393.2812   16.5127
    0.0000    0.0000  -30.0000 2409.9502   16.3852
    7.5000    0.0000  -30.0000 2388.6079   16.6715
   -7.5000    7.5000  -30.0000 2338.4526   17.3346
    0.0000    7.5000  -30.0000 2356.8071   17.2177
    7.5000    7.5000  -30.0000 2337.0508   17.4989
   -7.5000   15.0000  -30.0000 2261.5571   18.5086
    0.0000   15.0000  -30.0000 2281.9697   18.3313
    7.5000   15.0000  -30.0000 2259.0569   18.6623
   -7.5000   22.5000  -30.0000 2166.7834   20.0599
    0.0000   22.5000  -30.0000 2183.2864   19.8824
    7.5000   22.5000  -30.0000 2162.0581   20.2389
   -7.5000   30.0000  -30.0000 2047.9952   22.1612
    0.0000   30.0000  -30.0000 2067.4771   21.9477
    7.5000   30.0000  -30.0000 2048.2131   22.3138
   -7.5000   37.5000  -30.0000 1926.1184   25.0964
    0.0000   37.5000  -30.0000 1946.9337   24.8529
    7.5000   37.5000  -30.0000 1928.7272   25.2795
   -7.5000   45.0000  -30.0000 1788.5671   29.1969
    0.0000   45.0000  -30.0000 1804.6875   28.9256
    7.5000   45.0000  -30.0000 1796.3289   29.3696
   -7.5000  -45.0000  -22.5000 2384.7100   17.8787
    0.0000  -45.0000  -22.5000 2384.4373   17.7927
    7.5000  -45.0000  -22.5000 2358.6013   17.9833
   -7.5000  -37.5000  -22.5000 2458.1572   16.6110
    0.0000  -37.5000  -22.5000 2464.4336   16.5393
    7.5000  -37.5000  -22.5000 2437.6084   16.7231
   -7.5000  -30.0000  -22.5000 2512.0500   15.7680
    0.0000  -30.0000  -22.5000 2525.2051   15.7141
    7.5000  -30.0000  -22.5000 2498.1787   15.8862
   -7.5000  -22.5000  -22.5000 2540.5510   15.2565
    0.0000  -22.5000  -22.5000 2556.5220   15.2218
    7.5000  -22.5000  -22.5000 2536.7815   15.3790
   -7.5000  -15.0000  -22.5000 2560.3445   15.0694
    0.0000  -15.0000  -22.5000 2570.8696   14.9828
    7.5000  -15.0000  -22.5000 2550.5571   15.1616
   -7.5000   -7.5000  -22.5000 2553.3547   15.1683
    0.0000   -7.5000  -22.5000 2565.2439   15.0915
    7.5000   -7.5000  -22.5000 2543.1011   15.2687
   -7.5000    0.0000  -22.5000 2518.4536   15.6203
    0.0000    0.0000  -22.5000 2535.6799   15.5048
    7.5000    0.0000  -22.5000 2510.4622   15.7171
   -7.5000    7.5000  -22.5000 2459.0662   16.3893
    0.0000    7.5000  -22.5000 2477.0955   16.2675
    7.5000    7.5000  -22.5000 2455.6562   16.5124
   -7.5000   15.0000  -22.5000 2371.8711   17.5048
    0.0000   15.0000  -22.5000 2396.0613   17.3697
    7.5000   15.0000  -22.5000 2371.7952   17.6346
   -7.5000   22.5000  -22.5000 2268.0696   18.9777
    0.0000   22.5000  -22.5000 2284.3611   18.8257
    7.5000   22.5000  -22.5000 2262.4062   19.1078
   -7.5000   30.0000  -22.5000 2143.6401   20.9954
    0.0000   30.0000  -22.5000 2161.0449   20.7951
    7.5000   30.0000  -22.5000 2141.8933   21.0685
   -7.5000   37.5000  -22.5000 2014.0380   23.6859
    0.0000   37.5000  -22.5000 2034.4052   23.4903
    7.5000   37.5000  -22.5000 2013.4561   23.8467
   -7.5000   45.0000  -22.5000 1869.8141   27.4249
    0.0000   45.0000  -22.5000 1890.1617   27.1365
    7.5000   45.0000  -22.5000 1872.0814   27.5749
   -7.5000  -45.0000  -15.0000 2455.5283   16.8447
    0.0000  -45.0000  -15.0000 2457.1934   16.8252
    7.5000  -45.0000  -15.0000 2431.2058   16.9713
   -7.5000  -37.5000  -15.0000 2540.2346   15.6438
    0.0000  -37.5000  -15.0000 2547.8430   15.6038
    7.5000  -37.5000  -15.0000 2523.2852   15.7339
   -7.5000  -30.0000  -15.0000 2606.2546   14.8440
    0.0000  -30.0000  -15.0000 2619.7217   14.7947
    7.5000  -30.0000  -15.0000 2595.5488   14.9298
   -7.5000  -22.5000  -15.0000 2647.0388   14.3779
    0.0000  -22.5000  -15.0000 2664.1721   14.3422
    7.5000  -22.5000  -15.0000 2637.0725   14.4598
   -7.5000  -15.0000  -15.0000 2664.8000   14.2198
    0.0000  -15.0000  -15.0000 2678.7571   14.1653
    7.5000  -15.0000  -15.0000 2655.7073   14.2946
   -7.5000   -7.5000  -15.0000 2655.9590   14.3541
    0.0000   -7.5000  -15.0000 2674.8030   14.2831
    7.5000   -7.5000  -15.0000 2647.1392   14.3997
   -7.5000    0.0000  -15.0000 2620.3132   14.7836
    0.0000    0.0000  -15.0000 2639.6182   14.6735
    7.5000    0.0000  -15.0000 2611.9814   14.8377
   -7.5000    7.5000  -15.0000 2556.4011   15.5178
    0.0000    7.5000  -15.0000 2579.7832   15.3937
    7.5000    7.5000  -15.0000 2555.6021   15.5572
   -7.5000   15.0000  -15.0000 2462.6465   16.5587
    0.0000   15.0000  -15.0000 2487.0552   16.4383
    7.5000   15.0000  -15.0000 2459.8552   16.6133
   -7.5000   22.5000  -15.0000 2346.9634   17.9575
    0.0000   22.5000  -15.0000 2369.5178   17.8262
    7.5000   22.5000  -15.0000 2345.5569   18.0534
   -7.5000   30.0000  -15.0000 2211.8579   19.8589
    0.0000   30.0000  -15.0000 2232.4214   19.6976
    7.5000   30.0000  -15.0000 2211.9343   19.9572
   -7.5000   37.5000  -15.0000 2075.6501   22.4148
    0.0000   37.5000  -15.0000 2090.3867   22.1935
    7.5000   37.5000  -15.0000 2076.1658   22.5048
   -7.5000   45.0000  -15.0000 1927.2904   25.8942
    0.0000   45.0000  -15.0000 1945.1539   25.6431
    7.5000   45.0000  -15.0000 1928.0269   25.9487
   -7.5000  -45.0000   -7.5000 2508.2527   15.8886
    0.0000  -45.0000   -7.5000 2514.1606   15.8746
    7.5000  -45.0000   -7.5000 2488.1704   16.0425
   -7.5000  -37.5000   -7.5000 2604.6006   14.7177
    0.0000  -37.5000   -7.5000 2615.8533   14.7056
    7.5000  -37.5000   -7.5000 2592.3167   14.8464
   -7.5000  -30.0000   -7.5000 2677.8967   13.9307
    0.0000  -30.0000   -7.5000 2693.3125   13.9275
    7.5000  -30.0000   -7.5000 2671.8210   14.0504
   -7.5000  -22.5000   -7.5000 2729.3154   13.4852
    0.0000  -22.5000   -7.5000 2751.6858   13.4616
    7.5000  -22.5000   -7.5000 2722.2603   13.5657
   -7.5000  -15.0000   -7.5000 2753.4771   13.3692
    0.0000  -15.0000   -7.5000 2774.9539   13.3208
    7.5000  -15.0000   -7.5000 2746.5886   13.4278
   -7.5000   -7.5000   -7.5000 2746.0808   13.5447
    0.0000   -7.5000   -7.5000 2769.2463   13.4884
    7.5000   -7.5000   -7.5000 2738.3228   13.5607
   -7.5000    0.0000   -7.5000 2708.3232   13.9637
    0.0000    0.0000   -7.5000 2731.4199   13.8907
    7.5000    0.0000   -7.5000 2698.7202   13.9859
   -7.5000    7.5000   -7.5000 2636.3140   14.6562
    0.0000    7.5000   -7.5000 2662.9700   14.5563
    7.5000    7.5000   -7.5000 2636.2800   14.6846
   -7.5000   15.0000   -7.5000 2537.1406   15.6308
    0.0000   15.0000   -7.5000 2564.8479   15.5556
    7.5000   15.0000   -7.5000 2536.6765   15.7017
   -7.5000   22.5000   -7.5000 2409.9175   17.0045
    0.0000   22.5000   -7.5000 2434.7380   16.8988
    7.5000   22.5000   -7.5000 2411.9788   17.0804
   -7.5000   30.0000   -7.5000 2268.4565   18.8235
    0.0000   30.0000   -7.5000 2290.8108   18.6886
    7.5000   30.0000   -7.5000 2270.3777   18.9119
   -7.5000   37.5000   -7.5000 2121.8887   21.2089
    0.0000   37.5000   -7.5000 2137.7239   21.0534
    7.5000   37.5000   -7.5000 2124.6577   21.2846
   -7.5000   45.0000   -7.5000 1964.9783   24.4176
    0.0000   45.0000   -7.5000 1979.1049   24.1927
    7.5000   45.0000   -7.5000 1966.7358   24.5118
   -7.5000  -45.0000    0.0000 2548.4976   15.1407
    0.0000  -45.0000    0.0000 2554.9932   15.1260
    7.5000  -45.0000    0.0000 2528.2158   15.3204
   -7.5000  -37.5000    0.0000 2658.8091   13.9988
    0.0000  -37.5000    0.0000 2672.3059   13.9782
    7.5000  -37.5000    0.0000 2644.2649   14.1549
   -7.5000  -30.0000    0.0000 2743.4578   13.2239
    0.0000  -30.0000    0.0000 2759.7397   13.2029
    7.5000  -30.0000    0.0000 2731.2161   13.3481
   -7.5000  -22.5000    0.0000 2806.3777   12.7667
    0.0000  -22.5000    0.0000 2828.7712   12.7439
    7.5000  -22.5000    0.0000 2793.4331   12.8681
   -7.5000  -15.0000    0.0000 2833.4631   12.6301
    0.0000  -15.0000    0.0000 2860.9707   12.5976
    7.5000  -15.0000    0.0000 2827.0869   12.6968
   -7.5000   -7.5000    0.0000 2825.2817   12.8343
    0.0000   -7.5000    0.0000 2852.5120   12.7846
    7.5000   -7.5000    0.0000 2820.6211   12.8740
   -7.5000    0.0000    0.0000 2777.2944   13.2695
    0.0000    0.0000    0.0000 2806.4460   13.1961
    7.5000    0.0000    0.0000 2776.2188   13.2883
   -7.5000    7.5000    0.0000 2696.2131   13.9331
    0.0000    7.5000    0.0000 2727.2488   13.8484
    7.5000    7.5000    0.0000 2701.5132   13.9719
   -7.5000   15.0000    0.0000 2589.9956   14.9277
    0.0000   15.0000    0.0000 2615.5208   14.8294
    7.5000   15.0000    0.0000 2594.8228   14.9853
   -7.5000   22.5000    0.0000 2459.4182   16.2344
    0.0000   22.5000    0.0000 2483.5842   16.1596
    7.5000   22.5000    0.0000 2459.9517   16.3593
   -7.5000   30.0000    0.0000 2311.0061   18.0004
    0.0000   30.0000    0.0000 2334.6731   17.8735
    7.5000   30.0000    0.0000 2312.2566   18.0760
   -7.5000   37.5000    0.0000 2156.1121   20.3084
    0.0000   37.5000    0.0000 2176.8049   20.1338
    7.5000   37.5000    0.0000 2161.0928   20.3415
   -7.5000   45.0000    0.0000 1988.1116   23.4030
    0.0000   45.0000    0.0000 2007.5465   23.1405
    7.5000   45.0000    0.0000 1996.9562   23.4715
   -7.5000  -45.0000    7.5000 2568.2019   14.6455
    0.0000  -45.0000    7.5000 2577.8997   14.5994
    7.5000  -45.0000    7.5000 2553.2529   14.8678
   -7.5000  -37.5000    7.5000 2689.8835   13.4996
    0.0000  -37.5000    7.5000 2707.7803   13.4537
    7.5000  -37.5000    7.5000 2679.5613   13.6797
   -7.5000  -30.0000    7.5000 2789.8147   12.7274
    0.0000  -30.0000    7.5000 2813.8635   12.6830
    7.5000  -30.0000    7.5000 2781.2969   12.8830
   -7.5000  -22.5000    7.5000 2867.8821   12.2693
    0.0000  -22.5000    7.5000 2902.0149   12.2050
    7.5000  -22.5000    7.5000 2854.9912   12.3995
   -7.5000  -15.0000    7.5000 2910.4666   12.0823
    0.0000  -15.0000    7.5000 2945.4170   12.0224
    7.5000  -15.0000    7.5000 2899.1228   12.2018
   -7.5000   -7.5000    7.5000 2890.9116   12.2798
    0.0000   -7.5000    7.5000 2925.8958   12.2186
    7.5000   -7.5000    7.5000 2893.8386   12.3574
   -7.5000    0.0000    7.5000 2830.9146   12.7014
    0.0000    0.0000    7.5000 2864.8035   12.6323
    7.5000    0.0000    7.5000 2839.4160   12.7856
   -7.5000    7.5000    7.5000 2739.4075   13.4102
    0.0000    7.5000    7.5000 2775.6208   13.3313
    7.5000    7.5000    7.5000 2750.2673   13.4950
   -7.5000   15.0000    7.5000 2623.9312   14.3912
    0.0000   15.0000    7.5000 2651.9902   14.3262
    7.5000   15.0000    7.5000 2630.6257   14.5255
   -7.5000   22.5000    7.5000 2486.8005   15.7163
    0.0000   22.5000    7.5000 2513.1138   15.6480
    7.5000   22.5000    7.5000 2493.6997   15.8670
   -7.5000   30.0000    7.5000 2338.4197   17.4431
    0.0000   30.0000    7.5000 2365.2832   17.3465
    7.5000   30.0000    7.5000 2346.9956   17.5680
   -7.5000   37.5000    7.5000 2178.2068   19.7165
    0.0000   37.5000    7.5000 2200.8210   19.5287
    7.5000   37.5000    7.5000 2186.3074   19.8048
   -7.5000   45.0000    7.5000 2007.2461   22.6412
    0.0000   45.0000    7.5000 2031.5225   22.4206
    7.5000   45.0000    7.5000 2017.8839   22.7663
   -7.5000  -45.0000   15.0000 2572.9268   14.4013
    0.0000  -45.0000   15.0000 2583.7634   14.3038
    7.5000  -45.0000   15.0000 2563.7732   14.6516
   -7.5000  -37.5000   15.0000 2701.9912   13.2440
    0.0000  -37.5000   15.0000 2719.7502   13.1247
    7.5000  -37.5000   15.0000 2693.9038   13.4406
   -7.5000  -30.0000   15.0000 2816.7913   12.4552
    0.0000  -30.0000   15.0000 2841.8254   12.3399
    7.5000  -30.0000   15.0000 2809.6621   12.6207
   -7.5000  -22.5000   15.0000 2911.6846   12.0276
    0.0000  -22.5000   15.0000 2945.6438   11.9064
    7.5000  -22.5000   15.0000 2901.5813   12.1609
   -7.5000  -15.0000   15.0000 2956.9373   11.7894
    0.0000  -15.0000   15.0000 3000.8899   11.6552
    7.5000  -15.0000   15.0000 2952.9275   11.9790
   -7.5000   -7.5000   15.0000 2934.5215   11.9497
    0.0000   -7.5000   15.0000 2976.2856   11.8271
    7.5000   -7.5000   15.0000 2944.0803   12.1197
   -7.5000    0.0000   15.0000 2864.5776   12.4050
    0.0000    0.0000   15.0000 2900.1064   12.3224
    7.5000    0.0000   15.0000 2877.2930   12.5431
   -7.5000    7.5000   15.0000 2760.8130   13.1264
    0.0000    7.5000   15.0000 2793.8684   13.0431
    7.5000    7.5000   15.0000 2774.6262   13.2400
   -7.5000   15.0000   15.0000 2635.3545   14.1146
    0.0000   15.0000   15.0000 2665.5703   14.0417
    7.5000   15.0000   15.0000 2651.3401   14.2405
   -7.5000   22.5000   15.0000 2494.9541   15.4569
    0.0000   22.5000   15.0000 2522.6660   15.3710
    7.5000   22.5000   15.0000 2506.5728   15.5861
   -7.5000   30.0000   15.0000 2346.5098   17.1845
    0.0000   30.0000   15.0000 2371.0078   17.0742
    7.5000   30.0000   15.0000 2353.5347   17.2932
   -7.5000   37.5000   15.0000 2183.6768   19.3858
    0.0000   37.5000   15.0000 2209.6985   19.1786
    7.5000   37.5000   15.0000 2193.7664   19.4563
   -7.5000   45.0000   15.0000 2016.5966   22.2819
    0.0000   45.0000   15.0000 2038.0422   21.9952
    7.5000   45.0000   15.0000 2021.8285   22.3314
   -7.5000  -45.0000   22.5000 2568.3816   14.3718
    0.0000  -45.0000   22.5000 2579.4702   14.1909
    7.5000  -45.0000   22.5000 2560.4651   14.6371
   -7.5000  -37.5000   22.5000 2696.3875   13.2043
    0.0000  -37.5000   22.5000 2716.9824   13.0138
    7.5000  -37.5000   22.5000 2693.8298   13.4331
   -7.5000  -30.0000   22.5000 2815.4663   12.4256
    0.0000  -30.0000   22.5000 2842.8083   12.2304
    7.5000  -30.0000   22.5000 2815.6458   12.6087
   -7.5000  -22.5000   22.5000 2915.5251   11.9648
    0.0000  -22.5000   22.5000 2948.3372   11.7787
    7.5000  -22.5000   22.5000 2905.8899   12.1311
   -7.5000  -15.0000   22.5000 2960.3708   11.8314
    0.0000  -15.0000   22.5000 2998.4238   11.6065
    7.5000  -15.0000   22.5000 2955.1064   11.9264
   -7.5000   -7.5000   22.5000 2938.6135   11.9662
    0.0000   -7.5000   22.5000 2982.3601   11.8196
    7.5000   -7.5000   22.5000 2947.5007   12.0651
   -7.5000    0.0000   22.5000 2867.5425   12.3490
    0.0000    0.0000   22.5000 2900.0403   12.2459
    7.5000    0.0000   22.5000 2877.7817   12.4665
   -7.5000    7.5000   22.5000 2763.6199   13.0372
    0.0000    7.5000   22.5000 2792.4287   12.9154
    7.5000    7.5000   22.5000 2776.8037   13.1394
   -7.5000   15.0000   22.5000 2631.6655   14.0371
    0.0000   15.0000   22.5000 2660.3760   13.9119
    7.5000   15.0000   22.5000 2648.5457   14.1341
   -7.5000   22.5000   22.5000 2491.8728   15.3552
    0.0000   22.5000   22.5000 2520.8704   15.2279
    7.5000   22.5000   22.5000 2504.6855   15.4485
   -7.5000   30.0000   22.5000 2336.7456   17.0677
    0.0000   30.0000   22.5000 2368.8052   16.9245
    7.5000   30.0000   22.5000 2350.3735   17.1491
   -7.5000   37.5000   22.5000 2173.9407   19.2369
    0.0000   37.5000   22.5000 2201.7808   19.1020
    7.5000   37.5000   22.5000 2185.2246   19.3517
   -7.5000   45.0000   22.5000 2008.3444   22.1059
    0.0000   45.0000   22.5000 2029.1276   21.8598
    7.5000   45.0000   22.5000 2015.8904   22.1367
   -7.5000  -45.0000   30.0000 2549.7339   14.5690
    0.0000  -45.0000   30.0000 2567.2979   14.3376
    7.5000  -45.0000   30.0000 2548.2334   14.8181
   -7.5000  -37.5000   30.0000 2678.1531   13.4345
    0.0000  -37.5000   30.0000 2703.0913   13.2067
    7.5000  -37.5000   30.0000 2681.1084   13.6339
   -7.5000  -30.0000   30.0000 2795.2468   12.6664
    0.0000  -30.0000   30.0000 2823.9763   12.4681
    7.5000  -30.0000   30.0000 2802.3811   12.8279
   -7.5000  -22.5000   30.0000 2885.5222   12.2371
    0.0000  -22.5000   30.0000 2918.5125   11.9944
    7.5000  -22.5000   30.0000 2886.8323   12.3160
   -7.5000  -15.0000   30.0000 2925.0784   12.0880
    0.0000  -15.0000   30.0000 2960.8008   11.9046
    7.5000  -15.0000   30.0000 2930.1035   12.1429
   -7.5000   -7.5000   30.0000 2905.3782   12.2155
    0.0000   -7.5000   30.0000 2951.1526   12.0948
    7.5000   -7.5000   30.0000 2920.4705   12.2885
   -7.5000    0.0000   30.0000 2833.5215   12.5859
    0.0000    0.0000   30.0000 2873.8196   12.4876
    7.5000    0.0000   30.0000 2851.1589   12.6659
   -7.5000    7.5000   30.0000 2736.3943   13.2175
    0.0000    7.5000   30.0000 2764.9814   13.1405
    7.5000    7.5000   30.0000 2751.5598   13.3270
   -7.5000   15.0000   30.0000 2611.8020   14.1538
    0.0000   15.0000   30.0000 2637.2903   14.0569
    7.5000   15.0000   30.0000 2622.9487   14.2645
   -7.5000   22.5000   30.0000 2470.6768   15.4319
    0.0000   22.5000   30.0000 2499.9614   15.3189
    7.5000   22.5000   30.0000 2486.6267   15.5388
   -7.5000   30.0000   30.0000 2313.0344   17.1143
    0.0000   30.0000   30.0000 2345.1582   16.9493
    7.5000   30.0000   30.0000 2333.2734   17.1829
   -7.5000   37.5000   30.0000 2151.4453   19.3213
    0.0000   37.5000   30.0000 2181.5674   19.0729
    7.5000   37.5000   30.0000 2168.4346   19.3466
   -7.5000   45.0000   30.0000 1989.1318   22.1889
    0.0000   45.0000   30.0000 2011.3767   21.8722
    7.5000   45.0000   30.0000 2004.0557   22.2014
   -7.5000  -45.0000   37.5000 2527.5088   15.0397
    0.0000  -45.0000   37.5000 2547.0244   14.8043
    7.5000  -45.0000   37.5000 2525.0645   15.1934
   -7.5000  -37.5000   37.5000 2646.7917   13.8907
    0.0000  -37.5000   37.5000 2676.5420   13.6940
    7.5000  -37.5000   37.5000 2656.0386   14.0349
   -7.5000  -30.0000   37.5000 2752.5037   13.1356
    0.0000  -30.0000   37.5000 2787.3899   12.9192
    7.5000  -30.0000   37.5000 2769.2041   13.2147
   -7.5000  -22.5000   37.5000 2834.0154   12.6729
    0.0000  -22.5000   37.5000 2871.1545   12.4676
    7.5000  -22.5000   37.5000 2851.6741   12.7337
   -7.5000  -15.0000   37.5000 2866.6160   12.5194
    0.0000  -15.0000   37.5000 2901.5088   12.3861
    7.5000  -15.0000   37.5000 2884.6912   12.5934
   -7.5000   -7.5000   37.5000 2844.8806   12.6407
    0.0000   -7.5000   37.5000 2884.7776   12.5234
    7.5000   -7.5000   37.5000 2867.2605   12.6979
   -7.5000    0.0000   37.5000 2782.4216   13.0296
    0.0000    0.0000   37.5000 2817.7947   12.8956
    7.5000    0.0000   37.5000 2802.6846   13.0688
   -7.5000    7.5000   37.5000 2690.7935   13.6473
    0.0000    7.5000   37.5000 2715.2261   13.5576
    7.5000    7.5000   37.5000 2701.5186   13.7320
   -7.5000   15.0000   37.5000 2566.6970   14.5537
    0.0000   15.0000   37.5000 2592.9961   14.4691
    7.5000   15.0000   37.5000 2579.3726   14.6550
   -7.5000   22.5000   37.5000 2432.8289   15.8047
    0.0000   22.5000   37.5000 2462.0720   15.6626
    7.5000   22.5000   37.5000 2450.5435   15.8575
   -7.5000   30.0000   37.5000 2283.1653   17.4275
    0.0000   30.0000   37.5000 2308.3311   17.2383
    7.5000   30.0000   37.5000 2300.1106   17.4393
   -7.5000   37.5000   37.5000 2122.8113   19.6131
    0.0000   37.5000   37.5000 2146.1179   19.3453
    7.5000   37.5000   37.5000 2141.3521   19.5773
   -7.5000   45.0000   37.5000 1964.9675   22.4428
    0.0000   45.0000   37.5000 1984.0132   22.1069
    7.5000   45.0000   37.5000 1980.6985   22.4611
   -7.5000  -45.0000   45.0000 2485.9653   15.7364
    0.0000  -45.0000   45.0000 2511.9062   15.5104
    7.5000  -45.0000   45.0000 2490.6863   15.7903
   -7.5000  -37.5000   45.0000 2604.4641   14.5436
    0.0000  -37.5000   45.0000 2637.5566   14.3341
    7.5000  -37.5000   45.0000 2616.4207   14.6113
   -7.5000  -30.0000   45.0000 2695.9478   13.7396
    0.0000  -30.0000   45.0000 2736.1245   13.5457
    7.5000  -30.0000   45.0000 2717.9446   13.8122
   -7.5000  -22.5000   45.0000 2768.1069   13.2713
    0.0000  -22.5000   45.0000 2804.6831   13.1294
    7.5000  -22.5000   45.0000 2789.3369   13.3596
   -7.5000  -15.0000   45.0000 2790.8408   13.1369
    0.0000  -15.0000   45.0000 2824.2817   13.0056
    7.5000  -15.0000   45.0000 2812.6504   13.2134
   -7.5000   -7.5000   45.0000 2765.4829   13.2372
    0.0000   -7.5000   45.0000 2800.2107   13.0938
    7.5000   -7.5000   45.0000 2786.7212   13.2905
   -7.5000    0.0000   45.0000 2705.0625   13.6159
    0.0000    0.0000   45.0000 2736.3948   13.4623
    7.5000    0.0000   45.0000 2722.9431   13.6658
   -7.5000    7.5000   45.0000 2617.1926   14.2721
    0.0000    7.5000   45.0000 2642.3884   14.1330
    7.5000    7.5000   45.0000 2627.4138   14.3221
   -7.5000   15.0000   45.0000 2501.7705   15.1434
    0.0000   15.0000   45.0000 2531.3928   15.0271
    7.5000   15.0000   45.0000 2522.0605   15.2122
   -7.5000   22.5000   45.0000 2377.3594   16.3616
    0.0000   22.5000   45.0000 2404.1506   16.2041
    7.5000   22.5000   45.0000 2395.2334   16.3753
   -7.5000   30.0000   45.0000 2231.8911   17.9498
    0.0000   30.0000   45.0000 2254.8250   17.7517
    7.5000   30.0000   45.0000 2248.4880   17.9623
   -7.5000   37.5000   45.0000 2082.8076   20.0766
    0.0000   37.5000   45.0000 2104.3162   19.8329
    7.5000   37.5000   45.0000 2097.7041   20.0941
   -7.5000   45.0000   45.0000 1927.5728   22.9309
    0.0000   45.0000   45.0000 1943.6887   22.6046
    7.5000   45.0000   45.0000 1940.6134   22.9748

---------------------------------------------------------------------
imgreg_4dfp /opt/freesurfer/average/711-2C_as_mni_average_305 /opt/freesurfer/average/711-2B_as_mni_average_305_mask talsrcimg_g11 none talsrcimg_to_711-2C_as_mni_average_305_t4 1283
---------------------------------------------------------------------

freesurfer imgreg_4dfp.c
/opt/freesurfer/average/711-2C_as_mni_average_305.4dfp.img
       256       256       256         1
  1.000000  1.000000  1.000000
orientation T byte_order littleendian
Reading image: /opt/freesurfer/average/711-2C_as_mni_average_305.4dfp.img
dimensions:      256       256       256
mmppix:       1.0000   -1.0000   -1.0000
center:     128.0000 -129.0000 -129.0000
/opt/freesurfer/average/711-2B_as_mni_average_305_mask.4dfp.img
       256       256       256         1
  1.000000  1.000000  1.000000
orientation T byte_order littleendian
Reading mask: /opt/freesurfer/average/711-2B_as_mni_average_305_mask.4dfp.img (2306576 pixels)
talsrcimg_g11.4dfp.img
       256       256       256         1
  1.000000  1.000000  1.000000
orientation T byte_order littleendian
Reading image: talsrcimg_g11.4dfp.img
dimensions:      256       256       256
mmppix:       1.0000   -1.0000   -1.0000
center:     128.0000 -129.0000 -129.0000
rotation matrix determinant  1.000000
fimgreg.f
image alignment mode   1283 decimal      503 hex
parameters
    0.0000  -15.0000   15.0000    0.0000    0.0000    0.0000
eta,q 0.94255 11.62644
niter,ni,del,rscale     5    3   12.0000    1.2000
parameter  3 -0.606008 -> -0.500000 qaram    1.1500
parameter  5  1.818360 ->  0.500000 qaram    1.1500
parameter  6  1.073189 ->  0.500000 qaram    1.1500
parameters
    0.5960  -14.4286   18.4500   -2.2162   -3.4500   -3.4500
eta,q 0.94815 11.58888
  0.0711  0.0685  0.0719  0.0584  0.0538  0.0514
  0.0668  0.0639  0.0668  0.0574  0.0540  0.0517
  0.0633  0.0614  0.0628  0.0572  0.0552  0.0525
  0.0611  0.0605  0.0602  0.0577  0.0572  0.0542
  0.0610  0.0609  0.0586  0.0586  0.0600  0.0568
  0.0634  0.0626  0.0578  0.0608  0.0621  0.0598
  0.0688  0.0656  0.0591  0.0634  0.0638  0.0625
niter,ni,del,rscale     7    3   12.0000    1.2000
parameters
    0.6044  -12.9893   18.6775   -4.5524   -4.4249   -6.6813
eta,q 0.95140 11.61928
  0.0619  0.0660  0.0607  0.0528  0.0539  0.0503
  0.0569  0.0597  0.0558  0.0504  0.0515  0.0488
  0.0535  0.0546  0.0522  0.0499  0.0502  0.0487
  0.0519  0.0519  0.0515  0.0516  0.0498  0.0498
  0.0525  0.0517  0.0523  0.0534  0.0507  0.0521
  0.0562  0.0533  0.0548  0.0549  0.0535  0.0553
  0.0626  0.0570  0.0596  0.0568  0.0577  0.0591
niter,ni,del,rscale     6    3   12.0000    1.2000
parameters
    0.3248  -11.9297   18.5809   -5.8045   -3.6749   -6.7212
eta,q 0.95262 11.63767
  0.0595  0.0649  0.0590  0.0516  0.0554  0.0535
  0.0525  0.0579  0.0532  0.0490  0.0514  0.0509
  0.0490  0.0519  0.0493  0.0474  0.0487  0.0486
  0.0486  0.0485  0.0482  0.0482  0.0474  0.0474
  0.0502  0.0488  0.0494  0.0502  0.0475  0.0479
  0.0544  0.0518  0.0535  0.0524  0.0491  0.0504
  0.0613  0.0568  0.0598  0.0551  0.0528  0.0543
niter,ni,del,rscale     5    3   12.0000    1.2000
parameters
    0.2377  -11.3809   18.6512   -6.2349   -3.5428   -6.7601
eta,q 0.95290 11.63866
  0.0600  0.0627  0.0598  0.0532  0.0541  0.0534
  0.0519  0.0565  0.0538  0.0500  0.0504  0.0509
  0.0481  0.0507  0.0491  0.0475  0.0479  0.0485
  0.0474  0.0474  0.0473  0.0473  0.0471  0.0471
  0.0486  0.0486  0.0485  0.0493  0.0476  0.0476
  0.0531  0.0527  0.0532  0.0516  0.0498  0.0501
  0.0601  0.0587  0.0597  0.0543  0.0538  0.0545
niter,ni,del,rscale     4    3   12.0000    1.2000
parameters
    0.2536  -11.1762   18.6733   -6.3847   -3.5154   -6.7534
eta,q 0.95296 11.63992
  0.0601  0.0615  0.0597  0.0539  0.0539  0.0535
  0.0517  0.0555  0.0537  0.0505  0.0503  0.0510
  0.0479  0.0498  0.0490  0.0477  0.0478  0.0485
  0.0471  0.0471  0.0471  0.0471  0.0470  0.0470
  0.0482  0.0491  0.0484  0.0490  0.0476  0.0475
  0.0524  0.0538  0.0535  0.0514  0.0499  0.0500
  0.0593  0.0601  0.0598  0.0540  0.0540  0.0545
niter,ni,del,rscale     3    3   12.0000    1.2000
parameters
    0.2629  -11.1044   18.6795   -6.4340   -3.5131   -6.7472
eta,q 0.95298 11.64015
  0.0599  0.0610  0.0597  0.0542  0.0538  0.0535
  0.0515  0.0551  0.0536  0.0507  0.0502  0.0511
  0.0478  0.0494  0.0490  0.0479  0.0478  0.0485
  0.0470  0.0470  0.0470  0.0470  0.0470  0.0470
  0.0481  0.0493  0.0484  0.0488  0.0477  0.0475
  0.0523  0.0543  0.0536  0.0513  0.0499  0.0500
  0.0592  0.0607  0.0599  0.0539  0.0540  0.0545
niter,ni,del,rscale     2    3   12.0000    1.2000
parameters
    0.2662  -11.0805   18.6806   -6.4503   -3.5142   -6.7448
eta,q 0.95298 11.64021
  0.0599  0.0609  0.0597  0.0543  0.0538  0.0535
  0.0514  0.0550  0.0536  0.0508  0.0502  0.0510
  0.0477  0.0493  0.0490  0.0479  0.0478  0.0485
  0.0470  0.0470  0.0470  0.0470  0.0470  0.0470
  0.0481  0.0494  0.0483  0.0488  0.0477  0.0475
  0.0522  0.0545  0.0536  0.0512  0.0500  0.0500
  0.0592  0.0609  0.0599  0.0538  0.0540  0.0545
registration optimization eta report
parameter search radius
    6.0000    6.0000    6.9000    6.0000    6.9000    6.9000
100000*second partial in parameter space
       36.       37.       27.       19.       15.       14.
  0.0599  0.0609  0.0597  0.0543  0.0538  0.0535
  0.0514  0.0550  0.0536  0.0508  0.0502  0.0510
  0.0477  0.0493  0.0490  0.0479  0.0478  0.0485
  0.0470  0.0470  0.0470  0.0470  0.0470  0.0470
  0.0481  0.0494  0.0483  0.0488  0.0477  0.0475
  0.0522  0.0545  0.0536  0.0512  0.0500  0.0500
  0.0592  0.0609  0.0599  0.0538  0.0540  0.0545
    0.2662  -11.0805   18.6806   -6.4503   -3.5142   -6.7448
eta,q 0.95298 11.64021

---------------------------------------------------------------------
imgreg_4dfp /opt/freesurfer/average/711-2C_as_mni_average_305 /opt/freesurfer/average/711-2B_as_mni_average_305_mask talsrcimg_g11 none talsrcimg_to_711-2C_as_mni_average_305_t4 3335
---------------------------------------------------------------------

freesurfer imgreg_4dfp.c
/opt/freesurfer/average/711-2C_as_mni_average_305.4dfp.img
       256       256       256         1
  1.000000  1.000000  1.000000
orientation T byte_order littleendian
Reading image: /opt/freesurfer/average/711-2C_as_mni_average_305.4dfp.img
dimensions:      256       256       256
mmppix:       1.0000   -1.0000   -1.0000
center:     128.0000 -129.0000 -129.0000
/opt/freesurfer/average/711-2B_as_mni_average_305_mask.4dfp.img
       256       256       256         1
  1.000000  1.000000  1.000000
orientation T byte_order littleendian
Reading mask: /opt/freesurfer/average/711-2B_as_mni_average_305_mask.4dfp.img (2306576 pixels)
talsrcimg_g11.4dfp.img
       256       256       256         1
  1.000000  1.000000  1.000000
orientation T byte_order littleendian
Reading image: talsrcimg_g11.4dfp.img
dimensions:      256       256       256
mmppix:       1.0000   -1.0000   -1.0000
center:     128.0000 -129.0000 -129.0000
fimgreg.f
image alignment mode   3335 decimal      D07 hex
parameters
    0.2662  -11.0805   18.6806   -0.8788   -1.2399   -0.8199
   10.9866    7.3680  -11.7227   10.4410   -6.1296  -11.2129
eta,q 0.95565 11.59498
niter,ni,del,rscale     5    3    5.0000    1.2000
parameter  4  2.696606 ->  0.500000 qaram    1.1500
parameter  5  2.059266 ->  0.500000 qaram    1.1500
parameter  6  0.693319 ->  0.500000 qaram    1.1500
parameter 10  0.681669 ->  0.500000 qaram    1.1500
parameter 12  0.875743 ->  0.500000 qaram    1.1500
parameters
    0.4201  -11.4705   18.2654   -5.0188   -5.3799   -4.9599
    9.0794    7.9701   -8.6096    6.3010   -6.3451  -15.3529
eta,q 0.97169 10.93963
  0.0470  0.0458  0.0455  0.0345  0.0310  0.0318  0.0330  0.0370  0.0353  0.0297  0.0306  0.0283
  0.0456  0.0448  0.0447  0.0368  0.0326  0.0315  0.0318  0.0342  0.0336  0.0292  0.0298  0.0283
  0.0447  0.0443  0.0443  0.0402  0.0349  0.0319  0.0313  0.0322  0.0322  0.0295  0.0293  0.0285
  0.0443  0.0443  0.0443  0.0442  0.0377  0.0332  0.0315  0.0313  0.0313  0.0308  0.0292  0.0292
  0.0445  0.0448  0.0447  0.0486  0.0409  0.0356  0.0324  0.0316  0.0308  0.0329  0.0294  0.0301
  0.0452  0.0458  0.0455  0.0533  0.0446  0.0390  0.0340  0.0330  0.0309  0.0356  0.0299  0.0313
  0.0465  0.0472  0.0466  0.0583  0.0487  0.0426  0.0360  0.0355  0.0316  0.0388  0.0308  0.0325
niter,ni,del,rscale     7    3    5.0000    1.2000
parameter  4  0.752134 ->  0.500000 qaram    1.3225
parameter  5  0.770501 ->  0.500000 qaram    1.3225
parameters
    0.5979  -11.1894   18.6566   -9.7798  -10.1409   -4.3990
    8.8077    8.2048   -9.0201    6.2549   -7.7685  -18.1954
eta,q 0.97721 10.57759
  0.0327  0.0319  0.0307  0.0257  0.0234  0.0267  0.0258  0.0284  0.0251  0.0275  0.0239  0.0236
  0.0305  0.0301  0.0295  0.0253  0.0232  0.0253  0.0244  0.0259  0.0240  0.0252  0.0233  0.0230
  0.0290  0.0288  0.0287  0.0260  0.0239  0.0241  0.0235  0.0240  0.0233  0.0236  0.0231  0.0228
  0.0283  0.0283  0.0283  0.0282  0.0253  0.0233  0.0232  0.0232  0.0232  0.0231  0.0231  0.0231
  0.0285  0.0284  0.0283  0.0320  0.0277  0.0230  0.0236  0.0236  0.0235  0.0237  0.0235  0.0237
  0.0296  0.0292  0.0287  0.0368  0.0309  0.0238  0.0246  0.0253  0.0244  0.0252  0.0240  0.0246
  0.0316  0.0305  0.0295  0.0420  0.0347  0.0267  0.0263  0.0279  0.0256  0.0277  0.0248  0.0257
niter,ni,del,rscale     7    3    5.0000    1.2000
parameters
    0.8562  -10.7141   18.8766  -12.1043  -12.5575   -3.4893
    8.8190    8.6443   -8.8657    7.1384   -8.4152  -19.0401
eta,q 0.97763 10.41286
  0.0274  0.0268  0.0247  0.0253  0.0250  0.0261  0.0251  0.0276  0.0245  0.0276  0.0233  0.0237
  0.0251  0.0248  0.0236  0.0241  0.0236  0.0247  0.0237  0.0251  0.0234  0.0251  0.0228  0.0229
  0.0235  0.0234  0.0230  0.0230  0.0228  0.0236  0.0228  0.0233  0.0227  0.0233  0.0225  0.0224
  0.0228  0.0228  0.0227  0.0226  0.0228  0.0227  0.0225  0.0225  0.0225  0.0225  0.0224  0.0224
  0.0230  0.0227  0.0228  0.0238  0.0241  0.0223  0.0228  0.0228  0.0227  0.0227  0.0226  0.0228
  0.0240  0.0233  0.0232  0.0272  0.0263  0.0229  0.0237  0.0242  0.0233  0.0239  0.0230  0.0234
  0.0258  0.0245  0.0240  0.0322  0.0297  0.0255  0.0251  0.0267  0.0244  0.0258  0.0236  0.0241
niter,ni,del,rscale     6    3    5.0000    1.2000
parameters
    0.9582  -10.4597   18.9715  -12.4508  -12.9911   -3.4398
    8.7556    8.8149   -8.7534    7.4787   -8.5992  -19.3841
eta,q 0.97758 10.38154
  0.0260  0.0255  0.0240  0.0261  0.0259  0.0257  0.0249  0.0272  0.0244  0.0270  0.0234  0.0239
  0.0241  0.0239  0.0231  0.0246  0.0243  0.0244  0.0236  0.0248  0.0233  0.0246  0.0228  0.0230
  0.0228  0.0228  0.0226  0.0233  0.0231  0.0232  0.0228  0.0231  0.0227  0.0230  0.0225  0.0225
  0.0224  0.0224  0.0223  0.0223  0.0224  0.0224  0.0224  0.0224  0.0224  0.0224  0.0224  0.0224
  0.0227  0.0225  0.0225  0.0223  0.0229  0.0222  0.0227  0.0228  0.0226  0.0229  0.0226  0.0227
  0.0237  0.0232  0.0229  0.0240  0.0245  0.0234  0.0236  0.0244  0.0233  0.0242  0.0229  0.0233
  0.0255  0.0244  0.0238  0.0279  0.0270  0.0266  0.0251  0.0269  0.0243  0.0263  0.0235  0.0240
niter,ni,del,rscale     5    3    5.0000    1.2000
parameters
    0.9886  -10.3872   18.9645  -12.4539  -13.0558   -3.4284
    8.7057    8.8644   -8.7156    7.5978   -8.6256  -19.5018
eta,q 0.97758 10.37987
  0.0258  0.0251  0.0239  0.0263  0.0261  0.0257  0.0249  0.0271  0.0243  0.0268  0.0234  0.0240
  0.0240  0.0236  0.0231  0.0247  0.0245  0.0244  0.0236  0.0247  0.0233  0.0245  0.0229  0.0231
  0.0228  0.0227  0.0226  0.0235  0.0232  0.0232  0.0227  0.0231  0.0227  0.0229  0.0225  0.0225
  0.0224  0.0224  0.0224  0.0224  0.0224  0.0224  0.0224  0.0224  0.0224  0.0224  0.0224  0.0224
  0.0228  0.0227  0.0226  0.0222  0.0228  0.0222  0.0227  0.0229  0.0226  0.0230  0.0225  0.0227
  0.0238  0.0235  0.0231  0.0237  0.0243  0.0234  0.0236  0.0245  0.0233  0.0243  0.0229  0.0232
  0.0256  0.0248  0.0239  0.0274  0.0266  0.0267  0.0250  0.0271  0.0243  0.0264  0.0234  0.0239
niter,ni,del,rscale     4    3    5.0000    1.2000
parameters
    0.9949  -10.3663   18.9569  -12.4523  -13.0672   -3.4243
    8.6926    8.8784   -8.7071    7.6357   -8.6217  -19.5486
eta,q 0.97758 10.37995
  0.0257  0.0250  0.0239  0.0263  0.0262  0.0257  0.0249  0.0270  0.0243  0.0267  0.0235  0.0240
  0.0239  0.0236  0.0231  0.0247  0.0245  0.0244  0.0236  0.0246  0.0233  0.0244  0.0229  0.0231
  0.0228  0.0227  0.0226  0.0235  0.0232  0.0232  0.0227  0.0230  0.0226  0.0229  0.0225  0.0225
  0.0224  0.0224  0.0224  0.0224  0.0224  0.0224  0.0224  0.0224  0.0224  0.0224  0.0224  0.0224
  0.0228  0.0227  0.0226  0.0222  0.0227  0.0222  0.0227  0.0229  0.0226  0.0230  0.0225  0.0227
  0.0239  0.0236  0.0231  0.0237  0.0242  0.0234  0.0236  0.0245  0.0233  0.0244  0.0229  0.0232
  0.0257  0.0249  0.0239  0.0273  0.0265  0.0267  0.0250  0.0271  0.0243  0.0265  0.0234  0.0239
registration optimization eta report
parameter search radius
    2.4000    2.4000    2.4000    9.5220    9.5220    8.2800
    7.2000    7.2000    7.2000    8.2800    7.2000    8.2800
100000*second partial in parameter space
       57.       43.       26.        5.        4.        6.
        5.        9.        4.        6.        2.        2.
  0.0257  0.0250  0.0239  0.0263  0.0262  0.0257  0.0249  0.0270  0.0243  0.0267  0.0235  0.0240
  0.0239  0.0236  0.0231  0.0247  0.0245  0.0244  0.0236  0.0246  0.0233  0.0244  0.0229  0.0231
  0.0228  0.0227  0.0226  0.0235  0.0232  0.0232  0.0227  0.0230  0.0226  0.0229  0.0225  0.0225
  0.0224  0.0224  0.0224  0.0224  0.0224  0.0224  0.0224  0.0224  0.0224  0.0224  0.0224  0.0224
  0.0228  0.0227  0.0226  0.0222  0.0227  0.0222  0.0227  0.0229  0.0226  0.0230  0.0225  0.0227
  0.0239  0.0236  0.0231  0.0237  0.0242  0.0234  0.0236  0.0245  0.0233  0.0244  0.0229  0.0232
  0.0257  0.0249  0.0239  0.0273  0.0265  0.0267  0.0250  0.0271  0.0243  0.0265  0.0234  0.0239
    0.9949  -10.3663   18.9569  -12.4523  -13.0672   -3.4243
    8.6926    8.8784   -8.7071    7.6357   -8.6217  -19.5486
eta,q 0.97758 10.37995

---------------------------------------------------------------------
imgreg_4dfp /opt/freesurfer/average/711-2C_as_mni_average_305 /opt/freesurfer/average/711-2B_as_mni_average_305_mask talsrcimg_g11 none talsrcimg_to_711-2C_as_mni_average_305_t4 2311
---------------------------------------------------------------------

freesurfer imgreg_4dfp.c
/opt/freesurfer/average/711-2C_as_mni_average_305.4dfp.img
       256       256       256         1
  1.000000  1.000000  1.000000
orientation T byte_order littleendian
Reading image: /opt/freesurfer/average/711-2C_as_mni_average_305.4dfp.img
dimensions:      256       256       256
mmppix:       1.0000   -1.0000   -1.0000
center:     128.0000 -129.0000 -129.0000
/opt/freesurfer/average/711-2B_as_mni_average_305_mask.4dfp.img
       256       256       256         1
  1.000000  1.000000  1.000000
orientation T byte_order littleendian
Reading mask: /opt/freesurfer/average/711-2B_as_mni_average_305_mask.4dfp.img (2306576 pixels)
talsrcimg_g11.4dfp.img
       256       256       256         1
  1.000000  1.000000  1.000000
orientation T byte_order littleendian
Reading image: talsrcimg_g11.4dfp.img
dimensions:      256       256       256
mmppix:       1.0000   -1.0000   -1.0000
center:     128.0000 -129.0000 -129.0000
fimgreg.f
image alignment mode   2311 decimal      907 hex
parameters
    0.9949  -10.3663   18.9569  -12.4523  -13.0672   -3.4243
    8.6926    8.8784   -8.7071    7.6357   -8.6217  -19.5486
eta,q 0.97758 10.37995
niter,ni,del,rscale     5    3    5.0000    0.8000
parameters
    0.9925  -10.3813   18.9763  -10.5714  -12.5675   -2.5734
    8.4617    8.9587   -8.7311    7.6556   -8.3416  -19.3865
eta,q 0.97798 10.49875
  0.0239  0.0235  0.0231  0.0241  0.0236  0.0238  0.0232  0.0247  0.0230  0.0237  0.0227  0.0227
  0.0231  0.0229  0.0227  0.0235  0.0230  0.0231  0.0226  0.0233  0.0224  0.0228  0.0224  0.0223
  0.0226  0.0225  0.0225  0.0229  0.0225  0.0225  0.0221  0.0224  0.0221  0.0222  0.0221  0.0221
  0.0224  0.0224  0.0224  0.0224  0.0221  0.0221  0.0220  0.0220  0.0220  0.0220  0.0220  0.0220
  0.0226  0.0226  0.0225  0.0222  0.0221  0.0220  0.0222  0.0223  0.0221  0.0222  0.0221  0.0221
  0.0231  0.0230  0.0227  0.0222  0.0225  0.0222  0.0227  0.0232  0.0224  0.0227  0.0222  0.0223
  0.0239  0.0236  0.0231  0.0227  0.0232  0.0231  0.0235  0.0246  0.0230  0.0237  0.0226  0.0226
niter,ni,del,rscale     4    3    5.0000    0.7000
parameters
    0.9881  -10.4120   18.9978  -10.9152  -12.5346   -2.4031
    8.5689    8.9459   -8.7662    7.6346   -8.3575  -19.3709
eta,q 0.97799 10.49283
  0.0233  0.0229  0.0226  0.0230  0.0230  0.0232  0.0231  0.0240  0.0227  0.0233  0.0225  0.0225
  0.0226  0.0224  0.0223  0.0225  0.0226  0.0226  0.0225  0.0230  0.0223  0.0226  0.0222  0.0222
  0.0222  0.0221  0.0221  0.0222  0.0222  0.0222  0.0221  0.0223  0.0221  0.0222  0.0221  0.0221
  0.0220  0.0220  0.0220  0.0220  0.0220  0.0220  0.0220  0.0220  0.0220  0.0220  0.0220  0.0220
  0.0222  0.0221  0.0221  0.0222  0.0221  0.0220  0.0221  0.0222  0.0221  0.0221  0.0221  0.0221
  0.0226  0.0225  0.0223  0.0227  0.0225  0.0223  0.0224  0.0229  0.0223  0.0226  0.0222  0.0222
  0.0233  0.0230  0.0226  0.0235  0.0231  0.0232  0.0230  0.0241  0.0227  0.0233  0.0225  0.0225
niter,ni,del,rscale     3    3    5.0000    0.6000
parameters
    0.9803  -10.4328   18.9996  -10.8700  -12.5021   -2.2800
    8.5715    8.9637   -8.7672    7.6486   -8.3383  -19.3623
eta,q 0.97800 10.49957
  0.0229  0.0227  0.0224  0.0229  0.0228  0.0229  0.0228  0.0236  0.0225  0.0229  0.0224  0.0224
  0.0224  0.0223  0.0222  0.0225  0.0224  0.0224  0.0223  0.0227  0.0222  0.0224  0.0222  0.0222
  0.0221  0.0221  0.0221  0.0222  0.0221  0.0221  0.0221  0.0222  0.0221  0.0221  0.0220  0.0220
  0.0220  0.0220  0.0220  0.0220  0.0220  0.0220  0.0220  0.0220  0.0220  0.0220  0.0220  0.0220
  0.0221  0.0221  0.0221  0.0221  0.0221  0.0220  0.0221  0.0222  0.0221  0.0221  0.0220  0.0220
  0.0224  0.0223  0.0222  0.0223  0.0223  0.0222  0.0223  0.0227  0.0222  0.0224  0.0222  0.0222
  0.0230  0.0227  0.0224  0.0229  0.0228  0.0228  0.0228  0.0236  0.0225  0.0229  0.0224  0.0224
niter,ni,del,rscale     2    3    5.0000    0.5000
parameters
    0.9792  -10.4417   18.9969  -10.8143  -12.4636   -2.1826
    8.5645    8.9754   -8.7585    7.6748   -8.3264  -19.3629
eta,q 0.97801 10.50619
  0.0227  0.0225  0.0223  0.0226  0.0226  0.0226  0.0225  0.0231  0.0224  0.0227  0.0222  0.0223
  0.0223  0.0222  0.0221  0.0223  0.0223  0.0223  0.0222  0.0225  0.0222  0.0223  0.0221  0.0221
  0.0221  0.0220  0.0220  0.0221  0.0221  0.0221  0.0221  0.0221  0.0220  0.0221  0.0220  0.0220
  0.0220  0.0220  0.0220  0.0220  0.0220  0.0220  0.0220  0.0220  0.0220  0.0220  0.0220  0.0220
  0.0221  0.0221  0.0220  0.0220  0.0220  0.0220  0.0220  0.0221  0.0220  0.0221  0.0220  0.0220
  0.0223  0.0222  0.0221  0.0222  0.0222  0.0222  0.0222  0.0225  0.0222  0.0223  0.0221  0.0221
  0.0227  0.0225  0.0223  0.0226  0.0226  0.0226  0.0225  0.0231  0.0224  0.0226  0.0222  0.0223
niter,ni,del,rscale     1    3    5.0000    0.4000
parameters
    0.9783  -10.4479   18.9901  -10.7725  -12.4259   -2.0741
    8.5632    8.9877   -8.7688    7.7057   -8.3137  -19.3550
eta,q 0.97802 10.51276
  0.0224  0.0223  0.0222  0.0224  0.0224  0.0224  0.0223  0.0227  0.0222  0.0224  0.0221  0.0222
  0.0222  0.0221  0.0221  0.0222  0.0222  0.0222  0.0221  0.0223  0.0221  0.0222  0.0221  0.0221
  0.0220  0.0220  0.0220  0.0221  0.0220  0.0221  0.0220  0.0221  0.0220  0.0220  0.0220  0.0220
  0.0220  0.0220  0.0220  0.0220  0.0220  0.0220  0.0220  0.0220  0.0220  0.0220  0.0220  0.0220
  0.0220  0.0220  0.0220  0.0220  0.0220  0.0220  0.0220  0.0221  0.0220  0.0220  0.0220  0.0220
  0.0222  0.0221  0.0221  0.0222  0.0221  0.0221  0.0221  0.0223  0.0221  0.0222  0.0221  0.0221
  0.0224  0.0223  0.0222  0.0224  0.0224  0.0223  0.0223  0.0227  0.0222  0.0224  0.0221  0.0222
registration optimization eta report
parameter search radius
    0.8000    0.8000    0.8000    2.4000    2.4000    2.4000
    2.4000    2.4000    2.4000    2.4000    2.4000    2.4000
100000*second partial in parameter space
       68.       49.       32.        7.        6.        6.
        6.       13.        4.        7.        3.        3.
  0.0224  0.0223  0.0222  0.0224  0.0224  0.0224  0.0223  0.0227  0.0222  0.0224  0.0221  0.0222
  0.0222  0.0221  0.0221  0.0222  0.0222  0.0222  0.0221  0.0223  0.0221  0.0222  0.0221  0.0221
  0.0220  0.0220  0.0220  0.0221  0.0220  0.0221  0.0220  0.0221  0.0220  0.0220  0.0220  0.0220
  0.0220  0.0220  0.0220  0.0220  0.0220  0.0220  0.0220  0.0220  0.0220  0.0220  0.0220  0.0220
  0.0220  0.0220  0.0220  0.0220  0.0220  0.0220  0.0220  0.0221  0.0220  0.0220  0.0220  0.0220
  0.0222  0.0221  0.0221  0.0222  0.0221  0.0221  0.0221  0.0223  0.0221  0.0222  0.0221  0.0221
  0.0224  0.0223  0.0222  0.0224  0.0224  0.0223  0.0223  0.0227  0.0222  0.0224  0.0221  0.0222
    0.9783  -10.4479   18.9901  -10.7725  -12.4259   -2.0741
    8.5632    8.9877   -8.7688    7.7057   -8.3137  -19.3550
eta,q 0.97802 10.51276

---------------------------------------------------------------------
imgreg_4dfp /opt/freesurfer/average/711-2C_as_mni_average_305 /opt/freesurfer/average/711-2B_as_mni_average_305_mask talsrcimg_g11 none talsrcimg_to_711-2C_as_mni_average_305_t4 2311
---------------------------------------------------------------------

freesurfer imgreg_4dfp.c
/opt/freesurfer/average/711-2C_as_mni_average_305.4dfp.img
       256       256       256         1
  1.000000  1.000000  1.000000
orientation T byte_order littleendian
Reading image: /opt/freesurfer/average/711-2C_as_mni_average_305.4dfp.img
dimensions:      256       256       256
mmppix:       1.0000   -1.0000   -1.0000
center:     128.0000 -129.0000 -129.0000
/opt/freesurfer/average/711-2B_as_mni_average_305_mask.4dfp.img
       256       256       256         1
  1.000000  1.000000  1.000000
orientation T byte_order littleendian
Reading mask: /opt/freesurfer/average/711-2B_as_mni_average_305_mask.4dfp.img (2306576 pixels)
talsrcimg_g11.4dfp.img
       256       256       256         1
  1.000000  1.000000  1.000000
orientation T byte_order littleendian
Reading image: talsrcimg_g11.4dfp.img
dimensions:      256       256       256
mmppix:       1.0000   -1.0000   -1.0000
center:     128.0000 -129.0000 -129.0000
fimgreg.f
image alignment mode   2311 decimal      907 hex
parameters
    0.9783  -10.4479   18.9901  -10.7725  -12.4259   -2.0741
    8.5632    8.9877   -8.7688    7.7057   -8.3137  -19.3550
eta,q 0.97802 10.51276
niter,ni,del,rscale     5    3    5.0000    0.8000
parameters
    0.9779  -10.4496   18.9697  -11.1915  -12.6078   -2.4931
    8.6251    8.9264   -8.7691    7.6025   -8.3738  -19.3924
eta,q 0.97796 10.47740
  0.0237  0.0232  0.0228  0.0232  0.0232  0.0233  0.0234  0.0245  0.0230  0.0236  0.0226  0.0227
  0.0228  0.0225  0.0223  0.0226  0.0226  0.0226  0.0227  0.0232  0.0225  0.0227  0.0223  0.0223
  0.0222  0.0221  0.0221  0.0222  0.0222  0.0222  0.0222  0.0223  0.0221  0.0222  0.0221  0.0221
  0.0220  0.0220  0.0220  0.0220  0.0220  0.0220  0.0220  0.0220  0.0220  0.0220  0.0220  0.0220
  0.0222  0.0221  0.0221  0.0222  0.0222  0.0221  0.0222  0.0223  0.0221  0.0222  0.0221  0.0221
  0.0228  0.0225  0.0224  0.0228  0.0227  0.0227  0.0226  0.0233  0.0224  0.0228  0.0223  0.0224
  0.0237  0.0232  0.0228  0.0240  0.0234  0.0242  0.0233  0.0247  0.0230  0.0237  0.0227  0.0227
niter,ni,del,rscale     4    3    5.0000    0.7000
parameters
    0.9778  -10.4340   18.9914  -10.9554  -12.5440   -2.4053
    8.5776    8.9438   -8.7632    7.6326   -8.3603  -19.3823
eta,q 0.97799 10.49125
  0.0233  0.0230  0.0226  0.0232  0.0230  0.0231  0.0230  0.0241  0.0227  0.0233  0.0225  0.0225
  0.0226  0.0225  0.0223  0.0227  0.0226  0.0226  0.0225  0.0230  0.0223  0.0226  0.0222  0.0222
  0.0222  0.0221  0.0221  0.0223  0.0222  0.0222  0.0221  0.0223  0.0221  0.0222  0.0221  0.0221
  0.0220  0.0220  0.0220  0.0220  0.0220  0.0220  0.0220  0.0220  0.0220  0.0220  0.0220  0.0220
  0.0222  0.0221  0.0221  0.0221  0.0221  0.0220  0.0221  0.0222  0.0221  0.0221  0.0221  0.0221
  0.0226  0.0224  0.0223  0.0224  0.0225  0.0223  0.0225  0.0229  0.0223  0.0226  0.0222  0.0223
  0.0233  0.0229  0.0226  0.0231  0.0230  0.0232  0.0231  0.0241  0.0227  0.0233  0.0225  0.0225
niter,ni,del,rscale     3    3    5.0000    0.6000
parameters
    0.9788  -10.4341   18.9949  -10.8731  -12.5021   -2.2880
    8.5661    8.9637   -8.7718    7.6520   -8.3471  -19.3717
eta,q 0.97800 10.49940
  0.0230  0.0227  0.0224  0.0229  0.0228  0.0228  0.0227  0.0236  0.0225  0.0229  0.0224  0.0224
  0.0224  0.0223  0.0222  0.0225  0.0224  0.0224  0.0223  0.0227  0.0222  0.0224  0.0222  0.0222
  0.0221  0.0221  0.0221  0.0222  0.0221  0.0222  0.0221  0.0222  0.0221  0.0221  0.0220  0.0220
  0.0220  0.0220  0.0220  0.0220  0.0220  0.0220  0.0220  0.0220  0.0220  0.0220  0.0220  0.0220
  0.0221  0.0221  0.0221  0.0221  0.0221  0.0220  0.0221  0.0222  0.0221  0.0221  0.0220  0.0220
  0.0224  0.0223  0.0222  0.0223  0.0223  0.0222  0.0223  0.0227  0.0222  0.0224  0.0222  0.0222
  0.0230  0.0227  0.0225  0.0229  0.0228  0.0228  0.0228  0.0236  0.0225  0.0229  0.0224  0.0224
niter,ni,del,rscale     2    3    5.0000    0.5000
parameters
    0.9796  -10.4435   18.9949  -10.8161  -12.4597   -2.1761
    8.5662    8.9806   -8.7652    7.6820   -8.3304  -19.3636
eta,q 0.97801 10.50673
  0.0227  0.0225  0.0223  0.0226  0.0226  0.0226  0.0225  0.0231  0.0224  0.0227  0.0222  0.0223
  0.0223  0.0222  0.0221  0.0223  0.0223  0.0223  0.0222  0.0225  0.0222  0.0223  0.0221  0.0221
  0.0221  0.0220  0.0220  0.0221  0.0221  0.0221  0.0221  0.0221  0.0220  0.0221  0.0220  0.0220
  0.0220  0.0220  0.0220  0.0220  0.0220  0.0220  0.0220  0.0220  0.0220  0.0220  0.0220  0.0220
  0.0221  0.0221  0.0220  0.0220  0.0220  0.0220  0.0220  0.0221  0.0220  0.0221  0.0220  0.0220
  0.0223  0.0222  0.0221  0.0222  0.0222  0.0222  0.0222  0.0225  0.0222  0.0223  0.0221  0.0221
  0.0227  0.0225  0.0223  0.0226  0.0226  0.0226  0.0225  0.0231  0.0224  0.0226  0.0222  0.0223
niter,ni,del,rscale     1    3    5.0000    0.4000
parameters
    0.9785  -10.4480   18.9878  -10.7740  -12.4309   -2.0787
    8.5708    8.9919   -8.7710    7.7132   -8.3138  -19.3535
eta,q 0.97802 10.51255
  0.0224  0.0223  0.0222  0.0224  0.0224  0.0224  0.0223  0.0227  0.0222  0.0224  0.0221  0.0222
  0.0222  0.0221  0.0221  0.0222  0.0222  0.0222  0.0221  0.0223  0.0221  0.0222  0.0221  0.0221
  0.0220  0.0220  0.0220  0.0221  0.0220  0.0221  0.0220  0.0221  0.0220  0.0220  0.0220  0.0220
  0.0220  0.0220  0.0220  0.0220  0.0220  0.0220  0.0220  0.0220  0.0220  0.0220  0.0220  0.0220
  0.0220  0.0220  0.0220  0.0220  0.0220  0.0220  0.0220  0.0221  0.0220  0.0220  0.0220  0.0220
  0.0222  0.0221  0.0221  0.0222  0.0221  0.0221  0.0221  0.0223  0.0221  0.0222  0.0221  0.0221
  0.0224  0.0223  0.0222  0.0224  0.0224  0.0223  0.0223  0.0227  0.0222  0.0224  0.0221  0.0222
registration optimization eta report
parameter search radius
    0.8000    0.8000    0.8000    2.4000    2.4000    2.4000
    2.4000    2.4000    2.4000    2.4000    2.4000    2.4000
100000*second partial in parameter space
       67.       49.       31.        7.        6.        6.
        6.       13.        4.        7.        3.        3.
  0.0224  0.0223  0.0222  0.0224  0.0224  0.0224  0.0223  0.0227  0.0222  0.0224  0.0221  0.0222
  0.0222  0.0221  0.0221  0.0222  0.0222  0.0222  0.0221  0.0223  0.0221  0.0222  0.0221  0.0221
  0.0220  0.0220  0.0220  0.0221  0.0220  0.0221  0.0220  0.0221  0.0220  0.0220  0.0220  0.0220
  0.0220  0.0220  0.0220  0.0220  0.0220  0.0220  0.0220  0.0220  0.0220  0.0220  0.0220  0.0220
  0.0220  0.0220  0.0220  0.0220  0.0220  0.0220  0.0220  0.0221  0.0220  0.0220  0.0220  0.0220
  0.0222  0.0221  0.0221  0.0222  0.0221  0.0221  0.0221  0.0223  0.0221  0.0222  0.0221  0.0221
  0.0224  0.0223  0.0222  0.0224  0.0224  0.0223  0.0223  0.0227  0.0222  0.0224  0.0221  0.0222
    0.9785  -10.4480   18.9878  -10.7740  -12.4309   -2.0787
    8.5708    8.9919   -8.7710    7.7132   -8.3138  -19.3535
eta,q 0.97802 10.51255

---------------------------------------------------------------------
compute_vox2vox talsrcimg talsrcimg_to_711-2C_as_mni_average_305_t4 /opt/freesurfer/average/711-2C_as_mni_average_305
---------------------------------------------------------------------

freesurfer compute_vox2vox.c
Reading: talsrcimg.4dfp.ifh
Reading: talsrcimg_to_711-2C_as_mni_average_305_t4
Reading: /opt/freesurfer/average/711-2C_as_mni_average_305.4dfp.ifh
Writing: talsrcimg_to_711-2C_as_mni_average_305_t4_vox2vox.txt

start time Thu Mar 12 05:54:15 CET 2026
end		time Thu Mar 12 05:55:58 CET 2026

mpr2mni305 success

avi2talxfm orig_nu.mgz /opt/freesurfer/average/mni305.cor.mgz talsrcimg_to_711-2C_as_mni_average_305_t4_vox2vox.txt transforms/talairach.auto.xfm
avi2talxfm done
mv -f /out/sourcedata/freesurfer/sub-v1s10x0051069_ses-1/mri/talsrcimg_to_711-2C_as_mni_average_305_t4_vox2vox.txt /out/sourcedata/freesurfer/sub-v1s10x0051069_ses-1/mri/transforms/talsrcimg_to_711-2C_as_mni_average_305_t4_vox2vox.txt
lta_convert --src orig_nu.mgz --trg /opt/freesurfer/average/mni305.cor.mgz --inxfm transforms/talairach.auto.xfm --outlta transforms/talairach.auto.xfm.lta --subject fsaverage
7.3.2

--src: orig_nu.mgz src image (geometry).
--trg: /opt/freesurfer/average/mni305.cor.mgz trg image (geometry).
--inmni: transforms/talairach.auto.xfm input MNI/XFM transform.
--outlta: transforms/talairach.auto.xfm.lta output LTA.
--s: fsaverage subject name
 LTA read, type : 1
 1.09972  -0.09092  -0.12773  -1.28790;
 0.11317   0.99440   0.20869  -18.09568;
 0.10018  -0.09669   1.11078   12.16600;
 0.00000   0.00000   0.00000   1.00000;
setting subject to fsaverage
Writing  LTA to file transforms/talairach.auto.xfm.lta...
lta_convert successful.
 
 
Started at Thu Mar 12 05:54:15 CET 2026
Ended   at Thu Mar 12 05:55:58 CET 2026
talairach_avi done
