status file for recon-all
Thu Mar 12 00:50:16 CET 2026
#@# MotionCor Thu Mar 12 00:50:17 CET 2026
#@# Talairach Thu Mar 12 00:50:23 CET 2026
#@# Talairach Failure Detection Thu Mar 12 00:53:13 CET 2026
#@# Nu Intensity Correction Thu Mar 12 00:53:13 CET 2026
#@# Intensity Normalization Thu Mar 12 00:55:58 CET 2026
recon-all -s sub-v1s10x0050975_ses-1 finished without error at Thu Mar 12 00:56:52 CET 2026



#New# invocation of recon-all 



status file for recon-all
Thu Mar 12 01:02:57 CET 2026
#@# EM Registration Thu Mar 12 01:02:57 CET 2026
recon-all -s sub-v1s10x0050975_ses-1 finished without error at Thu Mar 12 01:05:21 CET 2026



#New# invocation of recon-all 



status file for recon-all
Thu Mar 12 01:05:24 CET 2026
#@# CA Normalize Thu Mar 12 01:05:24 CET 2026
#@# CA Reg Thu Mar 12 01:06:16 CET 2026
#@# SubCort Seg Thu Mar 12 01:44:50 CET 2026
#@# CC Seg Thu Mar 12 02:03:11 CET 2026
#@# Merge ASeg Thu Mar 12 02:03:41 CET 2026
#@# Intensity Normalization2 Thu Mar 12 02:03:41 CET 2026
#@# Mask BFS Thu Mar 12 02:05:02 CET 2026
#@# WM Segmentation Thu Mar 12 02:05:03 CET 2026
#@# Fill Thu Mar 12 02:06:34 CET 2026
recon-all -s sub-v1s10x0050975_ses-1 finished without error at Thu Mar 12 02:07:13 CET 2026



#New# invocation of recon-all 



status file for recon-all
Thu Mar 12 02:58:24 CET 2026
#@# white curv lh Thu Mar 12 02:58:24 CET 2026
#@# white area lh Thu Mar 12 02:58:24 CET 2026
#@# pial curv lh Thu Mar 12 02:58:24 CET 2026
#@# pial area lh Thu Mar 12 02:58:24 CET 2026
#@# thickness lh Thu Mar 12 02:58:24 CET 2026
#@# area and vertex vol lh Thu Mar 12 02:58:24 CET 2026
#@# white curv rh Thu Mar 12 02:58:24 CET 2026
#@# white area rh Thu Mar 12 02:58:24 CET 2026
#@# pial curv rh Thu Mar 12 02:58:24 CET 2026
#@# pial area rh Thu Mar 12 02:58:24 CET 2026
#@# thickness rh Thu Mar 12 02:58:24 CET 2026
#@# area and vertex vol rh Thu Mar 12 02:58:24 CET 2026
#@# Cortical ribbon mask Thu Mar 12 02:58:24 CET 2026
recon-all -s sub-v1s10x0050975_ses-1 finished without error at Thu Mar 12 03:01:25 CET 2026



#New# invocation of recon-all 



status file for recon-all
Thu Mar 12 03:06:27 CET 2026
#@# white curv lh Thu Mar 12 03:06:27 CET 2026
#@# white area lh Thu Mar 12 03:06:27 CET 2026
#@# pial curv lh Thu Mar 12 03:06:27 CET 2026
#@# pial area lh Thu Mar 12 03:06:27 CET 2026
#@# thickness lh Thu Mar 12 03:06:27 CET 2026
#@# area and vertex vol lh Thu Mar 12 03:06:27 CET 2026
#@# white curv rh Thu Mar 12 03:06:27 CET 2026
#@# white area rh Thu Mar 12 03:06:27 CET 2026
#@# pial curv rh Thu Mar 12 03:06:27 CET 2026
#@# pial area rh Thu Mar 12 03:06:27 CET 2026
#@# thickness rh Thu Mar 12 03:06:27 CET 2026
#@# area and vertex vol rh Thu Mar 12 03:06:27 CET 2026
#@# Curvature Stats lh Thu Mar 12 03:06:27 CET 2026
#@# Curvature Stats rh Thu Mar 12 03:06:29 CET 2026
#@# Relabel Hypointensities Thu Mar 12 03:06:30 CET 2026
#@# APas-to-ASeg Thu Mar 12 03:06:40 CET 2026
#@# AParc-to-ASeg aparc Thu Mar 12 03:06:46 CET 2026
#@# AParc-to-ASeg aparc.a2009s Thu Mar 12 03:07:12 CET 2026
#@# AParc-to-ASeg aparc.DKTatlas Thu Mar 12 03:07:37 CET 2026
#@# WMParc Thu Mar 12 03:08:05 CET 2026
#@# ASeg Stats Thu Mar 12 03:09:54 CET 2026
recon-all -s sub-v1s10x0050975_ses-1 finished without error at Thu Mar 12 03:10:18 CET 2026
