status file for recon-all
Thu Mar 12 08:09:22 CET 2026
#@# Tessellate lh Thu Mar 12 08:09:22 CET 2026
#@# Smooth1 lh Thu Mar 12 08:09:25 CET 2026
#@# Inflation1 lh Thu Mar 12 08:09:28 CET 2026
#@# QSphere lh Thu Mar 12 08:09:41 CET 2026
#@# Fix Topology lh Thu Mar 12 08:10:43 CET 2026
#@# Smooth2 lh Thu Mar 12 08:23:27 CET 2026
#@# Inflation2 lh Thu Mar 12 08:23:30 CET 2026
#@# Curv .H and .K lh Thu Mar 12 08:23:44 CET 2026
#@# Sphere lh Thu Mar 12 08:24:34 CET 2026
#@# Surf Reg lh Thu Mar 12 08:30:36 CET 2026
#@# Jacobian white lh Thu Mar 12 08:36:44 CET 2026
#@# AvgCurv lh Thu Mar 12 08:36:45 CET 2026
#@# Cortical Parc lh Thu Mar 12 08:36:46 CET 2026
#@# white curv lh Thu Mar 12 08:48:52 CET 2026
#@# white area lh Thu Mar 12 08:48:54 CET 2026
#@# pial curv lh Thu Mar 12 08:48:54 CET 2026
#@# pial area lh Thu Mar 12 08:48:56 CET 2026
#@# thickness lh Thu Mar 12 08:48:57 CET 2026
#@# area and vertex vol lh Thu Mar 12 08:49:28 CET 2026
#@# Curvature Stats lh Thu Mar 12 08:49:30 CET 2026
#@# Cortical Parc 2 lh Thu Mar 12 08:49:32 CET 2026
#@# Cortical Parc 3 lh Thu Mar 12 08:49:47 CET 2026
#@# WM/GM Contrast lh Thu Mar 12 08:49:57 CET 2026
recon-all -s sub-v1s10x0051083_ses-1 finished without error at Thu Mar 12 08:50:02 CET 2026



#New# invocation of recon-all 



status file for recon-all
Thu Mar 12 09:23:41 CET 2026
#@# white curv lh Thu Mar 12 09:23:41 CET 2026
#@# white area lh Thu Mar 12 09:23:41 CET 2026
#@# pial curv lh Thu Mar 12 09:23:41 CET 2026
#@# pial area lh Thu Mar 12 09:23:41 CET 2026
#@# thickness lh Thu Mar 12 09:23:41 CET 2026
#@# area and vertex vol lh Thu Mar 12 09:23:41 CET 2026
#@# Parcellation Stats lh Thu Mar 12 09:23:41 CET 2026
#@# Parcellation Stats 2 lh Thu Mar 12 09:24:00 CET 2026
#@# Parcellation Stats 3 lh Thu Mar 12 09:24:10 CET 2026
#@# BA_exvivo Labels lh Thu Mar 12 09:24:20 CET 2026
recon-all -s sub-v1s10x0051083_ses-1 finished without error at Thu Mar 12 09:26:57 CET 2026
