status file for recon-all
Thu Mar 12 03:58:59 CET 2026
#@# Tessellate lh Thu Mar 12 03:58:59 CET 2026
#@# Smooth1 lh Thu Mar 12 03:59:02 CET 2026
#@# Inflation1 lh Thu Mar 12 03:59:04 CET 2026
#@# QSphere lh Thu Mar 12 03:59:18 CET 2026
#@# Fix Topology lh Thu Mar 12 04:00:06 CET 2026
#@# Smooth2 lh Thu Mar 12 04:05:14 CET 2026
#@# Inflation2 lh Thu Mar 12 04:05:16 CET 2026
#@# Curv .H and .K lh Thu Mar 12 04:05:29 CET 2026
#@# Sphere lh Thu Mar 12 04:06:08 CET 2026
#@# Surf Reg lh Thu Mar 12 04:08:59 CET 2026
#@# Jacobian white lh Thu Mar 12 04:12:11 CET 2026
#@# AvgCurv lh Thu Mar 12 04:12:12 CET 2026
#@# Cortical Parc lh Thu Mar 12 04:12:13 CET 2026
#@# white curv lh Thu Mar 12 04:18:25 CET 2026
#@# white area lh Thu Mar 12 04:18:27 CET 2026
#@# pial curv lh Thu Mar 12 04:18:27 CET 2026
#@# pial area lh Thu Mar 12 04:18:29 CET 2026
#@# thickness lh Thu Mar 12 04:18:29 CET 2026
#@# area and vertex vol lh Thu Mar 12 04:18:51 CET 2026
#@# Curvature Stats lh Thu Mar 12 04:18:52 CET 2026
#@# Cortical Parc 2 lh Thu Mar 12 04:18:53 CET 2026
#@# Cortical Parc 3 lh Thu Mar 12 04:19:04 CET 2026
#@# WM/GM Contrast lh Thu Mar 12 04:19:12 CET 2026
recon-all -s sub-v1s10x0051016_ses-1 finished without error at Thu Mar 12 04:19:15 CET 2026



#New# invocation of recon-all 



status file for recon-all
Thu Mar 12 04:44:24 CET 2026
#@# white curv lh Thu Mar 12 04:44:24 CET 2026
#@# white area lh Thu Mar 12 04:44:24 CET 2026
#@# pial curv lh Thu Mar 12 04:44:24 CET 2026
#@# pial area lh Thu Mar 12 04:44:24 CET 2026
#@# thickness lh Thu Mar 12 04:44:24 CET 2026
#@# area and vertex vol lh Thu Mar 12 04:44:24 CET 2026
#@# Parcellation Stats lh Thu Mar 12 04:44:24 CET 2026
#@# Parcellation Stats 2 lh Thu Mar 12 04:44:40 CET 2026
#@# Parcellation Stats 3 lh Thu Mar 12 04:44:49 CET 2026
#@# BA_exvivo Labels lh Thu Mar 12 04:44:57 CET 2026
recon-all -s sub-v1s10x0051016_ses-1 finished without error at Thu Mar 12 04:47:06 CET 2026
