status file for recon-all
Thu Mar 12 02:27:36 CET 2026
#@# MotionCor Thu Mar 12 02:27:38 CET 2026
#@# Talairach Thu Mar 12 02:27:44 CET 2026
#@# Talairach Failure Detection Thu Mar 12 02:30:34 CET 2026
#@# Nu Intensity Correction Thu Mar 12 02:30:34 CET 2026
#@# Intensity Normalization Thu Mar 12 02:33:21 CET 2026
recon-all -s sub-v1s10x0051016_ses-1 finished without error at Thu Mar 12 02:34:16 CET 2026



#New# invocation of recon-all 



status file for recon-all
Thu Mar 12 02:40:28 CET 2026
#@# EM Registration Thu Mar 12 02:40:28 CET 2026
recon-all -s sub-v1s10x0051016_ses-1 finished without error at Thu Mar 12 02:42:07 CET 2026



#New# invocation of recon-all 



status file for recon-all
Thu Mar 12 02:42:09 CET 2026
#@# CA Normalize Thu Mar 12 02:42:09 CET 2026
#@# CA Reg Thu Mar 12 02:43:02 CET 2026
#@# SubCort Seg Thu Mar 12 03:33:37 CET 2026
#@# CC Seg Thu Mar 12 03:54:51 CET 2026
#@# Merge ASeg Thu Mar 12 03:55:18 CET 2026
#@# Intensity Normalization2 Thu Mar 12 03:55:18 CET 2026
#@# Mask BFS Thu Mar 12 03:56:41 CET 2026
#@# WM Segmentation Thu Mar 12 03:56:42 CET 2026
#@# Fill Thu Mar 12 03:58:16 CET 2026
recon-all -s sub-v1s10x0051016_ses-1 finished without error at Thu Mar 12 03:58:54 CET 2026



#New# invocation of recon-all 



status file for recon-all
Thu Mar 12 04:39:35 CET 2026
#@# white curv lh Thu Mar 12 04:39:35 CET 2026
#@# white area lh Thu Mar 12 04:39:35 CET 2026
#@# pial curv lh Thu Mar 12 04:39:35 CET 2026
#@# pial area lh Thu Mar 12 04:39:35 CET 2026
#@# thickness lh Thu Mar 12 04:39:35 CET 2026
#@# area and vertex vol lh Thu Mar 12 04:39:35 CET 2026
#@# white curv rh Thu Mar 12 04:39:35 CET 2026
#@# white area rh Thu Mar 12 04:39:35 CET 2026
#@# pial curv rh Thu Mar 12 04:39:36 CET 2026
#@# pial area rh Thu Mar 12 04:39:36 CET 2026
#@# thickness rh Thu Mar 12 04:39:36 CET 2026
#@# area and vertex vol rh Thu Mar 12 04:39:36 CET 2026
#@# Cortical ribbon mask Thu Mar 12 04:39:36 CET 2026
recon-all -s sub-v1s10x0051016_ses-1 finished without error at Thu Mar 12 04:44:20 CET 2026



#New# invocation of recon-all 



status file for recon-all
Thu Mar 12 04:50:04 CET 2026
#@# white curv lh Thu Mar 12 04:50:04 CET 2026
#@# white area lh Thu Mar 12 04:50:04 CET 2026
#@# pial curv lh Thu Mar 12 04:50:04 CET 2026
#@# pial area lh Thu Mar 12 04:50:04 CET 2026
#@# thickness lh Thu Mar 12 04:50:04 CET 2026
#@# area and vertex vol lh Thu Mar 12 04:50:04 CET 2026
#@# white curv rh Thu Mar 12 04:50:04 CET 2026
#@# white area rh Thu Mar 12 04:50:04 CET 2026
#@# pial curv rh Thu Mar 12 04:50:04 CET 2026
#@# pial area rh Thu Mar 12 04:50:04 CET 2026
#@# thickness rh Thu Mar 12 04:50:04 CET 2026
#@# area and vertex vol rh Thu Mar 12 04:50:04 CET 2026
#@# Curvature Stats lh Thu Mar 12 04:50:04 CET 2026
#@# Curvature Stats rh Thu Mar 12 04:50:06 CET 2026
#@# Relabel Hypointensities Thu Mar 12 04:50:09 CET 2026
#@# APas-to-ASeg Thu Mar 12 04:50:20 CET 2026
#@# AParc-to-ASeg aparc Thu Mar 12 04:50:27 CET 2026
#@# AParc-to-ASeg aparc.a2009s Thu Mar 12 04:50:52 CET 2026
#@# AParc-to-ASeg aparc.DKTatlas Thu Mar 12 04:51:19 CET 2026
#@# WMParc Thu Mar 12 04:51:45 CET 2026
#@# ASeg Stats Thu Mar 12 04:53:38 CET 2026
recon-all -s sub-v1s10x0051016_ses-1 finished without error at Thu Mar 12 04:53:58 CET 2026
