/out/sourcedata/freesurfer/sub-v1s10x0051025_ses-1/mri
/opt/freesurfer/bin/talairach_avi
--i orig_nu.mgz --xfm transforms/talairach.auto.xfm
talairach_avi 7.3.2
Linux dna056 5.14.0-427.37.1.el9_4.x86_64 #1 SMP PREEMPT_DYNAMIC Fri Sep 13 12:41:50 EDT 2024 x86_64 x86_64 x86_64 GNU/Linux
Thu Mar 12 03:03:43 CET 2026
mri_convert orig_nu.mgz talsrcimg.img 
reading from orig_nu.mgz...
TR=0.00, TE=0.00, TI=0.00, flip angle=0.00
i_ras = (-1, 0, 0)
j_ras = (0, 0, -1)
k_ras = (0, 1, 0)
writing to talsrcimg.img...
Analyze Output Matrix
-1.00000   0.00000   0.00000   134.72537;
 0.00000   0.00000   1.00000  -128.00000;
 0.00000  -1.00000   0.00000   134.33736;
 0.00000   0.00000   0.00000   1.00000;
--------------------
INFO: set hdr.hist.orient to -1
mpr2mni305 talsrcimg
Thu Mar 12 03:03:44 CET 2026
/opt/freesurfer/bin/mpr2mni305 talsrcimg
mpr2mni305 7.3.2
target=711-2C_as_mni_average_305

---------------------------------------------------------------------
analyzeto4dfp talsrcimg -O0 -y
---------------------------------------------------------------------

freesurfer ifh2hdr.c
Thu Mar 12 03:03:44 2026
Writing: talsrcimg.4dfp.hdr
freesurfer analyzeto4dfp.c
Reading: talsrcimg.hdr
header size 348 bytes
hdr.dime.datatype	offset=70	value=2
hdr.dime.bitpix		offset=72	value=8
hdr.hist.orient		offset=252	value=-1
dimensionality     4
dimensions       256       256       256         1
Reading: talsrcimg.img
Writing: talsrcimg.4dfp.img
Writing: talsrcimg.4dfp.ifh
ifh2hdr talsrcimg -r0to206
ori=2

---------------------------------------------------------------------
gauss_4dfp talsrcimg 1.1
---------------------------------------------------------------------

freesurfer gauss_4dfp.c
Reading: talsrcimg.4dfp.img
Writing: talsrcimg_g11.4dfp.img
image dimensions 256 256 256 padded to 288 288 288
processing volume 1freesurfer ifh2hdr.c
Thu Mar 12 03:03:45 2026
Writing: talsrcimg_g11.4dfp.hdr

Writing: talsrcimg_g11.4dfp.ifh
including: talsrcimg.4dfp.img.rec in talsrcimg_g11.4dfp.img.rec

---------------------------------------------------------------------
imgreg_4dfp /opt/freesurfer/average/711-2C_as_mni_average_305 none talsrcimg_g11 none talsrcimg_to_711-2C_as_mni_average_305_t4 4355
---------------------------------------------------------------------

freesurfer imgreg_4dfp.c
/opt/freesurfer/average/711-2C_as_mni_average_305.4dfp.img
       256       256       256         1
  1.000000  1.000000  1.000000
orientation T byte_order littleendian
Reading image: /opt/freesurfer/average/711-2C_as_mni_average_305.4dfp.img
dimensions:      256       256       256
mmppix:       1.0000   -1.0000   -1.0000
center:     128.0000 -129.0000 -129.0000
talsrcimg_g11.4dfp.img
       256       256       256         1
  1.000000  1.000000  1.000000
orientation T byte_order littleendian
Reading image: talsrcimg_g11.4dfp.img
dimensions:      256       256       256
mmppix:       1.0000   -1.0000   -1.0000
center:     128.0000 -129.0000 -129.0000
t4_read: open error in t4_sub.f l:  41 t4_file(1:l)talsrcimg_to_711-2C_as_mni_average_305_t4 
t4_read: transform initialized to I4
rotation matrix determinant  1.000000
image alignment mode   4355 decimal     1103 hex
   -7.5000  -45.0000  -45.0000 8232.1270   15.5295
    0.0000  -45.0000  -45.0000 8621.0352   15.5181
    7.5000  -45.0000  -45.0000 8319.8223   15.5212
   -7.5000  -37.5000  -45.0000 8800.2686   15.4778
    0.0000  -37.5000  -45.0000 9220.3867   15.4664
    7.5000  -37.5000  -45.0000 8875.5371   15.4736
   -7.5000  -30.0000  -45.0000 9697.6953   15.4286
    0.0000  -30.0000  -45.000010164.5996   15.4195
    7.5000  -30.0000  -45.0000 9783.1699   15.4279
   -7.5000  -22.5000  -45.000010520.0605   15.3889
    0.0000  -22.5000  -45.000011027.1758   15.3800
    7.5000  -22.5000  -45.000010592.8594   15.3845
   -7.5000  -15.0000  -45.000011285.9619   15.3657
    0.0000  -15.0000  -45.000011816.3340   15.3560
    7.5000  -15.0000  -45.000011316.7148   15.3557
   -7.5000   -7.5000  -45.000012006.7803   15.3634
    0.0000   -7.5000  -45.000012526.1416   15.3529
    7.5000   -7.5000  -45.000011974.7051   15.3519
   -7.5000    0.0000  -45.000012568.4805   15.3729
    0.0000    0.0000  -45.000013095.4141   15.3610
    7.5000    0.0000  -45.000012544.7100   15.3634
   -7.5000    7.5000  -45.000012181.5195   15.3726
    0.0000    7.5000  -45.000012683.2441   15.3609
    7.5000    7.5000  -45.000012158.4541   15.3677
   -7.5000   15.0000  -45.000011708.3486   15.3649
    0.0000   15.0000  -45.000012206.1455   15.3555
    7.5000   15.0000  -45.000011680.6953   15.3635
   -7.5000   22.5000  -45.000011145.7578   15.3537
    0.0000   22.5000  -45.000011638.0312   15.3447
    7.5000   22.5000  -45.000011131.5127   15.3490
   -7.5000   30.0000  -45.000010452.1006   15.1501
    0.0000   30.0000  -45.000010916.3496   15.1405
    7.5000   30.0000  -45.000010441.3193   15.1401
   -7.5000   37.5000  -45.000010022.7627   15.1680
    0.0000   37.5000  -45.000010464.3076   15.1576
    7.5000   37.5000  -45.000010011.5723   15.1565
   -7.5000   45.0000  -45.0000 9191.5811   14.8253
    0.0000   45.0000  -45.0000 9594.9248   14.8137
    7.5000   45.0000  -45.0000 9183.1777   14.8156
   -7.5000  -45.0000  -37.5000 8686.7334   15.4968
    0.0000  -45.0000  -37.5000 9117.3965   15.4939
    7.5000  -45.0000  -37.5000 8776.3594   15.4949
   -7.5000  -37.5000  -37.5000 9305.6035   15.4449
    0.0000  -37.5000  -37.5000 9748.2930   15.4405
    7.5000  -37.5000  -37.5000 9378.1699   15.4457
   -7.5000  -30.0000  -37.500010236.2109   15.3959
    0.0000  -30.0000  -37.500010700.8857   15.3932
    7.5000  -30.0000  -37.500010303.3896   15.4011
   -7.5000  -22.5000  -37.500011113.2197   15.3574
    0.0000  -22.5000  -37.500011622.9668   15.3560
    7.5000  -22.5000  -37.500011173.7920   15.3615
   -7.5000  -15.0000  -37.500011923.0410   15.3354
    0.0000  -15.0000  -37.500012469.2393   15.3343
    7.5000  -15.0000  -37.500011974.1328   15.3353
   -7.5000   -7.5000  -37.500012633.3086   15.3323
    0.0000   -7.5000  -37.500013168.4336   15.3308
    7.5000   -7.5000  -37.500012637.6963   15.3296
   -7.5000    0.0000  -37.500013232.3184   15.3409
    0.0000    0.0000  -37.500013773.6045   15.3373
    7.5000    0.0000  -37.500013193.2803   15.3376
   -7.5000    7.5000  -37.500012798.9600   15.3401
    0.0000    7.5000  -37.500013329.7939   15.3354
    7.5000    7.5000  -37.500012784.6084   15.3401
   -7.5000   15.0000  -37.500012273.6279   15.3326
    0.0000   15.0000  -37.500012766.2305   15.3294
    7.5000   15.0000  -37.500012250.8643   15.3370
   -7.5000   22.5000  -37.500011658.6816   15.3224
    0.0000   22.5000  -37.500012150.5107   15.3209
    7.5000   22.5000  -37.500011645.0898   15.3261
   -7.5000   30.0000  -37.500010929.4102   15.1202
    0.0000   30.0000  -37.500011385.0176   15.1191
    7.5000   30.0000  -37.500010916.9785   15.1200
   -7.5000   37.5000  -37.500010484.4707   15.1374
    0.0000   37.5000  -37.500010915.8486   15.1359
    7.5000   37.5000  -37.500010484.0352   15.1346
   -7.5000   45.0000  -37.5000 9608.5312   14.7939
    0.0000   45.0000  -37.500010010.2012   14.7903
    7.5000   45.0000  -37.5000 9603.9248   14.7903
   -7.5000  -45.0000  -30.0000 9321.1270   16.1025
    0.0000  -45.0000  -30.0000 9775.1553   16.1011
    7.5000  -45.0000  -30.0000 9394.9531   16.0978
   -7.5000  -37.5000  -30.0000 9963.9971   16.0528
    0.0000  -37.5000  -30.000010436.3779   16.0496
    7.5000  -37.5000  -30.000010035.0430   16.0512
   -7.5000  -30.0000  -30.000010949.9248   16.0089
    0.0000  -30.0000  -30.000011458.8066   16.0067
    7.5000  -30.0000  -30.000011029.0498   16.0126
   -7.5000  -22.5000  -30.000011899.5283   15.9728
    0.0000  -22.5000  -30.000012461.5391   15.9720
    7.5000  -22.5000  -30.000011982.5400   15.9755
   -7.5000  -15.0000  -30.000012775.6182   15.9473
    0.0000  -15.0000  -30.000013393.3223   15.9471
    7.5000  -15.0000  -30.000012865.2109   15.9450
   -7.5000   -7.5000  -30.000013516.4541   15.9364
    0.0000   -7.5000  -30.000014115.4521   15.9360
    7.5000   -7.5000  -30.000013537.7256   15.9309
   -7.5000    0.0000  -30.000014126.1514   15.9411
    0.0000    0.0000  -30.000014736.5547   15.9389
    7.5000    0.0000  -30.000014108.7354   15.9350
   -7.5000    7.5000  -30.000013652.4668   15.9443
    0.0000    7.5000  -30.000014264.4053   15.9406
    7.5000    7.5000  -30.000013658.7451   15.9418
   -7.5000   15.0000  -30.000013074.9902   15.9432
    0.0000   15.0000  -30.000013625.0947   15.9406
    7.5000   15.0000  -30.000013058.3701   15.9461
   -7.5000   22.5000  -30.000012440.5830   15.9349
    0.0000   22.5000  -30.000012945.6377   15.9339
    7.5000   22.5000  -30.000012396.3027   15.9372
   -7.5000   30.0000  -30.000011654.4453   15.7251
    0.0000   30.0000  -30.000012108.0146   15.7248
    7.5000   30.0000  -30.000011611.7646   15.7227
   -7.5000   37.5000  -30.000011159.5977   15.7354
    0.0000   37.5000  -30.000011604.4648   15.7350
    7.5000   37.5000  -30.000011135.6396   15.7299
   -7.5000   45.0000  -30.000010232.5332   15.3838
    0.0000   45.0000  -30.000010633.9355   15.3815
    7.5000   45.0000  -30.000010192.7305   15.3775
   -7.5000  -45.0000  -22.5000 9942.8604   16.6383
    0.0000  -45.0000  -22.500010454.0967   16.6307
    7.5000  -45.0000  -22.500010009.1377   16.6248
   -7.5000  -37.5000  -22.500010607.5879   16.5920
    0.0000  -37.5000  -22.500011130.9189   16.5839
    7.5000  -37.5000  -22.500010679.8398   16.5837
   -7.5000  -30.0000  -22.500011654.7490   16.5543
    0.0000  -30.0000  -22.500012235.7764   16.5475
    7.5000  -30.0000  -22.500011748.7373   16.5515
   -7.5000  -22.5000  -22.500012679.9258   16.5199
    0.0000  -22.5000  -22.500013323.6016   16.5135
    7.5000  -22.5000  -22.500012780.4102   16.5140
   -7.5000  -15.0000  -22.500013603.3789   16.4893
    0.0000  -15.0000  -22.500014313.1533   16.4826
    7.5000  -15.0000  -22.500013703.0938   16.4761
   -7.5000   -7.5000  -22.500014414.3438   16.4703
    0.0000   -7.5000  -22.500015133.0586   16.4631
    7.5000   -7.5000  -22.500014464.5840   16.4541
   -7.5000    0.0000  -22.500015025.7793   16.4718
    0.0000    0.0000  -22.500015741.8799   16.4636
    7.5000    0.0000  -22.500015027.7979   16.4572
   -7.5000    7.5000  -22.500014526.8643   16.4799
    0.0000    7.5000  -22.500015217.6416   16.4715
    7.5000    7.5000  -22.500014528.4473   16.4708
   -7.5000   15.0000  -22.500013868.9775   16.4865
    0.0000   15.0000  -22.500014488.4697   16.4793
    7.5000   15.0000  -22.500013858.5098   16.4829
   -7.5000   22.5000  -22.500013212.4873   16.4798
    0.0000   22.5000  -22.500013762.3799   16.4732
    7.5000   22.5000  -22.500013141.2412   16.4733
   -7.5000   30.0000  -22.500012377.4287   16.2622
    0.0000   30.0000  -22.500012878.4258   16.2554
    7.5000   30.0000  -22.500012322.2158   16.2488
   -7.5000   37.5000  -22.500011837.2910   16.2650
    0.0000   37.5000  -22.500012338.1299   16.2580
    7.5000   37.5000  -22.500011827.0674   16.2490
   -7.5000   45.0000  -22.500010837.0996   15.9082
    0.0000   45.0000  -22.500011266.3682   15.9002
    7.5000   45.0000  -22.500010799.6602   15.8937
   -7.5000  -45.0000  -15.000010535.4668   17.0503
    0.0000  -45.0000  -15.000011092.0635   17.0345
    7.5000  -45.0000  -15.000010636.1113   17.0304
   -7.5000  -37.5000  -15.000011224.1592   17.0037
    0.0000  -37.5000  -15.000011801.4561   16.9892
    7.5000  -37.5000  -15.000011331.0166   16.9909
   -7.5000  -30.0000  -15.000012307.9404   16.9654
    0.0000  -30.0000  -15.000012961.2061   16.9527
    7.5000  -30.0000  -15.000012402.2207   16.9575
   -7.5000  -22.5000  -15.000013381.2910   16.9289
    0.0000  -22.5000  -15.000014132.4746   16.9155
    7.5000  -22.5000  -15.000013481.8330   16.9152
   -7.5000  -15.0000  -15.000014373.0898   16.8962
    0.0000  -15.0000  -15.000015190.7266   16.8812
    7.5000  -15.0000  -15.000014482.7891   16.8732
   -7.5000   -7.5000  -15.000015246.5010   16.8772
    0.0000   -7.5000  -15.000016108.5986   16.8611
    7.5000   -7.5000  -15.000015343.0557   16.8521
   -7.5000    0.0000  -15.000015912.7900   16.8796
    0.0000    0.0000  -15.000016721.8652   16.8633
    7.5000    0.0000  -15.000015905.2842   16.8587
   -7.5000    7.5000  -15.000015377.5361   16.8887
    0.0000    7.5000  -15.000016117.7588   16.8740
    7.5000    7.5000  -15.000015333.7637   16.8753
   -7.5000   15.0000  -15.000014662.1123   16.8958
    0.0000   15.0000  -15.000015330.6836   16.8829
    7.5000   15.0000  -15.000014608.7354   16.8873
   -7.5000   22.5000  -15.000013922.2148   16.8870
    0.0000   22.5000  -15.000014518.6787   16.8734
    7.5000   22.5000  -15.000013822.4570   16.8728
   -7.5000   30.0000  -15.000013035.3232   16.6659
    0.0000   30.0000  -15.000013609.1475   16.6509
    7.5000   30.0000  -15.000012968.1680   16.6428
   -7.5000   37.5000  -15.000012482.6797   16.6691
    0.0000   37.5000  -15.000013067.2666   16.6532
    7.5000   37.5000  -15.000012471.3330   16.6442
   -7.5000   45.0000  -15.000011432.5537   16.3125
    0.0000   45.0000  -15.000011964.0342   16.2966
    7.5000   45.0000  -15.000011404.9639   16.2917
   -7.5000  -45.0000   -7.500011141.2158   17.2789
    0.0000  -45.0000   -7.500011735.2686   17.2604
    7.5000  -45.0000   -7.500011258.5391   17.2614
   -7.5000  -37.5000   -7.500011861.6963   17.2269
    0.0000  -37.5000   -7.500012501.7344   17.2098
    7.5000  -37.5000   -7.500011980.0781   17.2160
   -7.5000  -30.0000   -7.500012981.9971   17.1800
    0.0000  -30.0000   -7.500013696.3447   17.1650
    7.5000  -30.0000   -7.500013067.4355   17.1729
   -7.5000  -22.5000   -7.500014096.4746   17.1386
    0.0000  -22.5000   -7.500014887.7861   17.1228
    7.5000  -22.5000   -7.500014160.5996   17.1248
   -7.5000  -15.0000   -7.500015112.0039   17.1086
    0.0000  -15.0000   -7.500016042.5684   17.0909
    7.5000  -15.0000   -7.500015236.8867   17.0862
   -7.5000   -7.5000   -7.500016063.8770   17.0983
    0.0000   -7.5000   -7.500017085.7188   17.0795
    7.5000   -7.5000   -7.500016211.4482   17.0747
   -7.5000    0.0000   -7.500016811.3379   17.1055
    0.0000    0.0000   -7.500017767.1035   17.0865
    7.5000    0.0000   -7.500016858.3594   17.0868
   -7.5000    7.5000   -7.500016287.7422   17.1102
    0.0000    7.5000   -7.500017098.4238   17.0928
    7.5000    7.5000   -7.500016238.6631   17.0987
   -7.5000   15.0000   -7.500015563.4404   17.1093
    0.0000   15.0000   -7.500016247.6875   17.0941
    7.5000   15.0000   -7.500015444.4287   17.1016
   -7.5000   22.5000   -7.500014718.0010   17.0942
    0.0000   22.5000   -7.500015359.6025   17.0782
    7.5000   22.5000   -7.500014568.0811   17.0800
   -7.5000   30.0000   -7.500013744.6992   16.8748
    0.0000   30.0000   -7.500014371.2334   16.8573
    7.5000   30.0000   -7.500013613.2910   16.8525
   -7.5000   37.5000   -7.500013171.7754   16.8869
    0.0000   37.5000   -7.500013835.5439   16.8684
    7.5000   37.5000   -7.500013122.4854   16.8634
   -7.5000   45.0000   -7.500012060.5039   16.5340
    0.0000   45.0000   -7.500012705.3965   16.5155
    7.5000   45.0000   -7.500012023.9541   16.5154
   -7.5000  -45.0000    0.000011646.0713   17.3291
    0.0000  -45.0000    0.000012285.8906   17.3169
    7.5000  -45.0000    0.000011761.4668   17.3207
   -7.5000  -37.5000    0.000012409.6006   17.2718
    0.0000  -37.5000    0.000013101.5557   17.2595
    7.5000  -37.5000    0.000012520.4004   17.2678
   -7.5000  -30.0000    0.000013594.1221   17.2170
    0.0000  -30.0000    0.000014338.3828   17.2070
    7.5000  -30.0000    0.000013658.2295   17.2166
   -7.5000  -22.5000    0.000014730.0947   17.1723
    0.0000  -22.5000    0.000015506.2773   17.1628
    7.5000  -22.5000    0.000014744.9941   17.1680
   -7.5000  -15.0000    0.000015780.5244   17.1463
    0.0000  -15.0000    0.000016696.5664   17.1359
    7.5000  -15.0000    0.000015851.6475   17.1359
   -7.5000   -7.5000    0.000016799.3281   17.1439
    0.0000   -7.5000    0.000017902.1738   17.1327
    7.5000   -7.5000    0.000016954.5254   17.1319
   -7.5000    0.0000    0.000017684.4844   17.1549
    0.0000    0.0000    0.000018831.2285   17.1421
    7.5000    0.0000    0.000017759.4551   17.1451
   -7.5000    7.5000    0.000017238.8398   17.1547
    0.0000    7.5000    0.000018222.4473   17.1420
    7.5000    7.5000    0.000017109.6816   17.1499
   -7.5000   15.0000    0.000016505.8906   17.1461
    0.0000   15.0000    0.000017330.8613   17.1358
    7.5000   15.0000    0.000016260.2939   17.1450
   -7.5000   22.5000    0.000015565.5195   17.1277
    0.0000   22.5000    0.000016295.2754   17.1180
    7.5000   22.5000    0.000015288.1250   17.1229
   -7.5000   30.0000    0.000014463.6123   16.9123
    0.0000   30.0000    0.000015148.8828   16.9021
    7.5000   30.0000    0.000014231.8096   16.9019
   -7.5000   37.5000    0.000013879.3896   16.9324
    0.0000   37.5000    0.000014556.4824   16.9212
    7.5000   37.5000    0.000013702.5107   16.9204
   -7.5000   45.0000    0.000012677.5781   16.5826
    0.0000   45.0000    0.000013329.8164   16.5701
    7.5000   45.0000    0.000012566.8896   16.5726
   -7.5000  -45.0000    7.500011266.5195   17.3309
    0.0000  -45.0000    7.500011878.1016   17.3276
    7.5000  -45.0000    7.500011358.8477   17.3290
   -7.5000  -37.5000    7.500012025.6094   17.2729
    0.0000  -37.5000    7.500012660.2217   17.2679
    7.5000  -37.5000    7.500012102.1084   17.2739
   -7.5000  -30.0000    7.500013164.5137   17.2183
    0.0000  -30.0000    7.500013846.9795   17.2152
    7.5000  -30.0000    7.500013216.1709   17.2241
   -7.5000  -22.5000    7.500014237.0078   17.1754
    0.0000  -22.5000    7.500014961.6465   17.1737
    7.5000  -22.5000    7.500014245.5449   17.1799
   -7.5000  -15.0000    7.500015300.8145   17.1507
    0.0000  -15.0000    7.500016124.9395   17.1494
    7.5000  -15.0000    7.500015306.1934   17.1506
   -7.5000   -7.5000    7.500016369.4551   17.1472
    0.0000   -7.5000    7.500017434.7715   17.1454
    7.5000   -7.5000    7.500016400.3516   17.1443
   -7.5000    0.0000    7.500017243.3125   17.1566
    0.0000    0.0000    7.500018488.3965   17.1526
    7.5000    0.0000    7.500017205.0488   17.1532
   -7.5000    7.5000    7.500016760.8047   17.1558
    0.0000    7.5000    7.500017853.3008   17.1504
    7.5000    7.5000    7.500016595.0195   17.1558
   -7.5000   15.0000    7.500015953.8428   17.1475
    0.0000   15.0000    7.500016883.8340   17.1439
    7.5000   15.0000    7.500015767.0713   17.1524
   -7.5000   22.5000    7.500015043.7900   17.1307
    0.0000   22.5000    7.500015821.2529   17.1289
    7.5000   22.5000    7.500014824.8311   17.1348
   -7.5000   30.0000    7.500014003.0566   16.9167
    0.0000   30.0000    7.500014657.5986   16.9153
    7.5000   30.0000    7.500013764.3672   16.9164
   -7.5000   37.5000    7.500013449.0322   16.9358
    0.0000   37.5000    7.500014043.4844   16.9340
    7.5000   37.5000    7.500013239.8643   16.9328
   -7.5000   45.0000    7.500012286.4072   16.5839
    0.0000   45.0000    7.500012850.0742   16.5798
    7.5000   45.0000    7.500012139.3037   16.5800
   -7.5000  -45.0000   15.000010743.6367   17.3371
    0.0000  -45.0000   15.000011305.2236   17.3355
    7.5000  -45.0000   15.000010764.5137   17.3317
   -7.5000  -37.5000   15.000011490.3154   17.2837
    0.0000  -37.5000   15.000012069.4678   17.2801
    7.5000  -37.5000   15.000011495.5449   17.2817
   -7.5000  -30.0000   15.000012601.5439   17.2368
    0.0000  -30.0000   15.000013238.9893   17.2344
    7.5000  -30.0000   15.000012608.5430   17.2406
   -7.5000  -22.5000   15.000013646.5684   17.1981
    0.0000  -22.5000   15.000014320.6377   17.1971
    7.5000  -22.5000   15.000013621.5049   17.2007
   -7.5000  -15.0000   15.000014668.7930   17.1704
    0.0000  -15.0000   15.000015426.2266   17.1700
    7.5000  -15.0000   15.000014667.3770   17.1675
   -7.5000   -7.5000   15.000015631.9082   17.1581
    0.0000   -7.5000   15.000016544.8613   17.1576
    7.5000   -7.5000   15.000015639.4141   17.1518
   -7.5000    0.0000   15.000016426.4805   17.1628
    0.0000    0.0000   15.000017344.3594   17.1604
    7.5000    0.0000   15.000016339.5869   17.1560
   -7.5000    7.5000   15.000015925.8506   17.1665
    0.0000    7.5000   15.000016698.1074   17.1625
    7.5000    7.5000   15.000015793.6533   17.1636
   -7.5000   15.0000   15.000015162.4365   17.1659
    0.0000   15.0000   15.000015822.4023   17.1631
    7.5000   15.0000   15.000015012.1768   17.1687
   -7.5000   22.5000   15.000014295.7871   17.1535
    0.0000   22.5000   15.000014887.3457   17.1522
    7.5000   22.5000   15.000014109.7822   17.1555
   -7.5000   30.0000   15.000013288.6279   16.9361
    0.0000   30.0000   15.000013833.8525   16.9357
    7.5000   30.0000   15.000013105.6807   16.9330
   -7.5000   37.5000   15.000012735.0566   16.9468
    0.0000   37.5000   15.000013263.1768   16.9462
    7.5000   37.5000   15.000012583.2109   16.9403
   -7.5000   45.0000   15.000011645.1338   16.5898
    0.0000   45.0000   15.000012166.8975   16.5873
    7.5000   45.0000   15.000011534.9570   16.5827
   -7.5000  -45.0000   22.500010129.5176   17.3779
    0.0000  -45.0000   22.500010650.7383   17.3700
    7.5000  -45.0000   22.500010149.9932   17.3632
   -7.5000  -37.5000   22.500010849.4141   17.3296
    0.0000  -37.5000   22.500011394.9131   17.3212
    7.5000  -37.5000   22.500010861.4229   17.3203
   -7.5000  -30.0000   22.500011901.1006   17.2897
    0.0000  -30.0000   22.500012489.4893   17.2827
    7.5000  -30.0000   22.500011901.5244   17.2864
   -7.5000  -22.5000   22.500012848.9014   17.2529
    0.0000  -22.5000   22.500013474.4502   17.2462
    7.5000  -22.5000   22.500012850.5527   17.2463
   -7.5000  -15.0000   22.500013793.5938   17.2203
    0.0000  -15.0000   22.500014471.7842   17.2133
    7.5000  -15.0000   22.500013803.2773   17.2061
   -7.5000   -7.5000   22.500014717.8682   17.2007
    0.0000   -7.5000   22.500015488.7705   17.1932
    7.5000   -7.5000   22.500014727.5654   17.1833
   -7.5000    0.0000   22.500015409.5088   17.2030
    0.0000    0.0000   22.500016155.3398   17.1944
    7.5000    0.0000   22.500015408.6602   17.1871
   -7.5000    7.5000   22.500014971.2969   17.2119
    0.0000    7.5000   22.500015598.3057   17.2031
    7.5000    7.5000   22.500014930.8818   17.2018
   -7.5000   15.0000   22.500014284.1279   17.2184
    0.0000   15.0000   22.500014860.5938   17.2110
    7.5000   15.0000   22.500014197.1631   17.2143
   -7.5000   22.5000   22.500013451.3223   17.2081
    0.0000   22.5000   22.500013990.3076   17.2012
    7.5000   22.5000   22.500013312.2744   17.2010
   -7.5000   30.0000   22.500012490.1748   16.9854
    0.0000   30.0000   22.500012979.1592   16.9783
    7.5000   30.0000   22.500012341.4033   16.9711
   -7.5000   37.5000   22.500011935.1592   16.9888
    0.0000   37.5000   22.500012416.4404   16.9814
    7.5000   37.5000   22.500011774.8135   16.9715
   -7.5000   45.0000   22.500010905.0381   16.6291
    0.0000   45.0000   22.500011366.4600   16.6207
    7.5000   45.0000   22.500010774.4541   16.6133
   -7.5000  -45.0000   30.0000 9421.9443   17.6111
    0.0000  -45.0000   30.0000 9926.8730   17.5945
    7.5000  -45.0000   30.0000 9448.1133   17.5893
   -7.5000  -37.5000   30.000010085.5938   17.5617
    0.0000  -37.5000   30.000010588.8193   17.5464
    7.5000  -37.5000   30.000010108.5723   17.5473
   -7.5000  -30.0000   30.000011038.1465   17.5214
    0.0000  -30.0000   30.000011590.8721   17.5078
    7.5000  -30.0000   30.000011079.3711   17.5120
   -7.5000  -22.5000   30.000011930.2734   17.4834
    0.0000  -22.5000   30.000012518.3389   17.4690
    7.5000  -22.5000   30.000012000.9590   17.4679
   -7.5000  -15.0000   30.000012838.1436   17.4495
    0.0000  -15.0000   30.000013491.8213   17.4333
    7.5000  -15.0000   30.000012897.6006   17.4241
   -7.5000   -7.5000   30.000013711.0430   17.4293
    0.0000   -7.5000   30.000014410.3076   17.4122
    7.5000   -7.5000   30.000013722.2031   17.4019
   -7.5000    0.0000   30.000014350.5107   17.4315
    0.0000    0.0000   30.000015013.0938   17.4144
    7.5000    0.0000   30.000014361.3447   17.4086
   -7.5000    7.5000   30.000013938.3916   17.4408
    0.0000    7.5000   30.000014554.7822   17.4252
    7.5000    7.5000   30.000013952.3682   17.4257
   -7.5000   15.0000   30.000013337.9502   17.4481
    0.0000   15.0000   30.000013912.2148   17.4343
    7.5000   15.0000   30.000013318.0713   17.4381
   -7.5000   22.5000   30.000012547.2188   17.4376
    0.0000   22.5000   30.000013061.2480   17.4230
    7.5000   22.5000   30.000012483.1777   17.4216
   -7.5000   30.0000   30.000011644.4863   17.2114
    0.0000   30.0000   30.000012112.6465   17.1953
    7.5000   30.0000   30.000011577.5664   17.1860
   -7.5000   37.5000   30.000011112.3193   17.2146
    0.0000   37.5000   30.000011585.4102   17.1978
    7.5000   37.5000   30.000011022.2314   17.1874
   -7.5000   45.0000   30.000010160.0410   16.8511
    0.0000   45.0000   30.000010599.8652   16.8344
    7.5000   45.0000   30.000010058.2754   16.8285
   -7.5000  -45.0000   37.5000 9019.5811   17.9359
    0.0000  -45.0000   37.5000 9479.1133   17.9154
    7.5000  -45.0000   37.5000 9041.6514   17.9148
   -7.5000  -37.5000   37.5000 9625.8975   17.8806
    0.0000  -37.5000   37.500010108.2305   17.8615
    7.5000  -37.5000   37.5000 9659.3467   17.8665
   -7.5000  -30.0000   37.500010543.0625   17.8304
    0.0000  -30.0000   37.500011070.7754   17.8134
    7.5000  -30.0000   37.500010594.3428   17.8200
   -7.5000  -22.5000   37.500011461.6084   17.7858
    0.0000  -22.5000   37.500012012.6084   17.7677
    7.5000  -22.5000   37.500011509.2783   17.7680
   -7.5000  -15.0000   37.500012363.9580   17.7532
    0.0000  -15.0000   37.500012955.6807   17.7333
    7.5000  -15.0000   37.500012378.7041   17.7263
   -7.5000   -7.5000   37.500013167.7402   17.7417
    0.0000   -7.5000   37.500013787.0791   17.7209
    7.5000   -7.5000   37.500013158.3525   17.7139
   -7.5000    0.0000   37.500013769.7158   17.7495
    0.0000    0.0000   37.500014372.8330   17.7286
    7.5000    0.0000   37.500013750.8252   17.7272
   -7.5000    7.5000   37.500013351.6406   17.7552
    0.0000    7.5000   37.500013931.3496   17.7358
    7.5000    7.5000   37.500013359.0771   17.7404
   -7.5000   15.0000   37.500012799.4248   17.7545
    0.0000   15.0000   37.500013348.8701   17.7372
    7.5000   15.0000   37.500012801.0244   17.7434
   -7.5000   22.5000   37.500012051.5049   17.7384
    0.0000   22.5000   37.500012548.7031   17.7201
    7.5000   22.5000   37.500012029.5312   17.7202
   -7.5000   30.0000   37.500011173.7021   17.5106
    0.0000   30.0000   37.500011631.7197   17.4908
    7.5000   30.0000   37.500011154.3408   17.4838
   -7.5000   37.5000   37.500010685.2705   17.5227
    0.0000   37.5000   37.500011130.7432   17.5022
    7.5000   37.5000   37.500010631.3359   17.4951
   -7.5000   45.0000   37.5000 9779.5859   17.1581
    0.0000   45.0000   37.500010213.1367   17.1377
    7.5000   45.0000   37.5000 9727.0479   17.1360
   -7.5000  -45.0000   45.0000 8197.2852   18.2988
    0.0000  -45.0000   45.0000 8602.1182   18.2861
    7.5000  -45.0000   45.0000 8222.4287   18.2923
   -7.5000  -37.5000   45.0000 8772.9414   18.2366
    0.0000  -37.5000   45.0000 9214.6787   18.2242
    7.5000  -37.5000   45.0000 8799.4736   18.2362
   -7.5000  -30.0000   45.0000 9647.8750   18.1745
    0.0000  -30.0000   45.000010107.5391   18.1647
    7.5000  -30.0000   45.0000 9677.1367   18.1786
   -7.5000  -22.5000   45.000010505.4248   18.1215
    0.0000  -22.5000   45.000010986.8281   18.1119
    7.5000  -22.5000   45.000010514.1865   18.1205
   -7.5000  -15.0000   45.000011335.1943   18.0902
    0.0000  -15.0000   45.000011841.7324   18.0793
    7.5000  -15.0000   45.000011308.2793   18.0814
   -7.5000   -7.5000   45.000012043.0889   18.0883
    0.0000   -7.5000   45.000012590.1260   18.0764
    7.5000   -7.5000   45.000012028.4648   18.0772
   -7.5000    0.0000   45.000012580.2803   18.1033
    0.0000    0.0000   45.000013122.0791   18.0901
    7.5000    0.0000   45.000012581.3809   18.0953
   -7.5000    7.5000   45.000012212.9395   18.1052
    0.0000    7.5000   45.000012734.6279   18.0925
    7.5000    7.5000   45.000012222.3281   18.1039
   -7.5000   15.0000   45.000011732.8652   18.0951
    0.0000   15.0000   45.000012212.7451   18.0849
    7.5000   15.0000   45.000011702.5586   18.0983
   -7.5000   22.5000   45.000011056.5283   18.0719
    0.0000   22.5000   45.000011507.6074   18.0621
    7.5000   22.5000   45.000011026.5293   18.0705
   -7.5000   30.0000   45.000010255.0732   17.8401
    0.0000   30.0000   45.000010672.6592   17.8293
    7.5000   30.0000   45.000010226.2236   17.8314
   -7.5000   37.5000   45.0000 9807.5703   17.8616
    0.0000   37.5000   45.000010223.9453   17.8498
    7.5000   37.5000   45.0000 9762.0918   17.8506
   -7.5000   45.0000   45.0000 8977.2490   17.5046
    0.0000   45.0000   45.0000 9375.3955   17.4916
    7.5000   45.0000   45.0000 8922.0625   17.4963

---------------------------------------------------------------------
imgreg_4dfp /opt/freesurfer/average/711-2C_as_mni_average_305 /opt/freesurfer/average/711-2B_as_mni_average_305_mask talsrcimg_g11 none talsrcimg_to_711-2C_as_mni_average_305_t4 4355
---------------------------------------------------------------------

freesurfer imgreg_4dfp.c
/opt/freesurfer/average/711-2C_as_mni_average_305.4dfp.img
       256       256       256         1
  1.000000  1.000000  1.000000
orientation T byte_order littleendian
Reading image: /opt/freesurfer/average/711-2C_as_mni_average_305.4dfp.img
dimensions:      256       256       256
mmppix:       1.0000   -1.0000   -1.0000
center:     128.0000 -129.0000 -129.0000
/opt/freesurfer/average/711-2B_as_mni_average_305_mask.4dfp.img
       256       256       256         1
  1.000000  1.000000  1.000000
orientation T byte_order littleendian
Reading mask: /opt/freesurfer/average/711-2B_as_mni_average_305_mask.4dfp.img (2306576 pixels)
talsrcimg_g11.4dfp.img
       256       256       256         1
  1.000000  1.000000  1.000000
orientation T byte_order littleendian
Reading image: talsrcimg_g11.4dfp.img
dimensions:      256       256       256
mmppix:       1.0000   -1.0000   -1.0000
center:     128.0000 -129.0000 -129.0000
rotation matrix determinant  1.000000
image alignment mode   4355 decimal     1103 hex
   -7.5000  -45.0000  -45.0000 2158.1514   18.2368
    0.0000  -45.0000  -45.0000 2166.4434   18.0132
    7.5000  -45.0000  -45.0000 2169.9158   18.0366
   -7.5000  -37.5000  -45.0000 2241.8376   16.7627
    0.0000  -37.5000  -45.0000 2256.5159   16.5817
    7.5000  -37.5000  -45.0000 2253.6233   16.5870
   -7.5000  -30.0000  -45.0000 2305.3687   15.7008
    0.0000  -30.0000  -45.0000 2327.8608   15.4929
    7.5000  -30.0000  -45.0000 2328.6912   15.5167
   -7.5000  -22.5000  -45.0000 2349.5776   14.9603
    0.0000  -22.5000  -45.0000 2378.4316   14.7340
    7.5000  -22.5000  -45.0000 2374.6914   14.7531
   -7.5000  -15.0000  -45.0000 2383.0642   14.4902
    0.0000  -15.0000  -45.0000 2416.8691   14.2688
    7.5000  -15.0000  -45.0000 2405.0232   14.2743
   -7.5000   -7.5000  -45.0000 2407.9604   14.2846
    0.0000   -7.5000  -45.0000 2432.0435   14.0349
    7.5000   -7.5000  -45.0000 2423.7739   14.0308
   -7.5000    0.0000  -45.0000 2404.5842   14.3168
    0.0000    0.0000  -45.0000 2428.5225   14.0541
    7.5000    0.0000  -45.0000 2424.0872   14.0534
   -7.5000    7.5000  -45.0000 2381.0386   14.5945
    0.0000    7.5000  -45.0000 2403.4778   14.3447
    7.5000    7.5000  -45.0000 2400.7126   14.3907
   -7.5000   15.0000  -45.0000 2332.3462   15.1700
    0.0000   15.0000  -45.0000 2358.8923   14.9349
    7.5000   15.0000  -45.0000 2347.8479   15.0043
   -7.5000   22.5000  -45.0000 2269.5208   15.9950
    0.0000   22.5000  -45.0000 2298.8420   15.7866
    7.5000   22.5000  -45.0000 2284.3281   15.8310
   -7.5000   30.0000  -45.0000 2191.8147   17.1800
    0.0000   30.0000  -45.0000 2212.1265   16.9814
    7.5000   30.0000  -45.0000 2202.7417   17.0497
   -7.5000   37.5000  -45.0000 2106.0605   18.8687
    0.0000   37.5000  -45.0000 2119.4133   18.6808
    7.5000   37.5000  -45.0000 2111.8958   18.7317
   -7.5000   45.0000  -45.0000 2001.4740   21.1313
    0.0000   45.0000  -45.0000 2014.0857   20.9845
    7.5000   45.0000  -45.0000 2002.0048   21.0627
   -7.5000  -45.0000  -37.5000 2223.3762   17.1614
    0.0000  -45.0000  -37.5000 2240.0686   17.0257
    7.5000  -45.0000  -37.5000 2237.1370   17.0101
   -7.5000  -37.5000  -37.5000 2320.4084   15.7387
    0.0000  -37.5000  -37.5000 2336.9905   15.5973
    7.5000  -37.5000  -37.5000 2333.7708   15.5988
   -7.5000  -30.0000  -37.5000 2385.8235   14.7103
    0.0000  -30.0000  -37.5000 2404.5037   14.5369
    7.5000  -30.0000  -37.5000 2406.6011   14.5506
   -7.5000  -22.5000  -37.5000 2435.2278   13.9695
    0.0000  -22.5000  -37.5000 2460.6147   13.7993
    7.5000  -22.5000  -37.5000 2460.3115   13.8084
   -7.5000  -15.0000  -37.5000 2467.5662   13.5392
    0.0000  -15.0000  -37.5000 2499.0205   13.3355
    7.5000  -15.0000  -37.5000 2495.3206   13.3587
   -7.5000   -7.5000  -37.5000 2487.3726   13.3139
    0.0000   -7.5000  -37.5000 2514.1519   13.0905
    7.5000   -7.5000  -37.5000 2511.4568   13.1264
   -7.5000    0.0000  -37.5000 2492.3879   13.3139
    0.0000    0.0000  -37.5000 2514.9529   13.0733
    7.5000    0.0000  -37.5000 2510.1709   13.1120
   -7.5000    7.5000  -37.5000 2473.4124   13.5618
    0.0000    7.5000  -37.5000 2496.4771   13.3416
    7.5000    7.5000  -37.5000 2491.2263   13.3890
   -7.5000   15.0000  -37.5000 2423.1116   14.0173
    0.0000   15.0000  -37.5000 2445.1443   13.8244
    7.5000   15.0000  -37.5000 2438.3755   13.8940
   -7.5000   22.5000  -37.5000 2357.0706   14.7429
    0.0000   22.5000  -37.5000 2382.5757   14.5624
    7.5000   22.5000  -37.5000 2367.3743   14.6272
   -7.5000   30.0000  -37.5000 2271.3264   15.8163
    0.0000   30.0000  -37.5000 2292.5464   15.6340
    7.5000   30.0000  -37.5000 2281.0867   15.6972
   -7.5000   37.5000  -37.5000 2178.5020   17.3539
    0.0000   37.5000  -37.5000 2191.9365   17.1907
    7.5000   37.5000  -37.5000 2184.5007   17.2489
   -7.5000   45.0000  -37.5000 2070.6611   19.4290
    0.0000   45.0000  -37.5000 2085.8484   19.2586
    7.5000   45.0000  -37.5000 2075.7510   19.3351
   -7.5000  -45.0000  -30.0000 2330.3599   16.8065
    0.0000  -45.0000  -30.0000 2348.8308   16.6838
    7.5000  -45.0000  -30.0000 2341.7444   16.6962
   -7.5000  -37.5000  -30.0000 2432.4377   15.3431
    0.0000  -37.5000  -30.0000 2449.4856   15.2055
    7.5000  -37.5000  -30.0000 2446.5972   15.2255
   -7.5000  -30.0000  -30.0000 2507.7275   14.2683
    0.0000  -30.0000  -30.0000 2525.9749   14.1000
    7.5000  -30.0000  -30.0000 2527.8835   14.1392
   -7.5000  -22.5000  -30.0000 2566.8010   13.5270
    0.0000  -22.5000  -30.0000 2588.7219   13.3650
    7.5000  -22.5000  -30.0000 2589.6426   13.3928
   -7.5000  -15.0000  -30.0000 2601.3252   13.0931
    0.0000  -15.0000  -30.0000 2631.9023   12.9035
    7.5000  -15.0000  -30.0000 2630.5889   12.9457
   -7.5000   -7.5000  -30.0000 2620.2920   12.8534
    0.0000   -7.5000  -30.0000 2645.2656   12.6711
    7.5000   -7.5000  -30.0000 2641.9951   12.7163
   -7.5000    0.0000  -30.0000 2627.3853   12.8294
    0.0000    0.0000  -30.0000 2650.2219   12.6111
    7.5000    0.0000  -30.0000 2643.7595   12.6670
   -7.5000    7.5000  -30.0000 2607.8406   13.0338
    0.0000    7.5000  -30.0000 2637.8713   12.8215
    7.5000    7.5000  -30.0000 2629.1633   12.8713
   -7.5000   15.0000  -30.0000 2560.0149   13.4441
    0.0000   15.0000  -30.0000 2588.3662   13.2617
    7.5000   15.0000  -30.0000 2576.6201   13.3212
   -7.5000   22.5000  -30.0000 2496.0254   14.1076
    0.0000   22.5000  -30.0000 2519.3066   13.9215
    7.5000   22.5000  -30.0000 2501.4597   14.0097
   -7.5000   30.0000  -30.0000 2407.3989   15.1260
    0.0000   30.0000  -30.0000 2425.6306   14.9349
    7.5000   30.0000  -30.0000 2409.0566   15.0082
   -7.5000   37.5000  -30.0000 2304.7720   16.5670
    0.0000   37.5000  -30.0000 2318.7830   16.3749
    7.5000   37.5000  -30.0000 2305.5728   16.4342
   -7.5000   45.0000  -30.0000 2192.2644   18.4975
    0.0000   45.0000  -30.0000 2200.3386   18.2489
    7.5000   45.0000  -30.0000 2187.3931   18.3595
   -7.5000  -45.0000  -22.5000 2400.1741   16.4151
    0.0000  -45.0000  -22.5000 2421.4524   16.2901
    7.5000  -45.0000  -22.5000 2412.2212   16.2604
   -7.5000  -37.5000  -22.5000 2504.4250   14.9011
    0.0000  -37.5000  -22.5000 2520.3882   14.7665
    7.5000  -37.5000  -22.5000 2518.5044   14.7645
   -7.5000  -30.0000  -22.5000 2593.9668   13.7930
    0.0000  -30.0000  -22.5000 2614.6379   13.6466
    7.5000  -30.0000  -22.5000 2617.1338   13.6531
   -7.5000  -22.5000  -22.5000 2664.0669   13.0247
    0.0000  -22.5000  -22.5000 2689.2449   12.8746
    7.5000  -22.5000  -22.5000 2687.4834   12.8952
   -7.5000  -15.0000  -22.5000 2703.8779   12.5569
    0.0000  -15.0000  -22.5000 2735.4011   12.4104
    7.5000  -15.0000  -22.5000 2729.5906   12.4358
   -7.5000   -7.5000  -22.5000 2729.2224   12.3456
    0.0000   -7.5000  -22.5000 2757.6758   12.1656
    7.5000   -7.5000  -22.5000 2750.3225   12.2230
   -7.5000    0.0000  -22.5000 2736.5808   12.3048
    0.0000    0.0000  -22.5000 2767.2310   12.0922
    7.5000    0.0000  -22.5000 2756.5344   12.1313
   -7.5000    7.5000  -22.5000 2720.4863   12.4915
    0.0000    7.5000  -22.5000 2753.7512   12.2672
    7.5000    7.5000  -22.5000 2739.4861   12.3159
   -7.5000   15.0000  -22.5000 2669.9790   12.8845
    0.0000   15.0000  -22.5000 2698.9976   12.6782
    7.5000   15.0000  -22.5000 2686.1228   12.7434
   -7.5000   22.5000  -22.5000 2608.8645   13.4976
    0.0000   22.5000  -22.5000 2631.3682   13.3021
    7.5000   22.5000  -22.5000 2611.3694   13.3901
   -7.5000   30.0000  -22.5000 2515.4370   14.4202
    0.0000   30.0000  -22.5000 2535.2651   14.2301
    7.5000   30.0000  -22.5000 2518.1116   14.3166
   -7.5000   37.5000  -22.5000 2403.5437   15.7695
    0.0000   37.5000  -22.5000 2420.4204   15.5851
    7.5000   37.5000  -22.5000 2406.8110   15.6630
   -7.5000   45.0000  -22.5000 2281.3262   17.5789
    0.0000   45.0000  -22.5000 2291.7830   17.3642
    7.5000   45.0000  -22.5000 2279.4568   17.4339
   -7.5000  -45.0000  -15.0000 2428.5991   16.0626
    0.0000  -45.0000  -15.0000 2452.6489   15.9023
    7.5000  -45.0000  -15.0000 2448.0935   15.8737
   -7.5000  -37.5000  -15.0000 2534.6162   14.5015
    0.0000  -37.5000  -15.0000 2555.1252   14.3558
    7.5000  -37.5000  -15.0000 2559.2869   14.3585
   -7.5000  -30.0000  -15.0000 2635.5952   13.3447
    0.0000  -30.0000  -15.0000 2656.1882   13.1889
    7.5000  -30.0000  -15.0000 2659.3513   13.1926
   -7.5000  -22.5000  -15.0000 2717.8191   12.5402
    0.0000  -22.5000  -15.0000 2748.3760   12.3946
    7.5000  -22.5000  -15.0000 2740.8191   12.3949
   -7.5000  -15.0000  -15.0000 2770.7009   12.0718
    0.0000  -15.0000  -15.0000 2801.9468   11.9329
    7.5000  -15.0000  -15.0000 2793.3750   11.9352
   -7.5000   -7.5000  -15.0000 2798.0381   11.8646
    0.0000   -7.5000  -15.0000 2836.5815   11.7015
    7.5000   -7.5000  -15.0000 2822.1526   11.7323
   -7.5000    0.0000  -15.0000 2810.0173   11.8443
    0.0000    0.0000  -15.0000 2847.8230   11.6241
    7.5000    0.0000  -15.0000 2829.8452   11.6661
   -7.5000    7.5000  -15.0000 2795.4739   12.0096
    0.0000    7.5000  -15.0000 2832.0342   11.7683
    7.5000    7.5000  -15.0000 2813.5071   11.8172
   -7.5000   15.0000  -15.0000 2747.0105   12.3806
    0.0000   15.0000  -15.0000 2775.5913   12.1645
    7.5000   15.0000  -15.0000 2761.8333   12.2166
   -7.5000   22.5000  -15.0000 2680.7844   12.9808
    0.0000   22.5000  -15.0000 2702.7822   12.7693
    7.5000   22.5000  -15.0000 2685.4058   12.8255
   -7.5000   30.0000  -15.0000 2582.3120   13.8517
    0.0000   30.0000  -15.0000 2605.6660   13.6473
    7.5000   30.0000  -15.0000 2588.8267   13.7333
   -7.5000   37.5000  -15.0000 2467.6860   15.1302
    0.0000   37.5000  -15.0000 2485.4841   14.9459
    7.5000   37.5000  -15.0000 2477.0300   15.0518
   -7.5000   45.0000  -15.0000 2340.7520   16.8771
    0.0000   45.0000  -15.0000 2360.9700   16.6336
    7.5000   45.0000  -15.0000 2345.4373   16.7434
   -7.5000  -45.0000   -7.5000 2434.2771   15.7444
    0.0000  -45.0000   -7.5000 2455.5813   15.5471
    7.5000  -45.0000   -7.5000 2460.9453   15.5595
   -7.5000  -37.5000   -7.5000 2545.8333   14.1752
    0.0000  -37.5000   -7.5000 2565.0947   14.0163
    7.5000  -37.5000   -7.5000 2577.1448   14.0271
   -7.5000  -30.0000   -7.5000 2649.3472   12.9897
    0.0000  -30.0000   -7.5000 2670.3245   12.8307
    7.5000  -30.0000   -7.5000 2674.2771   12.8159
   -7.5000  -22.5000   -7.5000 2745.3540   12.1509
    0.0000  -22.5000   -7.5000 2771.0867   12.0105
    7.5000  -22.5000   -7.5000 2769.6755   11.9717
   -7.5000  -15.0000   -7.5000 2804.1150   11.6601
    0.0000  -15.0000   -7.5000 2834.7849   11.5420
    7.5000  -15.0000   -7.5000 2832.7441   11.5142
   -7.5000   -7.5000   -7.5000 2839.4463   11.4544
    0.0000   -7.5000   -7.5000 2880.3047   11.3277
    7.5000   -7.5000   -7.5000 2872.4055   11.3121
   -7.5000    0.0000   -7.5000 2857.1150   11.4341
    0.0000    0.0000   -7.5000 2894.4705   11.2722
    7.5000    0.0000   -7.5000 2880.1875   11.2891
   -7.5000    7.5000   -7.5000 2847.6262   11.5997
    0.0000    7.5000   -7.5000 2881.2510   11.4032
    7.5000    7.5000   -7.5000 2863.7971   11.4518
   -7.5000   15.0000   -7.5000 2805.6313   11.9479
    0.0000   15.0000   -7.5000 2827.2559   11.7515
    7.5000   15.0000   -7.5000 2809.7976   11.8139
   -7.5000   22.5000   -7.5000 2731.2419   12.5437
    0.0000   22.5000   -7.5000 2752.0532   12.3526
    7.5000   22.5000   -7.5000 2731.5916   12.4085
   -7.5000   30.0000   -7.5000 2623.7449   13.3973
    0.0000   30.0000   -7.5000 2645.6150   13.2161
    7.5000   30.0000   -7.5000 2625.7258   13.2813
   -7.5000   37.5000   -7.5000 2506.1946   14.6410
    0.0000   37.5000   -7.5000 2527.9670   14.4676
    7.5000   37.5000   -7.5000 2516.6182   14.5481
   -7.5000   45.0000   -7.5000 2376.9468   16.3372
    0.0000   45.0000   -7.5000 2399.8372   16.1352
    7.5000   45.0000   -7.5000 2385.1736   16.2531
   -7.5000  -45.0000    0.0000 2427.4897   15.5587
    0.0000  -45.0000    0.0000 2446.4194   15.3954
    7.5000  -45.0000    0.0000 2453.1780   15.4134
   -7.5000  -37.5000    0.0000 2539.2751   13.9576
    0.0000  -37.5000    0.0000 2560.3184   13.8302
    7.5000  -37.5000    0.0000 2569.1497   13.8157
   -7.5000  -30.0000    0.0000 2650.6804   12.7529
    0.0000  -30.0000    0.0000 2668.7617   12.6359
    7.5000  -30.0000    0.0000 2673.1038   12.6125
   -7.5000  -22.5000    0.0000 2751.2773   11.9136
    0.0000  -22.5000    0.0000 2774.4268   11.7618
    7.5000  -22.5000    0.0000 2774.3381   11.7558
   -7.5000  -15.0000    0.0000 2818.0701   11.4108
    0.0000  -15.0000    0.0000 2849.4758   11.2651
    7.5000  -15.0000    0.0000 2849.1990   11.2532
   -7.5000   -7.5000    0.0000 2868.9656   11.2240
    0.0000   -7.5000    0.0000 2908.8318   11.1055
    7.5000   -7.5000    0.0000 2906.3816   11.0693
   -7.5000    0.0000    0.0000 2888.8718   11.2122
    0.0000    0.0000    0.0000 2932.9912   11.1072
    7.5000    0.0000    0.0000 2913.8931   11.1002
   -7.5000    7.5000    0.0000 2884.5757   11.3960
    0.0000    7.5000    0.0000 2917.5938   11.2824
    7.5000    7.5000    0.0000 2884.7251   11.2918
   -7.5000   15.0000    0.0000 2841.9712   11.7490
    0.0000   15.0000    0.0000 2858.8245   11.6282
    7.5000   15.0000    0.0000 2826.7244   11.6504
   -7.5000   22.5000    0.0000 2761.4729   12.3207
    0.0000   22.5000    0.0000 2774.2349   12.1980
    7.5000   22.5000    0.0000 2749.7559   12.2016
   -7.5000   30.0000    0.0000 2648.1750   13.1644
    0.0000   30.0000    0.0000 2663.9521   13.0273
    7.5000   30.0000    0.0000 2643.2444   13.0279
   -7.5000   37.5000    0.0000 2526.6099   14.3670
    0.0000   37.5000    0.0000 2542.0986   14.2224
    7.5000   37.5000    0.0000 2525.2153   14.2440
   -7.5000   45.0000    0.0000 2397.7751   16.0312
    0.0000   45.0000    0.0000 2412.6230   15.8845
    7.5000   45.0000    0.0000 2398.1060   15.9406
   -7.5000  -45.0000    7.5000 2402.7466   15.6409
    0.0000  -45.0000    7.5000 2424.9607   15.4594
    7.5000  -45.0000    7.5000 2430.8911   15.4804
   -7.5000  -37.5000    7.5000 2517.5330   14.0063
    0.0000  -37.5000    7.5000 2537.1541   13.8158
    7.5000  -37.5000    7.5000 2546.6433   13.8672
   -7.5000  -30.0000    7.5000 2633.4290   12.7561
    0.0000  -30.0000    7.5000 2651.0071   12.5828
    7.5000  -30.0000    7.5000 2657.2158   12.6370
   -7.5000  -22.5000    7.5000 2733.1501   11.8895
    0.0000  -22.5000    7.5000 2761.9121   11.7028
    7.5000  -22.5000    7.5000 2763.0327   11.7526
   -7.5000  -15.0000    7.5000 2816.2314   11.3695
    0.0000  -15.0000    7.5000 2849.5889   11.2122
    7.5000  -15.0000    7.5000 2844.5811   11.2362
   -7.5000   -7.5000    7.5000 2880.2151   11.1534
    0.0000   -7.5000    7.5000 2922.9624   11.0516
    7.5000   -7.5000    7.5000 2909.2158   11.0326
   -7.5000    0.0000    7.5000 2909.5754   11.1224
    0.0000    0.0000    7.5000 2962.9246   11.0446
    7.5000    0.0000    7.5000 2928.4609   11.0222
   -7.5000    7.5000    7.5000 2905.8252   11.2944
    0.0000    7.5000    7.5000 2937.8164   11.2205
    7.5000    7.5000    7.5000 2899.1548   11.1942
   -7.5000   15.0000    7.5000 2850.5779   11.6380
    0.0000   15.0000    7.5000 2869.4468   11.5464
    7.5000   15.0000    7.5000 2835.2803   11.5710
   -7.5000   22.5000    7.5000 2772.3167   12.2280
    0.0000   22.5000    7.5000 2779.9497   12.1062
    7.5000   22.5000    7.5000 2748.8513   12.1721
   -7.5000   30.0000    7.5000 2655.2310   13.1169
    0.0000   30.0000    7.5000 2661.0476   12.9725
    7.5000   30.0000    7.5000 2638.1926   13.0337
   -7.5000   37.5000    7.5000 2531.5928   14.3093
    0.0000   37.5000    7.5000 2539.2322   14.1465
    7.5000   37.5000    7.5000 2522.8440   14.2077
   -7.5000   45.0000    7.5000 2403.3718   15.9357
    0.0000   45.0000    7.5000 2410.5820   15.7364
    7.5000   45.0000    7.5000 2395.4272   15.7755
   -7.5000  -45.0000   15.0000 2364.4614   15.9871
    0.0000  -45.0000   15.0000 2387.3162   15.7310
    7.5000  -45.0000   15.0000 2390.7236   15.7827
   -7.5000  -37.5000   15.0000 2477.9136   14.3208
    0.0000  -37.5000   15.0000 2497.2178   14.0754
    7.5000  -37.5000   15.0000 2503.8081   14.1297
   -7.5000  -30.0000   15.0000 2593.0166   13.0212
    0.0000  -30.0000   15.0000 2610.5149   12.8206
    7.5000  -30.0000   15.0000 2613.1914   12.9059
   -7.5000  -22.5000   15.0000 2700.8191   12.0908
    0.0000  -22.5000   15.0000 2722.6326   11.9100
    7.5000  -22.5000   15.0000 2718.2188   11.9979
   -7.5000  -15.0000   15.0000 2796.1194   11.5233
    0.0000  -15.0000   15.0000 2825.5403   11.3669
    7.5000  -15.0000   15.0000 2814.3594   11.4486
   -7.5000   -7.5000   15.0000 2866.5876   11.2563
    0.0000   -7.5000   15.0000 2899.9692   11.1183
    7.5000   -7.5000   15.0000 2885.6626   11.1647
   -7.5000    0.0000   15.0000 2909.6711   11.1712
    0.0000    0.0000   15.0000 2945.2566   11.0257
    7.5000    0.0000   15.0000 2911.1406   11.0894
   -7.5000    7.5000   15.0000 2897.3362   11.3476
    0.0000    7.5000   15.0000 2922.0884   11.1806
    7.5000    7.5000   15.0000 2883.8323   11.2705
   -7.5000   15.0000   15.0000 2834.6750   11.7128
    0.0000   15.0000   15.0000 2851.8657   11.5338
    7.5000   15.0000   15.0000 2816.1460   11.6608
   -7.5000   22.5000   15.0000 2752.4539   12.3166
    0.0000   22.5000   15.0000 2762.2832   12.1635
    7.5000   22.5000   15.0000 2729.7659   12.2915
   -7.5000   30.0000   15.0000 2634.6418   13.2357
    0.0000   30.0000   15.0000 2640.3315   13.0996
    7.5000   30.0000   15.0000 2620.0288   13.2194
   -7.5000   37.5000   15.0000 2504.1125   14.4845
    0.0000   37.5000   15.0000 2511.1321   14.3296
    7.5000   37.5000   15.0000 2499.9104   14.4082
   -7.5000   45.0000   15.0000 2378.0403   16.0453
    0.0000   45.0000   15.0000 2387.0195   15.8636
    7.5000   45.0000   15.0000 2371.5640   15.9102
   -7.5000  -45.0000   22.5000 2325.0369   16.6141
    0.0000  -45.0000   22.5000 2343.5312   16.3318
    7.5000  -45.0000   22.5000 2340.6602   16.4176
   -7.5000  -37.5000   22.5000 2439.1377   14.8385
    0.0000  -37.5000   22.5000 2450.4702   14.5738
    7.5000  -37.5000   22.5000 2450.2046   14.7023
   -7.5000  -30.0000   22.5000 2549.5461   13.4667
    0.0000  -30.0000   22.5000 2560.8691   13.2530
    7.5000  -30.0000   22.5000 2560.5552   13.3833
   -7.5000  -22.5000   22.5000 2654.1660   12.4986
    0.0000  -22.5000   22.5000 2675.4189   12.2904
    7.5000  -22.5000   22.5000 2669.2671   12.4078
   -7.5000  -15.0000   22.5000 2753.1477   11.8575
    0.0000  -15.0000   22.5000 2780.4673   11.6593
    7.5000  -15.0000   22.5000 2769.4226   11.7715
   -7.5000   -7.5000   22.5000 2830.0127   11.5500
    0.0000   -7.5000   22.5000 2857.3831   11.3786
    7.5000   -7.5000   22.5000 2844.6899   11.4645
   -7.5000    0.0000   22.5000 2869.1194   11.4416
    0.0000    0.0000   22.5000 2898.9185   11.2632
    7.5000    0.0000   22.5000 2870.2793   11.3696
   -7.5000    7.5000   22.5000 2865.0828   11.6095
    0.0000    7.5000   22.5000 2884.3472   11.3946
    7.5000    7.5000   22.5000 2853.2268   11.5509
   -7.5000   15.0000   22.5000 2802.0740   12.0325
    0.0000   15.0000   22.5000 2815.5049   11.8239
    7.5000   15.0000   22.5000 2786.6143   11.9806
   -7.5000   22.5000   22.5000 2721.7300   12.6528
    0.0000   22.5000   22.5000 2733.4619   12.4595
    7.5000   22.5000   22.5000 2702.2087   12.5824
   -7.5000   30.0000   22.5000 2611.0522   13.5271
    0.0000   30.0000   22.5000 2620.0674   13.3548
    7.5000   30.0000   22.5000 2597.3420   13.4668
   -7.5000   37.5000   22.5000 2478.0808   14.7427
    0.0000   37.5000   22.5000 2488.0989   14.5648
    7.5000   37.5000   22.5000 2475.4021   14.6491
   -7.5000   45.0000   22.5000 2344.6787   16.3223
    0.0000   45.0000   22.5000 2353.6226   16.1302
    7.5000   45.0000   22.5000 2341.7144   16.1775
   -7.5000  -45.0000   30.0000 2274.1116   17.4647
    0.0000  -45.0000   30.0000 2291.3469   17.2042
    7.5000  -45.0000   30.0000 2285.3210   17.3615
   -7.5000  -37.5000   30.0000 2386.0334   15.5459
    0.0000  -37.5000   30.0000 2397.2747   15.2842
    7.5000  -37.5000   30.0000 2391.5366   15.4676
   -7.5000  -30.0000   30.0000 2493.9995   14.1128
    0.0000  -30.0000   30.0000 2510.5469   13.8665
    7.5000  -30.0000   30.0000 2501.8599   14.0745
   -7.5000  -22.5000   30.0000 2600.0186   13.0664
    0.0000  -22.5000   30.0000 2618.8989   12.8598
    7.5000  -22.5000   30.0000 2608.3872   13.0544
   -7.5000  -15.0000   30.0000 2694.3308   12.3963
    0.0000  -15.0000   30.0000 2717.9680   12.2060
    7.5000  -15.0000   30.0000 2704.1511   12.3811
   -7.5000   -7.5000   30.0000 2769.9380   12.0996
    0.0000   -7.5000   30.0000 2794.7278   11.9027
    7.5000   -7.5000   30.0000 2776.0205   12.0207
   -7.5000    0.0000   30.0000 2804.8694   11.9590
    0.0000    0.0000   30.0000 2829.2756   11.7605
    7.5000    0.0000   30.0000 2801.3345   11.9053
   -7.5000    7.5000   30.0000 2796.4512   12.1336
    0.0000    7.5000   30.0000 2818.9492   11.8980
    7.5000    7.5000   30.0000 2793.0935   12.0876
   -7.5000   15.0000   30.0000 2738.8086   12.5800
    0.0000   15.0000   30.0000 2758.0864   12.3538
    7.5000   15.0000   30.0000 2735.8213   12.4940
   -7.5000   22.5000   30.0000 2665.4019   13.1732
    0.0000   22.5000   30.0000 2676.8108   12.9592
    7.5000   22.5000   30.0000 2656.3225   13.0935
   -7.5000   30.0000   30.0000 2564.0178   13.9994
    0.0000   30.0000   30.0000 2572.0374   13.8175
    7.5000   30.0000   30.0000 2560.3469   13.9149
   -7.5000   37.5000   30.0000 2440.7144   15.2084
    0.0000   37.5000   30.0000 2453.4067   15.0074
    7.5000   37.5000   30.0000 2436.2927   15.0921
   -7.5000   45.0000   30.0000 2305.0986   16.8115
    0.0000   45.0000   30.0000 2318.1035   16.5838
    7.5000   45.0000   30.0000 2303.0159   16.6492
   -7.5000  -45.0000   37.5000 2221.3389   18.5534
    0.0000  -45.0000   37.5000 2238.7893   18.3012
    7.5000  -45.0000   37.5000 2229.6929   18.4964
   -7.5000  -37.5000   37.5000 2333.2693   16.4920
    0.0000  -37.5000   37.5000 2344.9802   16.2191
    7.5000  -37.5000   37.5000 2335.8950   16.4754
   -7.5000  -30.0000   37.5000 2437.3506   14.9679
    0.0000  -30.0000   37.5000 2452.5884   14.7318
    7.5000  -30.0000   37.5000 2440.7515   14.9830
   -7.5000  -22.5000   37.5000 2539.8535   13.8624
    0.0000  -22.5000   37.5000 2562.6606   13.6641
    7.5000  -22.5000   37.5000 2546.5847   13.8887
   -7.5000  -15.0000   37.5000 2631.7217   13.2063
    0.0000  -15.0000   37.5000 2654.1467   12.9889
    7.5000  -15.0000   37.5000 2632.9041   13.1857
   -7.5000   -7.5000   37.5000 2702.9336   12.8324
    0.0000   -7.5000   37.5000 2722.8958   12.6234
    7.5000   -7.5000   37.5000 2697.1851   12.7922
   -7.5000    0.0000   37.5000 2726.0212   12.6824
    0.0000    0.0000   37.5000 2748.4304   12.4584
    7.5000    0.0000   37.5000 2713.0811   12.6530
   -7.5000    7.5000   37.5000 2711.6345   12.8523
    0.0000    7.5000   37.5000 2734.5059   12.6195
    7.5000    7.5000   37.5000 2708.6445   12.7934
   -7.5000   15.0000   37.5000 2665.3491   13.2558
    0.0000   15.0000   37.5000 2686.2974   13.0529
    7.5000   15.0000   37.5000 2664.6194   13.2087
   -7.5000   22.5000   37.5000 2600.7600   13.8677
    0.0000   22.5000   37.5000 2612.1848   13.6530
    7.5000   22.5000   37.5000 2593.8430   13.8221
   -7.5000   30.0000   37.5000 2506.6038   14.6809
    0.0000   30.0000   37.5000 2516.6914   14.4736
    7.5000   30.0000   37.5000 2503.1235   14.6210
   -7.5000   37.5000   37.5000 2397.0161   15.8676
    0.0000   37.5000   37.5000 2403.4417   15.6631
    7.5000   37.5000   37.5000 2386.9617   15.7584
   -7.5000   45.0000   37.5000 2259.5549   17.4861
    0.0000   45.0000   37.5000 2275.1086   17.2747
    7.5000   45.0000   37.5000 2260.3286   17.3514
   -7.5000  -45.0000   45.0000 2157.8611   19.8568
    0.0000  -45.0000   45.0000 2175.6343   19.5970
    7.5000  -45.0000   45.0000 2163.9858   19.8576
   -7.5000  -37.5000   45.0000 2270.0854   17.7086
    0.0000  -37.5000   45.0000 2288.1208   17.4366
    7.5000  -37.5000   45.0000 2270.9082   17.6986
   -7.5000  -30.0000   45.0000 2375.8203   16.0813
    0.0000  -30.0000   45.0000 2392.1533   15.8662
    7.5000  -30.0000   45.0000 2372.9932   16.1332
   -7.5000  -22.5000   45.0000 2475.6375   14.9087
    0.0000  -22.5000   45.0000 2491.2080   14.7054
    7.5000  -22.5000   45.0000 2467.6611   14.9637
   -7.5000  -15.0000   45.0000 2561.5945   14.1854
    0.0000  -15.0000   45.0000 2576.0706   13.9866
    7.5000  -15.0000   45.0000 2548.7954   14.1851
   -7.5000   -7.5000   45.0000 2621.1355   13.7393
    0.0000   -7.5000   45.0000 2638.7803   13.5482
    7.5000   -7.5000   45.0000 2606.8096   13.7415
   -7.5000    0.0000   45.0000 2636.9014   13.5887
    0.0000    0.0000   45.0000 2652.5469   13.3766
    7.5000    0.0000   45.0000 2623.5293   13.5902
   -7.5000    7.5000   45.0000 2621.9700   13.7630
    0.0000    7.5000   45.0000 2636.9448   13.5255
    7.5000    7.5000   45.0000 2616.9531   13.7332
   -7.5000   15.0000   45.0000 2584.1697   14.1379
    0.0000   15.0000   45.0000 2591.4148   13.9104
    7.5000   15.0000   45.0000 2572.5139   14.0849
   -7.5000   22.5000   45.0000 2519.7554   14.7182
    0.0000   22.5000   45.0000 2531.1445   14.5152
    7.5000   22.5000   45.0000 2512.8027   14.6573
   -7.5000   30.0000   45.0000 2442.0247   15.4944
    0.0000   30.0000   45.0000 2450.2158   15.3126
    7.5000   30.0000   45.0000 2433.7668   15.4772
   -7.5000   37.5000   45.0000 2343.8005   16.6680
    0.0000   37.5000   45.0000 2351.0505   16.4773
    7.5000   37.5000   45.0000 2332.2239   16.6279
   -7.5000   45.0000   45.0000 2210.4438   18.3010
    0.0000   45.0000   45.0000 2220.2974   18.1005
    7.5000   45.0000   45.0000 2202.4861   18.1964

---------------------------------------------------------------------
imgreg_4dfp /opt/freesurfer/average/711-2C_as_mni_average_305 /opt/freesurfer/average/711-2B_as_mni_average_305_mask talsrcimg_g11 none talsrcimg_to_711-2C_as_mni_average_305_t4 1283
---------------------------------------------------------------------

freesurfer imgreg_4dfp.c
/opt/freesurfer/average/711-2C_as_mni_average_305.4dfp.img
       256       256       256         1
  1.000000  1.000000  1.000000
orientation T byte_order littleendian
Reading image: /opt/freesurfer/average/711-2C_as_mni_average_305.4dfp.img
dimensions:      256       256       256
mmppix:       1.0000   -1.0000   -1.0000
center:     128.0000 -129.0000 -129.0000
/opt/freesurfer/average/711-2B_as_mni_average_305_mask.4dfp.img
       256       256       256         1
  1.000000  1.000000  1.000000
orientation T byte_order littleendian
Reading mask: /opt/freesurfer/average/711-2B_as_mni_average_305_mask.4dfp.img (2306576 pixels)
talsrcimg_g11.4dfp.img
       256       256       256         1
  1.000000  1.000000  1.000000
orientation T byte_order littleendian
Reading image: talsrcimg_g11.4dfp.img
dimensions:      256       256       256
mmppix:       1.0000   -1.0000   -1.0000
center:     128.0000 -129.0000 -129.0000
rotation matrix determinant  1.000000
fimgreg.f
image alignment mode   1283 decimal      503 hex
parameters
    0.0000    0.0000    7.5000    0.0000    0.0000    0.0000
eta,q 0.92875 11.06249
niter,ni,del,rscale     5    3   12.0000    1.2000
parameter  2 -1.490920 -> -0.500000 qaram    1.1500
parameter  4  6.626295 ->  0.500000 qaram    1.1500
parameter  5 -0.822350 -> -0.500000 qaram    1.1500
parameters
    1.6171    3.4500    7.2083   -3.4500    3.4500    2.0938
eta,q 0.94081 10.89693
  0.0899  0.0765  0.0724  0.0612  0.0753  0.0691
  0.0842  0.0746  0.0698  0.0627  0.0716  0.0650
  0.0790  0.0743  0.0696  0.0656  0.0672  0.0617
  0.0756  0.0741  0.0702  0.0703  0.0632  0.0596
  0.0744  0.0723  0.0703  0.0731  0.0604  0.0592
  0.0761  0.0702  0.0708  0.0762  0.0596  0.0601
  0.0807  0.0723  0.0722  0.0796  0.0609  0.0613
niter,ni,del,rscale     7    3   12.0000    1.2000
parameter  4  2.017838 ->  0.500000 qaram    1.3225
parameters
    0.2139    2.1029    7.3772   -7.4175    5.3779    3.1735
eta,q 0.94581 10.95065
  0.0681  0.0684  0.0672  0.0521  0.0647  0.0599
  0.0631  0.0626  0.0625  0.0543  0.0598  0.0568
  0.0595  0.0589  0.0591  0.0566  0.0571  0.0551
  0.0592  0.0589  0.0584  0.0586  0.0551  0.0544
  0.0644  0.0635  0.0609  0.0646  0.0543  0.0541
  0.0728  0.0711  0.0634  0.0697  0.0554  0.0546
  0.0824  0.0779  0.0648  0.0724  0.0578  0.0570
niter,ni,del,rscale     7    3   12.0000    1.2000
parameter  4  1.888317 ->  0.500000 qaram    1.5209
parameters
   -0.3117    2.3976    7.4485  -11.9801    5.7212    2.2553
eta,q 0.95051 10.94905
  0.0664  0.0685  0.0613  0.0458  0.0591  0.0530
  0.0600  0.0598  0.0566  0.0491  0.0538  0.0501
  0.0556  0.0548  0.0536  0.0519  0.0516  0.0493
  0.0542  0.0543  0.0543  0.0544  0.0500  0.0499
  0.0565  0.0555  0.0558  0.0564  0.0505  0.0510
  0.0629  0.0589  0.0572  0.0610  0.0536  0.0524
  0.0723  0.0654  0.0597  0.0677  0.0571  0.0549
niter,ni,del,rscale     7    3   12.0000    1.2000
parameter  4  1.386578 ->  0.500000 qaram    1.7490
parameters
   -0.5949    3.5256    5.8470  -17.2272    6.8029    2.5638
eta,q 0.95832 11.08252
  0.0626  0.0637  0.0531  0.0433  0.0562  0.0495
  0.0568  0.0554  0.0492  0.0424  0.0505  0.0458
  0.0519  0.0509  0.0482  0.0444  0.0454  0.0429
  0.0495  0.0496  0.0494  0.0483  0.0425  0.0417
  0.0511  0.0495  0.0519  0.0525  0.0417  0.0424
  0.0572  0.0514  0.0552  0.0557  0.0450  0.0446
  0.0669  0.0561  0.0589  0.0595  0.0504  0.0482
niter,ni,del,rscale     7    3   12.0000    1.2000
parameters
   -1.1048    5.5853    4.7716  -21.5855    7.4077    2.2471
eta,q 0.96541 11.11360
  0.0576  0.0613  0.0469  0.0428  0.0491  0.0417
  0.0494  0.0523  0.0417  0.0367  0.0435  0.0379
  0.0434  0.0456  0.0395  0.0352  0.0386  0.0352
  0.0417  0.0416  0.0408  0.0398  0.0350  0.0346
  0.0453  0.0408  0.0431  0.0455  0.0354  0.0359
  0.0534  0.0422  0.0469  0.0518  0.0393  0.0389
  0.0643  0.0468  0.0526  0.0582  0.0463  0.0434
niter,ni,del,rscale     6    3   12.0000    1.2000
parameters
   -1.3699    6.4290    3.1639  -22.1204    7.6835    2.3761
eta,q 0.96851 11.11280
  0.0536  0.0573  0.0404  0.0501  0.0464  0.0398
  0.0442  0.0475  0.0332  0.0410  0.0404  0.0358
  0.0374  0.0404  0.0315  0.0333  0.0349  0.0325
  0.0346  0.0346  0.0335  0.0317  0.0316  0.0315
  0.0381  0.0337  0.0381  0.0374  0.0329  0.0324
  0.0460  0.0396  0.0445  0.0451  0.0375  0.0348
  0.0578  0.0503  0.0510  0.0518  0.0456  0.0394
niter,ni,del,rscale     5    3   12.0000    1.2000
parameters
   -1.4009    6.4130    3.1477  -22.2759    7.6888    2.4098
eta,q 0.96852 11.10981
  0.0538  0.0519  0.0480  0.0509  0.0455  0.0395
  0.0431  0.0430  0.0378  0.0424  0.0397  0.0355
  0.0351  0.0355  0.0320  0.0340  0.0343  0.0325
  0.0315  0.0315  0.0315  0.0315  0.0315  0.0315
  0.0347  0.0335  0.0343  0.0359  0.0333  0.0324
  0.0430  0.0417  0.0396  0.0442  0.0383  0.0350
  0.0546  0.0537  0.0462  0.0508  0.0467  0.0397
niter,ni,del,rscale     4    3   12.0000    1.2000
parameters
   -1.4018    6.4534    3.1205  -22.3477    7.6816    2.4261
eta,q 0.96857 11.10904
  0.0540  0.0522  0.0479  0.0510  0.0454  0.0395
  0.0432  0.0431  0.0377  0.0427  0.0396  0.0355
  0.0352  0.0355  0.0319  0.0342  0.0342  0.0324
  0.0315  0.0315  0.0315  0.0314  0.0314  0.0314
  0.0346  0.0334  0.0343  0.0356  0.0333  0.0323
  0.0429  0.0414  0.0396  0.0439  0.0383  0.0349
  0.0544  0.0533  0.0462  0.0505  0.0468  0.0397
registration optimization eta report
parameter search radius
    6.0000    6.9000    6.0000   10.4940    6.9000    6.0000
100000*second partial in parameter space
       62.       44.       43.       17.       30.       23.
  0.0540  0.0522  0.0479  0.0510  0.0454  0.0395
  0.0432  0.0431  0.0377  0.0427  0.0396  0.0355
  0.0352  0.0355  0.0319  0.0342  0.0342  0.0324
  0.0315  0.0315  0.0315  0.0314  0.0314  0.0314
  0.0346  0.0334  0.0343  0.0356  0.0333  0.0323
  0.0429  0.0414  0.0396  0.0439  0.0383  0.0349
  0.0544  0.0533  0.0462  0.0505  0.0468  0.0397
   -1.4018    6.4534    3.1205  -22.3477    7.6816    2.4261
eta,q 0.96857 11.10904

---------------------------------------------------------------------
imgreg_4dfp /opt/freesurfer/average/711-2C_as_mni_average_305 /opt/freesurfer/average/711-2B_as_mni_average_305_mask talsrcimg_g11 none talsrcimg_to_711-2C_as_mni_average_305_t4 3335
---------------------------------------------------------------------

freesurfer imgreg_4dfp.c
/opt/freesurfer/average/711-2C_as_mni_average_305.4dfp.img
       256       256       256         1
  1.000000  1.000000  1.000000
orientation T byte_order littleendian
Reading image: /opt/freesurfer/average/711-2C_as_mni_average_305.4dfp.img
dimensions:      256       256       256
mmppix:       1.0000   -1.0000   -1.0000
center:     128.0000 -129.0000 -129.0000
/opt/freesurfer/average/711-2B_as_mni_average_305_mask.4dfp.img
       256       256       256         1
  1.000000  1.000000  1.000000
orientation T byte_order littleendian
Reading mask: /opt/freesurfer/average/711-2B_as_mni_average_305_mask.4dfp.img (2306576 pixels)
talsrcimg_g11.4dfp.img
       256       256       256         1
  1.000000  1.000000  1.000000
orientation T byte_order littleendian
Reading image: talsrcimg_g11.4dfp.img
dimensions:      256       256       256
mmppix:       1.0000   -1.0000   -1.0000
center:     128.0000 -129.0000 -129.0000
fimgreg.f
image alignment mode   3335 decimal      D07 hex
parameters
   -1.4018    6.4534    3.1205   -0.9862   -7.3784   -8.3406
    1.1626  -13.9614    4.1952   37.4651   13.3668  -37.6813
eta,q 0.96657 11.18729
niter,ni,del,rscale     5    3    5.0000    1.2000
parameter  5  1.466755 ->  0.500000 qaram    1.1500
parameters
   -1.3825    6.8534    3.3754   -3.5933  -11.5184   -8.9780
    2.1037  -13.8650    4.6210   36.0118   13.4300  -37.5601
eta,q 0.96990 10.77354
  0.0378  0.0375  0.0363  0.0341  0.0292  0.0333  0.0340  0.0355  0.0328  0.0323  0.0313  0.0319
  0.0354  0.0354  0.0348  0.0334  0.0300  0.0319  0.0322  0.0329  0.0315  0.0308  0.0307  0.0309
  0.0339  0.0341  0.0338  0.0331  0.0314  0.0308  0.0310  0.0311  0.0307  0.0301  0.0302  0.0303
  0.0334  0.0334  0.0334  0.0334  0.0331  0.0303  0.0304  0.0303  0.0303  0.0303  0.0301  0.0301
  0.0339  0.0335  0.0335  0.0343  0.0353  0.0308  0.0304  0.0309  0.0305  0.0311  0.0303  0.0303
  0.0353  0.0341  0.0341  0.0362  0.0380  0.0326  0.0312  0.0327  0.0311  0.0326  0.0307  0.0309
  0.0376  0.0354  0.0352  0.0386  0.0411  0.0348  0.0325  0.0353  0.0323  0.0349  0.0313  0.0317
niter,ni,del,rscale     5    3    5.0000    1.2000
parameter  5  0.657766 ->  0.500000 qaram    1.3225
parameters
   -1.3329    6.9303    3.2326   -3.7362  -16.2794   -9.4147
    1.9231  -13.9228    4.0707   36.6020   13.5938  -38.6129
eta,q 0.97116 10.49192
  0.0344  0.0334  0.0320  0.0323  0.0292  0.0316  0.0316  0.0336  0.0308  0.0326  0.0299  0.0300
  0.0321  0.0317  0.0309  0.0312  0.0289  0.0304  0.0302  0.0311  0.0297  0.0308  0.0294  0.0292
  0.0306  0.0306  0.0302  0.0304  0.0291  0.0294  0.0292  0.0295  0.0290  0.0294  0.0290  0.0289
  0.0301  0.0301  0.0301  0.0301  0.0301  0.0289  0.0289  0.0289  0.0289  0.0289  0.0289  0.0289
  0.0305  0.0304  0.0305  0.0302  0.0318  0.0291  0.0293  0.0295  0.0293  0.0291  0.0290  0.0292
  0.0318  0.0314  0.0313  0.0310  0.0342  0.0306  0.0303  0.0312  0.0301  0.0300  0.0293  0.0299
  0.0340  0.0331  0.0325  0.0327  0.0370  0.0329  0.0320  0.0338  0.0314  0.0316  0.0298  0.0307
niter,ni,del,rscale     5    3    5.0000    1.2000
parameters
   -1.2937    7.2190    3.0703   -3.8021  -17.5128   -9.6316
    2.0913  -13.8961    3.9346   37.2253   13.5362  -38.9502
eta,q 0.97127 10.42994
  0.0329  0.0324  0.0305  0.0308  0.0317  0.0316  0.0317  0.0335  0.0308  0.0324  0.0297  0.0301
  0.0307  0.0306  0.0295  0.0298  0.0299  0.0303  0.0302  0.0310  0.0296  0.0306  0.0291  0.0293
  0.0293  0.0294  0.0289  0.0291  0.0289  0.0294  0.0292  0.0293  0.0289  0.0293  0.0288  0.0288
  0.0288  0.0288  0.0288  0.0288  0.0288  0.0287  0.0288  0.0288  0.0288  0.0288  0.0287  0.0287
  0.0292  0.0289  0.0291  0.0289  0.0295  0.0289  0.0290  0.0293  0.0291  0.0289  0.0289  0.0290
  0.0305  0.0296  0.0299  0.0296  0.0312  0.0302  0.0300  0.0309  0.0298  0.0298  0.0292  0.0295
  0.0326  0.0310  0.0310  0.0312  0.0338  0.0324  0.0315  0.0334  0.0309  0.0314  0.0297  0.0303
niter,ni,del,rscale     4    3    5.0000    1.2000
parameters
   -1.2806    7.3764    2.9565   -3.8446  -17.8858   -9.8192
    2.1570  -13.8746    3.9273   37.5284   13.5012  -39.0617
eta,q 0.97127 10.40915
  0.0326  0.0318  0.0305  0.0307  0.0323  0.0316  0.0316  0.0334  0.0308  0.0320  0.0296  0.0301
  0.0305  0.0302  0.0294  0.0297  0.0303  0.0303  0.0301  0.0310  0.0297  0.0303  0.0291  0.0293
  0.0292  0.0292  0.0289  0.0290  0.0291  0.0293  0.0291  0.0293  0.0290  0.0292  0.0288  0.0289
  0.0287  0.0287  0.0287  0.0287  0.0287  0.0287  0.0287  0.0287  0.0287  0.0287  0.0287  0.0287
  0.0291  0.0289  0.0290  0.0288  0.0292  0.0289  0.0290  0.0293  0.0290  0.0290  0.0289  0.0290
  0.0304  0.0297  0.0297  0.0295  0.0307  0.0302  0.0300  0.0309  0.0297  0.0300  0.0291  0.0294
  0.0325  0.0311  0.0308  0.0310  0.0330  0.0324  0.0315  0.0333  0.0308  0.0316  0.0296  0.0302
niter,ni,del,rscale     3    3    5.0000    1.2000
parameters
   -1.2685    7.4466    2.8781   -3.8748  -18.0562   -9.9552
    2.1646  -13.8623    3.9249   37.6795   13.4932  -39.1006
eta,q 0.97125 10.39695
  0.0326  0.0316  0.0305  0.0307  0.0324  0.0316  0.0316  0.0334  0.0308  0.0319  0.0296  0.0301
  0.0304  0.0300  0.0295  0.0297  0.0304  0.0303  0.0301  0.0309  0.0297  0.0302  0.0291  0.0294
  0.0292  0.0291  0.0289  0.0290  0.0291  0.0294  0.0291  0.0293  0.0290  0.0291  0.0288  0.0289
  0.0287  0.0287  0.0287  0.0287  0.0287  0.0287  0.0287  0.0287  0.0287  0.0288  0.0287  0.0287
  0.0291  0.0290  0.0290  0.0288  0.0292  0.0289  0.0291  0.0293  0.0290  0.0290  0.0289  0.0290
  0.0304  0.0298  0.0297  0.0295  0.0305  0.0301  0.0300  0.0309  0.0297  0.0300  0.0291  0.0294
  0.0325  0.0313  0.0307  0.0310  0.0328  0.0323  0.0316  0.0333  0.0308  0.0317  0.0296  0.0301
niter,ni,del,rscale     2    3    5.0000    1.2000
parameters
   -1.2597    7.4836    2.8258   -3.9007  -18.1547  -10.0514
    2.1682  -13.8505    3.9071   37.7582   13.5161  -39.1146
eta,q 0.97125 10.38830
  0.0325  0.0315  0.0306  0.0307  0.0325  0.0317  0.0315  0.0334  0.0308  0.0318  0.0296  0.0302
  0.0304  0.0300  0.0295  0.0297  0.0305  0.0303  0.0301  0.0309  0.0297  0.0302  0.0291  0.0294
  0.0292  0.0291  0.0289  0.0290  0.0292  0.0294  0.0291  0.0293  0.0290  0.0291  0.0288  0.0289
  0.0287  0.0287  0.0288  0.0287  0.0287  0.0287  0.0288  0.0288  0.0288  0.0288  0.0288  0.0288
  0.0292  0.0290  0.0290  0.0288  0.0292  0.0289  0.0291  0.0293  0.0290  0.0290  0.0289  0.0290
  0.0304  0.0299  0.0297  0.0295  0.0305  0.0301  0.0300  0.0309  0.0297  0.0301  0.0291  0.0294
  0.0325  0.0314  0.0307  0.0310  0.0327  0.0323  0.0316  0.0333  0.0308  0.0317  0.0296  0.0301
niter,ni,del,rscale     1    3    5.0000    1.2000
parameters
   -1.2538    7.5023    2.7884   -3.9203  -18.2083  -10.1199
    2.1663  -13.8423    3.8945   37.8109   13.5095  -39.1225
eta,q 0.97123 10.38273
  0.0325  0.0315  0.0306  0.0307  0.0325  0.0317  0.0315  0.0334  0.0308  0.0318  0.0296  0.0302
  0.0304  0.0300  0.0295  0.0297  0.0305  0.0304  0.0301  0.0309  0.0297  0.0302  0.0291  0.0294
  0.0292  0.0291  0.0289  0.0290  0.0292  0.0294  0.0291  0.0293  0.0290  0.0291  0.0288  0.0289
  0.0288  0.0288  0.0288  0.0288  0.0288  0.0288  0.0288  0.0288  0.0288  0.0288  0.0288  0.0288
  0.0292  0.0290  0.0290  0.0288  0.0292  0.0289  0.0291  0.0293  0.0290  0.0291  0.0289  0.0290
  0.0304  0.0299  0.0296  0.0295  0.0305  0.0301  0.0300  0.0309  0.0297  0.0301  0.0291  0.0294
  0.0325  0.0314  0.0307  0.0309  0.0327  0.0322  0.0316  0.0333  0.0308  0.0317  0.0296  0.0301
registration optimization eta report
parameter search radius
    2.4000    2.4000    2.4000    7.2000    9.5220    7.2000
    7.2000    7.2000    7.2000    7.2000    7.2000    7.2000
100000*second partial in parameter space
       65.       47.       33.        4.        4.        6.
        5.        9.        4.        6.        2.        3.
  0.0325  0.0315  0.0306  0.0307  0.0325  0.0317  0.0315  0.0334  0.0308  0.0318  0.0296  0.0302
  0.0304  0.0300  0.0295  0.0297  0.0305  0.0304  0.0301  0.0309  0.0297  0.0302  0.0291  0.0294
  0.0292  0.0291  0.0289  0.0290  0.0292  0.0294  0.0291  0.0293  0.0290  0.0291  0.0288  0.0289
  0.0288  0.0288  0.0288  0.0288  0.0288  0.0288  0.0288  0.0288  0.0288  0.0288  0.0288  0.0288
  0.0292  0.0290  0.0290  0.0288  0.0292  0.0289  0.0291  0.0293  0.0290  0.0291  0.0289  0.0290
  0.0304  0.0299  0.0296  0.0295  0.0305  0.0301  0.0300  0.0309  0.0297  0.0301  0.0291  0.0294
  0.0325  0.0314  0.0307  0.0309  0.0327  0.0322  0.0316  0.0333  0.0308  0.0317  0.0296  0.0301
   -1.2538    7.5023    2.7884   -3.9203  -18.2083  -10.1199
    2.1663  -13.8423    3.8945   37.8109   13.5095  -39.1225
eta,q 0.97123 10.38273

---------------------------------------------------------------------
imgreg_4dfp /opt/freesurfer/average/711-2C_as_mni_average_305 /opt/freesurfer/average/711-2B_as_mni_average_305_mask talsrcimg_g11 none talsrcimg_to_711-2C_as_mni_average_305_t4 2311
---------------------------------------------------------------------

freesurfer imgreg_4dfp.c
/opt/freesurfer/average/711-2C_as_mni_average_305.4dfp.img
       256       256       256         1
  1.000000  1.000000  1.000000
orientation T byte_order littleendian
Reading image: /opt/freesurfer/average/711-2C_as_mni_average_305.4dfp.img
dimensions:      256       256       256
mmppix:       1.0000   -1.0000   -1.0000
center:     128.0000 -129.0000 -129.0000
/opt/freesurfer/average/711-2B_as_mni_average_305_mask.4dfp.img
       256       256       256         1
  1.000000  1.000000  1.000000
orientation T byte_order littleendian
Reading mask: /opt/freesurfer/average/711-2B_as_mni_average_305_mask.4dfp.img (2306576 pixels)
talsrcimg_g11.4dfp.img
       256       256       256         1
  1.000000  1.000000  1.000000
orientation T byte_order littleendian
Reading image: talsrcimg_g11.4dfp.img
dimensions:      256       256       256
mmppix:       1.0000   -1.0000   -1.0000
center:     128.0000 -129.0000 -129.0000
fimgreg.f
image alignment mode   2311 decimal      907 hex
parameters
   -1.2538    7.5023    2.7884   -3.9203  -18.2083  -10.1199
    2.1663  -13.8423    3.8945   37.8109   13.5095  -39.1225
eta,q 0.97123 10.38273
niter,ni,del,rscale     5    3    5.0000    0.8000
parameters
   -1.2490    7.5174    2.7583   -3.5165  -18.2022   -9.6463
    2.2824  -13.8064    3.9215   37.8031   13.4752  -39.4160
eta,q 0.97131 10.42914
  0.0304  0.0300  0.0296  0.0297  0.0298  0.0304  0.0300  0.0310  0.0296  0.0301  0.0291  0.0293
  0.0295  0.0293  0.0291  0.0292  0.0292  0.0297  0.0293  0.0298  0.0291  0.0293  0.0289  0.0289
  0.0289  0.0289  0.0288  0.0289  0.0288  0.0291  0.0289  0.0290  0.0288  0.0288  0.0287  0.0287
  0.0288  0.0288  0.0288  0.0288  0.0287  0.0287  0.0287  0.0287  0.0287  0.0287  0.0287  0.0287
  0.0289  0.0289  0.0289  0.0288  0.0289  0.0287  0.0288  0.0289  0.0288  0.0289  0.0288  0.0288
  0.0295  0.0293  0.0292  0.0290  0.0292  0.0291  0.0292  0.0297  0.0291  0.0293  0.0289  0.0291
  0.0304  0.0299  0.0296  0.0295  0.0297  0.0301  0.0299  0.0309  0.0296  0.0301  0.0291  0.0294
niter,ni,del,rscale     4    3    5.0000    0.7000
parameters
   -1.2630    7.4966    2.8856   -3.3784  -18.1445   -9.2948
    2.3464  -13.8031    3.9662   37.7336   13.4211  -39.4810
eta,q 0.97135 10.45292
  0.0300  0.0296  0.0295  0.0294  0.0295  0.0300  0.0297  0.0304  0.0294  0.0297  0.0290  0.0292
  0.0292  0.0291  0.0291  0.0290  0.0290  0.0295  0.0291  0.0295  0.0290  0.0291  0.0288  0.0289
  0.0288  0.0288  0.0288  0.0288  0.0288  0.0290  0.0288  0.0289  0.0287  0.0287  0.0287  0.0287
  0.0287  0.0287  0.0287  0.0287  0.0287  0.0287  0.0287  0.0287  0.0287  0.0287  0.0286  0.0287
  0.0288  0.0288  0.0287  0.0287  0.0288  0.0287  0.0287  0.0288  0.0287  0.0288  0.0287  0.0287
  0.0293  0.0291  0.0289  0.0289  0.0290  0.0290  0.0291  0.0295  0.0290  0.0291  0.0288  0.0289
  0.0300  0.0296  0.0292  0.0293  0.0294  0.0298  0.0296  0.0304  0.0294  0.0298  0.0290  0.0292
niter,ni,del,rscale     3    3    5.0000    0.6000
parameters
   -1.2857    7.4810    2.9972   -3.2483  -18.0802   -8.9956
    2.3767  -13.8034    3.9868   37.6471   13.3937  -39.5081
eta,q 0.97138 10.47340
  0.0296  0.0293  0.0292  0.0292  0.0292  0.0297  0.0294  0.0300  0.0292  0.0294  0.0289  0.0290
  0.0290  0.0289  0.0289  0.0289  0.0289  0.0292  0.0290  0.0292  0.0289  0.0289  0.0287  0.0288
  0.0287  0.0287  0.0287  0.0287  0.0287  0.0288  0.0287  0.0288  0.0287  0.0287  0.0286  0.0287
  0.0287  0.0286  0.0286  0.0286  0.0286  0.0286  0.0286  0.0286  0.0286  0.0286  0.0286  0.0286
  0.0288  0.0287  0.0287  0.0287  0.0287  0.0287  0.0287  0.0288  0.0287  0.0287  0.0287  0.0287
  0.0291  0.0290  0.0288  0.0288  0.0289  0.0289  0.0289  0.0292  0.0289  0.0290  0.0287  0.0288
  0.0296  0.0293  0.0291  0.0291  0.0292  0.0295  0.0293  0.0300  0.0291  0.0295  0.0289  0.0290
niter,ni,del,rscale     2    3    5.0000    0.5000
parameters
   -1.3071    7.4670    3.0971   -3.1577  -18.0154   -8.7450
    2.4062  -13.8090    3.9802   37.5615   13.4073  -39.5094
eta,q 0.97140 10.48961
  0.0293  0.0291  0.0290  0.0290  0.0290  0.0294  0.0291  0.0295  0.0290  0.0291  0.0288  0.0289
  0.0289  0.0288  0.0288  0.0288  0.0288  0.0290  0.0288  0.0290  0.0288  0.0288  0.0287  0.0287
  0.0287  0.0287  0.0287  0.0287  0.0287  0.0288  0.0287  0.0287  0.0286  0.0286  0.0286  0.0286
  0.0286  0.0286  0.0286  0.0286  0.0286  0.0286  0.0286  0.0286  0.0286  0.0286  0.0286  0.0286
  0.0287  0.0287  0.0286  0.0286  0.0287  0.0286  0.0287  0.0287  0.0287  0.0287  0.0286  0.0286
  0.0289  0.0288  0.0287  0.0287  0.0288  0.0288  0.0288  0.0290  0.0288  0.0289  0.0287  0.0287
  0.0293  0.0291  0.0289  0.0290  0.0290  0.0292  0.0291  0.0296  0.0290  0.0292  0.0288  0.0289
niter,ni,del,rscale     1    3    5.0000    0.4000
parameters
   -1.3269    7.4574    3.1790   -3.0720  -17.9770   -8.5318
    2.4241  -13.8105    3.9725   37.4960   13.3580  -39.5059
eta,q 0.97141 10.50237
  0.0290  0.0289  0.0289  0.0288  0.0289  0.0291  0.0289  0.0292  0.0288  0.0289  0.0287  0.0288
  0.0288  0.0287  0.0287  0.0287  0.0287  0.0289  0.0287  0.0289  0.0287  0.0287  0.0286  0.0287
  0.0286  0.0286  0.0286  0.0286  0.0286  0.0287  0.0286  0.0287  0.0286  0.0286  0.0286  0.0286
  0.0286  0.0286  0.0286  0.0286  0.0286  0.0286  0.0286  0.0286  0.0286  0.0286  0.0286  0.0286
  0.0287  0.0286  0.0286  0.0286  0.0286  0.0286  0.0286  0.0287  0.0286  0.0286  0.0286  0.0286
  0.0288  0.0287  0.0287  0.0287  0.0287  0.0287  0.0287  0.0289  0.0287  0.0288  0.0286  0.0287
  0.0291  0.0289  0.0288  0.0288  0.0288  0.0290  0.0289  0.0292  0.0288  0.0290  0.0287  0.0288
registration optimization eta report
parameter search radius
    0.8000    0.8000    0.8000    2.4000    2.4000    2.4000
    2.4000    2.4000    2.4000    2.4000    2.4000    2.4000
100000*second partial in parameter space
       67.       48.       36.        4.        4.        8.
        6.       11.        4.        6.        2.        3.
  0.0290  0.0289  0.0289  0.0288  0.0289  0.0291  0.0289  0.0292  0.0288  0.0289  0.0287  0.0288
  0.0288  0.0287  0.0287  0.0287  0.0287  0.0289  0.0287  0.0289  0.0287  0.0287  0.0286  0.0287
  0.0286  0.0286  0.0286  0.0286  0.0286  0.0287  0.0286  0.0287  0.0286  0.0286  0.0286  0.0286
  0.0286  0.0286  0.0286  0.0286  0.0286  0.0286  0.0286  0.0286  0.0286  0.0286  0.0286  0.0286
  0.0287  0.0286  0.0286  0.0286  0.0286  0.0286  0.0286  0.0287  0.0286  0.0286  0.0286  0.0286
  0.0288  0.0287  0.0287  0.0287  0.0287  0.0287  0.0287  0.0289  0.0287  0.0288  0.0286  0.0287
  0.0291  0.0289  0.0288  0.0288  0.0288  0.0290  0.0289  0.0292  0.0288  0.0290  0.0287  0.0288
   -1.3269    7.4574    3.1790   -3.0720  -17.9770   -8.5318
    2.4241  -13.8105    3.9725   37.4960   13.3580  -39.5059
eta,q 0.97141 10.50237

---------------------------------------------------------------------
imgreg_4dfp /opt/freesurfer/average/711-2C_as_mni_average_305 /opt/freesurfer/average/711-2B_as_mni_average_305_mask talsrcimg_g11 none talsrcimg_to_711-2C_as_mni_average_305_t4 2311
---------------------------------------------------------------------

freesurfer imgreg_4dfp.c
/opt/freesurfer/average/711-2C_as_mni_average_305.4dfp.img
       256       256       256         1
  1.000000  1.000000  1.000000
orientation T byte_order littleendian
Reading image: /opt/freesurfer/average/711-2C_as_mni_average_305.4dfp.img
dimensions:      256       256       256
mmppix:       1.0000   -1.0000   -1.0000
center:     128.0000 -129.0000 -129.0000
/opt/freesurfer/average/711-2B_as_mni_average_305_mask.4dfp.img
       256       256       256         1
  1.000000  1.000000  1.000000
orientation T byte_order littleendian
Reading mask: /opt/freesurfer/average/711-2B_as_mni_average_305_mask.4dfp.img (2306576 pixels)
talsrcimg_g11.4dfp.img
       256       256       256         1
  1.000000  1.000000  1.000000
orientation T byte_order littleendian
Reading image: talsrcimg_g11.4dfp.img
dimensions:      256       256       256
mmppix:       1.0000   -1.0000   -1.0000
center:     128.0000 -129.0000 -129.0000
fimgreg.f
image alignment mode   2311 decimal      907 hex
parameters
   -1.3269    7.4574    3.1790   -3.0720  -17.9770   -8.5318
    2.4241  -13.8105    3.9725   37.4960   13.3580  -39.5059
eta,q 0.97141 10.50237
niter,ni,del,rscale     5    3    5.0000    0.8000
parameters
   -1.3281    7.4394    3.2467   -3.3617  -17.8927   -8.8348
    2.3487  -13.8879    4.0230   37.5413   13.3573  -39.3069
eta,q 0.97138 10.47959
  0.0303  0.0298  0.0296  0.0294  0.0296  0.0301  0.0299  0.0308  0.0296  0.0301  0.0291  0.0294
  0.0294  0.0291  0.0291  0.0290  0.0291  0.0294  0.0292  0.0296  0.0290  0.0293  0.0288  0.0290
  0.0288  0.0287  0.0287  0.0287  0.0287  0.0288  0.0287  0.0289  0.0287  0.0288  0.0287  0.0287
  0.0286  0.0286  0.0286  0.0286  0.0286  0.0286  0.0286  0.0286  0.0286  0.0286  0.0286  0.0286
  0.0288  0.0287  0.0287  0.0287  0.0287  0.0288  0.0288  0.0289  0.0287  0.0288  0.0287  0.0287
  0.0294  0.0292  0.0289  0.0291  0.0290  0.0295  0.0292  0.0297  0.0290  0.0292  0.0288  0.0289
  0.0303  0.0299  0.0294  0.0298  0.0296  0.0307  0.0300  0.0310  0.0295  0.0300  0.0290  0.0292
niter,ni,del,rscale     4    3    5.0000    0.7000
parameters
   -1.3294    7.4445    3.1670   -3.3110  -17.9225   -8.8590
    2.3455  -13.8713    4.0029   37.5364   13.4033  -39.3758
eta,q 0.97139 10.48066
  0.0299  0.0296  0.0292  0.0293  0.0294  0.0299  0.0296  0.0304  0.0293  0.0297  0.0290  0.0291
  0.0292  0.0290  0.0289  0.0290  0.0289  0.0293  0.0291  0.0294  0.0289  0.0291  0.0288  0.0288
  0.0287  0.0287  0.0287  0.0287  0.0287  0.0288  0.0287  0.0288  0.0287  0.0287  0.0286  0.0287
  0.0286  0.0286  0.0286  0.0286  0.0286  0.0286  0.0286  0.0286  0.0286  0.0286  0.0286  0.0286
  0.0288  0.0287  0.0287  0.0287  0.0287  0.0287  0.0287  0.0288  0.0287  0.0287  0.0286  0.0287
  0.0292  0.0290  0.0290  0.0289  0.0290  0.0291  0.0291  0.0294  0.0289  0.0291  0.0288  0.0289
  0.0299  0.0296  0.0294  0.0293  0.0294  0.0301  0.0296  0.0304  0.0293  0.0297  0.0289  0.0292
niter,ni,del,rscale     3    3    5.0000    0.6000
parameters
   -1.3240    7.4463    3.1503   -3.2303  -17.9362   -8.7606
    2.3801  -13.8456    3.9931   37.5336   13.3909  -39.4465
eta,q 0.97140 10.48860
  0.0296  0.0293  0.0291  0.0291  0.0292  0.0296  0.0294  0.0300  0.0291  0.0294  0.0289  0.0290
  0.0290  0.0289  0.0288  0.0289  0.0288  0.0291  0.0289  0.0292  0.0288  0.0289  0.0287  0.0288
  0.0287  0.0287  0.0287  0.0287  0.0287  0.0288  0.0287  0.0288  0.0287  0.0287  0.0286  0.0286
  0.0286  0.0286  0.0286  0.0286  0.0286  0.0286  0.0286  0.0286  0.0286  0.0286  0.0286  0.0286
  0.0287  0.0287  0.0287  0.0286  0.0287  0.0287  0.0287  0.0287  0.0287  0.0287  0.0286  0.0287
  0.0290  0.0289  0.0288  0.0288  0.0289  0.0290  0.0289  0.0292  0.0289  0.0290  0.0287  0.0288
  0.0296  0.0293  0.0291  0.0291  0.0292  0.0296  0.0293  0.0299  0.0291  0.0294  0.0289  0.0290
niter,ni,del,rscale     2    3    5.0000    0.5000
parameters
   -1.3263    7.4472    3.1791   -3.1535  -17.9407   -8.6175
    2.3965  -13.8323    3.9790   37.5066   13.3851  -39.4820
eta,q 0.97140 10.49743
  0.0293  0.0291  0.0290  0.0290  0.0290  0.0294  0.0291  0.0295  0.0290  0.0291  0.0288  0.0289
  0.0289  0.0288  0.0288  0.0288  0.0288  0.0290  0.0288  0.0290  0.0288  0.0288  0.0287  0.0287
  0.0287  0.0287  0.0287  0.0287  0.0286  0.0287  0.0287  0.0287  0.0286  0.0286  0.0286  0.0286
  0.0286  0.0286  0.0286  0.0286  0.0286  0.0286  0.0286  0.0286  0.0286  0.0286  0.0286  0.0286
  0.0287  0.0287  0.0286  0.0286  0.0286  0.0286  0.0286  0.0287  0.0286  0.0287  0.0286  0.0286
  0.0289  0.0288  0.0287  0.0287  0.0288  0.0288  0.0288  0.0290  0.0288  0.0289  0.0287  0.0287
  0.0293  0.0291  0.0289  0.0290  0.0290  0.0293  0.0291  0.0295  0.0290  0.0292  0.0288  0.0289
niter,ni,del,rscale     1    3    5.0000    0.4000
parameters
   -1.3328    7.4495    3.2234   -3.0905  -17.9333   -8.4760
    2.4184  -13.8125    3.9720   37.4694   13.3428  -39.5018
eta,q 0.97141 10.50551
  0.0290  0.0289  0.0289  0.0288  0.0288  0.0291  0.0289  0.0292  0.0288  0.0289  0.0287  0.0288
  0.0288  0.0287  0.0287  0.0287  0.0287  0.0288  0.0287  0.0289  0.0287  0.0287  0.0286  0.0287
  0.0286  0.0286  0.0286  0.0286  0.0286  0.0287  0.0286  0.0287  0.0286  0.0286  0.0286  0.0286
  0.0286  0.0286  0.0286  0.0286  0.0286  0.0286  0.0286  0.0286  0.0286  0.0286  0.0286  0.0286
  0.0286  0.0286  0.0286  0.0286  0.0286  0.0286  0.0286  0.0286  0.0286  0.0286  0.0286  0.0286
  0.0288  0.0287  0.0287  0.0287  0.0287  0.0288  0.0287  0.0289  0.0287  0.0287  0.0286  0.0287
  0.0290  0.0289  0.0288  0.0288  0.0288  0.0290  0.0289  0.0292  0.0288  0.0290  0.0287  0.0288
registration optimization eta report
parameter search radius
    0.8000    0.8000    0.8000    2.4000    2.4000    2.4000
    2.4000    2.4000    2.4000    2.4000    2.4000    2.4000
100000*second partial in parameter space
       67.       48.       37.        4.        4.        8.
        6.       11.        4.        6.        2.        3.
  0.0290  0.0289  0.0289  0.0288  0.0288  0.0291  0.0289  0.0292  0.0288  0.0289  0.0287  0.0288
  0.0288  0.0287  0.0287  0.0287  0.0287  0.0288  0.0287  0.0289  0.0287  0.0287  0.0286  0.0287
  0.0286  0.0286  0.0286  0.0286  0.0286  0.0287  0.0286  0.0287  0.0286  0.0286  0.0286  0.0286
  0.0286  0.0286  0.0286  0.0286  0.0286  0.0286  0.0286  0.0286  0.0286  0.0286  0.0286  0.0286
  0.0286  0.0286  0.0286  0.0286  0.0286  0.0286  0.0286  0.0286  0.0286  0.0286  0.0286  0.0286
  0.0288  0.0287  0.0287  0.0287  0.0287  0.0288  0.0287  0.0289  0.0287  0.0287  0.0286  0.0287
  0.0290  0.0289  0.0288  0.0288  0.0288  0.0290  0.0289  0.0292  0.0288  0.0290  0.0287  0.0288
   -1.3328    7.4495    3.2234   -3.0905  -17.9333   -8.4760
    2.4184  -13.8125    3.9720   37.4694   13.3428  -39.5018
eta,q 0.97141 10.50551

---------------------------------------------------------------------
compute_vox2vox talsrcimg talsrcimg_to_711-2C_as_mni_average_305_t4 /opt/freesurfer/average/711-2C_as_mni_average_305
---------------------------------------------------------------------

freesurfer compute_vox2vox.c
Reading: talsrcimg.4dfp.ifh
Reading: talsrcimg_to_711-2C_as_mni_average_305_t4
Reading: /opt/freesurfer/average/711-2C_as_mni_average_305.4dfp.ifh
Writing: talsrcimg_to_711-2C_as_mni_average_305_t4_vox2vox.txt

start time Thu Mar 12 03:03:44 CET 2026
end		time Thu Mar 12 03:05:16 CET 2026

mpr2mni305 success

avi2talxfm orig_nu.mgz /opt/freesurfer/average/mni305.cor.mgz talsrcimg_to_711-2C_as_mni_average_305_t4_vox2vox.txt transforms/talairach.auto.xfm
avi2talxfm done
mv -f /out/sourcedata/freesurfer/sub-v1s10x0051025_ses-1/mri/talsrcimg_to_711-2C_as_mni_average_305_t4_vox2vox.txt /out/sourcedata/freesurfer/sub-v1s10x0051025_ses-1/mri/transforms/talsrcimg_to_711-2C_as_mni_average_305_t4_vox2vox.txt
lta_convert --src orig_nu.mgz --trg /opt/freesurfer/average/mni305.cor.mgz --inxfm transforms/talairach.auto.xfm --outlta transforms/talairach.auto.xfm.lta --subject fsaverage
7.3.2

--src: orig_nu.mgz src image (geometry).
--trg: /opt/freesurfer/average/mni305.cor.mgz trg image (geometry).
--inmni: transforms/talairach.auto.xfm input MNI/XFM transform.
--outlta: transforms/talairach.auto.xfm.lta output LTA.
--s: fsaverage subject name
 LTA read, type : 1
 1.01144   0.13771   0.03648  -5.35315;
-0.14083   0.89357   0.43426  -8.81454;
 0.01534  -0.41464   1.01848  -11.75400;
 0.00000   0.00000   0.00000   1.00000;
setting subject to fsaverage
Writing  LTA to file transforms/talairach.auto.xfm.lta...
lta_convert successful.
 
 
Started at Thu Mar 12 03:03:43 CET 2026
Ended   at Thu Mar 12 03:05:17 CET 2026
talairach_avi done
