status file for recon-all
Thu Mar 12 07:48:49 CET 2026
#@# Tessellate rh Thu Mar 12 07:48:49 CET 2026
#@# Smooth1 rh Thu Mar 12 07:48:53 CET 2026
#@# Inflation1 rh Thu Mar 12 07:48:55 CET 2026
#@# QSphere rh Thu Mar 12 07:49:07 CET 2026
#@# Fix Topology rh Thu Mar 12 07:50:07 CET 2026
#@# Smooth2 rh Thu Mar 12 07:55:02 CET 2026
#@# Inflation2 rh Thu Mar 12 07:55:05 CET 2026
#@# Curv .H and .K rh Thu Mar 12 07:55:18 CET 2026
#@# Sphere rh Thu Mar 12 07:56:01 CET 2026
#@# Surf Reg rh Thu Mar 12 07:59:08 CET 2026
#@# Jacobian white rh Thu Mar 12 08:02:46 CET 2026
#@# AvgCurv rh Thu Mar 12 08:02:47 CET 2026
#@# Cortical Parc rh Thu Mar 12 08:02:48 CET 2026
#@# white curv rh Thu Mar 12 08:07:48 CET 2026
#@# white area rh Thu Mar 12 08:07:50 CET 2026
#@# pial curv rh Thu Mar 12 08:07:50 CET 2026
#@# pial area rh Thu Mar 12 08:07:52 CET 2026
#@# thickness rh Thu Mar 12 08:07:53 CET 2026
#@# area and vertex vol rh Thu Mar 12 08:08:20 CET 2026
#@# Curvature Stats rh Thu Mar 12 08:08:21 CET 2026
#@# Cortical Parc 2 rh Thu Mar 12 08:08:23 CET 2026
#@# Cortical Parc 3 rh Thu Mar 12 08:08:36 CET 2026
#@# WM/GM Contrast rh Thu Mar 12 08:08:45 CET 2026
recon-all -s sub-v1s10x0051065_ses-1 finished without error at Thu Mar 12 08:08:49 CET 2026



#New# invocation of recon-all 



status file for recon-all
Thu Mar 12 08:17:38 CET 2026
#@# white curv rh Thu Mar 12 08:17:38 CET 2026
#@# white area rh Thu Mar 12 08:17:38 CET 2026
#@# pial curv rh Thu Mar 12 08:17:38 CET 2026
#@# pial area rh Thu Mar 12 08:17:38 CET 2026
#@# thickness rh Thu Mar 12 08:17:38 CET 2026
#@# area and vertex vol rh Thu Mar 12 08:17:38 CET 2026
#@# Parcellation Stats rh Thu Mar 12 08:17:38 CET 2026
#@# Parcellation Stats 2 rh Thu Mar 12 08:17:54 CET 2026
#@# Parcellation Stats 3 rh Thu Mar 12 08:18:02 CET 2026
#@# BA_exvivo Labels rh Thu Mar 12 08:18:10 CET 2026
recon-all -s sub-v1s10x0051065_ses-1 finished without error at Thu Mar 12 08:20:35 CET 2026
