status file for recon-all
Thu Mar 12 06:38:02 CET 2026
#@# Tessellate lh Thu Mar 12 06:38:02 CET 2026
#@# Smooth1 lh Thu Mar 12 06:38:05 CET 2026
#@# Inflation1 lh Thu Mar 12 06:38:07 CET 2026
#@# QSphere lh Thu Mar 12 06:38:19 CET 2026
#@# Fix Topology lh Thu Mar 12 06:39:25 CET 2026
#@# Smooth2 lh Thu Mar 12 06:46:10 CET 2026
#@# Inflation2 lh Thu Mar 12 06:46:13 CET 2026
#@# Curv .H and .K lh Thu Mar 12 06:46:27 CET 2026
#@# Sphere lh Thu Mar 12 06:47:10 CET 2026
#@# Surf Reg lh Thu Mar 12 06:51:24 CET 2026
#@# Jacobian white lh Thu Mar 12 06:55:25 CET 2026
#@# AvgCurv lh Thu Mar 12 06:55:26 CET 2026
#@# Cortical Parc lh Thu Mar 12 06:55:27 CET 2026
#@# white curv lh Thu Mar 12 07:01:03 CET 2026
#@# white area lh Thu Mar 12 07:01:04 CET 2026
#@# pial curv lh Thu Mar 12 07:01:05 CET 2026
#@# pial area lh Thu Mar 12 07:01:07 CET 2026
#@# thickness lh Thu Mar 12 07:01:08 CET 2026
#@# area and vertex vol lh Thu Mar 12 07:01:35 CET 2026
#@# Curvature Stats lh Thu Mar 12 07:01:36 CET 2026
#@# Cortical Parc 2 lh Thu Mar 12 07:01:39 CET 2026
#@# Cortical Parc 3 lh Thu Mar 12 07:01:52 CET 2026
#@# WM/GM Contrast lh Thu Mar 12 07:02:02 CET 2026
recon-all -s sub-v1s10x0051046_ses-1 finished without error at Thu Mar 12 07:02:06 CET 2026



#New# invocation of recon-all 



status file for recon-all
Thu Mar 12 07:29:14 CET 2026
#@# white curv lh Thu Mar 12 07:29:14 CET 2026
#@# white area lh Thu Mar 12 07:29:14 CET 2026
#@# pial curv lh Thu Mar 12 07:29:14 CET 2026
#@# pial area lh Thu Mar 12 07:29:14 CET 2026
#@# thickness lh Thu Mar 12 07:29:14 CET 2026
#@# area and vertex vol lh Thu Mar 12 07:29:14 CET 2026
#@# Parcellation Stats lh Thu Mar 12 07:29:14 CET 2026
#@# Parcellation Stats 2 lh Thu Mar 12 07:29:31 CET 2026
#@# Parcellation Stats 3 lh Thu Mar 12 07:29:40 CET 2026
#@# BA_exvivo Labels lh Thu Mar 12 07:29:48 CET 2026
recon-all -s sub-v1s10x0051046_ses-1 finished without error at Thu Mar 12 07:32:25 CET 2026
