1773276443.555096715s 1 9f07113c-7225-4082-ab77-b6cc6193df20
1773276450.591047716s 1 f0e2f29f-25be-493a-9542-1fe47d8d7bfd
1773276450.606148936s 1 f0e2f29f-25be-493a-9542-1fe47d8d7bfd
1773276506.837047103s 1 b659fadb-49f8-43b1-9720-dba19f031bfc
1773276513.617053707s 1 f0e2f29f-25be-493a-9542-1fe47d8d7bfd
1773278579.137796341s 1 eded2429-d748-4029-8755-73a267d10b1f
1773278586.348452807s 1 f0e2f29f-25be-493a-9542-1fe47d8d7bfd
1773278689.068366815s 1 e8eb247a-ea0a-4440-bc14-0e59391655df
1773278695.041732482s 1 f0e2f29f-25be-493a-9542-1fe47d8d7bfd
1773279347.991465527s 1 e957a8f3-b0ca-4824-bdd3-190edeb906c6
1773279354.562324802s 1 f0e2f29f-25be-493a-9542-1fe47d8d7bfd
1773279404.620421695s 1 a286daab-7900-4a53-9f58-40cdcd5f7e46
1773279411.088583428s 1 f0e2f29f-25be-493a-9542-1fe47d8d7bfd
1773279494.803975555s 1 9d2f3fe3-3055-4782-a65d-e48bdec6a6ef
1773279501.279955428s 1 f0e2f29f-25be-493a-9542-1fe47d8d7bfd
1773279677.705170572s 1 79660aa5-312e-4d56-8ffa-761f15f49c9a
1773279683.755419364s 1 f0e2f29f-25be-493a-9542-1fe47d8d7bfd
1773280005.022439818s 1 e159a015-e679-4b82-ab70-ae1eb9bad835
1773280010.959830871s 1 f0e2f29f-25be-493a-9542-1fe47d8d7bfd
1773280038.830591451s 1 b48c4d05-a8c7-4b33-bdb7-b8a287da18d4
1773280044.53518577s 1 f0e2f29f-25be-493a-9542-1fe47d8d7bfd
1773281023.036228944s 1 3d3aca12-a9e6-47f0-8ab7-8327d63173ad
1773281029.682777065s 1 f0e2f29f-25be-493a-9542-1fe47d8d7bfd
1773281676.706694915s 1 820f110f-2213-4405-99f5-7a38f446487d
1773281682.587547411s 1 f0e2f29f-25be-493a-9542-1fe47d8d7bfd
1773281820.738231686s 1 d33ec0fc-2b65-43a0-9f6a-ed4949295878
1773281827.438850215s 1 f0e2f29f-25be-493a-9542-1fe47d8d7bfd
1773282388.635721482s 1 26f19622-d4e6-4d53-b8d8-d18429e26e87
1773282396.1798609s 1 f0e2f29f-25be-493a-9542-1fe47d8d7bfd
1773282498.151374541s 1 e07d2e2c-47ba-4104-8c5b-98dfecb554cd
1773282504.821078373s 1 f0e2f29f-25be-493a-9542-1fe47d8d7bfd
1773283059.38233733s 1 a018da00-6fe5-4367-a06c-870a68df8d53
1773283065.811101241s 1 f0e2f29f-25be-493a-9542-1fe47d8d7bfd
1773283254.747271949s 1 378f732a-6143-424d-b4d8-4eaaf2160b22
1773283261.826772616s 1 f0e2f29f-25be-493a-9542-1fe47d8d7bfd
1773285414.782895566s 1 42bb8103-17b7-44ca-bf47-e6f3d716052d
1773285420.696594901s 1 f0e2f29f-25be-493a-9542-1fe47d8d7bfd
1773287624.180696664s 1 7e49c95a-972e-439e-9c88-828a6dad9940
1773287631.114833611s 1 f0e2f29f-25be-493a-9542-1fe47d8d7bfd
1773287676.669178803s 1 f25cb53a-9dbd-44cb-875d-61b52e7701fb
1773287682.773729861s 1 025e8289-a6f3-4584-9f1b-f2177986eca2
1773287683.774395739s 1 f0e2f29f-25be-493a-9542-1fe47d8d7bfd
1773287689.165674752s 1 f0e2f29f-25be-493a-9542-1fe47d8d7bfd
1773288101.24215031s 1 42d7997e-abce-492d-83be-b63f2f4773d6
1773288107.778204992s 1 f0e2f29f-25be-493a-9542-1fe47d8d7bfd
1773288358.72110479s 1 494e60b6-d862-4424-ae87-441cd6a75d17
1773288362.304376423s 1 3ec705ee-514c-4eb2-a28f-a3f2cb492bca
1773288365.632478841s 1 f0e2f29f-25be-493a-9542-1fe47d8d7bfd
1773288368.294184348s 1 f0e2f29f-25be-493a-9542-1fe47d8d7bfd
1773288703.428906817s 1 24e461f0-7080-4aad-9eb3-115e0fb41ebf
1773288710.033072098s 1 f0e2f29f-25be-493a-9542-1fe47d8d7bfd
1773288746.242744325s 1 80aaeec3-797b-4a44-8f70-47cb49cefbcc
1773288753.06696512s 1 f0e2f29f-25be-493a-9542-1fe47d8d7bfd
1773288860.495706267s 1 cabb7052-bebc-42dc-bd5d-8c3a5cf50906
1773288867.665394016s 1 f0e2f29f-25be-493a-9542-1fe47d8d7bfd
1773288975.266582563s 1 b9484dca-629d-4826-a3d1-61cb42f71394
1773288981.62743427s 1 f0e2f29f-25be-493a-9542-1fe47d8d7bfd
1773289019.189540053s 1 32d85917-1c59-46fd-bcd6-2fda8a8052f5
1773289025.815102103s 1 f0e2f29f-25be-493a-9542-1fe47d8d7bfd
1773289093.509297221s 1 e9c6f883-438a-48d7-b6f8-7335a4017b60
1773289100.199305868s 1 f0e2f29f-25be-493a-9542-1fe47d8d7bfd
1773289216.826087043s 1 b4596ccf-1ebf-4026-8d58-ddd8cb3c1eff
1773289223.921818409s 1 f0e2f29f-25be-493a-9542-1fe47d8d7bfd
1773289934.979976211s 1 7760545e-e716-4da8-b45a-492cbd0626c8
1773289941.517436443s 1 f0e2f29f-25be-493a-9542-1fe47d8d7bfd
1773290031.908219934s 1 66d27317-3e8b-4062-973f-85df62629fc7
1773290031.920831321s 1 d0cf351d-8053-49e0-82d7-d078bf0c7c90
1773290038.174127583s 1 f0e2f29f-25be-493a-9542-1fe47d8d7bfd
1773290038.530931146s 1 f0e2f29f-25be-493a-9542-1fe47d8d7bfd
1773290186.199327703s 1 647f41ea-0c0a-4fc6-8d9a-ebf67eb50b19
1773290193.237982816s 1 f0e2f29f-25be-493a-9542-1fe47d8d7bfd
1773290389.624099314s 1 f20159f1-d53b-42fe-8a27-c7cbb62550c4
1773290413.066801851s 1 f0e2f29f-25be-493a-9542-1fe47d8d7bfd
1773290441.408083362s 1 9bde95ae-cc23-450d-a305-cef73a3aacf2
1773290448.789928282s 1 f0e2f29f-25be-493a-9542-1fe47d8d7bfd
1773290492.276003592s 1 8164b90a-a648-4b06-910e-a898ab4db6fd
1773290499.660322273s 1 f0e2f29f-25be-493a-9542-1fe47d8d7bfd
1773290547.441622109s 1 cc05267a-b15a-497e-8554-c7e1eff590f3
1773290555.842871205s 1 f0e2f29f-25be-493a-9542-1fe47d8d7bfd
1773290563.43139282s 1 845cc401-a0b3-4b0f-9836-f4287c355773
1773290569.998574051s 1 f0e2f29f-25be-493a-9542-1fe47d8d7bfd
1773290634.550217042s 1 96bf61ab-1b5c-4f79-b9fa-c64b2d018401
1773290641.216996455s 1 f0e2f29f-25be-493a-9542-1fe47d8d7bfd
1773290651.540812551s 1 5b700358-90af-4b1d-94d3-32f96c0b0ade
1773290657.895855189s 1 f0e2f29f-25be-493a-9542-1fe47d8d7bfd
1773290768.498621442s 1 3d5496e8-218d-4c3f-94e8-65da22fad133
1773290775.529432454s 1 f0e2f29f-25be-493a-9542-1fe47d8d7bfd
1773291097.421099264s 1 b328d000-4052-4225-bce7-de005cdfb83d
1773291104.545542107s 1 f0e2f29f-25be-493a-9542-1fe47d8d7bfd
1773291327.384904013s 1 63908e2a-4614-4e27-8b2e-66d30e1a9d0f
1773291334.281440249s 1 f0e2f29f-25be-493a-9542-1fe47d8d7bfd
1773291402.945087811s 1 6d31f8e5-9401-4b04-9be4-7b46417f3311
1773291409.426940715s 1 f0e2f29f-25be-493a-9542-1fe47d8d7bfd
1773291461.196302701s 1 e0aecc1f-c09d-4745-a061-68b2c840bf04
1773291468.058450738s 1 f0e2f29f-25be-493a-9542-1fe47d8d7bfd
1773291530.003315347s 1 63725a04-12e7-4a2b-a8fa-2c4004209c05
1773291536.483987454s 1 f0e2f29f-25be-493a-9542-1fe47d8d7bfd
1773291784.373838208s 1 1a18f990-03c2-49fe-b11a-d775e4ca479c
1773291791.140134526s 1 f0e2f29f-25be-493a-9542-1fe47d8d7bfd
1773291971.596684155s 1 17412b5b-4827-4397-9f0f-1b6ca6d097f6
1773291977.933813624s 1 f0e2f29f-25be-493a-9542-1fe47d8d7bfd
1773292042.870466234s 1 e9df27a8-18a2-46a0-8402-e344fd6b9ff3
1773292048.962886304s 1 f0e2f29f-25be-493a-9542-1fe47d8d7bfd
1773292228.169147689s 1 199fe73e-1bf7-4a71-9dd8-ed7b6dfa58dc
1773292234.567633698s 1 f0e2f29f-25be-493a-9542-1fe47d8d7bfd
1773292354.574604493s 1 8c986e1d-ffb4-45f4-a400-22a06ee520cb
1773292362.010613764s 1 f0e2f29f-25be-493a-9542-1fe47d8d7bfd
1773292530.255918654s 1 2ed5fe94-209c-4958-a68b-87de38a21ee3
1773292536.536680817s 1 f0e2f29f-25be-493a-9542-1fe47d8d7bfd
1773292624.899394671s 1 1ece8704-af7f-4461-b0a0-210d6cade713
1773292632.054988572s 1 f0e2f29f-25be-493a-9542-1fe47d8d7bfd
1773292848.343628845s 1 b9542c48-f6e8-4196-9aa3-75045566aef3
1773292854.996040097s 1 f0e2f29f-25be-493a-9542-1fe47d8d7bfd
1773292899.077943411s 1 82f7e805-87ab-4245-b18b-8a469c22d33a
1773292906.197122029s 1 f0e2f29f-25be-493a-9542-1fe47d8d7bfd
1773292988.405619296s 1 3fe16fec-a697-4bee-86bd-40a85b4ced8f
1773292995.190315873s 1 f0e2f29f-25be-493a-9542-1fe47d8d7bfd
1773293055.611805961s 1 685b5c7f-8e7a-4d61-bd60-24b43551ec31
1773293062.410205803s 1 f0e2f29f-25be-493a-9542-1fe47d8d7bfd
1773293186.306785328s 1 17c936ed-5c52-4cbe-93d1-835812e7e2b4
1773293193.097031433s 1 f0e2f29f-25be-493a-9542-1fe47d8d7bfd
1773293390.340855189s 1 0da42557-5892-4d38-a2a1-0a878ec786eb
1773293396.970093083s 1 f0e2f29f-25be-493a-9542-1fe47d8d7bfd
1773293507.441814723s 1 f711044d-d44a-4e6e-9231-efb9a3ab31dc
1773293513.92159949s 1 f0e2f29f-25be-493a-9542-1fe47d8d7bfd
1773293692.187069484s 1 adbb9356-6962-466a-80e1-977ad8a54a76
1773293698.405472316s 1 f0e2f29f-25be-493a-9542-1fe47d8d7bfd
1773293713.89762477s 1 e1a809b8-bb79-4825-ac6a-b3f19f58e6ec
1773293719.830513992s 1 f0e2f29f-25be-493a-9542-1fe47d8d7bfd
1773293760.33395984s 1 423bb2fe-0950-407c-b264-ab42028ff2f2
1773293767.208730217s 1 f0e2f29f-25be-493a-9542-1fe47d8d7bfd
1773294368.969726522s 1 9a046966-3110-4c29-b119-1c138d7329cd
1773294375.801953241s 1 f0e2f29f-25be-493a-9542-1fe47d8d7bfd
1773294713.651758621s 1 a2a93b1f-25e7-4d67-bcca-aca13d5531cc
1773294720.782248976s 1 f0e2f29f-25be-493a-9542-1fe47d8d7bfd
1773294727.738235183s 1 d03c8471-9943-476b-a0d5-e03e1eac8b60
1773294730.337915974s 1 812d75db-cb3f-4480-b206-7e168f0c72e7
1773294733.774841134s 1 f0e2f29f-25be-493a-9542-1fe47d8d7bfd
1773294737.462271693s 1 f0e2f29f-25be-493a-9542-1fe47d8d7bfd
1773295015.647124439s 1 9faf2fb9-2786-4cd1-9185-fd0266b23a85
1773295022.571407789s 1 f0e2f29f-25be-493a-9542-1fe47d8d7bfd
1773295199.321924958s 1 b8d7d516-af8e-4a4b-9841-9773bf7d0a68
1773295206.042896656s 1 f0e2f29f-25be-493a-9542-1fe47d8d7bfd
1773295620.125469757s 1 04f55d07-8e94-4a91-9afb-f24ee78d4202
1773295626.51166059s 1 f0e2f29f-25be-493a-9542-1fe47d8d7bfd
1773296182.866165553s 1 3596156c-f647-4b1e-aef6-87dfac527e4f
1773296189.142247793s 1 f0e2f29f-25be-493a-9542-1fe47d8d7bfd
1773296662.722253345s 1 48ccbe04-0458-4b9f-b750-60427701ffdb
1773296669.618955966s 1 f0e2f29f-25be-493a-9542-1fe47d8d7bfd
1773296695.483086284s 1 ddfebacf-1c6e-4b74-8858-fa190e7148e9
1773296701.911806011s 1 f0e2f29f-25be-493a-9542-1fe47d8d7bfd
1773296955.119903312s 1 ec98ee92-ce1b-4fa6-aa43-7342b8d60f3b
1773296960.890020468s 1 f0e2f29f-25be-493a-9542-1fe47d8d7bfd
1773297044.10869363s 1 df62e4ff-d0fc-4feb-bd9a-9644a9312b08
1773297050.303041291s 1 f0e2f29f-25be-493a-9542-1fe47d8d7bfd
1773297102.200968549s 1 e8200f81-af5a-40e5-b58a-c476733c1c7a
1773297109.217290637s 1 f0e2f29f-25be-493a-9542-1fe47d8d7bfd
1773297155.537589696s 1 53ec1d2e-5cd1-49e9-8d0b-8860b94ea650
1773297164.93565318s 1 f0e2f29f-25be-493a-9542-1fe47d8d7bfd
1773297186.705762401s 1 369a3ddf-be0f-453f-bbab-2e2ab34804bd
1773297193.21543846s 1 f0e2f29f-25be-493a-9542-1fe47d8d7bfd
1773297304.418906901s 1 78d55770-afc7-4c8b-80ad-cdc4cd2892ed
1773297310.327069989s 1 f0e2f29f-25be-493a-9542-1fe47d8d7bfd
1773297572.349418591s 1 4eac6420-6a75-4ed4-86fa-de262441ed2d
1773297579.605145899s 1 f0e2f29f-25be-493a-9542-1fe47d8d7bfd
1773298463.961942197s 1 338edd65-6d7c-48a4-8e7f-b920958c5cb6
1773298470.827092427s 1 f0e2f29f-25be-493a-9542-1fe47d8d7bfd
1773298565.614391704s 1 4e885504-522f-46bb-a44e-4aa73a775b93
1773298572.542178902s 1 f0e2f29f-25be-493a-9542-1fe47d8d7bfd
1773300163.909119819s 1 835513be-1b68-485c-9080-f4ef8f535ac4
1773300169.63611082s 1 f0e2f29f-25be-493a-9542-1fe47d8d7bfd
1773300736.920850848s 1 eace908e-5f47-40ab-9cff-84d6ebe74884
1773300743.173257764s 1 f0e2f29f-25be-493a-9542-1fe47d8d7bfd
1773300814.806309188s 1 2386442b-8379-406f-a401-c8912880741e
1773300821.163859125s 1 f0e2f29f-25be-493a-9542-1fe47d8d7bfd
1773300969.587377064s 1 37534025-e0e8-47d0-8ccd-88cffd7fb2b9
1773300975.687006637s 1 f0e2f29f-25be-493a-9542-1fe47d8d7bfd
1773301727.037465445s 1 8da91b1b-6a93-47af-9aef-c493b87c1426
1773301733.200906009s 1 f0e2f29f-25be-493a-9542-1fe47d8d7bfd
1773302401.014496818s 1 19c8048e-d760-4424-b7f8-c32deb888142
1773302409.455278627s 1 f0e2f29f-25be-493a-9542-1fe47d8d7bfd
1773302438.266078414s 1 308fc071-b845-4fdf-a8b4-5222fea9c630
1773302447.207804621s 1 f0e2f29f-25be-493a-9542-1fe47d8d7bfd
1773302484.026533524s 1 b24829b6-fcfe-41e5-9d97-10f22cb8cd5a
1773302490.564037833s 1 f0e2f29f-25be-493a-9542-1fe47d8d7bfd
1773303166.693547793s 1 8732dc3b-a5e9-4c87-9844-28ce4c960e3e
1773303173.051279014s 1 f0e2f29f-25be-493a-9542-1fe47d8d7bfd
1773303215.638736484s 1 ea92e27d-a516-41ca-b810-4ec8a759e0d0
1773303221.966282437s 1 f0e2f29f-25be-493a-9542-1fe47d8d7bfd
1773303238.742504744s 1 656d8d29-7148-4425-9153-51b07ed262ef
1773303245.439248025s 1 f0e2f29f-25be-493a-9542-1fe47d8d7bfd
1773303544.700769577s 1 799664d1-8888-48be-8a40-52a887555ca5
1773303551.466465352s 1 f0e2f29f-25be-493a-9542-1fe47d8d7bfd
1773303572.174933312s 1 97a68591-3c20-4085-9fdc-13d98e0401d3
1773303579.451348193s 1 f0e2f29f-25be-493a-9542-1fe47d8d7bfd
1773303670.57563102s 1 28043d50-39bb-4111-8383-45f641fd7ba4
1773303679.568765108s 1 f0e2f29f-25be-493a-9542-1fe47d8d7bfd
1773303719.855936722s 1 411e8b11-9b4c-44f5-b80e-ecd93d24ff12
1773303725.781051249s 1 f0e2f29f-25be-493a-9542-1fe47d8d7bfd
1773303860.362575474s 1 5f66b250-beae-4643-9c82-9a17fc5c47ea
1773303867.259150224s 1 f0e2f29f-25be-493a-9542-1fe47d8d7bfd
1773303959.645290017s 1 47a5d576-98b3-45e9-a4af-96cc0e2ea6c6
1773303966.335470551s 1 f0e2f29f-25be-493a-9542-1fe47d8d7bfd
1773304099.160295963s 1 bf95d228-36fb-49a5-814c-d59ddaf33b9a
1773304108.329916817s 1 f0e2f29f-25be-493a-9542-1fe47d8d7bfd
1773304140.318095314s 1 a5dd2906-3407-49cf-9dcb-ef7cbff137a0
1773304146.937244517s 1 f0e2f29f-25be-493a-9542-1fe47d8d7bfd
1773304619.393775965s 1 60198d43-203d-4375-ad41-05f4dd9479b8
1773304626.026167285s 1 f0e2f29f-25be-493a-9542-1fe47d8d7bfd
1773304670.102700082s 1 a9283134-a3a3-455b-9f21-ed2c05ed137d
1773304680.115059701s 1 f0e2f29f-25be-493a-9542-1fe47d8d7bfd
1773304813.614441793s 1 b36296f4-e1f1-425a-9e31-6697403b2104
1773304821.853232085s 1 f0e2f29f-25be-493a-9542-1fe47d8d7bfd
1773305105.600859359s 1 e1356c70-4bad-4f96-9564-a20aacaf1be0
1773305107.933483959s 1 1b76c7b4-4aba-4924-bf14-40e8f079b4ac
1773305113.773902335s 1 f0e2f29f-25be-493a-9542-1fe47d8d7bfd
1773305116.121139031s 1 f0e2f29f-25be-493a-9542-1fe47d8d7bfd
1773305143.868573949s 1 b0f62349-d3e6-4c8a-bba4-ffa256f756d1
1773305152.26390959s 1 f0e2f29f-25be-493a-9542-1fe47d8d7bfd
1773305162.524668114s 1 b267a415-00b9-44c1-9183-4314102d2474
1773305171.489449289s 1 f0e2f29f-25be-493a-9542-1fe47d8d7bfd
1773305184.709173478s 1 0cf1aef9-c365-4b5d-820d-82aaebf631c6
1773305191.692334967s 1 f0e2f29f-25be-493a-9542-1fe47d8d7bfd
1773305467.435477178s 1 287a94bf-cd0d-4acb-9684-cdbf6a165e6c
1773305475.657811299s 1 f0e2f29f-25be-493a-9542-1fe47d8d7bfd
1773305554.412375625s 1 03996f2a-ca00-474b-8d9d-c2ca6011d609
1773305560.575997502s 1 f0e2f29f-25be-493a-9542-1fe47d8d7bfd
1773305697.60196229s 1 7b8cfa90-d311-4c9e-9918-a3ee2c32e01a
1773305703.997631441s 1 f0e2f29f-25be-493a-9542-1fe47d8d7bfd
1773306103.041520351s 1 ab8ae27e-10c2-4633-a0dd-d488d3d54048
1773306110.855572141s 1 f0e2f29f-25be-493a-9542-1fe47d8d7bfd
1773306139.747724006s 1 87d667cf-8d95-4b02-a21a-b611ce32850a
1773306148.222437921s 1 f0e2f29f-25be-493a-9542-1fe47d8d7bfd
1773306172.27541661s 1 6a33692a-59b7-413b-815e-e61798a3c451
1773306179.104500285s 1 f0e2f29f-25be-493a-9542-1fe47d8d7bfd
1773306229.685007862s 1 e87b2a14-796a-41e4-b81c-d0cf8bfbc9ef
1773306237.403155368s 1 f0e2f29f-25be-493a-9542-1fe47d8d7bfd
1773306620.695344929s 1 2a5e3222-8b05-4443-a7b0-edfc41b93b89
1773306627.685885297s 1 f0e2f29f-25be-493a-9542-1fe47d8d7bfd
1773306738.512320578s 1 7e480a47-c60e-43dc-85bb-f52b091cb6bb
1773306746.253047354s 1 f0e2f29f-25be-493a-9542-1fe47d8d7bfd
1773307900.745049044s 1 0edb009a-f2cd-46e6-8ba4-1d24e5b4b0ea
1773307907.841762144s 1 f0e2f29f-25be-493a-9542-1fe47d8d7bfd
1773307923.557334093s 1 8f1a67d4-eca0-45dc-8c33-0c11365842fe
1773308323.963519524s 1 20e40b4e-ab48-428a-b65f-da4180e86a73
1773308324.320167585s 1 c18f9ce4-2a35-46be-bc4c-7bd2e9e9837f
1773308331.01944019s 1 f0e2f29f-25be-493a-9542-1fe47d8d7bfd
1773308331.944327771s 1 f0e2f29f-25be-493a-9542-1fe47d8d7bfd
1773308503.949908003s 1 281cba3d-8eaf-4385-9ed2-52a588f95beb
1773308511.070812334s 1 f0e2f29f-25be-493a-9542-1fe47d8d7bfd
1773308769.690323515s 1 441260c5-66e4-49ea-8d4e-c316f83d7a4e
1773308777.846654465s 1 f0e2f29f-25be-493a-9542-1fe47d8d7bfd
1773308944.394783231s 1 5558171d-6dac-467c-a806-f0a6805b2516
1773309067.37529447s 1 5957b418-8b6e-45db-9df8-5b5b2cc1155b
1773309074.102976879s 1 f0e2f29f-25be-493a-9542-1fe47d8d7bfd
1773309156.388426231s 1 f394f50d-6fe6-47bf-94f4-2c639eb82cb0
1773309190.068489684s 1 11642ee8-3748-4735-8aa7-6fbd1663c3c2
1773309197.722840653s 1 f0e2f29f-25be-493a-9542-1fe47d8d7bfd
1773309243.837558927s 1 5b738508-2e24-4077-bf3c-25e412df15b9
1773309250.542277872s 1 f0e2f29f-25be-493a-9542-1fe47d8d7bfd
1773309430.094357133s 1 4852fd86-47a5-4f66-b532-d4c6dc6a81ca
1773309437.025614862s 1 f0e2f29f-25be-493a-9542-1fe47d8d7bfd
1773309451.528295519s 1 58f0be34-5a4d-4ba8-aa54-3ca19ad8e5e6
1773309494.897068425s 1 95561d16-7bbe-4c28-870f-6c285764ddf8
1773309503.415254217s 1 f0e2f29f-25be-493a-9542-1fe47d8d7bfd
1773309602.495995381s 1 18a07eb2-fb8d-4a12-bd4f-fb635a397378
1773309612.386285938s 1 f0e2f29f-25be-493a-9542-1fe47d8d7bfd
1773309663.456859717s 1 7ee501b9-55a0-4cde-8afe-8a81f4dcc83f
1773309670.167889793s 1 f0e2f29f-25be-493a-9542-1fe47d8d7bfd
1773309675.32871824s 1 3dfd6532-d057-4456-b517-02ed5dd5b62d
1773309683.361255604s 1 f0e2f29f-25be-493a-9542-1fe47d8d7bfd
1773309712.572736836s 1 8216d721-640a-44a2-a5ab-f34d6cf66bbe
1773309949.834518732s 1 84646b72-3b4b-45ba-b75a-11c3c27a1226
1773309952.873567782s 1 d98bbbcf-e147-416e-978f-bd4cb18c21a0
1773310113.776019286s 1 dd2c67ff-dd92-45f1-a667-b2eb197fdd9a
1773310272.954429874s 1 966a3b34-9dd2-4284-9bf3-cb2fd6f57b1d
1773310659.381760168s 1 fb00e2e4-4387-42d5-8227-ec56e3034278
1773311093.611532188s 1 64cf552c-230e-4407-abc5-ea901ca13d5a
1773311100.636130628s 1 f0e2f29f-25be-493a-9542-1fe47d8d7bfd
1773311258.579996082s 1 c1792202-f539-424c-bccb-2bf75caa4139
1773311306.953137538s 1 58309444-f62c-45d6-bf7a-2001c8314b28
1773311581.623547858s 1 8facb1b9-b6da-46d9-a648-7b768d9ab599
1773311636.526309217s 1 5a204e34-0830-4515-ab72-365862e51fff
1773311679.754749742s 1 d23006dc-e426-4df0-bd9e-81ea70ee4f8b
1773311790.884249265s 1 a14b985d-280b-48b1-8752-f2e35941917d
1773311992.970480728s 1 b09b0af9-6ea5-42ca-a19a-3211e6d285c3
1773312437.20895699s 1 d4e32f02-048d-49b2-804f-bd38a0956709
1773312515.209266103s 1 4c509793-7e61-469b-9615-0bfc348dff4a
1773312681.188695038s 1 98d04165-c442-45a9-bcba-567ecff833a7
1773312992.491926266s 1 99621451-e9a4-4243-b14b-91427ebfa570
1773313462.946405306s 1 809fa5a4-9d1c-4a4e-be52-f15a46b4062c
1773313538.785668033s 1 ed3b3613-c9ea-4f63-8230-ab6fea8f1557
1773313602.838974496s 1 8f98f863-fb25-412e-a955-ed97bb932eae
1773313750.615852427s 1 134076bf-c997-4a12-a056-e552491dd50b
1773313809.330687697s 1 cd3acd70-b326-42cc-bf44-acb35359d0a1
1773314545.917629208s 1 a7ee23ad-a717-42df-81e7-4b6c9833914f
1773314814.589725801s 1 131c54b5-6abe-499b-b062-057275c21ba1
1773314821.950828739s 1 8e375596-51ef-422b-a34f-a8cb56274652
1773315142.733098754s 1 91abf4e7-1577-4c14-8117-a37a68385537
1773315200.246466439s 1 5bddeb7c-3c2d-4ebe-acee-ec41ed3d08fe
1773315376.606279254s 1 7bbeff14-3535-43f3-8372-152f2b2e6a92
1773315713.983838024s 1 5755f9eb-ca86-4044-911f-27dbbbe02ce2
1773315801.4655047s 1 74fbf024-12c5-41c0-8cdf-f8122176f4a9
1773316593.960942625s 1 895be6a3-fba9-4744-bd98-b9fd72ae2e7c
1773316645.101921666s 1 6561da98-fce8-4cea-ba55-e4b04a955e44
1773317564.991377238s 1 e4c2ea17-a263-4654-acfd-70fbbeae98ab
1773317736.390414321s 1 65e459b2-b233-4be4-badf-80cddf29750c
1773318508.787845011s 1 7297ca93-49bd-46c3-9b00-f1ae4f50fc2a
1773318665.323867279s 1 f56e237d-6f48-4d80-b05a-ba44f7b61ddf
