/out/sourcedata/freesurfer/sub-v1s10x0051109_ses-1/mri
/opt/freesurfer/bin/talairach_avi
--i orig_nu.mgz --xfm transforms/talairach.auto.xfm
talairach_avi 7.3.2
Linux dna065 5.14.0-427.37.1.el9_4.x86_64 #1 SMP PREEMPT_DYNAMIC Fri Sep 13 12:41:50 EDT 2024 x86_64 x86_64 x86_64 GNU/Linux
Thu Mar 12 07:43:09 CET 2026
mri_convert orig_nu.mgz talsrcimg.img 
reading from orig_nu.mgz...
TR=0.00, TE=0.00, TI=0.00, flip angle=0.00
i_ras = (-1, 0, 0)
j_ras = (0, 0, -1)
k_ras = (0, 1, 0)
writing to talsrcimg.img...
Analyze Output Matrix
-1.00000   0.00000   0.00000   131.83380;
 0.00000   0.00000   1.00000  -128.00000;
 0.00000  -1.00000   0.00000   128.55421;
 0.00000   0.00000   0.00000   1.00000;
--------------------
INFO: set hdr.hist.orient to -1
mpr2mni305 talsrcimg
Thu Mar 12 07:43:10 CET 2026
/opt/freesurfer/bin/mpr2mni305 talsrcimg
mpr2mni305 7.3.2
target=711-2C_as_mni_average_305

---------------------------------------------------------------------
analyzeto4dfp talsrcimg -O0 -y
---------------------------------------------------------------------

freesurfer ifh2hdr.c
Thu Mar 12 07:43:10 2026
Writing: talsrcimg.4dfp.hdr
freesurfer analyzeto4dfp.c
Reading: talsrcimg.hdr
header size 348 bytes
hdr.dime.datatype	offset=70	value=2
hdr.dime.bitpix		offset=72	value=8
hdr.hist.orient		offset=252	value=-1
dimensionality     4
dimensions       256       256       256         1
Reading: talsrcimg.img
Writing: talsrcimg.4dfp.img
Writing: talsrcimg.4dfp.ifh
ifh2hdr talsrcimg -r0to211
ori=2

---------------------------------------------------------------------
gauss_4dfp talsrcimg 1.1
---------------------------------------------------------------------

freesurfer gauss_4dfp.c
Reading: talsrcimg.4dfp.img
Writing: talsrcimg_g11.4dfp.img
image dimensions 256 256 256 padded to 288 288 288
processing volume 1freesurfer ifh2hdr.c
Thu Mar 12 07:43:11 2026
Writing: talsrcimg_g11.4dfp.hdr

Writing: talsrcimg_g11.4dfp.ifh
including: talsrcimg.4dfp.img.rec in talsrcimg_g11.4dfp.img.rec

---------------------------------------------------------------------
imgreg_4dfp /opt/freesurfer/average/711-2C_as_mni_average_305 none talsrcimg_g11 none talsrcimg_to_711-2C_as_mni_average_305_t4 4355
---------------------------------------------------------------------

freesurfer imgreg_4dfp.c
/opt/freesurfer/average/711-2C_as_mni_average_305.4dfp.img
       256       256       256         1
  1.000000  1.000000  1.000000
orientation T byte_order littleendian
Reading image: /opt/freesurfer/average/711-2C_as_mni_average_305.4dfp.img
dimensions:      256       256       256
mmppix:       1.0000   -1.0000   -1.0000
center:     128.0000 -129.0000 -129.0000
talsrcimg_g11.4dfp.img
       256       256       256         1
  1.000000  1.000000  1.000000
orientation T byte_order littleendian
Reading image: talsrcimg_g11.4dfp.img
dimensions:      256       256       256
mmppix:       1.0000   -1.0000   -1.0000
center:     128.0000 -129.0000 -129.0000
t4_read: open error in t4_sub.f l:  41 t4_file(1:l)talsrcimg_to_711-2C_as_mni_average_305_t4 
t4_read: transform initialized to I4
rotation matrix determinant  1.000000
image alignment mode   4355 decimal     1103 hex
   -7.5000  -45.0000  -45.0000 8661.9795   15.3345
    0.0000  -45.0000  -45.0000 9048.8301   15.3300
    7.5000  -45.0000  -45.0000 8628.7031   15.3072
   -7.5000  -37.5000  -45.0000 9218.7773   15.2921
    0.0000  -37.5000  -45.0000 9620.0996   15.2758
    7.5000  -37.5000  -45.0000 9166.6367   15.2538
   -7.5000  -30.0000  -45.000010099.0146   15.2728
    0.0000  -30.0000  -45.000010538.1650   15.2468
    7.5000  -30.0000  -45.000010030.1318   15.2246
   -7.5000  -22.5000  -45.000010917.0957   15.2740
    0.0000  -22.5000  -45.000011384.7344   15.2506
    7.5000  -22.5000  -45.000010844.9492   15.2271
   -7.5000  -15.0000  -45.000011628.3867   15.2900
    0.0000  -15.0000  -45.000012109.9229   15.2778
    7.5000  -15.0000  -45.000011552.4316   15.2532
   -7.5000   -7.5000  -45.000012259.6309   15.2862
    0.0000   -7.5000  -45.000012758.2354   15.2834
    7.5000   -7.5000  -45.000012155.9326   15.2595
   -7.5000    0.0000  -45.000012791.8857   15.2665
    0.0000    0.0000  -45.000013334.4131   15.2623
    7.5000    0.0000  -45.000012681.8623   15.2396
   -7.5000    7.5000  -45.000012358.8867   15.2529
    0.0000    7.5000  -45.000012877.6240   15.2368
    7.5000    7.5000  -45.000012218.1670   15.2149
   -7.5000   15.0000  -45.000011764.9355   15.2560
    0.0000   15.0000  -45.000012290.8643   15.2302
    7.5000   15.0000  -45.000011660.3184   15.2081
   -7.5000   22.5000  -45.000011107.8604   15.2714
    0.0000   22.5000  -45.000011603.7109   15.2480
    7.5000   22.5000  -45.000011015.9570   15.2245
   -7.5000   30.0000  -45.000010360.6631   15.0864
    0.0000   30.0000  -45.000010834.8701   15.0744
    7.5000   30.0000  -45.000010282.4463   15.0501
   -7.5000   37.5000  -45.0000 9886.2256   15.0921
    0.0000   37.5000  -45.000010328.0244   15.0893
    7.5000   37.5000  -45.0000 9797.1768   15.0659
   -7.5000   45.0000  -45.0000 9011.4053   14.7282
    0.0000   45.0000  -45.0000 9431.5234   14.7242
    7.5000   45.0000  -45.0000 8920.6729   14.7023
   -7.5000  -45.0000  -37.5000 9107.7012   15.3518
    0.0000  -45.0000  -37.5000 9510.8623   15.3490
    7.5000  -45.0000  -37.5000 9072.2861   15.3241
   -7.5000  -37.5000  -37.5000 9671.9883   15.3058
    0.0000  -37.5000  -37.500010084.9131   15.2925
    7.5000  -37.5000  -37.5000 9623.8662   15.2687
   -7.5000  -30.0000  -37.500010602.1377   15.2903
    0.0000  -30.0000  -37.500011047.9561   15.2672
    7.5000  -30.0000  -37.500010544.6504   15.2434
   -7.5000  -22.5000  -37.500011460.3740   15.2995
    0.0000  -22.5000  -37.500011925.8086   15.2767
    7.5000  -22.5000  -37.500011395.0664   15.2518
   -7.5000  -15.0000  -37.500012194.6279   15.3194
    0.0000  -15.0000  -37.500012671.6865   15.3057
    7.5000  -15.0000  -37.500012128.0850   15.2794
   -7.5000   -7.5000  -37.500012860.6348   15.3112
    0.0000   -7.5000  -37.500013355.9316   15.3075
    7.5000   -7.5000  -37.500012764.9453   15.2814
   -7.5000    0.0000  -37.500013402.4805   15.2837
    0.0000    0.0000  -37.500013918.6934   15.2810
    7.5000    0.0000  -37.500013313.4854   15.2563
   -7.5000    7.5000  -37.500012920.6787   15.2665
    0.0000    7.5000  -37.500013410.9609   15.2534
    7.5000    7.5000  -37.500012817.9893   15.2299
   -7.5000   15.0000  -37.500012293.3154   15.2734
    0.0000   15.0000  -37.500012755.8320   15.2504
    7.5000   15.0000  -37.500012210.8535   15.2268
   -7.5000   22.5000  -37.500011596.5137   15.2969
    0.0000   22.5000  -37.500012039.3604   15.2742
    7.5000   22.5000  -37.500011511.7236   15.2492
   -7.5000   30.0000  -37.500010809.4590   15.1154
    0.0000   30.0000  -37.500011239.2441   15.1019
    7.5000   30.0000  -37.500010749.5527   15.0759
   -7.5000   37.5000  -37.500010299.7812   15.1170
    0.0000   37.5000  -37.500010719.1338   15.1134
    7.5000   37.5000  -37.500010250.8135   15.0876
   -7.5000   45.0000  -37.5000 9381.1250   14.7449
    0.0000   45.0000  -37.5000 9795.6846   14.7424
    7.5000   45.0000  -37.5000 9318.7158   14.7186
   -7.5000  -45.0000  -30.0000 9722.8545   15.9856
    0.0000  -45.0000  -30.000010127.9092   15.9854
    7.5000  -45.0000  -30.0000 9668.0938   15.9609
   -7.5000  -37.5000  -30.000010297.2383   15.9306
    0.0000  -37.5000  -30.000010726.3311   15.9209
    7.5000  -37.5000  -30.000010256.6777   15.8980
   -7.5000  -30.0000  -30.000011285.8535   15.9148
    0.0000  -30.0000  -30.000011756.9824   15.8944
    7.5000  -30.0000  -30.000011242.6680   15.8701
   -7.5000  -22.5000  -30.000012196.6396   15.9328
    0.0000  -22.5000  -30.000012692.9922   15.9109
    7.5000  -22.5000  -30.000012139.1436   15.8844
   -7.5000  -15.0000  -30.000012950.4668   15.9617
    0.0000  -15.0000  -30.000013471.0566   15.9472
    7.5000  -15.0000  -30.000012885.0928   15.9186
   -7.5000   -7.5000  -30.000013650.7881   15.9516
    0.0000   -7.5000  -30.000014175.7002   15.9481
    7.5000   -7.5000  -30.000013565.1943   15.9203
   -7.5000    0.0000  -30.000014216.7119   15.9147
    0.0000    0.0000  -30.000014760.1592   15.9146
    7.5000    0.0000  -30.000014130.2373   15.8902
   -7.5000    7.5000  -30.000013720.8545   15.8897
    0.0000    7.5000  -30.000014227.4873   15.8802
    7.5000    7.5000  -30.000013640.2656   15.8575
   -7.5000   15.0000  -30.000013049.3350   15.8972
    0.0000   15.0000  -30.000013522.1035   15.8769
    7.5000   15.0000  -30.000012981.8496   15.8528
   -7.5000   22.5000  -30.000012289.7627   15.9285
    0.0000   22.5000  -30.000012715.3760   15.9066
    7.5000   22.5000  -30.000012196.0742   15.8801
   -7.5000   30.0000  -30.000011420.7207   15.7506
    0.0000   30.0000  -30.000011840.4580   15.7363
    7.5000   30.0000  -30.000011378.3467   15.7081
   -7.5000   37.5000  -30.000010881.6016   15.7510
    0.0000   37.5000  -30.000011320.7803   15.7476
    7.5000   37.5000  -30.000010867.2158   15.7201
   -7.5000   45.0000  -30.0000 9898.4609   15.3648
    0.0000   45.0000  -30.000010306.9365   15.3648
    7.5000   45.0000  -30.0000 9865.9648   15.3413
   -7.5000  -45.0000  -22.500010282.9893   16.5227
    0.0000  -45.0000  -22.500010731.7529   16.5246
    7.5000  -45.0000  -22.500010253.4619   16.5031
   -7.5000  -37.5000  -22.500010902.2959   16.4633
    0.0000  -37.5000  -22.500011384.2041   16.4548
    7.5000  -37.5000  -22.500010869.9951   16.4349
   -7.5000  -30.0000  -22.500011946.4258   16.4422
    0.0000  -30.0000  -22.500012459.5635   16.4225
    7.5000  -30.0000  -22.500011898.7383   16.3998
   -7.5000  -22.5000  -22.500012909.9346   16.4594
    0.0000  -22.5000  -22.500013456.5410   16.4388
    7.5000  -22.5000  -22.500012836.0244   16.4123
   -7.5000  -15.0000  -22.500013681.5918   16.4923
    0.0000  -15.0000  -22.500014265.3936   16.4804
    7.5000  -15.0000  -22.500013623.9941   16.4516
   -7.5000   -7.5000  -22.500014377.1992   16.4858
    0.0000   -7.5000  -22.500014970.9395   16.4851
    7.5000   -7.5000  -22.500014316.6338   16.4585
   -7.5000    0.0000  -22.500015000.8828   16.4493
    0.0000    0.0000  -22.500015595.4824   16.4513
    7.5000    0.0000  -22.500014931.6406   16.4299
   -7.5000    7.5000  -22.500014494.9990   16.4210
    0.0000    7.5000  -22.500015060.5762   16.4127
    7.5000    7.5000  -22.500014428.6855   16.3930
   -7.5000   15.0000  -22.500013816.6494   16.4240
    0.0000   15.0000  -22.500014310.1826   16.4044
    7.5000   15.0000  -22.500013726.2324   16.3818
   -7.5000   22.5000  -22.500012975.7139   16.4538
    0.0000   22.5000  -22.500013428.9951   16.4332
    7.5000   22.5000  -22.500012876.1982   16.4067
   -7.5000   30.0000  -22.500012053.4160   16.2767
    0.0000   30.0000  -22.500012479.2490   16.2649
    7.5000   30.0000  -22.500011993.7266   16.2366
   -7.5000   37.5000  -22.500011503.1650   16.2810
    0.0000   37.5000  -22.500011934.2871   16.2802
    7.5000   37.5000  -22.500011452.9941   16.2540
   -7.5000   45.0000  -22.500010449.4141   15.8927
    0.0000   45.0000  -22.500010860.7021   15.8946
    7.5000   45.0000  -22.500010402.6230   15.8741
   -7.5000  -45.0000  -15.000010823.3252   16.9119
    0.0000  -45.0000  -15.000011308.9795   16.9135
    7.5000  -45.0000  -15.000010808.0283   16.8941
   -7.5000  -37.5000  -15.000011492.6270   16.8552
    0.0000  -37.5000  -15.000012008.8574   16.8443
    7.5000  -37.5000  -15.000011472.2100   16.8263
   -7.5000  -30.0000  -15.000012573.3711   16.8292
    0.0000  -30.0000  -15.000013140.1777   16.8069
    7.5000  -30.0000  -15.000012528.2949   16.7858
   -7.5000  -22.5000  -15.000013601.2832   16.8379
    0.0000  -22.5000  -15.000014228.1416   16.8171
    7.5000  -22.5000  -15.000013536.7305   16.7916
   -7.5000  -15.0000  -15.000014441.9121   16.8670
    0.0000  -15.0000  -15.000015083.7471   16.8577
    7.5000  -15.0000  -15.000014383.5869   16.8303
   -7.5000   -7.5000  -15.000015133.5566   16.8652
    0.0000   -7.5000  -15.000015753.8467   16.8668
    7.5000   -7.5000  -15.000015076.3271   16.8425
   -7.5000    0.0000  -15.000015807.1328   16.8367
    0.0000    0.0000  -15.000016435.2461   16.8384
    7.5000    0.0000  -15.000015718.4082   16.8191
   -7.5000    7.5000  -15.000015274.8838   16.8119
    0.0000    7.5000  -15.000015881.1621   16.8013
    7.5000    7.5000  -15.000015174.9658   16.7833
   -7.5000   15.0000  -15.000014561.0107   16.8106
    0.0000   15.0000  -15.000015106.7783   16.7885
    7.5000   15.0000  -15.000014456.0488   16.7675
   -7.5000   22.5000  -15.000013661.2061   16.8314
    0.0000   22.5000  -15.000014151.6953   16.8106
    7.5000   22.5000  -15.000013541.0615   16.7851
   -7.5000   30.0000  -15.000012680.2305   16.6489
    0.0000   30.0000  -15.000013152.9648   16.6397
    7.5000   30.0000  -15.000012580.5869   16.6126
   -7.5000   37.5000  -15.000012121.8877   16.6577
    0.0000   37.5000  -15.000012597.7832   16.6592
    7.5000   37.5000  -15.000012012.0293   16.6353
   -7.5000   45.0000  -15.000011006.3818   16.2767
    0.0000   45.0000  -15.000011481.3867   16.2784
    7.5000   45.0000  -15.000010926.4043   16.2598
   -7.5000  -45.0000   -7.500011338.5820   17.1134
    0.0000  -45.0000   -7.500011872.0947   17.1109
    7.5000  -45.0000   -7.500011343.2842   17.0895
   -7.5000  -37.5000   -7.500012051.8906   17.0630
    0.0000  -37.5000   -7.500012630.9746   17.0470
    7.5000  -37.5000   -7.500012029.6982   17.0267
   -7.5000  -30.0000   -7.500013186.1885   17.0373
    0.0000  -30.0000   -7.500013844.0332   17.0102
    7.5000  -30.0000   -7.500013114.7881   16.9881
   -7.5000  -22.5000   -7.500014273.2031   17.0381
    0.0000  -22.5000   -7.500015022.2891   17.0142
    7.5000  -22.5000   -7.500014175.1660   16.9889
   -7.5000  -15.0000   -7.500015206.1514   17.0597
    0.0000  -15.0000   -7.500016009.2461   17.0488
    7.5000  -15.0000   -7.500015134.8965   17.0219
   -7.5000   -7.5000   -7.500015997.8203   17.0588
    0.0000   -7.5000   -7.500016749.3125   17.0584
    7.5000   -7.5000   -7.500015908.0566   17.0339
   -7.5000    0.0000   -7.500016718.4414   17.0373
    0.0000    0.0000   -7.500017453.5527   17.0351
    7.5000    0.0000   -7.500016581.7031   17.0139
   -7.5000    7.5000   -7.500016153.5176   17.0193
    0.0000    7.5000   -7.500016874.8789   17.0035
    7.5000    7.5000   -7.500016003.7979   16.9833
   -7.5000   15.0000   -7.500015405.4912   17.0185
    0.0000   15.0000   -7.500016070.3018   16.9916
    7.5000   15.0000   -7.500015252.6260   16.9697
   -7.5000   22.5000   -7.500014477.6650   17.0297
    0.0000   22.5000   -7.500015087.1455   17.0058
    7.5000   22.5000   -7.500014305.8672   16.9805
   -7.5000   30.0000   -7.500013432.6846   16.8387
    0.0000   30.0000   -7.500014020.7617   16.8279
    7.5000   30.0000   -7.500013265.6172   16.8014
   -7.5000   37.5000   -7.500012855.2979   16.8482
    0.0000   37.5000   -7.500013436.9473   16.8479
    7.5000   37.5000   -7.500012685.2129   16.8238
   -7.5000   45.0000   -7.500011677.8672   16.4739
    0.0000   45.0000   -7.500012220.2900   16.4718
    7.5000   45.0000   -7.500011542.9082   16.4512
   -7.5000  -45.0000    0.000011691.6045   17.1568
    0.0000  -45.0000    0.000012309.8486   17.1517
    7.5000  -45.0000    0.000011744.7764   17.1261
   -7.5000  -37.5000    0.000012442.3408   17.1096
    0.0000  -37.5000    0.000013111.4492   17.0913
    7.5000  -37.5000    0.000012463.4678   17.0666
   -7.5000  -30.0000    0.000013641.3213   17.0877
    0.0000  -30.0000    0.000014379.8408   17.0587
    7.5000  -30.0000    0.000013590.6152   17.0338
   -7.5000  -22.5000    0.000014829.6191   17.0886
    0.0000  -22.5000    0.000015720.2119   17.0625
    7.5000  -22.5000    0.000014740.5205   17.0361
   -7.5000  -15.0000    0.000016004.7178   17.1063
    0.0000  -15.0000    0.000016997.3730   17.0927
    7.5000  -15.0000    0.000015857.3818   17.0650
   -7.5000   -7.5000    0.000016978.0352   17.1023
    0.0000   -7.5000    0.000018009.7559   17.0991
    7.5000   -7.5000    0.000016731.6543   17.0724
   -7.5000    0.0000    0.000017674.0918   17.0807
    0.0000    0.0000    0.000018672.0684   17.0759
    7.5000    0.0000    0.000017391.8184   17.0505
   -7.5000    7.5000    0.000016985.6191   17.0657
    0.0000    7.5000    0.000017927.1816   17.0477
    7.5000    7.5000    0.000016758.9199   17.0231
   -7.5000   15.0000    0.000016164.3652   17.0689
    0.0000   15.0000    0.000017029.3027   17.0400
    7.5000   15.0000    0.000015928.1240   17.0153
   -7.5000   22.5000    0.000015185.3740   17.0802
    0.0000   22.5000    0.000015983.1064   17.0541
    7.5000   22.5000    0.000014946.3564   17.0277
   -7.5000   30.0000    0.000014082.3525   16.8850
    0.0000   30.0000    0.000014804.2627   16.8716
    7.5000   30.0000    0.000013858.2344   16.8443
   -7.5000   37.5000    0.000013466.4170   16.8917
    0.0000   37.5000    0.000014147.0391   16.8885
    7.5000   37.5000    0.000013258.0322   16.8623
   -7.5000   45.0000    0.000012248.4297   16.5173
    0.0000   45.0000    0.000012863.1348   16.5127
    7.5000   45.0000    0.000012077.6035   16.4881
   -7.5000  -45.0000    7.500011216.5684   17.1790
    0.0000  -45.0000    7.500011831.0508   17.1759
    7.5000  -45.0000    7.500011284.5615   17.1480
   -7.5000  -37.5000    7.500011944.8369   17.1276
    0.0000  -37.5000    7.500012594.7158   17.1127
    7.5000  -37.5000    7.500011979.5537   17.0861
   -7.5000  -30.0000    7.500013107.3682   17.1103
    0.0000  -30.0000    7.500013840.0625   17.0843
    7.5000  -30.0000    7.500013090.8340   17.0577
   -7.5000  -22.5000    7.500014320.3213   17.1205
    0.0000  -22.5000    7.500015287.8418   17.0951
    7.5000  -22.5000    7.500014230.1328   17.0672
   -7.5000  -15.0000    7.500015570.5449   17.1429
    0.0000  -15.0000    7.500016838.2441   17.1275
    7.5000  -15.0000    7.500015299.0801   17.0981
   -7.5000   -7.5000    7.500016526.2031   17.1336
    0.0000   -7.5000    7.500017884.9043   17.1295
    7.5000   -7.5000    7.500016158.1729   17.1002
   -7.5000    0.0000    7.500017141.0156   17.1028
    0.0000    0.0000    7.500018429.8359   17.0999
    7.5000    0.0000    7.500016795.2988   17.0722
   -7.5000    7.5000    7.500016458.5449   17.0836
    0.0000    7.5000    7.500017586.0684   17.0690
    7.5000    7.5000    7.500016181.2158   17.0426
   -7.5000   15.0000    7.500015619.7061   17.0914
    0.0000   15.0000    7.500016583.0352   17.0656
    7.5000   15.0000    7.500015366.1992   17.0391
   -7.5000   22.5000    7.500014615.4658   17.1121
    0.0000   22.5000    7.500015433.1777   17.0867
    7.5000   22.5000    7.500014407.6611   17.0588
   -7.5000   30.0000    7.500013539.0977   16.9211
    0.0000   30.0000    7.500014232.7705   16.9060
    7.5000   30.0000    7.500013337.4854   16.8769
   -7.5000   37.5000    7.500012924.1943   16.9230
    0.0000   37.5000    7.500013567.6123   16.9189
    7.5000   37.5000    7.500012716.8389   16.8900
   -7.5000   45.0000    7.500011783.3750   16.5388
    0.0000   45.0000    7.500012354.9072   16.5360
    7.5000   45.0000    7.500011608.8428   16.5093
   -7.5000  -45.0000   15.000010644.1875   17.2089
    0.0000  -45.0000   15.000011302.5918   17.2088
    7.5000  -45.0000   15.000010688.9258   17.1823
   -7.5000  -37.5000   15.000011355.2861   17.1498
    0.0000  -37.5000   15.000012080.2295   17.1395
    7.5000  -37.5000   15.000011345.5732   17.1147
   -7.5000  -30.0000   15.000012480.3691   17.1328
    0.0000  -30.0000   15.000013286.2695   17.1110
    7.5000  -30.0000   15.000012403.2256   17.0846
   -7.5000  -22.5000   15.000013622.6035   17.1519
    0.0000  -22.5000   15.000014581.6504   17.1285
    7.5000  -22.5000   15.000013498.8057   17.0997
   -7.5000  -15.0000   15.000014676.3428   17.1828
    0.0000  -15.0000   15.000015778.7812   17.1673
    7.5000  -15.0000   15.000014477.3975   17.1363
   -7.5000   -7.5000   15.000015437.4365   17.1719
    0.0000   -7.5000   15.000016511.9414   17.1683
    7.5000   -7.5000   15.000015289.2979   17.1382
   -7.5000    0.0000   15.000016057.4424   17.1324
    0.0000    0.0000   15.000017076.9336   17.1324
    7.5000    0.0000   15.000015966.3545   17.1060
   -7.5000    7.5000   15.000015536.9150   17.1057
    0.0000    7.5000   15.000016432.0312   17.0956
    7.5000    7.5000   15.000015430.3613   17.0710
   -7.5000   15.0000   15.000014807.2344   17.1138
    0.0000   15.0000   15.000015614.5732   17.0922
    7.5000   15.0000   15.000014662.2178   17.0659
   -7.5000   22.5000   15.000013840.7666   17.1435
    0.0000   22.5000   15.000014569.3018   17.1201
    7.5000   22.5000   15.000013704.5049   17.0913
   -7.5000   30.0000   15.000012799.6055   16.9605
    0.0000   30.0000   15.000013434.3154   16.9452
    7.5000   30.0000   15.000012631.3076   16.9147
   -7.5000   37.5000   15.000012187.4609   16.9610
    0.0000   37.5000   15.000012790.0732   16.9574
    7.5000   37.5000   15.000012008.9326   16.9277
   -7.5000   45.0000   15.000011111.1162   16.5674
    0.0000   45.0000   15.000011638.9209   16.5674
    7.5000   45.0000   15.000010935.5703   16.5420
   -7.5000  -45.0000   22.500010004.6982   17.2474
    0.0000  -45.0000   22.500010608.5830   17.2499
    7.5000  -45.0000   22.500010018.7285   17.2276
   -7.5000  -37.5000   22.500010672.6592   17.1854
    0.0000  -37.5000   22.500011297.2422   17.1770
    7.5000  -37.5000   22.500010639.2314   17.1564
   -7.5000  -30.0000   22.500011717.7725   17.1637
    0.0000  -30.0000   22.500012360.9590   17.1434
    7.5000  -30.0000   22.500011625.5049   17.1197
   -7.5000  -22.5000   22.500012707.8750   17.1816
    0.0000  -22.5000   22.500013463.8008   17.1605
    7.5000  -22.5000   22.500012626.1680   17.1328
   -7.5000  -15.0000   22.500013586.3545   17.2157
    0.0000  -15.0000   22.500014392.9912   17.2037
    7.5000  -15.0000   22.500013498.0117   17.1737
   -7.5000   -7.5000   22.500014247.4160   17.2086
    0.0000   -7.5000   22.500015005.2314   17.2083
    7.5000   -7.5000   22.500014231.6191   17.1807
   -7.5000    0.0000   22.500014843.2803   17.1703
    0.0000    0.0000   22.500015593.4287   17.1729
    7.5000    0.0000   22.500014863.6494   17.1508
   -7.5000    7.5000   22.500014385.8916   17.1410
    0.0000    7.5000   22.500015111.1367   17.1328
    7.5000    7.5000   22.500014366.7002   17.1124
   -7.5000   15.0000   22.500013762.8154   17.1446
    0.0000   15.0000   22.500014442.0869   17.1245
    7.5000   15.0000   22.500013682.3145   17.1009
   -7.5000   22.5000   22.500012902.6416   17.1732
    0.0000   22.5000   22.500013543.1660   17.1520
    7.5000   22.5000   22.500012824.3389   17.1243
   -7.5000   30.0000   22.500011929.0986   16.9931
    0.0000   30.0000   22.500012525.1318   16.9812
    7.5000   30.0000   22.500011817.6289   16.9516
   -7.5000   37.5000   22.500011389.1094   16.9972
    0.0000   37.5000   22.500011925.9902   16.9969
    7.5000   37.5000   22.500011221.9053   16.9697
   -7.5000   45.0000   22.500010346.4990   16.6040
    0.0000   45.0000   22.500010817.1904   16.6065
    7.5000   45.0000   22.500010190.9561   16.5853
   -7.5000  -45.0000   30.0000 9199.3604   17.3885
    0.0000  -45.0000   30.0000 9700.3643   17.3908
    7.5000  -45.0000   30.0000 9202.1162   17.3710
   -7.5000  -37.5000   30.0000 9823.4258   17.3304
    0.0000  -37.5000   30.000010296.2061   17.3195
    7.5000  -37.5000   30.0000 9766.1826   17.3010
   -7.5000  -30.0000   30.000010767.2744   17.3035
    0.0000  -30.0000   30.000011256.3896   17.2806
    7.5000  -30.0000   30.000010696.9854   17.2586
   -7.5000  -22.5000   30.000011693.7637   17.3115
    0.0000  -22.5000   30.000012258.2705   17.2902
    7.5000  -22.5000   30.000011632.3721   17.2636
   -7.5000  -15.0000   30.000012478.5469   17.3406
    0.0000  -15.0000   30.000013065.6504   17.3315
    7.5000  -15.0000   30.000012437.8135   17.3030
   -7.5000   -7.5000   30.000013110.8389   17.3388
    0.0000   -7.5000   30.000013671.9023   17.3412
    7.5000   -7.5000   30.000013106.6074   17.3162
   -7.5000    0.0000   30.000013703.8965   17.3100
    0.0000    0.0000   30.000014282.2217   17.3125
    7.5000    0.0000   30.000013670.1553   17.2929
   -7.5000    7.5000   30.000013292.8535   17.2853
    0.0000    7.5000   30.000013877.9619   17.2746
    7.5000    7.5000   30.000013222.1045   17.2562
   -7.5000   15.0000   30.000012697.3086   17.2842
    0.0000   15.0000   30.000013266.3887   17.2614
    7.5000   15.0000   30.000012594.2441   17.2395
   -7.5000   22.5000   30.000011900.5293   17.3029
    0.0000   22.5000   30.000012437.4629   17.2816
    7.5000   22.5000   30.000011812.5303   17.2551
   -7.5000   30.0000   30.000011008.2109   17.1163
    0.0000   30.0000   30.000011502.1250   17.1074
    7.5000   30.0000   30.000010898.9404   17.0793
   -7.5000   37.5000   30.000010508.9629   17.1256
    0.0000   37.5000   30.000010978.1309   17.1279
    7.5000   37.5000   30.000010357.5117   17.1033
   -7.5000   45.0000   30.0000 9530.8848   16.7395
    0.0000   45.0000   30.0000 9949.4082   16.7419
    7.5000   45.0000   30.0000 9400.6709   16.7230
   -7.5000  -45.0000   37.5000 8780.0693   17.8050
    0.0000  -45.0000   37.5000 9176.8711   17.8029
    7.5000  -45.0000   37.5000 8729.7324   17.7801
   -7.5000  -37.5000   37.5000 9365.5400   17.7508
    0.0000  -37.5000   37.5000 9750.4541   17.7337
    7.5000  -37.5000   37.5000 9294.4453   17.7117
   -7.5000  -30.0000   37.500010301.3291   17.7228
    0.0000  -30.0000   37.500010692.5479   17.6933
    7.5000  -30.0000   37.500010224.0537   17.6694
   -7.5000  -22.5000   37.500011200.4570   17.7231
    0.0000  -22.5000   37.500011663.4023   17.6973
    7.5000  -22.5000   37.500011126.2969   17.6699
   -7.5000  -15.0000   37.500011956.4082   17.7460
    0.0000  -15.0000   37.500012452.4180   17.7346
    7.5000  -15.0000   37.500011908.5791   17.7059
   -7.5000   -7.5000   37.500012562.0137   17.7453
    0.0000   -7.5000   37.500013063.1982   17.7457
    7.5000   -7.5000   37.500012532.5723   17.7197
   -7.5000    0.0000   37.500013133.6475   17.7228
    0.0000    0.0000   37.500013650.3291   17.7210
    7.5000    0.0000   37.500013057.1533   17.6984
   -7.5000    7.5000   37.500012728.3555   17.7035
    0.0000    7.5000   37.500013263.7520   17.6867
    7.5000    7.5000   37.500012633.7412   17.6648
   -7.5000   15.0000   37.500012148.3506   17.7025
    0.0000   15.0000   37.500012681.1475   17.6733
    7.5000   15.0000   37.500012052.6104   17.6494
   -7.5000   22.5000   37.500011408.9609   17.7143
    0.0000   22.5000   37.500011923.5088   17.6885
    7.5000   22.5000   37.500011324.4395   17.6612
   -7.5000   30.0000   37.500010557.8428   17.5166
    0.0000   30.0000   37.500011050.2363   17.5053
    7.5000   30.0000   37.500010472.3066   17.4770
   -7.5000   37.5000   37.500010061.6865   17.5272
    0.0000   37.5000   37.500010519.5566   17.5275
    7.5000   37.5000   37.5000 9941.3213   17.5020
   -7.5000   45.0000   37.5000 9143.7617   17.1401
    0.0000   45.0000   37.5000 9538.6270   17.1384
    7.5000   45.0000   37.5000 9028.6680   17.1165
   -7.5000  -45.0000   45.0000 7983.8413   18.2961
    0.0000  -45.0000   45.0000 8303.6670   18.2922
    7.5000  -45.0000   45.0000 7931.1289   18.2645
   -7.5000  -37.5000   45.0000 8523.0195   18.2414
    0.0000  -37.5000   45.0000 8848.3281   18.2225
    7.5000  -37.5000   45.0000 8463.8096   18.1955
   -7.5000  -30.0000   45.0000 9392.8643   18.2151
    0.0000  -30.0000   45.0000 9734.2773   18.1840
    7.5000  -30.0000   45.0000 9325.2900   18.1567
   -7.5000  -22.5000   45.000010233.1699   18.2152
    0.0000  -22.5000   45.000010616.9424   18.1874
    7.5000  -22.5000   45.000010146.1699   18.1585
   -7.5000  -15.0000   45.000010926.2939   18.2357
    0.0000  -15.0000   45.000011351.1826   18.2220
    7.5000  -15.0000   45.000010868.0537   18.1919
   -7.5000   -7.5000   45.000011495.3994   18.2327
    0.0000   -7.5000   45.000011955.0967   18.2307
    7.5000   -7.5000   45.000011448.1436   18.2018
   -7.5000    0.0000   45.000012005.4766   18.2090
    0.0000    0.0000   45.000012489.0879   18.2054
    7.5000    0.0000   45.000011928.3008   18.1779
   -7.5000    7.5000   45.000011650.9287   18.1912
    0.0000    7.5000   45.000012107.5674   18.1726
    7.5000    7.5000   45.000011534.8311   18.1458
   -7.5000   15.0000   45.000011145.5459   18.1935
    0.0000   15.0000   45.000011595.3877   18.1627
    7.5000   15.0000   45.000011023.0488   18.1355
   -7.5000   22.5000   45.000010470.8330   18.2061
    0.0000   22.5000   45.000010937.1680   18.1784
    7.5000   22.5000   45.000010373.6494   18.1494
   -7.5000   30.0000   45.0000 9678.0244   17.9984
    0.0000   30.0000   45.000010120.5312   17.9848
    7.5000   30.0000   45.0000 9601.3418   17.9551
   -7.5000   37.5000   45.0000 9208.8330   18.0074
    0.0000   37.5000   45.0000 9596.5908   18.0055
    7.5000   37.5000   45.0000 9091.3389   17.9771
   -7.5000   45.0000   45.0000 8389.1104   17.6202
    0.0000   45.0000   45.0000 8736.2002   17.6168
    7.5000   45.0000   45.0000 8270.6973   17.5901

---------------------------------------------------------------------
imgreg_4dfp /opt/freesurfer/average/711-2C_as_mni_average_305 /opt/freesurfer/average/711-2B_as_mni_average_305_mask talsrcimg_g11 none talsrcimg_to_711-2C_as_mni_average_305_t4 4355
---------------------------------------------------------------------

freesurfer imgreg_4dfp.c
/opt/freesurfer/average/711-2C_as_mni_average_305.4dfp.img
       256       256       256         1
  1.000000  1.000000  1.000000
orientation T byte_order littleendian
Reading image: /opt/freesurfer/average/711-2C_as_mni_average_305.4dfp.img
dimensions:      256       256       256
mmppix:       1.0000   -1.0000   -1.0000
center:     128.0000 -129.0000 -129.0000
/opt/freesurfer/average/711-2B_as_mni_average_305_mask.4dfp.img
       256       256       256         1
  1.000000  1.000000  1.000000
orientation T byte_order littleendian
Reading mask: /opt/freesurfer/average/711-2B_as_mni_average_305_mask.4dfp.img (2306576 pixels)
talsrcimg_g11.4dfp.img
       256       256       256         1
  1.000000  1.000000  1.000000
orientation T byte_order littleendian
Reading image: talsrcimg_g11.4dfp.img
dimensions:      256       256       256
mmppix:       1.0000   -1.0000   -1.0000
center:     128.0000 -129.0000 -129.0000
rotation matrix determinant  1.000000
image alignment mode   4355 decimal     1103 hex
   -7.5000  -45.0000  -45.0000 2215.1990   16.8162
    0.0000  -45.0000  -45.0000 2227.8525   16.8429
    7.5000  -45.0000  -45.0000 2219.1487   16.8876
   -7.5000  -37.5000  -45.0000 2311.0601   15.4568
    0.0000  -37.5000  -45.0000 2326.7388   15.4168
    7.5000  -37.5000  -45.0000 2310.0068   15.5188
   -7.5000  -30.0000  -45.0000 2380.5696   14.4669
    0.0000  -30.0000  -45.0000 2396.6704   14.4080
    7.5000  -30.0000  -45.0000 2376.0872   14.5365
   -7.5000  -22.5000  -45.0000 2421.6492   13.8705
    0.0000  -22.5000  -45.0000 2440.5671   13.7943
    7.5000  -22.5000  -45.0000 2417.6765   13.8975
   -7.5000  -15.0000  -45.0000 2449.2358   13.5230
    0.0000  -15.0000  -45.0000 2459.7085   13.4260
    7.5000  -15.0000  -45.0000 2440.5823   13.5430
   -7.5000   -7.5000  -45.0000 2460.2654   13.4496
    0.0000   -7.5000  -45.0000 2469.8213   13.3178
    7.5000   -7.5000  -45.0000 2445.7673   13.4471
   -7.5000    0.0000  -45.0000 2446.2256   13.5907
    0.0000    0.0000  -45.0000 2458.4163   13.4978
    7.5000    0.0000  -45.0000 2431.6094   13.6223
   -7.5000    7.5000  -45.0000 2413.9976   14.0212
    0.0000    7.5000  -45.0000 2423.2153   13.9317
    7.5000    7.5000  -45.0000 2396.3184   14.0620
   -7.5000   15.0000  -45.0000 2348.0081   14.7398
    0.0000   15.0000  -45.0000 2360.2239   14.6628
    7.5000   15.0000  -45.0000 2337.4534   14.7821
   -7.5000   22.5000  -45.0000 2269.3416   15.7415
    0.0000   22.5000  -45.0000 2281.4932   15.6925
    7.5000   22.5000  -45.0000 2259.2883   15.7860
   -7.5000   30.0000  -45.0000 2173.1873   17.1420
    0.0000   30.0000  -45.0000 2186.3098   17.0882
    7.5000   30.0000  -45.0000 2159.3623   17.1610
   -7.5000   37.5000  -45.0000 2070.5244   18.9830
    0.0000   37.5000  -45.0000 2075.7141   18.9685
    7.5000   37.5000  -45.0000 2048.6458   19.0539
   -7.5000   45.0000  -45.0000 1961.4027   21.4919
    0.0000   45.0000  -45.0000 1963.9700   21.4146
    7.5000   45.0000  -45.0000 1939.5332   21.5057
   -7.5000  -45.0000  -37.5000 2283.6033   15.9541
    0.0000  -45.0000  -37.5000 2299.3782   15.9008
    7.5000  -45.0000  -37.5000 2286.9282   15.9881
   -7.5000  -37.5000  -37.5000 2380.4602   14.6077
    0.0000  -37.5000  -37.5000 2398.9631   14.5199
    7.5000  -37.5000  -37.5000 2383.3274   14.6519
   -7.5000  -30.0000  -37.5000 2460.7327   13.6373
    0.0000  -30.0000  -37.5000 2477.6406   13.5154
    7.5000  -30.0000  -37.5000 2460.5171   13.6586
   -7.5000  -22.5000  -37.5000 2512.1738   13.0381
    0.0000  -22.5000  -37.5000 2527.0339   12.9067
    7.5000  -22.5000  -37.5000 2509.9226   13.0453
   -7.5000  -15.0000  -37.5000 2542.1157   12.6961
    0.0000  -15.0000  -37.5000 2551.6462   12.5528
    7.5000  -15.0000  -37.5000 2536.0356   12.7110
   -7.5000   -7.5000  -37.5000 2553.6462   12.6143
    0.0000   -7.5000  -37.5000 2559.7529   12.4545
    7.5000   -7.5000  -37.5000 2539.0227   12.6336
   -7.5000    0.0000  -37.5000 2538.8896   12.7491
    0.0000    0.0000  -37.5000 2545.2842   12.6272
    7.5000    0.0000  -37.5000 2527.4751   12.7856
   -7.5000    7.5000  -37.5000 2508.8984   13.1325
    0.0000    7.5000  -37.5000 2512.9856   13.0101
    7.5000    7.5000  -37.5000 2491.1313   13.1561
   -7.5000   15.0000  -37.5000 2441.9863   13.7425
    0.0000   15.0000  -37.5000 2450.0359   13.6577
    7.5000   15.0000  -37.5000 2429.5364   13.7775
   -7.5000   22.5000  -37.5000 2355.5598   14.5992
    0.0000   22.5000  -37.5000 2369.2461   14.5407
    7.5000   22.5000  -37.5000 2344.1133   14.6643
   -7.5000   30.0000  -37.5000 2254.2009   15.8377
    0.0000   30.0000  -37.5000 2268.5344   15.7722
    7.5000   30.0000  -37.5000 2244.3877   15.8903
   -7.5000   37.5000  -37.5000 2144.3801   17.5273
    0.0000   37.5000  -37.5000 2151.4072   17.4768
    7.5000   37.5000  -37.5000 2130.3911   17.5737
   -7.5000   45.0000  -37.5000 2028.8027   19.7609
    0.0000   45.0000  -37.5000 2038.0518   19.7192
    7.5000   45.0000  -37.5000 2011.6010   19.8032
   -7.5000  -45.0000  -30.0000 2390.1199   15.6872
    0.0000  -45.0000  -30.0000 2405.1274   15.5735
    7.5000  -45.0000  -30.0000 2389.8838   15.7096
   -7.5000  -37.5000  -30.0000 2491.0010   14.3115
    0.0000  -37.5000  -30.0000 2505.6079   14.1938
    7.5000  -37.5000  -30.0000 2494.0229   14.3489
   -7.5000  -30.0000  -30.0000 2581.6504   13.3381
    0.0000  -30.0000  -30.0000 2595.5183   13.1989
    7.5000  -30.0000  -30.0000 2581.9221   13.3495
   -7.5000  -22.5000  -30.0000 2644.8577   12.7094
    0.0000  -22.5000  -30.0000 2656.2371   12.5566
    7.5000  -22.5000  -30.0000 2640.3818   12.7076
   -7.5000  -15.0000  -30.0000 2677.1763   12.3512
    0.0000  -15.0000  -30.0000 2686.8110   12.2091
    7.5000  -15.0000  -30.0000 2669.1152   12.3541
   -7.5000   -7.5000  -30.0000 2692.1145   12.2349
    0.0000   -7.5000  -30.0000 2695.8760   12.1136
    7.5000   -7.5000  -30.0000 2678.1050   12.2699
   -7.5000    0.0000  -30.0000 2674.7688   12.3638
    0.0000    0.0000  -30.0000 2680.7117   12.2585
    7.5000    0.0000  -30.0000 2664.4568   12.4107
   -7.5000    7.5000  -30.0000 2643.9680   12.7294
    0.0000    7.5000  -30.0000 2651.2039   12.6138
    7.5000    7.5000  -30.0000 2630.3411   12.7672
   -7.5000   15.0000  -30.0000 2578.3804   13.3042
    0.0000   15.0000  -30.0000 2586.1726   13.1959
    7.5000   15.0000  -30.0000 2568.0569   13.3433
   -7.5000   22.5000  -30.0000 2492.0447   14.0864
    0.0000   22.5000  -30.0000 2496.9385   13.9904
    7.5000   22.5000  -30.0000 2477.5271   14.1476
   -7.5000   30.0000  -30.0000 2381.1045   15.2392
    0.0000   30.0000  -30.0000 2388.1147   15.1294
    7.5000   30.0000  -30.0000 2374.8022   15.2814
   -7.5000   37.5000  -30.0000 2264.7637   16.8296
    0.0000   37.5000  -30.0000 2270.3652   16.7354
    7.5000   37.5000  -30.0000 2253.1890   16.8543
   -7.5000   45.0000  -30.0000 2137.4253   18.9396
    0.0000   45.0000  -30.0000 2141.4714   18.8606
    7.5000   45.0000  -30.0000 2120.9238   18.9515
   -7.5000  -45.0000  -22.5000 2454.2488   15.3715
    0.0000  -45.0000  -22.5000 2468.8940   15.2562
    7.5000  -45.0000  -22.5000 2461.5793   15.4127
   -7.5000  -37.5000  -22.5000 2564.0593   13.9764
    0.0000  -37.5000  -22.5000 2576.0901   13.8841
    7.5000  -37.5000  -22.5000 2571.7974   14.0075
   -7.5000  -30.0000  -22.5000 2657.1584   12.9812
    0.0000  -30.0000  -22.5000 2669.5010   12.8593
    7.5000  -30.0000  -22.5000 2662.5200   12.9743
   -7.5000  -22.5000  -22.5000 2733.8071   12.3201
    0.0000  -22.5000  -22.5000 2743.7700   12.1943
    7.5000  -22.5000  -22.5000 2729.6558   12.3028
   -7.5000  -15.0000  -22.5000 2775.0220   11.8973
    0.0000  -15.0000  -22.5000 2790.6763   11.7732
    7.5000  -15.0000  -22.5000 2770.4561   11.9054
   -7.5000   -7.5000  -22.5000 2790.6025   11.7618
    0.0000   -7.5000  -22.5000 2803.4690   11.6307
    7.5000   -7.5000  -22.5000 2781.9426   11.7847
   -7.5000    0.0000  -22.5000 2782.2048   11.8986
    0.0000    0.0000  -22.5000 2790.2195   11.7837
    7.5000    0.0000  -22.5000 2774.6580   11.9289
   -7.5000    7.5000  -22.5000 2754.1724   12.2694
    0.0000    7.5000  -22.5000 2761.1904   12.1347
    7.5000    7.5000  -22.5000 2742.2083   12.2927
   -7.5000   15.0000  -22.5000 2692.4504   12.8240
    0.0000   15.0000  -22.5000 2694.0522   12.6918
    7.5000   15.0000  -22.5000 2675.0872   12.8409
   -7.5000   22.5000  -22.5000 2600.3301   13.5901
    0.0000   22.5000  -22.5000 2598.8469   13.4727
    7.5000   22.5000  -22.5000 2582.4126   13.6044
   -7.5000   30.0000  -22.5000 2484.1277   14.6468
    0.0000   30.0000  -22.5000 2489.9070   14.5299
    7.5000   30.0000  -22.5000 2476.9187   14.6602
   -7.5000   37.5000  -22.5000 2362.1445   16.1364
    0.0000   37.5000  -22.5000 2367.1389   16.0256
    7.5000   37.5000  -22.5000 2350.6616   16.1561
   -7.5000   45.0000  -22.5000 2226.2869   18.1438
    0.0000   45.0000  -22.5000 2226.2771   18.0403
    7.5000   45.0000  -22.5000 2205.6826   18.1950
   -7.5000  -45.0000  -15.0000 2478.0708   15.1298
    0.0000  -45.0000  -15.0000 2492.7200   15.0333
    7.5000  -45.0000  -15.0000 2489.5818   15.1288
   -7.5000  -37.5000  -15.0000 2597.7168   13.7354
    0.0000  -37.5000  -15.0000 2608.7932   13.6409
    7.5000  -37.5000  -15.0000 2605.0637   13.7226
   -7.5000  -30.0000  -15.0000 2695.8113   12.7036
    0.0000  -30.0000  -15.0000 2706.3040   12.5802
    7.5000  -30.0000  -15.0000 2695.9131   12.6759
   -7.5000  -22.5000  -15.0000 2781.9333   12.0153
    0.0000  -22.5000  -15.0000 2787.5291   11.8731
    7.5000  -22.5000  -15.0000 2775.3892   11.9672
   -7.5000  -15.0000  -15.0000 2835.9702   11.5522
    0.0000  -15.0000  -15.0000 2847.1255   11.4185
    7.5000  -15.0000  -15.0000 2825.0862   11.5524
   -7.5000   -7.5000  -15.0000 2857.8787   11.3645
    0.0000   -7.5000  -15.0000 2868.2461   11.2123
    7.5000   -7.5000  -15.0000 2845.4644   11.3834
   -7.5000    0.0000  -15.0000 2858.2017   11.4878
    0.0000    0.0000  -15.0000 2864.2371   11.3249
    7.5000    0.0000  -15.0000 2841.2271   11.4910
   -7.5000    7.5000  -15.0000 2824.6841   11.8499
    0.0000    7.5000  -15.0000 2834.3853   11.6854
    7.5000    7.5000  -15.0000 2809.7610   11.8357
   -7.5000   15.0000  -15.0000 2760.4146   12.3924
    0.0000   15.0000  -15.0000 2762.9570   12.2294
    7.5000   15.0000  -15.0000 2743.2388   12.3833
   -7.5000   22.5000  -15.0000 2669.9692   13.1593
    0.0000   22.5000  -15.0000 2670.0181   13.0102
    7.5000   22.5000  -15.0000 2649.2290   13.1293
   -7.5000   30.0000  -15.0000 2554.4370   14.1660
    0.0000   30.0000  -15.0000 2563.8804   14.0244
    7.5000   30.0000  -15.0000 2545.6367   14.1728
   -7.5000   37.5000  -15.0000 2428.3550   15.5604
    0.0000   37.5000  -15.0000 2440.8721   15.4308
    7.5000   37.5000  -15.0000 2415.0913   15.6170
   -7.5000   45.0000  -15.0000 2282.5203   17.4200
    0.0000   45.0000  -15.0000 2293.2976   17.3364
    7.5000   45.0000  -15.0000 2265.5994   17.5152
   -7.5000  -45.0000   -7.5000 2478.0198   14.9789
    0.0000  -45.0000   -7.5000 2489.7485   14.8683
    7.5000  -45.0000   -7.5000 2488.6465   14.9327
   -7.5000  -37.5000   -7.5000 2604.5303   13.5685
    0.0000  -37.5000   -7.5000 2612.1501   13.4735
    7.5000  -37.5000   -7.5000 2609.9287   13.5243
   -7.5000  -30.0000   -7.5000 2710.9358   12.5295
    0.0000  -30.0000   -7.5000 2718.7439   12.4053
    7.5000  -30.0000   -7.5000 2706.4321   12.4684
   -7.5000  -22.5000   -7.5000 2798.8242   11.8109
    0.0000  -22.5000   -7.5000 2802.9607   11.7094
    7.5000  -22.5000   -7.5000 2789.5073   11.7202
   -7.5000  -15.0000   -7.5000 2856.3152   11.3594
    0.0000  -15.0000   -7.5000 2870.1714   11.2507
    7.5000  -15.0000   -7.5000 2849.3289   11.3041
   -7.5000   -7.5000   -7.5000 2892.4460   11.1094
    0.0000   -7.5000   -7.5000 2901.3684   10.9805
    7.5000   -7.5000   -7.5000 2877.9158   11.1016
   -7.5000    0.0000   -7.5000 2894.3171   11.1819
    0.0000    0.0000   -7.5000 2898.6306   11.0336
    7.5000    0.0000   -7.5000 2874.8113   11.1816
   -7.5000    7.5000   -7.5000 2865.4441   11.5166
    0.0000    7.5000   -7.5000 2870.8120   11.3710
    7.5000    7.5000   -7.5000 2847.3640   11.4962
   -7.5000   15.0000   -7.5000 2805.5916   12.0287
    0.0000   15.0000   -7.5000 2808.8601   11.9039
    7.5000   15.0000   -7.5000 2786.3037   12.0298
   -7.5000   22.5000   -7.5000 2713.1860   12.7793
    0.0000   22.5000   -7.5000 2715.4036   12.6558
    7.5000   22.5000   -7.5000 2693.1562   12.7714
   -7.5000   30.0000   -7.5000 2594.9280   13.8063
    0.0000   30.0000   -7.5000 2603.8450   13.6659
    7.5000   30.0000   -7.5000 2579.2261   13.7928
   -7.5000   37.5000   -7.5000 2466.8035   15.1702
    0.0000   37.5000   -7.5000 2477.8013   15.0296
    7.5000   37.5000   -7.5000 2451.6528   15.1919
   -7.5000   45.0000   -7.5000 2323.6455   16.9100
    0.0000   45.0000   -7.5000 2330.9521   16.8155
    7.5000   45.0000   -7.5000 2308.1536   16.9962
   -7.5000  -45.0000    0.0000 2450.0767   14.9428
    0.0000  -45.0000    0.0000 2466.1543   14.8909
    7.5000  -45.0000    0.0000 2463.9741   14.9034
   -7.5000  -37.5000    0.0000 2581.8042   13.5375
    0.0000  -37.5000    0.0000 2597.6655   13.4892
    7.5000  -37.5000    0.0000 2586.3857   13.4866
   -7.5000  -30.0000    0.0000 2695.0361   12.5136
    0.0000  -30.0000    0.0000 2708.4578   12.4311
    7.5000  -30.0000    0.0000 2690.0251   12.4219
   -7.5000  -22.5000    0.0000 2787.1523   11.8225
    0.0000  -22.5000    0.0000 2799.5203   11.7577
    7.5000  -22.5000    0.0000 2781.6677   11.6958
   -7.5000  -15.0000    0.0000 2856.5190   11.4071
    0.0000  -15.0000    0.0000 2873.4526   11.3727
    7.5000  -15.0000    0.0000 2853.3303   11.2856
   -7.5000   -7.5000    0.0000 2903.4541   11.1485
    0.0000   -7.5000    0.0000 2923.6387   11.0919
    7.5000   -7.5000    0.0000 2890.3147   11.0821
   -7.5000    0.0000    0.0000 2912.8147   11.1092
    0.0000    0.0000    0.0000 2925.7051   11.0561
    7.5000    0.0000    0.0000 2889.5798   11.0757
   -7.5000    7.5000    0.0000 2878.0283   11.3618
    0.0000    7.5000    0.0000 2893.6641   11.3101
    7.5000    7.5000    0.0000 2861.0979   11.3243
   -7.5000   15.0000    0.0000 2817.3704   11.8421
    0.0000   15.0000    0.0000 2830.4858   11.7629
    7.5000   15.0000    0.0000 2795.3228   11.8281
   -7.5000   22.5000    0.0000 2727.0510   12.5746
    0.0000   22.5000    0.0000 2736.4910   12.4952
    7.5000   22.5000    0.0000 2703.4597   12.5713
   -7.5000   30.0000    0.0000 2607.8318   13.6128
    0.0000   30.0000    0.0000 2618.0779   13.5171
    7.5000   30.0000    0.0000 2588.2812   13.5964
   -7.5000   37.5000    0.0000 2479.9016   14.9992
    0.0000   37.5000    0.0000 2490.5208   14.8903
    7.5000   37.5000    0.0000 2457.5601   14.9657
   -7.5000   45.0000    0.0000 2338.7622   16.7556
    0.0000   45.0000    0.0000 2346.8848   16.6946
    7.5000   45.0000    0.0000 2321.5325   16.7551
   -7.5000  -45.0000    7.5000 2412.7261   15.1657
    0.0000  -45.0000    7.5000 2429.8662   15.1709
    7.5000  -45.0000    7.5000 2425.8325   15.1576
   -7.5000  -37.5000    7.5000 2546.5667   13.7361
    0.0000  -37.5000    7.5000 2556.9529   13.6985
    7.5000  -37.5000    7.5000 2549.8184   13.6893
   -7.5000  -30.0000    7.5000 2661.7349   12.7214
    0.0000  -30.0000    7.5000 2672.4880   12.6840
    7.5000  -30.0000    7.5000 2658.3623   12.6258
   -7.5000  -22.5000    7.5000 2759.2800   12.0260
    0.0000  -22.5000    7.5000 2778.7998   12.0368
    7.5000  -22.5000    7.5000 2760.1670   11.9209
   -7.5000  -15.0000    7.5000 2841.1987   11.6428
    0.0000  -15.0000    7.5000 2870.2422   11.7313
    7.5000  -15.0000    7.5000 2835.3264   11.5038
   -7.5000   -7.5000    7.5000 2897.9185   11.3645
    0.0000   -7.5000    7.5000 2936.4060   11.4943
    7.5000   -7.5000    7.5000 2880.6689   11.2322
   -7.5000    0.0000    7.5000 2908.8474   11.2314
    0.0000    0.0000    7.5000 2942.7468   11.3035
    7.5000    0.0000    7.5000 2880.4895   11.1585
   -7.5000    7.5000    7.5000 2878.9849   11.3802
    0.0000    7.5000    7.5000 2902.6606   11.3467
    7.5000    7.5000    7.5000 2859.8425   11.3518
   -7.5000   15.0000    7.5000 2814.4543   11.8450
    0.0000   15.0000    7.5000 2829.8687   11.7658
    7.5000   15.0000    7.5000 2795.0115   11.8343
   -7.5000   22.5000    7.5000 2722.7583   12.5917
    0.0000   22.5000    7.5000 2731.9192   12.4887
    7.5000   22.5000    7.5000 2706.1311   12.5928
   -7.5000   30.0000    7.5000 2598.8728   13.6496
    0.0000   30.0000    7.5000 2607.9321   13.5202
    7.5000   30.0000    7.5000 2586.5464   13.6469
   -7.5000   37.5000    7.5000 2465.9126   15.1053
    0.0000   37.5000    7.5000 2474.3923   14.9392
    7.5000   37.5000    7.5000 2454.7009   15.0414
   -7.5000   45.0000    7.5000 2326.7598   16.8929
    0.0000   45.0000    7.5000 2335.8855   16.7484
    7.5000   45.0000    7.5000 2313.8113   16.8388
   -7.5000  -45.0000   15.0000 2365.4912   15.6951
    0.0000  -45.0000   15.0000 2379.5325   15.7481
    7.5000  -45.0000   15.0000 2372.2092   15.6703
   -7.5000  -37.5000   15.0000 2491.3760   14.2243
    0.0000  -37.5000   15.0000 2508.0183   14.2773
    7.5000  -37.5000   15.0000 2492.5981   14.1718
   -7.5000  -30.0000   15.0000 2608.2632   13.1651
    0.0000  -30.0000   15.0000 2622.6946   13.2139
    7.5000  -30.0000   15.0000 2600.4656   13.0672
   -7.5000  -22.5000   15.0000 2714.9219   12.4261
    0.0000  -22.5000   15.0000 2733.8459   12.4924
    7.5000  -22.5000   15.0000 2709.4036   12.3432
   -7.5000  -15.0000   15.0000 2806.0884   11.9835
    0.0000  -15.0000   15.0000 2827.8362   12.0510
    7.5000  -15.0000   15.0000 2797.5220   11.8911
   -7.5000   -7.5000   15.0000 2860.5784   11.6209
    0.0000   -7.5000   15.0000 2889.0930   11.6833
    7.5000   -7.5000   15.0000 2850.0344   11.5883
   -7.5000    0.0000   15.0000 2877.8533   11.4874
    0.0000    0.0000   15.0000 2901.6638   11.4345
    7.5000    0.0000   15.0000 2860.3352   11.5100
   -7.5000    7.5000   15.0000 2861.6357   11.6745
    0.0000    7.5000   15.0000 2876.3965   11.5660
    7.5000    7.5000   15.0000 2839.0461   11.6888
   -7.5000   15.0000   15.0000 2798.2903   12.1639
    0.0000   15.0000   15.0000 2806.9651   12.0524
    7.5000   15.0000   15.0000 2770.9397   12.1513
   -7.5000   22.5000   15.0000 2697.5437   12.9160
    0.0000   22.5000   15.0000 2704.8203   12.7772
    7.5000   22.5000   15.0000 2679.9126   12.9002
   -7.5000   30.0000   15.0000 2576.1436   13.9471
    0.0000   30.0000   15.0000 2581.1157   13.8086
    7.5000   30.0000   15.0000 2561.9348   13.9245
   -7.5000   37.5000   15.0000 2437.8730   15.3521
    0.0000   37.5000   15.0000 2445.4805   15.1798
    7.5000   37.5000   15.0000 2431.2874   15.2682
   -7.5000   45.0000   15.0000 2299.3555   17.0901
    0.0000   45.0000   15.0000 2304.8538   16.9356
    7.5000   45.0000   15.0000 2292.0283   17.0200
   -7.5000  -45.0000   22.5000 2310.2300   16.5478
    0.0000  -45.0000   22.5000 2318.9802   16.6122
    7.5000  -45.0000   22.5000 2308.0037   16.5555
   -7.5000  -37.5000   22.5000 2436.3154   14.9402
    0.0000  -37.5000   22.5000 2445.0796   14.9638
    7.5000  -37.5000   22.5000 2429.9551   14.9029
   -7.5000  -30.0000   22.5000 2556.4551   13.7455
    0.0000  -30.0000   22.5000 2560.7944   13.7443
    7.5000  -30.0000   22.5000 2544.3159   13.6968
   -7.5000  -22.5000   22.5000 2657.8279   12.9257
    0.0000  -22.5000   22.5000 2668.3101   12.9113
    7.5000  -22.5000   22.5000 2653.2114   12.8716
   -7.5000  -15.0000   22.5000 2746.4626   12.3862
    0.0000  -15.0000   22.5000 2760.4583   12.3776
    7.5000  -15.0000   22.5000 2738.9087   12.3390
   -7.5000   -7.5000   22.5000 2804.7576   11.9631
    0.0000   -7.5000   22.5000 2822.6321   11.8947
    7.5000   -7.5000   22.5000 2796.4324   12.0079
   -7.5000    0.0000   22.5000 2823.4431   11.8413
    0.0000    0.0000   22.5000 2842.4727   11.7269
    7.5000    0.0000   22.5000 2813.7214   11.9247
   -7.5000    7.5000   22.5000 2809.9592   12.0527
    0.0000    7.5000   22.5000 2825.7507   11.9217
    7.5000    7.5000   22.5000 2792.8376   12.0877
   -7.5000   15.0000   22.5000 2750.1746   12.5693
    0.0000   15.0000   22.5000 2760.2515   12.4218
    7.5000   15.0000   22.5000 2727.2507   12.5608
   -7.5000   22.5000   22.5000 2650.4202   13.3763
    0.0000   22.5000   22.5000 2658.2634   13.2192
    7.5000   22.5000   22.5000 2636.3005   13.3428
   -7.5000   30.0000   22.5000 2535.1997   14.4094
    0.0000   30.0000   22.5000 2544.4580   14.2607
    7.5000   30.0000   22.5000 2521.9937   14.3854
   -7.5000   37.5000   22.5000 2413.2197   15.7587
    0.0000   37.5000   22.5000 2417.0791   15.6027
    7.5000   37.5000   22.5000 2397.2771   15.7355
   -7.5000   45.0000   22.5000 2260.0195   17.5182
    0.0000   45.0000   22.5000 2263.2104   17.3758
    7.5000   45.0000   22.5000 2252.1235   17.4729
   -7.5000  -45.0000   30.0000 2245.3315   17.6317
    0.0000  -45.0000   30.0000 2252.8098   17.5615
    7.5000  -45.0000   30.0000 2241.3823   17.5954
   -7.5000  -37.5000   30.0000 2370.9038   15.8096
    0.0000  -37.5000   30.0000 2373.8889   15.6986
    7.5000  -37.5000   30.0000 2363.9204   15.7716
   -7.5000  -30.0000   30.0000 2488.2373   14.5101
    0.0000  -30.0000   30.0000 2488.0215   14.3883
    7.5000  -30.0000   30.0000 2477.3870   14.4661
   -7.5000  -22.5000   30.0000 2588.5359   13.6082
    0.0000  -22.5000   30.0000 2592.3679   13.4993
    7.5000  -22.5000   30.0000 2581.6411   13.5644
   -7.5000  -15.0000   30.0000 2671.6235   12.9784
    0.0000  -15.0000   30.0000 2676.5576   12.8766
    7.5000  -15.0000   30.0000 2667.4116   12.9969
   -7.5000   -7.5000   30.0000 2731.2366   12.5317
    0.0000   -7.5000   30.0000 2739.5295   12.4028
    7.5000   -7.5000   30.0000 2724.6902   12.6105
   -7.5000    0.0000   30.0000 2751.7268   12.4677
    0.0000    0.0000   30.0000 2758.1133   12.3180
    7.5000    0.0000   30.0000 2739.1223   12.5327
   -7.5000    7.5000   30.0000 2733.0552   12.7038
    0.0000    7.5000   30.0000 2741.1306   12.5446
    7.5000    7.5000   30.0000 2719.2000   12.7224
   -7.5000   15.0000   30.0000 2673.2126   13.2005
    0.0000   15.0000   30.0000 2680.7419   13.0274
    7.5000   15.0000   30.0000 2660.1377   13.1622
   -7.5000   22.5000   30.0000 2585.4670   13.9405
    0.0000   22.5000   30.0000 2590.2480   13.7704
    7.5000   22.5000   30.0000 2580.4644   13.9017
   -7.5000   30.0000   30.0000 2483.1221   14.9343
    0.0000   30.0000   30.0000 2483.9282   14.7870
    7.5000   30.0000   30.0000 2469.3882   14.9349
   -7.5000   37.5000   30.0000 2366.7532   16.3004
    0.0000   37.5000   30.0000 2370.2319   16.1458
    7.5000   37.5000   30.0000 2347.9839   16.2927
   -7.5000   45.0000   30.0000 2216.8501   18.0213
    0.0000   45.0000   30.0000 2219.2595   17.9031
    7.5000   45.0000   30.0000 2207.9111   18.0524
   -7.5000  -45.0000   37.5000 2175.1689   18.9464
    0.0000  -45.0000   37.5000 2175.7998   18.7368
    7.5000  -45.0000   37.5000 2171.3374   18.8589
   -7.5000  -37.5000   37.5000 2299.2632   16.9362
    0.0000  -37.5000   37.5000 2299.0747   16.6962
    7.5000  -37.5000   37.5000 2294.2688   16.8547
   -7.5000  -30.0000   37.5000 2417.3550   15.4865
    0.0000  -30.0000   37.5000 2413.1414   15.2658
    7.5000  -30.0000   37.5000 2405.2302   15.4608
   -7.5000  -22.5000   37.5000 2519.8992   14.5117
    0.0000  -22.5000   37.5000 2518.0986   14.3039
    7.5000  -22.5000   37.5000 2510.8757   14.4958
   -7.5000  -15.0000   37.5000 2594.7766   13.7920
    0.0000  -15.0000   37.5000 2599.2952   13.6279
    7.5000  -15.0000   37.5000 2588.4075   13.8208
   -7.5000   -7.5000   37.5000 2650.0835   13.3326
    0.0000   -7.5000   37.5000 2654.2004   13.1840
    7.5000   -7.5000   37.5000 2638.4922   13.4245
   -7.5000    0.0000   37.5000 2669.8665   13.2668
    0.0000    0.0000   37.5000 2667.6414   13.1158
    7.5000    0.0000   37.5000 2650.9521   13.3298
   -7.5000    7.5000   37.5000 2646.6355   13.5368
    0.0000    7.5000   37.5000 2650.7126   13.3494
    7.5000    7.5000   37.5000 2629.3989   13.5450
   -7.5000   15.0000   37.5000 2586.8721   14.0228
    0.0000   15.0000   37.5000 2594.5088   13.8320
    7.5000   15.0000   37.5000 2575.8513   13.9953
   -7.5000   22.5000   37.5000 2506.2168   14.7361
    0.0000   22.5000   37.5000 2516.1667   14.5555
    7.5000   22.5000   37.5000 2500.4514   14.7322
   -7.5000   30.0000   37.5000 2415.0103   15.7051
    0.0000   30.0000   37.5000 2423.8911   15.5419
    7.5000   30.0000   37.5000 2406.7183   15.7162
   -7.5000   37.5000   37.5000 2305.7727   17.0136
    0.0000   37.5000   37.5000 2311.2869   16.8557
    7.5000   37.5000   37.5000 2292.9790   17.0396
   -7.5000   45.0000   37.5000 2165.3491   18.7261
    0.0000   45.0000   37.5000 2164.5596   18.6117
    7.5000   45.0000   37.5000 2150.8970   18.7786
   -7.5000  -45.0000   45.0000 2106.0298   20.5173
    0.0000  -45.0000   45.0000 2095.6479   20.1895
    7.5000  -45.0000   45.0000 2096.3093   20.3751
   -7.5000  -37.5000   45.0000 2222.8008   18.3240
    0.0000  -37.5000   45.0000 2216.2588   17.9764
    7.5000  -37.5000   45.0000 2214.9587   18.2359
   -7.5000  -30.0000   45.0000 2334.3242   16.7483
    0.0000  -30.0000   45.0000 2329.2073   16.4249
    7.5000  -30.0000   45.0000 2324.2109   16.7086
   -7.5000  -22.5000   45.0000 2434.6262   15.6511
    0.0000  -22.5000   45.0000 2430.3110   15.4036
    7.5000  -22.5000   45.0000 2419.3391   15.6310
   -7.5000  -15.0000   45.0000 2507.7639   14.8902
    0.0000  -15.0000   45.0000 2510.1340   14.6607
    7.5000  -15.0000   45.0000 2495.9912   14.9165
   -7.5000   -7.5000   45.0000 2555.5808   14.3860
    0.0000   -7.5000   45.0000 2559.4802   14.2330
    7.5000   -7.5000   45.0000 2540.9856   14.4772
   -7.5000    0.0000   45.0000 2569.8816   14.2776
    0.0000    0.0000   45.0000 2573.2700   14.1175
    7.5000    0.0000   45.0000 2553.8894   14.3280
   -7.5000    7.5000   45.0000 2551.5476   14.5585
    0.0000    7.5000   45.0000 2552.1934   14.3490
    7.5000    7.5000   45.0000 2533.6782   14.5106
   -7.5000   15.0000   45.0000 2500.1926   15.0556
    0.0000   15.0000   45.0000 2502.7197   14.8150
    7.5000   15.0000   45.0000 2485.8271   14.9697
   -7.5000   22.5000   45.0000 2423.1807   15.7582
    0.0000   22.5000   45.0000 2435.0757   15.5392
    7.5000   22.5000   45.0000 2416.9639   15.6767
   -7.5000   30.0000   45.0000 2329.2178   16.7205
    0.0000   30.0000   45.0000 2340.6023   16.5355
    7.5000   30.0000   45.0000 2323.9458   16.7082
   -7.5000   37.5000   45.0000 2231.7654   17.9442
    0.0000   37.5000   45.0000 2234.3174   17.7977
    7.5000   37.5000   45.0000 2214.8167   18.0070
   -7.5000   45.0000   45.0000 2108.6072   19.6379
    0.0000   45.0000   45.0000 2108.0891   19.5379
    7.5000   45.0000   45.0000 2089.6091   19.6682

---------------------------------------------------------------------
imgreg_4dfp /opt/freesurfer/average/711-2C_as_mni_average_305 /opt/freesurfer/average/711-2B_as_mni_average_305_mask talsrcimg_g11 none talsrcimg_to_711-2C_as_mni_average_305_t4 1283
---------------------------------------------------------------------

freesurfer imgreg_4dfp.c
/opt/freesurfer/average/711-2C_as_mni_average_305.4dfp.img
       256       256       256         1
  1.000000  1.000000  1.000000
orientation T byte_order littleendian
Reading image: /opt/freesurfer/average/711-2C_as_mni_average_305.4dfp.img
dimensions:      256       256       256
mmppix:       1.0000   -1.0000   -1.0000
center:     128.0000 -129.0000 -129.0000
/opt/freesurfer/average/711-2B_as_mni_average_305_mask.4dfp.img
       256       256       256         1
  1.000000  1.000000  1.000000
orientation T byte_order littleendian
Reading mask: /opt/freesurfer/average/711-2B_as_mni_average_305_mask.4dfp.img (2306576 pixels)
talsrcimg_g11.4dfp.img
       256       256       256         1
  1.000000  1.000000  1.000000
orientation T byte_order littleendian
Reading image: talsrcimg_g11.4dfp.img
dimensions:      256       256       256
mmppix:       1.0000   -1.0000   -1.0000
center:     128.0000 -129.0000 -129.0000
rotation matrix determinant  1.000000
fimgreg.f
image alignment mode   1283 decimal      503 hex
parameters
    0.0000    0.0000    7.5000    0.0000    0.0000    0.0000
eta,q 0.92226 11.31592
niter,ni,del,rscale     5    3   12.0000    1.2000
parameter  2  0.758192 ->  0.500000 qaram    1.1500
parameter  4  3.969588 ->  0.500000 qaram    1.1500
parameter  6 -1.084236 -> -0.500000 qaram    1.1500
parameters
   -1.2914   -3.4500    7.0541   -3.4500    1.8678    3.4500
eta,q 0.93381 11.28121
  0.0850  0.0758  0.0804  0.0671  0.0779  0.0760
  0.0812  0.0743  0.0769  0.0694  0.0745  0.0741
  0.0784  0.0753  0.0743  0.0721  0.0721  0.0718
  0.0785  0.0779  0.0740  0.0741  0.0702  0.0690
  0.0822  0.0807  0.0754  0.0769  0.0690  0.0667
  0.0878  0.0845  0.0780  0.0804  0.0697  0.0662
  0.0926  0.0885  0.0828  0.0835  0.0723  0.0668
niter,ni,del,rscale     7    3   12.0000    1.2000
parameter  4  2.853691 ->  0.500000 qaram    1.3225
parameters
   -1.6447   -2.2477    7.3295   -7.4175    2.5119    4.4705
eta,q 0.93785 11.36494
  0.0805  0.0813  0.0756  0.0587  0.0698  0.0665
  0.0738  0.0748  0.0715  0.0612  0.0665  0.0641
  0.0684  0.0699  0.0679  0.0638  0.0637  0.0624
  0.0662  0.0663  0.0660  0.0660  0.0620  0.0619
  0.0694  0.0665  0.0672  0.0693  0.0623  0.0627
  0.0766  0.0698  0.0699  0.0730  0.0642  0.0631
  0.0839  0.0739  0.0744  0.0768  0.0675  0.0641
niter,ni,del,rscale     7    3   12.0000    1.2000
parameter  4  2.104423 ->  0.500000 qaram    1.5209
parameters
   -1.8102   -0.5279    6.4115  -11.9801    2.9654    4.0564
eta,q 0.94847 11.24543
  0.0778  0.0758  0.0683  0.0515  0.0613  0.0595
  0.0702  0.0691  0.0639  0.0509  0.0570  0.0546
  0.0645  0.0655  0.0614  0.0551  0.0536  0.0521
  0.0622  0.0622  0.0610  0.0608  0.0517  0.0515
  0.0648  0.0609  0.0636  0.0650  0.0518  0.0528
  0.0716  0.0625  0.0683  0.0696  0.0545  0.0565
  0.0796  0.0672  0.0741  0.0747  0.0595  0.0615
niter,ni,del,rscale     7    3   12.0000    1.2000
parameters
   -2.0515    0.4206    5.5968  -16.0867    3.0235    4.1862
eta,q 0.94980 11.21390
  0.0692  0.0719  0.0613  0.0530  0.0588  0.0567
  0.0608  0.0638  0.0554  0.0510  0.0548  0.0534
  0.0534  0.0564  0.0515  0.0497  0.0519  0.0510
  0.0515  0.0514  0.0507  0.0505  0.0502  0.0502
  0.0551  0.0517  0.0546  0.0571  0.0507  0.0507
  0.0630  0.0576  0.0612  0.0637  0.0544  0.0529
  0.0718  0.0639  0.0674  0.0704  0.0590  0.0564
niter,ni,del,rscale     6    3   12.0000    1.2000
parameters
   -2.2105    1.8403    4.2762  -18.5123    3.2928    4.0669
eta,q 0.95221 11.12720
  0.0662  0.0684  0.0571  0.0535  0.0565  0.0534
  0.0591  0.0573  0.0513  0.0491  0.0525  0.0503
  0.0528  0.0519  0.0487  0.0478  0.0493  0.0484
  0.0502  0.0502  0.0494  0.0485  0.0478  0.0478
  0.0526  0.0493  0.0533  0.0517  0.0484  0.0481
  0.0601  0.0513  0.0597  0.0568  0.0513  0.0506
  0.0685  0.0567  0.0675  0.0633  0.0554  0.0539
niter,ni,del,rscale     5    3   12.0000    1.2000
parameters
   -2.5071    2.8684    3.7476  -20.3259    3.7114    3.8405
eta,q 0.95400 11.10077
  0.0642  0.0623  0.0584  0.0534  0.0559  0.0523
  0.0566  0.0544  0.0514  0.0497  0.0512  0.0485
  0.0502  0.0501  0.0474  0.0460  0.0477  0.0464
  0.0478  0.0478  0.0471  0.0468  0.0461  0.0460
  0.0511  0.0468  0.0501  0.0499  0.0469  0.0466
  0.0593  0.0496  0.0552  0.0557  0.0497  0.0493
  0.0675  0.0558  0.0621  0.0609  0.0535  0.0531
niter,ni,del,rscale     4    3   12.0000    1.2000
parameters
   -2.7011    3.6336    3.2222  -21.8595    3.7858    3.7616
eta,q 0.95548 11.11148
  0.0647  0.0600  0.0573  0.0528  0.0549  0.0525
  0.0563  0.0528  0.0499  0.0498  0.0499  0.0483
  0.0487  0.0488  0.0457  0.0452  0.0462  0.0454
  0.0460  0.0460  0.0454  0.0451  0.0445  0.0445
  0.0495  0.0454  0.0487  0.0482  0.0460  0.0454
  0.0580  0.0498  0.0541  0.0542  0.0498  0.0485
  0.0672  0.0550  0.0608  0.0610  0.0543  0.0529
niter,ni,del,rscale     3    3   12.0000    1.2000
parameters
   -2.7326    4.3291    2.7826  -22.9254    3.8408    3.7967
eta,q 0.95603 11.11142
  0.0656  0.0590  0.0573  0.0536  0.0547  0.0526
  0.0566  0.0527  0.0499  0.0497  0.0498  0.0482
  0.0481  0.0479  0.0451  0.0454  0.0458  0.0450
  0.0445  0.0445  0.0443  0.0441  0.0440  0.0440
  0.0477  0.0451  0.0479  0.0467  0.0454  0.0448
  0.0564  0.0494  0.0536  0.0528  0.0494  0.0479
  0.0665  0.0547  0.0604  0.0602  0.0545  0.0526
niter,ni,del,rscale     2    3   12.0000    1.2000
parameters
   -2.7683    4.7790    2.4217  -23.5698    3.9062    3.8969
eta,q 0.95634 11.10506
  0.0654  0.0581  0.0575  0.0549  0.0544  0.0527
  0.0560  0.0521  0.0502  0.0501  0.0497  0.0483
  0.0475  0.0469  0.0450  0.0457  0.0456  0.0449
  0.0440  0.0440  0.0439  0.0437  0.0437  0.0437
  0.0472  0.0451  0.0474  0.0458  0.0451  0.0444
  0.0561  0.0496  0.0532  0.0519  0.0490  0.0476
  0.0662  0.0553  0.0602  0.0593  0.0544  0.0525
niter,ni,del,rscale     1    3   12.0000    1.2000
parameters
   -2.7922    4.9678    2.1649  -23.9323    3.9353    3.9771
eta,q 0.95652 11.10142
  0.0652  0.0573  0.0579  0.0558  0.0543  0.0528
  0.0555  0.0514  0.0507  0.0506  0.0495  0.0483
  0.0470  0.0463  0.0451  0.0459  0.0454  0.0448
  0.0437  0.0437  0.0436  0.0435  0.0435  0.0435
  0.0469  0.0452  0.0470  0.0456  0.0449  0.0443
  0.0557  0.0502  0.0528  0.0513  0.0490  0.0477
  0.0657  0.0564  0.0598  0.0587  0.0545  0.0527
registration optimization eta report
parameter search radius
    6.0000    6.9000    6.0000    9.1253    6.0000    6.9000
100000*second partial in parameter space
       59.       27.       41.       16.       29.       19.
  0.0652  0.0573  0.0579  0.0558  0.0543  0.0528
  0.0555  0.0514  0.0507  0.0506  0.0495  0.0483
  0.0470  0.0463  0.0451  0.0459  0.0454  0.0448
  0.0437  0.0437  0.0436  0.0435  0.0435  0.0435
  0.0469  0.0452  0.0470  0.0456  0.0449  0.0443
  0.0557  0.0502  0.0528  0.0513  0.0490  0.0477
  0.0657  0.0564  0.0598  0.0587  0.0545  0.0527
   -2.7922    4.9678    2.1649  -23.9323    3.9353    3.9771
eta,q 0.95652 11.10142

---------------------------------------------------------------------
imgreg_4dfp /opt/freesurfer/average/711-2C_as_mni_average_305 /opt/freesurfer/average/711-2B_as_mni_average_305_mask talsrcimg_g11 none talsrcimg_to_711-2C_as_mni_average_305_t4 3335
---------------------------------------------------------------------

freesurfer imgreg_4dfp.c
/opt/freesurfer/average/711-2C_as_mni_average_305.4dfp.img
       256       256       256         1
  1.000000  1.000000  1.000000
orientation T byte_order littleendian
Reading image: /opt/freesurfer/average/711-2C_as_mni_average_305.4dfp.img
dimensions:      256       256       256
mmppix:       1.0000   -1.0000   -1.0000
center:     128.0000 -129.0000 -129.0000
/opt/freesurfer/average/711-2B_as_mni_average_305_mask.4dfp.img
       256       256       256         1
  1.000000  1.000000  1.000000
orientation T byte_order littleendian
Reading mask: /opt/freesurfer/average/711-2B_as_mni_average_305_mask.4dfp.img (2306576 pixels)
talsrcimg_g11.4dfp.img
       256       256       256         1
  1.000000  1.000000  1.000000
orientation T byte_order littleendian
Reading image: talsrcimg_g11.4dfp.img
dimensions:      256       256       256
mmppix:       1.0000   -1.0000   -1.0000
center:     128.0000 -129.0000 -129.0000
fimgreg.f
image alignment mode   3335 decimal      D07 hex
parameters
   -2.7922    4.9678    2.1649   -0.4760   -8.6244   -8.8129
   -3.5621   -9.0714    6.9194   40.0329    6.8630  -40.4700
eta,q 0.95406 11.25687
niter,ni,del,rscale     5    3    5.0000    1.2000
parameter  4  0.694581 ->  0.500000 qaram    1.1500
parameter  5  8.628725 ->  0.500000 qaram    1.1500
parameter  6  0.513529 ->  0.500000 qaram    1.1500
parameter 10  0.621867 ->  0.500000 qaram    1.1500
parameter 12 -0.676146 -> -0.500000 qaram    1.1500
parameters
   -2.6281    4.6698    1.9095   -4.6160  -12.7644  -12.9529
   -2.7943   -8.1777    6.7863   35.8929    7.3214  -36.3300
eta,q 0.96445 10.87235
  0.0505  0.0471  0.0479  0.0443  0.0345  0.0385  0.0397  0.0437  0.0392  0.0366  0.0375  0.0401
  0.0481  0.0463  0.0467  0.0438  0.0375  0.0376  0.0385  0.0403  0.0382  0.0362  0.0368  0.0383
  0.0466  0.0459  0.0460  0.0442  0.0407  0.0373  0.0378  0.0382  0.0376  0.0365  0.0364  0.0370
  0.0459  0.0459  0.0459  0.0458  0.0438  0.0384  0.0374  0.0374  0.0374  0.0374  0.0362  0.0362
  0.0462  0.0463  0.0464  0.0490  0.0471  0.0414  0.0375  0.0377  0.0376  0.0388  0.0363  0.0357
  0.0474  0.0468  0.0474  0.0532  0.0506  0.0457  0.0379  0.0389  0.0383  0.0411  0.0366  0.0355
  0.0494  0.0477  0.0489  0.0574  0.0543  0.0502  0.0389  0.0410  0.0394  0.0441  0.0372  0.0356
niter,ni,del,rscale     7    3    5.0000    1.2000
parameter  3  0.902733 ->  0.500000 qaram    1.1500
parameter  5  2.773025 ->  0.500000 qaram    1.3225
parameters
   -2.2266    3.9941    0.5295   -4.7827  -17.5254  -15.3471
   -3.0126   -8.0780    6.7131   34.6366    7.3195  -38.2821
eta,q 0.97045 10.56723
  0.0393  0.0363  0.0341  0.0373  0.0273  0.0310  0.0316  0.0339  0.0318  0.0320  0.0303  0.0303
  0.0374  0.0356  0.0341  0.0361  0.0290  0.0301  0.0305  0.0314  0.0307  0.0306  0.0299  0.0298
  0.0362  0.0353  0.0345  0.0351  0.0313  0.0297  0.0298  0.0300  0.0299  0.0298  0.0297  0.0296
  0.0356  0.0354  0.0353  0.0342  0.0342  0.0296  0.0296  0.0296  0.0296  0.0296  0.0296  0.0296
  0.0355  0.0360  0.0364  0.0340  0.0375  0.0304  0.0299  0.0301  0.0299  0.0302  0.0297  0.0299
  0.0361  0.0370  0.0378  0.0354  0.0408  0.0329  0.0306  0.0314  0.0307  0.0318  0.0299  0.0306
  0.0375  0.0384  0.0394  0.0386  0.0442  0.0372  0.0318  0.0335  0.0320  0.0345  0.0302  0.0316
niter,ni,del,rscale     7    3    5.0000    1.2000
parameter  5  0.982106 ->  0.500000 qaram    1.5209
parameters
   -2.1101    3.7171   -0.7916   -4.1048  -23.0005  -17.3725
   -2.9258   -8.0152    6.7087   35.6471    8.1493  -42.0993
eta,q 0.97427 10.32975
  0.0328  0.0315  0.0296  0.0324  0.0256  0.0277  0.0282  0.0303  0.0284  0.0305  0.0266  0.0260
  0.0311  0.0303  0.0291  0.0311  0.0258  0.0266  0.0271  0.0277  0.0272  0.0284  0.0263  0.0258
  0.0300  0.0296  0.0291  0.0300  0.0269  0.0261  0.0263  0.0264  0.0263  0.0269  0.0260  0.0257
  0.0296  0.0295  0.0295  0.0290  0.0288  0.0260  0.0260  0.0260  0.0260  0.0260  0.0259  0.0259
  0.0297  0.0301  0.0303  0.0286  0.0317  0.0265  0.0263  0.0265  0.0263  0.0260  0.0259  0.0264
  0.0306  0.0311  0.0315  0.0295  0.0354  0.0286  0.0270  0.0279  0.0271  0.0270  0.0261  0.0271
  0.0323  0.0326  0.0330  0.0322  0.0393  0.0324  0.0281  0.0299  0.0284  0.0289  0.0264  0.0281
niter,ni,del,rscale     7    3    5.0000    1.2000
parameters
   -2.0881    3.8144   -1.4876   -3.7222  -27.0816  -18.0834
   -2.5816   -8.0828    6.5029   36.8477    8.3221  -44.3443
eta,q 0.97541 10.17714
  0.0290  0.0288  0.0266  0.0289  0.0269  0.0274  0.0273  0.0291  0.0273  0.0296  0.0253  0.0252
  0.0272  0.0271  0.0259  0.0277  0.0253  0.0259  0.0260  0.0265  0.0259  0.0273  0.0249  0.0247
  0.0261  0.0261  0.0256  0.0266  0.0248  0.0251  0.0252  0.0252  0.0251  0.0257  0.0247  0.0246
  0.0257  0.0257  0.0257  0.0256  0.0255  0.0248  0.0248  0.0248  0.0248  0.0248  0.0247  0.0247
  0.0260  0.0260  0.0262  0.0253  0.0274  0.0247  0.0250  0.0254  0.0252  0.0247  0.0247  0.0250
  0.0271  0.0269  0.0271  0.0264  0.0307  0.0261  0.0257  0.0268  0.0261  0.0257  0.0249  0.0255
  0.0289  0.0283  0.0283  0.0292  0.0351  0.0294  0.0269  0.0291  0.0275  0.0276  0.0253  0.0263
niter,ni,del,rscale     6    3    5.0000    1.2000
parameters
   -2.0989    3.8725   -1.7798   -3.6796  -27.9228  -18.3298
   -2.2892   -8.1301    6.4780   37.1791    8.0951  -44.4576
eta,q 0.97543 10.13598
  0.0279  0.0277  0.0260  0.0278  0.0289  0.0277  0.0271  0.0291  0.0272  0.0288  0.0252  0.0259
  0.0261  0.0260  0.0251  0.0266  0.0266  0.0260  0.0258  0.0265  0.0258  0.0267  0.0248  0.0249
  0.0250  0.0250  0.0246  0.0255  0.0251  0.0251  0.0249  0.0250  0.0249  0.0253  0.0246  0.0246
  0.0246  0.0246  0.0246  0.0246  0.0246  0.0246  0.0246  0.0246  0.0246  0.0246  0.0246  0.0246
  0.0250  0.0249  0.0249  0.0244  0.0254  0.0243  0.0248  0.0252  0.0249  0.0248  0.0247  0.0247
  0.0261  0.0259  0.0256  0.0258  0.0274  0.0256  0.0255  0.0267  0.0259  0.0261  0.0249  0.0252
  0.0279  0.0274  0.0267  0.0286  0.0309  0.0289  0.0268  0.0291  0.0272  0.0283  0.0253  0.0258
niter,ni,del,rscale     5    3    5.0000    1.2000
parameters
   -2.1045    3.8988   -1.8304   -3.6195  -28.0644  -18.3765
   -2.2960   -8.1123    6.4808   37.2487    8.1223  -44.4954
eta,q 0.97544 10.13204
  0.0278  0.0276  0.0262  0.0278  0.0295  0.0278  0.0269  0.0292  0.0272  0.0285  0.0253  0.0259
  0.0260  0.0259  0.0253  0.0265  0.0270  0.0262  0.0256  0.0265  0.0258  0.0265  0.0248  0.0249
  0.0249  0.0249  0.0247  0.0255  0.0253  0.0251  0.0248  0.0250  0.0249  0.0252  0.0246  0.0246
  0.0246  0.0246  0.0246  0.0246  0.0246  0.0246  0.0246  0.0246  0.0246  0.0246  0.0246  0.0246
  0.0249  0.0249  0.0248  0.0244  0.0251  0.0243  0.0248  0.0252  0.0249  0.0249  0.0246  0.0247
  0.0260  0.0259  0.0254  0.0257  0.0269  0.0255  0.0256  0.0267  0.0258  0.0263  0.0248  0.0251
  0.0279  0.0275  0.0263  0.0285  0.0301  0.0287  0.0269  0.0290  0.0272  0.0285  0.0253  0.0257
niter,ni,del,rscale     4    3    5.0000    1.2000
parameters
   -2.1033    3.9072   -1.8454   -3.6132  -28.0936  -18.3910
   -2.2868   -8.1143    6.4760   37.2684    8.1118  -44.5071
eta,q 0.97543 10.13095
  0.0279  0.0276  0.0262  0.0277  0.0295  0.0278  0.0269  0.0292  0.0272  0.0285  0.0253  0.0259
  0.0260  0.0259  0.0253  0.0265  0.0271  0.0262  0.0256  0.0265  0.0258  0.0265  0.0248  0.0249
  0.0249  0.0249  0.0247  0.0255  0.0253  0.0251  0.0248  0.0250  0.0249  0.0251  0.0246  0.0246
  0.0246  0.0246  0.0246  0.0246  0.0246  0.0246  0.0246  0.0246  0.0246  0.0246  0.0246  0.0246
  0.0249  0.0249  0.0247  0.0244  0.0251  0.0243  0.0248  0.0252  0.0249  0.0249  0.0246  0.0247
  0.0260  0.0259  0.0253  0.0258  0.0268  0.0255  0.0256  0.0267  0.0258  0.0263  0.0248  0.0251
  0.0279  0.0275  0.0263  0.0286  0.0299  0.0286  0.0269  0.0290  0.0272  0.0286  0.0253  0.0257
registration optimization eta report
parameter search radius
    2.4000    2.4000    2.7600    8.2800   10.9503    8.2800
    7.2000    7.2000    7.2000    8.2800    7.2000    8.2800
100000*second partial in parameter space
       58.       51.       22.        5.        4.        6.
        5.        9.        5.        6.        1.        2.
  0.0279  0.0276  0.0262  0.0277  0.0295  0.0278  0.0269  0.0292  0.0272  0.0285  0.0253  0.0259
  0.0260  0.0259  0.0253  0.0265  0.0271  0.0262  0.0256  0.0265  0.0258  0.0265  0.0248  0.0249
  0.0249  0.0249  0.0247  0.0255  0.0253  0.0251  0.0248  0.0250  0.0249  0.0251  0.0246  0.0246
  0.0246  0.0246  0.0246  0.0246  0.0246  0.0246  0.0246  0.0246  0.0246  0.0246  0.0246  0.0246
  0.0249  0.0249  0.0247  0.0244  0.0251  0.0243  0.0248  0.0252  0.0249  0.0249  0.0246  0.0247
  0.0260  0.0259  0.0253  0.0258  0.0268  0.0255  0.0256  0.0267  0.0258  0.0263  0.0248  0.0251
  0.0279  0.0275  0.0263  0.0286  0.0299  0.0286  0.0269  0.0290  0.0272  0.0286  0.0253  0.0257
   -2.1033    3.9072   -1.8454   -3.6132  -28.0936  -18.3910
   -2.2868   -8.1143    6.4760   37.2684    8.1118  -44.5071
eta,q 0.97543 10.13095

---------------------------------------------------------------------
imgreg_4dfp /opt/freesurfer/average/711-2C_as_mni_average_305 /opt/freesurfer/average/711-2B_as_mni_average_305_mask talsrcimg_g11 none talsrcimg_to_711-2C_as_mni_average_305_t4 2311
---------------------------------------------------------------------

freesurfer imgreg_4dfp.c
/opt/freesurfer/average/711-2C_as_mni_average_305.4dfp.img
       256       256       256         1
  1.000000  1.000000  1.000000
orientation T byte_order littleendian
Reading image: /opt/freesurfer/average/711-2C_as_mni_average_305.4dfp.img
dimensions:      256       256       256
mmppix:       1.0000   -1.0000   -1.0000
center:     128.0000 -129.0000 -129.0000
/opt/freesurfer/average/711-2B_as_mni_average_305_mask.4dfp.img
       256       256       256         1
  1.000000  1.000000  1.000000
orientation T byte_order littleendian
Reading mask: /opt/freesurfer/average/711-2B_as_mni_average_305_mask.4dfp.img (2306576 pixels)
talsrcimg_g11.4dfp.img
       256       256       256         1
  1.000000  1.000000  1.000000
orientation T byte_order littleendian
Reading image: talsrcimg_g11.4dfp.img
dimensions:      256       256       256
mmppix:       1.0000   -1.0000   -1.0000
center:     128.0000 -129.0000 -129.0000
fimgreg.f
image alignment mode   2311 decimal      907 hex
parameters
   -2.1033    3.9072   -1.8454   -3.6132  -28.0936  -18.3910
   -2.2868   -8.1143    6.4760   37.2684    8.1118  -44.5071
eta,q 0.97543 10.13095
niter,ni,del,rscale     5    3    5.0000    0.8000
parameters
   -2.0984    3.8932   -1.8546   -2.3205  -27.6876  -17.3598
   -2.3939   -8.0439    6.4665   37.5901    8.1593  -44.8460
eta,q 0.97587 10.25103
  0.0260  0.0259  0.0251  0.0262  0.0256  0.0257  0.0253  0.0268  0.0254  0.0258  0.0247  0.0246
  0.0252  0.0252  0.0248  0.0256  0.0250  0.0251  0.0247  0.0254  0.0247  0.0250  0.0244  0.0243
  0.0247  0.0247  0.0246  0.0251  0.0245  0.0247  0.0243  0.0245  0.0243  0.0244  0.0242  0.0241
  0.0246  0.0246  0.0246  0.0246  0.0243  0.0243  0.0242  0.0242  0.0242  0.0242  0.0241  0.0241
  0.0247  0.0247  0.0246  0.0243  0.0244  0.0241  0.0243  0.0244  0.0243  0.0242  0.0242  0.0242
  0.0252  0.0252  0.0248  0.0245  0.0247  0.0242  0.0248  0.0253  0.0248  0.0247  0.0244  0.0244
  0.0260  0.0259  0.0251  0.0252  0.0253  0.0250  0.0254  0.0266  0.0254  0.0255  0.0247  0.0247
niter,ni,del,rscale     4    3    5.0000    0.7000
parameters
   -2.1589    3.8787   -1.6942   -2.4966  -27.6473  -17.0261
   -2.3347   -8.1195    6.4808   37.6310    8.2115  -44.9482
eta,q 0.97591 10.26419
  0.0253  0.0252  0.0248  0.0254  0.0250  0.0252  0.0251  0.0260  0.0251  0.0253  0.0245  0.0245
  0.0246  0.0246  0.0245  0.0248  0.0246  0.0248  0.0245  0.0249  0.0245  0.0247  0.0243  0.0242
  0.0242  0.0242  0.0242  0.0244  0.0243  0.0244  0.0242  0.0243  0.0242  0.0243  0.0241  0.0241
  0.0241  0.0241  0.0241  0.0241  0.0241  0.0241  0.0241  0.0241  0.0241  0.0241  0.0241  0.0241
  0.0243  0.0243  0.0242  0.0242  0.0242  0.0240  0.0242  0.0243  0.0242  0.0242  0.0241  0.0241
  0.0248  0.0246  0.0243  0.0248  0.0245  0.0243  0.0245  0.0251  0.0245  0.0246  0.0243  0.0243
  0.0256  0.0252  0.0245  0.0258  0.0250  0.0251  0.0250  0.0262  0.0251  0.0253  0.0245  0.0245
niter,ni,del,rscale     3    3    5.0000    0.6000
parameters
   -2.1724    3.8861   -1.6288   -2.4356  -27.6384  -16.7611
   -2.3647   -8.1256    6.4713   37.6935    8.2286  -44.9804
eta,q 0.97596 10.27816
  0.0250  0.0249  0.0246  0.0251  0.0247  0.0249  0.0248  0.0256  0.0248  0.0250  0.0244  0.0243
  0.0245  0.0245  0.0243  0.0247  0.0244  0.0246  0.0244  0.0247  0.0244  0.0245  0.0242  0.0242
  0.0242  0.0242  0.0241  0.0243  0.0242  0.0243  0.0241  0.0242  0.0241  0.0242  0.0241  0.0241
  0.0241  0.0241  0.0241  0.0241  0.0241  0.0241  0.0240  0.0240  0.0240  0.0240  0.0240  0.0240
  0.0242  0.0242  0.0241  0.0241  0.0241  0.0240  0.0241  0.0242  0.0241  0.0241  0.0241  0.0241
  0.0245  0.0244  0.0242  0.0245  0.0244  0.0242  0.0244  0.0247  0.0244  0.0244  0.0242  0.0242
  0.0251  0.0249  0.0245  0.0252  0.0247  0.0249  0.0248  0.0256  0.0248  0.0249  0.0244  0.0243
niter,ni,del,rscale     2    3    5.0000    0.5000
parameters
   -2.1818    3.8900   -1.5686   -2.3630  -27.6304  -16.4990
   -2.3856   -8.1144    6.4532   37.7378    8.2451  -44.9740
eta,q 0.97599 10.29047
  0.0247  0.0246  0.0244  0.0248  0.0245  0.0247  0.0245  0.0251  0.0245  0.0247  0.0243  0.0242
  0.0243  0.0243  0.0242  0.0245  0.0243  0.0244  0.0242  0.0245  0.0243  0.0243  0.0241  0.0241
  0.0241  0.0241  0.0241  0.0242  0.0241  0.0242  0.0241  0.0241  0.0241  0.0241  0.0240  0.0240
  0.0240  0.0240  0.0240  0.0240  0.0240  0.0240  0.0240  0.0240  0.0240  0.0240  0.0240  0.0240
  0.0241  0.0241  0.0241  0.0241  0.0241  0.0240  0.0241  0.0241  0.0241  0.0241  0.0240  0.0240
  0.0244  0.0243  0.0242  0.0243  0.0242  0.0242  0.0242  0.0245  0.0243  0.0243  0.0241  0.0241
  0.0247  0.0246  0.0243  0.0248  0.0245  0.0246  0.0245  0.0251  0.0245  0.0246  0.0243  0.0242
niter,ni,del,rscale     1    3    5.0000    0.4000
parameters
   -2.1862    3.8928   -1.5049   -2.3039  -27.6230  -16.2539
   -2.4006   -8.0962    6.4531   37.7777    8.2537  -44.9747
eta,q 0.97601 10.30164
  0.0245  0.0244  0.0242  0.0245  0.0243  0.0245  0.0243  0.0247  0.0243  0.0244  0.0242  0.0241
  0.0242  0.0242  0.0241  0.0243  0.0241  0.0243  0.0241  0.0243  0.0241  0.0242  0.0241  0.0240
  0.0241  0.0240  0.0240  0.0241  0.0240  0.0241  0.0240  0.0241  0.0240  0.0240  0.0240  0.0240
  0.0240  0.0240  0.0240  0.0240  0.0240  0.0240  0.0240  0.0240  0.0240  0.0240  0.0240  0.0240
  0.0241  0.0240  0.0240  0.0240  0.0240  0.0240  0.0240  0.0241  0.0240  0.0240  0.0240  0.0240
  0.0242  0.0242  0.0241  0.0242  0.0241  0.0241  0.0241  0.0243  0.0241  0.0242  0.0241  0.0241
  0.0245  0.0244  0.0242  0.0245  0.0243  0.0244  0.0243  0.0247  0.0243  0.0244  0.0242  0.0241
registration optimization eta report
parameter search radius
    0.8000    0.8000    0.8000    2.4000    2.4000    2.4000
    2.4000    2.4000    2.4000    2.4000    2.4000    2.4000
100000*second partial in parameter space
       69.       57.       32.        9.        5.        7.
        6.       13.        6.        7.        3.        3.
  0.0245  0.0244  0.0242  0.0245  0.0243  0.0245  0.0243  0.0247  0.0243  0.0244  0.0242  0.0241
  0.0242  0.0242  0.0241  0.0243  0.0241  0.0243  0.0241  0.0243  0.0241  0.0242  0.0241  0.0240
  0.0241  0.0240  0.0240  0.0241  0.0240  0.0241  0.0240  0.0241  0.0240  0.0240  0.0240  0.0240
  0.0240  0.0240  0.0240  0.0240  0.0240  0.0240  0.0240  0.0240  0.0240  0.0240  0.0240  0.0240
  0.0241  0.0240  0.0240  0.0240  0.0240  0.0240  0.0240  0.0241  0.0240  0.0240  0.0240  0.0240
  0.0242  0.0242  0.0241  0.0242  0.0241  0.0241  0.0241  0.0243  0.0241  0.0242  0.0241  0.0241
  0.0245  0.0244  0.0242  0.0245  0.0243  0.0244  0.0243  0.0247  0.0243  0.0244  0.0242  0.0241
   -2.1862    3.8928   -1.5049   -2.3039  -27.6230  -16.2539
   -2.4006   -8.0962    6.4531   37.7777    8.2537  -44.9747
eta,q 0.97601 10.30164

---------------------------------------------------------------------
imgreg_4dfp /opt/freesurfer/average/711-2C_as_mni_average_305 /opt/freesurfer/average/711-2B_as_mni_average_305_mask talsrcimg_g11 none talsrcimg_to_711-2C_as_mni_average_305_t4 2311
---------------------------------------------------------------------

freesurfer imgreg_4dfp.c
/opt/freesurfer/average/711-2C_as_mni_average_305.4dfp.img
       256       256       256         1
  1.000000  1.000000  1.000000
orientation T byte_order littleendian
Reading image: /opt/freesurfer/average/711-2C_as_mni_average_305.4dfp.img
dimensions:      256       256       256
mmppix:       1.0000   -1.0000   -1.0000
center:     128.0000 -129.0000 -129.0000
/opt/freesurfer/average/711-2B_as_mni_average_305_mask.4dfp.img
       256       256       256         1
  1.000000  1.000000  1.000000
orientation T byte_order littleendian
Reading mask: /opt/freesurfer/average/711-2B_as_mni_average_305_mask.4dfp.img (2306576 pixels)
talsrcimg_g11.4dfp.img
       256       256       256         1
  1.000000  1.000000  1.000000
orientation T byte_order littleendian
Reading image: talsrcimg_g11.4dfp.img
dimensions:      256       256       256
mmppix:       1.0000   -1.0000   -1.0000
center:     128.0000 -129.0000 -129.0000
fimgreg.f
image alignment mode   2311 decimal      907 hex
parameters
   -2.1862    3.8928   -1.5049   -2.3039  -27.6230  -16.2539
   -2.4006   -8.0962    6.4531   37.7777    8.2537  -44.9747
eta,q 0.97601 10.30164
niter,ni,del,rscale     5    3    5.0000    0.8000
parameters
   -2.1768    3.8983   -1.3933   -2.7991  -27.6417  -16.7754
   -2.2758   -8.1677    6.5068   37.5590    8.2205  -44.8763
eta,q 0.97590 10.26308
  0.0258  0.0254  0.0250  0.0254  0.0251  0.0252  0.0254  0.0266  0.0254  0.0255  0.0246  0.0246
  0.0248  0.0246  0.0244  0.0248  0.0245  0.0247  0.0247  0.0252  0.0247  0.0247  0.0243  0.0243
  0.0242  0.0242  0.0241  0.0242  0.0242  0.0243  0.0242  0.0244  0.0242  0.0243  0.0242  0.0241
  0.0240  0.0240  0.0240  0.0240  0.0240  0.0240  0.0241  0.0241  0.0241  0.0241  0.0241  0.0241
  0.0242  0.0242  0.0241  0.0242  0.0242  0.0241  0.0242  0.0244  0.0242  0.0243  0.0242  0.0242
  0.0248  0.0246  0.0243  0.0251  0.0245  0.0249  0.0246  0.0253  0.0247  0.0249  0.0243  0.0243
  0.0258  0.0254  0.0247  0.0265  0.0252  0.0263  0.0252  0.0267  0.0254  0.0258  0.0247  0.0246
niter,ni,del,rscale     4    3    5.0000    0.7000
parameters
   -2.1722    3.8930   -1.5655   -2.6089  -27.6031  -16.8920
   -2.3443   -8.1519    6.4919   37.6197    8.2402  -44.9550
eta,q 0.97592 10.26897
  0.0254  0.0252  0.0245  0.0255  0.0250  0.0250  0.0250  0.0261  0.0251  0.0253  0.0245  0.0245
  0.0247  0.0246  0.0242  0.0249  0.0245  0.0247  0.0245  0.0250  0.0245  0.0247  0.0243  0.0242
  0.0242  0.0242  0.0241  0.0244  0.0242  0.0243  0.0242  0.0243  0.0242  0.0243  0.0241  0.0241
  0.0241  0.0241  0.0241  0.0241  0.0241  0.0241  0.0241  0.0241  0.0241  0.0241  0.0241  0.0241
  0.0242  0.0242  0.0242  0.0241  0.0242  0.0240  0.0242  0.0243  0.0242  0.0242  0.0241  0.0241
  0.0247  0.0246  0.0244  0.0245  0.0244  0.0245  0.0245  0.0250  0.0245  0.0246  0.0243  0.0243
  0.0254  0.0252  0.0248  0.0254  0.0249  0.0255  0.0250  0.0261  0.0251  0.0253  0.0245  0.0245
niter,ni,del,rscale     3    3    5.0000    0.6000
parameters
   -2.1745    3.8904   -1.6019   -2.4613  -27.6296  -16.7370
   -2.3636   -8.1361    6.4715   37.6893    8.2506  -44.9871
eta,q 0.97596 10.27911
  0.0250  0.0249  0.0245  0.0251  0.0247  0.0249  0.0248  0.0256  0.0248  0.0250  0.0244  0.0243
  0.0245  0.0244  0.0242  0.0247  0.0244  0.0246  0.0244  0.0247  0.0244  0.0245  0.0242  0.0242
  0.0242  0.0242  0.0241  0.0243  0.0241  0.0243  0.0241  0.0242  0.0241  0.0242  0.0241  0.0241
  0.0241  0.0241  0.0241  0.0241  0.0241  0.0241  0.0240  0.0240  0.0240  0.0240  0.0240  0.0240
  0.0242  0.0242  0.0241  0.0241  0.0241  0.0240  0.0241  0.0242  0.0241  0.0241  0.0241  0.0241
  0.0245  0.0244  0.0243  0.0244  0.0244  0.0243  0.0244  0.0247  0.0244  0.0244  0.0242  0.0242
  0.0250  0.0249  0.0245  0.0251  0.0247  0.0249  0.0248  0.0256  0.0248  0.0249  0.0244  0.0243
niter,ni,del,rscale     2    3    5.0000    0.5000
parameters
   -2.1828    3.8896   -1.5646   -2.3666  -27.6361  -16.5028
   -2.3793   -8.1203    6.4617   37.7419    8.2470  -44.9841
eta,q 0.97599 10.29042
  0.0247  0.0246  0.0244  0.0248  0.0245  0.0247  0.0245  0.0251  0.0245  0.0247  0.0243  0.0242
  0.0243  0.0243  0.0242  0.0245  0.0242  0.0244  0.0242  0.0245  0.0243  0.0243  0.0241  0.0241
  0.0241  0.0241  0.0241  0.0242  0.0241  0.0242  0.0241  0.0241  0.0241  0.0241  0.0240  0.0240
  0.0240  0.0240  0.0240  0.0240  0.0240  0.0240  0.0240  0.0240  0.0240  0.0240  0.0240  0.0240
  0.0241  0.0241  0.0241  0.0241  0.0241  0.0240  0.0241  0.0241  0.0241  0.0241  0.0240  0.0240
  0.0244  0.0243  0.0242  0.0243  0.0242  0.0242  0.0242  0.0245  0.0243  0.0243  0.0241  0.0241
  0.0247  0.0246  0.0243  0.0248  0.0245  0.0246  0.0245  0.0251  0.0245  0.0246  0.0243  0.0242
niter,ni,del,rscale     1    3    5.0000    0.4000
parameters
   -2.1873    3.8912   -1.5052   -2.3037  -27.6200  -16.2532
   -2.4021   -8.0988    6.4499   37.7713    8.2570  -44.9704
eta,q 0.97601 10.30152
  0.0245  0.0244  0.0242  0.0245  0.0243  0.0245  0.0243  0.0247  0.0243  0.0244  0.0242  0.0241
  0.0242  0.0242  0.0241  0.0243  0.0241  0.0243  0.0241  0.0243  0.0241  0.0242  0.0241  0.0240
  0.0241  0.0241  0.0240  0.0241  0.0240  0.0241  0.0240  0.0241  0.0240  0.0240  0.0240  0.0240
  0.0240  0.0240  0.0240  0.0240  0.0240  0.0240  0.0240  0.0240  0.0240  0.0240  0.0240  0.0240
  0.0241  0.0241  0.0240  0.0240  0.0240  0.0240  0.0240  0.0241  0.0240  0.0240  0.0240  0.0240
  0.0242  0.0242  0.0241  0.0242  0.0241  0.0241  0.0241  0.0243  0.0241  0.0242  0.0241  0.0241
  0.0245  0.0244  0.0242  0.0245  0.0243  0.0244  0.0243  0.0247  0.0243  0.0244  0.0242  0.0241
registration optimization eta report
parameter search radius
    0.8000    0.8000    0.8000    2.4000    2.4000    2.4000
    2.4000    2.4000    2.4000    2.4000    2.4000    2.4000
100000*second partial in parameter space
       70.       56.       31.        9.        5.        7.
        6.       13.        6.        7.        3.        2.
  0.0245  0.0244  0.0242  0.0245  0.0243  0.0245  0.0243  0.0247  0.0243  0.0244  0.0242  0.0241
  0.0242  0.0242  0.0241  0.0243  0.0241  0.0243  0.0241  0.0243  0.0241  0.0242  0.0241  0.0240
  0.0241  0.0241  0.0240  0.0241  0.0240  0.0241  0.0240  0.0241  0.0240  0.0240  0.0240  0.0240
  0.0240  0.0240  0.0240  0.0240  0.0240  0.0240  0.0240  0.0240  0.0240  0.0240  0.0240  0.0240
  0.0241  0.0241  0.0240  0.0240  0.0240  0.0240  0.0240  0.0241  0.0240  0.0240  0.0240  0.0240
  0.0242  0.0242  0.0241  0.0242  0.0241  0.0241  0.0241  0.0243  0.0241  0.0242  0.0241  0.0241
  0.0245  0.0244  0.0242  0.0245  0.0243  0.0244  0.0243  0.0247  0.0243  0.0244  0.0242  0.0241
   -2.1873    3.8912   -1.5052   -2.3037  -27.6200  -16.2532
   -2.4021   -8.0988    6.4499   37.7713    8.2570  -44.9704
eta,q 0.97601 10.30152

---------------------------------------------------------------------
compute_vox2vox talsrcimg talsrcimg_to_711-2C_as_mni_average_305_t4 /opt/freesurfer/average/711-2C_as_mni_average_305
---------------------------------------------------------------------

freesurfer compute_vox2vox.c
Reading: talsrcimg.4dfp.ifh
Reading: talsrcimg_to_711-2C_as_mni_average_305_t4
Reading: /opt/freesurfer/average/711-2C_as_mni_average_305.4dfp.ifh
Writing: talsrcimg_to_711-2C_as_mni_average_305_t4_vox2vox.txt

start time Thu Mar 12 07:43:10 CET 2026
end		time Thu Mar 12 07:43:23 CET 2026

mpr2mni305 success

avi2talxfm orig_nu.mgz /opt/freesurfer/average/mni305.cor.mgz talsrcimg_to_711-2C_as_mni_average_305_t4_vox2vox.txt transforms/talairach.auto.xfm
avi2talxfm done
mv -f /out/sourcedata/freesurfer/sub-v1s10x0051109_ses-1/mri/talsrcimg_to_711-2C_as_mni_average_305_t4_vox2vox.txt /out/sourcedata/freesurfer/sub-v1s10x0051109_ses-1/mri/transforms/talsrcimg_to_711-2C_as_mni_average_305_t4_vox2vox.txt
lta_convert --src orig_nu.mgz --trg /opt/freesurfer/average/mni305.cor.mgz --inxfm transforms/talairach.auto.xfm --outlta transforms/talairach.auto.xfm.lta --subject fsaverage
7.3.2

--src: orig_nu.mgz src image (geometry).
--trg: /opt/freesurfer/average/mni305.cor.mgz trg image (geometry).
--inmni: transforms/talairach.auto.xfm input MNI/XFM transform.
--outlta: transforms/talairach.auto.xfm.lta output LTA.
--s: fsaverage subject name
 LTA read, type : 1
 1.01324   0.06469   0.07382  -0.81200;
-0.11591   0.92531   0.57106  -1.49981;
-0.02981  -0.48864   1.07701  -4.42696;
 0.00000   0.00000   0.00000   1.00000;
setting subject to fsaverage
Writing  LTA to file transforms/talairach.auto.xfm.lta...
lta_convert successful.
 
 
Started at Thu Mar 12 07:43:09 CET 2026
Ended   at Thu Mar 12 07:43:23 CET 2026
talairach_avi done
