status file for recon-all
Thu Mar 12 04:18:58 CET 2026
#@# Tessellate rh Thu Mar 12 04:18:58 CET 2026
#@# Smooth1 rh Thu Mar 12 04:19:03 CET 2026
#@# Inflation1 rh Thu Mar 12 04:19:06 CET 2026
#@# QSphere rh Thu Mar 12 04:19:21 CET 2026
#@# Fix Topology rh Thu Mar 12 04:20:46 CET 2026
#@# Smooth2 rh Thu Mar 12 04:28:26 CET 2026
#@# Inflation2 rh Thu Mar 12 04:28:29 CET 2026
#@# Curv .H and .K rh Thu Mar 12 04:28:46 CET 2026
#@# Sphere rh Thu Mar 12 04:29:38 CET 2026
#@# Surf Reg rh Thu Mar 12 04:32:06 CET 2026
#@# Jacobian white rh Thu Mar 12 04:36:42 CET 2026
#@# AvgCurv rh Thu Mar 12 04:36:43 CET 2026
#@# Cortical Parc rh Thu Mar 12 04:36:44 CET 2026
#@# white curv rh Thu Mar 12 04:43:30 CET 2026
#@# white area rh Thu Mar 12 04:43:32 CET 2026
#@# pial curv rh Thu Mar 12 04:43:33 CET 2026
#@# pial area rh Thu Mar 12 04:43:35 CET 2026
#@# thickness rh Thu Mar 12 04:43:36 CET 2026
#@# area and vertex vol rh Thu Mar 12 04:44:10 CET 2026
#@# Curvature Stats rh Thu Mar 12 04:44:12 CET 2026
#@# Cortical Parc 2 rh Thu Mar 12 04:44:15 CET 2026
#@# Cortical Parc 3 rh Thu Mar 12 04:44:30 CET 2026
#@# WM/GM Contrast rh Thu Mar 12 04:44:42 CET 2026
recon-all -s sub-v1s10x0051010_ses-1 finished without error at Thu Mar 12 04:44:47 CET 2026



#New# invocation of recon-all 



status file for recon-all
Thu Mar 12 04:54:19 CET 2026
#@# white curv rh Thu Mar 12 04:54:19 CET 2026
#@# white area rh Thu Mar 12 04:54:19 CET 2026
#@# pial curv rh Thu Mar 12 04:54:19 CET 2026
#@# pial area rh Thu Mar 12 04:54:19 CET 2026
#@# thickness rh Thu Mar 12 04:54:19 CET 2026
#@# area and vertex vol rh Thu Mar 12 04:54:19 CET 2026
#@# Parcellation Stats rh Thu Mar 12 04:54:19 CET 2026
#@# Parcellation Stats 2 rh Thu Mar 12 04:54:42 CET 2026
#@# Parcellation Stats 3 rh Thu Mar 12 04:54:53 CET 2026
#@# BA_exvivo Labels rh Thu Mar 12 04:55:03 CET 2026
recon-all -s sub-v1s10x0051010_ses-1 finished without error at Thu Mar 12 04:57:59 CET 2026
