/out/sourcedata/freesurfer/sub-v1s10x0051073_ses-1/mri
/opt/freesurfer/bin/talairach_avi
--i orig_nu.mgz --xfm transforms/talairach.auto.xfm
talairach_avi 7.3.2
Linux dna013 5.14.0-427.37.1.el9_4.x86_64 #1 SMP PREEMPT_DYNAMIC Fri Sep 13 12:41:50 EDT 2024 x86_64 x86_64 x86_64 GNU/Linux
Thu Mar 12 06:05:52 CET 2026
mri_convert orig_nu.mgz talsrcimg.img 
reading from orig_nu.mgz...
TR=0.00, TE=0.00, TI=0.00, flip angle=0.00
i_ras = (-1, 0, 0)
j_ras = (0, 0, -1)
k_ras = (0, 1, 0)
writing to talsrcimg.img...
Analyze Output Matrix
-1.00000   0.00000   0.00000   128.94223;
 0.00000   0.00000   1.00000  -129.44579;
 0.00000  -1.00000   0.00000   111.92770;
 0.00000   0.00000   0.00000   1.00000;
--------------------
INFO: set hdr.hist.orient to -1
mpr2mni305 talsrcimg
Thu Mar 12 06:05:52 CET 2026
/opt/freesurfer/bin/mpr2mni305 talsrcimg
mpr2mni305 7.3.2
target=711-2C_as_mni_average_305

---------------------------------------------------------------------
analyzeto4dfp talsrcimg -O0 -y
---------------------------------------------------------------------

freesurfer ifh2hdr.c
Thu Mar 12 06:05:53 2026
Writing: talsrcimg.4dfp.hdr
freesurfer analyzeto4dfp.c
Reading: talsrcimg.hdr
header size 348 bytes
hdr.dime.datatype	offset=70	value=2
hdr.dime.bitpix		offset=72	value=8
hdr.hist.orient		offset=252	value=-1
dimensionality     4
dimensions       256       256       256         1
Reading: talsrcimg.img
Writing: talsrcimg.4dfp.img
Writing: talsrcimg.4dfp.ifh
ifh2hdr talsrcimg -r0to212
ori=2

---------------------------------------------------------------------
gauss_4dfp talsrcimg 1.1
---------------------------------------------------------------------

freesurfer gauss_4dfp.c
Reading: talsrcimg.4dfp.img
Writing: talsrcimg_g11.4dfp.img
image dimensions 256 256 256 padded to 288 288 288
processing volume 1freesurfer ifh2hdr.c
Thu Mar 12 06:05:54 2026
Writing: talsrcimg_g11.4dfp.hdr

Writing: talsrcimg_g11.4dfp.ifh
including: talsrcimg.4dfp.img.rec in talsrcimg_g11.4dfp.img.rec

---------------------------------------------------------------------
imgreg_4dfp /opt/freesurfer/average/711-2C_as_mni_average_305 none talsrcimg_g11 none talsrcimg_to_711-2C_as_mni_average_305_t4 4355
---------------------------------------------------------------------

freesurfer imgreg_4dfp.c
/opt/freesurfer/average/711-2C_as_mni_average_305.4dfp.img
       256       256       256         1
  1.000000  1.000000  1.000000
orientation T byte_order littleendian
Reading image: /opt/freesurfer/average/711-2C_as_mni_average_305.4dfp.img
dimensions:      256       256       256
mmppix:       1.0000   -1.0000   -1.0000
center:     128.0000 -129.0000 -129.0000
talsrcimg_g11.4dfp.img
       256       256       256         1
  1.000000  1.000000  1.000000
orientation T byte_order littleendian
Reading image: talsrcimg_g11.4dfp.img
dimensions:      256       256       256
mmppix:       1.0000   -1.0000   -1.0000
center:     128.0000 -129.0000 -129.0000
t4_read: open error in t4_sub.f l:  41 t4_file(1:l)talsrcimg_to_711-2C_as_mni_average_305_t4 
t4_read: transform initialized to I4
rotation matrix determinant  1.000000
image alignment mode   4355 decimal     1103 hex
   -7.5000  -45.0000  -45.0000 7776.3975   19.0702
    0.0000  -45.0000  -45.0000 8135.8682   19.0922
    7.5000  -45.0000  -45.0000 7748.2900   19.0785
   -7.5000  -37.5000  -45.0000 8256.5293   19.1005
    0.0000  -37.5000  -45.0000 8647.5771   19.1261
    7.5000  -37.5000  -45.0000 8217.4268   19.1054
   -7.5000  -30.0000  -45.0000 8966.9668   19.1332
    0.0000  -30.0000  -45.0000 9396.4697   19.1612
    7.5000  -30.0000  -45.0000 8917.6436   19.1402
   -7.5000  -22.5000  -45.0000 9623.2793   19.1358
    0.0000  -22.5000  -45.000010100.9717   19.1610
    7.5000  -22.5000  -45.0000 9582.0137   19.1459
   -7.5000  -15.0000  -45.000010230.2354   19.1091
    0.0000  -15.0000  -45.000010755.3730   19.1306
    7.5000  -15.0000  -45.000010205.8174   19.1223
   -7.5000   -7.5000  -45.000010791.6396   19.0761
    0.0000   -7.5000  -45.000011352.5654   19.0971
    7.5000   -7.5000  -45.000010781.6816   19.0896
   -7.5000    0.0000  -45.000011233.9004   19.0701
    0.0000    0.0000  -45.000011829.1875   19.0922
    7.5000    0.0000  -45.000011255.1094   19.0784
   -7.5000    7.5000  -45.000010861.6279   19.1005
    0.0000    7.5000  -45.000011411.2568   19.1261
    7.5000    7.5000  -45.000010851.4111   19.1054
   -7.5000   15.0000  -45.000010383.9150   19.1332
    0.0000   15.0000  -45.000010918.4209   19.1612
    7.5000   15.0000  -45.000010355.3691   19.1402
   -7.5000   22.5000  -45.0000 9762.4990   19.1331
    0.0000   22.5000  -45.000010238.5479   19.1583
    7.5000   22.5000  -45.0000 9716.2607   19.1433
   -7.5000   30.0000  -45.0000 9086.4336   18.8545
    0.0000   30.0000  -45.0000 9524.3154   18.8757
    7.5000   30.0000  -45.0000 9017.7441   18.8675
   -7.5000   37.5000  -45.0000 8719.2295   18.8219
    0.0000   37.5000  -45.0000 9142.8506   18.8426
    7.5000   37.5000  -45.0000 8643.1377   18.8352
   -7.5000   45.0000  -45.0000 8003.8740   18.3382
    0.0000   45.0000  -45.0000 8380.8428   18.3594
    7.5000   45.0000  -45.0000 7922.6670   18.3462
   -7.5000  -45.0000  -37.5000 8328.9053   19.0735
    0.0000  -45.0000  -37.5000 8716.3018   19.0947
    7.5000  -45.0000  -37.5000 8287.3906   19.0680
   -7.5000  -37.5000  -37.5000 8829.2568   19.0997
    0.0000  -37.5000  -37.5000 9243.6328   19.1221
    7.5000  -37.5000  -37.5000 8778.3506   19.0863
   -7.5000  -30.0000  -37.5000 9574.1006   19.1341
    0.0000  -30.0000  -37.500010023.5938   19.1612
    7.5000  -30.0000  -37.5000 9512.0664   19.1260
   -7.5000  -22.5000  -37.500010246.9434   19.1442
    0.0000  -22.5000  -37.500010749.0176   19.1732
    7.5000  -22.5000  -37.500010216.1846   19.1477
   -7.5000  -15.0000  -37.500010887.3174   19.1238
    0.0000  -15.0000  -37.500011414.3564   19.1515
    7.5000  -15.0000  -37.500010846.9893   19.1347
   -7.5000   -7.5000  -37.500011479.1074   19.0874
    0.0000   -7.5000  -37.500012042.0781   19.1121
    7.5000   -7.5000  -37.500011457.6631   19.0947
   -7.5000    0.0000  -37.500011960.4639   19.0734
    0.0000    0.0000  -37.500012544.0820   19.0947
    7.5000    0.0000  -37.500011924.5449   19.0679
   -7.5000    7.5000  -37.500011525.7100   19.0997
    0.0000    7.5000  -37.500012077.8408   19.1221
    7.5000    7.5000  -37.500011463.6582   19.0863
   -7.5000   15.0000  -37.500010978.2646   19.1341
    0.0000   15.0000  -37.500011515.8789   19.1612
    7.5000   15.0000  -37.500010933.0605   19.1260
   -7.5000   22.5000  -37.500010301.4658   19.1416
    0.0000   22.5000  -37.500010785.8848   19.1706
    7.5000   22.5000  -37.500010234.3379   19.1450
   -7.5000   30.0000  -37.5000 9564.2246   18.8689
    0.0000   30.0000  -37.500010024.3281   18.8963
    7.5000   30.0000  -37.5000 9498.2295   18.8797
   -7.5000   37.5000  -37.5000 9173.3701   18.8331
    0.0000   37.5000  -37.5000 9613.0127   18.8574
    7.5000   37.5000  -37.5000 9094.8691   18.8402
   -7.5000   45.0000  -37.5000 8380.1689   18.3414
    0.0000   45.0000  -37.5000 8759.4873   18.3619
    7.5000   45.0000  -37.5000 8286.6602   18.3361
   -7.5000  -45.0000  -30.0000 9031.8086   19.8915
    0.0000  -45.0000  -30.0000 9461.0811   19.9116
    7.5000  -45.0000  -30.0000 8981.4453   19.8811
   -7.5000  -37.5000  -30.0000 9556.9473   19.9101
    0.0000  -37.5000  -30.0000 9997.8799   19.9286
    7.5000  -37.5000  -30.0000 9501.9248   19.8878
   -7.5000  -30.0000  -30.000010365.2881   19.9398
    0.0000  -30.0000  -30.000010821.8018   19.9662
    7.5000  -30.0000  -30.000010297.7969   19.9278
   -7.5000  -22.5000  -30.000011084.7363   19.9526
    0.0000  -22.5000  -30.000011597.2324   19.9885
    7.5000  -22.5000  -30.000011041.1094   19.9640
   -7.5000  -15.0000  -30.000011767.2588   19.9405
    0.0000  -15.0000  -30.000012295.7666   19.9790
    7.5000  -15.0000  -30.000011702.2178   19.9653
   -7.5000   -7.5000  -30.000012387.2705   19.9090
    0.0000   -7.5000  -30.000012953.8672   19.9395
    7.5000   -7.5000  -30.000012324.8955   19.9224
   -7.5000    0.0000  -30.000012875.0645   19.8915
    0.0000    0.0000  -30.000013439.7158   19.9115
    7.5000    0.0000  -30.000012774.6787   19.8810
   -7.5000    7.5000  -30.000012355.6299   19.9101
    0.0000    7.5000  -30.000012905.5713   19.9286
    7.5000    7.5000  -30.000012263.8311   19.8878
   -7.5000   15.0000  -30.000011745.6973   19.9398
    0.0000   15.0000  -30.000012282.3379   19.9662
    7.5000   15.0000  -30.000011677.2432   19.9278
   -7.5000   22.5000  -30.000011002.0283   19.9479
    0.0000   22.5000  -30.000011493.2119   19.9837
    7.5000   22.5000  -30.000010917.0137   19.9592
   -7.5000   30.0000  -30.000010164.2197   19.6767
    0.0000   30.0000  -30.000010638.8330   19.7147
    7.5000   30.0000  -30.000010103.5127   19.7011
   -7.5000   37.5000  -30.0000 9720.9561   19.6456
    0.0000   37.5000  -30.000010201.3613   19.6757
    7.5000   37.5000  -30.0000 9661.9678   19.6587
   -7.5000   45.0000  -30.0000 8860.8438   19.1421
    0.0000   45.0000  -30.0000 9278.0625   19.1614
    7.5000   45.0000  -30.0000 8783.9570   19.1320
   -7.5000  -45.0000  -22.5000 9749.0723   20.5529
    0.0000  -45.0000  -22.500010196.4961   20.5711
    7.5000  -45.0000  -22.5000 9685.1338   20.5523
   -7.5000  -37.5000  -22.500010304.9873   20.5678
    0.0000  -37.5000  -22.500010749.6982   20.5840
    7.5000  -37.5000  -22.500010239.8066   20.5560
   -7.5000  -30.0000  -22.500011169.7080   20.5910
    0.0000  -30.0000  -22.500011634.0547   20.6168
    7.5000  -30.0000  -22.500011079.7754   20.5922
   -7.5000  -22.5000  -22.500011961.4561   20.5990
    0.0000  -22.5000  -22.500012468.2910   20.6380
    7.5000  -22.5000  -22.500011855.8818   20.6276
   -7.5000  -15.0000  -22.500012640.7764   20.5891
    0.0000  -15.0000  -22.500013210.8867   20.6324
    7.5000  -15.0000  -22.500012553.1777   20.6326
   -7.5000   -7.5000  -22.500013260.5830   20.5661
    0.0000   -7.5000  -22.500013866.5459   20.5983
    7.5000   -7.5000  -22.500013176.1973   20.5934
   -7.5000    0.0000  -22.500013739.4443   20.5528
    0.0000    0.0000  -22.500014358.5186   20.5710
    7.5000    0.0000  -22.500013643.2939   20.5523
   -7.5000    7.5000  -22.500013150.5713   20.5678
    0.0000    7.5000  -22.500013759.8320   20.5840
    7.5000    7.5000  -22.500013075.9824   20.5560
   -7.5000   15.0000  -22.500012512.9150   20.5910
    0.0000   15.0000  -22.500013088.0947   20.6168
    7.5000   15.0000  -22.500012432.4307   20.5922
   -7.5000   22.5000  -22.500011714.0078   20.5926
    0.0000   22.5000  -22.500012267.3994   20.6316
    7.5000   22.5000  -22.500011643.3086   20.6213
   -7.5000   30.0000  -22.500010785.9111   20.3198
    0.0000   30.0000  -22.500011303.0596   20.3625
    7.5000   30.0000  -22.500010733.8896   20.3627
   -7.5000   37.5000  -22.500010271.2520   20.2971
    0.0000   37.5000  -22.500010779.5029   20.3288
    7.5000   37.5000  -22.500010234.1855   20.3240
   -7.5000   45.0000  -22.5000 9329.3984   19.7934
    0.0000   45.0000  -22.5000 9801.5293   19.8109
    7.5000   45.0000  -22.5000 9282.8115   19.7929
   -7.5000  -45.0000  -15.000010450.4941   21.0078
    0.0000  -45.0000  -15.000010922.0820   21.0266
    7.5000  -45.0000  -15.000010411.6592   21.0219
   -7.5000  -37.5000  -15.000011029.0469   21.0277
    0.0000  -37.5000  -15.000011511.8350   21.0468
    7.5000  -37.5000  -15.000010994.4521   21.0348
   -7.5000  -30.0000  -15.000011977.1592   21.0504
    0.0000  -30.0000  -15.000012478.4541   21.0774
    7.5000  -30.0000  -15.000011883.8584   21.0679
   -7.5000  -22.5000  -15.000012793.3662   21.0510
    0.0000  -22.5000  -15.000013357.1973   21.0871
    7.5000  -22.5000  -15.000012668.1035   21.0886
   -7.5000  -15.0000  -15.000013469.1973   21.0345
    0.0000  -15.0000  -15.000014120.2744   21.0726
    7.5000  -15.0000  -15.000013384.4150   21.0824
   -7.5000   -7.5000  -15.000014115.4971   21.0139
    0.0000   -7.5000  -15.000014812.1445   21.0426
    7.5000   -7.5000  -15.000014064.9980   21.0487
   -7.5000    0.0000  -15.000014586.1318   21.0077
    0.0000    0.0000  -15.000015327.4150   21.0265
    7.5000    0.0000  -15.000014550.1328   21.0219
   -7.5000    7.5000  -15.000013962.0811   21.0277
    0.0000    7.5000  -15.000014652.0547   21.0468
    7.5000    7.5000  -15.000013923.5723   21.0348
   -7.5000   15.0000  -15.000013235.5107   21.0504
    0.0000   15.0000  -15.000013869.9521   21.0774
    7.5000   15.0000  -15.000013202.5039   21.0679
   -7.5000   22.5000  -15.000012397.6729   21.0436
    0.0000   22.5000  -15.000012998.0410   21.0797
    7.5000   22.5000  -15.000012341.6533   21.0811
   -7.5000   30.0000  -15.000011418.9404   20.7623
    0.0000   30.0000  -15.000011984.9248   20.7998
    7.5000   30.0000  -15.000011376.6514   20.8096
   -7.5000   37.5000  -15.000010832.8555   20.7419
    0.0000   37.5000  -15.000011390.3730   20.7702
    7.5000   37.5000  -15.000010819.3428   20.7763
   -7.5000   45.0000  -15.0000 9811.1357   20.2437
    0.0000   45.0000  -15.000010318.8896   20.2618
    7.5000   45.0000  -15.0000 9777.1152   20.2574
   -7.5000  -45.0000   -7.500011199.7090   21.2333
    0.0000  -45.0000   -7.500011717.0498   21.2556
    7.5000  -45.0000   -7.500011177.6348   21.2523
   -7.5000  -37.5000   -7.500011819.7842   21.2633
    0.0000  -37.5000   -7.500012349.9521   21.2890
    7.5000  -37.5000   -7.500011781.8975   21.2792
   -7.5000  -30.0000   -7.500012827.7197   21.2931
    0.0000  -30.0000   -7.500013419.9834   21.3231
    7.5000  -30.0000   -7.500012721.3623   21.3136
   -7.5000  -22.5000   -7.500013650.9434   21.2910
    0.0000  -22.5000   -7.500014356.8369   21.3214
    7.5000  -22.5000   -7.500013558.1318   21.3191
   -7.5000  -15.0000   -7.500014350.3594   21.2639
    0.0000  -15.0000   -7.500015149.1074   21.2918
    7.5000  -15.0000   -7.500014319.9004   21.2965
   -7.5000   -7.5000   -7.500015025.2207   21.2359
    0.0000   -7.5000   -7.500015856.5186   21.2600
    7.5000   -7.5000   -7.500015047.1475   21.2641
   -7.5000    0.0000   -7.500015543.2109   21.2332
    0.0000    0.0000   -7.500016392.1797   21.2555
    7.5000    0.0000   -7.500015575.0693   21.2522
   -7.5000    7.5000   -7.500014856.2529   21.2633
    0.0000    7.5000   -7.500015647.2129   21.2890
    7.5000    7.5000   -7.500014887.8213   21.2792
   -7.5000   15.0000   -7.500014045.9424   21.2931
    0.0000   15.0000   -7.500014762.9053   21.3231
    7.5000   15.0000   -7.500014056.3145   21.3136
   -7.5000   22.5000   -7.500013136.6377   21.2812
    0.0000   22.5000   -7.500013820.4785   21.3115
    7.5000   22.5000   -7.500013127.1602   21.3092
   -7.5000   30.0000   -7.500012110.5068   20.9882
    0.0000   30.0000   -7.500012746.0400   21.0157
    7.5000   30.0000   -7.500012092.7754   21.0203
   -7.5000   37.5000   -7.500011484.6631   20.9605
    0.0000   37.5000   -7.500012081.0586   20.9843
    7.5000   37.5000   -7.500011480.4902   20.9884
   -7.5000   45.0000   -7.500010382.9854   20.4648
    0.0000   45.0000   -7.500010906.6035   20.4863
    7.5000   45.0000   -7.500010335.5068   20.4832
   -7.5000  -45.0000    0.000011870.8223   21.2955
    0.0000  -45.0000    0.000012423.6689   21.3201
    7.5000  -45.0000    0.000011850.3750   21.3051
   -7.5000  -37.5000    0.000012557.8916   21.3304
    0.0000  -37.5000    0.000013175.6982   21.3590
    7.5000  -37.5000    0.000012522.8730   21.3361
   -7.5000  -30.0000    0.000013674.5303   21.3679
    0.0000  -30.0000    0.000014495.6133   21.3993
    7.5000  -30.0000    0.000013626.3174   21.3761
   -7.5000  -22.5000    0.000014521.5684   21.3707
    0.0000  -22.5000    0.000015472.3193   21.3990
    7.5000  -22.5000    0.000014531.2422   21.3824
   -7.5000  -15.0000    0.000015192.3506   21.3400
    0.0000  -15.0000    0.000016103.9170   21.3641
    7.5000  -15.0000    0.000015277.0654   21.3550
   -7.5000   -7.5000    0.000015908.4697   21.3023
    0.0000   -7.5000    0.000016792.0488   21.3256
    7.5000   -7.5000    0.000015997.6670   21.3176
   -7.5000    0.0000    0.000016467.1816   21.2955
    0.0000    0.0000    0.000017364.5430   21.3200
    7.5000    0.0000    0.000016562.3262   21.3050
   -7.5000    7.5000    0.000015719.0986   21.3304
    0.0000    7.5000    0.000016558.1777   21.3590
    7.5000    7.5000    0.000015801.4639   21.3361
   -7.5000   15.0000    0.000014830.1504   21.3679
    0.0000   15.0000    0.000015610.3750   21.3993
    7.5000   15.0000    0.000014858.2461   21.3761
   -7.5000   22.5000    0.000013878.9570   21.3609
    0.0000   22.5000    0.000014610.1836   21.3891
    7.5000   22.5000    0.000013854.4482   21.3725
   -7.5000   30.0000    0.000012819.3389   21.0639
    0.0000   30.0000    0.000013482.7305   21.0876
    7.5000   30.0000    0.000012762.7734   21.0787
   -7.5000   37.5000    0.000012161.3701   21.0266
    0.0000   37.5000    0.000012801.6016   21.0496
    7.5000   37.5000    0.000012109.6670   21.0417
   -7.5000   45.0000    0.000010957.7188   20.5264
    0.0000   45.0000    0.000011538.8779   20.5501
    7.5000   45.0000    0.000010873.4404   20.5356
   -7.5000  -45.0000    7.500011582.6602   21.3403
    0.0000  -45.0000    7.500012192.3906   21.3641
    7.5000  -45.0000    7.500011581.9346   21.3343
   -7.5000  -37.5000    7.500012281.3613   21.3697
    0.0000  -37.5000    7.500013026.0850   21.3949
    7.5000  -37.5000    7.500012277.2715   21.3550
   -7.5000  -30.0000    7.500013456.4551   21.4081
    0.0000  -30.0000    7.500014371.0703   21.4384
    7.5000  -30.0000    7.500013383.0215   21.3993
   -7.5000  -22.5000    7.500014253.2197   21.4191
    0.0000  -22.5000    7.500015090.0400   21.4516
    7.5000  -22.5000    7.500014195.7773   21.4232
   -7.5000  -15.0000    7.500014815.3145   21.3960
    0.0000  -15.0000    7.500015594.7139   21.4272
    7.5000  -15.0000    7.500014855.0596   21.4084
   -7.5000   -7.5000    7.500015471.1875   21.3555
    0.0000   -7.5000    7.500016259.8252   21.3832
    7.5000   -7.5000    7.500015539.5850   21.3639
   -7.5000    0.0000    7.500016032.7861   21.3402
    0.0000    0.0000    7.500016884.8320   21.3641
    7.5000    0.0000    7.500016124.6240   21.3343
   -7.5000    7.5000    7.500015338.4814   21.3697
    0.0000    7.5000    7.500016135.7793   21.3949
    7.5000    7.5000    7.500015380.1084   21.3550
   -7.5000   15.0000    7.500014488.8330   21.4081
    0.0000   15.0000    7.500015221.5742   21.4384
    7.5000   15.0000    7.500014443.4561   21.3993
   -7.5000   22.5000    7.500013558.9395   21.4092
    0.0000   22.5000    7.500014267.6836   21.4417
    7.5000   22.5000    7.500013472.7686   21.4133
   -7.5000   30.0000    7.500012537.8076   21.1191
    0.0000   30.0000    7.500013204.7773   21.1498
    7.5000   30.0000    7.500012436.1992   21.1313
   -7.5000   37.5000    7.500011907.8965   21.0792
    0.0000   37.5000    7.500012516.7881   21.1064
    7.5000   37.5000    7.500011795.3291   21.0874
   -7.5000   45.0000    7.500010742.1426   20.5695
    0.0000   45.0000    7.500011272.3184   20.5925
    7.5000   45.0000    7.500010604.2773   20.5638
   -7.5000  -45.0000   15.000011134.1240   21.3602
    0.0000  -45.0000   15.000011753.9170   21.3817
    7.5000  -45.0000   15.000011154.3213   21.3490
   -7.5000  -37.5000   15.000011817.3408   21.3801
    0.0000  -37.5000   15.000012512.9854   21.4001
    7.5000  -37.5000   15.000011794.3555   21.3562
   -7.5000  -30.0000   15.000012961.5918   21.4121
    0.0000  -30.0000   15.000013719.6689   21.4404
    7.5000  -30.0000   15.000012835.2803   21.3991
   -7.5000  -22.5000   15.000013819.8027   21.4258
    0.0000  -22.5000   15.000014534.1699   21.4644
    7.5000  -22.5000   15.000013677.1768   21.4381
   -7.5000  -15.0000   15.000014431.1309   21.4128
    0.0000  -15.0000   15.000015187.0791   21.4542
    7.5000  -15.0000   15.000014375.9814   21.4395
   -7.5000   -7.5000   15.000015023.0996   21.3790
    0.0000   -7.5000   15.000015840.2275   21.4118
    7.5000   -7.5000   15.000015030.9521   21.3933
   -7.5000    0.0000   15.000015546.2539   21.3602
    0.0000    0.0000   15.000016371.0508   21.3817
    7.5000    0.0000   15.000015535.2754   21.3490
   -7.5000    7.5000   15.000014871.4248   21.3801
    0.0000    7.5000   15.000015607.9082   21.4001
    7.5000    7.5000   15.000014792.8838   21.3562
   -7.5000   15.0000   15.000014035.4219   21.4121
    0.0000   15.0000   15.000014696.8223   21.4404
    7.5000   15.0000   15.000013890.6270   21.3991
   -7.5000   22.5000   15.000013110.3145   21.4160
    0.0000   22.5000   15.000013772.8115   21.4545
    7.5000   22.5000   15.000012946.5830   21.4282
   -7.5000   30.0000   15.000012089.0186   21.1357
    0.0000   30.0000   15.000012737.7539   21.1765
    7.5000   30.0000   15.000011929.8379   21.1620
   -7.5000   37.5000   15.000011431.8076   21.1023
    0.0000   37.5000   15.000012056.0264   21.1347
    7.5000   37.5000   15.000011286.8164   21.1165
   -7.5000   45.0000   15.000010304.3701   20.5888
    0.0000   45.0000   15.000010849.5361   20.6095
    7.5000   45.0000   15.000010153.2803   20.5780
   -7.5000  -45.0000   22.500010577.5938   21.3424
    0.0000  -45.0000   22.500011151.4521   21.3614
    7.5000  -45.0000   22.500010577.0986   21.3422
   -7.5000  -37.5000   22.500011220.7910   21.3577
    0.0000  -37.5000   22.500011805.1621   21.3747
    7.5000  -37.5000   22.500011135.5938   21.3459
   -7.5000  -30.0000   22.500012294.0234   21.3818
    0.0000  -30.0000   22.500012905.2109   21.4087
    7.5000  -30.0000   22.500012091.9473   21.3835
   -7.5000  -22.5000   22.500013246.7139   21.3902
    0.0000  -22.5000   22.500013880.8975   21.4308
    7.5000  -22.5000   22.500012950.7979   21.4204
   -7.5000  -15.0000   22.500014016.4727   21.3800
    0.0000  -15.0000   22.500014774.4561   21.4251
    7.5000  -15.0000   22.500013719.6895   21.4256
   -7.5000   -7.5000   22.500014615.6152   21.3562
    0.0000   -7.5000   22.500015445.1992   21.3897
    7.5000   -7.5000   22.500014380.8672   21.3849
   -7.5000    0.0000   22.500015021.0508   21.3423
    0.0000    0.0000   22.500015845.1045   21.3613
    7.5000    0.0000   22.500014841.5439   21.3421
   -7.5000    7.5000   22.500014272.7246   21.3577
    0.0000    7.5000   22.500015009.5342   21.3747
    7.5000    7.5000   22.500014113.8789   21.3459
   -7.5000   15.0000   22.500013378.4443   21.3818
    0.0000   15.0000   22.500014052.9297   21.4087
    7.5000   15.0000   22.500013226.5967   21.3835
   -7.5000   22.5000   22.500012472.3828   21.3803
    0.0000   22.5000   22.500013121.6777   21.4210
    7.5000   22.5000   22.500012347.8271   21.4106
   -7.5000   30.0000   22.500011505.9951   21.1033
    0.0000   30.0000   22.500012096.8076   21.1478
    7.5000   30.0000   22.500011388.8916   21.1483
   -7.5000   37.5000   22.500010901.4824   21.0798
    0.0000   37.5000   22.500011434.5273   21.1129
    7.5000   37.5000   22.500010789.1973   21.1081
   -7.5000   45.0000   22.5000 9813.7510   20.5716
    0.0000   45.0000   22.500010269.1240   20.5899
    7.5000   45.0000   22.5000 9700.7803   20.5713
   -7.5000  -45.0000   30.0000 9952.5518   21.3364
    0.0000  -45.0000   30.000010452.7354   21.3560
    7.5000  -45.0000   30.0000 9923.2490   21.3522
   -7.5000  -37.5000   30.000010528.6182   21.3563
    0.0000  -37.5000   30.000011033.9980   21.3762
    7.5000  -37.5000   30.000010473.1738   21.3650
   -7.5000  -30.0000   30.000011454.0039   21.3790
    0.0000  -30.0000   30.000011946.5000   21.4070
    7.5000  -30.0000   30.000011335.1367   21.3982
   -7.5000  -22.5000   30.000012273.3125   21.3796
    0.0000  -22.5000   30.000012803.5635   21.4169
    7.5000  -22.5000   30.000012140.4121   21.4193
   -7.5000  -15.0000   30.000012979.6992   21.3632
    0.0000  -15.0000   30.000013588.6260   21.4025
    7.5000  -15.0000   30.000012865.7344   21.4134
   -7.5000   -7.5000   30.000013611.5127   21.3426
    0.0000   -7.5000   30.000014267.6611   21.3723
    7.5000   -7.5000   30.000013514.5713   21.3795
   -7.5000    0.0000   30.000014086.4326   21.3364
    0.0000    0.0000   30.000014799.8955   21.3560
    7.5000    0.0000   30.000014001.7725   21.3522
   -7.5000    7.5000   30.000013447.3389   21.3563
    0.0000    7.5000   30.000014133.9639   21.3762
    7.5000    7.5000   30.000013363.7949   21.3650
   -7.5000   15.0000   30.000012620.0957   21.3790
    0.0000   15.0000   30.000013287.2773   21.4070
    7.5000   15.0000   30.000012538.5361   21.3982
   -7.5000   22.5000   30.000011755.7861   21.3697
    0.0000   22.5000   30.000012349.1299   21.4070
    7.5000   22.5000   30.000011662.8711   21.4094
   -7.5000   30.0000   30.000010813.9600   21.0868
    0.0000   30.0000   30.000011315.5547   21.1255
    7.5000   30.0000   30.000010712.5693   21.1363
   -7.5000   37.5000   30.000010206.5273   21.0664
    0.0000   37.5000   30.000010670.0117   21.0957
    7.5000   37.5000   30.000010111.6475   21.1028
   -7.5000   45.0000   30.0000 9159.4355   20.5658
    0.0000   45.0000   30.0000 9552.9277   20.5847
    7.5000   45.0000   30.0000 9077.2656   20.5811
   -7.5000  -45.0000   37.5000 9592.5811   21.3858
    0.0000  -45.0000   37.5000 9993.5010   21.4104
    7.5000  -45.0000   37.5000 9547.6240   21.4092
   -7.5000  -37.5000   37.500010101.9600   21.4148
    0.0000  -37.5000   37.500010526.5879   21.4426
    7.5000  -37.5000   37.500010081.1768   21.4347
   -7.5000  -30.0000   37.500010950.5693   21.4440
    0.0000  -30.0000   37.500011379.3857   21.4760
    7.5000  -30.0000   37.500010915.8105   21.4683
   -7.5000  -22.5000   37.500011719.7900   21.4425
    0.0000  -22.5000   37.500012189.0254   21.4749
    7.5000  -22.5000   37.500011685.6748   21.4746
   -7.5000  -15.0000   37.500012380.1494   21.4166
    0.0000  -15.0000   37.500012902.9688   21.4466
    7.5000  -15.0000   37.500012372.1377   21.4534
   -7.5000   -7.5000   37.500012958.0303   21.3890
    0.0000   -7.5000   37.500013513.7373   21.4153
    7.5000   -7.5000   37.500012960.7920   21.4216
   -7.5000    0.0000   37.500013450.9141   21.3858
    0.0000    0.0000   37.500014024.2324   21.4103
    7.5000    0.0000   37.500013444.9121   21.4091
   -7.5000    7.5000   37.500012910.6299   21.4148
    0.0000    7.5000   37.500013467.7178   21.4426
    7.5000    7.5000   37.500012864.5059   21.4347
   -7.5000   15.0000   37.500012179.6582   21.4440
    0.0000   15.0000   37.500012739.2969   21.4760
    7.5000   15.0000   37.500012118.0918   21.4683
   -7.5000   22.5000   37.500011344.6377   21.4327
    0.0000   22.5000   37.500011861.8418   21.4650
    7.5000   22.5000   37.500011275.2373   21.4647
   -7.5000   30.0000   37.500010418.5889   21.1394
    0.0000   30.0000   37.500010880.3301   21.1690
    7.5000   30.0000   37.500010337.5068   21.1758
   -7.5000   37.5000   37.5000 9830.5547   21.1122
    0.0000   37.5000   37.500010260.7354   21.1381
    7.5000   37.5000   37.5000 9762.5244   21.1444
   -7.5000   45.0000   37.5000 8803.6953   20.6135
    0.0000   45.0000   37.5000 9162.5479   20.6371
    7.5000   45.0000   37.5000 8736.4072   20.6360
   -7.5000  -45.0000   45.0000 8805.3447   21.6100
    0.0000  -45.0000   45.0000 9152.7695   21.6373
    7.5000  -45.0000   45.0000 8751.4990   21.6238
   -7.5000  -37.5000   45.0000 9289.8750   21.6455
    0.0000  -37.5000   45.0000 9649.4414   21.6769
    7.5000  -37.5000   45.0000 9240.2607   21.6552
   -7.5000  -30.0000   45.000010091.5410   21.6839
    0.0000  -30.0000   45.000010473.3184   21.7184
    7.5000  -30.0000   45.000010035.7422   21.6963
   -7.5000  -22.5000   45.000010794.0449   21.6871
    0.0000  -22.5000   45.000011199.1504   21.7185
    7.5000  -22.5000   45.000010735.5068   21.7035
   -7.5000  -15.0000   45.000011388.7021   21.6559
    0.0000  -15.0000   45.000011840.6719   21.6830
    7.5000  -15.0000   45.000011346.1445   21.6758
   -7.5000   -7.5000   45.000011908.5498   21.6172
    0.0000   -7.5000   45.000012374.9502   21.6434
    7.5000   -7.5000   45.000011867.9629   21.6372
   -7.5000    0.0000   45.000012361.5703   21.6100
    0.0000    0.0000   45.000012856.6855   21.6372
    7.5000    0.0000   45.000012314.6221   21.6237
   -7.5000    7.5000   45.000011889.4355   21.6455
    0.0000    7.5000   45.000012394.9893   21.6769
    7.5000    7.5000   45.000011831.2969   21.6552
   -7.5000   15.0000   45.000011228.9180   21.6839
    0.0000   15.0000   45.000011737.7920   21.7184
    7.5000   15.0000   45.000011160.3564   21.6963
   -7.5000   22.5000   45.000010445.2568   21.6771
    0.0000   22.5000   45.000010906.3945   21.7085
    7.5000   22.5000   45.000010365.5322   21.6934
   -7.5000   30.0000   45.0000 9598.0811   21.3738
    0.0000   30.0000   45.000010025.1631   21.4006
    7.5000   30.0000   45.0000 9522.8691   21.3934
   -7.5000   37.5000   45.0000 9062.2920   21.3356
    0.0000   37.5000   45.0000 9429.0684   21.3614
    7.5000   37.5000   45.0000 8977.2168   21.3553
   -7.5000   45.0000   45.0000 8110.9058   20.8390
    0.0000   45.0000   45.0000 8425.4072   20.8652
    7.5000   45.0000   45.0000 8033.6362   20.8523

---------------------------------------------------------------------
imgreg_4dfp /opt/freesurfer/average/711-2C_as_mni_average_305 /opt/freesurfer/average/711-2B_as_mni_average_305_mask talsrcimg_g11 none talsrcimg_to_711-2C_as_mni_average_305_t4 4355
---------------------------------------------------------------------

freesurfer imgreg_4dfp.c
/opt/freesurfer/average/711-2C_as_mni_average_305.4dfp.img
       256       256       256         1
  1.000000  1.000000  1.000000
orientation T byte_order littleendian
Reading image: /opt/freesurfer/average/711-2C_as_mni_average_305.4dfp.img
dimensions:      256       256       256
mmppix:       1.0000   -1.0000   -1.0000
center:     128.0000 -129.0000 -129.0000
/opt/freesurfer/average/711-2B_as_mni_average_305_mask.4dfp.img
       256       256       256         1
  1.000000  1.000000  1.000000
orientation T byte_order littleendian
Reading mask: /opt/freesurfer/average/711-2B_as_mni_average_305_mask.4dfp.img (2306576 pixels)
talsrcimg_g11.4dfp.img
       256       256       256         1
  1.000000  1.000000  1.000000
orientation T byte_order littleendian
Reading image: talsrcimg_g11.4dfp.img
dimensions:      256       256       256
mmppix:       1.0000   -1.0000   -1.0000
center:     128.0000 -129.0000 -129.0000
rotation matrix determinant  1.000000
image alignment mode   4355 decimal     1103 hex
   -7.5000  -45.0000  -45.0000 2003.9152   21.5052
    0.0000  -45.0000  -45.0000 2002.0712   21.4978
    7.5000  -45.0000  -45.0000 1986.7164   21.6974
   -7.5000  -37.5000  -45.0000 2088.0710   19.6681
    0.0000  -37.5000  -45.0000 2090.6213   19.6793
    7.5000  -37.5000  -45.0000 2071.2825   19.8568
   -7.5000  -30.0000  -45.0000 2153.1643   18.4139
    0.0000  -30.0000  -45.0000 2154.9641   18.4367
    7.5000  -30.0000  -45.0000 2128.3481   18.5920
   -7.5000  -22.5000  -45.0000 2195.4150   17.6007
    0.0000  -22.5000  -45.0000 2200.4402   17.5964
    7.5000  -22.5000  -45.0000 2173.4304   17.7792
   -7.5000  -15.0000  -45.0000 2213.3787   17.1397
    0.0000  -15.0000  -45.0000 2219.5088   17.1478
    7.5000  -15.0000  -45.0000 2192.5332   17.3501
   -7.5000   -7.5000  -45.0000 2208.9651   17.0381
    0.0000   -7.5000  -45.0000 2218.5618   17.0685
    7.5000   -7.5000  -45.0000 2189.7561   17.2643
   -7.5000    0.0000  -45.0000 2180.0510   17.3663
    0.0000    0.0000  -45.0000 2192.4609   17.3720
    7.5000    0.0000  -45.0000 2167.7019   17.5705
   -7.5000    7.5000  -45.0000 2139.7720   18.0846
    0.0000    7.5000  -45.0000 2147.1633   18.0613
    7.5000    7.5000  -45.0000 2121.1377   18.2725
   -7.5000   15.0000  -45.0000 2066.9939   19.2497
    0.0000   15.0000  -45.0000 2075.0906   19.2364
    7.5000   15.0000  -45.0000 2047.9343   19.4742
   -7.5000   22.5000  -45.0000 1978.6772   20.9083
    0.0000   22.5000  -45.0000 1983.3617   20.8859
    7.5000   22.5000  -45.0000 1962.8424   21.2350
   -7.5000   30.0000  -45.0000 1873.2081   23.1762
    0.0000   30.0000  -45.0000 1879.5537   23.1381
    7.5000   30.0000  -45.0000 1860.6587   23.5899
   -7.5000   37.5000  -45.0000 1762.6896   26.3971
    0.0000   37.5000  -45.0000 1768.6871   26.2851
    7.5000   37.5000  -45.0000 1749.0471   26.7718
   -7.5000   45.0000  -45.0000 1640.2732   30.8926
    0.0000   45.0000  -45.0000 1640.9574   30.6443
    7.5000   45.0000  -45.0000 1625.5820   31.1927
   -7.5000  -45.0000  -37.5000 2088.3135   19.8641
    0.0000  -45.0000  -37.5000 2090.2256   19.9032
    7.5000  -45.0000  -37.5000 2075.3062   20.0053
   -7.5000  -37.5000  -37.5000 2182.3098   18.2193
    0.0000  -37.5000  -37.5000 2184.7717   18.2310
    7.5000  -37.5000  -37.5000 2163.9841   18.3331
   -7.5000  -30.0000  -37.5000 2246.0684   17.0411
    0.0000  -30.0000  -37.5000 2249.8411   17.0628
    7.5000  -30.0000  -37.5000 2223.7600   17.1832
   -7.5000  -22.5000  -37.5000 2288.7273   16.2734
    0.0000  -22.5000  -37.5000 2298.7183   16.2918
    7.5000  -22.5000  -37.5000 2272.0730   16.4299
   -7.5000  -15.0000  -37.5000 2319.6951   15.8513
    0.0000  -15.0000  -37.5000 2325.6348   15.8506
    7.5000  -15.0000  -37.5000 2297.9932   16.0183
   -7.5000   -7.5000  -37.5000 2321.6809   15.7170
    0.0000   -7.5000  -37.5000 2330.8901   15.7156
    7.5000   -7.5000  -37.5000 2300.9370   15.8910
   -7.5000    0.0000  -37.5000 2296.1748   15.9983
    0.0000    0.0000  -37.5000 2306.1399   15.9971
    7.5000    0.0000  -37.5000 2275.0449   16.1569
   -7.5000    7.5000  -37.5000 2246.6265   16.6848
    0.0000    7.5000  -37.5000 2254.2485   16.6478
    7.5000    7.5000  -37.5000 2222.1523   16.8138
   -7.5000   15.0000  -37.5000 2166.9165   17.7455
    0.0000   15.0000  -37.5000 2175.0156   17.7160
    7.5000   15.0000  -37.5000 2149.0676   17.8806
   -7.5000   22.5000  -37.5000 2074.5125   19.2832
    0.0000   22.5000  -37.5000 2079.2971   19.2781
    7.5000   22.5000  -37.5000 2055.4836   19.5303
   -7.5000   30.0000  -37.5000 1963.5669   21.3961
    0.0000   30.0000  -37.5000 1970.9460   21.3431
    7.5000   30.0000  -37.5000 1947.8724   21.6639
   -7.5000   37.5000  -37.5000 1844.0394   24.2715
    0.0000   37.5000  -37.5000 1851.6801   24.1646
    7.5000   37.5000  -37.5000 1827.2529   24.5296
   -7.5000   45.0000  -37.5000 1705.5594   28.2611
    0.0000   45.0000  -37.5000 1704.4707   28.0122
    7.5000   45.0000  -37.5000 1690.1166   28.4506
   -7.5000  -45.0000  -30.0000 2211.2629   19.0605
    0.0000  -45.0000  -30.0000 2216.4529   19.0553
    7.5000  -45.0000  -30.0000 2195.6064   19.1448
   -7.5000  -37.5000  -30.0000 2313.4167   17.4530
    0.0000  -37.5000  -30.0000 2315.8098   17.4273
    7.5000  -37.5000  -30.0000 2291.1746   17.5524
   -7.5000  -30.0000  -30.0000 2384.3159   16.3743
    0.0000  -30.0000  -30.0000 2386.6301   16.3290
    7.5000  -30.0000  -30.0000 2360.8667   16.4824
   -7.5000  -22.5000  -30.0000 2430.6475   15.6589
    0.0000  -22.5000  -30.0000 2440.1272   15.6238
    7.5000  -22.5000  -30.0000 2414.1907   15.8042
   -7.5000  -15.0000  -30.0000 2468.3945   15.2519
    0.0000  -15.0000  -30.0000 2474.4736   15.2121
    7.5000  -15.0000  -30.0000 2445.6685   15.4127
   -7.5000   -7.5000  -30.0000 2474.3201   15.1514
    0.0000   -7.5000  -30.0000 2484.0806   15.0680
    7.5000   -7.5000  -30.0000 2451.1431   15.2821
   -7.5000    0.0000  -30.0000 2447.4956   15.3722
    0.0000    0.0000  -30.0000 2456.0444   15.3121
    7.5000    0.0000  -30.0000 2423.5037   15.4903
   -7.5000    7.5000  -30.0000 2389.2349   16.0080
    0.0000    7.5000  -30.0000 2398.3130   15.9323
    7.5000    7.5000  -30.0000 2366.2383   16.0948
   -7.5000   15.0000  -30.0000 2303.6458   17.0269
    0.0000   15.0000  -30.0000 2312.9634   16.9689
    7.5000   15.0000  -30.0000 2286.5491   17.1095
   -7.5000   22.5000  -30.0000 2202.2083   18.4616
    0.0000   22.5000  -30.0000 2208.1521   18.4343
    7.5000   22.5000  -30.0000 2182.4910   18.6173
   -7.5000   30.0000  -30.0000 2080.2908   20.4503
    0.0000   30.0000  -30.0000 2087.7710   20.4031
    7.5000   30.0000  -30.0000 2065.3618   20.6395
   -7.5000   37.5000  -30.0000 1953.1423   23.1534
    0.0000   37.5000  -30.0000 1964.5715   23.0821
    7.5000   37.5000  -30.0000 1940.5662   23.3475
   -7.5000   45.0000  -30.0000 1799.8248   26.8842
    0.0000   45.0000  -30.0000 1806.2908   26.7293
    7.5000   45.0000  -30.0000 1788.6774   27.0165
   -7.5000  -45.0000  -22.5000 2307.1230   18.1860
    0.0000  -45.0000  -22.5000 2311.3479   18.1215
    7.5000  -45.0000  -22.5000 2289.0510   18.2244
   -7.5000  -37.5000  -22.5000 2414.1814   16.6522
    0.0000  -37.5000  -22.5000 2418.5115   16.5482
    7.5000  -37.5000  -22.5000 2398.5530   16.6738
   -7.5000  -30.0000  -22.5000 2494.2268   15.6073
    0.0000  -30.0000  -22.5000 2497.5020   15.4840
    7.5000  -30.0000  -22.5000 2477.3618   15.6397
   -7.5000  -22.5000  -22.5000 2554.9009   14.9121
    0.0000  -22.5000  -22.5000 2559.7686   14.8256
    7.5000  -22.5000  -22.5000 2537.0774   14.9976
   -7.5000  -15.0000  -22.5000 2590.9360   14.5400
    0.0000  -15.0000  -22.5000 2602.1125   14.4681
    7.5000  -15.0000  -22.5000 2574.0862   14.6594
   -7.5000   -7.5000  -22.5000 2598.7395   14.4634
    0.0000   -7.5000  -22.5000 2610.7273   14.3706
    7.5000   -7.5000  -22.5000 2579.3225   14.5609
   -7.5000    0.0000  -22.5000 2568.8921   14.6732
    0.0000    0.0000  -22.5000 2578.6206   14.5819
    7.5000    0.0000  -22.5000 2548.9294   14.7417
   -7.5000    7.5000  -22.5000 2503.9668   15.2432
    0.0000    7.5000  -22.5000 2518.3208   15.1643
    7.5000    7.5000  -22.5000 2490.1523   15.2894
   -7.5000   15.0000  -22.5000 2418.2881   16.1793
    0.0000   15.0000  -22.5000 2428.1370   16.1081
    7.5000   15.0000  -22.5000 2399.6753   16.2512
   -7.5000   22.5000  -22.5000 2310.3533   17.5338
    0.0000   22.5000  -22.5000 2322.2627   17.4773
    7.5000   22.5000  -22.5000 2291.2427   17.6548
   -7.5000   30.0000  -22.5000 2174.4089   19.3967
    0.0000   30.0000  -22.5000 2185.9775   19.3403
    7.5000   30.0000  -22.5000 2160.4919   19.5837
   -7.5000   37.5000  -22.5000 2031.2695   21.9140
    0.0000   37.5000  -22.5000 2046.4172   21.8317
    7.5000   37.5000  -22.5000 2024.2017   22.0890
   -7.5000   45.0000  -22.5000 1878.0908   25.3655
    0.0000   45.0000  -22.5000 1889.0566   25.2450
    7.5000   45.0000  -22.5000 1871.9618   25.4679
   -7.5000  -45.0000  -15.0000 2363.2371   17.3186
    0.0000  -45.0000  -15.0000 2370.9810   17.2136
    7.5000  -45.0000  -15.0000 2353.4905   17.3712
   -7.5000  -37.5000  -15.0000 2477.4653   15.8485
    0.0000  -37.5000  -15.0000 2484.5627   15.7305
    7.5000  -37.5000  -15.0000 2472.9431   15.8922
   -7.5000  -30.0000  -15.0000 2571.3784   14.8290
    0.0000  -30.0000  -15.0000 2578.0420   14.7074
    7.5000  -30.0000  -15.0000 2566.1018   14.8577
   -7.5000  -22.5000  -15.0000 2645.4421   14.1460
    0.0000  -22.5000  -15.0000 2655.6963   14.0323
    7.5000  -22.5000  -15.0000 2631.3533   14.1881
   -7.5000  -15.0000  -15.0000 2688.9841   13.7731
    0.0000  -15.0000  -15.0000 2703.2104   13.6987
    7.5000  -15.0000  -15.0000 2673.8601   13.8708
   -7.5000   -7.5000  -15.0000 2697.0867   13.7306
    0.0000   -7.5000  -15.0000 2712.8064   13.6616
    7.5000   -7.5000  -15.0000 2688.3618   13.8117
   -7.5000    0.0000  -15.0000 2660.6040   13.9736
    0.0000    0.0000  -15.0000 2678.5657   13.8715
    7.5000    0.0000  -15.0000 2651.0776   14.0170
   -7.5000    7.5000  -15.0000 2593.3325   14.5215
    0.0000    7.5000  -15.0000 2612.3750   14.4072
    7.5000    7.5000  -15.0000 2587.6492   14.5413
   -7.5000   15.0000  -15.0000 2498.9133   15.3882
    0.0000   15.0000  -15.0000 2509.6233   15.2726
    7.5000   15.0000  -15.0000 2493.1934   15.4431
   -7.5000   22.5000  -15.0000 2382.5449   16.6630
    0.0000   22.5000  -15.0000 2395.0461   16.5646
    7.5000   22.5000  -15.0000 2374.3606   16.7538
   -7.5000   30.0000  -15.0000 2240.1050   18.3959
    0.0000   30.0000  -15.0000 2254.5244   18.3359
    7.5000   30.0000  -15.0000 2237.0645   18.5387
   -7.5000   37.5000  -15.0000 2086.5796   20.6922
    0.0000   37.5000  -15.0000 2103.8313   20.6483
    7.5000   37.5000  -15.0000 2086.8474   20.8770
   -7.5000   45.0000  -15.0000 1923.9038   23.9145
    0.0000   45.0000  -15.0000 1936.5831   23.8276
    7.5000   45.0000  -15.0000 1924.2333   24.0860
   -7.5000  -45.0000   -7.5000 2404.8948   16.5266
    0.0000  -45.0000   -7.5000 2413.5652   16.4489
    7.5000  -45.0000   -7.5000 2395.5078   16.6207
   -7.5000  -37.5000   -7.5000 2526.7092   15.1112
    0.0000  -37.5000   -7.5000 2537.6252   15.0135
    7.5000  -37.5000   -7.5000 2524.3298   15.1916
   -7.5000  -30.0000   -7.5000 2634.1941   14.1471
    0.0000  -30.0000   -7.5000 2644.6794   14.0660
    7.5000  -30.0000   -7.5000 2628.2007   14.1845
   -7.5000  -22.5000   -7.5000 2719.9631   13.4425
    0.0000  -22.5000   -7.5000 2734.4221   13.3726
    7.5000  -22.5000   -7.5000 2706.5708   13.5006
   -7.5000  -15.0000   -7.5000 2770.8782   13.0608
    0.0000  -15.0000   -7.5000 2790.2500   13.0037
    7.5000  -15.0000   -7.5000 2759.1531   13.1632
   -7.5000   -7.5000   -7.5000 2778.2964   13.0444
    0.0000   -7.5000   -7.5000 2798.3337   12.9897
    7.5000   -7.5000   -7.5000 2777.2075   13.1394
   -7.5000    0.0000   -7.5000 2739.8940   13.3105
    0.0000    0.0000   -7.5000 2759.4075   13.2425
    7.5000    0.0000   -7.5000 2738.5212   13.3631
   -7.5000    7.5000   -7.5000 2667.9172   13.8610
    0.0000    7.5000   -7.5000 2687.8948   13.7406
    7.5000    7.5000   -7.5000 2668.8215   13.8806
   -7.5000   15.0000   -7.5000 2565.6475   14.6919
    0.0000   15.0000   -7.5000 2575.0552   14.5611
    7.5000   15.0000   -7.5000 2560.0923   14.7382
   -7.5000   22.5000   -7.5000 2438.9902   15.8988
    0.0000   22.5000   -7.5000 2450.1187   15.7827
    7.5000   22.5000   -7.5000 2431.9214   16.0071
   -7.5000   30.0000   -7.5000 2293.2163   17.5465
    0.0000   30.0000   -7.5000 2304.2480   17.4528
    7.5000   30.0000   -7.5000 2286.5439   17.6718
   -7.5000   37.5000   -7.5000 2127.9519   19.7630
    0.0000   37.5000   -7.5000 2141.1206   19.6539
    7.5000   37.5000   -7.5000 2129.3152   19.8810
   -7.5000   45.0000   -7.5000 1960.3210   22.8070
    0.0000   45.0000   -7.5000 1971.0096   22.6471
    7.5000   45.0000   -7.5000 1958.6763   22.8972
   -7.5000  -45.0000    0.0000 2429.6294   16.0004
    0.0000  -45.0000    0.0000 2433.3855   15.9446
    7.5000  -45.0000    0.0000 2415.0095   16.1452
   -7.5000  -37.5000    0.0000 2562.0217   14.6351
    0.0000  -37.5000    0.0000 2569.5386   14.5856
    7.5000  -37.5000    0.0000 2552.9260   14.7297
   -7.5000  -30.0000    0.0000 2684.1167   13.6942
    0.0000  -30.0000    0.0000 2697.6692   13.6773
    7.5000  -30.0000    0.0000 2676.0508   13.7774
   -7.5000  -22.5000    0.0000 2783.5820   12.9687
    0.0000  -22.5000    0.0000 2802.7603   12.9509
    7.5000  -22.5000    0.0000 2770.9258   13.0931
   -7.5000  -15.0000    0.0000 2838.2517   12.5410
    0.0000  -15.0000    0.0000 2859.7720   12.5018
    7.5000  -15.0000    0.0000 2829.2937   12.7163
   -7.5000   -7.5000    0.0000 2843.4985   12.5488
    0.0000   -7.5000    0.0000 2863.3899   12.4485
    7.5000   -7.5000    0.0000 2841.9465   12.6687
   -7.5000    0.0000    0.0000 2798.1436   12.8522
    0.0000    0.0000    0.0000 2817.4595   12.7134
    7.5000    0.0000    0.0000 2798.5720   12.9316
   -7.5000    7.5000    0.0000 2716.4258   13.4145
    0.0000    7.5000    0.0000 2732.1816   13.2806
    7.5000    7.5000    0.0000 2716.0986   13.4786
   -7.5000   15.0000    0.0000 2604.5222   14.2205
    0.0000   15.0000    0.0000 2614.0073   14.0842
    7.5000   15.0000    0.0000 2598.3550   14.2917
   -7.5000   22.5000    0.0000 2478.0281   15.3718
    0.0000   22.5000    0.0000 2486.6311   15.2642
    7.5000   22.5000    0.0000 2466.4387   15.4977
   -7.5000   30.0000    0.0000 2332.3987   16.9850
    0.0000   30.0000    0.0000 2342.0159   16.8872
    7.5000   30.0000    0.0000 2319.4268   17.1200
   -7.5000   37.5000    0.0000 2160.9895   19.1062
    0.0000   37.5000    0.0000 2178.6484   19.0218
    7.5000   37.5000    0.0000 2156.4214   19.2610
   -7.5000   45.0000    0.0000 1983.3345   21.9347
    0.0000   45.0000    0.0000 1996.8252   21.8264
    7.5000   45.0000    0.0000 1977.0381   22.0526
   -7.5000  -45.0000    7.5000 2431.9929   15.8062
    0.0000  -45.0000    7.5000 2442.3521   15.7143
    7.5000  -45.0000    7.5000 2416.1975   15.9240
   -7.5000  -37.5000    7.5000 2576.9780   14.4381
    0.0000  -37.5000    7.5000 2587.1218   14.3668
    7.5000  -37.5000    7.5000 2565.1372   14.5127
   -7.5000  -30.0000    7.5000 2711.7830   13.5135
    0.0000  -30.0000    7.5000 2729.3833   13.4819
    7.5000  -30.0000    7.5000 2698.2217   13.5644
   -7.5000  -22.5000    7.5000 2824.8984   12.7572
    0.0000  -22.5000    7.5000 2847.6648   12.7150
    7.5000  -22.5000    7.5000 2805.6057   12.8580
   -7.5000  -15.0000    7.5000 2884.3997   12.2539
    0.0000  -15.0000    7.5000 2908.8350   12.1105
    7.5000  -15.0000    7.5000 2864.7200   12.4307
   -7.5000   -7.5000    7.5000 2884.6772   12.2624
    0.0000   -7.5000    7.5000 2901.7432   12.0587
    7.5000   -7.5000    7.5000 2872.3838   12.4018
   -7.5000    0.0000    7.5000 2830.4822   12.5870
    0.0000    0.0000    7.5000 2846.5149   12.4159
    7.5000    0.0000    7.5000 2826.1968   12.6838
   -7.5000    7.5000    7.5000 2746.8853   13.1607
    0.0000    7.5000    7.5000 2757.0706   13.0261
    7.5000    7.5000    7.5000 2739.6123   13.2261
   -7.5000   15.0000    7.5000 2629.5244   13.9937
    0.0000   15.0000    7.5000 2637.0298   13.8567
    7.5000   15.0000    7.5000 2619.9194   14.0440
   -7.5000   22.5000    7.5000 2496.0945   15.1699
    0.0000   22.5000    7.5000 2506.3040   15.0353
    7.5000   22.5000    7.5000 2484.3562   15.2541
   -7.5000   30.0000    7.5000 2345.0710   16.7488
    0.0000   30.0000    7.5000 2356.3413   16.6387
    7.5000   30.0000    7.5000 2332.5623   16.8802
   -7.5000   37.5000    7.5000 2178.4912   18.8023
    0.0000   37.5000    7.5000 2186.8677   18.7012
    7.5000   37.5000    7.5000 2167.8586   18.9312
   -7.5000   45.0000    7.5000 2002.1752   21.5185
    0.0000   45.0000    7.5000 2008.2924   21.3601
    7.5000   45.0000    7.5000 1986.9775   21.5961
   -7.5000  -45.0000   15.0000 2420.5049   15.8084
    0.0000  -45.0000   15.0000 2432.6599   15.6785
    7.5000  -45.0000   15.0000 2413.7559   15.8746
   -7.5000  -37.5000   15.0000 2573.0388   14.4324
    0.0000  -37.5000   15.0000 2586.7363   14.3216
    7.5000  -37.5000   15.0000 2564.2139   14.4610
   -7.5000  -30.0000   15.0000 2714.4690   13.5381
    0.0000  -30.0000   15.0000 2731.0320   13.4388
    7.5000  -30.0000   15.0000 2702.0752   13.5393
   -7.5000  -22.5000   15.0000 2826.0210   12.8335
    0.0000  -22.5000   15.0000 2849.7874   12.6965
    7.5000  -22.5000   15.0000 2808.6743   12.8621
   -7.5000  -15.0000   15.0000 2887.4341   12.3460
    0.0000  -15.0000   15.0000 2916.6196   12.1907
    7.5000  -15.0000   15.0000 2869.1165   12.4533
   -7.5000   -7.5000   15.0000 2889.0334   12.2443
    0.0000   -7.5000   15.0000 2917.2534   12.1308
    7.5000   -7.5000   15.0000 2880.4541   12.3658
   -7.5000    0.0000   15.0000 2832.2739   12.5323
    0.0000    0.0000   15.0000 2850.5020   12.4192
    7.5000    0.0000   15.0000 2828.8010   12.6084
   -7.5000    7.5000   15.0000 2741.0876   13.1262
    0.0000    7.5000   15.0000 2751.2285   13.0079
    7.5000    7.5000   15.0000 2734.9004   13.1536
   -7.5000   15.0000   15.0000 2622.0327   13.9930
    0.0000   15.0000   15.0000 2627.1809   13.8555
    7.5000   15.0000   15.0000 2612.0374   13.9853
   -7.5000   22.5000   15.0000 2486.0540   15.1515
    0.0000   22.5000   15.0000 2497.0964   15.0810
    7.5000   22.5000   15.0000 2474.9246   15.1931
   -7.5000   30.0000   15.0000 2332.5161   16.6796
    0.0000   30.0000   15.0000 2345.5662   16.6461
    7.5000   30.0000   15.0000 2323.8616   16.7737
   -7.5000   37.5000   15.0000 2165.5811   18.6766
    0.0000   37.5000   15.0000 2176.6362   18.6538
    7.5000   37.5000   15.0000 2155.8633   18.7531
   -7.5000   45.0000   15.0000 1994.3265   21.4269
    0.0000   45.0000   15.0000 1999.5750   21.3096
    7.5000   45.0000   15.0000 1979.6348   21.4288
   -7.5000  -45.0000   22.5000 2392.4104   15.9552
    0.0000  -45.0000   22.5000 2407.3608   15.8376
    7.5000  -45.0000   22.5000 2398.6980   15.9902
   -7.5000  -37.5000   22.5000 2547.1152   14.6425
    0.0000  -37.5000   22.5000 2561.5601   14.5156
    7.5000  -37.5000   22.5000 2547.5554   14.6182
   -7.5000  -30.0000   22.5000 2688.3811   13.7756
    0.0000  -30.0000   22.5000 2704.8577   13.6423
    7.5000  -30.0000   22.5000 2681.3445   13.7306
   -7.5000  -22.5000   22.5000 2801.5486   13.1458
    0.0000  -22.5000   22.5000 2822.7876   12.9859
    7.5000  -22.5000   22.5000 2785.2651   13.0926
   -7.5000  -15.0000   22.5000 2866.7070   12.7695
    0.0000  -15.0000   22.5000 2889.0298   12.6695
    7.5000  -15.0000   22.5000 2847.0029   12.7545
   -7.5000   -7.5000   22.5000 2868.6443   12.6401
    0.0000   -7.5000   22.5000 2894.0427   12.5858
    7.5000   -7.5000   22.5000 2859.5269   12.6394
   -7.5000    0.0000   22.5000 2807.0435   12.7884
    0.0000    0.0000   22.5000 2827.1084   12.7290
    7.5000    0.0000   22.5000 2807.0476   12.8085
   -7.5000    7.5000   22.5000 2711.7319   13.2752
    0.0000    7.5000   22.5000 2725.3372   13.1824
    7.5000    7.5000   22.5000 2709.5156   13.2849
   -7.5000   15.0000   22.5000 2589.9160   14.1041
    0.0000   15.0000   22.5000 2599.9006   14.0057
    7.5000   15.0000   22.5000 2582.4360   14.1025
   -7.5000   22.5000   22.5000 2456.8059   15.2848
    0.0000   22.5000   22.5000 2467.6267   15.1992
    7.5000   22.5000   22.5000 2451.4641   15.3025
   -7.5000   30.0000   22.5000 2304.7581   16.8267
    0.0000   30.0000   22.5000 2313.4111   16.7807
    7.5000   30.0000   22.5000 2300.6780   16.9111
   -7.5000   37.5000   22.5000 2137.6609   18.8510
    0.0000   37.5000   22.5000 2150.1667   18.7651
    7.5000   37.5000   22.5000 2136.5911   18.9195
   -7.5000   45.0000   22.5000 1971.0029   21.5575
    0.0000   45.0000   22.5000 1980.0149   21.4206
    7.5000   45.0000   22.5000 1967.1289   21.5634
   -7.5000  -45.0000   30.0000 2361.0415   16.6034
    0.0000  -45.0000   30.0000 2374.2693   16.3941
    7.5000  -45.0000   30.0000 2364.5464   16.5522
   -7.5000  -37.5000   30.0000 2507.1423   15.2377
    0.0000  -37.5000   30.0000 2518.6282   15.0297
    7.5000  -37.5000   30.0000 2510.9839   15.1782
   -7.5000  -30.0000   30.0000 2639.1255   14.2645
    0.0000  -30.0000   30.0000 2653.1021   14.0259
    7.5000  -30.0000   30.0000 2640.7542   14.2000
   -7.5000  -22.5000   30.0000 2744.1677   13.5892
    0.0000  -22.5000   30.0000 2763.4529   13.3857
    7.5000  -22.5000   30.0000 2737.6860   13.5804
   -7.5000  -15.0000   30.0000 2802.5942   13.2297
    0.0000  -15.0000   30.0000 2817.2002   13.1148
    7.5000  -15.0000   30.0000 2789.7458   13.2605
   -7.5000   -7.5000   30.0000 2803.9399   13.1364
    0.0000   -7.5000   30.0000 2820.0959   13.0426
    7.5000   -7.5000   30.0000 2795.6978   13.1583
   -7.5000    0.0000   30.0000 2746.3513   13.3401
    0.0000    0.0000   30.0000 2761.2334   13.2476
    7.5000    0.0000   30.0000 2742.0991   13.3562
   -7.5000    7.5000   30.0000 2660.0510   13.7952
    0.0000    7.5000   30.0000 2670.5317   13.7080
    7.5000    7.5000   30.0000 2653.3152   13.8252
   -7.5000   15.0000   30.0000 2541.7034   14.5832
    0.0000   15.0000   30.0000 2554.4668   14.4760
    7.5000   15.0000   30.0000 2530.7542   14.6188
   -7.5000   22.5000   30.0000 2409.3284   15.6949
    0.0000   22.5000   30.0000 2419.9397   15.5729
    7.5000   22.5000   30.0000 2402.6987   15.7233
   -7.5000   30.0000   30.0000 2258.9458   17.1731
    0.0000   30.0000   30.0000 2264.0542   17.0602
    7.5000   30.0000   30.0000 2252.7114   17.2118
   -7.5000   37.5000   30.0000 2100.9089   19.1350
    0.0000   37.5000   30.0000 2110.9072   19.0279
    7.5000   37.5000   30.0000 2097.3333   19.2047
   -7.5000   45.0000   30.0000 1942.0476   21.7969
    0.0000   45.0000   30.0000 1948.8849   21.6783
    7.5000   45.0000   30.0000 1939.6141   21.8627
   -7.5000  -45.0000   37.5000 2324.2954   17.4916
    0.0000  -45.0000   37.5000 2337.8389   17.1262
    7.5000  -45.0000   37.5000 2329.4260   17.3756
   -7.5000  -37.5000   37.5000 2454.6177   16.0159
    0.0000  -37.5000   37.5000 2473.5737   15.6755
    7.5000  -37.5000   37.5000 2467.0295   15.9582
   -7.5000  -30.0000   37.5000 2575.0317   14.9599
    0.0000  -30.0000   37.5000 2596.2141   14.6745
    7.5000  -30.0000   37.5000 2581.8372   14.9592
   -7.5000  -22.5000   37.5000 2669.4250   14.2776
    0.0000  -22.5000   37.5000 2687.4045   14.0497
    7.5000  -22.5000   37.5000 2666.5684   14.3148
   -7.5000  -15.0000   37.5000 2714.9165   13.9033
    0.0000  -15.0000   37.5000 2728.0623   13.7372
    7.5000  -15.0000   37.5000 2710.2776   13.9548
   -7.5000   -7.5000   37.5000 2714.5237   13.7926
    0.0000   -7.5000   37.5000 2724.0732   13.6397
    7.5000   -7.5000   37.5000 2709.6753   13.8356
   -7.5000    0.0000   37.5000 2661.3279   13.9830
    0.0000    0.0000   37.5000 2670.5527   13.8535
    7.5000    0.0000   37.5000 2660.0205   14.0248
   -7.5000    7.5000   37.5000 2581.0593   14.4761
    0.0000    7.5000   37.5000 2589.2322   14.3391
    7.5000    7.5000   37.5000 2578.2603   14.5044
   -7.5000   15.0000   37.5000 2476.4336   15.2782
    0.0000   15.0000   37.5000 2488.8096   15.1370
    7.5000   15.0000   37.5000 2468.3691   15.3096
   -7.5000   22.5000   37.5000 2348.5530   16.3887
    0.0000   22.5000   37.5000 2362.2134   16.2439
    7.5000   22.5000   37.5000 2342.5173   16.4139
   -7.5000   30.0000   37.5000 2200.7158   17.8410
    0.0000   30.0000   37.5000 2210.0674   17.7203
    7.5000   30.0000   37.5000 2191.8789   17.8954
   -7.5000   37.5000   37.5000 2054.0591   19.8082
    0.0000   37.5000   37.5000 2060.6792   19.7115
    7.5000   37.5000   37.5000 2047.2878   19.8759
   -7.5000   45.0000   37.5000 1900.3889   22.4821
    0.0000   45.0000   37.5000 1902.0579   22.3432
    7.5000   45.0000   37.5000 1895.3584   22.5119
   -7.5000  -45.0000   45.0000 2272.9175   18.6033
    0.0000  -45.0000   45.0000 2290.3245   18.1439
    7.5000  -45.0000   45.0000 2281.5010   18.4598
   -7.5000  -37.5000   45.0000 2395.4778   17.0610
    0.0000  -37.5000   45.0000 2414.8352   16.6734
    7.5000  -37.5000   45.0000 2404.7007   16.9713
   -7.5000  -30.0000   45.0000 2505.4050   15.9835
    0.0000  -30.0000   45.0000 2525.7788   15.6680
    7.5000  -30.0000   45.0000 2510.1829   15.9710
   -7.5000  -22.5000   45.0000 2583.0205   15.2524
    0.0000  -22.5000   45.0000 2597.7271   15.0028
    7.5000  -22.5000   45.0000 2583.1438   15.2599
   -7.5000  -15.0000   45.0000 2616.0061   14.8578
    0.0000  -15.0000   45.0000 2629.9482   14.6419
    7.5000  -15.0000   45.0000 2616.9956   14.8495
   -7.5000   -7.5000   45.0000 2607.5664   14.7185
    0.0000   -7.5000   45.0000 2617.1606   14.5321
    7.5000   -7.5000   45.0000 2607.2717   14.7339
   -7.5000    0.0000   45.0000 2560.9280   14.8743
    0.0000    0.0000   45.0000 2571.6550   14.6837
    7.5000    0.0000   45.0000 2560.2385   14.8778
   -7.5000    7.5000   45.0000 2489.8684   15.3418
    0.0000    7.5000   45.0000 2504.7434   15.1766
    7.5000    7.5000   45.0000 2492.4221   15.3464
   -7.5000   15.0000   45.0000 2396.1389   16.1272
    0.0000   15.0000   45.0000 2412.9990   15.9861
    7.5000   15.0000   45.0000 2394.3740   16.1411
   -7.5000   22.5000   45.0000 2279.3694   17.2553
    0.0000   22.5000   45.0000 2290.2864   17.1204
    7.5000   22.5000   45.0000 2271.8772   17.2728
   -7.5000   30.0000   45.0000 2136.0488   18.7951
    0.0000   30.0000   45.0000 2146.8711   18.6684
    7.5000   30.0000   45.0000 2131.8237   18.8473
   -7.5000   37.5000   45.0000 1995.5394   20.7625
    0.0000   37.5000   45.0000 1996.2241   20.7191
    7.5000   37.5000   45.0000 1988.3423   20.8805
   -7.5000   45.0000   45.0000 1851.1938   23.4715
    0.0000   45.0000   45.0000 1852.4091   23.3727
    7.5000   45.0000   45.0000 1843.1005   23.5582

---------------------------------------------------------------------
imgreg_4dfp /opt/freesurfer/average/711-2C_as_mni_average_305 /opt/freesurfer/average/711-2B_as_mni_average_305_mask talsrcimg_g11 none talsrcimg_to_711-2C_as_mni_average_305_t4 1283
---------------------------------------------------------------------

freesurfer imgreg_4dfp.c
/opt/freesurfer/average/711-2C_as_mni_average_305.4dfp.img
       256       256       256         1
  1.000000  1.000000  1.000000
orientation T byte_order littleendian
Reading image: /opt/freesurfer/average/711-2C_as_mni_average_305.4dfp.img
dimensions:      256       256       256
mmppix:       1.0000   -1.0000   -1.0000
center:     128.0000 -129.0000 -129.0000
/opt/freesurfer/average/711-2B_as_mni_average_305_mask.4dfp.img
       256       256       256         1
  1.000000  1.000000  1.000000
orientation T byte_order littleendian
Reading mask: /opt/freesurfer/average/711-2B_as_mni_average_305_mask.4dfp.img (2306576 pixels)
talsrcimg_g11.4dfp.img
       256       256       256         1
  1.000000  1.000000  1.000000
orientation T byte_order littleendian
Reading image: talsrcimg_g11.4dfp.img
dimensions:      256       256       256
mmppix:       1.0000   -1.0000   -1.0000
center:     128.0000 -129.0000 -129.0000
rotation matrix determinant  1.000000
fimgreg.f
image alignment mode   1283 decimal      503 hex
parameters
    0.0000   -7.5000   15.0000    0.0000    0.0000    0.0000
eta,q 0.91402 12.10100
niter,ni,del,rscale     5    3   12.0000    1.2000
parameter  2  1.510814 ->  0.500000 qaram    1.1500
parameter  4  2.223836 ->  0.500000 qaram    1.1500
parameters
    0.6911  -10.9500   14.8800   -3.4500   -2.6793   -0.7300
eta,q 0.92251 11.86946
  0.0948  0.0810  0.0853  0.0779  0.0794  0.0801
  0.0924  0.0822  0.0854  0.0782  0.0779  0.0784
  0.0895  0.0849  0.0844  0.0799  0.0777  0.0776
  0.0877  0.0869  0.0833  0.0831  0.0785  0.0776
  0.0867  0.0891  0.0839  0.0862  0.0809  0.0782
  0.0883  0.0932  0.0840  0.0888  0.0844  0.0796
  0.0936  0.0982  0.0867  0.0913  0.0882  0.0817
niter,ni,del,rscale     6    3   12.0000    1.2000
parameter  4  0.641983 ->  0.500000 qaram    1.3225
parameters
    0.3827  -10.5230   15.0813   -7.4175   -4.4955   -1.7948
eta,q 0.92388 12.09809
  0.0847  0.0913  0.0804  0.0764  0.0784  0.0783
  0.0812  0.0832  0.0799  0.0766  0.0768  0.0767
  0.0785  0.0779  0.0793  0.0770  0.0761  0.0762
  0.0775  0.0775  0.0777  0.0777  0.0768  0.0761
  0.0786  0.0793  0.0778  0.0800  0.0780  0.0768
  0.0815  0.0824  0.0785  0.0845  0.0804  0.0783
  0.0872  0.0868  0.0813  0.0885  0.0834  0.0810
niter,ni,del,rscale     6    3   12.0000    1.2000
parameters
    0.8190   -8.8207   14.4879  -10.5706   -5.0592   -2.8061
eta,q 0.92582 12.16422
  0.0863  0.0913  0.0763  0.0770  0.0793  0.0763
  0.0817  0.0845  0.0771  0.0749  0.0768  0.0747
  0.0789  0.0792  0.0766  0.0742  0.0749  0.0742
  0.0761  0.0757  0.0754  0.0757  0.0742  0.0742
  0.0758  0.0755  0.0745  0.0782  0.0753  0.0748
  0.0791  0.0773  0.0753  0.0814  0.0780  0.0762
  0.0849  0.0814  0.0801  0.0862  0.0821  0.0786
niter,ni,del,rscale     5    3   12.0000    1.2000
parameters
    1.1822   -8.1257   14.1601  -10.9918   -5.1591   -3.0415
eta,q 0.92571 12.16012
  0.0860  0.0878  0.0762  0.0799  0.0799  0.0773
  0.0811  0.0806  0.0768  0.0774  0.0776  0.0752
  0.0774  0.0751  0.0758  0.0751  0.0756  0.0743
  0.0742  0.0738  0.0740  0.0742  0.0743  0.0743
  0.0741  0.0750  0.0739  0.0754  0.0746  0.0747
  0.0781  0.0780  0.0751  0.0779  0.0771  0.0757
  0.0849  0.0825  0.0791  0.0816  0.0813  0.0777
niter,ni,del,rscale     4    3   12.0000    1.2000
parameters
    1.2908   -7.9617   14.1931  -11.0757   -5.2121   -3.1157
eta,q 0.92570 12.16460
  0.0854  0.0856  0.0764  0.0803  0.0800  0.0776
  0.0806  0.0788  0.0770  0.0776  0.0777  0.0754
  0.0770  0.0744  0.0763  0.0754  0.0756  0.0743
  0.0743  0.0742  0.0743  0.0743  0.0743  0.0743
  0.0746  0.0757  0.0738  0.0750  0.0745  0.0747
  0.0790  0.0791  0.0749  0.0774  0.0770  0.0757
  0.0860  0.0834  0.0785  0.0810  0.0812  0.0775
niter,ni,del,rscale     3    3   12.0000    1.2000
parameters
    1.3172   -7.9409   14.1788  -11.1020   -5.2345   -3.1269
eta,q 0.92568 12.16483
  0.0852  0.0850  0.0764  0.0804  0.0801  0.0777
  0.0804  0.0783  0.0771  0.0777  0.0778  0.0754
  0.0769  0.0743  0.0763  0.0754  0.0757  0.0743
  0.0743  0.0743  0.0743  0.0743  0.0743  0.0743
  0.0747  0.0758  0.0739  0.0750  0.0745  0.0747
  0.0792  0.0794  0.0750  0.0773  0.0770  0.0757
  0.0863  0.0836  0.0787  0.0809  0.0811  0.0774
registration optimization eta report
parameter search radius
    6.0000    6.9000    6.0000    7.9350    6.0000    6.0000
100000*second partial in parameter space
       31.       21.        8.       10.       17.        9.
  0.0852  0.0850  0.0764  0.0804  0.0801  0.0777
  0.0804  0.0783  0.0771  0.0777  0.0778  0.0754
  0.0769  0.0743  0.0763  0.0754  0.0757  0.0743
  0.0743  0.0743  0.0743  0.0743  0.0743  0.0743
  0.0747  0.0758  0.0739  0.0750  0.0745  0.0747
  0.0792  0.0794  0.0750  0.0773  0.0770  0.0757
  0.0863  0.0836  0.0787  0.0809  0.0811  0.0774
    1.3172   -7.9409   14.1788  -11.1020   -5.2345   -3.1269
eta,q 0.92568 12.16483

---------------------------------------------------------------------
imgreg_4dfp /opt/freesurfer/average/711-2C_as_mni_average_305 /opt/freesurfer/average/711-2B_as_mni_average_305_mask talsrcimg_g11 none talsrcimg_to_711-2C_as_mni_average_305_t4 3335
---------------------------------------------------------------------

freesurfer imgreg_4dfp.c
/opt/freesurfer/average/711-2C_as_mni_average_305.4dfp.img
       256       256       256         1
  1.000000  1.000000  1.000000
orientation T byte_order littleendian
Reading image: /opt/freesurfer/average/711-2C_as_mni_average_305.4dfp.img
dimensions:      256       256       256
mmppix:       1.0000   -1.0000   -1.0000
center:     128.0000 -129.0000 -129.0000
/opt/freesurfer/average/711-2B_as_mni_average_305_mask.4dfp.img
       256       256       256         1
  1.000000  1.000000  1.000000
orientation T byte_order littleendian
Reading mask: /opt/freesurfer/average/711-2B_as_mni_average_305_mask.4dfp.img (2306576 pixels)
talsrcimg_g11.4dfp.img
       256       256       256         1
  1.000000  1.000000  1.000000
orientation T byte_order littleendian
Reading image: talsrcimg_g11.4dfp.img
dimensions:      256       256       256
mmppix:       1.0000   -1.0000   -1.0000
center:     128.0000 -129.0000 -129.0000
fimgreg.f
image alignment mode   3335 decimal      D07 hex
parameters
    1.3172   -7.9409   14.1788   -0.5653   -1.9217   -2.2807
    3.5985    9.9896   -5.4320   18.7387   -9.1233  -19.1754
eta,q 0.92674 12.18104
niter,ni,del,rscale     5    3    5.0000    1.2000
parameter  4  2.156733 ->  0.500000 qaram    1.1500
parameter  5  4.355964 ->  0.500000 qaram    1.1500
parameter  6  1.804297 ->  0.500000 qaram    1.1500
parameter  7  0.586725 ->  0.500000 qaram    1.1500
parameter 10  0.864182 ->  0.500000 qaram    1.1500
parameters
    1.5650   -8.2314   14.3198   -4.7053   -6.0617   -6.4207
   -0.5415   10.4599   -2.2849   14.5987   -7.2924  -16.6464
eta,q 0.94479 11.58321
  0.0756  0.0744  0.0736  0.0667  0.0589  0.0569  0.0577  0.0624  0.0602  0.0552  0.0574  0.0573
  0.0744  0.0736  0.0735  0.0681  0.0620  0.0576  0.0574  0.0602  0.0589  0.0553  0.0565  0.0565
  0.0736  0.0733  0.0733  0.0703  0.0653  0.0597  0.0575  0.0583  0.0579  0.0559  0.0558  0.0559
  0.0733  0.0732  0.0732  0.0732  0.0686  0.0629  0.0580  0.0574  0.0573  0.0570  0.0555  0.0554
  0.0733  0.0736  0.0731  0.0763  0.0723  0.0662  0.0590  0.0576  0.0571  0.0588  0.0554  0.0552
  0.0738  0.0741  0.0732  0.0799  0.0765  0.0697  0.0603  0.0591  0.0571  0.0611  0.0556  0.0553
  0.0748  0.0750  0.0737  0.0836  0.0809  0.0734  0.0619  0.0616  0.0575  0.0640  0.0561  0.0558
niter,ni,del,rscale     7    3    5.0000    1.2000
parameter  3  1.084126 ->  0.500000 qaram    1.1500
parameter  4  0.700548 ->  0.500000 qaram    1.3225
parameter  5  3.871709 ->  0.500000 qaram    1.3225
parameter  6  1.130632 ->  0.500000 qaram    1.3225
parameter 10  0.671469 ->  0.500000 qaram    1.3225
parameter 12  0.572121 ->  0.500000 qaram    1.1500
parameters
    1.5593   -9.2937   12.9398   -9.4663  -10.8227  -11.1817
   -0.2363    9.8459   -2.5744    9.8377   -9.3192  -20.7864
eta,q 0.95974 10.95046
  0.0582  0.0554  0.0531  0.0517  0.0423  0.0417  0.0457  0.0460  0.0442  0.0414  0.0413  0.0406
  0.0565  0.0549  0.0533  0.0517  0.0451  0.0423  0.0441  0.0442  0.0433  0.0408  0.0409  0.0403
  0.0555  0.0549  0.0538  0.0522  0.0483  0.0439  0.0431  0.0430  0.0428  0.0412  0.0408  0.0403
  0.0552  0.0552  0.0549  0.0534  0.0518  0.0459  0.0427  0.0427  0.0426  0.0426  0.0408  0.0408
  0.0556  0.0558  0.0563  0.0559  0.0555  0.0494  0.0429  0.0433  0.0429  0.0449  0.0411  0.0415
  0.0566  0.0566  0.0580  0.0594  0.0595  0.0539  0.0438  0.0450  0.0435  0.0479  0.0416  0.0426
  0.0582  0.0577  0.0599  0.0638  0.0640  0.0579  0.0453  0.0476  0.0445  0.0515  0.0423  0.0439
niter,ni,del,rscale     7    3    5.0000    1.2000
parameter  3  0.772091 ->  0.500000 qaram    1.3225
parameter  5  1.368663 ->  0.500000 qaram    1.5209
parameters
    1.5898  -10.1496   11.3528  -10.8081  -16.2979  -14.1927
   -0.3188   10.3528   -2.1270   10.7291  -10.3815  -22.6263
eta,q 0.96645 10.59700
  0.0433  0.0410  0.0386  0.0408  0.0326  0.0362  0.0372  0.0384  0.0357  0.0398  0.0341  0.0345
  0.0417  0.0402  0.0385  0.0395  0.0335  0.0345  0.0354  0.0362  0.0347  0.0369  0.0338  0.0339
  0.0406  0.0399  0.0389  0.0387  0.0355  0.0338  0.0341  0.0346  0.0340  0.0348  0.0336  0.0336
  0.0403  0.0403  0.0399  0.0385  0.0386  0.0340  0.0338  0.0338  0.0337  0.0337  0.0336  0.0336
  0.0406  0.0412  0.0415  0.0388  0.0428  0.0356  0.0343  0.0340  0.0339  0.0339  0.0338  0.0340
  0.0416  0.0425  0.0437  0.0403  0.0473  0.0398  0.0355  0.0353  0.0344  0.0353  0.0340  0.0348
  0.0432  0.0441  0.0462  0.0436  0.0520  0.0451  0.0373  0.0374  0.0353  0.0382  0.0344  0.0360
niter,ni,del,rscale     7    3    5.0000    1.2000
parameter  5  0.506326 ->  0.500000 qaram    1.7490
parameters
    1.6024   -9.6239   10.5994   -9.4507  -22.5943  -14.4462
   -0.5265   10.5516   -1.6624   12.5019  -10.9286  -25.0920
eta,q 0.96866 10.31893
  0.0371  0.0375  0.0349  0.0368  0.0332  0.0362  0.0349  0.0358  0.0336  0.0377  0.0319  0.0321
  0.0351  0.0355  0.0338  0.0351  0.0319  0.0339  0.0332  0.0337  0.0326  0.0351  0.0316  0.0316
  0.0339  0.0342  0.0333  0.0340  0.0317  0.0324  0.0321  0.0323  0.0320  0.0330  0.0315  0.0313
  0.0335  0.0335  0.0334  0.0333  0.0332  0.0317  0.0317  0.0317  0.0317  0.0317  0.0315  0.0315
  0.0340  0.0335  0.0342  0.0331  0.0359  0.0317  0.0322  0.0322  0.0319  0.0316  0.0316  0.0320
  0.0351  0.0340  0.0355  0.0335  0.0401  0.0334  0.0335  0.0334  0.0323  0.0326  0.0318  0.0328
  0.0370  0.0350  0.0375  0.0356  0.0449  0.0376  0.0352  0.0354  0.0332  0.0347  0.0320  0.0336
niter,ni,del,rscale     7    3    5.0000    1.2000
parameters
    1.5343   -9.0078   10.2739   -8.8263  -23.6072  -14.8793
   -0.7403   10.5133   -1.4065   13.7603  -10.9881  -26.1835
eta,q 0.96890 10.29466
  0.0345  0.0354  0.0332  0.0342  0.0363  0.0356  0.0344  0.0351  0.0329  0.0365  0.0317  0.0323
  0.0327  0.0334  0.0320  0.0328  0.0340  0.0334  0.0327  0.0329  0.0320  0.0341  0.0313  0.0315
  0.0316  0.0321  0.0313  0.0318  0.0321  0.0318  0.0316  0.0316  0.0315  0.0322  0.0312  0.0311
  0.0313  0.0313  0.0312  0.0312  0.0311  0.0312  0.0313  0.0313  0.0313  0.0313  0.0311  0.0311
  0.0318  0.0312  0.0316  0.0308  0.0319  0.0313  0.0317  0.0318  0.0314  0.0313  0.0312  0.0315
  0.0329  0.0317  0.0327  0.0316  0.0346  0.0332  0.0329  0.0330  0.0319  0.0323  0.0314  0.0321
  0.0348  0.0326  0.0343  0.0341  0.0392  0.0375  0.0347  0.0351  0.0327  0.0345  0.0316  0.0329
niter,ni,del,rscale     6    3    5.0000    1.2000
parameters
    1.4838   -8.6962    9.9916   -8.8253  -24.2815  -15.2641
   -0.8603   10.4401   -1.1973   14.5519  -11.0690  -26.7194
eta,q 0.96886 10.25517
  0.0341  0.0342  0.0331  0.0338  0.0362  0.0356  0.0343  0.0349  0.0327  0.0358  0.0317  0.0324
  0.0324  0.0325  0.0319  0.0325  0.0340  0.0333  0.0326  0.0328  0.0319  0.0336  0.0313  0.0317
  0.0314  0.0315  0.0312  0.0316  0.0322  0.0318  0.0316  0.0315  0.0314  0.0320  0.0311  0.0312
  0.0311  0.0311  0.0311  0.0311  0.0311  0.0312  0.0312  0.0312  0.0312  0.0312  0.0312  0.0312
  0.0315  0.0312  0.0315  0.0308  0.0316  0.0312  0.0316  0.0317  0.0313  0.0313  0.0312  0.0314
  0.0326  0.0318  0.0325  0.0318  0.0340  0.0330  0.0328  0.0330  0.0318  0.0325  0.0314  0.0320
  0.0344  0.0328  0.0340  0.0346  0.0384  0.0373  0.0344  0.0350  0.0326  0.0347  0.0316  0.0327
niter,ni,del,rscale     5    3    5.0000    1.2000
parameters
    1.4541   -8.4369    9.7906   -8.8671  -24.8566  -15.6157
   -0.9229   10.3669   -0.9968   15.1639  -11.2246  -27.0050
eta,q 0.96880 10.21576
  0.0341  0.0339  0.0332  0.0338  0.0361  0.0355  0.0343  0.0348  0.0327  0.0355  0.0317  0.0325
  0.0324  0.0324  0.0320  0.0325  0.0339  0.0333  0.0327  0.0328  0.0319  0.0334  0.0313  0.0318
  0.0314  0.0315  0.0313  0.0317  0.0322  0.0318  0.0316  0.0316  0.0314  0.0320  0.0312  0.0313
  0.0311  0.0311  0.0311  0.0311  0.0311  0.0312  0.0313  0.0313  0.0313  0.0313  0.0312  0.0312
  0.0315  0.0313  0.0315  0.0309  0.0316  0.0312  0.0317  0.0318  0.0314  0.0314  0.0313  0.0315
  0.0325  0.0319  0.0324  0.0319  0.0338  0.0329  0.0328  0.0330  0.0318  0.0325  0.0314  0.0320
  0.0343  0.0328  0.0339  0.0346  0.0379  0.0371  0.0343  0.0349  0.0325  0.0347  0.0316  0.0327
niter,ni,del,rscale     4    3    5.0000    1.2000
parameters
    1.4317   -8.1931    9.6131   -8.9627  -25.4156  -15.9655
   -0.9712   10.2969   -0.8099   15.7263  -11.3195  -27.1633
eta,q 0.96873 10.17215
  0.0341  0.0337  0.0332  0.0337  0.0359  0.0354  0.0342  0.0348  0.0327  0.0354  0.0317  0.0326
  0.0325  0.0323  0.0321  0.0325  0.0338  0.0333  0.0327  0.0328  0.0320  0.0334  0.0314  0.0318
  0.0315  0.0315  0.0314  0.0317  0.0322  0.0319  0.0317  0.0316  0.0315  0.0320  0.0312  0.0314
  0.0312  0.0312  0.0312  0.0312  0.0312  0.0313  0.0313  0.0313  0.0313  0.0313  0.0313  0.0313
  0.0316  0.0313  0.0315  0.0309  0.0316  0.0313  0.0317  0.0318  0.0314  0.0314  0.0314  0.0315
  0.0326  0.0319  0.0324  0.0319  0.0338  0.0329  0.0327  0.0330  0.0318  0.0325  0.0315  0.0320
  0.0342  0.0328  0.0338  0.0345  0.0377  0.0370  0.0343  0.0348  0.0326  0.0347  0.0317  0.0326
niter,ni,del,rscale     3    3    5.0000    1.2000
parameters
    1.4138   -7.9446    9.4206   -9.0927  -26.0022  -16.3360
   -1.0163   10.2183   -0.6806   16.3124  -11.1589  -27.2080
eta,q 0.96868 10.12143
  0.0341  0.0337  0.0332  0.0336  0.0358  0.0353  0.0342  0.0347  0.0327  0.0353  0.0318  0.0326
  0.0325  0.0324  0.0321  0.0325  0.0337  0.0332  0.0327  0.0328  0.0320  0.0334  0.0314  0.0319
  0.0316  0.0316  0.0314  0.0317  0.0322  0.0319  0.0317  0.0317  0.0316  0.0321  0.0313  0.0314
  0.0313  0.0313  0.0313  0.0313  0.0313  0.0313  0.0314  0.0314  0.0314  0.0314  0.0313  0.0313
  0.0316  0.0314  0.0316  0.0310  0.0316  0.0314  0.0317  0.0318  0.0315  0.0315  0.0314  0.0316
  0.0326  0.0319  0.0324  0.0319  0.0337  0.0329  0.0327  0.0330  0.0319  0.0325  0.0315  0.0320
  0.0342  0.0328  0.0338  0.0345  0.0375  0.0368  0.0342  0.0348  0.0326  0.0347  0.0316  0.0326
niter,ni,del,rscale     2    3    5.0000    1.2000
parameters
    1.3983   -7.6720    9.1931   -9.2380  -26.6721  -16.7847
   -1.1124   10.1405   -0.7213   16.9684  -10.4913  -27.0982
eta,q 0.96863 10.05625
  0.0341  0.0337  0.0331  0.0335  0.0356  0.0350  0.0341  0.0346  0.0326  0.0353  0.0318  0.0326
  0.0325  0.0324  0.0321  0.0324  0.0336  0.0331  0.0326  0.0328  0.0320  0.0334  0.0315  0.0319
  0.0316  0.0316  0.0315  0.0317  0.0321  0.0318  0.0317  0.0317  0.0316  0.0321  0.0314  0.0315
  0.0313  0.0313  0.0313  0.0313  0.0313  0.0314  0.0314  0.0314  0.0314  0.0314  0.0314  0.0314
  0.0316  0.0314  0.0316  0.0311  0.0317  0.0315  0.0318  0.0319  0.0315  0.0315  0.0314  0.0316
  0.0326  0.0319  0.0324  0.0319  0.0338  0.0329  0.0328  0.0329  0.0320  0.0325  0.0314  0.0319
  0.0341  0.0327  0.0338  0.0343  0.0374  0.0366  0.0342  0.0347  0.0327  0.0346  0.0316  0.0325
niter,ni,del,rscale     1    3    5.0000    1.2000
parameters
    1.3940   -7.3643    8.9027   -9.3831  -27.4835  -17.3489
   -1.3199   10.1210   -1.0384   17.7520   -8.4494  -26.4808
eta,q 0.96867  9.95954
  0.0340  0.0337  0.0330  0.0334  0.0354  0.0347  0.0339  0.0345  0.0325  0.0353  0.0317  0.0326
  0.0325  0.0324  0.0320  0.0323  0.0334  0.0329  0.0325  0.0328  0.0319  0.0335  0.0315  0.0319
  0.0317  0.0317  0.0315  0.0316  0.0320  0.0317  0.0317  0.0317  0.0315  0.0322  0.0314  0.0315
  0.0314  0.0314  0.0314  0.0314  0.0314  0.0314  0.0314  0.0314  0.0314  0.0314  0.0314  0.0313
  0.0317  0.0314  0.0316  0.0312  0.0317  0.0316  0.0318  0.0318  0.0316  0.0314  0.0313  0.0314
  0.0326  0.0319  0.0324  0.0318  0.0338  0.0328  0.0328  0.0328  0.0320  0.0324  0.0313  0.0318
  0.0340  0.0327  0.0338  0.0341  0.0373  0.0364  0.0341  0.0345  0.0328  0.0345  0.0314  0.0322
registration optimization eta report
parameter search radius
    2.4000    2.4000    3.1740    9.5220   12.5928    9.5220
    8.2800    7.2000    7.2000    9.5220    7.2000    8.2800
100000*second partial in parameter space
       46.       32.       20.        3.        3.        5.
        4.        6.        2.        4.        0.        2.
  0.0340  0.0337  0.0330  0.0334  0.0354  0.0347  0.0339  0.0345  0.0325  0.0353  0.0317  0.0326
  0.0325  0.0324  0.0320  0.0323  0.0334  0.0329  0.0325  0.0328  0.0319  0.0335  0.0315  0.0319
  0.0317  0.0317  0.0315  0.0316  0.0320  0.0317  0.0317  0.0317  0.0315  0.0322  0.0314  0.0315
  0.0314  0.0314  0.0314  0.0314  0.0314  0.0314  0.0314  0.0314  0.0314  0.0314  0.0314  0.0313
  0.0317  0.0314  0.0316  0.0312  0.0317  0.0316  0.0318  0.0318  0.0316  0.0314  0.0313  0.0314
  0.0326  0.0319  0.0324  0.0318  0.0338  0.0328  0.0328  0.0328  0.0320  0.0324  0.0313  0.0318
  0.0340  0.0327  0.0338  0.0341  0.0373  0.0364  0.0341  0.0345  0.0328  0.0345  0.0314  0.0322
    1.3940   -7.3643    8.9027   -9.3831  -27.4835  -17.3489
   -1.3199   10.1210   -1.0384   17.7520   -8.4494  -26.4808
eta,q 0.96867  9.95954

---------------------------------------------------------------------
imgreg_4dfp /opt/freesurfer/average/711-2C_as_mni_average_305 /opt/freesurfer/average/711-2B_as_mni_average_305_mask talsrcimg_g11 none talsrcimg_to_711-2C_as_mni_average_305_t4 2311
---------------------------------------------------------------------

freesurfer imgreg_4dfp.c
/opt/freesurfer/average/711-2C_as_mni_average_305.4dfp.img
       256       256       256         1
  1.000000  1.000000  1.000000
orientation T byte_order littleendian
Reading image: /opt/freesurfer/average/711-2C_as_mni_average_305.4dfp.img
dimensions:      256       256       256
mmppix:       1.0000   -1.0000   -1.0000
center:     128.0000 -129.0000 -129.0000
/opt/freesurfer/average/711-2B_as_mni_average_305_mask.4dfp.img
       256       256       256         1
  1.000000  1.000000  1.000000
orientation T byte_order littleendian
Reading mask: /opt/freesurfer/average/711-2B_as_mni_average_305_mask.4dfp.img (2306576 pixels)
talsrcimg_g11.4dfp.img
       256       256       256         1
  1.000000  1.000000  1.000000
orientation T byte_order littleendian
Reading image: talsrcimg_g11.4dfp.img
dimensions:      256       256       256
mmppix:       1.0000   -1.0000   -1.0000
center:     128.0000 -129.0000 -129.0000
fimgreg.f
image alignment mode   2311 decimal      907 hex
parameters
    1.3940   -7.3643    8.9027   -9.3831  -27.4835  -17.3489
   -1.3199   10.1210   -1.0384   17.7520   -8.4494  -26.4808
eta,q 0.96867  9.95954
niter,ni,del,rscale     5    3    5.0000    0.8000
parameters
    1.4125   -7.0427    8.6552   -8.0242  -27.0230  -17.0823
   -1.5614   10.1189   -1.5752   18.7461   -7.5574  -27.6577
eta,q 0.96884 10.09418
  0.0325  0.0324  0.0316  0.0317  0.0320  0.0320  0.0321  0.0326  0.0317  0.0325  0.0313  0.0314
  0.0319  0.0319  0.0314  0.0315  0.0316  0.0315  0.0316  0.0318  0.0314  0.0319  0.0312  0.0312
  0.0315  0.0315  0.0313  0.0313  0.0314  0.0312  0.0313  0.0314  0.0313  0.0315  0.0312  0.0312
  0.0313  0.0313  0.0313  0.0313  0.0313  0.0312  0.0313  0.0313  0.0313  0.0313  0.0312  0.0312
  0.0314  0.0313  0.0314  0.0313  0.0312  0.0314  0.0314  0.0314  0.0314  0.0312  0.0312  0.0313
  0.0318  0.0315  0.0316  0.0313  0.0314  0.0315  0.0318  0.0318  0.0316  0.0314  0.0312  0.0315
  0.0325  0.0318  0.0320  0.0314  0.0318  0.0317  0.0323  0.0326  0.0319  0.0318  0.0312  0.0317
niter,ni,del,rscale     4    3    5.0000    0.7000
parameters
    1.3703   -7.0433    8.4736   -8.0327  -27.2410  -17.6989
   -1.6817   10.2113   -1.9704   19.1673   -6.8320  -27.3962
eta,q 0.96891 10.05086
  0.0320  0.0318  0.0314  0.0314  0.0316  0.0315  0.0318  0.0322  0.0315  0.0320  0.0312  0.0315
  0.0315  0.0314  0.0313  0.0313  0.0314  0.0312  0.0314  0.0316  0.0313  0.0316  0.0311  0.0312
  0.0312  0.0312  0.0312  0.0312  0.0312  0.0311  0.0312  0.0312  0.0311  0.0313  0.0311  0.0311
  0.0312  0.0312  0.0312  0.0312  0.0312  0.0312  0.0311  0.0311  0.0311  0.0311  0.0311  0.0311
  0.0313  0.0312  0.0312  0.0311  0.0312  0.0313  0.0312  0.0312  0.0312  0.0311  0.0311  0.0311
  0.0316  0.0314  0.0314  0.0312  0.0314  0.0314  0.0315  0.0315  0.0314  0.0313  0.0311  0.0312
  0.0321  0.0318  0.0316  0.0315  0.0318  0.0316  0.0319  0.0321  0.0317  0.0317  0.0311  0.0314
niter,ni,del,rscale     3    3    5.0000    0.6000
parameters
    1.3941   -6.9066    8.2508   -8.4254  -27.8032  -18.7139
   -1.8945   10.3599   -2.3322   19.5087   -5.5876  -26.8502
eta,q 0.96905  9.93325
  0.0318  0.0317  0.0313  0.0312  0.0313  0.0313  0.0315  0.0319  0.0313  0.0317  0.0311  0.0313
  0.0314  0.0314  0.0311  0.0311  0.0312  0.0310  0.0312  0.0314  0.0311  0.0313  0.0311  0.0311
  0.0312  0.0312  0.0311  0.0311  0.0311  0.0310  0.0310  0.0311  0.0310  0.0311  0.0310  0.0310
  0.0311  0.0311  0.0311  0.0311  0.0311  0.0311  0.0310  0.0310  0.0310  0.0310  0.0310  0.0310
  0.0312  0.0311  0.0311  0.0311  0.0311  0.0312  0.0311  0.0311  0.0310  0.0310  0.0310  0.0310
  0.0314  0.0312  0.0313  0.0312  0.0313  0.0314  0.0313  0.0313  0.0312  0.0312  0.0310  0.0310
  0.0317  0.0314  0.0315  0.0313  0.0316  0.0315  0.0316  0.0317  0.0314  0.0315  0.0310  0.0311
niter,ni,del,rscale     2    3    5.0000    0.5000
parameters
    1.4246   -6.7287    7.9858   -8.7758  -28.4317  -19.3400
   -1.9765   10.4023   -2.5827   19.8280   -5.4992  -26.7614
eta,q 0.96912  9.84980
  0.0314  0.0314  0.0310  0.0310  0.0311  0.0311  0.0313  0.0315  0.0311  0.0314  0.0310  0.0310
  0.0312  0.0312  0.0310  0.0310  0.0310  0.0310  0.0311  0.0312  0.0310  0.0312  0.0309  0.0309
  0.0310  0.0310  0.0309  0.0309  0.0309  0.0309  0.0309  0.0310  0.0309  0.0310  0.0309  0.0309
  0.0309  0.0310  0.0309  0.0309  0.0309  0.0309  0.0309  0.0309  0.0309  0.0309  0.0309  0.0309
  0.0310  0.0310  0.0310  0.0309  0.0310  0.0310  0.0309  0.0309  0.0309  0.0309  0.0309  0.0309
  0.0311  0.0310  0.0311  0.0310  0.0311  0.0312  0.0311  0.0311  0.0310  0.0310  0.0309  0.0309
  0.0314  0.0312  0.0313  0.0311  0.0313  0.0314  0.0313  0.0314  0.0312  0.0313  0.0310  0.0310
niter,ni,del,rscale     1    3    5.0000    0.4000
parameters
    1.4349   -6.5925    7.8079   -8.9060  -28.6934  -19.6996
   -1.9888   10.4108   -2.5459   19.9996   -5.7256  -26.8427
eta,q 0.96915  9.81522
  0.0312  0.0312  0.0310  0.0309  0.0310  0.0311  0.0311  0.0312  0.0310  0.0312  0.0309  0.0309
  0.0310  0.0310  0.0309  0.0309  0.0309  0.0309  0.0310  0.0310  0.0309  0.0310  0.0309  0.0309
  0.0309  0.0309  0.0309  0.0309  0.0309  0.0309  0.0309  0.0309  0.0309  0.0309  0.0309  0.0309
  0.0309  0.0309  0.0309  0.0309  0.0309  0.0309  0.0308  0.0309  0.0309  0.0309  0.0308  0.0308
  0.0309  0.0309  0.0309  0.0309  0.0309  0.0309  0.0309  0.0309  0.0309  0.0309  0.0309  0.0309
  0.0310  0.0309  0.0310  0.0309  0.0310  0.0310  0.0310  0.0310  0.0309  0.0309  0.0309  0.0309
  0.0312  0.0310  0.0311  0.0310  0.0311  0.0312  0.0311  0.0312  0.0310  0.0311  0.0309  0.0310
registration optimization eta report
parameter search radius
    0.8000    0.8000    0.8000    2.4000    2.4000    2.4000
    2.4000    2.4000    2.4000    2.4000    2.4000    2.4000
100000*second partial in parameter space
       45.       35.       22.        2.        3.        4.
        4.        7.        3.        5.        1.        2.
  0.0312  0.0312  0.0310  0.0309  0.0310  0.0311  0.0311  0.0312  0.0310  0.0312  0.0309  0.0309
  0.0310  0.0310  0.0309  0.0309  0.0309  0.0309  0.0310  0.0310  0.0309  0.0310  0.0309  0.0309
  0.0309  0.0309  0.0309  0.0309  0.0309  0.0309  0.0309  0.0309  0.0309  0.0309  0.0309  0.0309
  0.0309  0.0309  0.0309  0.0309  0.0309  0.0309  0.0308  0.0309  0.0309  0.0309  0.0308  0.0308
  0.0309  0.0309  0.0309  0.0309  0.0309  0.0309  0.0309  0.0309  0.0309  0.0309  0.0309  0.0309
  0.0310  0.0309  0.0310  0.0309  0.0310  0.0310  0.0310  0.0310  0.0309  0.0309  0.0309  0.0309
  0.0312  0.0310  0.0311  0.0310  0.0311  0.0312  0.0311  0.0312  0.0310  0.0311  0.0309  0.0310
    1.4349   -6.5925    7.8079   -8.9060  -28.6934  -19.6996
   -1.9888   10.4108   -2.5459   19.9996   -5.7256  -26.8427
eta,q 0.96915  9.81522

---------------------------------------------------------------------
imgreg_4dfp /opt/freesurfer/average/711-2C_as_mni_average_305 /opt/freesurfer/average/711-2B_as_mni_average_305_mask talsrcimg_g11 none talsrcimg_to_711-2C_as_mni_average_305_t4 2311
---------------------------------------------------------------------

freesurfer imgreg_4dfp.c
/opt/freesurfer/average/711-2C_as_mni_average_305.4dfp.img
       256       256       256         1
  1.000000  1.000000  1.000000
orientation T byte_order littleendian
Reading image: /opt/freesurfer/average/711-2C_as_mni_average_305.4dfp.img
dimensions:      256       256       256
mmppix:       1.0000   -1.0000   -1.0000
center:     128.0000 -129.0000 -129.0000
/opt/freesurfer/average/711-2B_as_mni_average_305_mask.4dfp.img
       256       256       256         1
  1.000000  1.000000  1.000000
orientation T byte_order littleendian
Reading mask: /opt/freesurfer/average/711-2B_as_mni_average_305_mask.4dfp.img (2306576 pixels)
talsrcimg_g11.4dfp.img
       256       256       256         1
  1.000000  1.000000  1.000000
orientation T byte_order littleendian
Reading image: talsrcimg_g11.4dfp.img
dimensions:      256       256       256
mmppix:       1.0000   -1.0000   -1.0000
center:     128.0000 -129.0000 -129.0000
fimgreg.f
image alignment mode   2311 decimal      907 hex
parameters
    1.4349   -6.5925    7.8079   -8.9060  -28.6934  -19.6996
   -1.9888   10.4108   -2.5459   19.9996   -5.7256  -26.8427
eta,q 0.96915  9.81522
niter,ni,del,rscale     5    3    5.0000    0.8000
parameters
    1.4298   -6.5011    7.6809   -9.1058  -28.8844  -19.5084
   -1.9712   10.4563   -2.4466   20.0659   -6.0669  -26.6612
eta,q 0.96915  9.80273
  0.0320  0.0318  0.0313  0.0313  0.0315  0.0319  0.0318  0.0324  0.0315  0.0320  0.0311  0.0313
  0.0314  0.0313  0.0311  0.0310  0.0311  0.0313  0.0313  0.0316  0.0312  0.0314  0.0310  0.0310
  0.0310  0.0310  0.0309  0.0309  0.0309  0.0309  0.0310  0.0310  0.0309  0.0310  0.0309  0.0309
  0.0308  0.0308  0.0309  0.0308  0.0308  0.0308  0.0309  0.0309  0.0309  0.0308  0.0309  0.0309
  0.0310  0.0309  0.0309  0.0309  0.0309  0.0310  0.0310  0.0310  0.0309  0.0310  0.0309  0.0309
  0.0314  0.0312  0.0312  0.0310  0.0312  0.0313  0.0313  0.0315  0.0311  0.0313  0.0310  0.0310
  0.0320  0.0316  0.0315  0.0314  0.0316  0.0316  0.0318  0.0323  0.0315  0.0320  0.0311  0.0312
niter,ni,del,rscale     4    3    5.0000    0.7000
parameters
    1.4314   -6.4937    7.7339   -9.1407  -28.8933  -19.5467
   -1.9871   10.4777   -2.4127   20.0366   -5.9795  -26.7067
eta,q 0.96915  9.79814
  0.0317  0.0315  0.0313  0.0312  0.0314  0.0316  0.0316  0.0320  0.0314  0.0317  0.0310  0.0311
  0.0312  0.0312  0.0311  0.0310  0.0311  0.0312  0.0312  0.0314  0.0311  0.0313  0.0309  0.0310
  0.0310  0.0309  0.0309  0.0309  0.0309  0.0309  0.0309  0.0310  0.0309  0.0310  0.0309  0.0309
  0.0309  0.0309  0.0309  0.0309  0.0309  0.0309  0.0309  0.0309  0.0309  0.0308  0.0309  0.0308
  0.0310  0.0309  0.0309  0.0309  0.0309  0.0310  0.0309  0.0310  0.0309  0.0309  0.0309  0.0309
  0.0312  0.0312  0.0310  0.0310  0.0311  0.0313  0.0312  0.0314  0.0311  0.0313  0.0309  0.0310
  0.0317  0.0315  0.0313  0.0312  0.0314  0.0315  0.0316  0.0320  0.0314  0.0318  0.0310  0.0311
niter,ni,del,rscale     3    3    5.0000    0.6000
parameters
    1.4367   -6.4975    7.7379   -9.1352  -28.8592  -19.6476
   -2.0063   10.4670   -2.4380   20.0485   -5.9415  -26.7581
eta,q 0.96915  9.79650
  0.0315  0.0314  0.0312  0.0311  0.0312  0.0314  0.0314  0.0317  0.0312  0.0315  0.0310  0.0311
  0.0311  0.0311  0.0310  0.0309  0.0310  0.0311  0.0311  0.0312  0.0310  0.0312  0.0309  0.0309
  0.0309  0.0309  0.0309  0.0309  0.0309  0.0309  0.0309  0.0309  0.0309  0.0309  0.0309  0.0309
  0.0308  0.0308  0.0308  0.0308  0.0308  0.0308  0.0308  0.0308  0.0308  0.0308  0.0308  0.0308
  0.0309  0.0309  0.0309  0.0309  0.0309  0.0310  0.0309  0.0310  0.0309  0.0309  0.0309  0.0309
  0.0311  0.0311  0.0310  0.0309  0.0310  0.0312  0.0311  0.0312  0.0310  0.0311  0.0309  0.0309
  0.0315  0.0313  0.0312  0.0311  0.0312  0.0314  0.0314  0.0317  0.0312  0.0315  0.0310  0.0311
niter,ni,del,rscale     2    3    5.0000    0.5000
parameters
    1.4441   -6.5028    7.7174   -9.0877  -28.8174  -19.7794
   -2.0274   10.4539   -2.4437   20.0635   -5.9365  -26.7769
eta,q 0.96916  9.79578
  0.0313  0.0312  0.0311  0.0310  0.0311  0.0312  0.0312  0.0314  0.0311  0.0313  0.0309  0.0310
  0.0310  0.0310  0.0309  0.0309  0.0310  0.0310  0.0310  0.0311  0.0309  0.0311  0.0309  0.0309
  0.0309  0.0309  0.0309  0.0309  0.0309  0.0309  0.0309  0.0309  0.0309  0.0309  0.0309  0.0309
  0.0308  0.0308  0.0308  0.0308  0.0308  0.0308  0.0308  0.0308  0.0308  0.0308  0.0308  0.0308
  0.0309  0.0309  0.0309  0.0309  0.0309  0.0309  0.0309  0.0309  0.0309  0.0309  0.0309  0.0309
  0.0310  0.0310  0.0309  0.0309  0.0309  0.0311  0.0310  0.0311  0.0309  0.0310  0.0309  0.0309
  0.0313  0.0312  0.0311  0.0310  0.0311  0.0313  0.0312  0.0314  0.0311  0.0313  0.0309  0.0310
niter,ni,del,rscale     1    3    5.0000    0.4000
parameters
    1.4475   -6.5013    7.6863   -9.1176  -28.8475  -19.9093
   -2.0518   10.4370   -2.4517   20.1015   -5.9869  -26.8811
eta,q 0.96916  9.78922
  0.0311  0.0311  0.0310  0.0309  0.0310  0.0311  0.0311  0.0312  0.0310  0.0311  0.0309  0.0309
  0.0310  0.0309  0.0309  0.0309  0.0309  0.0309  0.0310  0.0310  0.0309  0.0310  0.0309  0.0309
  0.0309  0.0309  0.0309  0.0309  0.0309  0.0309  0.0309  0.0309  0.0309  0.0309  0.0308  0.0308
  0.0308  0.0308  0.0308  0.0308  0.0308  0.0308  0.0308  0.0308  0.0308  0.0308  0.0308  0.0308
  0.0309  0.0309  0.0309  0.0309  0.0309  0.0309  0.0309  0.0309  0.0309  0.0309  0.0308  0.0309
  0.0310  0.0309  0.0309  0.0309  0.0309  0.0310  0.0310  0.0310  0.0309  0.0310  0.0309  0.0309
  0.0311  0.0311  0.0310  0.0309  0.0310  0.0311  0.0311  0.0312  0.0310  0.0311  0.0309  0.0309
registration optimization eta report
parameter search radius
    0.8000    0.8000    0.8000    2.4000    2.4000    2.4000
    2.4000    2.4000    2.4000    2.4000    2.4000    2.4000
100000*second partial in parameter space
       45.       34.       22.        2.        3.        5.
        4.        7.        3.        5.        1.        2.
  0.0311  0.0311  0.0310  0.0309  0.0310  0.0311  0.0311  0.0312  0.0310  0.0311  0.0309  0.0309
  0.0310  0.0309  0.0309  0.0309  0.0309  0.0309  0.0310  0.0310  0.0309  0.0310  0.0309  0.0309
  0.0309  0.0309  0.0309  0.0309  0.0309  0.0309  0.0309  0.0309  0.0309  0.0309  0.0308  0.0308
  0.0308  0.0308  0.0308  0.0308  0.0308  0.0308  0.0308  0.0308  0.0308  0.0308  0.0308  0.0308
  0.0309  0.0309  0.0309  0.0309  0.0309  0.0309  0.0309  0.0309  0.0309  0.0309  0.0308  0.0309
  0.0310  0.0309  0.0309  0.0309  0.0309  0.0310  0.0310  0.0310  0.0309  0.0310  0.0309  0.0309
  0.0311  0.0311  0.0310  0.0309  0.0310  0.0311  0.0311  0.0312  0.0310  0.0311  0.0309  0.0309
    1.4475   -6.5013    7.6863   -9.1176  -28.8475  -19.9093
   -2.0518   10.4370   -2.4517   20.1015   -5.9869  -26.8811
eta,q 0.96916  9.78922

---------------------------------------------------------------------
compute_vox2vox talsrcimg talsrcimg_to_711-2C_as_mni_average_305_t4 /opt/freesurfer/average/711-2C_as_mni_average_305
---------------------------------------------------------------------

freesurfer compute_vox2vox.c
Reading: talsrcimg.4dfp.ifh
Reading: talsrcimg_to_711-2C_as_mni_average_305_t4
Reading: /opt/freesurfer/average/711-2C_as_mni_average_305.4dfp.ifh
Writing: talsrcimg_to_711-2C_as_mni_average_305_t4_vox2vox.txt

start time Thu Mar 12 06:05:52 CET 2026
end		time Thu Mar 12 06:07:20 CET 2026

mpr2mni305 success

avi2talxfm orig_nu.mgz /opt/freesurfer/average/mni305.cor.mgz talsrcimg_to_711-2C_as_mni_average_305_t4_vox2vox.txt transforms/talairach.auto.xfm
avi2talxfm done
mv -f /out/sourcedata/freesurfer/sub-v1s10x0051073_ses-1/mri/talsrcimg_to_711-2C_as_mni_average_305_t4_vox2vox.txt /out/sourcedata/freesurfer/sub-v1s10x0051073_ses-1/mri/transforms/talsrcimg_to_711-2C_as_mni_average_305_t4_vox2vox.txt
lta_convert --src orig_nu.mgz --trg /opt/freesurfer/average/mni305.cor.mgz --inxfm transforms/talairach.auto.xfm --outlta transforms/talairach.auto.xfm.lta --subject fsaverage
7.3.2

--src: orig_nu.mgz src image (geometry).
--trg: /opt/freesurfer/average/mni305.cor.mgz trg image (geometry).
--inmni: transforms/talairach.auto.xfm input MNI/XFM transform.
--outlta: transforms/talairach.auto.xfm.lta output LTA.
--s: fsaverage subject name
 LTA read, type : 1
 1.09075  -0.13704  -0.02032  -1.13966;
 0.08600   1.12964   0.42925   1.94996;
 0.01329  -0.32386   1.28346   32.25844;
 0.00000   0.00000   0.00000   1.00000;
setting subject to fsaverage
Writing  LTA to file transforms/talairach.auto.xfm.lta...
lta_convert successful.
 
 
Started at Thu Mar 12 06:05:52 CET 2026
Ended   at Thu Mar 12 06:07:21 CET 2026
talairach_avi done
