/out/sourcedata/freesurfer/sub-v1s10x0051112_ses-1/mri
/opt/freesurfer/bin/talairach_avi
--i orig_nu.mgz --xfm transforms/talairach.auto.xfm
talairach_avi 7.3.2
Linux dna034 5.14.0-427.37.1.el9_4.x86_64 #1 SMP PREEMPT_DYNAMIC Fri Sep 13 12:41:50 EDT 2024 x86_64 x86_64 x86_64 GNU/Linux
Thu Mar 12 07:51:18 CET 2026
mri_convert orig_nu.mgz talsrcimg.img 
reading from orig_nu.mgz...
TR=0.00, TE=0.00, TI=0.00, flip angle=0.00
i_ras = (-1, 0, 0)
j_ras = (0, 0, -1)
k_ras = (0, 1, 0)
writing to talsrcimg.img...
Analyze Output Matrix
-1.00000   0.00000   0.00000   129.66513;
 0.00000   0.00000   1.00000  -128.00000;
 0.00000  -1.00000   0.00000   130.00000;
 0.00000   0.00000   0.00000   1.00000;
--------------------
INFO: set hdr.hist.orient to -1
mpr2mni305 talsrcimg
Thu Mar 12 07:51:19 CET 2026
/opt/freesurfer/bin/mpr2mni305 talsrcimg
mpr2mni305 7.3.2
target=711-2C_as_mni_average_305

---------------------------------------------------------------------
analyzeto4dfp talsrcimg -O0 -y
---------------------------------------------------------------------

freesurfer ifh2hdr.c
Thu Mar 12 07:51:19 2026
Writing: talsrcimg.4dfp.hdr
freesurfer analyzeto4dfp.c
Reading: talsrcimg.hdr
header size 348 bytes
hdr.dime.datatype	offset=70	value=2
hdr.dime.bitpix		offset=72	value=8
hdr.hist.orient		offset=252	value=-1
dimensionality     4
dimensions       256       256       256         1
Reading: talsrcimg.img
Writing: talsrcimg.4dfp.img
Writing: talsrcimg.4dfp.ifh
ifh2hdr talsrcimg -r0to212
ori=2

---------------------------------------------------------------------
gauss_4dfp talsrcimg 1.1
---------------------------------------------------------------------

freesurfer gauss_4dfp.c
Reading: talsrcimg.4dfp.img
Writing: talsrcimg_g11.4dfp.img
image dimensions 256 256 256 padded to 288 288 288
processing volume 1freesurfer ifh2hdr.c
Thu Mar 12 07:51:20 2026
Writing: talsrcimg_g11.4dfp.hdr

Writing: talsrcimg_g11.4dfp.ifh
including: talsrcimg.4dfp.img.rec in talsrcimg_g11.4dfp.img.rec

---------------------------------------------------------------------
imgreg_4dfp /opt/freesurfer/average/711-2C_as_mni_average_305 none talsrcimg_g11 none talsrcimg_to_711-2C_as_mni_average_305_t4 4355
---------------------------------------------------------------------

freesurfer imgreg_4dfp.c
/opt/freesurfer/average/711-2C_as_mni_average_305.4dfp.img
       256       256       256         1
  1.000000  1.000000  1.000000
orientation T byte_order littleendian
Reading image: /opt/freesurfer/average/711-2C_as_mni_average_305.4dfp.img
dimensions:      256       256       256
mmppix:       1.0000   -1.0000   -1.0000
center:     128.0000 -129.0000 -129.0000
talsrcimg_g11.4dfp.img
       256       256       256         1
  1.000000  1.000000  1.000000
orientation T byte_order littleendian
Reading image: talsrcimg_g11.4dfp.img
dimensions:      256       256       256
mmppix:       1.0000   -1.0000   -1.0000
center:     128.0000 -129.0000 -129.0000
t4_read: open error in t4_sub.f l:  41 t4_file(1:l)talsrcimg_to_711-2C_as_mni_average_305_t4 
t4_read: transform initialized to I4
rotation matrix determinant  1.000000
image alignment mode   4355 decimal     1103 hex
   -7.5000  -45.0000  -45.0000 8994.6396   15.2697
    0.0000  -45.0000  -45.0000 9397.9736   15.2804
    7.5000  -45.0000  -45.0000 8913.8613   15.2980
   -7.5000  -37.5000  -45.0000 9261.9521   15.2610
    0.0000  -37.5000  -45.0000 9689.3574   15.2687
    7.5000  -37.5000  -45.0000 9168.6953   15.2788
   -7.5000  -30.0000  -45.0000 9893.6133   15.2424
    0.0000  -30.0000  -45.000010323.8594   15.2495
    7.5000  -30.0000  -45.0000 9778.9365   15.2568
   -7.5000  -22.5000  -45.000010400.5791   15.2310
    0.0000  -22.5000  -45.000010853.0586   15.2423
    7.5000  -22.5000  -45.000010291.6953   15.2563
   -7.5000  -15.0000  -45.000010867.6533   15.2372
    0.0000  -15.0000  -45.000011350.2207   15.2524
    7.5000  -15.0000  -45.000010758.5576   15.2742
   -7.5000   -7.5000  -45.000011282.7666   15.2571
    0.0000   -7.5000  -45.000011765.8398   15.2712
    7.5000   -7.5000  -45.000011151.4893   15.2939
   -7.5000    0.0000  -45.000011550.5518   15.2697
    0.0000    0.0000  -45.000012057.1426   15.2804
    7.5000    0.0000  -45.000011410.7998   15.2980
   -7.5000    7.5000  -45.000010864.4775   15.2610
    0.0000    7.5000  -45.000011344.8066   15.2687
    7.5000    7.5000  -45.000010708.6738   15.2788
   -7.5000   15.0000  -45.000010101.2119   15.2424
    0.0000   15.0000  -45.000010544.5811   15.2495
    7.5000   15.0000  -45.0000 9927.0703   15.2568
   -7.5000   22.5000  -45.0000 9288.9678   15.2290
    0.0000   22.5000  -45.0000 9699.4219   15.2403
    7.5000   22.5000  -45.0000 9151.0137   15.2543
   -7.5000   30.0000  -45.0000 8385.1621   15.0460
    0.0000   30.0000  -45.0000 8746.6650   15.0610
    7.5000   30.0000  -45.0000 8234.1963   15.0825
   -7.5000   37.5000  -45.0000 7685.3481   15.1107
    0.0000   37.5000  -45.0000 8043.0107   15.1247
    7.5000   37.5000  -45.0000 7582.1025   15.1473
   -7.5000   45.0000  -45.0000 6722.5361   14.8648
    0.0000   45.0000  -45.0000 7035.5132   14.8749
    7.5000   45.0000  -45.0000 6646.3145   14.8911
   -7.5000  -45.0000  -37.5000 9567.9570   15.1555
    0.0000  -45.0000  -37.5000 9982.0195   15.1643
    7.5000  -45.0000  -37.5000 9471.8477   15.1858
   -7.5000  -37.5000  -37.5000 9836.9893   15.1531
    0.0000  -37.5000  -37.500010263.7285   15.1593
    7.5000  -37.5000  -37.5000 9729.0654   15.1741
   -7.5000  -30.0000  -37.500010480.1709   15.1382
    0.0000  -30.0000  -37.500010907.7168   15.1426
    7.5000  -30.0000  -37.500010350.9473   15.1527
   -7.5000  -22.5000  -37.500011008.6670   15.1241
    0.0000  -22.5000  -37.500011474.0107   15.1311
    7.5000  -22.5000  -37.500010877.0098   15.1460
   -7.5000  -15.0000  -37.500011501.4492   15.1238
    0.0000  -15.0000  -37.500011984.4307   15.1344
    7.5000  -15.0000  -37.500011352.3838   15.1566
   -7.5000   -7.5000  -37.500011911.0195   15.1405
    0.0000   -7.5000  -37.500012417.8291   15.1507
    7.5000   -7.5000  -37.500011754.0078   15.1751
   -7.5000    0.0000  -37.500012168.8145   15.1555
    0.0000    0.0000  -37.500012683.3721   15.1643
    7.5000    0.0000  -37.500012015.8145   15.1858
   -7.5000    7.5000  -37.500011407.5049   15.1531
    0.0000    7.5000  -37.500011908.1953   15.1593
    7.5000    7.5000  -37.500011260.9404   15.1741
   -7.5000   15.0000  -37.500010603.8232   15.1382
    0.0000   15.0000  -37.500011055.9082   15.1426
    7.5000   15.0000  -37.500010422.7695   15.1527
   -7.5000   22.5000  -37.5000 9729.5547   15.1221
    0.0000   22.5000  -37.500010134.3164   15.1291
    7.5000   22.5000  -37.5000 9570.4678   15.1440
   -7.5000   30.0000  -37.5000 8728.3779   14.9342
    0.0000   30.0000  -37.5000 9120.8643   14.9446
    7.5000   30.0000  -37.5000 8599.1523   14.9665
   -7.5000   37.5000  -37.5000 8020.1353   14.9952
    0.0000   37.5000  -37.5000 8391.8193   15.0055
    7.5000   37.5000  -37.5000 7921.9355   15.0297
   -7.5000   45.0000  -37.5000 7015.2744   14.7526
    0.0000   45.0000  -37.5000 7348.3599   14.7607
    7.5000   45.0000  -37.5000 6946.2930   14.7811
   -7.5000  -45.0000  -30.000010343.6074   15.7816
    0.0000  -45.0000  -30.000010792.0469   15.7914
    7.5000  -45.0000  -30.000010243.9629   15.8139
   -7.5000  -37.5000  -30.000010644.8564   15.7845
    0.0000  -37.5000  -30.000011075.2471   15.7901
    7.5000  -37.5000  -30.000010509.3711   15.8074
   -7.5000  -30.0000  -30.000011297.2266   15.7725
    0.0000  -30.0000  -30.000011724.8125   15.7751
    7.5000  -30.0000  -30.000011133.0732   15.7878
   -7.5000  -22.5000  -30.000011873.3506   15.7540
    0.0000  -22.5000  -30.000012342.8750   15.7608
    7.5000  -22.5000  -30.000011716.8486   15.7772
   -7.5000  -15.0000  -30.000012379.2217   15.7468
    0.0000  -15.0000  -30.000012862.5752   15.7594
    7.5000  -15.0000  -30.000012213.4043   15.7825
   -7.5000   -7.5000  -30.000012795.3877   15.7622
    0.0000   -7.5000  -30.000013308.3262   15.7749
    7.5000   -7.5000  -30.000012612.6143   15.7994
   -7.5000    0.0000  -30.000013042.1895   15.7816
    0.0000    0.0000  -30.000013567.5469   15.7914
    7.5000    0.0000  -30.000012868.8535   15.8139
   -7.5000    7.5000  -30.000012196.4658   15.7845
    0.0000    7.5000  -30.000012704.7812   15.7901
    7.5000    7.5000  -30.000012045.3877   15.8074
   -7.5000   15.0000  -30.000011297.7783   15.7725
    0.0000   15.0000  -30.000011776.9082   15.7751
    7.5000   15.0000  -30.000011130.9863   15.7878
   -7.5000   22.5000  -30.000010344.3496   15.7503
    0.0000   22.5000  -30.000010783.8994   15.7571
    7.5000   22.5000  -30.000010176.4355   15.7735
   -7.5000   30.0000  -30.0000 9278.8857   15.5509
    0.0000   30.0000  -30.0000 9657.4316   15.5633
    7.5000   30.0000  -30.0000 9135.1357   15.5861
   -7.5000   37.5000  -30.0000 8493.8555   15.6127
    0.0000   37.5000  -30.0000 8854.1562   15.6253
    7.5000   37.5000  -30.0000 8395.8877   15.6497
   -7.5000   45.0000  -30.0000 7444.2612   15.3744
    0.0000   45.0000  -30.0000 7763.3857   15.3832
    7.5000   45.0000  -30.0000 7361.2163   15.4046
   -7.5000  -45.0000  -22.500011118.1416   16.3166
    0.0000  -45.0000  -22.500011608.3877   16.3295
    7.5000  -45.0000  -22.500011009.4590   16.3480
   -7.5000  -37.5000  -22.500011427.6719   16.3197
    0.0000  -37.5000  -22.500011879.7930   16.3264
    7.5000  -37.5000  -22.500011291.5000   16.3405
   -7.5000  -30.0000  -22.500012117.0088   16.3080
    0.0000  -30.0000  -22.500012597.7148   16.3120
    7.5000  -30.0000  -22.500011943.1113   16.3239
   -7.5000  -22.5000  -22.500012751.3174   16.2885
    0.0000  -22.5000  -22.500013243.4414   16.2996
    7.5000  -22.5000  -22.500012576.9854   16.3163
   -7.5000  -15.0000  -22.500013251.6699   16.2798
    0.0000  -15.0000  -22.500013772.7715   16.2994
    7.5000  -15.0000  -22.500013072.2666   16.3226
   -7.5000   -7.5000  -22.500013664.7559   16.2962
    0.0000   -7.5000  -22.500014195.9268   16.3150
    7.5000   -7.5000  -22.500013462.8672   16.3375
   -7.5000    0.0000  -22.500013906.8584   16.3166
    0.0000    0.0000  -22.500014439.0420   16.3295
    7.5000    0.0000  -22.500013721.3867   16.3480
   -7.5000    7.5000  -22.500012984.9229   16.3197
    0.0000    7.5000  -22.500013514.4346   16.3264
    7.5000    7.5000  -22.500012820.9590   16.3405
   -7.5000   15.0000  -22.500012001.9385   16.3080
    0.0000   15.0000  -22.500012513.4238   16.3120
    7.5000   15.0000  -22.500011847.7705   16.3239
   -7.5000   22.5000  -22.500010977.9170   16.2836
    0.0000   22.5000  -22.500011432.2178   16.2947
    7.5000   22.5000  -22.500010801.4102   16.3114
   -7.5000   30.0000  -22.5000 9824.0879   16.0793
    0.0000   30.0000  -22.500010235.7588   16.0988
    7.5000   30.0000  -22.5000 9671.9004   16.1217
   -7.5000   37.5000  -22.5000 8986.4053   16.1435
    0.0000   37.5000  -22.5000 9360.3135   16.1622
    7.5000   37.5000  -22.5000 8880.5703   16.1847
   -7.5000   45.0000  -22.5000 7858.2690   15.9083
    0.0000   45.0000  -22.5000 8194.4297   15.9201
    7.5000   45.0000  -22.5000 7767.3940   15.9370
   -7.5000  -45.0000  -15.000011894.0469   16.6938
    0.0000  -45.0000  -15.000012440.9131   16.7089
    7.5000  -45.0000  -15.000011793.8906   16.7222
   -7.5000  -37.5000  -15.000012217.6084   16.6916
    0.0000  -37.5000  -15.000012742.6240   16.6998
    7.5000  -37.5000  -15.000012073.3027   16.7077
   -7.5000  -30.0000  -15.000012953.0088   16.6767
    0.0000  -30.0000  -15.000013516.6426   16.6835
    7.5000  -30.0000  -15.000012759.7139   16.6912
   -7.5000  -22.5000  -15.000013624.4648   16.6595
    0.0000  -22.5000  -15.000014200.1455   16.6751
    7.5000  -22.5000  -15.000013421.7812   16.6905
   -7.5000  -15.0000  -15.000014137.8750   16.6561
    0.0000  -15.0000  -15.000014709.2490   16.6809
    7.5000  -15.0000  -15.000013931.0029   16.7036
   -7.5000   -7.5000  -15.000014503.2578   16.6754
    0.0000   -7.5000  -15.000015074.7100   16.6986
    7.5000   -7.5000  -15.000014306.3760   16.7188
   -7.5000    0.0000  -15.000014737.7432   16.6938
    0.0000    0.0000  -15.000015326.9814   16.7089
    7.5000    0.0000  -15.000014554.5820   16.7222
   -7.5000    7.5000  -15.000013784.5801   16.6916
    0.0000    7.5000  -15.000014347.3008   16.6998
    7.5000    7.5000  -15.000013613.0693   16.7077
   -7.5000   15.0000  -15.000012730.8496   16.6767
    0.0000   15.0000  -15.000013268.7080   16.6835
    7.5000   15.0000  -15.000012571.5010   16.6912
   -7.5000   22.5000  -15.000011623.2725   16.6537
    0.0000   22.5000  -15.000012108.5244   16.6692
    7.5000   22.5000  -15.000011449.8750   16.6846
   -7.5000   30.0000  -15.000010387.0361   16.4531
    0.0000   30.0000  -15.000010855.7969   16.4778
    7.5000   30.0000  -15.000010253.8555   16.5001
   -7.5000   37.5000  -15.0000 9514.7656   16.5210
    0.0000   37.5000  -15.0000 9924.7021   16.5442
    7.5000   37.5000  -15.0000 9372.8867   16.5644
   -7.5000   45.0000  -15.0000 8293.9873   16.2861
    0.0000   45.0000  -15.0000 8672.6016   16.3001
    7.5000   45.0000  -15.0000 8203.1436   16.3114
   -7.5000  -45.0000   -7.500012729.5303   16.8816
    0.0000  -45.0000   -7.500013353.0879   16.8958
    7.5000  -45.0000   -7.500012611.7578   16.9093
   -7.5000  -37.5000   -7.500013031.9854   16.8742
    0.0000  -37.5000   -7.500013643.2773   16.8827
    7.5000  -37.5000   -7.500012856.9873   16.8889
   -7.5000  -30.0000   -7.500013801.6689   16.8558
    0.0000  -30.0000   -7.500014441.8711   16.8640
    7.5000  -30.0000   -7.500013598.5879   16.8697
   -7.5000  -22.5000   -7.500014490.6865   16.8419
    0.0000  -22.5000   -7.500015141.8027   16.8577
    7.5000  -22.5000   -7.500014281.2900   16.8723
   -7.5000  -15.0000   -7.500014998.6670   16.8452
    0.0000  -15.0000   -7.500015666.9346   16.8683
    7.5000  -15.0000   -7.500014801.9023   16.8911
   -7.5000   -7.5000   -7.500015372.1504   16.8664
    0.0000   -7.5000   -7.500016037.9551   16.8876
    7.5000   -7.5000   -7.500015176.3408   16.9089
   -7.5000    0.0000   -7.500015609.4502   16.8816
    0.0000    0.0000   -7.500016292.0400   16.8958
    7.5000    0.0000   -7.500015416.4131   16.9093
   -7.5000    7.5000   -7.500014643.8428   16.8742
    0.0000    7.5000   -7.500015290.0791   16.8827
    7.5000    7.5000   -7.500014451.6670   16.8889
   -7.5000   15.0000   -7.500013548.2891   16.8558
    0.0000   15.0000   -7.500014151.3408   16.8640
    7.5000   15.0000   -7.500013349.3340   16.8697
   -7.5000   22.5000   -7.500012360.2646   16.8343
    0.0000   22.5000   -7.500012895.8447   16.8500
    7.5000   22.5000   -7.500012143.3311   16.8646
   -7.5000   30.0000   -7.500011043.2646   16.6396
    0.0000   30.0000   -7.500011540.1475   16.6625
    7.5000   30.0000   -7.500010864.7822   16.6849
   -7.5000   37.5000   -7.500010064.6426   16.7098
    0.0000   37.5000   -7.500010518.9043   16.7310
    7.5000   37.5000   -7.5000 9906.1885   16.7522
   -7.5000   45.0000   -7.5000 8738.3809   16.4711
    0.0000   45.0000   -7.5000 9151.9883   16.4844
    7.5000   45.0000   -7.5000 8623.7168   16.4961
   -7.5000  -45.0000    0.000013559.2588   16.9220
    0.0000  -45.0000    0.000014262.6318   16.9334
    7.5000  -45.0000    0.000013319.4492   16.9526
   -7.5000  -37.5000    0.000013894.3193   16.9138
    0.0000  -37.5000    0.000014580.5889   16.9218
    7.5000  -37.5000    0.000013622.3457   16.9326
   -7.5000  -30.0000    0.000014641.5117   16.8942
    0.0000  -30.0000    0.000015319.4307   16.9017
    7.5000  -30.0000    0.000014373.6738   16.9094
   -7.5000  -22.5000    0.000015341.9443   16.8812
    0.0000  -22.5000    0.000016033.0693   16.8933
    7.5000  -22.5000    0.000015066.1641   16.9086
   -7.5000  -15.0000    0.000015885.0420   16.8868
    0.0000  -15.0000    0.000016600.8945   16.9033
    7.5000  -15.0000    0.000015623.5254   16.9272
   -7.5000   -7.5000    0.000016272.1338   16.9079
    0.0000   -7.5000    0.000017012.0332   16.9231
    7.5000   -7.5000    0.000016008.9805   16.9480
   -7.5000    0.0000    0.000016524.4102   16.9220
    0.0000    0.0000    0.000017277.7285   16.9334
    7.5000    0.0000    0.000016253.4580   16.9526
   -7.5000    7.5000    0.000015553.2852   16.9138
    0.0000    7.5000    0.000016259.4707   16.9218
    7.5000    7.5000    0.000015261.5098   16.9326
   -7.5000   15.0000    0.000014406.7158   16.8942
    0.0000   15.0000    0.000015048.1777   16.9017
    7.5000   15.0000    0.000014106.2158   16.9094
   -7.5000   22.5000    0.000013123.8613   16.8735
    0.0000   22.5000    0.000013672.3350   16.8857
    7.5000   22.5000    0.000012810.3730   16.9009
   -7.5000   30.0000    0.000011692.5635   16.6813
    0.0000   30.0000    0.000012177.8086   16.6975
    7.5000   30.0000    0.000011424.1250   16.7211
   -7.5000   37.5000    0.000010588.4473   16.7515
    0.0000   37.5000    0.000011037.9580   16.7667
    7.5000   37.5000    0.000010370.5859   16.7915
   -7.5000   45.0000    0.0000 9136.8613   16.5101
    0.0000   45.0000    0.0000 9530.2529   16.5208
    7.5000   45.0000    0.0000 8979.3760   16.5387
   -7.5000  -45.0000    7.500013461.3975   16.9371
    0.0000  -45.0000    7.500014178.3525   16.9468
    7.5000  -45.0000    7.500013115.7598   16.9708
   -7.5000  -37.5000    7.500013895.0615   16.9339
    0.0000  -37.5000    7.500014595.6445   16.9407
    7.5000  -37.5000    7.500013469.5381   16.9572
   -7.5000  -30.0000    7.500014537.0967   16.9167
    0.0000  -30.0000    7.500015175.0000   16.9214
    7.5000  -30.0000    7.500014142.3760   16.9327
   -7.5000  -22.5000    7.500015106.2373   16.9007
    0.0000  -22.5000    7.500015729.9590   16.9085
    7.5000  -22.5000    7.500014737.2021   16.9250
   -7.5000  -15.0000    7.500015665.5391   16.9009
    0.0000  -15.0000    7.500016287.4492   16.9126
    7.5000  -15.0000    7.500015260.2480   16.9374
   -7.5000   -7.5000    7.500016064.0225   16.9201
    0.0000   -7.5000    7.500016708.5625   16.9315
    7.5000   -7.5000    7.500015633.3164   16.9587
   -7.5000    0.0000    7.500016304.0781   16.9371
    0.0000    0.0000    7.500016948.2402   16.9468
    7.5000    0.0000    7.500015846.6514   16.9708
   -7.5000    7.5000    7.500015293.7773   16.9339
    0.0000    7.5000    7.500015877.4434   16.9407
    7.5000    7.5000    7.500014829.2861   16.9572
   -7.5000   15.0000    7.500014132.0615   16.9167
    0.0000   15.0000    7.500014657.7598   16.9214
    7.5000   15.0000    7.500013709.3623   16.9327
   -7.5000   22.5000    7.500012856.6309   16.8931
    0.0000   22.5000    7.500013308.1475   16.9008
    7.5000   22.5000    7.500012444.2637   16.9173
   -7.5000   30.0000    7.500011430.8027   16.6955
    0.0000   30.0000    7.500011854.6250   16.7071
    7.5000   30.0000    7.500011063.7715   16.7315
   -7.5000   37.5000    7.500010335.1123   16.7642
    0.0000   37.5000    7.500010726.9531   16.7756
    7.5000   37.5000    7.500010048.2305   16.8027
   -7.5000   45.0000    7.5000 8885.8477   16.5254
    0.0000   45.0000    7.5000 9241.3604   16.5343
    7.5000   45.0000    7.5000 8694.7158   16.5573
   -7.5000  -45.0000   15.000013079.6475   16.9474
    0.0000  -45.0000   15.000013751.8984   16.9581
    7.5000  -45.0000   15.000012578.6641   16.9823
   -7.5000  -37.5000   15.000013517.0449   16.9505
    0.0000  -37.5000   15.000014095.6104   16.9566
    7.5000  -37.5000   15.000012906.3750   16.9752
   -7.5000  -30.0000   15.000014209.2900   16.9375
    0.0000  -30.0000   15.000014690.8975   16.9403
    7.5000  -30.0000   15.000013559.4238   16.9540
   -7.5000  -22.5000   15.000014799.4902   16.9177
    0.0000  -22.5000   15.000015239.7012   16.9250
    7.5000  -22.5000   15.000014128.6279   16.9428
   -7.5000  -15.0000   15.000015329.1475   16.9101
    0.0000  -15.0000   15.000015774.5273   16.9236
    7.5000  -15.0000   15.000014633.8457   16.9485
   -7.5000   -7.5000   15.000015636.9629   16.9267
    0.0000   -7.5000   15.000016115.1240   16.9404
    7.5000   -7.5000   15.000014990.7402   16.9669
   -7.5000    0.0000   15.000015800.1387   16.9474
    0.0000    0.0000   15.000016318.8564   16.9581
    7.5000    0.0000   15.000015194.9854   16.9823
   -7.5000    7.5000   15.000014739.7656   16.9505
    0.0000    7.5000   15.000015260.3428   16.9566
    7.5000    7.5000   15.000014237.9785   16.9752
   -7.5000   15.0000   15.000013579.0723   16.9375
    0.0000   15.0000   15.000014102.7881   16.9403
    7.5000   15.0000   15.000013185.3115   16.9540
   -7.5000   22.5000   15.000012330.0156   16.9100
    0.0000   22.5000   15.000012793.9951   16.9173
    7.5000   22.5000   15.000011978.3818   16.9350
   -7.5000   30.0000   15.000010968.8545   16.7046
    0.0000   30.0000   15.000011357.3281   16.7180
    7.5000   30.0000   15.000010634.7393   16.7426
   -7.5000   37.5000   15.0000 9924.0059   16.7711
    0.0000   37.5000   15.000010289.7744   16.7847
    7.5000   37.5000   15.0000 9624.6650   16.8110
   -7.5000   45.0000   15.0000 8537.2432   16.5370
    0.0000   45.0000   15.0000 8840.5312   16.5465
    7.5000   45.0000   15.0000 8288.9658   16.5696
   -7.5000  -45.0000   22.500012326.0928   16.9602
    0.0000  -45.0000   22.500012835.3125   16.9738
    7.5000  -45.0000   22.500011915.2373   16.9933
   -7.5000  -37.5000   22.500012669.4707   16.9633
    0.0000  -37.5000   22.500013125.1152   16.9704
    7.5000  -37.5000   22.500012242.0869   16.9853
   -7.5000  -30.0000   22.500013344.3096   16.9508
    0.0000  -30.0000   22.500013833.2939   16.9552
    7.5000  -30.0000   22.500012894.6426   16.9677
   -7.5000  -22.5000   22.500014012.2852   16.9303
    0.0000  -22.5000   22.500014518.1592   16.9421
    7.5000  -22.5000   22.500013513.4717   16.9597
   -7.5000  -15.0000   22.500014570.9443   16.9213
    0.0000  -15.0000   22.500015085.0850   16.9420
    7.5000  -15.0000   22.500014014.5908   16.9664
   -7.5000   -7.5000   22.500014857.3711   16.9388
    0.0000   -7.5000   22.500015386.4434   16.9586
    7.5000   -7.5000   22.500014319.8193   16.9823
   -7.5000    0.0000   22.500014976.1709   16.9602
    0.0000    0.0000   22.500015527.8037   16.9738
    7.5000    0.0000   22.500014462.8584   16.9933
   -7.5000    7.5000   22.500013975.0293   16.9633
    0.0000    7.5000   22.500014498.5830   16.9704
    7.5000    7.5000   22.500013523.9609   16.9853
   -7.5000   15.0000   22.500012872.1387   16.9508
    0.0000   15.0000   22.500013367.4326   16.9552
    7.5000   15.0000   22.500012501.7852   16.9677
   -7.5000   22.5000   22.500011643.2676   16.9226
    0.0000   22.5000   22.500012100.5674   16.9344
    7.5000   22.5000   22.500011355.8164   16.9520
   -7.5000   30.0000   22.500010367.9316   16.7153
    0.0000   30.0000   22.500010758.9727   16.7359
    7.5000   30.0000   22.500010087.1377   16.7600
   -7.5000   37.5000   22.5000 9428.2275   16.7824
    0.0000   37.5000   22.5000 9780.3662   16.8022
    7.5000   37.5000   22.5000 9177.4229   16.8259
   -7.5000   45.0000   22.5000 8124.7910   16.5504
    0.0000   45.0000   22.5000 8408.0713   16.5629
    7.5000   45.0000   22.5000 7900.5415   16.5807
   -7.5000  -45.0000   30.000011332.0742   16.9893
    0.0000  -45.0000   30.000011813.0869   17.0052
    7.5000  -45.0000   30.000011128.9873   17.0190
   -7.5000  -37.5000   30.000011623.5879   16.9861
    0.0000  -37.5000   30.000012096.3818   16.9949
    7.5000  -37.5000   30.000011443.9482   17.0034
   -7.5000  -30.0000   30.000012306.8291   16.9702
    0.0000  -30.0000   30.000012808.4541   16.9776
    7.5000  -30.0000   30.000012093.0254   16.9860
   -7.5000  -22.5000   30.000012951.8389   16.9530
    0.0000  -22.5000   30.000013507.7793   16.9694
    7.5000  -22.5000   30.000012693.5918   16.9858
   -7.5000  -15.0000   30.000013497.2549   16.9507
    0.0000  -15.0000   30.000014056.5088   16.9764
    7.5000  -15.0000   30.000013204.9590   17.0002
   -7.5000   -7.5000   30.000013815.0498   16.9709
    0.0000   -7.5000   30.000014361.1162   16.9950
    7.5000   -7.5000   30.000013521.0137   17.0161
   -7.5000    0.0000   30.000013920.3379   16.9893
    0.0000    0.0000   30.000014480.3613   17.0052
    7.5000    0.0000   30.000013612.2021   17.0190
   -7.5000    7.5000   30.000013024.1055   16.9861
    0.0000    7.5000   30.000013509.9375   16.9949
    7.5000    7.5000   30.000012697.4502   17.0034
   -7.5000   15.0000   30.000012020.0889   16.9702
    0.0000   15.0000   30.000012458.3340   16.9776
    7.5000   15.0000   30.000011724.9043   16.9860
   -7.5000   22.5000   30.000010867.0098   16.9453
    0.0000   22.5000   30.000011277.6133   16.9616
    7.5000   22.5000   30.000010620.6074   16.9780
   -7.5000   30.0000   30.0000 9686.9502   16.7442
    0.0000   30.0000   30.000010045.9570   16.7697
    7.5000   30.0000   30.0000 9458.1367   16.7932
   -7.5000   37.5000   30.0000 8828.4072   16.8140
    0.0000   37.5000   30.0000 9147.9424   16.8381
    7.5000   37.5000   30.0000 8627.1436   16.8592
   -7.5000   45.0000   30.0000 7607.1792   16.5795
    0.0000   45.0000   30.0000 7866.4746   16.5943
    7.5000   45.0000   30.0000 7439.1182   16.6062
   -7.5000  -45.0000   37.500010911.4346   17.1971
    0.0000  -45.0000   37.500011335.8398   17.2119
    7.5000  -45.0000   37.500010816.1982   17.2259
   -7.5000  -37.5000   37.500011201.7627   17.1879
    0.0000  -37.5000   37.500011621.3867   17.1970
    7.5000  -37.5000   37.500011096.0254   17.2036
   -7.5000  -30.0000   37.500011865.6924   17.1686
    0.0000  -30.0000   37.500012316.7959   17.1774
    7.5000  -30.0000   37.500011722.6475   17.1838
   -7.5000  -22.5000   37.500012487.6953   17.1556
    0.0000  -22.5000   37.500012977.0381   17.1723
    7.5000  -22.5000   37.500012336.9375   17.1881
   -7.5000  -15.0000   37.500013024.0469   17.1606
    0.0000  -15.0000   37.500013517.4551   17.1847
    7.5000  -15.0000   37.500012833.0557   17.2089
   -7.5000   -7.5000   37.500013372.6035   17.1826
    0.0000   -7.5000   37.500013882.3447   17.2047
    7.5000   -7.5000   37.500013159.7373   17.2270
   -7.5000    0.0000   37.500013485.3799   17.1971
    0.0000    0.0000   37.500014011.5430   17.2119
    7.5000    0.0000   37.500013270.6289   17.2259
   -7.5000    7.5000   37.500012607.7080   17.1879
    0.0000    7.5000   37.500013096.1885   17.1970
    7.5000    7.5000   37.500012393.0049   17.2036
   -7.5000   15.0000   37.500011610.8105   17.1686
    0.0000   15.0000   37.500012046.4814   17.1774
    7.5000   15.0000   37.500011407.3965   17.1838
   -7.5000   22.5000   37.500010488.1504   17.1478
    0.0000   22.5000   37.500010884.5703   17.1644
    7.5000   22.5000   37.500010294.3438   17.1803
   -7.5000   30.0000   37.5000 9334.9482   16.9518
    0.0000   30.0000   37.5000 9675.9648   16.9757
    7.5000   30.0000   37.5000 9174.3037   16.9995
   -7.5000   37.5000   37.5000 8506.1572   17.0243
    0.0000   37.5000   37.5000 8809.4688   17.0464
    7.5000   37.5000   37.5000 8360.8311   17.0686
   -7.5000   45.0000   37.5000 7333.3486   16.7828
    0.0000   45.0000   37.5000 7601.5928   16.7967
    7.5000   45.0000   37.5000 7204.7544   16.8086
   -7.5000  -45.0000   45.000010048.7627   17.3834
    0.0000  -45.0000   45.000010440.4951   17.3956
    7.5000  -45.0000   45.0000 9956.6631   17.4164
   -7.5000  -37.5000   45.000010315.8330   17.3738
    0.0000  -37.5000   45.000010702.9756   17.3827
    7.5000  -37.5000   45.000010205.9639   17.3945
   -7.5000  -30.0000   45.000010904.5322   17.3531
    0.0000  -30.0000   45.000011312.0098   17.3619
    7.5000  -30.0000   45.000010774.4150   17.3710
   -7.5000  -22.5000   45.000011467.2305   17.3403
    0.0000  -22.5000   45.000011893.7246   17.3543
    7.5000  -22.5000   45.000011340.6953   17.3720
   -7.5000  -15.0000   45.000011957.9170   17.3473
    0.0000  -15.0000   45.000012408.6758   17.3656
    7.5000  -15.0000   45.000011817.9854   17.3927
   -7.5000   -7.5000   45.000012290.3105   17.3695
    0.0000   -7.5000   45.000012765.8613   17.3860
    7.5000   -7.5000   45.000012137.3760   17.4136
   -7.5000    0.0000   45.000012408.0068   17.3834
    0.0000    0.0000   45.000012915.3184   17.3956
    7.5000    0.0000   45.000012263.7334   17.4164
   -7.5000    7.5000   45.000011607.4189   17.3738
    0.0000    7.5000   45.000012074.1055   17.3827
    7.5000    7.5000   45.000011449.8408   17.3945
   -7.5000   15.0000   45.000010680.0049   17.3531
    0.0000   15.0000   45.000011117.8359   17.3619
    7.5000   15.0000   45.000010536.1045   17.3710
   -7.5000   22.5000   45.0000 9648.3008   17.3323
    0.0000   22.5000   45.000010028.8398   17.3463
    7.5000   22.5000   45.0000 9488.2490   17.3640
   -7.5000   30.0000   45.0000 8591.9893   17.1330
    0.0000   30.0000   45.0000 8919.8184   17.1510
    7.5000   30.0000   45.0000 8445.4033   17.1777
   -7.5000   37.5000   45.0000 7802.1606   17.2048
    0.0000   37.5000   45.0000 8085.7876   17.2211
    7.5000   37.5000   45.0000 7683.4727   17.2485
   -7.5000   45.0000   45.0000 6730.0029   16.9652
    0.0000   45.0000   45.0000 6967.3516   16.9763
    7.5000   45.0000   45.0000 6619.7734   16.9955

---------------------------------------------------------------------
imgreg_4dfp /opt/freesurfer/average/711-2C_as_mni_average_305 /opt/freesurfer/average/711-2B_as_mni_average_305_mask talsrcimg_g11 none talsrcimg_to_711-2C_as_mni_average_305_t4 4355
---------------------------------------------------------------------

freesurfer imgreg_4dfp.c
/opt/freesurfer/average/711-2C_as_mni_average_305.4dfp.img
       256       256       256         1
  1.000000  1.000000  1.000000
orientation T byte_order littleendian
Reading image: /opt/freesurfer/average/711-2C_as_mni_average_305.4dfp.img
dimensions:      256       256       256
mmppix:       1.0000   -1.0000   -1.0000
center:     128.0000 -129.0000 -129.0000
/opt/freesurfer/average/711-2B_as_mni_average_305_mask.4dfp.img
       256       256       256         1
  1.000000  1.000000  1.000000
orientation T byte_order littleendian
Reading mask: /opt/freesurfer/average/711-2B_as_mni_average_305_mask.4dfp.img (2306576 pixels)
talsrcimg_g11.4dfp.img
       256       256       256         1
  1.000000  1.000000  1.000000
orientation T byte_order littleendian
Reading image: talsrcimg_g11.4dfp.img
dimensions:      256       256       256
mmppix:       1.0000   -1.0000   -1.0000
center:     128.0000 -129.0000 -129.0000
rotation matrix determinant  1.000000
image alignment mode   4355 decimal     1103 hex
   -7.5000  -45.0000  -45.0000 2241.9460   14.7813
    0.0000  -45.0000  -45.0000 2250.3586   14.7630
    7.5000  -45.0000  -45.0000 2222.3206   14.9482
   -7.5000  -37.5000  -45.0000 2276.6990   14.1903
    0.0000  -37.5000  -45.0000 2285.8372   14.1765
    7.5000  -37.5000  -45.0000 2258.5364   14.3300
   -7.5000  -30.0000  -45.0000 2297.7183   13.9239
    0.0000  -30.0000  -45.0000 2303.3013   13.8577
    7.5000  -30.0000  -45.0000 2273.1816   14.0711
   -7.5000  -22.5000  -45.0000 2287.7275   13.9439
    0.0000  -22.5000  -45.0000 2294.9600   13.9074
    7.5000  -22.5000  -45.0000 2264.3662   14.0878
   -7.5000  -15.0000  -45.0000 2255.6387   14.2618
    0.0000  -15.0000  -45.0000 2264.1433   14.2317
    7.5000  -15.0000  -45.0000 2233.1438   14.4144
   -7.5000   -7.5000  -45.0000 2204.7795   14.8420
    0.0000   -7.5000  -45.0000 2207.6233   14.8554
    7.5000   -7.5000  -45.0000 2178.7021   15.0635
   -7.5000    0.0000  -45.0000 2126.3188   15.7914
    0.0000    0.0000  -45.0000 2133.2744   15.7636
    7.5000    0.0000  -45.0000 2104.1221   16.0204
   -7.5000    7.5000  -45.0000 2032.5681   17.1944
    0.0000    7.5000  -45.0000 2038.4275   17.1713
    7.5000    7.5000  -45.0000 2008.6587   17.4807
   -7.5000   15.0000  -45.0000 1926.8478   19.2926
    0.0000   15.0000  -45.0000 1930.2325   19.2210
    7.5000   15.0000  -45.0000 1901.4669   19.5144
   -7.5000   22.5000  -45.0000 1809.5868   21.9926
    0.0000   22.5000  -45.0000 1813.1305   21.9145
    7.5000   22.5000  -45.0000 1792.8875   22.3180
   -7.5000   30.0000  -45.0000 1688.9956   25.7415
    0.0000   30.0000  -45.0000 1691.1814   25.6653
    7.5000   30.0000  -45.0000 1665.9667   26.3396
   -7.5000   37.5000  -45.0000 1556.0807   31.2460
    0.0000   37.5000  -45.0000 1567.1484   31.1792
    7.5000   37.5000  -45.0000 1541.3473   32.0091
   -7.5000   45.0000  -45.0000 1427.0271   39.1708
    0.0000   45.0000  -45.0000 1433.2333   39.1058
    7.5000   45.0000  -45.0000 1414.6586   40.0186
   -7.5000  -45.0000  -37.5000 2336.3210   13.6845
    0.0000  -45.0000  -37.5000 2343.4746   13.6655
    7.5000  -45.0000  -37.5000 2312.2869   13.8747
   -7.5000  -37.5000  -37.5000 2373.1306   13.1331
    0.0000  -37.5000  -37.5000 2382.7134   13.1082
    7.5000  -37.5000  -37.5000 2349.3967   13.2954
   -7.5000  -30.0000  -37.5000 2396.5540   12.8857
    0.0000  -30.0000  -37.5000 2404.5723   12.7951
    7.5000  -30.0000  -37.5000 2372.5542   13.0039
   -7.5000  -22.5000  -37.5000 2388.9739   12.8687
    0.0000  -22.5000  -37.5000 2397.5012   12.8275
    7.5000  -22.5000  -37.5000 2363.3860   13.0043
   -7.5000  -15.0000  -37.5000 2357.5833   13.1319
    0.0000  -15.0000  -37.5000 2368.0684   13.1039
    7.5000  -15.0000  -37.5000 2331.1704   13.2938
   -7.5000   -7.5000  -37.5000 2300.4407   13.6747
    0.0000   -7.5000  -37.5000 2309.5337   13.6529
    7.5000   -7.5000  -37.5000 2275.4150   13.8636
   -7.5000    0.0000  -37.5000 2217.2837   14.5565
    0.0000    0.0000  -37.5000 2225.7808   14.5213
    7.5000    0.0000  -37.5000 2196.6289   14.7565
   -7.5000    7.5000  -37.5000 2124.5063   15.8550
    0.0000    7.5000  -37.5000 2127.3203   15.8198
    7.5000    7.5000  -37.5000 2095.0237   16.0770
   -7.5000   15.0000  -37.5000 2017.0393   17.7288
    0.0000   15.0000  -37.5000 2013.2671   17.6610
    7.5000   15.0000  -37.5000 1982.7430   17.8715
   -7.5000   22.5000  -37.5000 1889.4716   20.1119
    0.0000   22.5000  -37.5000 1884.5563   20.0562
    7.5000   22.5000  -37.5000 1868.1481   20.3214
   -7.5000   30.0000  -37.5000 1750.3424   23.4046
    0.0000   30.0000  -37.5000 1747.3516   23.3863
    7.5000   30.0000  -37.5000 1732.2477   23.8810
   -7.5000   37.5000  -37.5000 1619.8351   28.2937
    0.0000   37.5000  -37.5000 1624.2710   28.1422
    7.5000   37.5000  -37.5000 1601.3069   28.8685
   -7.5000   45.0000  -37.5000 1481.0909   35.2668
    0.0000   45.0000  -37.5000 1485.5881   35.1835
    7.5000   45.0000  -37.5000 1470.1873   35.8918
   -7.5000  -45.0000  -30.0000 2470.2329   13.1325
    0.0000  -45.0000  -30.0000 2479.8589   13.0912
    7.5000  -45.0000  -30.0000 2444.0923   13.3086
   -7.5000  -37.5000  -30.0000 2513.9500   12.6316
    0.0000  -37.5000  -30.0000 2524.1277   12.5867
    7.5000  -37.5000  -30.0000 2487.4482   12.8000
   -7.5000  -30.0000  -30.0000 2541.3733   12.3760
    0.0000  -30.0000  -30.0000 2546.7910   12.3081
    7.5000  -30.0000  -30.0000 2509.2117   12.5080
   -7.5000  -22.5000  -30.0000 2535.5073   12.3713
    0.0000  -22.5000  -30.0000 2547.7673   12.3089
    7.5000  -22.5000  -30.0000 2507.4163   12.4754
   -7.5000  -15.0000  -30.0000 2505.1997   12.5897
    0.0000  -15.0000  -30.0000 2514.5662   12.5467
    7.5000  -15.0000  -30.0000 2475.7329   12.7344
   -7.5000   -7.5000  -30.0000 2446.0454   13.0687
    0.0000   -7.5000  -30.0000 2453.0615   13.0529
    7.5000   -7.5000  -30.0000 2412.5359   13.2474
   -7.5000    0.0000  -30.0000 2356.3594   13.8863
    0.0000    0.0000  -30.0000 2358.7991   13.8800
    7.5000    0.0000  -30.0000 2322.4417   14.0828
   -7.5000    7.5000  -30.0000 2250.5693   15.1075
    0.0000    7.5000  -30.0000 2251.9492   15.1118
    7.5000    7.5000  -30.0000 2214.8311   15.2906
   -7.5000   15.0000  -30.0000 2134.8335   16.8264
    0.0000   15.0000  -30.0000 2133.5154   16.7959
    7.5000   15.0000  -30.0000 2094.8552   16.9790
   -7.5000   22.5000  -30.0000 1997.9231   19.0361
    0.0000   22.5000  -30.0000 1998.5177   19.0811
    7.5000   22.5000  -30.0000 1966.4159   19.3100
   -7.5000   30.0000  -30.0000 1852.4878   22.1110
    0.0000   30.0000  -30.0000 1843.9023   22.2047
    7.5000   30.0000  -30.0000 1823.3959   22.6024
   -7.5000   37.5000  -30.0000 1707.9678   26.5536
    0.0000   37.5000  -30.0000 1707.2556   26.5973
    7.5000   37.5000  -30.0000 1685.8085   27.1369
   -7.5000   45.0000  -30.0000 1568.8116   32.8598
    0.0000   45.0000  -30.0000 1568.6460   32.8197
    7.5000   45.0000  -30.0000 1545.7596   33.5774
   -7.5000  -45.0000  -22.5000 2577.9150   12.4950
    0.0000  -45.0000  -22.5000 2587.3123   12.4746
    7.5000  -45.0000  -22.5000 2551.3447   12.6719
   -7.5000  -37.5000  -22.5000 2632.4927   12.0145
    0.0000  -37.5000  -22.5000 2637.1982   11.9520
    7.5000  -37.5000  -22.5000 2602.6089   12.1685
   -7.5000  -30.0000  -22.5000 2663.3464   11.7802
    0.0000  -30.0000  -22.5000 2666.5271   11.7169
    7.5000  -30.0000  -22.5000 2624.8735   11.9075
   -7.5000  -22.5000  -22.5000 2662.6096   11.7797
    0.0000  -22.5000  -22.5000 2668.0562   11.7259
    7.5000  -22.5000  -22.5000 2628.9575   11.8902
   -7.5000  -15.0000  -22.5000 2629.8850   11.9791
    0.0000  -15.0000  -22.5000 2636.4600   11.9389
    7.5000  -15.0000  -22.5000 2596.7695   12.1184
   -7.5000   -7.5000  -22.5000 2568.4333   12.4166
    0.0000   -7.5000  -22.5000 2571.0273   12.3987
    7.5000   -7.5000  -22.5000 2528.4751   12.5855
   -7.5000    0.0000  -22.5000 2470.4260   13.1588
    0.0000    0.0000  -22.5000 2470.8545   13.1282
    7.5000    0.0000  -22.5000 2433.4600   13.3495
   -7.5000    7.5000  -22.5000 2353.4678   14.3113
    0.0000    7.5000  -22.5000 2356.4131   14.2682
    7.5000    7.5000  -22.5000 2320.7141   14.4768
   -7.5000   15.0000  -22.5000 2226.8066   15.8622
    0.0000   15.0000  -22.5000 2229.8591   15.8425
    7.5000   15.0000  -22.5000 2190.9177   16.0335
   -7.5000   22.5000  -22.5000 2087.0354   17.9618
    0.0000   22.5000  -22.5000 2084.9868   18.0158
    7.5000   22.5000  -22.5000 2045.0734   18.2481
   -7.5000   30.0000  -22.5000 1928.2664   20.8207
    0.0000   30.0000  -22.5000 1926.0844   20.9088
    7.5000   30.0000  -22.5000 1896.2888   21.2659
   -7.5000   37.5000  -22.5000 1783.4673   24.9282
    0.0000   37.5000  -22.5000 1778.5485   24.9710
    7.5000   37.5000  -22.5000 1758.1581   25.4685
   -7.5000   45.0000  -22.5000 1634.5625   30.7415
    0.0000   45.0000  -22.5000 1634.0269   30.6512
    7.5000   45.0000  -22.5000 1615.3428   31.3383
   -7.5000  -45.0000  -15.0000 2650.1843   11.8938
    0.0000  -45.0000  -15.0000 2660.3091   11.8785
    7.5000  -45.0000  -15.0000 2627.2732   12.0648
   -7.5000  -37.5000  -15.0000 2721.6111   11.4018
    0.0000  -37.5000  -15.0000 2726.9385   11.3325
    7.5000  -37.5000  -15.0000 2688.7542   11.5371
   -7.5000  -30.0000  -15.0000 2757.7134   11.1839
    0.0000  -30.0000  -15.0000 2766.0830   11.1199
    7.5000  -30.0000  -15.0000 2717.9436   11.3071
   -7.5000  -22.5000  -15.0000 2761.8328   11.1995
    0.0000  -22.5000  -15.0000 2768.5842   11.1525
    7.5000  -22.5000  -15.0000 2723.6179   11.3108
   -7.5000  -15.0000  -15.0000 2727.4058   11.4032
    0.0000  -15.0000  -15.0000 2734.0024   11.3550
    7.5000  -15.0000  -15.0000 2692.6560   11.5264
   -7.5000   -7.5000  -15.0000 2658.4573   11.8100
    0.0000   -7.5000  -15.0000 2661.4688   11.7812
    7.5000   -7.5000  -15.0000 2624.7363   11.9692
   -7.5000    0.0000  -15.0000 2554.5415   12.4962
    0.0000    0.0000  -15.0000 2557.5728   12.4645
    7.5000    0.0000  -15.0000 2523.6487   12.6873
   -7.5000    7.5000  -15.0000 2429.4048   13.5806
    0.0000    7.5000  -15.0000 2434.8892   13.5189
    7.5000    7.5000  -15.0000 2401.9290   13.7415
   -7.5000   15.0000  -15.0000 2293.1067   15.0603
    0.0000   15.0000  -15.0000 2292.7412   14.9988
    7.5000   15.0000  -15.0000 2259.1541   15.2250
   -7.5000   22.5000  -15.0000 2144.5596   17.0358
    0.0000   22.5000  -15.0000 2141.8591   17.0489
    7.5000   22.5000  -15.0000 2107.6277   17.2923
   -7.5000   30.0000  -15.0000 1979.0956   19.7477
    0.0000   30.0000  -15.0000 1983.2278   19.7900
    7.5000   30.0000  -15.0000 1950.6090   20.1285
   -7.5000   37.5000  -15.0000 1834.1832   23.5948
    0.0000   37.5000  -15.0000 1833.9346   23.6531
    7.5000   37.5000  -15.0000 1808.2273   24.0605
   -7.5000   45.0000  -15.0000 1677.1273   28.9442
    0.0000   45.0000  -15.0000 1680.0956   28.8490
    7.5000   45.0000  -15.0000 1655.8931   29.3739
   -7.5000  -45.0000   -7.5000 2706.3848   11.3710
    0.0000  -45.0000   -7.5000 2720.8987   11.3515
    7.5000  -45.0000   -7.5000 2685.7385   11.5331
   -7.5000  -37.5000   -7.5000 2789.5632   10.8600
    0.0000  -37.5000   -7.5000 2798.2334   10.8190
    7.5000  -37.5000   -7.5000 2751.2097   11.0151
   -7.5000  -30.0000   -7.5000 2837.8823   10.6227
    0.0000  -30.0000   -7.5000 2849.5564   10.5719
    7.5000  -30.0000   -7.5000 2793.7478   10.7727
   -7.5000  -22.5000   -7.5000 2840.2961   10.6461
    0.0000  -22.5000   -7.5000 2852.6855   10.6033
    7.5000  -22.5000   -7.5000 2799.7666   10.7903
   -7.5000  -15.0000   -7.5000 2798.9661   10.8587
    0.0000  -15.0000   -7.5000 2809.4214   10.8239
    7.5000  -15.0000   -7.5000 2765.0840   11.0136
   -7.5000   -7.5000   -7.5000 2727.6843   11.2613
    0.0000   -7.5000   -7.5000 2733.5015   11.2225
    7.5000   -7.5000   -7.5000 2693.7473   11.4437
   -7.5000    0.0000   -7.5000 2618.8010   11.9318
    0.0000    0.0000   -7.5000 2626.3713   11.8877
    7.5000    0.0000   -7.5000 2586.4829   12.1378
   -7.5000    7.5000   -7.5000 2487.9548   12.9814
    0.0000    7.5000   -7.5000 2499.2168   12.9156
    7.5000    7.5000   -7.5000 2457.1172   13.1553
   -7.5000   15.0000   -7.5000 2345.8582   14.3909
    0.0000   15.0000   -7.5000 2351.2156   14.3452
    7.5000   15.0000   -7.5000 2310.5127   14.5898
   -7.5000   22.5000   -7.5000 2186.5469   16.2741
    0.0000   22.5000   -7.5000 2189.0591   16.2637
    7.5000   22.5000   -7.5000 2149.9009   16.5380
   -7.5000   30.0000   -7.5000 2017.7692   18.8028
    0.0000   30.0000   -7.5000 2019.5452   18.8332
    7.5000   30.0000   -7.5000 1986.1814   19.1967
   -7.5000   37.5000   -7.5000 1856.0883   22.4180
    0.0000   37.5000   -7.5000 1863.3776   22.4308
    7.5000   37.5000   -7.5000 1837.9241   22.8474
   -7.5000   45.0000   -7.5000 1695.3689   27.2920
    0.0000   45.0000   -7.5000 1703.6274   27.2943
    7.5000   45.0000   -7.5000 1678.2666   27.7248
   -7.5000  -45.0000    0.0000 2747.0391   11.0643
    0.0000  -45.0000    0.0000 2764.2737   11.0483
    7.5000  -45.0000    0.0000 2721.1733   11.2090
   -7.5000  -37.5000    0.0000 2839.2849   10.5383
    0.0000  -37.5000    0.0000 2853.6865   10.5198
    7.5000  -37.5000    0.0000 2799.8206   10.6876
   -7.5000  -30.0000    0.0000 2898.3555   10.2222
    0.0000  -30.0000    0.0000 2910.9216   10.2006
    7.5000  -30.0000    0.0000 2846.2090   10.4075
   -7.5000  -22.5000    0.0000 2899.4714   10.2476
    0.0000  -22.5000    0.0000 2910.3889   10.2032
    7.5000  -22.5000    0.0000 2848.6758   10.4366
   -7.5000  -15.0000    0.0000 2853.7576   10.4690
    0.0000  -15.0000    0.0000 2865.7869   10.4328
    7.5000  -15.0000    0.0000 2814.0571   10.6699
   -7.5000   -7.5000    0.0000 2774.3511   10.8898
    0.0000   -7.5000    0.0000 2785.1736   10.8540
    7.5000   -7.5000    0.0000 2739.3789   11.0929
   -7.5000    0.0000    0.0000 2657.4468   11.5651
    0.0000    0.0000    0.0000 2669.9053   11.5155
    7.5000    0.0000    0.0000 2625.4624   11.7790
   -7.5000    7.5000    0.0000 2531.1802   12.5875
    0.0000    7.5000    0.0000 2543.0049   12.5492
    7.5000    7.5000    0.0000 2495.0901   12.7913
   -7.5000   15.0000    0.0000 2381.9685   13.9571
    0.0000   15.0000    0.0000 2388.8086   13.9323
    7.5000   15.0000    0.0000 2347.2498   14.1681
   -7.5000   22.5000    0.0000 2217.9580   15.7496
    0.0000   22.5000    0.0000 2217.3293   15.7675
    7.5000   22.5000    0.0000 2183.2031   16.0423
   -7.5000   30.0000    0.0000 2036.4365   18.1645
    0.0000   30.0000    0.0000 2039.8280   18.1779
    7.5000   30.0000    0.0000 2009.3750   18.5466
   -7.5000   37.5000    0.0000 1872.3165   21.4459
    0.0000   37.5000    0.0000 1878.2944   21.4751
    7.5000   37.5000    0.0000 1853.0614   21.9027
   -7.5000   45.0000    0.0000 1705.3529   26.0959
    0.0000   45.0000    0.0000 1710.7301   26.0211
    7.5000   45.0000    0.0000 1692.3300   26.5157
   -7.5000  -45.0000    7.5000 2774.4412   10.9924
    0.0000  -45.0000    7.5000 2797.4771   10.9667
    7.5000  -45.0000    7.5000 2749.8323   11.0794
   -7.5000  -37.5000    7.5000 2880.7498   10.4702
    0.0000  -37.5000    7.5000 2900.7720   10.4384
    7.5000  -37.5000    7.5000 2841.2815   10.5887
   -7.5000  -30.0000    7.5000 2937.4912   10.1103
    0.0000  -30.0000    7.5000 2948.6799   10.0666
    7.5000  -30.0000    7.5000 2884.9937   10.2602
   -7.5000  -22.5000    7.5000 2932.8960   10.0483
    0.0000  -22.5000    7.5000 2940.3198    9.9850
    7.5000  -22.5000    7.5000 2879.6780   10.2323
   -7.5000  -15.0000    7.5000 2887.8020   10.2833
    0.0000  -15.0000    7.5000 2890.6018   10.2103
    7.5000  -15.0000    7.5000 2837.6428   10.4618
   -7.5000   -7.5000    7.5000 2797.9028   10.7504
    0.0000   -7.5000    7.5000 2805.6423   10.6593
    7.5000   -7.5000    7.5000 2760.7520   10.9031
   -7.5000    0.0000    7.5000 2680.4949   11.4374
    0.0000    0.0000    7.5000 2685.3984   11.3335
    7.5000    0.0000    7.5000 2643.9141   11.5736
   -7.5000    7.5000    7.5000 2547.1021   12.4345
    0.0000    7.5000    7.5000 2552.9048   12.3256
    7.5000    7.5000    7.5000 2511.0334   12.5474
   -7.5000   15.0000    7.5000 2395.8464   13.7953
    0.0000   15.0000    7.5000 2398.6296   13.6976
    7.5000   15.0000    7.5000 2363.1157   13.8923
   -7.5000   22.5000    7.5000 2234.3115   15.5543
    0.0000   22.5000    7.5000 2231.0886   15.4897
    7.5000   22.5000    7.5000 2201.0688   15.7453
   -7.5000   30.0000    7.5000 2047.1387   17.8182
    0.0000   30.0000    7.5000 2047.6903   17.8058
    7.5000   30.0000    7.5000 2016.1180   18.1493
   -7.5000   37.5000    7.5000 1873.7010   20.8996
    0.0000   37.5000    7.5000 1874.1664   20.9072
    7.5000   37.5000    7.5000 1852.2290   21.3769
   -7.5000   45.0000    7.5000 1702.5518   25.2715
    0.0000   45.0000    7.5000 1711.3247   25.2062
    7.5000   45.0000    7.5000 1692.9816   25.8193
   -7.5000  -45.0000   15.0000 2781.8000   11.0441
    0.0000  -45.0000   15.0000 2799.5542   11.0165
    7.5000  -45.0000   15.0000 2754.5059   11.0838
   -7.5000  -37.5000   15.0000 2890.8953   10.5409
    0.0000  -37.5000   15.0000 2909.5486   10.4655
    7.5000  -37.5000   15.0000 2844.6294   10.5697
   -7.5000  -30.0000   15.0000 2945.9956   10.1562
    0.0000  -30.0000   15.0000 2958.6218   10.0603
    7.5000  -30.0000   15.0000 2888.1531   10.2446
   -7.5000  -22.5000   15.0000 2934.2375   10.0912
    0.0000  -22.5000   15.0000 2941.1738    9.9758
    7.5000  -22.5000   15.0000 2882.2786   10.1956
   -7.5000  -15.0000   15.0000 2890.9626   10.2966
    0.0000  -15.0000   15.0000 2889.6941   10.2084
    7.5000  -15.0000   15.0000 2838.2280   10.4155
   -7.5000   -7.5000   15.0000 2793.3108   10.7571
    0.0000   -7.5000   15.0000 2792.6189   10.6703
    7.5000   -7.5000   15.0000 2756.4363   10.8765
   -7.5000    0.0000   15.0000 2672.7627   11.4438
    0.0000    0.0000   15.0000 2675.3699   11.3537
    7.5000    0.0000   15.0000 2639.0247   11.5642
   -7.5000    7.5000   15.0000 2535.0588   12.4266
    0.0000    7.5000   15.0000 2540.1934   12.3391
    7.5000    7.5000   15.0000 2504.2341   12.5201
   -7.5000   15.0000   15.0000 2384.7808   13.7599
    0.0000   15.0000   15.0000 2390.9558   13.7073
    7.5000   15.0000   15.0000 2354.4846   13.8572
   -7.5000   22.5000   15.0000 2220.9844   15.4870
    0.0000   22.5000   15.0000 2221.7307   15.5011
    7.5000   22.5000   15.0000 2191.2126   15.6655
   -7.5000   30.0000   15.0000 2041.6846   17.7241
    0.0000   30.0000   15.0000 2042.8330   17.7646
    7.5000   30.0000   15.0000 2013.7740   18.0153
   -7.5000   37.5000   15.0000 1864.8999   20.7104
    0.0000   37.5000   15.0000 1867.6827   20.8040
    7.5000   37.5000   15.0000 1842.5128   21.1247
   -7.5000   45.0000   15.0000 1701.3131   25.0113
    0.0000   45.0000   15.0000 1701.2333   24.9799
    7.5000   45.0000   15.0000 1685.7073   25.4785
   -7.5000  -45.0000   22.5000 2758.6555   11.2211
    0.0000  -45.0000   22.5000 2769.3577   11.1701
    7.5000  -45.0000   22.5000 2732.4370   11.2855
   -7.5000  -37.5000   22.5000 2862.5298   10.6792
    0.0000  -37.5000   22.5000 2875.0374   10.6137
    7.5000  -37.5000   22.5000 2823.2517   10.7657
   -7.5000  -30.0000   22.5000 2920.4453   10.3168
    0.0000  -30.0000   22.5000 2929.7266   10.2336
    7.5000  -30.0000   22.5000 2866.3794   10.4401
   -7.5000  -22.5000   22.5000 2913.8953   10.2856
    0.0000  -22.5000   22.5000 2920.4673   10.2349
    7.5000  -22.5000   22.5000 2864.9292   10.4116
   -7.5000  -15.0000   22.5000 2863.3669   10.5116
    0.0000  -15.0000   22.5000 2867.0010   10.4691
    7.5000  -15.0000   22.5000 2819.1560   10.6274
   -7.5000   -7.5000   22.5000 2754.4482   10.9955
    0.0000   -7.5000   22.5000 2761.5068   10.9304
    7.5000   -7.5000   22.5000 2728.2263   11.0896
   -7.5000    0.0000   22.5000 2636.3308   11.6705
    0.0000    0.0000   22.5000 2641.2141   11.5894
    7.5000    0.0000   22.5000 2611.4226   11.7462
   -7.5000    7.5000   22.5000 2503.4656   12.6079
    0.0000    7.5000   22.5000 2509.9929   12.5263
    7.5000    7.5000   22.5000 2480.3477   12.6728
   -7.5000   15.0000   22.5000 2356.5664   13.8979
    0.0000   15.0000   22.5000 2361.2336   13.8113
    7.5000   15.0000   22.5000 2331.0989   13.9729
   -7.5000   22.5000   22.5000 2188.9717   15.5872
    0.0000   22.5000   22.5000 2194.4541   15.5683
    7.5000   22.5000   22.5000 2169.8508   15.7514
   -7.5000   30.0000   22.5000 2019.8429   17.7986
    0.0000   30.0000   22.5000 2023.5288   17.8289
    7.5000   30.0000   22.5000 1996.8320   18.0715
   -7.5000   37.5000   22.5000 1853.4768   20.8518
    0.0000   37.5000   22.5000 1861.8658   20.9164
    7.5000   37.5000   22.5000 1836.3641   21.2494
   -7.5000   45.0000   22.5000 1686.7417   25.0718
    0.0000   45.0000   22.5000 1694.0004   25.0571
    7.5000   45.0000   22.5000 1667.8363   25.5534
   -7.5000  -45.0000   30.0000 2712.4583   11.4946
    0.0000  -45.0000   30.0000 2719.5178   11.4307
    7.5000  -45.0000   30.0000 2689.9963   11.6540
   -7.5000  -37.5000   30.0000 2809.5110   10.9529
    0.0000  -37.5000   30.0000 2822.5735   10.8566
    7.5000  -37.5000   30.0000 2776.8284   11.1194
   -7.5000  -30.0000   30.0000 2861.3706   10.6517
    0.0000  -30.0000   30.0000 2868.6665   10.5703
    7.5000  -30.0000   30.0000 2823.3875   10.8193
   -7.5000  -22.5000   30.0000 2853.1375   10.6415
    0.0000  -22.5000   30.0000 2865.5486   10.5884
    7.5000  -22.5000   30.0000 2820.5945   10.7895
   -7.5000  -15.0000   30.0000 2805.3882   10.8832
    0.0000  -15.0000   30.0000 2814.2012   10.8270
    7.5000  -15.0000   30.0000 2774.7651   11.0204
   -7.5000   -7.5000   30.0000 2707.2356   11.3310
    0.0000   -7.5000   30.0000 2711.6003   11.2573
    7.5000   -7.5000   30.0000 2686.8394   11.4619
   -7.5000    0.0000   30.0000 2581.6655   12.0093
    0.0000    0.0000   30.0000 2593.0886   11.9201
    7.5000    0.0000   30.0000 2570.2849   12.1020
   -7.5000    7.5000   30.0000 2454.5769   12.9607
    0.0000    7.5000   30.0000 2461.0063   12.8585
    7.5000    7.5000   30.0000 2437.9722   13.0114
   -7.5000   15.0000   30.0000 2307.5234   14.2273
    0.0000   15.0000   30.0000 2313.6035   14.1194
    7.5000   15.0000   30.0000 2292.8274   14.2693
   -7.5000   22.5000   30.0000 2146.1592   15.8973
    0.0000   22.5000   30.0000 2152.5479   15.8146
    7.5000   22.5000   30.0000 2130.6921   16.0037
   -7.5000   30.0000   30.0000 1988.2789   18.0864
    0.0000   30.0000   30.0000 1990.9692   18.0964
    7.5000   30.0000   30.0000 1970.3077   18.3150
   -7.5000   37.5000   30.0000 1830.7529   21.1393
    0.0000   37.5000   30.0000 1837.5072   21.1533
    7.5000   37.5000   30.0000 1814.0962   21.4895
   -7.5000   45.0000   30.0000 1664.7406   25.4238
    0.0000   45.0000   30.0000 1671.1232   25.3799
    7.5000   45.0000   30.0000 1648.4294   25.9079
   -7.5000  -45.0000   37.5000 2659.4817   11.9596
    0.0000  -45.0000   37.5000 2666.0415   11.8352
    7.5000  -45.0000   37.5000 2640.8008   12.1747
   -7.5000  -37.5000   37.5000 2746.5422   11.4240
    0.0000  -37.5000   37.5000 2755.6802   11.3045
    7.5000  -37.5000   37.5000 2718.7285   11.6394
   -7.5000  -30.0000   37.5000 2785.3611   11.1658
    0.0000  -30.0000   37.5000 2791.6860   11.0647
    7.5000  -30.0000   37.5000 2757.1763   11.3410
   -7.5000  -22.5000   37.5000 2776.7693   11.1670
    0.0000  -22.5000   37.5000 2788.1689   11.0697
    7.5000  -22.5000   37.5000 2758.9592   11.2918
   -7.5000  -15.0000   37.5000 2733.1497   11.3910
    0.0000  -15.0000   37.5000 2739.2244   11.3014
    7.5000  -15.0000   37.5000 2711.3494   11.5213
   -7.5000   -7.5000   37.5000 2645.0725   11.8262
    0.0000   -7.5000   37.5000 2651.8584   11.7379
    7.5000   -7.5000   37.5000 2626.6777   11.9522
   -7.5000    0.0000   37.5000 2526.9097   12.5110
    0.0000    0.0000   37.5000 2537.1538   12.4005
    7.5000    0.0000   37.5000 2515.9133   12.5909
   -7.5000    7.5000   37.5000 2399.2715   13.4333
    0.0000    7.5000   37.5000 2409.3899   13.3211
    7.5000    7.5000   37.5000 2390.0530   13.4894
   -7.5000   15.0000   37.5000 2248.5942   14.7064
    0.0000   15.0000   37.5000 2257.5415   14.5945
    7.5000   15.0000   37.5000 2242.9937   14.7480
   -7.5000   22.5000   37.5000 2094.8367   16.3392
    0.0000   22.5000   37.5000 2102.4937   16.2653
    7.5000   22.5000   37.5000 2081.5042   16.4646
   -7.5000   30.0000   37.5000 1944.1584   18.5778
    0.0000   30.0000   37.5000 1950.8407   18.5680
    7.5000   30.0000   37.5000 1931.7166   18.8296
   -7.5000   37.5000   37.5000 1790.6184   21.6954
    0.0000   37.5000   37.5000 1800.1117   21.6165
    7.5000   37.5000   37.5000 1780.0247   21.9901
   -7.5000   45.0000   37.5000 1637.6910   26.0795
    0.0000   45.0000   37.5000 1642.7313   25.9553
    7.5000   45.0000   37.5000 1621.9580   26.3841
   -7.5000  -45.0000   45.0000 2594.3655   12.6352
    0.0000  -45.0000   45.0000 2607.7837   12.5086
    7.5000  -45.0000   45.0000 2577.1890   12.8725
   -7.5000  -37.5000   45.0000 2672.4875   12.0995
    0.0000  -37.5000   45.0000 2681.9592   11.9885
    7.5000  -37.5000   45.0000 2647.5073   12.3243
   -7.5000  -30.0000   45.0000 2699.9509   11.8396
    0.0000  -30.0000   45.0000 2706.4880   11.7274
    7.5000  -30.0000   45.0000 2675.9380   12.0072
   -7.5000  -22.5000   45.0000 2688.3809   11.8212
    0.0000  -22.5000   45.0000 2699.1211   11.7279
    7.5000  -22.5000   45.0000 2673.2776   11.9585
   -7.5000  -15.0000   45.0000 2643.7979   12.0253
    0.0000  -15.0000   45.0000 2654.0627   11.9199
    7.5000  -15.0000   45.0000 2630.5542   12.1542
   -7.5000   -7.5000   45.0000 2565.3882   12.4279
    0.0000   -7.5000   45.0000 2577.4221   12.3296
    7.5000   -7.5000   45.0000 2552.5452   12.5633
   -7.5000    0.0000   45.0000 2457.1062   13.1014
    0.0000    0.0000   45.0000 2471.7944   13.0177
    7.5000    0.0000   45.0000 2449.8735   13.2251
   -7.5000    7.5000   45.0000 2335.0447   14.0482
    0.0000    7.5000   45.0000 2346.4751   13.9677
    7.5000    7.5000   45.0000 2322.7473   14.1657
   -7.5000   15.0000   45.0000 2189.9016   15.3353
    0.0000   15.0000   45.0000 2200.7012   15.2494
    7.5000   15.0000   45.0000 2177.0024   15.4505
   -7.5000   22.5000   45.0000 2041.7817   17.0528
    0.0000   22.5000   45.0000 2049.0496   16.9604
    7.5000   22.5000   45.0000 2025.5037   17.1410
   -7.5000   30.0000   45.0000 1895.9528   19.3162
    0.0000   30.0000   45.0000 1902.2013   19.2779
    7.5000   30.0000   45.0000 1885.7166   19.5133
   -7.5000   37.5000   45.0000 1745.6642   22.4959
    0.0000   37.5000   45.0000 1751.4199   22.4354
    7.5000   37.5000   45.0000 1740.4884   22.7474
   -7.5000   45.0000   45.0000 1598.8334   26.9872
    0.0000   45.0000   45.0000 1603.6469   26.8418
    7.5000   45.0000   45.0000 1585.5121   27.2562

---------------------------------------------------------------------
imgreg_4dfp /opt/freesurfer/average/711-2C_as_mni_average_305 /opt/freesurfer/average/711-2B_as_mni_average_305_mask talsrcimg_g11 none talsrcimg_to_711-2C_as_mni_average_305_t4 1283
---------------------------------------------------------------------

freesurfer imgreg_4dfp.c
/opt/freesurfer/average/711-2C_as_mni_average_305.4dfp.img
       256       256       256         1
  1.000000  1.000000  1.000000
orientation T byte_order littleendian
Reading image: /opt/freesurfer/average/711-2C_as_mni_average_305.4dfp.img
dimensions:      256       256       256
mmppix:       1.0000   -1.0000   -1.0000
center:     128.0000 -129.0000 -129.0000
/opt/freesurfer/average/711-2B_as_mni_average_305_mask.4dfp.img
       256       256       256         1
  1.000000  1.000000  1.000000
orientation T byte_order littleendian
Reading mask: /opt/freesurfer/average/711-2B_as_mni_average_305_mask.4dfp.img (2306576 pixels)
talsrcimg_g11.4dfp.img
       256       256       256         1
  1.000000  1.000000  1.000000
orientation T byte_order littleendian
Reading image: talsrcimg_g11.4dfp.img
dimensions:      256       256       256
mmppix:       1.0000   -1.0000   -1.0000
center:     128.0000 -129.0000 -129.0000
rotation matrix determinant  1.000000
fimgreg.f
image alignment mode   1283 decimal      503 hex
parameters
    0.0000  -30.0000   15.0000    0.0000    0.0000    0.0000
eta,q 0.92789 10.06235
niter,ni,del,rscale     5    3   12.0000    1.2000
parameter  1  0.584827 ->  0.500000 qaram    1.1500
parameter  4  3.374000 ->  0.500000 qaram    1.1500
parameters
   -3.4500  -29.1128   13.6994   -3.4500    2.7536    0.7046
eta,q 0.93632 10.01207
  0.0702  0.0744  0.0695  0.0620  0.0725  0.0661
  0.0670  0.0683  0.0689  0.0636  0.0690  0.0642
  0.0675  0.0666  0.0672  0.0646  0.0659  0.0636
  0.0710  0.0665  0.0665  0.0665  0.0640  0.0637
  0.0762  0.0670  0.0682  0.0694  0.0639  0.0635
  0.0820  0.0677  0.0710  0.0716  0.0635  0.0635
  0.0892  0.0695  0.0747  0.0732  0.0646  0.0651
niter,ni,del,rscale     6    3   12.0000    1.2000
parameter  4  1.399266 ->  0.500000 qaram    1.3225
parameters
   -3.6150  -27.7010   13.1503   -7.4175    2.7821   -0.5259
eta,q 0.94042  9.99638
  0.0789  0.0710  0.0662  0.0597  0.0648  0.0614
  0.0695  0.0657  0.0648  0.0594  0.0621  0.0596
  0.0636  0.0642  0.0637  0.0613  0.0603  0.0594
  0.0637  0.0635  0.0631  0.0632  0.0598  0.0598
  0.0663  0.0630  0.0634  0.0661  0.0605  0.0602
  0.0717  0.0634  0.0652  0.0699  0.0621  0.0613
  0.0789  0.0656  0.0684  0.0718  0.0645  0.0640
niter,ni,del,rscale     6    3   12.0000    1.2000
parameters
   -3.8540  -25.9366   12.5979  -10.7808    2.8169   -0.3555
eta,q 0.94300 10.00001
  0.0768  0.0691  0.0635  0.0598  0.0658  0.0614
  0.0671  0.0644  0.0613  0.0579  0.0616  0.0587
  0.0606  0.0615  0.0596  0.0569  0.0586  0.0572
  0.0596  0.0594  0.0585  0.0587  0.0570  0.0570
  0.0634  0.0584  0.0594  0.0615  0.0580  0.0575
  0.0701  0.0593  0.0629  0.0653  0.0618  0.0585
  0.0775  0.0621  0.0661  0.0701  0.0655  0.0607
niter,ni,del,rscale     5    3   12.0000    1.2000
parameters
   -3.7697  -25.3778   11.5000  -11.4165    2.8767   -0.2721
eta,q 0.94395 10.00112
  0.0794  0.0653  0.0617  0.0634  0.0649  0.0602
  0.0686  0.0620  0.0581  0.0594  0.0607  0.0576
  0.0603  0.0597  0.0564  0.0570  0.0576  0.0562
  0.0570  0.0570  0.0565  0.0561  0.0561  0.0560
  0.0604  0.0562  0.0589  0.0586  0.0571  0.0565
  0.0687  0.0591  0.0627  0.0619  0.0607  0.0575
  0.0776  0.0640  0.0661  0.0649  0.0646  0.0598
niter,ni,del,rscale     4    3   12.0000    1.2000
parameters
   -3.6996  -25.3166   11.3222  -11.5489    2.8806   -0.2276
eta,q 0.94402 10.00629
  0.0785  0.0644  0.0645  0.0647  0.0646  0.0601
  0.0678  0.0615  0.0594  0.0598  0.0605  0.0575
  0.0597  0.0584  0.0568  0.0574  0.0574  0.0561
  0.0561  0.0560  0.0560  0.0560  0.0560  0.0560
  0.0591  0.0564  0.0576  0.0579  0.0571  0.0564
  0.0680  0.0600  0.0610  0.0615  0.0607  0.0574
  0.0773  0.0655  0.0648  0.0642  0.0646  0.0598
niter,ni,del,rscale     3    3   12.0000    1.2000
parameters
   -3.6817  -25.3060   11.2699  -11.5948    2.8799   -0.2118
eta,q 0.94403 10.00867
  0.0782  0.0644  0.0650  0.0649  0.0646  0.0601
  0.0675  0.0614  0.0597  0.0599  0.0605  0.0574
  0.0595  0.0582  0.0570  0.0575  0.0574  0.0560
  0.0560  0.0560  0.0560  0.0560  0.0560  0.0560
  0.0593  0.0565  0.0574  0.0578  0.0571  0.0564
  0.0682  0.0602  0.0608  0.0614  0.0607  0.0574
  0.0775  0.0657  0.0646  0.0641  0.0645  0.0599
registration optimization eta report
parameter search radius
    6.9000    6.0000    6.0000    7.9350    6.0000    6.0000
100000*second partial in parameter space
       45.       25.       24.       13.       23.       11.
  0.0782  0.0644  0.0650  0.0649  0.0646  0.0601
  0.0675  0.0614  0.0597  0.0599  0.0605  0.0574
  0.0595  0.0582  0.0570  0.0575  0.0574  0.0560
  0.0560  0.0560  0.0560  0.0560  0.0560  0.0560
  0.0593  0.0565  0.0574  0.0578  0.0571  0.0564
  0.0682  0.0602  0.0608  0.0614  0.0607  0.0574
  0.0775  0.0657  0.0646  0.0641  0.0645  0.0599
   -3.6817  -25.3060   11.2699  -11.5948    2.8799   -0.2118
eta,q 0.94403 10.00867

---------------------------------------------------------------------
imgreg_4dfp /opt/freesurfer/average/711-2C_as_mni_average_305 /opt/freesurfer/average/711-2B_as_mni_average_305_mask talsrcimg_g11 none talsrcimg_to_711-2C_as_mni_average_305_t4 3335
---------------------------------------------------------------------

freesurfer imgreg_4dfp.c
/opt/freesurfer/average/711-2C_as_mni_average_305.4dfp.img
       256       256       256         1
  1.000000  1.000000  1.000000
orientation T byte_order littleendian
Reading image: /opt/freesurfer/average/711-2C_as_mni_average_305.4dfp.img
dimensions:      256       256       256
mmppix:       1.0000   -1.0000   -1.0000
center:     128.0000 -129.0000 -129.0000
/opt/freesurfer/average/711-2B_as_mni_average_305_mask.4dfp.img
       256       256       256         1
  1.000000  1.000000  1.000000
orientation T byte_order littleendian
Reading mask: /opt/freesurfer/average/711-2B_as_mni_average_305_mask.4dfp.img (2306576 pixels)
talsrcimg_g11.4dfp.img
       256       256       256         1
  1.000000  1.000000  1.000000
orientation T byte_order littleendian
Reading image: talsrcimg_g11.4dfp.img
dimensions:      256       256       256
mmppix:       1.0000   -1.0000   -1.0000
center:     128.0000 -129.0000 -129.0000
fimgreg.f
image alignment mode   3335 decimal      D07 hex
parameters
   -3.6817  -25.3060   11.2699   -0.1270   -2.0451   -2.1644
    1.3719   -4.8474   -0.3692   20.1170    5.0243  -20.0736
eta,q 0.94256 10.11276
niter,ni,del,rscale     5    3    5.0000    1.2000
parameter  4  0.592777 ->  0.500000 qaram    1.1500
parameter  5  4.911010 ->  0.500000 qaram    1.1500
parameter  6  1.161056 ->  0.500000 qaram    1.1500
parameter 10  0.579820 ->  0.500000 qaram    1.1500
parameter 11 -0.642027 -> -0.500000 qaram    1.1500
parameter 12  0.983956 ->  0.500000 qaram    1.1500
parameters
   -3.5717  -26.1906   11.5759   -4.2670   -6.1851   -6.3044
    0.0546   -3.6134    0.4903   15.9770    9.1643  -24.2136
eta,q 0.95256  9.74138
  0.0607  0.0579  0.0589  0.0566  0.0485  0.0483  0.0502  0.0543  0.0508  0.0483  0.0497  0.0474
  0.0589  0.0574  0.0580  0.0562  0.0510  0.0488  0.0494  0.0519  0.0497  0.0481  0.0490  0.0474
  0.0579  0.0572  0.0575  0.0563  0.0535  0.0499  0.0489  0.0500  0.0490  0.0483  0.0485  0.0476
  0.0574  0.0574  0.0572  0.0572  0.0562  0.0517  0.0490  0.0489  0.0488  0.0488  0.0481  0.0479
  0.0577  0.0580  0.0572  0.0588  0.0592  0.0542  0.0495  0.0489  0.0489  0.0498  0.0479  0.0483
  0.0586  0.0589  0.0576  0.0611  0.0622  0.0572  0.0503  0.0499  0.0493  0.0515  0.0478  0.0487
  0.0601  0.0600  0.0582  0.0641  0.0658  0.0605  0.0515  0.0517  0.0500  0.0539  0.0479  0.0493
niter,ni,del,rscale     7    3    5.0000    1.2000
parameter  5  4.251407 ->  0.500000 qaram    1.3225
parameter  6  0.521062 ->  0.500000 qaram    1.3225
parameters
   -3.4927  -26.8945   10.9013   -4.7824  -10.9461  -11.0654
    0.9102   -4.0852    0.8551   16.1312    8.2891  -24.6625
eta,q 0.95884  9.37120
  0.0505  0.0481  0.0478  0.0494  0.0390  0.0416  0.0441  0.0447  0.0429  0.0450  0.0419  0.0425
  0.0489  0.0474  0.0473  0.0485  0.0414  0.0412  0.0426  0.0426  0.0420  0.0431  0.0414  0.0418
  0.0478  0.0472  0.0472  0.0478  0.0441  0.0414  0.0417  0.0414  0.0414  0.0418  0.0412  0.0413
  0.0474  0.0474  0.0472  0.0472  0.0473  0.0421  0.0412  0.0412  0.0412  0.0412  0.0412  0.0412
  0.0477  0.0479  0.0476  0.0471  0.0504  0.0432  0.0413  0.0419  0.0413  0.0415  0.0413  0.0414
  0.0486  0.0486  0.0483  0.0484  0.0539  0.0456  0.0419  0.0434  0.0418  0.0428  0.0417  0.0420
  0.0502  0.0495  0.0493  0.0508  0.0576  0.0493  0.0430  0.0456  0.0426  0.0449  0.0422  0.0429
niter,ni,del,rscale     7    3    5.0000    1.2000
parameter  5  1.157393 ->  0.500000 qaram    1.5209
parameters
   -3.3219  -27.1684   11.1943   -4.6374  -16.4213   -9.9051
    1.2800   -3.9672    1.5425   16.6928    8.6267  -25.1460
eta,q 0.96306  9.19672
  0.0446  0.0429  0.0429  0.0434  0.0367  0.0413  0.0403  0.0415  0.0394  0.0419  0.0380  0.0386
  0.0428  0.0417  0.0420  0.0423  0.0369  0.0394  0.0387  0.0391  0.0382  0.0395  0.0374  0.0376
  0.0417  0.0411  0.0414  0.0415  0.0383  0.0379  0.0375  0.0375  0.0374  0.0378  0.0370  0.0370
  0.0412  0.0411  0.0411  0.0410  0.0410  0.0371  0.0370  0.0370  0.0370  0.0370  0.0369  0.0369
  0.0413  0.0416  0.0411  0.0409  0.0445  0.0371  0.0373  0.0375  0.0371  0.0372  0.0370  0.0373
  0.0422  0.0425  0.0415  0.0418  0.0482  0.0378  0.0382  0.0390  0.0377  0.0385  0.0373  0.0380
  0.0438  0.0438  0.0422  0.0436  0.0523  0.0399  0.0398  0.0411  0.0387  0.0409  0.0378  0.0388
niter,ni,del,rscale     7    3    5.0000    1.2000
parameters
   -3.2816  -26.8545   11.4108   -3.8440  -21.3005   -8.9874
    1.2620   -3.9266    1.7334   16.7617    9.1588  -26.8885
eta,q 0.96423  9.02412
  0.0404  0.0405  0.0386  0.0401  0.0375  0.0399  0.0386  0.0403  0.0377  0.0397  0.0370  0.0368
  0.0386  0.0386  0.0377  0.0387  0.0366  0.0381  0.0372  0.0380  0.0368  0.0377  0.0364  0.0360
  0.0374  0.0374  0.0372  0.0376  0.0360  0.0368  0.0363  0.0364  0.0362  0.0364  0.0361  0.0357
  0.0369  0.0369  0.0369  0.0369  0.0367  0.0361  0.0360  0.0360  0.0360  0.0360  0.0360  0.0360
  0.0372  0.0370  0.0369  0.0367  0.0393  0.0359  0.0363  0.0365  0.0361  0.0364  0.0360  0.0364
  0.0383  0.0377  0.0373  0.0375  0.0432  0.0366  0.0372  0.0379  0.0367  0.0376  0.0363  0.0370
  0.0403  0.0389  0.0381  0.0395  0.0473  0.0391  0.0386  0.0401  0.0376  0.0396  0.0368  0.0376
niter,ni,del,rscale     6    3    5.0000    1.2000
parameters
   -3.2940  -26.2115   11.5113   -2.9871  -23.2632   -9.2281
    1.3126   -3.9716    1.8346   17.3083    9.1965  -27.7535
eta,q 0.96443  8.94981
  0.0391  0.0396  0.0372  0.0391  0.0384  0.0391  0.0383  0.0398  0.0371  0.0394  0.0368  0.0368
  0.0373  0.0377  0.0364  0.0377  0.0370  0.0374  0.0369  0.0376  0.0363  0.0374  0.0361  0.0360
  0.0362  0.0365  0.0358  0.0366  0.0360  0.0362  0.0360  0.0361  0.0358  0.0362  0.0358  0.0356
  0.0358  0.0358  0.0356  0.0356  0.0355  0.0356  0.0357  0.0357  0.0357  0.0357  0.0357  0.0357
  0.0361  0.0357  0.0358  0.0354  0.0363  0.0358  0.0360  0.0362  0.0358  0.0359  0.0358  0.0361
  0.0373  0.0361  0.0362  0.0364  0.0389  0.0370  0.0369  0.0377  0.0363  0.0368  0.0361  0.0366
  0.0392  0.0369  0.0369  0.0384  0.0423  0.0401  0.0382  0.0399  0.0370  0.0385  0.0367  0.0371
niter,ni,del,rscale     5    3    5.0000    1.2000
parameters
   -3.3619  -25.7970   11.4617   -2.7060  -24.1419   -9.4640
    1.3830   -3.9912    1.8726   17.6607    9.2588  -28.1232
eta,q 0.96439  8.90862
  0.0387  0.0384  0.0370  0.0387  0.0388  0.0390  0.0382  0.0398  0.0369  0.0390  0.0368  0.0370
  0.0370  0.0369  0.0362  0.0375  0.0373  0.0374  0.0369  0.0376  0.0362  0.0372  0.0362  0.0361
  0.0359  0.0360  0.0357  0.0364  0.0362  0.0362  0.0360  0.0361  0.0358  0.0360  0.0358  0.0357
  0.0356  0.0356  0.0355  0.0355  0.0355  0.0356  0.0356  0.0356  0.0356  0.0356  0.0356  0.0356
  0.0360  0.0356  0.0358  0.0356  0.0358  0.0359  0.0360  0.0361  0.0358  0.0359  0.0358  0.0360
  0.0372  0.0361  0.0363  0.0367  0.0377  0.0371  0.0368  0.0376  0.0362  0.0368  0.0362  0.0365
  0.0391  0.0369  0.0371  0.0389  0.0409  0.0400  0.0381  0.0398  0.0369  0.0384  0.0368  0.0370
niter,ni,del,rscale     4    3    5.0000    1.2000
parameters
   -3.3997  -25.5794   11.3948   -2.6059  -24.5627   -9.6482
    1.4440   -4.0040    1.9007   17.8635    9.2886  -28.2660
eta,q 0.96433  8.88556
  0.0387  0.0379  0.0370  0.0387  0.0390  0.0391  0.0382  0.0397  0.0369  0.0388  0.0368  0.0370
  0.0370  0.0366  0.0362  0.0375  0.0375  0.0375  0.0369  0.0376  0.0362  0.0370  0.0362  0.0362
  0.0360  0.0359  0.0358  0.0364  0.0364  0.0363  0.0360  0.0362  0.0358  0.0360  0.0358  0.0357
  0.0356  0.0356  0.0356  0.0356  0.0356  0.0357  0.0357  0.0357  0.0357  0.0357  0.0357  0.0357
  0.0360  0.0358  0.0358  0.0357  0.0356  0.0359  0.0360  0.0362  0.0358  0.0360  0.0358  0.0360
  0.0371  0.0363  0.0363  0.0369  0.0373  0.0371  0.0368  0.0376  0.0362  0.0369  0.0362  0.0365
  0.0390  0.0371  0.0371  0.0391  0.0403  0.0399  0.0381  0.0398  0.0369  0.0385  0.0368  0.0369
niter,ni,del,rscale     3    3    5.0000    1.2000
parameters
   -3.4198  -25.4581   11.3478   -2.5697  -24.8024   -9.7530
    1.4804   -4.0169    1.9339   17.9738    9.3128  -28.3293
eta,q 0.96428  8.87193
  0.0388  0.0376  0.0370  0.0386  0.0390  0.0391  0.0382  0.0397  0.0369  0.0387  0.0369  0.0371
  0.0371  0.0365  0.0363  0.0375  0.0376  0.0375  0.0369  0.0376  0.0362  0.0370  0.0363  0.0363
  0.0361  0.0359  0.0358  0.0365  0.0365  0.0364  0.0360  0.0362  0.0359  0.0360  0.0359  0.0358
  0.0357  0.0357  0.0357  0.0357  0.0357  0.0357  0.0357  0.0357  0.0357  0.0357  0.0357  0.0357
  0.0360  0.0358  0.0359  0.0358  0.0356  0.0359  0.0360  0.0362  0.0358  0.0360  0.0359  0.0361
  0.0371  0.0364  0.0364  0.0370  0.0371  0.0371  0.0369  0.0376  0.0362  0.0369  0.0362  0.0365
  0.0389  0.0372  0.0371  0.0391  0.0401  0.0398  0.0381  0.0398  0.0368  0.0385  0.0369  0.0369
niter,ni,del,rscale     2    3    5.0000    1.2000
parameters
   -3.4325  -25.3883   11.3195   -2.5486  -24.9426   -9.8201
    1.5000   -4.0291    1.9506   18.0401    9.3303  -28.3590
eta,q 0.96425  8.86374
  0.0388  0.0375  0.0371  0.0386  0.0390  0.0391  0.0382  0.0397  0.0369  0.0386  0.0369  0.0371
  0.0371  0.0365  0.0364  0.0376  0.0376  0.0376  0.0369  0.0377  0.0362  0.0370  0.0363  0.0363
  0.0361  0.0359  0.0359  0.0365  0.0365  0.0364  0.0360  0.0362  0.0359  0.0360  0.0359  0.0358
  0.0357  0.0357  0.0357  0.0357  0.0357  0.0357  0.0357  0.0357  0.0357  0.0357  0.0357  0.0357
  0.0361  0.0359  0.0359  0.0358  0.0356  0.0359  0.0361  0.0362  0.0359  0.0360  0.0359  0.0361
  0.0372  0.0364  0.0364  0.0370  0.0371  0.0370  0.0369  0.0377  0.0362  0.0369  0.0363  0.0365
  0.0389  0.0373  0.0372  0.0392  0.0400  0.0398  0.0382  0.0398  0.0369  0.0385  0.0369  0.0369
niter,ni,del,rscale     1    3    5.0000    1.2000
parameters
   -3.4411  -25.3485   11.3011   -2.5417  -25.0288   -9.8571
    1.5129   -4.0398    1.9608   18.0778    9.3527  -28.3796
eta,q 0.96424  8.85872
  0.0388  0.0375  0.0371  0.0386  0.0390  0.0391  0.0382  0.0397  0.0369  0.0386  0.0369  0.0371
  0.0372  0.0365  0.0364  0.0376  0.0376  0.0376  0.0369  0.0377  0.0362  0.0370  0.0363  0.0363
  0.0361  0.0359  0.0359  0.0365  0.0365  0.0364  0.0361  0.0362  0.0359  0.0360  0.0359  0.0358
  0.0358  0.0358  0.0357  0.0357  0.0357  0.0358  0.0358  0.0358  0.0358  0.0358  0.0358  0.0358
  0.0361  0.0359  0.0359  0.0359  0.0356  0.0359  0.0361  0.0362  0.0359  0.0361  0.0359  0.0361
  0.0372  0.0365  0.0364  0.0371  0.0370  0.0370  0.0369  0.0377  0.0362  0.0370  0.0363  0.0365
  0.0389  0.0373  0.0372  0.0392  0.0399  0.0398  0.0382  0.0398  0.0369  0.0385  0.0369  0.0369
registration optimization eta report
parameter search radius
    2.4000    2.4000    2.4000    8.2800   10.9503    9.5220
    7.2000    7.2000    7.2000    8.2800    8.2800    8.2800
100000*second partial in parameter space
       54.       29.       24.        5.        3.        4.
        5.        8.        2.        4.        2.        2.
  0.0388  0.0375  0.0371  0.0386  0.0390  0.0391  0.0382  0.0397  0.0369  0.0386  0.0369  0.0371
  0.0372  0.0365  0.0364  0.0376  0.0376  0.0376  0.0369  0.0377  0.0362  0.0370  0.0363  0.0363
  0.0361  0.0359  0.0359  0.0365  0.0365  0.0364  0.0361  0.0362  0.0359  0.0360  0.0359  0.0358
  0.0358  0.0358  0.0357  0.0357  0.0357  0.0358  0.0358  0.0358  0.0358  0.0358  0.0358  0.0358
  0.0361  0.0359  0.0359  0.0359  0.0356  0.0359  0.0361  0.0362  0.0359  0.0361  0.0359  0.0361
  0.0372  0.0365  0.0364  0.0371  0.0370  0.0370  0.0369  0.0377  0.0362  0.0370  0.0363  0.0365
  0.0389  0.0373  0.0372  0.0392  0.0399  0.0398  0.0382  0.0398  0.0369  0.0385  0.0369  0.0369
   -3.4411  -25.3485   11.3011   -2.5417  -25.0288   -9.8571
    1.5129   -4.0398    1.9608   18.0778    9.3527  -28.3796
eta,q 0.96424  8.85872

---------------------------------------------------------------------
imgreg_4dfp /opt/freesurfer/average/711-2C_as_mni_average_305 /opt/freesurfer/average/711-2B_as_mni_average_305_mask talsrcimg_g11 none talsrcimg_to_711-2C_as_mni_average_305_t4 2311
---------------------------------------------------------------------

freesurfer imgreg_4dfp.c
/opt/freesurfer/average/711-2C_as_mni_average_305.4dfp.img
       256       256       256         1
  1.000000  1.000000  1.000000
orientation T byte_order littleendian
Reading image: /opt/freesurfer/average/711-2C_as_mni_average_305.4dfp.img
dimensions:      256       256       256
mmppix:       1.0000   -1.0000   -1.0000
center:     128.0000 -129.0000 -129.0000
/opt/freesurfer/average/711-2B_as_mni_average_305_mask.4dfp.img
       256       256       256         1
  1.000000  1.000000  1.000000
orientation T byte_order littleendian
Reading mask: /opt/freesurfer/average/711-2B_as_mni_average_305_mask.4dfp.img (2306576 pixels)
talsrcimg_g11.4dfp.img
       256       256       256         1
  1.000000  1.000000  1.000000
orientation T byte_order littleendian
Reading image: talsrcimg_g11.4dfp.img
dimensions:      256       256       256
mmppix:       1.0000   -1.0000   -1.0000
center:     128.0000 -129.0000 -129.0000
fimgreg.f
image alignment mode   2311 decimal      907 hex
parameters
   -3.4411  -25.3485   11.3011   -2.5417  -25.0288   -9.8571
    1.5129   -4.0398    1.9608   18.0778    9.3527  -28.3796
eta,q 0.96424  8.85872
niter,ni,del,rscale     5    3    5.0000    0.8000
parameters
   -3.4306  -25.3736   11.2991   -1.7078  -23.0268   -9.3992
    1.4718   -3.8469    2.0674   18.3184    9.2588  -28.4666
eta,q 0.96456  9.00033
  0.0372  0.0365  0.0364  0.0373  0.0368  0.0367  0.0368  0.0377  0.0361  0.0367  0.0359  0.0361
  0.0364  0.0361  0.0361  0.0367  0.0364  0.0361  0.0361  0.0365  0.0357  0.0360  0.0357  0.0358
  0.0359  0.0358  0.0358  0.0362  0.0360  0.0357  0.0356  0.0358  0.0355  0.0356  0.0355  0.0355
  0.0358  0.0358  0.0358  0.0358  0.0357  0.0355  0.0355  0.0355  0.0354  0.0354  0.0354  0.0354
  0.0359  0.0359  0.0358  0.0357  0.0355  0.0355  0.0356  0.0356  0.0355  0.0355  0.0355  0.0356
  0.0364  0.0361  0.0361  0.0360  0.0355  0.0358  0.0361  0.0363  0.0357  0.0359  0.0357  0.0358
  0.0372  0.0365  0.0364  0.0367  0.0358  0.0363  0.0368  0.0374  0.0360  0.0365  0.0360  0.0361
niter,ni,del,rscale     4    3    5.0000    0.7000
parameters
   -3.4585  -25.8464   11.3616   -1.8216  -22.4442   -9.0069
    1.4800   -3.7965    1.9538   18.1742    9.2185  -28.3517
eta,q 0.96470  9.04596
  0.0366  0.0357  0.0360  0.0364  0.0362  0.0363  0.0364  0.0370  0.0358  0.0362  0.0357  0.0359
  0.0359  0.0354  0.0357  0.0359  0.0359  0.0358  0.0358  0.0361  0.0355  0.0357  0.0355  0.0356
  0.0356  0.0353  0.0354  0.0355  0.0356  0.0355  0.0354  0.0355  0.0354  0.0354  0.0354  0.0354
  0.0354  0.0354  0.0354  0.0354  0.0354  0.0353  0.0353  0.0353  0.0353  0.0353  0.0353  0.0353
  0.0356  0.0357  0.0354  0.0355  0.0353  0.0354  0.0354  0.0355  0.0354  0.0354  0.0353  0.0354
  0.0360  0.0360  0.0356  0.0359  0.0355  0.0356  0.0358  0.0360  0.0356  0.0358  0.0355  0.0356
  0.0367  0.0365  0.0359  0.0367  0.0359  0.0360  0.0364  0.0370  0.0359  0.0363  0.0357  0.0359
niter,ni,del,rscale     3    3    5.0000    0.6000
parameters
   -3.4376  -26.0075   11.4224   -1.8705  -22.1607   -8.8451
    1.4665   -3.7642    1.9215   18.0798    9.1869  -28.2795
eta,q 0.96474  9.06495
  0.0362  0.0357  0.0358  0.0362  0.0360  0.0360  0.0361  0.0365  0.0357  0.0360  0.0356  0.0358
  0.0357  0.0354  0.0355  0.0357  0.0357  0.0356  0.0356  0.0358  0.0355  0.0356  0.0354  0.0355
  0.0354  0.0353  0.0354  0.0354  0.0354  0.0354  0.0354  0.0354  0.0353  0.0353  0.0353  0.0353
  0.0353  0.0353  0.0353  0.0353  0.0353  0.0353  0.0353  0.0353  0.0353  0.0353  0.0353  0.0353
  0.0354  0.0354  0.0353  0.0354  0.0353  0.0353  0.0354  0.0354  0.0353  0.0354  0.0353  0.0353
  0.0357  0.0357  0.0355  0.0357  0.0355  0.0355  0.0357  0.0358  0.0355  0.0356  0.0354  0.0355
  0.0362  0.0360  0.0357  0.0363  0.0358  0.0359  0.0361  0.0365  0.0357  0.0360  0.0356  0.0357
niter,ni,del,rscale     2    3    5.0000    0.5000
parameters
   -3.4250  -26.0950   11.4513   -1.8674  -21.9788   -8.7981
    1.4577   -3.7373    1.9205   18.0310    9.1629  -28.2651
eta,q 0.96475  9.07604
  0.0359  0.0356  0.0356  0.0359  0.0358  0.0357  0.0358  0.0361  0.0356  0.0358  0.0355  0.0356
  0.0356  0.0354  0.0354  0.0356  0.0355  0.0355  0.0355  0.0357  0.0354  0.0355  0.0354  0.0354
  0.0353  0.0353  0.0353  0.0354  0.0354  0.0353  0.0353  0.0354  0.0353  0.0353  0.0353  0.0353
  0.0353  0.0353  0.0353  0.0353  0.0353  0.0353  0.0353  0.0353  0.0353  0.0353  0.0353  0.0353
  0.0353  0.0353  0.0353  0.0353  0.0353  0.0353  0.0353  0.0353  0.0353  0.0353  0.0353  0.0353
  0.0355  0.0355  0.0354  0.0356  0.0354  0.0355  0.0355  0.0356  0.0354  0.0355  0.0354  0.0354
  0.0359  0.0357  0.0356  0.0359  0.0357  0.0357  0.0358  0.0361  0.0356  0.0358  0.0355  0.0356
niter,ni,del,rscale     1    3    5.0000    0.4000
parameters
   -3.4187  -26.1455   11.4609   -1.8592  -21.8256   -8.7876
    1.4521   -3.7198    1.9376   18.0066    9.1532  -28.2688
eta,q 0.96476  9.08448
  0.0357  0.0355  0.0355  0.0357  0.0356  0.0356  0.0356  0.0358  0.0354  0.0356  0.0354  0.0355
  0.0354  0.0353  0.0354  0.0355  0.0354  0.0354  0.0354  0.0355  0.0353  0.0354  0.0353  0.0354
  0.0353  0.0353  0.0353  0.0353  0.0353  0.0353  0.0353  0.0353  0.0353  0.0353  0.0353  0.0353
  0.0353  0.0353  0.0352  0.0353  0.0353  0.0352  0.0352  0.0352  0.0353  0.0352  0.0352  0.0352
  0.0353  0.0353  0.0353  0.0353  0.0353  0.0353  0.0353  0.0353  0.0353  0.0353  0.0353  0.0353
  0.0354  0.0354  0.0353  0.0354  0.0354  0.0354  0.0354  0.0355  0.0353  0.0354  0.0353  0.0354
  0.0357  0.0356  0.0355  0.0357  0.0355  0.0355  0.0356  0.0358  0.0354  0.0356  0.0354  0.0355
registration optimization eta report
parameter search radius
    0.8000    0.8000    0.8000    2.4000    2.4000    2.4000
    2.4000    2.4000    2.4000    2.4000    2.4000    2.4000
100000*second partial in parameter space
       64.       41.       33.        8.        5.        5.
        7.       10.        3.        6.        3.        4.
  0.0357  0.0355  0.0355  0.0357  0.0356  0.0356  0.0356  0.0358  0.0354  0.0356  0.0354  0.0355
  0.0354  0.0353  0.0354  0.0355  0.0354  0.0354  0.0354  0.0355  0.0353  0.0354  0.0353  0.0354
  0.0353  0.0353  0.0353  0.0353  0.0353  0.0353  0.0353  0.0353  0.0353  0.0353  0.0353  0.0353
  0.0353  0.0353  0.0352  0.0353  0.0353  0.0352  0.0352  0.0352  0.0353  0.0352  0.0352  0.0352
  0.0353  0.0353  0.0353  0.0353  0.0353  0.0353  0.0353  0.0353  0.0353  0.0353  0.0353  0.0353
  0.0354  0.0354  0.0353  0.0354  0.0354  0.0354  0.0354  0.0355  0.0353  0.0354  0.0353  0.0354
  0.0357  0.0356  0.0355  0.0357  0.0355  0.0355  0.0356  0.0358  0.0354  0.0356  0.0354  0.0355
   -3.4187  -26.1455   11.4609   -1.8592  -21.8256   -8.7876
    1.4521   -3.7198    1.9376   18.0066    9.1532  -28.2688
eta,q 0.96476  9.08448

---------------------------------------------------------------------
imgreg_4dfp /opt/freesurfer/average/711-2C_as_mni_average_305 /opt/freesurfer/average/711-2B_as_mni_average_305_mask talsrcimg_g11 none talsrcimg_to_711-2C_as_mni_average_305_t4 2311
---------------------------------------------------------------------

freesurfer imgreg_4dfp.c
/opt/freesurfer/average/711-2C_as_mni_average_305.4dfp.img
       256       256       256         1
  1.000000  1.000000  1.000000
orientation T byte_order littleendian
Reading image: /opt/freesurfer/average/711-2C_as_mni_average_305.4dfp.img
dimensions:      256       256       256
mmppix:       1.0000   -1.0000   -1.0000
center:     128.0000 -129.0000 -129.0000
/opt/freesurfer/average/711-2B_as_mni_average_305_mask.4dfp.img
       256       256       256         1
  1.000000  1.000000  1.000000
orientation T byte_order littleendian
Reading mask: /opt/freesurfer/average/711-2B_as_mni_average_305_mask.4dfp.img (2306576 pixels)
talsrcimg_g11.4dfp.img
       256       256       256         1
  1.000000  1.000000  1.000000
orientation T byte_order littleendian
Reading image: talsrcimg_g11.4dfp.img
dimensions:      256       256       256
mmppix:       1.0000   -1.0000   -1.0000
center:     128.0000 -129.0000 -129.0000
fimgreg.f
image alignment mode   2311 decimal      907 hex
parameters
   -3.4187  -26.1455   11.4609   -1.8592  -21.8256   -8.7876
    1.4521   -3.7198    1.9376   18.0066    9.1532  -28.2688
eta,q 0.96476  9.08449
niter,ni,del,rscale     5    3    5.0000    0.8000
parameters
   -3.4152  -26.1327   11.4697   -2.1403  -22.2101   -8.7138
    1.4719   -3.8091    1.8628   17.9691    9.1627  -28.1501
eta,q 0.96472  9.06012
  0.0369  0.0364  0.0361  0.0366  0.0362  0.0364  0.0367  0.0374  0.0360  0.0366  0.0358  0.0361
  0.0360  0.0357  0.0356  0.0360  0.0358  0.0358  0.0359  0.0362  0.0356  0.0358  0.0355  0.0357
  0.0354  0.0354  0.0353  0.0354  0.0354  0.0354  0.0354  0.0355  0.0354  0.0354  0.0354  0.0354
  0.0352  0.0352  0.0353  0.0353  0.0353  0.0353  0.0353  0.0353  0.0353  0.0353  0.0353  0.0353
  0.0354  0.0354  0.0353  0.0354  0.0354  0.0354  0.0354  0.0355  0.0354  0.0354  0.0353  0.0354
  0.0360  0.0357  0.0356  0.0361  0.0359  0.0357  0.0359  0.0363  0.0356  0.0359  0.0355  0.0357
  0.0369  0.0363  0.0360  0.0371  0.0367  0.0364  0.0367  0.0376  0.0361  0.0366  0.0358  0.0360
niter,ni,del,rscale     4    3    5.0000    0.7000
parameters
   -3.4074  -26.0752   11.4699   -2.0336  -22.2138   -8.7263
    1.4524   -3.7824    1.8813   17.9638    9.1856  -28.1889
eta,q 0.96472  9.06058
  0.0365  0.0362  0.0359  0.0365  0.0361  0.0361  0.0364  0.0370  0.0359  0.0363  0.0357  0.0359
  0.0359  0.0357  0.0356  0.0359  0.0357  0.0357  0.0358  0.0361  0.0355  0.0357  0.0355  0.0355
  0.0354  0.0354  0.0353  0.0355  0.0354  0.0354  0.0354  0.0355  0.0353  0.0354  0.0353  0.0353
  0.0353  0.0353  0.0353  0.0353  0.0353  0.0353  0.0353  0.0353  0.0353  0.0353  0.0353  0.0353
  0.0354  0.0354  0.0354  0.0354  0.0353  0.0354  0.0354  0.0354  0.0353  0.0354  0.0353  0.0354
  0.0358  0.0356  0.0356  0.0358  0.0356  0.0357  0.0358  0.0360  0.0355  0.0357  0.0355  0.0356
  0.0365  0.0360  0.0359  0.0365  0.0362  0.0361  0.0364  0.0370  0.0359  0.0363  0.0357  0.0359
niter,ni,del,rscale     3    3    5.0000    0.6000
parameters
   -3.4119  -26.0909   11.4700   -1.9421  -22.0976   -8.7458
    1.4570   -3.7562    1.8988   17.9863    9.1669  -28.2238
eta,q 0.96474  9.06888
  0.0362  0.0358  0.0357  0.0362  0.0359  0.0359  0.0361  0.0365  0.0357  0.0360  0.0356  0.0357
  0.0357  0.0355  0.0355  0.0358  0.0356  0.0356  0.0356  0.0358  0.0355  0.0356  0.0354  0.0355
  0.0354  0.0353  0.0353  0.0354  0.0354  0.0353  0.0354  0.0354  0.0353  0.0353  0.0353  0.0353
  0.0353  0.0353  0.0353  0.0353  0.0353  0.0353  0.0353  0.0353  0.0353  0.0353  0.0353  0.0353
  0.0354  0.0353  0.0353  0.0353  0.0353  0.0353  0.0354  0.0354  0.0353  0.0353  0.0353  0.0353
  0.0357  0.0355  0.0355  0.0356  0.0355  0.0356  0.0356  0.0358  0.0354  0.0356  0.0354  0.0355
  0.0362  0.0359  0.0357  0.0362  0.0359  0.0359  0.0361  0.0365  0.0357  0.0360  0.0356  0.0357
niter,ni,del,rscale     2    3    5.0000    0.5000
parameters
   -3.4162  -26.1195   11.4632   -1.8964  -21.9629   -8.7668
    1.4516   -3.7360    1.9217   17.9964    9.1544  -28.2439
eta,q 0.96474  9.07675
  0.0359  0.0357  0.0356  0.0359  0.0357  0.0357  0.0358  0.0361  0.0356  0.0358  0.0355  0.0356
  0.0355  0.0354  0.0354  0.0356  0.0355  0.0355  0.0355  0.0356  0.0354  0.0355  0.0354  0.0354
  0.0353  0.0353  0.0353  0.0354  0.0353  0.0353  0.0353  0.0354  0.0353  0.0353  0.0353  0.0353
  0.0353  0.0353  0.0353  0.0353  0.0353  0.0353  0.0353  0.0353  0.0353  0.0353  0.0353  0.0353
  0.0353  0.0353  0.0353  0.0353  0.0353  0.0353  0.0353  0.0353  0.0353  0.0353  0.0353  0.0353
  0.0356  0.0355  0.0354  0.0355  0.0354  0.0355  0.0355  0.0356  0.0354  0.0355  0.0354  0.0354
  0.0359  0.0357  0.0356  0.0359  0.0357  0.0357  0.0358  0.0361  0.0356  0.0358  0.0355  0.0356
niter,ni,del,rscale     1    3    5.0000    0.4000
parameters
   -3.4139  -26.1491   11.4651   -1.8695  -21.8206   -8.7802
    1.4439   -3.7165    1.9293   17.9974    9.1366  -28.2511
eta,q 0.96476  9.08443
  0.0357  0.0355  0.0355  0.0357  0.0356  0.0356  0.0356  0.0358  0.0354  0.0356  0.0354  0.0355
  0.0354  0.0354  0.0353  0.0355  0.0354  0.0354  0.0354  0.0355  0.0353  0.0354  0.0353  0.0354
  0.0353  0.0353  0.0353  0.0353  0.0353  0.0353  0.0353  0.0353  0.0353  0.0353  0.0353  0.0353
  0.0353  0.0353  0.0352  0.0353  0.0353  0.0352  0.0352  0.0352  0.0352  0.0352  0.0352  0.0352
  0.0353  0.0353  0.0353  0.0353  0.0353  0.0353  0.0353  0.0353  0.0353  0.0353  0.0353  0.0353
  0.0354  0.0354  0.0353  0.0354  0.0354  0.0354  0.0354  0.0355  0.0353  0.0354  0.0353  0.0354
  0.0357  0.0355  0.0355  0.0357  0.0355  0.0356  0.0356  0.0358  0.0354  0.0356  0.0354  0.0355
registration optimization eta report
parameter search radius
    0.8000    0.8000    0.8000    2.4000    2.4000    2.4000
    2.4000    2.4000    2.4000    2.4000    2.4000    2.4000
100000*second partial in parameter space
       65.       42.       32.        8.        5.        5.
        7.       10.        3.        6.        3.        4.
  0.0357  0.0355  0.0355  0.0357  0.0356  0.0356  0.0356  0.0358  0.0354  0.0356  0.0354  0.0355
  0.0354  0.0354  0.0353  0.0355  0.0354  0.0354  0.0354  0.0355  0.0353  0.0354  0.0353  0.0354
  0.0353  0.0353  0.0353  0.0353  0.0353  0.0353  0.0353  0.0353  0.0353  0.0353  0.0353  0.0353
  0.0353  0.0353  0.0352  0.0353  0.0353  0.0352  0.0352  0.0352  0.0352  0.0352  0.0352  0.0352
  0.0353  0.0353  0.0353  0.0353  0.0353  0.0353  0.0353  0.0353  0.0353  0.0353  0.0353  0.0353
  0.0354  0.0354  0.0353  0.0354  0.0354  0.0354  0.0354  0.0355  0.0353  0.0354  0.0353  0.0354
  0.0357  0.0355  0.0355  0.0357  0.0355  0.0356  0.0356  0.0358  0.0354  0.0356  0.0354  0.0355
   -3.4139  -26.1491   11.4651   -1.8695  -21.8206   -8.7802
    1.4439   -3.7165    1.9293   17.9974    9.1366  -28.2511
eta,q 0.96476  9.08443

---------------------------------------------------------------------
compute_vox2vox talsrcimg talsrcimg_to_711-2C_as_mni_average_305_t4 /opt/freesurfer/average/711-2C_as_mni_average_305
---------------------------------------------------------------------

freesurfer compute_vox2vox.c
Reading: talsrcimg.4dfp.ifh
Reading: talsrcimg_to_711-2C_as_mni_average_305_t4
Reading: /opt/freesurfer/average/711-2C_as_mni_average_305.4dfp.ifh
Writing: talsrcimg_to_711-2C_as_mni_average_305_t4_vox2vox.txt

start time Thu Mar 12 07:51:19 CET 2026
end		time Thu Mar 12 07:52:45 CET 2026

mpr2mni305 success

avi2talxfm orig_nu.mgz /opt/freesurfer/average/mni305.cor.mgz talsrcimg_to_711-2C_as_mni_average_305_t4_vox2vox.txt transforms/talairach.auto.xfm
avi2talxfm done
mv -f /out/sourcedata/freesurfer/sub-v1s10x0051112_ses-1/mri/talsrcimg_to_711-2C_as_mni_average_305_t4_vox2vox.txt /out/sourcedata/freesurfer/sub-v1s10x0051112_ses-1/mri/transforms/talsrcimg_to_711-2C_as_mni_average_305_t4_vox2vox.txt
lta_convert --src orig_nu.mgz --trg /opt/freesurfer/average/mni305.cor.mgz --inxfm transforms/talairach.auto.xfm --outlta transforms/talairach.auto.xfm.lta --subject fsaverage
7.3.2

--src: orig_nu.mgz src image (geometry).
--trg: /opt/freesurfer/average/mni305.cor.mgz trg image (geometry).
--inmni: transforms/talairach.auto.xfm input MNI/XFM transform.
--outlta: transforms/talairach.auto.xfm.lta output LTA.
--s: fsaverage subject name
 LTA read, type : 1
 1.01521   0.04206  -0.00355   2.21901;
-0.10216   1.01906   0.37014  -3.65586;
-0.00154  -0.23563   1.19399   32.72502;
 0.00000   0.00000   0.00000   1.00000;
setting subject to fsaverage
Writing  LTA to file transforms/talairach.auto.xfm.lta...
lta_convert successful.
 
 
Started at Thu Mar 12 07:51:18 CET 2026
Ended   at Thu Mar 12 07:52:45 CET 2026
talairach_avi done
