status file for recon-all
Thu Mar 12 02:29:42 CET 2026
#@# Tessellate lh Thu Mar 12 02:29:42 CET 2026
#@# Smooth1 lh Thu Mar 12 02:29:46 CET 2026
#@# Inflation1 lh Thu Mar 12 02:29:49 CET 2026
#@# QSphere lh Thu Mar 12 02:30:00 CET 2026
#@# Fix Topology lh Thu Mar 12 02:30:59 CET 2026
#@# Smooth2 lh Thu Mar 12 02:36:37 CET 2026
#@# Inflation2 lh Thu Mar 12 02:36:40 CET 2026
#@# Curv .H and .K lh Thu Mar 12 02:36:53 CET 2026
#@# Sphere lh Thu Mar 12 02:37:36 CET 2026
#@# Surf Reg lh Thu Mar 12 02:39:54 CET 2026
#@# Jacobian white lh Thu Mar 12 02:43:22 CET 2026
#@# AvgCurv lh Thu Mar 12 02:43:23 CET 2026
#@# Cortical Parc lh Thu Mar 12 02:43:24 CET 2026
#@# white curv lh Thu Mar 12 02:49:22 CET 2026
#@# white area lh Thu Mar 12 02:49:23 CET 2026
#@# pial curv lh Thu Mar 12 02:49:24 CET 2026
#@# pial area lh Thu Mar 12 02:49:25 CET 2026
#@# thickness lh Thu Mar 12 02:49:26 CET 2026
#@# area and vertex vol lh Thu Mar 12 02:49:53 CET 2026
#@# Curvature Stats lh Thu Mar 12 02:49:54 CET 2026
#@# Cortical Parc 2 lh Thu Mar 12 02:49:57 CET 2026
#@# Cortical Parc 3 lh Thu Mar 12 02:50:08 CET 2026
#@# WM/GM Contrast lh Thu Mar 12 02:50:18 CET 2026
recon-all -s sub-v1s10x0050973_ses-1 finished without error at Thu Mar 12 02:50:22 CET 2026



#New# invocation of recon-all 



status file for recon-all
Thu Mar 12 03:29:13 CET 2026
#@# white curv lh Thu Mar 12 03:29:13 CET 2026
#@# white area lh Thu Mar 12 03:29:13 CET 2026
#@# pial curv lh Thu Mar 12 03:29:13 CET 2026
#@# pial area lh Thu Mar 12 03:29:13 CET 2026
#@# thickness lh Thu Mar 12 03:29:13 CET 2026
#@# area and vertex vol lh Thu Mar 12 03:29:13 CET 2026
#@# Parcellation Stats lh Thu Mar 12 03:29:13 CET 2026
#@# Parcellation Stats 2 lh Thu Mar 12 03:29:30 CET 2026
#@# Parcellation Stats 3 lh Thu Mar 12 03:29:39 CET 2026
#@# BA_exvivo Labels lh Thu Mar 12 03:29:48 CET 2026
recon-all -s sub-v1s10x0050973_ses-1 finished without error at Thu Mar 12 03:32:24 CET 2026
