/out/sourcedata/freesurfer/sub-v1s10x0050987_ses-1/mri
/opt/freesurfer/bin/talairach_avi
--i orig_nu.mgz --xfm transforms/talairach.auto.xfm
talairach_avi 7.3.2
Linux dna006 5.14.0-427.37.1.el9_4.x86_64 #1 SMP PREEMPT_DYNAMIC Fri Sep 13 12:41:50 EDT 2024 x86_64 x86_64 x86_64 GNU/Linux
Thu Mar 12 01:32:24 CET 2026
mri_convert orig_nu.mgz talsrcimg.img 
reading from orig_nu.mgz...
TR=0.00, TE=0.00, TI=0.00, flip angle=0.00
i_ras = (-1, 0, 0)
j_ras = (0, 0, -1)
k_ras = (0, 1, 0)
writing to talsrcimg.img...
Analyze Output Matrix
-1.00000   0.00000   0.00000   129.66513;
 0.00000   0.00000   1.00000  -128.00000;
 0.00000  -1.00000   0.00000   130.00000;
 0.00000   0.00000   0.00000   1.00000;
--------------------
INFO: set hdr.hist.orient to -1
mpr2mni305 talsrcimg
Thu Mar 12 01:32:24 CET 2026
/opt/freesurfer/bin/mpr2mni305 talsrcimg
mpr2mni305 7.3.2
target=711-2C_as_mni_average_305

---------------------------------------------------------------------
analyzeto4dfp talsrcimg -O0 -y
---------------------------------------------------------------------

freesurfer ifh2hdr.c
Thu Mar 12 01:32:25 2026
Writing: talsrcimg.4dfp.hdr
freesurfer analyzeto4dfp.c
Reading: talsrcimg.hdr
header size 348 bytes
hdr.dime.datatype	offset=70	value=2
hdr.dime.bitpix		offset=72	value=8
hdr.hist.orient		offset=252	value=-1
dimensionality     4
dimensions       256       256       256         1
Reading: talsrcimg.img
Writing: talsrcimg.4dfp.img
Writing: talsrcimg.4dfp.ifh
ifh2hdr talsrcimg -r0to217
ori=2

---------------------------------------------------------------------
gauss_4dfp talsrcimg 1.1
---------------------------------------------------------------------

freesurfer gauss_4dfp.c
Reading: talsrcimg.4dfp.img
Writing: talsrcimg_g11.4dfp.img
image dimensions 256 256 256 padded to 288 288 288
processing volume 1freesurfer ifh2hdr.c
Thu Mar 12 01:32:26 2026
Writing: talsrcimg_g11.4dfp.hdr

Writing: talsrcimg_g11.4dfp.ifh
including: talsrcimg.4dfp.img.rec in talsrcimg_g11.4dfp.img.rec

---------------------------------------------------------------------
imgreg_4dfp /opt/freesurfer/average/711-2C_as_mni_average_305 none talsrcimg_g11 none talsrcimg_to_711-2C_as_mni_average_305_t4 4355
---------------------------------------------------------------------

freesurfer imgreg_4dfp.c
/opt/freesurfer/average/711-2C_as_mni_average_305.4dfp.img
       256       256       256         1
  1.000000  1.000000  1.000000
orientation T byte_order littleendian
Reading image: /opt/freesurfer/average/711-2C_as_mni_average_305.4dfp.img
dimensions:      256       256       256
mmppix:       1.0000   -1.0000   -1.0000
center:     128.0000 -129.0000 -129.0000
talsrcimg_g11.4dfp.img
       256       256       256         1
  1.000000  1.000000  1.000000
orientation T byte_order littleendian
Reading image: talsrcimg_g11.4dfp.img
dimensions:      256       256       256
mmppix:       1.0000   -1.0000   -1.0000
center:     128.0000 -129.0000 -129.0000
t4_read: open error in t4_sub.f l:  41 t4_file(1:l)talsrcimg_to_711-2C_as_mni_average_305_t4 
t4_read: transform initialized to I4
rotation matrix determinant  1.000000
image alignment mode   4355 decimal     1103 hex
   -7.5000  -45.0000  -45.0000 8532.3486   18.0306
    0.0000  -45.0000  -45.0000 9001.2275   18.0180
    7.5000  -45.0000  -45.0000 8742.2578   18.0009
   -7.5000  -37.5000  -45.0000 8865.1201   18.0047
    0.0000  -37.5000  -45.0000 9347.6533   18.0001
    7.5000  -37.5000  -45.0000 9078.5029   17.9775
   -7.5000  -30.0000  -45.0000 9521.2344   18.0115
    0.0000  -30.0000  -45.000010026.5098   18.0202
    7.5000  -30.0000  -45.0000 9735.5576   17.9973
   -7.5000  -22.5000  -45.000010112.0791   18.0375
    0.0000  -22.5000  -45.000010627.2979   18.0526
    7.5000  -22.5000  -45.000010322.7500   18.0345
   -7.5000  -15.0000  -45.000010640.9766   18.0555
    0.0000  -15.0000  -45.000011185.0898   18.0653
    7.5000  -15.0000  -45.000010884.6172   18.0515
   -7.5000   -7.5000  -45.000011070.9707   18.0485
    0.0000   -7.5000  -45.000011627.0000   18.0437
    7.5000   -7.5000  -45.000011334.8369   18.0306
   -7.5000    0.0000  -45.000011420.4492   18.0228
    0.0000    0.0000  -45.000011999.7744   18.0101
    7.5000    0.0000  -45.000011688.8623   17.9928
   -7.5000    7.5000  -45.000010888.0078   18.0039
    0.0000    7.5000  -45.000011457.6533   17.9993
    7.5000    7.5000  -45.000011165.9258   17.9766
   -7.5000   15.0000  -45.000010237.3340   18.0115
    0.0000   15.0000  -45.000010767.4229   18.0202
    7.5000   15.0000  -45.000010465.6357   17.9973
   -7.5000   22.5000  -45.0000 9491.9189   18.0356
    0.0000   22.5000  -45.0000 9982.9990   18.0508
    7.5000   22.5000  -45.0000 9688.9014   18.0326
   -7.5000   30.0000  -45.0000 8683.5312   17.8318
    0.0000   30.0000  -45.0000 9120.2959   17.8414
    7.5000   30.0000  -45.0000 8867.8047   17.8275
   -7.5000   37.5000  -45.0000 8155.8677   17.8888
    0.0000   37.5000  -45.0000 8576.7578   17.8840
    7.5000   37.5000  -45.0000 8330.3164   17.8705
   -7.5000   45.0000  -45.0000 7269.2041   17.5199
    0.0000   45.0000  -45.0000 7657.0508   17.5081
    7.5000   45.0000  -45.0000 7448.0776   17.4908
   -7.5000  -45.0000  -37.5000 9060.8701   18.0424
    0.0000  -45.0000  -37.5000 9536.4316   18.0323
    7.5000  -45.0000  -37.5000 9267.4365   18.0154
   -7.5000  -37.5000  -37.5000 9408.0361   18.0103
    0.0000  -37.5000  -37.5000 9899.1631   18.0064
    7.5000  -37.5000  -37.5000 9623.0254   17.9824
   -7.5000  -30.0000  -37.500010095.0947   18.0062
    0.0000  -30.0000  -37.500010619.5859   18.0124
    7.5000  -30.0000  -37.500010292.6250   17.9876
   -7.5000  -22.5000  -37.500010724.0801   18.0290
    0.0000  -22.5000  -37.500011275.9365   18.0402
    7.5000  -22.5000  -37.500010925.8389   18.0212
   -7.5000  -15.0000  -37.500011271.7871   18.0526
    0.0000  -15.0000  -37.500011851.3037   18.0602
    7.5000  -15.0000  -37.500011500.9688   18.0470
   -7.5000   -7.5000  -37.500011711.2041   18.0551
    0.0000   -7.5000  -37.500012331.5566   18.0514
    7.5000   -7.5000  -37.500011969.3604   18.0394
   -7.5000    0.0000  -37.500012068.5693   18.0348
    0.0000    0.0000  -37.500012706.7285   18.0246
    7.5000    0.0000  -37.500012341.5459   18.0075
   -7.5000    7.5000  -37.500011485.6064   18.0095
    0.0000    7.5000  -37.500012099.7568   18.0055
    7.5000    7.5000  -37.500011784.2969   17.9815
   -7.5000   15.0000  -37.500010791.2031   18.0062
    0.0000   15.0000  -37.500011350.1113   18.0124
    7.5000   15.0000  -37.500011043.5420   17.9876
   -7.5000   22.5000  -37.5000 9985.8994   18.0270
    0.0000   22.5000  -37.500010486.5947   18.0382
    7.5000   22.5000  -37.500010211.9150   18.0191
   -7.5000   30.0000  -37.5000 9123.0742   17.8292
    0.0000   30.0000  -37.5000 9560.8809   17.8366
    7.5000   30.0000  -37.5000 9327.3311   17.8234
   -7.5000   37.5000  -37.5000 8549.5029   17.8944
    0.0000   37.5000  -37.5000 8953.5576   17.8907
    7.5000   37.5000  -37.5000 8731.0088   17.8784
   -7.5000   45.0000  -37.5000 7600.8169   17.5321
    0.0000   45.0000  -37.5000 7995.3984   17.5228
    7.5000   45.0000  -37.5000 7785.4595   17.5058
   -7.5000  -45.0000  -30.0000 9740.5381   18.7987
    0.0000  -45.0000  -30.000010259.5605   18.8010
    7.5000  -45.0000  -30.0000 9971.1494   18.7897
   -7.5000  -37.5000  -30.000010119.9258   18.7616
    0.0000  -37.5000  -30.000010637.0215   18.7690
    7.5000  -37.5000  -30.000010334.3467   18.7507
   -7.5000  -30.0000  -30.000010855.1914   18.7492
    0.0000  -30.0000  -30.000011399.4238   18.7620
    7.5000  -30.0000  -30.000011053.5547   18.7419
   -7.5000  -22.5000  -30.000011530.9561   18.7707
    0.0000  -22.5000  -30.000012133.5605   18.7840
    7.5000  -22.5000  -30.000011756.0146   18.7684
   -7.5000  -15.0000  -30.000012105.6543   18.8001
    0.0000  -15.0000  -30.000012764.3809   18.8104
    7.5000  -15.0000  -30.000012365.7344   18.8001
   -7.5000   -7.5000  -30.000012575.6416   18.8089
    0.0000   -7.5000  -30.000013287.7744   18.8134
    7.5000   -7.5000  -30.000012859.6729   18.8055
   -7.5000    0.0000  -30.000012894.3779   18.7909
    0.0000    0.0000  -30.000013624.1113   18.7931
    7.5000    0.0000  -30.000013204.4951   18.7816
   -7.5000    7.5000  -30.000012248.9844   18.7607
    0.0000    7.5000  -30.000012916.4053   18.7681
    7.5000    7.5000  -30.000012560.1592   18.7497
   -7.5000   15.0000  -30.000011500.8418   18.7492
    0.0000   15.0000  -30.000012079.1846   18.7620
    7.5000   15.0000  -30.000011767.1143   18.7419
   -7.5000   22.5000  -30.000010649.4082   18.7666
    0.0000   22.5000  -30.000011129.4404   18.7799
    7.5000   22.5000  -30.000010847.1777   18.7643
   -7.5000   30.0000  -30.0000 9721.1182   18.5690
    0.0000   30.0000  -30.000010165.7158   18.5792
    7.5000   30.0000  -30.0000 9910.9326   18.5689
   -7.5000   37.5000  -30.0000 9099.6895   18.6427
    0.0000   37.5000  -30.0000 9498.9443   18.6473
    7.5000   37.5000  -30.0000 9243.2812   18.6391
   -7.5000   45.0000  -30.0000 8068.1431   18.2808
    0.0000   45.0000  -30.0000 8458.9004   18.2839
    7.5000   45.0000  -30.0000 8218.8438   18.2724
   -7.5000  -45.0000  -22.500010406.5234   19.4089
    0.0000  -45.0000  -22.500011009.1387   19.4218
    7.5000  -45.0000  -22.500010694.0605   19.4162
   -7.5000  -37.5000  -22.500010812.7490   19.3750
    0.0000  -37.5000  -22.500011398.5586   19.3940
    7.5000  -37.5000  -22.500011062.5195   19.3830
   -7.5000  -30.0000  -22.500011598.3994   19.3682
    0.0000  -30.0000  -22.500012197.5762   19.3910
    7.5000  -30.0000  -22.500011828.0977   19.3782
   -7.5000  -22.5000  -22.500012301.0244   19.3916
    0.0000  -22.5000  -22.500012997.9521   19.4118
    7.5000  -22.5000  -22.500012598.5273   19.4013
   -7.5000  -15.0000  -22.500012899.4922   19.4190
    0.0000  -15.0000  -22.500013661.9824   19.4348
    7.5000  -15.0000  -22.500013232.9385   19.4277
   -7.5000   -7.5000  -22.500013392.1250   19.4221
    0.0000   -7.5000  -22.500014200.3711   19.4343
    7.5000   -7.5000  -22.500013747.1025   19.4301
   -7.5000    0.0000  -22.500013728.6514   19.4008
    0.0000    0.0000  -22.500014521.5742   19.4135
    7.5000    0.0000  -22.500014068.0527   19.4078
   -7.5000    7.5000  -22.500013043.2871   19.3742
    0.0000    7.5000  -22.500013748.3447   19.3931
    7.5000    7.5000  -22.500013346.3662   19.3821
   -7.5000   15.0000  -22.500012226.7041   19.3682
    0.0000   15.0000  -22.500012855.0205   19.3910
    7.5000   15.0000  -22.500012505.1865   19.3782
   -7.5000   22.5000  -22.500011318.7725   19.3861
    0.0000   22.5000  -22.500011841.2617   19.4063
    7.5000   22.5000  -22.500011521.4395   19.3958
   -7.5000   30.0000  -22.500010306.2275   19.1827
    0.0000   30.0000  -22.500010782.3145   19.1984
    7.5000   30.0000  -22.500010514.5928   19.1912
   -7.5000   37.5000  -22.5000 9647.8574   19.2540
    0.0000   37.5000  -22.500010051.7031   19.2662
    7.5000   37.5000  -22.5000 9792.3652   19.2618
   -7.5000   45.0000  -22.5000 8550.0713   18.8878
    0.0000   45.0000  -22.5000 8932.1152   18.9014
    7.5000   45.0000  -22.5000 8682.5420   18.8958
   -7.5000  -45.0000  -15.000011070.5586   19.8414
    0.0000  -45.0000  -15.000011777.8955   19.8536
    7.5000  -45.0000  -15.000011419.4395   19.8478
   -7.5000  -37.5000  -15.000011465.5391   19.8134
    0.0000  -37.5000  -15.000012168.7861   19.8340
    7.5000  -37.5000  -15.000011789.3877   19.8245
   -7.5000  -30.0000  -15.000012261.6758   19.8183
    0.0000  -30.0000  -15.000012987.4668   19.8455
    7.5000  -30.0000  -15.000012577.7480   19.8346
   -7.5000  -22.5000  -15.000012989.4775   19.8454
    0.0000  -22.5000  -15.000013804.6748   19.8707
    7.5000  -22.5000  -15.000013393.1494   19.8610
   -7.5000  -15.0000  -15.000013622.0732   19.8670
    0.0000  -15.0000  -15.000014518.6904   19.8857
    7.5000  -15.0000  -15.000014066.6055   19.8779
   -7.5000   -7.5000  -15.000014148.2686   19.8602
    0.0000   -7.5000  -15.000015095.5479   19.8722
    7.5000   -7.5000  -15.000014629.5820   19.8668
   -7.5000    0.0000  -15.000014530.2422   19.8329
    0.0000    0.0000  -15.000015446.5703   19.8449
    7.5000    0.0000  -15.000014969.5938   19.8389
   -7.5000    7.5000  -15.000013777.4082   19.8126
    0.0000    7.5000  -15.000014599.3311   19.8331
    7.5000    7.5000  -15.000014157.2520   19.8235
   -7.5000   15.0000  -15.000012921.7588   19.8183
    0.0000   15.0000  -15.000013654.2617   19.8455
    7.5000   15.0000  -15.000013272.7812   19.8346
   -7.5000   22.5000  -15.000011982.4238   19.8390
    0.0000   22.5000  -15.000012585.1396   19.8643
    7.5000   22.5000  -15.000012238.9932   19.8546
   -7.5000   30.0000  -15.000010919.1895   19.6277
    0.0000   30.0000  -15.000011457.1328   19.6461
    7.5000   30.0000  -15.000011178.9141   19.6384
   -7.5000   37.5000  -15.000010187.8691   19.6921
    0.0000   37.5000  -15.000010652.6680   19.7040
    7.5000   37.5000  -15.000010367.3037   19.6985
   -7.5000   45.0000  -15.0000 9023.1357   19.3196
    0.0000   45.0000  -15.0000 9430.0859   19.3324
    7.5000   45.0000  -15.0000 9170.5215   19.3264
   -7.5000  -45.0000   -7.500011801.1289   20.0828
    0.0000  -45.0000   -7.500012648.2812   20.0818
    7.5000  -45.0000   -7.500012246.7197   20.0695
   -7.5000  -37.5000   -7.500012181.5918   20.0568
    0.0000  -37.5000   -7.500013074.7246   20.0653
    7.5000  -37.5000   -7.500012645.2197   20.0490
   -7.5000  -30.0000   -7.500012995.2715   20.0680
    0.0000  -30.0000   -7.500013897.3936   20.0884
    7.5000  -30.0000   -7.500013465.1250   20.0714
   -7.5000  -22.5000   -7.500013783.2285   20.0974
    0.0000  -22.5000   -7.500014793.3867   20.1210
    7.5000  -22.5000   -7.500014340.3545   20.1065
   -7.5000  -15.0000   -7.500014446.0205   20.1160
    0.0000  -15.0000   -7.500015569.2695   20.1321
    7.5000  -15.0000   -7.500015081.0879   20.1203
   -7.5000   -7.5000   -7.500015023.2051   20.1046
    0.0000   -7.5000   -7.500016139.3252   20.1079
    7.5000   -7.5000   -7.500015632.4453   20.0975
   -7.5000    0.0000   -7.500015421.2021   20.0741
    0.0000    0.0000   -7.500016482.8145   20.0728
    7.5000    0.0000   -7.500015966.9268   20.0604
   -7.5000    7.5000   -7.500014601.9717   20.0559
    0.0000    7.5000   -7.500015562.8115   20.0644
    7.5000    7.5000   -7.500015110.9902   20.0480
   -7.5000   15.0000   -7.500013671.8145   20.0680
    0.0000   15.0000   -7.500014571.7607   20.0884
    7.5000   15.0000   -7.500014175.4492   20.0714
   -7.5000   22.5000   -7.500012698.8545   20.0889
    0.0000   22.5000   -7.500013443.1123   20.1124
    7.5000   22.5000   -7.500013069.2979   20.0979
   -7.5000   30.0000   -7.500011582.5840   19.8734
    0.0000   30.0000   -7.500012237.5928   19.8893
    7.5000   30.0000   -7.500011906.7783   19.8775
   -7.5000   37.5000   -7.500010766.5840   19.9344
    0.0000   37.5000   -7.500011325.0830   19.9375
    7.5000   37.5000   -7.500011001.0566   19.9270
   -7.5000   45.0000   -7.5000 9516.9658   19.5580
    0.0000   45.0000   -7.5000 9987.5244   19.5575
    7.5000   45.0000   -7.5000 9691.1143   19.5449
   -7.5000  -45.0000    0.000012423.3525   20.1599
    0.0000  -45.0000    0.000013409.7305   20.1460
    7.5000  -45.0000    0.000012978.1377   20.1272
   -7.5000  -37.5000    0.000012876.2949   20.1310
    0.0000  -37.5000    0.000013996.0742   20.1261
    7.5000  -37.5000    0.000013555.1719   20.1009
   -7.5000  -30.0000    0.000013694.3496   20.1385
    0.0000  -30.0000    0.000014845.1123   20.1483
    7.5000  -30.0000    0.000014372.8564   20.1228
   -7.5000  -22.5000    0.000014485.1406   20.1673
    0.0000  -22.5000    0.000015613.4941   20.1844
    7.5000  -22.5000    0.000015059.2344   20.1643
   -7.5000  -15.0000    0.000015153.0723   20.1873
    0.0000  -15.0000    0.000016213.1836   20.1984
    7.5000  -15.0000    0.000015658.5586   20.1833
   -7.5000   -7.5000    0.000015740.9102   20.1796
    0.0000   -7.5000    0.000016779.1855   20.1744
    7.5000   -7.5000    0.000016210.2354   20.1601
   -7.5000    0.0000    0.000016145.7168   20.1512
    0.0000    0.0000    0.000017207.1699   20.1372
    7.5000    0.0000    0.000016665.2969   20.1181
   -7.5000    7.5000    0.000015263.2793   20.1301
    0.0000    7.5000    0.000016316.7549   20.1251
    7.5000    7.5000    0.000015825.5908   20.0999
   -7.5000   15.0000    0.000014304.6230   20.1385
    0.0000   15.0000    0.000015307.9561   20.1483
    7.5000   15.0000    0.000014855.8926   20.1228
   -7.5000   22.5000    0.000013261.0625   20.1587
    0.0000   22.5000    0.000014147.8760   20.1758
    7.5000   22.5000    0.000013713.1914   20.1557
   -7.5000   30.0000    0.000012089.0635   19.9449
    0.0000   30.0000    0.000012865.7236   19.9558
    7.5000   30.0000    0.000012456.6582   19.9406
   -7.5000   37.5000    0.000011228.6064   20.0088
    0.0000   37.5000    0.000011906.2139   20.0035
    7.5000   37.5000    0.000011508.2061   19.9889
   -7.5000   45.0000    0.0000 9937.8623   19.6349
    0.0000   45.0000    0.000010495.7441   19.6218
    7.5000   45.0000    0.000010123.9268   19.6027
   -7.5000  -45.0000    7.500012032.4795   20.1892
    0.0000  -45.0000    7.500013045.2285   20.1778
    7.5000  -45.0000    7.500012629.1660   20.1590
   -7.5000  -37.5000    7.500012522.5576   20.1533
    0.0000  -37.5000    7.500013803.7812   20.1489
    7.5000  -37.5000    7.500013357.9375   20.1221
   -7.5000  -30.0000    7.500013364.6270   20.1484
    0.0000  -30.0000    7.500014587.9365   20.1554
    7.5000  -30.0000    7.500014061.2822   20.1277
   -7.5000  -22.5000    7.500014097.0938   20.1738
    0.0000  -22.5000    7.500015063.7842   20.1863
    7.5000  -22.5000    7.500014503.4033   20.1651
   -7.5000  -15.0000    7.500014753.4658   20.2003
    0.0000  -15.0000    7.500015620.3838   20.2088
    7.5000  -15.0000    7.500015035.5752   20.1941
   -7.5000   -7.5000    7.500015357.3887   20.2033
    0.0000   -7.5000    7.500016302.1074   20.1991
    7.5000   -7.5000    7.500015695.0723   20.1858
   -7.5000    0.0000    7.500015778.7295   20.1807
    0.0000    0.0000    7.500016847.3262   20.1692
    7.5000    0.0000    7.500016190.0703   20.1501
   -7.5000    7.5000    7.500014930.5420   20.1523
    0.0000    7.5000    7.500016048.6934   20.1479
    7.5000    7.5000    7.500015420.8652   20.1210
   -7.5000   15.0000    7.500013968.6211   20.1484
    0.0000   15.0000    7.500015065.4033   20.1554
    7.5000   15.0000    7.500014465.5947   20.1277
   -7.5000   22.5000    7.500012904.4424   20.1650
    0.0000   22.5000    7.500013913.7002   20.1776
    7.5000   22.5000    7.500013393.4365   20.1563
   -7.5000   30.0000    7.500011730.8682   19.9580
    0.0000   30.0000    7.500012624.8389   19.9664
    7.5000   30.0000    7.500012167.7471   19.9516
   -7.5000   37.5000    7.500010884.6611   20.0312
    0.0000   37.5000    7.500011629.8896   20.0271
    7.5000   37.5000    7.500011196.6523   20.0134
   -7.5000   45.0000    7.5000 9602.1377   19.6644
    0.0000   45.0000    7.500010207.3730   19.6539
    7.5000   45.0000    7.5000 9826.0684   19.6349
   -7.5000  -45.0000   15.000011556.5488   20.2021
    0.0000  -45.0000   15.000012367.3447   20.2044
    7.5000  -45.0000   15.000012027.4980   20.1923
   -7.5000  -37.5000   15.000012046.7627   20.1623
    0.0000  -37.5000   15.000013097.9795   20.1701
    7.5000  -37.5000   15.000012751.4023   20.1504
   -7.5000  -30.0000   15.000012897.6582   20.1489
    0.0000  -30.0000   15.000013925.9717   20.1626
    7.5000  -30.0000   15.000013480.1982   20.1410
   -7.5000  -22.5000   15.000013678.1797   20.1718
    0.0000  -22.5000   15.000014615.9150   20.1861
    7.5000  -22.5000   15.000014075.5439   20.1694
   -7.5000  -15.0000   15.000014314.6494   20.2032
    0.0000  -15.0000   15.000015312.0498   20.2143
    7.5000  -15.0000   15.000014684.2256   20.2034
   -7.5000   -7.5000   15.000014870.3154   20.2127
    0.0000   -7.5000   15.000015986.5938   20.2176
    7.5000   -7.5000   15.000015266.5957   20.2093
   -7.5000    0.0000   15.000015258.3350   20.1937
    0.0000    0.0000   15.000016449.0703   20.1959
    7.5000    0.0000   15.000015664.7217   20.1836
   -7.5000    7.5000   15.000014436.0713   20.1614
    0.0000    7.5000   15.000015578.0811   20.1692
    7.5000    7.5000   15.000014862.1191   20.1494
   -7.5000   15.0000   15.000013487.3936   20.1489
    0.0000   15.0000   15.000014540.1484   20.1626
    7.5000   15.0000   15.000013892.7070   20.1410
   -7.5000   22.5000   15.000012408.1729   20.1629
    0.0000   22.5000   15.000013355.4932   20.1772
    7.5000   22.5000   15.000012816.4902   20.1605
   -7.5000   30.0000   15.000011246.7275   19.9607
    0.0000   30.0000   15.000012050.1094   19.9717
    7.5000   30.0000   15.000011605.3359   19.9608
   -7.5000   37.5000   15.000010399.5020   20.0401
    0.0000   37.5000   15.000011089.9785   20.0450
    7.5000   37.5000   15.000010669.5596   20.0364
   -7.5000   45.0000   15.0000 9144.2305   19.6774
    0.0000   45.0000   15.0000 9722.0879   19.6806
    7.5000   45.0000   15.0000 9357.8486   19.6684
   -7.5000  -45.0000   22.500010932.0947   20.2099
    0.0000  -45.0000   22.500011691.1406   20.2235
    7.5000  -45.0000   22.500011337.4326   20.2179
   -7.5000  -37.5000   22.500011416.9258   20.1740
    0.0000  -37.5000   22.500012327.6475   20.1939
    7.5000  -37.5000   22.500011931.2363   20.1825
   -7.5000  -30.0000   22.500012247.5693   20.1668
    0.0000  -30.0000   22.500013165.2314   20.1905
    7.5000  -30.0000   22.500012642.8018   20.1771
   -7.5000  -22.5000   22.500013030.4697   20.1915
    0.0000  -22.5000   22.500014019.3994   20.2127
    7.5000  -22.5000   22.500013398.7334   20.2016
   -7.5000  -15.0000   22.500013678.0723   20.2205
    0.0000  -15.0000   22.500014791.8701   20.2372
    7.5000  -15.0000   22.500014154.0918   20.2298
   -7.5000   -7.5000   22.500014210.7900   20.2239
    0.0000   -7.5000   22.500015367.9473   20.2369
    7.5000   -7.5000   22.500014708.4307   20.2327
   -7.5000    0.0000   22.500014564.7471   20.2014
    0.0000    0.0000   22.500015674.6533   20.2149
    7.5000    0.0000   22.500015009.1279   20.2091
   -7.5000    7.5000   22.500013735.3223   20.1732
    0.0000    7.5000   22.500014738.8350   20.1930
    7.5000    7.5000   22.500014158.1250   20.1815
   -7.5000   15.0000   22.500012820.7910   20.1668
    0.0000   15.0000   22.500013744.4961   20.1905
    7.5000   15.0000   22.500013210.9824   20.1771
   -7.5000   22.5000   22.500011771.8652   20.1827
    0.0000   22.5000   22.500012585.8965   20.2038
    7.5000   22.5000   22.500012126.0674   20.1928
   -7.5000   30.0000   22.500010642.7930   19.9773
    0.0000   30.0000   22.500011319.1348   19.9939
    7.5000   30.0000   22.500010934.6650   19.9865
   -7.5000   37.5000   22.5000 9844.3301   20.0519
    0.0000   37.5000   22.500010417.1445   20.0649
    7.5000   37.5000   22.500010057.0801   20.0605
   -7.5000   45.0000   22.5000 8671.6689   19.6849
    0.0000   45.0000   22.5000 9120.1719   19.6994
    7.5000   45.0000   22.5000 8795.5889   19.6936
   -7.5000  -45.0000   30.000010181.7656   20.2400
    0.0000  -45.0000   30.000010828.9209   20.2526
    7.5000  -45.0000   30.000010547.4189   20.2464
   -7.5000  -37.5000   30.000010647.7754   20.2102
    0.0000  -37.5000   30.000011345.3330   20.2313
    7.5000  -37.5000   30.000011023.9736   20.2213
   -7.5000  -30.0000   30.000011429.2119   20.2146
    0.0000  -30.0000   30.000012067.6152   20.2426
    7.5000  -30.0000   30.000011673.6943   20.2311
   -7.5000  -22.5000   30.000012157.6592   20.2429
    0.0000  -22.5000   30.000012790.4941   20.2691
    7.5000  -22.5000   30.000012363.6924   20.2590
   -7.5000  -15.0000   30.000012699.8594   20.2661
    0.0000  -15.0000   30.000013406.9775   20.2856
    7.5000  -15.0000   30.000013000.9043   20.2774
   -7.5000   -7.5000   30.000013188.0713   20.2596
    0.0000   -7.5000   30.000013932.0859   20.2723
    7.5000   -7.5000   30.000013521.1475   20.2666
   -7.5000    0.0000   30.000013551.0537   20.2312
    0.0000    0.0000   30.000014315.8340   20.2437
    7.5000    0.0000   30.000013849.2715   20.2373
   -7.5000    7.5000   30.000012799.9932   20.2094
    0.0000    7.5000   30.000013557.7852   20.2304
    7.5000    7.5000   30.000013103.7852   20.2203
   -7.5000   15.0000   30.000011936.3730   20.2146
    0.0000   15.0000   30.000012696.5674   20.2426
    7.5000   15.0000   30.000012244.3564   20.2311
   -7.5000   22.5000   30.000010946.7227   20.2342
    0.0000   22.5000   30.000011643.1494   20.2605
    7.5000   22.5000   30.000011225.1592   20.2503
   -7.5000   30.0000   30.0000 9868.7998   20.0221
    0.0000   30.0000   30.000010467.7451   20.0414
    7.5000   30.0000   30.000010093.5098   20.0333
   -7.5000   37.5000   30.0000 9110.0879   20.0887
    0.0000   37.5000   30.0000 9608.2764   20.1012
    7.5000   37.5000   30.0000 9252.2578   20.0954
   -7.5000   45.0000   30.0000 7996.0874   19.7142
    0.0000   45.0000   30.0000 8408.6777   19.7274
    7.5000   45.0000   30.0000 8098.1172   19.7211
   -7.5000  -45.0000   37.5000 9761.6328   20.3353
    0.0000  -45.0000   37.500010305.0000   20.3338
    7.5000  -45.0000   37.500010055.7686   20.3199
   -7.5000  -37.5000   37.500010180.7646   20.3079
    0.0000  -37.5000   37.500010736.9199   20.3159
    7.5000  -37.5000   37.500010460.4775   20.2978
   -7.5000  -30.0000   37.500010925.7021   20.3189
    0.0000  -30.0000   37.500011441.9746   20.3390
    7.5000  -30.0000   37.500011100.9463   20.3203
   -7.5000  -22.5000   37.500011595.2178   20.3492
    0.0000  -22.5000   37.500012122.5811   20.3728
    7.5000  -22.5000   37.500011747.5938   20.3570
   -7.5000  -15.0000   37.500012115.0723   20.3689
    0.0000  -15.0000   37.500012700.5947   20.3852
    7.5000  -15.0000   37.500012317.7422   20.3723
   -7.5000   -7.5000   37.500012551.0615   20.3578
    0.0000   -7.5000   37.500013192.3027   20.3610
    7.5000   -7.5000   37.500012796.8008   20.3493
   -7.5000    0.0000   37.500012912.5186   20.3263
    0.0000    0.0000   37.500013567.4883   20.3246
    7.5000    0.0000   37.500013143.1426   20.3106
   -7.5000    7.5000   37.500012212.5049   20.3070
    0.0000    7.5000   37.500012869.6016   20.3150
    7.5000    7.5000   37.500012443.3818   20.2968
   -7.5000   15.0000   37.500011373.8984   20.3189
    0.0000   15.0000   37.500012029.2930   20.3390
    7.5000   15.0000   37.500011624.3848   20.3203
   -7.5000   22.5000   37.500010449.6191   20.3406
    0.0000   22.5000   37.500011048.0225   20.3642
    7.5000   22.5000   37.500010659.5332   20.3483
   -7.5000   30.0000   37.5000 9431.7354   20.1241
    0.0000   30.0000   37.5000 9940.5586   20.1402
    7.5000   30.0000   37.5000 9588.6299   20.1272
   -7.5000   37.5000   37.5000 8708.1943   20.1870
    0.0000   37.5000   37.5000 9135.9385   20.1900
    7.5000   37.5000   37.5000 8805.2373   20.1781
   -7.5000   45.0000   37.5000 7635.0645   19.8075
    0.0000   45.0000   37.5000 7988.7246   19.8066
    7.5000   45.0000   37.5000 7701.9453   19.7924
   -7.5000  -45.0000   45.0000 9011.1582   20.7024
    0.0000  -45.0000   45.0000 9504.2275   20.6876
    7.5000  -45.0000   45.0000 9258.0068   20.6653
   -7.5000  -37.5000   45.0000 9399.6426   20.6698
    0.0000  -37.5000   45.0000 9896.2451   20.6644
    7.5000  -37.5000   45.0000 9617.4639   20.6357
   -7.5000  -30.0000   45.000010099.5928   20.6773
    0.0000  -30.0000   45.000010560.1611   20.6877
    7.5000  -30.0000   45.000010245.2432   20.6590
   -7.5000  -22.5000   45.000010723.7119   20.7096
    0.0000  -22.5000   45.000011200.4648   20.7279
    7.5000  -22.5000   45.000010872.8389   20.7050
   -7.5000  -15.0000   45.000011231.4824   20.7329
    0.0000  -15.0000   45.000011728.0830   20.7450
    7.5000  -15.0000   45.000011371.3438   20.7270
   -7.5000   -7.5000   45.000011667.8447   20.7251
    0.0000   -7.5000   45.000012172.1094   20.7196
    7.5000   -7.5000   45.000011807.3076   20.7021
   -7.5000    0.0000   45.000011974.9004   20.6932
    0.0000    0.0000   45.000012517.3125   20.6782
    7.5000    0.0000   45.000012137.9268   20.6557
   -7.5000    7.5000   45.000011316.2334   20.6688
    0.0000    7.5000   45.000011849.5674   20.6634
    7.5000    7.5000   45.000011483.8457   20.6346
   -7.5000   15.0000   45.000010536.3779   20.6773
    0.0000   15.0000   45.000011067.8350   20.6877
    7.5000   15.0000   45.000010717.5596   20.6590
   -7.5000   22.5000   45.0000 9661.4512   20.7007
    0.0000   22.5000   45.000010159.7451   20.7190
    7.5000   22.5000   45.0000 9832.9980   20.6961
   -7.5000   30.0000   45.0000 8735.7373   20.4828
    0.0000   30.0000   45.0000 9176.7012   20.4947
    7.5000   30.0000   45.0000 8856.1494   20.4767
   -7.5000   37.5000   45.0000 8070.5874   20.5510
    0.0000   37.5000   45.0000 8472.1143   20.5454
    7.5000   37.5000   45.0000 8167.9858   20.5276
   -7.5000   45.0000   45.0000 7060.6064   20.1796
    0.0000   45.0000   45.0000 7407.2051   20.1655
    7.5000   45.0000   45.0000 7138.3120   20.1429

---------------------------------------------------------------------
imgreg_4dfp /opt/freesurfer/average/711-2C_as_mni_average_305 /opt/freesurfer/average/711-2B_as_mni_average_305_mask talsrcimg_g11 none talsrcimg_to_711-2C_as_mni_average_305_t4 4355
---------------------------------------------------------------------

freesurfer imgreg_4dfp.c
/opt/freesurfer/average/711-2C_as_mni_average_305.4dfp.img
       256       256       256         1
  1.000000  1.000000  1.000000
orientation T byte_order littleendian
Reading image: /opt/freesurfer/average/711-2C_as_mni_average_305.4dfp.img
dimensions:      256       256       256
mmppix:       1.0000   -1.0000   -1.0000
center:     128.0000 -129.0000 -129.0000
/opt/freesurfer/average/711-2B_as_mni_average_305_mask.4dfp.img
       256       256       256         1
  1.000000  1.000000  1.000000
orientation T byte_order littleendian
Reading mask: /opt/freesurfer/average/711-2B_as_mni_average_305_mask.4dfp.img (2306576 pixels)
talsrcimg_g11.4dfp.img
       256       256       256         1
  1.000000  1.000000  1.000000
orientation T byte_order littleendian
Reading image: talsrcimg_g11.4dfp.img
dimensions:      256       256       256
mmppix:       1.0000   -1.0000   -1.0000
center:     128.0000 -129.0000 -129.0000
rotation matrix determinant  1.000000
image alignment mode   4355 decimal     1103 hex
   -7.5000  -45.0000  -45.0000 2193.5820   18.4600
    0.0000  -45.0000  -45.0000 2217.8042   18.1255
    7.5000  -45.0000  -45.0000 2227.6165   18.0725
   -7.5000  -37.5000  -45.0000 2240.4832   17.4376
    0.0000  -37.5000  -45.0000 2266.5955   17.1515
    7.5000  -37.5000  -45.0000 2270.3257   17.1183
   -7.5000  -30.0000  -45.0000 2263.9912   17.0366
    0.0000  -30.0000  -45.0000 2286.9973   16.7046
    7.5000  -30.0000  -45.0000 2293.4609   16.6109
   -7.5000  -22.5000  -45.0000 2260.7258   16.8169
    0.0000  -22.5000  -45.0000 2283.0444   16.5170
    7.5000  -22.5000  -45.0000 2295.9421   16.4684
   -7.5000  -15.0000  -45.0000 2247.1975   16.9970
    0.0000  -15.0000  -45.0000 2274.0869   16.6821
    7.5000  -15.0000  -45.0000 2289.1721   16.6579
   -7.5000   -7.5000  -45.0000 2213.0898   17.4660
    0.0000   -7.5000  -45.0000 2243.2178   17.1232
    7.5000   -7.5000  -45.0000 2254.7405   17.1011
   -7.5000    0.0000  -45.0000 2157.6990   18.1830
    0.0000    0.0000  -45.0000 2188.7983   17.8032
    7.5000    0.0000  -45.0000 2196.9229   17.7870
   -7.5000    7.5000  -45.0000 2085.0486   19.3379
    0.0000    7.5000  -45.0000 2113.3660   18.9441
    7.5000    7.5000  -45.0000 2123.7690   18.9200
   -7.5000   15.0000  -45.0000 1991.5977   20.9874
    0.0000   15.0000  -45.0000 2017.7864   20.5428
    7.5000   15.0000  -45.0000 2024.8772   20.5447
   -7.5000   22.5000  -45.0000 1893.0609   23.2229
    0.0000   22.5000  -45.0000 1918.7231   22.7895
    7.5000   22.5000  -45.0000 1922.3938   22.7308
   -7.5000   30.0000  -45.0000 1778.2865   26.2322
    0.0000   30.0000  -45.0000 1792.4756   25.7725
    7.5000   30.0000  -45.0000 1798.0818   25.7365
   -7.5000   37.5000  -45.0000 1655.6738   30.4173
    0.0000   37.5000  -45.0000 1672.5374   29.6698
    7.5000   37.5000  -45.0000 1674.4436   29.6154
   -7.5000   45.0000  -45.0000 1521.4708   36.0730
    0.0000   45.0000  -45.0000 1537.6410   35.2219
    7.5000   45.0000  -45.0000 1543.0869   35.1362
   -7.5000  -45.0000  -37.5000 2281.8772   17.2495
    0.0000  -45.0000  -37.5000 2301.7300   16.9208
    7.5000  -45.0000  -37.5000 2313.6833   16.8810
   -7.5000  -37.5000  -37.5000 2330.4690   16.2721
    0.0000  -37.5000  -37.5000 2352.1221   15.9869
    7.5000  -37.5000  -37.5000 2364.9492   15.9394
   -7.5000  -30.0000  -37.5000 2361.1284   15.7954
    0.0000  -30.0000  -37.5000 2386.0557   15.4946
    7.5000  -30.0000  -37.5000 2393.3022   15.4179
   -7.5000  -22.5000  -37.5000 2368.5994   15.5755
    0.0000  -22.5000  -37.5000 2395.6980   15.2724
    7.5000  -22.5000  -37.5000 2406.1147   15.2254
   -7.5000  -15.0000  -37.5000 2358.2192   15.7288
    0.0000  -15.0000  -37.5000 2389.2622   15.4187
    7.5000  -15.0000  -37.5000 2401.9019   15.3609
   -7.5000   -7.5000  -37.5000 2321.5242   16.1375
    0.0000   -7.5000  -37.5000 2353.2935   15.7930
    7.5000   -7.5000  -37.5000 2370.8130   15.7769
   -7.5000    0.0000  -37.5000 2265.6885   16.7967
    0.0000    0.0000  -37.5000 2294.8889   16.4362
    7.5000    0.0000  -37.5000 2306.8694   16.3979
   -7.5000    7.5000  -37.5000 2189.2271   17.8354
    0.0000    7.5000  -37.5000 2218.0110   17.4352
    7.5000    7.5000  -37.5000 2229.9258   17.3989
   -7.5000   15.0000  -37.5000 2093.0342   19.3267
    0.0000   15.0000  -37.5000 2120.8484   18.8944
    7.5000   15.0000  -37.5000 2127.3147   18.9138
   -7.5000   22.5000  -37.5000 1985.2197   21.4076
    0.0000   22.5000  -37.5000 2013.1577   20.9849
    7.5000   22.5000  -37.5000 2019.9854   20.9302
   -7.5000   30.0000  -37.5000 1864.1399   24.1604
    0.0000   30.0000  -37.5000 1881.2006   23.6676
    7.5000   30.0000  -37.5000 1889.9257   23.6381
   -7.5000   37.5000  -37.5000 1741.6061   27.8925
    0.0000   37.5000  -37.5000 1753.6328   27.2584
    7.5000   37.5000  -37.5000 1752.5237   27.2221
   -7.5000   45.0000  -37.5000 1596.2172   33.0142
    0.0000   45.0000  -37.5000 1614.5999   32.1474
    7.5000   45.0000  -37.5000 1611.3865   32.0451
   -7.5000  -45.0000  -30.0000 2406.0574   16.6907
    0.0000  -45.0000  -30.0000 2427.1877   16.3930
    7.5000  -45.0000  -30.0000 2440.8315   16.3066
   -7.5000  -37.5000  -30.0000 2462.4617   15.6989
    0.0000  -37.5000  -30.0000 2483.8435   15.4141
    7.5000  -37.5000  -30.0000 2498.5908   15.3564
   -7.5000  -30.0000  -30.0000 2503.5613   15.1312
    0.0000  -30.0000  -30.0000 2524.9895   14.8525
    7.5000  -30.0000  -30.0000 2534.2739   14.7967
   -7.5000  -22.5000  -30.0000 2516.2104   14.9223
    0.0000  -22.5000  -30.0000 2544.1404   14.6384
    7.5000  -22.5000  -30.0000 2557.2551   14.5731
   -7.5000  -15.0000  -30.0000 2506.5471   15.0640
    0.0000  -15.0000  -30.0000 2540.5876   14.7714
    7.5000  -15.0000  -30.0000 2554.7478   14.7000
   -7.5000   -7.5000  -30.0000 2472.1133   15.4646
    0.0000   -7.5000  -30.0000 2509.1042   15.1510
    7.5000   -7.5000  -30.0000 2521.8149   15.0992
   -7.5000    0.0000  -30.0000 2404.6892   16.0688
    0.0000    0.0000  -30.0000 2443.8699   15.7544
    7.5000    0.0000  -30.0000 2452.4890   15.7211
   -7.5000    7.5000  -30.0000 2322.9910   16.9957
    0.0000    7.5000  -30.0000 2360.8835   16.6919
    7.5000    7.5000  -30.0000 2367.0947   16.6468
   -7.5000   15.0000  -30.0000 2221.4119   18.3689
    0.0000   15.0000  -30.0000 2252.9067   18.0384
    7.5000   15.0000  -30.0000 2259.5574   18.0516
   -7.5000   22.5000  -30.0000 2106.9429   20.3234
    0.0000   22.5000  -30.0000 2129.9053   19.9775
    7.5000   22.5000  -30.0000 2138.7275   19.9335
   -7.5000   30.0000  -30.0000 1976.1176   22.9125
    0.0000   30.0000  -30.0000 1999.5216   22.4669
    7.5000   30.0000  -30.0000 2009.1271   22.5140
   -7.5000   37.5000  -30.0000 1847.2584   26.4344
    0.0000   37.5000  -30.0000 1860.9144   25.8838
    7.5000   37.5000  -30.0000 1860.9886   25.9735
   -7.5000   45.0000  -30.0000 1695.6399   31.1506
    0.0000   45.0000  -30.0000 1711.7764   30.3083
    7.5000   45.0000  -30.0000 1711.3026   30.4201
   -7.5000  -45.0000  -22.5000 2497.0771   15.9855
    0.0000  -45.0000  -22.5000 2525.5471   15.7290
    7.5000  -45.0000  -22.5000 2540.4424   15.6054
   -7.5000  -37.5000  -22.5000 2568.4250   14.9771
    0.0000  -37.5000  -22.5000 2589.6150   14.7030
    7.5000  -37.5000  -22.5000 2607.3831   14.6091
   -7.5000  -30.0000  -22.5000 2616.5752   14.3635
    0.0000  -30.0000  -22.5000 2635.8489   14.1195
    7.5000  -30.0000  -22.5000 2647.4653   14.0399
   -7.5000  -22.5000  -22.5000 2627.2009   14.1737
    0.0000  -22.5000  -22.5000 2661.0549   13.9334
    7.5000  -22.5000  -22.5000 2675.7109   13.8648
   -7.5000  -15.0000  -22.5000 2620.1155   14.2772
    0.0000  -15.0000  -22.5000 2661.5840   14.0468
    7.5000  -15.0000  -22.5000 2673.2598   13.9876
   -7.5000   -7.5000  -22.5000 2587.3376   14.6305
    0.0000   -7.5000  -22.5000 2631.2415   14.3964
    7.5000   -7.5000  -22.5000 2641.5376   14.3500
   -7.5000    0.0000  -22.5000 2522.7893   15.2101
    0.0000    0.0000  -22.5000 2562.7505   14.9664
    7.5000    0.0000  -22.5000 2570.7725   14.9246
   -7.5000    7.5000  -22.5000 2435.7727   16.0976
    0.0000    7.5000  -22.5000 2470.6025   15.8047
    7.5000    7.5000  -22.5000 2475.8921   15.7643
   -7.5000   15.0000  -22.5000 2326.0417   17.3727
    0.0000   15.0000  -22.5000 2359.3972   17.0607
    7.5000   15.0000  -22.5000 2367.2100   17.0134
   -7.5000   22.5000  -22.5000 2201.0505   19.2189
    0.0000   22.5000  -22.5000 2223.4407   18.8375
    7.5000   22.5000  -22.5000 2233.2556   18.7931
   -7.5000   30.0000  -22.5000 2058.0139   21.6776
    0.0000   30.0000  -22.5000 2083.6826   21.2178
    7.5000   30.0000  -22.5000 2092.2207   21.2479
   -7.5000   37.5000  -22.5000 1923.2693   24.9845
    0.0000   37.5000  -22.5000 1939.2607   24.4630
    7.5000   37.5000  -22.5000 1941.9490   24.4527
   -7.5000   45.0000  -22.5000 1770.8933   29.3133
    0.0000   45.0000  -22.5000 1787.5522   28.5697
    7.5000   45.0000  -22.5000 1785.4354   28.6689
   -7.5000  -45.0000  -15.0000 2552.3408   15.3118
    0.0000  -45.0000  -15.0000 2589.2593   15.1270
    7.5000  -45.0000  -15.0000 2606.3066   14.9673
   -7.5000  -37.5000  -15.0000 2633.0674   14.2967
    0.0000  -37.5000  -15.0000 2664.5286   14.0641
    7.5000  -37.5000  -15.0000 2682.5667   13.9257
   -7.5000  -30.0000  -15.0000 2684.2173   13.6484
    0.0000  -30.0000  -15.0000 2714.2585   13.4235
    7.5000  -30.0000  -15.0000 2727.3447   13.3439
   -7.5000  -22.5000  -15.0000 2703.6340   13.4499
    0.0000  -22.5000  -15.0000 2741.6160   13.2432
    7.5000  -22.5000  -15.0000 2762.6165   13.1727
   -7.5000  -15.0000  -15.0000 2702.0486   13.5548
    0.0000  -15.0000  -15.0000 2745.0762   13.3394
    7.5000  -15.0000  -15.0000 2761.4600   13.2914
   -7.5000   -7.5000  -15.0000 2669.3914   13.9117
    0.0000   -7.5000  -15.0000 2716.3262   13.6672
    7.5000   -7.5000  -15.0000 2730.8123   13.5916
   -7.5000    0.0000  -15.0000 2606.1562   14.4643
    0.0000    0.0000  -15.0000 2646.2397   14.1939
    7.5000    0.0000  -15.0000 2657.7839   14.1453
   -7.5000    7.5000  -15.0000 2512.5020   15.2949
    0.0000    7.5000  -15.0000 2550.7522   15.0000
    7.5000    7.5000  -15.0000 2556.9255   14.9357
   -7.5000   15.0000  -15.0000 2399.9529   16.5331
    0.0000   15.0000  -15.0000 2434.5376   16.1881
    7.5000   15.0000  -15.0000 2444.0361   16.0994
   -7.5000   22.5000  -15.0000 2264.6797   18.2371
    0.0000   22.5000  -15.0000 2291.6902   17.8738
    7.5000   22.5000  -15.0000 2300.0017   17.8325
   -7.5000   30.0000  -15.0000 2110.8008   20.5783
    0.0000   30.0000  -15.0000 2140.9634   20.1564
    7.5000   30.0000  -15.0000 2153.3699   20.1340
   -7.5000   37.5000  -15.0000 1965.4434   23.6200
    0.0000   37.5000  -15.0000 1990.0101   23.0880
    7.5000   37.5000  -15.0000 1995.0262   23.1285
   -7.5000   45.0000  -15.0000 1805.8527   27.6083
    0.0000   45.0000  -15.0000 1825.5754   26.9887
    7.5000   45.0000  -15.0000 1831.9662   27.0133
   -7.5000  -45.0000   -7.5000 2598.3977   14.8588
    0.0000  -45.0000   -7.5000 2640.1960   14.6783
    7.5000  -45.0000   -7.5000 2652.4917   14.4975
   -7.5000  -37.5000   -7.5000 2679.2583   13.8006
    0.0000  -37.5000   -7.5000 2725.2007   13.6180
    7.5000  -37.5000   -7.5000 2737.4651   13.4619
   -7.5000  -30.0000   -7.5000 2737.9026   13.0874
    0.0000  -30.0000   -7.5000 2777.0789   12.8374
    7.5000  -30.0000   -7.5000 2788.9841   12.7711
   -7.5000  -22.5000   -7.5000 2774.5706   12.8544
    0.0000  -22.5000   -7.5000 2816.4526   12.6102
    7.5000  -22.5000   -7.5000 2831.2820   12.5596
   -7.5000  -15.0000   -7.5000 2771.6938   12.9670
    0.0000  -15.0000   -7.5000 2819.5818   12.7369
    7.5000  -15.0000   -7.5000 2837.5229   12.6679
   -7.5000   -7.5000   -7.5000 2737.9307   13.2920
    0.0000   -7.5000   -7.5000 2784.8696   13.0356
    7.5000   -7.5000   -7.5000 2801.2090   12.9435
   -7.5000    0.0000   -7.5000 2666.7534   13.8353
    0.0000    0.0000   -7.5000 2711.4561   13.5057
    7.5000    0.0000   -7.5000 2720.4470   13.4292
   -7.5000    7.5000   -7.5000 2574.3162   14.6662
    0.0000    7.5000   -7.5000 2610.6545   14.3129
    7.5000    7.5000   -7.5000 2621.3313   14.2232
   -7.5000   15.0000   -7.5000 2454.8203   15.8249
    0.0000   15.0000   -7.5000 2490.2661   15.4788
    7.5000   15.0000   -7.5000 2503.2056   15.4147
   -7.5000   22.5000   -7.5000 2311.7966   17.5089
    0.0000   22.5000   -7.5000 2339.7505   17.0940
    7.5000   22.5000   -7.5000 2353.9832   17.0368
   -7.5000   30.0000   -7.5000 2154.8308   19.7110
    0.0000   30.0000   -7.5000 2184.4443   19.2110
    7.5000   30.0000   -7.5000 2200.0547   19.2092
   -7.5000   37.5000   -7.5000 1997.3584   22.5962
    0.0000   37.5000   -7.5000 2018.7120   22.0405
    7.5000   37.5000   -7.5000 2027.1686   22.0479
   -7.5000   45.0000   -7.5000 1833.9983   26.4219
    0.0000   45.0000   -7.5000 1857.6250   25.7604
    7.5000   45.0000   -7.5000 1869.2295   25.7390
   -7.5000  -45.0000    0.0000 2620.4409   14.6306
    0.0000  -45.0000    0.0000 2661.9829   14.4174
    7.5000  -45.0000    0.0000 2674.7820   14.1914
   -7.5000  -37.5000    0.0000 2705.1145   13.5948
    0.0000  -37.5000    0.0000 2757.6455   13.4297
    7.5000  -37.5000    0.0000 2774.0139   13.2309
   -7.5000  -30.0000    0.0000 2770.2498   12.8214
    0.0000  -30.0000    0.0000 2816.1216   12.5277
    7.5000  -30.0000    0.0000 2834.9736   12.4446
   -7.5000  -22.5000    0.0000 2816.3293   12.4929
    0.0000  -22.5000    0.0000 2861.6191   12.1739
    7.5000  -22.5000    0.0000 2874.0310   12.1050
   -7.5000  -15.0000    0.0000 2816.2561   12.5195
    0.0000  -15.0000    0.0000 2855.8833   12.2281
    7.5000  -15.0000    0.0000 2874.6155   12.1202
   -7.5000   -7.5000    0.0000 2781.4705   12.8830
    0.0000   -7.5000    0.0000 2816.1536   12.4892
    7.5000   -7.5000    0.0000 2828.4817   12.3817
   -7.5000    0.0000    0.0000 2709.3601   13.4447
    0.0000    0.0000    0.0000 2740.9487   13.0213
    7.5000    0.0000    0.0000 2757.2139   12.9252
   -7.5000    7.5000    0.0000 2609.6648   14.2372
    0.0000    7.5000    0.0000 2643.3992   13.8554
    7.5000    7.5000    0.0000 2656.6260   13.7849
   -7.5000   15.0000    0.0000 2496.6665   15.3841
    0.0000   15.0000    0.0000 2523.7412   15.0000
    7.5000   15.0000    0.0000 2536.8799   14.9442
   -7.5000   22.5000    0.0000 2351.2451   17.0073
    0.0000   22.5000    0.0000 2375.2024   16.5955
    7.5000   22.5000    0.0000 2387.7686   16.5584
   -7.5000   30.0000    0.0000 2186.1516   19.1440
    0.0000   30.0000    0.0000 2216.8601   18.6504
    7.5000   30.0000    0.0000 2223.7876   18.6718
   -7.5000   37.5000    0.0000 2026.2952   21.9543
    0.0000   37.5000    0.0000 2047.3398   21.3459
    7.5000   37.5000    0.0000 2050.5576   21.3398
   -7.5000   45.0000    0.0000 1862.2368   25.5483
    0.0000   45.0000    0.0000 1885.3398   24.9248
    7.5000   45.0000    0.0000 1890.0072   24.8428
   -7.5000  -45.0000    7.5000 2628.9460   14.5584
    0.0000  -45.0000    7.5000 2673.1025   14.3070
    7.5000  -45.0000    7.5000 2683.7209   14.0949
   -7.5000  -37.5000    7.5000 2722.0913   13.5326
    0.0000  -37.5000    7.5000 2777.3591   13.3825
    7.5000  -37.5000    7.5000 2789.1824   13.1563
   -7.5000  -30.0000    7.5000 2790.8247   12.7629
    0.0000  -30.0000    7.5000 2848.2183   12.5417
    7.5000  -30.0000    7.5000 2860.9983   12.3554
   -7.5000  -22.5000    7.5000 2827.9419   12.3465
    0.0000  -22.5000    7.5000 2874.6318   11.9755
    7.5000  -22.5000    7.5000 2887.2087   11.8832
   -7.5000  -15.0000    7.5000 2833.1843   12.3593
    0.0000  -15.0000    7.5000 2864.8228   11.9191
    7.5000  -15.0000    7.5000 2874.0781   11.8477
   -7.5000   -7.5000    7.5000 2804.2808   12.7071
    0.0000   -7.5000    7.5000 2835.2844   12.2794
    7.5000   -7.5000    7.5000 2841.7571   12.2133
   -7.5000    0.0000    7.5000 2738.6616   13.2375
    0.0000    0.0000    7.5000 2772.2266   12.8748
    7.5000    0.0000    7.5000 2774.6848   12.7951
   -7.5000    7.5000    7.5000 2635.0139   14.0516
    0.0000    7.5000    7.5000 2676.1584   13.7479
    7.5000    7.5000    7.5000 2681.8103   13.6449
   -7.5000   15.0000    7.5000 2514.7852   15.2017
    0.0000   15.0000    7.5000 2552.0959   14.9272
    7.5000   15.0000    7.5000 2556.8708   14.8264
   -7.5000   22.5000    7.5000 2376.1372   16.8146
    0.0000   22.5000    7.5000 2412.7207   16.5048
    7.5000   22.5000    7.5000 2418.0894   16.4230
   -7.5000   30.0000    7.5000 2209.3479   18.8986
    0.0000   30.0000    7.5000 2251.2593   18.5385
    7.5000   30.0000    7.5000 2253.9963   18.4974
   -7.5000   37.5000    7.5000 2044.8853   21.5799
    0.0000   37.5000    7.5000 2070.0461   21.1315
    7.5000   37.5000    7.5000 2073.6226   21.0956
   -7.5000   45.0000    7.5000 1882.1604   25.0737
    0.0000   45.0000    7.5000 1893.7091   24.4158
    7.5000   45.0000    7.5000 1897.0677   24.4034
   -7.5000  -45.0000   15.0000 2608.8513   14.6674
    0.0000  -45.0000   15.0000 2648.6284   14.3153
    7.5000  -45.0000   15.0000 2660.6597   14.1892
   -7.5000  -37.5000   15.0000 2711.5820   13.6902
    0.0000  -37.5000   15.0000 2758.3469   13.3846
    7.5000  -37.5000   15.0000 2770.8992   13.2638
   -7.5000  -30.0000   15.0000 2781.8108   12.9320
    0.0000  -30.0000   15.0000 2829.4878   12.6663
    7.5000  -30.0000   15.0000 2847.3237   12.5351
   -7.5000  -22.5000   15.0000 2822.4932   12.5746
    0.0000  -22.5000   15.0000 2871.4861   12.2204
    7.5000  -22.5000   15.0000 2876.6416   12.0840
   -7.5000  -15.0000   15.0000 2830.6345   12.5329
    0.0000  -15.0000   15.0000 2877.3274   12.1816
    7.5000  -15.0000   15.0000 2880.6101   12.0541
   -7.5000   -7.5000   15.0000 2802.1433   12.7531
    0.0000   -7.5000   15.0000 2850.4778   12.4726
    7.5000   -7.5000   15.0000 2849.9250   12.3581
   -7.5000    0.0000   15.0000 2731.4419   13.2564
    0.0000    0.0000   15.0000 2775.7158   13.0269
    7.5000    0.0000   15.0000 2771.5852   12.9118
   -7.5000    7.5000   15.0000 2631.2412   14.0608
    0.0000    7.5000   15.0000 2674.0947   13.8552
    7.5000    7.5000   15.0000 2674.0076   13.7410
   -7.5000   15.0000   15.0000 2507.0479   15.2474
    0.0000   15.0000   15.0000 2543.7449   15.0196
    7.5000   15.0000   15.0000 2546.1030   14.9358
   -7.5000   22.5000   15.0000 2367.5200   16.8535
    0.0000   22.5000   15.0000 2400.9338   16.5762
    7.5000   22.5000   15.0000 2405.4243   16.5283
   -7.5000   30.0000   15.0000 2206.1362   18.9447
    0.0000   30.0000   15.0000 2237.8308   18.6049
    7.5000   30.0000   15.0000 2246.6270   18.5805
   -7.5000   37.5000   15.0000 2038.9561   21.6063
    0.0000   37.5000   15.0000 2067.7048   21.2163
    7.5000   37.5000   15.0000 2074.9421   21.1957
   -7.5000   45.0000   15.0000 1878.1471   25.0361
    0.0000   45.0000   15.0000 1904.4670   24.5538
    7.5000   45.0000   15.0000 1906.5911   24.5288
   -7.5000  -45.0000   22.5000 2565.0378   15.0141
    0.0000  -45.0000   22.5000 2607.1743   14.6217
    7.5000  -45.0000   22.5000 2617.7441   14.4790
   -7.5000  -37.5000   22.5000 2668.9241   14.0647
    0.0000  -37.5000   22.5000 2719.3506   13.7673
    7.5000  -37.5000   22.5000 2727.7122   13.6162
   -7.5000  -30.0000   22.5000 2742.5581   13.3296
    0.0000  -30.0000   22.5000 2793.2354   13.0203
    7.5000  -30.0000   22.5000 2802.5503   12.8394
   -7.5000  -22.5000   22.5000 2792.3186   12.9831
    0.0000  -22.5000   22.5000 2850.2639   12.6404
    7.5000  -22.5000   22.5000 2850.2224   12.4913
   -7.5000  -15.0000   22.5000 2802.9573   12.9152
    0.0000  -15.0000   22.5000 2865.5996   12.6511
    7.5000  -15.0000   22.5000 2874.2258   12.5290
   -7.5000   -7.5000   22.5000 2771.7698   13.1221
    0.0000   -7.5000   22.5000 2828.2407   12.9313
    7.5000   -7.5000   22.5000 2834.4065   12.8187
   -7.5000    0.0000   22.5000 2696.9229   13.5849
    0.0000    0.0000   22.5000 2744.4194   13.4118
    7.5000    0.0000   22.5000 2746.4607   13.3015
   -7.5000    7.5000   22.5000 2597.8403   14.3325
    0.0000    7.5000   22.5000 2638.3738   14.1385
    7.5000    7.5000   22.5000 2644.6653   14.0530
   -7.5000   15.0000   22.5000 2482.1570   15.4887
    0.0000   15.0000   22.5000 2522.5647   15.2388
    7.5000   15.0000   22.5000 2527.5146   15.1750
   -7.5000   22.5000   22.5000 2345.3052   17.0557
    0.0000   22.5000   22.5000 2374.8015   16.7873
    7.5000   22.5000   22.5000 2382.8625   16.7490
   -7.5000   30.0000   22.5000 2181.6526   19.1777
    0.0000   30.0000   22.5000 2202.7996   18.8072
    7.5000   30.0000   22.5000 2218.3123   18.7863
   -7.5000   37.5000   22.5000 2020.2598   21.8539
    0.0000   37.5000   22.5000 2043.9800   21.3828
    7.5000   37.5000   22.5000 2054.0076   21.4144
   -7.5000   45.0000   22.5000 1866.3258   25.2186
    0.0000   45.0000   22.5000 1887.1349   24.7195
    7.5000   45.0000   22.5000 1897.3674   24.7392
   -7.5000  -45.0000   30.0000 2508.3826   15.7569
    0.0000  -45.0000   30.0000 2540.3359   15.2626
    7.5000  -45.0000   30.0000 2556.7903   15.1830
   -7.5000  -37.5000   30.0000 2602.7563   14.7674
    0.0000  -37.5000   30.0000 2645.4739   14.3338
    7.5000  -37.5000   30.0000 2659.4863   14.2159
   -7.5000  -30.0000   30.0000 2683.3618   13.9872
    0.0000  -30.0000   30.0000 2725.7017   13.5167
    7.5000  -30.0000   30.0000 2738.9126   13.3868
   -7.5000  -22.5000   30.0000 2743.2300   13.6156
    0.0000  -22.5000   30.0000 2788.6941   13.1732
    7.5000  -22.5000   30.0000 2795.1238   13.0622
   -7.5000  -15.0000   30.0000 2744.9529   13.5388
    0.0000  -15.0000   30.0000 2796.2156   13.1918
    7.5000  -15.0000   30.0000 2808.8088   13.0767
   -7.5000   -7.5000   30.0000 2712.3845   13.7231
    0.0000   -7.5000   30.0000 2757.0620   13.4346
    7.5000   -7.5000   30.0000 2771.7256   13.3244
   -7.5000    0.0000   30.0000 2640.2939   14.2041
    0.0000    0.0000   30.0000 2679.7332   13.9484
    7.5000    0.0000   30.0000 2689.5479   13.8567
   -7.5000    7.5000   30.0000 2540.6702   14.9824
    0.0000    7.5000   30.0000 2579.2834   14.7447
    7.5000    7.5000   30.0000 2590.2078   14.6479
   -7.5000   15.0000   30.0000 2431.4661   16.0931
    0.0000   15.0000   30.0000 2472.8516   15.8664
    7.5000   15.0000   30.0000 2483.5701   15.8015
   -7.5000   22.5000   30.0000 2296.5303   17.6206
    0.0000   22.5000   30.0000 2326.8320   17.3706
    7.5000   22.5000   30.0000 2335.9402   17.3365
   -7.5000   30.0000   30.0000 2140.0833   19.6755
    0.0000   30.0000   30.0000 2163.1462   19.3142
    7.5000   30.0000   30.0000 2173.0820   19.3406
   -7.5000   37.5000   30.0000 1988.2721   22.2865
    0.0000   37.5000   30.0000 2008.3287   21.8107
    7.5000   37.5000   30.0000 2015.3384   21.8112
   -7.5000   45.0000   30.0000 1840.1296   25.6684
    0.0000   45.0000   30.0000 1860.4006   25.1788
    7.5000   45.0000   30.0000 1863.1555   25.0635
   -7.5000  -45.0000   37.5000 2436.5188   16.6543
    0.0000  -45.0000   37.5000 2467.0190   15.9966
    7.5000  -45.0000   37.5000 2484.1333   15.9231
   -7.5000  -37.5000   37.5000 2531.4004   15.5644
    0.0000  -37.5000   37.5000 2567.4929   14.9548
    7.5000  -37.5000   37.5000 2586.5105   14.8607
   -7.5000  -30.0000   37.5000 2616.5925   14.7632
    0.0000  -30.0000   37.5000 2651.3298   14.1913
    7.5000  -30.0000   37.5000 2663.5579   14.0791
   -7.5000  -22.5000   37.5000 2675.3035   14.3445
    0.0000  -22.5000   37.5000 2712.9644   13.8694
    7.5000  -22.5000   37.5000 2720.6523   13.7622
   -7.5000  -15.0000   37.5000 2676.4209   14.2641
    0.0000  -15.0000   37.5000 2717.2695   13.8752
    7.5000  -15.0000   37.5000 2732.0903   13.7616
   -7.5000   -7.5000   37.5000 2636.1162   14.4542
    0.0000   -7.5000   37.5000 2677.6548   14.1159
    7.5000   -7.5000   37.5000 2693.3704   14.0021
   -7.5000    0.0000   37.5000 2572.9895   14.9246
    0.0000    0.0000   37.5000 2609.1873   14.5993
    7.5000    0.0000   37.5000 2620.6648   14.5003
   -7.5000    7.5000   37.5000 2481.9783   15.7098
    0.0000    7.5000   37.5000 2519.3643   15.4154
    7.5000    7.5000   37.5000 2531.3835   15.3174
   -7.5000   15.0000   37.5000 2367.8406   16.8439
    0.0000   15.0000   37.5000 2408.1484   16.5498
    7.5000   15.0000   37.5000 2422.7932   16.4603
   -7.5000   22.5000   37.5000 2238.2715   18.4087
    0.0000   22.5000   37.5000 2267.7690   18.1151
    7.5000   22.5000   37.5000 2281.0972   18.0510
   -7.5000   30.0000   37.5000 2094.6521   20.3721
    0.0000   30.0000   37.5000 2110.6062   20.0399
    7.5000   30.0000   37.5000 2124.0957   20.0405
   -7.5000   37.5000   37.5000 1955.4381   23.0218
    0.0000   37.5000   37.5000 1965.5969   22.5541
    7.5000   37.5000   37.5000 1975.3530   22.5343
   -7.5000   45.0000   37.5000 1800.7764   26.5530
    0.0000   45.0000   37.5000 1818.7069   25.9769
    7.5000   45.0000   37.5000 1826.4432   25.8560
   -7.5000  -45.0000   45.0000 2361.4175   17.7115
    0.0000  -45.0000   45.0000 2393.7363   16.9775
    7.5000  -45.0000   45.0000 2414.9512   16.9245
   -7.5000  -37.5000   45.0000 2455.1123   16.5194
    0.0000  -37.5000   45.0000 2494.3333   15.8670
    7.5000  -37.5000   45.0000 2509.4885   15.7627
   -7.5000  -30.0000   45.0000 2536.1646   15.6915
    0.0000  -30.0000   45.0000 2569.9907   15.0945
    7.5000  -30.0000   45.0000 2581.5420   14.9967
   -7.5000  -22.5000   45.0000 2587.6782   15.2819
    0.0000  -22.5000   45.0000 2623.1128   14.7579
    7.5000  -22.5000   45.0000 2634.5955   14.6539
   -7.5000  -15.0000   45.0000 2590.5850   15.1964
    0.0000  -15.0000   45.0000 2624.6213   14.7199
    7.5000  -15.0000   45.0000 2635.2078   14.6189
   -7.5000   -7.5000   45.0000 2554.1235   15.4003
    0.0000   -7.5000   45.0000 2585.9575   14.9716
    7.5000   -7.5000   45.0000 2598.8633   14.8547
   -7.5000    0.0000   45.0000 2489.6504   15.8630
    0.0000    0.0000   45.0000 2523.2766   15.4556
    7.5000    0.0000   45.0000 2536.2749   15.3539
   -7.5000    7.5000   45.0000 2402.9456   16.6158
    0.0000    7.5000   45.0000 2436.9565   16.2510
    7.5000    7.5000   45.0000 2449.7080   16.1741
   -7.5000   15.0000   45.0000 2298.8809   17.7771
    0.0000   15.0000   45.0000 2330.2954   17.4032
    7.5000   15.0000   45.0000 2344.1865   17.3427
   -7.5000   22.5000   45.0000 2169.2046   19.3349
    0.0000   22.5000   45.0000 2196.4050   19.0055
    7.5000   22.5000   45.0000 2212.9905   18.9344
   -7.5000   30.0000   45.0000 2037.9161   21.3135
    0.0000   30.0000   45.0000 2057.1123   21.0174
    7.5000   30.0000   45.0000 2068.5662   20.9541
   -7.5000   37.5000   45.0000 1906.4470   24.0063
    0.0000   37.5000   45.0000 1927.5363   23.5966
    7.5000   37.5000   45.0000 1936.3473   23.5599
   -7.5000   45.0000   45.0000 1756.7231   27.5970
    0.0000   45.0000   45.0000 1780.1113   27.0405
    7.5000   45.0000   45.0000 1786.6560   26.9320

---------------------------------------------------------------------
imgreg_4dfp /opt/freesurfer/average/711-2C_as_mni_average_305 /opt/freesurfer/average/711-2B_as_mni_average_305_mask talsrcimg_g11 none talsrcimg_to_711-2C_as_mni_average_305_t4 1283
---------------------------------------------------------------------

freesurfer imgreg_4dfp.c
/opt/freesurfer/average/711-2C_as_mni_average_305.4dfp.img
       256       256       256         1
  1.000000  1.000000  1.000000
orientation T byte_order littleendian
Reading image: /opt/freesurfer/average/711-2C_as_mni_average_305.4dfp.img
dimensions:      256       256       256
mmppix:       1.0000   -1.0000   -1.0000
center:     128.0000 -129.0000 -129.0000
/opt/freesurfer/average/711-2B_as_mni_average_305_mask.4dfp.img
       256       256       256         1
  1.000000  1.000000  1.000000
orientation T byte_order littleendian
Reading mask: /opt/freesurfer/average/711-2B_as_mni_average_305_mask.4dfp.img (2306576 pixels)
talsrcimg_g11.4dfp.img
       256       256       256         1
  1.000000  1.000000  1.000000
orientation T byte_order littleendian
Reading image: talsrcimg_g11.4dfp.img
dimensions:      256       256       256
mmppix:       1.0000   -1.0000   -1.0000
center:     128.0000 -129.0000 -129.0000
rotation matrix determinant  1.000000
fimgreg.f
image alignment mode   1283 decimal      503 hex
parameters
    7.5000  -22.5000    7.5000    0.0000    0.0000    0.0000
eta,q 0.90559 11.87449
niter,ni,del,rscale     5    3   12.0000    1.2000
parameter  4-27.418198 ->  0.500000 qaram    1.1500
parameters
    5.5285  -22.7091    8.6531   -3.4500    1.1873   -2.6302
eta,q 0.90828 11.66321
  0.0976  0.0977  0.0960  0.0895  0.0962  0.0922
  0.0959  0.0964  0.0954  0.0916  0.0946  0.0918
  0.0951  0.0952  0.0955  0.0934  0.0934  0.0917
  0.0957  0.0951  0.0951  0.0947  0.0921  0.0920
  0.0972  0.0960  0.0944  0.0968  0.0920  0.0927
  0.1014  0.0965  0.0948  0.0986  0.0926  0.0936
  0.1065  0.0978  0.0957  0.1002  0.0943  0.0952
niter,ni,del,rscale     5    3   12.0000    1.2000
parameter  4  3.046607 ->  0.500000 qaram    1.3225
parameters
    3.9033  -22.9896   11.1289   -7.4175    2.0092   -4.1334
eta,q 0.91163 11.99844
  0.0948  0.0958  0.0951  0.0873  0.0926  0.0895
  0.0935  0.0928  0.0924  0.0882  0.0913  0.0886
  0.0917  0.0915  0.0916  0.0896  0.0896  0.0883
  0.0917  0.0915  0.0914  0.0917  0.0884  0.0886
  0.0942  0.0923  0.0916  0.0924  0.0891  0.0892
  0.0974  0.0939  0.0916  0.0940  0.0904  0.0900
  0.1025  0.0961  0.0912  0.0967  0.0908  0.0905
niter,ni,del,rscale     5    3   12.0000    1.2000
parameter  3 30.534668 -> -0.500000 qaram    1.1500
parameter  4  0.845698 ->  0.500000 qaram    1.5209
parameters
    3.5814  -21.3425   14.5789  -11.9801    0.5641   -4.5320
eta,q 0.91816 12.12299
  0.0966  0.1003  0.0902  0.0845  0.0864  0.0855
  0.0912  0.0949  0.0893  0.0823  0.0835  0.0834
  0.0885  0.0906  0.0880  0.0830  0.0821  0.0820
  0.0884  0.0882  0.0885  0.0866  0.0821  0.0819
  0.0905  0.0887  0.0881  0.0900  0.0847  0.0829
  0.0936  0.0901  0.0861  0.0932  0.0889  0.0844
  0.0972  0.0916  0.0862  0.0961  0.0931  0.0862
niter,ni,del,rscale     6    3   12.0000    1.2000
parameter  2 -0.801115 -> -0.500000 qaram    1.1500
parameters
    3.8363  -17.8925   15.4915  -12.7058    0.5916   -4.2212
eta,q 0.92461 11.93175
  0.0936  0.1043  0.0891  0.0851  0.0855  0.0817
  0.0876  0.0971  0.0857  0.0821  0.0809  0.0789
  0.0836  0.0890  0.0832  0.0779  0.0776  0.0766
  0.0818  0.0819  0.0768  0.0752  0.0755  0.0755
  0.0841  0.0779  0.0767  0.0781  0.0764  0.0759
  0.0883  0.0767  0.0821  0.0841  0.0809  0.0778
  0.0905  0.0778  0.0859  0.0891  0.0856  0.0808
niter,ni,del,rscale     6    3   12.0000    1.2000
parameters
    3.9517  -15.6313   16.1689  -13.8521    0.6305   -4.0494
eta,q 0.92475 11.96094
  0.0896  0.0957  0.0910  0.0807  0.0821  0.0794
  0.0840  0.0863  0.0874  0.0775  0.0786  0.0778
  0.0793  0.0792  0.0811  0.0751  0.0764  0.0762
  0.0754  0.0753  0.0754  0.0756  0.0753  0.0753
  0.0783  0.0754  0.0785  0.0770  0.0758  0.0757
  0.0851  0.0784  0.0821  0.0791  0.0787  0.0770
  0.0878  0.0788  0.0879  0.0845  0.0820  0.0794
niter,ni,del,rscale     5    3   12.0000    1.2000
parameters
    4.0011  -14.3110   16.1228  -15.8073    0.7955   -3.8258
eta,q 0.92477 12.00881
  0.0882  0.0885  0.0904  0.0788  0.0811  0.0794
  0.0836  0.0810  0.0847  0.0764  0.0779  0.0777
  0.0797  0.0763  0.0779  0.0748  0.0762  0.0760
  0.0753  0.0752  0.0767  0.0766  0.0753  0.0752
  0.0777  0.0782  0.0802  0.0782  0.0754  0.0757
  0.0846  0.0793  0.0844  0.0782  0.0776  0.0769
  0.0876  0.0794  0.0904  0.0818  0.0806  0.0791
niter,ni,del,rscale     4    3   12.0000    1.2000
parameters
    3.9379  -13.0822   15.6235  -19.0386    0.8127   -3.5187
eta,q 0.92570 12.08909
  0.0862  0.0865  0.0883  0.0775  0.0804  0.0793
  0.0819  0.0808  0.0819  0.0761  0.0779  0.0767
  0.0788  0.0760  0.0766  0.0743  0.0759  0.0750
  0.0752  0.0753  0.0767  0.0762  0.0743  0.0743
  0.0778  0.0780  0.0801  0.0786  0.0746  0.0747
  0.0836  0.0789  0.0852  0.0788  0.0776  0.0761
  0.0860  0.0793  0.0906  0.0809  0.0810  0.0784
niter,ni,del,rscale     3    3   12.0000    1.2000
parameter  4  0.574150 ->  0.500000 qaram    1.7490
parameters
    3.8575  -11.3989   14.4149  -24.2856    0.5643   -3.5249
eta,q 0.92542 12.13259
  0.0863  0.0866  0.0837  0.0751  0.0802  0.0769
  0.0810  0.0825  0.0782  0.0742  0.0772  0.0756
  0.0776  0.0768  0.0755  0.0743  0.0756  0.0750
  0.0743  0.0744  0.0749  0.0750  0.0745  0.0746
  0.0773  0.0756  0.0780  0.0776  0.0751  0.0742
  0.0835  0.0781  0.0853  0.0786  0.0779  0.0751
  0.0856  0.0784  0.0919  0.0814  0.0815  0.0775
niter,ni,del,rscale     3    3   12.0000    1.2000
parameters
    4.2621   -9.1232   12.8991  -23.9412    0.5549   -5.5562
eta,q 0.92719 11.94115
  0.0912  0.0873  0.0814  0.0845  0.0793  0.0741
  0.0839  0.0824  0.0754  0.0775  0.0762  0.0731
  0.0780  0.0769  0.0732  0.0724  0.0742  0.0728
  0.0746  0.0744  0.0731  0.0730  0.0731  0.0731
  0.0768  0.0731  0.0768  0.0762  0.0737  0.0740
  0.0829  0.0736  0.0850  0.0784  0.0762  0.0759
  0.0866  0.0776  0.0922  0.0807  0.0796  0.0785
niter,ni,del,rscale     2    3   12.0000    1.2000
parameters
    4.3875   -9.4019   12.7715  -23.7770    0.6070   -5.6772
eta,q 0.92718 11.93359
  0.0851  0.0811  0.0859  0.0840  0.0793  0.0759
  0.0787  0.0758  0.0792  0.0766  0.0760  0.0743
  0.0744  0.0737  0.0740  0.0725  0.0738  0.0732
  0.0728  0.0728  0.0728  0.0728  0.0728  0.0728
  0.0748  0.0747  0.0736  0.0766  0.0733  0.0732
  0.0797  0.0773  0.0794  0.0786  0.0757  0.0743
  0.0829  0.0819  0.0875  0.0805  0.0794  0.0763
niter,ni,del,rscale     1    3   12.0000    1.2000
parameters
    4.4121   -9.4302   12.7681  -23.7658    0.6004   -5.7004
eta,q 0.92717 11.93346
  0.0846  0.0817  0.0862  0.0837  0.0792  0.0760
  0.0786  0.0762  0.0795  0.0763  0.0760  0.0744
  0.0745  0.0739  0.0742  0.0725  0.0738  0.0732
  0.0728  0.0728  0.0728  0.0728  0.0728  0.0728
  0.0751  0.0746  0.0735  0.0768  0.0734  0.0732
  0.0800  0.0770  0.0788  0.0786  0.0758  0.0743
  0.0832  0.0812  0.0869  0.0806  0.0795  0.0762
registration optimization eta report
parameter search radius
    6.0000    6.9000    6.9000   10.4940    6.0000    6.0000
100000*second partial in parameter space
       29.       17.       30.        8.       18.        9.
  0.0846  0.0817  0.0862  0.0837  0.0792  0.0760
  0.0786  0.0762  0.0795  0.0763  0.0760  0.0744
  0.0745  0.0739  0.0742  0.0725  0.0738  0.0732
  0.0728  0.0728  0.0728  0.0728  0.0728  0.0728
  0.0751  0.0746  0.0735  0.0768  0.0734  0.0732
  0.0800  0.0770  0.0788  0.0786  0.0758  0.0743
  0.0832  0.0812  0.0869  0.0806  0.0795  0.0762
    4.4121   -9.4302   12.7681  -23.7658    0.6004   -5.7004
eta,q 0.92717 11.93346

---------------------------------------------------------------------
imgreg_4dfp /opt/freesurfer/average/711-2C_as_mni_average_305 /opt/freesurfer/average/711-2B_as_mni_average_305_mask talsrcimg_g11 none talsrcimg_to_711-2C_as_mni_average_305_t4 3335
---------------------------------------------------------------------

freesurfer imgreg_4dfp.c
/opt/freesurfer/average/711-2C_as_mni_average_305.4dfp.img
       256       256       256         1
  1.000000  1.000000  1.000000
orientation T byte_order littleendian
Reading image: /opt/freesurfer/average/711-2C_as_mni_average_305.4dfp.img
dimensions:      256       256       256
mmppix:       1.0000   -1.0000   -1.0000
center:     128.0000 -129.0000 -129.0000
/opt/freesurfer/average/711-2B_as_mni_average_305_mask.4dfp.img
       256       256       256         1
  1.000000  1.000000  1.000000
orientation T byte_order littleendian
Reading mask: /opt/freesurfer/average/711-2B_as_mni_average_305_mask.4dfp.img (2306576 pixels)
talsrcimg_g11.4dfp.img
       256       256       256         1
  1.000000  1.000000  1.000000
orientation T byte_order littleendian
Reading image: talsrcimg_g11.4dfp.img
dimensions:      256       256       256
mmppix:       1.0000   -1.0000   -1.0000
center:     128.0000 -129.0000 -129.0000
fimgreg.f
image alignment mode   3335 decimal      D07 hex
parameters
    4.4121   -9.4302   12.7681   -0.5000   -8.9745   -8.4850
    9.5107    3.0485   -9.9322   40.1958    1.0479  -40.2976
eta,q 0.92747 12.08333
niter,ni,del,rscale     5    3    5.0000    1.2000
parameter  4  1.628577 ->  0.500000 qaram    1.1500
parameter  5  2.875565 ->  0.500000 qaram    1.1500
parameter  6  0.669533 ->  0.500000 qaram    1.1500
parameter 12 -2.792317 -> -0.500000 qaram    1.1500
parameters
    4.4356   -9.6470   13.5700   -4.6400  -13.1145  -12.6250
    6.6624    0.8086   -7.3266   37.0388    3.3911  -36.1576
eta,q 0.94260 11.61880
  0.0755  0.0736  0.0749  0.0650  0.0597  0.0613  0.0611  0.0614  0.0618  0.0599  0.0610  0.0645
  0.0739  0.0729  0.0739  0.0664  0.0621  0.0608  0.0605  0.0601  0.0609  0.0596  0.0602  0.0625
  0.0728  0.0726  0.0731  0.0686  0.0643  0.0609  0.0604  0.0599  0.0603  0.0596  0.0597  0.0609
  0.0725  0.0725  0.0725  0.0723  0.0669  0.0627  0.0607  0.0604  0.0599  0.0598  0.0596  0.0596
  0.0730  0.0728  0.0723  0.0773  0.0699  0.0661  0.0614  0.0613  0.0598  0.0604  0.0596  0.0583
  0.0739  0.0733  0.0724  0.0822  0.0732  0.0701  0.0624  0.0626  0.0599  0.0616  0.0596  0.0571
  0.0752  0.0740  0.0731  0.0868  0.0771  0.0746  0.0638  0.0646  0.0602  0.0633  0.0598  0.0561
niter,ni,del,rscale     7    3    5.0000    1.2000
parameter  3  2.500105 ->  0.500000 qaram    1.1500
parameter  4  0.733377 ->  0.500000 qaram    1.3225
parameter  5  9.072767 ->  0.500000 qaram    1.3225
parameter  6  0.970683 ->  0.500000 qaram    1.3225
parameter 10  1.627249 ->  0.500000 qaram    1.1500
parameter 12 -0.716517 -> -0.500000 qaram    1.3225
parameters
    4.4768  -10.0687   12.1900   -9.4010  -17.8755  -17.3860
    6.6614   -0.7302   -7.3915   32.8988    2.4027  -31.3966
eta,q 0.95467 10.92145
  0.0596  0.0578  0.0546  0.0534  0.0464  0.0466  0.0500  0.0497  0.0494  0.0452  0.0466  0.0490
  0.0584  0.0575  0.0554  0.0536  0.0489  0.0477  0.0490  0.0486  0.0486  0.0458  0.0462  0.0478
  0.0577  0.0574  0.0563  0.0543  0.0513  0.0490  0.0483  0.0480  0.0481  0.0467  0.0460  0.0468
  0.0574  0.0574  0.0574  0.0556  0.0537  0.0496  0.0481  0.0481  0.0479  0.0479  0.0460  0.0460
  0.0576  0.0575  0.0587  0.0580  0.0560  0.0509  0.0483  0.0488  0.0481  0.0495  0.0462  0.0455
  0.0583  0.0577  0.0601  0.0619  0.0585  0.0544  0.0489  0.0502  0.0486  0.0513  0.0465  0.0453
  0.0595  0.0582  0.0616  0.0667  0.0617  0.0582  0.0501  0.0520  0.0494  0.0532  0.0470  0.0455
niter,ni,del,rscale     7    3    5.0000    1.2000
parameter  2  3.257446 ->  0.500000 qaram    1.1500
parameter  3  2.778013 ->  0.500000 qaram    1.3225
parameter  5  3.192116 ->  0.500000 qaram    1.5209
parameter  6  0.673849 ->  0.500000 qaram    1.5209
parameters
    4.4378  -11.4487   10.6030  -12.2257  -23.3506  -22.8612
    7.1998   -0.5329   -6.8187   29.2803    3.1562  -33.0352
eta,q 0.96980 10.65034
  0.0477  0.0421  0.0388  0.0417  0.0331  0.0327  0.0338  0.0351  0.0334  0.0318  0.0314  0.0318
  0.0464  0.0430  0.0400  0.0408  0.0339  0.0312  0.0324  0.0331  0.0322  0.0306  0.0308  0.0308
  0.0456  0.0441  0.0415  0.0404  0.0366  0.0317  0.0315  0.0316  0.0314  0.0303  0.0304  0.0303
  0.0453  0.0453  0.0433  0.0404  0.0404  0.0344  0.0311  0.0311  0.0311  0.0311  0.0303  0.0303
  0.0456  0.0467  0.0453  0.0412  0.0439  0.0371  0.0313  0.0315  0.0312  0.0333  0.0303  0.0308
  0.0465  0.0481  0.0475  0.0435  0.0473  0.0405  0.0320  0.0328  0.0318  0.0366  0.0306  0.0319
  0.0479  0.0497  0.0499  0.0482  0.0502  0.0454  0.0331  0.0347  0.0327  0.0406  0.0310  0.0333
niter,ni,del,rscale     7    3    5.0000    1.2000
parameter  3  0.566915 ->  0.500000 qaram    1.5209
parameter  4 -0.710803 -> -0.500000 qaram    1.5209
parameter 12  0.856938 ->  0.500000 qaram    1.5209
parameters
    4.5699  -12.4623    8.7779   -6.7506  -26.9524  -22.9309
    7.3445   -0.3541   -6.4653   31.1223    3.6449  -38.5104
eta,q 0.97349 10.81061
  0.0329  0.0310  0.0294  0.0336  0.0303  0.0336  0.0298  0.0316  0.0294  0.0324  0.0285  0.0266
  0.0315  0.0301  0.0291  0.0317  0.0287  0.0312  0.0288  0.0296  0.0285  0.0304  0.0280  0.0265
  0.0306  0.0298  0.0292  0.0302  0.0278  0.0292  0.0281  0.0282  0.0280  0.0288  0.0276  0.0268
  0.0302  0.0302  0.0298  0.0290  0.0278  0.0277  0.0278  0.0278  0.0278  0.0278  0.0275  0.0275
  0.0304  0.0313  0.0312  0.0282  0.0301  0.0279  0.0280  0.0282  0.0279  0.0275  0.0276  0.0286
  0.0311  0.0333  0.0332  0.0277  0.0347  0.0302  0.0286  0.0294  0.0284  0.0281  0.0278  0.0299
  0.0324  0.0358  0.0358  0.0283  0.0393  0.0350  0.0297  0.0312  0.0291  0.0298  0.0283  0.0313
niter,ni,del,rscale     7    3    5.0000    1.2000
parameters
    4.5126  -12.7715    7.4640   -7.6466  -28.2632  -23.1161
    7.1831   -0.0350   -6.0725   32.1122    5.2020  -42.9417
eta,q 0.97415 10.81163
  0.0292  0.0286  0.0275  0.0307  0.0305  0.0329  0.0284  0.0303  0.0282  0.0306  0.0275  0.0270
  0.0277  0.0272  0.0264  0.0287  0.0284  0.0301  0.0274  0.0284  0.0273  0.0286  0.0270  0.0261
  0.0268  0.0266  0.0261  0.0272  0.0270  0.0278  0.0267  0.0270  0.0267  0.0272  0.0267  0.0259
  0.0265  0.0265  0.0265  0.0261  0.0263  0.0265  0.0265  0.0265  0.0265  0.0265  0.0264  0.0264
  0.0269  0.0270  0.0277  0.0260  0.0267  0.0265  0.0268  0.0268  0.0266  0.0265  0.0264  0.0274
  0.0279  0.0281  0.0299  0.0288  0.0296  0.0286  0.0275  0.0279  0.0271  0.0274  0.0265  0.0289
  0.0296  0.0297  0.0330  0.0343  0.0347  0.0351  0.0286  0.0297  0.0279  0.0291  0.0269  0.0305
niter,ni,del,rscale     6    3    5.0000    1.2000
parameters
    4.5575  -12.9133    6.9439   -7.5517  -28.9962  -23.7811
    7.4308   -0.0015   -6.0756   32.3731    5.1352  -43.6523
eta,q 0.97406 10.78199
  0.0287  0.0284  0.0285  0.0310  0.0305  0.0325  0.0281  0.0296  0.0276  0.0297  0.0269  0.0285
  0.0272  0.0268  0.0269  0.0288  0.0283  0.0295  0.0270  0.0277  0.0267  0.0278  0.0264  0.0269
  0.0262  0.0260  0.0260  0.0270  0.0266  0.0271  0.0263  0.0264  0.0262  0.0265  0.0261  0.0261
  0.0258  0.0258  0.0258  0.0258  0.0258  0.0259  0.0260  0.0260  0.0260  0.0260  0.0260  0.0260
  0.0261  0.0263  0.0266  0.0253  0.0259  0.0261  0.0261  0.0264  0.0262  0.0263  0.0261  0.0265
  0.0270  0.0273  0.0283  0.0273  0.0283  0.0295  0.0268  0.0277  0.0267  0.0274  0.0264  0.0276
  0.0285  0.0288  0.0309  0.0322  0.0335  0.0360  0.0279  0.0295  0.0276  0.0294  0.0270  0.0291
niter,ni,del,rscale     5    3    5.0000    1.2000
parameters
    4.5862  -12.9986    6.8353   -7.4673  -29.0950  -23.9674
    7.4547    0.0337   -6.0826   32.3658    5.0778  -43.7814
eta,q 0.97403 10.77732
  0.0287  0.0286  0.0293  0.0311  0.0311  0.0330  0.0280  0.0296  0.0277  0.0296  0.0269  0.0289
  0.0272  0.0269  0.0276  0.0289  0.0288  0.0299  0.0269  0.0277  0.0267  0.0277  0.0264  0.0272
  0.0263  0.0261  0.0264  0.0272  0.0270  0.0274  0.0263  0.0264  0.0261  0.0264  0.0261  0.0262
  0.0259  0.0259  0.0259  0.0259  0.0259  0.0259  0.0260  0.0260  0.0260  0.0260  0.0260  0.0260
  0.0262  0.0264  0.0263  0.0255  0.0258  0.0259  0.0262  0.0264  0.0262  0.0263  0.0261  0.0264
  0.0271  0.0274  0.0277  0.0276  0.0277  0.0287  0.0269  0.0277  0.0267  0.0276  0.0264  0.0274
  0.0286  0.0287  0.0299  0.0323  0.0325  0.0351  0.0280  0.0295  0.0276  0.0296  0.0270  0.0289
niter,ni,del,rscale     4    3    5.0000    1.2000
parameters
    4.5889  -13.0199    6.8052   -7.4504  -29.1018  -24.0134
    7.4659    0.0441   -6.0800   32.3550    5.0740  -43.8093
eta,q 0.97403 10.77663
  0.0287  0.0287  0.0295  0.0311  0.0312  0.0331  0.0280  0.0296  0.0277  0.0296  0.0269  0.0290
  0.0272  0.0271  0.0277  0.0289  0.0288  0.0300  0.0269  0.0277  0.0267  0.0277  0.0265  0.0272
  0.0263  0.0262  0.0265  0.0272  0.0270  0.0274  0.0263  0.0264  0.0262  0.0264  0.0261  0.0262
  0.0260  0.0260  0.0260  0.0260  0.0260  0.0260  0.0260  0.0260  0.0260  0.0260  0.0260  0.0260
  0.0263  0.0264  0.0263  0.0256  0.0258  0.0259  0.0262  0.0264  0.0262  0.0264  0.0261  0.0264
  0.0272  0.0273  0.0276  0.0277  0.0276  0.0285  0.0269  0.0277  0.0267  0.0276  0.0264  0.0274
  0.0287  0.0286  0.0298  0.0324  0.0324  0.0349  0.0281  0.0295  0.0276  0.0296  0.0270  0.0289
registration optimization eta report
parameter search radius
    2.4000    2.7600    3.6501   10.9503   10.9503   10.9503
    7.2000    7.2000    7.2000    8.2800    7.2000   10.9503
100000*second partial in parameter space
       48.       35.       27.        5.        5.        7.
        4.        7.        3.        5.        2.        2.
  0.0287  0.0287  0.0295  0.0311  0.0312  0.0331  0.0280  0.0296  0.0277  0.0296  0.0269  0.0290
  0.0272  0.0271  0.0277  0.0289  0.0288  0.0300  0.0269  0.0277  0.0267  0.0277  0.0265  0.0272
  0.0263  0.0262  0.0265  0.0272  0.0270  0.0274  0.0263  0.0264  0.0262  0.0264  0.0261  0.0262
  0.0260  0.0260  0.0260  0.0260  0.0260  0.0260  0.0260  0.0260  0.0260  0.0260  0.0260  0.0260
  0.0263  0.0264  0.0263  0.0256  0.0258  0.0259  0.0262  0.0264  0.0262  0.0264  0.0261  0.0264
  0.0272  0.0273  0.0276  0.0277  0.0276  0.0285  0.0269  0.0277  0.0267  0.0276  0.0264  0.0274
  0.0287  0.0286  0.0298  0.0324  0.0324  0.0349  0.0281  0.0295  0.0276  0.0296  0.0270  0.0289
    4.5889  -13.0199    6.8052   -7.4504  -29.1018  -24.0134
    7.4659    0.0441   -6.0800   32.3550    5.0740  -43.8093
eta,q 0.97403 10.77663

---------------------------------------------------------------------
imgreg_4dfp /opt/freesurfer/average/711-2C_as_mni_average_305 /opt/freesurfer/average/711-2B_as_mni_average_305_mask talsrcimg_g11 none talsrcimg_to_711-2C_as_mni_average_305_t4 2311
---------------------------------------------------------------------

freesurfer imgreg_4dfp.c
/opt/freesurfer/average/711-2C_as_mni_average_305.4dfp.img
       256       256       256         1
  1.000000  1.000000  1.000000
orientation T byte_order littleendian
Reading image: /opt/freesurfer/average/711-2C_as_mni_average_305.4dfp.img
dimensions:      256       256       256
mmppix:       1.0000   -1.0000   -1.0000
center:     128.0000 -129.0000 -129.0000
/opt/freesurfer/average/711-2B_as_mni_average_305_mask.4dfp.img
       256       256       256         1
  1.000000  1.000000  1.000000
orientation T byte_order littleendian
Reading mask: /opt/freesurfer/average/711-2B_as_mni_average_305_mask.4dfp.img (2306576 pixels)
talsrcimg_g11.4dfp.img
       256       256       256         1
  1.000000  1.000000  1.000000
orientation T byte_order littleendian
Reading image: talsrcimg_g11.4dfp.img
dimensions:      256       256       256
mmppix:       1.0000   -1.0000   -1.0000
center:     128.0000 -129.0000 -129.0000
fimgreg.f
image alignment mode   2311 decimal      907 hex
parameters
    4.5889  -13.0199    6.8052   -7.4504  -29.1018  -24.0134
    7.4659    0.0441   -6.0800   32.3550    5.0740  -43.8093
eta,q 0.97403 10.77664
niter,ni,del,rscale     5    3    5.0000    0.8000
parameter  4 -0.574579 -> -0.500000 qaram    1.1500
parameters
    4.6001  -13.1353    6.8817   -4.6904  -27.2220  -22.2114
    7.0555   -0.0615   -6.5398   32.9795    4.0113  -42.9417
eta,q 0.97498 11.04860
  0.0272  0.0268  0.0268  0.0277  0.0271  0.0275  0.0261  0.0271  0.0258  0.0268  0.0254  0.0260
  0.0265  0.0263  0.0264  0.0270  0.0264  0.0265  0.0255  0.0259  0.0254  0.0260  0.0252  0.0255
  0.0261  0.0260  0.0261  0.0264  0.0259  0.0258  0.0252  0.0253  0.0251  0.0254  0.0250  0.0252
  0.0260  0.0260  0.0260  0.0260  0.0255  0.0253  0.0251  0.0251  0.0251  0.0251  0.0251  0.0250
  0.0261  0.0261  0.0260  0.0256  0.0253  0.0251  0.0253  0.0254  0.0253  0.0251  0.0252  0.0250
  0.0265  0.0265  0.0262  0.0255  0.0254  0.0252  0.0258  0.0261  0.0256  0.0255  0.0255  0.0252
  0.0272  0.0270  0.0266  0.0259  0.0257  0.0256  0.0266  0.0271  0.0262  0.0261  0.0259  0.0255
niter,ni,del,rscale     5    3    5.0000    0.8000
parameters
    4.4360  -12.9904    6.8988   -5.5809  -27.3600  -22.0849
    7.3107   -0.1094   -6.5404   32.9983    4.2018  -43.1809
eta,q 0.97491 11.02275
  0.0263  0.0263  0.0258  0.0265  0.0262  0.0267  0.0263  0.0270  0.0260  0.0264  0.0257  0.0257
  0.0255  0.0256  0.0254  0.0258  0.0257  0.0259  0.0257  0.0258  0.0255  0.0257  0.0254  0.0253
  0.0251  0.0252  0.0251  0.0253  0.0253  0.0254  0.0253  0.0253  0.0252  0.0253  0.0252  0.0251
  0.0250  0.0250  0.0250  0.0250  0.0251  0.0251  0.0251  0.0251  0.0251  0.0251  0.0251  0.0251
  0.0253  0.0251  0.0251  0.0253  0.0252  0.0251  0.0252  0.0254  0.0252  0.0252  0.0251  0.0252
  0.0259  0.0254  0.0253  0.0265  0.0256  0.0254  0.0255  0.0260  0.0255  0.0257  0.0253  0.0254
  0.0270  0.0259  0.0258  0.0286  0.0265  0.0268  0.0261  0.0270  0.0260  0.0264  0.0256  0.0258
niter,ni,del,rscale     4    3    5.0000    0.7000
parameters
    4.5119  -12.9893    6.9454   -5.5674  -27.2978  -21.9857
    7.3299   -0.1822   -6.5467   33.0533    4.1234  -43.1363
eta,q 0.97492 11.02899
  0.0263  0.0259  0.0257  0.0265  0.0260  0.0262  0.0259  0.0265  0.0257  0.0261  0.0255  0.0256
  0.0257  0.0254  0.0254  0.0259  0.0255  0.0257  0.0255  0.0257  0.0254  0.0256  0.0253  0.0253
  0.0253  0.0252  0.0252  0.0254  0.0253  0.0253  0.0252  0.0252  0.0251  0.0252  0.0251  0.0251
  0.0251  0.0251  0.0251  0.0251  0.0251  0.0251  0.0251  0.0251  0.0251  0.0251  0.0251  0.0251
  0.0252  0.0252  0.0251  0.0250  0.0251  0.0251  0.0252  0.0253  0.0251  0.0252  0.0251  0.0251
  0.0255  0.0254  0.0253  0.0256  0.0254  0.0254  0.0254  0.0258  0.0254  0.0255  0.0253  0.0253
  0.0261  0.0259  0.0257  0.0269  0.0260  0.0263  0.0260  0.0266  0.0257  0.0261  0.0255  0.0255
niter,ni,del,rscale     3    3    5.0000    0.6000
parameters
    4.5129  -12.9826    6.9549   -5.3478  -27.1786  -21.8135
    7.2720   -0.2196   -6.6110   33.1178    4.0057  -43.0668
eta,q 0.97497 11.04942
  0.0259  0.0257  0.0255  0.0263  0.0257  0.0259  0.0257  0.0261  0.0255  0.0258  0.0253  0.0254
  0.0254  0.0253  0.0253  0.0258  0.0254  0.0255  0.0253  0.0255  0.0252  0.0254  0.0252  0.0252
  0.0252  0.0251  0.0251  0.0254  0.0252  0.0252  0.0251  0.0251  0.0251  0.0251  0.0251  0.0251
  0.0251  0.0251  0.0251  0.0251  0.0250  0.0250  0.0250  0.0250  0.0250  0.0250  0.0250  0.0250
  0.0252  0.0251  0.0251  0.0250  0.0251  0.0250  0.0251  0.0252  0.0251  0.0251  0.0251  0.0251
  0.0254  0.0253  0.0253  0.0254  0.0252  0.0252  0.0253  0.0256  0.0253  0.0253  0.0252  0.0252
  0.0259  0.0256  0.0255  0.0263  0.0257  0.0259  0.0257  0.0261  0.0255  0.0258  0.0254  0.0254
niter,ni,del,rscale     2    3    5.0000    0.5000
parameters
    4.5012  -12.9812    6.9386   -5.1294  -27.0507  -21.6605
    7.2058   -0.2367   -6.6726   33.1818    3.9178  -43.0245
eta,q 0.97501 11.07010
  0.0256  0.0254  0.0253  0.0259  0.0255  0.0256  0.0254  0.0258  0.0253  0.0255  0.0252  0.0253
  0.0253  0.0252  0.0252  0.0256  0.0253  0.0253  0.0252  0.0253  0.0251  0.0252  0.0251  0.0251
  0.0251  0.0251  0.0251  0.0252  0.0251  0.0251  0.0250  0.0251  0.0250  0.0251  0.0250  0.0250
  0.0250  0.0250  0.0250  0.0250  0.0250  0.0250  0.0250  0.0250  0.0250  0.0250  0.0250  0.0250
  0.0251  0.0251  0.0251  0.0250  0.0250  0.0250  0.0250  0.0251  0.0250  0.0250  0.0250  0.0250
  0.0253  0.0252  0.0252  0.0252  0.0251  0.0251  0.0252  0.0254  0.0252  0.0252  0.0251  0.0251
  0.0256  0.0254  0.0254  0.0259  0.0254  0.0255  0.0255  0.0258  0.0254  0.0255  0.0252  0.0252
niter,ni,del,rscale     1    3    5.0000    0.4000
parameters
    4.4860  -12.9811    6.9199   -4.9301  -26.9464  -21.5101
    7.1583   -0.2348   -6.7150   33.2408    3.8342  -42.9632
eta,q 0.97504 11.08818
  0.0254  0.0253  0.0252  0.0256  0.0253  0.0253  0.0252  0.0255  0.0252  0.0253  0.0251  0.0252
  0.0252  0.0251  0.0251  0.0254  0.0251  0.0252  0.0251  0.0252  0.0251  0.0251  0.0250  0.0250
  0.0250  0.0250  0.0250  0.0251  0.0250  0.0250  0.0250  0.0250  0.0250  0.0250  0.0250  0.0250
  0.0250  0.0250  0.0250  0.0250  0.0250  0.0250  0.0250  0.0250  0.0250  0.0250  0.0250  0.0250
  0.0250  0.0250  0.0250  0.0250  0.0250  0.0250  0.0250  0.0250  0.0250  0.0250  0.0250  0.0250
  0.0252  0.0251  0.0251  0.0251  0.0251  0.0250  0.0251  0.0252  0.0251  0.0251  0.0250  0.0250
  0.0254  0.0252  0.0252  0.0256  0.0253  0.0253  0.0253  0.0255  0.0252  0.0253  0.0251  0.0251
registration optimization eta report
parameter search radius
    0.8000    0.8000    0.8000    2.7600    2.4000    2.4000
    2.4000    2.4000    2.4000    2.4000    2.4000    2.4000
100000*second partial in parameter space
       62.       41.       33.        8.        5.        6.
        5.        9.        4.        6.        3.        3.
  0.0254  0.0253  0.0252  0.0256  0.0253  0.0253  0.0252  0.0255  0.0252  0.0253  0.0251  0.0252
  0.0252  0.0251  0.0251  0.0254  0.0251  0.0252  0.0251  0.0252  0.0251  0.0251  0.0250  0.0250
  0.0250  0.0250  0.0250  0.0251  0.0250  0.0250  0.0250  0.0250  0.0250  0.0250  0.0250  0.0250
  0.0250  0.0250  0.0250  0.0250  0.0250  0.0250  0.0250  0.0250  0.0250  0.0250  0.0250  0.0250
  0.0250  0.0250  0.0250  0.0250  0.0250  0.0250  0.0250  0.0250  0.0250  0.0250  0.0250  0.0250
  0.0252  0.0251  0.0251  0.0251  0.0251  0.0250  0.0251  0.0252  0.0251  0.0251  0.0250  0.0250
  0.0254  0.0252  0.0252  0.0256  0.0253  0.0253  0.0253  0.0255  0.0252  0.0253  0.0251  0.0251
    4.4860  -12.9811    6.9199   -4.9301  -26.9464  -21.5101
    7.1583   -0.2348   -6.7150   33.2408    3.8342  -42.9632
eta,q 0.97504 11.08818

---------------------------------------------------------------------
imgreg_4dfp /opt/freesurfer/average/711-2C_as_mni_average_305 /opt/freesurfer/average/711-2B_as_mni_average_305_mask talsrcimg_g11 none talsrcimg_to_711-2C_as_mni_average_305_t4 2311
---------------------------------------------------------------------

freesurfer imgreg_4dfp.c
/opt/freesurfer/average/711-2C_as_mni_average_305.4dfp.img
       256       256       256         1
  1.000000  1.000000  1.000000
orientation T byte_order littleendian
Reading image: /opt/freesurfer/average/711-2C_as_mni_average_305.4dfp.img
dimensions:      256       256       256
mmppix:       1.0000   -1.0000   -1.0000
center:     128.0000 -129.0000 -129.0000
/opt/freesurfer/average/711-2B_as_mni_average_305_mask.4dfp.img
       256       256       256         1
  1.000000  1.000000  1.000000
orientation T byte_order littleendian
Reading mask: /opt/freesurfer/average/711-2B_as_mni_average_305_mask.4dfp.img (2306576 pixels)
talsrcimg_g11.4dfp.img
       256       256       256         1
  1.000000  1.000000  1.000000
orientation T byte_order littleendian
Reading image: talsrcimg_g11.4dfp.img
dimensions:      256       256       256
mmppix:       1.0000   -1.0000   -1.0000
center:     128.0000 -129.0000 -129.0000
fimgreg.f
image alignment mode   2311 decimal      907 hex
parameters
    4.4860  -12.9811    6.9199   -4.9301  -26.9464  -21.5101
    7.1583   -0.2348   -6.7150   33.2408    3.8342  -42.9632
eta,q 0.97504 11.08819
niter,ni,del,rscale     5    3    5.0000    0.8000
parameters
    4.4433  -12.9692    6.8655   -5.4985  -27.3898  -22.1150
    7.2531   -0.0832   -6.5653   33.0118    4.1797  -43.2532
eta,q 0.97491 11.02486
  0.0265  0.0261  0.0258  0.0263  0.0260  0.0263  0.0262  0.0272  0.0260  0.0263  0.0257  0.0257
  0.0256  0.0254  0.0253  0.0257  0.0255  0.0256  0.0257  0.0260  0.0255  0.0256  0.0254  0.0253
  0.0251  0.0251  0.0250  0.0252  0.0252  0.0252  0.0253  0.0253  0.0252  0.0252  0.0252  0.0251
  0.0250  0.0250  0.0250  0.0250  0.0250  0.0251  0.0251  0.0251  0.0251  0.0251  0.0251  0.0251
  0.0252  0.0251  0.0251  0.0251  0.0251  0.0251  0.0252  0.0253  0.0252  0.0253  0.0251  0.0252
  0.0257  0.0254  0.0254  0.0260  0.0256  0.0259  0.0255  0.0259  0.0254  0.0258  0.0253  0.0254
  0.0267  0.0260  0.0259  0.0276  0.0267  0.0278  0.0262  0.0269  0.0259  0.0265  0.0256  0.0258
niter,ni,del,rscale     4    3    5.0000    0.7000
parameters
    4.5102  -12.9901    6.9351   -5.3281  -27.3209  -22.0245
    7.2800   -0.1476   -6.5871   33.0682    4.0728  -43.1246
eta,q 0.97495 11.03523
  0.0263  0.0258  0.0257  0.0263  0.0259  0.0262  0.0259  0.0265  0.0257  0.0261  0.0255  0.0256
  0.0257  0.0254  0.0254  0.0258  0.0255  0.0256  0.0255  0.0256  0.0253  0.0255  0.0252  0.0253
  0.0253  0.0252  0.0252  0.0254  0.0252  0.0252  0.0252  0.0252  0.0251  0.0252  0.0251  0.0251
  0.0251  0.0251  0.0251  0.0251  0.0251  0.0251  0.0251  0.0250  0.0250  0.0250  0.0250  0.0250
  0.0252  0.0252  0.0251  0.0250  0.0251  0.0250  0.0251  0.0252  0.0251  0.0251  0.0251  0.0251
  0.0255  0.0254  0.0253  0.0254  0.0253  0.0253  0.0254  0.0258  0.0253  0.0255  0.0253  0.0253
  0.0261  0.0259  0.0256  0.0263  0.0260  0.0263  0.0259  0.0266  0.0257  0.0261  0.0255  0.0255
niter,ni,del,rscale     3    3    5.0000    0.6000
parameters
    4.4966  -12.9828    6.9420   -5.1466  -27.1809  -21.8245
    7.2274   -0.1869   -6.6415   33.1305    3.9694  -43.0609
eta,q 0.97500 11.05637
  0.0259  0.0256  0.0255  0.0260  0.0257  0.0259  0.0256  0.0261  0.0255  0.0258  0.0253  0.0254
  0.0254  0.0253  0.0253  0.0256  0.0254  0.0255  0.0253  0.0255  0.0252  0.0254  0.0251  0.0252
  0.0251  0.0251  0.0251  0.0253  0.0251  0.0252  0.0251  0.0251  0.0251  0.0251  0.0250  0.0250
  0.0250  0.0250  0.0250  0.0250  0.0250  0.0250  0.0250  0.0250  0.0250  0.0250  0.0250  0.0250
  0.0251  0.0251  0.0251  0.0250  0.0250  0.0250  0.0251  0.0252  0.0251  0.0251  0.0251  0.0250
  0.0254  0.0253  0.0252  0.0253  0.0252  0.0252  0.0253  0.0255  0.0252  0.0253  0.0252  0.0252
  0.0259  0.0256  0.0255  0.0260  0.0257  0.0258  0.0257  0.0261  0.0255  0.0258  0.0254  0.0254
niter,ni,del,rscale     2    3    5.0000    0.5000
parameters
    4.4840  -12.9786    6.9266   -4.9695  -27.0529  -21.6732
    7.1690   -0.2070   -6.7023   33.1922    3.9019  -43.0173
eta,q 0.97503 11.07547
  0.0256  0.0254  0.0253  0.0257  0.0255  0.0256  0.0254  0.0258  0.0253  0.0255  0.0252  0.0253
  0.0253  0.0252  0.0251  0.0254  0.0252  0.0253  0.0252  0.0253  0.0251  0.0252  0.0251  0.0251
  0.0251  0.0250  0.0250  0.0252  0.0251  0.0251  0.0250  0.0250  0.0250  0.0251  0.0250  0.0250
  0.0250  0.0250  0.0250  0.0250  0.0250  0.0250  0.0250  0.0250  0.0250  0.0250  0.0250  0.0250
  0.0251  0.0250  0.0250  0.0250  0.0250  0.0250  0.0250  0.0251  0.0250  0.0250  0.0250  0.0250
  0.0253  0.0252  0.0251  0.0252  0.0251  0.0251  0.0252  0.0254  0.0251  0.0252  0.0251  0.0251
  0.0256  0.0254  0.0253  0.0257  0.0254  0.0255  0.0255  0.0258  0.0253  0.0255  0.0252  0.0252
niter,ni,del,rscale     1    3    5.0000    0.4000
parameters
    4.4720  -12.9794    6.9083   -4.8188  -26.9422  -21.5140
    7.1221   -0.2152   -6.7463   33.2371    3.8433  -42.9648
eta,q 0.97505 11.09226
  0.0254  0.0252  0.0252  0.0255  0.0253  0.0253  0.0252  0.0255  0.0252  0.0253  0.0251  0.0251
  0.0251  0.0251  0.0251  0.0253  0.0251  0.0251  0.0251  0.0252  0.0251  0.0251  0.0250  0.0250
  0.0250  0.0250  0.0250  0.0251  0.0250  0.0250  0.0250  0.0250  0.0250  0.0250  0.0250  0.0250
  0.0250  0.0250  0.0250  0.0250  0.0250  0.0250  0.0250  0.0250  0.0250  0.0250  0.0250  0.0250
  0.0250  0.0250  0.0250  0.0250  0.0250  0.0250  0.0250  0.0250  0.0250  0.0250  0.0250  0.0250
  0.0252  0.0251  0.0251  0.0251  0.0251  0.0250  0.0251  0.0252  0.0251  0.0251  0.0250  0.0250
  0.0254  0.0252  0.0252  0.0254  0.0253  0.0253  0.0253  0.0255  0.0252  0.0253  0.0251  0.0251
registration optimization eta report
parameter search radius
    0.8000    0.8000    0.8000    2.4000    2.4000    2.4000
    2.4000    2.4000    2.4000    2.4000    2.4000    2.4000
100000*second partial in parameter space
       63.       41.       33.        8.        5.        6.
        5.        9.        4.        6.        3.        3.
  0.0254  0.0252  0.0252  0.0255  0.0253  0.0253  0.0252  0.0255  0.0252  0.0253  0.0251  0.0251
  0.0251  0.0251  0.0251  0.0253  0.0251  0.0251  0.0251  0.0252  0.0251  0.0251  0.0250  0.0250
  0.0250  0.0250  0.0250  0.0251  0.0250  0.0250  0.0250  0.0250  0.0250  0.0250  0.0250  0.0250
  0.0250  0.0250  0.0250  0.0250  0.0250  0.0250  0.0250  0.0250  0.0250  0.0250  0.0250  0.0250
  0.0250  0.0250  0.0250  0.0250  0.0250  0.0250  0.0250  0.0250  0.0250  0.0250  0.0250  0.0250
  0.0252  0.0251  0.0251  0.0251  0.0251  0.0250  0.0251  0.0252  0.0251  0.0251  0.0250  0.0250
  0.0254  0.0252  0.0252  0.0254  0.0253  0.0253  0.0253  0.0255  0.0252  0.0253  0.0251  0.0251
    4.4720  -12.9794    6.9083   -4.8188  -26.9422  -21.5140
    7.1221   -0.2152   -6.7463   33.2371    3.8433  -42.9648
eta,q 0.97505 11.09226

---------------------------------------------------------------------
compute_vox2vox talsrcimg talsrcimg_to_711-2C_as_mni_average_305_t4 /opt/freesurfer/average/711-2C_as_mni_average_305
---------------------------------------------------------------------

freesurfer compute_vox2vox.c
Reading: talsrcimg.4dfp.ifh
Reading: talsrcimg_to_711-2C_as_mni_average_305_t4
Reading: /opt/freesurfer/average/711-2C_as_mni_average_305.4dfp.ifh
Writing: talsrcimg_to_711-2C_as_mni_average_305_t4_vox2vox.txt

start time Thu Mar 12 01:32:24 CET 2026
end		time Thu Mar 12 01:33:56 CET 2026

mpr2mni305 success

avi2talxfm orig_nu.mgz /opt/freesurfer/average/mni305.cor.mgz talsrcimg_to_711-2C_as_mni_average_305_t4_vox2vox.txt transforms/talairach.auto.xfm
avi2talxfm done
mv -f /out/sourcedata/freesurfer/sub-v1s10x0050987_ses-1/mri/talsrcimg_to_711-2C_as_mni_average_305_t4_vox2vox.txt /out/sourcedata/freesurfer/sub-v1s10x0050987_ses-1/mri/transforms/talsrcimg_to_711-2C_as_mni_average_305_t4_vox2vox.txt
lta_convert --src orig_nu.mgz --trg /opt/freesurfer/average/mni305.cor.mgz --inxfm transforms/talairach.auto.xfm --outlta transforms/talairach.auto.xfm.lta --subject fsaverage
7.3.2

--src: orig_nu.mgz src image (geometry).
--trg: /opt/freesurfer/average/mni305.cor.mgz trg image (geometry).
--inmni: transforms/talairach.auto.xfm input MNI/XFM transform.
--outlta: transforms/talairach.auto.xfm.lta output LTA.
--s: fsaverage subject name
 LTA read, type : 1
 1.04347   0.03678  -0.08009  -6.57395;
 0.00132   1.02012   0.59979  -0.86890;
 0.09575  -0.46070   1.08851   15.73048;
 0.00000   0.00000   0.00000   1.00000;
setting subject to fsaverage
Writing  LTA to file transforms/talairach.auto.xfm.lta...
lta_convert successful.
 
 
Started at Thu Mar 12 01:32:24 CET 2026
Ended   at Thu Mar 12 01:33:57 CET 2026
talairach_avi done
