status file for recon-all
Thu Mar 12 07:44:43 CET 2026
#@# Tessellate lh Thu Mar 12 07:44:43 CET 2026
#@# Smooth1 lh Thu Mar 12 07:44:47 CET 2026
#@# Inflation1 lh Thu Mar 12 07:44:50 CET 2026
#@# QSphere lh Thu Mar 12 07:45:03 CET 2026
#@# Fix Topology lh Thu Mar 12 07:46:19 CET 2026
#@# Smooth2 lh Thu Mar 12 07:53:32 CET 2026
#@# Inflation2 lh Thu Mar 12 07:53:35 CET 2026
#@# Curv .H and .K lh Thu Mar 12 07:53:47 CET 2026
#@# Sphere lh Thu Mar 12 07:54:29 CET 2026
#@# Surf Reg lh Thu Mar 12 07:57:01 CET 2026
#@# Jacobian white lh Thu Mar 12 08:00:16 CET 2026
#@# AvgCurv lh Thu Mar 12 08:00:17 CET 2026
#@# Cortical Parc lh Thu Mar 12 08:00:18 CET 2026
#@# white curv lh Thu Mar 12 08:06:03 CET 2026
#@# white area lh Thu Mar 12 08:06:05 CET 2026
#@# pial curv lh Thu Mar 12 08:06:06 CET 2026
#@# pial area lh Thu Mar 12 08:06:07 CET 2026
#@# thickness lh Thu Mar 12 08:06:08 CET 2026
#@# area and vertex vol lh Thu Mar 12 08:06:33 CET 2026
#@# Curvature Stats lh Thu Mar 12 08:06:35 CET 2026
#@# Cortical Parc 2 lh Thu Mar 12 08:06:37 CET 2026
#@# Cortical Parc 3 lh Thu Mar 12 08:06:49 CET 2026
#@# WM/GM Contrast lh Thu Mar 12 08:06:58 CET 2026
recon-all -s sub-v1s10x0051073_ses-1 finished without error at Thu Mar 12 08:07:02 CET 2026



#New# invocation of recon-all 



status file for recon-all
Thu Mar 12 08:33:16 CET 2026
#@# white curv lh Thu Mar 12 08:33:16 CET 2026
#@# white area lh Thu Mar 12 08:33:16 CET 2026
#@# pial curv lh Thu Mar 12 08:33:16 CET 2026
#@# pial area lh Thu Mar 12 08:33:16 CET 2026
#@# thickness lh Thu Mar 12 08:33:16 CET 2026
#@# area and vertex vol lh Thu Mar 12 08:33:16 CET 2026
#@# Parcellation Stats lh Thu Mar 12 08:33:16 CET 2026
#@# Parcellation Stats 2 lh Thu Mar 12 08:33:32 CET 2026
#@# Parcellation Stats 3 lh Thu Mar 12 08:33:40 CET 2026
#@# BA_exvivo Labels lh Thu Mar 12 08:33:47 CET 2026
recon-all -s sub-v1s10x0051073_ses-1 finished without error at Thu Mar 12 08:36:17 CET 2026
