status file for recon-all
Thu Mar 12 04:00:00 CET 2026
#@# Tessellate lh Thu Mar 12 04:00:00 CET 2026
#@# Smooth1 lh Thu Mar 12 04:00:04 CET 2026
#@# Inflation1 lh Thu Mar 12 04:00:07 CET 2026
#@# QSphere lh Thu Mar 12 04:00:19 CET 2026
#@# Fix Topology lh Thu Mar 12 04:01:41 CET 2026
#@# Smooth2 lh Thu Mar 12 04:07:40 CET 2026
#@# Inflation2 lh Thu Mar 12 04:07:43 CET 2026
#@# Curv .H and .K lh Thu Mar 12 04:07:59 CET 2026
#@# Sphere lh Thu Mar 12 04:08:42 CET 2026
#@# Surf Reg lh Thu Mar 12 04:13:36 CET 2026
#@# Jacobian white lh Thu Mar 12 04:18:34 CET 2026
#@# AvgCurv lh Thu Mar 12 04:18:35 CET 2026
#@# Cortical Parc lh Thu Mar 12 04:18:36 CET 2026
#@# white curv lh Thu Mar 12 04:24:30 CET 2026
#@# white area lh Thu Mar 12 04:24:32 CET 2026
#@# pial curv lh Thu Mar 12 04:24:33 CET 2026
#@# pial area lh Thu Mar 12 04:24:35 CET 2026
#@# thickness lh Thu Mar 12 04:24:35 CET 2026
#@# area and vertex vol lh Thu Mar 12 04:25:02 CET 2026
#@# Curvature Stats lh Thu Mar 12 04:25:04 CET 2026
#@# Cortical Parc 2 lh Thu Mar 12 04:25:07 CET 2026
#@# Cortical Parc 3 lh Thu Mar 12 04:25:20 CET 2026
#@# WM/GM Contrast lh Thu Mar 12 04:25:30 CET 2026
recon-all -s sub-v1s10x0051000_ses-1 finished without error at Thu Mar 12 04:25:35 CET 2026



#New# invocation of recon-all 



status file for recon-all
Thu Mar 12 04:57:43 CET 2026
#@# white curv lh Thu Mar 12 04:57:43 CET 2026
#@# white area lh Thu Mar 12 04:57:43 CET 2026
#@# pial curv lh Thu Mar 12 04:57:43 CET 2026
#@# pial area lh Thu Mar 12 04:57:43 CET 2026
#@# thickness lh Thu Mar 12 04:57:43 CET 2026
#@# area and vertex vol lh Thu Mar 12 04:57:43 CET 2026
#@# Parcellation Stats lh Thu Mar 12 04:57:43 CET 2026
#@# Parcellation Stats 2 lh Thu Mar 12 04:58:01 CET 2026
#@# Parcellation Stats 3 lh Thu Mar 12 04:58:09 CET 2026
#@# BA_exvivo Labels lh Thu Mar 12 04:58:18 CET 2026
recon-all -s sub-v1s10x0051000_ses-1 finished without error at Thu Mar 12 05:01:04 CET 2026
